[2025-02-06T09:34:28.189+0000] {local_task_job_runner.py:123} INFO - ::group::Pre task execution logs
[2025-02-06T09:34:28.211+0000] {taskinstance.py:2613} INFO - Dependencies all met for dep_context=non-requeueable deps ti=<TaskInstance: my_first_dag.task_2 scheduled__2025-01-01T03:45:30+00:00 [queued]>
[2025-02-06T09:34:28.233+0000] {taskinstance.py:2613} INFO - Dependencies all met for dep_context=requeueable deps ti=<TaskInstance: my_first_dag.task_2 scheduled__2025-01-01T03:45:30+00:00 [queued]>
[2025-02-06T09:34:28.235+0000] {taskinstance.py:2866} INFO - Starting attempt 1 of 1
[2025-02-06T09:34:28.275+0000] {taskinstance.py:2889} INFO - Executing <Task(PythonOperator): task_2> on 2025-01-01 03:45:30+00:00
[2025-02-06T09:34:28.281+0000] {standard_task_runner.py:72} INFO - Started process 610 to run task
[2025-02-06T09:34:28.283+0000] {standard_task_runner.py:104} INFO - Running: ['airflow', 'tasks', 'run', 'my_first_dag', 'task_2', 'scheduled__2025-01-01T03:45:30+00:00', '--job-id', '998', '--raw', '--subdir', 'DAGS_FOLDER/first_dag.py', '--cfg-path', '/tmp/tmp1o8xduzq']
[2025-02-06T09:34:28.284+0000] {standard_task_runner.py:105} INFO - Job 998: Subtask task_2
[2025-02-06T09:34:28.364+0000] {task_command.py:467} INFO - Running <TaskInstance: my_first_dag.task_2 scheduled__2025-01-01T03:45:30+00:00 [running]> on host 25879eaf192c
[2025-02-06T09:34:28.475+0000] {taskinstance.py:3132} INFO - Exporting env vars: AIRFLOW_CTX_DAG_OWNER='airflow' AIRFLOW_CTX_DAG_ID='my_first_dag' AIRFLOW_CTX_TASK_ID='task_2' AIRFLOW_CTX_EXECUTION_DATE='2025-01-01T03:45:30+00:00' AIRFLOW_CTX_TRY_NUMBER='1' AIRFLOW_CTX_DAG_RUN_ID='scheduled__2025-01-01T03:45:30+00:00'
[2025-02-06T09:34:28.476+0000] {logging_mixin.py:190} INFO - Task instance is in running state
[2025-02-06T09:34:28.477+0000] {logging_mixin.py:190} INFO -  Previous state of the Task instance: queued
[2025-02-06T09:34:28.478+0000] {logging_mixin.py:190} INFO - Current task name:task_2 state:running start_date:2025-02-06 09:34:28.212143+00:00
[2025-02-06T09:34:28.478+0000] {logging_mixin.py:190} INFO - Dag name:my_first_dag and current dag run status:running
[2025-02-06T09:34:28.479+0000] {taskinstance.py:731} INFO - ::endgroup::
[2025-02-06T09:34:28.480+0000] {logging_mixin.py:190} INFO - Hello World
[2025-02-06T09:34:28.481+0000] {python.py:240} INFO - Done. Returned value was: None
[2025-02-06T09:34:28.492+0000] {taskinstance.py:340} INFO - ::group::Post task execution logs
[2025-02-06T09:34:28.493+0000] {taskinstance.py:352} INFO - Marking task as SUCCESS. dag_id=my_first_dag, task_id=task_2, run_id=scheduled__2025-01-01T03:45:30+00:00, execution_date=20250101T034530, start_date=20250206T093428, end_date=20250206T093428
[2025-02-06T09:34:28.533+0000] {logging_mixin.py:190} INFO - Task instance in success state
[2025-02-06T09:34:28.534+0000] {logging_mixin.py:190} INFO -  Previous state of the Task instance: running
[2025-02-06T09:34:28.534+0000] {logging_mixin.py:190} INFO - Dag name:my_first_dag queued_at:2025-02-06 09:28:48.720291+00:00
[2025-02-06T09:34:28.534+0000] {logging_mixin.py:190} INFO - Task hostname:25879eaf192c operator:PythonOperator
[2025-02-06T09:34:28.578+0000] {local_task_job_runner.py:266} INFO - Task exited with return code 0
[2025-02-06T09:34:28.611+0000] {taskinstance.py:3895} INFO - 1 downstream tasks scheduled from follow-on schedule check
[2025-02-06T09:34:28.622+0000] {local_task_job_runner.py:245} INFO - ::endgroup::
