[2025-02-06T10:18:15.599+0000] {local_task_job_runner.py:123} INFO - ::group::Pre task execution logs
[2025-02-06T10:18:15.616+0000] {taskinstance.py:2613} INFO - Dependencies all met for dep_context=non-requeueable deps ti=<TaskInstance: my_first_dag.first_task scheduled__2025-01-01T05:58:00+00:00 [queued]>
[2025-02-06T10:18:15.640+0000] {taskinstance.py:2613} INFO - Dependencies all met for dep_context=requeueable deps ti=<TaskInstance: my_first_dag.first_task scheduled__2025-01-01T05:58:00+00:00 [queued]>
[2025-02-06T10:18:15.641+0000] {taskinstance.py:2866} INFO - Starting attempt 1 of 1
[2025-02-06T10:18:15.682+0000] {taskinstance.py:2889} INFO - Executing <Task(PythonOperator): first_task> on 2025-01-01 05:58:00+00:00
[2025-02-06T10:18:15.686+0000] {standard_task_runner.py:72} INFO - Started process 3304 to run task
[2025-02-06T10:18:15.689+0000] {standard_task_runner.py:104} INFO - Running: ['airflow', 'tasks', 'run', 'my_first_dag', 'first_task', 'scheduled__2025-01-01T05:58:00+00:00', '--job-id', '1891', '--raw', '--subdir', 'DAGS_FOLDER/first_dag.py', '--cfg-path', '/tmp/tmp_sza7pb7']
[2025-02-06T10:18:15.690+0000] {standard_task_runner.py:105} INFO - Job 1891: Subtask first_task
[2025-02-06T10:18:15.770+0000] {task_command.py:467} INFO - Running <TaskInstance: my_first_dag.first_task scheduled__2025-01-01T05:58:00+00:00 [running]> on host 1f20f9aee2e1
[2025-02-06T10:18:15.895+0000] {taskinstance.py:3132} INFO - Exporting env vars: AIRFLOW_CTX_DAG_OWNER='airflow' AIRFLOW_CTX_DAG_ID='my_first_dag' AIRFLOW_CTX_TASK_ID='first_task' AIRFLOW_CTX_EXECUTION_DATE='2025-01-01T05:58:00+00:00' AIRFLOW_CTX_TRY_NUMBER='1' AIRFLOW_CTX_DAG_RUN_ID='scheduled__2025-01-01T05:58:00+00:00'
[2025-02-06T10:18:15.898+0000] {logging_mixin.py:190} INFO - Task instance is in running state
[2025-02-06T10:18:15.898+0000] {logging_mixin.py:190} INFO -  Previous state of the Task instance: queued
[2025-02-06T10:18:15.899+0000] {logging_mixin.py:190} INFO - Current task name:first_task state:running start_date:2025-02-06 10:18:15.617306+00:00
[2025-02-06T10:18:15.899+0000] {logging_mixin.py:190} INFO - Dag name:my_first_dag and current dag run status:running
[2025-02-06T10:18:15.900+0000] {taskinstance.py:731} INFO - ::endgroup::
[2025-02-06T10:18:15.938+0000] {python.py:240} INFO - Done. Returned value was: 680
[2025-02-06T10:18:15.983+0000] {taskinstance.py:340} INFO - ::group::Post task execution logs
[2025-02-06T10:18:15.983+0000] {taskinstance.py:352} INFO - Marking task as SUCCESS. dag_id=my_first_dag, task_id=first_task, run_id=scheduled__2025-01-01T05:58:00+00:00, execution_date=20250101T055800, start_date=20250206T101815, end_date=20250206T101815
[2025-02-06T10:18:16.016+0000] {logging_mixin.py:190} INFO - Task instance in success state
[2025-02-06T10:18:16.017+0000] {logging_mixin.py:190} INFO -  Previous state of the Task instance: running
[2025-02-06T10:18:16.018+0000] {logging_mixin.py:190} INFO - Dag name:my_first_dag queued_at:2025-02-06 10:18:13.831381+00:00
[2025-02-06T10:18:16.018+0000] {logging_mixin.py:190} INFO - Task hostname:1f20f9aee2e1 operator:PythonOperator
[2025-02-06T10:18:16.062+0000] {local_task_job_runner.py:266} INFO - Task exited with return code 0
[2025-02-06T10:18:16.096+0000] {taskinstance.py:3895} INFO - 1 downstream tasks scheduled from follow-on schedule check
[2025-02-06T10:18:16.115+0000] {local_task_job_runner.py:245} INFO - ::endgroup::
