[2025-02-06T10:11:58.254+0000] {local_task_job_runner.py:123} INFO - ::group::Pre task execution logs
[2025-02-06T10:11:58.279+0000] {taskinstance.py:2613} INFO - Dependencies all met for dep_context=non-requeueable deps ti=<TaskInstance: my_first_dag.first_task scheduled__2025-01-01T05:44:00+00:00 [queued]>
[2025-02-06T10:11:58.318+0000] {taskinstance.py:2613} INFO - Dependencies all met for dep_context=requeueable deps ti=<TaskInstance: my_first_dag.first_task scheduled__2025-01-01T05:44:00+00:00 [queued]>
[2025-02-06T10:11:58.319+0000] {taskinstance.py:2866} INFO - Starting attempt 1 of 1
[2025-02-06T10:11:58.358+0000] {taskinstance.py:2889} INFO - Executing <Task(PythonOperator): first_task> on 2025-01-01 05:44:00+00:00
[2025-02-06T10:11:58.363+0000] {standard_task_runner.py:72} INFO - Started process 2649 to run task
[2025-02-06T10:11:58.366+0000] {standard_task_runner.py:104} INFO - Running: ['airflow', 'tasks', 'run', 'my_first_dag', 'first_task', 'scheduled__2025-01-01T05:44:00+00:00', '--job-id', '1748', '--raw', '--subdir', 'DAGS_FOLDER/first_dag.py', '--cfg-path', '/tmp/tmp5jyxwon4']
[2025-02-06T10:11:58.367+0000] {standard_task_runner.py:105} INFO - Job 1748: Subtask first_task
[2025-02-06T10:11:58.465+0000] {task_command.py:467} INFO - Running <TaskInstance: my_first_dag.first_task scheduled__2025-01-01T05:44:00+00:00 [running]> on host 1f20f9aee2e1
[2025-02-06T10:11:58.601+0000] {taskinstance.py:3132} INFO - Exporting env vars: AIRFLOW_CTX_DAG_OWNER='airflow' AIRFLOW_CTX_DAG_ID='my_first_dag' AIRFLOW_CTX_TASK_ID='first_task' AIRFLOW_CTX_EXECUTION_DATE='2025-01-01T05:44:00+00:00' AIRFLOW_CTX_TRY_NUMBER='1' AIRFLOW_CTX_DAG_RUN_ID='scheduled__2025-01-01T05:44:00+00:00'
[2025-02-06T10:11:58.602+0000] {logging_mixin.py:190} INFO - Task instance is in running state
[2025-02-06T10:11:58.602+0000] {logging_mixin.py:190} INFO -  Previous state of the Task instance: queued
[2025-02-06T10:11:58.603+0000] {logging_mixin.py:190} INFO - Current task name:first_task state:running start_date:2025-02-06 10:11:58.280627+00:00
[2025-02-06T10:11:58.603+0000] {logging_mixin.py:190} INFO - Dag name:my_first_dag and current dag run status:running
[2025-02-06T10:11:58.604+0000] {taskinstance.py:731} INFO - ::endgroup::
[2025-02-06T10:11:58.607+0000] {python.py:240} INFO - Done. Returned value was: 362
[2025-02-06T10:11:58.673+0000] {taskinstance.py:340} INFO - ::group::Post task execution logs
[2025-02-06T10:11:58.675+0000] {taskinstance.py:352} INFO - Marking task as SUCCESS. dag_id=my_first_dag, task_id=first_task, run_id=scheduled__2025-01-01T05:44:00+00:00, execution_date=20250101T054400, start_date=20250206T101158, end_date=20250206T101158
[2025-02-06T10:11:58.714+0000] {logging_mixin.py:190} INFO - Task instance in success state
[2025-02-06T10:11:58.715+0000] {logging_mixin.py:190} INFO -  Previous state of the Task instance: running
[2025-02-06T10:11:58.716+0000] {logging_mixin.py:190} INFO - Dag name:my_first_dag queued_at:2025-02-06 10:11:56.539547+00:00
[2025-02-06T10:11:58.716+0000] {logging_mixin.py:190} INFO - Task hostname:1f20f9aee2e1 operator:PythonOperator
[2025-02-06T10:11:58.740+0000] {local_task_job_runner.py:266} INFO - Task exited with return code 0
[2025-02-06T10:11:58.775+0000] {taskinstance.py:3895} INFO - 1 downstream tasks scheduled from follow-on schedule check
[2025-02-06T10:11:58.784+0000] {local_task_job_runner.py:245} INFO - ::endgroup::
