[2025-02-06T12:49:46.290+0000] {local_task_job_runner.py:123} INFO - ::group::Pre task execution logs
[2025-02-06T12:49:46.308+0000] {taskinstance.py:2613} INFO - Dependencies all met for dep_context=non-requeueable deps ti=<TaskInstance: my_training_dag.task_load_data scheduled__2025-01-01T01:39:00+00:00 [queued]>
[2025-02-06T12:49:46.321+0000] {taskinstance.py:2613} INFO - Dependencies all met for dep_context=requeueable deps ti=<TaskInstance: my_training_dag.task_load_data scheduled__2025-01-01T01:39:00+00:00 [queued]>
[2025-02-06T12:49:46.323+0000] {taskinstance.py:2866} INFO - Starting attempt 1 of 1
[2025-02-06T12:49:46.482+0000] {taskinstance.py:2889} INFO - Executing <Task(PythonOperator): task_load_data> on 2025-01-01 01:39:00+00:00
[2025-02-06T12:49:46.487+0000] {standard_task_runner.py:72} INFO - Started process 13792 to run task
[2025-02-06T12:49:46.490+0000] {standard_task_runner.py:104} INFO - Running: ['airflow', 'tasks', 'run', 'my_training_dag', 'task_load_data', 'scheduled__2025-01-01T01:39:00+00:00', '--job-id', '2956', '--raw', '--subdir', 'DAGS_FOLDER/training_dag.py', '--cfg-path', '/tmp/tmpdm4mmrak']
[2025-02-06T12:49:46.491+0000] {standard_task_runner.py:105} INFO - Job 2956: Subtask task_load_data
[2025-02-06T12:49:46.572+0000] {task_command.py:467} INFO - Running <TaskInstance: my_training_dag.task_load_data scheduled__2025-01-01T01:39:00+00:00 [running]> on host f59ce29465b4
[2025-02-06T12:49:46.685+0000] {taskinstance.py:3132} INFO - Exporting env vars: AIRFLOW_CTX_DAG_OWNER='airflow' AIRFLOW_CTX_DAG_ID='my_training_dag' AIRFLOW_CTX_TASK_ID='task_load_data' AIRFLOW_CTX_EXECUTION_DATE='2025-01-01T01:39:00+00:00' AIRFLOW_CTX_TRY_NUMBER='1' AIRFLOW_CTX_DAG_RUN_ID='scheduled__2025-01-01T01:39:00+00:00'
[2025-02-06T12:49:46.687+0000] {logging_mixin.py:190} INFO - Task instance is in running state
[2025-02-06T12:49:46.687+0000] {logging_mixin.py:190} INFO -  Previous state of the Task instance: queued
[2025-02-06T12:49:46.688+0000] {logging_mixin.py:190} INFO - Current task name:task_load_data state:running start_date:2025-02-06 12:49:46.309375+00:00
[2025-02-06T12:49:46.689+0000] {logging_mixin.py:190} INFO - Dag name:my_training_dag and current dag run status:running
[2025-02-06T12:49:46.690+0000] {taskinstance.py:731} INFO - ::endgroup::
[2025-02-06T12:49:46.694+0000] {python.py:240} INFO - Done. Returned value was: None
[2025-02-06T12:49:46.705+0000] {taskinstance.py:340} INFO - ::group::Post task execution logs
[2025-02-06T12:49:46.706+0000] {taskinstance.py:352} INFO - Marking task as SUCCESS. dag_id=my_training_dag, task_id=task_load_data, run_id=scheduled__2025-01-01T01:39:00+00:00, execution_date=20250101T013900, start_date=20250206T124946, end_date=20250206T124946
[2025-02-06T12:49:46.747+0000] {logging_mixin.py:190} INFO - Task instance in success state
[2025-02-06T12:49:46.748+0000] {logging_mixin.py:190} INFO -  Previous state of the Task instance: running
[2025-02-06T12:49:46.748+0000] {logging_mixin.py:190} INFO - Dag name:my_training_dag queued_at:2025-02-06 12:49:43.503987+00:00
[2025-02-06T12:49:46.749+0000] {logging_mixin.py:190} INFO - Task hostname:f59ce29465b4 operator:PythonOperator
[2025-02-06T12:49:46.784+0000] {local_task_job_runner.py:266} INFO - Task exited with return code 0
[2025-02-06T12:49:46.814+0000] {taskinstance.py:3895} INFO - 1 downstream tasks scheduled from follow-on schedule check
[2025-02-06T12:49:46.827+0000] {local_task_job_runner.py:245} INFO - ::endgroup::
