[2025-02-06T13:05:57.547+0000] {local_task_job_runner.py:123} INFO - ::group::Pre task execution logs
[2025-02-06T13:05:57.570+0000] {taskinstance.py:2613} INFO - Dependencies all met for dep_context=non-requeueable deps ti=<TaskInstance: my_first_dag.task_1 scheduled__2025-01-01T07:36:00+00:00 [queued]>
[2025-02-06T13:05:57.601+0000] {taskinstance.py:2613} INFO - Dependencies all met for dep_context=requeueable deps ti=<TaskInstance: my_first_dag.task_1 scheduled__2025-01-01T07:36:00+00:00 [queued]>
[2025-02-06T13:05:57.603+0000] {taskinstance.py:2866} INFO - Starting attempt 1 of 1
[2025-02-06T13:05:57.645+0000] {taskinstance.py:2889} INFO - Executing <Task(PythonOperator): task_1> on 2025-01-01 07:36:00+00:00
[2025-02-06T13:05:57.652+0000] {standard_task_runner.py:72} INFO - Started process 2557 to run task
[2025-02-06T13:05:57.654+0000] {standard_task_runner.py:104} INFO - Running: ['airflow', 'tasks', 'run', 'my_first_dag', 'task_1', 'scheduled__2025-01-01T07:36:00+00:00', '--job-id', '3137', '--raw', '--subdir', 'DAGS_FOLDER/first_dag.py', '--cfg-path', '/tmp/tmps00li0ko']
[2025-02-06T13:05:57.655+0000] {standard_task_runner.py:105} INFO - Job 3137: Subtask task_1
[2025-02-06T13:05:57.729+0000] {task_command.py:467} INFO - Running <TaskInstance: my_first_dag.task_1 scheduled__2025-01-01T07:36:00+00:00 [running]> on host 843ef7911ffd
[2025-02-06T13:05:57.847+0000] {taskinstance.py:3132} INFO - Exporting env vars: AIRFLOW_CTX_DAG_OWNER='airflow' AIRFLOW_CTX_DAG_ID='my_first_dag' AIRFLOW_CTX_TASK_ID='task_1' AIRFLOW_CTX_EXECUTION_DATE='2025-01-01T07:36:00+00:00' AIRFLOW_CTX_TRY_NUMBER='1' AIRFLOW_CTX_DAG_RUN_ID='scheduled__2025-01-01T07:36:00+00:00'
[2025-02-06T13:05:57.849+0000] {logging_mixin.py:190} INFO - Task instance is in running state
[2025-02-06T13:05:57.850+0000] {logging_mixin.py:190} INFO -  Previous state of the Task instance: queued
[2025-02-06T13:05:57.850+0000] {logging_mixin.py:190} INFO - Current task name:task_1 state:running start_date:2025-02-06 13:05:57.570669+00:00
[2025-02-06T13:05:57.850+0000] {logging_mixin.py:190} INFO - Dag name:my_first_dag and current dag run status:running
[2025-02-06T13:05:57.851+0000] {taskinstance.py:731} INFO - ::endgroup::
[2025-02-06T13:05:57.876+0000] {logging_mixin.py:190} INFO - Hello Kevin 970 API_KEY
[2025-02-06T13:05:57.877+0000] {python.py:240} INFO - Done. Returned value was: 970
[2025-02-06T13:05:57.926+0000] {taskinstance.py:340} INFO - ::group::Post task execution logs
[2025-02-06T13:05:57.927+0000] {taskinstance.py:352} INFO - Marking task as SUCCESS. dag_id=my_first_dag, task_id=task_1, run_id=scheduled__2025-01-01T07:36:00+00:00, execution_date=20250101T073600, start_date=20250206T130557, end_date=20250206T130557
[2025-02-06T13:05:58.079+0000] {logging_mixin.py:190} INFO - Task instance in success state
[2025-02-06T13:05:58.080+0000] {logging_mixin.py:190} INFO -  Previous state of the Task instance: running
[2025-02-06T13:05:58.081+0000] {logging_mixin.py:190} INFO - Dag name:my_first_dag queued_at:2025-02-06 13:05:45.555491+00:00
[2025-02-06T13:05:58.081+0000] {logging_mixin.py:190} INFO - Task hostname:843ef7911ffd operator:PythonOperator
[2025-02-06T13:05:58.110+0000] {local_task_job_runner.py:266} INFO - Task exited with return code 0
[2025-02-06T13:05:58.147+0000] {taskinstance.py:3895} INFO - 1 downstream tasks scheduled from follow-on schedule check
[2025-02-06T13:05:58.160+0000] {local_task_job_runner.py:245} INFO - ::endgroup::
