[2025-02-06T12:24:18.804+0000] {local_task_job_runner.py:123} INFO - ::group::Pre task execution logs
[2025-02-06T12:24:18.822+0000] {taskinstance.py:2613} INFO - Dependencies all met for dep_context=non-requeueable deps ti=<TaskInstance: my_first_dag.task_bash scheduled__2025-01-01T06:53:00+00:00 [queued]>
[2025-02-06T12:24:18.847+0000] {taskinstance.py:2613} INFO - Dependencies all met for dep_context=requeueable deps ti=<TaskInstance: my_first_dag.task_bash scheduled__2025-01-01T06:53:00+00:00 [queued]>
[2025-02-06T12:24:18.848+0000] {taskinstance.py:2866} INFO - Starting attempt 1 of 1
[2025-02-06T12:24:18.881+0000] {taskinstance.py:2889} INFO - Executing <Task(BashOperator): task_bash> on 2025-01-01 06:53:00+00:00
[2025-02-06T12:24:18.884+0000] {standard_task_runner.py:72} INFO - Started process 1155 to run task
[2025-02-06T12:24:18.886+0000] {standard_task_runner.py:104} INFO - Running: ['airflow', 'tasks', 'run', 'my_first_dag', 'task_bash', 'scheduled__2025-01-01T06:53:00+00:00', '--job-id', '2476', '--raw', '--subdir', 'DAGS_FOLDER/first_dag.py', '--cfg-path', '/tmp/tmprr8zwlxk']
[2025-02-06T12:24:18.887+0000] {standard_task_runner.py:105} INFO - Job 2476: Subtask task_bash
[2025-02-06T12:24:18.970+0000] {task_command.py:467} INFO - Running <TaskInstance: my_first_dag.task_bash scheduled__2025-01-01T06:53:00+00:00 [running]> on host f59ce29465b4
[2025-02-06T12:24:19.074+0000] {taskinstance.py:3132} INFO - Exporting env vars: AIRFLOW_CTX_DAG_OWNER='airflow' AIRFLOW_CTX_DAG_ID='my_first_dag' AIRFLOW_CTX_TASK_ID='task_bash' AIRFLOW_CTX_EXECUTION_DATE='2025-01-01T06:53:00+00:00' AIRFLOW_CTX_TRY_NUMBER='1' AIRFLOW_CTX_DAG_RUN_ID='scheduled__2025-01-01T06:53:00+00:00'
[2025-02-06T12:24:19.075+0000] {logging_mixin.py:190} INFO - Task instance is in running state
[2025-02-06T12:24:19.076+0000] {logging_mixin.py:190} INFO -  Previous state of the Task instance: queued
[2025-02-06T12:24:19.076+0000] {logging_mixin.py:190} INFO - Current task name:task_bash state:running start_date:2025-02-06 12:24:18.823100+00:00
[2025-02-06T12:24:19.077+0000] {logging_mixin.py:190} INFO - Dag name:my_first_dag and current dag run status:running
[2025-02-06T12:24:19.077+0000] {taskinstance.py:731} INFO - ::endgroup::
[2025-02-06T12:24:19.078+0000] {subprocess.py:78} INFO - Tmp dir root location: /tmp
[2025-02-06T12:24:19.079+0000] {subprocess.py:88} INFO - Running command: ['/usr/bin/bash', '-c', "echo 'Hello World' >> /root/airflow/text.txt"]
[2025-02-06T12:24:19.084+0000] {subprocess.py:99} INFO - Output:
[2025-02-06T12:24:19.087+0000] {subprocess.py:110} INFO - Command exited with return code 0
[2025-02-06T12:24:19.247+0000] {taskinstance.py:340} INFO - ::group::Post task execution logs
[2025-02-06T12:24:19.248+0000] {taskinstance.py:352} INFO - Marking task as SUCCESS. dag_id=my_first_dag, task_id=task_bash, run_id=scheduled__2025-01-01T06:53:00+00:00, execution_date=20250101T065300, start_date=20250206T122418, end_date=20250206T122419
[2025-02-06T12:24:19.283+0000] {logging_mixin.py:190} INFO - Task instance in success state
[2025-02-06T12:24:19.284+0000] {logging_mixin.py:190} INFO -  Previous state of the Task instance: running
[2025-02-06T12:24:19.284+0000] {logging_mixin.py:190} INFO - Dag name:my_first_dag queued_at:2025-02-06 12:24:13.738028+00:00
[2025-02-06T12:24:19.284+0000] {logging_mixin.py:190} INFO - Task hostname:f59ce29465b4 operator:BashOperator
[2025-02-06T12:24:19.301+0000] {local_task_job_runner.py:266} INFO - Task exited with return code 0
[2025-02-06T12:24:19.333+0000] {taskinstance.py:3895} INFO - 1 downstream tasks scheduled from follow-on schedule check
[2025-02-06T12:24:19.343+0000] {local_task_job_runner.py:245} INFO - ::endgroup::
