[2025-02-06T09:38:07.087+0000] {local_task_job_runner.py:123} INFO - ::group::Pre task execution logs
[2025-02-06T09:38:07.106+0000] {taskinstance.py:2613} INFO - Dependencies all met for dep_context=non-requeueable deps ti=<TaskInstance: my_first_dag.task_goodbye scheduled__2025-01-01T04:10:00+00:00 [queued]>
[2025-02-06T09:38:07.129+0000] {taskinstance.py:2613} INFO - Dependencies all met for dep_context=requeueable deps ti=<TaskInstance: my_first_dag.task_goodbye scheduled__2025-01-01T04:10:00+00:00 [queued]>
[2025-02-06T09:38:07.131+0000] {taskinstance.py:2866} INFO - Starting attempt 1 of 1
[2025-02-06T09:38:07.175+0000] {taskinstance.py:2889} INFO - Executing <Task(PythonOperator): task_goodbye> on 2025-01-01 04:10:00+00:00
[2025-02-06T09:38:07.178+0000] {standard_task_runner.py:72} INFO - Started process 1001 to run task
[2025-02-06T09:38:07.180+0000] {standard_task_runner.py:104} INFO - Running: ['airflow', 'tasks', 'run', 'my_first_dag', 'task_goodbye', 'scheduled__2025-01-01T04:10:00+00:00', '--job-id', '1080', '--raw', '--subdir', 'DAGS_FOLDER/first_dag.py', '--cfg-path', '/tmp/tmpc1k93g3j']
[2025-02-06T09:38:07.181+0000] {standard_task_runner.py:105} INFO - Job 1080: Subtask task_goodbye
[2025-02-06T09:38:07.274+0000] {task_command.py:467} INFO - Running <TaskInstance: my_first_dag.task_goodbye scheduled__2025-01-01T04:10:00+00:00 [running]> on host 25879eaf192c
[2025-02-06T09:38:07.395+0000] {taskinstance.py:3132} INFO - Exporting env vars: AIRFLOW_CTX_DAG_OWNER='airflow' AIRFLOW_CTX_DAG_ID='my_first_dag' AIRFLOW_CTX_TASK_ID='task_goodbye' AIRFLOW_CTX_EXECUTION_DATE='2025-01-01T04:10:00+00:00' AIRFLOW_CTX_TRY_NUMBER='1' AIRFLOW_CTX_DAG_RUN_ID='scheduled__2025-01-01T04:10:00+00:00'
[2025-02-06T09:38:07.396+0000] {logging_mixin.py:190} INFO - Task instance is in running state
[2025-02-06T09:38:07.396+0000] {logging_mixin.py:190} INFO -  Previous state of the Task instance: queued
[2025-02-06T09:38:07.397+0000] {logging_mixin.py:190} INFO - Current task name:task_goodbye state:running start_date:2025-02-06 09:38:07.107857+00:00
[2025-02-06T09:38:07.397+0000] {logging_mixin.py:190} INFO - Dag name:my_first_dag and current dag run status:running
[2025-02-06T09:38:07.398+0000] {taskinstance.py:731} INFO - ::endgroup::
[2025-02-06T09:38:07.398+0000] {logging_mixin.py:190} INFO - Goodbye
[2025-02-06T09:38:07.399+0000] {python.py:240} INFO - Done. Returned value was: None
[2025-02-06T09:38:07.412+0000] {taskinstance.py:340} INFO - ::group::Post task execution logs
[2025-02-06T09:38:07.412+0000] {taskinstance.py:352} INFO - Marking task as SUCCESS. dag_id=my_first_dag, task_id=task_goodbye, run_id=scheduled__2025-01-01T04:10:00+00:00, execution_date=20250101T041000, start_date=20250206T093807, end_date=20250206T093807
[2025-02-06T09:38:07.450+0000] {logging_mixin.py:190} INFO - Task instance in success state
[2025-02-06T09:38:07.451+0000] {logging_mixin.py:190} INFO -  Previous state of the Task instance: running
[2025-02-06T09:38:07.451+0000] {logging_mixin.py:190} INFO - Dag name:my_first_dag queued_at:2025-02-06 09:37:33.488506+00:00
[2025-02-06T09:38:07.452+0000] {logging_mixin.py:190} INFO - Task hostname:25879eaf192c operator:PythonOperator
[2025-02-06T09:38:07.474+0000] {local_task_job_runner.py:266} INFO - Task exited with return code 0
[2025-02-06T09:38:07.491+0000] {taskinstance.py:3895} INFO - 0 downstream tasks scheduled from follow-on schedule check
[2025-02-06T09:38:07.493+0000] {local_task_job_runner.py:245} INFO - ::endgroup::
