[2025-02-06T10:11:40.063+0000] {local_task_job_runner.py:123} INFO - ::group::Pre task execution logs
[2025-02-06T10:11:40.098+0000] {taskinstance.py:2613} INFO - Dependencies all met for dep_context=non-requeueable deps ti=<TaskInstance: my_first_dag.task_2 scheduled__2025-01-01T05:42:30+00:00 [queued]>
[2025-02-06T10:11:40.128+0000] {taskinstance.py:2613} INFO - Dependencies all met for dep_context=requeueable deps ti=<TaskInstance: my_first_dag.task_2 scheduled__2025-01-01T05:42:30+00:00 [queued]>
[2025-02-06T10:11:40.130+0000] {taskinstance.py:2866} INFO - Starting attempt 1 of 1
[2025-02-06T10:11:40.166+0000] {taskinstance.py:2889} INFO - Executing <Task(PythonOperator): task_2> on 2025-01-01 05:42:30+00:00
[2025-02-06T10:11:40.170+0000] {standard_task_runner.py:72} INFO - Started process 2619 to run task
[2025-02-06T10:11:40.172+0000] {standard_task_runner.py:104} INFO - Running: ['airflow', 'tasks', 'run', 'my_first_dag', 'task_2', 'scheduled__2025-01-01T05:42:30+00:00', '--job-id', '1742', '--raw', '--subdir', 'DAGS_FOLDER/first_dag.py', '--cfg-path', '/tmp/tmpggmykqf3']
[2025-02-06T10:11:40.173+0000] {standard_task_runner.py:105} INFO - Job 1742: Subtask task_2
[2025-02-06T10:11:40.342+0000] {task_command.py:467} INFO - Running <TaskInstance: my_first_dag.task_2 scheduled__2025-01-01T05:42:30+00:00 [running]> on host 1f20f9aee2e1
[2025-02-06T10:11:40.456+0000] {taskinstance.py:3132} INFO - Exporting env vars: AIRFLOW_CTX_DAG_OWNER='airflow' AIRFLOW_CTX_DAG_ID='my_first_dag' AIRFLOW_CTX_TASK_ID='task_2' AIRFLOW_CTX_EXECUTION_DATE='2025-01-01T05:42:30+00:00' AIRFLOW_CTX_TRY_NUMBER='1' AIRFLOW_CTX_DAG_RUN_ID='scheduled__2025-01-01T05:42:30+00:00'
[2025-02-06T10:11:40.458+0000] {logging_mixin.py:190} INFO - Task instance is in running state
[2025-02-06T10:11:40.459+0000] {logging_mixin.py:190} INFO -  Previous state of the Task instance: queued
[2025-02-06T10:11:40.459+0000] {logging_mixin.py:190} INFO - Current task name:task_2 state:running start_date:2025-02-06 10:11:40.099512+00:00
[2025-02-06T10:11:40.460+0000] {logging_mixin.py:190} INFO - Dag name:my_first_dag and current dag run status:running
[2025-02-06T10:11:40.460+0000] {taskinstance.py:731} INFO - ::endgroup::
[2025-02-06T10:11:40.472+0000] {logging_mixin.py:190} INFO - Hello World 229
[2025-02-06T10:11:40.473+0000] {python.py:240} INFO - Done. Returned value was: 229
[2025-02-06T10:11:40.517+0000] {taskinstance.py:340} INFO - ::group::Post task execution logs
[2025-02-06T10:11:40.518+0000] {taskinstance.py:352} INFO - Marking task as SUCCESS. dag_id=my_first_dag, task_id=task_2, run_id=scheduled__2025-01-01T05:42:30+00:00, execution_date=20250101T054230, start_date=20250206T101140, end_date=20250206T101140
[2025-02-06T10:11:40.558+0000] {logging_mixin.py:190} INFO - Task instance in success state
[2025-02-06T10:11:40.560+0000] {logging_mixin.py:190} INFO -  Previous state of the Task instance: running
[2025-02-06T10:11:40.561+0000] {logging_mixin.py:190} INFO - Dag name:my_first_dag queued_at:2025-02-06 10:11:03.102202+00:00
[2025-02-06T10:11:40.561+0000] {logging_mixin.py:190} INFO - Task hostname:1f20f9aee2e1 operator:PythonOperator
[2025-02-06T10:11:40.587+0000] {local_task_job_runner.py:266} INFO - Task exited with return code 0
[2025-02-06T10:11:40.624+0000] {taskinstance.py:3895} INFO - 1 downstream tasks scheduled from follow-on schedule check
[2025-02-06T10:11:40.635+0000] {local_task_job_runner.py:245} INFO - ::endgroup::
