[2025-02-06T09:17:30.759+0000] {local_task_job_runner.py:123} INFO - ::group::Pre task execution logs
[2025-02-06T09:17:30.781+0000] {taskinstance.py:2613} INFO - Dependencies all met for dep_context=non-requeueable deps ti=<TaskInstance: my_first_dag.task_2 scheduled__2025-01-01T02:51:30+00:00 [queued]>
[2025-02-06T09:17:30.796+0000] {taskinstance.py:2613} INFO - Dependencies all met for dep_context=requeueable deps ti=<TaskInstance: my_first_dag.task_2 scheduled__2025-01-01T02:51:30+00:00 [queued]>
[2025-02-06T09:17:30.797+0000] {taskinstance.py:2866} INFO - Starting attempt 1 of 1
[2025-02-06T09:17:30.834+0000] {taskinstance.py:2889} INFO - Executing <Task(PythonOperator): task_2> on 2025-01-01 02:51:30+00:00
[2025-02-06T09:17:30.838+0000] {standard_task_runner.py:72} INFO - Started process 1503 to run task
[2025-02-06T09:17:30.839+0000] {standard_task_runner.py:104} INFO - Running: ['airflow', 'tasks', 'run', 'my_first_dag', 'task_2', 'scheduled__2025-01-01T02:51:30+00:00', '--job-id', '647', '--raw', '--subdir', 'DAGS_FOLDER/first_dag.py', '--cfg-path', '/tmp/tmpe8o5lalv']
[2025-02-06T09:17:30.840+0000] {standard_task_runner.py:105} INFO - Job 647: Subtask task_2
[2025-02-06T09:17:30.924+0000] {task_command.py:467} INFO - Running <TaskInstance: my_first_dag.task_2 scheduled__2025-01-01T02:51:30+00:00 [running]> on host 6f30e18c7b14
[2025-02-06T09:17:31.019+0000] {taskinstance.py:3132} INFO - Exporting env vars: AIRFLOW_CTX_DAG_OWNER='airflow' AIRFLOW_CTX_DAG_ID='my_first_dag' AIRFLOW_CTX_TASK_ID='task_2' AIRFLOW_CTX_EXECUTION_DATE='2025-01-01T02:51:30+00:00' AIRFLOW_CTX_TRY_NUMBER='1' AIRFLOW_CTX_DAG_RUN_ID='scheduled__2025-01-01T02:51:30+00:00'
[2025-02-06T09:17:31.020+0000] {logging_mixin.py:190} INFO - Task instance is in running state
[2025-02-06T09:17:31.020+0000] {logging_mixin.py:190} INFO -  Previous state of the Task instance: queued
[2025-02-06T09:17:31.021+0000] {logging_mixin.py:190} INFO - Current task name:task_2 state:running start_date:2025-02-06 09:17:30.781483+00:00
[2025-02-06T09:17:31.021+0000] {logging_mixin.py:190} INFO - Dag name:my_first_dag and current dag run status:running
[2025-02-06T09:17:31.022+0000] {taskinstance.py:731} INFO - ::endgroup::
[2025-02-06T09:17:31.022+0000] {logging_mixin.py:190} INFO - Hello World
[2025-02-06T09:17:31.023+0000] {python.py:240} INFO - Done. Returned value was: None
[2025-02-06T09:17:31.033+0000] {taskinstance.py:340} INFO - ::group::Post task execution logs
[2025-02-06T09:17:31.033+0000] {taskinstance.py:352} INFO - Marking task as SUCCESS. dag_id=my_first_dag, task_id=task_2, run_id=scheduled__2025-01-01T02:51:30+00:00, execution_date=20250101T025130, start_date=20250206T091730, end_date=20250206T091731
[2025-02-06T09:17:31.062+0000] {logging_mixin.py:190} INFO - Task instance in success state
[2025-02-06T09:17:31.063+0000] {logging_mixin.py:190} INFO -  Previous state of the Task instance: running
[2025-02-06T09:17:31.063+0000] {logging_mixin.py:190} INFO - Dag name:my_first_dag queued_at:2025-02-06 09:17:26.465087+00:00
[2025-02-06T09:17:31.063+0000] {logging_mixin.py:190} INFO - Task hostname:6f30e18c7b14 operator:PythonOperator
[2025-02-06T09:17:31.093+0000] {local_task_job_runner.py:266} INFO - Task exited with return code 0
[2025-02-06T09:17:31.113+0000] {taskinstance.py:3895} INFO - 0 downstream tasks scheduled from follow-on schedule check
[2025-02-06T09:17:31.115+0000] {local_task_job_runner.py:245} INFO - ::endgroup::
