[2025-02-06T10:16:00.833+0000] {local_task_job_runner.py:123} INFO - ::group::Pre task execution logs
[2025-02-06T10:16:00.850+0000] {taskinstance.py:2613} INFO - Dependencies all met for dep_context=non-requeueable deps ti=<TaskInstance: my_first_dag.first_task scheduled__2025-01-01T05:52:00+00:00 [queued]>
[2025-02-06T10:16:00.874+0000] {taskinstance.py:2613} INFO - Dependencies all met for dep_context=requeueable deps ti=<TaskInstance: my_first_dag.first_task scheduled__2025-01-01T05:52:00+00:00 [queued]>
[2025-02-06T10:16:00.876+0000] {taskinstance.py:2866} INFO - Starting attempt 1 of 1
[2025-02-06T10:16:00.912+0000] {taskinstance.py:2889} INFO - Executing <Task(PythonOperator): first_task> on 2025-01-01 05:52:00+00:00
[2025-02-06T10:16:00.915+0000] {standard_task_runner.py:72} INFO - Started process 3066 to run task
[2025-02-06T10:16:00.918+0000] {standard_task_runner.py:104} INFO - Running: ['airflow', 'tasks', 'run', 'my_first_dag', 'first_task', 'scheduled__2025-01-01T05:52:00+00:00', '--job-id', '1840', '--raw', '--subdir', 'DAGS_FOLDER/first_dag.py', '--cfg-path', '/tmp/tmp8qy57v87']
[2025-02-06T10:16:00.919+0000] {standard_task_runner.py:105} INFO - Job 1840: Subtask first_task
[2025-02-06T10:16:01.003+0000] {task_command.py:467} INFO - Running <TaskInstance: my_first_dag.first_task scheduled__2025-01-01T05:52:00+00:00 [running]> on host 1f20f9aee2e1
[2025-02-06T10:16:01.118+0000] {taskinstance.py:3132} INFO - Exporting env vars: AIRFLOW_CTX_DAG_OWNER='airflow' AIRFLOW_CTX_DAG_ID='my_first_dag' AIRFLOW_CTX_TASK_ID='first_task' AIRFLOW_CTX_EXECUTION_DATE='2025-01-01T05:52:00+00:00' AIRFLOW_CTX_TRY_NUMBER='1' AIRFLOW_CTX_DAG_RUN_ID='scheduled__2025-01-01T05:52:00+00:00'
[2025-02-06T10:16:01.120+0000] {logging_mixin.py:190} INFO - Task instance is in running state
[2025-02-06T10:16:01.120+0000] {logging_mixin.py:190} INFO -  Previous state of the Task instance: queued
[2025-02-06T10:16:01.120+0000] {logging_mixin.py:190} INFO - Current task name:first_task state:running start_date:2025-02-06 10:16:00.851109+00:00
[2025-02-06T10:16:01.121+0000] {logging_mixin.py:190} INFO - Dag name:my_first_dag and current dag run status:running
[2025-02-06T10:16:01.122+0000] {taskinstance.py:731} INFO - ::endgroup::
[2025-02-06T10:16:01.152+0000] {python.py:240} INFO - Done. Returned value was: 717
[2025-02-06T10:16:01.193+0000] {taskinstance.py:340} INFO - ::group::Post task execution logs
[2025-02-06T10:16:01.194+0000] {taskinstance.py:352} INFO - Marking task as SUCCESS. dag_id=my_first_dag, task_id=first_task, run_id=scheduled__2025-01-01T05:52:00+00:00, execution_date=20250101T055200, start_date=20250206T101600, end_date=20250206T101601
[2025-02-06T10:16:01.229+0000] {logging_mixin.py:190} INFO - Task instance in success state
[2025-02-06T10:16:01.230+0000] {logging_mixin.py:190} INFO -  Previous state of the Task instance: running
[2025-02-06T10:16:01.231+0000] {logging_mixin.py:190} INFO - Dag name:my_first_dag queued_at:2025-02-06 10:15:59.105270+00:00
[2025-02-06T10:16:01.231+0000] {logging_mixin.py:190} INFO - Task hostname:1f20f9aee2e1 operator:PythonOperator
[2025-02-06T10:16:01.252+0000] {local_task_job_runner.py:266} INFO - Task exited with return code 0
[2025-02-06T10:16:01.288+0000] {taskinstance.py:3895} INFO - 1 downstream tasks scheduled from follow-on schedule check
[2025-02-06T10:16:01.299+0000] {local_task_job_runner.py:245} INFO - ::endgroup::
