[2025-02-06T12:46:18.559+0000] {local_task_job_runner.py:123} INFO - ::group::Pre task execution logs
[2025-02-06T12:46:18.578+0000] {taskinstance.py:2613} INFO - Dependencies all met for dep_context=non-requeueable deps ti=<TaskInstance: my_first_dag.first_task scheduled__2025-01-01T07:18:30+00:00 [queued]>
[2025-02-06T12:46:18.602+0000] {taskinstance.py:2613} INFO - Dependencies all met for dep_context=requeueable deps ti=<TaskInstance: my_first_dag.first_task scheduled__2025-01-01T07:18:30+00:00 [queued]>
[2025-02-06T12:46:18.602+0000] {taskinstance.py:2866} INFO - Starting attempt 1 of 1
[2025-02-06T12:46:18.634+0000] {taskinstance.py:2889} INFO - Executing <Task(PythonOperator): first_task> on 2025-01-01 07:18:30+00:00
[2025-02-06T12:46:18.638+0000] {standard_task_runner.py:72} INFO - Started process 12268 to run task
[2025-02-06T12:46:18.640+0000] {standard_task_runner.py:104} INFO - Running: ['airflow', 'tasks', 'run', 'my_first_dag', 'first_task', 'scheduled__2025-01-01T07:18:30+00:00', '--job-id', '2900', '--raw', '--subdir', 'DAGS_FOLDER/first_dag.py', '--cfg-path', '/tmp/tmptlva2l77']
[2025-02-06T12:46:18.644+0000] {standard_task_runner.py:105} INFO - Job 2900: Subtask first_task
[2025-02-06T12:46:18.741+0000] {task_command.py:467} INFO - Running <TaskInstance: my_first_dag.first_task scheduled__2025-01-01T07:18:30+00:00 [running]> on host f59ce29465b4
[2025-02-06T12:46:18.872+0000] {taskinstance.py:3132} INFO - Exporting env vars: AIRFLOW_CTX_DAG_OWNER='airflow' AIRFLOW_CTX_DAG_ID='my_first_dag' AIRFLOW_CTX_TASK_ID='first_task' AIRFLOW_CTX_EXECUTION_DATE='2025-01-01T07:18:30+00:00' AIRFLOW_CTX_TRY_NUMBER='1' AIRFLOW_CTX_DAG_RUN_ID='scheduled__2025-01-01T07:18:30+00:00'
[2025-02-06T12:46:18.873+0000] {logging_mixin.py:190} INFO - Task instance is in running state
[2025-02-06T12:46:18.874+0000] {logging_mixin.py:190} INFO -  Previous state of the Task instance: queued
[2025-02-06T12:46:18.874+0000] {logging_mixin.py:190} INFO - Current task name:first_task state:running start_date:2025-02-06 12:46:18.579229+00:00
[2025-02-06T12:46:18.875+0000] {logging_mixin.py:190} INFO - Dag name:my_first_dag and current dag run status:running
[2025-02-06T12:46:18.875+0000] {taskinstance.py:731} INFO - ::endgroup::
[2025-02-06T12:46:18.906+0000] {python.py:240} INFO - Done. Returned value was: 571
[2025-02-06T12:46:18.982+0000] {taskinstance.py:340} INFO - ::group::Post task execution logs
[2025-02-06T12:46:18.983+0000] {taskinstance.py:352} INFO - Marking task as SUCCESS. dag_id=my_first_dag, task_id=first_task, run_id=scheduled__2025-01-01T07:18:30+00:00, execution_date=20250101T071830, start_date=20250206T124618, end_date=20250206T124618
[2025-02-06T12:46:19.014+0000] {logging_mixin.py:190} INFO - Task instance in success state
[2025-02-06T12:46:19.014+0000] {logging_mixin.py:190} INFO -  Previous state of the Task instance: running
[2025-02-06T12:46:19.015+0000] {logging_mixin.py:190} INFO - Dag name:my_first_dag queued_at:2025-02-06 12:46:16.658760+00:00
[2025-02-06T12:46:19.015+0000] {logging_mixin.py:190} INFO - Task hostname:f59ce29465b4 operator:PythonOperator
[2025-02-06T12:46:19.059+0000] {local_task_job_runner.py:266} INFO - Task exited with return code 0
[2025-02-06T12:46:19.105+0000] {taskinstance.py:3895} INFO - 1 downstream tasks scheduled from follow-on schedule check
[2025-02-06T12:46:19.118+0000] {local_task_job_runner.py:245} INFO - ::endgroup::
