[2025-02-06T12:03:37.429+0000] {local_task_job_runner.py:123} INFO - ::group::Pre task execution logs
[2025-02-06T12:03:37.483+0000] {taskinstance.py:2613} INFO - Dependencies all met for dep_context=non-requeueable deps ti=<TaskInstance: my_first_dag.task_1 scheduled__2025-01-01T06:34:30+00:00 [queued]>
[2025-02-06T12:03:37.545+0000] {taskinstance.py:2613} INFO - Dependencies all met for dep_context=requeueable deps ti=<TaskInstance: my_first_dag.task_1 scheduled__2025-01-01T06:34:30+00:00 [queued]>
[2025-02-06T12:03:37.551+0000] {taskinstance.py:2866} INFO - Starting attempt 2 of 1
[2025-02-06T12:03:37.785+0000] {taskinstance.py:2889} INFO - Executing <Task(PythonOperator): task_1> on 2025-01-01 06:34:30+00:00
[2025-02-06T12:03:37.801+0000] {standard_task_runner.py:72} INFO - Started process 128 to run task
[2025-02-06T12:03:37.808+0000] {standard_task_runner.py:104} INFO - Running: ['airflow', 'tasks', 'run', 'my_first_dag', 'task_1', 'scheduled__2025-01-01T06:34:30+00:00', '--job-id', '2275', '--raw', '--subdir', 'DAGS_FOLDER/first_dag.py', '--cfg-path', '/tmp/tmpzemuq36a']
[2025-02-06T12:03:37.812+0000] {standard_task_runner.py:105} INFO - Job 2275: Subtask task_1
[2025-02-06T12:03:37.967+0000] {task_command.py:467} INFO - Running <TaskInstance: my_first_dag.task_1 scheduled__2025-01-01T06:34:30+00:00 [running]> on host 06d5bdc1dd82
[2025-02-06T12:03:38.211+0000] {taskinstance.py:3132} INFO - Exporting env vars: AIRFLOW_CTX_DAG_OWNER='airflow' AIRFLOW_CTX_DAG_ID='my_first_dag' AIRFLOW_CTX_TASK_ID='task_1' AIRFLOW_CTX_EXECUTION_DATE='2025-01-01T06:34:30+00:00' AIRFLOW_CTX_TRY_NUMBER='2' AIRFLOW_CTX_DAG_RUN_ID='scheduled__2025-01-01T06:34:30+00:00'
[2025-02-06T12:03:38.216+0000] {logging_mixin.py:190} INFO - Task instance is in running state
[2025-02-06T12:03:38.219+0000] {logging_mixin.py:190} INFO -  Previous state of the Task instance: queued
[2025-02-06T12:03:38.221+0000] {logging_mixin.py:190} INFO - Current task name:task_1 state:running start_date:2025-02-06 12:03:37.484312+00:00
[2025-02-06T12:03:38.223+0000] {logging_mixin.py:190} INFO - Dag name:my_first_dag and current dag run status:running
[2025-02-06T12:03:38.225+0000] {taskinstance.py:731} INFO - ::endgroup::
[2025-02-06T12:03:38.279+0000] {logging_mixin.py:190} INFO - Hello Kevin 267 API_KEY
[2025-02-06T12:03:38.280+0000] {python.py:240} INFO - Done. Returned value was: 267
[2025-02-06T12:03:38.570+0000] {taskinstance.py:340} INFO - ::group::Post task execution logs
[2025-02-06T12:03:38.571+0000] {taskinstance.py:352} INFO - Marking task as SUCCESS. dag_id=my_first_dag, task_id=task_1, run_id=scheduled__2025-01-01T06:34:30+00:00, execution_date=20250101T063430, start_date=20250206T120337, end_date=20250206T120338
[2025-02-06T12:03:38.613+0000] {logging_mixin.py:190} INFO - Task instance in success state
[2025-02-06T12:03:38.614+0000] {logging_mixin.py:190} INFO -  Previous state of the Task instance: running
[2025-02-06T12:03:38.615+0000] {logging_mixin.py:190} INFO - Dag name:my_first_dag queued_at:2025-02-06 11:59:41.650413+00:00
[2025-02-06T12:03:38.616+0000] {logging_mixin.py:190} INFO - Task hostname:06d5bdc1dd82 operator:PythonOperator
[2025-02-06T12:03:38.634+0000] {local_task_job_runner.py:266} INFO - Task exited with return code 0
[2025-02-06T12:03:38.678+0000] {taskinstance.py:3895} INFO - 1 downstream tasks scheduled from follow-on schedule check
[2025-02-06T12:03:38.694+0000] {local_task_job_runner.py:245} INFO - ::endgroup::
