[2025-02-06T12:31:02.865+0000] {local_task_job_runner.py:123} INFO - ::group::Pre task execution logs
[2025-02-06T12:31:02.883+0000] {taskinstance.py:2613} INFO - Dependencies all met for dep_context=non-requeueable deps ti=<TaskInstance: my_first_dag.first_task scheduled__2025-01-01T07:02:00+00:00 [queued]>
[2025-02-06T12:31:02.909+0000] {taskinstance.py:2613} INFO - Dependencies all met for dep_context=requeueable deps ti=<TaskInstance: my_first_dag.first_task scheduled__2025-01-01T07:02:00+00:00 [queued]>
[2025-02-06T12:31:02.910+0000] {taskinstance.py:2866} INFO - Starting attempt 1 of 1
[2025-02-06T12:31:02.939+0000] {taskinstance.py:2889} INFO - Executing <Task(PythonOperator): first_task> on 2025-01-01 07:02:00+00:00
[2025-02-06T12:31:02.942+0000] {standard_task_runner.py:72} INFO - Started process 4427 to run task
[2025-02-06T12:31:02.944+0000] {standard_task_runner.py:104} INFO - Running: ['airflow', 'tasks', 'run', 'my_first_dag', 'first_task', 'scheduled__2025-01-01T07:02:00+00:00', '--job-id', '2607', '--raw', '--subdir', 'DAGS_FOLDER/first_dag.py', '--cfg-path', '/tmp/tmp3ic9ejwl']
[2025-02-06T12:31:02.945+0000] {standard_task_runner.py:105} INFO - Job 2607: Subtask first_task
[2025-02-06T12:31:03.018+0000] {task_command.py:467} INFO - Running <TaskInstance: my_first_dag.first_task scheduled__2025-01-01T07:02:00+00:00 [running]> on host f59ce29465b4
[2025-02-06T12:31:03.130+0000] {taskinstance.py:3132} INFO - Exporting env vars: AIRFLOW_CTX_DAG_OWNER='airflow' AIRFLOW_CTX_DAG_ID='my_first_dag' AIRFLOW_CTX_TASK_ID='first_task' AIRFLOW_CTX_EXECUTION_DATE='2025-01-01T07:02:00+00:00' AIRFLOW_CTX_TRY_NUMBER='1' AIRFLOW_CTX_DAG_RUN_ID='scheduled__2025-01-01T07:02:00+00:00'
[2025-02-06T12:31:03.131+0000] {logging_mixin.py:190} INFO - Task instance is in running state
[2025-02-06T12:31:03.132+0000] {logging_mixin.py:190} INFO -  Previous state of the Task instance: queued
[2025-02-06T12:31:03.132+0000] {logging_mixin.py:190} INFO - Current task name:first_task state:running start_date:2025-02-06 12:31:02.884177+00:00
[2025-02-06T12:31:03.133+0000] {logging_mixin.py:190} INFO - Dag name:my_first_dag and current dag run status:running
[2025-02-06T12:31:03.133+0000] {taskinstance.py:731} INFO - ::endgroup::
[2025-02-06T12:31:03.163+0000] {python.py:240} INFO - Done. Returned value was: 611
[2025-02-06T12:31:03.207+0000] {taskinstance.py:340} INFO - ::group::Post task execution logs
[2025-02-06T12:31:03.207+0000] {taskinstance.py:352} INFO - Marking task as SUCCESS. dag_id=my_first_dag, task_id=first_task, run_id=scheduled__2025-01-01T07:02:00+00:00, execution_date=20250101T070200, start_date=20250206T123102, end_date=20250206T123103
[2025-02-06T12:31:03.244+0000] {logging_mixin.py:190} INFO - Task instance in success state
[2025-02-06T12:31:03.245+0000] {logging_mixin.py:190} INFO -  Previous state of the Task instance: running
[2025-02-06T12:31:03.245+0000] {logging_mixin.py:190} INFO - Dag name:my_first_dag queued_at:2025-02-06 12:31:00.943717+00:00
[2025-02-06T12:31:03.246+0000] {logging_mixin.py:190} INFO - Task hostname:f59ce29465b4 operator:PythonOperator
[2025-02-06T12:31:03.278+0000] {local_task_job_runner.py:266} INFO - Task exited with return code 0
[2025-02-06T12:31:03.309+0000] {taskinstance.py:3895} INFO - 1 downstream tasks scheduled from follow-on schedule check
[2025-02-06T12:31:03.319+0000] {local_task_job_runner.py:245} INFO - ::endgroup::
