[2025-02-06T12:05:31.900+0000] {local_task_job_runner.py:123} INFO - ::group::Pre task execution logs
[2025-02-06T12:05:31.914+0000] {taskinstance.py:2613} INFO - Dependencies all met for dep_context=non-requeueable deps ti=<TaskInstance: my_first_dag.first_task scheduled__2025-01-01T06:38:00+00:00 [queued]>
[2025-02-06T12:05:31.937+0000] {taskinstance.py:2613} INFO - Dependencies all met for dep_context=requeueable deps ti=<TaskInstance: my_first_dag.first_task scheduled__2025-01-01T06:38:00+00:00 [queued]>
[2025-02-06T12:05:31.938+0000] {taskinstance.py:2866} INFO - Starting attempt 1 of 1
[2025-02-06T12:05:31.970+0000] {taskinstance.py:2889} INFO - Executing <Task(PythonOperator): first_task> on 2025-01-01 06:38:00+00:00
[2025-02-06T12:05:31.973+0000] {standard_task_runner.py:72} INFO - Started process 781 to run task
[2025-02-06T12:05:31.975+0000] {standard_task_runner.py:104} INFO - Running: ['airflow', 'tasks', 'run', 'my_first_dag', 'first_task', 'scheduled__2025-01-01T06:38:00+00:00', '--job-id', '2307', '--raw', '--subdir', 'DAGS_FOLDER/first_dag.py', '--cfg-path', '/tmp/tmpdxcbb26n']
[2025-02-06T12:05:31.976+0000] {standard_task_runner.py:105} INFO - Job 2307: Subtask first_task
[2025-02-06T12:05:32.050+0000] {task_command.py:467} INFO - Running <TaskInstance: my_first_dag.first_task scheduled__2025-01-01T06:38:00+00:00 [running]> on host 06d5bdc1dd82
[2025-02-06T12:05:32.196+0000] {taskinstance.py:3132} INFO - Exporting env vars: AIRFLOW_CTX_DAG_OWNER='airflow' AIRFLOW_CTX_DAG_ID='my_first_dag' AIRFLOW_CTX_TASK_ID='first_task' AIRFLOW_CTX_EXECUTION_DATE='2025-01-01T06:38:00+00:00' AIRFLOW_CTX_TRY_NUMBER='1' AIRFLOW_CTX_DAG_RUN_ID='scheduled__2025-01-01T06:38:00+00:00'
[2025-02-06T12:05:32.197+0000] {logging_mixin.py:190} INFO - Task instance is in running state
[2025-02-06T12:05:32.197+0000] {logging_mixin.py:190} INFO -  Previous state of the Task instance: queued
[2025-02-06T12:05:32.198+0000] {logging_mixin.py:190} INFO - Current task name:first_task state:running start_date:2025-02-06 12:05:31.915473+00:00
[2025-02-06T12:05:32.198+0000] {logging_mixin.py:190} INFO - Dag name:my_first_dag and current dag run status:running
[2025-02-06T12:05:32.198+0000] {taskinstance.py:731} INFO - ::endgroup::
[2025-02-06T12:05:32.231+0000] {python.py:240} INFO - Done. Returned value was: 699
[2025-02-06T12:05:32.266+0000] {taskinstance.py:340} INFO - ::group::Post task execution logs
[2025-02-06T12:05:32.267+0000] {taskinstance.py:352} INFO - Marking task as SUCCESS. dag_id=my_first_dag, task_id=first_task, run_id=scheduled__2025-01-01T06:38:00+00:00, execution_date=20250101T063800, start_date=20250206T120531, end_date=20250206T120532
[2025-02-06T12:05:32.444+0000] {logging_mixin.py:190} INFO - Task instance in success state
[2025-02-06T12:05:32.444+0000] {logging_mixin.py:190} INFO -  Previous state of the Task instance: running
[2025-02-06T12:05:32.445+0000] {logging_mixin.py:190} INFO - Dag name:my_first_dag queued_at:2025-02-06 12:05:30.124139+00:00
[2025-02-06T12:05:32.445+0000] {logging_mixin.py:190} INFO - Task hostname:06d5bdc1dd82 operator:PythonOperator
[2025-02-06T12:05:32.471+0000] {local_task_job_runner.py:266} INFO - Task exited with return code 0
[2025-02-06T12:05:32.514+0000] {taskinstance.py:3895} INFO - 1 downstream tasks scheduled from follow-on schedule check
[2025-02-06T12:05:32.526+0000] {local_task_job_runner.py:245} INFO - ::endgroup::
