[2025-02-06T11:43:36.325+0000] {local_task_job_runner.py:123} INFO - ::group::Pre task execution logs
[2025-02-06T11:43:36.360+0000] {taskinstance.py:2613} INFO - Dependencies all met for dep_context=non-requeueable deps ti=<TaskInstance: my_first_dag.first_task scheduled__2025-01-01T06:20:00+00:00 [queued]>
[2025-02-06T11:43:36.408+0000] {taskinstance.py:2613} INFO - Dependencies all met for dep_context=requeueable deps ti=<TaskInstance: my_first_dag.first_task scheduled__2025-01-01T06:20:00+00:00 [queued]>
[2025-02-06T11:43:36.410+0000] {taskinstance.py:2866} INFO - Starting attempt 1 of 1
[2025-02-06T11:43:36.477+0000] {taskinstance.py:2889} INFO - Executing <Task(PythonOperator): first_task> on 2025-01-01 06:20:00+00:00
[2025-02-06T11:43:36.487+0000] {standard_task_runner.py:72} INFO - Started process 1186 to run task
[2025-02-06T11:43:36.493+0000] {standard_task_runner.py:104} INFO - Running: ['airflow', 'tasks', 'run', 'my_first_dag', 'first_task', 'scheduled__2025-01-01T06:20:00+00:00', '--job-id', '2113', '--raw', '--subdir', 'DAGS_FOLDER/first_dag.py', '--cfg-path', '/tmp/tmpnxmzrdzk']
[2025-02-06T11:43:36.495+0000] {standard_task_runner.py:105} INFO - Job 2113: Subtask first_task
[2025-02-06T11:43:36.753+0000] {task_command.py:467} INFO - Running <TaskInstance: my_first_dag.first_task scheduled__2025-01-01T06:20:00+00:00 [running]> on host 7e1f175e93b1
[2025-02-06T11:43:36.926+0000] {taskinstance.py:3132} INFO - Exporting env vars: AIRFLOW_CTX_DAG_OWNER='airflow' AIRFLOW_CTX_DAG_ID='my_first_dag' AIRFLOW_CTX_TASK_ID='first_task' AIRFLOW_CTX_EXECUTION_DATE='2025-01-01T06:20:00+00:00' AIRFLOW_CTX_TRY_NUMBER='1' AIRFLOW_CTX_DAG_RUN_ID='scheduled__2025-01-01T06:20:00+00:00'
[2025-02-06T11:43:36.928+0000] {logging_mixin.py:190} INFO - Task instance is in running state
[2025-02-06T11:43:36.929+0000] {logging_mixin.py:190} INFO -  Previous state of the Task instance: queued
[2025-02-06T11:43:36.929+0000] {logging_mixin.py:190} INFO - Current task name:first_task state:running start_date:2025-02-06 11:43:36.361671+00:00
[2025-02-06T11:43:36.930+0000] {logging_mixin.py:190} INFO - Dag name:my_first_dag and current dag run status:running
[2025-02-06T11:43:36.930+0000] {taskinstance.py:731} INFO - ::endgroup::
[2025-02-06T11:43:36.977+0000] {python.py:240} INFO - Done. Returned value was: 456
[2025-02-06T11:43:37.043+0000] {taskinstance.py:340} INFO - ::group::Post task execution logs
[2025-02-06T11:43:37.045+0000] {taskinstance.py:352} INFO - Marking task as SUCCESS. dag_id=my_first_dag, task_id=first_task, run_id=scheduled__2025-01-01T06:20:00+00:00, execution_date=20250101T062000, start_date=20250206T114336, end_date=20250206T114337
[2025-02-06T11:43:37.248+0000] {logging_mixin.py:190} INFO - Task instance in success state
[2025-02-06T11:43:37.249+0000] {logging_mixin.py:190} INFO -  Previous state of the Task instance: running
[2025-02-06T11:43:37.250+0000] {logging_mixin.py:190} INFO - Dag name:my_first_dag queued_at:2025-02-06 11:43:32.322583+00:00
[2025-02-06T11:43:37.251+0000] {logging_mixin.py:190} INFO - Task hostname:7e1f175e93b1 operator:PythonOperator
[2025-02-06T11:43:37.272+0000] {local_task_job_runner.py:266} INFO - Task exited with return code 0
[2025-02-06T11:43:37.332+0000] {taskinstance.py:3895} INFO - 1 downstream tasks scheduled from follow-on schedule check
[2025-02-06T11:43:37.346+0000] {local_task_job_runner.py:245} INFO - ::endgroup::
