[2025-02-06T13:06:05.566+0000] {local_task_job_runner.py:123} INFO - ::group::Pre task execution logs
[2025-02-06T13:06:05.584+0000] {taskinstance.py:2613} INFO - Dependencies all met for dep_context=non-requeueable deps ti=<TaskInstance: my_first_dag.first_task scheduled__2025-01-01T07:36:30+00:00 [queued]>
[2025-02-06T13:06:05.611+0000] {taskinstance.py:2613} INFO - Dependencies all met for dep_context=requeueable deps ti=<TaskInstance: my_first_dag.first_task scheduled__2025-01-01T07:36:30+00:00 [queued]>
[2025-02-06T13:06:05.612+0000] {taskinstance.py:2866} INFO - Starting attempt 1 of 1
[2025-02-06T13:06:05.708+0000] {taskinstance.py:2889} INFO - Executing <Task(PythonOperator): first_task> on 2025-01-01 07:36:30+00:00
[2025-02-06T13:06:05.712+0000] {standard_task_runner.py:72} INFO - Started process 2598 to run task
[2025-02-06T13:06:05.715+0000] {standard_task_runner.py:104} INFO - Running: ['airflow', 'tasks', 'run', 'my_first_dag', 'first_task', 'scheduled__2025-01-01T07:36:30+00:00', '--job-id', '3139', '--raw', '--subdir', 'DAGS_FOLDER/first_dag.py', '--cfg-path', '/tmp/tmpmrsljc3c']
[2025-02-06T13:06:05.716+0000] {standard_task_runner.py:105} INFO - Job 3139: Subtask first_task
[2025-02-06T13:06:05.790+0000] {task_command.py:467} INFO - Running <TaskInstance: my_first_dag.first_task scheduled__2025-01-01T07:36:30+00:00 [running]> on host 843ef7911ffd
[2025-02-06T13:06:05.899+0000] {taskinstance.py:3132} INFO - Exporting env vars: AIRFLOW_CTX_DAG_OWNER='airflow' AIRFLOW_CTX_DAG_ID='my_first_dag' AIRFLOW_CTX_TASK_ID='first_task' AIRFLOW_CTX_EXECUTION_DATE='2025-01-01T07:36:30+00:00' AIRFLOW_CTX_TRY_NUMBER='1' AIRFLOW_CTX_DAG_RUN_ID='scheduled__2025-01-01T07:36:30+00:00'
[2025-02-06T13:06:05.900+0000] {logging_mixin.py:190} INFO - Task instance is in running state
[2025-02-06T13:06:05.901+0000] {logging_mixin.py:190} INFO -  Previous state of the Task instance: queued
[2025-02-06T13:06:05.901+0000] {logging_mixin.py:190} INFO - Current task name:first_task state:running start_date:2025-02-06 13:06:05.584626+00:00
[2025-02-06T13:06:05.902+0000] {logging_mixin.py:190} INFO - Dag name:my_first_dag and current dag run status:running
[2025-02-06T13:06:05.902+0000] {taskinstance.py:731} INFO - ::endgroup::
[2025-02-06T13:06:05.934+0000] {python.py:240} INFO - Done. Returned value was: 954
[2025-02-06T13:06:05.971+0000] {taskinstance.py:340} INFO - ::group::Post task execution logs
[2025-02-06T13:06:05.972+0000] {taskinstance.py:352} INFO - Marking task as SUCCESS. dag_id=my_first_dag, task_id=first_task, run_id=scheduled__2025-01-01T07:36:30+00:00, execution_date=20250101T073630, start_date=20250206T130605, end_date=20250206T130605
[2025-02-06T13:06:06.010+0000] {logging_mixin.py:190} INFO - Task instance in success state
[2025-02-06T13:06:06.011+0000] {logging_mixin.py:190} INFO -  Previous state of the Task instance: running
[2025-02-06T13:06:06.012+0000] {logging_mixin.py:190} INFO - Dag name:my_first_dag queued_at:2025-02-06 13:06:03.576623+00:00
[2025-02-06T13:06:06.012+0000] {logging_mixin.py:190} INFO - Task hostname:843ef7911ffd operator:PythonOperator
[2025-02-06T13:06:06.049+0000] {local_task_job_runner.py:266} INFO - Task exited with return code 0
[2025-02-06T13:06:06.096+0000] {taskinstance.py:3895} INFO - 1 downstream tasks scheduled from follow-on schedule check
[2025-02-06T13:06:06.110+0000] {local_task_job_runner.py:245} INFO - ::endgroup::
