[2025-02-06T09:51:29.541+0000] {local_task_job_runner.py:123} INFO - ::group::Pre task execution logs
[2025-02-06T09:51:29.571+0000] {taskinstance.py:2613} INFO - Dependencies all met for dep_context=non-requeueable deps ti=<TaskInstance: my_first_dag.task_2 scheduled__2025-01-01T04:46:30+00:00 [queued]>
[2025-02-06T09:51:29.601+0000] {taskinstance.py:2613} INFO - Dependencies all met for dep_context=requeueable deps ti=<TaskInstance: my_first_dag.task_2 scheduled__2025-01-01T04:46:30+00:00 [queued]>
[2025-02-06T09:51:29.603+0000] {taskinstance.py:2866} INFO - Starting attempt 1 of 1
[2025-02-06T09:51:29.650+0000] {taskinstance.py:2889} INFO - Executing <Task(PythonOperator): task_2> on 2025-01-01 04:46:30+00:00
[2025-02-06T09:51:29.654+0000] {standard_task_runner.py:72} INFO - Started process 541 to run task
[2025-02-06T09:51:29.657+0000] {standard_task_runner.py:104} INFO - Running: ['airflow', 'tasks', 'run', 'my_first_dag', 'task_2', 'scheduled__2025-01-01T04:46:30+00:00', '--job-id', '1324', '--raw', '--subdir', 'DAGS_FOLDER/first_dag.py', '--cfg-path', '/tmp/tmpm7qi25nv']
[2025-02-06T09:51:29.658+0000] {standard_task_runner.py:105} INFO - Job 1324: Subtask task_2
[2025-02-06T09:51:29.756+0000] {task_command.py:467} INFO - Running <TaskInstance: my_first_dag.task_2 scheduled__2025-01-01T04:46:30+00:00 [running]> on host 1f20f9aee2e1
[2025-02-06T09:51:29.893+0000] {taskinstance.py:3132} INFO - Exporting env vars: AIRFLOW_CTX_DAG_OWNER='airflow' AIRFLOW_CTX_DAG_ID='my_first_dag' AIRFLOW_CTX_TASK_ID='task_2' AIRFLOW_CTX_EXECUTION_DATE='2025-01-01T04:46:30+00:00' AIRFLOW_CTX_TRY_NUMBER='1' AIRFLOW_CTX_DAG_RUN_ID='scheduled__2025-01-01T04:46:30+00:00'
[2025-02-06T09:51:29.894+0000] {logging_mixin.py:190} INFO - Task instance is in running state
[2025-02-06T09:51:29.895+0000] {logging_mixin.py:190} INFO -  Previous state of the Task instance: queued
[2025-02-06T09:51:29.895+0000] {logging_mixin.py:190} INFO - Current task name:task_2 state:running start_date:2025-02-06 09:51:29.572434+00:00
[2025-02-06T09:51:29.896+0000] {logging_mixin.py:190} INFO - Dag name:my_first_dag and current dag run status:running
[2025-02-06T09:51:29.896+0000] {taskinstance.py:731} INFO - ::endgroup::
[2025-02-06T09:51:29.897+0000] {logging_mixin.py:190} INFO - Hello World
[2025-02-06T09:51:29.897+0000] {python.py:240} INFO - Done. Returned value was: 42
[2025-02-06T09:51:29.936+0000] {taskinstance.py:340} INFO - ::group::Post task execution logs
[2025-02-06T09:51:29.936+0000] {taskinstance.py:352} INFO - Marking task as SUCCESS. dag_id=my_first_dag, task_id=task_2, run_id=scheduled__2025-01-01T04:46:30+00:00, execution_date=20250101T044630, start_date=20250206T095129, end_date=20250206T095129
[2025-02-06T09:51:29.973+0000] {logging_mixin.py:190} INFO - Task instance in success state
[2025-02-06T09:51:29.974+0000] {logging_mixin.py:190} INFO -  Previous state of the Task instance: running
[2025-02-06T09:51:29.974+0000] {logging_mixin.py:190} INFO - Dag name:my_first_dag queued_at:2025-02-06 09:51:10.858164+00:00
[2025-02-06T09:51:29.975+0000] {logging_mixin.py:190} INFO - Task hostname:1f20f9aee2e1 operator:PythonOperator
[2025-02-06T09:51:29.992+0000] {local_task_job_runner.py:266} INFO - Task exited with return code 0
[2025-02-06T09:51:30.021+0000] {taskinstance.py:3895} INFO - 1 downstream tasks scheduled from follow-on schedule check
[2025-02-06T09:51:30.032+0000] {local_task_job_runner.py:245} INFO - ::endgroup::
