[2025-02-06T12:49:35.012+0000] {local_task_job_runner.py:123} INFO - ::group::Pre task execution logs
[2025-02-06T12:49:35.041+0000] {taskinstance.py:2613} INFO - Dependencies all met for dep_context=non-requeueable deps ti=<TaskInstance: my_training_dag.task_load_data scheduled__2025-01-01T01:38:30+00:00 [queued]>
[2025-02-06T12:49:35.060+0000] {taskinstance.py:2613} INFO - Dependencies all met for dep_context=requeueable deps ti=<TaskInstance: my_training_dag.task_load_data scheduled__2025-01-01T01:38:30+00:00 [queued]>
[2025-02-06T12:49:35.061+0000] {taskinstance.py:2866} INFO - Starting attempt 1 of 1
[2025-02-06T12:49:35.097+0000] {taskinstance.py:2889} INFO - Executing <Task(PythonOperator): task_load_data> on 2025-01-01 01:38:30+00:00
[2025-02-06T12:49:35.102+0000] {standard_task_runner.py:72} INFO - Started process 13704 to run task
[2025-02-06T12:49:35.105+0000] {standard_task_runner.py:104} INFO - Running: ['airflow', 'tasks', 'run', 'my_training_dag', 'task_load_data', 'scheduled__2025-01-01T01:38:30+00:00', '--job-id', '2953', '--raw', '--subdir', 'DAGS_FOLDER/training_dag.py', '--cfg-path', '/tmp/tmpdxplhfhx']
[2025-02-06T12:49:35.106+0000] {standard_task_runner.py:105} INFO - Job 2953: Subtask task_load_data
[2025-02-06T12:49:35.221+0000] {task_command.py:467} INFO - Running <TaskInstance: my_training_dag.task_load_data scheduled__2025-01-01T01:38:30+00:00 [running]> on host f59ce29465b4
[2025-02-06T12:49:35.339+0000] {taskinstance.py:3132} INFO - Exporting env vars: AIRFLOW_CTX_DAG_OWNER='airflow' AIRFLOW_CTX_DAG_ID='my_training_dag' AIRFLOW_CTX_TASK_ID='task_load_data' AIRFLOW_CTX_EXECUTION_DATE='2025-01-01T01:38:30+00:00' AIRFLOW_CTX_TRY_NUMBER='1' AIRFLOW_CTX_DAG_RUN_ID='scheduled__2025-01-01T01:38:30+00:00'
[2025-02-06T12:49:35.341+0000] {logging_mixin.py:190} INFO - Task instance is in running state
[2025-02-06T12:49:35.344+0000] {logging_mixin.py:190} INFO -  Previous state of the Task instance: queued
[2025-02-06T12:49:35.346+0000] {logging_mixin.py:190} INFO - Current task name:task_load_data state:running start_date:2025-02-06 12:49:35.043614+00:00
[2025-02-06T12:49:35.348+0000] {logging_mixin.py:190} INFO - Dag name:my_training_dag and current dag run status:running
[2025-02-06T12:49:35.349+0000] {taskinstance.py:731} INFO - ::endgroup::
[2025-02-06T12:49:35.353+0000] {python.py:240} INFO - Done. Returned value was: None
[2025-02-06T12:49:35.364+0000] {taskinstance.py:340} INFO - ::group::Post task execution logs
[2025-02-06T12:49:35.365+0000] {taskinstance.py:352} INFO - Marking task as SUCCESS. dag_id=my_training_dag, task_id=task_load_data, run_id=scheduled__2025-01-01T01:38:30+00:00, execution_date=20250101T013830, start_date=20250206T124935, end_date=20250206T124935
[2025-02-06T12:49:35.412+0000] {logging_mixin.py:190} INFO - Task instance in success state
[2025-02-06T12:49:35.412+0000] {logging_mixin.py:190} INFO -  Previous state of the Task instance: running
[2025-02-06T12:49:35.413+0000] {logging_mixin.py:190} INFO - Dag name:my_training_dag queued_at:2025-02-06 12:49:32.263606+00:00
[2025-02-06T12:49:35.413+0000] {logging_mixin.py:190} INFO - Task hostname:f59ce29465b4 operator:PythonOperator
[2025-02-06T12:49:35.440+0000] {local_task_job_runner.py:266} INFO - Task exited with return code 0
[2025-02-06T12:49:35.518+0000] {taskinstance.py:3895} INFO - 1 downstream tasks scheduled from follow-on schedule check
[2025-02-06T12:49:35.671+0000] {local_task_job_runner.py:245} INFO - ::endgroup::
