[2025-02-06T10:13:17.742+0000] {local_task_job_runner.py:123} INFO - ::group::Pre task execution logs
[2025-02-06T10:13:17.758+0000] {taskinstance.py:2613} INFO - Dependencies all met for dep_context=non-requeueable deps ti=<TaskInstance: my_first_dag.first_task scheduled__2025-01-01T05:47:00+00:00 [queued]>
[2025-02-06T10:13:17.780+0000] {taskinstance.py:2613} INFO - Dependencies all met for dep_context=requeueable deps ti=<TaskInstance: my_first_dag.first_task scheduled__2025-01-01T05:47:00+00:00 [queued]>
[2025-02-06T10:13:17.781+0000] {taskinstance.py:2866} INFO - Starting attempt 1 of 1
[2025-02-06T10:13:17.820+0000] {taskinstance.py:2889} INFO - Executing <Task(PythonOperator): first_task> on 2025-01-01 05:47:00+00:00
[2025-02-06T10:13:17.824+0000] {standard_task_runner.py:72} INFO - Started process 2786 to run task
[2025-02-06T10:13:17.827+0000] {standard_task_runner.py:104} INFO - Running: ['airflow', 'tasks', 'run', 'my_first_dag', 'first_task', 'scheduled__2025-01-01T05:47:00+00:00', '--job-id', '1778', '--raw', '--subdir', 'DAGS_FOLDER/first_dag.py', '--cfg-path', '/tmp/tmppoto8xzs']
[2025-02-06T10:13:17.828+0000] {standard_task_runner.py:105} INFO - Job 1778: Subtask first_task
[2025-02-06T10:13:17.900+0000] {task_command.py:467} INFO - Running <TaskInstance: my_first_dag.first_task scheduled__2025-01-01T05:47:00+00:00 [running]> on host 1f20f9aee2e1
[2025-02-06T10:13:18.003+0000] {taskinstance.py:3132} INFO - Exporting env vars: AIRFLOW_CTX_DAG_OWNER='airflow' AIRFLOW_CTX_DAG_ID='my_first_dag' AIRFLOW_CTX_TASK_ID='first_task' AIRFLOW_CTX_EXECUTION_DATE='2025-01-01T05:47:00+00:00' AIRFLOW_CTX_TRY_NUMBER='1' AIRFLOW_CTX_DAG_RUN_ID='scheduled__2025-01-01T05:47:00+00:00'
[2025-02-06T10:13:18.005+0000] {logging_mixin.py:190} INFO - Task instance is in running state
[2025-02-06T10:13:18.006+0000] {logging_mixin.py:190} INFO -  Previous state of the Task instance: queued
[2025-02-06T10:13:18.006+0000] {logging_mixin.py:190} INFO - Current task name:first_task state:running start_date:2025-02-06 10:13:17.758770+00:00
[2025-02-06T10:13:18.007+0000] {logging_mixin.py:190} INFO - Dag name:my_first_dag and current dag run status:running
[2025-02-06T10:13:18.007+0000] {taskinstance.py:731} INFO - ::endgroup::
[2025-02-06T10:13:18.008+0000] {python.py:240} INFO - Done. Returned value was: 303
[2025-02-06T10:13:18.050+0000] {taskinstance.py:340} INFO - ::group::Post task execution logs
[2025-02-06T10:13:18.050+0000] {taskinstance.py:352} INFO - Marking task as SUCCESS. dag_id=my_first_dag, task_id=first_task, run_id=scheduled__2025-01-01T05:47:00+00:00, execution_date=20250101T054700, start_date=20250206T101317, end_date=20250206T101318
[2025-02-06T10:13:18.084+0000] {logging_mixin.py:190} INFO - Task instance in success state
[2025-02-06T10:13:18.085+0000] {logging_mixin.py:190} INFO -  Previous state of the Task instance: running
[2025-02-06T10:13:18.085+0000] {logging_mixin.py:190} INFO - Dag name:my_first_dag queued_at:2025-02-06 10:13:16.096100+00:00
[2025-02-06T10:13:18.086+0000] {logging_mixin.py:190} INFO - Task hostname:1f20f9aee2e1 operator:PythonOperator
[2025-02-06T10:13:18.120+0000] {local_task_job_runner.py:266} INFO - Task exited with return code 0
[2025-02-06T10:13:18.156+0000] {taskinstance.py:3895} INFO - 1 downstream tasks scheduled from follow-on schedule check
[2025-02-06T10:13:18.167+0000] {local_task_job_runner.py:245} INFO - ::endgroup::
