[2025-02-06T09:51:05.184+0000] {local_task_job_runner.py:123} INFO - ::group::Pre task execution logs
[2025-02-06T09:51:05.201+0000] {taskinstance.py:2613} INFO - Dependencies all met for dep_context=non-requeueable deps ti=<TaskInstance: my_first_dag.task_goodbye scheduled__2025-01-01T04:45:30+00:00 [queued]>
[2025-02-06T09:51:05.225+0000] {taskinstance.py:2613} INFO - Dependencies all met for dep_context=requeueable deps ti=<TaskInstance: my_first_dag.task_goodbye scheduled__2025-01-01T04:45:30+00:00 [queued]>
[2025-02-06T09:51:05.226+0000] {taskinstance.py:2866} INFO - Starting attempt 1 of 1
[2025-02-06T09:51:05.267+0000] {taskinstance.py:2889} INFO - Executing <Task(PythonOperator): task_goodbye> on 2025-01-01 04:45:30+00:00
[2025-02-06T09:51:05.271+0000] {standard_task_runner.py:72} INFO - Started process 496 to run task
[2025-02-06T09:51:05.273+0000] {standard_task_runner.py:104} INFO - Running: ['airflow', 'tasks', 'run', 'my_first_dag', 'task_goodbye', 'scheduled__2025-01-01T04:45:30+00:00', '--job-id', '1315', '--raw', '--subdir', 'DAGS_FOLDER/first_dag.py', '--cfg-path', '/tmp/tmpospn3ym3']
[2025-02-06T09:51:05.274+0000] {standard_task_runner.py:105} INFO - Job 1315: Subtask task_goodbye
[2025-02-06T09:51:05.365+0000] {task_command.py:467} INFO - Running <TaskInstance: my_first_dag.task_goodbye scheduled__2025-01-01T04:45:30+00:00 [running]> on host 1f20f9aee2e1
[2025-02-06T09:51:05.479+0000] {taskinstance.py:3132} INFO - Exporting env vars: AIRFLOW_CTX_DAG_OWNER='airflow' AIRFLOW_CTX_DAG_ID='my_first_dag' AIRFLOW_CTX_TASK_ID='task_goodbye' AIRFLOW_CTX_EXECUTION_DATE='2025-01-01T04:45:30+00:00' AIRFLOW_CTX_TRY_NUMBER='1' AIRFLOW_CTX_DAG_RUN_ID='scheduled__2025-01-01T04:45:30+00:00'
[2025-02-06T09:51:05.481+0000] {logging_mixin.py:190} INFO - Task instance is in running state
[2025-02-06T09:51:05.482+0000] {logging_mixin.py:190} INFO -  Previous state of the Task instance: queued
[2025-02-06T09:51:05.484+0000] {logging_mixin.py:190} INFO - Current task name:task_goodbye state:running start_date:2025-02-06 09:51:05.202150+00:00
[2025-02-06T09:51:05.487+0000] {logging_mixin.py:190} INFO - Dag name:my_first_dag and current dag run status:running
[2025-02-06T09:51:05.487+0000] {taskinstance.py:731} INFO - ::endgroup::
[2025-02-06T09:51:05.488+0000] {logging_mixin.py:190} INFO - Goodbye
[2025-02-06T09:51:05.501+0000] {logging_mixin.py:190} INFO - None
[2025-02-06T09:51:05.502+0000] {python.py:240} INFO - Done. Returned value was: None
[2025-02-06T09:51:05.511+0000] {taskinstance.py:340} INFO - ::group::Post task execution logs
[2025-02-06T09:51:05.512+0000] {taskinstance.py:352} INFO - Marking task as SUCCESS. dag_id=my_first_dag, task_id=task_goodbye, run_id=scheduled__2025-01-01T04:45:30+00:00, execution_date=20250101T044530, start_date=20250206T095105, end_date=20250206T095105
[2025-02-06T09:51:05.547+0000] {logging_mixin.py:190} INFO - Task instance in success state
[2025-02-06T09:51:05.548+0000] {logging_mixin.py:190} INFO -  Previous state of the Task instance: running
[2025-02-06T09:51:05.548+0000] {logging_mixin.py:190} INFO - Dag name:my_first_dag queued_at:2025-02-06 09:50:41.413725+00:00
[2025-02-06T09:51:05.549+0000] {logging_mixin.py:190} INFO - Task hostname:1f20f9aee2e1 operator:PythonOperator
[2025-02-06T09:51:05.568+0000] {local_task_job_runner.py:266} INFO - Task exited with return code 0
[2025-02-06T09:51:05.587+0000] {taskinstance.py:3895} INFO - 0 downstream tasks scheduled from follow-on schedule check
[2025-02-06T09:51:05.589+0000] {local_task_job_runner.py:245} INFO - ::endgroup::
