[2025-02-06T13:20:33.337+0000] {local_task_job_runner.py:123} INFO - ::group::Pre task execution logs
[2025-02-06T13:20:33.363+0000] {taskinstance.py:2613} INFO - Dependencies all met for dep_context=non-requeueable deps ti=<TaskInstance: my_first_dag.task_2 scheduled__2025-01-01T07:40:30+00:00 [queued]>
[2025-02-06T13:20:33.395+0000] {taskinstance.py:2613} INFO - Dependencies all met for dep_context=requeueable deps ti=<TaskInstance: my_first_dag.task_2 scheduled__2025-01-01T07:40:30+00:00 [queued]>
[2025-02-06T13:20:33.396+0000] {taskinstance.py:2866} INFO - Starting attempt 1 of 1
[2025-02-06T13:20:33.497+0000] {taskinstance.py:2889} INFO - Executing <Task(PythonOperator): task_2> on 2025-01-01 07:40:30+00:00
[2025-02-06T13:20:33.501+0000] {standard_task_runner.py:72} INFO - Started process 767 to run task
[2025-02-06T13:20:33.504+0000] {standard_task_runner.py:104} INFO - Running: ['airflow', 'tasks', 'run', 'my_first_dag', 'task_2', 'scheduled__2025-01-01T07:40:30+00:00', '--job-id', '3186', '--raw', '--subdir', 'DAGS_FOLDER/first_dag.py', '--cfg-path', '/tmp/tmpjbeinbqp']
[2025-02-06T13:20:33.505+0000] {standard_task_runner.py:105} INFO - Job 3186: Subtask task_2
[2025-02-06T13:20:33.583+0000] {task_command.py:467} INFO - Running <TaskInstance: my_first_dag.task_2 scheduled__2025-01-01T07:40:30+00:00 [running]> on host cbb1459a86bc
[2025-02-06T13:20:33.705+0000] {taskinstance.py:3132} INFO - Exporting env vars: AIRFLOW_CTX_DAG_OWNER='airflow' AIRFLOW_CTX_DAG_ID='my_first_dag' AIRFLOW_CTX_TASK_ID='task_2' AIRFLOW_CTX_EXECUTION_DATE='2025-01-01T07:40:30+00:00' AIRFLOW_CTX_TRY_NUMBER='1' AIRFLOW_CTX_DAG_RUN_ID='scheduled__2025-01-01T07:40:30+00:00'
[2025-02-06T13:20:33.706+0000] {logging_mixin.py:190} INFO - Task instance is in running state
[2025-02-06T13:20:33.707+0000] {logging_mixin.py:190} INFO -  Previous state of the Task instance: queued
[2025-02-06T13:20:33.707+0000] {logging_mixin.py:190} INFO - Current task name:task_2 state:running start_date:2025-02-06 13:20:33.364333+00:00
[2025-02-06T13:20:33.708+0000] {logging_mixin.py:190} INFO - Dag name:my_first_dag and current dag run status:running
[2025-02-06T13:20:33.708+0000] {taskinstance.py:731} INFO - ::endgroup::
[2025-02-06T13:20:33.733+0000] {logging_mixin.py:190} INFO - Hello John 264 API_KEY
[2025-02-06T13:20:33.734+0000] {python.py:240} INFO - Done. Returned value was: 264
[2025-02-06T13:20:33.777+0000] {taskinstance.py:340} INFO - ::group::Post task execution logs
[2025-02-06T13:20:33.778+0000] {taskinstance.py:352} INFO - Marking task as SUCCESS. dag_id=my_first_dag, task_id=task_2, run_id=scheduled__2025-01-01T07:40:30+00:00, execution_date=20250101T074030, start_date=20250206T132033, end_date=20250206T132033
[2025-02-06T13:20:33.915+0000] {logging_mixin.py:190} INFO - Task instance in success state
[2025-02-06T13:20:33.916+0000] {logging_mixin.py:190} INFO -  Previous state of the Task instance: running
[2025-02-06T13:20:33.917+0000] {logging_mixin.py:190} INFO - Dag name:my_first_dag queued_at:2025-02-06 13:20:20.706432+00:00
[2025-02-06T13:20:33.917+0000] {logging_mixin.py:190} INFO - Task hostname:cbb1459a86bc operator:PythonOperator
[2025-02-06T13:20:33.958+0000] {local_task_job_runner.py:266} INFO - Task exited with return code 0
[2025-02-06T13:20:33.994+0000] {taskinstance.py:3895} INFO - 1 downstream tasks scheduled from follow-on schedule check
[2025-02-06T13:20:34.008+0000] {local_task_job_runner.py:245} INFO - ::endgroup::
