[2025-02-06T13:31:08.418+0000] {local_task_job_runner.py:123} INFO - ::group::Pre task execution logs
[2025-02-06T13:31:08.435+0000] {taskinstance.py:2613} INFO - Dependencies all met for dep_context=non-requeueable deps ti=<TaskInstance: my_first_dag.first_task scheduled__2025-01-01T07:51:30+00:00 [queued]>
[2025-02-06T13:31:08.463+0000] {taskinstance.py:2613} INFO - Dependencies all met for dep_context=requeueable deps ti=<TaskInstance: my_first_dag.first_task scheduled__2025-01-01T07:51:30+00:00 [queued]>
[2025-02-06T13:31:08.465+0000] {taskinstance.py:2866} INFO - Starting attempt 1 of 1
[2025-02-06T13:31:08.596+0000] {taskinstance.py:2889} INFO - Executing <Task(PythonOperator): first_task> on 2025-01-01 07:51:30+00:00
[2025-02-06T13:31:08.600+0000] {standard_task_runner.py:72} INFO - Started process 5196 to run task
[2025-02-06T13:31:08.602+0000] {standard_task_runner.py:104} INFO - Running: ['airflow', 'tasks', 'run', 'my_first_dag', 'first_task', 'scheduled__2025-01-01T07:51:30+00:00', '--job-id', '3328', '--raw', '--subdir', 'DAGS_FOLDER/first_dag.py', '--cfg-path', '/tmp/tmp3vhgkagr']
[2025-02-06T13:31:08.603+0000] {standard_task_runner.py:105} INFO - Job 3328: Subtask first_task
[2025-02-06T13:31:08.676+0000] {task_command.py:467} INFO - Running <TaskInstance: my_first_dag.first_task scheduled__2025-01-01T07:51:30+00:00 [running]> on host cbb1459a86bc
[2025-02-06T13:31:08.794+0000] {taskinstance.py:3132} INFO - Exporting env vars: AIRFLOW_CTX_DAG_OWNER='airflow' AIRFLOW_CTX_DAG_ID='my_first_dag' AIRFLOW_CTX_TASK_ID='first_task' AIRFLOW_CTX_EXECUTION_DATE='2025-01-01T07:51:30+00:00' AIRFLOW_CTX_TRY_NUMBER='1' AIRFLOW_CTX_DAG_RUN_ID='scheduled__2025-01-01T07:51:30+00:00'
[2025-02-06T13:31:08.795+0000] {logging_mixin.py:190} INFO - Task instance is in running state
[2025-02-06T13:31:08.796+0000] {logging_mixin.py:190} INFO -  Previous state of the Task instance: queued
[2025-02-06T13:31:08.796+0000] {logging_mixin.py:190} INFO - Current task name:first_task state:running start_date:2025-02-06 13:31:08.436367+00:00
[2025-02-06T13:31:08.797+0000] {logging_mixin.py:190} INFO - Dag name:my_first_dag and current dag run status:running
[2025-02-06T13:31:08.797+0000] {taskinstance.py:731} INFO - ::endgroup::
[2025-02-06T13:31:08.832+0000] {python.py:240} INFO - Done. Returned value was: 799
[2025-02-06T13:31:08.875+0000] {taskinstance.py:340} INFO - ::group::Post task execution logs
[2025-02-06T13:31:08.876+0000] {taskinstance.py:352} INFO - Marking task as SUCCESS. dag_id=my_first_dag, task_id=first_task, run_id=scheduled__2025-01-01T07:51:30+00:00, execution_date=20250101T075130, start_date=20250206T133108, end_date=20250206T133108
[2025-02-06T13:31:08.914+0000] {logging_mixin.py:190} INFO - Task instance in success state
[2025-02-06T13:31:08.915+0000] {logging_mixin.py:190} INFO -  Previous state of the Task instance: running
[2025-02-06T13:31:08.915+0000] {logging_mixin.py:190} INFO - Dag name:my_first_dag queued_at:2025-02-06 13:31:06.364110+00:00
[2025-02-06T13:31:08.916+0000] {logging_mixin.py:190} INFO - Task hostname:cbb1459a86bc operator:PythonOperator
[2025-02-06T13:31:08.936+0000] {local_task_job_runner.py:266} INFO - Task exited with return code 0
[2025-02-06T13:31:08.974+0000] {taskinstance.py:3895} INFO - 1 downstream tasks scheduled from follow-on schedule check
[2025-02-06T13:31:08.984+0000] {local_task_job_runner.py:245} INFO - ::endgroup::
