[2025-02-06T12:39:59.761+0000] {local_task_job_runner.py:123} INFO - ::group::Pre task execution logs
[2025-02-06T12:39:59.777+0000] {taskinstance.py:2613} INFO - Dependencies all met for dep_context=non-requeueable deps ti=<TaskInstance: my_first_dag.task_bash scheduled__2025-01-01T07:11:30+00:00 [queued]>
[2025-02-06T12:39:59.804+0000] {taskinstance.py:2613} INFO - Dependencies all met for dep_context=requeueable deps ti=<TaskInstance: my_first_dag.task_bash scheduled__2025-01-01T07:11:30+00:00 [queued]>
[2025-02-06T12:39:59.805+0000] {taskinstance.py:2866} INFO - Starting attempt 1 of 1
[2025-02-06T12:39:59.838+0000] {taskinstance.py:2889} INFO - Executing <Task(BashOperator): task_bash> on 2025-01-01 07:11:30+00:00
[2025-02-06T12:39:59.842+0000] {standard_task_runner.py:72} INFO - Started process 9016 to run task
[2025-02-06T12:39:59.844+0000] {standard_task_runner.py:104} INFO - Running: ['airflow', 'tasks', 'run', 'my_first_dag', 'task_bash', 'scheduled__2025-01-01T07:11:30+00:00', '--job-id', '2779', '--raw', '--subdir', 'DAGS_FOLDER/first_dag.py', '--cfg-path', '/tmp/tmpaokbdw68']
[2025-02-06T12:39:59.844+0000] {standard_task_runner.py:105} INFO - Job 2779: Subtask task_bash
[2025-02-06T12:39:59.956+0000] {task_command.py:467} INFO - Running <TaskInstance: my_first_dag.task_bash scheduled__2025-01-01T07:11:30+00:00 [running]> on host f59ce29465b4
[2025-02-06T12:40:00.065+0000] {taskinstance.py:3132} INFO - Exporting env vars: AIRFLOW_CTX_DAG_OWNER='airflow' AIRFLOW_CTX_DAG_ID='my_first_dag' AIRFLOW_CTX_TASK_ID='task_bash' AIRFLOW_CTX_EXECUTION_DATE='2025-01-01T07:11:30+00:00' AIRFLOW_CTX_TRY_NUMBER='1' AIRFLOW_CTX_DAG_RUN_ID='scheduled__2025-01-01T07:11:30+00:00'
[2025-02-06T12:40:00.066+0000] {logging_mixin.py:190} INFO - Task instance is in running state
[2025-02-06T12:40:00.067+0000] {logging_mixin.py:190} INFO -  Previous state of the Task instance: queued
[2025-02-06T12:40:00.067+0000] {logging_mixin.py:190} INFO - Current task name:task_bash state:running start_date:2025-02-06 12:39:59.778453+00:00
[2025-02-06T12:40:00.068+0000] {logging_mixin.py:190} INFO - Dag name:my_first_dag and current dag run status:running
[2025-02-06T12:40:00.068+0000] {taskinstance.py:731} INFO - ::endgroup::
[2025-02-06T12:40:00.069+0000] {subprocess.py:78} INFO - Tmp dir root location: /tmp
[2025-02-06T12:40:00.070+0000] {subprocess.py:88} INFO - Running command: ['/usr/bin/bash', '-c', "echo 'Hello World' >> /root/airflow/text.txt"]
[2025-02-06T12:40:00.076+0000] {subprocess.py:99} INFO - Output:
[2025-02-06T12:40:00.080+0000] {subprocess.py:110} INFO - Command exited with return code 0
[2025-02-06T12:40:00.133+0000] {taskinstance.py:340} INFO - ::group::Post task execution logs
[2025-02-06T12:40:00.133+0000] {taskinstance.py:352} INFO - Marking task as SUCCESS. dag_id=my_first_dag, task_id=task_bash, run_id=scheduled__2025-01-01T07:11:30+00:00, execution_date=20250101T071130, start_date=20250206T123959, end_date=20250206T124000
[2025-02-06T12:40:00.171+0000] {logging_mixin.py:190} INFO - Task instance in success state
[2025-02-06T12:40:00.171+0000] {logging_mixin.py:190} INFO -  Previous state of the Task instance: running
[2025-02-06T12:40:00.172+0000] {logging_mixin.py:190} INFO - Dag name:my_first_dag queued_at:2025-02-06 12:39:54.915110+00:00
[2025-02-06T12:40:00.172+0000] {logging_mixin.py:190} INFO - Task hostname:f59ce29465b4 operator:BashOperator
[2025-02-06T12:40:00.179+0000] {local_task_job_runner.py:266} INFO - Task exited with return code 0
[2025-02-06T12:40:00.266+0000] {taskinstance.py:3895} INFO - 1 downstream tasks scheduled from follow-on schedule check
[2025-02-06T12:40:00.308+0000] {local_task_job_runner.py:245} INFO - ::endgroup::
