[2025-02-06T11:42:56.687+0000] {local_task_job_runner.py:123} INFO - ::group::Pre task execution logs
[2025-02-06T11:42:56.741+0000] {taskinstance.py:2613} INFO - Dependencies all met for dep_context=non-requeueable deps ti=<TaskInstance: my_first_dag.task_2 scheduled__2025-01-01T06:19:00+00:00 [queued]>
[2025-02-06T11:42:56.796+0000] {taskinstance.py:2613} INFO - Dependencies all met for dep_context=requeueable deps ti=<TaskInstance: my_first_dag.task_2 scheduled__2025-01-01T06:19:00+00:00 [queued]>
[2025-02-06T11:42:56.798+0000] {taskinstance.py:2866} INFO - Starting attempt 1 of 1
[2025-02-06T11:42:56.872+0000] {taskinstance.py:2889} INFO - Executing <Task(PythonOperator): task_2> on 2025-01-01 06:19:00+00:00
[2025-02-06T11:42:56.882+0000] {standard_task_runner.py:72} INFO - Started process 1028 to run task
[2025-02-06T11:42:56.885+0000] {standard_task_runner.py:104} INFO - Running: ['airflow', 'tasks', 'run', 'my_first_dag', 'task_2', 'scheduled__2025-01-01T06:19:00+00:00', '--job-id', '2106', '--raw', '--subdir', 'DAGS_FOLDER/first_dag.py', '--cfg-path', '/tmp/tmph3qv9tbl']
[2025-02-06T11:42:56.887+0000] {standard_task_runner.py:105} INFO - Job 2106: Subtask task_2
[2025-02-06T11:42:57.050+0000] {task_command.py:467} INFO - Running <TaskInstance: my_first_dag.task_2 scheduled__2025-01-01T06:19:00+00:00 [running]> on host 7e1f175e93b1
[2025-02-06T11:42:57.235+0000] {taskinstance.py:3132} INFO - Exporting env vars: AIRFLOW_CTX_DAG_OWNER='airflow' AIRFLOW_CTX_DAG_ID='my_first_dag' AIRFLOW_CTX_TASK_ID='task_2' AIRFLOW_CTX_EXECUTION_DATE='2025-01-01T06:19:00+00:00' AIRFLOW_CTX_TRY_NUMBER='1' AIRFLOW_CTX_DAG_RUN_ID='scheduled__2025-01-01T06:19:00+00:00'
[2025-02-06T11:42:57.237+0000] {logging_mixin.py:190} INFO - Task instance is in running state
[2025-02-06T11:42:57.237+0000] {logging_mixin.py:190} INFO -  Previous state of the Task instance: queued
[2025-02-06T11:42:57.238+0000] {logging_mixin.py:190} INFO - Current task name:task_2 state:running start_date:2025-02-06 11:42:56.742701+00:00
[2025-02-06T11:42:57.239+0000] {logging_mixin.py:190} INFO - Dag name:my_first_dag and current dag run status:running
[2025-02-06T11:42:57.239+0000] {taskinstance.py:731} INFO - ::endgroup::
[2025-02-06T11:42:57.281+0000] {logging_mixin.py:190} INFO - Hello John 197 API_KEY
[2025-02-06T11:42:57.282+0000] {python.py:240} INFO - Done. Returned value was: 197
[2025-02-06T11:42:57.485+0000] {taskinstance.py:340} INFO - ::group::Post task execution logs
[2025-02-06T11:42:57.486+0000] {taskinstance.py:352} INFO - Marking task as SUCCESS. dag_id=my_first_dag, task_id=task_2, run_id=scheduled__2025-01-01T06:19:00+00:00, execution_date=20250101T061900, start_date=20250206T114256, end_date=20250206T114257
[2025-02-06T11:42:57.545+0000] {logging_mixin.py:190} INFO - Task instance in success state
[2025-02-06T11:42:57.547+0000] {logging_mixin.py:190} INFO -  Previous state of the Task instance: running
[2025-02-06T11:42:57.548+0000] {logging_mixin.py:190} INFO - Dag name:my_first_dag queued_at:2025-02-06 11:42:37.998730+00:00
[2025-02-06T11:42:57.549+0000] {logging_mixin.py:190} INFO - Task hostname:7e1f175e93b1 operator:PythonOperator
[2025-02-06T11:42:57.587+0000] {local_task_job_runner.py:266} INFO - Task exited with return code 0
[2025-02-06T11:42:57.658+0000] {taskinstance.py:3895} INFO - 1 downstream tasks scheduled from follow-on schedule check
[2025-02-06T11:42:57.677+0000] {local_task_job_runner.py:245} INFO - ::endgroup::
