[2025-02-06T10:09:00.686+0000] {local_task_job_runner.py:123} INFO - ::group::Pre task execution logs
[2025-02-06T10:09:00.706+0000] {taskinstance.py:2613} INFO - Dependencies all met for dep_context=non-requeueable deps ti=<TaskInstance: my_first_dag.first_task scheduled__2025-01-01T05:37:30+00:00 [queued]>
[2025-02-06T10:09:00.730+0000] {taskinstance.py:2613} INFO - Dependencies all met for dep_context=requeueable deps ti=<TaskInstance: my_first_dag.first_task scheduled__2025-01-01T05:37:30+00:00 [queued]>
[2025-02-06T10:09:00.732+0000] {taskinstance.py:2866} INFO - Starting attempt 1 of 1
[2025-02-06T10:09:00.815+0000] {taskinstance.py:2889} INFO - Executing <Task(PythonOperator): first_task> on 2025-01-01 05:37:30+00:00
[2025-02-06T10:09:00.818+0000] {standard_task_runner.py:72} INFO - Started process 2344 to run task
[2025-02-06T10:09:00.819+0000] {standard_task_runner.py:104} INFO - Running: ['airflow', 'tasks', 'run', 'my_first_dag', 'first_task', 'scheduled__2025-01-01T05:37:30+00:00', '--job-id', '1681', '--raw', '--subdir', 'DAGS_FOLDER/first_dag.py', '--cfg-path', '/tmp/tmphooh94h2']
[2025-02-06T10:09:00.820+0000] {standard_task_runner.py:105} INFO - Job 1681: Subtask first_task
[2025-02-06T10:09:00.901+0000] {task_command.py:467} INFO - Running <TaskInstance: my_first_dag.first_task scheduled__2025-01-01T05:37:30+00:00 [running]> on host 1f20f9aee2e1
[2025-02-06T10:09:01.003+0000] {taskinstance.py:3132} INFO - Exporting env vars: AIRFLOW_CTX_DAG_OWNER='airflow' AIRFLOW_CTX_DAG_ID='my_first_dag' AIRFLOW_CTX_TASK_ID='first_task' AIRFLOW_CTX_EXECUTION_DATE='2025-01-01T05:37:30+00:00' AIRFLOW_CTX_TRY_NUMBER='1' AIRFLOW_CTX_DAG_RUN_ID='scheduled__2025-01-01T05:37:30+00:00'
[2025-02-06T10:09:01.004+0000] {logging_mixin.py:190} INFO - Task instance is in running state
[2025-02-06T10:09:01.005+0000] {logging_mixin.py:190} INFO -  Previous state of the Task instance: queued
[2025-02-06T10:09:01.005+0000] {logging_mixin.py:190} INFO - Current task name:first_task state:running start_date:2025-02-06 10:09:00.707478+00:00
[2025-02-06T10:09:01.005+0000] {logging_mixin.py:190} INFO - Dag name:my_first_dag and current dag run status:running
[2025-02-06T10:09:01.006+0000] {taskinstance.py:731} INFO - ::endgroup::
[2025-02-06T10:09:01.006+0000] {python.py:240} INFO - Done. Returned value was: 849
[2025-02-06T10:09:01.047+0000] {taskinstance.py:340} INFO - ::group::Post task execution logs
[2025-02-06T10:09:01.048+0000] {taskinstance.py:352} INFO - Marking task as SUCCESS. dag_id=my_first_dag, task_id=first_task, run_id=scheduled__2025-01-01T05:37:30+00:00, execution_date=20250101T053730, start_date=20250206T100900, end_date=20250206T100901
[2025-02-06T10:09:01.078+0000] {logging_mixin.py:190} INFO - Task instance in success state
[2025-02-06T10:09:01.079+0000] {logging_mixin.py:190} INFO -  Previous state of the Task instance: running
[2025-02-06T10:09:01.079+0000] {logging_mixin.py:190} INFO - Dag name:my_first_dag queued_at:2025-02-06 10:08:59.104077+00:00
[2025-02-06T10:09:01.080+0000] {logging_mixin.py:190} INFO - Task hostname:1f20f9aee2e1 operator:PythonOperator
[2025-02-06T10:09:01.113+0000] {local_task_job_runner.py:266} INFO - Task exited with return code 0
[2025-02-06T10:09:01.150+0000] {taskinstance.py:3895} INFO - 1 downstream tasks scheduled from follow-on schedule check
[2025-02-06T10:09:01.162+0000] {local_task_job_runner.py:245} INFO - ::endgroup::
