[2025-02-06T12:35:57.788+0000] {local_task_job_runner.py:123} INFO - ::group::Pre task execution logs
[2025-02-06T12:35:57.807+0000] {taskinstance.py:2613} INFO - Dependencies all met for dep_context=non-requeueable deps ti=<TaskInstance: my_first_dag.task_1 scheduled__2025-01-01T07:07:00+00:00 [queued]>
[2025-02-06T12:35:57.831+0000] {taskinstance.py:2613} INFO - Dependencies all met for dep_context=requeueable deps ti=<TaskInstance: my_first_dag.task_1 scheduled__2025-01-01T07:07:00+00:00 [queued]>
[2025-02-06T12:35:57.833+0000] {taskinstance.py:2866} INFO - Starting attempt 1 of 1
[2025-02-06T12:35:57.866+0000] {taskinstance.py:2889} INFO - Executing <Task(PythonOperator): task_1> on 2025-01-01 07:07:00+00:00
[2025-02-06T12:35:57.869+0000] {standard_task_runner.py:72} INFO - Started process 6985 to run task
[2025-02-06T12:35:57.871+0000] {standard_task_runner.py:104} INFO - Running: ['airflow', 'tasks', 'run', 'my_first_dag', 'task_1', 'scheduled__2025-01-01T07:07:00+00:00', '--job-id', '2703', '--raw', '--subdir', 'DAGS_FOLDER/first_dag.py', '--cfg-path', '/tmp/tmpn2bh2111']
[2025-02-06T12:35:57.872+0000] {standard_task_runner.py:105} INFO - Job 2703: Subtask task_1
[2025-02-06T12:35:57.951+0000] {task_command.py:467} INFO - Running <TaskInstance: my_first_dag.task_1 scheduled__2025-01-01T07:07:00+00:00 [running]> on host f59ce29465b4
[2025-02-06T12:35:58.059+0000] {taskinstance.py:3132} INFO - Exporting env vars: AIRFLOW_CTX_DAG_OWNER='airflow' AIRFLOW_CTX_DAG_ID='my_first_dag' AIRFLOW_CTX_TASK_ID='task_1' AIRFLOW_CTX_EXECUTION_DATE='2025-01-01T07:07:00+00:00' AIRFLOW_CTX_TRY_NUMBER='1' AIRFLOW_CTX_DAG_RUN_ID='scheduled__2025-01-01T07:07:00+00:00'
[2025-02-06T12:35:58.060+0000] {logging_mixin.py:190} INFO - Task instance is in running state
[2025-02-06T12:35:58.060+0000] {logging_mixin.py:190} INFO -  Previous state of the Task instance: queued
[2025-02-06T12:35:58.061+0000] {logging_mixin.py:190} INFO - Current task name:task_1 state:running start_date:2025-02-06 12:35:57.808116+00:00
[2025-02-06T12:35:58.061+0000] {logging_mixin.py:190} INFO - Dag name:my_first_dag and current dag run status:running
[2025-02-06T12:35:58.062+0000] {taskinstance.py:731} INFO - ::endgroup::
[2025-02-06T12:35:58.084+0000] {logging_mixin.py:190} INFO - Hello Kevin 296 API_KEY
[2025-02-06T12:35:58.085+0000] {python.py:240} INFO - Done. Returned value was: 296
[2025-02-06T12:35:58.121+0000] {taskinstance.py:340} INFO - ::group::Post task execution logs
[2025-02-06T12:35:58.122+0000] {taskinstance.py:352} INFO - Marking task as SUCCESS. dag_id=my_first_dag, task_id=task_1, run_id=scheduled__2025-01-01T07:07:00+00:00, execution_date=20250101T070700, start_date=20250206T123557, end_date=20250206T123558
[2025-02-06T12:35:58.256+0000] {logging_mixin.py:190} INFO - Task instance in success state
[2025-02-06T12:35:58.256+0000] {logging_mixin.py:190} INFO -  Previous state of the Task instance: running
[2025-02-06T12:35:58.257+0000] {logging_mixin.py:190} INFO - Dag name:my_first_dag queued_at:2025-02-06 12:35:38.118945+00:00
[2025-02-06T12:35:58.257+0000] {logging_mixin.py:190} INFO - Task hostname:f59ce29465b4 operator:PythonOperator
[2025-02-06T12:35:58.287+0000] {local_task_job_runner.py:266} INFO - Task exited with return code 0
[2025-02-06T12:35:58.319+0000] {taskinstance.py:3895} INFO - 1 downstream tasks scheduled from follow-on schedule check
[2025-02-06T12:35:58.331+0000] {local_task_job_runner.py:245} INFO - ::endgroup::
