[2025-02-06T12:08:07.663+0000] {local_task_job_runner.py:123} INFO - ::group::Pre task execution logs
[2025-02-06T12:08:07.681+0000] {taskinstance.py:2613} INFO - Dependencies all met for dep_context=non-requeueable deps ti=<TaskInstance: my_first_dag.first_task scheduled__2025-01-01T06:42:30+00:00 [queued]>
[2025-02-06T12:08:07.706+0000] {taskinstance.py:2613} INFO - Dependencies all met for dep_context=requeueable deps ti=<TaskInstance: my_first_dag.first_task scheduled__2025-01-01T06:42:30+00:00 [queued]>
[2025-02-06T12:08:07.708+0000] {taskinstance.py:2866} INFO - Starting attempt 1 of 1
[2025-02-06T12:08:07.763+0000] {taskinstance.py:2889} INFO - Executing <Task(PythonOperator): first_task> on 2025-01-01 06:42:30+00:00
[2025-02-06T12:08:07.768+0000] {standard_task_runner.py:72} INFO - Started process 1714 to run task
[2025-02-06T12:08:07.770+0000] {standard_task_runner.py:104} INFO - Running: ['airflow', 'tasks', 'run', 'my_first_dag', 'first_task', 'scheduled__2025-01-01T06:42:30+00:00', '--job-id', '2352', '--raw', '--subdir', 'DAGS_FOLDER/first_dag.py', '--cfg-path', '/tmp/tmp5wj3eash']
[2025-02-06T12:08:07.771+0000] {standard_task_runner.py:105} INFO - Job 2352: Subtask first_task
[2025-02-06T12:08:07.843+0000] {task_command.py:467} INFO - Running <TaskInstance: my_first_dag.first_task scheduled__2025-01-01T06:42:30+00:00 [running]> on host 06d5bdc1dd82
[2025-02-06T12:08:07.936+0000] {taskinstance.py:3132} INFO - Exporting env vars: AIRFLOW_CTX_DAG_OWNER='airflow' AIRFLOW_CTX_DAG_ID='my_first_dag' AIRFLOW_CTX_TASK_ID='first_task' AIRFLOW_CTX_EXECUTION_DATE='2025-01-01T06:42:30+00:00' AIRFLOW_CTX_TRY_NUMBER='1' AIRFLOW_CTX_DAG_RUN_ID='scheduled__2025-01-01T06:42:30+00:00'
[2025-02-06T12:08:07.937+0000] {logging_mixin.py:190} INFO - Task instance is in running state
[2025-02-06T12:08:07.938+0000] {logging_mixin.py:190} INFO -  Previous state of the Task instance: queued
[2025-02-06T12:08:07.938+0000] {logging_mixin.py:190} INFO - Current task name:first_task state:running start_date:2025-02-06 12:08:07.681643+00:00
[2025-02-06T12:08:07.939+0000] {logging_mixin.py:190} INFO - Dag name:my_first_dag and current dag run status:running
[2025-02-06T12:08:07.939+0000] {taskinstance.py:731} INFO - ::endgroup::
[2025-02-06T12:08:07.967+0000] {python.py:240} INFO - Done. Returned value was: 881
[2025-02-06T12:08:08.003+0000] {taskinstance.py:340} INFO - ::group::Post task execution logs
[2025-02-06T12:08:08.003+0000] {taskinstance.py:352} INFO - Marking task as SUCCESS. dag_id=my_first_dag, task_id=first_task, run_id=scheduled__2025-01-01T06:42:30+00:00, execution_date=20250101T064230, start_date=20250206T120807, end_date=20250206T120808
[2025-02-06T12:08:08.138+0000] {logging_mixin.py:190} INFO - Task instance in success state
[2025-02-06T12:08:08.139+0000] {logging_mixin.py:190} INFO -  Previous state of the Task instance: running
[2025-02-06T12:08:08.139+0000] {logging_mixin.py:190} INFO - Dag name:my_first_dag queued_at:2025-02-06 12:08:05.961161+00:00
[2025-02-06T12:08:08.140+0000] {logging_mixin.py:190} INFO - Task hostname:06d5bdc1dd82 operator:PythonOperator
[2025-02-06T12:08:08.185+0000] {local_task_job_runner.py:266} INFO - Task exited with return code 0
[2025-02-06T12:08:08.218+0000] {taskinstance.py:3895} INFO - 1 downstream tasks scheduled from follow-on schedule check
[2025-02-06T12:08:08.228+0000] {local_task_job_runner.py:245} INFO - ::endgroup::
