[2025-02-06T13:32:27.632+0000] {local_task_job_runner.py:123} INFO - ::group::Pre task execution logs
[2025-02-06T13:32:27.661+0000] {taskinstance.py:2613} INFO - Dependencies all met for dep_context=non-requeueable deps ti=<TaskInstance: my_first_dag.task_bash scheduled__2025-01-01T07:53:30+00:00 [queued]>
[2025-02-06T13:32:27.710+0000] {taskinstance.py:2613} INFO - Dependencies all met for dep_context=requeueable deps ti=<TaskInstance: my_first_dag.task_bash scheduled__2025-01-01T07:53:30+00:00 [queued]>
[2025-02-06T13:32:27.712+0000] {taskinstance.py:2866} INFO - Starting attempt 1 of 1
[2025-02-06T13:32:27.775+0000] {taskinstance.py:2889} INFO - Executing <Task(BashOperator): task_bash> on 2025-01-01 07:53:30+00:00
[2025-02-06T13:32:27.782+0000] {standard_task_runner.py:72} INFO - Started process 5632 to run task
[2025-02-06T13:32:27.786+0000] {standard_task_runner.py:104} INFO - Running: ['airflow', 'tasks', 'run', 'my_first_dag', 'task_bash', 'scheduled__2025-01-01T07:53:30+00:00', '--job-id', '3347', '--raw', '--subdir', 'DAGS_FOLDER/first_dag.py', '--cfg-path', '/tmp/tmpktjq9inj']
[2025-02-06T13:32:27.787+0000] {standard_task_runner.py:105} INFO - Job 3347: Subtask task_bash
[2025-02-06T13:32:27.927+0000] {task_command.py:467} INFO - Running <TaskInstance: my_first_dag.task_bash scheduled__2025-01-01T07:53:30+00:00 [running]> on host cbb1459a86bc
[2025-02-06T13:32:28.103+0000] {taskinstance.py:3132} INFO - Exporting env vars: AIRFLOW_CTX_DAG_OWNER='airflow' AIRFLOW_CTX_DAG_ID='my_first_dag' AIRFLOW_CTX_TASK_ID='task_bash' AIRFLOW_CTX_EXECUTION_DATE='2025-01-01T07:53:30+00:00' AIRFLOW_CTX_TRY_NUMBER='1' AIRFLOW_CTX_DAG_RUN_ID='scheduled__2025-01-01T07:53:30+00:00'
[2025-02-06T13:32:28.106+0000] {logging_mixin.py:190} INFO - Task instance is in running state
[2025-02-06T13:32:28.107+0000] {logging_mixin.py:190} INFO -  Previous state of the Task instance: queued
[2025-02-06T13:32:28.108+0000] {logging_mixin.py:190} INFO - Current task name:task_bash state:running start_date:2025-02-06 13:32:27.662638+00:00
[2025-02-06T13:32:28.109+0000] {logging_mixin.py:190} INFO - Dag name:my_first_dag and current dag run status:running
[2025-02-06T13:32:28.110+0000] {taskinstance.py:731} INFO - ::endgroup::
[2025-02-06T13:32:28.112+0000] {subprocess.py:78} INFO - Tmp dir root location: /tmp
[2025-02-06T13:32:28.114+0000] {subprocess.py:88} INFO - Running command: ['/usr/bin/bash', '-c', "echo 'Hello World' >> /root/airflow/text.txt"]
[2025-02-06T13:32:28.126+0000] {subprocess.py:99} INFO - Output:
[2025-02-06T13:32:28.131+0000] {subprocess.py:110} INFO - Command exited with return code 0
[2025-02-06T13:32:28.393+0000] {taskinstance.py:340} INFO - ::group::Post task execution logs
[2025-02-06T13:32:28.393+0000] {taskinstance.py:352} INFO - Marking task as SUCCESS. dag_id=my_first_dag, task_id=task_bash, run_id=scheduled__2025-01-01T07:53:30+00:00, execution_date=20250101T075330, start_date=20250206T133227, end_date=20250206T133228
[2025-02-06T13:32:28.435+0000] {logging_mixin.py:190} INFO - Task instance in success state
[2025-02-06T13:32:28.436+0000] {logging_mixin.py:190} INFO -  Previous state of the Task instance: running
[2025-02-06T13:32:28.437+0000] {logging_mixin.py:190} INFO - Dag name:my_first_dag queued_at:2025-02-06 13:32:20.655101+00:00
[2025-02-06T13:32:28.437+0000] {logging_mixin.py:190} INFO - Task hostname:cbb1459a86bc operator:BashOperator
[2025-02-06T13:32:28.445+0000] {local_task_job_runner.py:266} INFO - Task exited with return code 0
[2025-02-06T13:32:28.513+0000] {taskinstance.py:3895} INFO - 1 downstream tasks scheduled from follow-on schedule check
[2025-02-06T13:32:28.528+0000] {local_task_job_runner.py:245} INFO - ::endgroup::
