[2025-02-06T11:41:59.322+0000] {local_task_job_runner.py:123} INFO - ::group::Pre task execution logs
[2025-02-06T11:41:59.345+0000] {taskinstance.py:2613} INFO - Dependencies all met for dep_context=non-requeueable deps ti=<TaskInstance: my_first_dag.task_bash scheduled__2025-01-01T06:18:00+00:00 [queued]>
[2025-02-06T11:41:59.377+0000] {taskinstance.py:2613} INFO - Dependencies all met for dep_context=requeueable deps ti=<TaskInstance: my_first_dag.task_bash scheduled__2025-01-01T06:18:00+00:00 [queued]>
[2025-02-06T11:41:59.379+0000] {taskinstance.py:2866} INFO - Starting attempt 1 of 1
[2025-02-06T11:41:59.433+0000] {taskinstance.py:2889} INFO - Executing <Task(BashOperator): task_bash> on 2025-01-01 06:18:00+00:00
[2025-02-06T11:41:59.440+0000] {standard_task_runner.py:72} INFO - Started process 783 to run task
[2025-02-06T11:41:59.443+0000] {standard_task_runner.py:104} INFO - Running: ['airflow', 'tasks', 'run', 'my_first_dag', 'task_bash', 'scheduled__2025-01-01T06:18:00+00:00', '--job-id', '2094', '--raw', '--subdir', 'DAGS_FOLDER/first_dag.py', '--cfg-path', '/tmp/tmpsitqlxo4']
[2025-02-06T11:41:59.445+0000] {standard_task_runner.py:105} INFO - Job 2094: Subtask task_bash
[2025-02-06T11:41:59.588+0000] {task_command.py:467} INFO - Running <TaskInstance: my_first_dag.task_bash scheduled__2025-01-01T06:18:00+00:00 [running]> on host 7e1f175e93b1
[2025-02-06T11:41:59.743+0000] {taskinstance.py:3132} INFO - Exporting env vars: AIRFLOW_CTX_DAG_OWNER='airflow' AIRFLOW_CTX_DAG_ID='my_first_dag' AIRFLOW_CTX_TASK_ID='task_bash' AIRFLOW_CTX_EXECUTION_DATE='2025-01-01T06:18:00+00:00' AIRFLOW_CTX_TRY_NUMBER='1' AIRFLOW_CTX_DAG_RUN_ID='scheduled__2025-01-01T06:18:00+00:00'
[2025-02-06T11:41:59.745+0000] {logging_mixin.py:190} INFO - Task instance is in running state
[2025-02-06T11:41:59.746+0000] {logging_mixin.py:190} INFO -  Previous state of the Task instance: queued
[2025-02-06T11:41:59.747+0000] {logging_mixin.py:190} INFO - Current task name:task_bash state:running start_date:2025-02-06 11:41:59.346178+00:00
[2025-02-06T11:41:59.748+0000] {logging_mixin.py:190} INFO - Dag name:my_first_dag and current dag run status:running
[2025-02-06T11:41:59.748+0000] {taskinstance.py:731} INFO - ::endgroup::
[2025-02-06T11:41:59.750+0000] {subprocess.py:78} INFO - Tmp dir root location: /tmp
[2025-02-06T11:41:59.751+0000] {subprocess.py:88} INFO - Running command: ['/usr/bin/bash', '-c', "echo 'Hello World' >> /root/airflow/text.txt"]
[2025-02-06T11:41:59.763+0000] {subprocess.py:99} INFO - Output:
[2025-02-06T11:41:59.769+0000] {subprocess.py:110} INFO - Command exited with return code 0
[2025-02-06T11:41:59.842+0000] {taskinstance.py:340} INFO - ::group::Post task execution logs
[2025-02-06T11:41:59.844+0000] {taskinstance.py:352} INFO - Marking task as SUCCESS. dag_id=my_first_dag, task_id=task_bash, run_id=scheduled__2025-01-01T06:18:00+00:00, execution_date=20250101T061800, start_date=20250206T114159, end_date=20250206T114159
[2025-02-06T11:41:59.898+0000] {logging_mixin.py:190} INFO - Task instance in success state
[2025-02-06T11:41:59.899+0000] {logging_mixin.py:190} INFO -  Previous state of the Task instance: running
[2025-02-06T11:41:59.899+0000] {logging_mixin.py:190} INFO - Dag name:my_first_dag queued_at:2025-02-06 11:41:52.612314+00:00
[2025-02-06T11:41:59.900+0000] {logging_mixin.py:190} INFO - Task hostname:7e1f175e93b1 operator:BashOperator
[2025-02-06T11:41:59.939+0000] {local_task_job_runner.py:266} INFO - Task exited with return code 0
[2025-02-06T11:41:59.988+0000] {taskinstance.py:3895} INFO - 1 downstream tasks scheduled from follow-on schedule check
[2025-02-06T11:42:00.003+0000] {local_task_job_runner.py:245} INFO - ::endgroup::
