[2025-02-06T12:25:10.288+0000] {local_task_job_runner.py:123} INFO - ::group::Pre task execution logs
[2025-02-06T12:25:10.307+0000] {taskinstance.py:2613} INFO - Dependencies all met for dep_context=non-requeueable deps ti=<TaskInstance: my_first_dag.task_2 scheduled__2025-01-01T06:54:30+00:00 [queued]>
[2025-02-06T12:25:10.331+0000] {taskinstance.py:2613} INFO - Dependencies all met for dep_context=requeueable deps ti=<TaskInstance: my_first_dag.task_2 scheduled__2025-01-01T06:54:30+00:00 [queued]>
[2025-02-06T12:25:10.332+0000] {taskinstance.py:2866} INFO - Starting attempt 1 of 1
[2025-02-06T12:25:10.363+0000] {taskinstance.py:2889} INFO - Executing <Task(PythonOperator): task_2> on 2025-01-01 06:54:30+00:00
[2025-02-06T12:25:10.366+0000] {standard_task_runner.py:72} INFO - Started process 1481 to run task
[2025-02-06T12:25:10.368+0000] {standard_task_runner.py:104} INFO - Running: ['airflow', 'tasks', 'run', 'my_first_dag', 'task_2', 'scheduled__2025-01-01T06:54:30+00:00', '--job-id', '2492', '--raw', '--subdir', 'DAGS_FOLDER/first_dag.py', '--cfg-path', '/tmp/tmpux0jf88g']
[2025-02-06T12:25:10.372+0000] {standard_task_runner.py:105} INFO - Job 2492: Subtask task_2
[2025-02-06T12:25:10.448+0000] {task_command.py:467} INFO - Running <TaskInstance: my_first_dag.task_2 scheduled__2025-01-01T06:54:30+00:00 [running]> on host f59ce29465b4
[2025-02-06T12:25:10.557+0000] {taskinstance.py:3132} INFO - Exporting env vars: AIRFLOW_CTX_DAG_OWNER='airflow' AIRFLOW_CTX_DAG_ID='my_first_dag' AIRFLOW_CTX_TASK_ID='task_2' AIRFLOW_CTX_EXECUTION_DATE='2025-01-01T06:54:30+00:00' AIRFLOW_CTX_TRY_NUMBER='1' AIRFLOW_CTX_DAG_RUN_ID='scheduled__2025-01-01T06:54:30+00:00'
[2025-02-06T12:25:10.558+0000] {logging_mixin.py:190} INFO - Task instance is in running state
[2025-02-06T12:25:10.559+0000] {logging_mixin.py:190} INFO -  Previous state of the Task instance: queued
[2025-02-06T12:25:10.559+0000] {logging_mixin.py:190} INFO - Current task name:task_2 state:running start_date:2025-02-06 12:25:10.308020+00:00
[2025-02-06T12:25:10.560+0000] {logging_mixin.py:190} INFO - Dag name:my_first_dag and current dag run status:running
[2025-02-06T12:25:10.560+0000] {taskinstance.py:731} INFO - ::endgroup::
[2025-02-06T12:25:10.589+0000] {logging_mixin.py:190} INFO - Hello John 377 API_KEY
[2025-02-06T12:25:10.589+0000] {python.py:240} INFO - Done. Returned value was: 377
[2025-02-06T12:25:10.633+0000] {taskinstance.py:340} INFO - ::group::Post task execution logs
[2025-02-06T12:25:10.633+0000] {taskinstance.py:352} INFO - Marking task as SUCCESS. dag_id=my_first_dag, task_id=task_2, run_id=scheduled__2025-01-01T06:54:30+00:00, execution_date=20250101T065430, start_date=20250206T122510, end_date=20250206T122510
[2025-02-06T12:25:10.781+0000] {logging_mixin.py:190} INFO - Task instance in success state
[2025-02-06T12:25:10.782+0000] {logging_mixin.py:190} INFO -  Previous state of the Task instance: running
[2025-02-06T12:25:10.783+0000] {logging_mixin.py:190} INFO - Dag name:my_first_dag queued_at:2025-02-06 12:24:59.853015+00:00
[2025-02-06T12:25:10.783+0000] {logging_mixin.py:190} INFO - Task hostname:f59ce29465b4 operator:PythonOperator
[2025-02-06T12:25:10.826+0000] {local_task_job_runner.py:266} INFO - Task exited with return code 0
[2025-02-06T12:25:10.884+0000] {taskinstance.py:3895} INFO - 1 downstream tasks scheduled from follow-on schedule check
[2025-02-06T12:25:10.938+0000] {local_task_job_runner.py:245} INFO - ::endgroup::
