[2025-02-06T12:59:04.968+0000] {local_task_job_runner.py:123} INFO - ::group::Pre task execution logs
[2025-02-06T12:59:05.003+0000] {taskinstance.py:2613} INFO - Dependencies all met for dep_context=non-requeueable deps ti=<TaskInstance: my_first_dag.first_task scheduled__2025-01-01T07:26:00+00:00 [queued]>
[2025-02-06T12:59:05.060+0000] {taskinstance.py:2613} INFO - Dependencies all met for dep_context=requeueable deps ti=<TaskInstance: my_first_dag.first_task scheduled__2025-01-01T07:26:00+00:00 [queued]>
[2025-02-06T12:59:05.061+0000] {taskinstance.py:2866} INFO - Starting attempt 1 of 1
[2025-02-06T12:59:05.123+0000] {taskinstance.py:2889} INFO - Executing <Task(PythonOperator): first_task> on 2025-01-01 07:26:00+00:00
[2025-02-06T12:59:05.132+0000] {standard_task_runner.py:72} INFO - Started process 475 to run task
[2025-02-06T12:59:05.137+0000] {standard_task_runner.py:104} INFO - Running: ['airflow', 'tasks', 'run', 'my_first_dag', 'first_task', 'scheduled__2025-01-01T07:26:00+00:00', '--job-id', '3037', '--raw', '--subdir', 'DAGS_FOLDER/first_dag.py', '--cfg-path', '/tmp/tmpheub57t2']
[2025-02-06T12:59:05.139+0000] {standard_task_runner.py:105} INFO - Job 3037: Subtask first_task
[2025-02-06T12:59:05.322+0000] {task_command.py:467} INFO - Running <TaskInstance: my_first_dag.first_task scheduled__2025-01-01T07:26:00+00:00 [running]> on host 843ef7911ffd
[2025-02-06T12:59:05.564+0000] {taskinstance.py:3132} INFO - Exporting env vars: AIRFLOW_CTX_DAG_OWNER='airflow' AIRFLOW_CTX_DAG_ID='my_first_dag' AIRFLOW_CTX_TASK_ID='first_task' AIRFLOW_CTX_EXECUTION_DATE='2025-01-01T07:26:00+00:00' AIRFLOW_CTX_TRY_NUMBER='1' AIRFLOW_CTX_DAG_RUN_ID='scheduled__2025-01-01T07:26:00+00:00'
[2025-02-06T12:59:05.567+0000] {logging_mixin.py:190} INFO - Task instance is in running state
[2025-02-06T12:59:05.568+0000] {logging_mixin.py:190} INFO -  Previous state of the Task instance: queued
[2025-02-06T12:59:05.569+0000] {logging_mixin.py:190} INFO - Current task name:first_task state:running start_date:2025-02-06 12:59:05.004308+00:00
[2025-02-06T12:59:05.570+0000] {logging_mixin.py:190} INFO - Dag name:my_first_dag and current dag run status:running
[2025-02-06T12:59:05.571+0000] {taskinstance.py:731} INFO - ::endgroup::
[2025-02-06T12:59:05.850+0000] {python.py:240} INFO - Done. Returned value was: 106
[2025-02-06T12:59:05.930+0000] {taskinstance.py:340} INFO - ::group::Post task execution logs
[2025-02-06T12:59:05.931+0000] {taskinstance.py:352} INFO - Marking task as SUCCESS. dag_id=my_first_dag, task_id=first_task, run_id=scheduled__2025-01-01T07:26:00+00:00, execution_date=20250101T072600, start_date=20250206T125905, end_date=20250206T125905
[2025-02-06T12:59:05.996+0000] {logging_mixin.py:190} INFO - Task instance in success state
[2025-02-06T12:59:05.997+0000] {logging_mixin.py:190} INFO -  Previous state of the Task instance: running
[2025-02-06T12:59:05.998+0000] {logging_mixin.py:190} INFO - Dag name:my_first_dag queued_at:2025-02-06 12:59:01.518716+00:00
[2025-02-06T12:59:05.998+0000] {logging_mixin.py:190} INFO - Task hostname:843ef7911ffd operator:PythonOperator
[2025-02-06T12:59:06.040+0000] {local_task_job_runner.py:266} INFO - Task exited with return code 0
[2025-02-06T12:59:06.146+0000] {taskinstance.py:3895} INFO - 1 downstream tasks scheduled from follow-on schedule check
[2025-02-06T12:59:06.166+0000] {local_task_job_runner.py:245} INFO - ::endgroup::
