[2025-02-06T09:09:33.846+0000] {local_task_job_runner.py:123} INFO - ::group::Pre task execution logs
[2025-02-06T09:09:33.867+0000] {taskinstance.py:2613} INFO - Dependencies all met for dep_context=non-requeueable deps ti=<TaskInstance: my_first_dag.task_1 scheduled__2025-01-01T02:05:30+00:00 [queued]>
[2025-02-06T09:09:33.882+0000] {taskinstance.py:2613} INFO - Dependencies all met for dep_context=requeueable deps ti=<TaskInstance: my_first_dag.task_1 scheduled__2025-01-01T02:05:30+00:00 [queued]>
[2025-02-06T09:09:33.884+0000] {taskinstance.py:2866} INFO - Starting attempt 1 of 1
[2025-02-06T09:09:33.919+0000] {taskinstance.py:2889} INFO - Executing <Task(PythonOperator): task_1> on 2025-01-01 02:05:30+00:00
[2025-02-06T09:09:33.921+0000] {standard_task_runner.py:72} INFO - Started process 610 to run task
[2025-02-06T09:09:33.923+0000] {standard_task_runner.py:104} INFO - Running: ['airflow', 'tasks', 'run', 'my_first_dag', 'task_1', 'scheduled__2025-01-01T02:05:30+00:00', '--job-id', '466', '--raw', '--subdir', 'DAGS_FOLDER/first_dag.py', '--cfg-path', '/tmp/tmp1rarodz7']
[2025-02-06T09:09:33.924+0000] {standard_task_runner.py:105} INFO - Job 466: Subtask task_1
[2025-02-06T09:09:33.997+0000] {task_command.py:467} INFO - Running <TaskInstance: my_first_dag.task_1 scheduled__2025-01-01T02:05:30+00:00 [running]> on host 6f30e18c7b14
[2025-02-06T09:09:34.104+0000] {taskinstance.py:3132} INFO - Exporting env vars: AIRFLOW_CTX_DAG_OWNER='airflow' AIRFLOW_CTX_DAG_ID='my_first_dag' AIRFLOW_CTX_TASK_ID='task_1' AIRFLOW_CTX_EXECUTION_DATE='2025-01-01T02:05:30+00:00' AIRFLOW_CTX_TRY_NUMBER='1' AIRFLOW_CTX_DAG_RUN_ID='scheduled__2025-01-01T02:05:30+00:00'
[2025-02-06T09:09:34.105+0000] {logging_mixin.py:190} INFO - Task instance is in running state
[2025-02-06T09:09:34.105+0000] {logging_mixin.py:190} INFO -  Previous state of the Task instance: queued
[2025-02-06T09:09:34.106+0000] {logging_mixin.py:190} INFO - Current task name:task_1 state:running start_date:2025-02-06 09:09:33.867773+00:00
[2025-02-06T09:09:34.106+0000] {logging_mixin.py:190} INFO - Dag name:my_first_dag and current dag run status:running
[2025-02-06T09:09:34.106+0000] {taskinstance.py:731} INFO - ::endgroup::
[2025-02-06T09:09:34.107+0000] {logging_mixin.py:190} INFO - Hello World
[2025-02-06T09:09:34.107+0000] {python.py:240} INFO - Done. Returned value was: None
[2025-02-06T09:09:34.119+0000] {taskinstance.py:340} INFO - ::group::Post task execution logs
[2025-02-06T09:09:34.120+0000] {taskinstance.py:352} INFO - Marking task as SUCCESS. dag_id=my_first_dag, task_id=task_1, run_id=scheduled__2025-01-01T02:05:30+00:00, execution_date=20250101T020530, start_date=20250206T090933, end_date=20250206T090934
[2025-02-06T09:09:34.151+0000] {logging_mixin.py:190} INFO - Task instance in success state
[2025-02-06T09:09:34.152+0000] {logging_mixin.py:190} INFO -  Previous state of the Task instance: running
[2025-02-06T09:09:34.152+0000] {logging_mixin.py:190} INFO - Dag name:my_first_dag queued_at:2025-02-06 09:09:29.644226+00:00
[2025-02-06T09:09:34.153+0000] {logging_mixin.py:190} INFO - Task hostname:6f30e18c7b14 operator:PythonOperator
[2025-02-06T09:09:34.176+0000] {local_task_job_runner.py:266} INFO - Task exited with return code 0
[2025-02-06T09:09:34.194+0000] {taskinstance.py:3895} INFO - 0 downstream tasks scheduled from follow-on schedule check
[2025-02-06T09:09:34.195+0000] {local_task_job_runner.py:245} INFO - ::endgroup::
