[2025-02-06T13:34:34.313+0000] {local_task_job_runner.py:123} INFO - ::group::Pre task execution logs
[2025-02-06T13:34:34.333+0000] {taskinstance.py:2613} INFO - Dependencies all met for dep_context=non-requeueable deps ti=<TaskInstance: my_training_dag.task_read_data scheduled__2025-01-01T02:21:30+00:00 [queued]>
[2025-02-06T13:34:34.351+0000] {taskinstance.py:2613} INFO - Dependencies all met for dep_context=requeueable deps ti=<TaskInstance: my_training_dag.task_read_data scheduled__2025-01-01T02:21:30+00:00 [queued]>
[2025-02-06T13:34:34.353+0000] {taskinstance.py:2866} INFO - Starting attempt 1 of 1
[2025-02-06T13:34:34.398+0000] {taskinstance.py:2889} INFO - Executing <Task(BranchPythonOperator): task_read_data> on 2025-01-01 02:21:30+00:00
[2025-02-06T13:34:34.406+0000] {standard_task_runner.py:72} INFO - Started process 281 to run task
[2025-02-06T13:34:34.409+0000] {standard_task_runner.py:104} INFO - Running: ['airflow', 'tasks', 'run', 'my_training_dag', 'task_read_data', 'scheduled__2025-01-01T02:21:30+00:00', '--job-id', '3374', '--raw', '--subdir', 'DAGS_FOLDER/training_dag.py', '--cfg-path', '/tmp/tmpxze_ph0y']
[2025-02-06T13:34:34.410+0000] {standard_task_runner.py:105} INFO - Job 3374: Subtask task_read_data
[2025-02-06T13:34:34.497+0000] {task_command.py:467} INFO - Running <TaskInstance: my_training_dag.task_read_data scheduled__2025-01-01T02:21:30+00:00 [running]> on host 280e83a6ee46
[2025-02-06T13:34:34.624+0000] {taskinstance.py:3132} INFO - Exporting env vars: AIRFLOW_CTX_DAG_OWNER='airflow' AIRFLOW_CTX_DAG_ID='my_training_dag' AIRFLOW_CTX_TASK_ID='task_read_data' AIRFLOW_CTX_EXECUTION_DATE='2025-01-01T02:21:30+00:00' AIRFLOW_CTX_TRY_NUMBER='1' AIRFLOW_CTX_DAG_RUN_ID='scheduled__2025-01-01T02:21:30+00:00'
[2025-02-06T13:34:34.626+0000] {logging_mixin.py:190} INFO - Task instance is in running state
[2025-02-06T13:34:34.626+0000] {logging_mixin.py:190} INFO -  Previous state of the Task instance: queued
[2025-02-06T13:34:34.627+0000] {logging_mixin.py:190} INFO - Current task name:task_read_data state:running start_date:2025-02-06 13:34:34.334226+00:00
[2025-02-06T13:34:34.627+0000] {logging_mixin.py:190} INFO - Dag name:my_training_dag and current dag run status:running
[2025-02-06T13:34:34.628+0000] {taskinstance.py:731} INFO - ::endgroup::
[2025-02-06T13:34:34.629+0000] {baseoperator.py:421} WARNING - BranchPythonOperator.execute cannot be called outside TaskInstance!
[2025-02-06T13:34:34.665+0000] {python.py:240} INFO - Done. Returned value was: None
[2025-02-06T13:34:34.665+0000] {branch.py:38} INFO - Branch into None
[2025-02-06T13:34:34.666+0000] {skipmixin.py:230} INFO - Following branch ()
[2025-02-06T13:34:34.679+0000] {skipmixin.py:278} INFO - Skipping tasks [('task_train_model', -1)]
[2025-02-06T13:34:34.738+0000] {taskinstance.py:340} INFO - ::group::Post task execution logs
[2025-02-06T13:34:34.739+0000] {taskinstance.py:352} INFO - Marking task as SUCCESS. dag_id=my_training_dag, task_id=task_read_data, run_id=scheduled__2025-01-01T02:21:30+00:00, execution_date=20250101T022130, start_date=20250206T133434, end_date=20250206T133434
[2025-02-06T13:34:34.780+0000] {logging_mixin.py:190} INFO - Task instance in success state
[2025-02-06T13:34:34.781+0000] {logging_mixin.py:190} INFO -  Previous state of the Task instance: running
[2025-02-06T13:34:34.782+0000] {logging_mixin.py:190} INFO - Dag name:my_training_dag queued_at:2025-02-06 13:34:09.053388+00:00
[2025-02-06T13:34:34.782+0000] {logging_mixin.py:190} INFO - Task hostname:280e83a6ee46 operator:BranchPythonOperator
[2025-02-06T13:34:34.823+0000] {local_task_job_runner.py:266} INFO - Task exited with return code 0
[2025-02-06T13:34:34.842+0000] {taskinstance.py:3895} INFO - 0 downstream tasks scheduled from follow-on schedule check
[2025-02-06T13:34:34.844+0000] {local_task_job_runner.py:245} INFO - ::endgroup::
