[2025-02-06T12:04:50.202+0000] {local_task_job_runner.py:123} INFO - ::group::Pre task execution logs
[2025-02-06T12:04:50.221+0000] {taskinstance.py:2613} INFO - Dependencies all met for dep_context=non-requeueable deps ti=<TaskInstance: my_first_dag.task_2 scheduled__2025-01-01T06:36:30+00:00 [queued]>
[2025-02-06T12:04:50.246+0000] {taskinstance.py:2613} INFO - Dependencies all met for dep_context=requeueable deps ti=<TaskInstance: my_first_dag.task_2 scheduled__2025-01-01T06:36:30+00:00 [queued]>
[2025-02-06T12:04:50.247+0000] {taskinstance.py:2866} INFO - Starting attempt 1 of 1
[2025-02-06T12:04:50.285+0000] {taskinstance.py:2889} INFO - Executing <Task(PythonOperator): task_2> on 2025-01-01 06:36:30+00:00
[2025-02-06T12:04:50.288+0000] {standard_task_runner.py:72} INFO - Started process 536 to run task
[2025-02-06T12:04:50.290+0000] {standard_task_runner.py:104} INFO - Running: ['airflow', 'tasks', 'run', 'my_first_dag', 'task_2', 'scheduled__2025-01-01T06:36:30+00:00', '--job-id', '2295', '--raw', '--subdir', 'DAGS_FOLDER/first_dag.py', '--cfg-path', '/tmp/tmpxg3fd0qk']
[2025-02-06T12:04:50.291+0000] {standard_task_runner.py:105} INFO - Job 2295: Subtask task_2
[2025-02-06T12:04:50.383+0000] {task_command.py:467} INFO - Running <TaskInstance: my_first_dag.task_2 scheduled__2025-01-01T06:36:30+00:00 [running]> on host 06d5bdc1dd82
[2025-02-06T12:04:50.512+0000] {taskinstance.py:3132} INFO - Exporting env vars: AIRFLOW_CTX_DAG_OWNER='airflow' AIRFLOW_CTX_DAG_ID='my_first_dag' AIRFLOW_CTX_TASK_ID='task_2' AIRFLOW_CTX_EXECUTION_DATE='2025-01-01T06:36:30+00:00' AIRFLOW_CTX_TRY_NUMBER='1' AIRFLOW_CTX_DAG_RUN_ID='scheduled__2025-01-01T06:36:30+00:00'
[2025-02-06T12:04:50.513+0000] {logging_mixin.py:190} INFO - Task instance is in running state
[2025-02-06T12:04:50.514+0000] {logging_mixin.py:190} INFO -  Previous state of the Task instance: queued
[2025-02-06T12:04:50.514+0000] {logging_mixin.py:190} INFO - Current task name:task_2 state:running start_date:2025-02-06 12:04:50.222363+00:00
[2025-02-06T12:04:50.514+0000] {logging_mixin.py:190} INFO - Dag name:my_first_dag and current dag run status:running
[2025-02-06T12:04:50.515+0000] {taskinstance.py:731} INFO - ::endgroup::
[2025-02-06T12:04:50.538+0000] {logging_mixin.py:190} INFO - Hello John 334 API_KEY
[2025-02-06T12:04:50.539+0000] {python.py:240} INFO - Done. Returned value was: 334
[2025-02-06T12:04:50.690+0000] {taskinstance.py:340} INFO - ::group::Post task execution logs
[2025-02-06T12:04:50.691+0000] {taskinstance.py:352} INFO - Marking task as SUCCESS. dag_id=my_first_dag, task_id=task_2, run_id=scheduled__2025-01-01T06:36:30+00:00, execution_date=20250101T063630, start_date=20250206T120450, end_date=20250206T120450
[2025-02-06T12:04:50.725+0000] {logging_mixin.py:190} INFO - Task instance in success state
[2025-02-06T12:04:50.726+0000] {logging_mixin.py:190} INFO -  Previous state of the Task instance: running
[2025-02-06T12:04:50.727+0000] {logging_mixin.py:190} INFO - Dag name:my_first_dag queued_at:2025-02-06 12:04:37.033761+00:00
[2025-02-06T12:04:50.727+0000] {logging_mixin.py:190} INFO - Task hostname:06d5bdc1dd82 operator:PythonOperator
[2025-02-06T12:04:50.746+0000] {local_task_job_runner.py:266} INFO - Task exited with return code 0
[2025-02-06T12:04:50.772+0000] {taskinstance.py:3895} INFO - 1 downstream tasks scheduled from follow-on schedule check
[2025-02-06T12:04:50.782+0000] {local_task_job_runner.py:245} INFO - ::endgroup::
