[2025-02-06T09:34:23.547+0000] {local_task_job_runner.py:123} INFO - ::group::Pre task execution logs
[2025-02-06T09:34:23.563+0000] {taskinstance.py:2613} INFO - Dependencies all met for dep_context=non-requeueable deps ti=<TaskInstance: my_first_dag.task_goodbye scheduled__2025-01-01T03:44:30+00:00 [queued]>
[2025-02-06T09:34:23.581+0000] {taskinstance.py:2613} INFO - Dependencies all met for dep_context=requeueable deps ti=<TaskInstance: my_first_dag.task_goodbye scheduled__2025-01-01T03:44:30+00:00 [queued]>
[2025-02-06T09:34:23.582+0000] {taskinstance.py:2866} INFO - Starting attempt 2 of 1
[2025-02-06T09:34:23.621+0000] {taskinstance.py:2889} INFO - Executing <Task(PythonOperator): task_goodbye> on 2025-01-01 03:44:30+00:00
[2025-02-06T09:34:23.625+0000] {standard_task_runner.py:72} INFO - Started process 601 to run task
[2025-02-06T09:34:23.627+0000] {standard_task_runner.py:104} INFO - Running: ['airflow', 'tasks', 'run', 'my_first_dag', 'task_goodbye', 'scheduled__2025-01-01T03:44:30+00:00', '--job-id', '996', '--raw', '--subdir', 'DAGS_FOLDER/first_dag.py', '--cfg-path', '/tmp/tmpzbknhf1p']
[2025-02-06T09:34:23.628+0000] {standard_task_runner.py:105} INFO - Job 996: Subtask task_goodbye
[2025-02-06T09:34:23.701+0000] {task_command.py:467} INFO - Running <TaskInstance: my_first_dag.task_goodbye scheduled__2025-01-01T03:44:30+00:00 [running]> on host 25879eaf192c
[2025-02-06T09:34:23.801+0000] {taskinstance.py:3132} INFO - Exporting env vars: AIRFLOW_CTX_DAG_OWNER='airflow' AIRFLOW_CTX_DAG_ID='my_first_dag' AIRFLOW_CTX_TASK_ID='task_goodbye' AIRFLOW_CTX_EXECUTION_DATE='2025-01-01T03:44:30+00:00' AIRFLOW_CTX_TRY_NUMBER='2' AIRFLOW_CTX_DAG_RUN_ID='scheduled__2025-01-01T03:44:30+00:00'
[2025-02-06T09:34:23.802+0000] {logging_mixin.py:190} INFO - Task instance is in running state
[2025-02-06T09:34:23.803+0000] {logging_mixin.py:190} INFO -  Previous state of the Task instance: queued
[2025-02-06T09:34:23.803+0000] {logging_mixin.py:190} INFO - Current task name:task_goodbye state:running start_date:2025-02-06 09:34:23.564225+00:00
[2025-02-06T09:34:23.804+0000] {logging_mixin.py:190} INFO - Dag name:my_first_dag and current dag run status:running
[2025-02-06T09:34:23.804+0000] {taskinstance.py:731} INFO - ::endgroup::
[2025-02-06T09:34:23.805+0000] {logging_mixin.py:190} INFO - Goodbye
[2025-02-06T09:34:23.805+0000] {python.py:240} INFO - Done. Returned value was: None
[2025-02-06T09:34:23.816+0000] {taskinstance.py:340} INFO - ::group::Post task execution logs
[2025-02-06T09:34:23.817+0000] {taskinstance.py:352} INFO - Marking task as SUCCESS. dag_id=my_first_dag, task_id=task_goodbye, run_id=scheduled__2025-01-01T03:44:30+00:00, execution_date=20250101T034430, start_date=20250206T093423, end_date=20250206T093423
[2025-02-06T09:34:23.852+0000] {logging_mixin.py:190} INFO - Task instance in success state
[2025-02-06T09:34:23.853+0000] {logging_mixin.py:190} INFO -  Previous state of the Task instance: running
[2025-02-06T09:34:23.853+0000] {logging_mixin.py:190} INFO - Dag name:my_first_dag queued_at:2025-02-06 09:28:36.664957+00:00
[2025-02-06T09:34:23.853+0000] {logging_mixin.py:190} INFO - Task hostname:25879eaf192c operator:PythonOperator
[2025-02-06T09:34:23.881+0000] {local_task_job_runner.py:266} INFO - Task exited with return code 0
[2025-02-06T09:34:23.899+0000] {taskinstance.py:3895} INFO - 0 downstream tasks scheduled from follow-on schedule check
[2025-02-06T09:34:23.900+0000] {local_task_job_runner.py:245} INFO - ::endgroup::
