[2025-02-06T13:20:08.354+0000] {local_task_job_runner.py:123} INFO - ::group::Pre task execution logs
[2025-02-06T13:20:08.373+0000] {taskinstance.py:2613} INFO - Dependencies all met for dep_context=non-requeueable deps ti=<TaskInstance: my_first_dag.task_bash scheduled__2025-01-01T07:40:00+00:00 [queued]>
[2025-02-06T13:20:08.404+0000] {taskinstance.py:2613} INFO - Dependencies all met for dep_context=requeueable deps ti=<TaskInstance: my_first_dag.task_bash scheduled__2025-01-01T07:40:00+00:00 [queued]>
[2025-02-06T13:20:08.405+0000] {taskinstance.py:2866} INFO - Starting attempt 1 of 1
[2025-02-06T13:20:08.448+0000] {taskinstance.py:2889} INFO - Executing <Task(BashOperator): task_bash> on 2025-01-01 07:40:00+00:00
[2025-02-06T13:20:08.455+0000] {standard_task_runner.py:72} INFO - Started process 624 to run task
[2025-02-06T13:20:08.457+0000] {standard_task_runner.py:104} INFO - Running: ['airflow', 'tasks', 'run', 'my_first_dag', 'task_bash', 'scheduled__2025-01-01T07:40:00+00:00', '--job-id', '3179', '--raw', '--subdir', 'DAGS_FOLDER/first_dag.py', '--cfg-path', '/tmp/tmpgvywlj3j']
[2025-02-06T13:20:08.458+0000] {standard_task_runner.py:105} INFO - Job 3179: Subtask task_bash
[2025-02-06T13:20:08.544+0000] {task_command.py:467} INFO - Running <TaskInstance: my_first_dag.task_bash scheduled__2025-01-01T07:40:00+00:00 [running]> on host cbb1459a86bc
[2025-02-06T13:20:08.656+0000] {taskinstance.py:3132} INFO - Exporting env vars: AIRFLOW_CTX_DAG_OWNER='airflow' AIRFLOW_CTX_DAG_ID='my_first_dag' AIRFLOW_CTX_TASK_ID='task_bash' AIRFLOW_CTX_EXECUTION_DATE='2025-01-01T07:40:00+00:00' AIRFLOW_CTX_TRY_NUMBER='1' AIRFLOW_CTX_DAG_RUN_ID='scheduled__2025-01-01T07:40:00+00:00'
[2025-02-06T13:20:08.658+0000] {logging_mixin.py:190} INFO - Task instance is in running state
[2025-02-06T13:20:08.658+0000] {logging_mixin.py:190} INFO -  Previous state of the Task instance: queued
[2025-02-06T13:20:08.660+0000] {logging_mixin.py:190} INFO - Current task name:task_bash state:running start_date:2025-02-06 13:20:08.374070+00:00
[2025-02-06T13:20:08.660+0000] {logging_mixin.py:190} INFO - Dag name:my_first_dag and current dag run status:running
[2025-02-06T13:20:08.661+0000] {taskinstance.py:731} INFO - ::endgroup::
[2025-02-06T13:20:08.662+0000] {subprocess.py:78} INFO - Tmp dir root location: /tmp
[2025-02-06T13:20:08.664+0000] {subprocess.py:88} INFO - Running command: ['/usr/bin/bash', '-c', "echo 'Hello World' >> /root/airflow/text.txt"]
[2025-02-06T13:20:08.670+0000] {subprocess.py:99} INFO - Output:
[2025-02-06T13:20:08.674+0000] {subprocess.py:110} INFO - Command exited with return code 0
[2025-02-06T13:20:08.728+0000] {taskinstance.py:340} INFO - ::group::Post task execution logs
[2025-02-06T13:20:08.729+0000] {taskinstance.py:352} INFO - Marking task as SUCCESS. dag_id=my_first_dag, task_id=task_bash, run_id=scheduled__2025-01-01T07:40:00+00:00, execution_date=20250101T074000, start_date=20250206T132008, end_date=20250206T132008
[2025-02-06T13:20:08.777+0000] {logging_mixin.py:190} INFO - Task instance in success state
[2025-02-06T13:20:08.778+0000] {logging_mixin.py:190} INFO -  Previous state of the Task instance: running
[2025-02-06T13:20:08.778+0000] {logging_mixin.py:190} INFO - Dag name:my_first_dag queued_at:2025-02-06 13:20:02.556672+00:00
[2025-02-06T13:20:08.778+0000] {logging_mixin.py:190} INFO - Task hostname:cbb1459a86bc operator:BashOperator
[2025-02-06T13:20:08.791+0000] {local_task_job_runner.py:266} INFO - Task exited with return code 0
[2025-02-06T13:20:08.832+0000] {taskinstance.py:3895} INFO - 1 downstream tasks scheduled from follow-on schedule check
[2025-02-06T13:20:08.844+0000] {local_task_job_runner.py:245} INFO - ::endgroup::
