[2025-02-06T12:40:17.882+0000] {local_task_job_runner.py:123} INFO - ::group::Pre task execution logs
[2025-02-06T12:40:17.902+0000] {taskinstance.py:2613} INFO - Dependencies all met for dep_context=non-requeueable deps ti=<TaskInstance: my_first_dag.task_goodbye scheduled__2025-01-01T07:11:30+00:00 [queued]>
[2025-02-06T12:40:17.930+0000] {taskinstance.py:2613} INFO - Dependencies all met for dep_context=requeueable deps ti=<TaskInstance: my_first_dag.task_goodbye scheduled__2025-01-01T07:11:30+00:00 [queued]>
[2025-02-06T12:40:17.932+0000] {taskinstance.py:2866} INFO - Starting attempt 1 of 1
[2025-02-06T12:40:17.968+0000] {taskinstance.py:2889} INFO - Executing <Task(PythonOperator): task_goodbye> on 2025-01-01 07:11:30+00:00
[2025-02-06T12:40:17.971+0000] {standard_task_runner.py:72} INFO - Started process 9179 to run task
[2025-02-06T12:40:17.973+0000] {standard_task_runner.py:104} INFO - Running: ['airflow', 'tasks', 'run', 'my_first_dag', 'task_goodbye', 'scheduled__2025-01-01T07:11:30+00:00', '--job-id', '2785', '--raw', '--subdir', 'DAGS_FOLDER/first_dag.py', '--cfg-path', '/tmp/tmpdlizuoo8']
[2025-02-06T12:40:17.974+0000] {standard_task_runner.py:105} INFO - Job 2785: Subtask task_goodbye
[2025-02-06T12:40:18.047+0000] {task_command.py:467} INFO - Running <TaskInstance: my_first_dag.task_goodbye scheduled__2025-01-01T07:11:30+00:00 [running]> on host f59ce29465b4
[2025-02-06T12:40:18.146+0000] {taskinstance.py:3132} INFO - Exporting env vars: AIRFLOW_CTX_DAG_OWNER='airflow' AIRFLOW_CTX_DAG_ID='my_first_dag' AIRFLOW_CTX_TASK_ID='task_goodbye' AIRFLOW_CTX_EXECUTION_DATE='2025-01-01T07:11:30+00:00' AIRFLOW_CTX_TRY_NUMBER='1' AIRFLOW_CTX_DAG_RUN_ID='scheduled__2025-01-01T07:11:30+00:00'
[2025-02-06T12:40:18.148+0000] {logging_mixin.py:190} INFO - Task instance is in running state
[2025-02-06T12:40:18.148+0000] {logging_mixin.py:190} INFO -  Previous state of the Task instance: queued
[2025-02-06T12:40:18.156+0000] {logging_mixin.py:190} INFO - Current task name:task_goodbye state:running start_date:2025-02-06 12:40:17.903266+00:00
[2025-02-06T12:40:18.157+0000] {logging_mixin.py:190} INFO - Dag name:my_first_dag and current dag run status:running
[2025-02-06T12:40:18.157+0000] {taskinstance.py:731} INFO - ::endgroup::
[2025-02-06T12:40:18.158+0000] {logging_mixin.py:190} INFO - Goodbye
[2025-02-06T12:40:18.159+0000] {python.py:240} INFO - Done. Returned value was: None
[2025-02-06T12:40:18.168+0000] {taskinstance.py:340} INFO - ::group::Post task execution logs
[2025-02-06T12:40:18.168+0000] {taskinstance.py:352} INFO - Marking task as SUCCESS. dag_id=my_first_dag, task_id=task_goodbye, run_id=scheduled__2025-01-01T07:11:30+00:00, execution_date=20250101T071130, start_date=20250206T124017, end_date=20250206T124018
[2025-02-06T12:40:18.202+0000] {logging_mixin.py:190} INFO - Task instance in success state
[2025-02-06T12:40:18.203+0000] {logging_mixin.py:190} INFO -  Previous state of the Task instance: running
[2025-02-06T12:40:18.203+0000] {logging_mixin.py:190} INFO - Dag name:my_first_dag queued_at:2025-02-06 12:39:54.915110+00:00
[2025-02-06T12:40:18.203+0000] {logging_mixin.py:190} INFO - Task hostname:f59ce29465b4 operator:PythonOperator
[2025-02-06T12:40:18.227+0000] {local_task_job_runner.py:266} INFO - Task exited with return code 0
[2025-02-06T12:40:18.244+0000] {taskinstance.py:3895} INFO - 0 downstream tasks scheduled from follow-on schedule check
[2025-02-06T12:40:18.245+0000] {local_task_job_runner.py:245} INFO - ::endgroup::
