[2025-02-06T12:51:43.336+0000] {local_task_job_runner.py:123} INFO - ::group::Pre task execution logs
[2025-02-06T12:51:43.351+0000] {taskinstance.py:2613} INFO - Dependencies all met for dep_context=non-requeueable deps ti=<TaskInstance: my_first_dag.task_bash scheduled__2025-01-01T07:22:30+00:00 [queued]>
[2025-02-06T12:51:43.372+0000] {taskinstance.py:2613} INFO - Dependencies all met for dep_context=requeueable deps ti=<TaskInstance: my_first_dag.task_bash scheduled__2025-01-01T07:22:30+00:00 [queued]>
[2025-02-06T12:51:43.374+0000] {taskinstance.py:2866} INFO - Starting attempt 1 of 1
[2025-02-06T12:51:43.407+0000] {taskinstance.py:2889} INFO - Executing <Task(BashOperator): task_bash> on 2025-01-01 07:22:30+00:00
[2025-02-06T12:51:43.411+0000] {standard_task_runner.py:72} INFO - Started process 14680 to run task
[2025-02-06T12:51:43.413+0000] {standard_task_runner.py:104} INFO - Running: ['airflow', 'tasks', 'run', 'my_first_dag', 'task_bash', 'scheduled__2025-01-01T07:22:30+00:00', '--job-id', '2985', '--raw', '--subdir', 'DAGS_FOLDER/first_dag.py', '--cfg-path', '/tmp/tmpkrl5k91y']
[2025-02-06T12:51:43.414+0000] {standard_task_runner.py:105} INFO - Job 2985: Subtask task_bash
[2025-02-06T12:51:43.492+0000] {task_command.py:467} INFO - Running <TaskInstance: my_first_dag.task_bash scheduled__2025-01-01T07:22:30+00:00 [running]> on host f59ce29465b4
[2025-02-06T12:51:43.602+0000] {taskinstance.py:3132} INFO - Exporting env vars: AIRFLOW_CTX_DAG_OWNER='airflow' AIRFLOW_CTX_DAG_ID='my_first_dag' AIRFLOW_CTX_TASK_ID='task_bash' AIRFLOW_CTX_EXECUTION_DATE='2025-01-01T07:22:30+00:00' AIRFLOW_CTX_TRY_NUMBER='1' AIRFLOW_CTX_DAG_RUN_ID='scheduled__2025-01-01T07:22:30+00:00'
[2025-02-06T12:51:43.604+0000] {logging_mixin.py:190} INFO - Task instance is in running state
[2025-02-06T12:51:43.604+0000] {logging_mixin.py:190} INFO -  Previous state of the Task instance: queued
[2025-02-06T12:51:43.605+0000] {logging_mixin.py:190} INFO - Current task name:task_bash state:running start_date:2025-02-06 12:51:43.351566+00:00
[2025-02-06T12:51:43.605+0000] {logging_mixin.py:190} INFO - Dag name:my_first_dag and current dag run status:running
[2025-02-06T12:51:43.605+0000] {taskinstance.py:731} INFO - ::endgroup::
[2025-02-06T12:51:43.606+0000] {subprocess.py:78} INFO - Tmp dir root location: /tmp
[2025-02-06T12:51:43.609+0000] {subprocess.py:88} INFO - Running command: ['/usr/bin/bash', '-c', "echo 'Hello World' >> /root/airflow/text.txt"]
[2025-02-06T12:51:43.617+0000] {subprocess.py:99} INFO - Output:
[2025-02-06T12:51:43.621+0000] {subprocess.py:110} INFO - Command exited with return code 0
[2025-02-06T12:51:43.676+0000] {taskinstance.py:340} INFO - ::group::Post task execution logs
[2025-02-06T12:51:43.676+0000] {taskinstance.py:352} INFO - Marking task as SUCCESS. dag_id=my_first_dag, task_id=task_bash, run_id=scheduled__2025-01-01T07:22:30+00:00, execution_date=20250101T072230, start_date=20250206T125143, end_date=20250206T125143
[2025-02-06T12:51:43.709+0000] {logging_mixin.py:190} INFO - Task instance in success state
[2025-02-06T12:51:43.710+0000] {logging_mixin.py:190} INFO -  Previous state of the Task instance: running
[2025-02-06T12:51:43.711+0000] {logging_mixin.py:190} INFO - Dag name:my_first_dag queued_at:2025-02-06 12:51:31.728685+00:00
[2025-02-06T12:51:43.711+0000] {logging_mixin.py:190} INFO - Task hostname:f59ce29465b4 operator:BashOperator
[2025-02-06T12:51:43.747+0000] {local_task_job_runner.py:266} INFO - Task exited with return code 0
[2025-02-06T12:51:43.784+0000] {taskinstance.py:3895} INFO - 1 downstream tasks scheduled from follow-on schedule check
[2025-02-06T12:51:43.797+0000] {local_task_job_runner.py:245} INFO - ::endgroup::
