[2025-02-06T10:12:19.713+0000] {local_task_job_runner.py:123} INFO - ::group::Pre task execution logs
[2025-02-06T10:12:19.735+0000] {taskinstance.py:2613} INFO - Dependencies all met for dep_context=non-requeueable deps ti=<TaskInstance: my_first_dag.task_bash scheduled__2025-01-01T05:44:30+00:00 [queued]>
[2025-02-06T10:12:19.763+0000] {taskinstance.py:2613} INFO - Dependencies all met for dep_context=requeueable deps ti=<TaskInstance: my_first_dag.task_bash scheduled__2025-01-01T05:44:30+00:00 [queued]>
[2025-02-06T10:12:19.765+0000] {taskinstance.py:2866} INFO - Starting attempt 1 of 1
[2025-02-06T10:12:19.804+0000] {taskinstance.py:2889} INFO - Executing <Task(BashOperator): task_bash> on 2025-01-01 05:44:30+00:00
[2025-02-06T10:12:19.808+0000] {standard_task_runner.py:72} INFO - Started process 2685 to run task
[2025-02-06T10:12:19.813+0000] {standard_task_runner.py:104} INFO - Running: ['airflow', 'tasks', 'run', 'my_first_dag', 'task_bash', 'scheduled__2025-01-01T05:44:30+00:00', '--job-id', '1756', '--raw', '--subdir', 'DAGS_FOLDER/first_dag.py', '--cfg-path', '/tmp/tmp7saf0vrq']
[2025-02-06T10:12:19.815+0000] {standard_task_runner.py:105} INFO - Job 1756: Subtask task_bash
[2025-02-06T10:12:19.903+0000] {task_command.py:467} INFO - Running <TaskInstance: my_first_dag.task_bash scheduled__2025-01-01T05:44:30+00:00 [running]> on host 1f20f9aee2e1
[2025-02-06T10:12:20.041+0000] {taskinstance.py:3132} INFO - Exporting env vars: AIRFLOW_CTX_DAG_OWNER='airflow' AIRFLOW_CTX_DAG_ID='my_first_dag' AIRFLOW_CTX_TASK_ID='task_bash' AIRFLOW_CTX_EXECUTION_DATE='2025-01-01T05:44:30+00:00' AIRFLOW_CTX_TRY_NUMBER='1' AIRFLOW_CTX_DAG_RUN_ID='scheduled__2025-01-01T05:44:30+00:00'
[2025-02-06T10:12:20.043+0000] {logging_mixin.py:190} INFO - Task instance is in running state
[2025-02-06T10:12:20.044+0000] {logging_mixin.py:190} INFO -  Previous state of the Task instance: queued
[2025-02-06T10:12:20.044+0000] {logging_mixin.py:190} INFO - Current task name:task_bash state:running start_date:2025-02-06 10:12:19.735951+00:00
[2025-02-06T10:12:20.045+0000] {logging_mixin.py:190} INFO - Dag name:my_first_dag and current dag run status:running
[2025-02-06T10:12:20.045+0000] {taskinstance.py:731} INFO - ::endgroup::
[2025-02-06T10:12:20.046+0000] {subprocess.py:78} INFO - Tmp dir root location: /tmp
[2025-02-06T10:12:20.047+0000] {subprocess.py:88} INFO - Running command: ['/usr/bin/bash', '-c', "echo 'Hello World' >> /root/airflow/text.txt"]
[2025-02-06T10:12:20.053+0000] {subprocess.py:99} INFO - Output:
[2025-02-06T10:12:20.058+0000] {subprocess.py:110} INFO - Command exited with return code 0
[2025-02-06T10:12:20.106+0000] {taskinstance.py:340} INFO - ::group::Post task execution logs
[2025-02-06T10:12:20.107+0000] {taskinstance.py:352} INFO - Marking task as SUCCESS. dag_id=my_first_dag, task_id=task_bash, run_id=scheduled__2025-01-01T05:44:30+00:00, execution_date=20250101T054430, start_date=20250206T101219, end_date=20250206T101220
[2025-02-06T10:12:20.145+0000] {logging_mixin.py:190} INFO - Task instance in success state
[2025-02-06T10:12:20.146+0000] {logging_mixin.py:190} INFO -  Previous state of the Task instance: running
[2025-02-06T10:12:20.146+0000] {logging_mixin.py:190} INFO - Dag name:my_first_dag queued_at:2025-02-06 10:12:04.778066+00:00
[2025-02-06T10:12:20.147+0000] {logging_mixin.py:190} INFO - Task hostname:1f20f9aee2e1 operator:BashOperator
[2025-02-06T10:12:20.188+0000] {local_task_job_runner.py:266} INFO - Task exited with return code 0
[2025-02-06T10:12:20.229+0000] {taskinstance.py:3895} INFO - 1 downstream tasks scheduled from follow-on schedule check
[2025-02-06T10:12:20.241+0000] {local_task_job_runner.py:245} INFO - ::endgroup::
