[2025-02-06T09:55:07.946+0000] {local_task_job_runner.py:123} INFO - ::group::Pre task execution logs
[2025-02-06T09:55:07.972+0000] {taskinstance.py:2613} INFO - Dependencies all met for dep_context=non-requeueable deps ti=<TaskInstance: my_first_dag.task_2 scheduled__2025-01-01T04:56:30+00:00 [queued]>
[2025-02-06T09:55:07.996+0000] {taskinstance.py:2613} INFO - Dependencies all met for dep_context=requeueable deps ti=<TaskInstance: my_first_dag.task_2 scheduled__2025-01-01T04:56:30+00:00 [queued]>
[2025-02-06T09:55:07.998+0000] {taskinstance.py:2866} INFO - Starting attempt 1 of 1
[2025-02-06T09:55:08.030+0000] {taskinstance.py:2889} INFO - Executing <Task(PythonOperator): task_2> on 2025-01-01 04:56:30+00:00
[2025-02-06T09:55:08.033+0000] {standard_task_runner.py:72} INFO - Started process 920 to run task
[2025-02-06T09:55:08.035+0000] {standard_task_runner.py:104} INFO - Running: ['airflow', 'tasks', 'run', 'my_first_dag', 'task_2', 'scheduled__2025-01-01T04:56:30+00:00', '--job-id', '1401', '--raw', '--subdir', 'DAGS_FOLDER/first_dag.py', '--cfg-path', '/tmp/tmpa833u6c2']
[2025-02-06T09:55:08.036+0000] {standard_task_runner.py:105} INFO - Job 1401: Subtask task_2
[2025-02-06T09:55:08.110+0000] {task_command.py:467} INFO - Running <TaskInstance: my_first_dag.task_2 scheduled__2025-01-01T04:56:30+00:00 [running]> on host 1f20f9aee2e1
[2025-02-06T09:55:08.230+0000] {taskinstance.py:3132} INFO - Exporting env vars: AIRFLOW_CTX_DAG_OWNER='airflow' AIRFLOW_CTX_DAG_ID='my_first_dag' AIRFLOW_CTX_TASK_ID='task_2' AIRFLOW_CTX_EXECUTION_DATE='2025-01-01T04:56:30+00:00' AIRFLOW_CTX_TRY_NUMBER='1' AIRFLOW_CTX_DAG_RUN_ID='scheduled__2025-01-01T04:56:30+00:00'
[2025-02-06T09:55:08.232+0000] {logging_mixin.py:190} INFO - Task instance is in running state
[2025-02-06T09:55:08.232+0000] {logging_mixin.py:190} INFO -  Previous state of the Task instance: queued
[2025-02-06T09:55:08.233+0000] {logging_mixin.py:190} INFO - Current task name:task_2 state:running start_date:2025-02-06 09:55:07.973581+00:00
[2025-02-06T09:55:08.234+0000] {logging_mixin.py:190} INFO - Dag name:my_first_dag and current dag run status:running
[2025-02-06T09:55:08.235+0000] {taskinstance.py:731} INFO - ::endgroup::
[2025-02-06T09:55:08.236+0000] {logging_mixin.py:190} INFO - Hello World
[2025-02-06T09:55:08.236+0000] {logging_mixin.py:190} INFO - 0
[2025-02-06T09:55:08.236+0000] {python.py:240} INFO - Done. Returned value was: 42
[2025-02-06T09:55:08.345+0000] {taskinstance.py:340} INFO - ::group::Post task execution logs
[2025-02-06T09:55:08.345+0000] {taskinstance.py:352} INFO - Marking task as SUCCESS. dag_id=my_first_dag, task_id=task_2, run_id=scheduled__2025-01-01T04:56:30+00:00, execution_date=20250101T045630, start_date=20250206T095507, end_date=20250206T095508
[2025-02-06T09:55:08.381+0000] {logging_mixin.py:190} INFO - Task instance in success state
[2025-02-06T09:55:08.382+0000] {logging_mixin.py:190} INFO -  Previous state of the Task instance: running
[2025-02-06T09:55:08.382+0000] {logging_mixin.py:190} INFO - Dag name:my_first_dag queued_at:2025-02-06 09:54:54.274040+00:00
[2025-02-06T09:55:08.383+0000] {logging_mixin.py:190} INFO - Task hostname:1f20f9aee2e1 operator:PythonOperator
[2025-02-06T09:55:08.409+0000] {local_task_job_runner.py:266} INFO - Task exited with return code 0
[2025-02-06T09:55:08.436+0000] {taskinstance.py:3895} INFO - 1 downstream tasks scheduled from follow-on schedule check
[2025-02-06T09:55:08.447+0000] {local_task_job_runner.py:245} INFO - ::endgroup::
