[2025-02-06T08:48:00.944+0000] {local_task_job_runner.py:123} INFO - ::group::Pre task execution logs
[2025-02-06T08:48:00.964+0000] {taskinstance.py:2613} INFO - Dependencies all met for dep_context=non-requeueable deps ti=<TaskInstance: my_first_dag.task_2 scheduled__2025-01-01T00:21:00+00:00 [queued]>
[2025-02-06T08:48:00.978+0000] {taskinstance.py:2613} INFO - Dependencies all met for dep_context=requeueable deps ti=<TaskInstance: my_first_dag.task_2 scheduled__2025-01-01T00:21:00+00:00 [queued]>
[2025-02-06T08:48:00.979+0000] {taskinstance.py:2866} INFO - Starting attempt 1 of 1
[2025-02-06T08:48:01.011+0000] {taskinstance.py:2889} INFO - Executing <Task(PythonOperator): task_2> on 2025-01-01 00:21:00+00:00
[2025-02-06T08:48:01.014+0000] {standard_task_runner.py:72} INFO - Started process 47 to run task
[2025-02-06T08:48:01.015+0000] {standard_task_runner.py:104} INFO - Running: ['airflow', 'tasks', 'run', 'my_first_dag', 'task_2', 'scheduled__2025-01-01T00:21:00+00:00', '--job-id', '52', '--raw', '--subdir', 'DAGS_FOLDER/first_dag.py', '--cfg-path', '/tmp/tmpft_m4zk3']
[2025-02-06T08:48:01.016+0000] {standard_task_runner.py:105} INFO - Job 52: Subtask task_2
[2025-02-06T08:48:01.092+0000] {task_command.py:467} INFO - Running <TaskInstance: my_first_dag.task_2 scheduled__2025-01-01T00:21:00+00:00 [running]> on host 128ac2960630
[2025-02-06T08:48:01.191+0000] {taskinstance.py:3132} INFO - Exporting env vars: AIRFLOW_CTX_DAG_OWNER='airflow' AIRFLOW_CTX_DAG_ID='my_first_dag' AIRFLOW_CTX_TASK_ID='task_2' AIRFLOW_CTX_EXECUTION_DATE='2025-01-01T00:21:00+00:00' AIRFLOW_CTX_TRY_NUMBER='1' AIRFLOW_CTX_DAG_RUN_ID='scheduled__2025-01-01T00:21:00+00:00'
[2025-02-06T08:48:01.193+0000] {logging_mixin.py:190} INFO - Task instance is in running state
[2025-02-06T08:48:01.193+0000] {logging_mixin.py:190} INFO -  Previous state of the Task instance: queued
[2025-02-06T08:48:01.194+0000] {logging_mixin.py:190} INFO - Current task name:task_2 state:running start_date:2025-02-06 08:48:00.965591+00:00
[2025-02-06T08:48:01.194+0000] {logging_mixin.py:190} INFO - Dag name:my_first_dag and current dag run status:running
[2025-02-06T08:48:01.195+0000] {taskinstance.py:731} INFO - ::endgroup::
[2025-02-06T08:48:01.195+0000] {logging_mixin.py:190} INFO - Hello World
[2025-02-06T08:48:01.196+0000] {python.py:240} INFO - Done. Returned value was: None
[2025-02-06T08:48:01.207+0000] {taskinstance.py:340} INFO - ::group::Post task execution logs
[2025-02-06T08:48:01.208+0000] {taskinstance.py:352} INFO - Marking task as SUCCESS. dag_id=my_first_dag, task_id=task_2, run_id=scheduled__2025-01-01T00:21:00+00:00, execution_date=20250101T002100, start_date=20250206T084800, end_date=20250206T084801
[2025-02-06T08:48:01.237+0000] {logging_mixin.py:190} INFO - Task instance in success state
[2025-02-06T08:48:01.238+0000] {logging_mixin.py:190} INFO -  Previous state of the Task instance: running
[2025-02-06T08:48:01.238+0000] {logging_mixin.py:190} INFO - Dag name:my_first_dag queued_at:2025-02-06 08:47:54.635946+00:00
[2025-02-06T08:48:01.238+0000] {logging_mixin.py:190} INFO - Task hostname:128ac2960630 operator:PythonOperator
[2025-02-06T08:48:01.269+0000] {local_task_job_runner.py:266} INFO - Task exited with return code 0
[2025-02-06T08:48:01.285+0000] {taskinstance.py:3895} INFO - 0 downstream tasks scheduled from follow-on schedule check
[2025-02-06T08:48:01.287+0000] {local_task_job_runner.py:245} INFO - ::endgroup::
