[2025-02-06T09:32:28.775+0000] {local_task_job_runner.py:123} INFO - ::group::Pre task execution logs
[2025-02-06T09:32:28.805+0000] {taskinstance.py:2613} INFO - Dependencies all met for dep_context=non-requeueable deps ti=<TaskInstance: my_first_dag.task_1 scheduled__2025-01-01T03:54:30+00:00 [queued]>
[2025-02-06T09:32:28.824+0000] {taskinstance.py:2613} INFO - Dependencies all met for dep_context=requeueable deps ti=<TaskInstance: my_first_dag.task_1 scheduled__2025-01-01T03:54:30+00:00 [queued]>
[2025-02-06T09:32:28.826+0000] {taskinstance.py:2866} INFO - Starting attempt 1 of 1
[2025-02-06T09:32:28.865+0000] {taskinstance.py:2889} INFO - Executing <Task(PythonOperator): task_1> on 2025-01-01 03:54:30+00:00
[2025-02-06T09:32:28.868+0000] {standard_task_runner.py:72} INFO - Started process 388 to run task
[2025-02-06T09:32:28.870+0000] {standard_task_runner.py:104} INFO - Running: ['airflow', 'tasks', 'run', 'my_first_dag', 'task_1', 'scheduled__2025-01-01T03:54:30+00:00', '--job-id', '950', '--raw', '--subdir', 'DAGS_FOLDER/first_dag.py', '--cfg-path', '/tmp/tmp18o7b8dn']
[2025-02-06T09:32:28.871+0000] {standard_task_runner.py:105} INFO - Job 950: Subtask task_1
[2025-02-06T09:32:28.950+0000] {task_command.py:467} INFO - Running <TaskInstance: my_first_dag.task_1 scheduled__2025-01-01T03:54:30+00:00 [running]> on host 25879eaf192c
[2025-02-06T09:32:29.070+0000] {taskinstance.py:3132} INFO - Exporting env vars: AIRFLOW_CTX_DAG_OWNER='airflow' AIRFLOW_CTX_DAG_ID='my_first_dag' AIRFLOW_CTX_TASK_ID='task_1' AIRFLOW_CTX_EXECUTION_DATE='2025-01-01T03:54:30+00:00' AIRFLOW_CTX_TRY_NUMBER='1' AIRFLOW_CTX_DAG_RUN_ID='scheduled__2025-01-01T03:54:30+00:00'
[2025-02-06T09:32:29.071+0000] {logging_mixin.py:190} INFO - Task instance is in running state
[2025-02-06T09:32:29.071+0000] {logging_mixin.py:190} INFO -  Previous state of the Task instance: queued
[2025-02-06T09:32:29.072+0000] {logging_mixin.py:190} INFO - Current task name:task_1 state:running start_date:2025-02-06 09:32:28.805819+00:00
[2025-02-06T09:32:29.073+0000] {logging_mixin.py:190} INFO - Dag name:my_first_dag and current dag run status:running
[2025-02-06T09:32:29.073+0000] {taskinstance.py:731} INFO - ::endgroup::
[2025-02-06T09:32:29.074+0000] {logging_mixin.py:190} INFO - Hello World
[2025-02-06T09:32:29.074+0000] {python.py:240} INFO - Done. Returned value was: None
[2025-02-06T09:32:29.087+0000] {taskinstance.py:340} INFO - ::group::Post task execution logs
[2025-02-06T09:32:29.087+0000] {taskinstance.py:352} INFO - Marking task as SUCCESS. dag_id=my_first_dag, task_id=task_1, run_id=scheduled__2025-01-01T03:54:30+00:00, execution_date=20250101T035430, start_date=20250206T093228, end_date=20250206T093229
[2025-02-06T09:32:29.126+0000] {logging_mixin.py:190} INFO - Task instance in success state
[2025-02-06T09:32:29.126+0000] {logging_mixin.py:190} INFO -  Previous state of the Task instance: running
[2025-02-06T09:32:29.127+0000] {logging_mixin.py:190} INFO - Dag name:my_first_dag queued_at:2025-02-06 09:32:05.184645+00:00
[2025-02-06T09:32:29.127+0000] {logging_mixin.py:190} INFO - Task hostname:25879eaf192c operator:PythonOperator
[2025-02-06T09:32:29.164+0000] {local_task_job_runner.py:266} INFO - Task exited with return code 0
[2025-02-06T09:32:29.193+0000] {taskinstance.py:3895} INFO - 1 downstream tasks scheduled from follow-on schedule check
[2025-02-06T09:32:29.202+0000] {local_task_job_runner.py:245} INFO - ::endgroup::
