[2025-02-06T11:59:20.178+0000] {local_task_job_runner.py:123} INFO - ::group::Pre task execution logs
[2025-02-06T11:59:20.210+0000] {taskinstance.py:2613} INFO - Dependencies all met for dep_context=non-requeueable deps ti=<TaskInstance: my_first_dag.first_task scheduled__2025-01-01T06:34:00+00:00 [queued]>
[2025-02-06T11:59:20.274+0000] {taskinstance.py:2613} INFO - Dependencies all met for dep_context=requeueable deps ti=<TaskInstance: my_first_dag.first_task scheduled__2025-01-01T06:34:00+00:00 [queued]>
[2025-02-06T11:59:20.276+0000] {taskinstance.py:2866} INFO - Starting attempt 1 of 1
[2025-02-06T11:59:20.369+0000] {taskinstance.py:2889} INFO - Executing <Task(PythonOperator): first_task> on 2025-01-01 06:34:00+00:00
[2025-02-06T11:59:20.376+0000] {standard_task_runner.py:72} INFO - Started process 414 to run task
[2025-02-06T11:59:20.381+0000] {standard_task_runner.py:104} INFO - Running: ['airflow', 'tasks', 'run', 'my_first_dag', 'first_task', 'scheduled__2025-01-01T06:34:00+00:00', '--job-id', '2258', '--raw', '--subdir', 'DAGS_FOLDER/first_dag.py', '--cfg-path', '/tmp/tmphn8t_6a5']
[2025-02-06T11:59:20.384+0000] {standard_task_runner.py:105} INFO - Job 2258: Subtask first_task
[2025-02-06T11:59:20.577+0000] {task_command.py:467} INFO - Running <TaskInstance: my_first_dag.first_task scheduled__2025-01-01T06:34:00+00:00 [running]> on host f73fb7f0e18f
[2025-02-06T11:59:20.821+0000] {taskinstance.py:3132} INFO - Exporting env vars: AIRFLOW_CTX_DAG_OWNER='airflow' AIRFLOW_CTX_DAG_ID='my_first_dag' AIRFLOW_CTX_TASK_ID='first_task' AIRFLOW_CTX_EXECUTION_DATE='2025-01-01T06:34:00+00:00' AIRFLOW_CTX_TRY_NUMBER='1' AIRFLOW_CTX_DAG_RUN_ID='scheduled__2025-01-01T06:34:00+00:00'
[2025-02-06T11:59:20.825+0000] {logging_mixin.py:190} INFO - Task instance is in running state
[2025-02-06T11:59:20.826+0000] {logging_mixin.py:190} INFO -  Previous state of the Task instance: queued
[2025-02-06T11:59:20.827+0000] {logging_mixin.py:190} INFO - Current task name:first_task state:running start_date:2025-02-06 11:59:20.212489+00:00
[2025-02-06T11:59:20.828+0000] {logging_mixin.py:190} INFO - Dag name:my_first_dag and current dag run status:running
[2025-02-06T11:59:20.828+0000] {taskinstance.py:731} INFO - ::endgroup::
[2025-02-06T11:59:20.886+0000] {python.py:240} INFO - Done. Returned value was: 363
[2025-02-06T11:59:20.962+0000] {taskinstance.py:340} INFO - ::group::Post task execution logs
[2025-02-06T11:59:20.964+0000] {taskinstance.py:352} INFO - Marking task as SUCCESS. dag_id=my_first_dag, task_id=first_task, run_id=scheduled__2025-01-01T06:34:00+00:00, execution_date=20250101T063400, start_date=20250206T115920, end_date=20250206T115920
[2025-02-06T11:59:21.369+0000] {logging_mixin.py:190} INFO - Task instance in success state
[2025-02-06T11:59:21.370+0000] {logging_mixin.py:190} INFO -  Previous state of the Task instance: running
[2025-02-06T11:59:21.371+0000] {logging_mixin.py:190} INFO - Dag name:my_first_dag queued_at:2025-02-06 11:59:16.684022+00:00
[2025-02-06T11:59:21.372+0000] {logging_mixin.py:190} INFO - Task hostname:f73fb7f0e18f operator:PythonOperator
[2025-02-06T11:59:21.405+0000] {local_task_job_runner.py:266} INFO - Task exited with return code 0
[2025-02-06T11:59:21.466+0000] {taskinstance.py:3895} INFO - 1 downstream tasks scheduled from follow-on schedule check
[2025-02-06T11:59:21.482+0000] {local_task_job_runner.py:245} INFO - ::endgroup::
