[2025-02-06T09:23:18.307+0000] {local_task_job_runner.py:123} INFO - ::group::Pre task execution logs
[2025-02-06T09:23:18.330+0000] {taskinstance.py:2613} INFO - Dependencies all met for dep_context=non-requeueable deps ti=<TaskInstance: my_first_dag.task_1 scheduled__2025-01-01T03:22:00+00:00 [queued]>
[2025-02-06T09:23:18.349+0000] {taskinstance.py:2613} INFO - Dependencies all met for dep_context=requeueable deps ti=<TaskInstance: my_first_dag.task_1 scheduled__2025-01-01T03:22:00+00:00 [queued]>
[2025-02-06T09:23:18.351+0000] {taskinstance.py:2866} INFO - Starting attempt 1 of 1
[2025-02-06T09:23:18.385+0000] {taskinstance.py:2889} INFO - Executing <Task(PythonOperator): task_1> on 2025-01-01 03:22:00+00:00
[2025-02-06T09:23:18.389+0000] {standard_task_runner.py:72} INFO - Started process 2088 to run task
[2025-02-06T09:23:18.391+0000] {standard_task_runner.py:104} INFO - Running: ['airflow', 'tasks', 'run', 'my_first_dag', 'task_1', 'scheduled__2025-01-01T03:22:00+00:00', '--job-id', '766', '--raw', '--subdir', 'DAGS_FOLDER/first_dag.py', '--cfg-path', '/tmp/tmplk0emu8w']
[2025-02-06T09:23:18.392+0000] {standard_task_runner.py:105} INFO - Job 766: Subtask task_1
[2025-02-06T09:23:18.470+0000] {task_command.py:467} INFO - Running <TaskInstance: my_first_dag.task_1 scheduled__2025-01-01T03:22:00+00:00 [running]> on host 6f30e18c7b14
[2025-02-06T09:23:18.586+0000] {taskinstance.py:3132} INFO - Exporting env vars: AIRFLOW_CTX_DAG_OWNER='airflow' AIRFLOW_CTX_DAG_ID='my_first_dag' AIRFLOW_CTX_TASK_ID='task_1' AIRFLOW_CTX_EXECUTION_DATE='2025-01-01T03:22:00+00:00' AIRFLOW_CTX_TRY_NUMBER='1' AIRFLOW_CTX_DAG_RUN_ID='scheduled__2025-01-01T03:22:00+00:00'
[2025-02-06T09:23:18.588+0000] {logging_mixin.py:190} INFO - Task instance is in running state
[2025-02-06T09:23:18.588+0000] {logging_mixin.py:190} INFO -  Previous state of the Task instance: queued
[2025-02-06T09:23:18.589+0000] {logging_mixin.py:190} INFO - Current task name:task_1 state:running start_date:2025-02-06 09:23:18.330993+00:00
[2025-02-06T09:23:18.589+0000] {logging_mixin.py:190} INFO - Dag name:my_first_dag and current dag run status:running
[2025-02-06T09:23:18.590+0000] {taskinstance.py:731} INFO - ::endgroup::
[2025-02-06T09:23:18.591+0000] {logging_mixin.py:190} INFO - Hello World
[2025-02-06T09:23:18.592+0000] {python.py:240} INFO - Done. Returned value was: None
[2025-02-06T09:23:18.603+0000] {taskinstance.py:340} INFO - ::group::Post task execution logs
[2025-02-06T09:23:18.604+0000] {taskinstance.py:352} INFO - Marking task as SUCCESS. dag_id=my_first_dag, task_id=task_1, run_id=scheduled__2025-01-01T03:22:00+00:00, execution_date=20250101T032200, start_date=20250206T092318, end_date=20250206T092318
[2025-02-06T09:23:18.645+0000] {logging_mixin.py:190} INFO - Task instance in success state
[2025-02-06T09:23:18.645+0000] {logging_mixin.py:190} INFO -  Previous state of the Task instance: running
[2025-02-06T09:23:18.646+0000] {logging_mixin.py:190} INFO - Dag name:my_first_dag queued_at:2025-02-06 09:23:11.621532+00:00
[2025-02-06T09:23:18.646+0000] {logging_mixin.py:190} INFO - Task hostname:6f30e18c7b14 operator:PythonOperator
[2025-02-06T09:23:18.685+0000] {local_task_job_runner.py:266} INFO - Task exited with return code 0
[2025-02-06T09:23:18.708+0000] {taskinstance.py:3895} INFO - 0 downstream tasks scheduled from follow-on schedule check
[2025-02-06T09:23:18.710+0000] {local_task_job_runner.py:245} INFO - ::endgroup::
