[2025-02-06T10:09:34.350+0000] {local_task_job_runner.py:123} INFO - ::group::Pre task execution logs
[2025-02-06T10:09:34.373+0000] {taskinstance.py:2613} INFO - Dependencies all met for dep_context=non-requeueable deps ti=<TaskInstance: my_first_dag.task_goodbye scheduled__2025-01-01T05:37:00+00:00 [queued]>
[2025-02-06T10:09:34.401+0000] {taskinstance.py:2613} INFO - Dependencies all met for dep_context=requeueable deps ti=<TaskInstance: my_first_dag.task_goodbye scheduled__2025-01-01T05:37:00+00:00 [queued]>
[2025-02-06T10:09:34.403+0000] {taskinstance.py:2866} INFO - Starting attempt 1 of 1
[2025-02-06T10:09:34.443+0000] {taskinstance.py:2889} INFO - Executing <Task(PythonOperator): task_goodbye> on 2025-01-01 05:37:00+00:00
[2025-02-06T10:09:34.446+0000] {standard_task_runner.py:72} INFO - Started process 2403 to run task
[2025-02-06T10:09:34.449+0000] {standard_task_runner.py:104} INFO - Running: ['airflow', 'tasks', 'run', 'my_first_dag', 'task_goodbye', 'scheduled__2025-01-01T05:37:00+00:00', '--job-id', '1694', '--raw', '--subdir', 'DAGS_FOLDER/first_dag.py', '--cfg-path', '/tmp/tmp9jl9jqxb']
[2025-02-06T10:09:34.450+0000] {standard_task_runner.py:105} INFO - Job 1694: Subtask task_goodbye
[2025-02-06T10:09:34.539+0000] {task_command.py:467} INFO - Running <TaskInstance: my_first_dag.task_goodbye scheduled__2025-01-01T05:37:00+00:00 [running]> on host 1f20f9aee2e1
[2025-02-06T10:09:34.659+0000] {taskinstance.py:3132} INFO - Exporting env vars: AIRFLOW_CTX_DAG_OWNER='airflow' AIRFLOW_CTX_DAG_ID='my_first_dag' AIRFLOW_CTX_TASK_ID='task_goodbye' AIRFLOW_CTX_EXECUTION_DATE='2025-01-01T05:37:00+00:00' AIRFLOW_CTX_TRY_NUMBER='1' AIRFLOW_CTX_DAG_RUN_ID='scheduled__2025-01-01T05:37:00+00:00'
[2025-02-06T10:09:34.661+0000] {logging_mixin.py:190} INFO - Task instance is in running state
[2025-02-06T10:09:34.662+0000] {logging_mixin.py:190} INFO -  Previous state of the Task instance: queued
[2025-02-06T10:09:34.662+0000] {logging_mixin.py:190} INFO - Current task name:task_goodbye state:running start_date:2025-02-06 10:09:34.373713+00:00
[2025-02-06T10:09:34.663+0000] {logging_mixin.py:190} INFO - Dag name:my_first_dag and current dag run status:running
[2025-02-06T10:09:34.663+0000] {taskinstance.py:731} INFO - ::endgroup::
[2025-02-06T10:09:34.664+0000] {logging_mixin.py:190} INFO - Goodbye
[2025-02-06T10:09:34.664+0000] {python.py:240} INFO - Done. Returned value was: None
[2025-02-06T10:09:34.677+0000] {taskinstance.py:340} INFO - ::group::Post task execution logs
[2025-02-06T10:09:34.677+0000] {taskinstance.py:352} INFO - Marking task as SUCCESS. dag_id=my_first_dag, task_id=task_goodbye, run_id=scheduled__2025-01-01T05:37:00+00:00, execution_date=20250101T053700, start_date=20250206T100934, end_date=20250206T100934
[2025-02-06T10:09:34.796+0000] {logging_mixin.py:190} INFO - Task instance in success state
[2025-02-06T10:09:34.797+0000] {logging_mixin.py:190} INFO -  Previous state of the Task instance: running
[2025-02-06T10:09:34.798+0000] {logging_mixin.py:190} INFO - Dag name:my_first_dag queued_at:2025-02-06 10:08:56.480899+00:00
[2025-02-06T10:09:34.798+0000] {logging_mixin.py:190} INFO - Task hostname:1f20f9aee2e1 operator:PythonOperator
[2025-02-06T10:09:34.823+0000] {local_task_job_runner.py:266} INFO - Task exited with return code 0
[2025-02-06T10:09:34.867+0000] {taskinstance.py:3895} INFO - 0 downstream tasks scheduled from follow-on schedule check
[2025-02-06T10:09:34.871+0000] {local_task_job_runner.py:245} INFO - ::endgroup::
