[2025-02-06T10:21:36.996+0000] {local_task_job_runner.py:123} INFO - ::group::Pre task execution logs
[2025-02-06T10:21:37.021+0000] {taskinstance.py:2613} INFO - Dependencies all met for dep_context=non-requeueable deps ti=<TaskInstance: my_first_dag.task_bash manual__2025-02-06T10:21:17.997573+00:00 [queued]>
[2025-02-06T10:21:37.050+0000] {taskinstance.py:2613} INFO - Dependencies all met for dep_context=requeueable deps ti=<TaskInstance: my_first_dag.task_bash manual__2025-02-06T10:21:17.997573+00:00 [queued]>
[2025-02-06T10:21:37.052+0000] {taskinstance.py:2866} INFO - Starting attempt 1 of 1
[2025-02-06T10:21:37.093+0000] {taskinstance.py:2889} INFO - Executing <Task(BashOperator): task_bash> on 2025-02-06 10:21:17.997573+00:00
[2025-02-06T10:21:37.097+0000] {standard_task_runner.py:72} INFO - Started process 3651 to run task
[2025-02-06T10:21:37.099+0000] {standard_task_runner.py:104} INFO - Running: ['airflow', 'tasks', 'run', 'my_first_dag', 'task_bash', 'manual__2025-02-06T10:21:17.997573+00:00', '--job-id', '1965', '--raw', '--subdir', 'DAGS_FOLDER/first_dag.py', '--cfg-path', '/tmp/tmpf2yzn4ht']
[2025-02-06T10:21:37.100+0000] {standard_task_runner.py:105} INFO - Job 1965: Subtask task_bash
[2025-02-06T10:21:37.186+0000] {task_command.py:467} INFO - Running <TaskInstance: my_first_dag.task_bash manual__2025-02-06T10:21:17.997573+00:00 [running]> on host 1f20f9aee2e1
[2025-02-06T10:21:37.377+0000] {taskinstance.py:3132} INFO - Exporting env vars: AIRFLOW_CTX_DAG_OWNER='airflow' AIRFLOW_CTX_DAG_ID='my_first_dag' AIRFLOW_CTX_TASK_ID='task_bash' AIRFLOW_CTX_EXECUTION_DATE='2025-02-06T10:21:17.997573+00:00' AIRFLOW_CTX_TRY_NUMBER='1' AIRFLOW_CTX_DAG_RUN_ID='manual__2025-02-06T10:21:17.997573+00:00'
[2025-02-06T10:21:37.379+0000] {logging_mixin.py:190} INFO - Task instance is in running state
[2025-02-06T10:21:37.379+0000] {logging_mixin.py:190} INFO -  Previous state of the Task instance: queued
[2025-02-06T10:21:37.379+0000] {logging_mixin.py:190} INFO - Current task name:task_bash state:running start_date:2025-02-06 10:21:37.022845+00:00
[2025-02-06T10:21:37.380+0000] {logging_mixin.py:190} INFO - Dag name:my_first_dag and current dag run status:running
[2025-02-06T10:21:37.380+0000] {taskinstance.py:731} INFO - ::endgroup::
[2025-02-06T10:21:37.381+0000] {subprocess.py:78} INFO - Tmp dir root location: /tmp
[2025-02-06T10:21:37.382+0000] {subprocess.py:88} INFO - Running command: ['/usr/bin/bash', '-c', "echo 'Hello World' >> /root/airflow/text.txt"]
[2025-02-06T10:21:37.388+0000] {subprocess.py:99} INFO - Output:
[2025-02-06T10:21:37.391+0000] {subprocess.py:110} INFO - Command exited with return code 0
[2025-02-06T10:21:37.436+0000] {taskinstance.py:340} INFO - ::group::Post task execution logs
[2025-02-06T10:21:37.437+0000] {taskinstance.py:352} INFO - Marking task as SUCCESS. dag_id=my_first_dag, task_id=task_bash, run_id=manual__2025-02-06T10:21:17.997573+00:00, execution_date=20250206T102117, start_date=20250206T102137, end_date=20250206T102137
[2025-02-06T10:21:37.476+0000] {logging_mixin.py:190} INFO - Task instance in success state
[2025-02-06T10:21:37.477+0000] {logging_mixin.py:190} INFO -  Previous state of the Task instance: running
[2025-02-06T10:21:37.477+0000] {logging_mixin.py:190} INFO - Dag name:my_first_dag queued_at:2025-02-06 10:21:18.062470+00:00
[2025-02-06T10:21:37.477+0000] {logging_mixin.py:190} INFO - Task hostname:1f20f9aee2e1 operator:BashOperator
[2025-02-06T10:21:37.514+0000] {local_task_job_runner.py:266} INFO - Task exited with return code 0
[2025-02-06T10:21:37.553+0000] {taskinstance.py:3895} INFO - 1 downstream tasks scheduled from follow-on schedule check
[2025-02-06T10:21:37.565+0000] {local_task_job_runner.py:245} INFO - ::endgroup::
