[2025-02-06T08:53:01.721+0000] {local_task_job_runner.py:123} INFO - ::group::Pre task execution logs
[2025-02-06T08:53:01.740+0000] {taskinstance.py:2613} INFO - Dependencies all met for dep_context=non-requeueable deps ti=<TaskInstance: my_first_dag.task_2 scheduled__2025-01-01T00:50:00+00:00 [queued]>
[2025-02-06T08:53:01.751+0000] {taskinstance.py:2613} INFO - Dependencies all met for dep_context=requeueable deps ti=<TaskInstance: my_first_dag.task_2 scheduled__2025-01-01T00:50:00+00:00 [queued]>
[2025-02-06T08:53:01.752+0000] {taskinstance.py:2866} INFO - Starting attempt 1 of 1
[2025-02-06T08:53:01.785+0000] {taskinstance.py:2889} INFO - Executing <Task(PythonOperator): task_2> on 2025-01-01 00:50:00+00:00
[2025-02-06T08:53:01.787+0000] {standard_task_runner.py:72} INFO - Started process 605 to run task
[2025-02-06T08:53:01.790+0000] {standard_task_runner.py:104} INFO - Running: ['airflow', 'tasks', 'run', 'my_first_dag', 'task_2', 'scheduled__2025-01-01T00:50:00+00:00', '--job-id', '167', '--raw', '--subdir', 'DAGS_FOLDER/first_dag.py', '--cfg-path', '/tmp/tmp9u23_hs7']
[2025-02-06T08:53:01.791+0000] {standard_task_runner.py:105} INFO - Job 167: Subtask task_2
[2025-02-06T08:53:01.878+0000] {task_command.py:467} INFO - Running <TaskInstance: my_first_dag.task_2 scheduled__2025-01-01T00:50:00+00:00 [running]> on host 128ac2960630
[2025-02-06T08:53:01.981+0000] {taskinstance.py:3132} INFO - Exporting env vars: AIRFLOW_CTX_DAG_OWNER='airflow' AIRFLOW_CTX_DAG_ID='my_first_dag' AIRFLOW_CTX_TASK_ID='task_2' AIRFLOW_CTX_EXECUTION_DATE='2025-01-01T00:50:00+00:00' AIRFLOW_CTX_TRY_NUMBER='1' AIRFLOW_CTX_DAG_RUN_ID='scheduled__2025-01-01T00:50:00+00:00'
[2025-02-06T08:53:01.982+0000] {logging_mixin.py:190} INFO - Task instance is in running state
[2025-02-06T08:53:01.983+0000] {logging_mixin.py:190} INFO -  Previous state of the Task instance: queued
[2025-02-06T08:53:01.983+0000] {logging_mixin.py:190} INFO - Current task name:task_2 state:running start_date:2025-02-06 08:53:01.740816+00:00
[2025-02-06T08:53:01.984+0000] {logging_mixin.py:190} INFO - Dag name:my_first_dag and current dag run status:running
[2025-02-06T08:53:01.984+0000] {taskinstance.py:731} INFO - ::endgroup::
[2025-02-06T08:53:01.985+0000] {logging_mixin.py:190} INFO - Hello World
[2025-02-06T08:53:01.985+0000] {python.py:240} INFO - Done. Returned value was: None
[2025-02-06T08:53:02.001+0000] {taskinstance.py:340} INFO - ::group::Post task execution logs
[2025-02-06T08:53:02.002+0000] {taskinstance.py:352} INFO - Marking task as SUCCESS. dag_id=my_first_dag, task_id=task_2, run_id=scheduled__2025-01-01T00:50:00+00:00, execution_date=20250101T005000, start_date=20250206T085301, end_date=20250206T085302
[2025-02-06T08:53:02.038+0000] {logging_mixin.py:190} INFO - Task instance in success state
[2025-02-06T08:53:02.039+0000] {logging_mixin.py:190} INFO -  Previous state of the Task instance: running
[2025-02-06T08:53:02.039+0000] {logging_mixin.py:190} INFO - Dag name:my_first_dag queued_at:2025-02-06 08:52:53.465046+00:00
[2025-02-06T08:53:02.040+0000] {logging_mixin.py:190} INFO - Task hostname:128ac2960630 operator:PythonOperator
[2025-02-06T08:53:02.044+0000] {local_task_job_runner.py:266} INFO - Task exited with return code 0
[2025-02-06T08:53:02.066+0000] {taskinstance.py:3895} INFO - 0 downstream tasks scheduled from follow-on schedule check
[2025-02-06T08:53:02.068+0000] {local_task_job_runner.py:245} INFO - ::endgroup::
