[2025-02-06T10:26:36.496+0000] {local_task_job_runner.py:123} INFO - ::group::Pre task execution logs
[2025-02-06T10:26:36.519+0000] {taskinstance.py:2613} INFO - Dependencies all met for dep_context=non-requeueable deps ti=<TaskInstance: my_first_dag.task_1 scheduled__2025-01-01T06:13:30+00:00 [queued]>
[2025-02-06T10:26:36.541+0000] {taskinstance.py:2613} INFO - Dependencies all met for dep_context=requeueable deps ti=<TaskInstance: my_first_dag.task_1 scheduled__2025-01-01T06:13:30+00:00 [queued]>
[2025-02-06T10:26:36.542+0000] {taskinstance.py:2866} INFO - Starting attempt 1 of 1
[2025-02-06T10:26:36.582+0000] {taskinstance.py:2889} INFO - Executing <Task(PythonOperator): task_1> on 2025-01-01 06:13:30+00:00
[2025-02-06T10:26:36.586+0000] {standard_task_runner.py:72} INFO - Started process 4125 to run task
[2025-02-06T10:26:36.589+0000] {standard_task_runner.py:104} INFO - Running: ['airflow', 'tasks', 'run', 'my_first_dag', 'task_1', 'scheduled__2025-01-01T06:13:30+00:00', '--job-id', '2050', '--raw', '--subdir', 'DAGS_FOLDER/first_dag.py', '--cfg-path', '/tmp/tmpcnpskscv']
[2025-02-06T10:26:36.590+0000] {standard_task_runner.py:105} INFO - Job 2050: Subtask task_1
[2025-02-06T10:26:36.677+0000] {task_command.py:467} INFO - Running <TaskInstance: my_first_dag.task_1 scheduled__2025-01-01T06:13:30+00:00 [running]> on host 1f20f9aee2e1
[2025-02-06T10:26:36.790+0000] {taskinstance.py:3132} INFO - Exporting env vars: AIRFLOW_CTX_DAG_OWNER='airflow' AIRFLOW_CTX_DAG_ID='my_first_dag' AIRFLOW_CTX_TASK_ID='task_1' AIRFLOW_CTX_EXECUTION_DATE='2025-01-01T06:13:30+00:00' AIRFLOW_CTX_TRY_NUMBER='1' AIRFLOW_CTX_DAG_RUN_ID='scheduled__2025-01-01T06:13:30+00:00'
[2025-02-06T10:26:36.792+0000] {logging_mixin.py:190} INFO - Task instance is in running state
[2025-02-06T10:26:36.793+0000] {logging_mixin.py:190} INFO -  Previous state of the Task instance: queued
[2025-02-06T10:26:36.793+0000] {logging_mixin.py:190} INFO - Current task name:task_1 state:running start_date:2025-02-06 10:26:36.519917+00:00
[2025-02-06T10:26:36.794+0000] {logging_mixin.py:190} INFO - Dag name:my_first_dag and current dag run status:running
[2025-02-06T10:26:36.795+0000] {taskinstance.py:731} INFO - ::endgroup::
[2025-02-06T10:26:36.819+0000] {logging_mixin.py:190} INFO - Hello Kevin 681 API_KEY
[2025-02-06T10:26:36.819+0000] {python.py:240} INFO - Done. Returned value was: 681
[2025-02-06T10:26:36.864+0000] {taskinstance.py:340} INFO - ::group::Post task execution logs
[2025-02-06T10:26:36.865+0000] {taskinstance.py:352} INFO - Marking task as SUCCESS. dag_id=my_first_dag, task_id=task_1, run_id=scheduled__2025-01-01T06:13:30+00:00, execution_date=20250101T061330, start_date=20250206T102636, end_date=20250206T102636
[2025-02-06T10:26:36.902+0000] {logging_mixin.py:190} INFO - Task instance in success state
[2025-02-06T10:26:36.903+0000] {logging_mixin.py:190} INFO -  Previous state of the Task instance: running
[2025-02-06T10:26:36.903+0000] {logging_mixin.py:190} INFO - Dag name:my_first_dag queued_at:2025-02-06 10:26:26.951662+00:00
[2025-02-06T10:26:36.903+0000] {logging_mixin.py:190} INFO - Task hostname:1f20f9aee2e1 operator:PythonOperator
[2025-02-06T10:26:36.923+0000] {local_task_job_runner.py:266} INFO - Task exited with return code 0
[2025-02-06T10:26:36.954+0000] {taskinstance.py:3895} INFO - 1 downstream tasks scheduled from follow-on schedule check
[2025-02-06T10:26:36.968+0000] {local_task_job_runner.py:245} INFO - ::endgroup::
