[2025-02-06T10:20:40.872+0000] {local_task_job_runner.py:123} INFO - ::group::Pre task execution logs
[2025-02-06T10:20:40.888+0000] {taskinstance.py:2613} INFO - Dependencies all met for dep_context=non-requeueable deps ti=<TaskInstance: my_first_dag.first_task scheduled__2025-01-01T06:04:30+00:00 [queued]>
[2025-02-06T10:20:40.917+0000] {taskinstance.py:2613} INFO - Dependencies all met for dep_context=requeueable deps ti=<TaskInstance: my_first_dag.first_task scheduled__2025-01-01T06:04:30+00:00 [queued]>
[2025-02-06T10:20:40.919+0000] {taskinstance.py:2866} INFO - Starting attempt 1 of 1
[2025-02-06T10:20:40.954+0000] {taskinstance.py:2889} INFO - Executing <Task(PythonOperator): first_task> on 2025-01-01 06:04:30+00:00
[2025-02-06T10:20:40.958+0000] {standard_task_runner.py:72} INFO - Started process 3553 to run task
[2025-02-06T10:20:40.959+0000] {standard_task_runner.py:104} INFO - Running: ['airflow', 'tasks', 'run', 'my_first_dag', 'first_task', 'scheduled__2025-01-01T06:04:30+00:00', '--job-id', '1943', '--raw', '--subdir', 'DAGS_FOLDER/first_dag.py', '--cfg-path', '/tmp/tmpcw97cm2k']
[2025-02-06T10:20:40.960+0000] {standard_task_runner.py:105} INFO - Job 1943: Subtask first_task
[2025-02-06T10:20:41.047+0000] {task_command.py:467} INFO - Running <TaskInstance: my_first_dag.first_task scheduled__2025-01-01T06:04:30+00:00 [running]> on host 1f20f9aee2e1
[2025-02-06T10:20:41.234+0000] {taskinstance.py:3132} INFO - Exporting env vars: AIRFLOW_CTX_DAG_OWNER='airflow' AIRFLOW_CTX_DAG_ID='my_first_dag' AIRFLOW_CTX_TASK_ID='first_task' AIRFLOW_CTX_EXECUTION_DATE='2025-01-01T06:04:30+00:00' AIRFLOW_CTX_TRY_NUMBER='1' AIRFLOW_CTX_DAG_RUN_ID='scheduled__2025-01-01T06:04:30+00:00'
[2025-02-06T10:20:41.236+0000] {logging_mixin.py:190} INFO - Task instance is in running state
[2025-02-06T10:20:41.236+0000] {logging_mixin.py:190} INFO -  Previous state of the Task instance: queued
[2025-02-06T10:20:41.237+0000] {logging_mixin.py:190} INFO - Current task name:first_task state:running start_date:2025-02-06 10:20:40.889156+00:00
[2025-02-06T10:20:41.237+0000] {logging_mixin.py:190} INFO - Dag name:my_first_dag and current dag run status:running
[2025-02-06T10:20:41.238+0000] {taskinstance.py:731} INFO - ::endgroup::
[2025-02-06T10:20:41.269+0000] {python.py:240} INFO - Done. Returned value was: 382
[2025-02-06T10:20:41.314+0000] {taskinstance.py:340} INFO - ::group::Post task execution logs
[2025-02-06T10:20:41.315+0000] {taskinstance.py:352} INFO - Marking task as SUCCESS. dag_id=my_first_dag, task_id=first_task, run_id=scheduled__2025-01-01T06:04:30+00:00, execution_date=20250101T060430, start_date=20250206T102040, end_date=20250206T102041
[2025-02-06T10:20:41.355+0000] {logging_mixin.py:190} INFO - Task instance in success state
[2025-02-06T10:20:41.356+0000] {logging_mixin.py:190} INFO -  Previous state of the Task instance: running
[2025-02-06T10:20:41.357+0000] {logging_mixin.py:190} INFO - Dag name:my_first_dag queued_at:2025-02-06 10:20:39.199407+00:00
[2025-02-06T10:20:41.357+0000] {logging_mixin.py:190} INFO - Task hostname:1f20f9aee2e1 operator:PythonOperator
[2025-02-06T10:20:41.374+0000] {local_task_job_runner.py:266} INFO - Task exited with return code 0
[2025-02-06T10:20:41.410+0000] {taskinstance.py:3895} INFO - 1 downstream tasks scheduled from follow-on schedule check
[2025-02-06T10:20:41.423+0000] {local_task_job_runner.py:245} INFO - ::endgroup::
