[2025-02-06T09:58:13.861+0000] {local_task_job_runner.py:123} INFO - ::group::Pre task execution logs
[2025-02-06T09:58:13.879+0000] {taskinstance.py:2613} INFO - Dependencies all met for dep_context=non-requeueable deps ti=<TaskInstance: my_first_dag.task_2 scheduled__2025-01-01T05:07:00+00:00 [queued]>
[2025-02-06T09:58:13.897+0000] {taskinstance.py:2613} INFO - Dependencies all met for dep_context=requeueable deps ti=<TaskInstance: my_first_dag.task_2 scheduled__2025-01-01T05:07:00+00:00 [queued]>
[2025-02-06T09:58:13.899+0000] {taskinstance.py:2866} INFO - Starting attempt 1 of 1
[2025-02-06T09:58:13.935+0000] {taskinstance.py:2889} INFO - Executing <Task(PythonOperator): task_2> on 2025-01-01 05:07:00+00:00
[2025-02-06T09:58:13.938+0000] {standard_task_runner.py:72} INFO - Started process 1283 to run task
[2025-02-06T09:58:13.940+0000] {standard_task_runner.py:104} INFO - Running: ['airflow', 'tasks', 'run', 'my_first_dag', 'task_2', 'scheduled__2025-01-01T05:07:00+00:00', '--job-id', '1476', '--raw', '--subdir', 'DAGS_FOLDER/first_dag.py', '--cfg-path', '/tmp/tmpejtq30fx']
[2025-02-06T09:58:13.941+0000] {standard_task_runner.py:105} INFO - Job 1476: Subtask task_2
[2025-02-06T09:58:14.031+0000] {task_command.py:467} INFO - Running <TaskInstance: my_first_dag.task_2 scheduled__2025-01-01T05:07:00+00:00 [running]> on host 1f20f9aee2e1
[2025-02-06T09:58:14.158+0000] {taskinstance.py:3132} INFO - Exporting env vars: AIRFLOW_CTX_DAG_OWNER='airflow' AIRFLOW_CTX_DAG_ID='my_first_dag' AIRFLOW_CTX_TASK_ID='task_2' AIRFLOW_CTX_EXECUTION_DATE='2025-01-01T05:07:00+00:00' AIRFLOW_CTX_TRY_NUMBER='1' AIRFLOW_CTX_DAG_RUN_ID='scheduled__2025-01-01T05:07:00+00:00'
[2025-02-06T09:58:14.160+0000] {logging_mixin.py:190} INFO - Task instance is in running state
[2025-02-06T09:58:14.160+0000] {logging_mixin.py:190} INFO -  Previous state of the Task instance: queued
[2025-02-06T09:58:14.161+0000] {logging_mixin.py:190} INFO - Current task name:task_2 state:running start_date:2025-02-06 09:58:13.879878+00:00
[2025-02-06T09:58:14.162+0000] {logging_mixin.py:190} INFO - Dag name:my_first_dag and current dag run status:running
[2025-02-06T09:58:14.162+0000] {taskinstance.py:731} INFO - ::endgroup::
[2025-02-06T09:58:14.163+0000] {logging_mixin.py:190} INFO - Hello World
[2025-02-06T09:58:14.164+0000] {logging_mixin.py:190} INFO - 0
[2025-02-06T09:58:14.164+0000] {python.py:240} INFO - Done. Returned value was: 42
[2025-02-06T09:58:14.202+0000] {taskinstance.py:340} INFO - ::group::Post task execution logs
[2025-02-06T09:58:14.203+0000] {taskinstance.py:352} INFO - Marking task as SUCCESS. dag_id=my_first_dag, task_id=task_2, run_id=scheduled__2025-01-01T05:07:00+00:00, execution_date=20250101T050700, start_date=20250206T095813, end_date=20250206T095814
[2025-02-06T09:58:14.233+0000] {logging_mixin.py:190} INFO - Task instance in success state
[2025-02-06T09:58:14.234+0000] {logging_mixin.py:190} INFO -  Previous state of the Task instance: running
[2025-02-06T09:58:14.235+0000] {logging_mixin.py:190} INFO - Dag name:my_first_dag queued_at:2025-02-06 09:57:56.406004+00:00
[2025-02-06T09:58:14.235+0000] {logging_mixin.py:190} INFO - Task hostname:1f20f9aee2e1 operator:PythonOperator
[2025-02-06T09:58:14.274+0000] {local_task_job_runner.py:266} INFO - Task exited with return code 0
[2025-02-06T09:58:14.304+0000] {taskinstance.py:3895} INFO - 1 downstream tasks scheduled from follow-on schedule check
[2025-02-06T09:58:14.316+0000] {local_task_job_runner.py:245} INFO - ::endgroup::
