[2025-02-06T09:26:10.809+0000] {local_task_job_runner.py:123} INFO - ::group::Pre task execution logs
[2025-02-06T09:26:10.827+0000] {taskinstance.py:2613} INFO - Dependencies all met for dep_context=non-requeueable deps ti=<TaskInstance: my_first_dag.task_random_choice scheduled__2025-01-01T03:35:30+00:00 [queued]>
[2025-02-06T09:26:10.851+0000] {taskinstance.py:2613} INFO - Dependencies all met for dep_context=requeueable deps ti=<TaskInstance: my_first_dag.task_random_choice scheduled__2025-01-01T03:35:30+00:00 [queued]>
[2025-02-06T09:26:10.852+0000] {taskinstance.py:2866} INFO - Starting attempt 1 of 1
[2025-02-06T09:26:10.898+0000] {taskinstance.py:2889} INFO - Executing <Task(BranchPythonOperator): task_random_choice> on 2025-01-01 03:35:30+00:00
[2025-02-06T09:26:10.901+0000] {standard_task_runner.py:72} INFO - Started process 221 to run task
[2025-02-06T09:26:10.904+0000] {standard_task_runner.py:104} INFO - Running: ['airflow', 'tasks', 'run', 'my_first_dag', 'task_random_choice', 'scheduled__2025-01-01T03:35:30+00:00', '--job-id', '815', '--raw', '--subdir', 'DAGS_FOLDER/first_dag.py', '--cfg-path', '/tmp/tmpr8ar4yu0']
[2025-02-06T09:26:10.906+0000] {standard_task_runner.py:105} INFO - Job 815: Subtask task_random_choice
[2025-02-06T09:26:11.047+0000] {task_command.py:467} INFO - Running <TaskInstance: my_first_dag.task_random_choice scheduled__2025-01-01T03:35:30+00:00 [running]> on host 396de5a5f1ac
[2025-02-06T09:26:11.169+0000] {taskinstance.py:3132} INFO - Exporting env vars: AIRFLOW_CTX_DAG_OWNER='airflow' AIRFLOW_CTX_DAG_ID='my_first_dag' AIRFLOW_CTX_TASK_ID='task_random_choice' AIRFLOW_CTX_EXECUTION_DATE='2025-01-01T03:35:30+00:00' AIRFLOW_CTX_TRY_NUMBER='1' AIRFLOW_CTX_DAG_RUN_ID='scheduled__2025-01-01T03:35:30+00:00'
[2025-02-06T09:26:11.170+0000] {logging_mixin.py:190} INFO - Task instance is in running state
[2025-02-06T09:26:11.171+0000] {logging_mixin.py:190} INFO -  Previous state of the Task instance: queued
[2025-02-06T09:26:11.171+0000] {logging_mixin.py:190} INFO - Current task name:task_random_choice state:running start_date:2025-02-06 09:26:10.828932+00:00
[2025-02-06T09:26:11.172+0000] {logging_mixin.py:190} INFO - Dag name:my_first_dag and current dag run status:running
[2025-02-06T09:26:11.172+0000] {taskinstance.py:731} INFO - ::endgroup::
[2025-02-06T09:26:11.173+0000] {baseoperator.py:421} WARNING - BranchPythonOperator.execute cannot be called outside TaskInstance!
[2025-02-06T09:26:11.174+0000] {python.py:240} INFO - Done. Returned value was: task_2
[2025-02-06T09:26:11.175+0000] {branch.py:38} INFO - Branch into task_2
[2025-02-06T09:26:11.176+0000] {skipmixin.py:230} INFO - Following branch ('task_2',)
[2025-02-06T09:26:11.191+0000] {skipmixin.py:278} INFO - Skipping tasks [('task_1', -1)]
[2025-02-06T09:26:11.259+0000] {taskinstance.py:340} INFO - ::group::Post task execution logs
[2025-02-06T09:26:11.259+0000] {taskinstance.py:352} INFO - Marking task as SUCCESS. dag_id=my_first_dag, task_id=task_random_choice, run_id=scheduled__2025-01-01T03:35:30+00:00, execution_date=20250101T033530, start_date=20250206T092610, end_date=20250206T092611
[2025-02-06T09:26:11.292+0000] {logging_mixin.py:190} INFO - Task instance in success state
[2025-02-06T09:26:11.292+0000] {logging_mixin.py:190} INFO -  Previous state of the Task instance: running
[2025-02-06T09:26:11.293+0000] {logging_mixin.py:190} INFO - Dag name:my_first_dag queued_at:2025-02-06 09:26:09.034387+00:00
[2025-02-06T09:26:11.293+0000] {logging_mixin.py:190} INFO - Task hostname:396de5a5f1ac operator:BranchPythonOperator
[2025-02-06T09:26:11.320+0000] {local_task_job_runner.py:266} INFO - Task exited with return code 0
[2025-02-06T09:26:11.369+0000] {taskinstance.py:3895} INFO - 1 downstream tasks scheduled from follow-on schedule check
[2025-02-06T09:26:11.383+0000] {local_task_job_runner.py:245} INFO - ::endgroup::
