[2025-02-06T10:12:17.217+0000] {local_task_job_runner.py:123} INFO - ::group::Pre task execution logs
[2025-02-06T10:12:17.239+0000] {taskinstance.py:2613} INFO - Dependencies all met for dep_context=non-requeueable deps ti=<TaskInstance: my_first_dag.first_task scheduled__2025-01-01T05:45:00+00:00 [queued]>
[2025-02-06T10:12:17.267+0000] {taskinstance.py:2613} INFO - Dependencies all met for dep_context=requeueable deps ti=<TaskInstance: my_first_dag.first_task scheduled__2025-01-01T05:45:00+00:00 [queued]>
[2025-02-06T10:12:17.269+0000] {taskinstance.py:2866} INFO - Starting attempt 1 of 1
[2025-02-06T10:12:17.317+0000] {taskinstance.py:2889} INFO - Executing <Task(PythonOperator): first_task> on 2025-01-01 05:45:00+00:00
[2025-02-06T10:12:17.320+0000] {standard_task_runner.py:72} INFO - Started process 2681 to run task
[2025-02-06T10:12:17.323+0000] {standard_task_runner.py:104} INFO - Running: ['airflow', 'tasks', 'run', 'my_first_dag', 'first_task', 'scheduled__2025-01-01T05:45:00+00:00', '--job-id', '1755', '--raw', '--subdir', 'DAGS_FOLDER/first_dag.py', '--cfg-path', '/tmp/tmp747dmkwo']
[2025-02-06T10:12:17.324+0000] {standard_task_runner.py:105} INFO - Job 1755: Subtask first_task
[2025-02-06T10:12:17.403+0000] {task_command.py:467} INFO - Running <TaskInstance: my_first_dag.first_task scheduled__2025-01-01T05:45:00+00:00 [running]> on host 1f20f9aee2e1
[2025-02-06T10:12:17.513+0000] {taskinstance.py:3132} INFO - Exporting env vars: AIRFLOW_CTX_DAG_OWNER='airflow' AIRFLOW_CTX_DAG_ID='my_first_dag' AIRFLOW_CTX_TASK_ID='first_task' AIRFLOW_CTX_EXECUTION_DATE='2025-01-01T05:45:00+00:00' AIRFLOW_CTX_TRY_NUMBER='1' AIRFLOW_CTX_DAG_RUN_ID='scheduled__2025-01-01T05:45:00+00:00'
[2025-02-06T10:12:17.514+0000] {logging_mixin.py:190} INFO - Task instance is in running state
[2025-02-06T10:12:17.515+0000] {logging_mixin.py:190} INFO -  Previous state of the Task instance: queued
[2025-02-06T10:12:17.515+0000] {logging_mixin.py:190} INFO - Current task name:first_task state:running start_date:2025-02-06 10:12:17.240701+00:00
[2025-02-06T10:12:17.516+0000] {logging_mixin.py:190} INFO - Dag name:my_first_dag and current dag run status:running
[2025-02-06T10:12:17.516+0000] {taskinstance.py:731} INFO - ::endgroup::
[2025-02-06T10:12:17.517+0000] {python.py:240} INFO - Done. Returned value was: 413
[2025-02-06T10:12:17.571+0000] {taskinstance.py:340} INFO - ::group::Post task execution logs
[2025-02-06T10:12:17.571+0000] {taskinstance.py:352} INFO - Marking task as SUCCESS. dag_id=my_first_dag, task_id=first_task, run_id=scheduled__2025-01-01T05:45:00+00:00, execution_date=20250101T054500, start_date=20250206T101217, end_date=20250206T101217
[2025-02-06T10:12:17.614+0000] {logging_mixin.py:190} INFO - Task instance in success state
[2025-02-06T10:12:17.615+0000] {logging_mixin.py:190} INFO -  Previous state of the Task instance: running
[2025-02-06T10:12:17.615+0000] {logging_mixin.py:190} INFO - Dag name:my_first_dag queued_at:2025-02-06 10:12:15.494207+00:00
[2025-02-06T10:12:17.616+0000] {logging_mixin.py:190} INFO - Task hostname:1f20f9aee2e1 operator:PythonOperator
[2025-02-06T10:12:17.656+0000] {local_task_job_runner.py:266} INFO - Task exited with return code 0
[2025-02-06T10:12:17.694+0000] {taskinstance.py:3895} INFO - 1 downstream tasks scheduled from follow-on schedule check
[2025-02-06T10:12:17.707+0000] {local_task_job_runner.py:245} INFO - ::endgroup::
