[2025-02-06T09:53:16.522+0000] {local_task_job_runner.py:123} INFO - ::group::Pre task execution logs
[2025-02-06T09:53:16.545+0000] {taskinstance.py:2613} INFO - Dependencies all met for dep_context=non-requeueable deps ti=<TaskInstance: my_first_dag.task_1 scheduled__2025-01-01T04:51:30+00:00 [queued]>
[2025-02-06T09:53:16.569+0000] {taskinstance.py:2613} INFO - Dependencies all met for dep_context=requeueable deps ti=<TaskInstance: my_first_dag.task_1 scheduled__2025-01-01T04:51:30+00:00 [queued]>
[2025-02-06T09:53:16.571+0000] {taskinstance.py:2866} INFO - Starting attempt 1 of 1
[2025-02-06T09:53:16.607+0000] {taskinstance.py:2889} INFO - Executing <Task(PythonOperator): task_1> on 2025-01-01 04:51:30+00:00
[2025-02-06T09:53:16.612+0000] {standard_task_runner.py:72} INFO - Started process 724 to run task
[2025-02-06T09:53:16.614+0000] {standard_task_runner.py:104} INFO - Running: ['airflow', 'tasks', 'run', 'my_first_dag', 'task_1', 'scheduled__2025-01-01T04:51:30+00:00', '--job-id', '1359', '--raw', '--subdir', 'DAGS_FOLDER/first_dag.py', '--cfg-path', '/tmp/tmpowcsypbv']
[2025-02-06T09:53:16.615+0000] {standard_task_runner.py:105} INFO - Job 1359: Subtask task_1
[2025-02-06T09:53:16.687+0000] {task_command.py:467} INFO - Running <TaskInstance: my_first_dag.task_1 scheduled__2025-01-01T04:51:30+00:00 [running]> on host 1f20f9aee2e1
[2025-02-06T09:53:16.798+0000] {taskinstance.py:3132} INFO - Exporting env vars: AIRFLOW_CTX_DAG_OWNER='airflow' AIRFLOW_CTX_DAG_ID='my_first_dag' AIRFLOW_CTX_TASK_ID='task_1' AIRFLOW_CTX_EXECUTION_DATE='2025-01-01T04:51:30+00:00' AIRFLOW_CTX_TRY_NUMBER='1' AIRFLOW_CTX_DAG_RUN_ID='scheduled__2025-01-01T04:51:30+00:00'
[2025-02-06T09:53:16.800+0000] {logging_mixin.py:190} INFO - Task instance is in running state
[2025-02-06T09:53:16.801+0000] {logging_mixin.py:190} INFO -  Previous state of the Task instance: queued
[2025-02-06T09:53:16.801+0000] {logging_mixin.py:190} INFO - Current task name:task_1 state:running start_date:2025-02-06 09:53:16.546407+00:00
[2025-02-06T09:53:16.801+0000] {logging_mixin.py:190} INFO - Dag name:my_first_dag and current dag run status:running
[2025-02-06T09:53:16.802+0000] {taskinstance.py:731} INFO - ::endgroup::
[2025-02-06T09:53:16.803+0000] {logging_mixin.py:190} INFO - Hello World
[2025-02-06T09:53:16.803+0000] {logging_mixin.py:190} INFO - 3.14
[2025-02-06T09:53:16.804+0000] {python.py:240} INFO - Done. Returned value was: 42
[2025-02-06T09:53:16.844+0000] {taskinstance.py:340} INFO - ::group::Post task execution logs
[2025-02-06T09:53:16.845+0000] {taskinstance.py:352} INFO - Marking task as SUCCESS. dag_id=my_first_dag, task_id=task_1, run_id=scheduled__2025-01-01T04:51:30+00:00, execution_date=20250101T045130, start_date=20250206T095316, end_date=20250206T095316
[2025-02-06T09:53:16.878+0000] {logging_mixin.py:190} INFO - Task instance in success state
[2025-02-06T09:53:16.879+0000] {logging_mixin.py:190} INFO -  Previous state of the Task instance: running
[2025-02-06T09:53:16.879+0000] {logging_mixin.py:190} INFO - Dag name:my_first_dag queued_at:2025-02-06 09:52:57.178677+00:00
[2025-02-06T09:53:16.879+0000] {logging_mixin.py:190} INFO - Task hostname:1f20f9aee2e1 operator:PythonOperator
[2025-02-06T09:53:16.908+0000] {local_task_job_runner.py:266} INFO - Task exited with return code 0
[2025-02-06T09:53:16.938+0000] {taskinstance.py:3895} INFO - 1 downstream tasks scheduled from follow-on schedule check
[2025-02-06T09:53:16.950+0000] {local_task_job_runner.py:245} INFO - ::endgroup::
