[2025-02-06T12:41:06.851+0000] {local_task_job_runner.py:123} INFO - ::group::Pre task execution logs
[2025-02-06T12:41:06.869+0000] {taskinstance.py:2613} INFO - Dependencies all met for dep_context=non-requeueable deps ti=<TaskInstance: my_first_dag.task_1 scheduled__2025-01-01T07:12:30+00:00 [queued]>
[2025-02-06T12:41:06.889+0000] {taskinstance.py:2613} INFO - Dependencies all met for dep_context=requeueable deps ti=<TaskInstance: my_first_dag.task_1 scheduled__2025-01-01T07:12:30+00:00 [queued]>
[2025-02-06T12:41:06.890+0000] {taskinstance.py:2866} INFO - Starting attempt 1 of 1
[2025-02-06T12:41:06.923+0000] {taskinstance.py:2889} INFO - Executing <Task(PythonOperator): task_1> on 2025-01-01 07:12:30+00:00
[2025-02-06T12:41:06.926+0000] {standard_task_runner.py:72} INFO - Started process 9601 to run task
[2025-02-06T12:41:06.929+0000] {standard_task_runner.py:104} INFO - Running: ['airflow', 'tasks', 'run', 'my_first_dag', 'task_1', 'scheduled__2025-01-01T07:12:30+00:00', '--job-id', '2801', '--raw', '--subdir', 'DAGS_FOLDER/first_dag.py', '--cfg-path', '/tmp/tmppasg2nay']
[2025-02-06T12:41:06.930+0000] {standard_task_runner.py:105} INFO - Job 2801: Subtask task_1
[2025-02-06T12:41:07.007+0000] {task_command.py:467} INFO - Running <TaskInstance: my_first_dag.task_1 scheduled__2025-01-01T07:12:30+00:00 [running]> on host f59ce29465b4
[2025-02-06T12:41:07.140+0000] {taskinstance.py:3132} INFO - Exporting env vars: AIRFLOW_CTX_DAG_OWNER='airflow' AIRFLOW_CTX_DAG_ID='my_first_dag' AIRFLOW_CTX_TASK_ID='task_1' AIRFLOW_CTX_EXECUTION_DATE='2025-01-01T07:12:30+00:00' AIRFLOW_CTX_TRY_NUMBER='1' AIRFLOW_CTX_DAG_RUN_ID='scheduled__2025-01-01T07:12:30+00:00'
[2025-02-06T12:41:07.142+0000] {logging_mixin.py:190} INFO - Task instance is in running state
[2025-02-06T12:41:07.143+0000] {logging_mixin.py:190} INFO -  Previous state of the Task instance: queued
[2025-02-06T12:41:07.143+0000] {logging_mixin.py:190} INFO - Current task name:task_1 state:running start_date:2025-02-06 12:41:06.869603+00:00
[2025-02-06T12:41:07.144+0000] {logging_mixin.py:190} INFO - Dag name:my_first_dag and current dag run status:running
[2025-02-06T12:41:07.144+0000] {taskinstance.py:731} INFO - ::endgroup::
[2025-02-06T12:41:07.176+0000] {logging_mixin.py:190} INFO - Hello Kevin 964 API_KEY
[2025-02-06T12:41:07.177+0000] {python.py:240} INFO - Done. Returned value was: 964
[2025-02-06T12:41:07.225+0000] {taskinstance.py:340} INFO - ::group::Post task execution logs
[2025-02-06T12:41:07.226+0000] {taskinstance.py:352} INFO - Marking task as SUCCESS. dag_id=my_first_dag, task_id=task_1, run_id=scheduled__2025-01-01T07:12:30+00:00, execution_date=20250101T071230, start_date=20250206T124106, end_date=20250206T124107
[2025-02-06T12:41:07.360+0000] {logging_mixin.py:190} INFO - Task instance in success state
[2025-02-06T12:41:07.361+0000] {logging_mixin.py:190} INFO -  Previous state of the Task instance: running
[2025-02-06T12:41:07.363+0000] {logging_mixin.py:190} INFO - Dag name:my_first_dag queued_at:2025-02-06 12:40:50.119579+00:00
[2025-02-06T12:41:07.365+0000] {logging_mixin.py:190} INFO - Task hostname:f59ce29465b4 operator:PythonOperator
[2025-02-06T12:41:07.383+0000] {local_task_job_runner.py:266} INFO - Task exited with return code 0
[2025-02-06T12:41:07.416+0000] {taskinstance.py:3895} INFO - 1 downstream tasks scheduled from follow-on schedule check
[2025-02-06T12:41:07.429+0000] {local_task_job_runner.py:245} INFO - ::endgroup::
