[2025-02-06T09:37:03.576+0000] {local_task_job_runner.py:123} INFO - ::group::Pre task execution logs
[2025-02-06T09:37:03.595+0000] {taskinstance.py:2613} INFO - Dependencies all met for dep_context=non-requeueable deps ti=<TaskInstance: my_first_dag.task_goodbye scheduled__2025-01-01T04:06:30+00:00 [queued]>
[2025-02-06T09:37:03.612+0000] {taskinstance.py:2613} INFO - Dependencies all met for dep_context=requeueable deps ti=<TaskInstance: my_first_dag.task_goodbye scheduled__2025-01-01T04:06:30+00:00 [queued]>
[2025-02-06T09:37:03.614+0000] {taskinstance.py:2866} INFO - Starting attempt 1 of 1
[2025-02-06T09:37:03.651+0000] {taskinstance.py:2889} INFO - Executing <Task(PythonOperator): task_goodbye> on 2025-01-01 04:06:30+00:00
[2025-02-06T09:37:03.654+0000] {standard_task_runner.py:72} INFO - Started process 891 to run task
[2025-02-06T09:37:03.656+0000] {standard_task_runner.py:104} INFO - Running: ['airflow', 'tasks', 'run', 'my_first_dag', 'task_goodbye', 'scheduled__2025-01-01T04:06:30+00:00', '--job-id', '1057', '--raw', '--subdir', 'DAGS_FOLDER/first_dag.py', '--cfg-path', '/tmp/tmpbmk0h2dq']
[2025-02-06T09:37:03.657+0000] {standard_task_runner.py:105} INFO - Job 1057: Subtask task_goodbye
[2025-02-06T09:37:03.736+0000] {task_command.py:467} INFO - Running <TaskInstance: my_first_dag.task_goodbye scheduled__2025-01-01T04:06:30+00:00 [running]> on host 25879eaf192c
[2025-02-06T09:37:03.849+0000] {taskinstance.py:3132} INFO - Exporting env vars: AIRFLOW_CTX_DAG_OWNER='airflow' AIRFLOW_CTX_DAG_ID='my_first_dag' AIRFLOW_CTX_TASK_ID='task_goodbye' AIRFLOW_CTX_EXECUTION_DATE='2025-01-01T04:06:30+00:00' AIRFLOW_CTX_TRY_NUMBER='1' AIRFLOW_CTX_DAG_RUN_ID='scheduled__2025-01-01T04:06:30+00:00'
[2025-02-06T09:37:03.850+0000] {logging_mixin.py:190} INFO - Task instance is in running state
[2025-02-06T09:37:03.851+0000] {logging_mixin.py:190} INFO -  Previous state of the Task instance: queued
[2025-02-06T09:37:03.852+0000] {logging_mixin.py:190} INFO - Current task name:task_goodbye state:running start_date:2025-02-06 09:37:03.595785+00:00
[2025-02-06T09:37:03.852+0000] {logging_mixin.py:190} INFO - Dag name:my_first_dag and current dag run status:running
[2025-02-06T09:37:03.852+0000] {taskinstance.py:731} INFO - ::endgroup::
[2025-02-06T09:37:03.853+0000] {logging_mixin.py:190} INFO - Goodbye
[2025-02-06T09:37:03.853+0000] {python.py:240} INFO - Done. Returned value was: None
[2025-02-06T09:37:03.866+0000] {taskinstance.py:340} INFO - ::group::Post task execution logs
[2025-02-06T09:37:03.867+0000] {taskinstance.py:352} INFO - Marking task as SUCCESS. dag_id=my_first_dag, task_id=task_goodbye, run_id=scheduled__2025-01-01T04:06:30+00:00, execution_date=20250101T040630, start_date=20250206T093703, end_date=20250206T093703
[2025-02-06T09:37:03.900+0000] {logging_mixin.py:190} INFO - Task instance in success state
[2025-02-06T09:37:03.900+0000] {logging_mixin.py:190} INFO -  Previous state of the Task instance: running
[2025-02-06T09:37:03.901+0000] {logging_mixin.py:190} INFO - Dag name:my_first_dag queued_at:2025-02-06 09:36:32.253545+00:00
[2025-02-06T09:37:03.902+0000] {logging_mixin.py:190} INFO - Task hostname:25879eaf192c operator:PythonOperator
[2025-02-06T09:37:03.910+0000] {local_task_job_runner.py:266} INFO - Task exited with return code 0
[2025-02-06T09:37:03.932+0000] {taskinstance.py:3895} INFO - 0 downstream tasks scheduled from follow-on schedule check
[2025-02-06T09:37:03.935+0000] {local_task_job_runner.py:245} INFO - ::endgroup::
