[2025-02-06T09:10:46.514+0000] {local_task_job_runner.py:123} INFO - ::group::Pre task execution logs
[2025-02-06T09:10:46.533+0000] {taskinstance.py:2613} INFO - Dependencies all met for dep_context=non-requeueable deps ti=<TaskInstance: my_first_dag.task_1 scheduled__2025-01-01T02:12:30+00:00 [queued]>
[2025-02-06T09:10:46.549+0000] {taskinstance.py:2613} INFO - Dependencies all met for dep_context=requeueable deps ti=<TaskInstance: my_first_dag.task_1 scheduled__2025-01-01T02:12:30+00:00 [queued]>
[2025-02-06T09:10:46.551+0000] {taskinstance.py:2866} INFO - Starting attempt 1 of 1
[2025-02-06T09:10:46.583+0000] {taskinstance.py:2889} INFO - Executing <Task(PythonOperator): task_1> on 2025-01-01 02:12:30+00:00
[2025-02-06T09:10:46.586+0000] {standard_task_runner.py:72} INFO - Started process 750 to run task
[2025-02-06T09:10:46.588+0000] {standard_task_runner.py:104} INFO - Running: ['airflow', 'tasks', 'run', 'my_first_dag', 'task_1', 'scheduled__2025-01-01T02:12:30+00:00', '--job-id', '494', '--raw', '--subdir', 'DAGS_FOLDER/first_dag.py', '--cfg-path', '/tmp/tmpcvla1yn5']
[2025-02-06T09:10:46.589+0000] {standard_task_runner.py:105} INFO - Job 494: Subtask task_1
[2025-02-06T09:10:46.669+0000] {task_command.py:467} INFO - Running <TaskInstance: my_first_dag.task_1 scheduled__2025-01-01T02:12:30+00:00 [running]> on host 6f30e18c7b14
[2025-02-06T09:10:46.773+0000] {taskinstance.py:3132} INFO - Exporting env vars: AIRFLOW_CTX_DAG_OWNER='airflow' AIRFLOW_CTX_DAG_ID='my_first_dag' AIRFLOW_CTX_TASK_ID='task_1' AIRFLOW_CTX_EXECUTION_DATE='2025-01-01T02:12:30+00:00' AIRFLOW_CTX_TRY_NUMBER='1' AIRFLOW_CTX_DAG_RUN_ID='scheduled__2025-01-01T02:12:30+00:00'
[2025-02-06T09:10:46.774+0000] {logging_mixin.py:190} INFO - Task instance is in running state
[2025-02-06T09:10:46.774+0000] {logging_mixin.py:190} INFO -  Previous state of the Task instance: queued
[2025-02-06T09:10:46.775+0000] {logging_mixin.py:190} INFO - Current task name:task_1 state:running start_date:2025-02-06 09:10:46.533669+00:00
[2025-02-06T09:10:46.775+0000] {logging_mixin.py:190} INFO - Dag name:my_first_dag and current dag run status:running
[2025-02-06T09:10:46.776+0000] {taskinstance.py:731} INFO - ::endgroup::
[2025-02-06T09:10:46.776+0000] {logging_mixin.py:190} INFO - Hello World
[2025-02-06T09:10:46.777+0000] {python.py:240} INFO - Done. Returned value was: None
[2025-02-06T09:10:46.790+0000] {taskinstance.py:340} INFO - ::group::Post task execution logs
[2025-02-06T09:10:46.790+0000] {taskinstance.py:352} INFO - Marking task as SUCCESS. dag_id=my_first_dag, task_id=task_1, run_id=scheduled__2025-01-01T02:12:30+00:00, execution_date=20250101T021230, start_date=20250206T091046, end_date=20250206T091046
[2025-02-06T09:10:46.822+0000] {logging_mixin.py:190} INFO - Task instance in success state
[2025-02-06T09:10:46.822+0000] {logging_mixin.py:190} INFO -  Previous state of the Task instance: running
[2025-02-06T09:10:46.823+0000] {logging_mixin.py:190} INFO - Dag name:my_first_dag queued_at:2025-02-06 09:10:42.483003+00:00
[2025-02-06T09:10:46.823+0000] {logging_mixin.py:190} INFO - Task hostname:6f30e18c7b14 operator:PythonOperator
[2025-02-06T09:10:46.841+0000] {local_task_job_runner.py:266} INFO - Task exited with return code 0
[2025-02-06T09:10:46.859+0000] {taskinstance.py:3895} INFO - 0 downstream tasks scheduled from follow-on schedule check
[2025-02-06T09:10:46.861+0000] {local_task_job_runner.py:245} INFO - ::endgroup::
