[2025-02-06T08:26:45.308+0000] {processor.py:186} INFO - Started process (PID=51) to work on /opt/conda/lib/python3.12/site-packages/airflow/example_dags/subdags/subdag.py
[2025-02-06T08:26:45.309+0000] {processor.py:914} INFO - Processing file /opt/conda/lib/python3.12/site-packages/airflow/example_dags/subdags/subdag.py for tasks to queue
[2025-02-06T08:26:45.311+0000] {logging_mixin.py:190} INFO - [2025-02-06T08:26:45.311+0000] {dagbag.py:588} INFO - Filling up the DagBag from /opt/conda/lib/python3.12/site-packages/airflow/example_dags/subdags/subdag.py
[2025-02-06T08:26:45.322+0000] {processor.py:927} WARNING - No viable dags retrieved from /opt/conda/lib/python3.12/site-packages/airflow/example_dags/subdags/subdag.py
[2025-02-06T08:26:45.341+0000] {processor.py:208} INFO - Processing /opt/conda/lib/python3.12/site-packages/airflow/example_dags/subdags/subdag.py took 0.037 seconds
[2025-02-06T08:28:11.096+0000] {processor.py:186} INFO - Started process (PID=108) to work on /opt/conda/lib/python3.12/site-packages/airflow/example_dags/subdags/subdag.py
[2025-02-06T08:28:11.097+0000] {processor.py:914} INFO - Processing file /opt/conda/lib/python3.12/site-packages/airflow/example_dags/subdags/subdag.py for tasks to queue
[2025-02-06T08:28:11.099+0000] {logging_mixin.py:190} INFO - [2025-02-06T08:28:11.099+0000] {dagbag.py:588} INFO - Filling up the DagBag from /opt/conda/lib/python3.12/site-packages/airflow/example_dags/subdags/subdag.py
[2025-02-06T08:28:11.101+0000] {processor.py:927} WARNING - No viable dags retrieved from /opt/conda/lib/python3.12/site-packages/airflow/example_dags/subdags/subdag.py
[2025-02-06T08:28:11.120+0000] {processor.py:208} INFO - Processing /opt/conda/lib/python3.12/site-packages/airflow/example_dags/subdags/subdag.py took 0.028 seconds
[2025-02-06T08:30:34.527+0000] {processor.py:186} INFO - Started process (PID=51) to work on /opt/conda/lib/python3.12/site-packages/airflow/example_dags/subdags/subdag.py
[2025-02-06T08:30:34.528+0000] {processor.py:914} INFO - Processing file /opt/conda/lib/python3.12/site-packages/airflow/example_dags/subdags/subdag.py for tasks to queue
[2025-02-06T08:30:34.530+0000] {logging_mixin.py:190} INFO - [2025-02-06T08:30:34.529+0000] {dagbag.py:588} INFO - Filling up the DagBag from /opt/conda/lib/python3.12/site-packages/airflow/example_dags/subdags/subdag.py
[2025-02-06T08:30:34.532+0000] {processor.py:927} WARNING - No viable dags retrieved from /opt/conda/lib/python3.12/site-packages/airflow/example_dags/subdags/subdag.py
[2025-02-06T08:30:34.553+0000] {processor.py:208} INFO - Processing /opt/conda/lib/python3.12/site-packages/airflow/example_dags/subdags/subdag.py took 0.029 seconds
[2025-02-06T08:31:39.022+0000] {processor.py:186} INFO - Started process (PID=109) to work on /opt/conda/lib/python3.12/site-packages/airflow/example_dags/subdags/subdag.py
[2025-02-06T08:31:39.023+0000] {processor.py:914} INFO - Processing file /opt/conda/lib/python3.12/site-packages/airflow/example_dags/subdags/subdag.py for tasks to queue
[2025-02-06T08:31:39.024+0000] {logging_mixin.py:190} INFO - [2025-02-06T08:31:39.024+0000] {dagbag.py:588} INFO - Filling up the DagBag from /opt/conda/lib/python3.12/site-packages/airflow/example_dags/subdags/subdag.py
[2025-02-06T08:31:39.026+0000] {processor.py:927} WARNING - No viable dags retrieved from /opt/conda/lib/python3.12/site-packages/airflow/example_dags/subdags/subdag.py
[2025-02-06T08:31:39.043+0000] {processor.py:208} INFO - Processing /opt/conda/lib/python3.12/site-packages/airflow/example_dags/subdags/subdag.py took 0.025 seconds
[2025-02-06T08:32:48.414+0000] {processor.py:186} INFO - Started process (PID=170) to work on /opt/conda/lib/python3.12/site-packages/airflow/example_dags/subdags/subdag.py
[2025-02-06T08:32:48.415+0000] {processor.py:914} INFO - Processing file /opt/conda/lib/python3.12/site-packages/airflow/example_dags/subdags/subdag.py for tasks to queue
[2025-02-06T08:32:48.417+0000] {logging_mixin.py:190} INFO - [2025-02-06T08:32:48.417+0000] {dagbag.py:588} INFO - Filling up the DagBag from /opt/conda/lib/python3.12/site-packages/airflow/example_dags/subdags/subdag.py
[2025-02-06T08:32:48.420+0000] {processor.py:927} WARNING - No viable dags retrieved from /opt/conda/lib/python3.12/site-packages/airflow/example_dags/subdags/subdag.py
[2025-02-06T08:32:48.442+0000] {processor.py:208} INFO - Processing /opt/conda/lib/python3.12/site-packages/airflow/example_dags/subdags/subdag.py took 0.032 seconds
[2025-02-06T08:34:00.857+0000] {processor.py:186} INFO - Started process (PID=232) to work on /opt/conda/lib/python3.12/site-packages/airflow/example_dags/subdags/subdag.py
[2025-02-06T08:34:00.858+0000] {processor.py:914} INFO - Processing file /opt/conda/lib/python3.12/site-packages/airflow/example_dags/subdags/subdag.py for tasks to queue
[2025-02-06T08:34:00.860+0000] {logging_mixin.py:190} INFO - [2025-02-06T08:34:00.860+0000] {dagbag.py:588} INFO - Filling up the DagBag from /opt/conda/lib/python3.12/site-packages/airflow/example_dags/subdags/subdag.py
[2025-02-06T08:34:00.862+0000] {processor.py:927} WARNING - No viable dags retrieved from /opt/conda/lib/python3.12/site-packages/airflow/example_dags/subdags/subdag.py
[2025-02-06T08:34:00.883+0000] {processor.py:208} INFO - Processing /opt/conda/lib/python3.12/site-packages/airflow/example_dags/subdags/subdag.py took 0.029 seconds
[2025-02-06T08:35:19.321+0000] {processor.py:186} INFO - Started process (PID=297) to work on /opt/conda/lib/python3.12/site-packages/airflow/example_dags/subdags/subdag.py
[2025-02-06T08:35:19.322+0000] {processor.py:914} INFO - Processing file /opt/conda/lib/python3.12/site-packages/airflow/example_dags/subdags/subdag.py for tasks to queue
[2025-02-06T08:35:19.323+0000] {logging_mixin.py:190} INFO - [2025-02-06T08:35:19.323+0000] {dagbag.py:588} INFO - Filling up the DagBag from /opt/conda/lib/python3.12/site-packages/airflow/example_dags/subdags/subdag.py
[2025-02-06T08:35:19.325+0000] {processor.py:927} WARNING - No viable dags retrieved from /opt/conda/lib/python3.12/site-packages/airflow/example_dags/subdags/subdag.py
[2025-02-06T08:35:19.342+0000] {processor.py:208} INFO - Processing /opt/conda/lib/python3.12/site-packages/airflow/example_dags/subdags/subdag.py took 0.025 seconds
[2025-02-06T08:36:35.912+0000] {processor.py:186} INFO - Started process (PID=362) to work on /opt/conda/lib/python3.12/site-packages/airflow/example_dags/subdags/subdag.py
[2025-02-06T08:36:35.913+0000] {processor.py:914} INFO - Processing file /opt/conda/lib/python3.12/site-packages/airflow/example_dags/subdags/subdag.py for tasks to queue
[2025-02-06T08:36:35.914+0000] {logging_mixin.py:190} INFO - [2025-02-06T08:36:35.914+0000] {dagbag.py:588} INFO - Filling up the DagBag from /opt/conda/lib/python3.12/site-packages/airflow/example_dags/subdags/subdag.py
[2025-02-06T08:36:35.916+0000] {processor.py:927} WARNING - No viable dags retrieved from /opt/conda/lib/python3.12/site-packages/airflow/example_dags/subdags/subdag.py
[2025-02-06T08:36:35.935+0000] {processor.py:208} INFO - Processing /opt/conda/lib/python3.12/site-packages/airflow/example_dags/subdags/subdag.py took 0.027 seconds
[2025-02-06T08:37:57.024+0000] {processor.py:186} INFO - Started process (PID=429) to work on /opt/conda/lib/python3.12/site-packages/airflow/example_dags/subdags/subdag.py
[2025-02-06T08:37:57.025+0000] {processor.py:914} INFO - Processing file /opt/conda/lib/python3.12/site-packages/airflow/example_dags/subdags/subdag.py for tasks to queue
[2025-02-06T08:37:57.028+0000] {logging_mixin.py:190} INFO - [2025-02-06T08:37:57.027+0000] {dagbag.py:588} INFO - Filling up the DagBag from /opt/conda/lib/python3.12/site-packages/airflow/example_dags/subdags/subdag.py
[2025-02-06T08:37:57.033+0000] {processor.py:927} WARNING - No viable dags retrieved from /opt/conda/lib/python3.12/site-packages/airflow/example_dags/subdags/subdag.py
[2025-02-06T08:37:57.077+0000] {processor.py:208} INFO - Processing /opt/conda/lib/python3.12/site-packages/airflow/example_dags/subdags/subdag.py took 0.063 seconds
[2025-02-06T08:39:10.638+0000] {processor.py:186} INFO - Started process (PID=494) to work on /opt/conda/lib/python3.12/site-packages/airflow/example_dags/subdags/subdag.py
[2025-02-06T08:39:10.639+0000] {processor.py:914} INFO - Processing file /opt/conda/lib/python3.12/site-packages/airflow/example_dags/subdags/subdag.py for tasks to queue
[2025-02-06T08:39:10.641+0000] {logging_mixin.py:190} INFO - [2025-02-06T08:39:10.640+0000] {dagbag.py:588} INFO - Filling up the DagBag from /opt/conda/lib/python3.12/site-packages/airflow/example_dags/subdags/subdag.py
[2025-02-06T08:39:10.643+0000] {processor.py:927} WARNING - No viable dags retrieved from /opt/conda/lib/python3.12/site-packages/airflow/example_dags/subdags/subdag.py
[2025-02-06T08:39:10.665+0000] {processor.py:208} INFO - Processing /opt/conda/lib/python3.12/site-packages/airflow/example_dags/subdags/subdag.py took 0.031 seconds
[2025-02-06T08:40:30.790+0000] {processor.py:186} INFO - Started process (PID=561) to work on /opt/conda/lib/python3.12/site-packages/airflow/example_dags/subdags/subdag.py
[2025-02-06T08:40:30.791+0000] {processor.py:914} INFO - Processing file /opt/conda/lib/python3.12/site-packages/airflow/example_dags/subdags/subdag.py for tasks to queue
[2025-02-06T08:40:30.793+0000] {logging_mixin.py:190} INFO - [2025-02-06T08:40:30.792+0000] {dagbag.py:588} INFO - Filling up the DagBag from /opt/conda/lib/python3.12/site-packages/airflow/example_dags/subdags/subdag.py
[2025-02-06T08:40:30.795+0000] {processor.py:927} WARNING - No viable dags retrieved from /opt/conda/lib/python3.12/site-packages/airflow/example_dags/subdags/subdag.py
[2025-02-06T08:40:30.816+0000] {processor.py:208} INFO - Processing /opt/conda/lib/python3.12/site-packages/airflow/example_dags/subdags/subdag.py took 0.031 seconds
[2025-02-06T08:41:43.749+0000] {processor.py:186} INFO - Started process (PID=624) to work on /opt/conda/lib/python3.12/site-packages/airflow/example_dags/subdags/subdag.py
[2025-02-06T08:41:43.750+0000] {processor.py:914} INFO - Processing file /opt/conda/lib/python3.12/site-packages/airflow/example_dags/subdags/subdag.py for tasks to queue
[2025-02-06T08:41:43.752+0000] {logging_mixin.py:190} INFO - [2025-02-06T08:41:43.751+0000] {dagbag.py:588} INFO - Filling up the DagBag from /opt/conda/lib/python3.12/site-packages/airflow/example_dags/subdags/subdag.py
[2025-02-06T08:41:43.754+0000] {processor.py:927} WARNING - No viable dags retrieved from /opt/conda/lib/python3.12/site-packages/airflow/example_dags/subdags/subdag.py
[2025-02-06T08:41:43.775+0000] {processor.py:208} INFO - Processing /opt/conda/lib/python3.12/site-packages/airflow/example_dags/subdags/subdag.py took 0.030 seconds
[2025-02-06T08:43:27.302+0000] {processor.py:186} INFO - Started process (PID=52) to work on /opt/conda/lib/python3.12/site-packages/airflow/example_dags/subdags/subdag.py
[2025-02-06T08:43:27.303+0000] {processor.py:914} INFO - Processing file /opt/conda/lib/python3.12/site-packages/airflow/example_dags/subdags/subdag.py for tasks to queue
[2025-02-06T08:43:27.306+0000] {logging_mixin.py:190} INFO - [2025-02-06T08:43:27.306+0000] {dagbag.py:588} INFO - Filling up the DagBag from /opt/conda/lib/python3.12/site-packages/airflow/example_dags/subdags/subdag.py
[2025-02-06T08:43:27.308+0000] {processor.py:927} WARNING - No viable dags retrieved from /opt/conda/lib/python3.12/site-packages/airflow/example_dags/subdags/subdag.py
[2025-02-06T08:43:27.328+0000] {processor.py:208} INFO - Processing /opt/conda/lib/python3.12/site-packages/airflow/example_dags/subdags/subdag.py took 0.030 seconds
[2025-02-06T08:44:36.782+0000] {processor.py:186} INFO - Started process (PID=110) to work on /opt/conda/lib/python3.12/site-packages/airflow/example_dags/subdags/subdag.py
[2025-02-06T08:44:36.783+0000] {processor.py:914} INFO - Processing file /opt/conda/lib/python3.12/site-packages/airflow/example_dags/subdags/subdag.py for tasks to queue
[2025-02-06T08:44:36.785+0000] {logging_mixin.py:190} INFO - [2025-02-06T08:44:36.784+0000] {dagbag.py:588} INFO - Filling up the DagBag from /opt/conda/lib/python3.12/site-packages/airflow/example_dags/subdags/subdag.py
[2025-02-06T08:44:36.786+0000] {processor.py:927} WARNING - No viable dags retrieved from /opt/conda/lib/python3.12/site-packages/airflow/example_dags/subdags/subdag.py
[2025-02-06T08:44:36.804+0000] {processor.py:208} INFO - Processing /opt/conda/lib/python3.12/site-packages/airflow/example_dags/subdags/subdag.py took 0.026 seconds
[2025-02-06T08:46:02.522+0000] {processor.py:186} INFO - Started process (PID=211) to work on /opt/conda/lib/python3.12/site-packages/airflow/example_dags/subdags/subdag.py
[2025-02-06T08:46:02.523+0000] {processor.py:914} INFO - Processing file /opt/conda/lib/python3.12/site-packages/airflow/example_dags/subdags/subdag.py for tasks to queue
[2025-02-06T08:46:02.525+0000] {logging_mixin.py:190} INFO - [2025-02-06T08:46:02.525+0000] {dagbag.py:588} INFO - Filling up the DagBag from /opt/conda/lib/python3.12/site-packages/airflow/example_dags/subdags/subdag.py
[2025-02-06T08:46:02.527+0000] {processor.py:927} WARNING - No viable dags retrieved from /opt/conda/lib/python3.12/site-packages/airflow/example_dags/subdags/subdag.py
[2025-02-06T08:46:02.544+0000] {processor.py:208} INFO - Processing /opt/conda/lib/python3.12/site-packages/airflow/example_dags/subdags/subdag.py took 0.027 seconds
[2025-02-06T08:47:18.370+0000] {processor.py:186} INFO - Started process (PID=342) to work on /opt/conda/lib/python3.12/site-packages/airflow/example_dags/subdags/subdag.py
[2025-02-06T08:47:18.372+0000] {processor.py:914} INFO - Processing file /opt/conda/lib/python3.12/site-packages/airflow/example_dags/subdags/subdag.py for tasks to queue
[2025-02-06T08:47:18.374+0000] {logging_mixin.py:190} INFO - [2025-02-06T08:47:18.373+0000] {dagbag.py:588} INFO - Filling up the DagBag from /opt/conda/lib/python3.12/site-packages/airflow/example_dags/subdags/subdag.py
[2025-02-06T08:47:18.376+0000] {processor.py:927} WARNING - No viable dags retrieved from /opt/conda/lib/python3.12/site-packages/airflow/example_dags/subdags/subdag.py
[2025-02-06T08:47:18.396+0000] {processor.py:208} INFO - Processing /opt/conda/lib/python3.12/site-packages/airflow/example_dags/subdags/subdag.py took 0.031 seconds
[2025-02-06T08:48:48.716+0000] {processor.py:186} INFO - Started process (PID=136) to work on /opt/conda/lib/python3.12/site-packages/airflow/example_dags/subdags/subdag.py
[2025-02-06T08:48:48.717+0000] {processor.py:914} INFO - Processing file /opt/conda/lib/python3.12/site-packages/airflow/example_dags/subdags/subdag.py for tasks to queue
[2025-02-06T08:48:48.719+0000] {logging_mixin.py:190} INFO - [2025-02-06T08:48:48.719+0000] {dagbag.py:588} INFO - Filling up the DagBag from /opt/conda/lib/python3.12/site-packages/airflow/example_dags/subdags/subdag.py
[2025-02-06T08:48:48.721+0000] {processor.py:927} WARNING - No viable dags retrieved from /opt/conda/lib/python3.12/site-packages/airflow/example_dags/subdags/subdag.py
[2025-02-06T08:48:48.739+0000] {processor.py:208} INFO - Processing /opt/conda/lib/python3.12/site-packages/airflow/example_dags/subdags/subdag.py took 0.027 seconds
[2025-02-06T08:51:52.815+0000] {processor.py:186} INFO - Started process (PID=478) to work on /opt/conda/lib/python3.12/site-packages/airflow/example_dags/subdags/subdag.py
[2025-02-06T08:51:52.816+0000] {processor.py:914} INFO - Processing file /opt/conda/lib/python3.12/site-packages/airflow/example_dags/subdags/subdag.py for tasks to queue
[2025-02-06T08:51:52.818+0000] {logging_mixin.py:190} INFO - [2025-02-06T08:51:52.818+0000] {dagbag.py:588} INFO - Filling up the DagBag from /opt/conda/lib/python3.12/site-packages/airflow/example_dags/subdags/subdag.py
[2025-02-06T08:51:52.820+0000] {processor.py:927} WARNING - No viable dags retrieved from /opt/conda/lib/python3.12/site-packages/airflow/example_dags/subdags/subdag.py
[2025-02-06T08:51:52.839+0000] {processor.py:208} INFO - Processing /opt/conda/lib/python3.12/site-packages/airflow/example_dags/subdags/subdag.py took 0.029 seconds
[2025-02-06T08:54:27.590+0000] {processor.py:186} INFO - Started process (PID=768) to work on /opt/conda/lib/python3.12/site-packages/airflow/example_dags/subdags/subdag.py
[2025-02-06T08:54:27.591+0000] {processor.py:914} INFO - Processing file /opt/conda/lib/python3.12/site-packages/airflow/example_dags/subdags/subdag.py for tasks to queue
[2025-02-06T08:54:27.594+0000] {logging_mixin.py:190} INFO - [2025-02-06T08:54:27.594+0000] {dagbag.py:588} INFO - Filling up the DagBag from /opt/conda/lib/python3.12/site-packages/airflow/example_dags/subdags/subdag.py
[2025-02-06T08:54:27.597+0000] {processor.py:927} WARNING - No viable dags retrieved from /opt/conda/lib/python3.12/site-packages/airflow/example_dags/subdags/subdag.py
[2025-02-06T08:54:27.618+0000] {processor.py:208} INFO - Processing /opt/conda/lib/python3.12/site-packages/airflow/example_dags/subdags/subdag.py took 0.032 seconds
[2025-02-06T08:56:57.526+0000] {processor.py:186} INFO - Started process (PID=1033) to work on /opt/conda/lib/python3.12/site-packages/airflow/example_dags/subdags/subdag.py
[2025-02-06T08:56:57.527+0000] {processor.py:914} INFO - Processing file /opt/conda/lib/python3.12/site-packages/airflow/example_dags/subdags/subdag.py for tasks to queue
[2025-02-06T08:56:57.529+0000] {logging_mixin.py:190} INFO - [2025-02-06T08:56:57.529+0000] {dagbag.py:588} INFO - Filling up the DagBag from /opt/conda/lib/python3.12/site-packages/airflow/example_dags/subdags/subdag.py
[2025-02-06T08:56:57.532+0000] {processor.py:927} WARNING - No viable dags retrieved from /opt/conda/lib/python3.12/site-packages/airflow/example_dags/subdags/subdag.py
[2025-02-06T08:56:57.554+0000] {processor.py:208} INFO - Processing /opt/conda/lib/python3.12/site-packages/airflow/example_dags/subdags/subdag.py took 0.033 seconds
[2025-02-06T09:01:45.298+0000] {processor.py:186} INFO - Started process (PID=171) to work on /opt/conda/lib/python3.12/site-packages/airflow/example_dags/subdags/subdag.py
[2025-02-06T09:01:45.299+0000] {processor.py:914} INFO - Processing file /opt/conda/lib/python3.12/site-packages/airflow/example_dags/subdags/subdag.py for tasks to queue
[2025-02-06T09:01:45.301+0000] {logging_mixin.py:190} INFO - [2025-02-06T09:01:45.301+0000] {dagbag.py:588} INFO - Filling up the DagBag from /opt/conda/lib/python3.12/site-packages/airflow/example_dags/subdags/subdag.py
[2025-02-06T09:01:45.303+0000] {processor.py:927} WARNING - No viable dags retrieved from /opt/conda/lib/python3.12/site-packages/airflow/example_dags/subdags/subdag.py
[2025-02-06T09:01:45.320+0000] {processor.py:208} INFO - Processing /opt/conda/lib/python3.12/site-packages/airflow/example_dags/subdags/subdag.py took 0.026 seconds
[2025-02-06T09:03:13.036+0000] {processor.py:186} INFO - Started process (PID=52) to work on /opt/conda/lib/python3.12/site-packages/airflow/example_dags/subdags/subdag.py
[2025-02-06T09:03:13.037+0000] {processor.py:914} INFO - Processing file /opt/conda/lib/python3.12/site-packages/airflow/example_dags/subdags/subdag.py for tasks to queue
[2025-02-06T09:03:13.042+0000] {logging_mixin.py:190} INFO - [2025-02-06T09:03:13.042+0000] {dagbag.py:588} INFO - Filling up the DagBag from /opt/conda/lib/python3.12/site-packages/airflow/example_dags/subdags/subdag.py
[2025-02-06T09:03:13.046+0000] {processor.py:927} WARNING - No viable dags retrieved from /opt/conda/lib/python3.12/site-packages/airflow/example_dags/subdags/subdag.py
[2025-02-06T09:03:13.071+0000] {processor.py:208} INFO - Processing /opt/conda/lib/python3.12/site-packages/airflow/example_dags/subdags/subdag.py took 0.041 seconds
[2025-02-06T09:03:47.992+0000] {processor.py:186} INFO - Started process (PID=48) to work on /opt/conda/lib/python3.12/site-packages/airflow/example_dags/subdags/subdag.py
[2025-02-06T09:03:47.993+0000] {processor.py:914} INFO - Processing file /opt/conda/lib/python3.12/site-packages/airflow/example_dags/subdags/subdag.py for tasks to queue
[2025-02-06T09:03:47.995+0000] {logging_mixin.py:190} INFO - [2025-02-06T09:03:47.995+0000] {dagbag.py:588} INFO - Filling up the DagBag from /opt/conda/lib/python3.12/site-packages/airflow/example_dags/subdags/subdag.py
[2025-02-06T09:03:47.997+0000] {processor.py:927} WARNING - No viable dags retrieved from /opt/conda/lib/python3.12/site-packages/airflow/example_dags/subdags/subdag.py
[2025-02-06T09:03:48.015+0000] {processor.py:208} INFO - Processing /opt/conda/lib/python3.12/site-packages/airflow/example_dags/subdags/subdag.py took 0.027 seconds
[2025-02-06T09:04:31.995+0000] {processor.py:186} INFO - Started process (PID=52) to work on /opt/conda/lib/python3.12/site-packages/airflow/example_dags/subdags/subdag.py
[2025-02-06T09:04:31.996+0000] {processor.py:914} INFO - Processing file /opt/conda/lib/python3.12/site-packages/airflow/example_dags/subdags/subdag.py for tasks to queue
[2025-02-06T09:04:31.998+0000] {logging_mixin.py:190} INFO - [2025-02-06T09:04:31.998+0000] {dagbag.py:588} INFO - Filling up the DagBag from /opt/conda/lib/python3.12/site-packages/airflow/example_dags/subdags/subdag.py
[2025-02-06T09:04:32.000+0000] {processor.py:927} WARNING - No viable dags retrieved from /opt/conda/lib/python3.12/site-packages/airflow/example_dags/subdags/subdag.py
[2025-02-06T09:04:32.018+0000] {processor.py:208} INFO - Processing /opt/conda/lib/python3.12/site-packages/airflow/example_dags/subdags/subdag.py took 0.027 seconds
[2025-02-06T09:07:38.153+0000] {processor.py:186} INFO - Started process (PID=394) to work on /opt/conda/lib/python3.12/site-packages/airflow/example_dags/subdags/subdag.py
[2025-02-06T09:07:38.154+0000] {processor.py:914} INFO - Processing file /opt/conda/lib/python3.12/site-packages/airflow/example_dags/subdags/subdag.py for tasks to queue
[2025-02-06T09:07:38.155+0000] {logging_mixin.py:190} INFO - [2025-02-06T09:07:38.155+0000] {dagbag.py:588} INFO - Filling up the DagBag from /opt/conda/lib/python3.12/site-packages/airflow/example_dags/subdags/subdag.py
[2025-02-06T09:07:38.157+0000] {processor.py:927} WARNING - No viable dags retrieved from /opt/conda/lib/python3.12/site-packages/airflow/example_dags/subdags/subdag.py
[2025-02-06T09:07:38.178+0000] {processor.py:208} INFO - Processing /opt/conda/lib/python3.12/site-packages/airflow/example_dags/subdags/subdag.py took 0.030 seconds
[2025-02-06T09:10:03.509+0000] {processor.py:186} INFO - Started process (PID=667) to work on /opt/conda/lib/python3.12/site-packages/airflow/example_dags/subdags/subdag.py
[2025-02-06T09:10:03.510+0000] {processor.py:914} INFO - Processing file /opt/conda/lib/python3.12/site-packages/airflow/example_dags/subdags/subdag.py for tasks to queue
[2025-02-06T09:10:03.512+0000] {logging_mixin.py:190} INFO - [2025-02-06T09:10:03.512+0000] {dagbag.py:588} INFO - Filling up the DagBag from /opt/conda/lib/python3.12/site-packages/airflow/example_dags/subdags/subdag.py
[2025-02-06T09:10:03.514+0000] {processor.py:927} WARNING - No viable dags retrieved from /opt/conda/lib/python3.12/site-packages/airflow/example_dags/subdags/subdag.py
[2025-02-06T09:10:03.535+0000] {processor.py:208} INFO - Processing /opt/conda/lib/python3.12/site-packages/airflow/example_dags/subdags/subdag.py took 0.030 seconds
[2025-02-06T09:12:23.210+0000] {processor.py:186} INFO - Started process (PID=930) to work on /opt/conda/lib/python3.12/site-packages/airflow/example_dags/subdags/subdag.py
[2025-02-06T09:12:23.211+0000] {processor.py:914} INFO - Processing file /opt/conda/lib/python3.12/site-packages/airflow/example_dags/subdags/subdag.py for tasks to queue
[2025-02-06T09:12:23.213+0000] {logging_mixin.py:190} INFO - [2025-02-06T09:12:23.212+0000] {dagbag.py:588} INFO - Filling up the DagBag from /opt/conda/lib/python3.12/site-packages/airflow/example_dags/subdags/subdag.py
[2025-02-06T09:12:23.215+0000] {processor.py:927} WARNING - No viable dags retrieved from /opt/conda/lib/python3.12/site-packages/airflow/example_dags/subdags/subdag.py
[2025-02-06T09:12:23.233+0000] {processor.py:208} INFO - Processing /opt/conda/lib/python3.12/site-packages/airflow/example_dags/subdags/subdag.py took 0.027 seconds
[2025-02-06T09:14:52.751+0000] {processor.py:186} INFO - Started process (PID=1203) to work on /opt/conda/lib/python3.12/site-packages/airflow/example_dags/subdags/subdag.py
[2025-02-06T09:14:52.752+0000] {processor.py:914} INFO - Processing file /opt/conda/lib/python3.12/site-packages/airflow/example_dags/subdags/subdag.py for tasks to queue
[2025-02-06T09:14:52.754+0000] {logging_mixin.py:190} INFO - [2025-02-06T09:14:52.754+0000] {dagbag.py:588} INFO - Filling up the DagBag from /opt/conda/lib/python3.12/site-packages/airflow/example_dags/subdags/subdag.py
[2025-02-06T09:14:52.756+0000] {processor.py:927} WARNING - No viable dags retrieved from /opt/conda/lib/python3.12/site-packages/airflow/example_dags/subdags/subdag.py
[2025-02-06T09:14:52.776+0000] {processor.py:208} INFO - Processing /opt/conda/lib/python3.12/site-packages/airflow/example_dags/subdags/subdag.py took 0.029 seconds
[2025-02-06T09:17:03.462+0000] {processor.py:186} INFO - Started process (PID=1450) to work on /opt/conda/lib/python3.12/site-packages/airflow/example_dags/subdags/subdag.py
[2025-02-06T09:17:03.463+0000] {processor.py:914} INFO - Processing file /opt/conda/lib/python3.12/site-packages/airflow/example_dags/subdags/subdag.py for tasks to queue
[2025-02-06T09:17:03.465+0000] {logging_mixin.py:190} INFO - [2025-02-06T09:17:03.465+0000] {dagbag.py:588} INFO - Filling up the DagBag from /opt/conda/lib/python3.12/site-packages/airflow/example_dags/subdags/subdag.py
[2025-02-06T09:17:03.468+0000] {processor.py:927} WARNING - No viable dags retrieved from /opt/conda/lib/python3.12/site-packages/airflow/example_dags/subdags/subdag.py
[2025-02-06T09:17:03.487+0000] {processor.py:208} INFO - Processing /opt/conda/lib/python3.12/site-packages/airflow/example_dags/subdags/subdag.py took 0.029 seconds
[2025-02-06T09:19:26.466+0000] {processor.py:186} INFO - Started process (PID=1703) to work on /opt/conda/lib/python3.12/site-packages/airflow/example_dags/subdags/subdag.py
[2025-02-06T09:19:26.467+0000] {processor.py:914} INFO - Processing file /opt/conda/lib/python3.12/site-packages/airflow/example_dags/subdags/subdag.py for tasks to queue
[2025-02-06T09:19:26.469+0000] {logging_mixin.py:190} INFO - [2025-02-06T09:19:26.469+0000] {dagbag.py:588} INFO - Filling up the DagBag from /opt/conda/lib/python3.12/site-packages/airflow/example_dags/subdags/subdag.py
[2025-02-06T09:19:26.471+0000] {processor.py:927} WARNING - No viable dags retrieved from /opt/conda/lib/python3.12/site-packages/airflow/example_dags/subdags/subdag.py
[2025-02-06T09:19:26.492+0000] {processor.py:208} INFO - Processing /opt/conda/lib/python3.12/site-packages/airflow/example_dags/subdags/subdag.py took 0.030 seconds
[2025-02-06T09:22:10.766+0000] {processor.py:186} INFO - Started process (PID=1974) to work on /opt/conda/lib/python3.12/site-packages/airflow/example_dags/subdags/subdag.py
[2025-02-06T09:22:10.767+0000] {processor.py:914} INFO - Processing file /opt/conda/lib/python3.12/site-packages/airflow/example_dags/subdags/subdag.py for tasks to queue
[2025-02-06T09:22:10.769+0000] {logging_mixin.py:190} INFO - [2025-02-06T09:22:10.769+0000] {dagbag.py:588} INFO - Filling up the DagBag from /opt/conda/lib/python3.12/site-packages/airflow/example_dags/subdags/subdag.py
[2025-02-06T09:22:10.772+0000] {processor.py:927} WARNING - No viable dags retrieved from /opt/conda/lib/python3.12/site-packages/airflow/example_dags/subdags/subdag.py
[2025-02-06T09:22:10.803+0000] {processor.py:208} INFO - Processing /opt/conda/lib/python3.12/site-packages/airflow/example_dags/subdags/subdag.py took 0.042 seconds
[2025-02-06T09:25:15.264+0000] {processor.py:186} INFO - Started process (PID=134) to work on /opt/conda/lib/python3.12/site-packages/airflow/example_dags/subdags/subdag.py
[2025-02-06T09:25:15.265+0000] {processor.py:914} INFO - Processing file /opt/conda/lib/python3.12/site-packages/airflow/example_dags/subdags/subdag.py for tasks to queue
[2025-02-06T09:25:15.267+0000] {logging_mixin.py:190} INFO - [2025-02-06T09:25:15.266+0000] {dagbag.py:588} INFO - Filling up the DagBag from /opt/conda/lib/python3.12/site-packages/airflow/example_dags/subdags/subdag.py
[2025-02-06T09:25:15.269+0000] {processor.py:927} WARNING - No viable dags retrieved from /opt/conda/lib/python3.12/site-packages/airflow/example_dags/subdags/subdag.py
[2025-02-06T09:25:15.286+0000] {processor.py:208} INFO - Processing /opt/conda/lib/python3.12/site-packages/airflow/example_dags/subdags/subdag.py took 0.026 seconds
[2025-02-06T09:31:06.510+0000] {processor.py:186} INFO - Started process (PID=234) to work on /opt/conda/lib/python3.12/site-packages/airflow/example_dags/subdags/subdag.py
[2025-02-06T09:31:06.511+0000] {processor.py:914} INFO - Processing file /opt/conda/lib/python3.12/site-packages/airflow/example_dags/subdags/subdag.py for tasks to queue
[2025-02-06T09:31:06.513+0000] {logging_mixin.py:190} INFO - [2025-02-06T09:31:06.513+0000] {dagbag.py:588} INFO - Filling up the DagBag from /opt/conda/lib/python3.12/site-packages/airflow/example_dags/subdags/subdag.py
[2025-02-06T09:31:06.515+0000] {processor.py:927} WARNING - No viable dags retrieved from /opt/conda/lib/python3.12/site-packages/airflow/example_dags/subdags/subdag.py
[2025-02-06T09:31:06.535+0000] {processor.py:208} INFO - Processing /opt/conda/lib/python3.12/site-packages/airflow/example_dags/subdags/subdag.py took 0.028 seconds
[2025-02-06T09:36:28.088+0000] {processor.py:186} INFO - Started process (PID=826) to work on /opt/conda/lib/python3.12/site-packages/airflow/example_dags/subdags/subdag.py
[2025-02-06T09:36:28.090+0000] {processor.py:914} INFO - Processing file /opt/conda/lib/python3.12/site-packages/airflow/example_dags/subdags/subdag.py for tasks to queue
[2025-02-06T09:36:28.092+0000] {logging_mixin.py:190} INFO - [2025-02-06T09:36:28.091+0000] {dagbag.py:588} INFO - Filling up the DagBag from /opt/conda/lib/python3.12/site-packages/airflow/example_dags/subdags/subdag.py
[2025-02-06T09:36:28.094+0000] {processor.py:927} WARNING - No viable dags retrieved from /opt/conda/lib/python3.12/site-packages/airflow/example_dags/subdags/subdag.py
[2025-02-06T09:36:28.115+0000] {processor.py:208} INFO - Processing /opt/conda/lib/python3.12/site-packages/airflow/example_dags/subdags/subdag.py took 0.035 seconds
[2025-02-06T09:41:20.418+0000] {processor.py:186} INFO - Started process (PID=1339) to work on /opt/conda/lib/python3.12/site-packages/airflow/example_dags/subdags/subdag.py
[2025-02-06T09:41:20.420+0000] {processor.py:914} INFO - Processing file /opt/conda/lib/python3.12/site-packages/airflow/example_dags/subdags/subdag.py for tasks to queue
[2025-02-06T09:41:20.422+0000] {logging_mixin.py:190} INFO - [2025-02-06T09:41:20.422+0000] {dagbag.py:588} INFO - Filling up the DagBag from /opt/conda/lib/python3.12/site-packages/airflow/example_dags/subdags/subdag.py
[2025-02-06T09:41:20.424+0000] {processor.py:927} WARNING - No viable dags retrieved from /opt/conda/lib/python3.12/site-packages/airflow/example_dags/subdags/subdag.py
[2025-02-06T09:41:20.446+0000] {processor.py:208} INFO - Processing /opt/conda/lib/python3.12/site-packages/airflow/example_dags/subdags/subdag.py took 0.033 seconds
[2025-02-06T09:48:28.913+0000] {processor.py:186} INFO - Started process (PID=217) to work on /opt/conda/lib/python3.12/site-packages/airflow/example_dags/subdags/subdag.py
[2025-02-06T09:48:28.914+0000] {processor.py:914} INFO - Processing file /opt/conda/lib/python3.12/site-packages/airflow/example_dags/subdags/subdag.py for tasks to queue
[2025-02-06T09:48:28.916+0000] {logging_mixin.py:190} INFO - [2025-02-06T09:48:28.916+0000] {dagbag.py:588} INFO - Filling up the DagBag from /opt/conda/lib/python3.12/site-packages/airflow/example_dags/subdags/subdag.py
[2025-02-06T09:48:28.918+0000] {processor.py:927} WARNING - No viable dags retrieved from /opt/conda/lib/python3.12/site-packages/airflow/example_dags/subdags/subdag.py
[2025-02-06T09:48:28.937+0000] {processor.py:208} INFO - Processing /opt/conda/lib/python3.12/site-packages/airflow/example_dags/subdags/subdag.py took 0.027 seconds
[2025-02-06T09:53:56.827+0000] {processor.py:186} INFO - Started process (PID=794) to work on /opt/conda/lib/python3.12/site-packages/airflow/example_dags/subdags/subdag.py
[2025-02-06T09:53:56.828+0000] {processor.py:914} INFO - Processing file /opt/conda/lib/python3.12/site-packages/airflow/example_dags/subdags/subdag.py for tasks to queue
[2025-02-06T09:53:56.829+0000] {logging_mixin.py:190} INFO - [2025-02-06T09:53:56.829+0000] {dagbag.py:588} INFO - Filling up the DagBag from /opt/conda/lib/python3.12/site-packages/airflow/example_dags/subdags/subdag.py
[2025-02-06T09:53:56.831+0000] {processor.py:927} WARNING - No viable dags retrieved from /opt/conda/lib/python3.12/site-packages/airflow/example_dags/subdags/subdag.py
[2025-02-06T09:53:56.852+0000] {processor.py:208} INFO - Processing /opt/conda/lib/python3.12/site-packages/airflow/example_dags/subdags/subdag.py took 0.030 seconds
[2025-02-06T09:58:00.953+0000] {processor.py:186} INFO - Started process (PID=1257) to work on /opt/conda/lib/python3.12/site-packages/airflow/example_dags/subdags/subdag.py
[2025-02-06T09:58:00.954+0000] {processor.py:914} INFO - Processing file /opt/conda/lib/python3.12/site-packages/airflow/example_dags/subdags/subdag.py for tasks to queue
[2025-02-06T09:58:00.956+0000] {logging_mixin.py:190} INFO - [2025-02-06T09:58:00.956+0000] {dagbag.py:588} INFO - Filling up the DagBag from /opt/conda/lib/python3.12/site-packages/airflow/example_dags/subdags/subdag.py
[2025-02-06T09:58:00.958+0000] {processor.py:927} WARNING - No viable dags retrieved from /opt/conda/lib/python3.12/site-packages/airflow/example_dags/subdags/subdag.py
[2025-02-06T09:58:00.977+0000] {processor.py:208} INFO - Processing /opt/conda/lib/python3.12/site-packages/airflow/example_dags/subdags/subdag.py took 0.027 seconds
[2025-02-06T10:03:06.554+0000] {processor.py:186} INFO - Started process (PID=1805) to work on /opt/conda/lib/python3.12/site-packages/airflow/example_dags/subdags/subdag.py
[2025-02-06T10:03:06.555+0000] {processor.py:914} INFO - Processing file /opt/conda/lib/python3.12/site-packages/airflow/example_dags/subdags/subdag.py for tasks to queue
[2025-02-06T10:03:06.557+0000] {logging_mixin.py:190} INFO - [2025-02-06T10:03:06.557+0000] {dagbag.py:588} INFO - Filling up the DagBag from /opt/conda/lib/python3.12/site-packages/airflow/example_dags/subdags/subdag.py
[2025-02-06T10:03:06.560+0000] {processor.py:927} WARNING - No viable dags retrieved from /opt/conda/lib/python3.12/site-packages/airflow/example_dags/subdags/subdag.py
[2025-02-06T10:03:06.584+0000] {processor.py:208} INFO - Processing /opt/conda/lib/python3.12/site-packages/airflow/example_dags/subdags/subdag.py took 0.034 seconds
[2025-02-06T10:05:57.358+0000] {processor.py:186} INFO - Started process (PID=2060) to work on /opt/conda/lib/python3.12/site-packages/airflow/example_dags/subdags/subdag.py
[2025-02-06T10:05:57.359+0000] {processor.py:914} INFO - Processing file /opt/conda/lib/python3.12/site-packages/airflow/example_dags/subdags/subdag.py for tasks to queue
[2025-02-06T10:05:57.360+0000] {logging_mixin.py:190} INFO - [2025-02-06T10:05:57.360+0000] {dagbag.py:588} INFO - Filling up the DagBag from /opt/conda/lib/python3.12/site-packages/airflow/example_dags/subdags/subdag.py
[2025-02-06T10:05:57.362+0000] {processor.py:927} WARNING - No viable dags retrieved from /opt/conda/lib/python3.12/site-packages/airflow/example_dags/subdags/subdag.py
[2025-02-06T10:05:57.379+0000] {processor.py:208} INFO - Processing /opt/conda/lib/python3.12/site-packages/airflow/example_dags/subdags/subdag.py took 0.025 seconds
[2025-02-06T10:08:40.041+0000] {processor.py:186} INFO - Started process (PID=2308) to work on /opt/conda/lib/python3.12/site-packages/airflow/example_dags/subdags/subdag.py
[2025-02-06T10:08:40.042+0000] {processor.py:914} INFO - Processing file /opt/conda/lib/python3.12/site-packages/airflow/example_dags/subdags/subdag.py for tasks to queue
[2025-02-06T10:08:40.043+0000] {logging_mixin.py:190} INFO - [2025-02-06T10:08:40.043+0000] {dagbag.py:588} INFO - Filling up the DagBag from /opt/conda/lib/python3.12/site-packages/airflow/example_dags/subdags/subdag.py
[2025-02-06T10:08:40.045+0000] {processor.py:927} WARNING - No viable dags retrieved from /opt/conda/lib/python3.12/site-packages/airflow/example_dags/subdags/subdag.py
[2025-02-06T10:08:40.069+0000] {processor.py:208} INFO - Processing /opt/conda/lib/python3.12/site-packages/airflow/example_dags/subdags/subdag.py took 0.033 seconds
[2025-02-06T10:12:59.073+0000] {processor.py:186} INFO - Started process (PID=2753) to work on /opt/conda/lib/python3.12/site-packages/airflow/example_dags/subdags/subdag.py
[2025-02-06T10:12:59.074+0000] {processor.py:914} INFO - Processing file /opt/conda/lib/python3.12/site-packages/airflow/example_dags/subdags/subdag.py for tasks to queue
[2025-02-06T10:12:59.076+0000] {logging_mixin.py:190} INFO - [2025-02-06T10:12:59.075+0000] {dagbag.py:588} INFO - Filling up the DagBag from /opt/conda/lib/python3.12/site-packages/airflow/example_dags/subdags/subdag.py
[2025-02-06T10:12:59.078+0000] {processor.py:927} WARNING - No viable dags retrieved from /opt/conda/lib/python3.12/site-packages/airflow/example_dags/subdags/subdag.py
[2025-02-06T10:12:59.108+0000] {processor.py:208} INFO - Processing /opt/conda/lib/python3.12/site-packages/airflow/example_dags/subdags/subdag.py took 0.040 seconds
[2025-02-06T10:19:03.318+0000] {processor.py:186} INFO - Started process (PID=3384) to work on /opt/conda/lib/python3.12/site-packages/airflow/example_dags/subdags/subdag.py
[2025-02-06T10:19:03.319+0000] {processor.py:914} INFO - Processing file /opt/conda/lib/python3.12/site-packages/airflow/example_dags/subdags/subdag.py for tasks to queue
[2025-02-06T10:19:03.320+0000] {logging_mixin.py:190} INFO - [2025-02-06T10:19:03.320+0000] {dagbag.py:588} INFO - Filling up the DagBag from /opt/conda/lib/python3.12/site-packages/airflow/example_dags/subdags/subdag.py
[2025-02-06T10:19:03.323+0000] {processor.py:927} WARNING - No viable dags retrieved from /opt/conda/lib/python3.12/site-packages/airflow/example_dags/subdags/subdag.py
[2025-02-06T10:19:03.339+0000] {processor.py:208} INFO - Processing /opt/conda/lib/python3.12/site-packages/airflow/example_dags/subdags/subdag.py took 0.027 seconds
[2025-02-06T10:23:58.294+0000] {processor.py:186} INFO - Started process (PID=3880) to work on /opt/conda/lib/python3.12/site-packages/airflow/example_dags/subdags/subdag.py
[2025-02-06T10:23:58.295+0000] {processor.py:914} INFO - Processing file /opt/conda/lib/python3.12/site-packages/airflow/example_dags/subdags/subdag.py for tasks to queue
[2025-02-06T10:23:58.297+0000] {logging_mixin.py:190} INFO - [2025-02-06T10:23:58.297+0000] {dagbag.py:588} INFO - Filling up the DagBag from /opt/conda/lib/python3.12/site-packages/airflow/example_dags/subdags/subdag.py
[2025-02-06T10:23:58.299+0000] {processor.py:927} WARNING - No viable dags retrieved from /opt/conda/lib/python3.12/site-packages/airflow/example_dags/subdags/subdag.py
[2025-02-06T10:23:58.321+0000] {processor.py:208} INFO - Processing /opt/conda/lib/python3.12/site-packages/airflow/example_dags/subdags/subdag.py took 0.033 seconds
[2025-02-06T10:25:25.141+0000] {processor.py:186} INFO - Started process (PID=3997) to work on /opt/conda/lib/python3.12/site-packages/airflow/example_dags/subdags/subdag.py
[2025-02-06T10:25:25.143+0000] {processor.py:914} INFO - Processing file /opt/conda/lib/python3.12/site-packages/airflow/example_dags/subdags/subdag.py for tasks to queue
[2025-02-06T10:25:25.144+0000] {logging_mixin.py:190} INFO - [2025-02-06T10:25:25.144+0000] {dagbag.py:588} INFO - Filling up the DagBag from /opt/conda/lib/python3.12/site-packages/airflow/example_dags/subdags/subdag.py
[2025-02-06T10:25:25.147+0000] {processor.py:927} WARNING - No viable dags retrieved from /opt/conda/lib/python3.12/site-packages/airflow/example_dags/subdags/subdag.py
[2025-02-06T10:25:25.168+0000] {processor.py:208} INFO - Processing /opt/conda/lib/python3.12/site-packages/airflow/example_dags/subdags/subdag.py took 0.033 seconds
[2025-02-06T10:26:44.101+0000] {processor.py:186} INFO - Started process (PID=4138) to work on /opt/conda/lib/python3.12/site-packages/airflow/example_dags/subdags/subdag.py
[2025-02-06T10:26:44.102+0000] {processor.py:914} INFO - Processing file /opt/conda/lib/python3.12/site-packages/airflow/example_dags/subdags/subdag.py for tasks to queue
[2025-02-06T10:26:44.104+0000] {logging_mixin.py:190} INFO - [2025-02-06T10:26:44.103+0000] {dagbag.py:588} INFO - Filling up the DagBag from /opt/conda/lib/python3.12/site-packages/airflow/example_dags/subdags/subdag.py
[2025-02-06T10:26:44.106+0000] {processor.py:927} WARNING - No viable dags retrieved from /opt/conda/lib/python3.12/site-packages/airflow/example_dags/subdags/subdag.py
[2025-02-06T10:26:44.127+0000] {processor.py:208} INFO - Processing /opt/conda/lib/python3.12/site-packages/airflow/example_dags/subdags/subdag.py took 0.029 seconds
[2025-02-06T11:41:25.848+0000] {processor.py:186} INFO - Started process (PID=622) to work on /opt/conda/lib/python3.12/site-packages/airflow/example_dags/subdags/subdag.py
[2025-02-06T11:41:25.850+0000] {processor.py:914} INFO - Processing file /opt/conda/lib/python3.12/site-packages/airflow/example_dags/subdags/subdag.py for tasks to queue
[2025-02-06T11:41:25.852+0000] {logging_mixin.py:190} INFO - [2025-02-06T11:41:25.852+0000] {dagbag.py:588} INFO - Filling up the DagBag from /opt/conda/lib/python3.12/site-packages/airflow/example_dags/subdags/subdag.py
[2025-02-06T11:41:25.855+0000] {processor.py:927} WARNING - No viable dags retrieved from /opt/conda/lib/python3.12/site-packages/airflow/example_dags/subdags/subdag.py
[2025-02-06T11:41:25.877+0000] {processor.py:208} INFO - Processing /opt/conda/lib/python3.12/site-packages/airflow/example_dags/subdags/subdag.py took 0.035 seconds
[2025-02-06T11:45:39.305+0000] {processor.py:186} INFO - Started process (PID=1597) to work on /opt/conda/lib/python3.12/site-packages/airflow/example_dags/subdags/subdag.py
[2025-02-06T11:45:39.308+0000] {processor.py:914} INFO - Processing file /opt/conda/lib/python3.12/site-packages/airflow/example_dags/subdags/subdag.py for tasks to queue
[2025-02-06T11:45:39.312+0000] {logging_mixin.py:190} INFO - [2025-02-06T11:45:39.311+0000] {dagbag.py:588} INFO - Filling up the DagBag from /opt/conda/lib/python3.12/site-packages/airflow/example_dags/subdags/subdag.py
[2025-02-06T11:45:39.318+0000] {processor.py:927} WARNING - No viable dags retrieved from /opt/conda/lib/python3.12/site-packages/airflow/example_dags/subdags/subdag.py
[2025-02-06T11:45:39.380+0000] {processor.py:208} INFO - Processing /opt/conda/lib/python3.12/site-packages/airflow/example_dags/subdags/subdag.py took 0.085 seconds
[2025-02-06T11:49:41.829+0000] {processor.py:186} INFO - Started process (PID=2510) to work on /opt/conda/lib/python3.12/site-packages/airflow/example_dags/subdags/subdag.py
[2025-02-06T11:49:41.830+0000] {processor.py:914} INFO - Processing file /opt/conda/lib/python3.12/site-packages/airflow/example_dags/subdags/subdag.py for tasks to queue
[2025-02-06T11:49:41.832+0000] {logging_mixin.py:190} INFO - [2025-02-06T11:49:41.832+0000] {dagbag.py:588} INFO - Filling up the DagBag from /opt/conda/lib/python3.12/site-packages/airflow/example_dags/subdags/subdag.py
[2025-02-06T11:49:41.835+0000] {processor.py:927} WARNING - No viable dags retrieved from /opt/conda/lib/python3.12/site-packages/airflow/example_dags/subdags/subdag.py
[2025-02-06T11:49:41.868+0000] {processor.py:208} INFO - Processing /opt/conda/lib/python3.12/site-packages/airflow/example_dags/subdags/subdag.py took 0.045 seconds
[2025-02-06T11:53:14.509+0000] {processor.py:186} INFO - Started process (PID=3484) to work on /opt/conda/lib/python3.12/site-packages/airflow/example_dags/subdags/subdag.py
[2025-02-06T11:53:14.511+0000] {processor.py:914} INFO - Processing file /opt/conda/lib/python3.12/site-packages/airflow/example_dags/subdags/subdag.py for tasks to queue
[2025-02-06T11:53:14.512+0000] {logging_mixin.py:190} INFO - [2025-02-06T11:53:14.512+0000] {dagbag.py:588} INFO - Filling up the DagBag from /opt/conda/lib/python3.12/site-packages/airflow/example_dags/subdags/subdag.py
[2025-02-06T11:53:14.515+0000] {processor.py:927} WARNING - No viable dags retrieved from /opt/conda/lib/python3.12/site-packages/airflow/example_dags/subdags/subdag.py
[2025-02-06T11:53:14.542+0000] {processor.py:208} INFO - Processing /opt/conda/lib/python3.12/site-packages/airflow/example_dags/subdags/subdag.py took 0.038 seconds
[2025-02-06T12:05:08.459+0000] {processor.py:186} INFO - Started process (PID=640) to work on /opt/conda/lib/python3.12/site-packages/airflow/example_dags/subdags/subdag.py
[2025-02-06T12:05:08.460+0000] {processor.py:914} INFO - Processing file /opt/conda/lib/python3.12/site-packages/airflow/example_dags/subdags/subdag.py for tasks to queue
[2025-02-06T12:05:08.463+0000] {logging_mixin.py:190} INFO - [2025-02-06T12:05:08.463+0000] {dagbag.py:588} INFO - Filling up the DagBag from /opt/conda/lib/python3.12/site-packages/airflow/example_dags/subdags/subdag.py
[2025-02-06T12:05:08.465+0000] {processor.py:927} WARNING - No viable dags retrieved from /opt/conda/lib/python3.12/site-packages/airflow/example_dags/subdags/subdag.py
[2025-02-06T12:05:08.484+0000] {processor.py:208} INFO - Processing /opt/conda/lib/python3.12/site-packages/airflow/example_dags/subdags/subdag.py took 0.028 seconds
[2025-02-06T12:07:59.027+0000] {processor.py:186} INFO - Started process (PID=1655) to work on /opt/conda/lib/python3.12/site-packages/airflow/example_dags/subdags/subdag.py
[2025-02-06T12:07:59.028+0000] {processor.py:914} INFO - Processing file /opt/conda/lib/python3.12/site-packages/airflow/example_dags/subdags/subdag.py for tasks to queue
[2025-02-06T12:07:59.030+0000] {logging_mixin.py:190} INFO - [2025-02-06T12:07:59.030+0000] {dagbag.py:588} INFO - Filling up the DagBag from /opt/conda/lib/python3.12/site-packages/airflow/example_dags/subdags/subdag.py
[2025-02-06T12:07:59.033+0000] {processor.py:927} WARNING - No viable dags retrieved from /opt/conda/lib/python3.12/site-packages/airflow/example_dags/subdags/subdag.py
[2025-02-06T12:07:59.057+0000] {processor.py:208} INFO - Processing /opt/conda/lib/python3.12/site-packages/airflow/example_dags/subdags/subdag.py took 0.034 seconds
[2025-02-06T12:25:56.130+0000] {processor.py:186} INFO - Started process (PID=1769) to work on /opt/conda/lib/python3.12/site-packages/airflow/example_dags/subdags/subdag.py
[2025-02-06T12:25:56.131+0000] {processor.py:914} INFO - Processing file /opt/conda/lib/python3.12/site-packages/airflow/example_dags/subdags/subdag.py for tasks to queue
[2025-02-06T12:25:56.132+0000] {logging_mixin.py:190} INFO - [2025-02-06T12:25:56.132+0000] {dagbag.py:588} INFO - Filling up the DagBag from /opt/conda/lib/python3.12/site-packages/airflow/example_dags/subdags/subdag.py
[2025-02-06T12:25:56.134+0000] {processor.py:927} WARNING - No viable dags retrieved from /opt/conda/lib/python3.12/site-packages/airflow/example_dags/subdags/subdag.py
[2025-02-06T12:25:56.153+0000] {processor.py:208} INFO - Processing /opt/conda/lib/python3.12/site-packages/airflow/example_dags/subdags/subdag.py took 0.026 seconds
[2025-02-06T12:33:41.281+0000] {processor.py:186} INFO - Started process (PID=5802) to work on /opt/conda/lib/python3.12/site-packages/airflow/example_dags/subdags/subdag.py
[2025-02-06T12:33:41.282+0000] {processor.py:914} INFO - Processing file /opt/conda/lib/python3.12/site-packages/airflow/example_dags/subdags/subdag.py for tasks to queue
[2025-02-06T12:33:41.284+0000] {logging_mixin.py:190} INFO - [2025-02-06T12:33:41.283+0000] {dagbag.py:588} INFO - Filling up the DagBag from /opt/conda/lib/python3.12/site-packages/airflow/example_dags/subdags/subdag.py
[2025-02-06T12:33:41.285+0000] {processor.py:927} WARNING - No viable dags retrieved from /opt/conda/lib/python3.12/site-packages/airflow/example_dags/subdags/subdag.py
[2025-02-06T12:33:41.303+0000] {processor.py:208} INFO - Processing /opt/conda/lib/python3.12/site-packages/airflow/example_dags/subdags/subdag.py took 0.026 seconds
[2025-02-06T12:38:21.199+0000] {processor.py:186} INFO - Started process (PID=8177) to work on /opt/conda/lib/python3.12/site-packages/airflow/example_dags/subdags/subdag.py
[2025-02-06T12:38:21.200+0000] {processor.py:914} INFO - Processing file /opt/conda/lib/python3.12/site-packages/airflow/example_dags/subdags/subdag.py for tasks to queue
[2025-02-06T12:38:21.202+0000] {logging_mixin.py:190} INFO - [2025-02-06T12:38:21.201+0000] {dagbag.py:588} INFO - Filling up the DagBag from /opt/conda/lib/python3.12/site-packages/airflow/example_dags/subdags/subdag.py
[2025-02-06T12:38:21.203+0000] {processor.py:927} WARNING - No viable dags retrieved from /opt/conda/lib/python3.12/site-packages/airflow/example_dags/subdags/subdag.py
[2025-02-06T12:38:21.219+0000] {processor.py:208} INFO - Processing /opt/conda/lib/python3.12/site-packages/airflow/example_dags/subdags/subdag.py took 0.024 seconds
[2025-02-06T12:46:31.856+0000] {processor.py:186} INFO - Started process (PID=12379) to work on /opt/conda/lib/python3.12/site-packages/airflow/example_dags/subdags/subdag.py
[2025-02-06T12:46:31.857+0000] {processor.py:914} INFO - Processing file /opt/conda/lib/python3.12/site-packages/airflow/example_dags/subdags/subdag.py for tasks to queue
[2025-02-06T12:46:31.858+0000] {logging_mixin.py:190} INFO - [2025-02-06T12:46:31.858+0000] {dagbag.py:588} INFO - Filling up the DagBag from /opt/conda/lib/python3.12/site-packages/airflow/example_dags/subdags/subdag.py
[2025-02-06T12:46:31.860+0000] {processor.py:927} WARNING - No viable dags retrieved from /opt/conda/lib/python3.12/site-packages/airflow/example_dags/subdags/subdag.py
[2025-02-06T12:46:31.879+0000] {processor.py:208} INFO - Processing /opt/conda/lib/python3.12/site-packages/airflow/example_dags/subdags/subdag.py took 0.028 seconds
[2025-02-06T13:01:07.758+0000] {processor.py:186} INFO - Started process (PID=990) to work on /opt/conda/lib/python3.12/site-packages/airflow/example_dags/subdags/subdag.py
[2025-02-06T13:01:07.760+0000] {processor.py:914} INFO - Processing file /opt/conda/lib/python3.12/site-packages/airflow/example_dags/subdags/subdag.py for tasks to queue
[2025-02-06T13:01:07.762+0000] {logging_mixin.py:190} INFO - [2025-02-06T13:01:07.761+0000] {dagbag.py:588} INFO - Filling up the DagBag from /opt/conda/lib/python3.12/site-packages/airflow/example_dags/subdags/subdag.py
[2025-02-06T13:01:07.765+0000] {processor.py:927} WARNING - No viable dags retrieved from /opt/conda/lib/python3.12/site-packages/airflow/example_dags/subdags/subdag.py
[2025-02-06T13:01:07.792+0000] {processor.py:208} INFO - Processing /opt/conda/lib/python3.12/site-packages/airflow/example_dags/subdags/subdag.py took 0.038 seconds
[2025-02-06T13:05:58.773+0000] {processor.py:186} INFO - Started process (PID=2559) to work on /opt/conda/lib/python3.12/site-packages/airflow/example_dags/subdags/subdag.py
[2025-02-06T13:05:58.774+0000] {processor.py:914} INFO - Processing file /opt/conda/lib/python3.12/site-packages/airflow/example_dags/subdags/subdag.py for tasks to queue
[2025-02-06T13:05:58.776+0000] {logging_mixin.py:190} INFO - [2025-02-06T13:05:58.775+0000] {dagbag.py:588} INFO - Filling up the DagBag from /opt/conda/lib/python3.12/site-packages/airflow/example_dags/subdags/subdag.py
[2025-02-06T13:05:58.778+0000] {processor.py:927} WARNING - No viable dags retrieved from /opt/conda/lib/python3.12/site-packages/airflow/example_dags/subdags/subdag.py
[2025-02-06T13:05:58.798+0000] {processor.py:208} INFO - Processing /opt/conda/lib/python3.12/site-packages/airflow/example_dags/subdags/subdag.py took 0.030 seconds
