[2025-02-06T13:24:40.021+0000] {local_task_job_runner.py:123} INFO - ::group::Pre task execution logs
[2025-02-06T13:24:40.041+0000] {taskinstance.py:2613} INFO - Dependencies all met for dep_context=non-requeueable deps ti=<TaskInstance: my_training_dag.task_insert_data scheduled__2025-01-01T01:55:30+00:00 [queued]>
[2025-02-06T13:24:40.055+0000] {taskinstance.py:2613} INFO - Dependencies all met for dep_context=requeueable deps ti=<TaskInstance: my_training_dag.task_insert_data scheduled__2025-01-01T01:55:30+00:00 [queued]>
[2025-02-06T13:24:40.056+0000] {taskinstance.py:2866} INFO - Starting attempt 1 of 1
[2025-02-06T13:24:40.093+0000] {taskinstance.py:2889} INFO - Executing <Task(PythonOperator): task_insert_data> on 2025-01-01 01:55:30+00:00
[2025-02-06T13:24:40.100+0000] {standard_task_runner.py:72} INFO - Started process 2413 to run task
[2025-02-06T13:24:40.103+0000] {standard_task_runner.py:104} INFO - Running: ['airflow', 'tasks', 'run', 'my_training_dag', 'task_insert_data', 'scheduled__2025-01-01T01:55:30+00:00', '--job-id', '3251', '--raw', '--subdir', 'DAGS_FOLDER/training_dag.py', '--cfg-path', '/tmp/tmpmjz4781_']
[2025-02-06T13:24:40.104+0000] {standard_task_runner.py:105} INFO - Job 3251: Subtask task_insert_data
[2025-02-06T13:24:40.182+0000] {task_command.py:467} INFO - Running <TaskInstance: my_training_dag.task_insert_data scheduled__2025-01-01T01:55:30+00:00 [running]> on host cbb1459a86bc
[2025-02-06T13:24:40.285+0000] {taskinstance.py:3132} INFO - Exporting env vars: AIRFLOW_CTX_DAG_OWNER='airflow' AIRFLOW_CTX_DAG_ID='my_training_dag' AIRFLOW_CTX_TASK_ID='task_insert_data' AIRFLOW_CTX_EXECUTION_DATE='2025-01-01T01:55:30+00:00' AIRFLOW_CTX_TRY_NUMBER='1' AIRFLOW_CTX_DAG_RUN_ID='scheduled__2025-01-01T01:55:30+00:00'
[2025-02-06T13:24:40.287+0000] {logging_mixin.py:190} INFO - Task instance is in running state
[2025-02-06T13:24:40.287+0000] {logging_mixin.py:190} INFO -  Previous state of the Task instance: queued
[2025-02-06T13:24:40.288+0000] {logging_mixin.py:190} INFO - Current task name:task_insert_data state:running start_date:2025-02-06 13:24:40.041852+00:00
[2025-02-06T13:24:40.288+0000] {logging_mixin.py:190} INFO - Dag name:my_training_dag and current dag run status:running
[2025-02-06T13:24:40.289+0000] {taskinstance.py:731} INFO - ::endgroup::
[2025-02-06T13:24:40.304+0000] {logging_mixin.py:190} INFO - Table : 'iris_data'  created succesfully
[2025-02-06T13:24:40.366+0000] {python.py:240} INFO - Done. Returned value was: None
[2025-02-06T13:24:40.376+0000] {taskinstance.py:340} INFO - ::group::Post task execution logs
[2025-02-06T13:24:40.376+0000] {taskinstance.py:352} INFO - Marking task as SUCCESS. dag_id=my_training_dag, task_id=task_insert_data, run_id=scheduled__2025-01-01T01:55:30+00:00, execution_date=20250101T015530, start_date=20250206T132440, end_date=20250206T132440
[2025-02-06T13:24:40.409+0000] {logging_mixin.py:190} INFO - Task instance in success state
[2025-02-06T13:24:40.410+0000] {logging_mixin.py:190} INFO -  Previous state of the Task instance: running
[2025-02-06T13:24:40.410+0000] {logging_mixin.py:190} INFO - Dag name:my_training_dag queued_at:2025-02-06 13:24:34.430280+00:00
[2025-02-06T13:24:40.410+0000] {logging_mixin.py:190} INFO - Task hostname:cbb1459a86bc operator:PythonOperator
[2025-02-06T13:24:40.437+0000] {local_task_job_runner.py:266} INFO - Task exited with return code 0
[2025-02-06T13:24:40.456+0000] {taskinstance.py:3895} INFO - 0 downstream tasks scheduled from follow-on schedule check
[2025-02-06T13:24:40.458+0000] {local_task_job_runner.py:245} INFO - ::endgroup::
