[2025-02-06T12:05:42.209+0000] {local_task_job_runner.py:123} INFO - ::group::Pre task execution logs
[2025-02-06T12:05:42.235+0000] {taskinstance.py:2613} INFO - Dependencies all met for dep_context=non-requeueable deps ti=<TaskInstance: my_first_dag.task_2 scheduled__2025-01-01T06:38:00+00:00 [queued]>
[2025-02-06T12:05:42.257+0000] {taskinstance.py:2613} INFO - Dependencies all met for dep_context=requeueable deps ti=<TaskInstance: my_first_dag.task_2 scheduled__2025-01-01T06:38:00+00:00 [queued]>
[2025-02-06T12:05:42.259+0000] {taskinstance.py:2866} INFO - Starting attempt 1 of 1
[2025-02-06T12:05:42.288+0000] {taskinstance.py:2889} INFO - Executing <Task(PythonOperator): task_2> on 2025-01-01 06:38:00+00:00
[2025-02-06T12:05:42.292+0000] {standard_task_runner.py:72} INFO - Started process 842 to run task
[2025-02-06T12:05:42.294+0000] {standard_task_runner.py:104} INFO - Running: ['airflow', 'tasks', 'run', 'my_first_dag', 'task_2', 'scheduled__2025-01-01T06:38:00+00:00', '--job-id', '2310', '--raw', '--subdir', 'DAGS_FOLDER/first_dag.py', '--cfg-path', '/tmp/tmpmtf4__8b']
[2025-02-06T12:05:42.295+0000] {standard_task_runner.py:105} INFO - Job 2310: Subtask task_2
[2025-02-06T12:05:42.388+0000] {task_command.py:467} INFO - Running <TaskInstance: my_first_dag.task_2 scheduled__2025-01-01T06:38:00+00:00 [running]> on host 06d5bdc1dd82
[2025-02-06T12:05:42.501+0000] {taskinstance.py:3132} INFO - Exporting env vars: AIRFLOW_CTX_DAG_OWNER='airflow' AIRFLOW_CTX_DAG_ID='my_first_dag' AIRFLOW_CTX_TASK_ID='task_2' AIRFLOW_CTX_EXECUTION_DATE='2025-01-01T06:38:00+00:00' AIRFLOW_CTX_TRY_NUMBER='1' AIRFLOW_CTX_DAG_RUN_ID='scheduled__2025-01-01T06:38:00+00:00'
[2025-02-06T12:05:42.505+0000] {logging_mixin.py:190} INFO - Task instance is in running state
[2025-02-06T12:05:42.505+0000] {logging_mixin.py:190} INFO -  Previous state of the Task instance: queued
[2025-02-06T12:05:42.506+0000] {logging_mixin.py:190} INFO - Current task name:task_2 state:running start_date:2025-02-06 12:05:42.236097+00:00
[2025-02-06T12:05:42.507+0000] {logging_mixin.py:190} INFO - Dag name:my_first_dag and current dag run status:running
[2025-02-06T12:05:42.507+0000] {taskinstance.py:731} INFO - ::endgroup::
[2025-02-06T12:05:42.529+0000] {logging_mixin.py:190} INFO - Hello John 699 API_KEY
[2025-02-06T12:05:42.529+0000] {python.py:240} INFO - Done. Returned value was: 699
[2025-02-06T12:05:42.710+0000] {taskinstance.py:340} INFO - ::group::Post task execution logs
[2025-02-06T12:05:42.711+0000] {taskinstance.py:352} INFO - Marking task as SUCCESS. dag_id=my_first_dag, task_id=task_2, run_id=scheduled__2025-01-01T06:38:00+00:00, execution_date=20250101T063800, start_date=20250206T120542, end_date=20250206T120542
[2025-02-06T12:05:42.747+0000] {logging_mixin.py:190} INFO - Task instance in success state
[2025-02-06T12:05:42.748+0000] {logging_mixin.py:190} INFO -  Previous state of the Task instance: running
[2025-02-06T12:05:42.749+0000] {logging_mixin.py:190} INFO - Dag name:my_first_dag queued_at:2025-02-06 12:05:30.124139+00:00
[2025-02-06T12:05:42.749+0000] {logging_mixin.py:190} INFO - Task hostname:06d5bdc1dd82 operator:PythonOperator
[2025-02-06T12:05:42.789+0000] {local_task_job_runner.py:266} INFO - Task exited with return code 0
[2025-02-06T12:05:42.814+0000] {taskinstance.py:3895} INFO - 1 downstream tasks scheduled from follow-on schedule check
[2025-02-06T12:05:42.825+0000] {local_task_job_runner.py:245} INFO - ::endgroup::
