[2025-02-06T11:48:34.844+0000] {local_task_job_runner.py:123} INFO - ::group::Pre task execution logs
[2025-02-06T11:48:34.869+0000] {taskinstance.py:2613} INFO - Dependencies all met for dep_context=non-requeueable deps ti=<TaskInstance: my_first_dag.task_bash scheduled__2025-01-01T06:25:00+00:00 [queued]>
[2025-02-06T11:48:34.907+0000] {taskinstance.py:2613} INFO - Dependencies all met for dep_context=requeueable deps ti=<TaskInstance: my_first_dag.task_bash scheduled__2025-01-01T06:25:00+00:00 [queued]>
[2025-02-06T11:48:34.909+0000] {taskinstance.py:2866} INFO - Starting attempt 1 of 1
[2025-02-06T11:48:34.964+0000] {taskinstance.py:2889} INFO - Executing <Task(BashOperator): task_bash> on 2025-01-01 06:25:00+00:00
[2025-02-06T11:48:34.971+0000] {standard_task_runner.py:72} INFO - Started process 2222 to run task
[2025-02-06T11:48:34.975+0000] {standard_task_runner.py:104} INFO - Running: ['airflow', 'tasks', 'run', 'my_first_dag', 'task_bash', 'scheduled__2025-01-01T06:25:00+00:00', '--job-id', '2163', '--raw', '--subdir', 'DAGS_FOLDER/first_dag.py', '--cfg-path', '/tmp/tmpsjzw27m9']
[2025-02-06T11:48:34.978+0000] {standard_task_runner.py:105} INFO - Job 2163: Subtask task_bash
[2025-02-06T11:48:35.096+0000] {task_command.py:467} INFO - Running <TaskInstance: my_first_dag.task_bash scheduled__2025-01-01T06:25:00+00:00 [running]> on host 7e1f175e93b1
[2025-02-06T11:48:35.287+0000] {taskinstance.py:3132} INFO - Exporting env vars: AIRFLOW_CTX_DAG_OWNER='airflow' AIRFLOW_CTX_DAG_ID='my_first_dag' AIRFLOW_CTX_TASK_ID='task_bash' AIRFLOW_CTX_EXECUTION_DATE='2025-01-01T06:25:00+00:00' AIRFLOW_CTX_TRY_NUMBER='1' AIRFLOW_CTX_DAG_RUN_ID='scheduled__2025-01-01T06:25:00+00:00'
[2025-02-06T11:48:35.289+0000] {logging_mixin.py:190} INFO - Task instance is in running state
[2025-02-06T11:48:35.289+0000] {logging_mixin.py:190} INFO -  Previous state of the Task instance: queued
[2025-02-06T11:48:35.290+0000] {logging_mixin.py:190} INFO - Current task name:task_bash state:running start_date:2025-02-06 11:48:34.869840+00:00
[2025-02-06T11:48:35.290+0000] {logging_mixin.py:190} INFO - Dag name:my_first_dag and current dag run status:running
[2025-02-06T11:48:35.290+0000] {taskinstance.py:731} INFO - ::endgroup::
[2025-02-06T11:48:35.291+0000] {subprocess.py:78} INFO - Tmp dir root location: /tmp
[2025-02-06T11:48:35.293+0000] {subprocess.py:88} INFO - Running command: ['/usr/bin/bash', '-c', "echo 'Hello World' >> /root/airflow/text.txt"]
[2025-02-06T11:48:35.303+0000] {subprocess.py:99} INFO - Output:
[2025-02-06T11:48:35.306+0000] {subprocess.py:110} INFO - Command exited with return code 0
[2025-02-06T11:48:35.366+0000] {taskinstance.py:340} INFO - ::group::Post task execution logs
[2025-02-06T11:48:35.367+0000] {taskinstance.py:352} INFO - Marking task as SUCCESS. dag_id=my_first_dag, task_id=task_bash, run_id=scheduled__2025-01-01T06:25:00+00:00, execution_date=20250101T062500, start_date=20250206T114834, end_date=20250206T114835
[2025-02-06T11:48:35.407+0000] {logging_mixin.py:190} INFO - Task instance in success state
[2025-02-06T11:48:35.408+0000] {logging_mixin.py:190} INFO -  Previous state of the Task instance: running
[2025-02-06T11:48:35.409+0000] {logging_mixin.py:190} INFO - Dag name:my_first_dag queued_at:2025-02-06 11:48:27.767058+00:00
[2025-02-06T11:48:35.410+0000] {logging_mixin.py:190} INFO - Task hostname:7e1f175e93b1 operator:BashOperator
[2025-02-06T11:48:35.432+0000] {local_task_job_runner.py:266} INFO - Task exited with return code 0
[2025-02-06T11:48:35.487+0000] {taskinstance.py:3895} INFO - 1 downstream tasks scheduled from follow-on schedule check
[2025-02-06T11:48:35.503+0000] {local_task_job_runner.py:245} INFO - ::endgroup::
