[2025-02-06T09:00:07.979+0000] {local_task_job_runner.py:123} INFO - ::group::Pre task execution logs
[2025-02-06T09:00:08.000+0000] {taskinstance.py:2613} INFO - Dependencies all met for dep_context=non-requeueable deps ti=<TaskInstance: my_first_dag.task_2 scheduled__2025-01-01T01:28:00+00:00 [queued]>
[2025-02-06T09:00:08.015+0000] {taskinstance.py:2613} INFO - Dependencies all met for dep_context=requeueable deps ti=<TaskInstance: my_first_dag.task_2 scheduled__2025-01-01T01:28:00+00:00 [queued]>
[2025-02-06T09:00:08.017+0000] {taskinstance.py:2866} INFO - Starting attempt 1 of 1
[2025-02-06T09:00:08.049+0000] {taskinstance.py:2889} INFO - Executing <Task(PythonOperator): task_2> on 2025-01-01 01:28:00+00:00
[2025-02-06T09:00:08.051+0000] {standard_task_runner.py:72} INFO - Started process 64 to run task
[2025-02-06T09:00:08.053+0000] {standard_task_runner.py:104} INFO - Running: ['airflow', 'tasks', 'run', 'my_first_dag', 'task_2', 'scheduled__2025-01-01T01:28:00+00:00', '--job-id', '305', '--raw', '--subdir', 'DAGS_FOLDER/first_dag.py', '--cfg-path', '/tmp/tmp3ft3g36c']
[2025-02-06T09:00:08.054+0000] {standard_task_runner.py:105} INFO - Job 305: Subtask task_2
[2025-02-06T09:00:08.128+0000] {task_command.py:467} INFO - Running <TaskInstance: my_first_dag.task_2 scheduled__2025-01-01T01:28:00+00:00 [running]> on host c5ee38111b60
[2025-02-06T09:00:08.256+0000] {taskinstance.py:3132} INFO - Exporting env vars: AIRFLOW_CTX_DAG_OWNER='airflow' AIRFLOW_CTX_DAG_ID='my_first_dag' AIRFLOW_CTX_TASK_ID='task_2' AIRFLOW_CTX_EXECUTION_DATE='2025-01-01T01:28:00+00:00' AIRFLOW_CTX_TRY_NUMBER='1' AIRFLOW_CTX_DAG_RUN_ID='scheduled__2025-01-01T01:28:00+00:00'
[2025-02-06T09:00:08.258+0000] {logging_mixin.py:190} INFO - Task instance is in running state
[2025-02-06T09:00:08.258+0000] {logging_mixin.py:190} INFO -  Previous state of the Task instance: queued
[2025-02-06T09:00:08.259+0000] {logging_mixin.py:190} INFO - Current task name:task_2 state:running start_date:2025-02-06 09:00:08.001154+00:00
[2025-02-06T09:00:08.259+0000] {logging_mixin.py:190} INFO - Dag name:my_first_dag and current dag run status:running
[2025-02-06T09:00:08.260+0000] {taskinstance.py:731} INFO - ::endgroup::
[2025-02-06T09:00:08.260+0000] {logging_mixin.py:190} INFO - Hello World
[2025-02-06T09:00:08.261+0000] {python.py:240} INFO - Done. Returned value was: None
[2025-02-06T09:00:08.277+0000] {taskinstance.py:340} INFO - ::group::Post task execution logs
[2025-02-06T09:00:08.277+0000] {taskinstance.py:352} INFO - Marking task as SUCCESS. dag_id=my_first_dag, task_id=task_2, run_id=scheduled__2025-01-01T01:28:00+00:00, execution_date=20250101T012800, start_date=20250206T090008, end_date=20250206T090008
[2025-02-06T09:00:08.309+0000] {logging_mixin.py:190} INFO - Task instance in success state
[2025-02-06T09:00:08.310+0000] {logging_mixin.py:190} INFO -  Previous state of the Task instance: running
[2025-02-06T09:00:08.311+0000] {logging_mixin.py:190} INFO - Dag name:my_first_dag queued_at:2025-02-06 08:59:54.156930+00:00
[2025-02-06T09:00:08.311+0000] {logging_mixin.py:190} INFO - Task hostname:c5ee38111b60 operator:PythonOperator
[2025-02-06T09:00:08.346+0000] {local_task_job_runner.py:266} INFO - Task exited with return code 0
[2025-02-06T09:00:08.364+0000] {taskinstance.py:3895} INFO - 0 downstream tasks scheduled from follow-on schedule check
[2025-02-06T09:00:08.365+0000] {local_task_job_runner.py:245} INFO - ::endgroup::
