[2025-02-06T13:34:24.400+0000] {local_task_job_runner.py:123} INFO - ::group::Pre task execution logs
[2025-02-06T13:34:24.420+0000] {taskinstance.py:2613} INFO - Dependencies all met for dep_context=non-requeueable deps ti=<TaskInstance: my_training_dag.task_read_data scheduled__2025-01-01T02:21:00+00:00 [queued]>
[2025-02-06T13:34:24.437+0000] {taskinstance.py:2613} INFO - Dependencies all met for dep_context=requeueable deps ti=<TaskInstance: my_training_dag.task_read_data scheduled__2025-01-01T02:21:00+00:00 [queued]>
[2025-02-06T13:34:24.439+0000] {taskinstance.py:2866} INFO - Starting attempt 1 of 1
[2025-02-06T13:34:24.479+0000] {taskinstance.py:2889} INFO - Executing <Task(BranchPythonOperator): task_read_data> on 2025-01-01 02:21:00+00:00
[2025-02-06T13:34:24.486+0000] {standard_task_runner.py:72} INFO - Started process 212 to run task
[2025-02-06T13:34:24.489+0000] {standard_task_runner.py:104} INFO - Running: ['airflow', 'tasks', 'run', 'my_training_dag', 'task_read_data', 'scheduled__2025-01-01T02:21:00+00:00', '--job-id', '3372', '--raw', '--subdir', 'DAGS_FOLDER/training_dag.py', '--cfg-path', '/tmp/tmpaa7v4_ys']
[2025-02-06T13:34:24.491+0000] {standard_task_runner.py:105} INFO - Job 3372: Subtask task_read_data
[2025-02-06T13:34:24.588+0000] {task_command.py:467} INFO - Running <TaskInstance: my_training_dag.task_read_data scheduled__2025-01-01T02:21:00+00:00 [running]> on host 280e83a6ee46
[2025-02-06T13:34:24.713+0000] {taskinstance.py:3132} INFO - Exporting env vars: AIRFLOW_CTX_DAG_OWNER='airflow' AIRFLOW_CTX_DAG_ID='my_training_dag' AIRFLOW_CTX_TASK_ID='task_read_data' AIRFLOW_CTX_EXECUTION_DATE='2025-01-01T02:21:00+00:00' AIRFLOW_CTX_TRY_NUMBER='1' AIRFLOW_CTX_DAG_RUN_ID='scheduled__2025-01-01T02:21:00+00:00'
[2025-02-06T13:34:24.714+0000] {logging_mixin.py:190} INFO - Task instance is in running state
[2025-02-06T13:34:24.715+0000] {logging_mixin.py:190} INFO -  Previous state of the Task instance: queued
[2025-02-06T13:34:24.715+0000] {logging_mixin.py:190} INFO - Current task name:task_read_data state:running start_date:2025-02-06 13:34:24.420901+00:00
[2025-02-06T13:34:24.716+0000] {logging_mixin.py:190} INFO - Dag name:my_training_dag and current dag run status:running
[2025-02-06T13:34:24.716+0000] {taskinstance.py:731} INFO - ::endgroup::
[2025-02-06T13:34:24.717+0000] {baseoperator.py:421} WARNING - BranchPythonOperator.execute cannot be called outside TaskInstance!
[2025-02-06T13:34:24.757+0000] {python.py:240} INFO - Done. Returned value was: None
[2025-02-06T13:34:24.758+0000] {branch.py:38} INFO - Branch into None
[2025-02-06T13:34:24.759+0000] {skipmixin.py:230} INFO - Following branch ()
[2025-02-06T13:34:24.772+0000] {skipmixin.py:278} INFO - Skipping tasks [('task_train_model', -1)]
[2025-02-06T13:34:24.829+0000] {taskinstance.py:340} INFO - ::group::Post task execution logs
[2025-02-06T13:34:24.830+0000] {taskinstance.py:352} INFO - Marking task as SUCCESS. dag_id=my_training_dag, task_id=task_read_data, run_id=scheduled__2025-01-01T02:21:00+00:00, execution_date=20250101T022100, start_date=20250206T133424, end_date=20250206T133424
[2025-02-06T13:34:24.880+0000] {logging_mixin.py:190} INFO - Task instance in success state
[2025-02-06T13:34:24.881+0000] {logging_mixin.py:190} INFO -  Previous state of the Task instance: running
[2025-02-06T13:34:24.882+0000] {logging_mixin.py:190} INFO - Dag name:my_training_dag queued_at:2025-02-06 13:34:02.663776+00:00
[2025-02-06T13:34:24.882+0000] {logging_mixin.py:190} INFO - Task hostname:280e83a6ee46 operator:BranchPythonOperator
[2025-02-06T13:34:24.905+0000] {local_task_job_runner.py:266} INFO - Task exited with return code 0
[2025-02-06T13:34:24.930+0000] {taskinstance.py:3895} INFO - 0 downstream tasks scheduled from follow-on schedule check
[2025-02-06T13:34:24.933+0000] {local_task_job_runner.py:245} INFO - ::endgroup::
