[2025-02-06T13:01:37.295+0000] {local_task_job_runner.py:123} INFO - ::group::Pre task execution logs
[2025-02-06T13:01:37.314+0000] {taskinstance.py:2613} INFO - Dependencies all met for dep_context=non-requeueable deps ti=<TaskInstance: my_first_dag.first_task scheduled__2025-01-01T07:29:30+00:00 [queued]>
[2025-02-06T13:01:37.341+0000] {taskinstance.py:2613} INFO - Dependencies all met for dep_context=requeueable deps ti=<TaskInstance: my_first_dag.first_task scheduled__2025-01-01T07:29:30+00:00 [queued]>
[2025-02-06T13:01:37.342+0000] {taskinstance.py:2866} INFO - Starting attempt 1 of 1
[2025-02-06T13:01:37.380+0000] {taskinstance.py:2889} INFO - Executing <Task(PythonOperator): first_task> on 2025-01-01 07:29:30+00:00
[2025-02-06T13:01:37.384+0000] {standard_task_runner.py:72} INFO - Started process 1186 to run task
[2025-02-06T13:01:37.387+0000] {standard_task_runner.py:104} INFO - Running: ['airflow', 'tasks', 'run', 'my_first_dag', 'first_task', 'scheduled__2025-01-01T07:29:30+00:00', '--job-id', '3071', '--raw', '--subdir', 'DAGS_FOLDER/first_dag.py', '--cfg-path', '/tmp/tmp63b4n2_a']
[2025-02-06T13:01:37.388+0000] {standard_task_runner.py:105} INFO - Job 3071: Subtask first_task
[2025-02-06T13:01:37.475+0000] {task_command.py:467} INFO - Running <TaskInstance: my_first_dag.first_task scheduled__2025-01-01T07:29:30+00:00 [running]> on host 843ef7911ffd
[2025-02-06T13:01:37.595+0000] {taskinstance.py:3132} INFO - Exporting env vars: AIRFLOW_CTX_DAG_OWNER='airflow' AIRFLOW_CTX_DAG_ID='my_first_dag' AIRFLOW_CTX_TASK_ID='first_task' AIRFLOW_CTX_EXECUTION_DATE='2025-01-01T07:29:30+00:00' AIRFLOW_CTX_TRY_NUMBER='1' AIRFLOW_CTX_DAG_RUN_ID='scheduled__2025-01-01T07:29:30+00:00'
[2025-02-06T13:01:37.596+0000] {logging_mixin.py:190} INFO - Task instance is in running state
[2025-02-06T13:01:37.597+0000] {logging_mixin.py:190} INFO -  Previous state of the Task instance: queued
[2025-02-06T13:01:37.598+0000] {logging_mixin.py:190} INFO - Current task name:first_task state:running start_date:2025-02-06 13:01:37.314897+00:00
[2025-02-06T13:01:37.598+0000] {logging_mixin.py:190} INFO - Dag name:my_first_dag and current dag run status:running
[2025-02-06T13:01:37.599+0000] {taskinstance.py:731} INFO - ::endgroup::
[2025-02-06T13:01:37.633+0000] {python.py:240} INFO - Done. Returned value was: 148
[2025-02-06T13:01:37.678+0000] {taskinstance.py:340} INFO - ::group::Post task execution logs
[2025-02-06T13:01:37.678+0000] {taskinstance.py:352} INFO - Marking task as SUCCESS. dag_id=my_first_dag, task_id=first_task, run_id=scheduled__2025-01-01T07:29:30+00:00, execution_date=20250101T072930, start_date=20250206T130137, end_date=20250206T130137
[2025-02-06T13:01:37.738+0000] {logging_mixin.py:190} INFO - Task instance in success state
[2025-02-06T13:01:37.739+0000] {logging_mixin.py:190} INFO -  Previous state of the Task instance: running
[2025-02-06T13:01:37.739+0000] {logging_mixin.py:190} INFO - Dag name:my_first_dag queued_at:2025-02-06 13:01:35.290992+00:00
[2025-02-06T13:01:37.740+0000] {logging_mixin.py:190} INFO - Task hostname:843ef7911ffd operator:PythonOperator
[2025-02-06T13:01:37.761+0000] {local_task_job_runner.py:266} INFO - Task exited with return code 0
[2025-02-06T13:01:37.805+0000] {taskinstance.py:3895} INFO - 1 downstream tasks scheduled from follow-on schedule check
[2025-02-06T13:01:37.818+0000] {local_task_job_runner.py:245} INFO - ::endgroup::
