[2025-02-06T10:26:28.546+0000] {local_task_job_runner.py:123} INFO - ::group::Pre task execution logs
[2025-02-06T10:26:28.563+0000] {taskinstance.py:2613} INFO - Dependencies all met for dep_context=non-requeueable deps ti=<TaskInstance: my_first_dag.first_task scheduled__2025-01-01T06:13:30+00:00 [queued]>
[2025-02-06T10:26:28.591+0000] {taskinstance.py:2613} INFO - Dependencies all met for dep_context=requeueable deps ti=<TaskInstance: my_first_dag.first_task scheduled__2025-01-01T06:13:30+00:00 [queued]>
[2025-02-06T10:26:28.592+0000] {taskinstance.py:2866} INFO - Starting attempt 1 of 1
[2025-02-06T10:26:28.636+0000] {taskinstance.py:2889} INFO - Executing <Task(PythonOperator): first_task> on 2025-01-01 06:13:30+00:00
[2025-02-06T10:26:28.639+0000] {standard_task_runner.py:72} INFO - Started process 4109 to run task
[2025-02-06T10:26:28.643+0000] {standard_task_runner.py:104} INFO - Running: ['airflow', 'tasks', 'run', 'my_first_dag', 'first_task', 'scheduled__2025-01-01T06:13:30+00:00', '--job-id', '2047', '--raw', '--subdir', 'DAGS_FOLDER/first_dag.py', '--cfg-path', '/tmp/tmpt3muyf8f']
[2025-02-06T10:26:28.643+0000] {standard_task_runner.py:105} INFO - Job 2047: Subtask first_task
[2025-02-06T10:26:28.724+0000] {task_command.py:467} INFO - Running <TaskInstance: my_first_dag.first_task scheduled__2025-01-01T06:13:30+00:00 [running]> on host 1f20f9aee2e1
[2025-02-06T10:26:28.832+0000] {taskinstance.py:3132} INFO - Exporting env vars: AIRFLOW_CTX_DAG_OWNER='airflow' AIRFLOW_CTX_DAG_ID='my_first_dag' AIRFLOW_CTX_TASK_ID='first_task' AIRFLOW_CTX_EXECUTION_DATE='2025-01-01T06:13:30+00:00' AIRFLOW_CTX_TRY_NUMBER='1' AIRFLOW_CTX_DAG_RUN_ID='scheduled__2025-01-01T06:13:30+00:00'
[2025-02-06T10:26:28.833+0000] {logging_mixin.py:190} INFO - Task instance is in running state
[2025-02-06T10:26:28.834+0000] {logging_mixin.py:190} INFO -  Previous state of the Task instance: queued
[2025-02-06T10:26:28.834+0000] {logging_mixin.py:190} INFO - Current task name:first_task state:running start_date:2025-02-06 10:26:28.564027+00:00
[2025-02-06T10:26:28.835+0000] {logging_mixin.py:190} INFO - Dag name:my_first_dag and current dag run status:running
[2025-02-06T10:26:28.835+0000] {taskinstance.py:731} INFO - ::endgroup::
[2025-02-06T10:26:28.867+0000] {python.py:240} INFO - Done. Returned value was: 681
[2025-02-06T10:26:28.906+0000] {taskinstance.py:340} INFO - ::group::Post task execution logs
[2025-02-06T10:26:28.906+0000] {taskinstance.py:352} INFO - Marking task as SUCCESS. dag_id=my_first_dag, task_id=first_task, run_id=scheduled__2025-01-01T06:13:30+00:00, execution_date=20250101T061330, start_date=20250206T102628, end_date=20250206T102628
[2025-02-06T10:26:28.946+0000] {logging_mixin.py:190} INFO - Task instance in success state
[2025-02-06T10:26:28.948+0000] {logging_mixin.py:190} INFO -  Previous state of the Task instance: running
[2025-02-06T10:26:28.949+0000] {logging_mixin.py:190} INFO - Dag name:my_first_dag queued_at:2025-02-06 10:26:26.951662+00:00
[2025-02-06T10:26:28.950+0000] {logging_mixin.py:190} INFO - Task hostname:1f20f9aee2e1 operator:PythonOperator
[2025-02-06T10:26:28.977+0000] {local_task_job_runner.py:266} INFO - Task exited with return code 0
[2025-02-06T10:26:29.008+0000] {taskinstance.py:3895} INFO - 1 downstream tasks scheduled from follow-on schedule check
[2025-02-06T10:26:29.017+0000] {local_task_job_runner.py:245} INFO - ::endgroup::
