[2025-02-06T13:26:09.134+0000] {local_task_job_runner.py:123} INFO - ::group::Pre task execution logs
[2025-02-06T13:26:09.151+0000] {taskinstance.py:2613} INFO - Dependencies all met for dep_context=non-requeueable deps ti=<TaskInstance: my_training_dag.task_insert_data scheduled__2025-01-01T02:01:30+00:00 [queued]>
[2025-02-06T13:26:09.164+0000] {taskinstance.py:2613} INFO - Dependencies all met for dep_context=requeueable deps ti=<TaskInstance: my_training_dag.task_insert_data scheduled__2025-01-01T02:01:30+00:00 [queued]>
[2025-02-06T13:26:09.166+0000] {taskinstance.py:2866} INFO - Starting attempt 1 of 1
[2025-02-06T13:26:09.198+0000] {taskinstance.py:2889} INFO - Executing <Task(PythonOperator): task_insert_data> on 2025-01-01 02:01:30+00:00
[2025-02-06T13:26:09.204+0000] {standard_task_runner.py:72} INFO - Started process 3069 to run task
[2025-02-06T13:26:09.206+0000] {standard_task_runner.py:104} INFO - Running: ['airflow', 'tasks', 'run', 'my_training_dag', 'task_insert_data', 'scheduled__2025-01-01T02:01:30+00:00', '--job-id', '3273', '--raw', '--subdir', 'DAGS_FOLDER/training_dag.py', '--cfg-path', '/tmp/tmpjv7caoqj']
[2025-02-06T13:26:09.207+0000] {standard_task_runner.py:105} INFO - Job 3273: Subtask task_insert_data
[2025-02-06T13:26:09.290+0000] {task_command.py:467} INFO - Running <TaskInstance: my_training_dag.task_insert_data scheduled__2025-01-01T02:01:30+00:00 [running]> on host cbb1459a86bc
[2025-02-06T13:26:09.402+0000] {taskinstance.py:3132} INFO - Exporting env vars: AIRFLOW_CTX_DAG_OWNER='airflow' AIRFLOW_CTX_DAG_ID='my_training_dag' AIRFLOW_CTX_TASK_ID='task_insert_data' AIRFLOW_CTX_EXECUTION_DATE='2025-01-01T02:01:30+00:00' AIRFLOW_CTX_TRY_NUMBER='1' AIRFLOW_CTX_DAG_RUN_ID='scheduled__2025-01-01T02:01:30+00:00'
[2025-02-06T13:26:09.404+0000] {logging_mixin.py:190} INFO - Task instance is in running state
[2025-02-06T13:26:09.404+0000] {logging_mixin.py:190} INFO -  Previous state of the Task instance: queued
[2025-02-06T13:26:09.405+0000] {logging_mixin.py:190} INFO - Current task name:task_insert_data state:running start_date:2025-02-06 13:26:09.151869+00:00
[2025-02-06T13:26:09.406+0000] {logging_mixin.py:190} INFO - Dag name:my_training_dag and current dag run status:running
[2025-02-06T13:26:09.406+0000] {taskinstance.py:731} INFO - ::endgroup::
[2025-02-06T13:26:09.424+0000] {logging_mixin.py:190} INFO - Table : 'iris_data'  created succesfully
[2025-02-06T13:26:09.512+0000] {python.py:240} INFO - Done. Returned value was: None
[2025-02-06T13:26:09.530+0000] {taskinstance.py:340} INFO - ::group::Post task execution logs
[2025-02-06T13:26:09.531+0000] {taskinstance.py:352} INFO - Marking task as SUCCESS. dag_id=my_training_dag, task_id=task_insert_data, run_id=scheduled__2025-01-01T02:01:30+00:00, execution_date=20250101T020130, start_date=20250206T132609, end_date=20250206T132609
[2025-02-06T13:26:09.564+0000] {logging_mixin.py:190} INFO - Task instance in success state
[2025-02-06T13:26:09.565+0000] {logging_mixin.py:190} INFO -  Previous state of the Task instance: running
[2025-02-06T13:26:09.565+0000] {logging_mixin.py:190} INFO - Dag name:my_training_dag queued_at:2025-02-06 13:26:00.456886+00:00
[2025-02-06T13:26:09.565+0000] {logging_mixin.py:190} INFO - Task hostname:cbb1459a86bc operator:PythonOperator
[2025-02-06T13:26:09.581+0000] {local_task_job_runner.py:266} INFO - Task exited with return code 0
[2025-02-06T13:26:09.599+0000] {taskinstance.py:3895} INFO - 0 downstream tasks scheduled from follow-on schedule check
[2025-02-06T13:26:09.600+0000] {local_task_job_runner.py:245} INFO - ::endgroup::
