[2025-02-06T09:35:04.992+0000] {local_task_job_runner.py:123} INFO - ::group::Pre task execution logs
[2025-02-06T09:35:05.007+0000] {taskinstance.py:2613} INFO - Dependencies all met for dep_context=non-requeueable deps ti=<TaskInstance: my_first_dag.task_bash scheduled__2025-01-01T04:02:30+00:00 [queued]>
[2025-02-06T09:35:05.024+0000] {taskinstance.py:2613} INFO - Dependencies all met for dep_context=requeueable deps ti=<TaskInstance: my_first_dag.task_bash scheduled__2025-01-01T04:02:30+00:00 [queued]>
[2025-02-06T09:35:05.025+0000] {taskinstance.py:2866} INFO - Starting attempt 1 of 1
[2025-02-06T09:35:05.065+0000] {taskinstance.py:2889} INFO - Executing <Task(BashOperator): task_bash> on 2025-01-01 04:02:30+00:00
[2025-02-06T09:35:05.068+0000] {standard_task_runner.py:72} INFO - Started process 672 to run task
[2025-02-06T09:35:05.070+0000] {standard_task_runner.py:104} INFO - Running: ['airflow', 'tasks', 'run', 'my_first_dag', 'task_bash', 'scheduled__2025-01-01T04:02:30+00:00', '--job-id', '1010', '--raw', '--subdir', 'DAGS_FOLDER/first_dag.py', '--cfg-path', '/tmp/tmp39s4ia6y']
[2025-02-06T09:35:05.071+0000] {standard_task_runner.py:105} INFO - Job 1010: Subtask task_bash
[2025-02-06T09:35:05.152+0000] {task_command.py:467} INFO - Running <TaskInstance: my_first_dag.task_bash scheduled__2025-01-01T04:02:30+00:00 [running]> on host 25879eaf192c
[2025-02-06T09:35:05.263+0000] {taskinstance.py:3132} INFO - Exporting env vars: AIRFLOW_CTX_DAG_OWNER='airflow' AIRFLOW_CTX_DAG_ID='my_first_dag' AIRFLOW_CTX_TASK_ID='task_bash' AIRFLOW_CTX_EXECUTION_DATE='2025-01-01T04:02:30+00:00' AIRFLOW_CTX_TRY_NUMBER='1' AIRFLOW_CTX_DAG_RUN_ID='scheduled__2025-01-01T04:02:30+00:00'
[2025-02-06T09:35:05.264+0000] {logging_mixin.py:190} INFO - Task instance is in running state
[2025-02-06T09:35:05.265+0000] {logging_mixin.py:190} INFO -  Previous state of the Task instance: queued
[2025-02-06T09:35:05.265+0000] {logging_mixin.py:190} INFO - Current task name:task_bash state:running start_date:2025-02-06 09:35:05.007646+00:00
[2025-02-06T09:35:05.266+0000] {logging_mixin.py:190} INFO - Dag name:my_first_dag and current dag run status:running
[2025-02-06T09:35:05.266+0000] {taskinstance.py:731} INFO - ::endgroup::
[2025-02-06T09:35:05.267+0000] {subprocess.py:78} INFO - Tmp dir root location: /tmp
[2025-02-06T09:35:05.268+0000] {subprocess.py:88} INFO - Running command: ['/usr/bin/bash', '-c', "echo 'Hello World' >> /root/airflow/text.txt"]
[2025-02-06T09:35:05.273+0000] {subprocess.py:99} INFO - Output:
[2025-02-06T09:35:05.277+0000] {subprocess.py:110} INFO - Command exited with return code 0
[2025-02-06T09:35:05.323+0000] {taskinstance.py:340} INFO - ::group::Post task execution logs
[2025-02-06T09:35:05.324+0000] {taskinstance.py:352} INFO - Marking task as SUCCESS. dag_id=my_first_dag, task_id=task_bash, run_id=scheduled__2025-01-01T04:02:30+00:00, execution_date=20250101T040230, start_date=20250206T093505, end_date=20250206T093505
[2025-02-06T09:35:05.356+0000] {logging_mixin.py:190} INFO - Task instance in success state
[2025-02-06T09:35:05.357+0000] {logging_mixin.py:190} INFO -  Previous state of the Task instance: running
[2025-02-06T09:35:05.357+0000] {logging_mixin.py:190} INFO - Dag name:my_first_dag queued_at:2025-02-06 09:35:03.460201+00:00
[2025-02-06T09:35:05.357+0000] {logging_mixin.py:190} INFO - Task hostname:25879eaf192c operator:BashOperator
[2025-02-06T09:35:05.363+0000] {local_task_job_runner.py:266} INFO - Task exited with return code 0
[2025-02-06T09:35:05.396+0000] {taskinstance.py:3895} INFO - 1 downstream tasks scheduled from follow-on schedule check
[2025-02-06T09:35:05.409+0000] {local_task_job_runner.py:245} INFO - ::endgroup::
