[2025-02-06T12:17:25.913+0000] {local_task_job_runner.py:123} INFO - ::group::Pre task execution logs
[2025-02-06T12:17:25.931+0000] {taskinstance.py:2613} INFO - Dependencies all met for dep_context=non-requeueable deps ti=<TaskInstance: my_first_dag.first_task scheduled__2025-01-01T06:48:00+00:00 [queued]>
[2025-02-06T12:17:25.958+0000] {taskinstance.py:2613} INFO - Dependencies all met for dep_context=requeueable deps ti=<TaskInstance: my_first_dag.first_task scheduled__2025-01-01T06:48:00+00:00 [queued]>
[2025-02-06T12:17:25.960+0000] {taskinstance.py:2866} INFO - Starting attempt 1 of 1
[2025-02-06T12:17:26.102+0000] {taskinstance.py:2889} INFO - Executing <Task(PythonOperator): first_task> on 2025-01-01 06:48:00+00:00
[2025-02-06T12:17:26.106+0000] {standard_task_runner.py:72} INFO - Started process 170 to run task
[2025-02-06T12:17:26.108+0000] {standard_task_runner.py:104} INFO - Running: ['airflow', 'tasks', 'run', 'my_first_dag', 'first_task', 'scheduled__2025-01-01T06:48:00+00:00', '--job-id', '2416', '--raw', '--subdir', 'DAGS_FOLDER/first_dag.py', '--cfg-path', '/tmp/tmpg9ft8mxw']
[2025-02-06T12:17:26.109+0000] {standard_task_runner.py:105} INFO - Job 2416: Subtask first_task
[2025-02-06T12:17:26.177+0000] {task_command.py:467} INFO - Running <TaskInstance: my_first_dag.first_task scheduled__2025-01-01T06:48:00+00:00 [running]> on host a1f4e38d3966
[2025-02-06T12:17:26.285+0000] {taskinstance.py:3132} INFO - Exporting env vars: AIRFLOW_CTX_DAG_OWNER='airflow' AIRFLOW_CTX_DAG_ID='my_first_dag' AIRFLOW_CTX_TASK_ID='first_task' AIRFLOW_CTX_EXECUTION_DATE='2025-01-01T06:48:00+00:00' AIRFLOW_CTX_TRY_NUMBER='1' AIRFLOW_CTX_DAG_RUN_ID='scheduled__2025-01-01T06:48:00+00:00'
[2025-02-06T12:17:26.287+0000] {logging_mixin.py:190} INFO - Task instance is in running state
[2025-02-06T12:17:26.288+0000] {logging_mixin.py:190} INFO -  Previous state of the Task instance: queued
[2025-02-06T12:17:26.289+0000] {logging_mixin.py:190} INFO - Current task name:first_task state:running start_date:2025-02-06 12:17:25.932017+00:00
[2025-02-06T12:17:26.290+0000] {logging_mixin.py:190} INFO - Dag name:my_first_dag and current dag run status:running
[2025-02-06T12:17:26.291+0000] {taskinstance.py:731} INFO - ::endgroup::
[2025-02-06T12:17:26.326+0000] {python.py:240} INFO - Done. Returned value was: 287
[2025-02-06T12:17:26.365+0000] {taskinstance.py:340} INFO - ::group::Post task execution logs
[2025-02-06T12:17:26.366+0000] {taskinstance.py:352} INFO - Marking task as SUCCESS. dag_id=my_first_dag, task_id=first_task, run_id=scheduled__2025-01-01T06:48:00+00:00, execution_date=20250101T064800, start_date=20250206T121725, end_date=20250206T121726
[2025-02-06T12:17:26.525+0000] {logging_mixin.py:190} INFO - Task instance in success state
[2025-02-06T12:17:26.526+0000] {logging_mixin.py:190} INFO -  Previous state of the Task instance: running
[2025-02-06T12:17:26.526+0000] {logging_mixin.py:190} INFO - Dag name:my_first_dag queued_at:2025-02-06 12:17:24.060012+00:00
[2025-02-06T12:17:26.527+0000] {logging_mixin.py:190} INFO - Task hostname:a1f4e38d3966 operator:PythonOperator
[2025-02-06T12:17:26.563+0000] {local_task_job_runner.py:266} INFO - Task exited with return code 0
[2025-02-06T12:17:26.602+0000] {taskinstance.py:3895} INFO - 1 downstream tasks scheduled from follow-on schedule check
[2025-02-06T12:17:26.613+0000] {local_task_job_runner.py:245} INFO - ::endgroup::
