[2025-02-06T12:52:43.332+0000] {local_task_job_runner.py:123} INFO - ::group::Pre task execution logs
[2025-02-06T12:52:43.351+0000] {taskinstance.py:2613} INFO - Dependencies all met for dep_context=non-requeueable deps ti=<TaskInstance: my_training_dag.task_insert_data_to_db scheduled__2025-01-01T01:45:00+00:00 [queued]>
[2025-02-06T12:52:43.366+0000] {taskinstance.py:2613} INFO - Dependencies all met for dep_context=requeueable deps ti=<TaskInstance: my_training_dag.task_insert_data_to_db scheduled__2025-01-01T01:45:00+00:00 [queued]>
[2025-02-06T12:52:43.367+0000] {taskinstance.py:2866} INFO - Starting attempt 1 of 1
[2025-02-06T12:52:43.414+0000] {taskinstance.py:2889} INFO - Executing <Task(PythonOperator): task_insert_data_to_db> on 2025-01-01 01:45:00+00:00
[2025-02-06T12:52:43.418+0000] {standard_task_runner.py:72} INFO - Started process 15140 to run task
[2025-02-06T12:52:43.421+0000] {standard_task_runner.py:104} INFO - Running: ['airflow', 'tasks', 'run', 'my_training_dag', 'task_insert_data_to_db', 'scheduled__2025-01-01T01:45:00+00:00', '--job-id', '3000', '--raw', '--subdir', 'DAGS_FOLDER/training_dag.py', '--cfg-path', '/tmp/tmp9y07w_2x']
[2025-02-06T12:52:43.423+0000] {standard_task_runner.py:105} INFO - Job 3000: Subtask task_insert_data_to_db
[2025-02-06T12:52:43.504+0000] {task_command.py:467} INFO - Running <TaskInstance: my_training_dag.task_insert_data_to_db scheduled__2025-01-01T01:45:00+00:00 [running]> on host f59ce29465b4
[2025-02-06T12:52:43.645+0000] {taskinstance.py:3132} INFO - Exporting env vars: AIRFLOW_CTX_DAG_OWNER='airflow' AIRFLOW_CTX_DAG_ID='my_training_dag' AIRFLOW_CTX_TASK_ID='task_insert_data_to_db' AIRFLOW_CTX_EXECUTION_DATE='2025-01-01T01:45:00+00:00' AIRFLOW_CTX_TRY_NUMBER='1' AIRFLOW_CTX_DAG_RUN_ID='scheduled__2025-01-01T01:45:00+00:00'
[2025-02-06T12:52:43.647+0000] {logging_mixin.py:190} INFO - Task instance is in running state
[2025-02-06T12:52:43.648+0000] {logging_mixin.py:190} INFO -  Previous state of the Task instance: queued
[2025-02-06T12:52:43.649+0000] {logging_mixin.py:190} INFO - Current task name:task_insert_data_to_db state:running start_date:2025-02-06 12:52:43.351910+00:00
[2025-02-06T12:52:43.650+0000] {logging_mixin.py:190} INFO - Dag name:my_training_dag and current dag run status:running
[2025-02-06T12:52:43.650+0000] {taskinstance.py:731} INFO - ::endgroup::
[2025-02-06T12:52:43.677+0000] {logging_mixin.py:190} INFO - Table : 'iris_data'  created succesfully
[2025-02-06T12:52:43.797+0000] {python.py:240} INFO - Done. Returned value was: None
[2025-02-06T12:52:43.811+0000] {taskinstance.py:340} INFO - ::group::Post task execution logs
[2025-02-06T12:52:43.811+0000] {taskinstance.py:352} INFO - Marking task as SUCCESS. dag_id=my_training_dag, task_id=task_insert_data_to_db, run_id=scheduled__2025-01-01T01:45:00+00:00, execution_date=20250101T014500, start_date=20250206T125243, end_date=20250206T125243
[2025-02-06T12:52:43.847+0000] {logging_mixin.py:190} INFO - Task instance in success state
[2025-02-06T12:52:43.848+0000] {logging_mixin.py:190} INFO -  Previous state of the Task instance: running
[2025-02-06T12:52:43.848+0000] {logging_mixin.py:190} INFO - Dag name:my_training_dag queued_at:2025-02-06 12:52:25.486568+00:00
[2025-02-06T12:52:43.848+0000] {logging_mixin.py:190} INFO - Task hostname:f59ce29465b4 operator:PythonOperator
[2025-02-06T12:52:43.877+0000] {local_task_job_runner.py:266} INFO - Task exited with return code 0
[2025-02-06T12:52:43.908+0000] {taskinstance.py:3895} INFO - 0 downstream tasks scheduled from follow-on schedule check
[2025-02-06T12:52:43.913+0000] {local_task_job_runner.py:245} INFO - ::endgroup::
