[2025-02-06T11:54:15.956+0000] {local_task_job_runner.py:123} INFO - ::group::Pre task execution logs
[2025-02-06T11:54:15.989+0000] {taskinstance.py:2613} INFO - Dependencies all met for dep_context=non-requeueable deps ti=<TaskInstance: my_first_dag.task_2 scheduled__2025-01-01T06:32:00+00:00 [queued]>
[2025-02-06T11:54:16.019+0000] {taskinstance.py:2613} INFO - Dependencies all met for dep_context=requeueable deps ti=<TaskInstance: my_first_dag.task_2 scheduled__2025-01-01T06:32:00+00:00 [queued]>
[2025-02-06T11:54:16.021+0000] {taskinstance.py:2866} INFO - Starting attempt 1 of 1
[2025-02-06T11:54:16.067+0000] {taskinstance.py:2889} INFO - Executing <Task(PythonOperator): task_2> on 2025-01-01 06:32:00+00:00
[2025-02-06T11:54:16.076+0000] {standard_task_runner.py:72} INFO - Started process 3706 to run task
[2025-02-06T11:54:16.080+0000] {standard_task_runner.py:104} INFO - Running: ['airflow', 'tasks', 'run', 'my_first_dag', 'task_2', 'scheduled__2025-01-01T06:32:00+00:00', '--job-id', '2235', '--raw', '--subdir', 'DAGS_FOLDER/first_dag.py', '--cfg-path', '/tmp/tmpz53q7ici']
[2025-02-06T11:54:16.081+0000] {standard_task_runner.py:105} INFO - Job 2235: Subtask task_2
[2025-02-06T11:54:16.323+0000] {task_command.py:467} INFO - Running <TaskInstance: my_first_dag.task_2 scheduled__2025-01-01T06:32:00+00:00 [running]> on host 7e1f175e93b1
[2025-02-06T11:54:16.481+0000] {taskinstance.py:3132} INFO - Exporting env vars: AIRFLOW_CTX_DAG_OWNER='airflow' AIRFLOW_CTX_DAG_ID='my_first_dag' AIRFLOW_CTX_TASK_ID='task_2' AIRFLOW_CTX_EXECUTION_DATE='2025-01-01T06:32:00+00:00' AIRFLOW_CTX_TRY_NUMBER='1' AIRFLOW_CTX_DAG_RUN_ID='scheduled__2025-01-01T06:32:00+00:00'
[2025-02-06T11:54:16.483+0000] {logging_mixin.py:190} INFO - Task instance is in running state
[2025-02-06T11:54:16.484+0000] {logging_mixin.py:190} INFO -  Previous state of the Task instance: queued
[2025-02-06T11:54:16.484+0000] {logging_mixin.py:190} INFO - Current task name:task_2 state:running start_date:2025-02-06 11:54:15.990081+00:00
[2025-02-06T11:54:16.484+0000] {logging_mixin.py:190} INFO - Dag name:my_first_dag and current dag run status:running
[2025-02-06T11:54:16.485+0000] {taskinstance.py:731} INFO - ::endgroup::
[2025-02-06T11:54:16.525+0000] {logging_mixin.py:190} INFO - Hello John 28 API_KEY
[2025-02-06T11:54:16.526+0000] {python.py:240} INFO - Done. Returned value was: 28
[2025-02-06T11:54:16.710+0000] {taskinstance.py:340} INFO - ::group::Post task execution logs
[2025-02-06T11:54:16.711+0000] {taskinstance.py:352} INFO - Marking task as SUCCESS. dag_id=my_first_dag, task_id=task_2, run_id=scheduled__2025-01-01T06:32:00+00:00, execution_date=20250101T063200, start_date=20250206T115415, end_date=20250206T115416
[2025-02-06T11:54:16.760+0000] {logging_mixin.py:190} INFO - Task instance in success state
[2025-02-06T11:54:16.761+0000] {logging_mixin.py:190} INFO -  Previous state of the Task instance: running
[2025-02-06T11:54:16.762+0000] {logging_mixin.py:190} INFO - Dag name:my_first_dag queued_at:2025-02-06 11:53:56.330936+00:00
[2025-02-06T11:54:16.763+0000] {logging_mixin.py:190} INFO - Task hostname:7e1f175e93b1 operator:PythonOperator
[2025-02-06T11:54:16.779+0000] {local_task_job_runner.py:266} INFO - Task exited with return code 0
[2025-02-06T11:54:16.820+0000] {taskinstance.py:3895} INFO - 1 downstream tasks scheduled from follow-on schedule check
[2025-02-06T11:54:16.835+0000] {local_task_job_runner.py:245} INFO - ::endgroup::
