[2025-02-06T09:41:54.249+0000] {local_task_job_runner.py:123} INFO - ::group::Pre task execution logs
[2025-02-06T09:41:54.269+0000] {taskinstance.py:2613} INFO - Dependencies all met for dep_context=non-requeueable deps ti=<TaskInstance: my_first_dag.task_goodbye scheduled__2025-01-01T04:21:00+00:00 [queued]>
[2025-02-06T09:41:54.290+0000] {taskinstance.py:2613} INFO - Dependencies all met for dep_context=requeueable deps ti=<TaskInstance: my_first_dag.task_goodbye scheduled__2025-01-01T04:21:00+00:00 [queued]>
[2025-02-06T09:41:54.292+0000] {taskinstance.py:2866} INFO - Starting attempt 1 of 1
[2025-02-06T09:41:54.329+0000] {taskinstance.py:2889} INFO - Executing <Task(PythonOperator): task_goodbye> on 2025-01-01 04:21:00+00:00
[2025-02-06T09:41:54.334+0000] {standard_task_runner.py:72} INFO - Started process 1400 to run task
[2025-02-06T09:41:54.337+0000] {standard_task_runner.py:104} INFO - Running: ['airflow', 'tasks', 'run', 'my_first_dag', 'task_goodbye', 'scheduled__2025-01-01T04:21:00+00:00', '--job-id', '1165', '--raw', '--subdir', 'DAGS_FOLDER/first_dag.py', '--cfg-path', '/tmp/tmpqrx0w7ch']
[2025-02-06T09:41:54.339+0000] {standard_task_runner.py:105} INFO - Job 1165: Subtask task_goodbye
[2025-02-06T09:41:54.423+0000] {task_command.py:467} INFO - Running <TaskInstance: my_first_dag.task_goodbye scheduled__2025-01-01T04:21:00+00:00 [running]> on host 25879eaf192c
[2025-02-06T09:41:54.530+0000] {taskinstance.py:3132} INFO - Exporting env vars: AIRFLOW_CTX_DAG_OWNER='airflow' AIRFLOW_CTX_DAG_ID='my_first_dag' AIRFLOW_CTX_TASK_ID='task_goodbye' AIRFLOW_CTX_EXECUTION_DATE='2025-01-01T04:21:00+00:00' AIRFLOW_CTX_TRY_NUMBER='1' AIRFLOW_CTX_DAG_RUN_ID='scheduled__2025-01-01T04:21:00+00:00'
[2025-02-06T09:41:54.531+0000] {logging_mixin.py:190} INFO - Task instance is in running state
[2025-02-06T09:41:54.531+0000] {logging_mixin.py:190} INFO -  Previous state of the Task instance: queued
[2025-02-06T09:41:54.532+0000] {logging_mixin.py:190} INFO - Current task name:task_goodbye state:running start_date:2025-02-06 09:41:54.270573+00:00
[2025-02-06T09:41:54.532+0000] {logging_mixin.py:190} INFO - Dag name:my_first_dag and current dag run status:running
[2025-02-06T09:41:54.533+0000] {taskinstance.py:731} INFO - ::endgroup::
[2025-02-06T09:41:54.534+0000] {logging_mixin.py:190} INFO - Goodbye
[2025-02-06T09:41:54.534+0000] {python.py:240} INFO - Done. Returned value was: None
[2025-02-06T09:41:54.545+0000] {taskinstance.py:340} INFO - ::group::Post task execution logs
[2025-02-06T09:41:54.545+0000] {taskinstance.py:352} INFO - Marking task as SUCCESS. dag_id=my_first_dag, task_id=task_goodbye, run_id=scheduled__2025-01-01T04:21:00+00:00, execution_date=20250101T042100, start_date=20250206T094154, end_date=20250206T094154
[2025-02-06T09:41:54.616+0000] {logging_mixin.py:190} INFO - Task instance in success state
[2025-02-06T09:41:54.617+0000] {logging_mixin.py:190} INFO -  Previous state of the Task instance: running
[2025-02-06T09:41:54.617+0000] {logging_mixin.py:190} INFO - Dag name:my_first_dag queued_at:2025-02-06 09:41:29.868104+00:00
[2025-02-06T09:41:54.618+0000] {logging_mixin.py:190} INFO - Task hostname:25879eaf192c operator:PythonOperator
[2025-02-06T09:41:54.632+0000] {local_task_job_runner.py:266} INFO - Task exited with return code 0
[2025-02-06T09:41:54.651+0000] {taskinstance.py:3895} INFO - 0 downstream tasks scheduled from follow-on schedule check
[2025-02-06T09:41:54.653+0000] {local_task_job_runner.py:245} INFO - ::endgroup::
