[2025-02-06T09:48:15.360+0000] {local_task_job_runner.py:123} INFO - ::group::Pre task execution logs
[2025-02-06T09:48:15.389+0000] {taskinstance.py:2613} INFO - Dependencies all met for dep_context=non-requeueable deps ti=<TaskInstance: my_first_dag.task_2 scheduled__2025-01-01T04:37:30+00:00 [queued]>
[2025-02-06T09:48:15.420+0000] {taskinstance.py:2613} INFO - Dependencies all met for dep_context=requeueable deps ti=<TaskInstance: my_first_dag.task_2 scheduled__2025-01-01T04:37:30+00:00 [queued]>
[2025-02-06T09:48:15.421+0000] {taskinstance.py:2866} INFO - Starting attempt 1 of 1
[2025-02-06T09:48:15.461+0000] {taskinstance.py:2889} INFO - Executing <Task(PythonOperator): task_2> on 2025-01-01 04:37:30+00:00
[2025-02-06T09:48:15.464+0000] {standard_task_runner.py:72} INFO - Started process 196 to run task
[2025-02-06T09:48:15.467+0000] {standard_task_runner.py:104} INFO - Running: ['airflow', 'tasks', 'run', 'my_first_dag', 'task_2', 'scheduled__2025-01-01T04:37:30+00:00', '--job-id', '1251', '--raw', '--subdir', 'DAGS_FOLDER/first_dag.py', '--cfg-path', '/tmp/tmpgos0hm2e']
[2025-02-06T09:48:15.468+0000] {standard_task_runner.py:105} INFO - Job 1251: Subtask task_2
[2025-02-06T09:48:15.558+0000] {task_command.py:467} INFO - Running <TaskInstance: my_first_dag.task_2 scheduled__2025-01-01T04:37:30+00:00 [running]> on host 1f20f9aee2e1
[2025-02-06T09:48:15.695+0000] {taskinstance.py:3132} INFO - Exporting env vars: AIRFLOW_CTX_DAG_OWNER='airflow' AIRFLOW_CTX_DAG_ID='my_first_dag' AIRFLOW_CTX_TASK_ID='task_2' AIRFLOW_CTX_EXECUTION_DATE='2025-01-01T04:37:30+00:00' AIRFLOW_CTX_TRY_NUMBER='1' AIRFLOW_CTX_DAG_RUN_ID='scheduled__2025-01-01T04:37:30+00:00'
[2025-02-06T09:48:15.696+0000] {logging_mixin.py:190} INFO - Task instance is in running state
[2025-02-06T09:48:15.697+0000] {logging_mixin.py:190} INFO -  Previous state of the Task instance: queued
[2025-02-06T09:48:15.697+0000] {logging_mixin.py:190} INFO - Current task name:task_2 state:running start_date:2025-02-06 09:48:15.390252+00:00
[2025-02-06T09:48:15.698+0000] {logging_mixin.py:190} INFO - Dag name:my_first_dag and current dag run status:running
[2025-02-06T09:48:15.698+0000] {taskinstance.py:731} INFO - ::endgroup::
[2025-02-06T09:48:15.700+0000] {logging_mixin.py:190} INFO - Hello World
[2025-02-06T09:48:15.700+0000] {python.py:240} INFO - Done. Returned value was: 42
[2025-02-06T09:48:15.759+0000] {taskinstance.py:340} INFO - ::group::Post task execution logs
[2025-02-06T09:48:15.759+0000] {taskinstance.py:352} INFO - Marking task as SUCCESS. dag_id=my_first_dag, task_id=task_2, run_id=scheduled__2025-01-01T04:37:30+00:00, execution_date=20250101T043730, start_date=20250206T094815, end_date=20250206T094815
[2025-02-06T09:48:15.798+0000] {logging_mixin.py:190} INFO - Task instance in success state
[2025-02-06T09:48:15.800+0000] {logging_mixin.py:190} INFO -  Previous state of the Task instance: running
[2025-02-06T09:48:15.801+0000] {logging_mixin.py:190} INFO - Dag name:my_first_dag queued_at:2025-02-06 09:47:47.706406+00:00
[2025-02-06T09:48:15.801+0000] {logging_mixin.py:190} INFO - Task hostname:1f20f9aee2e1 operator:PythonOperator
[2025-02-06T09:48:15.842+0000] {local_task_job_runner.py:266} INFO - Task exited with return code 0
[2025-02-06T09:48:15.879+0000] {taskinstance.py:3895} INFO - 1 downstream tasks scheduled from follow-on schedule check
[2025-02-06T09:48:15.893+0000] {local_task_job_runner.py:245} INFO - ::endgroup::
