[2025-02-06T11:55:33.219+0000] {local_task_job_runner.py:123} INFO - ::group::Pre task execution logs
[2025-02-06T11:55:33.253+0000] {taskinstance.py:2613} INFO - Dependencies all met for dep_context=non-requeueable deps ti=<TaskInstance: my_first_dag.first_task scheduled__2025-01-01T06:32:30+00:00 [queued]>
[2025-02-06T11:55:33.297+0000] {taskinstance.py:2613} INFO - Dependencies all met for dep_context=requeueable deps ti=<TaskInstance: my_first_dag.first_task scheduled__2025-01-01T06:32:30+00:00 [queued]>
[2025-02-06T11:55:33.298+0000] {taskinstance.py:2866} INFO - Starting attempt 2 of 1
[2025-02-06T11:55:33.365+0000] {taskinstance.py:2889} INFO - Executing <Task(PythonOperator): first_task> on 2025-01-01 06:32:30+00:00
[2025-02-06T11:55:33.370+0000] {standard_task_runner.py:72} INFO - Started process 124 to run task
[2025-02-06T11:55:33.374+0000] {standard_task_runner.py:104} INFO - Running: ['airflow', 'tasks', 'run', 'my_first_dag', 'first_task', 'scheduled__2025-01-01T06:32:30+00:00', '--job-id', '2241', '--raw', '--subdir', 'DAGS_FOLDER/first_dag.py', '--cfg-path', '/tmp/tmpujt4bkbj']
[2025-02-06T11:55:33.375+0000] {standard_task_runner.py:105} INFO - Job 2241: Subtask first_task
[2025-02-06T11:55:33.508+0000] {task_command.py:467} INFO - Running <TaskInstance: my_first_dag.first_task scheduled__2025-01-01T06:32:30+00:00 [running]> on host 51a19ecca21f
[2025-02-06T11:55:33.702+0000] {taskinstance.py:3132} INFO - Exporting env vars: AIRFLOW_CTX_DAG_OWNER='airflow' AIRFLOW_CTX_DAG_ID='my_first_dag' AIRFLOW_CTX_TASK_ID='first_task' AIRFLOW_CTX_EXECUTION_DATE='2025-01-01T06:32:30+00:00' AIRFLOW_CTX_TRY_NUMBER='2' AIRFLOW_CTX_DAG_RUN_ID='scheduled__2025-01-01T06:32:30+00:00'
[2025-02-06T11:55:33.706+0000] {logging_mixin.py:190} INFO - Task instance is in running state
[2025-02-06T11:55:33.707+0000] {logging_mixin.py:190} INFO -  Previous state of the Task instance: queued
[2025-02-06T11:55:33.708+0000] {logging_mixin.py:190} INFO - Current task name:first_task state:running start_date:2025-02-06 11:55:33.254943+00:00
[2025-02-06T11:55:33.709+0000] {logging_mixin.py:190} INFO - Dag name:my_first_dag and current dag run status:running
[2025-02-06T11:55:33.710+0000] {taskinstance.py:731} INFO - ::endgroup::
[2025-02-06T11:55:33.776+0000] {python.py:240} INFO - Done. Returned value was: 194
[2025-02-06T11:55:33.861+0000] {taskinstance.py:340} INFO - ::group::Post task execution logs
[2025-02-06T11:55:33.862+0000] {taskinstance.py:352} INFO - Marking task as SUCCESS. dag_id=my_first_dag, task_id=first_task, run_id=scheduled__2025-01-01T06:32:30+00:00, execution_date=20250101T063230, start_date=20250206T115533, end_date=20250206T115533
[2025-02-06T11:55:34.282+0000] {logging_mixin.py:190} INFO - Task instance in success state
[2025-02-06T11:55:34.283+0000] {logging_mixin.py:190} INFO -  Previous state of the Task instance: running
[2025-02-06T11:55:34.284+0000] {logging_mixin.py:190} INFO - Dag name:my_first_dag queued_at:2025-02-06 11:54:22.952024+00:00
[2025-02-06T11:55:34.285+0000] {logging_mixin.py:190} INFO - Task hostname:51a19ecca21f operator:PythonOperator
[2025-02-06T11:55:34.314+0000] {local_task_job_runner.py:266} INFO - Task exited with return code 0
[2025-02-06T11:55:34.372+0000] {taskinstance.py:3895} INFO - 1 downstream tasks scheduled from follow-on schedule check
[2025-02-06T11:55:34.387+0000] {local_task_job_runner.py:245} INFO - ::endgroup::
