[2025-02-06T10:26:21.609+0000] {local_task_job_runner.py:123} INFO - ::group::Pre task execution logs
[2025-02-06T10:26:21.630+0000] {taskinstance.py:2613} INFO - Dependencies all met for dep_context=non-requeueable deps ti=<TaskInstance: my_first_dag.task_1 scheduled__2025-01-01T06:13:00+00:00 [queued]>
[2025-02-06T10:26:21.658+0000] {taskinstance.py:2613} INFO - Dependencies all met for dep_context=requeueable deps ti=<TaskInstance: my_first_dag.task_1 scheduled__2025-01-01T06:13:00+00:00 [queued]>
[2025-02-06T10:26:21.659+0000] {taskinstance.py:2866} INFO - Starting attempt 1 of 1
[2025-02-06T10:26:21.686+0000] {taskinstance.py:2889} INFO - Executing <Task(PythonOperator): task_1> on 2025-01-01 06:13:00+00:00
[2025-02-06T10:26:21.689+0000] {standard_task_runner.py:72} INFO - Started process 4098 to run task
[2025-02-06T10:26:21.691+0000] {standard_task_runner.py:104} INFO - Running: ['airflow', 'tasks', 'run', 'my_first_dag', 'task_1', 'scheduled__2025-01-01T06:13:00+00:00', '--job-id', '2045', '--raw', '--subdir', 'DAGS_FOLDER/first_dag.py', '--cfg-path', '/tmp/tmpo7qrff2k']
[2025-02-06T10:26:21.692+0000] {standard_task_runner.py:105} INFO - Job 2045: Subtask task_1
[2025-02-06T10:26:21.761+0000] {task_command.py:467} INFO - Running <TaskInstance: my_first_dag.task_1 scheduled__2025-01-01T06:13:00+00:00 [running]> on host 1f20f9aee2e1
[2025-02-06T10:26:21.878+0000] {taskinstance.py:3132} INFO - Exporting env vars: AIRFLOW_CTX_DAG_OWNER='airflow' AIRFLOW_CTX_DAG_ID='my_first_dag' AIRFLOW_CTX_TASK_ID='task_1' AIRFLOW_CTX_EXECUTION_DATE='2025-01-01T06:13:00+00:00' AIRFLOW_CTX_TRY_NUMBER='1' AIRFLOW_CTX_DAG_RUN_ID='scheduled__2025-01-01T06:13:00+00:00'
[2025-02-06T10:26:21.880+0000] {logging_mixin.py:190} INFO - Task instance is in running state
[2025-02-06T10:26:21.880+0000] {logging_mixin.py:190} INFO -  Previous state of the Task instance: queued
[2025-02-06T10:26:21.880+0000] {logging_mixin.py:190} INFO - Current task name:task_1 state:running start_date:2025-02-06 10:26:21.630669+00:00
[2025-02-06T10:26:21.880+0000] {logging_mixin.py:190} INFO - Dag name:my_first_dag and current dag run status:running
[2025-02-06T10:26:21.881+0000] {taskinstance.py:731} INFO - ::endgroup::
[2025-02-06T10:26:21.902+0000] {logging_mixin.py:190} INFO - Hello Kevin 327 API_KEY
[2025-02-06T10:26:21.902+0000] {python.py:240} INFO - Done. Returned value was: 327
[2025-02-06T10:26:21.943+0000] {taskinstance.py:340} INFO - ::group::Post task execution logs
[2025-02-06T10:26:21.943+0000] {taskinstance.py:352} INFO - Marking task as SUCCESS. dag_id=my_first_dag, task_id=task_1, run_id=scheduled__2025-01-01T06:13:00+00:00, execution_date=20250101T061300, start_date=20250206T102621, end_date=20250206T102621
[2025-02-06T10:26:21.981+0000] {logging_mixin.py:190} INFO - Task instance in success state
[2025-02-06T10:26:21.982+0000] {logging_mixin.py:190} INFO -  Previous state of the Task instance: running
[2025-02-06T10:26:21.983+0000] {logging_mixin.py:190} INFO - Dag name:my_first_dag queued_at:2025-02-06 10:26:11.245841+00:00
[2025-02-06T10:26:21.984+0000] {logging_mixin.py:190} INFO - Task hostname:1f20f9aee2e1 operator:PythonOperator
[2025-02-06T10:26:22.026+0000] {local_task_job_runner.py:266} INFO - Task exited with return code 0
[2025-02-06T10:26:22.062+0000] {taskinstance.py:3895} INFO - 1 downstream tasks scheduled from follow-on schedule check
[2025-02-06T10:26:22.077+0000] {local_task_job_runner.py:245} INFO - ::endgroup::
