[2025-02-06T09:33:25.776+0000] {local_task_job_runner.py:123} INFO - ::group::Pre task execution logs
[2025-02-06T09:33:25.801+0000] {taskinstance.py:2613} INFO - Dependencies all met for dep_context=non-requeueable deps ti=<TaskInstance: my_first_dag.task_2 scheduled__2025-01-01T03:57:30+00:00 [queued]>
[2025-02-06T09:33:25.825+0000] {taskinstance.py:2613} INFO - Dependencies all met for dep_context=requeueable deps ti=<TaskInstance: my_first_dag.task_2 scheduled__2025-01-01T03:57:30+00:00 [queued]>
[2025-02-06T09:33:25.827+0000] {taskinstance.py:2866} INFO - Starting attempt 1 of 1
[2025-02-06T09:33:25.859+0000] {taskinstance.py:2889} INFO - Executing <Task(PythonOperator): task_2> on 2025-01-01 03:57:30+00:00
[2025-02-06T09:33:25.863+0000] {standard_task_runner.py:72} INFO - Started process 495 to run task
[2025-02-06T09:33:25.865+0000] {standard_task_runner.py:104} INFO - Running: ['airflow', 'tasks', 'run', 'my_first_dag', 'task_2', 'scheduled__2025-01-01T03:57:30+00:00', '--job-id', '973', '--raw', '--subdir', 'DAGS_FOLDER/first_dag.py', '--cfg-path', '/tmp/tmpvzge3gqf']
[2025-02-06T09:33:25.866+0000] {standard_task_runner.py:105} INFO - Job 973: Subtask task_2
[2025-02-06T09:33:25.946+0000] {task_command.py:467} INFO - Running <TaskInstance: my_first_dag.task_2 scheduled__2025-01-01T03:57:30+00:00 [running]> on host 25879eaf192c
[2025-02-06T09:33:26.063+0000] {taskinstance.py:3132} INFO - Exporting env vars: AIRFLOW_CTX_DAG_OWNER='airflow' AIRFLOW_CTX_DAG_ID='my_first_dag' AIRFLOW_CTX_TASK_ID='task_2' AIRFLOW_CTX_EXECUTION_DATE='2025-01-01T03:57:30+00:00' AIRFLOW_CTX_TRY_NUMBER='1' AIRFLOW_CTX_DAG_RUN_ID='scheduled__2025-01-01T03:57:30+00:00'
[2025-02-06T09:33:26.064+0000] {logging_mixin.py:190} INFO - Task instance is in running state
[2025-02-06T09:33:26.064+0000] {logging_mixin.py:190} INFO -  Previous state of the Task instance: queued
[2025-02-06T09:33:26.065+0000] {logging_mixin.py:190} INFO - Current task name:task_2 state:running start_date:2025-02-06 09:33:25.801689+00:00
[2025-02-06T09:33:26.065+0000] {logging_mixin.py:190} INFO - Dag name:my_first_dag and current dag run status:running
[2025-02-06T09:33:26.066+0000] {taskinstance.py:731} INFO - ::endgroup::
[2025-02-06T09:33:26.066+0000] {logging_mixin.py:190} INFO - Hello World
[2025-02-06T09:33:26.067+0000] {python.py:240} INFO - Done. Returned value was: None
[2025-02-06T09:33:26.079+0000] {taskinstance.py:340} INFO - ::group::Post task execution logs
[2025-02-06T09:33:26.080+0000] {taskinstance.py:352} INFO - Marking task as SUCCESS. dag_id=my_first_dag, task_id=task_2, run_id=scheduled__2025-01-01T03:57:30+00:00, execution_date=20250101T035730, start_date=20250206T093325, end_date=20250206T093326
[2025-02-06T09:33:26.117+0000] {logging_mixin.py:190} INFO - Task instance in success state
[2025-02-06T09:33:26.118+0000] {logging_mixin.py:190} INFO -  Previous state of the Task instance: running
[2025-02-06T09:33:26.118+0000] {logging_mixin.py:190} INFO - Dag name:my_first_dag queued_at:2025-02-06 09:33:02.286485+00:00
[2025-02-06T09:33:26.119+0000] {logging_mixin.py:190} INFO - Task hostname:25879eaf192c operator:PythonOperator
[2025-02-06T09:33:26.159+0000] {local_task_job_runner.py:266} INFO - Task exited with return code 0
[2025-02-06T09:33:26.190+0000] {taskinstance.py:3895} INFO - 1 downstream tasks scheduled from follow-on schedule check
[2025-02-06T09:33:26.200+0000] {local_task_job_runner.py:245} INFO - ::endgroup::
