[2025-02-06T12:42:07.936+0000] {local_task_job_runner.py:123} INFO - ::group::Pre task execution logs
[2025-02-06T12:42:07.962+0000] {taskinstance.py:2613} INFO - Dependencies all met for dep_context=non-requeueable deps ti=<TaskInstance: my_first_dag.task_goodbye scheduled__2025-01-01T07:13:30+00:00 [queued]>
[2025-02-06T12:42:08.004+0000] {taskinstance.py:2613} INFO - Dependencies all met for dep_context=requeueable deps ti=<TaskInstance: my_first_dag.task_goodbye scheduled__2025-01-01T07:13:30+00:00 [queued]>
[2025-02-06T12:42:08.006+0000] {taskinstance.py:2866} INFO - Starting attempt 1 of 1
[2025-02-06T12:42:08.050+0000] {taskinstance.py:2889} INFO - Executing <Task(PythonOperator): task_goodbye> on 2025-01-01 07:13:30+00:00
[2025-02-06T12:42:08.055+0000] {standard_task_runner.py:72} INFO - Started process 10131 to run task
[2025-02-06T12:42:08.057+0000] {standard_task_runner.py:104} INFO - Running: ['airflow', 'tasks', 'run', 'my_first_dag', 'task_goodbye', 'scheduled__2025-01-01T07:13:30+00:00', '--job-id', '2821', '--raw', '--subdir', 'DAGS_FOLDER/first_dag.py', '--cfg-path', '/tmp/tmpy1krb2c1']
[2025-02-06T12:42:08.058+0000] {standard_task_runner.py:105} INFO - Job 2821: Subtask task_goodbye
[2025-02-06T12:42:08.142+0000] {task_command.py:467} INFO - Running <TaskInstance: my_first_dag.task_goodbye scheduled__2025-01-01T07:13:30+00:00 [running]> on host f59ce29465b4
[2025-02-06T12:42:08.355+0000] {taskinstance.py:3132} INFO - Exporting env vars: AIRFLOW_CTX_DAG_OWNER='airflow' AIRFLOW_CTX_DAG_ID='my_first_dag' AIRFLOW_CTX_TASK_ID='task_goodbye' AIRFLOW_CTX_EXECUTION_DATE='2025-01-01T07:13:30+00:00' AIRFLOW_CTX_TRY_NUMBER='1' AIRFLOW_CTX_DAG_RUN_ID='scheduled__2025-01-01T07:13:30+00:00'
[2025-02-06T12:42:08.356+0000] {logging_mixin.py:190} INFO - Task instance is in running state
[2025-02-06T12:42:08.357+0000] {logging_mixin.py:190} INFO -  Previous state of the Task instance: queued
[2025-02-06T12:42:08.357+0000] {logging_mixin.py:190} INFO - Current task name:task_goodbye state:running start_date:2025-02-06 12:42:07.962823+00:00
[2025-02-06T12:42:08.358+0000] {logging_mixin.py:190} INFO - Dag name:my_first_dag and current dag run status:running
[2025-02-06T12:42:08.358+0000] {taskinstance.py:731} INFO - ::endgroup::
[2025-02-06T12:42:08.359+0000] {logging_mixin.py:190} INFO - Goodbye
[2025-02-06T12:42:08.359+0000] {python.py:240} INFO - Done. Returned value was: None
[2025-02-06T12:42:08.369+0000] {taskinstance.py:340} INFO - ::group::Post task execution logs
[2025-02-06T12:42:08.370+0000] {taskinstance.py:352} INFO - Marking task as SUCCESS. dag_id=my_first_dag, task_id=task_goodbye, run_id=scheduled__2025-01-01T07:13:30+00:00, execution_date=20250101T071330, start_date=20250206T124207, end_date=20250206T124208
[2025-02-06T12:42:08.404+0000] {logging_mixin.py:190} INFO - Task instance in success state
[2025-02-06T12:42:08.405+0000] {logging_mixin.py:190} INFO -  Previous state of the Task instance: running
[2025-02-06T12:42:08.406+0000] {logging_mixin.py:190} INFO - Dag name:my_first_dag queued_at:2025-02-06 12:41:44.672672+00:00
[2025-02-06T12:42:08.406+0000] {logging_mixin.py:190} INFO - Task hostname:f59ce29465b4 operator:PythonOperator
[2025-02-06T12:42:08.431+0000] {local_task_job_runner.py:266} INFO - Task exited with return code 0
[2025-02-06T12:42:08.449+0000] {taskinstance.py:3895} INFO - 0 downstream tasks scheduled from follow-on schedule check
[2025-02-06T12:42:08.450+0000] {local_task_job_runner.py:245} INFO - ::endgroup::
