[2025-02-06T12:48:15.236+0000] {local_task_job_runner.py:123} INFO - ::group::Pre task execution logs
[2025-02-06T12:48:15.253+0000] {taskinstance.py:2613} INFO - Dependencies all met for dep_context=non-requeueable deps ti=<TaskInstance: my_training_dag.task_load_data manual__2025-02-06T12:48:09.796580+00:00 [queued]>
[2025-02-06T12:48:15.267+0000] {taskinstance.py:2613} INFO - Dependencies all met for dep_context=requeueable deps ti=<TaskInstance: my_training_dag.task_load_data manual__2025-02-06T12:48:09.796580+00:00 [queued]>
[2025-02-06T12:48:15.268+0000] {taskinstance.py:2866} INFO - Starting attempt 1 of 1
[2025-02-06T12:48:15.373+0000] {taskinstance.py:2889} INFO - Executing <Task(PythonOperator): task_load_data> on 2025-02-06 12:48:09.796580+00:00
[2025-02-06T12:48:15.378+0000] {standard_task_runner.py:72} INFO - Started process 13105 to run task
[2025-02-06T12:48:15.381+0000] {standard_task_runner.py:104} INFO - Running: ['airflow', 'tasks', 'run', 'my_training_dag', 'task_load_data', 'manual__2025-02-06T12:48:09.796580+00:00', '--job-id', '2931', '--raw', '--subdir', 'DAGS_FOLDER/training_dag.py', '--cfg-path', '/tmp/tmpkelj31x7']
[2025-02-06T12:48:15.382+0000] {standard_task_runner.py:105} INFO - Job 2931: Subtask task_load_data
[2025-02-06T12:48:15.456+0000] {task_command.py:467} INFO - Running <TaskInstance: my_training_dag.task_load_data manual__2025-02-06T12:48:09.796580+00:00 [running]> on host f59ce29465b4
[2025-02-06T12:48:15.561+0000] {taskinstance.py:3132} INFO - Exporting env vars: AIRFLOW_CTX_DAG_OWNER='airflow' AIRFLOW_CTX_DAG_ID='my_training_dag' AIRFLOW_CTX_TASK_ID='task_load_data' AIRFLOW_CTX_EXECUTION_DATE='2025-02-06T12:48:09.796580+00:00' AIRFLOW_CTX_TRY_NUMBER='1' AIRFLOW_CTX_DAG_RUN_ID='manual__2025-02-06T12:48:09.796580+00:00'
[2025-02-06T12:48:15.562+0000] {logging_mixin.py:190} INFO - Task instance is in running state
[2025-02-06T12:48:15.564+0000] {logging_mixin.py:190} INFO -  Previous state of the Task instance: queued
[2025-02-06T12:48:15.567+0000] {logging_mixin.py:190} INFO - Current task name:task_load_data state:running start_date:2025-02-06 12:48:15.254441+00:00
[2025-02-06T12:48:15.568+0000] {logging_mixin.py:190} INFO - Dag name:my_training_dag and current dag run status:running
[2025-02-06T12:48:15.568+0000] {taskinstance.py:731} INFO - ::endgroup::
[2025-02-06T12:48:15.572+0000] {python.py:240} INFO - Done. Returned value was:      sepal_length  sepal_width  petal_length  petal_width
0             5.1          3.5           1.4          0.2
1             4.9          3.0           1.4          0.2
2             4.7          3.2           1.3          0.2
3             4.6          3.1           1.5          0.2
4             5.0          3.6           1.4          0.2
..            ...          ...           ...          ...
145           6.7          3.0           5.2          2.3
146           6.3          2.5           5.0          1.9
147           6.5          3.0           5.2          2.0
148           6.2          3.4           5.4          2.3
149           5.9          3.0           5.1          1.8

[150 rows x 4 columns]
[2025-02-06T12:48:15.591+0000] {taskinstance.py:3311} ERROR - Task failed with exception
Traceback (most recent call last):
  File "/opt/conda/lib/python3.12/site-packages/airflow/models/taskinstance.py", line 789, in _execute_task
    task_instance.xcom_push(key=XCOM_RETURN_KEY, value=xcom_value, session=session_or_null)
  File "/opt/conda/lib/python3.12/site-packages/airflow/utils/session.py", line 94, in wrapper
    return func(*args, **kwargs)
           ^^^^^^^^^^^^^^^^^^^^^
  File "/opt/conda/lib/python3.12/site-packages/airflow/models/taskinstance.py", line 3639, in xcom_push
    XCom.set(
  File "/opt/conda/lib/python3.12/site-packages/airflow/api_internal/internal_api_call.py", line 166, in wrapper
    return func(*args, **kwargs)
           ^^^^^^^^^^^^^^^^^^^^^
  File "/opt/conda/lib/python3.12/site-packages/airflow/utils/session.py", line 94, in wrapper
    return func(*args, **kwargs)
           ^^^^^^^^^^^^^^^^^^^^^
  File "/opt/conda/lib/python3.12/site-packages/airflow/models/xcom.py", line 249, in set
    value = cls.serialize_value(
            ^^^^^^^^^^^^^^^^^^^^
  File "/opt/conda/lib/python3.12/site-packages/airflow/models/xcom.py", line 688, in serialize_value
    return json.dumps(value, cls=XComEncoder).encode("UTF-8")
           ^^^^^^^^^^^^^^^^^^^^^^^^^^^^^^^^^^
  File "/opt/conda/lib/python3.12/json/__init__.py", line 238, in dumps
    **kw).encode(obj)
          ^^^^^^^^^^^
  File "/opt/conda/lib/python3.12/site-packages/airflow/utils/json.py", line 105, in encode
    return super().encode(o)
           ^^^^^^^^^^^^^^^^^
  File "/opt/conda/lib/python3.12/json/encoder.py", line 200, in encode
    chunks = self.iterencode(o, _one_shot=True)
             ^^^^^^^^^^^^^^^^^^^^^^^^^^^^^^^^^^
  File "/opt/conda/lib/python3.12/json/encoder.py", line 258, in iterencode
    return _iterencode(o, 0)
           ^^^^^^^^^^^^^^^^^
  File "/opt/conda/lib/python3.12/site-packages/airflow/utils/json.py", line 92, in default
    return serialize(o)
           ^^^^^^^^^^^^
  File "/opt/conda/lib/python3.12/site-packages/airflow/serialization/serde.py", line 149, in serialize
    data, serialized_classname, version, is_serialized = _serializers[qn].serialize(o)
                                                         ^^^^^^^^^^^^^^^^^^^^^^^^^^^^^
  File "/opt/conda/lib/python3.12/site-packages/airflow/serialization/serializers/pandas.py", line 40, in serialize
    import pyarrow as pa
ModuleNotFoundError: No module named 'pyarrow'
[2025-02-06T12:48:15.602+0000] {logging_mixin.py:190} INFO - Task instance in failure state
[2025-02-06T12:48:15.603+0000] {logging_mixin.py:190} INFO - Task start:2025-02-06 12:48:15.254441+00:00 end:2025-02-06 12:48:15.602026+00:00 duration:0.347585
[2025-02-06T12:48:15.603+0000] {logging_mixin.py:190} INFO - Task:<Task(PythonOperator): task_load_data> dag:<DAG: my_training_dag> dagrun:<DagRun my_training_dag @ 2025-02-06 12:48:09.796580+00:00: manual__2025-02-06T12:48:09.796580+00:00, state:running, queued_at: 2025-02-06 12:48:09.843801+00:00. externally triggered: True>
[2025-02-06T12:48:15.603+0000] {logging_mixin.py:190} INFO - Failure caused by No module named 'pyarrow'
[2025-02-06T12:48:15.604+0000] {taskinstance.py:1225} INFO - Marking task as FAILED. dag_id=my_training_dag, task_id=task_load_data, run_id=manual__2025-02-06T12:48:09.796580+00:00, execution_date=20250206T124809, start_date=20250206T124815, end_date=20250206T124815
[2025-02-06T12:48:15.637+0000] {taskinstance.py:340} INFO - ::group::Post task execution logs
[2025-02-06T12:48:15.638+0000] {standard_task_runner.py:124} ERROR - Failed to execute job 2931 for task task_load_data (No module named 'pyarrow'; 13105)
Traceback (most recent call last):
  File "/opt/conda/lib/python3.12/site-packages/airflow/task/task_runner/standard_task_runner.py", line 117, in _start_by_fork
    ret = args.func(args, dag=self.dag)
          ^^^^^^^^^^^^^^^^^^^^^^^^^^^^^
  File "/opt/conda/lib/python3.12/site-packages/airflow/cli/cli_config.py", line 49, in command
    return func(*args, **kwargs)
           ^^^^^^^^^^^^^^^^^^^^^
  File "/opt/conda/lib/python3.12/site-packages/airflow/utils/cli.py", line 116, in wrapper
    return f(*args, **kwargs)
           ^^^^^^^^^^^^^^^^^^
  File "/opt/conda/lib/python3.12/site-packages/airflow/cli/commands/task_command.py", line 483, in task_run
    task_return_code = _run_task_by_selected_method(args, _dag, ti)
                       ^^^^^^^^^^^^^^^^^^^^^^^^^^^^^^^^^^^^^^^^^^^^
  File "/opt/conda/lib/python3.12/site-packages/airflow/cli/commands/task_command.py", line 256, in _run_task_by_selected_method
    return _run_raw_task(args, ti)
           ^^^^^^^^^^^^^^^^^^^^^^^
  File "/opt/conda/lib/python3.12/site-packages/airflow/cli/commands/task_command.py", line 341, in _run_raw_task
    return ti._run_raw_task(
           ^^^^^^^^^^^^^^^^^
  File "/opt/conda/lib/python3.12/site-packages/airflow/utils/session.py", line 97, in wrapper
    return func(*args, session=session, **kwargs)
           ^^^^^^^^^^^^^^^^^^^^^^^^^^^^^^^^^^^^^^
  File "/opt/conda/lib/python3.12/site-packages/airflow/models/taskinstance.py", line 3005, in _run_raw_task
    return _run_raw_task(
           ^^^^^^^^^^^^^^
  File "/opt/conda/lib/python3.12/site-packages/airflow/models/taskinstance.py", line 273, in _run_raw_task
    TaskInstance._execute_task_with_callbacks(
  File "/opt/conda/lib/python3.12/site-packages/airflow/models/taskinstance.py", line 3159, in _execute_task_with_callbacks
    result = self._execute_task(context, task_orig)
             ^^^^^^^^^^^^^^^^^^^^^^^^^^^^^^^^^^^^^^
  File "/opt/conda/lib/python3.12/site-packages/airflow/models/taskinstance.py", line 3183, in _execute_task
    return _execute_task(self, context, task_orig)
           ^^^^^^^^^^^^^^^^^^^^^^^^^^^^^^^^^^^^^^^
  File "/opt/conda/lib/python3.12/site-packages/airflow/models/taskinstance.py", line 789, in _execute_task
    task_instance.xcom_push(key=XCOM_RETURN_KEY, value=xcom_value, session=session_or_null)
  File "/opt/conda/lib/python3.12/site-packages/airflow/utils/session.py", line 94, in wrapper
    return func(*args, **kwargs)
           ^^^^^^^^^^^^^^^^^^^^^
  File "/opt/conda/lib/python3.12/site-packages/airflow/models/taskinstance.py", line 3639, in xcom_push
    XCom.set(
  File "/opt/conda/lib/python3.12/site-packages/airflow/api_internal/internal_api_call.py", line 166, in wrapper
    return func(*args, **kwargs)
           ^^^^^^^^^^^^^^^^^^^^^
  File "/opt/conda/lib/python3.12/site-packages/airflow/utils/session.py", line 94, in wrapper
    return func(*args, **kwargs)
           ^^^^^^^^^^^^^^^^^^^^^
  File "/opt/conda/lib/python3.12/site-packages/airflow/models/xcom.py", line 249, in set
    value = cls.serialize_value(
            ^^^^^^^^^^^^^^^^^^^^
  File "/opt/conda/lib/python3.12/site-packages/airflow/models/xcom.py", line 688, in serialize_value
    return json.dumps(value, cls=XComEncoder).encode("UTF-8")
           ^^^^^^^^^^^^^^^^^^^^^^^^^^^^^^^^^^
  File "/opt/conda/lib/python3.12/json/__init__.py", line 238, in dumps
    **kw).encode(obj)
          ^^^^^^^^^^^
  File "/opt/conda/lib/python3.12/site-packages/airflow/utils/json.py", line 105, in encode
    return super().encode(o)
           ^^^^^^^^^^^^^^^^^
  File "/opt/conda/lib/python3.12/json/encoder.py", line 200, in encode
    chunks = self.iterencode(o, _one_shot=True)
             ^^^^^^^^^^^^^^^^^^^^^^^^^^^^^^^^^^
  File "/opt/conda/lib/python3.12/json/encoder.py", line 258, in iterencode
    return _iterencode(o, 0)
           ^^^^^^^^^^^^^^^^^
  File "/opt/conda/lib/python3.12/site-packages/airflow/utils/json.py", line 92, in default
    return serialize(o)
           ^^^^^^^^^^^^
  File "/opt/conda/lib/python3.12/site-packages/airflow/serialization/serde.py", line 149, in serialize
    data, serialized_classname, version, is_serialized = _serializers[qn].serialize(o)
                                                         ^^^^^^^^^^^^^^^^^^^^^^^^^^^^^
  File "/opt/conda/lib/python3.12/site-packages/airflow/serialization/serializers/pandas.py", line 40, in serialize
    import pyarrow as pa
ModuleNotFoundError: No module named 'pyarrow'
[2025-02-06T12:48:15.675+0000] {local_task_job_runner.py:266} INFO - Task exited with return code 1
[2025-02-06T12:48:15.702+0000] {taskinstance.py:3895} INFO - 0 downstream tasks scheduled from follow-on schedule check
[2025-02-06T12:48:15.726+0000] {local_task_job_runner.py:245} INFO - ::endgroup::
