[2025-02-06T12:31:23.842+0000] {local_task_job_runner.py:123} INFO - ::group::Pre task execution logs
[2025-02-06T12:31:23.859+0000] {taskinstance.py:2613} INFO - Dependencies all met for dep_context=non-requeueable deps ti=<TaskInstance: my_first_dag.task_goodbye scheduled__2025-01-01T07:02:00+00:00 [queued]>
[2025-02-06T12:31:23.881+0000] {taskinstance.py:2613} INFO - Dependencies all met for dep_context=requeueable deps ti=<TaskInstance: my_first_dag.task_goodbye scheduled__2025-01-01T07:02:00+00:00 [queued]>
[2025-02-06T12:31:23.883+0000] {taskinstance.py:2866} INFO - Starting attempt 1 of 1
[2025-02-06T12:31:23.918+0000] {taskinstance.py:2889} INFO - Executing <Task(PythonOperator): task_goodbye> on 2025-01-01 07:02:00+00:00
[2025-02-06T12:31:23.922+0000] {standard_task_runner.py:72} INFO - Started process 4610 to run task
[2025-02-06T12:31:23.924+0000] {standard_task_runner.py:104} INFO - Running: ['airflow', 'tasks', 'run', 'my_first_dag', 'task_goodbye', 'scheduled__2025-01-01T07:02:00+00:00', '--job-id', '2614', '--raw', '--subdir', 'DAGS_FOLDER/first_dag.py', '--cfg-path', '/tmp/tmpzwg5k40w']
[2025-02-06T12:31:23.926+0000] {standard_task_runner.py:105} INFO - Job 2614: Subtask task_goodbye
[2025-02-06T12:31:23.993+0000] {task_command.py:467} INFO - Running <TaskInstance: my_first_dag.task_goodbye scheduled__2025-01-01T07:02:00+00:00 [running]> on host f59ce29465b4
[2025-02-06T12:31:24.095+0000] {taskinstance.py:3132} INFO - Exporting env vars: AIRFLOW_CTX_DAG_OWNER='airflow' AIRFLOW_CTX_DAG_ID='my_first_dag' AIRFLOW_CTX_TASK_ID='task_goodbye' AIRFLOW_CTX_EXECUTION_DATE='2025-01-01T07:02:00+00:00' AIRFLOW_CTX_TRY_NUMBER='1' AIRFLOW_CTX_DAG_RUN_ID='scheduled__2025-01-01T07:02:00+00:00'
[2025-02-06T12:31:24.097+0000] {logging_mixin.py:190} INFO - Task instance is in running state
[2025-02-06T12:31:24.097+0000] {logging_mixin.py:190} INFO -  Previous state of the Task instance: queued
[2025-02-06T12:31:24.098+0000] {logging_mixin.py:190} INFO - Current task name:task_goodbye state:running start_date:2025-02-06 12:31:23.859994+00:00
[2025-02-06T12:31:24.098+0000] {logging_mixin.py:190} INFO - Dag name:my_first_dag and current dag run status:running
[2025-02-06T12:31:24.099+0000] {taskinstance.py:731} INFO - ::endgroup::
[2025-02-06T12:31:24.099+0000] {logging_mixin.py:190} INFO - Goodbye
[2025-02-06T12:31:24.099+0000] {python.py:240} INFO - Done. Returned value was: None
[2025-02-06T12:31:24.110+0000] {taskinstance.py:340} INFO - ::group::Post task execution logs
[2025-02-06T12:31:24.111+0000] {taskinstance.py:352} INFO - Marking task as SUCCESS. dag_id=my_first_dag, task_id=task_goodbye, run_id=scheduled__2025-01-01T07:02:00+00:00, execution_date=20250101T070200, start_date=20250206T123123, end_date=20250206T123124
[2025-02-06T12:31:24.152+0000] {logging_mixin.py:190} INFO - Task instance in success state
[2025-02-06T12:31:24.152+0000] {logging_mixin.py:190} INFO -  Previous state of the Task instance: running
[2025-02-06T12:31:24.153+0000] {logging_mixin.py:190} INFO - Dag name:my_first_dag queued_at:2025-02-06 12:31:00.943717+00:00
[2025-02-06T12:31:24.153+0000] {logging_mixin.py:190} INFO - Task hostname:f59ce29465b4 operator:PythonOperator
[2025-02-06T12:31:24.179+0000] {local_task_job_runner.py:266} INFO - Task exited with return code 0
[2025-02-06T12:31:24.196+0000] {taskinstance.py:3895} INFO - 0 downstream tasks scheduled from follow-on schedule check
[2025-02-06T12:31:24.198+0000] {local_task_job_runner.py:245} INFO - ::endgroup::
