[2025-02-06T09:53:45.321+0000] {local_task_job_runner.py:123} INFO - ::group::Pre task execution logs
[2025-02-06T09:53:45.340+0000] {taskinstance.py:2613} INFO - Dependencies all met for dep_context=non-requeueable deps ti=<TaskInstance: my_first_dag.task_random_choice manual__2025-02-06T09:53:20.769222+00:00 [queued]>
[2025-02-06T09:53:45.360+0000] {taskinstance.py:2613} INFO - Dependencies all met for dep_context=requeueable deps ti=<TaskInstance: my_first_dag.task_random_choice manual__2025-02-06T09:53:20.769222+00:00 [queued]>
[2025-02-06T09:53:45.363+0000] {taskinstance.py:2866} INFO - Starting attempt 1 of 1
[2025-02-06T09:53:45.399+0000] {taskinstance.py:2889} INFO - Executing <Task(BranchPythonOperator): task_random_choice> on 2025-02-06 09:53:20.769222+00:00
[2025-02-06T09:53:45.402+0000] {standard_task_runner.py:72} INFO - Started process 775 to run task
[2025-02-06T09:53:45.404+0000] {standard_task_runner.py:104} INFO - Running: ['airflow', 'tasks', 'run', 'my_first_dag', 'task_random_choice', 'manual__2025-02-06T09:53:20.769222+00:00', '--job-id', '1370', '--raw', '--subdir', 'DAGS_FOLDER/first_dag.py', '--cfg-path', '/tmp/tmpt5v5toqj']
[2025-02-06T09:53:45.405+0000] {standard_task_runner.py:105} INFO - Job 1370: Subtask task_random_choice
[2025-02-06T09:53:45.501+0000] {task_command.py:467} INFO - Running <TaskInstance: my_first_dag.task_random_choice manual__2025-02-06T09:53:20.769222+00:00 [running]> on host 1f20f9aee2e1
[2025-02-06T09:53:45.624+0000] {taskinstance.py:3132} INFO - Exporting env vars: AIRFLOW_CTX_DAG_OWNER='airflow' AIRFLOW_CTX_DAG_ID='my_first_dag' AIRFLOW_CTX_TASK_ID='task_random_choice' AIRFLOW_CTX_EXECUTION_DATE='2025-02-06T09:53:20.769222+00:00' AIRFLOW_CTX_TRY_NUMBER='1' AIRFLOW_CTX_DAG_RUN_ID='manual__2025-02-06T09:53:20.769222+00:00'
[2025-02-06T09:53:45.625+0000] {logging_mixin.py:190} INFO - Task instance is in running state
[2025-02-06T09:53:45.625+0000] {logging_mixin.py:190} INFO -  Previous state of the Task instance: queued
[2025-02-06T09:53:45.626+0000] {logging_mixin.py:190} INFO - Current task name:task_random_choice state:running start_date:2025-02-06 09:53:45.340945+00:00
[2025-02-06T09:53:45.626+0000] {logging_mixin.py:190} INFO - Dag name:my_first_dag and current dag run status:running
[2025-02-06T09:53:45.627+0000] {taskinstance.py:731} INFO - ::endgroup::
[2025-02-06T09:53:45.627+0000] {baseoperator.py:421} WARNING - BranchPythonOperator.execute cannot be called outside TaskInstance!
[2025-02-06T09:53:45.628+0000] {python.py:240} INFO - Done. Returned value was: task_1
[2025-02-06T09:53:45.629+0000] {branch.py:38} INFO - Branch into task_1
[2025-02-06T09:53:45.630+0000] {skipmixin.py:230} INFO - Following branch ('task_1',)
[2025-02-06T09:53:45.644+0000] {skipmixin.py:278} INFO - Skipping tasks [('task_2', -1)]
[2025-02-06T09:53:45.718+0000] {taskinstance.py:340} INFO - ::group::Post task execution logs
[2025-02-06T09:53:45.719+0000] {taskinstance.py:352} INFO - Marking task as SUCCESS. dag_id=my_first_dag, task_id=task_random_choice, run_id=manual__2025-02-06T09:53:20.769222+00:00, execution_date=20250206T095320, start_date=20250206T095345, end_date=20250206T095345
[2025-02-06T09:53:45.752+0000] {logging_mixin.py:190} INFO - Task instance in success state
[2025-02-06T09:53:45.753+0000] {logging_mixin.py:190} INFO -  Previous state of the Task instance: running
[2025-02-06T09:53:45.753+0000] {logging_mixin.py:190} INFO - Dag name:my_first_dag queued_at:2025-02-06 09:53:20.825966+00:00
[2025-02-06T09:53:45.753+0000] {logging_mixin.py:190} INFO - Task hostname:1f20f9aee2e1 operator:BranchPythonOperator
[2025-02-06T09:53:45.778+0000] {local_task_job_runner.py:266} INFO - Task exited with return code 0
[2025-02-06T09:53:45.819+0000] {taskinstance.py:3895} INFO - 1 downstream tasks scheduled from follow-on schedule check
[2025-02-06T09:53:45.866+0000] {local_task_job_runner.py:245} INFO - ::endgroup::
