[2025-02-06T12:49:38.291+0000] {local_task_job_runner.py:123} INFO - ::group::Pre task execution logs
[2025-02-06T12:49:38.316+0000] {taskinstance.py:2613} INFO - Dependencies all met for dep_context=non-requeueable deps ti=<TaskInstance: my_first_dag.task_1 scheduled__2025-01-01T07:21:00+00:00 [queued]>
[2025-02-06T12:49:38.343+0000] {taskinstance.py:2613} INFO - Dependencies all met for dep_context=requeueable deps ti=<TaskInstance: my_first_dag.task_1 scheduled__2025-01-01T07:21:00+00:00 [queued]>
[2025-02-06T12:49:38.345+0000] {taskinstance.py:2866} INFO - Starting attempt 1 of 1
[2025-02-06T12:49:38.390+0000] {taskinstance.py:2889} INFO - Executing <Task(PythonOperator): task_1> on 2025-01-01 07:21:00+00:00
[2025-02-06T12:49:38.402+0000] {standard_task_runner.py:72} INFO - Started process 13723 to run task
[2025-02-06T12:49:38.405+0000] {standard_task_runner.py:104} INFO - Running: ['airflow', 'tasks', 'run', 'my_first_dag', 'task_1', 'scheduled__2025-01-01T07:21:00+00:00', '--job-id', '2954', '--raw', '--subdir', 'DAGS_FOLDER/first_dag.py', '--cfg-path', '/tmp/tmp9fbfuuhm']
[2025-02-06T12:49:38.406+0000] {standard_task_runner.py:105} INFO - Job 2954: Subtask task_1
[2025-02-06T12:49:38.504+0000] {task_command.py:467} INFO - Running <TaskInstance: my_first_dag.task_1 scheduled__2025-01-01T07:21:00+00:00 [running]> on host f59ce29465b4
[2025-02-06T12:49:38.700+0000] {taskinstance.py:3132} INFO - Exporting env vars: AIRFLOW_CTX_DAG_OWNER='airflow' AIRFLOW_CTX_DAG_ID='my_first_dag' AIRFLOW_CTX_TASK_ID='task_1' AIRFLOW_CTX_EXECUTION_DATE='2025-01-01T07:21:00+00:00' AIRFLOW_CTX_TRY_NUMBER='1' AIRFLOW_CTX_DAG_RUN_ID='scheduled__2025-01-01T07:21:00+00:00'
[2025-02-06T12:49:38.702+0000] {logging_mixin.py:190} INFO - Task instance is in running state
[2025-02-06T12:49:38.702+0000] {logging_mixin.py:190} INFO -  Previous state of the Task instance: queued
[2025-02-06T12:49:38.703+0000] {logging_mixin.py:190} INFO - Current task name:task_1 state:running start_date:2025-02-06 12:49:38.317322+00:00
[2025-02-06T12:49:38.704+0000] {logging_mixin.py:190} INFO - Dag name:my_first_dag and current dag run status:running
[2025-02-06T12:49:38.704+0000] {taskinstance.py:731} INFO - ::endgroup::
[2025-02-06T12:49:38.729+0000] {logging_mixin.py:190} INFO - Hello Kevin 403 API_KEY
[2025-02-06T12:49:38.730+0000] {python.py:240} INFO - Done. Returned value was: 403
[2025-02-06T12:49:38.790+0000] {taskinstance.py:340} INFO - ::group::Post task execution logs
[2025-02-06T12:49:38.791+0000] {taskinstance.py:352} INFO - Marking task as SUCCESS. dag_id=my_first_dag, task_id=task_1, run_id=scheduled__2025-01-01T07:21:00+00:00, execution_date=20250101T072100, start_date=20250206T124938, end_date=20250206T124938
[2025-02-06T12:49:39.005+0000] {logging_mixin.py:190} INFO - Task instance in success state
[2025-02-06T12:49:39.007+0000] {logging_mixin.py:190} INFO -  Previous state of the Task instance: running
[2025-02-06T12:49:39.007+0000] {logging_mixin.py:190} INFO - Dag name:my_first_dag queued_at:2025-02-06 12:49:13.006834+00:00
[2025-02-06T12:49:39.007+0000] {logging_mixin.py:190} INFO - Task hostname:f59ce29465b4 operator:PythonOperator
[2025-02-06T12:49:39.022+0000] {local_task_job_runner.py:266} INFO - Task exited with return code 0
[2025-02-06T12:49:39.064+0000] {taskinstance.py:3895} INFO - 1 downstream tasks scheduled from follow-on schedule check
[2025-02-06T12:49:39.077+0000] {local_task_job_runner.py:245} INFO - ::endgroup::
