[2025-02-06T08:27:15.438+0000] {processor.py:186} INFO - Started process (PID=69) to work on /opt/conda/lib/python3.12/site-packages/airflow/example_dags/example_branch_day_of_week_operator.py
[2025-02-06T08:27:15.439+0000] {processor.py:914} INFO - Processing file /opt/conda/lib/python3.12/site-packages/airflow/example_dags/example_branch_day_of_week_operator.py for tasks to queue
[2025-02-06T08:27:15.441+0000] {logging_mixin.py:190} INFO - [2025-02-06T08:27:15.440+0000] {dagbag.py:588} INFO - Filling up the DagBag from /opt/conda/lib/python3.12/site-packages/airflow/example_dags/example_branch_day_of_week_operator.py
[2025-02-06T08:27:15.457+0000] {processor.py:925} INFO - DAG(s) 'example_weekday_branch_operator' retrieved from /opt/conda/lib/python3.12/site-packages/airflow/example_dags/example_branch_day_of_week_operator.py
[2025-02-06T08:27:15.598+0000] {logging_mixin.py:190} INFO - [2025-02-06T08:27:15.597+0000] {override.py:1912} INFO - Created Permission View: can delete on DAG:example_weekday_branch_operator
[2025-02-06T08:27:15.637+0000] {logging_mixin.py:190} INFO - [2025-02-06T08:27:15.636+0000] {override.py:1912} INFO - Created Permission View: can read on DAG:example_weekday_branch_operator
[2025-02-06T08:27:15.673+0000] {logging_mixin.py:190} INFO - [2025-02-06T08:27:15.673+0000] {override.py:1912} INFO - Created Permission View: can edit on DAG:example_weekday_branch_operator
[2025-02-06T08:27:15.727+0000] {logging_mixin.py:190} INFO - [2025-02-06T08:27:15.726+0000] {override.py:1912} INFO - Created Permission View: menu access on DAG Run:example_weekday_branch_operator
[2025-02-06T08:27:15.767+0000] {logging_mixin.py:190} INFO - [2025-02-06T08:27:15.766+0000] {override.py:1912} INFO - Created Permission View: can create on DAG Run:example_weekday_branch_operator
[2025-02-06T08:27:15.807+0000] {logging_mixin.py:190} INFO - [2025-02-06T08:27:15.806+0000] {override.py:1912} INFO - Created Permission View: can read on DAG Run:example_weekday_branch_operator
[2025-02-06T08:27:15.841+0000] {logging_mixin.py:190} INFO - [2025-02-06T08:27:15.840+0000] {override.py:1912} INFO - Created Permission View: can delete on DAG Run:example_weekday_branch_operator
[2025-02-06T08:27:15.841+0000] {logging_mixin.py:190} INFO - [2025-02-06T08:27:15.841+0000] {dag.py:3239} INFO - Sync 1 DAGs
[2025-02-06T08:27:15.858+0000] {logging_mixin.py:190} INFO - [2025-02-06T08:27:15.858+0000] {dag.py:3262} INFO - Creating ORM DAG for example_weekday_branch_operator
[2025-02-06T08:27:15.868+0000] {logging_mixin.py:190} INFO - [2025-02-06T08:27:15.868+0000] {dag.py:4180} INFO - Setting next_dagrun for example_weekday_branch_operator to 2025-02-05 00:00:00+00:00, run_after=2025-02-06 00:00:00+00:00
[2025-02-06T08:27:15.925+0000] {processor.py:208} INFO - Processing /opt/conda/lib/python3.12/site-packages/airflow/example_dags/example_branch_day_of_week_operator.py took 0.492 seconds
[2025-02-06T08:30:54.426+0000] {processor.py:186} INFO - Started process (PID=69) to work on /opt/conda/lib/python3.12/site-packages/airflow/example_dags/example_branch_day_of_week_operator.py
[2025-02-06T08:30:54.427+0000] {processor.py:914} INFO - Processing file /opt/conda/lib/python3.12/site-packages/airflow/example_dags/example_branch_day_of_week_operator.py for tasks to queue
[2025-02-06T08:30:54.429+0000] {logging_mixin.py:190} INFO - [2025-02-06T08:30:54.429+0000] {dagbag.py:588} INFO - Filling up the DagBag from /opt/conda/lib/python3.12/site-packages/airflow/example_dags/example_branch_day_of_week_operator.py
[2025-02-06T08:30:54.438+0000] {processor.py:925} INFO - DAG(s) 'example_weekday_branch_operator' retrieved from /opt/conda/lib/python3.12/site-packages/airflow/example_dags/example_branch_day_of_week_operator.py
[2025-02-06T08:30:54.462+0000] {logging_mixin.py:190} INFO - [2025-02-06T08:30:54.462+0000] {dag.py:3239} INFO - Sync 1 DAGs
[2025-02-06T08:30:54.485+0000] {logging_mixin.py:190} INFO - [2025-02-06T08:30:54.484+0000] {dag.py:4180} INFO - Setting next_dagrun for example_weekday_branch_operator to 2025-02-05 00:00:00+00:00, run_after=2025-02-06 00:00:00+00:00
[2025-02-06T08:30:54.544+0000] {processor.py:208} INFO - Processing /opt/conda/lib/python3.12/site-packages/airflow/example_dags/example_branch_day_of_week_operator.py took 0.121 seconds
[2025-02-06T08:32:07.362+0000] {processor.py:186} INFO - Started process (PID=133) to work on /opt/conda/lib/python3.12/site-packages/airflow/example_dags/example_branch_day_of_week_operator.py
[2025-02-06T08:32:07.363+0000] {processor.py:914} INFO - Processing file /opt/conda/lib/python3.12/site-packages/airflow/example_dags/example_branch_day_of_week_operator.py for tasks to queue
[2025-02-06T08:32:07.365+0000] {logging_mixin.py:190} INFO - [2025-02-06T08:32:07.364+0000] {dagbag.py:588} INFO - Filling up the DagBag from /opt/conda/lib/python3.12/site-packages/airflow/example_dags/example_branch_day_of_week_operator.py
[2025-02-06T08:32:07.372+0000] {processor.py:925} INFO - DAG(s) 'example_weekday_branch_operator' retrieved from /opt/conda/lib/python3.12/site-packages/airflow/example_dags/example_branch_day_of_week_operator.py
[2025-02-06T08:32:07.400+0000] {logging_mixin.py:190} INFO - [2025-02-06T08:32:07.400+0000] {dag.py:3239} INFO - Sync 1 DAGs
[2025-02-06T08:32:07.424+0000] {logging_mixin.py:190} INFO - [2025-02-06T08:32:07.424+0000] {dag.py:4180} INFO - Setting next_dagrun for example_weekday_branch_operator to 2025-02-05 00:00:00+00:00, run_after=2025-02-06 00:00:00+00:00
[2025-02-06T08:32:07.488+0000] {processor.py:208} INFO - Processing /opt/conda/lib/python3.12/site-packages/airflow/example_dags/example_branch_day_of_week_operator.py took 0.129 seconds
[2025-02-06T08:33:15.949+0000] {processor.py:186} INFO - Started process (PID=194) to work on /opt/conda/lib/python3.12/site-packages/airflow/example_dags/example_branch_day_of_week_operator.py
[2025-02-06T08:33:15.950+0000] {processor.py:914} INFO - Processing file /opt/conda/lib/python3.12/site-packages/airflow/example_dags/example_branch_day_of_week_operator.py for tasks to queue
[2025-02-06T08:33:15.951+0000] {logging_mixin.py:190} INFO - [2025-02-06T08:33:15.951+0000] {dagbag.py:588} INFO - Filling up the DagBag from /opt/conda/lib/python3.12/site-packages/airflow/example_dags/example_branch_day_of_week_operator.py
[2025-02-06T08:33:15.960+0000] {processor.py:925} INFO - DAG(s) 'example_weekday_branch_operator' retrieved from /opt/conda/lib/python3.12/site-packages/airflow/example_dags/example_branch_day_of_week_operator.py
[2025-02-06T08:33:15.980+0000] {logging_mixin.py:190} INFO - [2025-02-06T08:33:15.980+0000] {dag.py:3239} INFO - Sync 1 DAGs
[2025-02-06T08:33:16.004+0000] {logging_mixin.py:190} INFO - [2025-02-06T08:33:16.004+0000] {dag.py:4180} INFO - Setting next_dagrun for example_weekday_branch_operator to 2025-02-05 00:00:00+00:00, run_after=2025-02-06 00:00:00+00:00
[2025-02-06T08:33:16.078+0000] {processor.py:208} INFO - Processing /opt/conda/lib/python3.12/site-packages/airflow/example_dags/example_branch_day_of_week_operator.py took 0.134 seconds
[2025-02-06T08:34:30.989+0000] {processor.py:186} INFO - Started process (PID=257) to work on /opt/conda/lib/python3.12/site-packages/airflow/example_dags/example_branch_day_of_week_operator.py
[2025-02-06T08:34:30.991+0000] {processor.py:914} INFO - Processing file /opt/conda/lib/python3.12/site-packages/airflow/example_dags/example_branch_day_of_week_operator.py for tasks to queue
[2025-02-06T08:34:30.994+0000] {logging_mixin.py:190} INFO - [2025-02-06T08:34:30.993+0000] {dagbag.py:588} INFO - Filling up the DagBag from /opt/conda/lib/python3.12/site-packages/airflow/example_dags/example_branch_day_of_week_operator.py
[2025-02-06T08:34:31.003+0000] {processor.py:925} INFO - DAG(s) 'example_weekday_branch_operator' retrieved from /opt/conda/lib/python3.12/site-packages/airflow/example_dags/example_branch_day_of_week_operator.py
[2025-02-06T08:34:31.035+0000] {logging_mixin.py:190} INFO - [2025-02-06T08:34:31.035+0000] {dag.py:3239} INFO - Sync 1 DAGs
[2025-02-06T08:34:31.061+0000] {logging_mixin.py:190} INFO - [2025-02-06T08:34:31.061+0000] {dag.py:4180} INFO - Setting next_dagrun for example_weekday_branch_operator to 2025-02-05 00:00:00+00:00, run_after=2025-02-06 00:00:00+00:00
[2025-02-06T08:34:31.123+0000] {processor.py:208} INFO - Processing /opt/conda/lib/python3.12/site-packages/airflow/example_dags/example_branch_day_of_week_operator.py took 0.139 seconds
[2025-02-06T08:35:47.879+0000] {processor.py:186} INFO - Started process (PID=323) to work on /opt/conda/lib/python3.12/site-packages/airflow/example_dags/example_branch_day_of_week_operator.py
[2025-02-06T08:35:47.881+0000] {processor.py:914} INFO - Processing file /opt/conda/lib/python3.12/site-packages/airflow/example_dags/example_branch_day_of_week_operator.py for tasks to queue
[2025-02-06T08:35:47.882+0000] {logging_mixin.py:190} INFO - [2025-02-06T08:35:47.881+0000] {dagbag.py:588} INFO - Filling up the DagBag from /opt/conda/lib/python3.12/site-packages/airflow/example_dags/example_branch_day_of_week_operator.py
[2025-02-06T08:35:47.889+0000] {processor.py:925} INFO - DAG(s) 'example_weekday_branch_operator' retrieved from /opt/conda/lib/python3.12/site-packages/airflow/example_dags/example_branch_day_of_week_operator.py
[2025-02-06T08:35:47.910+0000] {logging_mixin.py:190} INFO - [2025-02-06T08:35:47.910+0000] {dag.py:3239} INFO - Sync 1 DAGs
[2025-02-06T08:35:47.932+0000] {logging_mixin.py:190} INFO - [2025-02-06T08:35:47.932+0000] {dag.py:4180} INFO - Setting next_dagrun for example_weekday_branch_operator to 2025-02-05 00:00:00+00:00, run_after=2025-02-06 00:00:00+00:00
[2025-02-06T08:35:47.985+0000] {processor.py:208} INFO - Processing /opt/conda/lib/python3.12/site-packages/airflow/example_dags/example_branch_day_of_week_operator.py took 0.109 seconds
[2025-02-06T08:37:10.587+0000] {processor.py:186} INFO - Started process (PID=390) to work on /opt/conda/lib/python3.12/site-packages/airflow/example_dags/example_branch_day_of_week_operator.py
[2025-02-06T08:37:10.588+0000] {processor.py:914} INFO - Processing file /opt/conda/lib/python3.12/site-packages/airflow/example_dags/example_branch_day_of_week_operator.py for tasks to queue
[2025-02-06T08:37:10.589+0000] {logging_mixin.py:190} INFO - [2025-02-06T08:37:10.589+0000] {dagbag.py:588} INFO - Filling up the DagBag from /opt/conda/lib/python3.12/site-packages/airflow/example_dags/example_branch_day_of_week_operator.py
[2025-02-06T08:37:10.596+0000] {processor.py:925} INFO - DAG(s) 'example_weekday_branch_operator' retrieved from /opt/conda/lib/python3.12/site-packages/airflow/example_dags/example_branch_day_of_week_operator.py
[2025-02-06T08:37:10.621+0000] {logging_mixin.py:190} INFO - [2025-02-06T08:37:10.621+0000] {dag.py:3239} INFO - Sync 1 DAGs
[2025-02-06T08:37:10.646+0000] {logging_mixin.py:190} INFO - [2025-02-06T08:37:10.646+0000] {dag.py:4180} INFO - Setting next_dagrun for example_weekday_branch_operator to 2025-02-05 00:00:00+00:00, run_after=2025-02-06 00:00:00+00:00
[2025-02-06T08:37:10.698+0000] {processor.py:208} INFO - Processing /opt/conda/lib/python3.12/site-packages/airflow/example_dags/example_branch_day_of_week_operator.py took 0.115 seconds
[2025-02-06T08:38:25.900+0000] {processor.py:186} INFO - Started process (PID=455) to work on /opt/conda/lib/python3.12/site-packages/airflow/example_dags/example_branch_day_of_week_operator.py
[2025-02-06T08:38:25.901+0000] {processor.py:914} INFO - Processing file /opt/conda/lib/python3.12/site-packages/airflow/example_dags/example_branch_day_of_week_operator.py for tasks to queue
[2025-02-06T08:38:25.904+0000] {logging_mixin.py:190} INFO - [2025-02-06T08:38:25.903+0000] {dagbag.py:588} INFO - Filling up the DagBag from /opt/conda/lib/python3.12/site-packages/airflow/example_dags/example_branch_day_of_week_operator.py
[2025-02-06T08:38:25.915+0000] {processor.py:925} INFO - DAG(s) 'example_weekday_branch_operator' retrieved from /opt/conda/lib/python3.12/site-packages/airflow/example_dags/example_branch_day_of_week_operator.py
[2025-02-06T08:38:25.941+0000] {logging_mixin.py:190} INFO - [2025-02-06T08:38:25.941+0000] {dag.py:3239} INFO - Sync 1 DAGs
[2025-02-06T08:38:25.961+0000] {logging_mixin.py:190} INFO - [2025-02-06T08:38:25.961+0000] {dag.py:4180} INFO - Setting next_dagrun for example_weekday_branch_operator to 2025-02-05 00:00:00+00:00, run_after=2025-02-06 00:00:00+00:00
[2025-02-06T08:38:26.013+0000] {processor.py:208} INFO - Processing /opt/conda/lib/python3.12/site-packages/airflow/example_dags/example_branch_day_of_week_operator.py took 0.118 seconds
[2025-02-06T08:39:42.790+0000] {processor.py:186} INFO - Started process (PID=521) to work on /opt/conda/lib/python3.12/site-packages/airflow/example_dags/example_branch_day_of_week_operator.py
[2025-02-06T08:39:42.791+0000] {processor.py:914} INFO - Processing file /opt/conda/lib/python3.12/site-packages/airflow/example_dags/example_branch_day_of_week_operator.py for tasks to queue
[2025-02-06T08:39:42.793+0000] {logging_mixin.py:190} INFO - [2025-02-06T08:39:42.792+0000] {dagbag.py:588} INFO - Filling up the DagBag from /opt/conda/lib/python3.12/site-packages/airflow/example_dags/example_branch_day_of_week_operator.py
[2025-02-06T08:39:42.801+0000] {processor.py:925} INFO - DAG(s) 'example_weekday_branch_operator' retrieved from /opt/conda/lib/python3.12/site-packages/airflow/example_dags/example_branch_day_of_week_operator.py
[2025-02-06T08:39:42.826+0000] {logging_mixin.py:190} INFO - [2025-02-06T08:39:42.826+0000] {dag.py:3239} INFO - Sync 1 DAGs
[2025-02-06T08:39:42.846+0000] {logging_mixin.py:190} INFO - [2025-02-06T08:39:42.846+0000] {dag.py:4180} INFO - Setting next_dagrun for example_weekday_branch_operator to 2025-02-05 00:00:00+00:00, run_after=2025-02-06 00:00:00+00:00
[2025-02-06T08:39:42.899+0000] {processor.py:208} INFO - Processing /opt/conda/lib/python3.12/site-packages/airflow/example_dags/example_branch_day_of_week_operator.py took 0.113 seconds
[2025-02-06T08:41:01.097+0000] {processor.py:186} INFO - Started process (PID=587) to work on /opt/conda/lib/python3.12/site-packages/airflow/example_dags/example_branch_day_of_week_operator.py
[2025-02-06T08:41:01.098+0000] {processor.py:914} INFO - Processing file /opt/conda/lib/python3.12/site-packages/airflow/example_dags/example_branch_day_of_week_operator.py for tasks to queue
[2025-02-06T08:41:01.100+0000] {logging_mixin.py:190} INFO - [2025-02-06T08:41:01.100+0000] {dagbag.py:588} INFO - Filling up the DagBag from /opt/conda/lib/python3.12/site-packages/airflow/example_dags/example_branch_day_of_week_operator.py
[2025-02-06T08:41:01.107+0000] {processor.py:925} INFO - DAG(s) 'example_weekday_branch_operator' retrieved from /opt/conda/lib/python3.12/site-packages/airflow/example_dags/example_branch_day_of_week_operator.py
[2025-02-06T08:41:01.135+0000] {logging_mixin.py:190} INFO - [2025-02-06T08:41:01.134+0000] {dag.py:3239} INFO - Sync 1 DAGs
[2025-02-06T08:41:01.163+0000] {logging_mixin.py:190} INFO - [2025-02-06T08:41:01.163+0000] {dag.py:4180} INFO - Setting next_dagrun for example_weekday_branch_operator to 2025-02-05 00:00:00+00:00, run_after=2025-02-06 00:00:00+00:00
[2025-02-06T08:41:01.232+0000] {processor.py:208} INFO - Processing /opt/conda/lib/python3.12/site-packages/airflow/example_dags/example_branch_day_of_week_operator.py took 0.139 seconds
[2025-02-06T08:42:15.561+0000] {processor.py:186} INFO - Started process (PID=651) to work on /opt/conda/lib/python3.12/site-packages/airflow/example_dags/example_branch_day_of_week_operator.py
[2025-02-06T08:42:15.562+0000] {processor.py:914} INFO - Processing file /opt/conda/lib/python3.12/site-packages/airflow/example_dags/example_branch_day_of_week_operator.py for tasks to queue
[2025-02-06T08:42:15.564+0000] {logging_mixin.py:190} INFO - [2025-02-06T08:42:15.563+0000] {dagbag.py:588} INFO - Filling up the DagBag from /opt/conda/lib/python3.12/site-packages/airflow/example_dags/example_branch_day_of_week_operator.py
[2025-02-06T08:42:15.572+0000] {processor.py:925} INFO - DAG(s) 'example_weekday_branch_operator' retrieved from /opt/conda/lib/python3.12/site-packages/airflow/example_dags/example_branch_day_of_week_operator.py
[2025-02-06T08:42:15.596+0000] {logging_mixin.py:190} INFO - [2025-02-06T08:42:15.595+0000] {dag.py:3239} INFO - Sync 1 DAGs
[2025-02-06T08:42:15.622+0000] {logging_mixin.py:190} INFO - [2025-02-06T08:42:15.621+0000] {dag.py:4180} INFO - Setting next_dagrun for example_weekday_branch_operator to 2025-02-05 00:00:00+00:00, run_after=2025-02-06 00:00:00+00:00
[2025-02-06T08:42:15.687+0000] {processor.py:208} INFO - Processing /opt/conda/lib/python3.12/site-packages/airflow/example_dags/example_branch_day_of_week_operator.py took 0.131 seconds
[2025-02-06T08:43:47.376+0000] {processor.py:186} INFO - Started process (PID=70) to work on /opt/conda/lib/python3.12/site-packages/airflow/example_dags/example_branch_day_of_week_operator.py
[2025-02-06T08:43:47.378+0000] {processor.py:914} INFO - Processing file /opt/conda/lib/python3.12/site-packages/airflow/example_dags/example_branch_day_of_week_operator.py for tasks to queue
[2025-02-06T08:43:47.380+0000] {logging_mixin.py:190} INFO - [2025-02-06T08:43:47.379+0000] {dagbag.py:588} INFO - Filling up the DagBag from /opt/conda/lib/python3.12/site-packages/airflow/example_dags/example_branch_day_of_week_operator.py
[2025-02-06T08:43:47.388+0000] {processor.py:925} INFO - DAG(s) 'example_weekday_branch_operator' retrieved from /opt/conda/lib/python3.12/site-packages/airflow/example_dags/example_branch_day_of_week_operator.py
[2025-02-06T08:43:47.418+0000] {logging_mixin.py:190} INFO - [2025-02-06T08:43:47.417+0000] {dag.py:3239} INFO - Sync 1 DAGs
[2025-02-06T08:43:47.444+0000] {logging_mixin.py:190} INFO - [2025-02-06T08:43:47.444+0000] {dag.py:4180} INFO - Setting next_dagrun for example_weekday_branch_operator to 2025-02-05 00:00:00+00:00, run_after=2025-02-06 00:00:00+00:00
[2025-02-06T08:43:47.516+0000] {processor.py:208} INFO - Processing /opt/conda/lib/python3.12/site-packages/airflow/example_dags/example_branch_day_of_week_operator.py took 0.144 seconds
[2025-02-06T08:45:05.968+0000] {processor.py:186} INFO - Started process (PID=136) to work on /opt/conda/lib/python3.12/site-packages/airflow/example_dags/example_branch_day_of_week_operator.py
[2025-02-06T08:45:05.969+0000] {processor.py:914} INFO - Processing file /opt/conda/lib/python3.12/site-packages/airflow/example_dags/example_branch_day_of_week_operator.py for tasks to queue
[2025-02-06T08:45:05.971+0000] {logging_mixin.py:190} INFO - [2025-02-06T08:45:05.971+0000] {dagbag.py:588} INFO - Filling up the DagBag from /opt/conda/lib/python3.12/site-packages/airflow/example_dags/example_branch_day_of_week_operator.py
[2025-02-06T08:45:05.977+0000] {processor.py:925} INFO - DAG(s) 'example_weekday_branch_operator' retrieved from /opt/conda/lib/python3.12/site-packages/airflow/example_dags/example_branch_day_of_week_operator.py
[2025-02-06T08:45:06.001+0000] {logging_mixin.py:190} INFO - [2025-02-06T08:45:06.001+0000] {dag.py:3239} INFO - Sync 1 DAGs
[2025-02-06T08:45:06.026+0000] {logging_mixin.py:190} INFO - [2025-02-06T08:45:06.026+0000] {dag.py:4180} INFO - Setting next_dagrun for example_weekday_branch_operator to 2025-02-05 00:00:00+00:00, run_after=2025-02-06 00:00:00+00:00
[2025-02-06T08:45:06.076+0000] {processor.py:208} INFO - Processing /opt/conda/lib/python3.12/site-packages/airflow/example_dags/example_branch_day_of_week_operator.py took 0.112 seconds
[2025-02-06T08:47:29.610+0000] {processor.py:186} INFO - Started process (PID=361) to work on /opt/conda/lib/python3.12/site-packages/airflow/example_dags/example_branch_day_of_week_operator.py
[2025-02-06T08:47:29.611+0000] {processor.py:914} INFO - Processing file /opt/conda/lib/python3.12/site-packages/airflow/example_dags/example_branch_day_of_week_operator.py for tasks to queue
[2025-02-06T08:47:29.613+0000] {logging_mixin.py:190} INFO - [2025-02-06T08:47:29.612+0000] {dagbag.py:588} INFO - Filling up the DagBag from /opt/conda/lib/python3.12/site-packages/airflow/example_dags/example_branch_day_of_week_operator.py
[2025-02-06T08:47:29.620+0000] {processor.py:925} INFO - DAG(s) 'example_weekday_branch_operator' retrieved from /opt/conda/lib/python3.12/site-packages/airflow/example_dags/example_branch_day_of_week_operator.py
[2025-02-06T08:47:29.642+0000] {logging_mixin.py:190} INFO - [2025-02-06T08:47:29.642+0000] {dag.py:3239} INFO - Sync 1 DAGs
[2025-02-06T08:47:29.666+0000] {logging_mixin.py:190} INFO - [2025-02-06T08:47:29.665+0000] {dag.py:4180} INFO - Setting next_dagrun for example_weekday_branch_operator to 2025-02-05 00:00:00+00:00, run_after=2025-02-06 00:00:00+00:00
[2025-02-06T08:47:29.711+0000] {processor.py:208} INFO - Processing /opt/conda/lib/python3.12/site-packages/airflow/example_dags/example_branch_day_of_week_operator.py took 0.105 seconds
[2025-02-06T08:49:42.533+0000] {processor.py:186} INFO - Started process (PID=238) to work on /opt/conda/lib/python3.12/site-packages/airflow/example_dags/example_branch_day_of_week_operator.py
[2025-02-06T08:49:42.534+0000] {processor.py:914} INFO - Processing file /opt/conda/lib/python3.12/site-packages/airflow/example_dags/example_branch_day_of_week_operator.py for tasks to queue
[2025-02-06T08:49:42.536+0000] {logging_mixin.py:190} INFO - [2025-02-06T08:49:42.536+0000] {dagbag.py:588} INFO - Filling up the DagBag from /opt/conda/lib/python3.12/site-packages/airflow/example_dags/example_branch_day_of_week_operator.py
[2025-02-06T08:49:42.543+0000] {processor.py:925} INFO - DAG(s) 'example_weekday_branch_operator' retrieved from /opt/conda/lib/python3.12/site-packages/airflow/example_dags/example_branch_day_of_week_operator.py
[2025-02-06T08:49:42.565+0000] {logging_mixin.py:190} INFO - [2025-02-06T08:49:42.564+0000] {dag.py:3239} INFO - Sync 1 DAGs
[2025-02-06T08:49:42.584+0000] {logging_mixin.py:190} INFO - [2025-02-06T08:49:42.583+0000] {dag.py:4180} INFO - Setting next_dagrun for example_weekday_branch_operator to 2025-02-05 00:00:00+00:00, run_after=2025-02-06 00:00:00+00:00
[2025-02-06T08:49:42.636+0000] {processor.py:208} INFO - Processing /opt/conda/lib/python3.12/site-packages/airflow/example_dags/example_branch_day_of_week_operator.py took 0.107 seconds
[2025-02-06T08:52:46.117+0000] {processor.py:186} INFO - Started process (PID=580) to work on /opt/conda/lib/python3.12/site-packages/airflow/example_dags/example_branch_day_of_week_operator.py
[2025-02-06T08:52:46.118+0000] {processor.py:914} INFO - Processing file /opt/conda/lib/python3.12/site-packages/airflow/example_dags/example_branch_day_of_week_operator.py for tasks to queue
[2025-02-06T08:52:46.119+0000] {logging_mixin.py:190} INFO - [2025-02-06T08:52:46.119+0000] {dagbag.py:588} INFO - Filling up the DagBag from /opt/conda/lib/python3.12/site-packages/airflow/example_dags/example_branch_day_of_week_operator.py
[2025-02-06T08:52:46.126+0000] {processor.py:925} INFO - DAG(s) 'example_weekday_branch_operator' retrieved from /opt/conda/lib/python3.12/site-packages/airflow/example_dags/example_branch_day_of_week_operator.py
[2025-02-06T08:52:46.147+0000] {logging_mixin.py:190} INFO - [2025-02-06T08:52:46.147+0000] {dag.py:3239} INFO - Sync 1 DAGs
[2025-02-06T08:52:46.168+0000] {logging_mixin.py:190} INFO - [2025-02-06T08:52:46.168+0000] {dag.py:4180} INFO - Setting next_dagrun for example_weekday_branch_operator to 2025-02-05 00:00:00+00:00, run_after=2025-02-06 00:00:00+00:00
[2025-02-06T08:52:46.234+0000] {processor.py:208} INFO - Processing /opt/conda/lib/python3.12/site-packages/airflow/example_dags/example_branch_day_of_week_operator.py took 0.121 seconds
[2025-02-06T08:55:21.212+0000] {processor.py:186} INFO - Started process (PID=870) to work on /opt/conda/lib/python3.12/site-packages/airflow/example_dags/example_branch_day_of_week_operator.py
[2025-02-06T08:55:21.213+0000] {processor.py:914} INFO - Processing file /opt/conda/lib/python3.12/site-packages/airflow/example_dags/example_branch_day_of_week_operator.py for tasks to queue
[2025-02-06T08:55:21.215+0000] {logging_mixin.py:190} INFO - [2025-02-06T08:55:21.215+0000] {dagbag.py:588} INFO - Filling up the DagBag from /opt/conda/lib/python3.12/site-packages/airflow/example_dags/example_branch_day_of_week_operator.py
[2025-02-06T08:55:21.223+0000] {processor.py:925} INFO - DAG(s) 'example_weekday_branch_operator' retrieved from /opt/conda/lib/python3.12/site-packages/airflow/example_dags/example_branch_day_of_week_operator.py
[2025-02-06T08:55:21.241+0000] {logging_mixin.py:190} INFO - [2025-02-06T08:55:21.241+0000] {dag.py:3239} INFO - Sync 1 DAGs
[2025-02-06T08:55:21.261+0000] {logging_mixin.py:190} INFO - [2025-02-06T08:55:21.261+0000] {dag.py:4180} INFO - Setting next_dagrun for example_weekday_branch_operator to 2025-02-05 00:00:00+00:00, run_after=2025-02-06 00:00:00+00:00
[2025-02-06T08:55:21.312+0000] {processor.py:208} INFO - Processing /opt/conda/lib/python3.12/site-packages/airflow/example_dags/example_branch_day_of_week_operator.py took 0.105 seconds
[2025-02-06T08:57:51.166+0000] {processor.py:186} INFO - Started process (PID=1127) to work on /opt/conda/lib/python3.12/site-packages/airflow/example_dags/example_branch_day_of_week_operator.py
[2025-02-06T08:57:51.167+0000] {processor.py:914} INFO - Processing file /opt/conda/lib/python3.12/site-packages/airflow/example_dags/example_branch_day_of_week_operator.py for tasks to queue
[2025-02-06T08:57:51.170+0000] {logging_mixin.py:190} INFO - [2025-02-06T08:57:51.170+0000] {dagbag.py:588} INFO - Filling up the DagBag from /opt/conda/lib/python3.12/site-packages/airflow/example_dags/example_branch_day_of_week_operator.py
[2025-02-06T08:57:51.179+0000] {processor.py:925} INFO - DAG(s) 'example_weekday_branch_operator' retrieved from /opt/conda/lib/python3.12/site-packages/airflow/example_dags/example_branch_day_of_week_operator.py
[2025-02-06T08:57:51.212+0000] {logging_mixin.py:190} INFO - [2025-02-06T08:57:51.212+0000] {dag.py:3239} INFO - Sync 1 DAGs
[2025-02-06T08:57:51.242+0000] {logging_mixin.py:190} INFO - [2025-02-06T08:57:51.242+0000] {dag.py:4180} INFO - Setting next_dagrun for example_weekday_branch_operator to 2025-02-05 00:00:00+00:00, run_after=2025-02-06 00:00:00+00:00
[2025-02-06T08:57:51.306+0000] {processor.py:208} INFO - Processing /opt/conda/lib/python3.12/site-packages/airflow/example_dags/example_branch_day_of_week_operator.py took 0.146 seconds
[2025-02-06T09:05:32.583+0000] {processor.py:186} INFO - Started process (PID=162) to work on /opt/conda/lib/python3.12/site-packages/airflow/example_dags/example_branch_day_of_week_operator.py
[2025-02-06T09:05:32.584+0000] {processor.py:914} INFO - Processing file /opt/conda/lib/python3.12/site-packages/airflow/example_dags/example_branch_day_of_week_operator.py for tasks to queue
[2025-02-06T09:05:32.586+0000] {logging_mixin.py:190} INFO - [2025-02-06T09:05:32.585+0000] {dagbag.py:588} INFO - Filling up the DagBag from /opt/conda/lib/python3.12/site-packages/airflow/example_dags/example_branch_day_of_week_operator.py
[2025-02-06T09:05:32.593+0000] {processor.py:925} INFO - DAG(s) 'example_weekday_branch_operator' retrieved from /opt/conda/lib/python3.12/site-packages/airflow/example_dags/example_branch_day_of_week_operator.py
[2025-02-06T09:05:32.614+0000] {logging_mixin.py:190} INFO - [2025-02-06T09:05:32.614+0000] {dag.py:3239} INFO - Sync 1 DAGs
[2025-02-06T09:05:32.634+0000] {logging_mixin.py:190} INFO - [2025-02-06T09:05:32.634+0000] {dag.py:4180} INFO - Setting next_dagrun for example_weekday_branch_operator to 2025-02-05 00:00:00+00:00, run_after=2025-02-06 00:00:00+00:00
[2025-02-06T09:05:32.684+0000] {processor.py:208} INFO - Processing /opt/conda/lib/python3.12/site-packages/airflow/example_dags/example_branch_day_of_week_operator.py took 0.106 seconds
[2025-02-06T09:08:32.971+0000] {processor.py:186} INFO - Started process (PID=496) to work on /opt/conda/lib/python3.12/site-packages/airflow/example_dags/example_branch_day_of_week_operator.py
[2025-02-06T09:08:32.972+0000] {processor.py:914} INFO - Processing file /opt/conda/lib/python3.12/site-packages/airflow/example_dags/example_branch_day_of_week_operator.py for tasks to queue
[2025-02-06T09:08:32.974+0000] {logging_mixin.py:190} INFO - [2025-02-06T09:08:32.973+0000] {dagbag.py:588} INFO - Filling up the DagBag from /opt/conda/lib/python3.12/site-packages/airflow/example_dags/example_branch_day_of_week_operator.py
[2025-02-06T09:08:32.982+0000] {processor.py:925} INFO - DAG(s) 'example_weekday_branch_operator' retrieved from /opt/conda/lib/python3.12/site-packages/airflow/example_dags/example_branch_day_of_week_operator.py
[2025-02-06T09:08:33.000+0000] {logging_mixin.py:190} INFO - [2025-02-06T09:08:33.000+0000] {dag.py:3239} INFO - Sync 1 DAGs
[2025-02-06T09:08:33.019+0000] {logging_mixin.py:190} INFO - [2025-02-06T09:08:33.018+0000] {dag.py:4180} INFO - Setting next_dagrun for example_weekday_branch_operator to 2025-02-05 00:00:00+00:00, run_after=2025-02-06 00:00:00+00:00
[2025-02-06T09:08:33.064+0000] {processor.py:208} INFO - Processing /opt/conda/lib/python3.12/site-packages/airflow/example_dags/example_branch_day_of_week_operator.py took 0.098 seconds
[2025-02-06T09:10:50.102+0000] {processor.py:186} INFO - Started process (PID=757) to work on /opt/conda/lib/python3.12/site-packages/airflow/example_dags/example_branch_day_of_week_operator.py
[2025-02-06T09:10:50.104+0000] {processor.py:914} INFO - Processing file /opt/conda/lib/python3.12/site-packages/airflow/example_dags/example_branch_day_of_week_operator.py for tasks to queue
[2025-02-06T09:10:50.106+0000] {logging_mixin.py:190} INFO - [2025-02-06T09:10:50.105+0000] {dagbag.py:588} INFO - Filling up the DagBag from /opt/conda/lib/python3.12/site-packages/airflow/example_dags/example_branch_day_of_week_operator.py
[2025-02-06T09:10:50.115+0000] {processor.py:925} INFO - DAG(s) 'example_weekday_branch_operator' retrieved from /opt/conda/lib/python3.12/site-packages/airflow/example_dags/example_branch_day_of_week_operator.py
[2025-02-06T09:10:50.139+0000] {logging_mixin.py:190} INFO - [2025-02-06T09:10:50.139+0000] {dag.py:3239} INFO - Sync 1 DAGs
[2025-02-06T09:10:50.164+0000] {logging_mixin.py:190} INFO - [2025-02-06T09:10:50.163+0000] {dag.py:4180} INFO - Setting next_dagrun for example_weekday_branch_operator to 2025-02-05 00:00:00+00:00, run_after=2025-02-06 00:00:00+00:00
[2025-02-06T09:10:50.218+0000] {processor.py:208} INFO - Processing /opt/conda/lib/python3.12/site-packages/airflow/example_dags/example_branch_day_of_week_operator.py took 0.121 seconds
[2025-02-06T09:13:16.278+0000] {processor.py:186} INFO - Started process (PID=1028) to work on /opt/conda/lib/python3.12/site-packages/airflow/example_dags/example_branch_day_of_week_operator.py
[2025-02-06T09:13:16.279+0000] {processor.py:914} INFO - Processing file /opt/conda/lib/python3.12/site-packages/airflow/example_dags/example_branch_day_of_week_operator.py for tasks to queue
[2025-02-06T09:13:16.281+0000] {logging_mixin.py:190} INFO - [2025-02-06T09:13:16.280+0000] {dagbag.py:588} INFO - Filling up the DagBag from /opt/conda/lib/python3.12/site-packages/airflow/example_dags/example_branch_day_of_week_operator.py
[2025-02-06T09:13:16.287+0000] {processor.py:925} INFO - DAG(s) 'example_weekday_branch_operator' retrieved from /opt/conda/lib/python3.12/site-packages/airflow/example_dags/example_branch_day_of_week_operator.py
[2025-02-06T09:13:16.307+0000] {logging_mixin.py:190} INFO - [2025-02-06T09:13:16.306+0000] {dag.py:3239} INFO - Sync 1 DAGs
[2025-02-06T09:13:16.326+0000] {logging_mixin.py:190} INFO - [2025-02-06T09:13:16.326+0000] {dag.py:4180} INFO - Setting next_dagrun for example_weekday_branch_operator to 2025-02-05 00:00:00+00:00, run_after=2025-02-06 00:00:00+00:00
[2025-02-06T09:13:16.384+0000] {processor.py:208} INFO - Processing /opt/conda/lib/python3.12/site-packages/airflow/example_dags/example_branch_day_of_week_operator.py took 0.111 seconds
[2025-02-06T09:15:43.866+0000] {processor.py:186} INFO - Started process (PID=1295) to work on /opt/conda/lib/python3.12/site-packages/airflow/example_dags/example_branch_day_of_week_operator.py
[2025-02-06T09:15:43.867+0000] {processor.py:914} INFO - Processing file /opt/conda/lib/python3.12/site-packages/airflow/example_dags/example_branch_day_of_week_operator.py for tasks to queue
[2025-02-06T09:15:43.869+0000] {logging_mixin.py:190} INFO - [2025-02-06T09:15:43.869+0000] {dagbag.py:588} INFO - Filling up the DagBag from /opt/conda/lib/python3.12/site-packages/airflow/example_dags/example_branch_day_of_week_operator.py
[2025-02-06T09:15:43.877+0000] {processor.py:925} INFO - DAG(s) 'example_weekday_branch_operator' retrieved from /opt/conda/lib/python3.12/site-packages/airflow/example_dags/example_branch_day_of_week_operator.py
[2025-02-06T09:15:43.900+0000] {logging_mixin.py:190} INFO - [2025-02-06T09:15:43.900+0000] {dag.py:3239} INFO - Sync 1 DAGs
[2025-02-06T09:15:43.924+0000] {logging_mixin.py:190} INFO - [2025-02-06T09:15:43.924+0000] {dag.py:4180} INFO - Setting next_dagrun for example_weekday_branch_operator to 2025-02-05 00:00:00+00:00, run_after=2025-02-06 00:00:00+00:00
[2025-02-06T09:15:43.973+0000] {processor.py:208} INFO - Processing /opt/conda/lib/python3.12/site-packages/airflow/example_dags/example_branch_day_of_week_operator.py took 0.111 seconds
[2025-02-06T09:17:50.167+0000] {processor.py:186} INFO - Started process (PID=1540) to work on /opt/conda/lib/python3.12/site-packages/airflow/example_dags/example_branch_day_of_week_operator.py
[2025-02-06T09:17:50.168+0000] {processor.py:914} INFO - Processing file /opt/conda/lib/python3.12/site-packages/airflow/example_dags/example_branch_day_of_week_operator.py for tasks to queue
[2025-02-06T09:17:50.170+0000] {logging_mixin.py:190} INFO - [2025-02-06T09:17:50.170+0000] {dagbag.py:588} INFO - Filling up the DagBag from /opt/conda/lib/python3.12/site-packages/airflow/example_dags/example_branch_day_of_week_operator.py
[2025-02-06T09:17:50.177+0000] {processor.py:925} INFO - DAG(s) 'example_weekday_branch_operator' retrieved from /opt/conda/lib/python3.12/site-packages/airflow/example_dags/example_branch_day_of_week_operator.py
[2025-02-06T09:17:50.199+0000] {logging_mixin.py:190} INFO - [2025-02-06T09:17:50.199+0000] {dag.py:3239} INFO - Sync 1 DAGs
[2025-02-06T09:17:50.303+0000] {logging_mixin.py:190} INFO - [2025-02-06T09:17:50.303+0000] {dag.py:4180} INFO - Setting next_dagrun for example_weekday_branch_operator to 2025-02-05 00:00:00+00:00, run_after=2025-02-06 00:00:00+00:00
[2025-02-06T09:17:50.355+0000] {processor.py:208} INFO - Processing /opt/conda/lib/python3.12/site-packages/airflow/example_dags/example_branch_day_of_week_operator.py took 0.192 seconds
[2025-02-06T09:20:26.860+0000] {processor.py:186} INFO - Started process (PID=1801) to work on /opt/conda/lib/python3.12/site-packages/airflow/example_dags/example_branch_day_of_week_operator.py
[2025-02-06T09:20:26.861+0000] {processor.py:914} INFO - Processing file /opt/conda/lib/python3.12/site-packages/airflow/example_dags/example_branch_day_of_week_operator.py for tasks to queue
[2025-02-06T09:20:26.863+0000] {logging_mixin.py:190} INFO - [2025-02-06T09:20:26.863+0000] {dagbag.py:588} INFO - Filling up the DagBag from /opt/conda/lib/python3.12/site-packages/airflow/example_dags/example_branch_day_of_week_operator.py
[2025-02-06T09:20:26.872+0000] {processor.py:925} INFO - DAG(s) 'example_weekday_branch_operator' retrieved from /opt/conda/lib/python3.12/site-packages/airflow/example_dags/example_branch_day_of_week_operator.py
[2025-02-06T09:20:26.895+0000] {logging_mixin.py:190} INFO - [2025-02-06T09:20:26.895+0000] {dag.py:3239} INFO - Sync 1 DAGs
[2025-02-06T09:20:26.918+0000] {logging_mixin.py:190} INFO - [2025-02-06T09:20:26.918+0000] {dag.py:4180} INFO - Setting next_dagrun for example_weekday_branch_operator to 2025-02-05 00:00:00+00:00, run_after=2025-02-06 00:00:00+00:00
[2025-02-06T09:20:26.977+0000] {processor.py:208} INFO - Processing /opt/conda/lib/python3.12/site-packages/airflow/example_dags/example_branch_day_of_week_operator.py took 0.122 seconds
[2025-02-06T09:23:11.420+0000] {processor.py:186} INFO - Started process (PID=2076) to work on /opt/conda/lib/python3.12/site-packages/airflow/example_dags/example_branch_day_of_week_operator.py
[2025-02-06T09:23:11.421+0000] {processor.py:914} INFO - Processing file /opt/conda/lib/python3.12/site-packages/airflow/example_dags/example_branch_day_of_week_operator.py for tasks to queue
[2025-02-06T09:23:11.423+0000] {logging_mixin.py:190} INFO - [2025-02-06T09:23:11.422+0000] {dagbag.py:588} INFO - Filling up the DagBag from /opt/conda/lib/python3.12/site-packages/airflow/example_dags/example_branch_day_of_week_operator.py
[2025-02-06T09:23:11.431+0000] {processor.py:925} INFO - DAG(s) 'example_weekday_branch_operator' retrieved from /opt/conda/lib/python3.12/site-packages/airflow/example_dags/example_branch_day_of_week_operator.py
[2025-02-06T09:23:11.453+0000] {logging_mixin.py:190} INFO - [2025-02-06T09:23:11.453+0000] {dag.py:3239} INFO - Sync 1 DAGs
[2025-02-06T09:23:11.480+0000] {logging_mixin.py:190} INFO - [2025-02-06T09:23:11.480+0000] {dag.py:4180} INFO - Setting next_dagrun for example_weekday_branch_operator to 2025-02-05 00:00:00+00:00, run_after=2025-02-06 00:00:00+00:00
[2025-02-06T09:23:11.542+0000] {processor.py:208} INFO - Processing /opt/conda/lib/python3.12/site-packages/airflow/example_dags/example_branch_day_of_week_operator.py took 0.127 seconds
[2025-02-06T09:26:16.943+0000] {processor.py:186} INFO - Started process (PID=232) to work on /opt/conda/lib/python3.12/site-packages/airflow/example_dags/example_branch_day_of_week_operator.py
[2025-02-06T09:26:16.944+0000] {processor.py:914} INFO - Processing file /opt/conda/lib/python3.12/site-packages/airflow/example_dags/example_branch_day_of_week_operator.py for tasks to queue
[2025-02-06T09:26:16.946+0000] {logging_mixin.py:190} INFO - [2025-02-06T09:26:16.946+0000] {dagbag.py:588} INFO - Filling up the DagBag from /opt/conda/lib/python3.12/site-packages/airflow/example_dags/example_branch_day_of_week_operator.py
[2025-02-06T09:26:16.953+0000] {processor.py:925} INFO - DAG(s) 'example_weekday_branch_operator' retrieved from /opt/conda/lib/python3.12/site-packages/airflow/example_dags/example_branch_day_of_week_operator.py
[2025-02-06T09:26:16.977+0000] {logging_mixin.py:190} INFO - [2025-02-06T09:26:16.977+0000] {dag.py:3239} INFO - Sync 1 DAGs
[2025-02-06T09:26:17.001+0000] {logging_mixin.py:190} INFO - [2025-02-06T09:26:17.001+0000] {dag.py:4180} INFO - Setting next_dagrun for example_weekday_branch_operator to 2025-02-05 00:00:00+00:00, run_after=2025-02-06 00:00:00+00:00
[2025-02-06T09:26:17.058+0000] {processor.py:208} INFO - Processing /opt/conda/lib/python3.12/site-packages/airflow/example_dags/example_branch_day_of_week_operator.py took 0.119 seconds
[2025-02-06T09:32:46.737+0000] {processor.py:186} INFO - Started process (PID=422) to work on /opt/conda/lib/python3.12/site-packages/airflow/example_dags/example_branch_day_of_week_operator.py
[2025-02-06T09:32:46.738+0000] {processor.py:914} INFO - Processing file /opt/conda/lib/python3.12/site-packages/airflow/example_dags/example_branch_day_of_week_operator.py for tasks to queue
[2025-02-06T09:32:46.740+0000] {logging_mixin.py:190} INFO - [2025-02-06T09:32:46.739+0000] {dagbag.py:588} INFO - Filling up the DagBag from /opt/conda/lib/python3.12/site-packages/airflow/example_dags/example_branch_day_of_week_operator.py
[2025-02-06T09:32:46.747+0000] {processor.py:925} INFO - DAG(s) 'example_weekday_branch_operator' retrieved from /opt/conda/lib/python3.12/site-packages/airflow/example_dags/example_branch_day_of_week_operator.py
[2025-02-06T09:32:46.766+0000] {logging_mixin.py:190} INFO - [2025-02-06T09:32:46.766+0000] {dag.py:3239} INFO - Sync 1 DAGs
[2025-02-06T09:32:46.788+0000] {logging_mixin.py:190} INFO - [2025-02-06T09:32:46.788+0000] {dag.py:4180} INFO - Setting next_dagrun for example_weekday_branch_operator to 2025-02-05 00:00:00+00:00, run_after=2025-02-06 00:00:00+00:00
[2025-02-06T09:32:46.857+0000] {processor.py:208} INFO - Processing /opt/conda/lib/python3.12/site-packages/airflow/example_dags/example_branch_day_of_week_operator.py took 0.124 seconds
[2025-02-06T09:38:10.570+0000] {processor.py:186} INFO - Started process (PID=1008) to work on /opt/conda/lib/python3.12/site-packages/airflow/example_dags/example_branch_day_of_week_operator.py
[2025-02-06T09:38:10.572+0000] {processor.py:914} INFO - Processing file /opt/conda/lib/python3.12/site-packages/airflow/example_dags/example_branch_day_of_week_operator.py for tasks to queue
[2025-02-06T09:38:10.574+0000] {logging_mixin.py:190} INFO - [2025-02-06T09:38:10.574+0000] {dagbag.py:588} INFO - Filling up the DagBag from /opt/conda/lib/python3.12/site-packages/airflow/example_dags/example_branch_day_of_week_operator.py
[2025-02-06T09:38:10.585+0000] {processor.py:925} INFO - DAG(s) 'example_weekday_branch_operator' retrieved from /opt/conda/lib/python3.12/site-packages/airflow/example_dags/example_branch_day_of_week_operator.py
[2025-02-06T09:38:10.606+0000] {logging_mixin.py:190} INFO - [2025-02-06T09:38:10.606+0000] {dag.py:3239} INFO - Sync 1 DAGs
[2025-02-06T09:38:10.630+0000] {logging_mixin.py:190} INFO - [2025-02-06T09:38:10.630+0000] {dag.py:4180} INFO - Setting next_dagrun for example_weekday_branch_operator to 2025-02-05 00:00:00+00:00, run_after=2025-02-06 00:00:00+00:00
[2025-02-06T09:38:10.683+0000] {processor.py:208} INFO - Processing /opt/conda/lib/python3.12/site-packages/airflow/example_dags/example_branch_day_of_week_operator.py took 0.119 seconds
[2025-02-06T09:42:46.205+0000] {processor.py:186} INFO - Started process (PID=1483) to work on /opt/conda/lib/python3.12/site-packages/airflow/example_dags/example_branch_day_of_week_operator.py
[2025-02-06T09:42:46.206+0000] {processor.py:914} INFO - Processing file /opt/conda/lib/python3.12/site-packages/airflow/example_dags/example_branch_day_of_week_operator.py for tasks to queue
[2025-02-06T09:42:46.209+0000] {logging_mixin.py:190} INFO - [2025-02-06T09:42:46.209+0000] {dagbag.py:588} INFO - Filling up the DagBag from /opt/conda/lib/python3.12/site-packages/airflow/example_dags/example_branch_day_of_week_operator.py
[2025-02-06T09:42:46.225+0000] {processor.py:925} INFO - DAG(s) 'example_weekday_branch_operator' retrieved from /opt/conda/lib/python3.12/site-packages/airflow/example_dags/example_branch_day_of_week_operator.py
[2025-02-06T09:42:46.256+0000] {logging_mixin.py:190} INFO - [2025-02-06T09:42:46.256+0000] {dag.py:3239} INFO - Sync 1 DAGs
[2025-02-06T09:42:46.287+0000] {logging_mixin.py:190} INFO - [2025-02-06T09:42:46.286+0000] {dag.py:4180} INFO - Setting next_dagrun for example_weekday_branch_operator to 2025-02-05 00:00:00+00:00, run_after=2025-02-06 00:00:00+00:00
[2025-02-06T09:42:46.348+0000] {processor.py:208} INFO - Processing /opt/conda/lib/python3.12/site-packages/airflow/example_dags/example_branch_day_of_week_operator.py took 0.148 seconds
[2025-02-06T09:50:15.932+0000] {processor.py:186} INFO - Started process (PID=405) to work on /opt/conda/lib/python3.12/site-packages/airflow/example_dags/example_branch_day_of_week_operator.py
[2025-02-06T09:50:15.933+0000] {processor.py:914} INFO - Processing file /opt/conda/lib/python3.12/site-packages/airflow/example_dags/example_branch_day_of_week_operator.py for tasks to queue
[2025-02-06T09:50:15.935+0000] {logging_mixin.py:190} INFO - [2025-02-06T09:50:15.934+0000] {dagbag.py:588} INFO - Filling up the DagBag from /opt/conda/lib/python3.12/site-packages/airflow/example_dags/example_branch_day_of_week_operator.py
[2025-02-06T09:50:15.944+0000] {processor.py:925} INFO - DAG(s) 'example_weekday_branch_operator' retrieved from /opt/conda/lib/python3.12/site-packages/airflow/example_dags/example_branch_day_of_week_operator.py
[2025-02-06T09:50:15.970+0000] {logging_mixin.py:190} INFO - [2025-02-06T09:50:15.969+0000] {dag.py:3239} INFO - Sync 1 DAGs
[2025-02-06T09:50:15.997+0000] {logging_mixin.py:190} INFO - [2025-02-06T09:50:15.997+0000] {dag.py:4180} INFO - Setting next_dagrun for example_weekday_branch_operator to 2025-02-05 00:00:00+00:00, run_after=2025-02-06 00:00:00+00:00
[2025-02-06T09:50:16.060+0000] {processor.py:208} INFO - Processing /opt/conda/lib/python3.12/site-packages/airflow/example_dags/example_branch_day_of_week_operator.py took 0.132 seconds
[2025-02-06T09:55:38.367+0000] {processor.py:186} INFO - Started process (PID=980) to work on /opt/conda/lib/python3.12/site-packages/airflow/example_dags/example_branch_day_of_week_operator.py
[2025-02-06T09:55:38.368+0000] {processor.py:914} INFO - Processing file /opt/conda/lib/python3.12/site-packages/airflow/example_dags/example_branch_day_of_week_operator.py for tasks to queue
[2025-02-06T09:55:38.370+0000] {logging_mixin.py:190} INFO - [2025-02-06T09:55:38.369+0000] {dagbag.py:588} INFO - Filling up the DagBag from /opt/conda/lib/python3.12/site-packages/airflow/example_dags/example_branch_day_of_week_operator.py
[2025-02-06T09:55:38.377+0000] {processor.py:925} INFO - DAG(s) 'example_weekday_branch_operator' retrieved from /opt/conda/lib/python3.12/site-packages/airflow/example_dags/example_branch_day_of_week_operator.py
[2025-02-06T09:55:38.397+0000] {logging_mixin.py:190} INFO - [2025-02-06T09:55:38.397+0000] {dag.py:3239} INFO - Sync 1 DAGs
[2025-02-06T09:55:38.416+0000] {logging_mixin.py:190} INFO - [2025-02-06T09:55:38.416+0000] {dag.py:4180} INFO - Setting next_dagrun for example_weekday_branch_operator to 2025-02-05 00:00:00+00:00, run_after=2025-02-06 00:00:00+00:00
[2025-02-06T09:55:38.480+0000] {processor.py:208} INFO - Processing /opt/conda/lib/python3.12/site-packages/airflow/example_dags/example_branch_day_of_week_operator.py took 0.117 seconds
[2025-02-06T09:59:46.838+0000] {processor.py:186} INFO - Started process (PID=1456) to work on /opt/conda/lib/python3.12/site-packages/airflow/example_dags/example_branch_day_of_week_operator.py
[2025-02-06T09:59:46.839+0000] {processor.py:914} INFO - Processing file /opt/conda/lib/python3.12/site-packages/airflow/example_dags/example_branch_day_of_week_operator.py for tasks to queue
[2025-02-06T09:59:46.842+0000] {logging_mixin.py:190} INFO - [2025-02-06T09:59:46.841+0000] {dagbag.py:588} INFO - Filling up the DagBag from /opt/conda/lib/python3.12/site-packages/airflow/example_dags/example_branch_day_of_week_operator.py
[2025-02-06T09:59:46.854+0000] {processor.py:925} INFO - DAG(s) 'example_weekday_branch_operator' retrieved from /opt/conda/lib/python3.12/site-packages/airflow/example_dags/example_branch_day_of_week_operator.py
[2025-02-06T09:59:46.877+0000] {logging_mixin.py:190} INFO - [2025-02-06T09:59:46.876+0000] {dag.py:3239} INFO - Sync 1 DAGs
[2025-02-06T09:59:46.900+0000] {logging_mixin.py:190} INFO - [2025-02-06T09:59:46.900+0000] {dag.py:4180} INFO - Setting next_dagrun for example_weekday_branch_operator to 2025-02-05 00:00:00+00:00, run_after=2025-02-06 00:00:00+00:00
[2025-02-06T09:59:46.948+0000] {processor.py:208} INFO - Processing /opt/conda/lib/python3.12/site-packages/airflow/example_dags/example_branch_day_of_week_operator.py took 0.115 seconds
[2025-02-06T10:04:26.822+0000] {processor.py:186} INFO - Started process (PID=1939) to work on /opt/conda/lib/python3.12/site-packages/airflow/example_dags/example_branch_day_of_week_operator.py
[2025-02-06T10:04:26.824+0000] {processor.py:914} INFO - Processing file /opt/conda/lib/python3.12/site-packages/airflow/example_dags/example_branch_day_of_week_operator.py for tasks to queue
[2025-02-06T10:04:26.827+0000] {logging_mixin.py:190} INFO - [2025-02-06T10:04:26.826+0000] {dagbag.py:588} INFO - Filling up the DagBag from /opt/conda/lib/python3.12/site-packages/airflow/example_dags/example_branch_day_of_week_operator.py
[2025-02-06T10:04:26.834+0000] {processor.py:925} INFO - DAG(s) 'example_weekday_branch_operator' retrieved from /opt/conda/lib/python3.12/site-packages/airflow/example_dags/example_branch_day_of_week_operator.py
[2025-02-06T10:04:26.859+0000] {logging_mixin.py:190} INFO - [2025-02-06T10:04:26.859+0000] {dag.py:3239} INFO - Sync 1 DAGs
[2025-02-06T10:04:26.880+0000] {logging_mixin.py:190} INFO - [2025-02-06T10:04:26.880+0000] {dag.py:4180} INFO - Setting next_dagrun for example_weekday_branch_operator to 2025-02-05 00:00:00+00:00, run_after=2025-02-06 00:00:00+00:00
[2025-02-06T10:04:26.939+0000] {processor.py:208} INFO - Processing /opt/conda/lib/python3.12/site-packages/airflow/example_dags/example_branch_day_of_week_operator.py took 0.122 seconds
[2025-02-06T10:06:18.683+0000] {processor.py:186} INFO - Started process (PID=2078) to work on /opt/conda/lib/python3.12/site-packages/airflow/example_dags/example_branch_day_of_week_operator.py
[2025-02-06T10:06:18.685+0000] {processor.py:914} INFO - Processing file /opt/conda/lib/python3.12/site-packages/airflow/example_dags/example_branch_day_of_week_operator.py for tasks to queue
[2025-02-06T10:06:18.686+0000] {logging_mixin.py:190} INFO - [2025-02-06T10:06:18.686+0000] {dagbag.py:588} INFO - Filling up the DagBag from /opt/conda/lib/python3.12/site-packages/airflow/example_dags/example_branch_day_of_week_operator.py
[2025-02-06T10:06:18.700+0000] {processor.py:925} INFO - DAG(s) 'example_weekday_branch_operator' retrieved from /opt/conda/lib/python3.12/site-packages/airflow/example_dags/example_branch_day_of_week_operator.py
[2025-02-06T10:06:18.734+0000] {logging_mixin.py:190} INFO - [2025-02-06T10:06:18.734+0000] {dag.py:3239} INFO - Sync 1 DAGs
[2025-02-06T10:06:18.768+0000] {logging_mixin.py:190} INFO - [2025-02-06T10:06:18.768+0000] {dag.py:4180} INFO - Setting next_dagrun for example_weekday_branch_operator to 2025-02-05 00:00:00+00:00, run_after=2025-02-06 00:00:00+00:00
[2025-02-06T10:06:18.851+0000] {processor.py:208} INFO - Processing /opt/conda/lib/python3.12/site-packages/airflow/example_dags/example_branch_day_of_week_operator.py took 0.177 seconds
[2025-02-06T10:14:53.639+0000] {processor.py:186} INFO - Started process (PID=2952) to work on /opt/conda/lib/python3.12/site-packages/airflow/example_dags/example_branch_day_of_week_operator.py
[2025-02-06T10:14:53.640+0000] {processor.py:914} INFO - Processing file /opt/conda/lib/python3.12/site-packages/airflow/example_dags/example_branch_day_of_week_operator.py for tasks to queue
[2025-02-06T10:14:53.641+0000] {logging_mixin.py:190} INFO - [2025-02-06T10:14:53.641+0000] {dagbag.py:588} INFO - Filling up the DagBag from /opt/conda/lib/python3.12/site-packages/airflow/example_dags/example_branch_day_of_week_operator.py
[2025-02-06T10:14:53.649+0000] {processor.py:925} INFO - DAG(s) 'example_weekday_branch_operator' retrieved from /opt/conda/lib/python3.12/site-packages/airflow/example_dags/example_branch_day_of_week_operator.py
[2025-02-06T10:14:53.669+0000] {logging_mixin.py:190} INFO - [2025-02-06T10:14:53.668+0000] {dag.py:3239} INFO - Sync 1 DAGs
[2025-02-06T10:14:53.694+0000] {logging_mixin.py:190} INFO - [2025-02-06T10:14:53.694+0000] {dag.py:4180} INFO - Setting next_dagrun for example_weekday_branch_operator to 2025-02-05 00:00:00+00:00, run_after=2025-02-06 00:00:00+00:00
[2025-02-06T10:14:53.751+0000] {processor.py:208} INFO - Processing /opt/conda/lib/python3.12/site-packages/airflow/example_dags/example_branch_day_of_week_operator.py took 0.118 seconds
[2025-02-06T10:20:38.986+0000] {processor.py:186} INFO - Started process (PID=3550) to work on /opt/conda/lib/python3.12/site-packages/airflow/example_dags/example_branch_day_of_week_operator.py
[2025-02-06T10:20:38.987+0000] {processor.py:914} INFO - Processing file /opt/conda/lib/python3.12/site-packages/airflow/example_dags/example_branch_day_of_week_operator.py for tasks to queue
[2025-02-06T10:20:38.989+0000] {logging_mixin.py:190} INFO - [2025-02-06T10:20:38.988+0000] {dagbag.py:588} INFO - Filling up the DagBag from /opt/conda/lib/python3.12/site-packages/airflow/example_dags/example_branch_day_of_week_operator.py
[2025-02-06T10:20:38.997+0000] {processor.py:925} INFO - DAG(s) 'example_weekday_branch_operator' retrieved from /opt/conda/lib/python3.12/site-packages/airflow/example_dags/example_branch_day_of_week_operator.py
[2025-02-06T10:20:39.024+0000] {logging_mixin.py:190} INFO - [2025-02-06T10:20:39.024+0000] {dag.py:3239} INFO - Sync 1 DAGs
[2025-02-06T10:20:39.052+0000] {logging_mixin.py:190} INFO - [2025-02-06T10:20:39.052+0000] {dag.py:4180} INFO - Setting next_dagrun for example_weekday_branch_operator to 2025-02-05 00:00:00+00:00, run_after=2025-02-06 00:00:00+00:00
[2025-02-06T10:20:39.110+0000] {processor.py:208} INFO - Processing /opt/conda/lib/python3.12/site-packages/airflow/example_dags/example_branch_day_of_week_operator.py took 0.129 seconds
[2025-02-06T10:24:17.152+0000] {processor.py:186} INFO - Started process (PID=3898) to work on /opt/conda/lib/python3.12/site-packages/airflow/example_dags/example_branch_day_of_week_operator.py
[2025-02-06T10:24:17.153+0000] {processor.py:914} INFO - Processing file /opt/conda/lib/python3.12/site-packages/airflow/example_dags/example_branch_day_of_week_operator.py for tasks to queue
[2025-02-06T10:24:17.154+0000] {logging_mixin.py:190} INFO - [2025-02-06T10:24:17.154+0000] {dagbag.py:588} INFO - Filling up the DagBag from /opt/conda/lib/python3.12/site-packages/airflow/example_dags/example_branch_day_of_week_operator.py
[2025-02-06T10:24:17.161+0000] {processor.py:925} INFO - DAG(s) 'example_weekday_branch_operator' retrieved from /opt/conda/lib/python3.12/site-packages/airflow/example_dags/example_branch_day_of_week_operator.py
[2025-02-06T10:24:17.183+0000] {logging_mixin.py:190} INFO - [2025-02-06T10:24:17.183+0000] {dag.py:3239} INFO - Sync 1 DAGs
[2025-02-06T10:24:17.207+0000] {logging_mixin.py:190} INFO - [2025-02-06T10:24:17.207+0000] {dag.py:4180} INFO - Setting next_dagrun for example_weekday_branch_operator to 2025-02-05 00:00:00+00:00, run_after=2025-02-06 00:00:00+00:00
[2025-02-06T10:24:17.308+0000] {processor.py:208} INFO - Processing /opt/conda/lib/python3.12/site-packages/airflow/example_dags/example_branch_day_of_week_operator.py took 0.161 seconds
[2025-02-06T11:42:19.068+0000] {processor.py:186} INFO - Started process (PID=867) to work on /opt/conda/lib/python3.12/site-packages/airflow/example_dags/example_branch_day_of_week_operator.py
[2025-02-06T11:42:19.071+0000] {processor.py:914} INFO - Processing file /opt/conda/lib/python3.12/site-packages/airflow/example_dags/example_branch_day_of_week_operator.py for tasks to queue
[2025-02-06T11:42:19.073+0000] {logging_mixin.py:190} INFO - [2025-02-06T11:42:19.073+0000] {dagbag.py:588} INFO - Filling up the DagBag from /opt/conda/lib/python3.12/site-packages/airflow/example_dags/example_branch_day_of_week_operator.py
[2025-02-06T11:42:19.084+0000] {processor.py:925} INFO - DAG(s) 'example_weekday_branch_operator' retrieved from /opt/conda/lib/python3.12/site-packages/airflow/example_dags/example_branch_day_of_week_operator.py
[2025-02-06T11:42:19.117+0000] {logging_mixin.py:190} INFO - [2025-02-06T11:42:19.116+0000] {dag.py:3239} INFO - Sync 1 DAGs
[2025-02-06T11:42:19.155+0000] {logging_mixin.py:190} INFO - [2025-02-06T11:42:19.154+0000] {dag.py:4180} INFO - Setting next_dagrun for example_weekday_branch_operator to 2025-02-05 00:00:00+00:00, run_after=2025-02-06 00:00:00+00:00
[2025-02-06T11:42:19.238+0000] {processor.py:208} INFO - Processing /opt/conda/lib/python3.12/site-packages/airflow/example_dags/example_branch_day_of_week_operator.py took 0.176 seconds
[2025-02-06T11:46:53.772+0000] {processor.py:186} INFO - Started process (PID=1862) to work on /opt/conda/lib/python3.12/site-packages/airflow/example_dags/example_branch_day_of_week_operator.py
[2025-02-06T11:46:53.773+0000] {processor.py:914} INFO - Processing file /opt/conda/lib/python3.12/site-packages/airflow/example_dags/example_branch_day_of_week_operator.py for tasks to queue
[2025-02-06T11:46:53.775+0000] {logging_mixin.py:190} INFO - [2025-02-06T11:46:53.775+0000] {dagbag.py:588} INFO - Filling up the DagBag from /opt/conda/lib/python3.12/site-packages/airflow/example_dags/example_branch_day_of_week_operator.py
[2025-02-06T11:46:53.788+0000] {processor.py:925} INFO - DAG(s) 'example_weekday_branch_operator' retrieved from /opt/conda/lib/python3.12/site-packages/airflow/example_dags/example_branch_day_of_week_operator.py
[2025-02-06T11:46:53.825+0000] {logging_mixin.py:190} INFO - [2025-02-06T11:46:53.825+0000] {dag.py:3239} INFO - Sync 1 DAGs
[2025-02-06T11:46:53.867+0000] {logging_mixin.py:190} INFO - [2025-02-06T11:46:53.867+0000] {dag.py:4180} INFO - Setting next_dagrun for example_weekday_branch_operator to 2025-02-05 00:00:00+00:00, run_after=2025-02-06 00:00:00+00:00
[2025-02-06T11:46:53.953+0000] {processor.py:208} INFO - Processing /opt/conda/lib/python3.12/site-packages/airflow/example_dags/example_branch_day_of_week_operator.py took 0.187 seconds
[2025-02-06T11:50:38.360+0000] {processor.py:186} INFO - Started process (PID=2775) to work on /opt/conda/lib/python3.12/site-packages/airflow/example_dags/example_branch_day_of_week_operator.py
[2025-02-06T11:50:38.362+0000] {processor.py:914} INFO - Processing file /opt/conda/lib/python3.12/site-packages/airflow/example_dags/example_branch_day_of_week_operator.py for tasks to queue
[2025-02-06T11:50:38.364+0000] {logging_mixin.py:190} INFO - [2025-02-06T11:50:38.364+0000] {dagbag.py:588} INFO - Filling up the DagBag from /opt/conda/lib/python3.12/site-packages/airflow/example_dags/example_branch_day_of_week_operator.py
[2025-02-06T11:50:38.374+0000] {processor.py:925} INFO - DAG(s) 'example_weekday_branch_operator' retrieved from /opt/conda/lib/python3.12/site-packages/airflow/example_dags/example_branch_day_of_week_operator.py
[2025-02-06T11:50:38.408+0000] {logging_mixin.py:190} INFO - [2025-02-06T11:50:38.407+0000] {dag.py:3239} INFO - Sync 1 DAGs
[2025-02-06T11:50:38.451+0000] {logging_mixin.py:190} INFO - [2025-02-06T11:50:38.451+0000] {dag.py:4180} INFO - Setting next_dagrun for example_weekday_branch_operator to 2025-02-05 00:00:00+00:00, run_after=2025-02-06 00:00:00+00:00
[2025-02-06T11:50:38.545+0000] {processor.py:208} INFO - Processing /opt/conda/lib/python3.12/site-packages/airflow/example_dags/example_branch_day_of_week_operator.py took 0.190 seconds
[2025-02-06T11:54:22.644+0000] {processor.py:186} INFO - Started process (PID=3729) to work on /opt/conda/lib/python3.12/site-packages/airflow/example_dags/example_branch_day_of_week_operator.py
[2025-02-06T11:54:22.646+0000] {processor.py:914} INFO - Processing file /opt/conda/lib/python3.12/site-packages/airflow/example_dags/example_branch_day_of_week_operator.py for tasks to queue
[2025-02-06T11:54:22.648+0000] {logging_mixin.py:190} INFO - [2025-02-06T11:54:22.648+0000] {dagbag.py:588} INFO - Filling up the DagBag from /opt/conda/lib/python3.12/site-packages/airflow/example_dags/example_branch_day_of_week_operator.py
[2025-02-06T11:54:22.659+0000] {processor.py:925} INFO - DAG(s) 'example_weekday_branch_operator' retrieved from /opt/conda/lib/python3.12/site-packages/airflow/example_dags/example_branch_day_of_week_operator.py
[2025-02-06T11:54:22.696+0000] {logging_mixin.py:190} INFO - [2025-02-06T11:54:22.696+0000] {dag.py:3239} INFO - Sync 1 DAGs
[2025-02-06T11:54:22.735+0000] {logging_mixin.py:190} INFO - [2025-02-06T11:54:22.735+0000] {dag.py:4180} INFO - Setting next_dagrun for example_weekday_branch_operator to 2025-02-05 00:00:00+00:00, run_after=2025-02-06 00:00:00+00:00
[2025-02-06T11:54:22.812+0000] {processor.py:208} INFO - Processing /opt/conda/lib/python3.12/site-packages/airflow/example_dags/example_branch_day_of_week_operator.py took 0.174 seconds
[2025-02-06T12:05:50.215+0000] {processor.py:186} INFO - Started process (PID=885) to work on /opt/conda/lib/python3.12/site-packages/airflow/example_dags/example_branch_day_of_week_operator.py
[2025-02-06T12:05:50.216+0000] {processor.py:914} INFO - Processing file /opt/conda/lib/python3.12/site-packages/airflow/example_dags/example_branch_day_of_week_operator.py for tasks to queue
[2025-02-06T12:05:50.218+0000] {logging_mixin.py:190} INFO - [2025-02-06T12:05:50.218+0000] {dagbag.py:588} INFO - Filling up the DagBag from /opt/conda/lib/python3.12/site-packages/airflow/example_dags/example_branch_day_of_week_operator.py
[2025-02-06T12:05:50.225+0000] {processor.py:925} INFO - DAG(s) 'example_weekday_branch_operator' retrieved from /opt/conda/lib/python3.12/site-packages/airflow/example_dags/example_branch_day_of_week_operator.py
[2025-02-06T12:05:50.246+0000] {logging_mixin.py:190} INFO - [2025-02-06T12:05:50.245+0000] {dag.py:3239} INFO - Sync 1 DAGs
[2025-02-06T12:05:50.265+0000] {logging_mixin.py:190} INFO - [2025-02-06T12:05:50.265+0000] {dag.py:4180} INFO - Setting next_dagrun for example_weekday_branch_operator to 2025-02-05 00:00:00+00:00, run_after=2025-02-06 00:00:00+00:00
[2025-02-06T12:05:50.321+0000] {processor.py:208} INFO - Processing /opt/conda/lib/python3.12/site-packages/airflow/example_dags/example_branch_day_of_week_operator.py took 0.110 seconds
[2025-02-06T12:08:39.587+0000] {processor.py:186} INFO - Started process (PID=1900) to work on /opt/conda/lib/python3.12/site-packages/airflow/example_dags/example_branch_day_of_week_operator.py
[2025-02-06T12:08:39.590+0000] {processor.py:914} INFO - Processing file /opt/conda/lib/python3.12/site-packages/airflow/example_dags/example_branch_day_of_week_operator.py for tasks to queue
[2025-02-06T12:08:39.595+0000] {logging_mixin.py:190} INFO - [2025-02-06T12:08:39.594+0000] {dagbag.py:588} INFO - Filling up the DagBag from /opt/conda/lib/python3.12/site-packages/airflow/example_dags/example_branch_day_of_week_operator.py
[2025-02-06T12:08:39.606+0000] {processor.py:925} INFO - DAG(s) 'example_weekday_branch_operator' retrieved from /opt/conda/lib/python3.12/site-packages/airflow/example_dags/example_branch_day_of_week_operator.py
[2025-02-06T12:08:39.633+0000] {logging_mixin.py:190} INFO - [2025-02-06T12:08:39.633+0000] {dag.py:3239} INFO - Sync 1 DAGs
[2025-02-06T12:08:39.655+0000] {logging_mixin.py:190} INFO - [2025-02-06T12:08:39.655+0000] {dag.py:4180} INFO - Setting next_dagrun for example_weekday_branch_operator to 2025-02-05 00:00:00+00:00, run_after=2025-02-06 00:00:00+00:00
[2025-02-06T12:08:39.725+0000] {processor.py:208} INFO - Processing /opt/conda/lib/python3.12/site-packages/airflow/example_dags/example_branch_day_of_week_operator.py took 0.145 seconds
[2025-02-06T12:22:19.339+0000] {processor.py:186} INFO - Started process (PID=412) to work on /opt/conda/lib/python3.12/site-packages/airflow/example_dags/example_branch_day_of_week_operator.py
[2025-02-06T12:22:19.341+0000] {processor.py:914} INFO - Processing file /opt/conda/lib/python3.12/site-packages/airflow/example_dags/example_branch_day_of_week_operator.py for tasks to queue
[2025-02-06T12:22:19.343+0000] {logging_mixin.py:190} INFO - [2025-02-06T12:22:19.343+0000] {dagbag.py:588} INFO - Filling up the DagBag from /opt/conda/lib/python3.12/site-packages/airflow/example_dags/example_branch_day_of_week_operator.py
[2025-02-06T12:22:19.351+0000] {processor.py:925} INFO - DAG(s) 'example_weekday_branch_operator' retrieved from /opt/conda/lib/python3.12/site-packages/airflow/example_dags/example_branch_day_of_week_operator.py
[2025-02-06T12:22:19.374+0000] {logging_mixin.py:190} INFO - [2025-02-06T12:22:19.374+0000] {dag.py:3239} INFO - Sync 1 DAGs
[2025-02-06T12:22:19.394+0000] {logging_mixin.py:190} INFO - [2025-02-06T12:22:19.394+0000] {dag.py:4180} INFO - Setting next_dagrun for example_weekday_branch_operator to 2025-02-05 00:00:00+00:00, run_after=2025-02-06 00:00:00+00:00
[2025-02-06T12:22:19.446+0000] {processor.py:208} INFO - Processing /opt/conda/lib/python3.12/site-packages/airflow/example_dags/example_branch_day_of_week_operator.py took 0.111 seconds
[2025-02-06T12:24:26.509+0000] {processor.py:186} INFO - Started process (PID=1197) to work on /opt/conda/lib/python3.12/site-packages/airflow/example_dags/example_branch_day_of_week_operator.py
[2025-02-06T12:24:26.510+0000] {processor.py:914} INFO - Processing file /opt/conda/lib/python3.12/site-packages/airflow/example_dags/example_branch_day_of_week_operator.py for tasks to queue
[2025-02-06T12:24:26.513+0000] {logging_mixin.py:190} INFO - [2025-02-06T12:24:26.512+0000] {dagbag.py:588} INFO - Filling up the DagBag from /opt/conda/lib/python3.12/site-packages/airflow/example_dags/example_branch_day_of_week_operator.py
[2025-02-06T12:24:26.520+0000] {processor.py:925} INFO - DAG(s) 'example_weekday_branch_operator' retrieved from /opt/conda/lib/python3.12/site-packages/airflow/example_dags/example_branch_day_of_week_operator.py
[2025-02-06T12:24:26.539+0000] {logging_mixin.py:190} INFO - [2025-02-06T12:24:26.538+0000] {dag.py:3239} INFO - Sync 1 DAGs
[2025-02-06T12:24:26.560+0000] {logging_mixin.py:190} INFO - [2025-02-06T12:24:26.560+0000] {dag.py:4180} INFO - Setting next_dagrun for example_weekday_branch_operator to 2025-02-05 00:00:00+00:00, run_after=2025-02-06 00:00:00+00:00
[2025-02-06T12:24:26.610+0000] {processor.py:208} INFO - Processing /opt/conda/lib/python3.12/site-packages/airflow/example_dags/example_branch_day_of_week_operator.py took 0.105 seconds
[2025-02-06T12:27:43.165+0000] {processor.py:186} INFO - Started process (PID=2688) to work on /opt/conda/lib/python3.12/site-packages/airflow/example_dags/example_branch_day_of_week_operator.py
[2025-02-06T12:27:43.166+0000] {processor.py:914} INFO - Processing file /opt/conda/lib/python3.12/site-packages/airflow/example_dags/example_branch_day_of_week_operator.py for tasks to queue
[2025-02-06T12:27:43.168+0000] {logging_mixin.py:190} INFO - [2025-02-06T12:27:43.168+0000] {dagbag.py:588} INFO - Filling up the DagBag from /opt/conda/lib/python3.12/site-packages/airflow/example_dags/example_branch_day_of_week_operator.py
[2025-02-06T12:27:43.176+0000] {processor.py:925} INFO - DAG(s) 'example_weekday_branch_operator' retrieved from /opt/conda/lib/python3.12/site-packages/airflow/example_dags/example_branch_day_of_week_operator.py
[2025-02-06T12:27:43.197+0000] {logging_mixin.py:190} INFO - [2025-02-06T12:27:43.197+0000] {dag.py:3239} INFO - Sync 1 DAGs
[2025-02-06T12:27:43.216+0000] {logging_mixin.py:190} INFO - [2025-02-06T12:27:43.216+0000] {dag.py:4180} INFO - Setting next_dagrun for example_weekday_branch_operator to 2025-02-05 00:00:00+00:00, run_after=2025-02-06 00:00:00+00:00
[2025-02-06T12:27:43.267+0000] {processor.py:208} INFO - Processing /opt/conda/lib/python3.12/site-packages/airflow/example_dags/example_branch_day_of_week_operator.py took 0.106 seconds
[2025-02-06T12:31:33.808+0000] {processor.py:186} INFO - Started process (PID=4701) to work on /opt/conda/lib/python3.12/site-packages/airflow/example_dags/example_branch_day_of_week_operator.py
[2025-02-06T12:31:33.808+0000] {processor.py:914} INFO - Processing file /opt/conda/lib/python3.12/site-packages/airflow/example_dags/example_branch_day_of_week_operator.py for tasks to queue
[2025-02-06T12:31:33.810+0000] {logging_mixin.py:190} INFO - [2025-02-06T12:31:33.810+0000] {dagbag.py:588} INFO - Filling up the DagBag from /opt/conda/lib/python3.12/site-packages/airflow/example_dags/example_branch_day_of_week_operator.py
[2025-02-06T12:31:33.818+0000] {processor.py:925} INFO - DAG(s) 'example_weekday_branch_operator' retrieved from /opt/conda/lib/python3.12/site-packages/airflow/example_dags/example_branch_day_of_week_operator.py
[2025-02-06T12:31:33.837+0000] {logging_mixin.py:190} INFO - [2025-02-06T12:31:33.836+0000] {dag.py:3239} INFO - Sync 1 DAGs
[2025-02-06T12:31:33.866+0000] {logging_mixin.py:190} INFO - [2025-02-06T12:31:33.866+0000] {dag.py:4180} INFO - Setting next_dagrun for example_weekday_branch_operator to 2025-02-05 00:00:00+00:00, run_after=2025-02-06 00:00:00+00:00
[2025-02-06T12:31:33.919+0000] {processor.py:208} INFO - Processing /opt/conda/lib/python3.12/site-packages/airflow/example_dags/example_branch_day_of_week_operator.py took 0.116 seconds
[2025-02-06T12:35:37.785+0000] {processor.py:186} INFO - Started process (PID=6804) to work on /opt/conda/lib/python3.12/site-packages/airflow/example_dags/example_branch_day_of_week_operator.py
[2025-02-06T12:35:37.786+0000] {processor.py:914} INFO - Processing file /opt/conda/lib/python3.12/site-packages/airflow/example_dags/example_branch_day_of_week_operator.py for tasks to queue
[2025-02-06T12:35:37.788+0000] {logging_mixin.py:190} INFO - [2025-02-06T12:35:37.787+0000] {dagbag.py:588} INFO - Filling up the DagBag from /opt/conda/lib/python3.12/site-packages/airflow/example_dags/example_branch_day_of_week_operator.py
[2025-02-06T12:35:37.794+0000] {processor.py:925} INFO - DAG(s) 'example_weekday_branch_operator' retrieved from /opt/conda/lib/python3.12/site-packages/airflow/example_dags/example_branch_day_of_week_operator.py
[2025-02-06T12:35:37.813+0000] {logging_mixin.py:190} INFO - [2025-02-06T12:35:37.813+0000] {dag.py:3239} INFO - Sync 1 DAGs
[2025-02-06T12:35:37.832+0000] {logging_mixin.py:190} INFO - [2025-02-06T12:35:37.831+0000] {dag.py:4180} INFO - Setting next_dagrun for example_weekday_branch_operator to 2025-02-05 00:00:00+00:00, run_after=2025-02-06 00:00:00+00:00
[2025-02-06T12:35:38.000+0000] {processor.py:208} INFO - Processing /opt/conda/lib/python3.12/site-packages/airflow/example_dags/example_branch_day_of_week_operator.py took 0.219 seconds
[2025-02-06T12:39:51.189+0000] {processor.py:186} INFO - Started process (PID=8943) to work on /opt/conda/lib/python3.12/site-packages/airflow/example_dags/example_branch_day_of_week_operator.py
[2025-02-06T12:39:51.190+0000] {processor.py:914} INFO - Processing file /opt/conda/lib/python3.12/site-packages/airflow/example_dags/example_branch_day_of_week_operator.py for tasks to queue
[2025-02-06T12:39:51.192+0000] {logging_mixin.py:190} INFO - [2025-02-06T12:39:51.191+0000] {dagbag.py:588} INFO - Filling up the DagBag from /opt/conda/lib/python3.12/site-packages/airflow/example_dags/example_branch_day_of_week_operator.py
[2025-02-06T12:39:51.199+0000] {processor.py:925} INFO - DAG(s) 'example_weekday_branch_operator' retrieved from /opt/conda/lib/python3.12/site-packages/airflow/example_dags/example_branch_day_of_week_operator.py
[2025-02-06T12:39:51.221+0000] {logging_mixin.py:190} INFO - [2025-02-06T12:39:51.220+0000] {dag.py:3239} INFO - Sync 1 DAGs
[2025-02-06T12:39:51.240+0000] {logging_mixin.py:190} INFO - [2025-02-06T12:39:51.240+0000] {dag.py:4180} INFO - Setting next_dagrun for example_weekday_branch_operator to 2025-02-05 00:00:00+00:00, run_after=2025-02-06 00:00:00+00:00
[2025-02-06T12:39:51.284+0000] {processor.py:208} INFO - Processing /opt/conda/lib/python3.12/site-packages/airflow/example_dags/example_branch_day_of_week_operator.py took 0.100 seconds
[2025-02-06T12:43:55.579+0000] {processor.py:186} INFO - Started process (PID=11046) to work on /opt/conda/lib/python3.12/site-packages/airflow/example_dags/example_branch_day_of_week_operator.py
[2025-02-06T12:43:55.580+0000] {processor.py:914} INFO - Processing file /opt/conda/lib/python3.12/site-packages/airflow/example_dags/example_branch_day_of_week_operator.py for tasks to queue
[2025-02-06T12:43:55.582+0000] {logging_mixin.py:190} INFO - [2025-02-06T12:43:55.582+0000] {dagbag.py:588} INFO - Filling up the DagBag from /opt/conda/lib/python3.12/site-packages/airflow/example_dags/example_branch_day_of_week_operator.py
[2025-02-06T12:43:55.590+0000] {processor.py:925} INFO - DAG(s) 'example_weekday_branch_operator' retrieved from /opt/conda/lib/python3.12/site-packages/airflow/example_dags/example_branch_day_of_week_operator.py
[2025-02-06T12:43:55.615+0000] {logging_mixin.py:190} INFO - [2025-02-06T12:43:55.615+0000] {dag.py:3239} INFO - Sync 1 DAGs
[2025-02-06T12:43:55.640+0000] {logging_mixin.py:190} INFO - [2025-02-06T12:43:55.639+0000] {dag.py:4180} INFO - Setting next_dagrun for example_weekday_branch_operator to 2025-02-05 00:00:00+00:00, run_after=2025-02-06 00:00:00+00:00
[2025-02-06T12:43:55.700+0000] {processor.py:208} INFO - Processing /opt/conda/lib/python3.12/site-packages/airflow/example_dags/example_branch_day_of_week_operator.py took 0.127 seconds
[2025-02-06T12:48:29.259+0000] {processor.py:186} INFO - Started process (PID=13215) to work on /opt/conda/lib/python3.12/site-packages/airflow/example_dags/example_branch_day_of_week_operator.py
[2025-02-06T12:48:29.260+0000] {processor.py:914} INFO - Processing file /opt/conda/lib/python3.12/site-packages/airflow/example_dags/example_branch_day_of_week_operator.py for tasks to queue
[2025-02-06T12:48:29.262+0000] {logging_mixin.py:190} INFO - [2025-02-06T12:48:29.262+0000] {dagbag.py:588} INFO - Filling up the DagBag from /opt/conda/lib/python3.12/site-packages/airflow/example_dags/example_branch_day_of_week_operator.py
[2025-02-06T12:48:29.269+0000] {processor.py:925} INFO - DAG(s) 'example_weekday_branch_operator' retrieved from /opt/conda/lib/python3.12/site-packages/airflow/example_dags/example_branch_day_of_week_operator.py
[2025-02-06T12:48:29.293+0000] {logging_mixin.py:190} INFO - [2025-02-06T12:48:29.293+0000] {dag.py:3239} INFO - Sync 1 DAGs
[2025-02-06T12:48:29.324+0000] {logging_mixin.py:190} INFO - [2025-02-06T12:48:29.323+0000] {dag.py:4180} INFO - Setting next_dagrun for example_weekday_branch_operator to 2025-02-05 00:00:00+00:00, run_after=2025-02-06 00:00:00+00:00
[2025-02-06T12:48:29.377+0000] {processor.py:208} INFO - Processing /opt/conda/lib/python3.12/site-packages/airflow/example_dags/example_branch_day_of_week_operator.py took 0.123 seconds
[2025-02-06T12:58:55.126+0000] {processor.py:186} INFO - Started process (PID=436) to work on /opt/conda/lib/python3.12/site-packages/airflow/example_dags/example_branch_day_of_week_operator.py
[2025-02-06T12:58:55.127+0000] {processor.py:914} INFO - Processing file /opt/conda/lib/python3.12/site-packages/airflow/example_dags/example_branch_day_of_week_operator.py for tasks to queue
[2025-02-06T12:58:55.129+0000] {logging_mixin.py:190} INFO - [2025-02-06T12:58:55.129+0000] {dagbag.py:588} INFO - Filling up the DagBag from /opt/conda/lib/python3.12/site-packages/airflow/example_dags/example_branch_day_of_week_operator.py
[2025-02-06T12:58:55.144+0000] {processor.py:925} INFO - DAG(s) 'example_weekday_branch_operator' retrieved from /opt/conda/lib/python3.12/site-packages/airflow/example_dags/example_branch_day_of_week_operator.py
[2025-02-06T12:58:55.185+0000] {logging_mixin.py:190} INFO - [2025-02-06T12:58:55.184+0000] {dag.py:3239} INFO - Sync 1 DAGs
[2025-02-06T12:58:55.245+0000] {logging_mixin.py:190} INFO - [2025-02-06T12:58:55.245+0000] {dag.py:4180} INFO - Setting next_dagrun for example_weekday_branch_operator to 2025-02-05 00:00:00+00:00, run_after=2025-02-06 00:00:00+00:00
[2025-02-06T12:58:55.348+0000] {processor.py:208} INFO - Processing /opt/conda/lib/python3.12/site-packages/airflow/example_dags/example_branch_day_of_week_operator.py took 0.227 seconds
[2025-02-06T13:02:24.393+0000] {processor.py:186} INFO - Started process (PID=1413) to work on /opt/conda/lib/python3.12/site-packages/airflow/example_dags/example_branch_day_of_week_operator.py
[2025-02-06T13:02:24.394+0000] {processor.py:914} INFO - Processing file /opt/conda/lib/python3.12/site-packages/airflow/example_dags/example_branch_day_of_week_operator.py for tasks to queue
[2025-02-06T13:02:24.397+0000] {logging_mixin.py:190} INFO - [2025-02-06T13:02:24.396+0000] {dagbag.py:588} INFO - Filling up the DagBag from /opt/conda/lib/python3.12/site-packages/airflow/example_dags/example_branch_day_of_week_operator.py
[2025-02-06T13:02:24.407+0000] {processor.py:925} INFO - DAG(s) 'example_weekday_branch_operator' retrieved from /opt/conda/lib/python3.12/site-packages/airflow/example_dags/example_branch_day_of_week_operator.py
[2025-02-06T13:02:24.432+0000] {logging_mixin.py:190} INFO - [2025-02-06T13:02:24.432+0000] {dag.py:3239} INFO - Sync 1 DAGs
[2025-02-06T13:02:24.460+0000] {logging_mixin.py:190} INFO - [2025-02-06T13:02:24.460+0000] {dag.py:4180} INFO - Setting next_dagrun for example_weekday_branch_operator to 2025-02-05 00:00:00+00:00, run_after=2025-02-06 00:00:00+00:00
[2025-02-06T13:02:24.531+0000] {processor.py:208} INFO - Processing /opt/conda/lib/python3.12/site-packages/airflow/example_dags/example_branch_day_of_week_operator.py took 0.143 seconds
[2025-02-06T13:04:54.833+0000] {processor.py:186} INFO - Started process (PID=2244) to work on /opt/conda/lib/python3.12/site-packages/airflow/example_dags/example_branch_day_of_week_operator.py
[2025-02-06T13:04:54.835+0000] {processor.py:914} INFO - Processing file /opt/conda/lib/python3.12/site-packages/airflow/example_dags/example_branch_day_of_week_operator.py for tasks to queue
[2025-02-06T13:04:54.837+0000] {logging_mixin.py:190} INFO - [2025-02-06T13:04:54.836+0000] {dagbag.py:588} INFO - Filling up the DagBag from /opt/conda/lib/python3.12/site-packages/airflow/example_dags/example_branch_day_of_week_operator.py
[2025-02-06T13:04:54.850+0000] {processor.py:925} INFO - DAG(s) 'example_weekday_branch_operator' retrieved from /opt/conda/lib/python3.12/site-packages/airflow/example_dags/example_branch_day_of_week_operator.py
[2025-02-06T13:04:54.879+0000] {logging_mixin.py:190} INFO - [2025-02-06T13:04:54.879+0000] {dag.py:3239} INFO - Sync 1 DAGs
[2025-02-06T13:04:54.912+0000] {logging_mixin.py:190} INFO - [2025-02-06T13:04:54.912+0000] {dag.py:4180} INFO - Setting next_dagrun for example_weekday_branch_operator to 2025-02-05 00:00:00+00:00, run_after=2025-02-06 00:00:00+00:00
[2025-02-06T13:04:54.982+0000] {processor.py:208} INFO - Processing /opt/conda/lib/python3.12/site-packages/airflow/example_dags/example_branch_day_of_week_operator.py took 0.154 seconds
[2025-02-06T13:19:46.577+0000] {processor.py:186} INFO - Started process (PID=504) to work on /opt/conda/lib/python3.12/site-packages/airflow/example_dags/example_branch_day_of_week_operator.py
[2025-02-06T13:19:46.578+0000] {processor.py:914} INFO - Processing file /opt/conda/lib/python3.12/site-packages/airflow/example_dags/example_branch_day_of_week_operator.py for tasks to queue
[2025-02-06T13:19:46.580+0000] {logging_mixin.py:190} INFO - [2025-02-06T13:19:46.580+0000] {dagbag.py:588} INFO - Filling up the DagBag from /opt/conda/lib/python3.12/site-packages/airflow/example_dags/example_branch_day_of_week_operator.py
[2025-02-06T13:19:46.588+0000] {processor.py:925} INFO - DAG(s) 'example_weekday_branch_operator' retrieved from /opt/conda/lib/python3.12/site-packages/airflow/example_dags/example_branch_day_of_week_operator.py
[2025-02-06T13:19:46.612+0000] {logging_mixin.py:190} INFO - [2025-02-06T13:19:46.612+0000] {dag.py:3239} INFO - Sync 1 DAGs
[2025-02-06T13:19:46.637+0000] {logging_mixin.py:190} INFO - [2025-02-06T13:19:46.637+0000] {dag.py:4180} INFO - Setting next_dagrun for example_weekday_branch_operator to 2025-02-05 00:00:00+00:00, run_after=2025-02-06 00:00:00+00:00
[2025-02-06T13:19:46.705+0000] {processor.py:208} INFO - Processing /opt/conda/lib/python3.12/site-packages/airflow/example_dags/example_branch_day_of_week_operator.py took 0.133 seconds
[2025-02-06T13:23:41.831+0000] {processor.py:186} INFO - Started process (PID=1994) to work on /opt/conda/lib/python3.12/site-packages/airflow/example_dags/example_branch_day_of_week_operator.py
[2025-02-06T13:23:41.832+0000] {processor.py:914} INFO - Processing file /opt/conda/lib/python3.12/site-packages/airflow/example_dags/example_branch_day_of_week_operator.py for tasks to queue
[2025-02-06T13:23:41.834+0000] {logging_mixin.py:190} INFO - [2025-02-06T13:23:41.833+0000] {dagbag.py:588} INFO - Filling up the DagBag from /opt/conda/lib/python3.12/site-packages/airflow/example_dags/example_branch_day_of_week_operator.py
[2025-02-06T13:23:41.843+0000] {processor.py:925} INFO - DAG(s) 'example_weekday_branch_operator' retrieved from /opt/conda/lib/python3.12/site-packages/airflow/example_dags/example_branch_day_of_week_operator.py
[2025-02-06T13:23:41.868+0000] {logging_mixin.py:190} INFO - [2025-02-06T13:23:41.867+0000] {dag.py:3239} INFO - Sync 1 DAGs
[2025-02-06T13:23:41.894+0000] {logging_mixin.py:190} INFO - [2025-02-06T13:23:41.894+0000] {dag.py:4180} INFO - Setting next_dagrun for example_weekday_branch_operator to 2025-02-05 00:00:00+00:00, run_after=2025-02-06 00:00:00+00:00
[2025-02-06T13:23:41.965+0000] {processor.py:208} INFO - Processing /opt/conda/lib/python3.12/site-packages/airflow/example_dags/example_branch_day_of_week_operator.py took 0.140 seconds
[2025-02-06T13:28:09.677+0000] {processor.py:186} INFO - Started process (PID=3953) to work on /opt/conda/lib/python3.12/site-packages/airflow/example_dags/example_branch_day_of_week_operator.py
[2025-02-06T13:28:09.678+0000] {processor.py:914} INFO - Processing file /opt/conda/lib/python3.12/site-packages/airflow/example_dags/example_branch_day_of_week_operator.py for tasks to queue
[2025-02-06T13:28:09.680+0000] {logging_mixin.py:190} INFO - [2025-02-06T13:28:09.679+0000] {dagbag.py:588} INFO - Filling up the DagBag from /opt/conda/lib/python3.12/site-packages/airflow/example_dags/example_branch_day_of_week_operator.py
[2025-02-06T13:28:09.687+0000] {processor.py:925} INFO - DAG(s) 'example_weekday_branch_operator' retrieved from /opt/conda/lib/python3.12/site-packages/airflow/example_dags/example_branch_day_of_week_operator.py
[2025-02-06T13:28:09.710+0000] {logging_mixin.py:190} INFO - [2025-02-06T13:28:09.709+0000] {dag.py:3239} INFO - Sync 1 DAGs
[2025-02-06T13:28:09.733+0000] {logging_mixin.py:190} INFO - [2025-02-06T13:28:09.733+0000] {dag.py:4180} INFO - Setting next_dagrun for example_weekday_branch_operator to 2025-02-05 00:00:00+00:00, run_after=2025-02-06 00:00:00+00:00
[2025-02-06T13:28:09.790+0000] {processor.py:208} INFO - Processing /opt/conda/lib/python3.12/site-packages/airflow/example_dags/example_branch_day_of_week_operator.py took 0.118 seconds
[2025-02-06T13:32:10.697+0000] {processor.py:186} INFO - Started process (PID=5553) to work on /opt/conda/lib/python3.12/site-packages/airflow/example_dags/example_branch_day_of_week_operator.py
[2025-02-06T13:32:10.699+0000] {processor.py:914} INFO - Processing file /opt/conda/lib/python3.12/site-packages/airflow/example_dags/example_branch_day_of_week_operator.py for tasks to queue
[2025-02-06T13:32:10.700+0000] {logging_mixin.py:190} INFO - [2025-02-06T13:32:10.700+0000] {dagbag.py:588} INFO - Filling up the DagBag from /opt/conda/lib/python3.12/site-packages/airflow/example_dags/example_branch_day_of_week_operator.py
[2025-02-06T13:32:10.714+0000] {processor.py:925} INFO - DAG(s) 'example_weekday_branch_operator' retrieved from /opt/conda/lib/python3.12/site-packages/airflow/example_dags/example_branch_day_of_week_operator.py
[2025-02-06T13:32:10.748+0000] {logging_mixin.py:190} INFO - [2025-02-06T13:32:10.747+0000] {dag.py:3239} INFO - Sync 1 DAGs
[2025-02-06T13:32:10.776+0000] {logging_mixin.py:190} INFO - [2025-02-06T13:32:10.776+0000] {dag.py:4180} INFO - Setting next_dagrun for example_weekday_branch_operator to 2025-02-05 00:00:00+00:00, run_after=2025-02-06 00:00:00+00:00
[2025-02-06T13:32:10.832+0000] {processor.py:208} INFO - Processing /opt/conda/lib/python3.12/site-packages/airflow/example_dags/example_branch_day_of_week_operator.py took 0.141 seconds
