[2025-02-06T08:27:26.286+0000] {processor.py:186} INFO - Started process (PID=76) to work on /opt/conda/lib/python3.12/site-packages/airflow/example_dags/example_short_circuit_operator.py
[2025-02-06T08:27:26.287+0000] {processor.py:914} INFO - Processing file /opt/conda/lib/python3.12/site-packages/airflow/example_dags/example_short_circuit_operator.py for tasks to queue
[2025-02-06T08:27:26.289+0000] {logging_mixin.py:190} INFO - [2025-02-06T08:27:26.289+0000] {dagbag.py:588} INFO - Filling up the DagBag from /opt/conda/lib/python3.12/site-packages/airflow/example_dags/example_short_circuit_operator.py
[2025-02-06T08:27:26.296+0000] {processor.py:925} INFO - DAG(s) 'example_short_circuit_operator' retrieved from /opt/conda/lib/python3.12/site-packages/airflow/example_dags/example_short_circuit_operator.py
[2025-02-06T08:27:26.425+0000] {logging_mixin.py:190} INFO - [2025-02-06T08:27:26.424+0000] {override.py:1912} INFO - Created Permission View: can delete on DAG:example_short_circuit_operator
[2025-02-06T08:27:26.461+0000] {logging_mixin.py:190} INFO - [2025-02-06T08:27:26.461+0000] {override.py:1912} INFO - Created Permission View: can read on DAG:example_short_circuit_operator
[2025-02-06T08:27:26.493+0000] {logging_mixin.py:190} INFO - [2025-02-06T08:27:26.493+0000] {override.py:1912} INFO - Created Permission View: can edit on DAG:example_short_circuit_operator
[2025-02-06T08:27:26.548+0000] {logging_mixin.py:190} INFO - [2025-02-06T08:27:26.548+0000] {override.py:1912} INFO - Created Permission View: menu access on DAG Run:example_short_circuit_operator
[2025-02-06T08:27:26.582+0000] {logging_mixin.py:190} INFO - [2025-02-06T08:27:26.582+0000] {override.py:1912} INFO - Created Permission View: can create on DAG Run:example_short_circuit_operator
[2025-02-06T08:27:26.613+0000] {logging_mixin.py:190} INFO - [2025-02-06T08:27:26.613+0000] {override.py:1912} INFO - Created Permission View: can read on DAG Run:example_short_circuit_operator
[2025-02-06T08:27:26.653+0000] {logging_mixin.py:190} INFO - [2025-02-06T08:27:26.652+0000] {override.py:1912} INFO - Created Permission View: can delete on DAG Run:example_short_circuit_operator
[2025-02-06T08:27:26.654+0000] {logging_mixin.py:190} INFO - [2025-02-06T08:27:26.654+0000] {dag.py:3239} INFO - Sync 1 DAGs
[2025-02-06T08:27:26.671+0000] {logging_mixin.py:190} INFO - [2025-02-06T08:27:26.671+0000] {dag.py:3262} INFO - Creating ORM DAG for example_short_circuit_operator
[2025-02-06T08:27:26.672+0000] {logging_mixin.py:190} INFO - [2025-02-06T08:27:26.672+0000] {dag.py:4180} INFO - Setting next_dagrun for example_short_circuit_operator to None, run_after=None
[2025-02-06T08:27:26.728+0000] {processor.py:208} INFO - Processing /opt/conda/lib/python3.12/site-packages/airflow/example_dags/example_short_circuit_operator.py took 0.446 seconds
[2025-02-06T08:31:02.025+0000] {processor.py:186} INFO - Started process (PID=77) to work on /opt/conda/lib/python3.12/site-packages/airflow/example_dags/example_short_circuit_operator.py
[2025-02-06T08:31:02.027+0000] {processor.py:914} INFO - Processing file /opt/conda/lib/python3.12/site-packages/airflow/example_dags/example_short_circuit_operator.py for tasks to queue
[2025-02-06T08:31:02.032+0000] {logging_mixin.py:190} INFO - [2025-02-06T08:31:02.031+0000] {dagbag.py:588} INFO - Filling up the DagBag from /opt/conda/lib/python3.12/site-packages/airflow/example_dags/example_short_circuit_operator.py
[2025-02-06T08:31:02.044+0000] {processor.py:925} INFO - DAG(s) 'example_short_circuit_operator' retrieved from /opt/conda/lib/python3.12/site-packages/airflow/example_dags/example_short_circuit_operator.py
[2025-02-06T08:31:02.079+0000] {logging_mixin.py:190} INFO - [2025-02-06T08:31:02.079+0000] {dag.py:3239} INFO - Sync 1 DAGs
[2025-02-06T08:31:02.093+0000] {logging_mixin.py:190} INFO - [2025-02-06T08:31:02.093+0000] {dag.py:4180} INFO - Setting next_dagrun for example_short_circuit_operator to None, run_after=None
[2025-02-06T08:31:02.168+0000] {processor.py:208} INFO - Processing /opt/conda/lib/python3.12/site-packages/airflow/example_dags/example_short_circuit_operator.py took 0.149 seconds
[2025-02-06T08:32:15.631+0000] {processor.py:186} INFO - Started process (PID=140) to work on /opt/conda/lib/python3.12/site-packages/airflow/example_dags/example_short_circuit_operator.py
[2025-02-06T08:32:15.632+0000] {processor.py:914} INFO - Processing file /opt/conda/lib/python3.12/site-packages/airflow/example_dags/example_short_circuit_operator.py for tasks to queue
[2025-02-06T08:32:15.633+0000] {logging_mixin.py:190} INFO - [2025-02-06T08:32:15.633+0000] {dagbag.py:588} INFO - Filling up the DagBag from /opt/conda/lib/python3.12/site-packages/airflow/example_dags/example_short_circuit_operator.py
[2025-02-06T08:32:15.639+0000] {processor.py:925} INFO - DAG(s) 'example_short_circuit_operator' retrieved from /opt/conda/lib/python3.12/site-packages/airflow/example_dags/example_short_circuit_operator.py
[2025-02-06T08:32:15.676+0000] {logging_mixin.py:190} INFO - [2025-02-06T08:32:15.675+0000] {dag.py:3239} INFO - Sync 1 DAGs
[2025-02-06T08:32:15.688+0000] {logging_mixin.py:190} INFO - [2025-02-06T08:32:15.687+0000] {dag.py:4180} INFO - Setting next_dagrun for example_short_circuit_operator to None, run_after=None
[2025-02-06T08:32:15.747+0000] {processor.py:208} INFO - Processing /opt/conda/lib/python3.12/site-packages/airflow/example_dags/example_short_circuit_operator.py took 0.120 seconds
[2025-02-06T08:33:24.078+0000] {processor.py:186} INFO - Started process (PID=201) to work on /opt/conda/lib/python3.12/site-packages/airflow/example_dags/example_short_circuit_operator.py
[2025-02-06T08:33:24.079+0000] {processor.py:914} INFO - Processing file /opt/conda/lib/python3.12/site-packages/airflow/example_dags/example_short_circuit_operator.py for tasks to queue
[2025-02-06T08:33:24.081+0000] {logging_mixin.py:190} INFO - [2025-02-06T08:33:24.080+0000] {dagbag.py:588} INFO - Filling up the DagBag from /opt/conda/lib/python3.12/site-packages/airflow/example_dags/example_short_circuit_operator.py
[2025-02-06T08:33:24.086+0000] {processor.py:925} INFO - DAG(s) 'example_short_circuit_operator' retrieved from /opt/conda/lib/python3.12/site-packages/airflow/example_dags/example_short_circuit_operator.py
[2025-02-06T08:33:24.107+0000] {logging_mixin.py:190} INFO - [2025-02-06T08:33:24.107+0000] {dag.py:3239} INFO - Sync 1 DAGs
[2025-02-06T08:33:24.118+0000] {logging_mixin.py:190} INFO - [2025-02-06T08:33:24.118+0000] {dag.py:4180} INFO - Setting next_dagrun for example_short_circuit_operator to None, run_after=None
[2025-02-06T08:33:24.173+0000] {processor.py:208} INFO - Processing /opt/conda/lib/python3.12/site-packages/airflow/example_dags/example_short_circuit_operator.py took 0.099 seconds
[2025-02-06T08:34:40.236+0000] {processor.py:186} INFO - Started process (PID=264) to work on /opt/conda/lib/python3.12/site-packages/airflow/example_dags/example_short_circuit_operator.py
[2025-02-06T08:34:40.237+0000] {processor.py:914} INFO - Processing file /opt/conda/lib/python3.12/site-packages/airflow/example_dags/example_short_circuit_operator.py for tasks to queue
[2025-02-06T08:34:40.238+0000] {logging_mixin.py:190} INFO - [2025-02-06T08:34:40.238+0000] {dagbag.py:588} INFO - Filling up the DagBag from /opt/conda/lib/python3.12/site-packages/airflow/example_dags/example_short_circuit_operator.py
[2025-02-06T08:34:40.248+0000] {processor.py:925} INFO - DAG(s) 'example_short_circuit_operator' retrieved from /opt/conda/lib/python3.12/site-packages/airflow/example_dags/example_short_circuit_operator.py
[2025-02-06T08:34:40.281+0000] {logging_mixin.py:190} INFO - [2025-02-06T08:34:40.281+0000] {dag.py:3239} INFO - Sync 1 DAGs
[2025-02-06T08:34:40.300+0000] {logging_mixin.py:190} INFO - [2025-02-06T08:34:40.300+0000] {dag.py:4180} INFO - Setting next_dagrun for example_short_circuit_operator to None, run_after=None
[2025-02-06T08:34:40.388+0000] {processor.py:208} INFO - Processing /opt/conda/lib/python3.12/site-packages/airflow/example_dags/example_short_circuit_operator.py took 0.157 seconds
[2025-02-06T08:35:55.961+0000] {processor.py:186} INFO - Started process (PID=330) to work on /opt/conda/lib/python3.12/site-packages/airflow/example_dags/example_short_circuit_operator.py
[2025-02-06T08:35:55.962+0000] {processor.py:914} INFO - Processing file /opt/conda/lib/python3.12/site-packages/airflow/example_dags/example_short_circuit_operator.py for tasks to queue
[2025-02-06T08:35:55.963+0000] {logging_mixin.py:190} INFO - [2025-02-06T08:35:55.963+0000] {dagbag.py:588} INFO - Filling up the DagBag from /opt/conda/lib/python3.12/site-packages/airflow/example_dags/example_short_circuit_operator.py
[2025-02-06T08:35:55.969+0000] {processor.py:925} INFO - DAG(s) 'example_short_circuit_operator' retrieved from /opt/conda/lib/python3.12/site-packages/airflow/example_dags/example_short_circuit_operator.py
[2025-02-06T08:35:55.992+0000] {logging_mixin.py:190} INFO - [2025-02-06T08:35:55.992+0000] {dag.py:3239} INFO - Sync 1 DAGs
[2025-02-06T08:35:56.004+0000] {logging_mixin.py:190} INFO - [2025-02-06T08:35:56.004+0000] {dag.py:4180} INFO - Setting next_dagrun for example_short_circuit_operator to None, run_after=None
[2025-02-06T08:35:56.071+0000] {processor.py:208} INFO - Processing /opt/conda/lib/python3.12/site-packages/airflow/example_dags/example_short_circuit_operator.py took 0.114 seconds
[2025-02-06T08:37:19.784+0000] {processor.py:186} INFO - Started process (PID=397) to work on /opt/conda/lib/python3.12/site-packages/airflow/example_dags/example_short_circuit_operator.py
[2025-02-06T08:37:19.785+0000] {processor.py:914} INFO - Processing file /opt/conda/lib/python3.12/site-packages/airflow/example_dags/example_short_circuit_operator.py for tasks to queue
[2025-02-06T08:37:19.787+0000] {logging_mixin.py:190} INFO - [2025-02-06T08:37:19.786+0000] {dagbag.py:588} INFO - Filling up the DagBag from /opt/conda/lib/python3.12/site-packages/airflow/example_dags/example_short_circuit_operator.py
[2025-02-06T08:37:19.795+0000] {processor.py:925} INFO - DAG(s) 'example_short_circuit_operator' retrieved from /opt/conda/lib/python3.12/site-packages/airflow/example_dags/example_short_circuit_operator.py
[2025-02-06T08:37:19.826+0000] {logging_mixin.py:190} INFO - [2025-02-06T08:37:19.826+0000] {dag.py:3239} INFO - Sync 1 DAGs
[2025-02-06T08:37:19.843+0000] {logging_mixin.py:190} INFO - [2025-02-06T08:37:19.843+0000] {dag.py:4180} INFO - Setting next_dagrun for example_short_circuit_operator to None, run_after=None
[2025-02-06T08:37:19.928+0000] {processor.py:208} INFO - Processing /opt/conda/lib/python3.12/site-packages/airflow/example_dags/example_short_circuit_operator.py took 0.149 seconds
[2025-02-06T08:38:34.397+0000] {processor.py:186} INFO - Started process (PID=462) to work on /opt/conda/lib/python3.12/site-packages/airflow/example_dags/example_short_circuit_operator.py
[2025-02-06T08:38:34.398+0000] {processor.py:914} INFO - Processing file /opt/conda/lib/python3.12/site-packages/airflow/example_dags/example_short_circuit_operator.py for tasks to queue
[2025-02-06T08:38:34.399+0000] {logging_mixin.py:190} INFO - [2025-02-06T08:38:34.399+0000] {dagbag.py:588} INFO - Filling up the DagBag from /opt/conda/lib/python3.12/site-packages/airflow/example_dags/example_short_circuit_operator.py
[2025-02-06T08:38:34.406+0000] {processor.py:925} INFO - DAG(s) 'example_short_circuit_operator' retrieved from /opt/conda/lib/python3.12/site-packages/airflow/example_dags/example_short_circuit_operator.py
[2025-02-06T08:38:34.432+0000] {logging_mixin.py:190} INFO - [2025-02-06T08:38:34.432+0000] {dag.py:3239} INFO - Sync 1 DAGs
[2025-02-06T08:38:34.444+0000] {logging_mixin.py:190} INFO - [2025-02-06T08:38:34.444+0000] {dag.py:4180} INFO - Setting next_dagrun for example_short_circuit_operator to None, run_after=None
[2025-02-06T08:38:34.508+0000] {processor.py:208} INFO - Processing /opt/conda/lib/python3.12/site-packages/airflow/example_dags/example_short_circuit_operator.py took 0.115 seconds
[2025-02-06T08:39:51.305+0000] {processor.py:186} INFO - Started process (PID=528) to work on /opt/conda/lib/python3.12/site-packages/airflow/example_dags/example_short_circuit_operator.py
[2025-02-06T08:39:51.307+0000] {processor.py:914} INFO - Processing file /opt/conda/lib/python3.12/site-packages/airflow/example_dags/example_short_circuit_operator.py for tasks to queue
[2025-02-06T08:39:51.308+0000] {logging_mixin.py:190} INFO - [2025-02-06T08:39:51.307+0000] {dagbag.py:588} INFO - Filling up the DagBag from /opt/conda/lib/python3.12/site-packages/airflow/example_dags/example_short_circuit_operator.py
[2025-02-06T08:39:51.315+0000] {processor.py:925} INFO - DAG(s) 'example_short_circuit_operator' retrieved from /opt/conda/lib/python3.12/site-packages/airflow/example_dags/example_short_circuit_operator.py
[2025-02-06T08:39:51.337+0000] {logging_mixin.py:190} INFO - [2025-02-06T08:39:51.337+0000] {dag.py:3239} INFO - Sync 1 DAGs
[2025-02-06T08:39:51.352+0000] {logging_mixin.py:190} INFO - [2025-02-06T08:39:51.352+0000] {dag.py:4180} INFO - Setting next_dagrun for example_short_circuit_operator to None, run_after=None
[2025-02-06T08:39:51.403+0000] {processor.py:208} INFO - Processing /opt/conda/lib/python3.12/site-packages/airflow/example_dags/example_short_circuit_operator.py took 0.102 seconds
[2025-02-06T08:41:10.137+0000] {processor.py:186} INFO - Started process (PID=594) to work on /opt/conda/lib/python3.12/site-packages/airflow/example_dags/example_short_circuit_operator.py
[2025-02-06T08:41:10.138+0000] {processor.py:914} INFO - Processing file /opt/conda/lib/python3.12/site-packages/airflow/example_dags/example_short_circuit_operator.py for tasks to queue
[2025-02-06T08:41:10.140+0000] {logging_mixin.py:190} INFO - [2025-02-06T08:41:10.139+0000] {dagbag.py:588} INFO - Filling up the DagBag from /opt/conda/lib/python3.12/site-packages/airflow/example_dags/example_short_circuit_operator.py
[2025-02-06T08:41:10.146+0000] {processor.py:925} INFO - DAG(s) 'example_short_circuit_operator' retrieved from /opt/conda/lib/python3.12/site-packages/airflow/example_dags/example_short_circuit_operator.py
[2025-02-06T08:41:10.170+0000] {logging_mixin.py:190} INFO - [2025-02-06T08:41:10.170+0000] {dag.py:3239} INFO - Sync 1 DAGs
[2025-02-06T08:41:10.183+0000] {logging_mixin.py:190} INFO - [2025-02-06T08:41:10.183+0000] {dag.py:4180} INFO - Setting next_dagrun for example_short_circuit_operator to None, run_after=None
[2025-02-06T08:41:10.243+0000] {processor.py:208} INFO - Processing /opt/conda/lib/python3.12/site-packages/airflow/example_dags/example_short_circuit_operator.py took 0.111 seconds
[2025-02-06T08:42:24.949+0000] {processor.py:186} INFO - Started process (PID=658) to work on /opt/conda/lib/python3.12/site-packages/airflow/example_dags/example_short_circuit_operator.py
[2025-02-06T08:42:24.950+0000] {processor.py:914} INFO - Processing file /opt/conda/lib/python3.12/site-packages/airflow/example_dags/example_short_circuit_operator.py for tasks to queue
[2025-02-06T08:42:24.952+0000] {logging_mixin.py:190} INFO - [2025-02-06T08:42:24.951+0000] {dagbag.py:588} INFO - Filling up the DagBag from /opt/conda/lib/python3.12/site-packages/airflow/example_dags/example_short_circuit_operator.py
[2025-02-06T08:42:24.958+0000] {processor.py:925} INFO - DAG(s) 'example_short_circuit_operator' retrieved from /opt/conda/lib/python3.12/site-packages/airflow/example_dags/example_short_circuit_operator.py
[2025-02-06T08:42:24.982+0000] {logging_mixin.py:190} INFO - [2025-02-06T08:42:24.982+0000] {dag.py:3239} INFO - Sync 1 DAGs
[2025-02-06T08:42:24.995+0000] {logging_mixin.py:190} INFO - [2025-02-06T08:42:24.995+0000] {dag.py:4180} INFO - Setting next_dagrun for example_short_circuit_operator to None, run_after=None
[2025-02-06T08:42:25.044+0000] {processor.py:208} INFO - Processing /opt/conda/lib/python3.12/site-packages/airflow/example_dags/example_short_circuit_operator.py took 0.100 seconds
[2025-02-06T08:43:56.611+0000] {processor.py:186} INFO - Started process (PID=77) to work on /opt/conda/lib/python3.12/site-packages/airflow/example_dags/example_short_circuit_operator.py
[2025-02-06T08:43:56.612+0000] {processor.py:914} INFO - Processing file /opt/conda/lib/python3.12/site-packages/airflow/example_dags/example_short_circuit_operator.py for tasks to queue
[2025-02-06T08:43:56.614+0000] {logging_mixin.py:190} INFO - [2025-02-06T08:43:56.614+0000] {dagbag.py:588} INFO - Filling up the DagBag from /opt/conda/lib/python3.12/site-packages/airflow/example_dags/example_short_circuit_operator.py
[2025-02-06T08:43:56.620+0000] {processor.py:925} INFO - DAG(s) 'example_short_circuit_operator' retrieved from /opt/conda/lib/python3.12/site-packages/airflow/example_dags/example_short_circuit_operator.py
[2025-02-06T08:43:56.640+0000] {logging_mixin.py:190} INFO - [2025-02-06T08:43:56.640+0000] {dag.py:3239} INFO - Sync 1 DAGs
[2025-02-06T08:43:56.653+0000] {logging_mixin.py:190} INFO - [2025-02-06T08:43:56.653+0000] {dag.py:4180} INFO - Setting next_dagrun for example_short_circuit_operator to None, run_after=None
[2025-02-06T08:43:56.715+0000] {processor.py:208} INFO - Processing /opt/conda/lib/python3.12/site-packages/airflow/example_dags/example_short_circuit_operator.py took 0.108 seconds
[2025-02-06T08:45:12.328+0000] {processor.py:186} INFO - Started process (PID=143) to work on /opt/conda/lib/python3.12/site-packages/airflow/example_dags/example_short_circuit_operator.py
[2025-02-06T08:45:12.330+0000] {processor.py:914} INFO - Processing file /opt/conda/lib/python3.12/site-packages/airflow/example_dags/example_short_circuit_operator.py for tasks to queue
[2025-02-06T08:45:12.332+0000] {logging_mixin.py:190} INFO - [2025-02-06T08:45:12.332+0000] {dagbag.py:588} INFO - Filling up the DagBag from /opt/conda/lib/python3.12/site-packages/airflow/example_dags/example_short_circuit_operator.py
[2025-02-06T08:45:12.338+0000] {processor.py:925} INFO - DAG(s) 'example_short_circuit_operator' retrieved from /opt/conda/lib/python3.12/site-packages/airflow/example_dags/example_short_circuit_operator.py
[2025-02-06T08:45:12.361+0000] {logging_mixin.py:190} INFO - [2025-02-06T08:45:12.361+0000] {dag.py:3239} INFO - Sync 1 DAGs
[2025-02-06T08:45:12.374+0000] {logging_mixin.py:190} INFO - [2025-02-06T08:45:12.374+0000] {dag.py:4180} INFO - Setting next_dagrun for example_short_circuit_operator to None, run_after=None
[2025-02-06T08:45:12.426+0000] {processor.py:208} INFO - Processing /opt/conda/lib/python3.12/site-packages/airflow/example_dags/example_short_circuit_operator.py took 0.102 seconds
[2025-02-06T08:47:43.418+0000] {processor.py:186} INFO - Started process (PID=384) to work on /opt/conda/lib/python3.12/site-packages/airflow/example_dags/example_short_circuit_operator.py
[2025-02-06T08:47:43.420+0000] {processor.py:914} INFO - Processing file /opt/conda/lib/python3.12/site-packages/airflow/example_dags/example_short_circuit_operator.py for tasks to queue
[2025-02-06T08:47:43.422+0000] {logging_mixin.py:190} INFO - [2025-02-06T08:47:43.421+0000] {dagbag.py:588} INFO - Filling up the DagBag from /opt/conda/lib/python3.12/site-packages/airflow/example_dags/example_short_circuit_operator.py
[2025-02-06T08:47:43.428+0000] {processor.py:925} INFO - DAG(s) 'example_short_circuit_operator' retrieved from /opt/conda/lib/python3.12/site-packages/airflow/example_dags/example_short_circuit_operator.py
[2025-02-06T08:47:43.468+0000] {logging_mixin.py:190} INFO - [2025-02-06T08:47:43.467+0000] {dag.py:3239} INFO - Sync 1 DAGs
[2025-02-06T08:47:43.487+0000] {logging_mixin.py:190} INFO - [2025-02-06T08:47:43.487+0000] {dag.py:4180} INFO - Setting next_dagrun for example_short_circuit_operator to None, run_after=None
[2025-02-06T08:47:43.542+0000] {processor.py:208} INFO - Processing /opt/conda/lib/python3.12/site-packages/airflow/example_dags/example_short_circuit_operator.py took 0.130 seconds
[2025-02-06T08:50:05.309+0000] {processor.py:186} INFO - Started process (PID=281) to work on /opt/conda/lib/python3.12/site-packages/airflow/example_dags/example_short_circuit_operator.py
[2025-02-06T08:50:05.311+0000] {processor.py:914} INFO - Processing file /opt/conda/lib/python3.12/site-packages/airflow/example_dags/example_short_circuit_operator.py for tasks to queue
[2025-02-06T08:50:05.313+0000] {logging_mixin.py:190} INFO - [2025-02-06T08:50:05.313+0000] {dagbag.py:588} INFO - Filling up the DagBag from /opt/conda/lib/python3.12/site-packages/airflow/example_dags/example_short_circuit_operator.py
[2025-02-06T08:50:05.319+0000] {processor.py:925} INFO - DAG(s) 'example_short_circuit_operator' retrieved from /opt/conda/lib/python3.12/site-packages/airflow/example_dags/example_short_circuit_operator.py
[2025-02-06T08:50:05.341+0000] {logging_mixin.py:190} INFO - [2025-02-06T08:50:05.340+0000] {dag.py:3239} INFO - Sync 1 DAGs
[2025-02-06T08:50:05.352+0000] {logging_mixin.py:190} INFO - [2025-02-06T08:50:05.352+0000] {dag.py:4180} INFO - Setting next_dagrun for example_short_circuit_operator to None, run_after=None
[2025-02-06T08:50:05.403+0000] {processor.py:208} INFO - Processing /opt/conda/lib/python3.12/site-packages/airflow/example_dags/example_short_circuit_operator.py took 0.098 seconds
[2025-02-06T08:53:11.214+0000] {processor.py:186} INFO - Started process (PID=623) to work on /opt/conda/lib/python3.12/site-packages/airflow/example_dags/example_short_circuit_operator.py
[2025-02-06T08:53:11.215+0000] {processor.py:914} INFO - Processing file /opt/conda/lib/python3.12/site-packages/airflow/example_dags/example_short_circuit_operator.py for tasks to queue
[2025-02-06T08:53:11.216+0000] {logging_mixin.py:190} INFO - [2025-02-06T08:53:11.216+0000] {dagbag.py:588} INFO - Filling up the DagBag from /opt/conda/lib/python3.12/site-packages/airflow/example_dags/example_short_circuit_operator.py
[2025-02-06T08:53:11.224+0000] {processor.py:925} INFO - DAG(s) 'example_short_circuit_operator' retrieved from /opt/conda/lib/python3.12/site-packages/airflow/example_dags/example_short_circuit_operator.py
[2025-02-06T08:53:11.252+0000] {logging_mixin.py:190} INFO - [2025-02-06T08:53:11.252+0000] {dag.py:3239} INFO - Sync 1 DAGs
[2025-02-06T08:53:11.267+0000] {logging_mixin.py:190} INFO - [2025-02-06T08:53:11.267+0000] {dag.py:4180} INFO - Setting next_dagrun for example_short_circuit_operator to None, run_after=None
[2025-02-06T08:53:11.333+0000] {processor.py:208} INFO - Processing /opt/conda/lib/python3.12/site-packages/airflow/example_dags/example_short_circuit_operator.py took 0.125 seconds
[2025-02-06T08:58:10.148+0000] {processor.py:186} INFO - Started process (PID=1153) to work on /opt/conda/lib/python3.12/site-packages/airflow/example_dags/example_short_circuit_operator.py
[2025-02-06T08:58:10.149+0000] {processor.py:914} INFO - Processing file /opt/conda/lib/python3.12/site-packages/airflow/example_dags/example_short_circuit_operator.py for tasks to queue
[2025-02-06T08:58:10.151+0000] {logging_mixin.py:190} INFO - [2025-02-06T08:58:10.150+0000] {dagbag.py:588} INFO - Filling up the DagBag from /opt/conda/lib/python3.12/site-packages/airflow/example_dags/example_short_circuit_operator.py
[2025-02-06T08:58:10.158+0000] {processor.py:925} INFO - DAG(s) 'example_short_circuit_operator' retrieved from /opt/conda/lib/python3.12/site-packages/airflow/example_dags/example_short_circuit_operator.py
[2025-02-06T08:58:10.188+0000] {logging_mixin.py:190} INFO - [2025-02-06T08:58:10.188+0000] {dag.py:3239} INFO - Sync 1 DAGs
[2025-02-06T08:58:10.202+0000] {logging_mixin.py:190} INFO - [2025-02-06T08:58:10.202+0000] {dag.py:4180} INFO - Setting next_dagrun for example_short_circuit_operator to None, run_after=None
[2025-02-06T08:58:10.250+0000] {processor.py:208} INFO - Processing /opt/conda/lib/python3.12/site-packages/airflow/example_dags/example_short_circuit_operator.py took 0.107 seconds
[2025-02-06T09:05:55.321+0000] {processor.py:186} INFO - Started process (PID=205) to work on /opt/conda/lib/python3.12/site-packages/airflow/example_dags/example_short_circuit_operator.py
[2025-02-06T09:05:55.322+0000] {processor.py:914} INFO - Processing file /opt/conda/lib/python3.12/site-packages/airflow/example_dags/example_short_circuit_operator.py for tasks to queue
[2025-02-06T09:05:55.326+0000] {logging_mixin.py:190} INFO - [2025-02-06T09:05:55.325+0000] {dagbag.py:588} INFO - Filling up the DagBag from /opt/conda/lib/python3.12/site-packages/airflow/example_dags/example_short_circuit_operator.py
[2025-02-06T09:05:55.332+0000] {processor.py:925} INFO - DAG(s) 'example_short_circuit_operator' retrieved from /opt/conda/lib/python3.12/site-packages/airflow/example_dags/example_short_circuit_operator.py
[2025-02-06T09:05:55.357+0000] {logging_mixin.py:190} INFO - [2025-02-06T09:05:55.356+0000] {dag.py:3239} INFO - Sync 1 DAGs
[2025-02-06T09:05:55.373+0000] {logging_mixin.py:190} INFO - [2025-02-06T09:05:55.373+0000] {dag.py:4180} INFO - Setting next_dagrun for example_short_circuit_operator to None, run_after=None
[2025-02-06T09:05:55.437+0000] {processor.py:208} INFO - Processing /opt/conda/lib/python3.12/site-packages/airflow/example_dags/example_short_circuit_operator.py took 0.120 seconds
[2025-02-06T09:08:55.793+0000] {processor.py:186} INFO - Started process (PID=539) to work on /opt/conda/lib/python3.12/site-packages/airflow/example_dags/example_short_circuit_operator.py
[2025-02-06T09:08:55.794+0000] {processor.py:914} INFO - Processing file /opt/conda/lib/python3.12/site-packages/airflow/example_dags/example_short_circuit_operator.py for tasks to queue
[2025-02-06T09:08:55.796+0000] {logging_mixin.py:190} INFO - [2025-02-06T09:08:55.795+0000] {dagbag.py:588} INFO - Filling up the DagBag from /opt/conda/lib/python3.12/site-packages/airflow/example_dags/example_short_circuit_operator.py
[2025-02-06T09:08:55.802+0000] {processor.py:925} INFO - DAG(s) 'example_short_circuit_operator' retrieved from /opt/conda/lib/python3.12/site-packages/airflow/example_dags/example_short_circuit_operator.py
[2025-02-06T09:08:55.824+0000] {logging_mixin.py:190} INFO - [2025-02-06T09:08:55.823+0000] {dag.py:3239} INFO - Sync 1 DAGs
[2025-02-06T09:08:55.835+0000] {logging_mixin.py:190} INFO - [2025-02-06T09:08:55.835+0000] {dag.py:4180} INFO - Setting next_dagrun for example_short_circuit_operator to None, run_after=None
[2025-02-06T09:08:55.895+0000] {processor.py:208} INFO - Processing /opt/conda/lib/python3.12/site-packages/airflow/example_dags/example_short_circuit_operator.py took 0.106 seconds
[2025-02-06T09:13:32.252+0000] {processor.py:186} INFO - Started process (PID=1057) to work on /opt/conda/lib/python3.12/site-packages/airflow/example_dags/example_short_circuit_operator.py
[2025-02-06T09:13:32.253+0000] {processor.py:914} INFO - Processing file /opt/conda/lib/python3.12/site-packages/airflow/example_dags/example_short_circuit_operator.py for tasks to queue
[2025-02-06T09:13:32.255+0000] {logging_mixin.py:190} INFO - [2025-02-06T09:13:32.255+0000] {dagbag.py:588} INFO - Filling up the DagBag from /opt/conda/lib/python3.12/site-packages/airflow/example_dags/example_short_circuit_operator.py
[2025-02-06T09:13:32.262+0000] {processor.py:925} INFO - DAG(s) 'example_short_circuit_operator' retrieved from /opt/conda/lib/python3.12/site-packages/airflow/example_dags/example_short_circuit_operator.py
[2025-02-06T09:13:32.284+0000] {logging_mixin.py:190} INFO - [2025-02-06T09:13:32.284+0000] {dag.py:3239} INFO - Sync 1 DAGs
[2025-02-06T09:13:32.296+0000] {logging_mixin.py:190} INFO - [2025-02-06T09:13:32.295+0000] {dag.py:4180} INFO - Setting next_dagrun for example_short_circuit_operator to None, run_after=None
[2025-02-06T09:13:32.347+0000] {processor.py:208} INFO - Processing /opt/conda/lib/python3.12/site-packages/airflow/example_dags/example_short_circuit_operator.py took 0.099 seconds
[2025-02-06T09:18:03.407+0000] {processor.py:186} INFO - Started process (PID=1565) to work on /opt/conda/lib/python3.12/site-packages/airflow/example_dags/example_short_circuit_operator.py
[2025-02-06T09:18:03.408+0000] {processor.py:914} INFO - Processing file /opt/conda/lib/python3.12/site-packages/airflow/example_dags/example_short_circuit_operator.py for tasks to queue
[2025-02-06T09:18:03.410+0000] {logging_mixin.py:190} INFO - [2025-02-06T09:18:03.410+0000] {dagbag.py:588} INFO - Filling up the DagBag from /opt/conda/lib/python3.12/site-packages/airflow/example_dags/example_short_circuit_operator.py
[2025-02-06T09:18:03.416+0000] {processor.py:925} INFO - DAG(s) 'example_short_circuit_operator' retrieved from /opt/conda/lib/python3.12/site-packages/airflow/example_dags/example_short_circuit_operator.py
[2025-02-06T09:18:03.442+0000] {logging_mixin.py:190} INFO - [2025-02-06T09:18:03.442+0000] {dag.py:3239} INFO - Sync 1 DAGs
[2025-02-06T09:18:03.539+0000] {logging_mixin.py:190} INFO - [2025-02-06T09:18:03.538+0000] {dag.py:4180} INFO - Setting next_dagrun for example_short_circuit_operator to None, run_after=None
[2025-02-06T09:18:03.603+0000] {processor.py:208} INFO - Processing /opt/conda/lib/python3.12/site-packages/airflow/example_dags/example_short_circuit_operator.py took 0.200 seconds
[2025-02-06T09:23:36.159+0000] {processor.py:186} INFO - Started process (PID=2119) to work on /opt/conda/lib/python3.12/site-packages/airflow/example_dags/example_short_circuit_operator.py
[2025-02-06T09:23:36.160+0000] {processor.py:914} INFO - Processing file /opt/conda/lib/python3.12/site-packages/airflow/example_dags/example_short_circuit_operator.py for tasks to queue
[2025-02-06T09:23:36.162+0000] {logging_mixin.py:190} INFO - [2025-02-06T09:23:36.162+0000] {dagbag.py:588} INFO - Filling up the DagBag from /opt/conda/lib/python3.12/site-packages/airflow/example_dags/example_short_circuit_operator.py
[2025-02-06T09:23:36.170+0000] {processor.py:925} INFO - DAG(s) 'example_short_circuit_operator' retrieved from /opt/conda/lib/python3.12/site-packages/airflow/example_dags/example_short_circuit_operator.py
[2025-02-06T09:23:36.197+0000] {logging_mixin.py:190} INFO - [2025-02-06T09:23:36.196+0000] {dag.py:3239} INFO - Sync 1 DAGs
[2025-02-06T09:23:36.209+0000] {logging_mixin.py:190} INFO - [2025-02-06T09:23:36.209+0000] {dag.py:4180} INFO - Setting next_dagrun for example_short_circuit_operator to None, run_after=None
[2025-02-06T09:23:36.274+0000] {processor.py:208} INFO - Processing /opt/conda/lib/python3.12/site-packages/airflow/example_dags/example_short_circuit_operator.py took 0.120 seconds
[2025-02-06T09:26:49.429+0000] {processor.py:186} INFO - Started process (PID=287) to work on /opt/conda/lib/python3.12/site-packages/airflow/example_dags/example_short_circuit_operator.py
[2025-02-06T09:26:49.430+0000] {processor.py:914} INFO - Processing file /opt/conda/lib/python3.12/site-packages/airflow/example_dags/example_short_circuit_operator.py for tasks to queue
[2025-02-06T09:26:49.433+0000] {logging_mixin.py:190} INFO - [2025-02-06T09:26:49.433+0000] {dagbag.py:588} INFO - Filling up the DagBag from /opt/conda/lib/python3.12/site-packages/airflow/example_dags/example_short_circuit_operator.py
[2025-02-06T09:26:49.445+0000] {processor.py:925} INFO - DAG(s) 'example_short_circuit_operator' retrieved from /opt/conda/lib/python3.12/site-packages/airflow/example_dags/example_short_circuit_operator.py
[2025-02-06T09:26:49.472+0000] {logging_mixin.py:190} INFO - [2025-02-06T09:26:49.472+0000] {dag.py:3239} INFO - Sync 1 DAGs
[2025-02-06T09:26:49.482+0000] {logging_mixin.py:190} INFO - [2025-02-06T09:26:49.482+0000] {dag.py:4180} INFO - Setting next_dagrun for example_short_circuit_operator to None, run_after=None
[2025-02-06T09:26:49.525+0000] {processor.py:208} INFO - Processing /opt/conda/lib/python3.12/site-packages/airflow/example_dags/example_short_circuit_operator.py took 0.103 seconds
[2025-02-06T09:33:34.690+0000] {processor.py:186} INFO - Started process (PID=510) to work on /opt/conda/lib/python3.12/site-packages/airflow/example_dags/example_short_circuit_operator.py
[2025-02-06T09:33:34.692+0000] {processor.py:914} INFO - Processing file /opt/conda/lib/python3.12/site-packages/airflow/example_dags/example_short_circuit_operator.py for tasks to queue
[2025-02-06T09:33:34.695+0000] {logging_mixin.py:190} INFO - [2025-02-06T09:33:34.695+0000] {dagbag.py:588} INFO - Filling up the DagBag from /opt/conda/lib/python3.12/site-packages/airflow/example_dags/example_short_circuit_operator.py
[2025-02-06T09:33:34.701+0000] {processor.py:925} INFO - DAG(s) 'example_short_circuit_operator' retrieved from /opt/conda/lib/python3.12/site-packages/airflow/example_dags/example_short_circuit_operator.py
[2025-02-06T09:33:34.728+0000] {logging_mixin.py:190} INFO - [2025-02-06T09:33:34.728+0000] {dag.py:3239} INFO - Sync 1 DAGs
[2025-02-06T09:33:34.742+0000] {logging_mixin.py:190} INFO - [2025-02-06T09:33:34.742+0000] {dag.py:4180} INFO - Setting next_dagrun for example_short_circuit_operator to None, run_after=None
[2025-02-06T09:33:34.843+0000] {processor.py:208} INFO - Processing /opt/conda/lib/python3.12/site-packages/airflow/example_dags/example_short_circuit_operator.py took 0.158 seconds
[2025-02-06T09:38:56.547+0000] {processor.py:186} INFO - Started process (PID=1088) to work on /opt/conda/lib/python3.12/site-packages/airflow/example_dags/example_short_circuit_operator.py
[2025-02-06T09:38:56.548+0000] {processor.py:914} INFO - Processing file /opt/conda/lib/python3.12/site-packages/airflow/example_dags/example_short_circuit_operator.py for tasks to queue
[2025-02-06T09:38:56.550+0000] {logging_mixin.py:190} INFO - [2025-02-06T09:38:56.550+0000] {dagbag.py:588} INFO - Filling up the DagBag from /opt/conda/lib/python3.12/site-packages/airflow/example_dags/example_short_circuit_operator.py
[2025-02-06T09:38:56.557+0000] {processor.py:925} INFO - DAG(s) 'example_short_circuit_operator' retrieved from /opt/conda/lib/python3.12/site-packages/airflow/example_dags/example_short_circuit_operator.py
[2025-02-06T09:38:56.578+0000] {logging_mixin.py:190} INFO - [2025-02-06T09:38:56.578+0000] {dag.py:3239} INFO - Sync 1 DAGs
[2025-02-06T09:38:56.591+0000] {logging_mixin.py:190} INFO - [2025-02-06T09:38:56.591+0000] {dag.py:4180} INFO - Setting next_dagrun for example_short_circuit_operator to None, run_after=None
[2025-02-06T09:38:56.647+0000] {processor.py:208} INFO - Processing /opt/conda/lib/python3.12/site-packages/airflow/example_dags/example_short_circuit_operator.py took 0.104 seconds
[2025-02-06T09:42:57.967+0000] {processor.py:186} INFO - Started process (PID=1494) to work on /opt/conda/lib/python3.12/site-packages/airflow/example_dags/example_short_circuit_operator.py
[2025-02-06T09:42:57.969+0000] {processor.py:914} INFO - Processing file /opt/conda/lib/python3.12/site-packages/airflow/example_dags/example_short_circuit_operator.py for tasks to queue
[2025-02-06T09:42:57.971+0000] {logging_mixin.py:190} INFO - [2025-02-06T09:42:57.971+0000] {dagbag.py:588} INFO - Filling up the DagBag from /opt/conda/lib/python3.12/site-packages/airflow/example_dags/example_short_circuit_operator.py
[2025-02-06T09:42:57.978+0000] {processor.py:925} INFO - DAG(s) 'example_short_circuit_operator' retrieved from /opt/conda/lib/python3.12/site-packages/airflow/example_dags/example_short_circuit_operator.py
[2025-02-06T09:42:58.008+0000] {logging_mixin.py:190} INFO - [2025-02-06T09:42:58.008+0000] {dag.py:3239} INFO - Sync 1 DAGs
[2025-02-06T09:42:58.024+0000] {logging_mixin.py:190} INFO - [2025-02-06T09:42:58.023+0000] {dag.py:4180} INFO - Setting next_dagrun for example_short_circuit_operator to None, run_after=None
[2025-02-06T09:42:58.083+0000] {processor.py:208} INFO - Processing /opt/conda/lib/python3.12/site-packages/airflow/example_dags/example_short_circuit_operator.py took 0.122 seconds
[2025-02-06T09:51:03.282+0000] {processor.py:186} INFO - Started process (PID=493) to work on /opt/conda/lib/python3.12/site-packages/airflow/example_dags/example_short_circuit_operator.py
[2025-02-06T09:51:03.284+0000] {processor.py:914} INFO - Processing file /opt/conda/lib/python3.12/site-packages/airflow/example_dags/example_short_circuit_operator.py for tasks to queue
[2025-02-06T09:51:03.287+0000] {logging_mixin.py:190} INFO - [2025-02-06T09:51:03.287+0000] {dagbag.py:588} INFO - Filling up the DagBag from /opt/conda/lib/python3.12/site-packages/airflow/example_dags/example_short_circuit_operator.py
[2025-02-06T09:51:03.295+0000] {processor.py:925} INFO - DAG(s) 'example_short_circuit_operator' retrieved from /opt/conda/lib/python3.12/site-packages/airflow/example_dags/example_short_circuit_operator.py
[2025-02-06T09:51:03.324+0000] {logging_mixin.py:190} INFO - [2025-02-06T09:51:03.323+0000] {dag.py:3239} INFO - Sync 1 DAGs
[2025-02-06T09:51:03.340+0000] {logging_mixin.py:190} INFO - [2025-02-06T09:51:03.340+0000] {dag.py:4180} INFO - Setting next_dagrun for example_short_circuit_operator to None, run_after=None
[2025-02-06T09:51:03.410+0000] {processor.py:208} INFO - Processing /opt/conda/lib/python3.12/site-packages/airflow/example_dags/example_short_circuit_operator.py took 0.133 seconds
[2025-02-06T09:56:14.291+0000] {processor.py:186} INFO - Started process (PID=1050) to work on /opt/conda/lib/python3.12/site-packages/airflow/example_dags/example_short_circuit_operator.py
[2025-02-06T09:56:14.292+0000] {processor.py:914} INFO - Processing file /opt/conda/lib/python3.12/site-packages/airflow/example_dags/example_short_circuit_operator.py for tasks to queue
[2025-02-06T09:56:14.294+0000] {logging_mixin.py:190} INFO - [2025-02-06T09:56:14.294+0000] {dagbag.py:588} INFO - Filling up the DagBag from /opt/conda/lib/python3.12/site-packages/airflow/example_dags/example_short_circuit_operator.py
[2025-02-06T09:56:14.301+0000] {processor.py:925} INFO - DAG(s) 'example_short_circuit_operator' retrieved from /opt/conda/lib/python3.12/site-packages/airflow/example_dags/example_short_circuit_operator.py
[2025-02-06T09:56:14.326+0000] {logging_mixin.py:190} INFO - [2025-02-06T09:56:14.325+0000] {dag.py:3239} INFO - Sync 1 DAGs
[2025-02-06T09:56:14.337+0000] {logging_mixin.py:190} INFO - [2025-02-06T09:56:14.337+0000] {dag.py:4180} INFO - Setting next_dagrun for example_short_circuit_operator to None, run_after=None
[2025-02-06T09:56:14.394+0000] {processor.py:208} INFO - Processing /opt/conda/lib/python3.12/site-packages/airflow/example_dags/example_short_circuit_operator.py took 0.108 seconds
[2025-02-06T10:05:08.499+0000] {processor.py:186} INFO - Started process (PID=2004) to work on /opt/conda/lib/python3.12/site-packages/airflow/example_dags/example_short_circuit_operator.py
[2025-02-06T10:05:08.501+0000] {processor.py:914} INFO - Processing file /opt/conda/lib/python3.12/site-packages/airflow/example_dags/example_short_circuit_operator.py for tasks to queue
[2025-02-06T10:05:08.505+0000] {logging_mixin.py:190} INFO - [2025-02-06T10:05:08.503+0000] {dagbag.py:588} INFO - Filling up the DagBag from /opt/conda/lib/python3.12/site-packages/airflow/example_dags/example_short_circuit_operator.py
[2025-02-06T10:05:08.516+0000] {processor.py:925} INFO - DAG(s) 'example_short_circuit_operator' retrieved from /opt/conda/lib/python3.12/site-packages/airflow/example_dags/example_short_circuit_operator.py
[2025-02-06T10:05:08.550+0000] {logging_mixin.py:190} INFO - [2025-02-06T10:05:08.549+0000] {dag.py:3239} INFO - Sync 1 DAGs
[2025-02-06T10:05:08.566+0000] {logging_mixin.py:190} INFO - [2025-02-06T10:05:08.566+0000] {dag.py:4180} INFO - Setting next_dagrun for example_short_circuit_operator to None, run_after=None
[2025-02-06T10:05:08.635+0000] {processor.py:208} INFO - Processing /opt/conda/lib/python3.12/site-packages/airflow/example_dags/example_short_circuit_operator.py took 0.144 seconds
[2025-02-06T10:09:04.108+0000] {processor.py:186} INFO - Started process (PID=2351) to work on /opt/conda/lib/python3.12/site-packages/airflow/example_dags/example_short_circuit_operator.py
[2025-02-06T10:09:04.109+0000] {processor.py:914} INFO - Processing file /opt/conda/lib/python3.12/site-packages/airflow/example_dags/example_short_circuit_operator.py for tasks to queue
[2025-02-06T10:09:04.111+0000] {logging_mixin.py:190} INFO - [2025-02-06T10:09:04.110+0000] {dagbag.py:588} INFO - Filling up the DagBag from /opt/conda/lib/python3.12/site-packages/airflow/example_dags/example_short_circuit_operator.py
[2025-02-06T10:09:04.117+0000] {processor.py:925} INFO - DAG(s) 'example_short_circuit_operator' retrieved from /opt/conda/lib/python3.12/site-packages/airflow/example_dags/example_short_circuit_operator.py
[2025-02-06T10:09:04.142+0000] {logging_mixin.py:190} INFO - [2025-02-06T10:09:04.141+0000] {dag.py:3239} INFO - Sync 1 DAGs
[2025-02-06T10:09:04.153+0000] {logging_mixin.py:190} INFO - [2025-02-06T10:09:04.153+0000] {dag.py:4180} INFO - Setting next_dagrun for example_short_circuit_operator to None, run_after=None
[2025-02-06T10:09:04.244+0000] {processor.py:208} INFO - Processing /opt/conda/lib/python3.12/site-packages/airflow/example_dags/example_short_circuit_operator.py took 0.140 seconds
[2025-02-06T10:15:58.901+0000] {processor.py:186} INFO - Started process (PID=3063) to work on /opt/conda/lib/python3.12/site-packages/airflow/example_dags/example_short_circuit_operator.py
[2025-02-06T10:15:58.903+0000] {processor.py:914} INFO - Processing file /opt/conda/lib/python3.12/site-packages/airflow/example_dags/example_short_circuit_operator.py for tasks to queue
[2025-02-06T10:15:58.904+0000] {logging_mixin.py:190} INFO - [2025-02-06T10:15:58.904+0000] {dagbag.py:588} INFO - Filling up the DagBag from /opt/conda/lib/python3.12/site-packages/airflow/example_dags/example_short_circuit_operator.py
[2025-02-06T10:15:58.913+0000] {processor.py:925} INFO - DAG(s) 'example_short_circuit_operator' retrieved from /opt/conda/lib/python3.12/site-packages/airflow/example_dags/example_short_circuit_operator.py
[2025-02-06T10:15:58.942+0000] {logging_mixin.py:190} INFO - [2025-02-06T10:15:58.942+0000] {dag.py:3239} INFO - Sync 1 DAGs
[2025-02-06T10:15:58.957+0000] {logging_mixin.py:190} INFO - [2025-02-06T10:15:58.957+0000] {dag.py:4180} INFO - Setting next_dagrun for example_short_circuit_operator to None, run_after=None
[2025-02-06T10:15:59.016+0000] {processor.py:208} INFO - Processing /opt/conda/lib/python3.12/site-packages/airflow/example_dags/example_short_circuit_operator.py took 0.122 seconds
[2025-02-06T10:21:53.874+0000] {processor.py:186} INFO - Started process (PID=3679) to work on /opt/conda/lib/python3.12/site-packages/airflow/example_dags/example_short_circuit_operator.py
[2025-02-06T10:21:53.875+0000] {processor.py:914} INFO - Processing file /opt/conda/lib/python3.12/site-packages/airflow/example_dags/example_short_circuit_operator.py for tasks to queue
[2025-02-06T10:21:53.876+0000] {logging_mixin.py:190} INFO - [2025-02-06T10:21:53.876+0000] {dagbag.py:588} INFO - Filling up the DagBag from /opt/conda/lib/python3.12/site-packages/airflow/example_dags/example_short_circuit_operator.py
[2025-02-06T10:21:53.884+0000] {processor.py:925} INFO - DAG(s) 'example_short_circuit_operator' retrieved from /opt/conda/lib/python3.12/site-packages/airflow/example_dags/example_short_circuit_operator.py
[2025-02-06T10:21:53.912+0000] {logging_mixin.py:190} INFO - [2025-02-06T10:21:53.912+0000] {dag.py:3239} INFO - Sync 1 DAGs
[2025-02-06T10:21:53.927+0000] {logging_mixin.py:190} INFO - [2025-02-06T10:21:53.926+0000] {dag.py:4180} INFO - Setting next_dagrun for example_short_circuit_operator to None, run_after=None
[2025-02-06T10:21:53.979+0000] {processor.py:208} INFO - Processing /opt/conda/lib/python3.12/site-packages/airflow/example_dags/example_short_circuit_operator.py took 0.111 seconds
[2025-02-06T10:24:25.808+0000] {processor.py:186} INFO - Started process (PID=3905) to work on /opt/conda/lib/python3.12/site-packages/airflow/example_dags/example_short_circuit_operator.py
[2025-02-06T10:24:25.810+0000] {processor.py:914} INFO - Processing file /opt/conda/lib/python3.12/site-packages/airflow/example_dags/example_short_circuit_operator.py for tasks to queue
[2025-02-06T10:24:25.812+0000] {logging_mixin.py:190} INFO - [2025-02-06T10:24:25.811+0000] {dagbag.py:588} INFO - Filling up the DagBag from /opt/conda/lib/python3.12/site-packages/airflow/example_dags/example_short_circuit_operator.py
[2025-02-06T10:24:25.819+0000] {processor.py:925} INFO - DAG(s) 'example_short_circuit_operator' retrieved from /opt/conda/lib/python3.12/site-packages/airflow/example_dags/example_short_circuit_operator.py
[2025-02-06T10:24:25.850+0000] {logging_mixin.py:190} INFO - [2025-02-06T10:24:25.849+0000] {dag.py:3239} INFO - Sync 1 DAGs
[2025-02-06T10:24:25.866+0000] {logging_mixin.py:190} INFO - [2025-02-06T10:24:25.866+0000] {dag.py:4180} INFO - Setting next_dagrun for example_short_circuit_operator to None, run_after=None
[2025-02-06T10:24:25.947+0000] {processor.py:208} INFO - Processing /opt/conda/lib/python3.12/site-packages/airflow/example_dags/example_short_circuit_operator.py took 0.145 seconds
[2025-02-06T11:40:34.564+0000] {processor.py:186} INFO - Started process (PID=375) to work on /opt/conda/lib/python3.12/site-packages/airflow/example_dags/example_short_circuit_operator.py
[2025-02-06T11:40:34.565+0000] {processor.py:914} INFO - Processing file /opt/conda/lib/python3.12/site-packages/airflow/example_dags/example_short_circuit_operator.py for tasks to queue
[2025-02-06T11:40:34.566+0000] {logging_mixin.py:190} INFO - [2025-02-06T11:40:34.566+0000] {dagbag.py:588} INFO - Filling up the DagBag from /opt/conda/lib/python3.12/site-packages/airflow/example_dags/example_short_circuit_operator.py
[2025-02-06T11:40:34.574+0000] {processor.py:925} INFO - DAG(s) 'example_short_circuit_operator' retrieved from /opt/conda/lib/python3.12/site-packages/airflow/example_dags/example_short_circuit_operator.py
[2025-02-06T11:40:34.604+0000] {logging_mixin.py:190} INFO - [2025-02-06T11:40:34.603+0000] {dag.py:3239} INFO - Sync 1 DAGs
[2025-02-06T11:40:34.616+0000] {logging_mixin.py:190} INFO - [2025-02-06T11:40:34.616+0000] {dag.py:4180} INFO - Setting next_dagrun for example_short_circuit_operator to None, run_after=None
[2025-02-06T11:40:34.673+0000] {processor.py:208} INFO - Processing /opt/conda/lib/python3.12/site-packages/airflow/example_dags/example_short_circuit_operator.py took 0.113 seconds
[2025-02-06T11:44:20.246+0000] {processor.py:186} INFO - Started process (PID=1371) to work on /opt/conda/lib/python3.12/site-packages/airflow/example_dags/example_short_circuit_operator.py
[2025-02-06T11:44:20.247+0000] {processor.py:914} INFO - Processing file /opt/conda/lib/python3.12/site-packages/airflow/example_dags/example_short_circuit_operator.py for tasks to queue
[2025-02-06T11:44:20.250+0000] {logging_mixin.py:190} INFO - [2025-02-06T11:44:20.249+0000] {dagbag.py:588} INFO - Filling up the DagBag from /opt/conda/lib/python3.12/site-packages/airflow/example_dags/example_short_circuit_operator.py
[2025-02-06T11:44:20.260+0000] {processor.py:925} INFO - DAG(s) 'example_short_circuit_operator' retrieved from /opt/conda/lib/python3.12/site-packages/airflow/example_dags/example_short_circuit_operator.py
[2025-02-06T11:44:20.297+0000] {logging_mixin.py:190} INFO - [2025-02-06T11:44:20.296+0000] {dag.py:3239} INFO - Sync 1 DAGs
[2025-02-06T11:44:20.314+0000] {logging_mixin.py:190} INFO - [2025-02-06T11:44:20.314+0000] {dag.py:4180} INFO - Setting next_dagrun for example_short_circuit_operator to None, run_after=None
[2025-02-06T11:44:20.388+0000] {processor.py:208} INFO - Processing /opt/conda/lib/python3.12/site-packages/airflow/example_dags/example_short_circuit_operator.py took 0.148 seconds
[2025-02-06T11:48:44.988+0000] {processor.py:186} INFO - Started process (PID=2265) to work on /opt/conda/lib/python3.12/site-packages/airflow/example_dags/example_short_circuit_operator.py
[2025-02-06T11:48:44.989+0000] {processor.py:914} INFO - Processing file /opt/conda/lib/python3.12/site-packages/airflow/example_dags/example_short_circuit_operator.py for tasks to queue
[2025-02-06T11:48:44.991+0000] {logging_mixin.py:190} INFO - [2025-02-06T11:48:44.990+0000] {dagbag.py:588} INFO - Filling up the DagBag from /opt/conda/lib/python3.12/site-packages/airflow/example_dags/example_short_circuit_operator.py
[2025-02-06T11:48:45.001+0000] {processor.py:925} INFO - DAG(s) 'example_short_circuit_operator' retrieved from /opt/conda/lib/python3.12/site-packages/airflow/example_dags/example_short_circuit_operator.py
[2025-02-06T11:48:45.042+0000] {logging_mixin.py:190} INFO - [2025-02-06T11:48:45.042+0000] {dag.py:3239} INFO - Sync 1 DAGs
[2025-02-06T11:48:45.063+0000] {logging_mixin.py:190} INFO - [2025-02-06T11:48:45.063+0000] {dag.py:4180} INFO - Setting next_dagrun for example_short_circuit_operator to None, run_after=None
[2025-02-06T11:48:45.146+0000] {processor.py:208} INFO - Processing /opt/conda/lib/python3.12/site-packages/airflow/example_dags/example_short_circuit_operator.py took 0.165 seconds
[2025-02-06T11:52:13.799+0000] {processor.py:186} INFO - Started process (PID=3219) to work on /opt/conda/lib/python3.12/site-packages/airflow/example_dags/example_short_circuit_operator.py
[2025-02-06T11:52:13.800+0000] {processor.py:914} INFO - Processing file /opt/conda/lib/python3.12/site-packages/airflow/example_dags/example_short_circuit_operator.py for tasks to queue
[2025-02-06T11:52:13.801+0000] {logging_mixin.py:190} INFO - [2025-02-06T11:52:13.801+0000] {dagbag.py:588} INFO - Filling up the DagBag from /opt/conda/lib/python3.12/site-packages/airflow/example_dags/example_short_circuit_operator.py
[2025-02-06T11:52:13.810+0000] {processor.py:925} INFO - DAG(s) 'example_short_circuit_operator' retrieved from /opt/conda/lib/python3.12/site-packages/airflow/example_dags/example_short_circuit_operator.py
[2025-02-06T11:52:13.839+0000] {logging_mixin.py:190} INFO - [2025-02-06T11:52:13.839+0000] {dag.py:3239} INFO - Sync 1 DAGs
[2025-02-06T11:52:13.855+0000] {logging_mixin.py:190} INFO - [2025-02-06T11:52:13.855+0000] {dag.py:4180} INFO - Setting next_dagrun for example_short_circuit_operator to None, run_after=None
[2025-02-06T11:52:13.912+0000] {processor.py:208} INFO - Processing /opt/conda/lib/python3.12/site-packages/airflow/example_dags/example_short_circuit_operator.py took 0.119 seconds
[2025-02-06T11:54:59.764+0000] {processor.py:186} INFO - Started process (PID=126) to work on /opt/conda/lib/python3.12/site-packages/airflow/example_dags/example_short_circuit_operator.py
[2025-02-06T11:54:59.765+0000] {processor.py:914} INFO - Processing file /opt/conda/lib/python3.12/site-packages/airflow/example_dags/example_short_circuit_operator.py for tasks to queue
[2025-02-06T11:54:59.768+0000] {logging_mixin.py:190} INFO - [2025-02-06T11:54:59.768+0000] {dagbag.py:588} INFO - Filling up the DagBag from /opt/conda/lib/python3.12/site-packages/airflow/example_dags/example_short_circuit_operator.py
[2025-02-06T11:54:59.776+0000] {processor.py:925} INFO - DAG(s) 'example_short_circuit_operator' retrieved from /opt/conda/lib/python3.12/site-packages/airflow/example_dags/example_short_circuit_operator.py
[2025-02-06T11:54:59.806+0000] {logging_mixin.py:190} INFO - [2025-02-06T11:54:59.805+0000] {dag.py:3239} INFO - Sync 1 DAGs
[2025-02-06T11:54:59.820+0000] {logging_mixin.py:190} INFO - [2025-02-06T11:54:59.820+0000] {dag.py:4180} INFO - Setting next_dagrun for example_short_circuit_operator to None, run_after=None
[2025-02-06T11:54:59.895+0000] {processor.py:208} INFO - Processing /opt/conda/lib/python3.12/site-packages/airflow/example_dags/example_short_circuit_operator.py took 0.136 seconds
[2025-02-06T11:59:15.701+0000] {processor.py:186} INFO - Started process (PID=395) to work on /opt/conda/lib/python3.12/site-packages/airflow/example_dags/example_short_circuit_operator.py
[2025-02-06T11:59:15.702+0000] {processor.py:914} INFO - Processing file /opt/conda/lib/python3.12/site-packages/airflow/example_dags/example_short_circuit_operator.py for tasks to queue
[2025-02-06T11:59:15.707+0000] {logging_mixin.py:190} INFO - [2025-02-06T11:59:15.706+0000] {dagbag.py:588} INFO - Filling up the DagBag from /opt/conda/lib/python3.12/site-packages/airflow/example_dags/example_short_circuit_operator.py
[2025-02-06T11:59:15.719+0000] {processor.py:925} INFO - DAG(s) 'example_short_circuit_operator' retrieved from /opt/conda/lib/python3.12/site-packages/airflow/example_dags/example_short_circuit_operator.py
[2025-02-06T11:59:15.762+0000] {logging_mixin.py:190} INFO - [2025-02-06T11:59:15.762+0000] {dag.py:3239} INFO - Sync 1 DAGs
[2025-02-06T11:59:15.782+0000] {logging_mixin.py:190} INFO - [2025-02-06T11:59:15.782+0000] {dag.py:4180} INFO - Setting next_dagrun for example_short_circuit_operator to None, run_after=None
[2025-02-06T11:59:15.858+0000] {processor.py:208} INFO - Processing /opt/conda/lib/python3.12/site-packages/airflow/example_dags/example_short_circuit_operator.py took 0.166 seconds
[2025-02-06T12:04:22.166+0000] {processor.py:186} INFO - Started process (PID=375) to work on /opt/conda/lib/python3.12/site-packages/airflow/example_dags/example_short_circuit_operator.py
[2025-02-06T12:04:22.167+0000] {processor.py:914} INFO - Processing file /opt/conda/lib/python3.12/site-packages/airflow/example_dags/example_short_circuit_operator.py for tasks to queue
[2025-02-06T12:04:22.170+0000] {logging_mixin.py:190} INFO - [2025-02-06T12:04:22.169+0000] {dagbag.py:588} INFO - Filling up the DagBag from /opt/conda/lib/python3.12/site-packages/airflow/example_dags/example_short_circuit_operator.py
[2025-02-06T12:04:22.179+0000] {processor.py:925} INFO - DAG(s) 'example_short_circuit_operator' retrieved from /opt/conda/lib/python3.12/site-packages/airflow/example_dags/example_short_circuit_operator.py
[2025-02-06T12:04:22.211+0000] {logging_mixin.py:190} INFO - [2025-02-06T12:04:22.210+0000] {dag.py:3239} INFO - Sync 1 DAGs
[2025-02-06T12:04:22.224+0000] {logging_mixin.py:190} INFO - [2025-02-06T12:04:22.224+0000] {dag.py:4180} INFO - Setting next_dagrun for example_short_circuit_operator to None, run_after=None
[2025-02-06T12:04:22.285+0000] {processor.py:208} INFO - Processing /opt/conda/lib/python3.12/site-packages/airflow/example_dags/example_short_circuit_operator.py took 0.123 seconds
[2025-02-06T12:07:14.927+0000] {processor.py:186} INFO - Started process (PID=1390) to work on /opt/conda/lib/python3.12/site-packages/airflow/example_dags/example_short_circuit_operator.py
[2025-02-06T12:07:14.928+0000] {processor.py:914} INFO - Processing file /opt/conda/lib/python3.12/site-packages/airflow/example_dags/example_short_circuit_operator.py for tasks to queue
[2025-02-06T12:07:14.930+0000] {logging_mixin.py:190} INFO - [2025-02-06T12:07:14.930+0000] {dagbag.py:588} INFO - Filling up the DagBag from /opt/conda/lib/python3.12/site-packages/airflow/example_dags/example_short_circuit_operator.py
[2025-02-06T12:07:14.937+0000] {processor.py:925} INFO - DAG(s) 'example_short_circuit_operator' retrieved from /opt/conda/lib/python3.12/site-packages/airflow/example_dags/example_short_circuit_operator.py
[2025-02-06T12:07:14.960+0000] {logging_mixin.py:190} INFO - [2025-02-06T12:07:14.960+0000] {dag.py:3239} INFO - Sync 1 DAGs
[2025-02-06T12:07:14.974+0000] {logging_mixin.py:190} INFO - [2025-02-06T12:07:14.974+0000] {dag.py:4180} INFO - Setting next_dagrun for example_short_circuit_operator to None, run_after=None
[2025-02-06T12:07:15.032+0000] {processor.py:208} INFO - Processing /opt/conda/lib/python3.12/site-packages/airflow/example_dags/example_short_circuit_operator.py took 0.108 seconds
[2025-02-06T12:11:52.808+0000] {processor.py:186} INFO - Started process (PID=381) to work on /opt/conda/lib/python3.12/site-packages/airflow/example_dags/example_short_circuit_operator.py
[2025-02-06T12:11:52.809+0000] {processor.py:914} INFO - Processing file /opt/conda/lib/python3.12/site-packages/airflow/example_dags/example_short_circuit_operator.py for tasks to queue
[2025-02-06T12:11:52.811+0000] {logging_mixin.py:190} INFO - [2025-02-06T12:11:52.811+0000] {dagbag.py:588} INFO - Filling up the DagBag from /opt/conda/lib/python3.12/site-packages/airflow/example_dags/example_short_circuit_operator.py
[2025-02-06T12:11:52.819+0000] {processor.py:925} INFO - DAG(s) 'example_short_circuit_operator' retrieved from /opt/conda/lib/python3.12/site-packages/airflow/example_dags/example_short_circuit_operator.py
[2025-02-06T12:11:52.847+0000] {logging_mixin.py:190} INFO - [2025-02-06T12:11:52.847+0000] {dag.py:3239} INFO - Sync 1 DAGs
[2025-02-06T12:11:52.872+0000] {logging_mixin.py:190} INFO - [2025-02-06T12:11:52.872+0000] {dag.py:4180} INFO - Setting next_dagrun for example_short_circuit_operator to None, run_after=None
[2025-02-06T12:11:52.939+0000] {processor.py:208} INFO - Processing /opt/conda/lib/python3.12/site-packages/airflow/example_dags/example_short_circuit_operator.py took 0.135 seconds
[2025-02-06T12:22:55.509+0000] {processor.py:186} INFO - Started process (PID=596) to work on /opt/conda/lib/python3.12/site-packages/airflow/example_dags/example_short_circuit_operator.py
[2025-02-06T12:22:55.510+0000] {processor.py:914} INFO - Processing file /opt/conda/lib/python3.12/site-packages/airflow/example_dags/example_short_circuit_operator.py for tasks to queue
[2025-02-06T12:22:55.514+0000] {logging_mixin.py:190} INFO - [2025-02-06T12:22:55.514+0000] {dagbag.py:588} INFO - Filling up the DagBag from /opt/conda/lib/python3.12/site-packages/airflow/example_dags/example_short_circuit_operator.py
[2025-02-06T12:22:55.520+0000] {processor.py:925} INFO - DAG(s) 'example_short_circuit_operator' retrieved from /opt/conda/lib/python3.12/site-packages/airflow/example_dags/example_short_circuit_operator.py
[2025-02-06T12:22:55.543+0000] {logging_mixin.py:190} INFO - [2025-02-06T12:22:55.542+0000] {dag.py:3239} INFO - Sync 1 DAGs
[2025-02-06T12:22:55.553+0000] {logging_mixin.py:190} INFO - [2025-02-06T12:22:55.553+0000] {dag.py:4180} INFO - Setting next_dagrun for example_short_circuit_operator to None, run_after=None
[2025-02-06T12:22:55.608+0000] {processor.py:208} INFO - Processing /opt/conda/lib/python3.12/site-packages/airflow/example_dags/example_short_circuit_operator.py took 0.103 seconds
[2025-02-06T12:24:55.705+0000] {processor.py:186} INFO - Started process (PID=1381) to work on /opt/conda/lib/python3.12/site-packages/airflow/example_dags/example_short_circuit_operator.py
[2025-02-06T12:24:55.707+0000] {processor.py:914} INFO - Processing file /opt/conda/lib/python3.12/site-packages/airflow/example_dags/example_short_circuit_operator.py for tasks to queue
[2025-02-06T12:24:55.709+0000] {logging_mixin.py:190} INFO - [2025-02-06T12:24:55.708+0000] {dagbag.py:588} INFO - Filling up the DagBag from /opt/conda/lib/python3.12/site-packages/airflow/example_dags/example_short_circuit_operator.py
[2025-02-06T12:24:55.715+0000] {processor.py:925} INFO - DAG(s) 'example_short_circuit_operator' retrieved from /opt/conda/lib/python3.12/site-packages/airflow/example_dags/example_short_circuit_operator.py
[2025-02-06T12:24:55.740+0000] {logging_mixin.py:190} INFO - [2025-02-06T12:24:55.740+0000] {dag.py:3239} INFO - Sync 1 DAGs
[2025-02-06T12:24:55.751+0000] {logging_mixin.py:190} INFO - [2025-02-06T12:24:55.750+0000] {dag.py:4180} INFO - Setting next_dagrun for example_short_circuit_operator to None, run_after=None
[2025-02-06T12:24:55.804+0000] {processor.py:208} INFO - Processing /opt/conda/lib/python3.12/site-packages/airflow/example_dags/example_short_circuit_operator.py took 0.102 seconds
[2025-02-06T12:28:31.878+0000] {processor.py:186} INFO - Started process (PID=3110) to work on /opt/conda/lib/python3.12/site-packages/airflow/example_dags/example_short_circuit_operator.py
[2025-02-06T12:28:31.879+0000] {processor.py:914} INFO - Processing file /opt/conda/lib/python3.12/site-packages/airflow/example_dags/example_short_circuit_operator.py for tasks to queue
[2025-02-06T12:28:31.882+0000] {logging_mixin.py:190} INFO - [2025-02-06T12:28:31.882+0000] {dagbag.py:588} INFO - Filling up the DagBag from /opt/conda/lib/python3.12/site-packages/airflow/example_dags/example_short_circuit_operator.py
[2025-02-06T12:28:31.890+0000] {processor.py:925} INFO - DAG(s) 'example_short_circuit_operator' retrieved from /opt/conda/lib/python3.12/site-packages/airflow/example_dags/example_short_circuit_operator.py
[2025-02-06T12:28:31.922+0000] {logging_mixin.py:190} INFO - [2025-02-06T12:28:31.921+0000] {dag.py:3239} INFO - Sync 1 DAGs
[2025-02-06T12:28:31.936+0000] {logging_mixin.py:190} INFO - [2025-02-06T12:28:31.936+0000] {dag.py:4180} INFO - Setting next_dagrun for example_short_circuit_operator to None, run_after=None
[2025-02-06T12:28:31.999+0000] {processor.py:208} INFO - Processing /opt/conda/lib/python3.12/site-packages/airflow/example_dags/example_short_circuit_operator.py took 0.125 seconds
[2025-02-06T12:32:22.699+0000] {processor.py:186} INFO - Started process (PID=5123) to work on /opt/conda/lib/python3.12/site-packages/airflow/example_dags/example_short_circuit_operator.py
[2025-02-06T12:32:22.701+0000] {processor.py:914} INFO - Processing file /opt/conda/lib/python3.12/site-packages/airflow/example_dags/example_short_circuit_operator.py for tasks to queue
[2025-02-06T12:32:22.703+0000] {logging_mixin.py:190} INFO - [2025-02-06T12:32:22.702+0000] {dagbag.py:588} INFO - Filling up the DagBag from /opt/conda/lib/python3.12/site-packages/airflow/example_dags/example_short_circuit_operator.py
[2025-02-06T12:32:22.710+0000] {processor.py:925} INFO - DAG(s) 'example_short_circuit_operator' retrieved from /opt/conda/lib/python3.12/site-packages/airflow/example_dags/example_short_circuit_operator.py
[2025-02-06T12:32:22.734+0000] {logging_mixin.py:190} INFO - [2025-02-06T12:32:22.734+0000] {dag.py:3239} INFO - Sync 1 DAGs
[2025-02-06T12:32:22.745+0000] {logging_mixin.py:190} INFO - [2025-02-06T12:32:22.745+0000] {dag.py:4180} INFO - Setting next_dagrun for example_short_circuit_operator to None, run_after=None
[2025-02-06T12:32:22.800+0000] {processor.py:208} INFO - Processing /opt/conda/lib/python3.12/site-packages/airflow/example_dags/example_short_circuit_operator.py took 0.109 seconds
[2025-02-06T12:36:33.160+0000] {processor.py:186} INFO - Started process (PID=7279) to work on /opt/conda/lib/python3.12/site-packages/airflow/example_dags/example_short_circuit_operator.py
[2025-02-06T12:36:33.161+0000] {processor.py:914} INFO - Processing file /opt/conda/lib/python3.12/site-packages/airflow/example_dags/example_short_circuit_operator.py for tasks to queue
[2025-02-06T12:36:33.163+0000] {logging_mixin.py:190} INFO - [2025-02-06T12:36:33.163+0000] {dagbag.py:588} INFO - Filling up the DagBag from /opt/conda/lib/python3.12/site-packages/airflow/example_dags/example_short_circuit_operator.py
[2025-02-06T12:36:33.178+0000] {processor.py:925} INFO - DAG(s) 'example_short_circuit_operator' retrieved from /opt/conda/lib/python3.12/site-packages/airflow/example_dags/example_short_circuit_operator.py
[2025-02-06T12:36:33.201+0000] {logging_mixin.py:190} INFO - [2025-02-06T12:36:33.201+0000] {dag.py:3239} INFO - Sync 1 DAGs
[2025-02-06T12:36:33.215+0000] {logging_mixin.py:190} INFO - [2025-02-06T12:36:33.215+0000] {dag.py:4180} INFO - Setting next_dagrun for example_short_circuit_operator to None, run_after=None
[2025-02-06T12:36:33.266+0000] {processor.py:208} INFO - Processing /opt/conda/lib/python3.12/site-packages/airflow/example_dags/example_short_circuit_operator.py took 0.111 seconds
[2025-02-06T12:40:40.368+0000] {processor.py:186} INFO - Started process (PID=9365) to work on /opt/conda/lib/python3.12/site-packages/airflow/example_dags/example_short_circuit_operator.py
[2025-02-06T12:40:40.370+0000] {processor.py:914} INFO - Processing file /opt/conda/lib/python3.12/site-packages/airflow/example_dags/example_short_circuit_operator.py for tasks to queue
[2025-02-06T12:40:40.371+0000] {logging_mixin.py:190} INFO - [2025-02-06T12:40:40.371+0000] {dagbag.py:588} INFO - Filling up the DagBag from /opt/conda/lib/python3.12/site-packages/airflow/example_dags/example_short_circuit_operator.py
[2025-02-06T12:40:40.378+0000] {processor.py:925} INFO - DAG(s) 'example_short_circuit_operator' retrieved from /opt/conda/lib/python3.12/site-packages/airflow/example_dags/example_short_circuit_operator.py
[2025-02-06T12:40:40.404+0000] {logging_mixin.py:190} INFO - [2025-02-06T12:40:40.403+0000] {dag.py:3239} INFO - Sync 1 DAGs
[2025-02-06T12:40:40.429+0000] {logging_mixin.py:190} INFO - [2025-02-06T12:40:40.429+0000] {dag.py:4180} INFO - Setting next_dagrun for example_short_circuit_operator to None, run_after=None
[2025-02-06T12:40:40.484+0000] {processor.py:208} INFO - Processing /opt/conda/lib/python3.12/site-packages/airflow/example_dags/example_short_circuit_operator.py took 0.120 seconds
[2025-02-06T12:44:46.758+0000] {processor.py:186} INFO - Started process (PID=11483) to work on /opt/conda/lib/python3.12/site-packages/airflow/example_dags/example_short_circuit_operator.py
[2025-02-06T12:44:46.759+0000] {processor.py:914} INFO - Processing file /opt/conda/lib/python3.12/site-packages/airflow/example_dags/example_short_circuit_operator.py for tasks to queue
[2025-02-06T12:44:46.761+0000] {logging_mixin.py:190} INFO - [2025-02-06T12:44:46.760+0000] {dagbag.py:588} INFO - Filling up the DagBag from /opt/conda/lib/python3.12/site-packages/airflow/example_dags/example_short_circuit_operator.py
[2025-02-06T12:44:46.768+0000] {processor.py:925} INFO - DAG(s) 'example_short_circuit_operator' retrieved from /opt/conda/lib/python3.12/site-packages/airflow/example_dags/example_short_circuit_operator.py
[2025-02-06T12:44:46.793+0000] {logging_mixin.py:190} INFO - [2025-02-06T12:44:46.792+0000] {dag.py:3239} INFO - Sync 1 DAGs
[2025-02-06T12:44:46.805+0000] {logging_mixin.py:190} INFO - [2025-02-06T12:44:46.805+0000] {dag.py:4180} INFO - Setting next_dagrun for example_short_circuit_operator to None, run_after=None
[2025-02-06T12:44:46.853+0000] {processor.py:208} INFO - Processing /opt/conda/lib/python3.12/site-packages/airflow/example_dags/example_short_circuit_operator.py took 0.099 seconds
[2025-02-06T12:49:32.055+0000] {processor.py:186} INFO - Started process (PID=13671) to work on /opt/conda/lib/python3.12/site-packages/airflow/example_dags/example_short_circuit_operator.py
[2025-02-06T12:49:32.057+0000] {processor.py:914} INFO - Processing file /opt/conda/lib/python3.12/site-packages/airflow/example_dags/example_short_circuit_operator.py for tasks to queue
[2025-02-06T12:49:32.059+0000] {logging_mixin.py:190} INFO - [2025-02-06T12:49:32.058+0000] {dagbag.py:588} INFO - Filling up the DagBag from /opt/conda/lib/python3.12/site-packages/airflow/example_dags/example_short_circuit_operator.py
[2025-02-06T12:49:32.065+0000] {processor.py:925} INFO - DAG(s) 'example_short_circuit_operator' retrieved from /opt/conda/lib/python3.12/site-packages/airflow/example_dags/example_short_circuit_operator.py
[2025-02-06T12:49:32.096+0000] {logging_mixin.py:190} INFO - [2025-02-06T12:49:32.096+0000] {dag.py:3239} INFO - Sync 1 DAGs
[2025-02-06T12:49:32.115+0000] {logging_mixin.py:190} INFO - [2025-02-06T12:49:32.115+0000] {dag.py:4180} INFO - Setting next_dagrun for example_short_circuit_operator to None, run_after=None
[2025-02-06T12:49:32.186+0000] {processor.py:208} INFO - Processing /opt/conda/lib/python3.12/site-packages/airflow/example_dags/example_short_circuit_operator.py took 0.135 seconds
[2025-02-06T12:59:44.944+0000] {processor.py:186} INFO - Started process (PID=620) to work on /opt/conda/lib/python3.12/site-packages/airflow/example_dags/example_short_circuit_operator.py
[2025-02-06T12:59:44.945+0000] {processor.py:914} INFO - Processing file /opt/conda/lib/python3.12/site-packages/airflow/example_dags/example_short_circuit_operator.py for tasks to queue
[2025-02-06T12:59:44.947+0000] {logging_mixin.py:190} INFO - [2025-02-06T12:59:44.947+0000] {dagbag.py:588} INFO - Filling up the DagBag from /opt/conda/lib/python3.12/site-packages/airflow/example_dags/example_short_circuit_operator.py
[2025-02-06T12:59:44.962+0000] {processor.py:925} INFO - DAG(s) 'example_short_circuit_operator' retrieved from /opt/conda/lib/python3.12/site-packages/airflow/example_dags/example_short_circuit_operator.py
[2025-02-06T12:59:45.006+0000] {logging_mixin.py:190} INFO - [2025-02-06T12:59:45.005+0000] {dag.py:3239} INFO - Sync 1 DAGs
[2025-02-06T12:59:45.028+0000] {logging_mixin.py:190} INFO - [2025-02-06T12:59:45.028+0000] {dag.py:4180} INFO - Setting next_dagrun for example_short_circuit_operator to None, run_after=None
[2025-02-06T12:59:45.250+0000] {processor.py:208} INFO - Processing /opt/conda/lib/python3.12/site-packages/airflow/example_dags/example_short_circuit_operator.py took 0.315 seconds
[2025-02-06T13:02:57.455+0000] {processor.py:186} INFO - Started process (PID=1596) to work on /opt/conda/lib/python3.12/site-packages/airflow/example_dags/example_short_circuit_operator.py
[2025-02-06T13:02:57.456+0000] {processor.py:914} INFO - Processing file /opt/conda/lib/python3.12/site-packages/airflow/example_dags/example_short_circuit_operator.py for tasks to queue
[2025-02-06T13:02:57.459+0000] {logging_mixin.py:190} INFO - [2025-02-06T13:02:57.458+0000] {dagbag.py:588} INFO - Filling up the DagBag from /opt/conda/lib/python3.12/site-packages/airflow/example_dags/example_short_circuit_operator.py
[2025-02-06T13:02:57.467+0000] {processor.py:925} INFO - DAG(s) 'example_short_circuit_operator' retrieved from /opt/conda/lib/python3.12/site-packages/airflow/example_dags/example_short_circuit_operator.py
[2025-02-06T13:02:57.491+0000] {logging_mixin.py:190} INFO - [2025-02-06T13:02:57.490+0000] {dag.py:3239} INFO - Sync 1 DAGs
[2025-02-06T13:02:57.502+0000] {logging_mixin.py:190} INFO - [2025-02-06T13:02:57.502+0000] {dag.py:4180} INFO - Setting next_dagrun for example_short_circuit_operator to None, run_after=None
[2025-02-06T13:02:57.551+0000] {processor.py:208} INFO - Processing /opt/conda/lib/python3.12/site-packages/airflow/example_dags/example_short_circuit_operator.py took 0.099 seconds
[2025-02-06T13:05:11.792+0000] {processor.py:186} INFO - Started process (PID=2294) to work on /opt/conda/lib/python3.12/site-packages/airflow/example_dags/example_short_circuit_operator.py
[2025-02-06T13:05:11.794+0000] {processor.py:914} INFO - Processing file /opt/conda/lib/python3.12/site-packages/airflow/example_dags/example_short_circuit_operator.py for tasks to queue
[2025-02-06T13:05:11.795+0000] {logging_mixin.py:190} INFO - [2025-02-06T13:05:11.795+0000] {dagbag.py:588} INFO - Filling up the DagBag from /opt/conda/lib/python3.12/site-packages/airflow/example_dags/example_short_circuit_operator.py
[2025-02-06T13:05:11.802+0000] {processor.py:925} INFO - DAG(s) 'example_short_circuit_operator' retrieved from /opt/conda/lib/python3.12/site-packages/airflow/example_dags/example_short_circuit_operator.py
[2025-02-06T13:05:11.826+0000] {logging_mixin.py:190} INFO - [2025-02-06T13:05:11.826+0000] {dag.py:3239} INFO - Sync 1 DAGs
[2025-02-06T13:05:11.838+0000] {logging_mixin.py:190} INFO - [2025-02-06T13:05:11.837+0000] {dag.py:4180} INFO - Setting next_dagrun for example_short_circuit_operator to None, run_after=None
[2025-02-06T13:05:11.887+0000] {processor.py:208} INFO - Processing /opt/conda/lib/python3.12/site-packages/airflow/example_dags/example_short_circuit_operator.py took 0.099 seconds
[2025-02-06T13:20:20.496+0000] {processor.py:186} INFO - Started process (PID=688) to work on /opt/conda/lib/python3.12/site-packages/airflow/example_dags/example_short_circuit_operator.py
[2025-02-06T13:20:20.497+0000] {processor.py:914} INFO - Processing file /opt/conda/lib/python3.12/site-packages/airflow/example_dags/example_short_circuit_operator.py for tasks to queue
[2025-02-06T13:20:20.499+0000] {logging_mixin.py:190} INFO - [2025-02-06T13:20:20.499+0000] {dagbag.py:588} INFO - Filling up the DagBag from /opt/conda/lib/python3.12/site-packages/airflow/example_dags/example_short_circuit_operator.py
[2025-02-06T13:20:20.505+0000] {processor.py:925} INFO - DAG(s) 'example_short_circuit_operator' retrieved from /opt/conda/lib/python3.12/site-packages/airflow/example_dags/example_short_circuit_operator.py
[2025-02-06T13:20:20.528+0000] {logging_mixin.py:190} INFO - [2025-02-06T13:20:20.528+0000] {dag.py:3239} INFO - Sync 1 DAGs
[2025-02-06T13:20:20.539+0000] {logging_mixin.py:190} INFO - [2025-02-06T13:20:20.539+0000] {dag.py:4180} INFO - Setting next_dagrun for example_short_circuit_operator to None, run_after=None
[2025-02-06T13:20:20.613+0000] {processor.py:208} INFO - Processing /opt/conda/lib/python3.12/site-packages/airflow/example_dags/example_short_circuit_operator.py took 0.120 seconds
[2025-02-06T13:24:48.064+0000] {processor.py:186} INFO - Started process (PID=2469) to work on /opt/conda/lib/python3.12/site-packages/airflow/example_dags/example_short_circuit_operator.py
[2025-02-06T13:24:48.065+0000] {processor.py:914} INFO - Processing file /opt/conda/lib/python3.12/site-packages/airflow/example_dags/example_short_circuit_operator.py for tasks to queue
[2025-02-06T13:24:48.067+0000] {logging_mixin.py:190} INFO - [2025-02-06T13:24:48.067+0000] {dagbag.py:588} INFO - Filling up the DagBag from /opt/conda/lib/python3.12/site-packages/airflow/example_dags/example_short_circuit_operator.py
[2025-02-06T13:24:48.074+0000] {processor.py:925} INFO - DAG(s) 'example_short_circuit_operator' retrieved from /opt/conda/lib/python3.12/site-packages/airflow/example_dags/example_short_circuit_operator.py
[2025-02-06T13:24:48.099+0000] {logging_mixin.py:190} INFO - [2025-02-06T13:24:48.099+0000] {dag.py:3239} INFO - Sync 1 DAGs
[2025-02-06T13:24:48.111+0000] {logging_mixin.py:190} INFO - [2025-02-06T13:24:48.110+0000] {dag.py:4180} INFO - Setting next_dagrun for example_short_circuit_operator to None, run_after=None
[2025-02-06T13:24:48.170+0000] {processor.py:208} INFO - Processing /opt/conda/lib/python3.12/site-packages/airflow/example_dags/example_short_circuit_operator.py took 0.110 seconds
[2025-02-06T13:29:06.880+0000] {processor.py:186} INFO - Started process (PID=4331) to work on /opt/conda/lib/python3.12/site-packages/airflow/example_dags/example_short_circuit_operator.py
[2025-02-06T13:29:06.882+0000] {processor.py:914} INFO - Processing file /opt/conda/lib/python3.12/site-packages/airflow/example_dags/example_short_circuit_operator.py for tasks to queue
[2025-02-06T13:29:06.885+0000] {logging_mixin.py:190} INFO - [2025-02-06T13:29:06.884+0000] {dagbag.py:588} INFO - Filling up the DagBag from /opt/conda/lib/python3.12/site-packages/airflow/example_dags/example_short_circuit_operator.py
[2025-02-06T13:29:06.892+0000] {processor.py:925} INFO - DAG(s) 'example_short_circuit_operator' retrieved from /opt/conda/lib/python3.12/site-packages/airflow/example_dags/example_short_circuit_operator.py
[2025-02-06T13:29:06.922+0000] {logging_mixin.py:190} INFO - [2025-02-06T13:29:06.922+0000] {dag.py:3239} INFO - Sync 1 DAGs
[2025-02-06T13:29:06.938+0000] {logging_mixin.py:190} INFO - [2025-02-06T13:29:06.938+0000] {dag.py:4180} INFO - Setting next_dagrun for example_short_circuit_operator to None, run_after=None
[2025-02-06T13:29:07.019+0000] {processor.py:208} INFO - Processing /opt/conda/lib/python3.12/site-packages/airflow/example_dags/example_short_circuit_operator.py took 0.146 seconds
[2025-02-06T13:32:50.672+0000] {processor.py:186} INFO - Started process (PID=5737) to work on /opt/conda/lib/python3.12/site-packages/airflow/example_dags/example_short_circuit_operator.py
[2025-02-06T13:32:50.674+0000] {processor.py:914} INFO - Processing file /opt/conda/lib/python3.12/site-packages/airflow/example_dags/example_short_circuit_operator.py for tasks to queue
[2025-02-06T13:32:50.676+0000] {logging_mixin.py:190} INFO - [2025-02-06T13:32:50.676+0000] {dagbag.py:588} INFO - Filling up the DagBag from /opt/conda/lib/python3.12/site-packages/airflow/example_dags/example_short_circuit_operator.py
[2025-02-06T13:32:50.696+0000] {processor.py:925} INFO - DAG(s) 'example_short_circuit_operator' retrieved from /opt/conda/lib/python3.12/site-packages/airflow/example_dags/example_short_circuit_operator.py
[2025-02-06T13:32:50.737+0000] {logging_mixin.py:190} INFO - [2025-02-06T13:32:50.737+0000] {dag.py:3239} INFO - Sync 1 DAGs
[2025-02-06T13:32:50.757+0000] {logging_mixin.py:190} INFO - [2025-02-06T13:32:50.756+0000] {dag.py:4180} INFO - Setting next_dagrun for example_short_circuit_operator to None, run_after=None
[2025-02-06T13:32:50.838+0000] {processor.py:208} INFO - Processing /opt/conda/lib/python3.12/site-packages/airflow/example_dags/example_short_circuit_operator.py took 0.173 seconds
