[2025-02-06T08:27:36.570+0000] {processor.py:186} INFO - Started process (PID=82) to work on /opt/conda/lib/python3.12/site-packages/airflow/example_dags/example_sensors.py
[2025-02-06T08:27:36.571+0000] {processor.py:914} INFO - Processing file /opt/conda/lib/python3.12/site-packages/airflow/example_dags/example_sensors.py for tasks to queue
[2025-02-06T08:27:36.573+0000] {logging_mixin.py:190} INFO - [2025-02-06T08:27:36.572+0000] {dagbag.py:588} INFO - Filling up the DagBag from /opt/conda/lib/python3.12/site-packages/airflow/example_dags/example_sensors.py
[2025-02-06T08:27:36.591+0000] {processor.py:925} INFO - DAG(s) 'example_sensors' retrieved from /opt/conda/lib/python3.12/site-packages/airflow/example_dags/example_sensors.py
[2025-02-06T08:27:36.725+0000] {logging_mixin.py:190} INFO - [2025-02-06T08:27:36.725+0000] {override.py:1912} INFO - Created Permission View: can delete on DAG:example_sensors
[2025-02-06T08:27:36.767+0000] {logging_mixin.py:190} INFO - [2025-02-06T08:27:36.766+0000] {override.py:1912} INFO - Created Permission View: can read on DAG:example_sensors
[2025-02-06T08:27:36.815+0000] {logging_mixin.py:190} INFO - [2025-02-06T08:27:36.814+0000] {override.py:1912} INFO - Created Permission View: can edit on DAG:example_sensors
[2025-02-06T08:27:36.872+0000] {logging_mixin.py:190} INFO - [2025-02-06T08:27:36.872+0000] {override.py:1912} INFO - Created Permission View: menu access on DAG Run:example_sensors
[2025-02-06T08:27:36.910+0000] {logging_mixin.py:190} INFO - [2025-02-06T08:27:36.909+0000] {override.py:1912} INFO - Created Permission View: can create on DAG Run:example_sensors
[2025-02-06T08:27:36.947+0000] {logging_mixin.py:190} INFO - [2025-02-06T08:27:36.946+0000] {override.py:1912} INFO - Created Permission View: can read on DAG Run:example_sensors
[2025-02-06T08:27:36.980+0000] {logging_mixin.py:190} INFO - [2025-02-06T08:27:36.980+0000] {override.py:1912} INFO - Created Permission View: can delete on DAG Run:example_sensors
[2025-02-06T08:27:36.981+0000] {logging_mixin.py:190} INFO - [2025-02-06T08:27:36.980+0000] {dag.py:3239} INFO - Sync 1 DAGs
[2025-02-06T08:27:36.998+0000] {logging_mixin.py:190} INFO - [2025-02-06T08:27:36.997+0000] {dag.py:3262} INFO - Creating ORM DAG for example_sensors
[2025-02-06T08:27:36.998+0000] {logging_mixin.py:190} INFO - [2025-02-06T08:27:36.998+0000] {dag.py:4180} INFO - Setting next_dagrun for example_sensors to None, run_after=None
[2025-02-06T08:27:37.056+0000] {processor.py:208} INFO - Processing /opt/conda/lib/python3.12/site-packages/airflow/example_dags/example_sensors.py took 0.491 seconds
[2025-02-06T08:31:09.260+0000] {processor.py:186} INFO - Started process (PID=83) to work on /opt/conda/lib/python3.12/site-packages/airflow/example_dags/example_sensors.py
[2025-02-06T08:31:09.261+0000] {processor.py:914} INFO - Processing file /opt/conda/lib/python3.12/site-packages/airflow/example_dags/example_sensors.py for tasks to queue
[2025-02-06T08:31:09.263+0000] {logging_mixin.py:190} INFO - [2025-02-06T08:31:09.263+0000] {dagbag.py:588} INFO - Filling up the DagBag from /opt/conda/lib/python3.12/site-packages/airflow/example_dags/example_sensors.py
[2025-02-06T08:31:09.271+0000] {processor.py:925} INFO - DAG(s) 'example_sensors' retrieved from /opt/conda/lib/python3.12/site-packages/airflow/example_dags/example_sensors.py
[2025-02-06T08:31:09.296+0000] {logging_mixin.py:190} INFO - [2025-02-06T08:31:09.295+0000] {dag.py:3239} INFO - Sync 1 DAGs
[2025-02-06T08:31:09.308+0000] {logging_mixin.py:190} INFO - [2025-02-06T08:31:09.308+0000] {dag.py:4180} INFO - Setting next_dagrun for example_sensors to None, run_after=None
[2025-02-06T08:31:09.368+0000] {processor.py:208} INFO - Processing /opt/conda/lib/python3.12/site-packages/airflow/example_dags/example_sensors.py took 0.112 seconds
[2025-02-06T08:32:21.523+0000] {processor.py:186} INFO - Started process (PID=146) to work on /opt/conda/lib/python3.12/site-packages/airflow/example_dags/example_sensors.py
[2025-02-06T08:32:21.525+0000] {processor.py:914} INFO - Processing file /opt/conda/lib/python3.12/site-packages/airflow/example_dags/example_sensors.py for tasks to queue
[2025-02-06T08:32:21.526+0000] {logging_mixin.py:190} INFO - [2025-02-06T08:32:21.526+0000] {dagbag.py:588} INFO - Filling up the DagBag from /opt/conda/lib/python3.12/site-packages/airflow/example_dags/example_sensors.py
[2025-02-06T08:32:21.535+0000] {processor.py:925} INFO - DAG(s) 'example_sensors' retrieved from /opt/conda/lib/python3.12/site-packages/airflow/example_dags/example_sensors.py
[2025-02-06T08:32:21.560+0000] {logging_mixin.py:190} INFO - [2025-02-06T08:32:21.559+0000] {dag.py:3239} INFO - Sync 1 DAGs
[2025-02-06T08:32:21.570+0000] {logging_mixin.py:190} INFO - [2025-02-06T08:32:21.570+0000] {dag.py:4180} INFO - Setting next_dagrun for example_sensors to None, run_after=None
[2025-02-06T08:32:21.620+0000] {processor.py:208} INFO - Processing /opt/conda/lib/python3.12/site-packages/airflow/example_dags/example_sensors.py took 0.101 seconds
[2025-02-06T08:33:31.871+0000] {processor.py:186} INFO - Started process (PID=207) to work on /opt/conda/lib/python3.12/site-packages/airflow/example_dags/example_sensors.py
[2025-02-06T08:33:31.872+0000] {processor.py:914} INFO - Processing file /opt/conda/lib/python3.12/site-packages/airflow/example_dags/example_sensors.py for tasks to queue
[2025-02-06T08:33:31.874+0000] {logging_mixin.py:190} INFO - [2025-02-06T08:33:31.873+0000] {dagbag.py:588} INFO - Filling up the DagBag from /opt/conda/lib/python3.12/site-packages/airflow/example_dags/example_sensors.py
[2025-02-06T08:33:31.882+0000] {processor.py:925} INFO - DAG(s) 'example_sensors' retrieved from /opt/conda/lib/python3.12/site-packages/airflow/example_dags/example_sensors.py
[2025-02-06T08:33:31.912+0000] {logging_mixin.py:190} INFO - [2025-02-06T08:33:31.912+0000] {dag.py:3239} INFO - Sync 1 DAGs
[2025-02-06T08:33:31.925+0000] {logging_mixin.py:190} INFO - [2025-02-06T08:33:31.925+0000] {dag.py:4180} INFO - Setting next_dagrun for example_sensors to None, run_after=None
[2025-02-06T08:33:31.991+0000] {processor.py:208} INFO - Processing /opt/conda/lib/python3.12/site-packages/airflow/example_dags/example_sensors.py took 0.125 seconds
[2025-02-06T08:34:46.951+0000] {processor.py:186} INFO - Started process (PID=270) to work on /opt/conda/lib/python3.12/site-packages/airflow/example_dags/example_sensors.py
[2025-02-06T08:34:46.953+0000] {processor.py:914} INFO - Processing file /opt/conda/lib/python3.12/site-packages/airflow/example_dags/example_sensors.py for tasks to queue
[2025-02-06T08:34:46.954+0000] {logging_mixin.py:190} INFO - [2025-02-06T08:34:46.954+0000] {dagbag.py:588} INFO - Filling up the DagBag from /opt/conda/lib/python3.12/site-packages/airflow/example_dags/example_sensors.py
[2025-02-06T08:34:46.965+0000] {processor.py:925} INFO - DAG(s) 'example_sensors' retrieved from /opt/conda/lib/python3.12/site-packages/airflow/example_dags/example_sensors.py
[2025-02-06T08:34:46.996+0000] {logging_mixin.py:190} INFO - [2025-02-06T08:34:46.996+0000] {dag.py:3239} INFO - Sync 1 DAGs
[2025-02-06T08:34:47.008+0000] {logging_mixin.py:190} INFO - [2025-02-06T08:34:47.008+0000] {dag.py:4180} INFO - Setting next_dagrun for example_sensors to None, run_after=None
[2025-02-06T08:34:47.068+0000] {processor.py:208} INFO - Processing /opt/conda/lib/python3.12/site-packages/airflow/example_dags/example_sensors.py took 0.122 seconds
[2025-02-06T08:36:04.020+0000] {processor.py:186} INFO - Started process (PID=336) to work on /opt/conda/lib/python3.12/site-packages/airflow/example_dags/example_sensors.py
[2025-02-06T08:36:04.021+0000] {processor.py:914} INFO - Processing file /opt/conda/lib/python3.12/site-packages/airflow/example_dags/example_sensors.py for tasks to queue
[2025-02-06T08:36:04.022+0000] {logging_mixin.py:190} INFO - [2025-02-06T08:36:04.021+0000] {dagbag.py:588} INFO - Filling up the DagBag from /opt/conda/lib/python3.12/site-packages/airflow/example_dags/example_sensors.py
[2025-02-06T08:36:04.029+0000] {processor.py:925} INFO - DAG(s) 'example_sensors' retrieved from /opt/conda/lib/python3.12/site-packages/airflow/example_dags/example_sensors.py
[2025-02-06T08:36:04.052+0000] {logging_mixin.py:190} INFO - [2025-02-06T08:36:04.052+0000] {dag.py:3239} INFO - Sync 1 DAGs
[2025-02-06T08:36:04.063+0000] {logging_mixin.py:190} INFO - [2025-02-06T08:36:04.063+0000] {dag.py:4180} INFO - Setting next_dagrun for example_sensors to None, run_after=None
[2025-02-06T08:36:04.216+0000] {processor.py:208} INFO - Processing /opt/conda/lib/python3.12/site-packages/airflow/example_dags/example_sensors.py took 0.200 seconds
[2025-02-06T08:37:26.542+0000] {processor.py:186} INFO - Started process (PID=403) to work on /opt/conda/lib/python3.12/site-packages/airflow/example_dags/example_sensors.py
[2025-02-06T08:37:26.543+0000] {processor.py:914} INFO - Processing file /opt/conda/lib/python3.12/site-packages/airflow/example_dags/example_sensors.py for tasks to queue
[2025-02-06T08:37:26.544+0000] {logging_mixin.py:190} INFO - [2025-02-06T08:37:26.544+0000] {dagbag.py:588} INFO - Filling up the DagBag from /opt/conda/lib/python3.12/site-packages/airflow/example_dags/example_sensors.py
[2025-02-06T08:37:26.553+0000] {processor.py:925} INFO - DAG(s) 'example_sensors' retrieved from /opt/conda/lib/python3.12/site-packages/airflow/example_dags/example_sensors.py
[2025-02-06T08:37:26.578+0000] {logging_mixin.py:190} INFO - [2025-02-06T08:37:26.578+0000] {dag.py:3239} INFO - Sync 1 DAGs
[2025-02-06T08:37:26.590+0000] {logging_mixin.py:190} INFO - [2025-02-06T08:37:26.590+0000] {dag.py:4180} INFO - Setting next_dagrun for example_sensors to None, run_after=None
[2025-02-06T08:37:26.651+0000] {processor.py:208} INFO - Processing /opt/conda/lib/python3.12/site-packages/airflow/example_dags/example_sensors.py took 0.113 seconds
[2025-02-06T08:38:41.319+0000] {processor.py:186} INFO - Started process (PID=468) to work on /opt/conda/lib/python3.12/site-packages/airflow/example_dags/example_sensors.py
[2025-02-06T08:38:41.321+0000] {processor.py:914} INFO - Processing file /opt/conda/lib/python3.12/site-packages/airflow/example_dags/example_sensors.py for tasks to queue
[2025-02-06T08:38:41.322+0000] {logging_mixin.py:190} INFO - [2025-02-06T08:38:41.321+0000] {dagbag.py:588} INFO - Filling up the DagBag from /opt/conda/lib/python3.12/site-packages/airflow/example_dags/example_sensors.py
[2025-02-06T08:38:41.329+0000] {processor.py:925} INFO - DAG(s) 'example_sensors' retrieved from /opt/conda/lib/python3.12/site-packages/airflow/example_dags/example_sensors.py
[2025-02-06T08:38:41.357+0000] {logging_mixin.py:190} INFO - [2025-02-06T08:38:41.357+0000] {dag.py:3239} INFO - Sync 1 DAGs
[2025-02-06T08:38:41.373+0000] {logging_mixin.py:190} INFO - [2025-02-06T08:38:41.373+0000] {dag.py:4180} INFO - Setting next_dagrun for example_sensors to None, run_after=None
[2025-02-06T08:38:41.429+0000] {processor.py:208} INFO - Processing /opt/conda/lib/python3.12/site-packages/airflow/example_dags/example_sensors.py took 0.114 seconds
[2025-02-06T08:39:58.944+0000] {processor.py:186} INFO - Started process (PID=534) to work on /opt/conda/lib/python3.12/site-packages/airflow/example_dags/example_sensors.py
[2025-02-06T08:39:58.945+0000] {processor.py:914} INFO - Processing file /opt/conda/lib/python3.12/site-packages/airflow/example_dags/example_sensors.py for tasks to queue
[2025-02-06T08:39:58.947+0000] {logging_mixin.py:190} INFO - [2025-02-06T08:39:58.946+0000] {dagbag.py:588} INFO - Filling up the DagBag from /opt/conda/lib/python3.12/site-packages/airflow/example_dags/example_sensors.py
[2025-02-06T08:39:58.957+0000] {processor.py:925} INFO - DAG(s) 'example_sensors' retrieved from /opt/conda/lib/python3.12/site-packages/airflow/example_dags/example_sensors.py
[2025-02-06T08:39:58.983+0000] {logging_mixin.py:190} INFO - [2025-02-06T08:39:58.982+0000] {dag.py:3239} INFO - Sync 1 DAGs
[2025-02-06T08:39:58.996+0000] {logging_mixin.py:190} INFO - [2025-02-06T08:39:58.996+0000] {dag.py:4180} INFO - Setting next_dagrun for example_sensors to None, run_after=None
[2025-02-06T08:39:59.071+0000] {processor.py:208} INFO - Processing /opt/conda/lib/python3.12/site-packages/airflow/example_dags/example_sensors.py took 0.130 seconds
[2025-02-06T08:41:16.573+0000] {processor.py:186} INFO - Started process (PID=600) to work on /opt/conda/lib/python3.12/site-packages/airflow/example_dags/example_sensors.py
[2025-02-06T08:41:16.574+0000] {processor.py:914} INFO - Processing file /opt/conda/lib/python3.12/site-packages/airflow/example_dags/example_sensors.py for tasks to queue
[2025-02-06T08:41:16.575+0000] {logging_mixin.py:190} INFO - [2025-02-06T08:41:16.575+0000] {dagbag.py:588} INFO - Filling up the DagBag from /opt/conda/lib/python3.12/site-packages/airflow/example_dags/example_sensors.py
[2025-02-06T08:41:16.583+0000] {processor.py:925} INFO - DAG(s) 'example_sensors' retrieved from /opt/conda/lib/python3.12/site-packages/airflow/example_dags/example_sensors.py
[2025-02-06T08:41:16.611+0000] {logging_mixin.py:190} INFO - [2025-02-06T08:41:16.611+0000] {dag.py:3239} INFO - Sync 1 DAGs
[2025-02-06T08:41:16.623+0000] {logging_mixin.py:190} INFO - [2025-02-06T08:41:16.623+0000] {dag.py:4180} INFO - Setting next_dagrun for example_sensors to None, run_after=None
[2025-02-06T08:41:16.699+0000] {processor.py:208} INFO - Processing /opt/conda/lib/python3.12/site-packages/airflow/example_dags/example_sensors.py took 0.131 seconds
[2025-02-06T08:42:31.740+0000] {processor.py:186} INFO - Started process (PID=664) to work on /opt/conda/lib/python3.12/site-packages/airflow/example_dags/example_sensors.py
[2025-02-06T08:42:31.742+0000] {processor.py:914} INFO - Processing file /opt/conda/lib/python3.12/site-packages/airflow/example_dags/example_sensors.py for tasks to queue
[2025-02-06T08:42:31.743+0000] {logging_mixin.py:190} INFO - [2025-02-06T08:42:31.743+0000] {dagbag.py:588} INFO - Filling up the DagBag from /opt/conda/lib/python3.12/site-packages/airflow/example_dags/example_sensors.py
[2025-02-06T08:42:31.752+0000] {processor.py:925} INFO - DAG(s) 'example_sensors' retrieved from /opt/conda/lib/python3.12/site-packages/airflow/example_dags/example_sensors.py
[2025-02-06T08:42:31.780+0000] {logging_mixin.py:190} INFO - [2025-02-06T08:42:31.780+0000] {dag.py:3239} INFO - Sync 1 DAGs
[2025-02-06T08:42:31.793+0000] {logging_mixin.py:190} INFO - [2025-02-06T08:42:31.793+0000] {dag.py:4180} INFO - Setting next_dagrun for example_sensors to None, run_after=None
[2025-02-06T08:42:31.870+0000] {processor.py:208} INFO - Processing /opt/conda/lib/python3.12/site-packages/airflow/example_dags/example_sensors.py took 0.135 seconds
[2025-02-06T08:44:04.274+0000] {processor.py:186} INFO - Started process (PID=83) to work on /opt/conda/lib/python3.12/site-packages/airflow/example_dags/example_sensors.py
[2025-02-06T08:44:04.275+0000] {processor.py:914} INFO - Processing file /opt/conda/lib/python3.12/site-packages/airflow/example_dags/example_sensors.py for tasks to queue
[2025-02-06T08:44:04.277+0000] {logging_mixin.py:190} INFO - [2025-02-06T08:44:04.277+0000] {dagbag.py:588} INFO - Filling up the DagBag from /opt/conda/lib/python3.12/site-packages/airflow/example_dags/example_sensors.py
[2025-02-06T08:44:04.285+0000] {processor.py:925} INFO - DAG(s) 'example_sensors' retrieved from /opt/conda/lib/python3.12/site-packages/airflow/example_dags/example_sensors.py
[2025-02-06T08:44:04.310+0000] {logging_mixin.py:190} INFO - [2025-02-06T08:44:04.310+0000] {dag.py:3239} INFO - Sync 1 DAGs
[2025-02-06T08:44:04.324+0000] {logging_mixin.py:190} INFO - [2025-02-06T08:44:04.323+0000] {dag.py:4180} INFO - Setting next_dagrun for example_sensors to None, run_after=None
[2025-02-06T08:44:04.381+0000] {processor.py:208} INFO - Processing /opt/conda/lib/python3.12/site-packages/airflow/example_dags/example_sensors.py took 0.111 seconds
[2025-02-06T08:45:20.036+0000] {processor.py:186} INFO - Started process (PID=149) to work on /opt/conda/lib/python3.12/site-packages/airflow/example_dags/example_sensors.py
[2025-02-06T08:45:20.038+0000] {processor.py:914} INFO - Processing file /opt/conda/lib/python3.12/site-packages/airflow/example_dags/example_sensors.py for tasks to queue
[2025-02-06T08:45:20.040+0000] {logging_mixin.py:190} INFO - [2025-02-06T08:45:20.039+0000] {dagbag.py:588} INFO - Filling up the DagBag from /opt/conda/lib/python3.12/site-packages/airflow/example_dags/example_sensors.py
[2025-02-06T08:45:20.048+0000] {processor.py:925} INFO - DAG(s) 'example_sensors' retrieved from /opt/conda/lib/python3.12/site-packages/airflow/example_dags/example_sensors.py
[2025-02-06T08:45:20.076+0000] {logging_mixin.py:190} INFO - [2025-02-06T08:45:20.075+0000] {dag.py:3239} INFO - Sync 1 DAGs
[2025-02-06T08:45:20.089+0000] {logging_mixin.py:190} INFO - [2025-02-06T08:45:20.089+0000] {dag.py:4180} INFO - Setting next_dagrun for example_sensors to None, run_after=None
[2025-02-06T08:45:20.141+0000] {processor.py:208} INFO - Processing /opt/conda/lib/python3.12/site-packages/airflow/example_dags/example_sensors.py took 0.109 seconds
[2025-02-06T08:50:25.562+0000] {processor.py:186} INFO - Started process (PID=319) to work on /opt/conda/lib/python3.12/site-packages/airflow/example_dags/example_sensors.py
[2025-02-06T08:50:25.563+0000] {processor.py:914} INFO - Processing file /opt/conda/lib/python3.12/site-packages/airflow/example_dags/example_sensors.py for tasks to queue
[2025-02-06T08:50:25.565+0000] {logging_mixin.py:190} INFO - [2025-02-06T08:50:25.565+0000] {dagbag.py:588} INFO - Filling up the DagBag from /opt/conda/lib/python3.12/site-packages/airflow/example_dags/example_sensors.py
[2025-02-06T08:50:25.573+0000] {processor.py:925} INFO - DAG(s) 'example_sensors' retrieved from /opt/conda/lib/python3.12/site-packages/airflow/example_dags/example_sensors.py
[2025-02-06T08:50:25.599+0000] {logging_mixin.py:190} INFO - [2025-02-06T08:50:25.599+0000] {dag.py:3239} INFO - Sync 1 DAGs
[2025-02-06T08:50:25.610+0000] {logging_mixin.py:190} INFO - [2025-02-06T08:50:25.609+0000] {dag.py:4180} INFO - Setting next_dagrun for example_sensors to None, run_after=None
[2025-02-06T08:50:25.661+0000] {processor.py:208} INFO - Processing /opt/conda/lib/python3.12/site-packages/airflow/example_dags/example_sensors.py took 0.103 seconds
[2025-02-06T08:53:27.911+0000] {processor.py:186} INFO - Started process (PID=653) to work on /opt/conda/lib/python3.12/site-packages/airflow/example_dags/example_sensors.py
[2025-02-06T08:53:27.912+0000] {processor.py:914} INFO - Processing file /opt/conda/lib/python3.12/site-packages/airflow/example_dags/example_sensors.py for tasks to queue
[2025-02-06T08:53:27.914+0000] {logging_mixin.py:190} INFO - [2025-02-06T08:53:27.914+0000] {dagbag.py:588} INFO - Filling up the DagBag from /opt/conda/lib/python3.12/site-packages/airflow/example_dags/example_sensors.py
[2025-02-06T08:53:27.922+0000] {processor.py:925} INFO - DAG(s) 'example_sensors' retrieved from /opt/conda/lib/python3.12/site-packages/airflow/example_dags/example_sensors.py
[2025-02-06T08:53:27.946+0000] {logging_mixin.py:190} INFO - [2025-02-06T08:53:27.946+0000] {dag.py:3239} INFO - Sync 1 DAGs
[2025-02-06T08:53:27.957+0000] {logging_mixin.py:190} INFO - [2025-02-06T08:53:27.957+0000] {dag.py:4180} INFO - Setting next_dagrun for example_sensors to None, run_after=None
[2025-02-06T08:53:28.018+0000] {processor.py:208} INFO - Processing /opt/conda/lib/python3.12/site-packages/airflow/example_dags/example_sensors.py took 0.112 seconds
[2025-02-06T08:58:25.718+0000] {processor.py:186} INFO - Started process (PID=1175) to work on /opt/conda/lib/python3.12/site-packages/airflow/example_dags/example_sensors.py
[2025-02-06T08:58:25.719+0000] {processor.py:914} INFO - Processing file /opt/conda/lib/python3.12/site-packages/airflow/example_dags/example_sensors.py for tasks to queue
[2025-02-06T08:58:25.720+0000] {logging_mixin.py:190} INFO - [2025-02-06T08:58:25.720+0000] {dagbag.py:588} INFO - Filling up the DagBag from /opt/conda/lib/python3.12/site-packages/airflow/example_dags/example_sensors.py
[2025-02-06T08:58:25.728+0000] {processor.py:925} INFO - DAG(s) 'example_sensors' retrieved from /opt/conda/lib/python3.12/site-packages/airflow/example_dags/example_sensors.py
[2025-02-06T08:58:25.752+0000] {logging_mixin.py:190} INFO - [2025-02-06T08:58:25.752+0000] {dag.py:3239} INFO - Sync 1 DAGs
[2025-02-06T08:58:25.765+0000] {logging_mixin.py:190} INFO - [2025-02-06T08:58:25.765+0000] {dag.py:4180} INFO - Setting next_dagrun for example_sensors to None, run_after=None
[2025-02-06T08:58:25.817+0000] {processor.py:208} INFO - Processing /opt/conda/lib/python3.12/site-packages/airflow/example_dags/example_sensors.py took 0.103 seconds
[2025-02-06T09:06:12.440+0000] {processor.py:186} INFO - Started process (PID=235) to work on /opt/conda/lib/python3.12/site-packages/airflow/example_dags/example_sensors.py
[2025-02-06T09:06:12.441+0000] {processor.py:914} INFO - Processing file /opt/conda/lib/python3.12/site-packages/airflow/example_dags/example_sensors.py for tasks to queue
[2025-02-06T09:06:12.443+0000] {logging_mixin.py:190} INFO - [2025-02-06T09:06:12.442+0000] {dagbag.py:588} INFO - Filling up the DagBag from /opt/conda/lib/python3.12/site-packages/airflow/example_dags/example_sensors.py
[2025-02-06T09:06:12.451+0000] {processor.py:925} INFO - DAG(s) 'example_sensors' retrieved from /opt/conda/lib/python3.12/site-packages/airflow/example_dags/example_sensors.py
[2025-02-06T09:06:12.475+0000] {logging_mixin.py:190} INFO - [2025-02-06T09:06:12.475+0000] {dag.py:3239} INFO - Sync 1 DAGs
[2025-02-06T09:06:12.488+0000] {logging_mixin.py:190} INFO - [2025-02-06T09:06:12.488+0000] {dag.py:4180} INFO - Setting next_dagrun for example_sensors to None, run_after=None
[2025-02-06T09:06:12.540+0000] {processor.py:208} INFO - Processing /opt/conda/lib/python3.12/site-packages/airflow/example_dags/example_sensors.py took 0.105 seconds
[2025-02-06T09:09:16.246+0000] {processor.py:186} INFO - Started process (PID=577) to work on /opt/conda/lib/python3.12/site-packages/airflow/example_dags/example_sensors.py
[2025-02-06T09:09:16.247+0000] {processor.py:914} INFO - Processing file /opt/conda/lib/python3.12/site-packages/airflow/example_dags/example_sensors.py for tasks to queue
[2025-02-06T09:09:16.249+0000] {logging_mixin.py:190} INFO - [2025-02-06T09:09:16.249+0000] {dagbag.py:588} INFO - Filling up the DagBag from /opt/conda/lib/python3.12/site-packages/airflow/example_dags/example_sensors.py
[2025-02-06T09:09:16.257+0000] {processor.py:925} INFO - DAG(s) 'example_sensors' retrieved from /opt/conda/lib/python3.12/site-packages/airflow/example_dags/example_sensors.py
[2025-02-06T09:09:16.285+0000] {logging_mixin.py:190} INFO - [2025-02-06T09:09:16.284+0000] {dag.py:3239} INFO - Sync 1 DAGs
[2025-02-06T09:09:16.297+0000] {logging_mixin.py:190} INFO - [2025-02-06T09:09:16.297+0000] {dag.py:4180} INFO - Setting next_dagrun for example_sensors to None, run_after=None
[2025-02-06T09:09:16.353+0000] {processor.py:208} INFO - Processing /opt/conda/lib/python3.12/site-packages/airflow/example_dags/example_sensors.py took 0.111 seconds
[2025-02-06T09:13:52.901+0000] {processor.py:186} INFO - Started process (PID=1095) to work on /opt/conda/lib/python3.12/site-packages/airflow/example_dags/example_sensors.py
[2025-02-06T09:13:52.902+0000] {processor.py:914} INFO - Processing file /opt/conda/lib/python3.12/site-packages/airflow/example_dags/example_sensors.py for tasks to queue
[2025-02-06T09:13:52.905+0000] {logging_mixin.py:190} INFO - [2025-02-06T09:13:52.904+0000] {dagbag.py:588} INFO - Filling up the DagBag from /opt/conda/lib/python3.12/site-packages/airflow/example_dags/example_sensors.py
[2025-02-06T09:13:52.914+0000] {processor.py:925} INFO - DAG(s) 'example_sensors' retrieved from /opt/conda/lib/python3.12/site-packages/airflow/example_dags/example_sensors.py
[2025-02-06T09:13:52.945+0000] {logging_mixin.py:190} INFO - [2025-02-06T09:13:52.944+0000] {dag.py:3239} INFO - Sync 1 DAGs
[2025-02-06T09:13:52.958+0000] {logging_mixin.py:190} INFO - [2025-02-06T09:13:52.958+0000] {dag.py:4180} INFO - Setting next_dagrun for example_sensors to None, run_after=None
[2025-02-06T09:13:53.015+0000] {processor.py:208} INFO - Processing /opt/conda/lib/python3.12/site-packages/airflow/example_dags/example_sensors.py took 0.121 seconds
[2025-02-06T09:18:19.476+0000] {processor.py:186} INFO - Started process (PID=1595) to work on /opt/conda/lib/python3.12/site-packages/airflow/example_dags/example_sensors.py
[2025-02-06T09:18:19.477+0000] {processor.py:914} INFO - Processing file /opt/conda/lib/python3.12/site-packages/airflow/example_dags/example_sensors.py for tasks to queue
[2025-02-06T09:18:19.479+0000] {logging_mixin.py:190} INFO - [2025-02-06T09:18:19.478+0000] {dagbag.py:588} INFO - Filling up the DagBag from /opt/conda/lib/python3.12/site-packages/airflow/example_dags/example_sensors.py
[2025-02-06T09:18:19.486+0000] {processor.py:925} INFO - DAG(s) 'example_sensors' retrieved from /opt/conda/lib/python3.12/site-packages/airflow/example_dags/example_sensors.py
[2025-02-06T09:18:19.616+0000] {logging_mixin.py:190} INFO - [2025-02-06T09:18:19.616+0000] {dag.py:3239} INFO - Sync 1 DAGs
[2025-02-06T09:18:19.631+0000] {logging_mixin.py:190} INFO - [2025-02-06T09:18:19.630+0000] {dag.py:4180} INFO - Setting next_dagrun for example_sensors to None, run_after=None
[2025-02-06T09:18:19.687+0000] {processor.py:208} INFO - Processing /opt/conda/lib/python3.12/site-packages/airflow/example_dags/example_sensors.py took 0.216 seconds
[2025-02-06T09:23:55.019+0000] {processor.py:186} INFO - Started process (PID=2149) to work on /opt/conda/lib/python3.12/site-packages/airflow/example_dags/example_sensors.py
[2025-02-06T09:23:55.020+0000] {processor.py:914} INFO - Processing file /opt/conda/lib/python3.12/site-packages/airflow/example_dags/example_sensors.py for tasks to queue
[2025-02-06T09:23:55.022+0000] {logging_mixin.py:190} INFO - [2025-02-06T09:23:55.022+0000] {dagbag.py:588} INFO - Filling up the DagBag from /opt/conda/lib/python3.12/site-packages/airflow/example_dags/example_sensors.py
[2025-02-06T09:23:55.030+0000] {processor.py:925} INFO - DAG(s) 'example_sensors' retrieved from /opt/conda/lib/python3.12/site-packages/airflow/example_dags/example_sensors.py
[2025-02-06T09:23:55.064+0000] {logging_mixin.py:190} INFO - [2025-02-06T09:23:55.064+0000] {dag.py:3239} INFO - Sync 1 DAGs
[2025-02-06T09:23:55.079+0000] {logging_mixin.py:190} INFO - [2025-02-06T09:23:55.078+0000] {dag.py:4180} INFO - Setting next_dagrun for example_sensors to None, run_after=None
[2025-02-06T09:23:55.141+0000] {processor.py:208} INFO - Processing /opt/conda/lib/python3.12/site-packages/airflow/example_dags/example_sensors.py took 0.126 seconds
[2025-02-06T09:27:16.877+0000] {processor.py:186} INFO - Started process (PID=333) to work on /opt/conda/lib/python3.12/site-packages/airflow/example_dags/example_sensors.py
[2025-02-06T09:27:16.879+0000] {processor.py:914} INFO - Processing file /opt/conda/lib/python3.12/site-packages/airflow/example_dags/example_sensors.py for tasks to queue
[2025-02-06T09:27:16.880+0000] {logging_mixin.py:190} INFO - [2025-02-06T09:27:16.880+0000] {dagbag.py:588} INFO - Filling up the DagBag from /opt/conda/lib/python3.12/site-packages/airflow/example_dags/example_sensors.py
[2025-02-06T09:27:16.891+0000] {processor.py:925} INFO - DAG(s) 'example_sensors' retrieved from /opt/conda/lib/python3.12/site-packages/airflow/example_dags/example_sensors.py
[2025-02-06T09:27:16.919+0000] {logging_mixin.py:190} INFO - [2025-02-06T09:27:16.919+0000] {dag.py:3239} INFO - Sync 1 DAGs
[2025-02-06T09:27:16.932+0000] {logging_mixin.py:190} INFO - [2025-02-06T09:27:16.932+0000] {dag.py:4180} INFO - Setting next_dagrun for example_sensors to None, run_after=None
[2025-02-06T09:27:16.980+0000] {processor.py:208} INFO - Processing /opt/conda/lib/python3.12/site-packages/airflow/example_dags/example_sensors.py took 0.107 seconds
[2025-02-06T09:34:03.037+0000] {processor.py:186} INFO - Started process (PID=564) to work on /opt/conda/lib/python3.12/site-packages/airflow/example_dags/example_sensors.py
[2025-02-06T09:34:03.038+0000] {processor.py:914} INFO - Processing file /opt/conda/lib/python3.12/site-packages/airflow/example_dags/example_sensors.py for tasks to queue
[2025-02-06T09:34:03.039+0000] {logging_mixin.py:190} INFO - [2025-02-06T09:34:03.039+0000] {dagbag.py:588} INFO - Filling up the DagBag from /opt/conda/lib/python3.12/site-packages/airflow/example_dags/example_sensors.py
[2025-02-06T09:34:03.047+0000] {processor.py:925} INFO - DAG(s) 'example_sensors' retrieved from /opt/conda/lib/python3.12/site-packages/airflow/example_dags/example_sensors.py
[2025-02-06T09:34:03.074+0000] {logging_mixin.py:190} INFO - [2025-02-06T09:34:03.074+0000] {dag.py:3239} INFO - Sync 1 DAGs
[2025-02-06T09:34:03.086+0000] {logging_mixin.py:190} INFO - [2025-02-06T09:34:03.086+0000] {dag.py:4180} INFO - Setting next_dagrun for example_sensors to None, run_after=None
[2025-02-06T09:34:03.138+0000] {processor.py:208} INFO - Processing /opt/conda/lib/python3.12/site-packages/airflow/example_dags/example_sensors.py took 0.105 seconds
[2025-02-06T09:39:22.409+0000] {processor.py:186} INFO - Started process (PID=1133) to work on /opt/conda/lib/python3.12/site-packages/airflow/example_dags/example_sensors.py
[2025-02-06T09:39:22.411+0000] {processor.py:914} INFO - Processing file /opt/conda/lib/python3.12/site-packages/airflow/example_dags/example_sensors.py for tasks to queue
[2025-02-06T09:39:22.413+0000] {logging_mixin.py:190} INFO - [2025-02-06T09:39:22.412+0000] {dagbag.py:588} INFO - Filling up the DagBag from /opt/conda/lib/python3.12/site-packages/airflow/example_dags/example_sensors.py
[2025-02-06T09:39:22.420+0000] {processor.py:925} INFO - DAG(s) 'example_sensors' retrieved from /opt/conda/lib/python3.12/site-packages/airflow/example_dags/example_sensors.py
[2025-02-06T09:39:22.455+0000] {logging_mixin.py:190} INFO - [2025-02-06T09:39:22.455+0000] {dag.py:3239} INFO - Sync 1 DAGs
[2025-02-06T09:39:22.473+0000] {logging_mixin.py:190} INFO - [2025-02-06T09:39:22.472+0000] {dag.py:4180} INFO - Setting next_dagrun for example_sensors to None, run_after=None
[2025-02-06T09:39:22.554+0000] {processor.py:208} INFO - Processing /opt/conda/lib/python3.12/site-packages/airflow/example_dags/example_sensors.py took 0.149 seconds
[2025-02-06T09:51:32.803+0000] {processor.py:186} INFO - Started process (PID=547) to work on /opt/conda/lib/python3.12/site-packages/airflow/example_dags/example_sensors.py
[2025-02-06T09:51:32.804+0000] {processor.py:914} INFO - Processing file /opt/conda/lib/python3.12/site-packages/airflow/example_dags/example_sensors.py for tasks to queue
[2025-02-06T09:51:32.807+0000] {logging_mixin.py:190} INFO - [2025-02-06T09:51:32.806+0000] {dagbag.py:588} INFO - Filling up the DagBag from /opt/conda/lib/python3.12/site-packages/airflow/example_dags/example_sensors.py
[2025-02-06T09:51:32.818+0000] {processor.py:925} INFO - DAG(s) 'example_sensors' retrieved from /opt/conda/lib/python3.12/site-packages/airflow/example_dags/example_sensors.py
[2025-02-06T09:51:32.844+0000] {logging_mixin.py:190} INFO - [2025-02-06T09:51:32.844+0000] {dag.py:3239} INFO - Sync 1 DAGs
[2025-02-06T09:51:32.857+0000] {logging_mixin.py:190} INFO - [2025-02-06T09:51:32.856+0000] {dag.py:4180} INFO - Setting next_dagrun for example_sensors to None, run_after=None
[2025-02-06T09:51:32.957+0000] {processor.py:208} INFO - Processing /opt/conda/lib/python3.12/site-packages/airflow/example_dags/example_sensors.py took 0.159 seconds
[2025-02-06T09:56:34.874+0000] {processor.py:186} INFO - Started process (PID=1090) to work on /opt/conda/lib/python3.12/site-packages/airflow/example_dags/example_sensors.py
[2025-02-06T09:56:34.875+0000] {processor.py:914} INFO - Processing file /opt/conda/lib/python3.12/site-packages/airflow/example_dags/example_sensors.py for tasks to queue
[2025-02-06T09:56:34.877+0000] {logging_mixin.py:190} INFO - [2025-02-06T09:56:34.876+0000] {dagbag.py:588} INFO - Filling up the DagBag from /opt/conda/lib/python3.12/site-packages/airflow/example_dags/example_sensors.py
[2025-02-06T09:56:34.885+0000] {processor.py:925} INFO - DAG(s) 'example_sensors' retrieved from /opt/conda/lib/python3.12/site-packages/airflow/example_dags/example_sensors.py
[2025-02-06T09:56:34.913+0000] {logging_mixin.py:190} INFO - [2025-02-06T09:56:34.912+0000] {dag.py:3239} INFO - Sync 1 DAGs
[2025-02-06T09:56:34.932+0000] {logging_mixin.py:190} INFO - [2025-02-06T09:56:34.931+0000] {dag.py:4180} INFO - Setting next_dagrun for example_sensors to None, run_after=None
[2025-02-06T09:56:34.996+0000] {processor.py:208} INFO - Processing /opt/conda/lib/python3.12/site-packages/airflow/example_dags/example_sensors.py took 0.126 seconds
[2025-02-06T10:05:29.560+0000] {processor.py:186} INFO - Started process (PID=2034) to work on /opt/conda/lib/python3.12/site-packages/airflow/example_dags/example_sensors.py
[2025-02-06T10:05:29.560+0000] {processor.py:914} INFO - Processing file /opt/conda/lib/python3.12/site-packages/airflow/example_dags/example_sensors.py for tasks to queue
[2025-02-06T10:05:29.562+0000] {logging_mixin.py:190} INFO - [2025-02-06T10:05:29.562+0000] {dagbag.py:588} INFO - Filling up the DagBag from /opt/conda/lib/python3.12/site-packages/airflow/example_dags/example_sensors.py
[2025-02-06T10:05:29.571+0000] {processor.py:925} INFO - DAG(s) 'example_sensors' retrieved from /opt/conda/lib/python3.12/site-packages/airflow/example_dags/example_sensors.py
[2025-02-06T10:05:29.593+0000] {logging_mixin.py:190} INFO - [2025-02-06T10:05:29.593+0000] {dag.py:3239} INFO - Sync 1 DAGs
[2025-02-06T10:05:29.604+0000] {logging_mixin.py:190} INFO - [2025-02-06T10:05:29.603+0000] {dag.py:4180} INFO - Setting next_dagrun for example_sensors to None, run_after=None
[2025-02-06T10:05:29.649+0000] {processor.py:208} INFO - Processing /opt/conda/lib/python3.12/site-packages/airflow/example_dags/example_sensors.py took 0.093 seconds
[2025-02-06T10:10:07.241+0000] {processor.py:186} INFO - Started process (PID=2458) to work on /opt/conda/lib/python3.12/site-packages/airflow/example_dags/example_sensors.py
[2025-02-06T10:10:07.243+0000] {processor.py:914} INFO - Processing file /opt/conda/lib/python3.12/site-packages/airflow/example_dags/example_sensors.py for tasks to queue
[2025-02-06T10:10:07.244+0000] {logging_mixin.py:190} INFO - [2025-02-06T10:10:07.244+0000] {dagbag.py:588} INFO - Filling up the DagBag from /opt/conda/lib/python3.12/site-packages/airflow/example_dags/example_sensors.py
[2025-02-06T10:10:07.252+0000] {processor.py:925} INFO - DAG(s) 'example_sensors' retrieved from /opt/conda/lib/python3.12/site-packages/airflow/example_dags/example_sensors.py
[2025-02-06T10:10:07.276+0000] {logging_mixin.py:190} INFO - [2025-02-06T10:10:07.275+0000] {dag.py:3239} INFO - Sync 1 DAGs
[2025-02-06T10:10:07.288+0000] {logging_mixin.py:190} INFO - [2025-02-06T10:10:07.288+0000] {dag.py:4180} INFO - Setting next_dagrun for example_sensors to None, run_after=None
[2025-02-06T10:10:07.426+0000] {processor.py:208} INFO - Processing /opt/conda/lib/python3.12/site-packages/airflow/example_dags/example_sensors.py took 0.189 seconds
[2025-02-06T10:22:29.459+0000] {processor.py:186} INFO - Started process (PID=3740) to work on /opt/conda/lib/python3.12/site-packages/airflow/example_dags/example_sensors.py
[2025-02-06T10:22:29.460+0000] {processor.py:914} INFO - Processing file /opt/conda/lib/python3.12/site-packages/airflow/example_dags/example_sensors.py for tasks to queue
[2025-02-06T10:22:29.461+0000] {logging_mixin.py:190} INFO - [2025-02-06T10:22:29.461+0000] {dagbag.py:588} INFO - Filling up the DagBag from /opt/conda/lib/python3.12/site-packages/airflow/example_dags/example_sensors.py
[2025-02-06T10:22:29.470+0000] {processor.py:925} INFO - DAG(s) 'example_sensors' retrieved from /opt/conda/lib/python3.12/site-packages/airflow/example_dags/example_sensors.py
[2025-02-06T10:22:29.497+0000] {logging_mixin.py:190} INFO - [2025-02-06T10:22:29.496+0000] {dag.py:3239} INFO - Sync 1 DAGs
[2025-02-06T10:22:29.510+0000] {logging_mixin.py:190} INFO - [2025-02-06T10:22:29.510+0000] {dag.py:4180} INFO - Setting next_dagrun for example_sensors to None, run_after=None
[2025-02-06T10:22:29.562+0000] {processor.py:208} INFO - Processing /opt/conda/lib/python3.12/site-packages/airflow/example_dags/example_sensors.py took 0.108 seconds
[2025-02-06T10:24:32.994+0000] {processor.py:186} INFO - Started process (PID=3911) to work on /opt/conda/lib/python3.12/site-packages/airflow/example_dags/example_sensors.py
[2025-02-06T10:24:32.995+0000] {processor.py:914} INFO - Processing file /opt/conda/lib/python3.12/site-packages/airflow/example_dags/example_sensors.py for tasks to queue
[2025-02-06T10:24:32.996+0000] {logging_mixin.py:190} INFO - [2025-02-06T10:24:32.995+0000] {dagbag.py:588} INFO - Filling up the DagBag from /opt/conda/lib/python3.12/site-packages/airflow/example_dags/example_sensors.py
[2025-02-06T10:24:33.005+0000] {processor.py:925} INFO - DAG(s) 'example_sensors' retrieved from /opt/conda/lib/python3.12/site-packages/airflow/example_dags/example_sensors.py
[2025-02-06T10:24:33.032+0000] {logging_mixin.py:190} INFO - [2025-02-06T10:24:33.032+0000] {dag.py:3239} INFO - Sync 1 DAGs
[2025-02-06T10:24:33.045+0000] {logging_mixin.py:190} INFO - [2025-02-06T10:24:33.045+0000] {dag.py:4180} INFO - Setting next_dagrun for example_sensors to None, run_after=None
[2025-02-06T10:24:33.101+0000] {processor.py:208} INFO - Processing /opt/conda/lib/python3.12/site-packages/airflow/example_dags/example_sensors.py took 0.112 seconds
[2025-02-06T11:41:03.749+0000] {processor.py:186} INFO - Started process (PID=518) to work on /opt/conda/lib/python3.12/site-packages/airflow/example_dags/example_sensors.py
[2025-02-06T11:41:03.751+0000] {processor.py:914} INFO - Processing file /opt/conda/lib/python3.12/site-packages/airflow/example_dags/example_sensors.py for tasks to queue
[2025-02-06T11:41:03.754+0000] {logging_mixin.py:190} INFO - [2025-02-06T11:41:03.754+0000] {dagbag.py:588} INFO - Filling up the DagBag from /opt/conda/lib/python3.12/site-packages/airflow/example_dags/example_sensors.py
[2025-02-06T11:41:03.766+0000] {processor.py:925} INFO - DAG(s) 'example_sensors' retrieved from /opt/conda/lib/python3.12/site-packages/airflow/example_dags/example_sensors.py
[2025-02-06T11:41:03.801+0000] {logging_mixin.py:190} INFO - [2025-02-06T11:41:03.800+0000] {dag.py:3239} INFO - Sync 1 DAGs
[2025-02-06T11:41:03.820+0000] {logging_mixin.py:190} INFO - [2025-02-06T11:41:03.819+0000] {dag.py:4180} INFO - Setting next_dagrun for example_sensors to None, run_after=None
[2025-02-06T11:41:03.904+0000] {processor.py:208} INFO - Processing /opt/conda/lib/python3.12/site-packages/airflow/example_dags/example_sensors.py took 0.163 seconds
[2025-02-06T11:44:48.337+0000] {processor.py:186} INFO - Started process (PID=1475) to work on /opt/conda/lib/python3.12/site-packages/airflow/example_dags/example_sensors.py
[2025-02-06T11:44:48.339+0000] {processor.py:914} INFO - Processing file /opt/conda/lib/python3.12/site-packages/airflow/example_dags/example_sensors.py for tasks to queue
[2025-02-06T11:44:48.341+0000] {logging_mixin.py:190} INFO - [2025-02-06T11:44:48.341+0000] {dagbag.py:588} INFO - Filling up the DagBag from /opt/conda/lib/python3.12/site-packages/airflow/example_dags/example_sensors.py
[2025-02-06T11:44:48.352+0000] {processor.py:925} INFO - DAG(s) 'example_sensors' retrieved from /opt/conda/lib/python3.12/site-packages/airflow/example_dags/example_sensors.py
[2025-02-06T11:44:48.386+0000] {logging_mixin.py:190} INFO - [2025-02-06T11:44:48.385+0000] {dag.py:3239} INFO - Sync 1 DAGs
[2025-02-06T11:44:48.401+0000] {logging_mixin.py:190} INFO - [2025-02-06T11:44:48.400+0000] {dag.py:4180} INFO - Setting next_dagrun for example_sensors to None, run_after=None
[2025-02-06T11:44:48.473+0000] {processor.py:208} INFO - Processing /opt/conda/lib/python3.12/site-packages/airflow/example_dags/example_sensors.py took 0.141 seconds
[2025-02-06T11:49:13.181+0000] {processor.py:186} INFO - Started process (PID=2388) to work on /opt/conda/lib/python3.12/site-packages/airflow/example_dags/example_sensors.py
[2025-02-06T11:49:13.183+0000] {processor.py:914} INFO - Processing file /opt/conda/lib/python3.12/site-packages/airflow/example_dags/example_sensors.py for tasks to queue
[2025-02-06T11:49:13.184+0000] {logging_mixin.py:190} INFO - [2025-02-06T11:49:13.184+0000] {dagbag.py:588} INFO - Filling up the DagBag from /opt/conda/lib/python3.12/site-packages/airflow/example_dags/example_sensors.py
[2025-02-06T11:49:13.194+0000] {processor.py:925} INFO - DAG(s) 'example_sensors' retrieved from /opt/conda/lib/python3.12/site-packages/airflow/example_dags/example_sensors.py
[2025-02-06T11:49:13.225+0000] {logging_mixin.py:190} INFO - [2025-02-06T11:49:13.225+0000] {dag.py:3239} INFO - Sync 1 DAGs
[2025-02-06T11:49:13.238+0000] {logging_mixin.py:190} INFO - [2025-02-06T11:49:13.238+0000] {dag.py:4180} INFO - Setting next_dagrun for example_sensors to None, run_after=None
[2025-02-06T11:49:13.308+0000] {processor.py:208} INFO - Processing /opt/conda/lib/python3.12/site-packages/airflow/example_dags/example_sensors.py took 0.132 seconds
[2025-02-06T11:52:45.103+0000] {processor.py:186} INFO - Started process (PID=3362) to work on /opt/conda/lib/python3.12/site-packages/airflow/example_dags/example_sensors.py
[2025-02-06T11:52:45.104+0000] {processor.py:914} INFO - Processing file /opt/conda/lib/python3.12/site-packages/airflow/example_dags/example_sensors.py for tasks to queue
[2025-02-06T11:52:45.106+0000] {logging_mixin.py:190} INFO - [2025-02-06T11:52:45.105+0000] {dagbag.py:588} INFO - Filling up the DagBag from /opt/conda/lib/python3.12/site-packages/airflow/example_dags/example_sensors.py
[2025-02-06T11:52:45.118+0000] {processor.py:925} INFO - DAG(s) 'example_sensors' retrieved from /opt/conda/lib/python3.12/site-packages/airflow/example_dags/example_sensors.py
[2025-02-06T11:52:45.161+0000] {logging_mixin.py:190} INFO - [2025-02-06T11:52:45.161+0000] {dag.py:3239} INFO - Sync 1 DAGs
[2025-02-06T11:52:45.184+0000] {logging_mixin.py:190} INFO - [2025-02-06T11:52:45.184+0000] {dag.py:4180} INFO - Setting next_dagrun for example_sensors to None, run_after=None
[2025-02-06T11:52:45.271+0000] {processor.py:208} INFO - Processing /opt/conda/lib/python3.12/site-packages/airflow/example_dags/example_sensors.py took 0.175 seconds
[2025-02-06T11:55:11.053+0000] {processor.py:186} INFO - Started process (PID=134) to work on /opt/conda/lib/python3.12/site-packages/airflow/example_dags/example_sensors.py
[2025-02-06T11:55:11.055+0000] {processor.py:914} INFO - Processing file /opt/conda/lib/python3.12/site-packages/airflow/example_dags/example_sensors.py for tasks to queue
[2025-02-06T11:55:11.058+0000] {logging_mixin.py:190} INFO - [2025-02-06T11:55:11.057+0000] {dagbag.py:588} INFO - Filling up the DagBag from /opt/conda/lib/python3.12/site-packages/airflow/example_dags/example_sensors.py
[2025-02-06T11:55:11.075+0000] {processor.py:925} INFO - DAG(s) 'example_sensors' retrieved from /opt/conda/lib/python3.12/site-packages/airflow/example_dags/example_sensors.py
[2025-02-06T11:55:11.126+0000] {logging_mixin.py:190} INFO - [2025-02-06T11:55:11.126+0000] {dag.py:3239} INFO - Sync 1 DAGs
[2025-02-06T11:55:11.149+0000] {logging_mixin.py:190} INFO - [2025-02-06T11:55:11.149+0000] {dag.py:4180} INFO - Setting next_dagrun for example_sensors to None, run_after=None
[2025-02-06T11:55:11.342+0000] {processor.py:208} INFO - Processing /opt/conda/lib/python3.12/site-packages/airflow/example_dags/example_sensors.py took 0.297 seconds
[2025-02-06T12:04:47.213+0000] {processor.py:186} INFO - Started process (PID=518) to work on /opt/conda/lib/python3.12/site-packages/airflow/example_dags/example_sensors.py
[2025-02-06T12:04:47.214+0000] {processor.py:914} INFO - Processing file /opt/conda/lib/python3.12/site-packages/airflow/example_dags/example_sensors.py for tasks to queue
[2025-02-06T12:04:47.217+0000] {logging_mixin.py:190} INFO - [2025-02-06T12:04:47.217+0000] {dagbag.py:588} INFO - Filling up the DagBag from /opt/conda/lib/python3.12/site-packages/airflow/example_dags/example_sensors.py
[2025-02-06T12:04:47.226+0000] {processor.py:925} INFO - DAG(s) 'example_sensors' retrieved from /opt/conda/lib/python3.12/site-packages/airflow/example_dags/example_sensors.py
[2025-02-06T12:04:47.267+0000] {logging_mixin.py:190} INFO - [2025-02-06T12:04:47.266+0000] {dag.py:3239} INFO - Sync 1 DAGs
[2025-02-06T12:04:47.282+0000] {logging_mixin.py:190} INFO - [2025-02-06T12:04:47.281+0000] {dag.py:4180} INFO - Setting next_dagrun for example_sensors to None, run_after=None
[2025-02-06T12:04:47.344+0000] {processor.py:208} INFO - Processing /opt/conda/lib/python3.12/site-packages/airflow/example_dags/example_sensors.py took 0.135 seconds
[2025-02-06T12:07:39.592+0000] {processor.py:186} INFO - Started process (PID=1533) to work on /opt/conda/lib/python3.12/site-packages/airflow/example_dags/example_sensors.py
[2025-02-06T12:07:39.593+0000] {processor.py:914} INFO - Processing file /opt/conda/lib/python3.12/site-packages/airflow/example_dags/example_sensors.py for tasks to queue
[2025-02-06T12:07:39.595+0000] {logging_mixin.py:190} INFO - [2025-02-06T12:07:39.595+0000] {dagbag.py:588} INFO - Filling up the DagBag from /opt/conda/lib/python3.12/site-packages/airflow/example_dags/example_sensors.py
[2025-02-06T12:07:39.604+0000] {processor.py:925} INFO - DAG(s) 'example_sensors' retrieved from /opt/conda/lib/python3.12/site-packages/airflow/example_dags/example_sensors.py
[2025-02-06T12:07:39.640+0000] {logging_mixin.py:190} INFO - [2025-02-06T12:07:39.640+0000] {dag.py:3239} INFO - Sync 1 DAGs
[2025-02-06T12:07:39.659+0000] {logging_mixin.py:190} INFO - [2025-02-06T12:07:39.659+0000] {dag.py:4180} INFO - Setting next_dagrun for example_sensors to None, run_after=None
[2025-02-06T12:07:39.722+0000] {processor.py:208} INFO - Processing /opt/conda/lib/python3.12/site-packages/airflow/example_dags/example_sensors.py took 0.134 seconds
[2025-02-06T12:25:27.544+0000] {processor.py:186} INFO - Started process (PID=1585) to work on /opt/conda/lib/python3.12/site-packages/airflow/example_dags/example_sensors.py
[2025-02-06T12:25:27.545+0000] {processor.py:914} INFO - Processing file /opt/conda/lib/python3.12/site-packages/airflow/example_dags/example_sensors.py for tasks to queue
[2025-02-06T12:25:27.546+0000] {logging_mixin.py:190} INFO - [2025-02-06T12:25:27.546+0000] {dagbag.py:588} INFO - Filling up the DagBag from /opt/conda/lib/python3.12/site-packages/airflow/example_dags/example_sensors.py
[2025-02-06T12:25:27.555+0000] {processor.py:925} INFO - DAG(s) 'example_sensors' retrieved from /opt/conda/lib/python3.12/site-packages/airflow/example_dags/example_sensors.py
[2025-02-06T12:25:27.585+0000] {logging_mixin.py:190} INFO - [2025-02-06T12:25:27.585+0000] {dag.py:3239} INFO - Sync 1 DAGs
[2025-02-06T12:25:27.596+0000] {logging_mixin.py:190} INFO - [2025-02-06T12:25:27.595+0000] {dag.py:4180} INFO - Setting next_dagrun for example_sensors to None, run_after=None
[2025-02-06T12:25:27.640+0000] {processor.py:208} INFO - Processing /opt/conda/lib/python3.12/site-packages/airflow/example_dags/example_sensors.py took 0.100 seconds
[2025-02-06T12:29:26.248+0000] {processor.py:186} INFO - Started process (PID=3586) to work on /opt/conda/lib/python3.12/site-packages/airflow/example_dags/example_sensors.py
[2025-02-06T12:29:26.249+0000] {processor.py:914} INFO - Processing file /opt/conda/lib/python3.12/site-packages/airflow/example_dags/example_sensors.py for tasks to queue
[2025-02-06T12:29:26.251+0000] {logging_mixin.py:190} INFO - [2025-02-06T12:29:26.251+0000] {dagbag.py:588} INFO - Filling up the DagBag from /opt/conda/lib/python3.12/site-packages/airflow/example_dags/example_sensors.py
[2025-02-06T12:29:26.259+0000] {processor.py:925} INFO - DAG(s) 'example_sensors' retrieved from /opt/conda/lib/python3.12/site-packages/airflow/example_dags/example_sensors.py
[2025-02-06T12:29:26.283+0000] {logging_mixin.py:190} INFO - [2025-02-06T12:29:26.283+0000] {dag.py:3239} INFO - Sync 1 DAGs
[2025-02-06T12:29:26.294+0000] {logging_mixin.py:190} INFO - [2025-02-06T12:29:26.294+0000] {dag.py:4180} INFO - Setting next_dagrun for example_sensors to None, run_after=None
[2025-02-06T12:29:26.352+0000] {processor.py:208} INFO - Processing /opt/conda/lib/python3.12/site-packages/airflow/example_dags/example_sensors.py took 0.108 seconds
[2025-02-06T12:33:17.099+0000] {processor.py:186} INFO - Started process (PID=5599) to work on /opt/conda/lib/python3.12/site-packages/airflow/example_dags/example_sensors.py
[2025-02-06T12:33:17.100+0000] {processor.py:914} INFO - Processing file /opt/conda/lib/python3.12/site-packages/airflow/example_dags/example_sensors.py for tasks to queue
[2025-02-06T12:33:17.101+0000] {logging_mixin.py:190} INFO - [2025-02-06T12:33:17.101+0000] {dagbag.py:588} INFO - Filling up the DagBag from /opt/conda/lib/python3.12/site-packages/airflow/example_dags/example_sensors.py
[2025-02-06T12:33:17.109+0000] {processor.py:925} INFO - DAG(s) 'example_sensors' retrieved from /opt/conda/lib/python3.12/site-packages/airflow/example_dags/example_sensors.py
[2025-02-06T12:33:17.132+0000] {logging_mixin.py:190} INFO - [2025-02-06T12:33:17.132+0000] {dag.py:3239} INFO - Sync 1 DAGs
[2025-02-06T12:33:17.143+0000] {logging_mixin.py:190} INFO - [2025-02-06T12:33:17.143+0000] {dag.py:4180} INFO - Setting next_dagrun for example_sensors to None, run_after=None
[2025-02-06T12:33:17.190+0000] {processor.py:208} INFO - Processing /opt/conda/lib/python3.12/site-packages/airflow/example_dags/example_sensors.py took 0.096 seconds
[2025-02-06T12:37:29.960+0000] {processor.py:186} INFO - Started process (PID=7755) to work on /opt/conda/lib/python3.12/site-packages/airflow/example_dags/example_sensors.py
[2025-02-06T12:37:29.961+0000] {processor.py:914} INFO - Processing file /opt/conda/lib/python3.12/site-packages/airflow/example_dags/example_sensors.py for tasks to queue
[2025-02-06T12:37:29.963+0000] {logging_mixin.py:190} INFO - [2025-02-06T12:37:29.963+0000] {dagbag.py:588} INFO - Filling up the DagBag from /opt/conda/lib/python3.12/site-packages/airflow/example_dags/example_sensors.py
[2025-02-06T12:37:29.971+0000] {processor.py:925} INFO - DAG(s) 'example_sensors' retrieved from /opt/conda/lib/python3.12/site-packages/airflow/example_dags/example_sensors.py
[2025-02-06T12:37:29.997+0000] {logging_mixin.py:190} INFO - [2025-02-06T12:37:29.997+0000] {dag.py:3239} INFO - Sync 1 DAGs
[2025-02-06T12:37:30.009+0000] {logging_mixin.py:190} INFO - [2025-02-06T12:37:30.008+0000] {dag.py:4180} INFO - Setting next_dagrun for example_sensors to None, run_after=None
[2025-02-06T12:37:30.058+0000] {processor.py:208} INFO - Processing /opt/conda/lib/python3.12/site-packages/airflow/example_dags/example_sensors.py took 0.102 seconds
[2025-02-06T12:41:35.010+0000] {processor.py:186} INFO - Started process (PID=9841) to work on /opt/conda/lib/python3.12/site-packages/airflow/example_dags/example_sensors.py
[2025-02-06T12:41:35.011+0000] {processor.py:914} INFO - Processing file /opt/conda/lib/python3.12/site-packages/airflow/example_dags/example_sensors.py for tasks to queue
[2025-02-06T12:41:35.013+0000] {logging_mixin.py:190} INFO - [2025-02-06T12:41:35.012+0000] {dagbag.py:588} INFO - Filling up the DagBag from /opt/conda/lib/python3.12/site-packages/airflow/example_dags/example_sensors.py
[2025-02-06T12:41:35.021+0000] {processor.py:925} INFO - DAG(s) 'example_sensors' retrieved from /opt/conda/lib/python3.12/site-packages/airflow/example_dags/example_sensors.py
[2025-02-06T12:41:35.045+0000] {logging_mixin.py:190} INFO - [2025-02-06T12:41:35.045+0000] {dag.py:3239} INFO - Sync 1 DAGs
[2025-02-06T12:41:35.057+0000] {logging_mixin.py:190} INFO - [2025-02-06T12:41:35.057+0000] {dag.py:4180} INFO - Setting next_dagrun for example_sensors to None, run_after=None
[2025-02-06T12:41:35.117+0000] {processor.py:208} INFO - Processing /opt/conda/lib/python3.12/site-packages/airflow/example_dags/example_sensors.py took 0.111 seconds
[2025-02-06T12:45:42.346+0000] {processor.py:186} INFO - Started process (PID=11957) to work on /opt/conda/lib/python3.12/site-packages/airflow/example_dags/example_sensors.py
[2025-02-06T12:45:42.347+0000] {processor.py:914} INFO - Processing file /opt/conda/lib/python3.12/site-packages/airflow/example_dags/example_sensors.py for tasks to queue
[2025-02-06T12:45:42.349+0000] {logging_mixin.py:190} INFO - [2025-02-06T12:45:42.348+0000] {dagbag.py:588} INFO - Filling up the DagBag from /opt/conda/lib/python3.12/site-packages/airflow/example_dags/example_sensors.py
[2025-02-06T12:45:42.357+0000] {processor.py:925} INFO - DAG(s) 'example_sensors' retrieved from /opt/conda/lib/python3.12/site-packages/airflow/example_dags/example_sensors.py
[2025-02-06T12:45:42.379+0000] {logging_mixin.py:190} INFO - [2025-02-06T12:45:42.379+0000] {dag.py:3239} INFO - Sync 1 DAGs
[2025-02-06T12:45:42.390+0000] {logging_mixin.py:190} INFO - [2025-02-06T12:45:42.390+0000] {dag.py:4180} INFO - Setting next_dagrun for example_sensors to None, run_after=None
[2025-02-06T12:45:42.436+0000] {processor.py:208} INFO - Processing /opt/conda/lib/python3.12/site-packages/airflow/example_dags/example_sensors.py took 0.094 seconds
[2025-02-06T12:51:13.934+0000] {processor.py:186} INFO - Started process (PID=14431) to work on /opt/conda/lib/python3.12/site-packages/airflow/example_dags/example_sensors.py
[2025-02-06T12:51:13.935+0000] {processor.py:914} INFO - Processing file /opt/conda/lib/python3.12/site-packages/airflow/example_dags/example_sensors.py for tasks to queue
[2025-02-06T12:51:13.937+0000] {logging_mixin.py:190} INFO - [2025-02-06T12:51:13.937+0000] {dagbag.py:588} INFO - Filling up the DagBag from /opt/conda/lib/python3.12/site-packages/airflow/example_dags/example_sensors.py
[2025-02-06T12:51:13.945+0000] {processor.py:925} INFO - DAG(s) 'example_sensors' retrieved from /opt/conda/lib/python3.12/site-packages/airflow/example_dags/example_sensors.py
[2025-02-06T12:51:13.973+0000] {logging_mixin.py:190} INFO - [2025-02-06T12:51:13.972+0000] {dag.py:3239} INFO - Sync 1 DAGs
[2025-02-06T12:51:13.986+0000] {logging_mixin.py:190} INFO - [2025-02-06T12:51:13.986+0000] {dag.py:4180} INFO - Setting next_dagrun for example_sensors to None, run_after=None
[2025-02-06T12:51:14.036+0000] {processor.py:208} INFO - Processing /opt/conda/lib/python3.12/site-packages/airflow/example_dags/example_sensors.py took 0.106 seconds
[2025-02-06T13:00:37.121+0000] {processor.py:186} INFO - Started process (PID=806) to work on /opt/conda/lib/python3.12/site-packages/airflow/example_dags/example_sensors.py
[2025-02-06T13:00:37.123+0000] {processor.py:914} INFO - Processing file /opt/conda/lib/python3.12/site-packages/airflow/example_dags/example_sensors.py for tasks to queue
[2025-02-06T13:00:37.126+0000] {logging_mixin.py:190} INFO - [2025-02-06T13:00:37.125+0000] {dagbag.py:588} INFO - Filling up the DagBag from /opt/conda/lib/python3.12/site-packages/airflow/example_dags/example_sensors.py
[2025-02-06T13:00:37.139+0000] {processor.py:925} INFO - DAG(s) 'example_sensors' retrieved from /opt/conda/lib/python3.12/site-packages/airflow/example_dags/example_sensors.py
[2025-02-06T13:00:37.177+0000] {logging_mixin.py:190} INFO - [2025-02-06T13:00:37.177+0000] {dag.py:3239} INFO - Sync 1 DAGs
[2025-02-06T13:00:37.197+0000] {logging_mixin.py:190} INFO - [2025-02-06T13:00:37.196+0000] {dag.py:4180} INFO - Setting next_dagrun for example_sensors to None, run_after=None
[2025-02-06T13:00:37.299+0000] {processor.py:208} INFO - Processing /opt/conda/lib/python3.12/site-packages/airflow/example_dags/example_sensors.py took 0.184 seconds
[2025-02-06T13:03:36.594+0000] {processor.py:186} INFO - Started process (PID=1800) to work on /opt/conda/lib/python3.12/site-packages/airflow/example_dags/example_sensors.py
[2025-02-06T13:03:36.595+0000] {processor.py:914} INFO - Processing file /opt/conda/lib/python3.12/site-packages/airflow/example_dags/example_sensors.py for tasks to queue
[2025-02-06T13:03:36.597+0000] {logging_mixin.py:190} INFO - [2025-02-06T13:03:36.597+0000] {dagbag.py:588} INFO - Filling up the DagBag from /opt/conda/lib/python3.12/site-packages/airflow/example_dags/example_sensors.py
[2025-02-06T13:03:36.606+0000] {processor.py:925} INFO - DAG(s) 'example_sensors' retrieved from /opt/conda/lib/python3.12/site-packages/airflow/example_dags/example_sensors.py
[2025-02-06T13:03:36.637+0000] {logging_mixin.py:190} INFO - [2025-02-06T13:03:36.636+0000] {dag.py:3239} INFO - Sync 1 DAGs
[2025-02-06T13:03:36.654+0000] {logging_mixin.py:190} INFO - [2025-02-06T13:03:36.654+0000] {dag.py:4180} INFO - Setting next_dagrun for example_sensors to None, run_after=None
[2025-02-06T13:03:36.712+0000] {processor.py:208} INFO - Processing /opt/conda/lib/python3.12/site-packages/airflow/example_dags/example_sensors.py took 0.122 seconds
[2025-02-06T13:21:01.436+0000] {processor.py:186} INFO - Started process (PID=926) to work on /opt/conda/lib/python3.12/site-packages/airflow/example_dags/example_sensors.py
[2025-02-06T13:21:01.438+0000] {processor.py:914} INFO - Processing file /opt/conda/lib/python3.12/site-packages/airflow/example_dags/example_sensors.py for tasks to queue
[2025-02-06T13:21:01.440+0000] {logging_mixin.py:190} INFO - [2025-02-06T13:21:01.439+0000] {dagbag.py:588} INFO - Filling up the DagBag from /opt/conda/lib/python3.12/site-packages/airflow/example_dags/example_sensors.py
[2025-02-06T13:21:01.450+0000] {processor.py:925} INFO - DAG(s) 'example_sensors' retrieved from /opt/conda/lib/python3.12/site-packages/airflow/example_dags/example_sensors.py
[2025-02-06T13:21:01.479+0000] {logging_mixin.py:190} INFO - [2025-02-06T13:21:01.479+0000] {dag.py:3239} INFO - Sync 1 DAGs
[2025-02-06T13:21:01.496+0000] {logging_mixin.py:190} INFO - [2025-02-06T13:21:01.496+0000] {dag.py:4180} INFO - Setting next_dagrun for example_sensors to None, run_after=None
[2025-02-06T13:21:01.556+0000] {processor.py:208} INFO - Processing /opt/conda/lib/python3.12/site-packages/airflow/example_dags/example_sensors.py took 0.124 seconds
[2025-02-06T13:25:48.895+0000] {processor.py:186} INFO - Started process (PID=2907) to work on /opt/conda/lib/python3.12/site-packages/airflow/example_dags/example_sensors.py
[2025-02-06T13:25:48.896+0000] {processor.py:914} INFO - Processing file /opt/conda/lib/python3.12/site-packages/airflow/example_dags/example_sensors.py for tasks to queue
[2025-02-06T13:25:48.898+0000] {logging_mixin.py:190} INFO - [2025-02-06T13:25:48.898+0000] {dagbag.py:588} INFO - Filling up the DagBag from /opt/conda/lib/python3.12/site-packages/airflow/example_dags/example_sensors.py
[2025-02-06T13:25:48.908+0000] {processor.py:925} INFO - DAG(s) 'example_sensors' retrieved from /opt/conda/lib/python3.12/site-packages/airflow/example_dags/example_sensors.py
[2025-02-06T13:25:48.935+0000] {logging_mixin.py:190} INFO - [2025-02-06T13:25:48.935+0000] {dag.py:3239} INFO - Sync 1 DAGs
[2025-02-06T13:25:48.952+0000] {logging_mixin.py:190} INFO - [2025-02-06T13:25:48.951+0000] {dag.py:4180} INFO - Setting next_dagrun for example_sensors to None, run_after=None
[2025-02-06T13:25:49.003+0000] {processor.py:208} INFO - Processing /opt/conda/lib/python3.12/site-packages/airflow/example_dags/example_sensors.py took 0.112 seconds
[2025-02-06T13:30:16.035+0000] {processor.py:186} INFO - Started process (PID=4791) to work on /opt/conda/lib/python3.12/site-packages/airflow/example_dags/example_sensors.py
[2025-02-06T13:30:16.036+0000] {processor.py:914} INFO - Processing file /opt/conda/lib/python3.12/site-packages/airflow/example_dags/example_sensors.py for tasks to queue
[2025-02-06T13:30:16.038+0000] {logging_mixin.py:190} INFO - [2025-02-06T13:30:16.038+0000] {dagbag.py:588} INFO - Filling up the DagBag from /opt/conda/lib/python3.12/site-packages/airflow/example_dags/example_sensors.py
[2025-02-06T13:30:16.047+0000] {processor.py:925} INFO - DAG(s) 'example_sensors' retrieved from /opt/conda/lib/python3.12/site-packages/airflow/example_dags/example_sensors.py
[2025-02-06T13:30:16.075+0000] {logging_mixin.py:190} INFO - [2025-02-06T13:30:16.075+0000] {dag.py:3239} INFO - Sync 1 DAGs
[2025-02-06T13:30:16.088+0000] {logging_mixin.py:190} INFO - [2025-02-06T13:30:16.087+0000] {dag.py:4180} INFO - Setting next_dagrun for example_sensors to None, run_after=None
[2025-02-06T13:30:16.150+0000] {processor.py:208} INFO - Processing /opt/conda/lib/python3.12/site-packages/airflow/example_dags/example_sensors.py took 0.120 seconds
[2025-02-06T13:33:30.533+0000] {processor.py:186} INFO - Started process (PID=5941) to work on /opt/conda/lib/python3.12/site-packages/airflow/example_dags/example_sensors.py
[2025-02-06T13:33:30.534+0000] {processor.py:914} INFO - Processing file /opt/conda/lib/python3.12/site-packages/airflow/example_dags/example_sensors.py for tasks to queue
[2025-02-06T13:33:30.536+0000] {logging_mixin.py:190} INFO - [2025-02-06T13:33:30.536+0000] {dagbag.py:588} INFO - Filling up the DagBag from /opt/conda/lib/python3.12/site-packages/airflow/example_dags/example_sensors.py
[2025-02-06T13:33:30.554+0000] {processor.py:925} INFO - DAG(s) 'example_sensors' retrieved from /opt/conda/lib/python3.12/site-packages/airflow/example_dags/example_sensors.py
[2025-02-06T13:33:30.593+0000] {logging_mixin.py:190} INFO - [2025-02-06T13:33:30.592+0000] {dag.py:3239} INFO - Sync 1 DAGs
[2025-02-06T13:33:30.608+0000] {logging_mixin.py:190} INFO - [2025-02-06T13:33:30.608+0000] {dag.py:4180} INFO - Setting next_dagrun for example_sensors to None, run_after=None
[2025-02-06T13:33:30.669+0000] {processor.py:208} INFO - Processing /opt/conda/lib/python3.12/site-packages/airflow/example_dags/example_sensors.py took 0.143 seconds
