[2025-02-06T08:27:48.827+0000] {processor.py:186} INFO - Started process (PID=91) to work on /opt/conda/lib/python3.12/site-packages/airflow/example_dags/example_dataset_alias.py
[2025-02-06T08:27:48.828+0000] {processor.py:914} INFO - Processing file /opt/conda/lib/python3.12/site-packages/airflow/example_dags/example_dataset_alias.py for tasks to queue
[2025-02-06T08:27:48.831+0000] {logging_mixin.py:190} INFO - [2025-02-06T08:27:48.831+0000] {dagbag.py:588} INFO - Filling up the DagBag from /opt/conda/lib/python3.12/site-packages/airflow/example_dags/example_dataset_alias.py
[2025-02-06T08:27:48.859+0000] {processor.py:925} INFO - DAG(s) 'dataset_alias_example_alias_producer', 'dataset_s3_bucket_producer', 'dataset_s3_bucket_consumer', 'dataset_alias_example_alias_consumer' retrieved from /opt/conda/lib/python3.12/site-packages/airflow/example_dags/example_dataset_alias.py
[2025-02-06T08:27:48.990+0000] {logging_mixin.py:190} INFO - [2025-02-06T08:27:48.990+0000] {override.py:1912} INFO - Created Permission View: can delete on DAG:dataset_alias_example_alias_producer
[2025-02-06T08:27:49.026+0000] {logging_mixin.py:190} INFO - [2025-02-06T08:27:49.025+0000] {override.py:1912} INFO - Created Permission View: can read on DAG:dataset_alias_example_alias_producer
[2025-02-06T08:27:49.059+0000] {logging_mixin.py:190} INFO - [2025-02-06T08:27:49.059+0000] {override.py:1912} INFO - Created Permission View: can edit on DAG:dataset_alias_example_alias_producer
[2025-02-06T08:27:49.122+0000] {logging_mixin.py:190} INFO - [2025-02-06T08:27:49.121+0000] {override.py:1912} INFO - Created Permission View: menu access on DAG Run:dataset_alias_example_alias_producer
[2025-02-06T08:27:49.156+0000] {logging_mixin.py:190} INFO - [2025-02-06T08:27:49.155+0000] {override.py:1912} INFO - Created Permission View: can create on DAG Run:dataset_alias_example_alias_producer
[2025-02-06T08:27:49.190+0000] {logging_mixin.py:190} INFO - [2025-02-06T08:27:49.190+0000] {override.py:1912} INFO - Created Permission View: can read on DAG Run:dataset_alias_example_alias_producer
[2025-02-06T08:27:49.224+0000] {logging_mixin.py:190} INFO - [2025-02-06T08:27:49.223+0000] {override.py:1912} INFO - Created Permission View: can delete on DAG Run:dataset_alias_example_alias_producer
[2025-02-06T08:27:49.291+0000] {logging_mixin.py:190} INFO - [2025-02-06T08:27:49.291+0000] {override.py:1912} INFO - Created Permission View: can delete on DAG:dataset_s3_bucket_producer
[2025-02-06T08:27:49.323+0000] {logging_mixin.py:190} INFO - [2025-02-06T08:27:49.323+0000] {override.py:1912} INFO - Created Permission View: can read on DAG:dataset_s3_bucket_producer
[2025-02-06T08:27:49.353+0000] {logging_mixin.py:190} INFO - [2025-02-06T08:27:49.353+0000] {override.py:1912} INFO - Created Permission View: can edit on DAG:dataset_s3_bucket_producer
[2025-02-06T08:27:49.411+0000] {logging_mixin.py:190} INFO - [2025-02-06T08:27:49.410+0000] {override.py:1912} INFO - Created Permission View: menu access on DAG Run:dataset_s3_bucket_producer
[2025-02-06T08:27:49.444+0000] {logging_mixin.py:190} INFO - [2025-02-06T08:27:49.444+0000] {override.py:1912} INFO - Created Permission View: can create on DAG Run:dataset_s3_bucket_producer
[2025-02-06T08:27:49.483+0000] {logging_mixin.py:190} INFO - [2025-02-06T08:27:49.483+0000] {override.py:1912} INFO - Created Permission View: can read on DAG Run:dataset_s3_bucket_producer
[2025-02-06T08:27:49.521+0000] {logging_mixin.py:190} INFO - [2025-02-06T08:27:49.521+0000] {override.py:1912} INFO - Created Permission View: can delete on DAG Run:dataset_s3_bucket_producer
[2025-02-06T08:27:49.590+0000] {logging_mixin.py:190} INFO - [2025-02-06T08:27:49.590+0000] {override.py:1912} INFO - Created Permission View: can delete on DAG:dataset_s3_bucket_consumer
[2025-02-06T08:27:49.644+0000] {logging_mixin.py:190} INFO - [2025-02-06T08:27:49.643+0000] {override.py:1912} INFO - Created Permission View: can read on DAG:dataset_s3_bucket_consumer
[2025-02-06T08:27:49.686+0000] {logging_mixin.py:190} INFO - [2025-02-06T08:27:49.686+0000] {override.py:1912} INFO - Created Permission View: can edit on DAG:dataset_s3_bucket_consumer
[2025-02-06T08:27:49.750+0000] {logging_mixin.py:190} INFO - [2025-02-06T08:27:49.749+0000] {override.py:1912} INFO - Created Permission View: menu access on DAG Run:dataset_s3_bucket_consumer
[2025-02-06T08:27:49.791+0000] {logging_mixin.py:190} INFO - [2025-02-06T08:27:49.790+0000] {override.py:1912} INFO - Created Permission View: can create on DAG Run:dataset_s3_bucket_consumer
[2025-02-06T08:27:49.828+0000] {logging_mixin.py:190} INFO - [2025-02-06T08:27:49.828+0000] {override.py:1912} INFO - Created Permission View: can read on DAG Run:dataset_s3_bucket_consumer
[2025-02-06T08:27:49.867+0000] {logging_mixin.py:190} INFO - [2025-02-06T08:27:49.866+0000] {override.py:1912} INFO - Created Permission View: can delete on DAG Run:dataset_s3_bucket_consumer
[2025-02-06T08:27:49.956+0000] {logging_mixin.py:190} INFO - [2025-02-06T08:27:49.956+0000] {override.py:1912} INFO - Created Permission View: can delete on DAG:dataset_alias_example_alias_consumer
[2025-02-06T08:27:49.991+0000] {logging_mixin.py:190} INFO - [2025-02-06T08:27:49.991+0000] {override.py:1912} INFO - Created Permission View: can read on DAG:dataset_alias_example_alias_consumer
[2025-02-06T08:27:50.027+0000] {logging_mixin.py:190} INFO - [2025-02-06T08:27:50.027+0000] {override.py:1912} INFO - Created Permission View: can edit on DAG:dataset_alias_example_alias_consumer
[2025-02-06T08:27:50.083+0000] {logging_mixin.py:190} INFO - [2025-02-06T08:27:50.082+0000] {override.py:1912} INFO - Created Permission View: menu access on DAG Run:dataset_alias_example_alias_consumer
[2025-02-06T08:27:50.115+0000] {logging_mixin.py:190} INFO - [2025-02-06T08:27:50.114+0000] {override.py:1912} INFO - Created Permission View: can create on DAG Run:dataset_alias_example_alias_consumer
[2025-02-06T08:27:50.143+0000] {logging_mixin.py:190} INFO - [2025-02-06T08:27:50.142+0000] {override.py:1912} INFO - Created Permission View: can read on DAG Run:dataset_alias_example_alias_consumer
[2025-02-06T08:27:50.177+0000] {logging_mixin.py:190} INFO - [2025-02-06T08:27:50.176+0000] {override.py:1912} INFO - Created Permission View: can delete on DAG Run:dataset_alias_example_alias_consumer
[2025-02-06T08:27:50.178+0000] {logging_mixin.py:190} INFO - [2025-02-06T08:27:50.178+0000] {dag.py:3239} INFO - Sync 4 DAGs
[2025-02-06T08:27:50.199+0000] {logging_mixin.py:190} INFO - [2025-02-06T08:27:50.199+0000] {dag.py:3262} INFO - Creating ORM DAG for dataset_s3_bucket_consumer
[2025-02-06T08:27:50.200+0000] {logging_mixin.py:190} INFO - [2025-02-06T08:27:50.200+0000] {dag.py:3262} INFO - Creating ORM DAG for dataset_alias_example_alias_producer
[2025-02-06T08:27:50.200+0000] {logging_mixin.py:190} INFO - [2025-02-06T08:27:50.200+0000] {dag.py:3262} INFO - Creating ORM DAG for dataset_s3_bucket_producer
[2025-02-06T08:27:50.201+0000] {logging_mixin.py:190} INFO - [2025-02-06T08:27:50.201+0000] {dag.py:3262} INFO - Creating ORM DAG for dataset_alias_example_alias_consumer
[2025-02-06T08:27:50.211+0000] {logging_mixin.py:190} INFO - [2025-02-06T08:27:50.211+0000] {dag.py:4180} INFO - Setting next_dagrun for dataset_alias_example_alias_consumer to None, run_after=None
[2025-02-06T08:27:50.212+0000] {logging_mixin.py:190} INFO - [2025-02-06T08:27:50.212+0000] {dag.py:4180} INFO - Setting next_dagrun for dataset_alias_example_alias_producer to None, run_after=None
[2025-02-06T08:27:50.213+0000] {logging_mixin.py:190} INFO - [2025-02-06T08:27:50.213+0000] {dag.py:4180} INFO - Setting next_dagrun for dataset_s3_bucket_consumer to None, run_after=None
[2025-02-06T08:27:50.213+0000] {logging_mixin.py:190} INFO - [2025-02-06T08:27:50.213+0000] {dag.py:4180} INFO - Setting next_dagrun for dataset_s3_bucket_producer to None, run_after=None
[2025-02-06T08:27:50.289+0000] {processor.py:208} INFO - Processing /opt/conda/lib/python3.12/site-packages/airflow/example_dags/example_dataset_alias.py took 1.467 seconds
[2025-02-06T08:31:19.699+0000] {processor.py:186} INFO - Started process (PID=92) to work on /opt/conda/lib/python3.12/site-packages/airflow/example_dags/example_dataset_alias.py
[2025-02-06T08:31:19.700+0000] {processor.py:914} INFO - Processing file /opt/conda/lib/python3.12/site-packages/airflow/example_dags/example_dataset_alias.py for tasks to queue
[2025-02-06T08:31:19.701+0000] {logging_mixin.py:190} INFO - [2025-02-06T08:31:19.701+0000] {dagbag.py:588} INFO - Filling up the DagBag from /opt/conda/lib/python3.12/site-packages/airflow/example_dags/example_dataset_alias.py
[2025-02-06T08:31:19.727+0000] {processor.py:925} INFO - DAG(s) 'dataset_alias_example_alias_consumer', 'dataset_alias_example_alias_producer', 'dataset_s3_bucket_producer', 'dataset_s3_bucket_consumer' retrieved from /opt/conda/lib/python3.12/site-packages/airflow/example_dags/example_dataset_alias.py
[2025-02-06T08:31:19.778+0000] {logging_mixin.py:190} INFO - [2025-02-06T08:31:19.778+0000] {dag.py:3239} INFO - Sync 4 DAGs
[2025-02-06T08:31:19.801+0000] {logging_mixin.py:190} INFO - [2025-02-06T08:31:19.801+0000] {dag.py:4180} INFO - Setting next_dagrun for dataset_alias_example_alias_consumer to None, run_after=None
[2025-02-06T08:31:19.807+0000] {logging_mixin.py:190} INFO - [2025-02-06T08:31:19.806+0000] {dag.py:4180} INFO - Setting next_dagrun for dataset_alias_example_alias_producer to None, run_after=None
[2025-02-06T08:31:19.811+0000] {logging_mixin.py:190} INFO - [2025-02-06T08:31:19.810+0000] {dag.py:4180} INFO - Setting next_dagrun for dataset_s3_bucket_consumer to None, run_after=None
[2025-02-06T08:31:19.815+0000] {logging_mixin.py:190} INFO - [2025-02-06T08:31:19.815+0000] {dag.py:4180} INFO - Setting next_dagrun for dataset_s3_bucket_producer to None, run_after=None
[2025-02-06T08:31:19.888+0000] {processor.py:208} INFO - Processing /opt/conda/lib/python3.12/site-packages/airflow/example_dags/example_dataset_alias.py took 0.192 seconds
[2025-02-06T08:32:31.723+0000] {processor.py:186} INFO - Started process (PID=155) to work on /opt/conda/lib/python3.12/site-packages/airflow/example_dags/example_dataset_alias.py
[2025-02-06T08:32:31.724+0000] {processor.py:914} INFO - Processing file /opt/conda/lib/python3.12/site-packages/airflow/example_dags/example_dataset_alias.py for tasks to queue
[2025-02-06T08:32:31.725+0000] {logging_mixin.py:190} INFO - [2025-02-06T08:32:31.725+0000] {dagbag.py:588} INFO - Filling up the DagBag from /opt/conda/lib/python3.12/site-packages/airflow/example_dags/example_dataset_alias.py
[2025-02-06T08:32:31.752+0000] {processor.py:925} INFO - DAG(s) 'dataset_alias_example_alias_consumer', 'dataset_s3_bucket_consumer', 'dataset_alias_example_alias_producer', 'dataset_s3_bucket_producer' retrieved from /opt/conda/lib/python3.12/site-packages/airflow/example_dags/example_dataset_alias.py
[2025-02-06T08:32:31.792+0000] {logging_mixin.py:190} INFO - [2025-02-06T08:32:31.792+0000] {dag.py:3239} INFO - Sync 4 DAGs
[2025-02-06T08:32:31.811+0000] {logging_mixin.py:190} INFO - [2025-02-06T08:32:31.811+0000] {dag.py:4180} INFO - Setting next_dagrun for dataset_alias_example_alias_consumer to None, run_after=None
[2025-02-06T08:32:31.815+0000] {logging_mixin.py:190} INFO - [2025-02-06T08:32:31.815+0000] {dag.py:4180} INFO - Setting next_dagrun for dataset_alias_example_alias_producer to None, run_after=None
[2025-02-06T08:32:31.817+0000] {logging_mixin.py:190} INFO - [2025-02-06T08:32:31.817+0000] {dag.py:4180} INFO - Setting next_dagrun for dataset_s3_bucket_consumer to None, run_after=None
[2025-02-06T08:32:31.820+0000] {logging_mixin.py:190} INFO - [2025-02-06T08:32:31.820+0000] {dag.py:4180} INFO - Setting next_dagrun for dataset_s3_bucket_producer to None, run_after=None
[2025-02-06T08:32:31.917+0000] {processor.py:208} INFO - Processing /opt/conda/lib/python3.12/site-packages/airflow/example_dags/example_dataset_alias.py took 0.198 seconds
[2025-02-06T08:33:41.190+0000] {processor.py:186} INFO - Started process (PID=216) to work on /opt/conda/lib/python3.12/site-packages/airflow/example_dags/example_dataset_alias.py
[2025-02-06T08:33:41.191+0000] {processor.py:914} INFO - Processing file /opt/conda/lib/python3.12/site-packages/airflow/example_dags/example_dataset_alias.py for tasks to queue
[2025-02-06T08:33:41.192+0000] {logging_mixin.py:190} INFO - [2025-02-06T08:33:41.192+0000] {dagbag.py:588} INFO - Filling up the DagBag from /opt/conda/lib/python3.12/site-packages/airflow/example_dags/example_dataset_alias.py
[2025-02-06T08:33:41.229+0000] {processor.py:925} INFO - DAG(s) 'dataset_s3_bucket_consumer', 'dataset_alias_example_alias_producer', 'dataset_s3_bucket_producer', 'dataset_alias_example_alias_consumer' retrieved from /opt/conda/lib/python3.12/site-packages/airflow/example_dags/example_dataset_alias.py
[2025-02-06T08:33:41.271+0000] {logging_mixin.py:190} INFO - [2025-02-06T08:33:41.271+0000] {dag.py:3239} INFO - Sync 4 DAGs
[2025-02-06T08:33:41.292+0000] {logging_mixin.py:190} INFO - [2025-02-06T08:33:41.291+0000] {dag.py:4180} INFO - Setting next_dagrun for dataset_alias_example_alias_consumer to None, run_after=None
[2025-02-06T08:33:41.295+0000] {logging_mixin.py:190} INFO - [2025-02-06T08:33:41.295+0000] {dag.py:4180} INFO - Setting next_dagrun for dataset_alias_example_alias_producer to None, run_after=None
[2025-02-06T08:33:41.297+0000] {logging_mixin.py:190} INFO - [2025-02-06T08:33:41.297+0000] {dag.py:4180} INFO - Setting next_dagrun for dataset_s3_bucket_consumer to None, run_after=None
[2025-02-06T08:33:41.300+0000] {logging_mixin.py:190} INFO - [2025-02-06T08:33:41.299+0000] {dag.py:4180} INFO - Setting next_dagrun for dataset_s3_bucket_producer to None, run_after=None
[2025-02-06T08:33:41.338+0000] {processor.py:211} ERROR - Got an exception! Propagating...
Traceback (most recent call last):
  File "/opt/conda/lib/python3.12/site-packages/sqlalchemy/engine/base.py", line 1094, in _commit_impl
    self.engine.dialect.do_commit(self.connection)
  File "/opt/conda/lib/python3.12/site-packages/sqlalchemy/engine/default.py", line 686, in do_commit
    dbapi_connection.commit()
sqlite3.OperationalError: disk I/O error

The above exception was the direct cause of the following exception:

Traceback (most recent call last):
  File "/opt/conda/lib/python3.12/site-packages/airflow/dag_processing/processor.py", line 207, in _run_file_processor
    _handle_dag_file_processing()
  File "/opt/conda/lib/python3.12/site-packages/airflow/dag_processing/processor.py", line 188, in _handle_dag_file_processing
    result: tuple[int, int, int] = dag_file_processor.process_file(
                                   ^^^^^^^^^^^^^^^^^^^^^^^^^^^^^^^^
  File "/opt/conda/lib/python3.12/site-packages/airflow/utils/session.py", line 97, in wrapper
    return func(*args, session=session, **kwargs)
           ^^^^^^^^^^^^^^^^^^^^^^^^^^^^^^^^^^^^^^
  File "/opt/conda/lib/python3.12/site-packages/airflow/dag_processing/processor.py", line 942, in process_file
    serialize_errors = DagFileProcessor.save_dag_to_db(
                       ^^^^^^^^^^^^^^^^^^^^^^^^^^^^^^^^
  File "/opt/conda/lib/python3.12/site-packages/airflow/api_internal/internal_api_call.py", line 166, in wrapper
    return func(*args, **kwargs)
           ^^^^^^^^^^^^^^^^^^^^^
  File "/opt/conda/lib/python3.12/site-packages/airflow/utils/session.py", line 97, in wrapper
    return func(*args, session=session, **kwargs)
           ^^^^^^^^^^^^^^^^^^^^^^^^^^^^^^^^^^^^^^
  File "/opt/conda/lib/python3.12/site-packages/airflow/dag_processing/processor.py", line 983, in save_dag_to_db
    session.commit()
  File "/opt/conda/lib/python3.12/site-packages/sqlalchemy/orm/session.py", line 1454, in commit
    self._transaction.commit(_to_root=self.future)
  File "/opt/conda/lib/python3.12/site-packages/sqlalchemy/orm/session.py", line 839, in commit
    trans.commit()
  File "/opt/conda/lib/python3.12/site-packages/sqlalchemy/engine/base.py", line 2469, in commit
    self._do_commit()
  File "/opt/conda/lib/python3.12/site-packages/sqlalchemy/engine/base.py", line 2659, in _do_commit
    self._connection_commit_impl()
  File "/opt/conda/lib/python3.12/site-packages/sqlalchemy/engine/base.py", line 2630, in _connection_commit_impl
    self.connection._commit_impl()
  File "/opt/conda/lib/python3.12/site-packages/sqlalchemy/engine/base.py", line 1096, in _commit_impl
    self._handle_dbapi_exception(e, None, None, None, None)
  File "/opt/conda/lib/python3.12/site-packages/sqlalchemy/engine/base.py", line 2134, in _handle_dbapi_exception
    util.raise_(
  File "/opt/conda/lib/python3.12/site-packages/sqlalchemy/util/compat.py", line 211, in raise_
    raise exception
  File "/opt/conda/lib/python3.12/site-packages/sqlalchemy/engine/base.py", line 1094, in _commit_impl
    self.engine.dialect.do_commit(self.connection)
  File "/opt/conda/lib/python3.12/site-packages/sqlalchemy/engine/default.py", line 686, in do_commit
    dbapi_connection.commit()
sqlalchemy.exc.OperationalError: (sqlite3.OperationalError) disk I/O error
(Background on this error at: https://sqlalche.me/e/14/e3q8)
[2025-02-06T08:34:57.647+0000] {processor.py:186} INFO - Started process (PID=279) to work on /opt/conda/lib/python3.12/site-packages/airflow/example_dags/example_dataset_alias.py
[2025-02-06T08:34:57.648+0000] {processor.py:914} INFO - Processing file /opt/conda/lib/python3.12/site-packages/airflow/example_dags/example_dataset_alias.py for tasks to queue
[2025-02-06T08:34:57.649+0000] {logging_mixin.py:190} INFO - [2025-02-06T08:34:57.649+0000] {dagbag.py:588} INFO - Filling up the DagBag from /opt/conda/lib/python3.12/site-packages/airflow/example_dags/example_dataset_alias.py
[2025-02-06T08:34:57.678+0000] {processor.py:925} INFO - DAG(s) 'dataset_alias_example_alias_producer', 'dataset_alias_example_alias_consumer', 'dataset_s3_bucket_consumer', 'dataset_s3_bucket_producer' retrieved from /opt/conda/lib/python3.12/site-packages/airflow/example_dags/example_dataset_alias.py
[2025-02-06T08:34:58.009+0000] {logging_mixin.py:190} INFO - [2025-02-06T08:34:58.009+0000] {dag.py:3239} INFO - Sync 4 DAGs
[2025-02-06T08:34:58.027+0000] {logging_mixin.py:190} INFO - [2025-02-06T08:34:58.027+0000] {dag.py:4180} INFO - Setting next_dagrun for dataset_alias_example_alias_consumer to None, run_after=None
[2025-02-06T08:34:58.034+0000] {logging_mixin.py:190} INFO - [2025-02-06T08:34:58.034+0000] {dag.py:4180} INFO - Setting next_dagrun for dataset_alias_example_alias_producer to None, run_after=None
[2025-02-06T08:34:58.039+0000] {logging_mixin.py:190} INFO - [2025-02-06T08:34:58.039+0000] {dag.py:4180} INFO - Setting next_dagrun for dataset_s3_bucket_consumer to None, run_after=None
[2025-02-06T08:34:58.043+0000] {logging_mixin.py:190} INFO - [2025-02-06T08:34:58.043+0000] {dag.py:4180} INFO - Setting next_dagrun for dataset_s3_bucket_producer to None, run_after=None
[2025-02-06T08:34:58.125+0000] {processor.py:208} INFO - Processing /opt/conda/lib/python3.12/site-packages/airflow/example_dags/example_dataset_alias.py took 0.482 seconds
[2025-02-06T08:36:14.902+0000] {processor.py:186} INFO - Started process (PID=345) to work on /opt/conda/lib/python3.12/site-packages/airflow/example_dags/example_dataset_alias.py
[2025-02-06T08:36:14.904+0000] {processor.py:914} INFO - Processing file /opt/conda/lib/python3.12/site-packages/airflow/example_dags/example_dataset_alias.py for tasks to queue
[2025-02-06T08:36:14.905+0000] {logging_mixin.py:190} INFO - [2025-02-06T08:36:14.905+0000] {dagbag.py:588} INFO - Filling up the DagBag from /opt/conda/lib/python3.12/site-packages/airflow/example_dags/example_dataset_alias.py
[2025-02-06T08:36:14.932+0000] {processor.py:925} INFO - DAG(s) 'dataset_alias_example_alias_producer', 'dataset_s3_bucket_producer', 'dataset_s3_bucket_consumer', 'dataset_alias_example_alias_consumer' retrieved from /opt/conda/lib/python3.12/site-packages/airflow/example_dags/example_dataset_alias.py
[2025-02-06T08:36:14.984+0000] {logging_mixin.py:190} INFO - [2025-02-06T08:36:14.984+0000] {dag.py:3239} INFO - Sync 4 DAGs
[2025-02-06T08:36:15.112+0000] {logging_mixin.py:190} INFO - [2025-02-06T08:36:15.112+0000] {dag.py:4180} INFO - Setting next_dagrun for dataset_alias_example_alias_consumer to None, run_after=None
[2025-02-06T08:36:15.116+0000] {logging_mixin.py:190} INFO - [2025-02-06T08:36:15.115+0000] {dag.py:4180} INFO - Setting next_dagrun for dataset_alias_example_alias_producer to None, run_after=None
[2025-02-06T08:36:15.118+0000] {logging_mixin.py:190} INFO - [2025-02-06T08:36:15.118+0000] {dag.py:4180} INFO - Setting next_dagrun for dataset_s3_bucket_consumer to None, run_after=None
[2025-02-06T08:36:15.120+0000] {logging_mixin.py:190} INFO - [2025-02-06T08:36:15.120+0000] {dag.py:4180} INFO - Setting next_dagrun for dataset_s3_bucket_producer to None, run_after=None
[2025-02-06T08:36:15.187+0000] {processor.py:208} INFO - Processing /opt/conda/lib/python3.12/site-packages/airflow/example_dags/example_dataset_alias.py took 0.290 seconds
[2025-02-06T08:37:36.993+0000] {processor.py:186} INFO - Started process (PID=412) to work on /opt/conda/lib/python3.12/site-packages/airflow/example_dags/example_dataset_alias.py
[2025-02-06T08:37:36.994+0000] {processor.py:914} INFO - Processing file /opt/conda/lib/python3.12/site-packages/airflow/example_dags/example_dataset_alias.py for tasks to queue
[2025-02-06T08:37:36.995+0000] {logging_mixin.py:190} INFO - [2025-02-06T08:37:36.995+0000] {dagbag.py:588} INFO - Filling up the DagBag from /opt/conda/lib/python3.12/site-packages/airflow/example_dags/example_dataset_alias.py
[2025-02-06T08:37:37.024+0000] {processor.py:925} INFO - DAG(s) 'dataset_alias_example_alias_consumer', 'dataset_s3_bucket_producer', 'dataset_alias_example_alias_producer', 'dataset_s3_bucket_consumer' retrieved from /opt/conda/lib/python3.12/site-packages/airflow/example_dags/example_dataset_alias.py
[2025-02-06T08:37:37.063+0000] {logging_mixin.py:190} INFO - [2025-02-06T08:37:37.063+0000] {dag.py:3239} INFO - Sync 4 DAGs
[2025-02-06T08:37:37.084+0000] {logging_mixin.py:190} INFO - [2025-02-06T08:37:37.084+0000] {dag.py:4180} INFO - Setting next_dagrun for dataset_alias_example_alias_consumer to None, run_after=None
[2025-02-06T08:37:37.088+0000] {logging_mixin.py:190} INFO - [2025-02-06T08:37:37.088+0000] {dag.py:4180} INFO - Setting next_dagrun for dataset_alias_example_alias_producer to None, run_after=None
[2025-02-06T08:37:37.091+0000] {logging_mixin.py:190} INFO - [2025-02-06T08:37:37.091+0000] {dag.py:4180} INFO - Setting next_dagrun for dataset_s3_bucket_consumer to None, run_after=None
[2025-02-06T08:37:37.093+0000] {logging_mixin.py:190} INFO - [2025-02-06T08:37:37.093+0000] {dag.py:4180} INFO - Setting next_dagrun for dataset_s3_bucket_producer to None, run_after=None
[2025-02-06T08:37:37.157+0000] {processor.py:208} INFO - Processing /opt/conda/lib/python3.12/site-packages/airflow/example_dags/example_dataset_alias.py took 0.168 seconds
[2025-02-06T08:38:52.415+0000] {processor.py:186} INFO - Started process (PID=477) to work on /opt/conda/lib/python3.12/site-packages/airflow/example_dags/example_dataset_alias.py
[2025-02-06T08:38:52.416+0000] {processor.py:914} INFO - Processing file /opt/conda/lib/python3.12/site-packages/airflow/example_dags/example_dataset_alias.py for tasks to queue
[2025-02-06T08:38:52.418+0000] {logging_mixin.py:190} INFO - [2025-02-06T08:38:52.417+0000] {dagbag.py:588} INFO - Filling up the DagBag from /opt/conda/lib/python3.12/site-packages/airflow/example_dags/example_dataset_alias.py
[2025-02-06T08:38:52.449+0000] {processor.py:925} INFO - DAG(s) 'dataset_s3_bucket_producer', 'dataset_alias_example_alias_producer', 'dataset_alias_example_alias_consumer', 'dataset_s3_bucket_consumer' retrieved from /opt/conda/lib/python3.12/site-packages/airflow/example_dags/example_dataset_alias.py
[2025-02-06T08:38:52.495+0000] {logging_mixin.py:190} INFO - [2025-02-06T08:38:52.494+0000] {dag.py:3239} INFO - Sync 4 DAGs
[2025-02-06T08:38:52.520+0000] {logging_mixin.py:190} INFO - [2025-02-06T08:38:52.519+0000] {dag.py:4180} INFO - Setting next_dagrun for dataset_alias_example_alias_consumer to None, run_after=None
[2025-02-06T08:38:52.523+0000] {logging_mixin.py:190} INFO - [2025-02-06T08:38:52.523+0000] {dag.py:4180} INFO - Setting next_dagrun for dataset_alias_example_alias_producer to None, run_after=None
[2025-02-06T08:38:52.525+0000] {logging_mixin.py:190} INFO - [2025-02-06T08:38:52.525+0000] {dag.py:4180} INFO - Setting next_dagrun for dataset_s3_bucket_consumer to None, run_after=None
[2025-02-06T08:38:52.527+0000] {logging_mixin.py:190} INFO - [2025-02-06T08:38:52.527+0000] {dag.py:4180} INFO - Setting next_dagrun for dataset_s3_bucket_producer to None, run_after=None
[2025-02-06T08:38:52.586+0000] {processor.py:208} INFO - Processing /opt/conda/lib/python3.12/site-packages/airflow/example_dags/example_dataset_alias.py took 0.175 seconds
[2025-02-06T08:40:10.673+0000] {processor.py:186} INFO - Started process (PID=543) to work on /opt/conda/lib/python3.12/site-packages/airflow/example_dags/example_dataset_alias.py
[2025-02-06T08:40:10.675+0000] {processor.py:914} INFO - Processing file /opt/conda/lib/python3.12/site-packages/airflow/example_dags/example_dataset_alias.py for tasks to queue
[2025-02-06T08:40:10.677+0000] {logging_mixin.py:190} INFO - [2025-02-06T08:40:10.676+0000] {dagbag.py:588} INFO - Filling up the DagBag from /opt/conda/lib/python3.12/site-packages/airflow/example_dags/example_dataset_alias.py
[2025-02-06T08:40:10.709+0000] {processor.py:925} INFO - DAG(s) 'dataset_s3_bucket_producer', 'dataset_s3_bucket_consumer', 'dataset_alias_example_alias_consumer', 'dataset_alias_example_alias_producer' retrieved from /opt/conda/lib/python3.12/site-packages/airflow/example_dags/example_dataset_alias.py
[2025-02-06T08:40:10.754+0000] {logging_mixin.py:190} INFO - [2025-02-06T08:40:10.754+0000] {dag.py:3239} INFO - Sync 4 DAGs
[2025-02-06T08:40:10.774+0000] {logging_mixin.py:190} INFO - [2025-02-06T08:40:10.774+0000] {dag.py:4180} INFO - Setting next_dagrun for dataset_alias_example_alias_consumer to None, run_after=None
[2025-02-06T08:40:10.778+0000] {logging_mixin.py:190} INFO - [2025-02-06T08:40:10.777+0000] {dag.py:4180} INFO - Setting next_dagrun for dataset_alias_example_alias_producer to None, run_after=None
[2025-02-06T08:40:10.780+0000] {logging_mixin.py:190} INFO - [2025-02-06T08:40:10.780+0000] {dag.py:4180} INFO - Setting next_dagrun for dataset_s3_bucket_consumer to None, run_after=None
[2025-02-06T08:40:10.782+0000] {logging_mixin.py:190} INFO - [2025-02-06T08:40:10.782+0000] {dag.py:4180} INFO - Setting next_dagrun for dataset_s3_bucket_producer to None, run_after=None
[2025-02-06T08:40:10.838+0000] {processor.py:208} INFO - Processing /opt/conda/lib/python3.12/site-packages/airflow/example_dags/example_dataset_alias.py took 0.169 seconds
[2025-02-06T08:41:26.729+0000] {processor.py:186} INFO - Started process (PID=609) to work on /opt/conda/lib/python3.12/site-packages/airflow/example_dags/example_dataset_alias.py
[2025-02-06T08:41:26.730+0000] {processor.py:914} INFO - Processing file /opt/conda/lib/python3.12/site-packages/airflow/example_dags/example_dataset_alias.py for tasks to queue
[2025-02-06T08:41:26.732+0000] {logging_mixin.py:190} INFO - [2025-02-06T08:41:26.732+0000] {dagbag.py:588} INFO - Filling up the DagBag from /opt/conda/lib/python3.12/site-packages/airflow/example_dags/example_dataset_alias.py
[2025-02-06T08:41:26.768+0000] {processor.py:925} INFO - DAG(s) 'dataset_alias_example_alias_producer', 'dataset_s3_bucket_consumer', 'dataset_s3_bucket_producer', 'dataset_alias_example_alias_consumer' retrieved from /opt/conda/lib/python3.12/site-packages/airflow/example_dags/example_dataset_alias.py
[2025-02-06T08:41:26.812+0000] {logging_mixin.py:190} INFO - [2025-02-06T08:41:26.812+0000] {dag.py:3239} INFO - Sync 4 DAGs
[2025-02-06T08:41:26.838+0000] {logging_mixin.py:190} INFO - [2025-02-06T08:41:26.838+0000] {dag.py:4180} INFO - Setting next_dagrun for dataset_alias_example_alias_consumer to None, run_after=None
[2025-02-06T08:41:26.845+0000] {logging_mixin.py:190} INFO - [2025-02-06T08:41:26.845+0000] {dag.py:4180} INFO - Setting next_dagrun for dataset_alias_example_alias_producer to None, run_after=None
[2025-02-06T08:41:26.850+0000] {logging_mixin.py:190} INFO - [2025-02-06T08:41:26.849+0000] {dag.py:4180} INFO - Setting next_dagrun for dataset_s3_bucket_consumer to None, run_after=None
[2025-02-06T08:41:26.853+0000] {logging_mixin.py:190} INFO - [2025-02-06T08:41:26.853+0000] {dag.py:4180} INFO - Setting next_dagrun for dataset_s3_bucket_producer to None, run_after=None
[2025-02-06T08:41:26.911+0000] {processor.py:208} INFO - Processing /opt/conda/lib/python3.12/site-packages/airflow/example_dags/example_dataset_alias.py took 0.187 seconds
[2025-02-06T08:42:42.303+0000] {processor.py:186} INFO - Started process (PID=673) to work on /opt/conda/lib/python3.12/site-packages/airflow/example_dags/example_dataset_alias.py
[2025-02-06T08:42:42.305+0000] {processor.py:914} INFO - Processing file /opt/conda/lib/python3.12/site-packages/airflow/example_dags/example_dataset_alias.py for tasks to queue
[2025-02-06T08:42:42.307+0000] {logging_mixin.py:190} INFO - [2025-02-06T08:42:42.307+0000] {dagbag.py:588} INFO - Filling up the DagBag from /opt/conda/lib/python3.12/site-packages/airflow/example_dags/example_dataset_alias.py
[2025-02-06T08:42:42.344+0000] {processor.py:925} INFO - DAG(s) 'dataset_alias_example_alias_consumer', 'dataset_s3_bucket_producer', 'dataset_s3_bucket_consumer', 'dataset_alias_example_alias_producer' retrieved from /opt/conda/lib/python3.12/site-packages/airflow/example_dags/example_dataset_alias.py
[2025-02-06T08:42:42.393+0000] {logging_mixin.py:190} INFO - [2025-02-06T08:42:42.393+0000] {dag.py:3239} INFO - Sync 4 DAGs
[2025-02-06T08:42:42.418+0000] {logging_mixin.py:190} INFO - [2025-02-06T08:42:42.418+0000] {dag.py:4180} INFO - Setting next_dagrun for dataset_alias_example_alias_consumer to None, run_after=None
[2025-02-06T08:42:42.422+0000] {logging_mixin.py:190} INFO - [2025-02-06T08:42:42.422+0000] {dag.py:4180} INFO - Setting next_dagrun for dataset_alias_example_alias_producer to None, run_after=None
[2025-02-06T08:42:42.425+0000] {logging_mixin.py:190} INFO - [2025-02-06T08:42:42.424+0000] {dag.py:4180} INFO - Setting next_dagrun for dataset_s3_bucket_consumer to None, run_after=None
[2025-02-06T08:42:42.427+0000] {logging_mixin.py:190} INFO - [2025-02-06T08:42:42.427+0000] {dag.py:4180} INFO - Setting next_dagrun for dataset_s3_bucket_producer to None, run_after=None
[2025-02-06T08:42:42.494+0000] {processor.py:208} INFO - Processing /opt/conda/lib/python3.12/site-packages/airflow/example_dags/example_dataset_alias.py took 0.197 seconds
[2025-02-06T08:44:15.909+0000] {processor.py:186} INFO - Started process (PID=92) to work on /opt/conda/lib/python3.12/site-packages/airflow/example_dags/example_dataset_alias.py
[2025-02-06T08:44:15.910+0000] {processor.py:914} INFO - Processing file /opt/conda/lib/python3.12/site-packages/airflow/example_dags/example_dataset_alias.py for tasks to queue
[2025-02-06T08:44:15.912+0000] {logging_mixin.py:190} INFO - [2025-02-06T08:44:15.911+0000] {dagbag.py:588} INFO - Filling up the DagBag from /opt/conda/lib/python3.12/site-packages/airflow/example_dags/example_dataset_alias.py
[2025-02-06T08:44:15.939+0000] {processor.py:925} INFO - DAG(s) 'dataset_alias_example_alias_consumer', 'dataset_s3_bucket_consumer', 'dataset_s3_bucket_producer', 'dataset_alias_example_alias_producer' retrieved from /opt/conda/lib/python3.12/site-packages/airflow/example_dags/example_dataset_alias.py
[2025-02-06T08:44:15.993+0000] {logging_mixin.py:190} INFO - [2025-02-06T08:44:15.992+0000] {dag.py:3239} INFO - Sync 4 DAGs
[2025-02-06T08:44:16.014+0000] {logging_mixin.py:190} INFO - [2025-02-06T08:44:16.014+0000] {dag.py:4180} INFO - Setting next_dagrun for dataset_alias_example_alias_consumer to None, run_after=None
[2025-02-06T08:44:16.018+0000] {logging_mixin.py:190} INFO - [2025-02-06T08:44:16.018+0000] {dag.py:4180} INFO - Setting next_dagrun for dataset_alias_example_alias_producer to None, run_after=None
[2025-02-06T08:44:16.020+0000] {logging_mixin.py:190} INFO - [2025-02-06T08:44:16.020+0000] {dag.py:4180} INFO - Setting next_dagrun for dataset_s3_bucket_consumer to None, run_after=None
[2025-02-06T08:44:16.022+0000] {logging_mixin.py:190} INFO - [2025-02-06T08:44:16.022+0000] {dag.py:4180} INFO - Setting next_dagrun for dataset_s3_bucket_producer to None, run_after=None
[2025-02-06T08:44:16.099+0000] {processor.py:208} INFO - Processing /opt/conda/lib/python3.12/site-packages/airflow/example_dags/example_dataset_alias.py took 0.194 seconds
[2025-02-06T08:45:30.348+0000] {processor.py:186} INFO - Started process (PID=158) to work on /opt/conda/lib/python3.12/site-packages/airflow/example_dags/example_dataset_alias.py
[2025-02-06T08:45:30.349+0000] {processor.py:914} INFO - Processing file /opt/conda/lib/python3.12/site-packages/airflow/example_dags/example_dataset_alias.py for tasks to queue
[2025-02-06T08:45:30.352+0000] {logging_mixin.py:190} INFO - [2025-02-06T08:45:30.351+0000] {dagbag.py:588} INFO - Filling up the DagBag from /opt/conda/lib/python3.12/site-packages/airflow/example_dags/example_dataset_alias.py
[2025-02-06T08:45:30.381+0000] {processor.py:925} INFO - DAG(s) 'dataset_alias_example_alias_consumer', 'dataset_alias_example_alias_producer', 'dataset_s3_bucket_consumer', 'dataset_s3_bucket_producer' retrieved from /opt/conda/lib/python3.12/site-packages/airflow/example_dags/example_dataset_alias.py
[2025-02-06T08:45:30.429+0000] {logging_mixin.py:190} INFO - [2025-02-06T08:45:30.429+0000] {dag.py:3239} INFO - Sync 4 DAGs
[2025-02-06T08:45:30.451+0000] {logging_mixin.py:190} INFO - [2025-02-06T08:45:30.451+0000] {dag.py:4180} INFO - Setting next_dagrun for dataset_alias_example_alias_consumer to None, run_after=None
[2025-02-06T08:45:30.455+0000] {logging_mixin.py:190} INFO - [2025-02-06T08:45:30.455+0000] {dag.py:4180} INFO - Setting next_dagrun for dataset_alias_example_alias_producer to None, run_after=None
[2025-02-06T08:45:30.457+0000] {logging_mixin.py:190} INFO - [2025-02-06T08:45:30.457+0000] {dag.py:4180} INFO - Setting next_dagrun for dataset_s3_bucket_consumer to None, run_after=None
[2025-02-06T08:45:30.459+0000] {logging_mixin.py:190} INFO - [2025-02-06T08:45:30.459+0000] {dag.py:4180} INFO - Setting next_dagrun for dataset_s3_bucket_producer to None, run_after=None
[2025-02-06T08:45:30.519+0000] {processor.py:208} INFO - Processing /opt/conda/lib/python3.12/site-packages/airflow/example_dags/example_dataset_alias.py took 0.176 seconds
[2025-02-06T08:50:54.103+0000] {processor.py:186} INFO - Started process (PID=368) to work on /opt/conda/lib/python3.12/site-packages/airflow/example_dags/example_dataset_alias.py
[2025-02-06T08:50:54.104+0000] {processor.py:914} INFO - Processing file /opt/conda/lib/python3.12/site-packages/airflow/example_dags/example_dataset_alias.py for tasks to queue
[2025-02-06T08:50:54.106+0000] {logging_mixin.py:190} INFO - [2025-02-06T08:50:54.106+0000] {dagbag.py:588} INFO - Filling up the DagBag from /opt/conda/lib/python3.12/site-packages/airflow/example_dags/example_dataset_alias.py
[2025-02-06T08:50:54.137+0000] {processor.py:925} INFO - DAG(s) 'dataset_s3_bucket_producer', 'dataset_alias_example_alias_producer', 'dataset_s3_bucket_consumer', 'dataset_alias_example_alias_consumer' retrieved from /opt/conda/lib/python3.12/site-packages/airflow/example_dags/example_dataset_alias.py
[2025-02-06T08:50:54.186+0000] {logging_mixin.py:190} INFO - [2025-02-06T08:50:54.185+0000] {dag.py:3239} INFO - Sync 4 DAGs
[2025-02-06T08:50:54.212+0000] {logging_mixin.py:190} INFO - [2025-02-06T08:50:54.211+0000] {dag.py:4180} INFO - Setting next_dagrun for dataset_alias_example_alias_consumer to None, run_after=None
[2025-02-06T08:50:54.217+0000] {logging_mixin.py:190} INFO - [2025-02-06T08:50:54.217+0000] {dag.py:4180} INFO - Setting next_dagrun for dataset_alias_example_alias_producer to None, run_after=None
[2025-02-06T08:50:54.221+0000] {logging_mixin.py:190} INFO - [2025-02-06T08:50:54.221+0000] {dag.py:4180} INFO - Setting next_dagrun for dataset_s3_bucket_consumer to None, run_after=None
[2025-02-06T08:50:54.225+0000] {logging_mixin.py:190} INFO - [2025-02-06T08:50:54.224+0000] {dag.py:4180} INFO - Setting next_dagrun for dataset_s3_bucket_producer to None, run_after=None
[2025-02-06T08:50:54.287+0000] {processor.py:208} INFO - Processing /opt/conda/lib/python3.12/site-packages/airflow/example_dags/example_dataset_alias.py took 0.188 seconds
[2025-02-06T08:56:01.295+0000] {processor.py:186} INFO - Started process (PID=943) to work on /opt/conda/lib/python3.12/site-packages/airflow/example_dags/example_dataset_alias.py
[2025-02-06T08:56:01.296+0000] {processor.py:914} INFO - Processing file /opt/conda/lib/python3.12/site-packages/airflow/example_dags/example_dataset_alias.py for tasks to queue
[2025-02-06T08:56:01.298+0000] {logging_mixin.py:190} INFO - [2025-02-06T08:56:01.298+0000] {dagbag.py:588} INFO - Filling up the DagBag from /opt/conda/lib/python3.12/site-packages/airflow/example_dags/example_dataset_alias.py
[2025-02-06T08:56:01.330+0000] {processor.py:925} INFO - DAG(s) 'dataset_s3_bucket_producer', 'dataset_s3_bucket_consumer', 'dataset_alias_example_alias_consumer', 'dataset_alias_example_alias_producer' retrieved from /opt/conda/lib/python3.12/site-packages/airflow/example_dags/example_dataset_alias.py
[2025-02-06T08:56:01.372+0000] {logging_mixin.py:190} INFO - [2025-02-06T08:56:01.372+0000] {dag.py:3239} INFO - Sync 4 DAGs
[2025-02-06T08:56:01.396+0000] {logging_mixin.py:190} INFO - [2025-02-06T08:56:01.396+0000] {dag.py:4180} INFO - Setting next_dagrun for dataset_alias_example_alias_consumer to None, run_after=None
[2025-02-06T08:56:01.400+0000] {logging_mixin.py:190} INFO - [2025-02-06T08:56:01.400+0000] {dag.py:4180} INFO - Setting next_dagrun for dataset_alias_example_alias_producer to None, run_after=None
[2025-02-06T08:56:01.402+0000] {logging_mixin.py:190} INFO - [2025-02-06T08:56:01.402+0000] {dag.py:4180} INFO - Setting next_dagrun for dataset_s3_bucket_consumer to None, run_after=None
[2025-02-06T08:56:01.404+0000] {logging_mixin.py:190} INFO - [2025-02-06T08:56:01.404+0000] {dag.py:4180} INFO - Setting next_dagrun for dataset_s3_bucket_producer to None, run_after=None
[2025-02-06T08:56:01.482+0000] {processor.py:208} INFO - Processing /opt/conda/lib/python3.12/site-packages/airflow/example_dags/example_dataset_alias.py took 0.191 seconds
[2025-02-06T09:06:42.446+0000] {processor.py:186} INFO - Started process (PID=292) to work on /opt/conda/lib/python3.12/site-packages/airflow/example_dags/example_dataset_alias.py
[2025-02-06T09:06:42.447+0000] {processor.py:914} INFO - Processing file /opt/conda/lib/python3.12/site-packages/airflow/example_dags/example_dataset_alias.py for tasks to queue
[2025-02-06T09:06:42.449+0000] {logging_mixin.py:190} INFO - [2025-02-06T09:06:42.449+0000] {dagbag.py:588} INFO - Filling up the DagBag from /opt/conda/lib/python3.12/site-packages/airflow/example_dags/example_dataset_alias.py
[2025-02-06T09:06:42.477+0000] {processor.py:925} INFO - DAG(s) 'dataset_s3_bucket_consumer', 'dataset_s3_bucket_producer', 'dataset_alias_example_alias_consumer', 'dataset_alias_example_alias_producer' retrieved from /opt/conda/lib/python3.12/site-packages/airflow/example_dags/example_dataset_alias.py
[2025-02-06T09:06:42.516+0000] {logging_mixin.py:190} INFO - [2025-02-06T09:06:42.516+0000] {dag.py:3239} INFO - Sync 4 DAGs
[2025-02-06T09:06:42.537+0000] {logging_mixin.py:190} INFO - [2025-02-06T09:06:42.537+0000] {dag.py:4180} INFO - Setting next_dagrun for dataset_alias_example_alias_consumer to None, run_after=None
[2025-02-06T09:06:42.540+0000] {logging_mixin.py:190} INFO - [2025-02-06T09:06:42.540+0000] {dag.py:4180} INFO - Setting next_dagrun for dataset_alias_example_alias_producer to None, run_after=None
[2025-02-06T09:06:42.542+0000] {logging_mixin.py:190} INFO - [2025-02-06T09:06:42.542+0000] {dag.py:4180} INFO - Setting next_dagrun for dataset_s3_bucket_consumer to None, run_after=None
[2025-02-06T09:06:42.544+0000] {logging_mixin.py:190} INFO - [2025-02-06T09:06:42.544+0000] {dag.py:4180} INFO - Setting next_dagrun for dataset_s3_bucket_producer to None, run_after=None
[2025-02-06T09:06:42.609+0000] {processor.py:208} INFO - Processing /opt/conda/lib/python3.12/site-packages/airflow/example_dags/example_dataset_alias.py took 0.166 seconds
[2025-02-06T09:11:23.449+0000] {processor.py:186} INFO - Started process (PID=820) to work on /opt/conda/lib/python3.12/site-packages/airflow/example_dags/example_dataset_alias.py
[2025-02-06T09:11:23.450+0000] {processor.py:914} INFO - Processing file /opt/conda/lib/python3.12/site-packages/airflow/example_dags/example_dataset_alias.py for tasks to queue
[2025-02-06T09:11:23.452+0000] {logging_mixin.py:190} INFO - [2025-02-06T09:11:23.452+0000] {dagbag.py:588} INFO - Filling up the DagBag from /opt/conda/lib/python3.12/site-packages/airflow/example_dags/example_dataset_alias.py
[2025-02-06T09:11:23.483+0000] {processor.py:925} INFO - DAG(s) 'dataset_alias_example_alias_consumer', 'dataset_s3_bucket_consumer', 'dataset_alias_example_alias_producer', 'dataset_s3_bucket_producer' retrieved from /opt/conda/lib/python3.12/site-packages/airflow/example_dags/example_dataset_alias.py
[2025-02-06T09:11:23.533+0000] {logging_mixin.py:190} INFO - [2025-02-06T09:11:23.533+0000] {dag.py:3239} INFO - Sync 4 DAGs
[2025-02-06T09:11:23.558+0000] {logging_mixin.py:190} INFO - [2025-02-06T09:11:23.558+0000] {dag.py:4180} INFO - Setting next_dagrun for dataset_alias_example_alias_consumer to None, run_after=None
[2025-02-06T09:11:23.563+0000] {logging_mixin.py:190} INFO - [2025-02-06T09:11:23.562+0000] {dag.py:4180} INFO - Setting next_dagrun for dataset_alias_example_alias_producer to None, run_after=None
[2025-02-06T09:11:23.565+0000] {logging_mixin.py:190} INFO - [2025-02-06T09:11:23.564+0000] {dag.py:4180} INFO - Setting next_dagrun for dataset_s3_bucket_consumer to None, run_after=None
[2025-02-06T09:11:23.567+0000] {logging_mixin.py:190} INFO - [2025-02-06T09:11:23.567+0000] {dag.py:4180} INFO - Setting next_dagrun for dataset_s3_bucket_producer to None, run_after=None
[2025-02-06T09:11:23.628+0000] {processor.py:208} INFO - Processing /opt/conda/lib/python3.12/site-packages/airflow/example_dags/example_dataset_alias.py took 0.183 seconds
[2025-02-06T09:16:17.085+0000] {processor.py:186} INFO - Started process (PID=1360) to work on /opt/conda/lib/python3.12/site-packages/airflow/example_dags/example_dataset_alias.py
[2025-02-06T09:16:17.086+0000] {processor.py:914} INFO - Processing file /opt/conda/lib/python3.12/site-packages/airflow/example_dags/example_dataset_alias.py for tasks to queue
[2025-02-06T09:16:17.088+0000] {logging_mixin.py:190} INFO - [2025-02-06T09:16:17.088+0000] {dagbag.py:588} INFO - Filling up the DagBag from /opt/conda/lib/python3.12/site-packages/airflow/example_dags/example_dataset_alias.py
[2025-02-06T09:16:17.116+0000] {processor.py:925} INFO - DAG(s) 'dataset_s3_bucket_producer', 'dataset_alias_example_alias_producer', 'dataset_s3_bucket_consumer', 'dataset_alias_example_alias_consumer' retrieved from /opt/conda/lib/python3.12/site-packages/airflow/example_dags/example_dataset_alias.py
[2025-02-06T09:16:17.158+0000] {logging_mixin.py:190} INFO - [2025-02-06T09:16:17.157+0000] {dag.py:3239} INFO - Sync 4 DAGs
[2025-02-06T09:16:17.179+0000] {logging_mixin.py:190} INFO - [2025-02-06T09:16:17.179+0000] {dag.py:4180} INFO - Setting next_dagrun for dataset_alias_example_alias_consumer to None, run_after=None
[2025-02-06T09:16:17.183+0000] {logging_mixin.py:190} INFO - [2025-02-06T09:16:17.182+0000] {dag.py:4180} INFO - Setting next_dagrun for dataset_alias_example_alias_producer to None, run_after=None
[2025-02-06T09:16:17.185+0000] {logging_mixin.py:190} INFO - [2025-02-06T09:16:17.185+0000] {dag.py:4180} INFO - Setting next_dagrun for dataset_s3_bucket_consumer to None, run_after=None
[2025-02-06T09:16:17.190+0000] {logging_mixin.py:190} INFO - [2025-02-06T09:16:17.190+0000] {dag.py:4180} INFO - Setting next_dagrun for dataset_s3_bucket_producer to None, run_after=None
[2025-02-06T09:16:17.259+0000] {processor.py:208} INFO - Processing /opt/conda/lib/python3.12/site-packages/airflow/example_dags/example_dataset_alias.py took 0.178 seconds
[2025-02-06T09:21:05.286+0000] {processor.py:186} INFO - Started process (PID=1868) to work on /opt/conda/lib/python3.12/site-packages/airflow/example_dags/example_dataset_alias.py
[2025-02-06T09:21:05.287+0000] {processor.py:914} INFO - Processing file /opt/conda/lib/python3.12/site-packages/airflow/example_dags/example_dataset_alias.py for tasks to queue
[2025-02-06T09:21:05.289+0000] {logging_mixin.py:190} INFO - [2025-02-06T09:21:05.289+0000] {dagbag.py:588} INFO - Filling up the DagBag from /opt/conda/lib/python3.12/site-packages/airflow/example_dags/example_dataset_alias.py
[2025-02-06T09:21:05.318+0000] {processor.py:925} INFO - DAG(s) 'dataset_s3_bucket_consumer', 'dataset_alias_example_alias_producer', 'dataset_s3_bucket_producer', 'dataset_alias_example_alias_consumer' retrieved from /opt/conda/lib/python3.12/site-packages/airflow/example_dags/example_dataset_alias.py
[2025-02-06T09:21:05.355+0000] {logging_mixin.py:190} INFO - [2025-02-06T09:21:05.355+0000] {dag.py:3239} INFO - Sync 4 DAGs
[2025-02-06T09:21:05.375+0000] {logging_mixin.py:190} INFO - [2025-02-06T09:21:05.375+0000] {dag.py:4180} INFO - Setting next_dagrun for dataset_alias_example_alias_consumer to None, run_after=None
[2025-02-06T09:21:05.379+0000] {logging_mixin.py:190} INFO - [2025-02-06T09:21:05.378+0000] {dag.py:4180} INFO - Setting next_dagrun for dataset_alias_example_alias_producer to None, run_after=None
[2025-02-06T09:21:05.381+0000] {logging_mixin.py:190} INFO - [2025-02-06T09:21:05.381+0000] {dag.py:4180} INFO - Setting next_dagrun for dataset_s3_bucket_consumer to None, run_after=None
[2025-02-06T09:21:05.384+0000] {logging_mixin.py:190} INFO - [2025-02-06T09:21:05.384+0000] {dag.py:4180} INFO - Setting next_dagrun for dataset_s3_bucket_producer to None, run_after=None
[2025-02-06T09:21:05.447+0000] {processor.py:208} INFO - Processing /opt/conda/lib/python3.12/site-packages/airflow/example_dags/example_dataset_alias.py took 0.166 seconds
[2025-02-06T09:34:46.995+0000] {processor.py:186} INFO - Started process (PID=638) to work on /opt/conda/lib/python3.12/site-packages/airflow/example_dags/example_dataset_alias.py
[2025-02-06T09:34:46.996+0000] {processor.py:914} INFO - Processing file /opt/conda/lib/python3.12/site-packages/airflow/example_dags/example_dataset_alias.py for tasks to queue
[2025-02-06T09:34:46.998+0000] {logging_mixin.py:190} INFO - [2025-02-06T09:34:46.998+0000] {dagbag.py:588} INFO - Filling up the DagBag from /opt/conda/lib/python3.12/site-packages/airflow/example_dags/example_dataset_alias.py
[2025-02-06T09:34:47.028+0000] {processor.py:925} INFO - DAG(s) 'dataset_alias_example_alias_consumer', 'dataset_alias_example_alias_producer', 'dataset_s3_bucket_consumer', 'dataset_s3_bucket_producer' retrieved from /opt/conda/lib/python3.12/site-packages/airflow/example_dags/example_dataset_alias.py
[2025-02-06T09:34:47.072+0000] {logging_mixin.py:190} INFO - [2025-02-06T09:34:47.072+0000] {dag.py:3239} INFO - Sync 4 DAGs
[2025-02-06T09:34:47.092+0000] {logging_mixin.py:190} INFO - [2025-02-06T09:34:47.091+0000] {dag.py:4180} INFO - Setting next_dagrun for dataset_alias_example_alias_consumer to None, run_after=None
[2025-02-06T09:34:47.096+0000] {logging_mixin.py:190} INFO - [2025-02-06T09:34:47.096+0000] {dag.py:4180} INFO - Setting next_dagrun for dataset_alias_example_alias_producer to None, run_after=None
[2025-02-06T09:34:47.098+0000] {logging_mixin.py:190} INFO - [2025-02-06T09:34:47.098+0000] {dag.py:4180} INFO - Setting next_dagrun for dataset_s3_bucket_consumer to None, run_after=None
[2025-02-06T09:34:47.101+0000] {logging_mixin.py:190} INFO - [2025-02-06T09:34:47.101+0000] {dag.py:4180} INFO - Setting next_dagrun for dataset_s3_bucket_producer to None, run_after=None
[2025-02-06T09:34:47.161+0000] {processor.py:208} INFO - Processing /opt/conda/lib/python3.12/site-packages/airflow/example_dags/example_dataset_alias.py took 0.170 seconds
[2025-02-06T09:43:35.938+0000] {processor.py:186} INFO - Started process (PID=1558) to work on /opt/conda/lib/python3.12/site-packages/airflow/example_dags/example_dataset_alias.py
[2025-02-06T09:43:35.939+0000] {processor.py:914} INFO - Processing file /opt/conda/lib/python3.12/site-packages/airflow/example_dags/example_dataset_alias.py for tasks to queue
[2025-02-06T09:43:35.942+0000] {logging_mixin.py:190} INFO - [2025-02-06T09:43:35.941+0000] {dagbag.py:588} INFO - Filling up the DagBag from /opt/conda/lib/python3.12/site-packages/airflow/example_dags/example_dataset_alias.py
[2025-02-06T09:43:35.980+0000] {processor.py:925} INFO - DAG(s) 'dataset_alias_example_alias_consumer', 'dataset_alias_example_alias_producer', 'dataset_s3_bucket_consumer', 'dataset_s3_bucket_producer' retrieved from /opt/conda/lib/python3.12/site-packages/airflow/example_dags/example_dataset_alias.py
[2025-02-06T09:43:36.051+0000] {logging_mixin.py:190} INFO - [2025-02-06T09:43:36.051+0000] {dag.py:3239} INFO - Sync 4 DAGs
[2025-02-06T09:43:36.079+0000] {logging_mixin.py:190} INFO - [2025-02-06T09:43:36.078+0000] {dag.py:4180} INFO - Setting next_dagrun for dataset_alias_example_alias_consumer to None, run_after=None
[2025-02-06T09:43:36.083+0000] {logging_mixin.py:190} INFO - [2025-02-06T09:43:36.083+0000] {dag.py:4180} INFO - Setting next_dagrun for dataset_alias_example_alias_producer to None, run_after=None
[2025-02-06T09:43:36.086+0000] {logging_mixin.py:190} INFO - [2025-02-06T09:43:36.086+0000] {dag.py:4180} INFO - Setting next_dagrun for dataset_s3_bucket_consumer to None, run_after=None
[2025-02-06T09:43:36.089+0000] {logging_mixin.py:190} INFO - [2025-02-06T09:43:36.089+0000] {dag.py:4180} INFO - Setting next_dagrun for dataset_s3_bucket_producer to None, run_after=None
[2025-02-06T09:43:36.154+0000] {processor.py:208} INFO - Processing /opt/conda/lib/python3.12/site-packages/airflow/example_dags/example_dataset_alias.py took 0.221 seconds
[2025-02-06T09:52:09.632+0000] {processor.py:186} INFO - Started process (PID=603) to work on /opt/conda/lib/python3.12/site-packages/airflow/example_dags/example_dataset_alias.py
[2025-02-06T09:52:09.633+0000] {processor.py:914} INFO - Processing file /opt/conda/lib/python3.12/site-packages/airflow/example_dags/example_dataset_alias.py for tasks to queue
[2025-02-06T09:52:09.637+0000] {logging_mixin.py:190} INFO - [2025-02-06T09:52:09.636+0000] {dagbag.py:588} INFO - Filling up the DagBag from /opt/conda/lib/python3.12/site-packages/airflow/example_dags/example_dataset_alias.py
[2025-02-06T09:52:09.668+0000] {processor.py:925} INFO - DAG(s) 'dataset_s3_bucket_producer', 'dataset_alias_example_alias_producer', 'dataset_alias_example_alias_consumer', 'dataset_s3_bucket_consumer' retrieved from /opt/conda/lib/python3.12/site-packages/airflow/example_dags/example_dataset_alias.py
[2025-02-06T09:52:09.715+0000] {logging_mixin.py:190} INFO - [2025-02-06T09:52:09.715+0000] {dag.py:3239} INFO - Sync 4 DAGs
[2025-02-06T09:52:09.740+0000] {logging_mixin.py:190} INFO - [2025-02-06T09:52:09.740+0000] {dag.py:4180} INFO - Setting next_dagrun for dataset_alias_example_alias_consumer to None, run_after=None
[2025-02-06T09:52:09.743+0000] {logging_mixin.py:190} INFO - [2025-02-06T09:52:09.743+0000] {dag.py:4180} INFO - Setting next_dagrun for dataset_alias_example_alias_producer to None, run_after=None
[2025-02-06T09:52:09.745+0000] {logging_mixin.py:190} INFO - [2025-02-06T09:52:09.745+0000] {dag.py:4180} INFO - Setting next_dagrun for dataset_s3_bucket_consumer to None, run_after=None
[2025-02-06T09:52:09.748+0000] {logging_mixin.py:190} INFO - [2025-02-06T09:52:09.747+0000] {dag.py:4180} INFO - Setting next_dagrun for dataset_s3_bucket_producer to None, run_after=None
[2025-02-06T09:52:09.821+0000] {processor.py:208} INFO - Processing /opt/conda/lib/python3.12/site-packages/airflow/example_dags/example_dataset_alias.py took 0.194 seconds
[2025-02-06T10:01:33.093+0000] {processor.py:186} INFO - Started process (PID=1644) to work on /opt/conda/lib/python3.12/site-packages/airflow/example_dags/example_dataset_alias.py
[2025-02-06T10:01:33.095+0000] {processor.py:914} INFO - Processing file /opt/conda/lib/python3.12/site-packages/airflow/example_dags/example_dataset_alias.py for tasks to queue
[2025-02-06T10:01:33.097+0000] {logging_mixin.py:190} INFO - [2025-02-06T10:01:33.096+0000] {dagbag.py:588} INFO - Filling up the DagBag from /opt/conda/lib/python3.12/site-packages/airflow/example_dags/example_dataset_alias.py
[2025-02-06T10:01:33.133+0000] {processor.py:925} INFO - DAG(s) 'dataset_alias_example_alias_consumer', 'dataset_s3_bucket_producer', 'dataset_s3_bucket_consumer', 'dataset_alias_example_alias_producer' retrieved from /opt/conda/lib/python3.12/site-packages/airflow/example_dags/example_dataset_alias.py
[2025-02-06T10:01:33.188+0000] {logging_mixin.py:190} INFO - [2025-02-06T10:01:33.187+0000] {dag.py:3239} INFO - Sync 4 DAGs
[2025-02-06T10:01:33.213+0000] {logging_mixin.py:190} INFO - [2025-02-06T10:01:33.212+0000] {dag.py:4180} INFO - Setting next_dagrun for dataset_alias_example_alias_consumer to None, run_after=None
[2025-02-06T10:01:33.216+0000] {logging_mixin.py:190} INFO - [2025-02-06T10:01:33.216+0000] {dag.py:4180} INFO - Setting next_dagrun for dataset_alias_example_alias_producer to None, run_after=None
[2025-02-06T10:01:33.219+0000] {logging_mixin.py:190} INFO - [2025-02-06T10:01:33.219+0000] {dag.py:4180} INFO - Setting next_dagrun for dataset_s3_bucket_consumer to None, run_after=None
[2025-02-06T10:01:33.221+0000] {logging_mixin.py:190} INFO - [2025-02-06T10:01:33.221+0000] {dag.py:4180} INFO - Setting next_dagrun for dataset_s3_bucket_producer to None, run_after=None
[2025-02-06T10:01:33.297+0000] {processor.py:208} INFO - Processing /opt/conda/lib/python3.12/site-packages/airflow/example_dags/example_dataset_alias.py took 0.208 seconds
[2025-02-06T10:06:31.564+0000] {processor.py:186} INFO - Started process (PID=2089) to work on /opt/conda/lib/python3.12/site-packages/airflow/example_dags/example_dataset_alias.py
[2025-02-06T10:06:31.566+0000] {processor.py:914} INFO - Processing file /opt/conda/lib/python3.12/site-packages/airflow/example_dags/example_dataset_alias.py for tasks to queue
[2025-02-06T10:06:31.567+0000] {logging_mixin.py:190} INFO - [2025-02-06T10:06:31.566+0000] {dagbag.py:588} INFO - Filling up the DagBag from /opt/conda/lib/python3.12/site-packages/airflow/example_dags/example_dataset_alias.py
[2025-02-06T10:06:31.607+0000] {processor.py:925} INFO - DAG(s) 'dataset_s3_bucket_producer', 'dataset_alias_example_alias_producer', 'dataset_alias_example_alias_consumer', 'dataset_s3_bucket_consumer' retrieved from /opt/conda/lib/python3.12/site-packages/airflow/example_dags/example_dataset_alias.py
[2025-02-06T10:06:31.665+0000] {logging_mixin.py:190} INFO - [2025-02-06T10:06:31.665+0000] {dag.py:3239} INFO - Sync 4 DAGs
[2025-02-06T10:06:31.690+0000] {logging_mixin.py:190} INFO - [2025-02-06T10:06:31.690+0000] {dag.py:4180} INFO - Setting next_dagrun for dataset_alias_example_alias_consumer to None, run_after=None
[2025-02-06T10:06:31.696+0000] {logging_mixin.py:190} INFO - [2025-02-06T10:06:31.696+0000] {dag.py:4180} INFO - Setting next_dagrun for dataset_alias_example_alias_producer to None, run_after=None
[2025-02-06T10:06:31.699+0000] {logging_mixin.py:190} INFO - [2025-02-06T10:06:31.699+0000] {dag.py:4180} INFO - Setting next_dagrun for dataset_s3_bucket_consumer to None, run_after=None
[2025-02-06T10:06:31.701+0000] {logging_mixin.py:190} INFO - [2025-02-06T10:06:31.701+0000] {dag.py:4180} INFO - Setting next_dagrun for dataset_s3_bucket_producer to None, run_after=None
[2025-02-06T10:06:31.820+0000] {processor.py:208} INFO - Processing /opt/conda/lib/python3.12/site-packages/airflow/example_dags/example_dataset_alias.py took 0.262 seconds
[2025-02-06T10:17:11.656+0000] {processor.py:186} INFO - Started process (PID=3194) to work on /opt/conda/lib/python3.12/site-packages/airflow/example_dags/example_dataset_alias.py
[2025-02-06T10:17:11.658+0000] {processor.py:914} INFO - Processing file /opt/conda/lib/python3.12/site-packages/airflow/example_dags/example_dataset_alias.py for tasks to queue
[2025-02-06T10:17:11.660+0000] {logging_mixin.py:190} INFO - [2025-02-06T10:17:11.660+0000] {dagbag.py:588} INFO - Filling up the DagBag from /opt/conda/lib/python3.12/site-packages/airflow/example_dags/example_dataset_alias.py
[2025-02-06T10:17:11.695+0000] {processor.py:925} INFO - DAG(s) 'dataset_alias_example_alias_producer', 'dataset_alias_example_alias_consumer', 'dataset_s3_bucket_consumer', 'dataset_s3_bucket_producer' retrieved from /opt/conda/lib/python3.12/site-packages/airflow/example_dags/example_dataset_alias.py
[2025-02-06T10:17:11.736+0000] {logging_mixin.py:190} INFO - [2025-02-06T10:17:11.736+0000] {dag.py:3239} INFO - Sync 4 DAGs
[2025-02-06T10:17:11.756+0000] {logging_mixin.py:190} INFO - [2025-02-06T10:17:11.755+0000] {dag.py:4180} INFO - Setting next_dagrun for dataset_alias_example_alias_consumer to None, run_after=None
[2025-02-06T10:17:11.762+0000] {logging_mixin.py:190} INFO - [2025-02-06T10:17:11.761+0000] {dag.py:4180} INFO - Setting next_dagrun for dataset_alias_example_alias_producer to None, run_after=None
[2025-02-06T10:17:11.765+0000] {logging_mixin.py:190} INFO - [2025-02-06T10:17:11.765+0000] {dag.py:4180} INFO - Setting next_dagrun for dataset_s3_bucket_consumer to None, run_after=None
[2025-02-06T10:17:11.767+0000] {logging_mixin.py:190} INFO - [2025-02-06T10:17:11.767+0000] {dag.py:4180} INFO - Setting next_dagrun for dataset_s3_bucket_producer to None, run_after=None
[2025-02-06T10:17:11.828+0000] {processor.py:208} INFO - Processing /opt/conda/lib/python3.12/site-packages/airflow/example_dags/example_dataset_alias.py took 0.180 seconds
[2025-02-06T10:24:38.330+0000] {processor.py:186} INFO - Started process (PID=3916) to work on /opt/conda/lib/python3.12/site-packages/airflow/example_dags/example_dataset_alias.py
[2025-02-06T10:24:38.331+0000] {processor.py:914} INFO - Processing file /opt/conda/lib/python3.12/site-packages/airflow/example_dags/example_dataset_alias.py for tasks to queue
[2025-02-06T10:24:38.335+0000] {logging_mixin.py:190} INFO - [2025-02-06T10:24:38.334+0000] {dagbag.py:588} INFO - Filling up the DagBag from /opt/conda/lib/python3.12/site-packages/airflow/example_dags/example_dataset_alias.py
[2025-02-06T10:24:38.367+0000] {processor.py:925} INFO - DAG(s) 'dataset_s3_bucket_consumer', 'dataset_alias_example_alias_producer', 'dataset_alias_example_alias_consumer', 'dataset_s3_bucket_producer' retrieved from /opt/conda/lib/python3.12/site-packages/airflow/example_dags/example_dataset_alias.py
[2025-02-06T10:24:38.409+0000] {logging_mixin.py:190} INFO - [2025-02-06T10:24:38.409+0000] {dag.py:3239} INFO - Sync 4 DAGs
[2025-02-06T10:24:38.433+0000] {logging_mixin.py:190} INFO - [2025-02-06T10:24:38.433+0000] {dag.py:4180} INFO - Setting next_dagrun for dataset_alias_example_alias_consumer to None, run_after=None
[2025-02-06T10:24:38.437+0000] {logging_mixin.py:190} INFO - [2025-02-06T10:24:38.437+0000] {dag.py:4180} INFO - Setting next_dagrun for dataset_alias_example_alias_producer to None, run_after=None
[2025-02-06T10:24:38.440+0000] {logging_mixin.py:190} INFO - [2025-02-06T10:24:38.440+0000] {dag.py:4180} INFO - Setting next_dagrun for dataset_s3_bucket_consumer to None, run_after=None
[2025-02-06T10:24:38.442+0000] {logging_mixin.py:190} INFO - [2025-02-06T10:24:38.442+0000] {dag.py:4180} INFO - Setting next_dagrun for dataset_s3_bucket_producer to None, run_after=None
[2025-02-06T10:24:38.498+0000] {processor.py:208} INFO - Processing /opt/conda/lib/python3.12/site-packages/airflow/example_dags/example_dataset_alias.py took 0.173 seconds
[2025-02-06T11:43:06.457+0000] {processor.py:186} INFO - Started process (PID=1051) to work on /opt/conda/lib/python3.12/site-packages/airflow/example_dags/example_dataset_alias.py
[2025-02-06T11:43:06.460+0000] {processor.py:914} INFO - Processing file /opt/conda/lib/python3.12/site-packages/airflow/example_dags/example_dataset_alias.py for tasks to queue
[2025-02-06T11:43:06.464+0000] {logging_mixin.py:190} INFO - [2025-02-06T11:43:06.464+0000] {dagbag.py:588} INFO - Filling up the DagBag from /opt/conda/lib/python3.12/site-packages/airflow/example_dags/example_dataset_alias.py
[2025-02-06T11:43:06.504+0000] {processor.py:925} INFO - DAG(s) 'dataset_s3_bucket_consumer', 'dataset_alias_example_alias_producer', 'dataset_s3_bucket_producer', 'dataset_alias_example_alias_consumer' retrieved from /opt/conda/lib/python3.12/site-packages/airflow/example_dags/example_dataset_alias.py
[2025-02-06T11:43:06.560+0000] {logging_mixin.py:190} INFO - [2025-02-06T11:43:06.560+0000] {dag.py:3239} INFO - Sync 4 DAGs
[2025-02-06T11:43:06.594+0000] {logging_mixin.py:190} INFO - [2025-02-06T11:43:06.594+0000] {dag.py:4180} INFO - Setting next_dagrun for dataset_alias_example_alias_consumer to None, run_after=None
[2025-02-06T11:43:06.601+0000] {logging_mixin.py:190} INFO - [2025-02-06T11:43:06.600+0000] {dag.py:4180} INFO - Setting next_dagrun for dataset_alias_example_alias_producer to None, run_after=None
[2025-02-06T11:43:06.605+0000] {logging_mixin.py:190} INFO - [2025-02-06T11:43:06.605+0000] {dag.py:4180} INFO - Setting next_dagrun for dataset_s3_bucket_consumer to None, run_after=None
[2025-02-06T11:43:06.610+0000] {logging_mixin.py:190} INFO - [2025-02-06T11:43:06.609+0000] {dag.py:4180} INFO - Setting next_dagrun for dataset_s3_bucket_producer to None, run_after=None
[2025-02-06T11:43:06.693+0000] {processor.py:208} INFO - Processing /opt/conda/lib/python3.12/site-packages/airflow/example_dags/example_dataset_alias.py took 0.243 seconds
[2025-02-06T11:51:10.129+0000] {processor.py:186} INFO - Started process (PID=2918) to work on /opt/conda/lib/python3.12/site-packages/airflow/example_dags/example_dataset_alias.py
[2025-02-06T11:51:10.130+0000] {processor.py:914} INFO - Processing file /opt/conda/lib/python3.12/site-packages/airflow/example_dags/example_dataset_alias.py for tasks to queue
[2025-02-06T11:51:10.132+0000] {logging_mixin.py:190} INFO - [2025-02-06T11:51:10.132+0000] {dagbag.py:588} INFO - Filling up the DagBag from /opt/conda/lib/python3.12/site-packages/airflow/example_dags/example_dataset_alias.py
[2025-02-06T11:51:10.171+0000] {processor.py:925} INFO - DAG(s) 'dataset_s3_bucket_consumer', 'dataset_s3_bucket_producer', 'dataset_alias_example_alias_consumer', 'dataset_alias_example_alias_producer' retrieved from /opt/conda/lib/python3.12/site-packages/airflow/example_dags/example_dataset_alias.py
[2025-02-06T11:51:10.228+0000] {logging_mixin.py:190} INFO - [2025-02-06T11:51:10.228+0000] {dag.py:3239} INFO - Sync 4 DAGs
[2025-02-06T11:51:10.261+0000] {logging_mixin.py:190} INFO - [2025-02-06T11:51:10.261+0000] {dag.py:4180} INFO - Setting next_dagrun for dataset_alias_example_alias_consumer to None, run_after=None
[2025-02-06T11:51:10.265+0000] {logging_mixin.py:190} INFO - [2025-02-06T11:51:10.265+0000] {dag.py:4180} INFO - Setting next_dagrun for dataset_alias_example_alias_producer to None, run_after=None
[2025-02-06T11:51:10.267+0000] {logging_mixin.py:190} INFO - [2025-02-06T11:51:10.267+0000] {dag.py:4180} INFO - Setting next_dagrun for dataset_s3_bucket_consumer to None, run_after=None
[2025-02-06T11:51:10.270+0000] {logging_mixin.py:190} INFO - [2025-02-06T11:51:10.270+0000] {dag.py:4180} INFO - Setting next_dagrun for dataset_s3_bucket_producer to None, run_after=None
[2025-02-06T11:51:10.395+0000] {processor.py:208} INFO - Processing /opt/conda/lib/python3.12/site-packages/airflow/example_dags/example_dataset_alias.py took 0.271 seconds
[2025-02-06T12:06:21.962+0000] {processor.py:186} INFO - Started process (PID=1069) to work on /opt/conda/lib/python3.12/site-packages/airflow/example_dags/example_dataset_alias.py
[2025-02-06T12:06:21.964+0000] {processor.py:914} INFO - Processing file /opt/conda/lib/python3.12/site-packages/airflow/example_dags/example_dataset_alias.py for tasks to queue
[2025-02-06T12:06:21.966+0000] {logging_mixin.py:190} INFO - [2025-02-06T12:06:21.966+0000] {dagbag.py:588} INFO - Filling up the DagBag from /opt/conda/lib/python3.12/site-packages/airflow/example_dags/example_dataset_alias.py
[2025-02-06T12:06:22.003+0000] {processor.py:925} INFO - DAG(s) 'dataset_alias_example_alias_consumer', 'dataset_s3_bucket_consumer', 'dataset_s3_bucket_producer', 'dataset_alias_example_alias_producer' retrieved from /opt/conda/lib/python3.12/site-packages/airflow/example_dags/example_dataset_alias.py
[2025-02-06T12:06:22.048+0000] {logging_mixin.py:190} INFO - [2025-02-06T12:06:22.048+0000] {dag.py:3239} INFO - Sync 4 DAGs
[2025-02-06T12:06:22.070+0000] {logging_mixin.py:190} INFO - [2025-02-06T12:06:22.070+0000] {dag.py:4180} INFO - Setting next_dagrun for dataset_alias_example_alias_consumer to None, run_after=None
[2025-02-06T12:06:22.074+0000] {logging_mixin.py:190} INFO - [2025-02-06T12:06:22.073+0000] {dag.py:4180} INFO - Setting next_dagrun for dataset_alias_example_alias_producer to None, run_after=None
[2025-02-06T12:06:22.076+0000] {logging_mixin.py:190} INFO - [2025-02-06T12:06:22.076+0000] {dag.py:4180} INFO - Setting next_dagrun for dataset_s3_bucket_consumer to None, run_after=None
[2025-02-06T12:06:22.078+0000] {logging_mixin.py:190} INFO - [2025-02-06T12:06:22.078+0000] {dag.py:4180} INFO - Setting next_dagrun for dataset_s3_bucket_producer to None, run_after=None
[2025-02-06T12:06:22.181+0000] {processor.py:208} INFO - Processing /opt/conda/lib/python3.12/site-packages/airflow/example_dags/example_dataset_alias.py took 0.226 seconds
[2025-02-06T12:25:53.253+0000] {processor.py:186} INFO - Started process (PID=1749) to work on /opt/conda/lib/python3.12/site-packages/airflow/example_dags/example_dataset_alias.py
[2025-02-06T12:25:53.254+0000] {processor.py:914} INFO - Processing file /opt/conda/lib/python3.12/site-packages/airflow/example_dags/example_dataset_alias.py for tasks to queue
[2025-02-06T12:25:53.256+0000] {logging_mixin.py:190} INFO - [2025-02-06T12:25:53.255+0000] {dagbag.py:588} INFO - Filling up the DagBag from /opt/conda/lib/python3.12/site-packages/airflow/example_dags/example_dataset_alias.py
[2025-02-06T12:25:53.282+0000] {processor.py:925} INFO - DAG(s) 'dataset_alias_example_alias_consumer', 'dataset_alias_example_alias_producer', 'dataset_s3_bucket_consumer', 'dataset_s3_bucket_producer' retrieved from /opt/conda/lib/python3.12/site-packages/airflow/example_dags/example_dataset_alias.py
[2025-02-06T12:25:53.320+0000] {logging_mixin.py:190} INFO - [2025-02-06T12:25:53.320+0000] {dag.py:3239} INFO - Sync 4 DAGs
[2025-02-06T12:25:53.340+0000] {logging_mixin.py:190} INFO - [2025-02-06T12:25:53.339+0000] {dag.py:4180} INFO - Setting next_dagrun for dataset_alias_example_alias_consumer to None, run_after=None
[2025-02-06T12:25:53.343+0000] {logging_mixin.py:190} INFO - [2025-02-06T12:25:53.343+0000] {dag.py:4180} INFO - Setting next_dagrun for dataset_alias_example_alias_producer to None, run_after=None
[2025-02-06T12:25:53.345+0000] {logging_mixin.py:190} INFO - [2025-02-06T12:25:53.345+0000] {dag.py:4180} INFO - Setting next_dagrun for dataset_s3_bucket_consumer to None, run_after=None
[2025-02-06T12:25:53.347+0000] {logging_mixin.py:190} INFO - [2025-02-06T12:25:53.347+0000] {dag.py:4180} INFO - Setting next_dagrun for dataset_s3_bucket_producer to None, run_after=None
[2025-02-06T12:25:53.398+0000] {processor.py:208} INFO - Processing /opt/conda/lib/python3.12/site-packages/airflow/example_dags/example_dataset_alias.py took 0.149 seconds
[2025-02-06T12:33:38.232+0000] {processor.py:186} INFO - Started process (PID=5782) to work on /opt/conda/lib/python3.12/site-packages/airflow/example_dags/example_dataset_alias.py
[2025-02-06T12:33:38.233+0000] {processor.py:914} INFO - Processing file /opt/conda/lib/python3.12/site-packages/airflow/example_dags/example_dataset_alias.py for tasks to queue
[2025-02-06T12:33:38.234+0000] {logging_mixin.py:190} INFO - [2025-02-06T12:33:38.234+0000] {dagbag.py:588} INFO - Filling up the DagBag from /opt/conda/lib/python3.12/site-packages/airflow/example_dags/example_dataset_alias.py
[2025-02-06T12:33:38.262+0000] {processor.py:925} INFO - DAG(s) 'dataset_alias_example_alias_producer', 'dataset_alias_example_alias_consumer', 'dataset_s3_bucket_consumer', 'dataset_s3_bucket_producer' retrieved from /opt/conda/lib/python3.12/site-packages/airflow/example_dags/example_dataset_alias.py
[2025-02-06T12:33:38.303+0000] {logging_mixin.py:190} INFO - [2025-02-06T12:33:38.302+0000] {dag.py:3239} INFO - Sync 4 DAGs
[2025-02-06T12:33:38.324+0000] {logging_mixin.py:190} INFO - [2025-02-06T12:33:38.324+0000] {dag.py:4180} INFO - Setting next_dagrun for dataset_alias_example_alias_consumer to None, run_after=None
[2025-02-06T12:33:38.327+0000] {logging_mixin.py:190} INFO - [2025-02-06T12:33:38.327+0000] {dag.py:4180} INFO - Setting next_dagrun for dataset_alias_example_alias_producer to None, run_after=None
[2025-02-06T12:33:38.329+0000] {logging_mixin.py:190} INFO - [2025-02-06T12:33:38.329+0000] {dag.py:4180} INFO - Setting next_dagrun for dataset_s3_bucket_consumer to None, run_after=None
[2025-02-06T12:33:38.331+0000] {logging_mixin.py:190} INFO - [2025-02-06T12:33:38.331+0000] {dag.py:4180} INFO - Setting next_dagrun for dataset_s3_bucket_producer to None, run_after=None
[2025-02-06T12:33:38.407+0000] {processor.py:208} INFO - Processing /opt/conda/lib/python3.12/site-packages/airflow/example_dags/example_dataset_alias.py took 0.180 seconds
[2025-02-06T12:38:14.899+0000] {processor.py:186} INFO - Started process (PID=8123) to work on /opt/conda/lib/python3.12/site-packages/airflow/example_dags/example_dataset_alias.py
[2025-02-06T12:38:14.900+0000] {processor.py:914} INFO - Processing file /opt/conda/lib/python3.12/site-packages/airflow/example_dags/example_dataset_alias.py for tasks to queue
[2025-02-06T12:38:14.902+0000] {logging_mixin.py:190} INFO - [2025-02-06T12:38:14.902+0000] {dagbag.py:588} INFO - Filling up the DagBag from /opt/conda/lib/python3.12/site-packages/airflow/example_dags/example_dataset_alias.py
[2025-02-06T12:38:14.927+0000] {processor.py:925} INFO - DAG(s) 'dataset_alias_example_alias_consumer', 'dataset_s3_bucket_producer', 'dataset_alias_example_alias_producer', 'dataset_s3_bucket_consumer' retrieved from /opt/conda/lib/python3.12/site-packages/airflow/example_dags/example_dataset_alias.py
[2025-02-06T12:38:14.964+0000] {logging_mixin.py:190} INFO - [2025-02-06T12:38:14.964+0000] {dag.py:3239} INFO - Sync 4 DAGs
[2025-02-06T12:38:14.983+0000] {logging_mixin.py:190} INFO - [2025-02-06T12:38:14.983+0000] {dag.py:4180} INFO - Setting next_dagrun for dataset_alias_example_alias_consumer to None, run_after=None
[2025-02-06T12:38:14.986+0000] {logging_mixin.py:190} INFO - [2025-02-06T12:38:14.985+0000] {dag.py:4180} INFO - Setting next_dagrun for dataset_alias_example_alias_producer to None, run_after=None
[2025-02-06T12:38:14.987+0000] {logging_mixin.py:190} INFO - [2025-02-06T12:38:14.987+0000] {dag.py:4180} INFO - Setting next_dagrun for dataset_s3_bucket_consumer to None, run_after=None
[2025-02-06T12:38:14.990+0000] {logging_mixin.py:190} INFO - [2025-02-06T12:38:14.990+0000] {dag.py:4180} INFO - Setting next_dagrun for dataset_s3_bucket_producer to None, run_after=None
[2025-02-06T12:38:15.049+0000] {processor.py:208} INFO - Processing /opt/conda/lib/python3.12/site-packages/airflow/example_dags/example_dataset_alias.py took 0.154 seconds
[2025-02-06T12:46:25.709+0000] {processor.py:186} INFO - Started process (PID=12325) to work on /opt/conda/lib/python3.12/site-packages/airflow/example_dags/example_dataset_alias.py
[2025-02-06T12:46:25.710+0000] {processor.py:914} INFO - Processing file /opt/conda/lib/python3.12/site-packages/airflow/example_dags/example_dataset_alias.py for tasks to queue
[2025-02-06T12:46:25.712+0000] {logging_mixin.py:190} INFO - [2025-02-06T12:46:25.712+0000] {dagbag.py:588} INFO - Filling up the DagBag from /opt/conda/lib/python3.12/site-packages/airflow/example_dags/example_dataset_alias.py
[2025-02-06T12:46:25.741+0000] {processor.py:925} INFO - DAG(s) 'dataset_alias_example_alias_producer', 'dataset_s3_bucket_producer', 'dataset_s3_bucket_consumer', 'dataset_alias_example_alias_consumer' retrieved from /opt/conda/lib/python3.12/site-packages/airflow/example_dags/example_dataset_alias.py
[2025-02-06T12:46:25.781+0000] {logging_mixin.py:190} INFO - [2025-02-06T12:46:25.781+0000] {dag.py:3239} INFO - Sync 4 DAGs
[2025-02-06T12:46:25.801+0000] {logging_mixin.py:190} INFO - [2025-02-06T12:46:25.801+0000] {dag.py:4180} INFO - Setting next_dagrun for dataset_alias_example_alias_consumer to None, run_after=None
[2025-02-06T12:46:25.804+0000] {logging_mixin.py:190} INFO - [2025-02-06T12:46:25.804+0000] {dag.py:4180} INFO - Setting next_dagrun for dataset_alias_example_alias_producer to None, run_after=None
[2025-02-06T12:46:25.806+0000] {logging_mixin.py:190} INFO - [2025-02-06T12:46:25.806+0000] {dag.py:4180} INFO - Setting next_dagrun for dataset_s3_bucket_consumer to None, run_after=None
[2025-02-06T12:46:25.808+0000] {logging_mixin.py:190} INFO - [2025-02-06T12:46:25.807+0000] {dag.py:4180} INFO - Setting next_dagrun for dataset_s3_bucket_producer to None, run_after=None
[2025-02-06T12:46:25.973+0000] {processor.py:208} INFO - Processing /opt/conda/lib/python3.12/site-packages/airflow/example_dags/example_dataset_alias.py took 0.268 seconds
[2025-02-06T13:01:04.722+0000] {processor.py:186} INFO - Started process (PID=969) to work on /opt/conda/lib/python3.12/site-packages/airflow/example_dags/example_dataset_alias.py
[2025-02-06T13:01:04.723+0000] {processor.py:914} INFO - Processing file /opt/conda/lib/python3.12/site-packages/airflow/example_dags/example_dataset_alias.py for tasks to queue
[2025-02-06T13:01:04.725+0000] {logging_mixin.py:190} INFO - [2025-02-06T13:01:04.724+0000] {dagbag.py:588} INFO - Filling up the DagBag from /opt/conda/lib/python3.12/site-packages/airflow/example_dags/example_dataset_alias.py
[2025-02-06T13:01:04.753+0000] {processor.py:925} INFO - DAG(s) 'dataset_alias_example_alias_producer', 'dataset_s3_bucket_producer', 'dataset_s3_bucket_consumer', 'dataset_alias_example_alias_consumer' retrieved from /opt/conda/lib/python3.12/site-packages/airflow/example_dags/example_dataset_alias.py
[2025-02-06T13:01:04.795+0000] {logging_mixin.py:190} INFO - [2025-02-06T13:01:04.794+0000] {dag.py:3239} INFO - Sync 4 DAGs
[2025-02-06T13:01:04.814+0000] {logging_mixin.py:190} INFO - [2025-02-06T13:01:04.813+0000] {dag.py:4180} INFO - Setting next_dagrun for dataset_alias_example_alias_consumer to None, run_after=None
[2025-02-06T13:01:04.817+0000] {logging_mixin.py:190} INFO - [2025-02-06T13:01:04.817+0000] {dag.py:4180} INFO - Setting next_dagrun for dataset_alias_example_alias_producer to None, run_after=None
[2025-02-06T13:01:04.819+0000] {logging_mixin.py:190} INFO - [2025-02-06T13:01:04.819+0000] {dag.py:4180} INFO - Setting next_dagrun for dataset_s3_bucket_consumer to None, run_after=None
[2025-02-06T13:01:04.821+0000] {logging_mixin.py:190} INFO - [2025-02-06T13:01:04.821+0000] {dag.py:4180} INFO - Setting next_dagrun for dataset_s3_bucket_producer to None, run_after=None
[2025-02-06T13:01:04.875+0000] {processor.py:208} INFO - Processing /opt/conda/lib/python3.12/site-packages/airflow/example_dags/example_dataset_alias.py took 0.157 seconds
[2025-02-06T13:05:55.162+0000] {processor.py:186} INFO - Started process (PID=2539) to work on /opt/conda/lib/python3.12/site-packages/airflow/example_dags/example_dataset_alias.py
[2025-02-06T13:05:55.163+0000] {processor.py:914} INFO - Processing file /opt/conda/lib/python3.12/site-packages/airflow/example_dags/example_dataset_alias.py for tasks to queue
[2025-02-06T13:05:55.165+0000] {logging_mixin.py:190} INFO - [2025-02-06T13:05:55.165+0000] {dagbag.py:588} INFO - Filling up the DagBag from /opt/conda/lib/python3.12/site-packages/airflow/example_dags/example_dataset_alias.py
[2025-02-06T13:05:55.196+0000] {processor.py:925} INFO - DAG(s) 'dataset_s3_bucket_producer', 'dataset_alias_example_alias_producer', 'dataset_alias_example_alias_consumer', 'dataset_s3_bucket_consumer' retrieved from /opt/conda/lib/python3.12/site-packages/airflow/example_dags/example_dataset_alias.py
[2025-02-06T13:05:55.244+0000] {logging_mixin.py:190} INFO - [2025-02-06T13:05:55.243+0000] {dag.py:3239} INFO - Sync 4 DAGs
[2025-02-06T13:05:55.273+0000] {logging_mixin.py:190} INFO - [2025-02-06T13:05:55.272+0000] {dag.py:4180} INFO - Setting next_dagrun for dataset_alias_example_alias_consumer to None, run_after=None
[2025-02-06T13:05:55.278+0000] {logging_mixin.py:190} INFO - [2025-02-06T13:05:55.277+0000] {dag.py:4180} INFO - Setting next_dagrun for dataset_alias_example_alias_producer to None, run_after=None
[2025-02-06T13:05:55.282+0000] {logging_mixin.py:190} INFO - [2025-02-06T13:05:55.282+0000] {dag.py:4180} INFO - Setting next_dagrun for dataset_s3_bucket_consumer to None, run_after=None
[2025-02-06T13:05:55.285+0000] {logging_mixin.py:190} INFO - [2025-02-06T13:05:55.284+0000] {dag.py:4180} INFO - Setting next_dagrun for dataset_s3_bucket_producer to None, run_after=None
[2025-02-06T13:05:55.351+0000] {processor.py:208} INFO - Processing /opt/conda/lib/python3.12/site-packages/airflow/example_dags/example_dataset_alias.py took 0.192 seconds
[2025-02-06T13:21:36.605+0000] {processor.py:186} INFO - Started process (PID=1109) to work on /opt/conda/lib/python3.12/site-packages/airflow/example_dags/example_dataset_alias.py
[2025-02-06T13:21:36.607+0000] {processor.py:914} INFO - Processing file /opt/conda/lib/python3.12/site-packages/airflow/example_dags/example_dataset_alias.py for tasks to queue
[2025-02-06T13:21:36.610+0000] {logging_mixin.py:190} INFO - [2025-02-06T13:21:36.609+0000] {dagbag.py:588} INFO - Filling up the DagBag from /opt/conda/lib/python3.12/site-packages/airflow/example_dags/example_dataset_alias.py
[2025-02-06T13:21:36.647+0000] {processor.py:925} INFO - DAG(s) 'dataset_alias_example_alias_producer', 'dataset_s3_bucket_consumer', 'dataset_s3_bucket_producer', 'dataset_alias_example_alias_consumer' retrieved from /opt/conda/lib/python3.12/site-packages/airflow/example_dags/example_dataset_alias.py
[2025-02-06T13:21:36.688+0000] {logging_mixin.py:190} INFO - [2025-02-06T13:21:36.688+0000] {dag.py:3239} INFO - Sync 4 DAGs
[2025-02-06T13:21:36.711+0000] {logging_mixin.py:190} INFO - [2025-02-06T13:21:36.711+0000] {dag.py:4180} INFO - Setting next_dagrun for dataset_alias_example_alias_consumer to None, run_after=None
[2025-02-06T13:21:36.715+0000] {logging_mixin.py:190} INFO - [2025-02-06T13:21:36.714+0000] {dag.py:4180} INFO - Setting next_dagrun for dataset_alias_example_alias_producer to None, run_after=None
[2025-02-06T13:21:36.716+0000] {logging_mixin.py:190} INFO - [2025-02-06T13:21:36.716+0000] {dag.py:4180} INFO - Setting next_dagrun for dataset_s3_bucket_consumer to None, run_after=None
[2025-02-06T13:21:36.719+0000] {logging_mixin.py:190} INFO - [2025-02-06T13:21:36.719+0000] {dag.py:4180} INFO - Setting next_dagrun for dataset_s3_bucket_producer to None, run_after=None
[2025-02-06T13:21:36.840+0000] {processor.py:208} INFO - Processing /opt/conda/lib/python3.12/site-packages/airflow/example_dags/example_dataset_alias.py took 0.239 seconds
[2025-02-06T13:30:36.559+0000] {processor.py:186} INFO - Started process (PID=4948) to work on /opt/conda/lib/python3.12/site-packages/airflow/example_dags/example_dataset_alias.py
[2025-02-06T13:30:36.560+0000] {processor.py:914} INFO - Processing file /opt/conda/lib/python3.12/site-packages/airflow/example_dags/example_dataset_alias.py for tasks to queue
[2025-02-06T13:30:36.562+0000] {logging_mixin.py:190} INFO - [2025-02-06T13:30:36.562+0000] {dagbag.py:588} INFO - Filling up the DagBag from /opt/conda/lib/python3.12/site-packages/airflow/example_dags/example_dataset_alias.py
[2025-02-06T13:30:36.597+0000] {processor.py:925} INFO - DAG(s) 'dataset_s3_bucket_producer', 'dataset_alias_example_alias_consumer', 'dataset_s3_bucket_consumer', 'dataset_alias_example_alias_producer' retrieved from /opt/conda/lib/python3.12/site-packages/airflow/example_dags/example_dataset_alias.py
[2025-02-06T13:30:36.645+0000] {logging_mixin.py:190} INFO - [2025-02-06T13:30:36.645+0000] {dag.py:3239} INFO - Sync 4 DAGs
[2025-02-06T13:30:36.669+0000] {logging_mixin.py:190} INFO - [2025-02-06T13:30:36.669+0000] {dag.py:4180} INFO - Setting next_dagrun for dataset_alias_example_alias_consumer to None, run_after=None
[2025-02-06T13:30:36.672+0000] {logging_mixin.py:190} INFO - [2025-02-06T13:30:36.672+0000] {dag.py:4180} INFO - Setting next_dagrun for dataset_alias_example_alias_producer to None, run_after=None
[2025-02-06T13:30:36.674+0000] {logging_mixin.py:190} INFO - [2025-02-06T13:30:36.674+0000] {dag.py:4180} INFO - Setting next_dagrun for dataset_s3_bucket_consumer to None, run_after=None
[2025-02-06T13:30:36.677+0000] {logging_mixin.py:190} INFO - [2025-02-06T13:30:36.676+0000] {dag.py:4180} INFO - Setting next_dagrun for dataset_s3_bucket_producer to None, run_after=None
[2025-02-06T13:30:36.748+0000] {processor.py:208} INFO - Processing /opt/conda/lib/python3.12/site-packages/airflow/example_dags/example_dataset_alias.py took 0.194 seconds
