[2025-02-06T08:27:47.941+0000] {processor.py:186} INFO - Started process (PID=90) to work on /opt/conda/lib/python3.12/site-packages/airflow/example_dags/example_latest_only.py
[2025-02-06T08:27:47.942+0000] {processor.py:914} INFO - Processing file /opt/conda/lib/python3.12/site-packages/airflow/example_dags/example_latest_only.py for tasks to queue
[2025-02-06T08:27:47.945+0000] {logging_mixin.py:190} INFO - [2025-02-06T08:27:47.945+0000] {dagbag.py:588} INFO - Filling up the DagBag from /opt/conda/lib/python3.12/site-packages/airflow/example_dags/example_latest_only.py
[2025-02-06T08:27:47.951+0000] {processor.py:925} INFO - DAG(s) 'latest_only' retrieved from /opt/conda/lib/python3.12/site-packages/airflow/example_dags/example_latest_only.py
[2025-02-06T08:27:48.085+0000] {logging_mixin.py:190} INFO - [2025-02-06T08:27:48.084+0000] {override.py:1912} INFO - Created Permission View: can delete on DAG:latest_only
[2025-02-06T08:27:48.127+0000] {logging_mixin.py:190} INFO - [2025-02-06T08:27:48.127+0000] {override.py:1912} INFO - Created Permission View: can read on DAG:latest_only
[2025-02-06T08:27:48.160+0000] {logging_mixin.py:190} INFO - [2025-02-06T08:27:48.159+0000] {override.py:1912} INFO - Created Permission View: can edit on DAG:latest_only
[2025-02-06T08:27:48.212+0000] {logging_mixin.py:190} INFO - [2025-02-06T08:27:48.212+0000] {override.py:1912} INFO - Created Permission View: menu access on DAG Run:latest_only
[2025-02-06T08:27:48.246+0000] {logging_mixin.py:190} INFO - [2025-02-06T08:27:48.245+0000] {override.py:1912} INFO - Created Permission View: can create on DAG Run:latest_only
[2025-02-06T08:27:48.282+0000] {logging_mixin.py:190} INFO - [2025-02-06T08:27:48.282+0000] {override.py:1912} INFO - Created Permission View: can read on DAG Run:latest_only
[2025-02-06T08:27:48.318+0000] {logging_mixin.py:190} INFO - [2025-02-06T08:27:48.317+0000] {override.py:1912} INFO - Created Permission View: can delete on DAG Run:latest_only
[2025-02-06T08:27:48.318+0000] {logging_mixin.py:190} INFO - [2025-02-06T08:27:48.318+0000] {dag.py:3239} INFO - Sync 1 DAGs
[2025-02-06T08:27:48.334+0000] {logging_mixin.py:190} INFO - [2025-02-06T08:27:48.334+0000] {dag.py:3262} INFO - Creating ORM DAG for latest_only
[2025-02-06T08:27:48.342+0000] {logging_mixin.py:190} INFO - [2025-02-06T08:27:48.342+0000] {dag.py:4180} INFO - Setting next_dagrun for latest_only to 2025-02-06 04:00:00+00:00, run_after=2025-02-06 08:00:00+00:00
[2025-02-06T08:27:48.395+0000] {processor.py:208} INFO - Processing /opt/conda/lib/python3.12/site-packages/airflow/example_dags/example_latest_only.py took 0.459 seconds
[2025-02-06T08:31:18.355+0000] {processor.py:186} INFO - Started process (PID=91) to work on /opt/conda/lib/python3.12/site-packages/airflow/example_dags/example_latest_only.py
[2025-02-06T08:31:18.356+0000] {processor.py:914} INFO - Processing file /opt/conda/lib/python3.12/site-packages/airflow/example_dags/example_latest_only.py for tasks to queue
[2025-02-06T08:31:18.357+0000] {logging_mixin.py:190} INFO - [2025-02-06T08:31:18.357+0000] {dagbag.py:588} INFO - Filling up the DagBag from /opt/conda/lib/python3.12/site-packages/airflow/example_dags/example_latest_only.py
[2025-02-06T08:31:18.363+0000] {processor.py:925} INFO - DAG(s) 'latest_only' retrieved from /opt/conda/lib/python3.12/site-packages/airflow/example_dags/example_latest_only.py
[2025-02-06T08:31:18.394+0000] {logging_mixin.py:190} INFO - [2025-02-06T08:31:18.394+0000] {dag.py:3239} INFO - Sync 1 DAGs
[2025-02-06T08:31:18.417+0000] {logging_mixin.py:190} INFO - [2025-02-06T08:31:18.417+0000] {dag.py:4180} INFO - Setting next_dagrun for latest_only to 2025-02-06 04:00:00+00:00, run_after=2025-02-06 08:00:00+00:00
[2025-02-06T08:31:18.473+0000] {processor.py:208} INFO - Processing /opt/conda/lib/python3.12/site-packages/airflow/example_dags/example_latest_only.py took 0.121 seconds
[2025-02-06T08:32:30.433+0000] {processor.py:186} INFO - Started process (PID=154) to work on /opt/conda/lib/python3.12/site-packages/airflow/example_dags/example_latest_only.py
[2025-02-06T08:32:30.434+0000] {processor.py:914} INFO - Processing file /opt/conda/lib/python3.12/site-packages/airflow/example_dags/example_latest_only.py for tasks to queue
[2025-02-06T08:32:30.435+0000] {logging_mixin.py:190} INFO - [2025-02-06T08:32:30.435+0000] {dagbag.py:588} INFO - Filling up the DagBag from /opt/conda/lib/python3.12/site-packages/airflow/example_dags/example_latest_only.py
[2025-02-06T08:32:30.440+0000] {processor.py:925} INFO - DAG(s) 'latest_only' retrieved from /opt/conda/lib/python3.12/site-packages/airflow/example_dags/example_latest_only.py
[2025-02-06T08:32:30.461+0000] {logging_mixin.py:190} INFO - [2025-02-06T08:32:30.461+0000] {dag.py:3239} INFO - Sync 1 DAGs
[2025-02-06T08:32:30.484+0000] {logging_mixin.py:190} INFO - [2025-02-06T08:32:30.484+0000] {dag.py:4180} INFO - Setting next_dagrun for latest_only to 2025-02-06 04:00:00+00:00, run_after=2025-02-06 08:00:00+00:00
[2025-02-06T08:32:30.550+0000] {processor.py:208} INFO - Processing /opt/conda/lib/python3.12/site-packages/airflow/example_dags/example_latest_only.py took 0.121 seconds
[2025-02-06T08:33:40.827+0000] {processor.py:186} INFO - Started process (PID=215) to work on /opt/conda/lib/python3.12/site-packages/airflow/example_dags/example_latest_only.py
[2025-02-06T08:33:40.828+0000] {processor.py:914} INFO - Processing file /opt/conda/lib/python3.12/site-packages/airflow/example_dags/example_latest_only.py for tasks to queue
[2025-02-06T08:33:40.829+0000] {logging_mixin.py:190} INFO - [2025-02-06T08:33:40.829+0000] {dagbag.py:588} INFO - Filling up the DagBag from /opt/conda/lib/python3.12/site-packages/airflow/example_dags/example_latest_only.py
[2025-02-06T08:33:40.835+0000] {processor.py:925} INFO - DAG(s) 'latest_only' retrieved from /opt/conda/lib/python3.12/site-packages/airflow/example_dags/example_latest_only.py
[2025-02-06T08:33:40.856+0000] {logging_mixin.py:190} INFO - [2025-02-06T08:33:40.856+0000] {dag.py:3239} INFO - Sync 1 DAGs
[2025-02-06T08:33:40.875+0000] {logging_mixin.py:190} INFO - [2025-02-06T08:33:40.875+0000] {dag.py:4180} INFO - Setting next_dagrun for latest_only to 2025-02-06 04:00:00+00:00, run_after=2025-02-06 08:00:00+00:00
[2025-02-06T08:33:40.938+0000] {processor.py:208} INFO - Processing /opt/conda/lib/python3.12/site-packages/airflow/example_dags/example_latest_only.py took 0.114 seconds
[2025-02-06T08:34:56.341+0000] {processor.py:186} INFO - Started process (PID=278) to work on /opt/conda/lib/python3.12/site-packages/airflow/example_dags/example_latest_only.py
[2025-02-06T08:34:56.342+0000] {processor.py:914} INFO - Processing file /opt/conda/lib/python3.12/site-packages/airflow/example_dags/example_latest_only.py for tasks to queue
[2025-02-06T08:34:56.344+0000] {logging_mixin.py:190} INFO - [2025-02-06T08:34:56.343+0000] {dagbag.py:588} INFO - Filling up the DagBag from /opt/conda/lib/python3.12/site-packages/airflow/example_dags/example_latest_only.py
[2025-02-06T08:34:56.349+0000] {processor.py:925} INFO - DAG(s) 'latest_only' retrieved from /opt/conda/lib/python3.12/site-packages/airflow/example_dags/example_latest_only.py
[2025-02-06T08:34:56.369+0000] {logging_mixin.py:190} INFO - [2025-02-06T08:34:56.369+0000] {dag.py:3239} INFO - Sync 1 DAGs
[2025-02-06T08:34:56.387+0000] {logging_mixin.py:190} INFO - [2025-02-06T08:34:56.387+0000] {dag.py:4180} INFO - Setting next_dagrun for latest_only to 2025-02-06 04:00:00+00:00, run_after=2025-02-06 08:00:00+00:00
[2025-02-06T08:34:56.460+0000] {processor.py:208} INFO - Processing /opt/conda/lib/python3.12/site-packages/airflow/example_dags/example_latest_only.py took 0.124 seconds
[2025-02-06T08:36:13.695+0000] {processor.py:186} INFO - Started process (PID=344) to work on /opt/conda/lib/python3.12/site-packages/airflow/example_dags/example_latest_only.py
[2025-02-06T08:36:13.696+0000] {processor.py:914} INFO - Processing file /opt/conda/lib/python3.12/site-packages/airflow/example_dags/example_latest_only.py for tasks to queue
[2025-02-06T08:36:13.697+0000] {logging_mixin.py:190} INFO - [2025-02-06T08:36:13.697+0000] {dagbag.py:588} INFO - Filling up the DagBag from /opt/conda/lib/python3.12/site-packages/airflow/example_dags/example_latest_only.py
[2025-02-06T08:36:13.703+0000] {processor.py:925} INFO - DAG(s) 'latest_only' retrieved from /opt/conda/lib/python3.12/site-packages/airflow/example_dags/example_latest_only.py
[2025-02-06T08:36:13.723+0000] {logging_mixin.py:190} INFO - [2025-02-06T08:36:13.722+0000] {dag.py:3239} INFO - Sync 1 DAGs
[2025-02-06T08:36:13.826+0000] {logging_mixin.py:190} INFO - [2025-02-06T08:36:13.826+0000] {dag.py:4180} INFO - Setting next_dagrun for latest_only to 2025-02-06 04:00:00+00:00, run_after=2025-02-06 08:00:00+00:00
[2025-02-06T08:36:13.890+0000] {processor.py:208} INFO - Processing /opt/conda/lib/python3.12/site-packages/airflow/example_dags/example_latest_only.py took 0.198 seconds
[2025-02-06T08:37:35.688+0000] {processor.py:186} INFO - Started process (PID=411) to work on /opt/conda/lib/python3.12/site-packages/airflow/example_dags/example_latest_only.py
[2025-02-06T08:37:35.689+0000] {processor.py:914} INFO - Processing file /opt/conda/lib/python3.12/site-packages/airflow/example_dags/example_latest_only.py for tasks to queue
[2025-02-06T08:37:35.690+0000] {logging_mixin.py:190} INFO - [2025-02-06T08:37:35.690+0000] {dagbag.py:588} INFO - Filling up the DagBag from /opt/conda/lib/python3.12/site-packages/airflow/example_dags/example_latest_only.py
[2025-02-06T08:37:35.696+0000] {processor.py:925} INFO - DAG(s) 'latest_only' retrieved from /opt/conda/lib/python3.12/site-packages/airflow/example_dags/example_latest_only.py
[2025-02-06T08:37:35.719+0000] {logging_mixin.py:190} INFO - [2025-02-06T08:37:35.719+0000] {dag.py:3239} INFO - Sync 1 DAGs
[2025-02-06T08:37:35.738+0000] {logging_mixin.py:190} INFO - [2025-02-06T08:37:35.738+0000] {dag.py:4180} INFO - Setting next_dagrun for latest_only to 2025-02-06 04:00:00+00:00, run_after=2025-02-06 08:00:00+00:00
[2025-02-06T08:37:35.797+0000] {processor.py:208} INFO - Processing /opt/conda/lib/python3.12/site-packages/airflow/example_dags/example_latest_only.py took 0.113 seconds
[2025-02-06T08:38:51.122+0000] {processor.py:186} INFO - Started process (PID=476) to work on /opt/conda/lib/python3.12/site-packages/airflow/example_dags/example_latest_only.py
[2025-02-06T08:38:51.123+0000] {processor.py:914} INFO - Processing file /opt/conda/lib/python3.12/site-packages/airflow/example_dags/example_latest_only.py for tasks to queue
[2025-02-06T08:38:51.124+0000] {logging_mixin.py:190} INFO - [2025-02-06T08:38:51.124+0000] {dagbag.py:588} INFO - Filling up the DagBag from /opt/conda/lib/python3.12/site-packages/airflow/example_dags/example_latest_only.py
[2025-02-06T08:38:51.132+0000] {processor.py:925} INFO - DAG(s) 'latest_only' retrieved from /opt/conda/lib/python3.12/site-packages/airflow/example_dags/example_latest_only.py
[2025-02-06T08:38:51.154+0000] {logging_mixin.py:190} INFO - [2025-02-06T08:38:51.154+0000] {dag.py:3239} INFO - Sync 1 DAGs
[2025-02-06T08:38:51.178+0000] {logging_mixin.py:190} INFO - [2025-02-06T08:38:51.178+0000] {dag.py:4180} INFO - Setting next_dagrun for latest_only to 2025-02-06 04:00:00+00:00, run_after=2025-02-06 08:00:00+00:00
[2025-02-06T08:38:51.237+0000] {processor.py:208} INFO - Processing /opt/conda/lib/python3.12/site-packages/airflow/example_dags/example_latest_only.py took 0.122 seconds
[2025-02-06T08:40:09.357+0000] {processor.py:186} INFO - Started process (PID=542) to work on /opt/conda/lib/python3.12/site-packages/airflow/example_dags/example_latest_only.py
[2025-02-06T08:40:09.359+0000] {processor.py:914} INFO - Processing file /opt/conda/lib/python3.12/site-packages/airflow/example_dags/example_latest_only.py for tasks to queue
[2025-02-06T08:40:09.360+0000] {logging_mixin.py:190} INFO - [2025-02-06T08:40:09.359+0000] {dagbag.py:588} INFO - Filling up the DagBag from /opt/conda/lib/python3.12/site-packages/airflow/example_dags/example_latest_only.py
[2025-02-06T08:40:09.366+0000] {processor.py:925} INFO - DAG(s) 'latest_only' retrieved from /opt/conda/lib/python3.12/site-packages/airflow/example_dags/example_latest_only.py
[2025-02-06T08:40:09.387+0000] {logging_mixin.py:190} INFO - [2025-02-06T08:40:09.387+0000] {dag.py:3239} INFO - Sync 1 DAGs
[2025-02-06T08:40:09.406+0000] {logging_mixin.py:190} INFO - [2025-02-06T08:40:09.406+0000] {dag.py:4180} INFO - Setting next_dagrun for latest_only to 2025-02-06 04:00:00+00:00, run_after=2025-02-06 08:00:00+00:00
[2025-02-06T08:40:09.463+0000] {processor.py:208} INFO - Processing /opt/conda/lib/python3.12/site-packages/airflow/example_dags/example_latest_only.py took 0.109 seconds
[2025-02-06T08:41:25.443+0000] {processor.py:186} INFO - Started process (PID=608) to work on /opt/conda/lib/python3.12/site-packages/airflow/example_dags/example_latest_only.py
[2025-02-06T08:41:25.444+0000] {processor.py:914} INFO - Processing file /opt/conda/lib/python3.12/site-packages/airflow/example_dags/example_latest_only.py for tasks to queue
[2025-02-06T08:41:25.445+0000] {logging_mixin.py:190} INFO - [2025-02-06T08:41:25.445+0000] {dagbag.py:588} INFO - Filling up the DagBag from /opt/conda/lib/python3.12/site-packages/airflow/example_dags/example_latest_only.py
[2025-02-06T08:41:25.451+0000] {processor.py:925} INFO - DAG(s) 'latest_only' retrieved from /opt/conda/lib/python3.12/site-packages/airflow/example_dags/example_latest_only.py
[2025-02-06T08:41:25.475+0000] {logging_mixin.py:190} INFO - [2025-02-06T08:41:25.474+0000] {dag.py:3239} INFO - Sync 1 DAGs
[2025-02-06T08:41:25.495+0000] {logging_mixin.py:190} INFO - [2025-02-06T08:41:25.495+0000] {dag.py:4180} INFO - Setting next_dagrun for latest_only to 2025-02-06 04:00:00+00:00, run_after=2025-02-06 08:00:00+00:00
[2025-02-06T08:41:25.559+0000] {processor.py:208} INFO - Processing /opt/conda/lib/python3.12/site-packages/airflow/example_dags/example_latest_only.py took 0.120 seconds
[2025-02-06T08:42:40.932+0000] {processor.py:186} INFO - Started process (PID=672) to work on /opt/conda/lib/python3.12/site-packages/airflow/example_dags/example_latest_only.py
[2025-02-06T08:42:40.933+0000] {processor.py:914} INFO - Processing file /opt/conda/lib/python3.12/site-packages/airflow/example_dags/example_latest_only.py for tasks to queue
[2025-02-06T08:42:40.934+0000] {logging_mixin.py:190} INFO - [2025-02-06T08:42:40.934+0000] {dagbag.py:588} INFO - Filling up the DagBag from /opt/conda/lib/python3.12/site-packages/airflow/example_dags/example_latest_only.py
[2025-02-06T08:42:40.941+0000] {processor.py:925} INFO - DAG(s) 'latest_only' retrieved from /opt/conda/lib/python3.12/site-packages/airflow/example_dags/example_latest_only.py
[2025-02-06T08:42:40.962+0000] {logging_mixin.py:190} INFO - [2025-02-06T08:42:40.962+0000] {dag.py:3239} INFO - Sync 1 DAGs
[2025-02-06T08:42:40.984+0000] {logging_mixin.py:190} INFO - [2025-02-06T08:42:40.984+0000] {dag.py:4180} INFO - Setting next_dagrun for latest_only to 2025-02-06 04:00:00+00:00, run_after=2025-02-06 08:00:00+00:00
[2025-02-06T08:42:41.039+0000] {processor.py:208} INFO - Processing /opt/conda/lib/python3.12/site-packages/airflow/example_dags/example_latest_only.py took 0.111 seconds
[2025-02-06T08:44:14.577+0000] {processor.py:186} INFO - Started process (PID=91) to work on /opt/conda/lib/python3.12/site-packages/airflow/example_dags/example_latest_only.py
[2025-02-06T08:44:14.578+0000] {processor.py:914} INFO - Processing file /opt/conda/lib/python3.12/site-packages/airflow/example_dags/example_latest_only.py for tasks to queue
[2025-02-06T08:44:14.581+0000] {logging_mixin.py:190} INFO - [2025-02-06T08:44:14.580+0000] {dagbag.py:588} INFO - Filling up the DagBag from /opt/conda/lib/python3.12/site-packages/airflow/example_dags/example_latest_only.py
[2025-02-06T08:44:14.585+0000] {processor.py:925} INFO - DAG(s) 'latest_only' retrieved from /opt/conda/lib/python3.12/site-packages/airflow/example_dags/example_latest_only.py
[2025-02-06T08:44:14.606+0000] {logging_mixin.py:190} INFO - [2025-02-06T08:44:14.605+0000] {dag.py:3239} INFO - Sync 1 DAGs
[2025-02-06T08:44:14.625+0000] {logging_mixin.py:190} INFO - [2025-02-06T08:44:14.625+0000] {dag.py:4180} INFO - Setting next_dagrun for latest_only to 2025-02-06 04:00:00+00:00, run_after=2025-02-06 08:00:00+00:00
[2025-02-06T08:44:14.693+0000] {processor.py:208} INFO - Processing /opt/conda/lib/python3.12/site-packages/airflow/example_dags/example_latest_only.py took 0.120 seconds
[2025-02-06T08:45:29.502+0000] {processor.py:186} INFO - Started process (PID=157) to work on /opt/conda/lib/python3.12/site-packages/airflow/example_dags/example_latest_only.py
[2025-02-06T08:45:29.503+0000] {processor.py:914} INFO - Processing file /opt/conda/lib/python3.12/site-packages/airflow/example_dags/example_latest_only.py for tasks to queue
[2025-02-06T08:45:29.505+0000] {logging_mixin.py:190} INFO - [2025-02-06T08:45:29.504+0000] {dagbag.py:588} INFO - Filling up the DagBag from /opt/conda/lib/python3.12/site-packages/airflow/example_dags/example_latest_only.py
[2025-02-06T08:45:29.510+0000] {processor.py:925} INFO - DAG(s) 'latest_only' retrieved from /opt/conda/lib/python3.12/site-packages/airflow/example_dags/example_latest_only.py
[2025-02-06T08:45:29.531+0000] {logging_mixin.py:190} INFO - [2025-02-06T08:45:29.531+0000] {dag.py:3239} INFO - Sync 1 DAGs
[2025-02-06T08:45:29.557+0000] {logging_mixin.py:190} INFO - [2025-02-06T08:45:29.557+0000] {dag.py:4180} INFO - Setting next_dagrun for latest_only to 2025-02-06 04:00:00+00:00, run_after=2025-02-06 08:00:00+00:00
[2025-02-06T08:45:29.613+0000] {processor.py:208} INFO - Processing /opt/conda/lib/python3.12/site-packages/airflow/example_dags/example_latest_only.py took 0.116 seconds
[2025-02-06T08:50:49.112+0000] {processor.py:186} INFO - Started process (PID=359) to work on /opt/conda/lib/python3.12/site-packages/airflow/example_dags/example_latest_only.py
[2025-02-06T08:50:49.114+0000] {processor.py:914} INFO - Processing file /opt/conda/lib/python3.12/site-packages/airflow/example_dags/example_latest_only.py for tasks to queue
[2025-02-06T08:50:49.116+0000] {logging_mixin.py:190} INFO - [2025-02-06T08:50:49.116+0000] {dagbag.py:588} INFO - Filling up the DagBag from /opt/conda/lib/python3.12/site-packages/airflow/example_dags/example_latest_only.py
[2025-02-06T08:50:49.122+0000] {processor.py:925} INFO - DAG(s) 'latest_only' retrieved from /opt/conda/lib/python3.12/site-packages/airflow/example_dags/example_latest_only.py
[2025-02-06T08:50:49.144+0000] {logging_mixin.py:190} INFO - [2025-02-06T08:50:49.144+0000] {dag.py:3239} INFO - Sync 1 DAGs
[2025-02-06T08:50:49.167+0000] {logging_mixin.py:190} INFO - [2025-02-06T08:50:49.166+0000] {dag.py:4180} INFO - Setting next_dagrun for latest_only to 2025-02-06 04:00:00+00:00, run_after=2025-02-06 08:00:00+00:00
[2025-02-06T08:50:49.221+0000] {processor.py:208} INFO - Processing /opt/conda/lib/python3.12/site-packages/airflow/example_dags/example_latest_only.py took 0.113 seconds
[2025-02-06T08:55:59.923+0000] {processor.py:186} INFO - Started process (PID=942) to work on /opt/conda/lib/python3.12/site-packages/airflow/example_dags/example_latest_only.py
[2025-02-06T08:55:59.924+0000] {processor.py:914} INFO - Processing file /opt/conda/lib/python3.12/site-packages/airflow/example_dags/example_latest_only.py for tasks to queue
[2025-02-06T08:55:59.926+0000] {logging_mixin.py:190} INFO - [2025-02-06T08:55:59.926+0000] {dagbag.py:588} INFO - Filling up the DagBag from /opt/conda/lib/python3.12/site-packages/airflow/example_dags/example_latest_only.py
[2025-02-06T08:55:59.933+0000] {processor.py:925} INFO - DAG(s) 'latest_only' retrieved from /opt/conda/lib/python3.12/site-packages/airflow/example_dags/example_latest_only.py
[2025-02-06T08:55:59.956+0000] {logging_mixin.py:190} INFO - [2025-02-06T08:55:59.956+0000] {dag.py:3239} INFO - Sync 1 DAGs
[2025-02-06T08:55:59.980+0000] {logging_mixin.py:190} INFO - [2025-02-06T08:55:59.980+0000] {dag.py:4180} INFO - Setting next_dagrun for latest_only to 2025-02-06 04:00:00+00:00, run_after=2025-02-06 08:00:00+00:00
[2025-02-06T08:56:00.044+0000] {processor.py:208} INFO - Processing /opt/conda/lib/python3.12/site-packages/airflow/example_dags/example_latest_only.py took 0.126 seconds
[2025-02-06T09:06:39.867+0000] {processor.py:186} INFO - Started process (PID=287) to work on /opt/conda/lib/python3.12/site-packages/airflow/example_dags/example_latest_only.py
[2025-02-06T09:06:39.869+0000] {processor.py:914} INFO - Processing file /opt/conda/lib/python3.12/site-packages/airflow/example_dags/example_latest_only.py for tasks to queue
[2025-02-06T09:06:39.871+0000] {logging_mixin.py:190} INFO - [2025-02-06T09:06:39.871+0000] {dagbag.py:588} INFO - Filling up the DagBag from /opt/conda/lib/python3.12/site-packages/airflow/example_dags/example_latest_only.py
[2025-02-06T09:06:39.876+0000] {processor.py:925} INFO - DAG(s) 'latest_only' retrieved from /opt/conda/lib/python3.12/site-packages/airflow/example_dags/example_latest_only.py
[2025-02-06T09:06:39.902+0000] {logging_mixin.py:190} INFO - [2025-02-06T09:06:39.902+0000] {dag.py:3239} INFO - Sync 1 DAGs
[2025-02-06T09:06:39.923+0000] {logging_mixin.py:190} INFO - [2025-02-06T09:06:39.923+0000] {dag.py:4180} INFO - Setting next_dagrun for latest_only to 2025-02-06 04:00:00+00:00, run_after=2025-02-06 08:00:00+00:00
[2025-02-06T09:06:39.973+0000] {processor.py:208} INFO - Processing /opt/conda/lib/python3.12/site-packages/airflow/example_dags/example_latest_only.py took 0.110 seconds
[2025-02-06T09:11:20.971+0000] {processor.py:186} INFO - Started process (PID=815) to work on /opt/conda/lib/python3.12/site-packages/airflow/example_dags/example_latest_only.py
[2025-02-06T09:11:20.972+0000] {processor.py:914} INFO - Processing file /opt/conda/lib/python3.12/site-packages/airflow/example_dags/example_latest_only.py for tasks to queue
[2025-02-06T09:11:20.974+0000] {logging_mixin.py:190} INFO - [2025-02-06T09:11:20.974+0000] {dagbag.py:588} INFO - Filling up the DagBag from /opt/conda/lib/python3.12/site-packages/airflow/example_dags/example_latest_only.py
[2025-02-06T09:11:20.981+0000] {processor.py:925} INFO - DAG(s) 'latest_only' retrieved from /opt/conda/lib/python3.12/site-packages/airflow/example_dags/example_latest_only.py
[2025-02-06T09:11:21.010+0000] {logging_mixin.py:190} INFO - [2025-02-06T09:11:21.009+0000] {dag.py:3239} INFO - Sync 1 DAGs
[2025-02-06T09:11:21.035+0000] {logging_mixin.py:190} INFO - [2025-02-06T09:11:21.035+0000] {dag.py:4180} INFO - Setting next_dagrun for latest_only to 2025-02-06 04:00:00+00:00, run_after=2025-02-06 08:00:00+00:00
[2025-02-06T09:11:21.097+0000] {processor.py:208} INFO - Processing /opt/conda/lib/python3.12/site-packages/airflow/example_dags/example_latest_only.py took 0.130 seconds
[2025-02-06T09:16:14.504+0000] {processor.py:186} INFO - Started process (PID=1355) to work on /opt/conda/lib/python3.12/site-packages/airflow/example_dags/example_latest_only.py
[2025-02-06T09:16:14.505+0000] {processor.py:914} INFO - Processing file /opt/conda/lib/python3.12/site-packages/airflow/example_dags/example_latest_only.py for tasks to queue
[2025-02-06T09:16:14.507+0000] {logging_mixin.py:190} INFO - [2025-02-06T09:16:14.507+0000] {dagbag.py:588} INFO - Filling up the DagBag from /opt/conda/lib/python3.12/site-packages/airflow/example_dags/example_latest_only.py
[2025-02-06T09:16:14.512+0000] {processor.py:925} INFO - DAG(s) 'latest_only' retrieved from /opt/conda/lib/python3.12/site-packages/airflow/example_dags/example_latest_only.py
[2025-02-06T09:16:14.533+0000] {logging_mixin.py:190} INFO - [2025-02-06T09:16:14.532+0000] {dag.py:3239} INFO - Sync 1 DAGs
[2025-02-06T09:16:14.553+0000] {logging_mixin.py:190} INFO - [2025-02-06T09:16:14.553+0000] {dag.py:4180} INFO - Setting next_dagrun for latest_only to 2025-02-06 04:00:00+00:00, run_after=2025-02-06 08:00:00+00:00
[2025-02-06T09:16:14.610+0000] {processor.py:208} INFO - Processing /opt/conda/lib/python3.12/site-packages/airflow/example_dags/example_latest_only.py took 0.110 seconds
[2025-02-06T09:20:59.676+0000] {processor.py:186} INFO - Started process (PID=1859) to work on /opt/conda/lib/python3.12/site-packages/airflow/example_dags/example_latest_only.py
[2025-02-06T09:20:59.677+0000] {processor.py:914} INFO - Processing file /opt/conda/lib/python3.12/site-packages/airflow/example_dags/example_latest_only.py for tasks to queue
[2025-02-06T09:20:59.680+0000] {logging_mixin.py:190} INFO - [2025-02-06T09:20:59.679+0000] {dagbag.py:588} INFO - Filling up the DagBag from /opt/conda/lib/python3.12/site-packages/airflow/example_dags/example_latest_only.py
[2025-02-06T09:20:59.685+0000] {processor.py:925} INFO - DAG(s) 'latest_only' retrieved from /opt/conda/lib/python3.12/site-packages/airflow/example_dags/example_latest_only.py
[2025-02-06T09:20:59.706+0000] {logging_mixin.py:190} INFO - [2025-02-06T09:20:59.706+0000] {dag.py:3239} INFO - Sync 1 DAGs
[2025-02-06T09:20:59.729+0000] {logging_mixin.py:190} INFO - [2025-02-06T09:20:59.729+0000] {dag.py:4180} INFO - Setting next_dagrun for latest_only to 2025-02-06 04:00:00+00:00, run_after=2025-02-06 08:00:00+00:00
[2025-02-06T09:20:59.791+0000] {processor.py:208} INFO - Processing /opt/conda/lib/python3.12/site-packages/airflow/example_dags/example_latest_only.py took 0.120 seconds
[2025-02-06T09:34:45.444+0000] {processor.py:186} INFO - Started process (PID=637) to work on /opt/conda/lib/python3.12/site-packages/airflow/example_dags/example_latest_only.py
[2025-02-06T09:34:45.446+0000] {processor.py:914} INFO - Processing file /opt/conda/lib/python3.12/site-packages/airflow/example_dags/example_latest_only.py for tasks to queue
[2025-02-06T09:34:45.457+0000] {logging_mixin.py:190} INFO - [2025-02-06T09:34:45.454+0000] {dagbag.py:588} INFO - Filling up the DagBag from /opt/conda/lib/python3.12/site-packages/airflow/example_dags/example_latest_only.py
[2025-02-06T09:34:45.470+0000] {processor.py:925} INFO - DAG(s) 'latest_only' retrieved from /opt/conda/lib/python3.12/site-packages/airflow/example_dags/example_latest_only.py
[2025-02-06T09:34:45.526+0000] {logging_mixin.py:190} INFO - [2025-02-06T09:34:45.525+0000] {dag.py:3239} INFO - Sync 1 DAGs
[2025-02-06T09:34:45.597+0000] {logging_mixin.py:190} INFO - [2025-02-06T09:34:45.597+0000] {dag.py:4180} INFO - Setting next_dagrun for latest_only to 2025-02-06 04:00:00+00:00, run_after=2025-02-06 08:00:00+00:00
[2025-02-06T09:34:45.711+0000] {processor.py:208} INFO - Processing /opt/conda/lib/python3.12/site-packages/airflow/example_dags/example_latest_only.py took 0.274 seconds
[2025-02-06T09:43:28.809+0000] {processor.py:186} INFO - Started process (PID=1544) to work on /opt/conda/lib/python3.12/site-packages/airflow/example_dags/example_latest_only.py
[2025-02-06T09:43:28.810+0000] {processor.py:914} INFO - Processing file /opt/conda/lib/python3.12/site-packages/airflow/example_dags/example_latest_only.py for tasks to queue
[2025-02-06T09:43:28.812+0000] {logging_mixin.py:190} INFO - [2025-02-06T09:43:28.812+0000] {dagbag.py:588} INFO - Filling up the DagBag from /opt/conda/lib/python3.12/site-packages/airflow/example_dags/example_latest_only.py
[2025-02-06T09:43:28.821+0000] {processor.py:925} INFO - DAG(s) 'latest_only' retrieved from /opt/conda/lib/python3.12/site-packages/airflow/example_dags/example_latest_only.py
[2025-02-06T09:43:28.845+0000] {logging_mixin.py:190} INFO - [2025-02-06T09:43:28.845+0000] {dag.py:3239} INFO - Sync 1 DAGs
[2025-02-06T09:43:28.873+0000] {logging_mixin.py:190} INFO - [2025-02-06T09:43:28.873+0000] {dag.py:4180} INFO - Setting next_dagrun for latest_only to 2025-02-06 04:00:00+00:00, run_after=2025-02-06 08:00:00+00:00
[2025-02-06T09:43:28.976+0000] {processor.py:208} INFO - Processing /opt/conda/lib/python3.12/site-packages/airflow/example_dags/example_latest_only.py took 0.171 seconds
[2025-02-06T09:52:08.299+0000] {processor.py:186} INFO - Started process (PID=602) to work on /opt/conda/lib/python3.12/site-packages/airflow/example_dags/example_latest_only.py
[2025-02-06T09:52:08.301+0000] {processor.py:914} INFO - Processing file /opt/conda/lib/python3.12/site-packages/airflow/example_dags/example_latest_only.py for tasks to queue
[2025-02-06T09:52:08.303+0000] {logging_mixin.py:190} INFO - [2025-02-06T09:52:08.303+0000] {dagbag.py:588} INFO - Filling up the DagBag from /opt/conda/lib/python3.12/site-packages/airflow/example_dags/example_latest_only.py
[2025-02-06T09:52:08.308+0000] {processor.py:925} INFO - DAG(s) 'latest_only' retrieved from /opt/conda/lib/python3.12/site-packages/airflow/example_dags/example_latest_only.py
[2025-02-06T09:52:08.331+0000] {logging_mixin.py:190} INFO - [2025-02-06T09:52:08.331+0000] {dag.py:3239} INFO - Sync 1 DAGs
[2025-02-06T09:52:08.352+0000] {logging_mixin.py:190} INFO - [2025-02-06T09:52:08.352+0000] {dag.py:4180} INFO - Setting next_dagrun for latest_only to 2025-02-06 04:00:00+00:00, run_after=2025-02-06 08:00:00+00:00
[2025-02-06T09:52:08.418+0000] {processor.py:208} INFO - Processing /opt/conda/lib/python3.12/site-packages/airflow/example_dags/example_latest_only.py took 0.123 seconds
[2025-02-06T10:01:30.382+0000] {processor.py:186} INFO - Started process (PID=1639) to work on /opt/conda/lib/python3.12/site-packages/airflow/example_dags/example_latest_only.py
[2025-02-06T10:01:30.383+0000] {processor.py:914} INFO - Processing file /opt/conda/lib/python3.12/site-packages/airflow/example_dags/example_latest_only.py for tasks to queue
[2025-02-06T10:01:30.385+0000] {logging_mixin.py:190} INFO - [2025-02-06T10:01:30.385+0000] {dagbag.py:588} INFO - Filling up the DagBag from /opt/conda/lib/python3.12/site-packages/airflow/example_dags/example_latest_only.py
[2025-02-06T10:01:30.391+0000] {processor.py:925} INFO - DAG(s) 'latest_only' retrieved from /opt/conda/lib/python3.12/site-packages/airflow/example_dags/example_latest_only.py
[2025-02-06T10:01:30.419+0000] {logging_mixin.py:190} INFO - [2025-02-06T10:01:30.419+0000] {dag.py:3239} INFO - Sync 1 DAGs
[2025-02-06T10:01:30.443+0000] {logging_mixin.py:190} INFO - [2025-02-06T10:01:30.443+0000] {dag.py:4180} INFO - Setting next_dagrun for latest_only to 2025-02-06 04:00:00+00:00, run_after=2025-02-06 08:00:00+00:00
[2025-02-06T10:01:30.502+0000] {processor.py:208} INFO - Processing /opt/conda/lib/python3.12/site-packages/airflow/example_dags/example_latest_only.py took 0.123 seconds
[2025-02-06T10:06:30.211+0000] {processor.py:186} INFO - Started process (PID=2088) to work on /opt/conda/lib/python3.12/site-packages/airflow/example_dags/example_latest_only.py
[2025-02-06T10:06:30.212+0000] {processor.py:914} INFO - Processing file /opt/conda/lib/python3.12/site-packages/airflow/example_dags/example_latest_only.py for tasks to queue
[2025-02-06T10:06:30.213+0000] {logging_mixin.py:190} INFO - [2025-02-06T10:06:30.213+0000] {dagbag.py:588} INFO - Filling up the DagBag from /opt/conda/lib/python3.12/site-packages/airflow/example_dags/example_latest_only.py
[2025-02-06T10:06:30.220+0000] {processor.py:925} INFO - DAG(s) 'latest_only' retrieved from /opt/conda/lib/python3.12/site-packages/airflow/example_dags/example_latest_only.py
[2025-02-06T10:06:30.241+0000] {logging_mixin.py:190} INFO - [2025-02-06T10:06:30.241+0000] {dag.py:3239} INFO - Sync 1 DAGs
[2025-02-06T10:06:30.264+0000] {logging_mixin.py:190} INFO - [2025-02-06T10:06:30.264+0000] {dag.py:4180} INFO - Setting next_dagrun for latest_only to 2025-02-06 04:00:00+00:00, run_after=2025-02-06 08:00:00+00:00
[2025-02-06T10:06:30.343+0000] {processor.py:208} INFO - Processing /opt/conda/lib/python3.12/site-packages/airflow/example_dags/example_latest_only.py took 0.137 seconds
[2025-02-06T10:17:06.693+0000] {processor.py:186} INFO - Started process (PID=3185) to work on /opt/conda/lib/python3.12/site-packages/airflow/example_dags/example_latest_only.py
[2025-02-06T10:17:06.694+0000] {processor.py:914} INFO - Processing file /opt/conda/lib/python3.12/site-packages/airflow/example_dags/example_latest_only.py for tasks to queue
[2025-02-06T10:17:06.696+0000] {logging_mixin.py:190} INFO - [2025-02-06T10:17:06.695+0000] {dagbag.py:588} INFO - Filling up the DagBag from /opt/conda/lib/python3.12/site-packages/airflow/example_dags/example_latest_only.py
[2025-02-06T10:17:06.703+0000] {processor.py:925} INFO - DAG(s) 'latest_only' retrieved from /opt/conda/lib/python3.12/site-packages/airflow/example_dags/example_latest_only.py
[2025-02-06T10:17:06.725+0000] {logging_mixin.py:190} INFO - [2025-02-06T10:17:06.725+0000] {dag.py:3239} INFO - Sync 1 DAGs
[2025-02-06T10:17:06.748+0000] {logging_mixin.py:190} INFO - [2025-02-06T10:17:06.748+0000] {dag.py:4180} INFO - Setting next_dagrun for latest_only to 2025-02-06 04:00:00+00:00, run_after=2025-02-06 08:00:00+00:00
[2025-02-06T10:17:06.822+0000] {processor.py:208} INFO - Processing /opt/conda/lib/python3.12/site-packages/airflow/example_dags/example_latest_only.py took 0.134 seconds
[2025-02-06T10:24:36.986+0000] {processor.py:186} INFO - Started process (PID=3915) to work on /opt/conda/lib/python3.12/site-packages/airflow/example_dags/example_latest_only.py
[2025-02-06T10:24:36.988+0000] {processor.py:914} INFO - Processing file /opt/conda/lib/python3.12/site-packages/airflow/example_dags/example_latest_only.py for tasks to queue
[2025-02-06T10:24:36.989+0000] {logging_mixin.py:190} INFO - [2025-02-06T10:24:36.989+0000] {dagbag.py:588} INFO - Filling up the DagBag from /opt/conda/lib/python3.12/site-packages/airflow/example_dags/example_latest_only.py
[2025-02-06T10:24:36.995+0000] {processor.py:925} INFO - DAG(s) 'latest_only' retrieved from /opt/conda/lib/python3.12/site-packages/airflow/example_dags/example_latest_only.py
[2025-02-06T10:24:37.017+0000] {logging_mixin.py:190} INFO - [2025-02-06T10:24:37.017+0000] {dag.py:3239} INFO - Sync 1 DAGs
[2025-02-06T10:24:37.040+0000] {logging_mixin.py:190} INFO - [2025-02-06T10:24:37.040+0000] {dag.py:4180} INFO - Setting next_dagrun for latest_only to 2025-02-06 04:00:00+00:00, run_after=2025-02-06 08:00:00+00:00
[2025-02-06T10:24:37.103+0000] {processor.py:208} INFO - Processing /opt/conda/lib/python3.12/site-packages/airflow/example_dags/example_latest_only.py took 0.122 seconds
[2025-02-06T11:43:04.845+0000] {processor.py:186} INFO - Started process (PID=1050) to work on /opt/conda/lib/python3.12/site-packages/airflow/example_dags/example_latest_only.py
[2025-02-06T11:43:04.847+0000] {processor.py:914} INFO - Processing file /opt/conda/lib/python3.12/site-packages/airflow/example_dags/example_latest_only.py for tasks to queue
[2025-02-06T11:43:04.851+0000] {logging_mixin.py:190} INFO - [2025-02-06T11:43:04.851+0000] {dagbag.py:588} INFO - Filling up the DagBag from /opt/conda/lib/python3.12/site-packages/airflow/example_dags/example_latest_only.py
[2025-02-06T11:43:04.871+0000] {processor.py:925} INFO - DAG(s) 'latest_only' retrieved from /opt/conda/lib/python3.12/site-packages/airflow/example_dags/example_latest_only.py
[2025-02-06T11:43:04.947+0000] {logging_mixin.py:190} INFO - [2025-02-06T11:43:04.947+0000] {dag.py:3239} INFO - Sync 1 DAGs
[2025-02-06T11:43:05.017+0000] {logging_mixin.py:190} INFO - [2025-02-06T11:43:05.017+0000] {dag.py:4180} INFO - Setting next_dagrun for latest_only to 2025-02-06 04:00:00+00:00, run_after=2025-02-06 08:00:00+00:00
[2025-02-06T11:43:05.140+0000] {processor.py:208} INFO - Processing /opt/conda/lib/python3.12/site-packages/airflow/example_dags/example_latest_only.py took 0.304 seconds
[2025-02-06T11:51:05.941+0000] {processor.py:186} INFO - Started process (PID=2898) to work on /opt/conda/lib/python3.12/site-packages/airflow/example_dags/example_latest_only.py
[2025-02-06T11:51:05.942+0000] {processor.py:914} INFO - Processing file /opt/conda/lib/python3.12/site-packages/airflow/example_dags/example_latest_only.py for tasks to queue
[2025-02-06T11:51:05.944+0000] {logging_mixin.py:190} INFO - [2025-02-06T11:51:05.943+0000] {dagbag.py:588} INFO - Filling up the DagBag from /opt/conda/lib/python3.12/site-packages/airflow/example_dags/example_latest_only.py
[2025-02-06T11:51:05.952+0000] {processor.py:925} INFO - DAG(s) 'latest_only' retrieved from /opt/conda/lib/python3.12/site-packages/airflow/example_dags/example_latest_only.py
[2025-02-06T11:51:05.975+0000] {logging_mixin.py:190} INFO - [2025-02-06T11:51:05.975+0000] {dag.py:3239} INFO - Sync 1 DAGs
[2025-02-06T11:51:06.000+0000] {logging_mixin.py:190} INFO - [2025-02-06T11:51:06.000+0000] {dag.py:4180} INFO - Setting next_dagrun for latest_only to 2025-02-06 04:00:00+00:00, run_after=2025-02-06 08:00:00+00:00
[2025-02-06T11:51:06.065+0000] {processor.py:208} INFO - Processing /opt/conda/lib/python3.12/site-packages/airflow/example_dags/example_latest_only.py took 0.129 seconds
[2025-02-06T12:06:21.006+0000] {processor.py:186} INFO - Started process (PID=1068) to work on /opt/conda/lib/python3.12/site-packages/airflow/example_dags/example_latest_only.py
[2025-02-06T12:06:21.007+0000] {processor.py:914} INFO - Processing file /opt/conda/lib/python3.12/site-packages/airflow/example_dags/example_latest_only.py for tasks to queue
[2025-02-06T12:06:21.009+0000] {logging_mixin.py:190} INFO - [2025-02-06T12:06:21.008+0000] {dagbag.py:588} INFO - Filling up the DagBag from /opt/conda/lib/python3.12/site-packages/airflow/example_dags/example_latest_only.py
[2025-02-06T12:06:21.014+0000] {processor.py:925} INFO - DAG(s) 'latest_only' retrieved from /opt/conda/lib/python3.12/site-packages/airflow/example_dags/example_latest_only.py
[2025-02-06T12:06:21.036+0000] {logging_mixin.py:190} INFO - [2025-02-06T12:06:21.036+0000] {dag.py:3239} INFO - Sync 1 DAGs
[2025-02-06T12:06:21.056+0000] {logging_mixin.py:190} INFO - [2025-02-06T12:06:21.056+0000] {dag.py:4180} INFO - Setting next_dagrun for latest_only to 2025-02-06 08:00:00+00:00, run_after=2025-02-06 12:00:00+00:00
[2025-02-06T12:06:21.109+0000] {processor.py:208} INFO - Processing /opt/conda/lib/python3.12/site-packages/airflow/example_dags/example_latest_only.py took 0.107 seconds
[2025-02-06T12:25:50.457+0000] {processor.py:186} INFO - Started process (PID=1728) to work on /opt/conda/lib/python3.12/site-packages/airflow/example_dags/example_latest_only.py
[2025-02-06T12:25:50.458+0000] {processor.py:914} INFO - Processing file /opt/conda/lib/python3.12/site-packages/airflow/example_dags/example_latest_only.py for tasks to queue
[2025-02-06T12:25:50.460+0000] {logging_mixin.py:190} INFO - [2025-02-06T12:25:50.459+0000] {dagbag.py:588} INFO - Filling up the DagBag from /opt/conda/lib/python3.12/site-packages/airflow/example_dags/example_latest_only.py
[2025-02-06T12:25:50.465+0000] {processor.py:925} INFO - DAG(s) 'latest_only' retrieved from /opt/conda/lib/python3.12/site-packages/airflow/example_dags/example_latest_only.py
[2025-02-06T12:25:50.486+0000] {logging_mixin.py:190} INFO - [2025-02-06T12:25:50.486+0000] {dag.py:3239} INFO - Sync 1 DAGs
[2025-02-06T12:25:50.509+0000] {logging_mixin.py:190} INFO - [2025-02-06T12:25:50.508+0000] {dag.py:4180} INFO - Setting next_dagrun for latest_only to 2025-02-06 08:00:00+00:00, run_after=2025-02-06 12:00:00+00:00
[2025-02-06T12:25:50.573+0000] {processor.py:208} INFO - Processing /opt/conda/lib/python3.12/site-packages/airflow/example_dags/example_latest_only.py took 0.120 seconds
[2025-02-06T12:30:05.347+0000] {processor.py:186} INFO - Started process (PID=3933) to work on /opt/conda/lib/python3.12/site-packages/airflow/example_dags/example_latest_only.py
[2025-02-06T12:30:05.348+0000] {processor.py:914} INFO - Processing file /opt/conda/lib/python3.12/site-packages/airflow/example_dags/example_latest_only.py for tasks to queue
[2025-02-06T12:30:05.350+0000] {logging_mixin.py:190} INFO - [2025-02-06T12:30:05.350+0000] {dagbag.py:588} INFO - Filling up the DagBag from /opt/conda/lib/python3.12/site-packages/airflow/example_dags/example_latest_only.py
[2025-02-06T12:30:05.356+0000] {processor.py:925} INFO - DAG(s) 'latest_only' retrieved from /opt/conda/lib/python3.12/site-packages/airflow/example_dags/example_latest_only.py
[2025-02-06T12:30:05.376+0000] {logging_mixin.py:190} INFO - [2025-02-06T12:30:05.376+0000] {dag.py:3239} INFO - Sync 1 DAGs
[2025-02-06T12:30:05.396+0000] {logging_mixin.py:190} INFO - [2025-02-06T12:30:05.396+0000] {dag.py:4180} INFO - Setting next_dagrun for latest_only to 2025-02-06 08:00:00+00:00, run_after=2025-02-06 12:00:00+00:00
[2025-02-06T12:30:05.447+0000] {processor.py:208} INFO - Processing /opt/conda/lib/python3.12/site-packages/airflow/example_dags/example_latest_only.py took 0.104 seconds
[2025-02-06T12:38:11.727+0000] {processor.py:186} INFO - Started process (PID=8103) to work on /opt/conda/lib/python3.12/site-packages/airflow/example_dags/example_latest_only.py
[2025-02-06T12:38:11.728+0000] {processor.py:914} INFO - Processing file /opt/conda/lib/python3.12/site-packages/airflow/example_dags/example_latest_only.py for tasks to queue
[2025-02-06T12:38:11.730+0000] {logging_mixin.py:190} INFO - [2025-02-06T12:38:11.730+0000] {dagbag.py:588} INFO - Filling up the DagBag from /opt/conda/lib/python3.12/site-packages/airflow/example_dags/example_latest_only.py
[2025-02-06T12:38:11.736+0000] {processor.py:925} INFO - DAG(s) 'latest_only' retrieved from /opt/conda/lib/python3.12/site-packages/airflow/example_dags/example_latest_only.py
[2025-02-06T12:38:11.758+0000] {logging_mixin.py:190} INFO - [2025-02-06T12:38:11.757+0000] {dag.py:3239} INFO - Sync 1 DAGs
[2025-02-06T12:38:11.778+0000] {logging_mixin.py:190} INFO - [2025-02-06T12:38:11.778+0000] {dag.py:4180} INFO - Setting next_dagrun for latest_only to 2025-02-06 08:00:00+00:00, run_after=2025-02-06 12:00:00+00:00
[2025-02-06T12:38:11.830+0000] {processor.py:208} INFO - Processing /opt/conda/lib/python3.12/site-packages/airflow/example_dags/example_latest_only.py took 0.108 seconds
[2025-02-06T12:46:22.711+0000] {processor.py:186} INFO - Started process (PID=12304) to work on /opt/conda/lib/python3.12/site-packages/airflow/example_dags/example_latest_only.py
[2025-02-06T12:46:22.712+0000] {processor.py:914} INFO - Processing file /opt/conda/lib/python3.12/site-packages/airflow/example_dags/example_latest_only.py for tasks to queue
[2025-02-06T12:46:22.714+0000] {logging_mixin.py:190} INFO - [2025-02-06T12:46:22.713+0000] {dagbag.py:588} INFO - Filling up the DagBag from /opt/conda/lib/python3.12/site-packages/airflow/example_dags/example_latest_only.py
[2025-02-06T12:46:22.720+0000] {processor.py:925} INFO - DAG(s) 'latest_only' retrieved from /opt/conda/lib/python3.12/site-packages/airflow/example_dags/example_latest_only.py
[2025-02-06T12:46:22.749+0000] {logging_mixin.py:190} INFO - [2025-02-06T12:46:22.749+0000] {dag.py:3239} INFO - Sync 1 DAGs
[2025-02-06T12:46:22.771+0000] {logging_mixin.py:190} INFO - [2025-02-06T12:46:22.771+0000] {dag.py:4180} INFO - Setting next_dagrun for latest_only to 2025-02-06 08:00:00+00:00, run_after=2025-02-06 12:00:00+00:00
[2025-02-06T12:46:22.820+0000] {processor.py:208} INFO - Processing /opt/conda/lib/python3.12/site-packages/airflow/example_dags/example_latest_only.py took 0.113 seconds
[2025-02-06T13:01:01.577+0000] {processor.py:186} INFO - Started process (PID=949) to work on /opt/conda/lib/python3.12/site-packages/airflow/example_dags/example_latest_only.py
[2025-02-06T13:01:01.578+0000] {processor.py:914} INFO - Processing file /opt/conda/lib/python3.12/site-packages/airflow/example_dags/example_latest_only.py for tasks to queue
[2025-02-06T13:01:01.580+0000] {logging_mixin.py:190} INFO - [2025-02-06T13:01:01.580+0000] {dagbag.py:588} INFO - Filling up the DagBag from /opt/conda/lib/python3.12/site-packages/airflow/example_dags/example_latest_only.py
[2025-02-06T13:01:01.585+0000] {processor.py:925} INFO - DAG(s) 'latest_only' retrieved from /opt/conda/lib/python3.12/site-packages/airflow/example_dags/example_latest_only.py
[2025-02-06T13:01:01.603+0000] {logging_mixin.py:190} INFO - [2025-02-06T13:01:01.602+0000] {dag.py:3239} INFO - Sync 1 DAGs
[2025-02-06T13:01:01.620+0000] {logging_mixin.py:190} INFO - [2025-02-06T13:01:01.620+0000] {dag.py:4180} INFO - Setting next_dagrun for latest_only to 2025-02-06 08:00:00+00:00, run_after=2025-02-06 12:00:00+00:00
[2025-02-06T13:01:01.665+0000] {processor.py:208} INFO - Processing /opt/conda/lib/python3.12/site-packages/airflow/example_dags/example_latest_only.py took 0.092 seconds
[2025-02-06T13:05:51.957+0000] {processor.py:186} INFO - Started process (PID=2519) to work on /opt/conda/lib/python3.12/site-packages/airflow/example_dags/example_latest_only.py
[2025-02-06T13:05:51.958+0000] {processor.py:914} INFO - Processing file /opt/conda/lib/python3.12/site-packages/airflow/example_dags/example_latest_only.py for tasks to queue
[2025-02-06T13:05:51.960+0000] {logging_mixin.py:190} INFO - [2025-02-06T13:05:51.960+0000] {dagbag.py:588} INFO - Filling up the DagBag from /opt/conda/lib/python3.12/site-packages/airflow/example_dags/example_latest_only.py
[2025-02-06T13:05:51.966+0000] {processor.py:925} INFO - DAG(s) 'latest_only' retrieved from /opt/conda/lib/python3.12/site-packages/airflow/example_dags/example_latest_only.py
[2025-02-06T13:05:51.989+0000] {logging_mixin.py:190} INFO - [2025-02-06T13:05:51.989+0000] {dag.py:3239} INFO - Sync 1 DAGs
[2025-02-06T13:05:52.011+0000] {logging_mixin.py:190} INFO - [2025-02-06T13:05:52.011+0000] {dag.py:4180} INFO - Setting next_dagrun for latest_only to 2025-02-06 08:00:00+00:00, run_after=2025-02-06 12:00:00+00:00
[2025-02-06T13:05:52.064+0000] {processor.py:208} INFO - Processing /opt/conda/lib/python3.12/site-packages/airflow/example_dags/example_latest_only.py took 0.111 seconds
