[2025-02-06T08:27:11.467+0000] {processor.py:186} INFO - Started process (PID=66) to work on /opt/conda/lib/python3.12/site-packages/airflow/example_dags/example_latest_only_with_trigger.py
[2025-02-06T08:27:11.469+0000] {processor.py:914} INFO - Processing file /opt/conda/lib/python3.12/site-packages/airflow/example_dags/example_latest_only_with_trigger.py for tasks to queue
[2025-02-06T08:27:11.470+0000] {logging_mixin.py:190} INFO - [2025-02-06T08:27:11.470+0000] {dagbag.py:588} INFO - Filling up the DagBag from /opt/conda/lib/python3.12/site-packages/airflow/example_dags/example_latest_only_with_trigger.py
[2025-02-06T08:27:11.485+0000] {processor.py:925} INFO - DAG(s) 'latest_only_with_trigger' retrieved from /opt/conda/lib/python3.12/site-packages/airflow/example_dags/example_latest_only_with_trigger.py
[2025-02-06T08:27:11.611+0000] {logging_mixin.py:190} INFO - [2025-02-06T08:27:11.610+0000] {override.py:1912} INFO - Created Permission View: can delete on DAG:latest_only_with_trigger
[2025-02-06T08:27:11.644+0000] {logging_mixin.py:190} INFO - [2025-02-06T08:27:11.644+0000] {override.py:1912} INFO - Created Permission View: can read on DAG:latest_only_with_trigger
[2025-02-06T08:27:11.684+0000] {logging_mixin.py:190} INFO - [2025-02-06T08:27:11.684+0000] {override.py:1912} INFO - Created Permission View: can edit on DAG:latest_only_with_trigger
[2025-02-06T08:27:11.741+0000] {logging_mixin.py:190} INFO - [2025-02-06T08:27:11.740+0000] {override.py:1912} INFO - Created Permission View: menu access on DAG Run:latest_only_with_trigger
[2025-02-06T08:27:11.776+0000] {logging_mixin.py:190} INFO - [2025-02-06T08:27:11.775+0000] {override.py:1912} INFO - Created Permission View: can create on DAG Run:latest_only_with_trigger
[2025-02-06T08:27:11.808+0000] {logging_mixin.py:190} INFO - [2025-02-06T08:27:11.808+0000] {override.py:1912} INFO - Created Permission View: can read on DAG Run:latest_only_with_trigger
[2025-02-06T08:27:11.844+0000] {logging_mixin.py:190} INFO - [2025-02-06T08:27:11.843+0000] {override.py:1912} INFO - Created Permission View: can delete on DAG Run:latest_only_with_trigger
[2025-02-06T08:27:11.844+0000] {logging_mixin.py:190} INFO - [2025-02-06T08:27:11.844+0000] {dag.py:3239} INFO - Sync 1 DAGs
[2025-02-06T08:27:11.861+0000] {logging_mixin.py:190} INFO - [2025-02-06T08:27:11.861+0000] {dag.py:3262} INFO - Creating ORM DAG for latest_only_with_trigger
[2025-02-06T08:27:11.870+0000] {logging_mixin.py:190} INFO - [2025-02-06T08:27:11.870+0000] {dag.py:4180} INFO - Setting next_dagrun for latest_only_with_trigger to 2025-02-06 04:00:00+00:00, run_after=2025-02-06 08:00:00+00:00
[2025-02-06T08:27:11.926+0000] {processor.py:208} INFO - Processing /opt/conda/lib/python3.12/site-packages/airflow/example_dags/example_latest_only_with_trigger.py took 0.462 seconds
[2025-02-06T08:30:50.642+0000] {processor.py:186} INFO - Started process (PID=66) to work on /opt/conda/lib/python3.12/site-packages/airflow/example_dags/example_latest_only_with_trigger.py
[2025-02-06T08:30:50.643+0000] {processor.py:914} INFO - Processing file /opt/conda/lib/python3.12/site-packages/airflow/example_dags/example_latest_only_with_trigger.py for tasks to queue
[2025-02-06T08:30:50.645+0000] {logging_mixin.py:190} INFO - [2025-02-06T08:30:50.644+0000] {dagbag.py:588} INFO - Filling up the DagBag from /opt/conda/lib/python3.12/site-packages/airflow/example_dags/example_latest_only_with_trigger.py
[2025-02-06T08:30:50.651+0000] {processor.py:925} INFO - DAG(s) 'latest_only_with_trigger' retrieved from /opt/conda/lib/python3.12/site-packages/airflow/example_dags/example_latest_only_with_trigger.py
[2025-02-06T08:30:50.676+0000] {logging_mixin.py:190} INFO - [2025-02-06T08:30:50.676+0000] {dag.py:3239} INFO - Sync 1 DAGs
[2025-02-06T08:30:50.699+0000] {logging_mixin.py:190} INFO - [2025-02-06T08:30:50.699+0000] {dag.py:4180} INFO - Setting next_dagrun for latest_only_with_trigger to 2025-02-06 04:00:00+00:00, run_after=2025-02-06 08:00:00+00:00
[2025-02-06T08:30:50.757+0000] {processor.py:208} INFO - Processing /opt/conda/lib/python3.12/site-packages/airflow/example_dags/example_latest_only_with_trigger.py took 0.119 seconds
[2025-02-06T08:31:57.092+0000] {processor.py:186} INFO - Started process (PID=124) to work on /opt/conda/lib/python3.12/site-packages/airflow/example_dags/example_latest_only_with_trigger.py
[2025-02-06T08:31:57.095+0000] {processor.py:914} INFO - Processing file /opt/conda/lib/python3.12/site-packages/airflow/example_dags/example_latest_only_with_trigger.py for tasks to queue
[2025-02-06T08:31:57.096+0000] {logging_mixin.py:190} INFO - [2025-02-06T08:31:57.096+0000] {dagbag.py:588} INFO - Filling up the DagBag from /opt/conda/lib/python3.12/site-packages/airflow/example_dags/example_latest_only_with_trigger.py
[2025-02-06T08:31:57.103+0000] {processor.py:925} INFO - DAG(s) 'latest_only_with_trigger' retrieved from /opt/conda/lib/python3.12/site-packages/airflow/example_dags/example_latest_only_with_trigger.py
[2025-02-06T08:31:57.123+0000] {logging_mixin.py:190} INFO - [2025-02-06T08:31:57.123+0000] {dag.py:3239} INFO - Sync 1 DAGs
[2025-02-06T08:31:57.144+0000] {logging_mixin.py:190} INFO - [2025-02-06T08:31:57.144+0000] {dag.py:4180} INFO - Setting next_dagrun for latest_only_with_trigger to 2025-02-06 04:00:00+00:00, run_after=2025-02-06 08:00:00+00:00
[2025-02-06T08:31:57.201+0000] {processor.py:208} INFO - Processing /opt/conda/lib/python3.12/site-packages/airflow/example_dags/example_latest_only_with_trigger.py took 0.113 seconds
[2025-02-06T08:33:05.594+0000] {processor.py:186} INFO - Started process (PID=185) to work on /opt/conda/lib/python3.12/site-packages/airflow/example_dags/example_latest_only_with_trigger.py
[2025-02-06T08:33:05.595+0000] {processor.py:914} INFO - Processing file /opt/conda/lib/python3.12/site-packages/airflow/example_dags/example_latest_only_with_trigger.py for tasks to queue
[2025-02-06T08:33:05.596+0000] {logging_mixin.py:190} INFO - [2025-02-06T08:33:05.596+0000] {dagbag.py:588} INFO - Filling up the DagBag from /opt/conda/lib/python3.12/site-packages/airflow/example_dags/example_latest_only_with_trigger.py
[2025-02-06T08:33:05.602+0000] {processor.py:925} INFO - DAG(s) 'latest_only_with_trigger' retrieved from /opt/conda/lib/python3.12/site-packages/airflow/example_dags/example_latest_only_with_trigger.py
[2025-02-06T08:33:05.628+0000] {logging_mixin.py:190} INFO - [2025-02-06T08:33:05.627+0000] {dag.py:3239} INFO - Sync 1 DAGs
[2025-02-06T08:33:05.647+0000] {logging_mixin.py:190} INFO - [2025-02-06T08:33:05.647+0000] {dag.py:4180} INFO - Setting next_dagrun for latest_only_with_trigger to 2025-02-06 04:00:00+00:00, run_after=2025-02-06 08:00:00+00:00
[2025-02-06T08:33:05.710+0000] {processor.py:208} INFO - Processing /opt/conda/lib/python3.12/site-packages/airflow/example_dags/example_latest_only_with_trigger.py took 0.120 seconds
[2025-02-06T08:34:17.968+0000] {processor.py:186} INFO - Started process (PID=247) to work on /opt/conda/lib/python3.12/site-packages/airflow/example_dags/example_latest_only_with_trigger.py
[2025-02-06T08:34:17.970+0000] {processor.py:914} INFO - Processing file /opt/conda/lib/python3.12/site-packages/airflow/example_dags/example_latest_only_with_trigger.py for tasks to queue
[2025-02-06T08:34:17.972+0000] {logging_mixin.py:190} INFO - [2025-02-06T08:34:17.972+0000] {dagbag.py:588} INFO - Filling up the DagBag from /opt/conda/lib/python3.12/site-packages/airflow/example_dags/example_latest_only_with_trigger.py
[2025-02-06T08:34:17.981+0000] {processor.py:925} INFO - DAG(s) 'latest_only_with_trigger' retrieved from /opt/conda/lib/python3.12/site-packages/airflow/example_dags/example_latest_only_with_trigger.py
[2025-02-06T08:34:18.006+0000] {logging_mixin.py:190} INFO - [2025-02-06T08:34:18.006+0000] {dag.py:3239} INFO - Sync 1 DAGs
[2025-02-06T08:34:18.033+0000] {logging_mixin.py:190} INFO - [2025-02-06T08:34:18.033+0000] {dag.py:4180} INFO - Setting next_dagrun for latest_only_with_trigger to 2025-02-06 04:00:00+00:00, run_after=2025-02-06 08:00:00+00:00
[2025-02-06T08:34:18.099+0000] {processor.py:208} INFO - Processing /opt/conda/lib/python3.12/site-packages/airflow/example_dags/example_latest_only_with_trigger.py took 0.136 seconds
[2025-02-06T08:35:35.534+0000] {processor.py:186} INFO - Started process (PID=312) to work on /opt/conda/lib/python3.12/site-packages/airflow/example_dags/example_latest_only_with_trigger.py
[2025-02-06T08:35:35.535+0000] {processor.py:914} INFO - Processing file /opt/conda/lib/python3.12/site-packages/airflow/example_dags/example_latest_only_with_trigger.py for tasks to queue
[2025-02-06T08:35:35.536+0000] {logging_mixin.py:190} INFO - [2025-02-06T08:35:35.536+0000] {dagbag.py:588} INFO - Filling up the DagBag from /opt/conda/lib/python3.12/site-packages/airflow/example_dags/example_latest_only_with_trigger.py
[2025-02-06T08:35:35.543+0000] {processor.py:925} INFO - DAG(s) 'latest_only_with_trigger' retrieved from /opt/conda/lib/python3.12/site-packages/airflow/example_dags/example_latest_only_with_trigger.py
[2025-02-06T08:35:35.566+0000] {logging_mixin.py:190} INFO - [2025-02-06T08:35:35.565+0000] {dag.py:3239} INFO - Sync 1 DAGs
[2025-02-06T08:35:35.592+0000] {logging_mixin.py:190} INFO - [2025-02-06T08:35:35.592+0000] {dag.py:4180} INFO - Setting next_dagrun for latest_only_with_trigger to 2025-02-06 04:00:00+00:00, run_after=2025-02-06 08:00:00+00:00
[2025-02-06T08:35:35.643+0000] {processor.py:208} INFO - Processing /opt/conda/lib/python3.12/site-packages/airflow/example_dags/example_latest_only_with_trigger.py took 0.114 seconds
[2025-02-06T08:36:54.036+0000] {processor.py:186} INFO - Started process (PID=377) to work on /opt/conda/lib/python3.12/site-packages/airflow/example_dags/example_latest_only_with_trigger.py
[2025-02-06T08:36:54.037+0000] {processor.py:914} INFO - Processing file /opt/conda/lib/python3.12/site-packages/airflow/example_dags/example_latest_only_with_trigger.py for tasks to queue
[2025-02-06T08:36:54.039+0000] {logging_mixin.py:190} INFO - [2025-02-06T08:36:54.038+0000] {dagbag.py:588} INFO - Filling up the DagBag from /opt/conda/lib/python3.12/site-packages/airflow/example_dags/example_latest_only_with_trigger.py
[2025-02-06T08:36:54.044+0000] {processor.py:925} INFO - DAG(s) 'latest_only_with_trigger' retrieved from /opt/conda/lib/python3.12/site-packages/airflow/example_dags/example_latest_only_with_trigger.py
[2025-02-06T08:36:54.065+0000] {logging_mixin.py:190} INFO - [2025-02-06T08:36:54.064+0000] {dag.py:3239} INFO - Sync 1 DAGs
[2025-02-06T08:36:54.087+0000] {logging_mixin.py:190} INFO - [2025-02-06T08:36:54.087+0000] {dag.py:4180} INFO - Setting next_dagrun for latest_only_with_trigger to 2025-02-06 04:00:00+00:00, run_after=2025-02-06 08:00:00+00:00
[2025-02-06T08:36:54.151+0000] {processor.py:208} INFO - Processing /opt/conda/lib/python3.12/site-packages/airflow/example_dags/example_latest_only_with_trigger.py took 0.119 seconds
[2025-02-06T08:38:14.395+0000] {processor.py:186} INFO - Started process (PID=444) to work on /opt/conda/lib/python3.12/site-packages/airflow/example_dags/example_latest_only_with_trigger.py
[2025-02-06T08:38:14.396+0000] {processor.py:914} INFO - Processing file /opt/conda/lib/python3.12/site-packages/airflow/example_dags/example_latest_only_with_trigger.py for tasks to queue
[2025-02-06T08:38:14.397+0000] {logging_mixin.py:190} INFO - [2025-02-06T08:38:14.396+0000] {dagbag.py:588} INFO - Filling up the DagBag from /opt/conda/lib/python3.12/site-packages/airflow/example_dags/example_latest_only_with_trigger.py
[2025-02-06T08:38:14.406+0000] {processor.py:925} INFO - DAG(s) 'latest_only_with_trigger' retrieved from /opt/conda/lib/python3.12/site-packages/airflow/example_dags/example_latest_only_with_trigger.py
[2025-02-06T08:38:14.429+0000] {logging_mixin.py:190} INFO - [2025-02-06T08:38:14.429+0000] {dag.py:3239} INFO - Sync 1 DAGs
[2025-02-06T08:38:14.457+0000] {logging_mixin.py:190} INFO - [2025-02-06T08:38:14.457+0000] {dag.py:4180} INFO - Setting next_dagrun for latest_only_with_trigger to 2025-02-06 04:00:00+00:00, run_after=2025-02-06 08:00:00+00:00
[2025-02-06T08:38:14.519+0000] {processor.py:208} INFO - Processing /opt/conda/lib/python3.12/site-packages/airflow/example_dags/example_latest_only_with_trigger.py took 0.129 seconds
[2025-02-06T08:39:29.747+0000] {processor.py:186} INFO - Started process (PID=509) to work on /opt/conda/lib/python3.12/site-packages/airflow/example_dags/example_latest_only_with_trigger.py
[2025-02-06T08:39:29.748+0000] {processor.py:914} INFO - Processing file /opt/conda/lib/python3.12/site-packages/airflow/example_dags/example_latest_only_with_trigger.py for tasks to queue
[2025-02-06T08:39:29.749+0000] {logging_mixin.py:190} INFO - [2025-02-06T08:39:29.749+0000] {dagbag.py:588} INFO - Filling up the DagBag from /opt/conda/lib/python3.12/site-packages/airflow/example_dags/example_latest_only_with_trigger.py
[2025-02-06T08:39:29.756+0000] {processor.py:925} INFO - DAG(s) 'latest_only_with_trigger' retrieved from /opt/conda/lib/python3.12/site-packages/airflow/example_dags/example_latest_only_with_trigger.py
[2025-02-06T08:39:29.778+0000] {logging_mixin.py:190} INFO - [2025-02-06T08:39:29.777+0000] {dag.py:3239} INFO - Sync 1 DAGs
[2025-02-06T08:39:29.804+0000] {logging_mixin.py:190} INFO - [2025-02-06T08:39:29.804+0000] {dag.py:4180} INFO - Setting next_dagrun for latest_only_with_trigger to 2025-02-06 04:00:00+00:00, run_after=2025-02-06 08:00:00+00:00
[2025-02-06T08:39:29.869+0000] {processor.py:208} INFO - Processing /opt/conda/lib/python3.12/site-packages/airflow/example_dags/example_latest_only_with_trigger.py took 0.126 seconds
[2025-02-06T08:40:47.937+0000] {processor.py:186} INFO - Started process (PID=576) to work on /opt/conda/lib/python3.12/site-packages/airflow/example_dags/example_latest_only_with_trigger.py
[2025-02-06T08:40:47.939+0000] {processor.py:914} INFO - Processing file /opt/conda/lib/python3.12/site-packages/airflow/example_dags/example_latest_only_with_trigger.py for tasks to queue
[2025-02-06T08:40:47.940+0000] {logging_mixin.py:190} INFO - [2025-02-06T08:40:47.940+0000] {dagbag.py:588} INFO - Filling up the DagBag from /opt/conda/lib/python3.12/site-packages/airflow/example_dags/example_latest_only_with_trigger.py
[2025-02-06T08:40:47.946+0000] {processor.py:925} INFO - DAG(s) 'latest_only_with_trigger' retrieved from /opt/conda/lib/python3.12/site-packages/airflow/example_dags/example_latest_only_with_trigger.py
[2025-02-06T08:40:47.966+0000] {logging_mixin.py:190} INFO - [2025-02-06T08:40:47.966+0000] {dag.py:3239} INFO - Sync 1 DAGs
[2025-02-06T08:40:47.988+0000] {logging_mixin.py:190} INFO - [2025-02-06T08:40:47.988+0000] {dag.py:4180} INFO - Setting next_dagrun for latest_only_with_trigger to 2025-02-06 04:00:00+00:00, run_after=2025-02-06 08:00:00+00:00
[2025-02-06T08:40:48.047+0000] {processor.py:208} INFO - Processing /opt/conda/lib/python3.12/site-packages/airflow/example_dags/example_latest_only_with_trigger.py took 0.115 seconds
[2025-02-06T08:42:01.401+0000] {processor.py:186} INFO - Started process (PID=639) to work on /opt/conda/lib/python3.12/site-packages/airflow/example_dags/example_latest_only_with_trigger.py
[2025-02-06T08:42:01.403+0000] {processor.py:914} INFO - Processing file /opt/conda/lib/python3.12/site-packages/airflow/example_dags/example_latest_only_with_trigger.py for tasks to queue
[2025-02-06T08:42:01.404+0000] {logging_mixin.py:190} INFO - [2025-02-06T08:42:01.403+0000] {dagbag.py:588} INFO - Filling up the DagBag from /opt/conda/lib/python3.12/site-packages/airflow/example_dags/example_latest_only_with_trigger.py
[2025-02-06T08:42:01.411+0000] {processor.py:925} INFO - DAG(s) 'latest_only_with_trigger' retrieved from /opt/conda/lib/python3.12/site-packages/airflow/example_dags/example_latest_only_with_trigger.py
[2025-02-06T08:42:01.434+0000] {logging_mixin.py:190} INFO - [2025-02-06T08:42:01.434+0000] {dag.py:3239} INFO - Sync 1 DAGs
[2025-02-06T08:42:01.457+0000] {logging_mixin.py:190} INFO - [2025-02-06T08:42:01.457+0000] {dag.py:4180} INFO - Setting next_dagrun for latest_only_with_trigger to 2025-02-06 04:00:00+00:00, run_after=2025-02-06 08:00:00+00:00
[2025-02-06T08:42:01.526+0000] {processor.py:208} INFO - Processing /opt/conda/lib/python3.12/site-packages/airflow/example_dags/example_latest_only_with_trigger.py took 0.129 seconds
[2025-02-06T08:43:43.633+0000] {processor.py:186} INFO - Started process (PID=67) to work on /opt/conda/lib/python3.12/site-packages/airflow/example_dags/example_latest_only_with_trigger.py
[2025-02-06T08:43:43.634+0000] {processor.py:914} INFO - Processing file /opt/conda/lib/python3.12/site-packages/airflow/example_dags/example_latest_only_with_trigger.py for tasks to queue
[2025-02-06T08:43:43.636+0000] {logging_mixin.py:190} INFO - [2025-02-06T08:43:43.635+0000] {dagbag.py:588} INFO - Filling up the DagBag from /opt/conda/lib/python3.12/site-packages/airflow/example_dags/example_latest_only_with_trigger.py
[2025-02-06T08:43:43.643+0000] {processor.py:925} INFO - DAG(s) 'latest_only_with_trigger' retrieved from /opt/conda/lib/python3.12/site-packages/airflow/example_dags/example_latest_only_with_trigger.py
[2025-02-06T08:43:43.669+0000] {logging_mixin.py:190} INFO - [2025-02-06T08:43:43.669+0000] {dag.py:3239} INFO - Sync 1 DAGs
[2025-02-06T08:43:43.696+0000] {logging_mixin.py:190} INFO - [2025-02-06T08:43:43.696+0000] {dag.py:4180} INFO - Setting next_dagrun for latest_only_with_trigger to 2025-02-06 04:00:00+00:00, run_after=2025-02-06 08:00:00+00:00
[2025-02-06T08:43:43.757+0000] {processor.py:208} INFO - Processing /opt/conda/lib/python3.12/site-packages/airflow/example_dags/example_latest_only_with_trigger.py took 0.128 seconds
[2025-02-06T08:44:52.722+0000] {processor.py:186} INFO - Started process (PID=125) to work on /opt/conda/lib/python3.12/site-packages/airflow/example_dags/example_latest_only_with_trigger.py
[2025-02-06T08:44:52.723+0000] {processor.py:914} INFO - Processing file /opt/conda/lib/python3.12/site-packages/airflow/example_dags/example_latest_only_with_trigger.py for tasks to queue
[2025-02-06T08:44:52.725+0000] {logging_mixin.py:190} INFO - [2025-02-06T08:44:52.725+0000] {dagbag.py:588} INFO - Filling up the DagBag from /opt/conda/lib/python3.12/site-packages/airflow/example_dags/example_latest_only_with_trigger.py
[2025-02-06T08:44:52.732+0000] {processor.py:925} INFO - DAG(s) 'latest_only_with_trigger' retrieved from /opt/conda/lib/python3.12/site-packages/airflow/example_dags/example_latest_only_with_trigger.py
[2025-02-06T08:44:52.751+0000] {logging_mixin.py:190} INFO - [2025-02-06T08:44:52.751+0000] {dag.py:3239} INFO - Sync 1 DAGs
[2025-02-06T08:44:52.779+0000] {logging_mixin.py:190} INFO - [2025-02-06T08:44:52.778+0000] {dag.py:4180} INFO - Setting next_dagrun for latest_only_with_trigger to 2025-02-06 04:00:00+00:00, run_after=2025-02-06 08:00:00+00:00
[2025-02-06T08:44:52.834+0000] {processor.py:208} INFO - Processing /opt/conda/lib/python3.12/site-packages/airflow/example_dags/example_latest_only_with_trigger.py took 0.117 seconds
[2025-02-06T08:46:36.384+0000] {processor.py:186} INFO - Started process (PID=270) to work on /opt/conda/lib/python3.12/site-packages/airflow/example_dags/example_latest_only_with_trigger.py
[2025-02-06T08:46:36.386+0000] {processor.py:914} INFO - Processing file /opt/conda/lib/python3.12/site-packages/airflow/example_dags/example_latest_only_with_trigger.py for tasks to queue
[2025-02-06T08:46:36.388+0000] {logging_mixin.py:190} INFO - [2025-02-06T08:46:36.388+0000] {dagbag.py:588} INFO - Filling up the DagBag from /opt/conda/lib/python3.12/site-packages/airflow/example_dags/example_latest_only_with_trigger.py
[2025-02-06T08:46:36.399+0000] {processor.py:925} INFO - DAG(s) 'latest_only_with_trigger' retrieved from /opt/conda/lib/python3.12/site-packages/airflow/example_dags/example_latest_only_with_trigger.py
[2025-02-06T08:46:36.434+0000] {logging_mixin.py:190} INFO - [2025-02-06T08:46:36.433+0000] {dag.py:3239} INFO - Sync 1 DAGs
[2025-02-06T08:46:36.461+0000] {logging_mixin.py:190} INFO - [2025-02-06T08:46:36.461+0000] {dag.py:4180} INFO - Setting next_dagrun for latest_only_with_trigger to 2025-02-06 04:00:00+00:00, run_after=2025-02-06 08:00:00+00:00
[2025-02-06T08:46:36.529+0000] {processor.py:208} INFO - Processing /opt/conda/lib/python3.12/site-packages/airflow/example_dags/example_latest_only_with_trigger.py took 0.151 seconds
[2025-02-06T08:49:34.288+0000] {processor.py:186} INFO - Started process (PID=223) to work on /opt/conda/lib/python3.12/site-packages/airflow/example_dags/example_latest_only_with_trigger.py
[2025-02-06T08:49:34.288+0000] {processor.py:914} INFO - Processing file /opt/conda/lib/python3.12/site-packages/airflow/example_dags/example_latest_only_with_trigger.py for tasks to queue
[2025-02-06T08:49:34.290+0000] {logging_mixin.py:190} INFO - [2025-02-06T08:49:34.290+0000] {dagbag.py:588} INFO - Filling up the DagBag from /opt/conda/lib/python3.12/site-packages/airflow/example_dags/example_latest_only_with_trigger.py
[2025-02-06T08:49:34.296+0000] {processor.py:925} INFO - DAG(s) 'latest_only_with_trigger' retrieved from /opt/conda/lib/python3.12/site-packages/airflow/example_dags/example_latest_only_with_trigger.py
[2025-02-06T08:49:34.316+0000] {logging_mixin.py:190} INFO - [2025-02-06T08:49:34.316+0000] {dag.py:3239} INFO - Sync 1 DAGs
[2025-02-06T08:49:34.335+0000] {logging_mixin.py:190} INFO - [2025-02-06T08:49:34.335+0000] {dag.py:4180} INFO - Setting next_dagrun for latest_only_with_trigger to 2025-02-06 04:00:00+00:00, run_after=2025-02-06 08:00:00+00:00
[2025-02-06T08:49:34.383+0000] {processor.py:208} INFO - Processing /opt/conda/lib/python3.12/site-packages/airflow/example_dags/example_latest_only_with_trigger.py took 0.099 seconds
[2025-02-06T08:52:37.874+0000] {processor.py:186} INFO - Started process (PID=565) to work on /opt/conda/lib/python3.12/site-packages/airflow/example_dags/example_latest_only_with_trigger.py
[2025-02-06T08:52:37.876+0000] {processor.py:914} INFO - Processing file /opt/conda/lib/python3.12/site-packages/airflow/example_dags/example_latest_only_with_trigger.py for tasks to queue
[2025-02-06T08:52:37.878+0000] {logging_mixin.py:190} INFO - [2025-02-06T08:52:37.878+0000] {dagbag.py:588} INFO - Filling up the DagBag from /opt/conda/lib/python3.12/site-packages/airflow/example_dags/example_latest_only_with_trigger.py
[2025-02-06T08:52:37.885+0000] {processor.py:925} INFO - DAG(s) 'latest_only_with_trigger' retrieved from /opt/conda/lib/python3.12/site-packages/airflow/example_dags/example_latest_only_with_trigger.py
[2025-02-06T08:52:37.905+0000] {logging_mixin.py:190} INFO - [2025-02-06T08:52:37.905+0000] {dag.py:3239} INFO - Sync 1 DAGs
[2025-02-06T08:52:37.930+0000] {logging_mixin.py:190} INFO - [2025-02-06T08:52:37.930+0000] {dag.py:4180} INFO - Setting next_dagrun for latest_only_with_trigger to 2025-02-06 04:00:00+00:00, run_after=2025-02-06 08:00:00+00:00
[2025-02-06T08:52:37.989+0000] {processor.py:208} INFO - Processing /opt/conda/lib/python3.12/site-packages/airflow/example_dags/example_latest_only_with_trigger.py took 0.120 seconds
[2025-02-06T08:55:13.183+0000] {processor.py:186} INFO - Started process (PID=855) to work on /opt/conda/lib/python3.12/site-packages/airflow/example_dags/example_latest_only_with_trigger.py
[2025-02-06T08:55:13.185+0000] {processor.py:914} INFO - Processing file /opt/conda/lib/python3.12/site-packages/airflow/example_dags/example_latest_only_with_trigger.py for tasks to queue
[2025-02-06T08:55:13.186+0000] {logging_mixin.py:190} INFO - [2025-02-06T08:55:13.186+0000] {dagbag.py:588} INFO - Filling up the DagBag from /opt/conda/lib/python3.12/site-packages/airflow/example_dags/example_latest_only_with_trigger.py
[2025-02-06T08:55:13.192+0000] {processor.py:925} INFO - DAG(s) 'latest_only_with_trigger' retrieved from /opt/conda/lib/python3.12/site-packages/airflow/example_dags/example_latest_only_with_trigger.py
[2025-02-06T08:55:13.224+0000] {logging_mixin.py:190} INFO - [2025-02-06T08:55:13.223+0000] {dag.py:3239} INFO - Sync 1 DAGs
[2025-02-06T08:55:13.244+0000] {logging_mixin.py:190} INFO - [2025-02-06T08:55:13.244+0000] {dag.py:4180} INFO - Setting next_dagrun for latest_only_with_trigger to 2025-02-06 04:00:00+00:00, run_after=2025-02-06 08:00:00+00:00
[2025-02-06T08:55:13.329+0000] {processor.py:208} INFO - Processing /opt/conda/lib/python3.12/site-packages/airflow/example_dags/example_latest_only_with_trigger.py took 0.149 seconds
[2025-02-06T08:57:44.851+0000] {processor.py:186} INFO - Started process (PID=1116) to work on /opt/conda/lib/python3.12/site-packages/airflow/example_dags/example_latest_only_with_trigger.py
[2025-02-06T08:57:44.852+0000] {processor.py:914} INFO - Processing file /opt/conda/lib/python3.12/site-packages/airflow/example_dags/example_latest_only_with_trigger.py for tasks to queue
[2025-02-06T08:57:44.854+0000] {logging_mixin.py:190} INFO - [2025-02-06T08:57:44.853+0000] {dagbag.py:588} INFO - Filling up the DagBag from /opt/conda/lib/python3.12/site-packages/airflow/example_dags/example_latest_only_with_trigger.py
[2025-02-06T08:57:44.860+0000] {processor.py:925} INFO - DAG(s) 'latest_only_with_trigger' retrieved from /opt/conda/lib/python3.12/site-packages/airflow/example_dags/example_latest_only_with_trigger.py
[2025-02-06T08:57:44.882+0000] {logging_mixin.py:190} INFO - [2025-02-06T08:57:44.882+0000] {dag.py:3239} INFO - Sync 1 DAGs
[2025-02-06T08:57:44.907+0000] {logging_mixin.py:190} INFO - [2025-02-06T08:57:44.907+0000] {dag.py:4180} INFO - Setting next_dagrun for latest_only_with_trigger to 2025-02-06 04:00:00+00:00, run_after=2025-02-06 08:00:00+00:00
[2025-02-06T08:57:44.961+0000] {processor.py:208} INFO - Processing /opt/conda/lib/python3.12/site-packages/airflow/example_dags/example_latest_only_with_trigger.py took 0.115 seconds
[2025-02-06T09:02:29.241+0000] {processor.py:186} INFO - Started process (PID=236) to work on /opt/conda/lib/python3.12/site-packages/airflow/example_dags/example_latest_only_with_trigger.py
[2025-02-06T09:02:29.241+0000] {processor.py:914} INFO - Processing file /opt/conda/lib/python3.12/site-packages/airflow/example_dags/example_latest_only_with_trigger.py for tasks to queue
[2025-02-06T09:02:29.243+0000] {logging_mixin.py:190} INFO - [2025-02-06T09:02:29.243+0000] {dagbag.py:588} INFO - Filling up the DagBag from /opt/conda/lib/python3.12/site-packages/airflow/example_dags/example_latest_only_with_trigger.py
[2025-02-06T09:02:29.249+0000] {processor.py:925} INFO - DAG(s) 'latest_only_with_trigger' retrieved from /opt/conda/lib/python3.12/site-packages/airflow/example_dags/example_latest_only_with_trigger.py
[2025-02-06T09:02:29.270+0000] {logging_mixin.py:190} INFO - [2025-02-06T09:02:29.270+0000] {dag.py:3239} INFO - Sync 1 DAGs
[2025-02-06T09:02:29.289+0000] {logging_mixin.py:190} INFO - [2025-02-06T09:02:29.289+0000] {dag.py:4180} INFO - Setting next_dagrun for latest_only_with_trigger to 2025-02-06 04:00:00+00:00, run_after=2025-02-06 08:00:00+00:00
[2025-02-06T09:02:29.350+0000] {processor.py:208} INFO - Processing /opt/conda/lib/python3.12/site-packages/airflow/example_dags/example_latest_only_with_trigger.py took 0.114 seconds
[2025-02-06T09:05:24.236+0000] {processor.py:186} INFO - Started process (PID=147) to work on /opt/conda/lib/python3.12/site-packages/airflow/example_dags/example_latest_only_with_trigger.py
[2025-02-06T09:05:24.237+0000] {processor.py:914} INFO - Processing file /opt/conda/lib/python3.12/site-packages/airflow/example_dags/example_latest_only_with_trigger.py for tasks to queue
[2025-02-06T09:05:24.239+0000] {logging_mixin.py:190} INFO - [2025-02-06T09:05:24.239+0000] {dagbag.py:588} INFO - Filling up the DagBag from /opt/conda/lib/python3.12/site-packages/airflow/example_dags/example_latest_only_with_trigger.py
[2025-02-06T09:05:24.245+0000] {processor.py:925} INFO - DAG(s) 'latest_only_with_trigger' retrieved from /opt/conda/lib/python3.12/site-packages/airflow/example_dags/example_latest_only_with_trigger.py
[2025-02-06T09:05:24.269+0000] {logging_mixin.py:190} INFO - [2025-02-06T09:05:24.269+0000] {dag.py:3239} INFO - Sync 1 DAGs
[2025-02-06T09:05:24.293+0000] {logging_mixin.py:190} INFO - [2025-02-06T09:05:24.292+0000] {dag.py:4180} INFO - Setting next_dagrun for latest_only_with_trigger to 2025-02-06 04:00:00+00:00, run_after=2025-02-06 08:00:00+00:00
[2025-02-06T09:05:24.347+0000] {processor.py:208} INFO - Processing /opt/conda/lib/python3.12/site-packages/airflow/example_dags/example_latest_only_with_trigger.py took 0.114 seconds
[2025-02-06T09:08:24.804+0000] {processor.py:186} INFO - Started process (PID=481) to work on /opt/conda/lib/python3.12/site-packages/airflow/example_dags/example_latest_only_with_trigger.py
[2025-02-06T09:08:24.805+0000] {processor.py:914} INFO - Processing file /opt/conda/lib/python3.12/site-packages/airflow/example_dags/example_latest_only_with_trigger.py for tasks to queue
[2025-02-06T09:08:24.807+0000] {logging_mixin.py:190} INFO - [2025-02-06T09:08:24.807+0000] {dagbag.py:588} INFO - Filling up the DagBag from /opt/conda/lib/python3.12/site-packages/airflow/example_dags/example_latest_only_with_trigger.py
[2025-02-06T09:08:24.813+0000] {processor.py:925} INFO - DAG(s) 'latest_only_with_trigger' retrieved from /opt/conda/lib/python3.12/site-packages/airflow/example_dags/example_latest_only_with_trigger.py
[2025-02-06T09:08:24.836+0000] {logging_mixin.py:190} INFO - [2025-02-06T09:08:24.836+0000] {dag.py:3239} INFO - Sync 1 DAGs
[2025-02-06T09:08:24.860+0000] {logging_mixin.py:190} INFO - [2025-02-06T09:08:24.860+0000] {dag.py:4180} INFO - Setting next_dagrun for latest_only_with_trigger to 2025-02-06 04:00:00+00:00, run_after=2025-02-06 08:00:00+00:00
[2025-02-06T09:08:24.914+0000] {processor.py:208} INFO - Processing /opt/conda/lib/python3.12/site-packages/airflow/example_dags/example_latest_only_with_trigger.py took 0.114 seconds
[2025-02-06T09:10:42.278+0000] {processor.py:186} INFO - Started process (PID=742) to work on /opt/conda/lib/python3.12/site-packages/airflow/example_dags/example_latest_only_with_trigger.py
[2025-02-06T09:10:42.279+0000] {processor.py:914} INFO - Processing file /opt/conda/lib/python3.12/site-packages/airflow/example_dags/example_latest_only_with_trigger.py for tasks to queue
[2025-02-06T09:10:42.281+0000] {logging_mixin.py:190} INFO - [2025-02-06T09:10:42.280+0000] {dagbag.py:588} INFO - Filling up the DagBag from /opt/conda/lib/python3.12/site-packages/airflow/example_dags/example_latest_only_with_trigger.py
[2025-02-06T09:10:42.286+0000] {processor.py:925} INFO - DAG(s) 'latest_only_with_trigger' retrieved from /opt/conda/lib/python3.12/site-packages/airflow/example_dags/example_latest_only_with_trigger.py
[2025-02-06T09:10:42.306+0000] {logging_mixin.py:190} INFO - [2025-02-06T09:10:42.306+0000] {dag.py:3239} INFO - Sync 1 DAGs
[2025-02-06T09:10:42.328+0000] {logging_mixin.py:190} INFO - [2025-02-06T09:10:42.328+0000] {dag.py:4180} INFO - Setting next_dagrun for latest_only_with_trigger to 2025-02-06 04:00:00+00:00, run_after=2025-02-06 08:00:00+00:00
[2025-02-06T09:10:42.389+0000] {processor.py:208} INFO - Processing /opt/conda/lib/python3.12/site-packages/airflow/example_dags/example_latest_only_with_trigger.py took 0.116 seconds
[2025-02-06T09:13:10.045+0000] {processor.py:186} INFO - Started process (PID=1017) to work on /opt/conda/lib/python3.12/site-packages/airflow/example_dags/example_latest_only_with_trigger.py
[2025-02-06T09:13:10.046+0000] {processor.py:914} INFO - Processing file /opt/conda/lib/python3.12/site-packages/airflow/example_dags/example_latest_only_with_trigger.py for tasks to queue
[2025-02-06T09:13:10.048+0000] {logging_mixin.py:190} INFO - [2025-02-06T09:13:10.048+0000] {dagbag.py:588} INFO - Filling up the DagBag from /opt/conda/lib/python3.12/site-packages/airflow/example_dags/example_latest_only_with_trigger.py
[2025-02-06T09:13:10.054+0000] {processor.py:925} INFO - DAG(s) 'latest_only_with_trigger' retrieved from /opt/conda/lib/python3.12/site-packages/airflow/example_dags/example_latest_only_with_trigger.py
[2025-02-06T09:13:10.075+0000] {logging_mixin.py:190} INFO - [2025-02-06T09:13:10.075+0000] {dag.py:3239} INFO - Sync 1 DAGs
[2025-02-06T09:13:10.095+0000] {logging_mixin.py:190} INFO - [2025-02-06T09:13:10.095+0000] {dag.py:4180} INFO - Setting next_dagrun for latest_only_with_trigger to 2025-02-06 04:00:00+00:00, run_after=2025-02-06 08:00:00+00:00
[2025-02-06T09:13:10.150+0000] {processor.py:208} INFO - Processing /opt/conda/lib/python3.12/site-packages/airflow/example_dags/example_latest_only_with_trigger.py took 0.109 seconds
[2025-02-06T09:15:37.600+0000] {processor.py:186} INFO - Started process (PID=1284) to work on /opt/conda/lib/python3.12/site-packages/airflow/example_dags/example_latest_only_with_trigger.py
[2025-02-06T09:15:37.601+0000] {processor.py:914} INFO - Processing file /opt/conda/lib/python3.12/site-packages/airflow/example_dags/example_latest_only_with_trigger.py for tasks to queue
[2025-02-06T09:15:37.602+0000] {logging_mixin.py:190} INFO - [2025-02-06T09:15:37.602+0000] {dagbag.py:588} INFO - Filling up the DagBag from /opt/conda/lib/python3.12/site-packages/airflow/example_dags/example_latest_only_with_trigger.py
[2025-02-06T09:15:37.608+0000] {processor.py:925} INFO - DAG(s) 'latest_only_with_trigger' retrieved from /opt/conda/lib/python3.12/site-packages/airflow/example_dags/example_latest_only_with_trigger.py
[2025-02-06T09:15:37.628+0000] {logging_mixin.py:190} INFO - [2025-02-06T09:15:37.628+0000] {dag.py:3239} INFO - Sync 1 DAGs
[2025-02-06T09:15:37.650+0000] {logging_mixin.py:190} INFO - [2025-02-06T09:15:37.649+0000] {dag.py:4180} INFO - Setting next_dagrun for latest_only_with_trigger to 2025-02-06 04:00:00+00:00, run_after=2025-02-06 08:00:00+00:00
[2025-02-06T09:15:37.709+0000] {processor.py:208} INFO - Processing /opt/conda/lib/python3.12/site-packages/airflow/example_dags/example_latest_only_with_trigger.py took 0.113 seconds
[2025-02-06T09:17:42.472+0000] {processor.py:186} INFO - Started process (PID=1525) to work on /opt/conda/lib/python3.12/site-packages/airflow/example_dags/example_latest_only_with_trigger.py
[2025-02-06T09:17:42.473+0000] {processor.py:914} INFO - Processing file /opt/conda/lib/python3.12/site-packages/airflow/example_dags/example_latest_only_with_trigger.py for tasks to queue
[2025-02-06T09:17:42.475+0000] {logging_mixin.py:190} INFO - [2025-02-06T09:17:42.475+0000] {dagbag.py:588} INFO - Filling up the DagBag from /opt/conda/lib/python3.12/site-packages/airflow/example_dags/example_latest_only_with_trigger.py
[2025-02-06T09:17:42.480+0000] {processor.py:925} INFO - DAG(s) 'latest_only_with_trigger' retrieved from /opt/conda/lib/python3.12/site-packages/airflow/example_dags/example_latest_only_with_trigger.py
[2025-02-06T09:17:42.501+0000] {logging_mixin.py:190} INFO - [2025-02-06T09:17:42.501+0000] {dag.py:3239} INFO - Sync 1 DAGs
[2025-02-06T09:17:42.615+0000] {logging_mixin.py:190} INFO - [2025-02-06T09:17:42.615+0000] {dag.py:4180} INFO - Setting next_dagrun for latest_only_with_trigger to 2025-02-06 04:00:00+00:00, run_after=2025-02-06 08:00:00+00:00
[2025-02-06T09:17:42.702+0000] {processor.py:208} INFO - Processing /opt/conda/lib/python3.12/site-packages/airflow/example_dags/example_latest_only_with_trigger.py took 0.234 seconds
[2025-02-06T09:20:20.237+0000] {processor.py:186} INFO - Started process (PID=1790) to work on /opt/conda/lib/python3.12/site-packages/airflow/example_dags/example_latest_only_with_trigger.py
[2025-02-06T09:20:20.239+0000] {processor.py:914} INFO - Processing file /opt/conda/lib/python3.12/site-packages/airflow/example_dags/example_latest_only_with_trigger.py for tasks to queue
[2025-02-06T09:20:20.241+0000] {logging_mixin.py:190} INFO - [2025-02-06T09:20:20.241+0000] {dagbag.py:588} INFO - Filling up the DagBag from /opt/conda/lib/python3.12/site-packages/airflow/example_dags/example_latest_only_with_trigger.py
[2025-02-06T09:20:20.247+0000] {processor.py:925} INFO - DAG(s) 'latest_only_with_trigger' retrieved from /opt/conda/lib/python3.12/site-packages/airflow/example_dags/example_latest_only_with_trigger.py
[2025-02-06T09:20:20.274+0000] {logging_mixin.py:190} INFO - [2025-02-06T09:20:20.273+0000] {dag.py:3239} INFO - Sync 1 DAGs
[2025-02-06T09:20:20.300+0000] {logging_mixin.py:190} INFO - [2025-02-06T09:20:20.300+0000] {dag.py:4180} INFO - Setting next_dagrun for latest_only_with_trigger to 2025-02-06 04:00:00+00:00, run_after=2025-02-06 08:00:00+00:00
[2025-02-06T09:20:20.363+0000] {processor.py:208} INFO - Processing /opt/conda/lib/python3.12/site-packages/airflow/example_dags/example_latest_only_with_trigger.py took 0.130 seconds
[2025-02-06T09:23:02.667+0000] {processor.py:186} INFO - Started process (PID=2061) to work on /opt/conda/lib/python3.12/site-packages/airflow/example_dags/example_latest_only_with_trigger.py
[2025-02-06T09:23:02.669+0000] {processor.py:914} INFO - Processing file /opt/conda/lib/python3.12/site-packages/airflow/example_dags/example_latest_only_with_trigger.py for tasks to queue
[2025-02-06T09:23:02.671+0000] {logging_mixin.py:190} INFO - [2025-02-06T09:23:02.671+0000] {dagbag.py:588} INFO - Filling up the DagBag from /opt/conda/lib/python3.12/site-packages/airflow/example_dags/example_latest_only_with_trigger.py
[2025-02-06T09:23:02.679+0000] {processor.py:925} INFO - DAG(s) 'latest_only_with_trigger' retrieved from /opt/conda/lib/python3.12/site-packages/airflow/example_dags/example_latest_only_with_trigger.py
[2025-02-06T09:23:02.703+0000] {logging_mixin.py:190} INFO - [2025-02-06T09:23:02.703+0000] {dag.py:3239} INFO - Sync 1 DAGs
[2025-02-06T09:23:02.725+0000] {logging_mixin.py:190} INFO - [2025-02-06T09:23:02.725+0000] {dag.py:4180} INFO - Setting next_dagrun for latest_only_with_trigger to 2025-02-06 04:00:00+00:00, run_after=2025-02-06 08:00:00+00:00
[2025-02-06T09:23:02.787+0000] {processor.py:208} INFO - Processing /opt/conda/lib/python3.12/site-packages/airflow/example_dags/example_latest_only_with_trigger.py took 0.125 seconds
[2025-02-06T09:26:07.561+0000] {processor.py:186} INFO - Started process (PID=217) to work on /opt/conda/lib/python3.12/site-packages/airflow/example_dags/example_latest_only_with_trigger.py
[2025-02-06T09:26:07.562+0000] {processor.py:914} INFO - Processing file /opt/conda/lib/python3.12/site-packages/airflow/example_dags/example_latest_only_with_trigger.py for tasks to queue
[2025-02-06T09:26:07.563+0000] {logging_mixin.py:190} INFO - [2025-02-06T09:26:07.563+0000] {dagbag.py:588} INFO - Filling up the DagBag from /opt/conda/lib/python3.12/site-packages/airflow/example_dags/example_latest_only_with_trigger.py
[2025-02-06T09:26:07.569+0000] {processor.py:925} INFO - DAG(s) 'latest_only_with_trigger' retrieved from /opt/conda/lib/python3.12/site-packages/airflow/example_dags/example_latest_only_with_trigger.py
[2025-02-06T09:26:07.597+0000] {logging_mixin.py:190} INFO - [2025-02-06T09:26:07.597+0000] {dag.py:3239} INFO - Sync 1 DAGs
[2025-02-06T09:26:07.620+0000] {logging_mixin.py:190} INFO - [2025-02-06T09:26:07.620+0000] {dag.py:4180} INFO - Setting next_dagrun for latest_only_with_trigger to 2025-02-06 04:00:00+00:00, run_after=2025-02-06 08:00:00+00:00
[2025-02-06T09:26:07.670+0000] {processor.py:208} INFO - Processing /opt/conda/lib/python3.12/site-packages/airflow/example_dags/example_latest_only_with_trigger.py took 0.114 seconds
[2025-02-06T09:32:38.667+0000] {processor.py:186} INFO - Started process (PID=407) to work on /opt/conda/lib/python3.12/site-packages/airflow/example_dags/example_latest_only_with_trigger.py
[2025-02-06T09:32:38.668+0000] {processor.py:914} INFO - Processing file /opt/conda/lib/python3.12/site-packages/airflow/example_dags/example_latest_only_with_trigger.py for tasks to queue
[2025-02-06T09:32:38.670+0000] {logging_mixin.py:190} INFO - [2025-02-06T09:32:38.670+0000] {dagbag.py:588} INFO - Filling up the DagBag from /opt/conda/lib/python3.12/site-packages/airflow/example_dags/example_latest_only_with_trigger.py
[2025-02-06T09:32:38.676+0000] {processor.py:925} INFO - DAG(s) 'latest_only_with_trigger' retrieved from /opt/conda/lib/python3.12/site-packages/airflow/example_dags/example_latest_only_with_trigger.py
[2025-02-06T09:32:38.697+0000] {logging_mixin.py:190} INFO - [2025-02-06T09:32:38.697+0000] {dag.py:3239} INFO - Sync 1 DAGs
[2025-02-06T09:32:38.718+0000] {logging_mixin.py:190} INFO - [2025-02-06T09:32:38.718+0000] {dag.py:4180} INFO - Setting next_dagrun for latest_only_with_trigger to 2025-02-06 04:00:00+00:00, run_after=2025-02-06 08:00:00+00:00
[2025-02-06T09:32:38.772+0000] {processor.py:208} INFO - Processing /opt/conda/lib/python3.12/site-packages/airflow/example_dags/example_latest_only_with_trigger.py took 0.109 seconds
[2025-02-06T09:37:54.602+0000] {processor.py:186} INFO - Started process (PID=981) to work on /opt/conda/lib/python3.12/site-packages/airflow/example_dags/example_latest_only_with_trigger.py
[2025-02-06T09:37:54.603+0000] {processor.py:914} INFO - Processing file /opt/conda/lib/python3.12/site-packages/airflow/example_dags/example_latest_only_with_trigger.py for tasks to queue
[2025-02-06T09:37:54.605+0000] {logging_mixin.py:190} INFO - [2025-02-06T09:37:54.605+0000] {dagbag.py:588} INFO - Filling up the DagBag from /opt/conda/lib/python3.12/site-packages/airflow/example_dags/example_latest_only_with_trigger.py
[2025-02-06T09:37:54.611+0000] {processor.py:925} INFO - DAG(s) 'latest_only_with_trigger' retrieved from /opt/conda/lib/python3.12/site-packages/airflow/example_dags/example_latest_only_with_trigger.py
[2025-02-06T09:37:54.633+0000] {logging_mixin.py:190} INFO - [2025-02-06T09:37:54.633+0000] {dag.py:3239} INFO - Sync 1 DAGs
[2025-02-06T09:37:54.652+0000] {logging_mixin.py:190} INFO - [2025-02-06T09:37:54.651+0000] {dag.py:4180} INFO - Setting next_dagrun for latest_only_with_trigger to 2025-02-06 04:00:00+00:00, run_after=2025-02-06 08:00:00+00:00
[2025-02-06T09:37:54.701+0000] {processor.py:208} INFO - Processing /opt/conda/lib/python3.12/site-packages/airflow/example_dags/example_latest_only_with_trigger.py took 0.103 seconds
[2025-02-06T09:42:39.179+0000] {processor.py:186} INFO - Started process (PID=1474) to work on /opt/conda/lib/python3.12/site-packages/airflow/example_dags/example_latest_only_with_trigger.py
[2025-02-06T09:42:39.180+0000] {processor.py:914} INFO - Processing file /opt/conda/lib/python3.12/site-packages/airflow/example_dags/example_latest_only_with_trigger.py for tasks to queue
[2025-02-06T09:42:39.182+0000] {logging_mixin.py:190} INFO - [2025-02-06T09:42:39.181+0000] {dagbag.py:588} INFO - Filling up the DagBag from /opt/conda/lib/python3.12/site-packages/airflow/example_dags/example_latest_only_with_trigger.py
[2025-02-06T09:42:39.189+0000] {processor.py:925} INFO - DAG(s) 'latest_only_with_trigger' retrieved from /opt/conda/lib/python3.12/site-packages/airflow/example_dags/example_latest_only_with_trigger.py
[2025-02-06T09:42:39.211+0000] {logging_mixin.py:190} INFO - [2025-02-06T09:42:39.211+0000] {dag.py:3239} INFO - Sync 1 DAGs
[2025-02-06T09:42:39.232+0000] {logging_mixin.py:190} INFO - [2025-02-06T09:42:39.232+0000] {dag.py:4180} INFO - Setting next_dagrun for latest_only_with_trigger to 2025-02-06 04:00:00+00:00, run_after=2025-02-06 08:00:00+00:00
[2025-02-06T09:42:39.288+0000] {processor.py:208} INFO - Processing /opt/conda/lib/python3.12/site-packages/airflow/example_dags/example_latest_only_with_trigger.py took 0.114 seconds
[2025-02-06T09:50:06.971+0000] {processor.py:186} INFO - Started process (PID=390) to work on /opt/conda/lib/python3.12/site-packages/airflow/example_dags/example_latest_only_with_trigger.py
[2025-02-06T09:50:06.972+0000] {processor.py:914} INFO - Processing file /opt/conda/lib/python3.12/site-packages/airflow/example_dags/example_latest_only_with_trigger.py for tasks to queue
[2025-02-06T09:50:06.974+0000] {logging_mixin.py:190} INFO - [2025-02-06T09:50:06.974+0000] {dagbag.py:588} INFO - Filling up the DagBag from /opt/conda/lib/python3.12/site-packages/airflow/example_dags/example_latest_only_with_trigger.py
[2025-02-06T09:50:06.979+0000] {processor.py:925} INFO - DAG(s) 'latest_only_with_trigger' retrieved from /opt/conda/lib/python3.12/site-packages/airflow/example_dags/example_latest_only_with_trigger.py
[2025-02-06T09:50:07.002+0000] {logging_mixin.py:190} INFO - [2025-02-06T09:50:07.001+0000] {dag.py:3239} INFO - Sync 1 DAGs
[2025-02-06T09:50:07.024+0000] {logging_mixin.py:190} INFO - [2025-02-06T09:50:07.024+0000] {dag.py:4180} INFO - Setting next_dagrun for latest_only_with_trigger to 2025-02-06 04:00:00+00:00, run_after=2025-02-06 08:00:00+00:00
[2025-02-06T09:50:07.081+0000] {processor.py:208} INFO - Processing /opt/conda/lib/python3.12/site-packages/airflow/example_dags/example_latest_only_with_trigger.py took 0.114 seconds
[2025-02-06T09:55:18.262+0000] {processor.py:186} INFO - Started process (PID=940) to work on /opt/conda/lib/python3.12/site-packages/airflow/example_dags/example_latest_only_with_trigger.py
[2025-02-06T09:55:18.263+0000] {processor.py:914} INFO - Processing file /opt/conda/lib/python3.12/site-packages/airflow/example_dags/example_latest_only_with_trigger.py for tasks to queue
[2025-02-06T09:55:18.265+0000] {logging_mixin.py:190} INFO - [2025-02-06T09:55:18.265+0000] {dagbag.py:588} INFO - Filling up the DagBag from /opt/conda/lib/python3.12/site-packages/airflow/example_dags/example_latest_only_with_trigger.py
[2025-02-06T09:55:18.271+0000] {processor.py:925} INFO - DAG(s) 'latest_only_with_trigger' retrieved from /opt/conda/lib/python3.12/site-packages/airflow/example_dags/example_latest_only_with_trigger.py
[2025-02-06T09:55:18.291+0000] {logging_mixin.py:190} INFO - [2025-02-06T09:55:18.290+0000] {dag.py:3239} INFO - Sync 1 DAGs
[2025-02-06T09:55:18.314+0000] {logging_mixin.py:190} INFO - [2025-02-06T09:55:18.314+0000] {dag.py:4180} INFO - Setting next_dagrun for latest_only_with_trigger to 2025-02-06 04:00:00+00:00, run_after=2025-02-06 08:00:00+00:00
[2025-02-06T09:55:18.372+0000] {processor.py:208} INFO - Processing /opt/conda/lib/python3.12/site-packages/airflow/example_dags/example_latest_only_with_trigger.py took 0.114 seconds
[2025-02-06T09:59:37.663+0000] {processor.py:186} INFO - Started process (PID=1439) to work on /opt/conda/lib/python3.12/site-packages/airflow/example_dags/example_latest_only_with_trigger.py
[2025-02-06T09:59:37.664+0000] {processor.py:914} INFO - Processing file /opt/conda/lib/python3.12/site-packages/airflow/example_dags/example_latest_only_with_trigger.py for tasks to queue
[2025-02-06T09:59:37.665+0000] {logging_mixin.py:190} INFO - [2025-02-06T09:59:37.665+0000] {dagbag.py:588} INFO - Filling up the DagBag from /opt/conda/lib/python3.12/site-packages/airflow/example_dags/example_latest_only_with_trigger.py
[2025-02-06T09:59:37.674+0000] {processor.py:925} INFO - DAG(s) 'latest_only_with_trigger' retrieved from /opt/conda/lib/python3.12/site-packages/airflow/example_dags/example_latest_only_with_trigger.py
[2025-02-06T09:59:37.697+0000] {logging_mixin.py:190} INFO - [2025-02-06T09:59:37.696+0000] {dag.py:3239} INFO - Sync 1 DAGs
[2025-02-06T09:59:37.718+0000] {logging_mixin.py:190} INFO - [2025-02-06T09:59:37.718+0000] {dag.py:4180} INFO - Setting next_dagrun for latest_only_with_trigger to 2025-02-06 04:00:00+00:00, run_after=2025-02-06 08:00:00+00:00
[2025-02-06T09:59:37.781+0000] {processor.py:208} INFO - Processing /opt/conda/lib/python3.12/site-packages/airflow/example_dags/example_latest_only_with_trigger.py took 0.121 seconds
[2025-02-06T10:04:16.049+0000] {processor.py:186} INFO - Started process (PID=1920) to work on /opt/conda/lib/python3.12/site-packages/airflow/example_dags/example_latest_only_with_trigger.py
[2025-02-06T10:04:16.050+0000] {processor.py:914} INFO - Processing file /opt/conda/lib/python3.12/site-packages/airflow/example_dags/example_latest_only_with_trigger.py for tasks to queue
[2025-02-06T10:04:16.052+0000] {logging_mixin.py:190} INFO - [2025-02-06T10:04:16.052+0000] {dagbag.py:588} INFO - Filling up the DagBag from /opt/conda/lib/python3.12/site-packages/airflow/example_dags/example_latest_only_with_trigger.py
[2025-02-06T10:04:16.057+0000] {processor.py:925} INFO - DAG(s) 'latest_only_with_trigger' retrieved from /opt/conda/lib/python3.12/site-packages/airflow/example_dags/example_latest_only_with_trigger.py
[2025-02-06T10:04:16.080+0000] {logging_mixin.py:190} INFO - [2025-02-06T10:04:16.079+0000] {dag.py:3239} INFO - Sync 1 DAGs
[2025-02-06T10:04:16.104+0000] {logging_mixin.py:190} INFO - [2025-02-06T10:04:16.104+0000] {dag.py:4180} INFO - Setting next_dagrun for latest_only_with_trigger to 2025-02-06 04:00:00+00:00, run_after=2025-02-06 08:00:00+00:00
[2025-02-06T10:04:16.161+0000] {processor.py:208} INFO - Processing /opt/conda/lib/python3.12/site-packages/airflow/example_dags/example_latest_only_with_trigger.py took 0.117 seconds
[2025-02-06T10:06:14.901+0000] {processor.py:186} INFO - Started process (PID=2075) to work on /opt/conda/lib/python3.12/site-packages/airflow/example_dags/example_latest_only_with_trigger.py
[2025-02-06T10:06:14.902+0000] {processor.py:914} INFO - Processing file /opt/conda/lib/python3.12/site-packages/airflow/example_dags/example_latest_only_with_trigger.py for tasks to queue
[2025-02-06T10:06:14.903+0000] {logging_mixin.py:190} INFO - [2025-02-06T10:06:14.903+0000] {dagbag.py:588} INFO - Filling up the DagBag from /opt/conda/lib/python3.12/site-packages/airflow/example_dags/example_latest_only_with_trigger.py
[2025-02-06T10:06:14.910+0000] {processor.py:925} INFO - DAG(s) 'latest_only_with_trigger' retrieved from /opt/conda/lib/python3.12/site-packages/airflow/example_dags/example_latest_only_with_trigger.py
[2025-02-06T10:06:14.938+0000] {logging_mixin.py:190} INFO - [2025-02-06T10:06:14.938+0000] {dag.py:3239} INFO - Sync 1 DAGs
[2025-02-06T10:06:14.963+0000] {logging_mixin.py:190} INFO - [2025-02-06T10:06:14.963+0000] {dag.py:4180} INFO - Setting next_dagrun for latest_only_with_trigger to 2025-02-06 04:00:00+00:00, run_after=2025-02-06 08:00:00+00:00
[2025-02-06T10:06:15.030+0000] {processor.py:208} INFO - Processing /opt/conda/lib/python3.12/site-packages/airflow/example_dags/example_latest_only_with_trigger.py took 0.133 seconds
[2025-02-06T10:14:30.096+0000] {processor.py:186} INFO - Started process (PID=2910) to work on /opt/conda/lib/python3.12/site-packages/airflow/example_dags/example_latest_only_with_trigger.py
[2025-02-06T10:14:30.097+0000] {processor.py:914} INFO - Processing file /opt/conda/lib/python3.12/site-packages/airflow/example_dags/example_latest_only_with_trigger.py for tasks to queue
[2025-02-06T10:14:30.098+0000] {logging_mixin.py:190} INFO - [2025-02-06T10:14:30.098+0000] {dagbag.py:588} INFO - Filling up the DagBag from /opt/conda/lib/python3.12/site-packages/airflow/example_dags/example_latest_only_with_trigger.py
[2025-02-06T10:14:30.104+0000] {processor.py:925} INFO - DAG(s) 'latest_only_with_trigger' retrieved from /opt/conda/lib/python3.12/site-packages/airflow/example_dags/example_latest_only_with_trigger.py
[2025-02-06T10:14:30.230+0000] {logging_mixin.py:190} INFO - [2025-02-06T10:14:30.230+0000] {dag.py:3239} INFO - Sync 1 DAGs
[2025-02-06T10:14:30.249+0000] {logging_mixin.py:190} INFO - [2025-02-06T10:14:30.249+0000] {dag.py:4180} INFO - Setting next_dagrun for latest_only_with_trigger to 2025-02-06 04:00:00+00:00, run_after=2025-02-06 08:00:00+00:00
[2025-02-06T10:14:30.367+0000] {processor.py:208} INFO - Processing /opt/conda/lib/python3.12/site-packages/airflow/example_dags/example_latest_only_with_trigger.py took 0.276 seconds
[2025-02-06T10:20:29.221+0000] {processor.py:186} INFO - Started process (PID=3534) to work on /opt/conda/lib/python3.12/site-packages/airflow/example_dags/example_latest_only_with_trigger.py
[2025-02-06T10:20:29.223+0000] {processor.py:914} INFO - Processing file /opt/conda/lib/python3.12/site-packages/airflow/example_dags/example_latest_only_with_trigger.py for tasks to queue
[2025-02-06T10:20:29.225+0000] {logging_mixin.py:190} INFO - [2025-02-06T10:20:29.224+0000] {dagbag.py:588} INFO - Filling up the DagBag from /opt/conda/lib/python3.12/site-packages/airflow/example_dags/example_latest_only_with_trigger.py
[2025-02-06T10:20:29.233+0000] {processor.py:925} INFO - DAG(s) 'latest_only_with_trigger' retrieved from /opt/conda/lib/python3.12/site-packages/airflow/example_dags/example_latest_only_with_trigger.py
[2025-02-06T10:20:29.255+0000] {logging_mixin.py:190} INFO - [2025-02-06T10:20:29.255+0000] {dag.py:3239} INFO - Sync 1 DAGs
[2025-02-06T10:20:29.279+0000] {logging_mixin.py:190} INFO - [2025-02-06T10:20:29.279+0000] {dag.py:4180} INFO - Setting next_dagrun for latest_only_with_trigger to 2025-02-06 04:00:00+00:00, run_after=2025-02-06 08:00:00+00:00
[2025-02-06T10:20:29.339+0000] {processor.py:208} INFO - Processing /opt/conda/lib/python3.12/site-packages/airflow/example_dags/example_latest_only_with_trigger.py took 0.122 seconds
[2025-02-06T10:24:14.178+0000] {processor.py:186} INFO - Started process (PID=3895) to work on /opt/conda/lib/python3.12/site-packages/airflow/example_dags/example_latest_only_with_trigger.py
[2025-02-06T10:24:14.179+0000] {processor.py:914} INFO - Processing file /opt/conda/lib/python3.12/site-packages/airflow/example_dags/example_latest_only_with_trigger.py for tasks to queue
[2025-02-06T10:24:14.181+0000] {logging_mixin.py:190} INFO - [2025-02-06T10:24:14.181+0000] {dagbag.py:588} INFO - Filling up the DagBag from /opt/conda/lib/python3.12/site-packages/airflow/example_dags/example_latest_only_with_trigger.py
[2025-02-06T10:24:14.188+0000] {processor.py:925} INFO - DAG(s) 'latest_only_with_trigger' retrieved from /opt/conda/lib/python3.12/site-packages/airflow/example_dags/example_latest_only_with_trigger.py
[2025-02-06T10:24:14.213+0000] {logging_mixin.py:190} INFO - [2025-02-06T10:24:14.212+0000] {dag.py:3239} INFO - Sync 1 DAGs
[2025-02-06T10:24:14.233+0000] {logging_mixin.py:190} INFO - [2025-02-06T10:24:14.233+0000] {dag.py:4180} INFO - Setting next_dagrun for latest_only_with_trigger to 2025-02-06 04:00:00+00:00, run_after=2025-02-06 08:00:00+00:00
[2025-02-06T10:24:14.292+0000] {processor.py:208} INFO - Processing /opt/conda/lib/python3.12/site-packages/airflow/example_dags/example_latest_only_with_trigger.py took 0.121 seconds
[2025-02-06T10:27:02.229+0000] {processor.py:186} INFO - Started process (PID=4171) to work on /opt/conda/lib/python3.12/site-packages/airflow/example_dags/example_latest_only_with_trigger.py
[2025-02-06T10:27:02.230+0000] {processor.py:914} INFO - Processing file /opt/conda/lib/python3.12/site-packages/airflow/example_dags/example_latest_only_with_trigger.py for tasks to queue
[2025-02-06T10:27:02.231+0000] {logging_mixin.py:190} INFO - [2025-02-06T10:27:02.231+0000] {dagbag.py:588} INFO - Filling up the DagBag from /opt/conda/lib/python3.12/site-packages/airflow/example_dags/example_latest_only_with_trigger.py
[2025-02-06T10:27:02.239+0000] {processor.py:925} INFO - DAG(s) 'latest_only_with_trigger' retrieved from /opt/conda/lib/python3.12/site-packages/airflow/example_dags/example_latest_only_with_trigger.py
[2025-02-06T10:27:02.262+0000] {logging_mixin.py:190} INFO - [2025-02-06T10:27:02.261+0000] {dag.py:3239} INFO - Sync 1 DAGs
[2025-02-06T10:27:02.284+0000] {logging_mixin.py:190} INFO - [2025-02-06T10:27:02.284+0000] {dag.py:4180} INFO - Setting next_dagrun for latest_only_with_trigger to 2025-02-06 04:00:00+00:00, run_after=2025-02-06 08:00:00+00:00
[2025-02-06T10:27:02.356+0000] {processor.py:208} INFO - Processing /opt/conda/lib/python3.12/site-packages/airflow/example_dags/example_latest_only_with_trigger.py took 0.132 seconds
[2025-02-06T11:42:09.513+0000] {processor.py:186} INFO - Started process (PID=826) to work on /opt/conda/lib/python3.12/site-packages/airflow/example_dags/example_latest_only_with_trigger.py
[2025-02-06T11:42:09.526+0000] {processor.py:914} INFO - Processing file /opt/conda/lib/python3.12/site-packages/airflow/example_dags/example_latest_only_with_trigger.py for tasks to queue
[2025-02-06T11:42:09.529+0000] {logging_mixin.py:190} INFO - [2025-02-06T11:42:09.529+0000] {dagbag.py:588} INFO - Filling up the DagBag from /opt/conda/lib/python3.12/site-packages/airflow/example_dags/example_latest_only_with_trigger.py
[2025-02-06T11:42:09.539+0000] {processor.py:925} INFO - DAG(s) 'latest_only_with_trigger' retrieved from /opt/conda/lib/python3.12/site-packages/airflow/example_dags/example_latest_only_with_trigger.py
[2025-02-06T11:42:09.579+0000] {logging_mixin.py:190} INFO - [2025-02-06T11:42:09.579+0000] {dag.py:3239} INFO - Sync 1 DAGs
[2025-02-06T11:42:09.616+0000] {logging_mixin.py:190} INFO - [2025-02-06T11:42:09.615+0000] {dag.py:4180} INFO - Setting next_dagrun for latest_only_with_trigger to 2025-02-06 04:00:00+00:00, run_after=2025-02-06 08:00:00+00:00
[2025-02-06T11:42:09.706+0000] {processor.py:208} INFO - Processing /opt/conda/lib/python3.12/site-packages/airflow/example_dags/example_latest_only_with_trigger.py took 0.200 seconds
[2025-02-06T11:46:36.770+0000] {processor.py:186} INFO - Started process (PID=1801) to work on /opt/conda/lib/python3.12/site-packages/airflow/example_dags/example_latest_only_with_trigger.py
[2025-02-06T11:46:36.773+0000] {processor.py:914} INFO - Processing file /opt/conda/lib/python3.12/site-packages/airflow/example_dags/example_latest_only_with_trigger.py for tasks to queue
[2025-02-06T11:46:36.777+0000] {logging_mixin.py:190} INFO - [2025-02-06T11:46:36.777+0000] {dagbag.py:588} INFO - Filling up the DagBag from /opt/conda/lib/python3.12/site-packages/airflow/example_dags/example_latest_only_with_trigger.py
[2025-02-06T11:46:36.791+0000] {processor.py:925} INFO - DAG(s) 'latest_only_with_trigger' retrieved from /opt/conda/lib/python3.12/site-packages/airflow/example_dags/example_latest_only_with_trigger.py
[2025-02-06T11:46:36.843+0000] {logging_mixin.py:190} INFO - [2025-02-06T11:46:36.842+0000] {dag.py:3239} INFO - Sync 1 DAGs
[2025-02-06T11:46:36.891+0000] {logging_mixin.py:190} INFO - [2025-02-06T11:46:36.891+0000] {dag.py:4180} INFO - Setting next_dagrun for latest_only_with_trigger to 2025-02-06 04:00:00+00:00, run_after=2025-02-06 08:00:00+00:00
[2025-02-06T11:46:36.997+0000] {processor.py:208} INFO - Processing /opt/conda/lib/python3.12/site-packages/airflow/example_dags/example_latest_only_with_trigger.py took 0.239 seconds
[2025-02-06T11:50:26.169+0000] {processor.py:186} INFO - Started process (PID=2714) to work on /opt/conda/lib/python3.12/site-packages/airflow/example_dags/example_latest_only_with_trigger.py
[2025-02-06T11:50:26.170+0000] {processor.py:914} INFO - Processing file /opt/conda/lib/python3.12/site-packages/airflow/example_dags/example_latest_only_with_trigger.py for tasks to queue
[2025-02-06T11:50:26.172+0000] {logging_mixin.py:190} INFO - [2025-02-06T11:50:26.171+0000] {dagbag.py:588} INFO - Filling up the DagBag from /opt/conda/lib/python3.12/site-packages/airflow/example_dags/example_latest_only_with_trigger.py
[2025-02-06T11:50:26.181+0000] {processor.py:925} INFO - DAG(s) 'latest_only_with_trigger' retrieved from /opt/conda/lib/python3.12/site-packages/airflow/example_dags/example_latest_only_with_trigger.py
[2025-02-06T11:50:26.224+0000] {logging_mixin.py:190} INFO - [2025-02-06T11:50:26.223+0000] {dag.py:3239} INFO - Sync 1 DAGs
[2025-02-06T11:50:26.255+0000] {logging_mixin.py:190} INFO - [2025-02-06T11:50:26.254+0000] {dag.py:4180} INFO - Setting next_dagrun for latest_only_with_trigger to 2025-02-06 04:00:00+00:00, run_after=2025-02-06 08:00:00+00:00
[2025-02-06T11:50:26.319+0000] {processor.py:208} INFO - Processing /opt/conda/lib/python3.12/site-packages/airflow/example_dags/example_latest_only_with_trigger.py took 0.156 seconds
[2025-02-06T11:54:12.759+0000] {processor.py:186} INFO - Started process (PID=3688) to work on /opt/conda/lib/python3.12/site-packages/airflow/example_dags/example_latest_only_with_trigger.py
[2025-02-06T11:54:12.760+0000] {processor.py:914} INFO - Processing file /opt/conda/lib/python3.12/site-packages/airflow/example_dags/example_latest_only_with_trigger.py for tasks to queue
[2025-02-06T11:54:12.762+0000] {logging_mixin.py:190} INFO - [2025-02-06T11:54:12.761+0000] {dagbag.py:588} INFO - Filling up the DagBag from /opt/conda/lib/python3.12/site-packages/airflow/example_dags/example_latest_only_with_trigger.py
[2025-02-06T11:54:12.772+0000] {processor.py:925} INFO - DAG(s) 'latest_only_with_trigger' retrieved from /opt/conda/lib/python3.12/site-packages/airflow/example_dags/example_latest_only_with_trigger.py
[2025-02-06T11:54:12.812+0000] {logging_mixin.py:190} INFO - [2025-02-06T11:54:12.811+0000] {dag.py:3239} INFO - Sync 1 DAGs
[2025-02-06T11:54:12.849+0000] {logging_mixin.py:190} INFO - [2025-02-06T11:54:12.849+0000] {dag.py:4180} INFO - Setting next_dagrun for latest_only_with_trigger to 2025-02-06 04:00:00+00:00, run_after=2025-02-06 08:00:00+00:00
[2025-02-06T11:54:12.954+0000] {processor.py:208} INFO - Processing /opt/conda/lib/python3.12/site-packages/airflow/example_dags/example_latest_only_with_trigger.py took 0.200 seconds
[2025-02-06T12:05:43.267+0000] {processor.py:186} INFO - Started process (PID=844) to work on /opt/conda/lib/python3.12/site-packages/airflow/example_dags/example_latest_only_with_trigger.py
[2025-02-06T12:05:43.268+0000] {processor.py:914} INFO - Processing file /opt/conda/lib/python3.12/site-packages/airflow/example_dags/example_latest_only_with_trigger.py for tasks to queue
[2025-02-06T12:05:43.270+0000] {logging_mixin.py:190} INFO - [2025-02-06T12:05:43.270+0000] {dagbag.py:588} INFO - Filling up the DagBag from /opt/conda/lib/python3.12/site-packages/airflow/example_dags/example_latest_only_with_trigger.py
[2025-02-06T12:05:43.283+0000] {processor.py:925} INFO - DAG(s) 'latest_only_with_trigger' retrieved from /opt/conda/lib/python3.12/site-packages/airflow/example_dags/example_latest_only_with_trigger.py
[2025-02-06T12:05:43.310+0000] {logging_mixin.py:190} INFO - [2025-02-06T12:05:43.309+0000] {dag.py:3239} INFO - Sync 1 DAGs
[2025-02-06T12:05:43.334+0000] {logging_mixin.py:190} INFO - [2025-02-06T12:05:43.333+0000] {dag.py:4180} INFO - Setting next_dagrun for latest_only_with_trigger to 2025-02-06 08:00:00+00:00, run_after=2025-02-06 12:00:00+00:00
[2025-02-06T12:05:43.392+0000] {processor.py:208} INFO - Processing /opt/conda/lib/python3.12/site-packages/airflow/example_dags/example_latest_only_with_trigger.py took 0.129 seconds
[2025-02-06T12:08:31.912+0000] {processor.py:186} INFO - Started process (PID=1859) to work on /opt/conda/lib/python3.12/site-packages/airflow/example_dags/example_latest_only_with_trigger.py
[2025-02-06T12:08:31.914+0000] {processor.py:914} INFO - Processing file /opt/conda/lib/python3.12/site-packages/airflow/example_dags/example_latest_only_with_trigger.py for tasks to queue
[2025-02-06T12:08:31.916+0000] {logging_mixin.py:190} INFO - [2025-02-06T12:08:31.916+0000] {dagbag.py:588} INFO - Filling up the DagBag from /opt/conda/lib/python3.12/site-packages/airflow/example_dags/example_latest_only_with_trigger.py
[2025-02-06T12:08:31.923+0000] {processor.py:925} INFO - DAG(s) 'latest_only_with_trigger' retrieved from /opt/conda/lib/python3.12/site-packages/airflow/example_dags/example_latest_only_with_trigger.py
[2025-02-06T12:08:31.943+0000] {logging_mixin.py:190} INFO - [2025-02-06T12:08:31.943+0000] {dag.py:3239} INFO - Sync 1 DAGs
[2025-02-06T12:08:31.965+0000] {logging_mixin.py:190} INFO - [2025-02-06T12:08:31.965+0000] {dag.py:4180} INFO - Setting next_dagrun for latest_only_with_trigger to 2025-02-06 08:00:00+00:00, run_after=2025-02-06 12:00:00+00:00
[2025-02-06T12:08:32.023+0000] {processor.py:208} INFO - Processing /opt/conda/lib/python3.12/site-packages/airflow/example_dags/example_latest_only_with_trigger.py took 0.117 seconds
[2025-02-06T12:18:09.753+0000] {processor.py:186} INFO - Started process (PID=106) to work on /opt/conda/lib/python3.12/site-packages/airflow/example_dags/example_latest_only_with_trigger.py
[2025-02-06T12:18:09.754+0000] {processor.py:914} INFO - Processing file /opt/conda/lib/python3.12/site-packages/airflow/example_dags/example_latest_only_with_trigger.py for tasks to queue
[2025-02-06T12:18:09.755+0000] {logging_mixin.py:190} INFO - [2025-02-06T12:18:09.755+0000] {dagbag.py:588} INFO - Filling up the DagBag from /opt/conda/lib/python3.12/site-packages/airflow/example_dags/example_latest_only_with_trigger.py
[2025-02-06T12:18:09.761+0000] {processor.py:925} INFO - DAG(s) 'latest_only_with_trigger' retrieved from /opt/conda/lib/python3.12/site-packages/airflow/example_dags/example_latest_only_with_trigger.py
[2025-02-06T12:18:09.781+0000] {logging_mixin.py:190} INFO - [2025-02-06T12:18:09.781+0000] {dag.py:3239} INFO - Sync 1 DAGs
[2025-02-06T12:18:09.801+0000] {logging_mixin.py:190} INFO - [2025-02-06T12:18:09.801+0000] {dag.py:4180} INFO - Setting next_dagrun for latest_only_with_trigger to 2025-02-06 08:00:00+00:00, run_after=2025-02-06 12:00:00+00:00
[2025-02-06T12:18:09.958+0000] {processor.py:208} INFO - Processing /opt/conda/lib/python3.12/site-packages/airflow/example_dags/example_latest_only_with_trigger.py took 0.209 seconds
[2025-02-06T12:22:09.794+0000] {processor.py:186} INFO - Started process (PID=351) to work on /opt/conda/lib/python3.12/site-packages/airflow/example_dags/example_latest_only_with_trigger.py
[2025-02-06T12:22:09.796+0000] {processor.py:914} INFO - Processing file /opt/conda/lib/python3.12/site-packages/airflow/example_dags/example_latest_only_with_trigger.py for tasks to queue
[2025-02-06T12:22:09.798+0000] {logging_mixin.py:190} INFO - [2025-02-06T12:22:09.797+0000] {dagbag.py:588} INFO - Filling up the DagBag from /opt/conda/lib/python3.12/site-packages/airflow/example_dags/example_latest_only_with_trigger.py
[2025-02-06T12:22:09.804+0000] {processor.py:925} INFO - DAG(s) 'latest_only_with_trigger' retrieved from /opt/conda/lib/python3.12/site-packages/airflow/example_dags/example_latest_only_with_trigger.py
[2025-02-06T12:22:09.825+0000] {logging_mixin.py:190} INFO - [2025-02-06T12:22:09.824+0000] {dag.py:3239} INFO - Sync 1 DAGs
[2025-02-06T12:22:09.847+0000] {logging_mixin.py:190} INFO - [2025-02-06T12:22:09.847+0000] {dag.py:4180} INFO - Setting next_dagrun for latest_only_with_trigger to 2025-02-06 08:00:00+00:00, run_after=2025-02-06 12:00:00+00:00
[2025-02-06T12:22:09.902+0000] {processor.py:208} INFO - Processing /opt/conda/lib/python3.12/site-packages/airflow/example_dags/example_latest_only_with_trigger.py took 0.112 seconds
[2025-02-06T12:24:19.794+0000] {processor.py:186} INFO - Started process (PID=1158) to work on /opt/conda/lib/python3.12/site-packages/airflow/example_dags/example_latest_only_with_trigger.py
[2025-02-06T12:24:19.796+0000] {processor.py:914} INFO - Processing file /opt/conda/lib/python3.12/site-packages/airflow/example_dags/example_latest_only_with_trigger.py for tasks to queue
[2025-02-06T12:24:19.797+0000] {logging_mixin.py:190} INFO - [2025-02-06T12:24:19.797+0000] {dagbag.py:588} INFO - Filling up the DagBag from /opt/conda/lib/python3.12/site-packages/airflow/example_dags/example_latest_only_with_trigger.py
[2025-02-06T12:24:19.804+0000] {processor.py:925} INFO - DAG(s) 'latest_only_with_trigger' retrieved from /opt/conda/lib/python3.12/site-packages/airflow/example_dags/example_latest_only_with_trigger.py
[2025-02-06T12:24:19.827+0000] {logging_mixin.py:190} INFO - [2025-02-06T12:24:19.827+0000] {dag.py:3239} INFO - Sync 1 DAGs
[2025-02-06T12:24:19.851+0000] {logging_mixin.py:190} INFO - [2025-02-06T12:24:19.851+0000] {dag.py:4180} INFO - Setting next_dagrun for latest_only_with_trigger to 2025-02-06 08:00:00+00:00, run_after=2025-02-06 12:00:00+00:00
[2025-02-06T12:24:19.907+0000] {processor.py:208} INFO - Processing /opt/conda/lib/python3.12/site-packages/airflow/example_dags/example_latest_only_with_trigger.py took 0.117 seconds
[2025-02-06T12:27:28.299+0000] {processor.py:186} INFO - Started process (PID=2559) to work on /opt/conda/lib/python3.12/site-packages/airflow/example_dags/example_latest_only_with_trigger.py
[2025-02-06T12:27:28.300+0000] {processor.py:914} INFO - Processing file /opt/conda/lib/python3.12/site-packages/airflow/example_dags/example_latest_only_with_trigger.py for tasks to queue
[2025-02-06T12:27:28.302+0000] {logging_mixin.py:190} INFO - [2025-02-06T12:27:28.302+0000] {dagbag.py:588} INFO - Filling up the DagBag from /opt/conda/lib/python3.12/site-packages/airflow/example_dags/example_latest_only_with_trigger.py
[2025-02-06T12:27:28.308+0000] {processor.py:925} INFO - DAG(s) 'latest_only_with_trigger' retrieved from /opt/conda/lib/python3.12/site-packages/airflow/example_dags/example_latest_only_with_trigger.py
[2025-02-06T12:27:28.333+0000] {logging_mixin.py:190} INFO - [2025-02-06T12:27:28.333+0000] {dag.py:3239} INFO - Sync 1 DAGs
[2025-02-06T12:27:28.356+0000] {logging_mixin.py:190} INFO - [2025-02-06T12:27:28.356+0000] {dag.py:4180} INFO - Setting next_dagrun for latest_only_with_trigger to 2025-02-06 08:00:00+00:00, run_after=2025-02-06 12:00:00+00:00
[2025-02-06T12:27:28.480+0000] {processor.py:208} INFO - Processing /opt/conda/lib/python3.12/site-packages/airflow/example_dags/example_latest_only_with_trigger.py took 0.185 seconds
[2025-02-06T12:31:21.916+0000] {processor.py:186} INFO - Started process (PID=4592) to work on /opt/conda/lib/python3.12/site-packages/airflow/example_dags/example_latest_only_with_trigger.py
[2025-02-06T12:31:21.918+0000] {processor.py:914} INFO - Processing file /opt/conda/lib/python3.12/site-packages/airflow/example_dags/example_latest_only_with_trigger.py for tasks to queue
[2025-02-06T12:31:21.921+0000] {logging_mixin.py:190} INFO - [2025-02-06T12:31:21.921+0000] {dagbag.py:588} INFO - Filling up the DagBag from /opt/conda/lib/python3.12/site-packages/airflow/example_dags/example_latest_only_with_trigger.py
[2025-02-06T12:31:21.927+0000] {processor.py:925} INFO - DAG(s) 'latest_only_with_trigger' retrieved from /opt/conda/lib/python3.12/site-packages/airflow/example_dags/example_latest_only_with_trigger.py
[2025-02-06T12:31:21.948+0000] {logging_mixin.py:190} INFO - [2025-02-06T12:31:21.947+0000] {dag.py:3239} INFO - Sync 1 DAGs
[2025-02-06T12:31:21.970+0000] {logging_mixin.py:190} INFO - [2025-02-06T12:31:21.969+0000] {dag.py:4180} INFO - Setting next_dagrun for latest_only_with_trigger to 2025-02-06 08:00:00+00:00, run_after=2025-02-06 12:00:00+00:00
[2025-02-06T12:31:22.019+0000] {processor.py:208} INFO - Processing /opt/conda/lib/python3.12/site-packages/airflow/example_dags/example_latest_only_with_trigger.py took 0.107 seconds
[2025-02-06T12:35:24.491+0000] {processor.py:186} INFO - Started process (PID=6695) to work on /opt/conda/lib/python3.12/site-packages/airflow/example_dags/example_latest_only_with_trigger.py
[2025-02-06T12:35:24.492+0000] {processor.py:914} INFO - Processing file /opt/conda/lib/python3.12/site-packages/airflow/example_dags/example_latest_only_with_trigger.py for tasks to queue
[2025-02-06T12:35:24.494+0000] {logging_mixin.py:190} INFO - [2025-02-06T12:35:24.493+0000] {dagbag.py:588} INFO - Filling up the DagBag from /opt/conda/lib/python3.12/site-packages/airflow/example_dags/example_latest_only_with_trigger.py
[2025-02-06T12:35:24.499+0000] {processor.py:925} INFO - DAG(s) 'latest_only_with_trigger' retrieved from /opt/conda/lib/python3.12/site-packages/airflow/example_dags/example_latest_only_with_trigger.py
[2025-02-06T12:35:24.521+0000] {logging_mixin.py:190} INFO - [2025-02-06T12:35:24.521+0000] {dag.py:3239} INFO - Sync 1 DAGs
[2025-02-06T12:35:24.550+0000] {logging_mixin.py:190} INFO - [2025-02-06T12:35:24.550+0000] {dag.py:4180} INFO - Setting next_dagrun for latest_only_with_trigger to 2025-02-06 08:00:00+00:00, run_after=2025-02-06 12:00:00+00:00
[2025-02-06T12:35:24.605+0000] {processor.py:208} INFO - Processing /opt/conda/lib/python3.12/site-packages/airflow/example_dags/example_latest_only_with_trigger.py took 0.118 seconds
[2025-02-06T12:39:36.765+0000] {processor.py:186} INFO - Started process (PID=8815) to work on /opt/conda/lib/python3.12/site-packages/airflow/example_dags/example_latest_only_with_trigger.py
[2025-02-06T12:39:36.767+0000] {processor.py:914} INFO - Processing file /opt/conda/lib/python3.12/site-packages/airflow/example_dags/example_latest_only_with_trigger.py for tasks to queue
[2025-02-06T12:39:36.769+0000] {logging_mixin.py:190} INFO - [2025-02-06T12:39:36.769+0000] {dagbag.py:588} INFO - Filling up the DagBag from /opt/conda/lib/python3.12/site-packages/airflow/example_dags/example_latest_only_with_trigger.py
[2025-02-06T12:39:36.776+0000] {processor.py:925} INFO - DAG(s) 'latest_only_with_trigger' retrieved from /opt/conda/lib/python3.12/site-packages/airflow/example_dags/example_latest_only_with_trigger.py
[2025-02-06T12:39:36.795+0000] {logging_mixin.py:190} INFO - [2025-02-06T12:39:36.795+0000] {dag.py:3239} INFO - Sync 1 DAGs
[2025-02-06T12:39:36.813+0000] {logging_mixin.py:190} INFO - [2025-02-06T12:39:36.813+0000] {dag.py:4180} INFO - Setting next_dagrun for latest_only_with_trigger to 2025-02-06 08:00:00+00:00, run_after=2025-02-06 12:00:00+00:00
[2025-02-06T12:39:36.869+0000] {processor.py:208} INFO - Processing /opt/conda/lib/python3.12/site-packages/airflow/example_dags/example_latest_only_with_trigger.py took 0.107 seconds
[2025-02-06T12:43:40.150+0000] {processor.py:186} INFO - Started process (PID=10917) to work on /opt/conda/lib/python3.12/site-packages/airflow/example_dags/example_latest_only_with_trigger.py
[2025-02-06T12:43:40.151+0000] {processor.py:914} INFO - Processing file /opt/conda/lib/python3.12/site-packages/airflow/example_dags/example_latest_only_with_trigger.py for tasks to queue
[2025-02-06T12:43:40.153+0000] {logging_mixin.py:190} INFO - [2025-02-06T12:43:40.152+0000] {dagbag.py:588} INFO - Filling up the DagBag from /opt/conda/lib/python3.12/site-packages/airflow/example_dags/example_latest_only_with_trigger.py
[2025-02-06T12:43:40.159+0000] {processor.py:925} INFO - DAG(s) 'latest_only_with_trigger' retrieved from /opt/conda/lib/python3.12/site-packages/airflow/example_dags/example_latest_only_with_trigger.py
[2025-02-06T12:43:40.183+0000] {logging_mixin.py:190} INFO - [2025-02-06T12:43:40.183+0000] {dag.py:3239} INFO - Sync 1 DAGs
[2025-02-06T12:43:40.203+0000] {logging_mixin.py:190} INFO - [2025-02-06T12:43:40.203+0000] {dag.py:4180} INFO - Setting next_dagrun for latest_only_with_trigger to 2025-02-06 08:00:00+00:00, run_after=2025-02-06 12:00:00+00:00
[2025-02-06T12:43:40.250+0000] {processor.py:208} INFO - Processing /opt/conda/lib/python3.12/site-packages/airflow/example_dags/example_latest_only_with_trigger.py took 0.105 seconds
[2025-02-06T12:48:09.808+0000] {processor.py:186} INFO - Started process (PID=13052) to work on /opt/conda/lib/python3.12/site-packages/airflow/example_dags/example_latest_only_with_trigger.py
[2025-02-06T12:48:09.809+0000] {processor.py:914} INFO - Processing file /opt/conda/lib/python3.12/site-packages/airflow/example_dags/example_latest_only_with_trigger.py for tasks to queue
[2025-02-06T12:48:09.811+0000] {logging_mixin.py:190} INFO - [2025-02-06T12:48:09.811+0000] {dagbag.py:588} INFO - Filling up the DagBag from /opt/conda/lib/python3.12/site-packages/airflow/example_dags/example_latest_only_with_trigger.py
[2025-02-06T12:48:09.818+0000] {processor.py:925} INFO - DAG(s) 'latest_only_with_trigger' retrieved from /opt/conda/lib/python3.12/site-packages/airflow/example_dags/example_latest_only_with_trigger.py
[2025-02-06T12:48:09.844+0000] {logging_mixin.py:190} INFO - [2025-02-06T12:48:09.843+0000] {dag.py:3239} INFO - Sync 1 DAGs
[2025-02-06T12:48:09.866+0000] {logging_mixin.py:190} INFO - [2025-02-06T12:48:09.866+0000] {dag.py:4180} INFO - Setting next_dagrun for latest_only_with_trigger to 2025-02-06 08:00:00+00:00, run_after=2025-02-06 12:00:00+00:00
[2025-02-06T12:48:09.982+0000] {processor.py:208} INFO - Processing /opt/conda/lib/python3.12/site-packages/airflow/example_dags/example_latest_only_with_trigger.py took 0.180 seconds
[2025-02-06T12:58:41.275+0000] {processor.py:186} INFO - Started process (PID=375) to work on /opt/conda/lib/python3.12/site-packages/airflow/example_dags/example_latest_only_with_trigger.py
[2025-02-06T12:58:41.277+0000] {processor.py:914} INFO - Processing file /opt/conda/lib/python3.12/site-packages/airflow/example_dags/example_latest_only_with_trigger.py for tasks to queue
[2025-02-06T12:58:41.280+0000] {logging_mixin.py:190} INFO - [2025-02-06T12:58:41.279+0000] {dagbag.py:588} INFO - Filling up the DagBag from /opt/conda/lib/python3.12/site-packages/airflow/example_dags/example_latest_only_with_trigger.py
[2025-02-06T12:58:41.287+0000] {processor.py:925} INFO - DAG(s) 'latest_only_with_trigger' retrieved from /opt/conda/lib/python3.12/site-packages/airflow/example_dags/example_latest_only_with_trigger.py
[2025-02-06T12:58:41.334+0000] {logging_mixin.py:190} INFO - [2025-02-06T12:58:41.334+0000] {dag.py:3239} INFO - Sync 1 DAGs
[2025-02-06T12:58:41.386+0000] {logging_mixin.py:190} INFO - [2025-02-06T12:58:41.386+0000] {dag.py:4180} INFO - Setting next_dagrun for latest_only_with_trigger to 2025-02-06 08:00:00+00:00, run_after=2025-02-06 12:00:00+00:00
[2025-02-06T12:58:41.494+0000] {processor.py:208} INFO - Processing /opt/conda/lib/python3.12/site-packages/airflow/example_dags/example_latest_only_with_trigger.py took 0.227 seconds
[2025-02-06T13:02:16.755+0000] {processor.py:186} INFO - Started process (PID=1371) to work on /opt/conda/lib/python3.12/site-packages/airflow/example_dags/example_latest_only_with_trigger.py
[2025-02-06T13:02:16.756+0000] {processor.py:914} INFO - Processing file /opt/conda/lib/python3.12/site-packages/airflow/example_dags/example_latest_only_with_trigger.py for tasks to queue
[2025-02-06T13:02:16.758+0000] {logging_mixin.py:190} INFO - [2025-02-06T13:02:16.758+0000] {dagbag.py:588} INFO - Filling up the DagBag from /opt/conda/lib/python3.12/site-packages/airflow/example_dags/example_latest_only_with_trigger.py
[2025-02-06T13:02:16.765+0000] {processor.py:925} INFO - DAG(s) 'latest_only_with_trigger' retrieved from /opt/conda/lib/python3.12/site-packages/airflow/example_dags/example_latest_only_with_trigger.py
[2025-02-06T13:02:16.788+0000] {logging_mixin.py:190} INFO - [2025-02-06T13:02:16.788+0000] {dag.py:3239} INFO - Sync 1 DAGs
[2025-02-06T13:02:16.813+0000] {logging_mixin.py:190} INFO - [2025-02-06T13:02:16.812+0000] {dag.py:4180} INFO - Setting next_dagrun for latest_only_with_trigger to 2025-02-06 08:00:00+00:00, run_after=2025-02-06 12:00:00+00:00
[2025-02-06T13:02:16.876+0000] {processor.py:208} INFO - Processing /opt/conda/lib/python3.12/site-packages/airflow/example_dags/example_latest_only_with_trigger.py took 0.125 seconds
[2025-02-06T13:04:45.928+0000] {processor.py:186} INFO - Started process (PID=2202) to work on /opt/conda/lib/python3.12/site-packages/airflow/example_dags/example_latest_only_with_trigger.py
[2025-02-06T13:04:45.929+0000] {processor.py:914} INFO - Processing file /opt/conda/lib/python3.12/site-packages/airflow/example_dags/example_latest_only_with_trigger.py for tasks to queue
[2025-02-06T13:04:45.931+0000] {logging_mixin.py:190} INFO - [2025-02-06T13:04:45.931+0000] {dagbag.py:588} INFO - Filling up the DagBag from /opt/conda/lib/python3.12/site-packages/airflow/example_dags/example_latest_only_with_trigger.py
[2025-02-06T13:04:45.938+0000] {processor.py:925} INFO - DAG(s) 'latest_only_with_trigger' retrieved from /opt/conda/lib/python3.12/site-packages/airflow/example_dags/example_latest_only_with_trigger.py
[2025-02-06T13:04:45.965+0000] {logging_mixin.py:190} INFO - [2025-02-06T13:04:45.965+0000] {dag.py:3239} INFO - Sync 1 DAGs
[2025-02-06T13:04:45.997+0000] {logging_mixin.py:190} INFO - [2025-02-06T13:04:45.997+0000] {dag.py:4180} INFO - Setting next_dagrun for latest_only_with_trigger to 2025-02-06 08:00:00+00:00, run_after=2025-02-06 12:00:00+00:00
[2025-02-06T13:04:46.061+0000] {processor.py:208} INFO - Processing /opt/conda/lib/python3.12/site-packages/airflow/example_dags/example_latest_only_with_trigger.py took 0.138 seconds
[2025-02-06T13:19:33.554+0000] {processor.py:186} INFO - Started process (PID=429) to work on /opt/conda/lib/python3.12/site-packages/airflow/example_dags/example_latest_only_with_trigger.py
[2025-02-06T13:19:33.555+0000] {processor.py:914} INFO - Processing file /opt/conda/lib/python3.12/site-packages/airflow/example_dags/example_latest_only_with_trigger.py for tasks to queue
[2025-02-06T13:19:33.558+0000] {logging_mixin.py:190} INFO - [2025-02-06T13:19:33.558+0000] {dagbag.py:588} INFO - Filling up the DagBag from /opt/conda/lib/python3.12/site-packages/airflow/example_dags/example_latest_only_with_trigger.py
[2025-02-06T13:19:33.569+0000] {processor.py:925} INFO - DAG(s) 'latest_only_with_trigger' retrieved from /opt/conda/lib/python3.12/site-packages/airflow/example_dags/example_latest_only_with_trigger.py
[2025-02-06T13:19:33.602+0000] {logging_mixin.py:190} INFO - [2025-02-06T13:19:33.602+0000] {dag.py:3239} INFO - Sync 1 DAGs
[2025-02-06T13:19:33.626+0000] {logging_mixin.py:190} INFO - [2025-02-06T13:19:33.626+0000] {dag.py:4180} INFO - Setting next_dagrun for latest_only_with_trigger to 2025-02-06 08:00:00+00:00, run_after=2025-02-06 12:00:00+00:00
[2025-02-06T13:19:33.687+0000] {processor.py:208} INFO - Processing /opt/conda/lib/python3.12/site-packages/airflow/example_dags/example_latest_only_with_trigger.py took 0.139 seconds
[2025-02-06T13:23:26.803+0000] {processor.py:186} INFO - Started process (PID=1885) to work on /opt/conda/lib/python3.12/site-packages/airflow/example_dags/example_latest_only_with_trigger.py
[2025-02-06T13:23:26.804+0000] {processor.py:914} INFO - Processing file /opt/conda/lib/python3.12/site-packages/airflow/example_dags/example_latest_only_with_trigger.py for tasks to queue
[2025-02-06T13:23:26.807+0000] {logging_mixin.py:190} INFO - [2025-02-06T13:23:26.806+0000] {dagbag.py:588} INFO - Filling up the DagBag from /opt/conda/lib/python3.12/site-packages/airflow/example_dags/example_latest_only_with_trigger.py
[2025-02-06T13:23:26.814+0000] {processor.py:925} INFO - DAG(s) 'latest_only_with_trigger' retrieved from /opt/conda/lib/python3.12/site-packages/airflow/example_dags/example_latest_only_with_trigger.py
[2025-02-06T13:23:26.839+0000] {logging_mixin.py:190} INFO - [2025-02-06T13:23:26.839+0000] {dag.py:3239} INFO - Sync 1 DAGs
[2025-02-06T13:23:26.862+0000] {logging_mixin.py:190} INFO - [2025-02-06T13:23:26.862+0000] {dag.py:4180} INFO - Setting next_dagrun for latest_only_with_trigger to 2025-02-06 08:00:00+00:00, run_after=2025-02-06 12:00:00+00:00
[2025-02-06T13:23:26.929+0000] {processor.py:208} INFO - Processing /opt/conda/lib/python3.12/site-packages/airflow/example_dags/example_latest_only_with_trigger.py took 0.131 seconds
[2025-02-06T13:27:51.335+0000] {processor.py:186} INFO - Started process (PID=3828) to work on /opt/conda/lib/python3.12/site-packages/airflow/example_dags/example_latest_only_with_trigger.py
[2025-02-06T13:27:51.336+0000] {processor.py:914} INFO - Processing file /opt/conda/lib/python3.12/site-packages/airflow/example_dags/example_latest_only_with_trigger.py for tasks to queue
[2025-02-06T13:27:51.338+0000] {logging_mixin.py:190} INFO - [2025-02-06T13:27:51.338+0000] {dagbag.py:588} INFO - Filling up the DagBag from /opt/conda/lib/python3.12/site-packages/airflow/example_dags/example_latest_only_with_trigger.py
[2025-02-06T13:27:51.346+0000] {processor.py:925} INFO - DAG(s) 'latest_only_with_trigger' retrieved from /opt/conda/lib/python3.12/site-packages/airflow/example_dags/example_latest_only_with_trigger.py
[2025-02-06T13:27:51.367+0000] {logging_mixin.py:190} INFO - [2025-02-06T13:27:51.367+0000] {dag.py:3239} INFO - Sync 1 DAGs
[2025-02-06T13:27:51.394+0000] {logging_mixin.py:190} INFO - [2025-02-06T13:27:51.394+0000] {dag.py:4180} INFO - Setting next_dagrun for latest_only_with_trigger to 2025-02-06 08:00:00+00:00, run_after=2025-02-06 12:00:00+00:00
[2025-02-06T13:27:51.463+0000] {processor.py:208} INFO - Processing /opt/conda/lib/python3.12/site-packages/airflow/example_dags/example_latest_only_with_trigger.py took 0.132 seconds
[2025-02-06T13:32:00.001+0000] {processor.py:186} INFO - Started process (PID=5492) to work on /opt/conda/lib/python3.12/site-packages/airflow/example_dags/example_latest_only_with_trigger.py
[2025-02-06T13:32:00.002+0000] {processor.py:914} INFO - Processing file /opt/conda/lib/python3.12/site-packages/airflow/example_dags/example_latest_only_with_trigger.py for tasks to queue
[2025-02-06T13:32:00.004+0000] {logging_mixin.py:190} INFO - [2025-02-06T13:32:00.003+0000] {dagbag.py:588} INFO - Filling up the DagBag from /opt/conda/lib/python3.12/site-packages/airflow/example_dags/example_latest_only_with_trigger.py
[2025-02-06T13:32:00.012+0000] {processor.py:925} INFO - DAG(s) 'latest_only_with_trigger' retrieved from /opt/conda/lib/python3.12/site-packages/airflow/example_dags/example_latest_only_with_trigger.py
[2025-02-06T13:32:00.036+0000] {logging_mixin.py:190} INFO - [2025-02-06T13:32:00.035+0000] {dag.py:3239} INFO - Sync 1 DAGs
[2025-02-06T13:32:00.056+0000] {logging_mixin.py:190} INFO - [2025-02-06T13:32:00.056+0000] {dag.py:4180} INFO - Setting next_dagrun for latest_only_with_trigger to 2025-02-06 08:00:00+00:00, run_after=2025-02-06 12:00:00+00:00
[2025-02-06T13:32:00.108+0000] {processor.py:208} INFO - Processing /opt/conda/lib/python3.12/site-packages/airflow/example_dags/example_latest_only_with_trigger.py took 0.112 seconds
