[2025-02-06T08:27:44.839+0000] {processor.py:186} INFO - Started process (PID=88) to work on /opt/conda/lib/python3.12/site-packages/airflow/example_dags/example_branch_labels.py
[2025-02-06T08:27:44.840+0000] {processor.py:914} INFO - Processing file /opt/conda/lib/python3.12/site-packages/airflow/example_dags/example_branch_labels.py for tasks to queue
[2025-02-06T08:27:44.842+0000] {logging_mixin.py:190} INFO - [2025-02-06T08:27:44.842+0000] {dagbag.py:588} INFO - Filling up the DagBag from /opt/conda/lib/python3.12/site-packages/airflow/example_dags/example_branch_labels.py
[2025-02-06T08:27:44.858+0000] {processor.py:925} INFO - DAG(s) 'example_branch_labels' retrieved from /opt/conda/lib/python3.12/site-packages/airflow/example_dags/example_branch_labels.py
[2025-02-06T08:27:44.988+0000] {logging_mixin.py:190} INFO - [2025-02-06T08:27:44.987+0000] {override.py:1912} INFO - Created Permission View: can delete on DAG:example_branch_labels
[2025-02-06T08:27:45.025+0000] {logging_mixin.py:190} INFO - [2025-02-06T08:27:45.025+0000] {override.py:1912} INFO - Created Permission View: can read on DAG:example_branch_labels
[2025-02-06T08:27:45.061+0000] {logging_mixin.py:190} INFO - [2025-02-06T08:27:45.060+0000] {override.py:1912} INFO - Created Permission View: can edit on DAG:example_branch_labels
[2025-02-06T08:27:45.114+0000] {logging_mixin.py:190} INFO - [2025-02-06T08:27:45.114+0000] {override.py:1912} INFO - Created Permission View: menu access on DAG Run:example_branch_labels
[2025-02-06T08:27:45.147+0000] {logging_mixin.py:190} INFO - [2025-02-06T08:27:45.147+0000] {override.py:1912} INFO - Created Permission View: can create on DAG Run:example_branch_labels
[2025-02-06T08:27:45.183+0000] {logging_mixin.py:190} INFO - [2025-02-06T08:27:45.183+0000] {override.py:1912} INFO - Created Permission View: can read on DAG Run:example_branch_labels
[2025-02-06T08:27:45.216+0000] {logging_mixin.py:190} INFO - [2025-02-06T08:27:45.216+0000] {override.py:1912} INFO - Created Permission View: can delete on DAG Run:example_branch_labels
[2025-02-06T08:27:45.217+0000] {logging_mixin.py:190} INFO - [2025-02-06T08:27:45.217+0000] {dag.py:3239} INFO - Sync 1 DAGs
[2025-02-06T08:27:45.232+0000] {logging_mixin.py:190} INFO - [2025-02-06T08:27:45.232+0000] {dag.py:3262} INFO - Creating ORM DAG for example_branch_labels
[2025-02-06T08:27:45.243+0000] {logging_mixin.py:190} INFO - [2025-02-06T08:27:45.243+0000] {dag.py:4180} INFO - Setting next_dagrun for example_branch_labels to 2025-02-05 00:00:00+00:00, run_after=2025-02-06 00:00:00+00:00
[2025-02-06T08:27:45.302+0000] {processor.py:208} INFO - Processing /opt/conda/lib/python3.12/site-packages/airflow/example_dags/example_branch_labels.py took 0.469 seconds
[2025-02-06T08:31:16.108+0000] {processor.py:186} INFO - Started process (PID=89) to work on /opt/conda/lib/python3.12/site-packages/airflow/example_dags/example_branch_labels.py
[2025-02-06T08:31:16.109+0000] {processor.py:914} INFO - Processing file /opt/conda/lib/python3.12/site-packages/airflow/example_dags/example_branch_labels.py for tasks to queue
[2025-02-06T08:31:16.111+0000] {logging_mixin.py:190} INFO - [2025-02-06T08:31:16.110+0000] {dagbag.py:588} INFO - Filling up the DagBag from /opt/conda/lib/python3.12/site-packages/airflow/example_dags/example_branch_labels.py
[2025-02-06T08:31:16.128+0000] {processor.py:925} INFO - DAG(s) 'example_branch_labels' retrieved from /opt/conda/lib/python3.12/site-packages/airflow/example_dags/example_branch_labels.py
[2025-02-06T08:31:16.160+0000] {logging_mixin.py:190} INFO - [2025-02-06T08:31:16.160+0000] {dag.py:3239} INFO - Sync 1 DAGs
[2025-02-06T08:31:16.190+0000] {logging_mixin.py:190} INFO - [2025-02-06T08:31:16.190+0000] {dag.py:4180} INFO - Setting next_dagrun for example_branch_labels to 2025-02-05 00:00:00+00:00, run_after=2025-02-06 00:00:00+00:00
[2025-02-06T08:31:16.250+0000] {processor.py:208} INFO - Processing /opt/conda/lib/python3.12/site-packages/airflow/example_dags/example_branch_labels.py took 0.149 seconds
[2025-02-06T08:32:28.491+0000] {processor.py:186} INFO - Started process (PID=152) to work on /opt/conda/lib/python3.12/site-packages/airflow/example_dags/example_branch_labels.py
[2025-02-06T08:32:28.493+0000] {processor.py:914} INFO - Processing file /opt/conda/lib/python3.12/site-packages/airflow/example_dags/example_branch_labels.py for tasks to queue
[2025-02-06T08:32:28.494+0000] {logging_mixin.py:190} INFO - [2025-02-06T08:32:28.494+0000] {dagbag.py:588} INFO - Filling up the DagBag from /opt/conda/lib/python3.12/site-packages/airflow/example_dags/example_branch_labels.py
[2025-02-06T08:32:28.502+0000] {processor.py:925} INFO - DAG(s) 'example_branch_labels' retrieved from /opt/conda/lib/python3.12/site-packages/airflow/example_dags/example_branch_labels.py
[2025-02-06T08:32:28.526+0000] {logging_mixin.py:190} INFO - [2025-02-06T08:32:28.525+0000] {dag.py:3239} INFO - Sync 1 DAGs
[2025-02-06T08:32:28.547+0000] {logging_mixin.py:190} INFO - [2025-02-06T08:32:28.546+0000] {dag.py:4180} INFO - Setting next_dagrun for example_branch_labels to 2025-02-05 00:00:00+00:00, run_after=2025-02-06 00:00:00+00:00
[2025-02-06T08:32:28.600+0000] {processor.py:208} INFO - Processing /opt/conda/lib/python3.12/site-packages/airflow/example_dags/example_branch_labels.py took 0.113 seconds
[2025-02-06T08:33:38.493+0000] {processor.py:186} INFO - Started process (PID=213) to work on /opt/conda/lib/python3.12/site-packages/airflow/example_dags/example_branch_labels.py
[2025-02-06T08:33:38.494+0000] {processor.py:914} INFO - Processing file /opt/conda/lib/python3.12/site-packages/airflow/example_dags/example_branch_labels.py for tasks to queue
[2025-02-06T08:33:38.495+0000] {logging_mixin.py:190} INFO - [2025-02-06T08:33:38.495+0000] {dagbag.py:588} INFO - Filling up the DagBag from /opt/conda/lib/python3.12/site-packages/airflow/example_dags/example_branch_labels.py
[2025-02-06T08:33:38.503+0000] {processor.py:925} INFO - DAG(s) 'example_branch_labels' retrieved from /opt/conda/lib/python3.12/site-packages/airflow/example_dags/example_branch_labels.py
[2025-02-06T08:33:38.523+0000] {logging_mixin.py:190} INFO - [2025-02-06T08:33:38.522+0000] {dag.py:3239} INFO - Sync 1 DAGs
[2025-02-06T08:33:38.543+0000] {logging_mixin.py:190} INFO - [2025-02-06T08:33:38.543+0000] {dag.py:4180} INFO - Setting next_dagrun for example_branch_labels to 2025-02-05 00:00:00+00:00, run_after=2025-02-06 00:00:00+00:00
[2025-02-06T08:33:38.608+0000] {processor.py:208} INFO - Processing /opt/conda/lib/python3.12/site-packages/airflow/example_dags/example_branch_labels.py took 0.119 seconds
[2025-02-06T08:34:54.153+0000] {processor.py:186} INFO - Started process (PID=276) to work on /opt/conda/lib/python3.12/site-packages/airflow/example_dags/example_branch_labels.py
[2025-02-06T08:34:54.154+0000] {processor.py:914} INFO - Processing file /opt/conda/lib/python3.12/site-packages/airflow/example_dags/example_branch_labels.py for tasks to queue
[2025-02-06T08:34:54.155+0000] {logging_mixin.py:190} INFO - [2025-02-06T08:34:54.155+0000] {dagbag.py:588} INFO - Filling up the DagBag from /opt/conda/lib/python3.12/site-packages/airflow/example_dags/example_branch_labels.py
[2025-02-06T08:34:54.162+0000] {processor.py:925} INFO - DAG(s) 'example_branch_labels' retrieved from /opt/conda/lib/python3.12/site-packages/airflow/example_dags/example_branch_labels.py
[2025-02-06T08:34:54.185+0000] {logging_mixin.py:190} INFO - [2025-02-06T08:34:54.185+0000] {dag.py:3239} INFO - Sync 1 DAGs
[2025-02-06T08:34:54.205+0000] {logging_mixin.py:190} INFO - [2025-02-06T08:34:54.205+0000] {dag.py:4180} INFO - Setting next_dagrun for example_branch_labels to 2025-02-05 00:00:00+00:00, run_after=2025-02-06 00:00:00+00:00
[2025-02-06T08:34:54.277+0000] {processor.py:208} INFO - Processing /opt/conda/lib/python3.12/site-packages/airflow/example_dags/example_branch_labels.py took 0.128 seconds
[2025-02-06T08:36:10.906+0000] {processor.py:186} INFO - Started process (PID=342) to work on /opt/conda/lib/python3.12/site-packages/airflow/example_dags/example_branch_labels.py
[2025-02-06T08:36:10.907+0000] {processor.py:914} INFO - Processing file /opt/conda/lib/python3.12/site-packages/airflow/example_dags/example_branch_labels.py for tasks to queue
[2025-02-06T08:36:10.908+0000] {logging_mixin.py:190} INFO - [2025-02-06T08:36:10.908+0000] {dagbag.py:588} INFO - Filling up the DagBag from /opt/conda/lib/python3.12/site-packages/airflow/example_dags/example_branch_labels.py
[2025-02-06T08:36:10.916+0000] {processor.py:925} INFO - DAG(s) 'example_branch_labels' retrieved from /opt/conda/lib/python3.12/site-packages/airflow/example_dags/example_branch_labels.py
[2025-02-06T08:36:10.941+0000] {logging_mixin.py:190} INFO - [2025-02-06T08:36:10.941+0000] {dag.py:3239} INFO - Sync 1 DAGs
[2025-02-06T08:36:11.056+0000] {logging_mixin.py:190} INFO - [2025-02-06T08:36:11.056+0000] {dag.py:4180} INFO - Setting next_dagrun for example_branch_labels to 2025-02-05 00:00:00+00:00, run_after=2025-02-06 00:00:00+00:00
[2025-02-06T08:36:11.126+0000] {processor.py:208} INFO - Processing /opt/conda/lib/python3.12/site-packages/airflow/example_dags/example_branch_labels.py took 0.224 seconds
[2025-02-06T08:37:33.064+0000] {processor.py:186} INFO - Started process (PID=409) to work on /opt/conda/lib/python3.12/site-packages/airflow/example_dags/example_branch_labels.py
[2025-02-06T08:37:33.065+0000] {processor.py:914} INFO - Processing file /opt/conda/lib/python3.12/site-packages/airflow/example_dags/example_branch_labels.py for tasks to queue
[2025-02-06T08:37:33.067+0000] {logging_mixin.py:190} INFO - [2025-02-06T08:37:33.066+0000] {dagbag.py:588} INFO - Filling up the DagBag from /opt/conda/lib/python3.12/site-packages/airflow/example_dags/example_branch_labels.py
[2025-02-06T08:37:33.074+0000] {processor.py:925} INFO - DAG(s) 'example_branch_labels' retrieved from /opt/conda/lib/python3.12/site-packages/airflow/example_dags/example_branch_labels.py
[2025-02-06T08:37:33.096+0000] {logging_mixin.py:190} INFO - [2025-02-06T08:37:33.096+0000] {dag.py:3239} INFO - Sync 1 DAGs
[2025-02-06T08:37:33.123+0000] {logging_mixin.py:190} INFO - [2025-02-06T08:37:33.123+0000] {dag.py:4180} INFO - Setting next_dagrun for example_branch_labels to 2025-02-05 00:00:00+00:00, run_after=2025-02-06 00:00:00+00:00
[2025-02-06T08:37:33.182+0000] {processor.py:208} INFO - Processing /opt/conda/lib/python3.12/site-packages/airflow/example_dags/example_branch_labels.py took 0.122 seconds
[2025-02-06T08:38:49.041+0000] {processor.py:186} INFO - Started process (PID=474) to work on /opt/conda/lib/python3.12/site-packages/airflow/example_dags/example_branch_labels.py
[2025-02-06T08:38:49.042+0000] {processor.py:914} INFO - Processing file /opt/conda/lib/python3.12/site-packages/airflow/example_dags/example_branch_labels.py for tasks to queue
[2025-02-06T08:38:49.044+0000] {logging_mixin.py:190} INFO - [2025-02-06T08:38:49.043+0000] {dagbag.py:588} INFO - Filling up the DagBag from /opt/conda/lib/python3.12/site-packages/airflow/example_dags/example_branch_labels.py
[2025-02-06T08:38:49.057+0000] {processor.py:925} INFO - DAG(s) 'example_branch_labels' retrieved from /opt/conda/lib/python3.12/site-packages/airflow/example_dags/example_branch_labels.py
[2025-02-06T08:38:49.092+0000] {logging_mixin.py:190} INFO - [2025-02-06T08:38:49.092+0000] {dag.py:3239} INFO - Sync 1 DAGs
[2025-02-06T08:38:49.123+0000] {logging_mixin.py:190} INFO - [2025-02-06T08:38:49.123+0000] {dag.py:4180} INFO - Setting next_dagrun for example_branch_labels to 2025-02-05 00:00:00+00:00, run_after=2025-02-06 00:00:00+00:00
[2025-02-06T08:38:49.182+0000] {processor.py:208} INFO - Processing /opt/conda/lib/python3.12/site-packages/airflow/example_dags/example_branch_labels.py took 0.147 seconds
[2025-02-06T08:40:06.688+0000] {processor.py:186} INFO - Started process (PID=540) to work on /opt/conda/lib/python3.12/site-packages/airflow/example_dags/example_branch_labels.py
[2025-02-06T08:40:06.689+0000] {processor.py:914} INFO - Processing file /opt/conda/lib/python3.12/site-packages/airflow/example_dags/example_branch_labels.py for tasks to queue
[2025-02-06T08:40:06.690+0000] {logging_mixin.py:190} INFO - [2025-02-06T08:40:06.690+0000] {dagbag.py:588} INFO - Filling up the DagBag from /opt/conda/lib/python3.12/site-packages/airflow/example_dags/example_branch_labels.py
[2025-02-06T08:40:06.698+0000] {processor.py:925} INFO - DAG(s) 'example_branch_labels' retrieved from /opt/conda/lib/python3.12/site-packages/airflow/example_dags/example_branch_labels.py
[2025-02-06T08:40:06.719+0000] {logging_mixin.py:190} INFO - [2025-02-06T08:40:06.719+0000] {dag.py:3239} INFO - Sync 1 DAGs
[2025-02-06T08:40:06.742+0000] {logging_mixin.py:190} INFO - [2025-02-06T08:40:06.742+0000] {dag.py:4180} INFO - Setting next_dagrun for example_branch_labels to 2025-02-05 00:00:00+00:00, run_after=2025-02-06 00:00:00+00:00
[2025-02-06T08:40:06.802+0000] {processor.py:208} INFO - Processing /opt/conda/lib/python3.12/site-packages/airflow/example_dags/example_branch_labels.py took 0.117 seconds
[2025-02-06T08:41:23.259+0000] {processor.py:186} INFO - Started process (PID=606) to work on /opt/conda/lib/python3.12/site-packages/airflow/example_dags/example_branch_labels.py
[2025-02-06T08:41:23.260+0000] {processor.py:914} INFO - Processing file /opt/conda/lib/python3.12/site-packages/airflow/example_dags/example_branch_labels.py for tasks to queue
[2025-02-06T08:41:23.261+0000] {logging_mixin.py:190} INFO - [2025-02-06T08:41:23.261+0000] {dagbag.py:588} INFO - Filling up the DagBag from /opt/conda/lib/python3.12/site-packages/airflow/example_dags/example_branch_labels.py
[2025-02-06T08:41:23.269+0000] {processor.py:925} INFO - DAG(s) 'example_branch_labels' retrieved from /opt/conda/lib/python3.12/site-packages/airflow/example_dags/example_branch_labels.py
[2025-02-06T08:41:23.292+0000] {logging_mixin.py:190} INFO - [2025-02-06T08:41:23.292+0000] {dag.py:3239} INFO - Sync 1 DAGs
[2025-02-06T08:41:23.313+0000] {logging_mixin.py:190} INFO - [2025-02-06T08:41:23.313+0000] {dag.py:4180} INFO - Setting next_dagrun for example_branch_labels to 2025-02-05 00:00:00+00:00, run_after=2025-02-06 00:00:00+00:00
[2025-02-06T08:41:23.364+0000] {processor.py:208} INFO - Processing /opt/conda/lib/python3.12/site-packages/airflow/example_dags/example_branch_labels.py took 0.109 seconds
[2025-02-06T08:42:38.809+0000] {processor.py:186} INFO - Started process (PID=670) to work on /opt/conda/lib/python3.12/site-packages/airflow/example_dags/example_branch_labels.py
[2025-02-06T08:42:38.811+0000] {processor.py:914} INFO - Processing file /opt/conda/lib/python3.12/site-packages/airflow/example_dags/example_branch_labels.py for tasks to queue
[2025-02-06T08:42:38.812+0000] {logging_mixin.py:190} INFO - [2025-02-06T08:42:38.812+0000] {dagbag.py:588} INFO - Filling up the DagBag from /opt/conda/lib/python3.12/site-packages/airflow/example_dags/example_branch_labels.py
[2025-02-06T08:42:38.819+0000] {processor.py:925} INFO - DAG(s) 'example_branch_labels' retrieved from /opt/conda/lib/python3.12/site-packages/airflow/example_dags/example_branch_labels.py
[2025-02-06T08:42:38.842+0000] {logging_mixin.py:190} INFO - [2025-02-06T08:42:38.841+0000] {dag.py:3239} INFO - Sync 1 DAGs
[2025-02-06T08:42:38.863+0000] {logging_mixin.py:190} INFO - [2025-02-06T08:42:38.863+0000] {dag.py:4180} INFO - Setting next_dagrun for example_branch_labels to 2025-02-05 00:00:00+00:00, run_after=2025-02-06 00:00:00+00:00
[2025-02-06T08:42:38.922+0000] {processor.py:208} INFO - Processing /opt/conda/lib/python3.12/site-packages/airflow/example_dags/example_branch_labels.py took 0.116 seconds
[2025-02-06T08:44:11.972+0000] {processor.py:186} INFO - Started process (PID=89) to work on /opt/conda/lib/python3.12/site-packages/airflow/example_dags/example_branch_labels.py
[2025-02-06T08:44:11.973+0000] {processor.py:914} INFO - Processing file /opt/conda/lib/python3.12/site-packages/airflow/example_dags/example_branch_labels.py for tasks to queue
[2025-02-06T08:44:11.975+0000] {logging_mixin.py:190} INFO - [2025-02-06T08:44:11.975+0000] {dagbag.py:588} INFO - Filling up the DagBag from /opt/conda/lib/python3.12/site-packages/airflow/example_dags/example_branch_labels.py
[2025-02-06T08:44:11.982+0000] {processor.py:925} INFO - DAG(s) 'example_branch_labels' retrieved from /opt/conda/lib/python3.12/site-packages/airflow/example_dags/example_branch_labels.py
[2025-02-06T08:44:12.007+0000] {logging_mixin.py:190} INFO - [2025-02-06T08:44:12.007+0000] {dag.py:3239} INFO - Sync 1 DAGs
[2025-02-06T08:44:12.034+0000] {logging_mixin.py:190} INFO - [2025-02-06T08:44:12.034+0000] {dag.py:4180} INFO - Setting next_dagrun for example_branch_labels to 2025-02-05 00:00:00+00:00, run_after=2025-02-06 00:00:00+00:00
[2025-02-06T08:44:12.087+0000] {processor.py:208} INFO - Processing /opt/conda/lib/python3.12/site-packages/airflow/example_dags/example_branch_labels.py took 0.119 seconds
[2025-02-06T08:45:26.869+0000] {processor.py:186} INFO - Started process (PID=155) to work on /opt/conda/lib/python3.12/site-packages/airflow/example_dags/example_branch_labels.py
[2025-02-06T08:45:26.871+0000] {processor.py:914} INFO - Processing file /opt/conda/lib/python3.12/site-packages/airflow/example_dags/example_branch_labels.py for tasks to queue
[2025-02-06T08:45:26.875+0000] {logging_mixin.py:190} INFO - [2025-02-06T08:45:26.875+0000] {dagbag.py:588} INFO - Filling up the DagBag from /opt/conda/lib/python3.12/site-packages/airflow/example_dags/example_branch_labels.py
[2025-02-06T08:45:26.883+0000] {processor.py:925} INFO - DAG(s) 'example_branch_labels' retrieved from /opt/conda/lib/python3.12/site-packages/airflow/example_dags/example_branch_labels.py
[2025-02-06T08:45:26.908+0000] {logging_mixin.py:190} INFO - [2025-02-06T08:45:26.908+0000] {dag.py:3239} INFO - Sync 1 DAGs
[2025-02-06T08:45:26.928+0000] {logging_mixin.py:190} INFO - [2025-02-06T08:45:26.928+0000] {dag.py:4180} INFO - Setting next_dagrun for example_branch_labels to 2025-02-05 00:00:00+00:00, run_after=2025-02-06 00:00:00+00:00
[2025-02-06T08:45:26.986+0000] {processor.py:208} INFO - Processing /opt/conda/lib/python3.12/site-packages/airflow/example_dags/example_branch_labels.py took 0.121 seconds
[2025-02-06T08:50:44.812+0000] {processor.py:186} INFO - Started process (PID=353) to work on /opt/conda/lib/python3.12/site-packages/airflow/example_dags/example_branch_labels.py
[2025-02-06T08:50:44.814+0000] {processor.py:914} INFO - Processing file /opt/conda/lib/python3.12/site-packages/airflow/example_dags/example_branch_labels.py for tasks to queue
[2025-02-06T08:50:44.819+0000] {logging_mixin.py:190} INFO - [2025-02-06T08:50:44.818+0000] {dagbag.py:588} INFO - Filling up the DagBag from /opt/conda/lib/python3.12/site-packages/airflow/example_dags/example_branch_labels.py
[2025-02-06T08:50:44.827+0000] {processor.py:925} INFO - DAG(s) 'example_branch_labels' retrieved from /opt/conda/lib/python3.12/site-packages/airflow/example_dags/example_branch_labels.py
[2025-02-06T08:50:44.855+0000] {logging_mixin.py:190} INFO - [2025-02-06T08:50:44.855+0000] {dag.py:3239} INFO - Sync 1 DAGs
[2025-02-06T08:50:44.877+0000] {logging_mixin.py:190} INFO - [2025-02-06T08:50:44.877+0000] {dag.py:4180} INFO - Setting next_dagrun for example_branch_labels to 2025-02-05 00:00:00+00:00, run_after=2025-02-06 00:00:00+00:00
[2025-02-06T08:50:44.956+0000] {processor.py:208} INFO - Processing /opt/conda/lib/python3.12/site-packages/airflow/example_dags/example_branch_labels.py took 0.148 seconds
[2025-02-06T08:55:52.265+0000] {processor.py:186} INFO - Started process (PID=928) to work on /opt/conda/lib/python3.12/site-packages/airflow/example_dags/example_branch_labels.py
[2025-02-06T08:55:52.266+0000] {processor.py:914} INFO - Processing file /opt/conda/lib/python3.12/site-packages/airflow/example_dags/example_branch_labels.py for tasks to queue
[2025-02-06T08:55:52.268+0000] {logging_mixin.py:190} INFO - [2025-02-06T08:55:52.268+0000] {dagbag.py:588} INFO - Filling up the DagBag from /opt/conda/lib/python3.12/site-packages/airflow/example_dags/example_branch_labels.py
[2025-02-06T08:55:52.276+0000] {processor.py:925} INFO - DAG(s) 'example_branch_labels' retrieved from /opt/conda/lib/python3.12/site-packages/airflow/example_dags/example_branch_labels.py
[2025-02-06T08:55:52.300+0000] {logging_mixin.py:190} INFO - [2025-02-06T08:55:52.300+0000] {dag.py:3239} INFO - Sync 1 DAGs
[2025-02-06T08:55:52.321+0000] {logging_mixin.py:190} INFO - [2025-02-06T08:55:52.321+0000] {dag.py:4180} INFO - Setting next_dagrun for example_branch_labels to 2025-02-05 00:00:00+00:00, run_after=2025-02-06 00:00:00+00:00
[2025-02-06T08:55:52.378+0000] {processor.py:208} INFO - Processing /opt/conda/lib/python3.12/site-packages/airflow/example_dags/example_branch_labels.py took 0.119 seconds
[2025-02-06T09:06:30.637+0000] {processor.py:186} INFO - Started process (PID=269) to work on /opt/conda/lib/python3.12/site-packages/airflow/example_dags/example_branch_labels.py
[2025-02-06T09:06:30.638+0000] {processor.py:914} INFO - Processing file /opt/conda/lib/python3.12/site-packages/airflow/example_dags/example_branch_labels.py for tasks to queue
[2025-02-06T09:06:30.640+0000] {logging_mixin.py:190} INFO - [2025-02-06T09:06:30.640+0000] {dagbag.py:588} INFO - Filling up the DagBag from /opt/conda/lib/python3.12/site-packages/airflow/example_dags/example_branch_labels.py
[2025-02-06T09:06:30.647+0000] {processor.py:925} INFO - DAG(s) 'example_branch_labels' retrieved from /opt/conda/lib/python3.12/site-packages/airflow/example_dags/example_branch_labels.py
[2025-02-06T09:06:30.669+0000] {logging_mixin.py:190} INFO - [2025-02-06T09:06:30.669+0000] {dag.py:3239} INFO - Sync 1 DAGs
[2025-02-06T09:06:30.689+0000] {logging_mixin.py:190} INFO - [2025-02-06T09:06:30.689+0000] {dag.py:4180} INFO - Setting next_dagrun for example_branch_labels to 2025-02-05 00:00:00+00:00, run_after=2025-02-06 00:00:00+00:00
[2025-02-06T09:06:30.772+0000] {processor.py:208} INFO - Processing /opt/conda/lib/python3.12/site-packages/airflow/example_dags/example_branch_labels.py took 0.139 seconds
[2025-02-06T09:11:16.111+0000] {processor.py:186} INFO - Started process (PID=807) to work on /opt/conda/lib/python3.12/site-packages/airflow/example_dags/example_branch_labels.py
[2025-02-06T09:11:16.113+0000] {processor.py:914} INFO - Processing file /opt/conda/lib/python3.12/site-packages/airflow/example_dags/example_branch_labels.py for tasks to queue
[2025-02-06T09:11:16.114+0000] {logging_mixin.py:190} INFO - [2025-02-06T09:11:16.114+0000] {dagbag.py:588} INFO - Filling up the DagBag from /opt/conda/lib/python3.12/site-packages/airflow/example_dags/example_branch_labels.py
[2025-02-06T09:11:16.122+0000] {processor.py:925} INFO - DAG(s) 'example_branch_labels' retrieved from /opt/conda/lib/python3.12/site-packages/airflow/example_dags/example_branch_labels.py
[2025-02-06T09:11:16.142+0000] {logging_mixin.py:190} INFO - [2025-02-06T09:11:16.142+0000] {dag.py:3239} INFO - Sync 1 DAGs
[2025-02-06T09:11:16.163+0000] {logging_mixin.py:190} INFO - [2025-02-06T09:11:16.162+0000] {dag.py:4180} INFO - Setting next_dagrun for example_branch_labels to 2025-02-05 00:00:00+00:00, run_after=2025-02-06 00:00:00+00:00
[2025-02-06T09:11:16.224+0000] {processor.py:208} INFO - Processing /opt/conda/lib/python3.12/site-packages/airflow/example_dags/example_branch_labels.py took 0.117 seconds
[2025-02-06T09:16:09.478+0000] {processor.py:186} INFO - Started process (PID=1345) to work on /opt/conda/lib/python3.12/site-packages/airflow/example_dags/example_branch_labels.py
[2025-02-06T09:16:09.479+0000] {processor.py:914} INFO - Processing file /opt/conda/lib/python3.12/site-packages/airflow/example_dags/example_branch_labels.py for tasks to queue
[2025-02-06T09:16:09.481+0000] {logging_mixin.py:190} INFO - [2025-02-06T09:16:09.480+0000] {dagbag.py:588} INFO - Filling up the DagBag from /opt/conda/lib/python3.12/site-packages/airflow/example_dags/example_branch_labels.py
[2025-02-06T09:16:09.487+0000] {processor.py:925} INFO - DAG(s) 'example_branch_labels' retrieved from /opt/conda/lib/python3.12/site-packages/airflow/example_dags/example_branch_labels.py
[2025-02-06T09:16:09.509+0000] {logging_mixin.py:190} INFO - [2025-02-06T09:16:09.509+0000] {dag.py:3239} INFO - Sync 1 DAGs
[2025-02-06T09:16:09.528+0000] {logging_mixin.py:190} INFO - [2025-02-06T09:16:09.528+0000] {dag.py:4180} INFO - Setting next_dagrun for example_branch_labels to 2025-02-05 00:00:00+00:00, run_after=2025-02-06 00:00:00+00:00
[2025-02-06T09:16:09.579+0000] {processor.py:208} INFO - Processing /opt/conda/lib/python3.12/site-packages/airflow/example_dags/example_branch_labels.py took 0.104 seconds
[2025-02-06T09:20:55.464+0000] {processor.py:186} INFO - Started process (PID=1853) to work on /opt/conda/lib/python3.12/site-packages/airflow/example_dags/example_branch_labels.py
[2025-02-06T09:20:55.465+0000] {processor.py:914} INFO - Processing file /opt/conda/lib/python3.12/site-packages/airflow/example_dags/example_branch_labels.py for tasks to queue
[2025-02-06T09:20:55.467+0000] {logging_mixin.py:190} INFO - [2025-02-06T09:20:55.467+0000] {dagbag.py:588} INFO - Filling up the DagBag from /opt/conda/lib/python3.12/site-packages/airflow/example_dags/example_branch_labels.py
[2025-02-06T09:20:55.475+0000] {processor.py:925} INFO - DAG(s) 'example_branch_labels' retrieved from /opt/conda/lib/python3.12/site-packages/airflow/example_dags/example_branch_labels.py
[2025-02-06T09:20:55.497+0000] {logging_mixin.py:190} INFO - [2025-02-06T09:20:55.497+0000] {dag.py:3239} INFO - Sync 1 DAGs
[2025-02-06T09:20:55.521+0000] {logging_mixin.py:190} INFO - [2025-02-06T09:20:55.521+0000] {dag.py:4180} INFO - Setting next_dagrun for example_branch_labels to 2025-02-05 00:00:00+00:00, run_after=2025-02-06 00:00:00+00:00
[2025-02-06T09:20:55.575+0000] {processor.py:208} INFO - Processing /opt/conda/lib/python3.12/site-packages/airflow/example_dags/example_branch_labels.py took 0.115 seconds
[2025-02-06T09:34:42.742+0000] {processor.py:186} INFO - Started process (PID=635) to work on /opt/conda/lib/python3.12/site-packages/airflow/example_dags/example_branch_labels.py
[2025-02-06T09:34:42.743+0000] {processor.py:914} INFO - Processing file /opt/conda/lib/python3.12/site-packages/airflow/example_dags/example_branch_labels.py for tasks to queue
[2025-02-06T09:34:42.746+0000] {logging_mixin.py:190} INFO - [2025-02-06T09:34:42.745+0000] {dagbag.py:588} INFO - Filling up the DagBag from /opt/conda/lib/python3.12/site-packages/airflow/example_dags/example_branch_labels.py
[2025-02-06T09:34:42.754+0000] {processor.py:925} INFO - DAG(s) 'example_branch_labels' retrieved from /opt/conda/lib/python3.12/site-packages/airflow/example_dags/example_branch_labels.py
[2025-02-06T09:34:42.780+0000] {logging_mixin.py:190} INFO - [2025-02-06T09:34:42.780+0000] {dag.py:3239} INFO - Sync 1 DAGs
[2025-02-06T09:34:42.808+0000] {logging_mixin.py:190} INFO - [2025-02-06T09:34:42.807+0000] {dag.py:4180} INFO - Setting next_dagrun for example_branch_labels to 2025-02-05 00:00:00+00:00, run_after=2025-02-06 00:00:00+00:00
[2025-02-06T09:34:42.883+0000] {processor.py:208} INFO - Processing /opt/conda/lib/python3.12/site-packages/airflow/example_dags/example_branch_labels.py took 0.145 seconds
[2025-02-06T09:43:20.422+0000] {processor.py:186} INFO - Started process (PID=1528) to work on /opt/conda/lib/python3.12/site-packages/airflow/example_dags/example_branch_labels.py
[2025-02-06T09:43:20.423+0000] {processor.py:914} INFO - Processing file /opt/conda/lib/python3.12/site-packages/airflow/example_dags/example_branch_labels.py for tasks to queue
[2025-02-06T09:43:20.425+0000] {logging_mixin.py:190} INFO - [2025-02-06T09:43:20.425+0000] {dagbag.py:588} INFO - Filling up the DagBag from /opt/conda/lib/python3.12/site-packages/airflow/example_dags/example_branch_labels.py
[2025-02-06T09:43:20.434+0000] {processor.py:925} INFO - DAG(s) 'example_branch_labels' retrieved from /opt/conda/lib/python3.12/site-packages/airflow/example_dags/example_branch_labels.py
[2025-02-06T09:43:20.468+0000] {logging_mixin.py:190} INFO - [2025-02-06T09:43:20.468+0000] {dag.py:3239} INFO - Sync 1 DAGs
[2025-02-06T09:43:20.502+0000] {logging_mixin.py:190} INFO - [2025-02-06T09:43:20.502+0000] {dag.py:4180} INFO - Setting next_dagrun for example_branch_labels to 2025-02-05 00:00:00+00:00, run_after=2025-02-06 00:00:00+00:00
[2025-02-06T09:43:20.569+0000] {processor.py:208} INFO - Processing /opt/conda/lib/python3.12/site-packages/airflow/example_dags/example_branch_labels.py took 0.152 seconds
[2025-02-06T09:52:05.588+0000] {processor.py:186} INFO - Started process (PID=600) to work on /opt/conda/lib/python3.12/site-packages/airflow/example_dags/example_branch_labels.py
[2025-02-06T09:52:05.590+0000] {processor.py:914} INFO - Processing file /opt/conda/lib/python3.12/site-packages/airflow/example_dags/example_branch_labels.py for tasks to queue
[2025-02-06T09:52:05.592+0000] {logging_mixin.py:190} INFO - [2025-02-06T09:52:05.592+0000] {dagbag.py:588} INFO - Filling up the DagBag from /opt/conda/lib/python3.12/site-packages/airflow/example_dags/example_branch_labels.py
[2025-02-06T09:52:05.605+0000] {processor.py:925} INFO - DAG(s) 'example_branch_labels' retrieved from /opt/conda/lib/python3.12/site-packages/airflow/example_dags/example_branch_labels.py
[2025-02-06T09:52:05.633+0000] {logging_mixin.py:190} INFO - [2025-02-06T09:52:05.632+0000] {dag.py:3239} INFO - Sync 1 DAGs
[2025-02-06T09:52:05.660+0000] {logging_mixin.py:190} INFO - [2025-02-06T09:52:05.660+0000] {dag.py:4180} INFO - Setting next_dagrun for example_branch_labels to 2025-02-05 00:00:00+00:00, run_after=2025-02-06 00:00:00+00:00
[2025-02-06T09:52:05.726+0000] {processor.py:208} INFO - Processing /opt/conda/lib/python3.12/site-packages/airflow/example_dags/example_branch_labels.py took 0.143 seconds
[2025-02-06T10:01:17.797+0000] {processor.py:186} INFO - Started process (PID=1617) to work on /opt/conda/lib/python3.12/site-packages/airflow/example_dags/example_branch_labels.py
[2025-02-06T10:01:17.798+0000] {processor.py:914} INFO - Processing file /opt/conda/lib/python3.12/site-packages/airflow/example_dags/example_branch_labels.py for tasks to queue
[2025-02-06T10:01:17.800+0000] {logging_mixin.py:190} INFO - [2025-02-06T10:01:17.800+0000] {dagbag.py:588} INFO - Filling up the DagBag from /opt/conda/lib/python3.12/site-packages/airflow/example_dags/example_branch_labels.py
[2025-02-06T10:01:17.807+0000] {processor.py:925} INFO - DAG(s) 'example_branch_labels' retrieved from /opt/conda/lib/python3.12/site-packages/airflow/example_dags/example_branch_labels.py
[2025-02-06T10:01:17.831+0000] {logging_mixin.py:190} INFO - [2025-02-06T10:01:17.830+0000] {dag.py:3239} INFO - Sync 1 DAGs
[2025-02-06T10:01:17.854+0000] {logging_mixin.py:190} INFO - [2025-02-06T10:01:17.854+0000] {dag.py:4180} INFO - Setting next_dagrun for example_branch_labels to 2025-02-05 00:00:00+00:00, run_after=2025-02-06 00:00:00+00:00
[2025-02-06T10:01:17.904+0000] {processor.py:208} INFO - Processing /opt/conda/lib/python3.12/site-packages/airflow/example_dags/example_branch_labels.py took 0.111 seconds
[2025-02-06T10:06:28.219+0000] {processor.py:186} INFO - Started process (PID=2086) to work on /opt/conda/lib/python3.12/site-packages/airflow/example_dags/example_branch_labels.py
[2025-02-06T10:06:28.220+0000] {processor.py:914} INFO - Processing file /opt/conda/lib/python3.12/site-packages/airflow/example_dags/example_branch_labels.py for tasks to queue
[2025-02-06T10:06:28.221+0000] {logging_mixin.py:190} INFO - [2025-02-06T10:06:28.221+0000] {dagbag.py:588} INFO - Filling up the DagBag from /opt/conda/lib/python3.12/site-packages/airflow/example_dags/example_branch_labels.py
[2025-02-06T10:06:28.229+0000] {processor.py:925} INFO - DAG(s) 'example_branch_labels' retrieved from /opt/conda/lib/python3.12/site-packages/airflow/example_dags/example_branch_labels.py
[2025-02-06T10:06:28.250+0000] {logging_mixin.py:190} INFO - [2025-02-06T10:06:28.250+0000] {dag.py:3239} INFO - Sync 1 DAGs
[2025-02-06T10:06:28.271+0000] {logging_mixin.py:190} INFO - [2025-02-06T10:06:28.270+0000] {dag.py:4180} INFO - Setting next_dagrun for example_branch_labels to 2025-02-05 00:00:00+00:00, run_after=2025-02-06 00:00:00+00:00
[2025-02-06T10:06:28.326+0000] {processor.py:208} INFO - Processing /opt/conda/lib/python3.12/site-packages/airflow/example_dags/example_branch_labels.py took 0.111 seconds
[2025-02-06T10:16:49.048+0000] {processor.py:186} INFO - Started process (PID=3154) to work on /opt/conda/lib/python3.12/site-packages/airflow/example_dags/example_branch_labels.py
[2025-02-06T10:16:49.049+0000] {processor.py:914} INFO - Processing file /opt/conda/lib/python3.12/site-packages/airflow/example_dags/example_branch_labels.py for tasks to queue
[2025-02-06T10:16:49.051+0000] {logging_mixin.py:190} INFO - [2025-02-06T10:16:49.050+0000] {dagbag.py:588} INFO - Filling up the DagBag from /opt/conda/lib/python3.12/site-packages/airflow/example_dags/example_branch_labels.py
[2025-02-06T10:16:49.059+0000] {processor.py:925} INFO - DAG(s) 'example_branch_labels' retrieved from /opt/conda/lib/python3.12/site-packages/airflow/example_dags/example_branch_labels.py
[2025-02-06T10:16:49.080+0000] {logging_mixin.py:190} INFO - [2025-02-06T10:16:49.079+0000] {dag.py:3239} INFO - Sync 1 DAGs
[2025-02-06T10:16:49.100+0000] {logging_mixin.py:190} INFO - [2025-02-06T10:16:49.100+0000] {dag.py:4180} INFO - Setting next_dagrun for example_branch_labels to 2025-02-05 00:00:00+00:00, run_after=2025-02-06 00:00:00+00:00
[2025-02-06T10:16:49.147+0000] {processor.py:208} INFO - Processing /opt/conda/lib/python3.12/site-packages/airflow/example_dags/example_branch_labels.py took 0.103 seconds
[2025-02-06T10:24:34.803+0000] {processor.py:186} INFO - Started process (PID=3913) to work on /opt/conda/lib/python3.12/site-packages/airflow/example_dags/example_branch_labels.py
[2025-02-06T10:24:34.804+0000] {processor.py:914} INFO - Processing file /opt/conda/lib/python3.12/site-packages/airflow/example_dags/example_branch_labels.py for tasks to queue
[2025-02-06T10:24:34.806+0000] {logging_mixin.py:190} INFO - [2025-02-06T10:24:34.805+0000] {dagbag.py:588} INFO - Filling up the DagBag from /opt/conda/lib/python3.12/site-packages/airflow/example_dags/example_branch_labels.py
[2025-02-06T10:24:34.814+0000] {processor.py:925} INFO - DAG(s) 'example_branch_labels' retrieved from /opt/conda/lib/python3.12/site-packages/airflow/example_dags/example_branch_labels.py
[2025-02-06T10:24:34.836+0000] {logging_mixin.py:190} INFO - [2025-02-06T10:24:34.836+0000] {dag.py:3239} INFO - Sync 1 DAGs
[2025-02-06T10:24:34.858+0000] {logging_mixin.py:190} INFO - [2025-02-06T10:24:34.858+0000] {dag.py:4180} INFO - Setting next_dagrun for example_branch_labels to 2025-02-05 00:00:00+00:00, run_after=2025-02-06 00:00:00+00:00
[2025-02-06T10:24:34.909+0000] {processor.py:208} INFO - Processing /opt/conda/lib/python3.12/site-packages/airflow/example_dags/example_branch_labels.py took 0.110 seconds
[2025-02-06T11:42:58.825+0000] {processor.py:186} INFO - Started process (PID=1030) to work on /opt/conda/lib/python3.12/site-packages/airflow/example_dags/example_branch_labels.py
[2025-02-06T11:42:58.836+0000] {processor.py:914} INFO - Processing file /opt/conda/lib/python3.12/site-packages/airflow/example_dags/example_branch_labels.py for tasks to queue
[2025-02-06T11:42:58.840+0000] {logging_mixin.py:190} INFO - [2025-02-06T11:42:58.839+0000] {dagbag.py:588} INFO - Filling up the DagBag from /opt/conda/lib/python3.12/site-packages/airflow/example_dags/example_branch_labels.py
[2025-02-06T11:42:58.854+0000] {processor.py:925} INFO - DAG(s) 'example_branch_labels' retrieved from /opt/conda/lib/python3.12/site-packages/airflow/example_dags/example_branch_labels.py
[2025-02-06T11:42:58.895+0000] {logging_mixin.py:190} INFO - [2025-02-06T11:42:58.894+0000] {dag.py:3239} INFO - Sync 1 DAGs
[2025-02-06T11:42:58.949+0000] {logging_mixin.py:190} INFO - [2025-02-06T11:42:58.949+0000] {dag.py:4180} INFO - Setting next_dagrun for example_branch_labels to 2025-02-05 00:00:00+00:00, run_after=2025-02-06 00:00:00+00:00
[2025-02-06T11:42:59.199+0000] {processor.py:208} INFO - Processing /opt/conda/lib/python3.12/site-packages/airflow/example_dags/example_branch_labels.py took 0.380 seconds
[2025-02-06T11:51:04.510+0000] {processor.py:186} INFO - Started process (PID=2897) to work on /opt/conda/lib/python3.12/site-packages/airflow/example_dags/example_branch_labels.py
[2025-02-06T11:51:04.512+0000] {processor.py:914} INFO - Processing file /opt/conda/lib/python3.12/site-packages/airflow/example_dags/example_branch_labels.py for tasks to queue
[2025-02-06T11:51:04.513+0000] {logging_mixin.py:190} INFO - [2025-02-06T11:51:04.513+0000] {dagbag.py:588} INFO - Filling up the DagBag from /opt/conda/lib/python3.12/site-packages/airflow/example_dags/example_branch_labels.py
[2025-02-06T11:51:04.524+0000] {processor.py:925} INFO - DAG(s) 'example_branch_labels' retrieved from /opt/conda/lib/python3.12/site-packages/airflow/example_dags/example_branch_labels.py
[2025-02-06T11:51:04.571+0000] {logging_mixin.py:190} INFO - [2025-02-06T11:51:04.571+0000] {dag.py:3239} INFO - Sync 1 DAGs
[2025-02-06T11:51:04.605+0000] {logging_mixin.py:190} INFO - [2025-02-06T11:51:04.604+0000] {dag.py:4180} INFO - Setting next_dagrun for example_branch_labels to 2025-02-05 00:00:00+00:00, run_after=2025-02-06 00:00:00+00:00
[2025-02-06T11:51:04.697+0000] {processor.py:208} INFO - Processing /opt/conda/lib/python3.12/site-packages/airflow/example_dags/example_branch_labels.py took 0.194 seconds
[2025-02-06T12:06:18.084+0000] {processor.py:186} INFO - Started process (PID=1048) to work on /opt/conda/lib/python3.12/site-packages/airflow/example_dags/example_branch_labels.py
[2025-02-06T12:06:18.085+0000] {processor.py:914} INFO - Processing file /opt/conda/lib/python3.12/site-packages/airflow/example_dags/example_branch_labels.py for tasks to queue
[2025-02-06T12:06:18.088+0000] {logging_mixin.py:190} INFO - [2025-02-06T12:06:18.087+0000] {dagbag.py:588} INFO - Filling up the DagBag from /opt/conda/lib/python3.12/site-packages/airflow/example_dags/example_branch_labels.py
[2025-02-06T12:06:18.095+0000] {processor.py:925} INFO - DAG(s) 'example_branch_labels' retrieved from /opt/conda/lib/python3.12/site-packages/airflow/example_dags/example_branch_labels.py
[2025-02-06T12:06:18.116+0000] {logging_mixin.py:190} INFO - [2025-02-06T12:06:18.116+0000] {dag.py:3239} INFO - Sync 1 DAGs
[2025-02-06T12:06:18.138+0000] {logging_mixin.py:190} INFO - [2025-02-06T12:06:18.137+0000] {dag.py:4180} INFO - Setting next_dagrun for example_branch_labels to 2025-02-05 00:00:00+00:00, run_after=2025-02-06 00:00:00+00:00
[2025-02-06T12:06:18.198+0000] {processor.py:208} INFO - Processing /opt/conda/lib/python3.12/site-packages/airflow/example_dags/example_branch_labels.py took 0.118 seconds
[2025-02-06T12:25:43.175+0000] {processor.py:186} INFO - Started process (PID=1687) to work on /opt/conda/lib/python3.12/site-packages/airflow/example_dags/example_branch_labels.py
[2025-02-06T12:25:43.176+0000] {processor.py:914} INFO - Processing file /opt/conda/lib/python3.12/site-packages/airflow/example_dags/example_branch_labels.py for tasks to queue
[2025-02-06T12:25:43.179+0000] {logging_mixin.py:190} INFO - [2025-02-06T12:25:43.178+0000] {dagbag.py:588} INFO - Filling up the DagBag from /opt/conda/lib/python3.12/site-packages/airflow/example_dags/example_branch_labels.py
[2025-02-06T12:25:43.187+0000] {processor.py:925} INFO - DAG(s) 'example_branch_labels' retrieved from /opt/conda/lib/python3.12/site-packages/airflow/example_dags/example_branch_labels.py
[2025-02-06T12:25:43.211+0000] {logging_mixin.py:190} INFO - [2025-02-06T12:25:43.211+0000] {dag.py:3239} INFO - Sync 1 DAGs
[2025-02-06T12:25:43.231+0000] {logging_mixin.py:190} INFO - [2025-02-06T12:25:43.231+0000] {dag.py:4180} INFO - Setting next_dagrun for example_branch_labels to 2025-02-05 00:00:00+00:00, run_after=2025-02-06 00:00:00+00:00
[2025-02-06T12:25:43.348+0000] {processor.py:208} INFO - Processing /opt/conda/lib/python3.12/site-packages/airflow/example_dags/example_branch_labels.py took 0.177 seconds
[2025-02-06T12:29:53.093+0000] {processor.py:186} INFO - Started process (PID=3824) to work on /opt/conda/lib/python3.12/site-packages/airflow/example_dags/example_branch_labels.py
[2025-02-06T12:29:53.094+0000] {processor.py:914} INFO - Processing file /opt/conda/lib/python3.12/site-packages/airflow/example_dags/example_branch_labels.py for tasks to queue
[2025-02-06T12:29:53.096+0000] {logging_mixin.py:190} INFO - [2025-02-06T12:29:53.096+0000] {dagbag.py:588} INFO - Filling up the DagBag from /opt/conda/lib/python3.12/site-packages/airflow/example_dags/example_branch_labels.py
[2025-02-06T12:29:53.104+0000] {processor.py:925} INFO - DAG(s) 'example_branch_labels' retrieved from /opt/conda/lib/python3.12/site-packages/airflow/example_dags/example_branch_labels.py
[2025-02-06T12:29:53.135+0000] {logging_mixin.py:190} INFO - [2025-02-06T12:29:53.134+0000] {dag.py:3239} INFO - Sync 1 DAGs
[2025-02-06T12:29:53.158+0000] {logging_mixin.py:190} INFO - [2025-02-06T12:29:53.158+0000] {dag.py:4180} INFO - Setting next_dagrun for example_branch_labels to 2025-02-05 00:00:00+00:00, run_after=2025-02-06 00:00:00+00:00
[2025-02-06T12:29:53.212+0000] {processor.py:208} INFO - Processing /opt/conda/lib/python3.12/site-packages/airflow/example_dags/example_branch_labels.py took 0.123 seconds
[2025-02-06T12:37:58.399+0000] {processor.py:186} INFO - Started process (PID=7993) to work on /opt/conda/lib/python3.12/site-packages/airflow/example_dags/example_branch_labels.py
[2025-02-06T12:37:58.400+0000] {processor.py:914} INFO - Processing file /opt/conda/lib/python3.12/site-packages/airflow/example_dags/example_branch_labels.py for tasks to queue
[2025-02-06T12:37:58.402+0000] {logging_mixin.py:190} INFO - [2025-02-06T12:37:58.401+0000] {dagbag.py:588} INFO - Filling up the DagBag from /opt/conda/lib/python3.12/site-packages/airflow/example_dags/example_branch_labels.py
[2025-02-06T12:37:58.409+0000] {processor.py:925} INFO - DAG(s) 'example_branch_labels' retrieved from /opt/conda/lib/python3.12/site-packages/airflow/example_dags/example_branch_labels.py
[2025-02-06T12:37:58.434+0000] {logging_mixin.py:190} INFO - [2025-02-06T12:37:58.434+0000] {dag.py:3239} INFO - Sync 1 DAGs
[2025-02-06T12:37:58.458+0000] {logging_mixin.py:190} INFO - [2025-02-06T12:37:58.458+0000] {dag.py:4180} INFO - Setting next_dagrun for example_branch_labels to 2025-02-05 00:00:00+00:00, run_after=2025-02-06 00:00:00+00:00
[2025-02-06T12:37:58.514+0000] {processor.py:208} INFO - Processing /opt/conda/lib/python3.12/site-packages/airflow/example_dags/example_branch_labels.py took 0.119 seconds
[2025-02-06T12:46:10.300+0000] {processor.py:186} INFO - Started process (PID=12195) to work on /opt/conda/lib/python3.12/site-packages/airflow/example_dags/example_branch_labels.py
[2025-02-06T12:46:10.301+0000] {processor.py:914} INFO - Processing file /opt/conda/lib/python3.12/site-packages/airflow/example_dags/example_branch_labels.py for tasks to queue
[2025-02-06T12:46:10.303+0000] {logging_mixin.py:190} INFO - [2025-02-06T12:46:10.303+0000] {dagbag.py:588} INFO - Filling up the DagBag from /opt/conda/lib/python3.12/site-packages/airflow/example_dags/example_branch_labels.py
[2025-02-06T12:46:10.310+0000] {processor.py:925} INFO - DAG(s) 'example_branch_labels' retrieved from /opt/conda/lib/python3.12/site-packages/airflow/example_dags/example_branch_labels.py
[2025-02-06T12:46:10.332+0000] {logging_mixin.py:190} INFO - [2025-02-06T12:46:10.332+0000] {dag.py:3239} INFO - Sync 1 DAGs
[2025-02-06T12:46:10.355+0000] {logging_mixin.py:190} INFO - [2025-02-06T12:46:10.354+0000] {dag.py:4180} INFO - Setting next_dagrun for example_branch_labels to 2025-02-05 00:00:00+00:00, run_after=2025-02-06 00:00:00+00:00
[2025-02-06T12:46:10.411+0000] {processor.py:208} INFO - Processing /opt/conda/lib/python3.12/site-packages/airflow/example_dags/example_branch_labels.py took 0.115 seconds
[2025-02-06T13:00:54.148+0000] {processor.py:186} INFO - Started process (PID=908) to work on /opt/conda/lib/python3.12/site-packages/airflow/example_dags/example_branch_labels.py
[2025-02-06T13:00:54.149+0000] {processor.py:914} INFO - Processing file /opt/conda/lib/python3.12/site-packages/airflow/example_dags/example_branch_labels.py for tasks to queue
[2025-02-06T13:00:54.151+0000] {logging_mixin.py:190} INFO - [2025-02-06T13:00:54.151+0000] {dagbag.py:588} INFO - Filling up the DagBag from /opt/conda/lib/python3.12/site-packages/airflow/example_dags/example_branch_labels.py
[2025-02-06T13:00:54.159+0000] {processor.py:925} INFO - DAG(s) 'example_branch_labels' retrieved from /opt/conda/lib/python3.12/site-packages/airflow/example_dags/example_branch_labels.py
[2025-02-06T13:00:54.181+0000] {logging_mixin.py:190} INFO - [2025-02-06T13:00:54.181+0000] {dag.py:3239} INFO - Sync 1 DAGs
[2025-02-06T13:00:54.208+0000] {logging_mixin.py:190} INFO - [2025-02-06T13:00:54.208+0000] {dag.py:4180} INFO - Setting next_dagrun for example_branch_labels to 2025-02-05 00:00:00+00:00, run_after=2025-02-06 00:00:00+00:00
[2025-02-06T13:00:54.271+0000] {processor.py:208} INFO - Processing /opt/conda/lib/python3.12/site-packages/airflow/example_dags/example_branch_labels.py took 0.127 seconds
[2025-02-06T13:05:44.390+0000] {processor.py:186} INFO - Started process (PID=2477) to work on /opt/conda/lib/python3.12/site-packages/airflow/example_dags/example_branch_labels.py
[2025-02-06T13:05:44.391+0000] {processor.py:914} INFO - Processing file /opt/conda/lib/python3.12/site-packages/airflow/example_dags/example_branch_labels.py for tasks to queue
[2025-02-06T13:05:44.393+0000] {logging_mixin.py:190} INFO - [2025-02-06T13:05:44.393+0000] {dagbag.py:588} INFO - Filling up the DagBag from /opt/conda/lib/python3.12/site-packages/airflow/example_dags/example_branch_labels.py
[2025-02-06T13:05:44.404+0000] {processor.py:925} INFO - DAG(s) 'example_branch_labels' retrieved from /opt/conda/lib/python3.12/site-packages/airflow/example_dags/example_branch_labels.py
[2025-02-06T13:05:44.428+0000] {logging_mixin.py:190} INFO - [2025-02-06T13:05:44.428+0000] {dag.py:3239} INFO - Sync 1 DAGs
[2025-02-06T13:05:44.452+0000] {logging_mixin.py:190} INFO - [2025-02-06T13:05:44.451+0000] {dag.py:4180} INFO - Setting next_dagrun for example_branch_labels to 2025-02-05 00:00:00+00:00, run_after=2025-02-06 00:00:00+00:00
[2025-02-06T13:05:44.508+0000] {processor.py:208} INFO - Processing /opt/conda/lib/python3.12/site-packages/airflow/example_dags/example_branch_labels.py took 0.123 seconds
[2025-02-06T13:21:22.381+0000] {processor.py:186} INFO - Started process (PID=1028) to work on /opt/conda/lib/python3.12/site-packages/airflow/example_dags/example_branch_labels.py
[2025-02-06T13:21:22.384+0000] {processor.py:914} INFO - Processing file /opt/conda/lib/python3.12/site-packages/airflow/example_dags/example_branch_labels.py for tasks to queue
[2025-02-06T13:21:22.389+0000] {logging_mixin.py:190} INFO - [2025-02-06T13:21:22.388+0000] {dagbag.py:588} INFO - Filling up the DagBag from /opt/conda/lib/python3.12/site-packages/airflow/example_dags/example_branch_labels.py
[2025-02-06T13:21:22.403+0000] {processor.py:925} INFO - DAG(s) 'example_branch_labels' retrieved from /opt/conda/lib/python3.12/site-packages/airflow/example_dags/example_branch_labels.py
[2025-02-06T13:21:22.436+0000] {logging_mixin.py:190} INFO - [2025-02-06T13:21:22.436+0000] {dag.py:3239} INFO - Sync 1 DAGs
[2025-02-06T13:21:22.466+0000] {logging_mixin.py:190} INFO - [2025-02-06T13:21:22.466+0000] {dag.py:4180} INFO - Setting next_dagrun for example_branch_labels to 2025-02-05 00:00:00+00:00, run_after=2025-02-06 00:00:00+00:00
[2025-02-06T13:21:22.546+0000] {processor.py:208} INFO - Processing /opt/conda/lib/python3.12/site-packages/airflow/example_dags/example_branch_labels.py took 0.174 seconds
[2025-02-06T13:26:19.847+0000] {processor.py:186} INFO - Started process (PID=3145) to work on /opt/conda/lib/python3.12/site-packages/airflow/example_dags/example_branch_labels.py
[2025-02-06T13:26:19.848+0000] {processor.py:914} INFO - Processing file /opt/conda/lib/python3.12/site-packages/airflow/example_dags/example_branch_labels.py for tasks to queue
[2025-02-06T13:26:19.850+0000] {logging_mixin.py:190} INFO - [2025-02-06T13:26:19.850+0000] {dagbag.py:588} INFO - Filling up the DagBag from /opt/conda/lib/python3.12/site-packages/airflow/example_dags/example_branch_labels.py
[2025-02-06T13:26:19.858+0000] {processor.py:925} INFO - DAG(s) 'example_branch_labels' retrieved from /opt/conda/lib/python3.12/site-packages/airflow/example_dags/example_branch_labels.py
[2025-02-06T13:26:19.880+0000] {logging_mixin.py:190} INFO - [2025-02-06T13:26:19.880+0000] {dag.py:3239} INFO - Sync 1 DAGs
[2025-02-06T13:26:19.901+0000] {logging_mixin.py:190} INFO - [2025-02-06T13:26:19.901+0000] {dag.py:4180} INFO - Setting next_dagrun for example_branch_labels to 2025-02-05 00:00:00+00:00, run_after=2025-02-06 00:00:00+00:00
[2025-02-06T13:26:19.958+0000] {processor.py:208} INFO - Processing /opt/conda/lib/python3.12/site-packages/airflow/example_dags/example_branch_labels.py took 0.115 seconds
[2025-02-06T13:33:48.754+0000] {processor.py:186} INFO - Started process (PID=6043) to work on /opt/conda/lib/python3.12/site-packages/airflow/example_dags/example_branch_labels.py
[2025-02-06T13:33:48.755+0000] {processor.py:914} INFO - Processing file /opt/conda/lib/python3.12/site-packages/airflow/example_dags/example_branch_labels.py for tasks to queue
[2025-02-06T13:33:48.756+0000] {logging_mixin.py:190} INFO - [2025-02-06T13:33:48.756+0000] {dagbag.py:588} INFO - Filling up the DagBag from /opt/conda/lib/python3.12/site-packages/airflow/example_dags/example_branch_labels.py
[2025-02-06T13:33:48.769+0000] {processor.py:925} INFO - DAG(s) 'example_branch_labels' retrieved from /opt/conda/lib/python3.12/site-packages/airflow/example_dags/example_branch_labels.py
[2025-02-06T13:33:48.792+0000] {logging_mixin.py:190} INFO - [2025-02-06T13:33:48.791+0000] {dag.py:3239} INFO - Sync 1 DAGs
[2025-02-06T13:33:48.815+0000] {logging_mixin.py:190} INFO - [2025-02-06T13:33:48.815+0000] {dag.py:4180} INFO - Setting next_dagrun for example_branch_labels to 2025-02-05 00:00:00+00:00, run_after=2025-02-06 00:00:00+00:00
[2025-02-06T13:33:48.899+0000] {processor.py:208} INFO - Processing /opt/conda/lib/python3.12/site-packages/airflow/example_dags/example_branch_labels.py took 0.151 seconds
