[2025-02-06T08:27:46.463+0000] {processor.py:186} INFO - Started process (PID=89) to work on /opt/conda/lib/python3.12/site-packages/airflow/example_dags/example_nested_branch_dag.py
[2025-02-06T08:27:46.464+0000] {processor.py:914} INFO - Processing file /opt/conda/lib/python3.12/site-packages/airflow/example_dags/example_nested_branch_dag.py for tasks to queue
[2025-02-06T08:27:46.466+0000] {logging_mixin.py:190} INFO - [2025-02-06T08:27:46.466+0000] {dagbag.py:588} INFO - Filling up the DagBag from /opt/conda/lib/python3.12/site-packages/airflow/example_dags/example_nested_branch_dag.py
[2025-02-06T08:27:46.487+0000] {processor.py:925} INFO - DAG(s) 'example_nested_branch_dag' retrieved from /opt/conda/lib/python3.12/site-packages/airflow/example_dags/example_nested_branch_dag.py
[2025-02-06T08:27:46.619+0000] {logging_mixin.py:190} INFO - [2025-02-06T08:27:46.618+0000] {override.py:1912} INFO - Created Permission View: can delete on DAG:example_nested_branch_dag
[2025-02-06T08:27:46.654+0000] {logging_mixin.py:190} INFO - [2025-02-06T08:27:46.654+0000] {override.py:1912} INFO - Created Permission View: can read on DAG:example_nested_branch_dag
[2025-02-06T08:27:46.688+0000] {logging_mixin.py:190} INFO - [2025-02-06T08:27:46.687+0000] {override.py:1912} INFO - Created Permission View: can edit on DAG:example_nested_branch_dag
[2025-02-06T08:27:46.738+0000] {logging_mixin.py:190} INFO - [2025-02-06T08:27:46.738+0000] {override.py:1912} INFO - Created Permission View: menu access on DAG Run:example_nested_branch_dag
[2025-02-06T08:27:46.770+0000] {logging_mixin.py:190} INFO - [2025-02-06T08:27:46.770+0000] {override.py:1912} INFO - Created Permission View: can create on DAG Run:example_nested_branch_dag
[2025-02-06T08:27:46.811+0000] {logging_mixin.py:190} INFO - [2025-02-06T08:27:46.810+0000] {override.py:1912} INFO - Created Permission View: can read on DAG Run:example_nested_branch_dag
[2025-02-06T08:27:46.844+0000] {logging_mixin.py:190} INFO - [2025-02-06T08:27:46.844+0000] {override.py:1912} INFO - Created Permission View: can delete on DAG Run:example_nested_branch_dag
[2025-02-06T08:27:46.845+0000] {logging_mixin.py:190} INFO - [2025-02-06T08:27:46.845+0000] {dag.py:3239} INFO - Sync 1 DAGs
[2025-02-06T08:27:46.861+0000] {logging_mixin.py:190} INFO - [2025-02-06T08:27:46.861+0000] {dag.py:3262} INFO - Creating ORM DAG for example_nested_branch_dag
[2025-02-06T08:27:46.871+0000] {logging_mixin.py:190} INFO - [2025-02-06T08:27:46.870+0000] {dag.py:4180} INFO - Setting next_dagrun for example_nested_branch_dag to 2025-02-05 00:00:00+00:00, run_after=2025-02-06 00:00:00+00:00
[2025-02-06T08:27:46.930+0000] {processor.py:208} INFO - Processing /opt/conda/lib/python3.12/site-packages/airflow/example_dags/example_nested_branch_dag.py took 0.471 seconds
[2025-02-06T08:31:16.896+0000] {processor.py:186} INFO - Started process (PID=90) to work on /opt/conda/lib/python3.12/site-packages/airflow/example_dags/example_nested_branch_dag.py
[2025-02-06T08:31:16.900+0000] {processor.py:914} INFO - Processing file /opt/conda/lib/python3.12/site-packages/airflow/example_dags/example_nested_branch_dag.py for tasks to queue
[2025-02-06T08:31:16.902+0000] {logging_mixin.py:190} INFO - [2025-02-06T08:31:16.902+0000] {dagbag.py:588} INFO - Filling up the DagBag from /opt/conda/lib/python3.12/site-packages/airflow/example_dags/example_nested_branch_dag.py
[2025-02-06T08:31:16.925+0000] {processor.py:925} INFO - DAG(s) 'example_nested_branch_dag' retrieved from /opt/conda/lib/python3.12/site-packages/airflow/example_dags/example_nested_branch_dag.py
[2025-02-06T08:31:16.961+0000] {logging_mixin.py:190} INFO - [2025-02-06T08:31:16.960+0000] {dag.py:3239} INFO - Sync 1 DAGs
[2025-02-06T08:31:17.001+0000] {logging_mixin.py:190} INFO - [2025-02-06T08:31:17.000+0000] {dag.py:4180} INFO - Setting next_dagrun for example_nested_branch_dag to 2025-02-05 00:00:00+00:00, run_after=2025-02-06 00:00:00+00:00
[2025-02-06T08:31:17.089+0000] {processor.py:208} INFO - Processing /opt/conda/lib/python3.12/site-packages/airflow/example_dags/example_nested_branch_dag.py took 0.199 seconds
[2025-02-06T08:32:29.115+0000] {processor.py:186} INFO - Started process (PID=153) to work on /opt/conda/lib/python3.12/site-packages/airflow/example_dags/example_nested_branch_dag.py
[2025-02-06T08:32:29.116+0000] {processor.py:914} INFO - Processing file /opt/conda/lib/python3.12/site-packages/airflow/example_dags/example_nested_branch_dag.py for tasks to queue
[2025-02-06T08:32:29.117+0000] {logging_mixin.py:190} INFO - [2025-02-06T08:32:29.117+0000] {dagbag.py:588} INFO - Filling up the DagBag from /opt/conda/lib/python3.12/site-packages/airflow/example_dags/example_nested_branch_dag.py
[2025-02-06T08:32:29.126+0000] {processor.py:925} INFO - DAG(s) 'example_nested_branch_dag' retrieved from /opt/conda/lib/python3.12/site-packages/airflow/example_dags/example_nested_branch_dag.py
[2025-02-06T08:32:29.148+0000] {logging_mixin.py:190} INFO - [2025-02-06T08:32:29.147+0000] {dag.py:3239} INFO - Sync 1 DAGs
[2025-02-06T08:32:29.170+0000] {logging_mixin.py:190} INFO - [2025-02-06T08:32:29.169+0000] {dag.py:4180} INFO - Setting next_dagrun for example_nested_branch_dag to 2025-02-05 00:00:00+00:00, run_after=2025-02-06 00:00:00+00:00
[2025-02-06T08:32:29.221+0000] {processor.py:208} INFO - Processing /opt/conda/lib/python3.12/site-packages/airflow/example_dags/example_nested_branch_dag.py took 0.110 seconds
[2025-02-06T08:33:39.790+0000] {processor.py:186} INFO - Started process (PID=214) to work on /opt/conda/lib/python3.12/site-packages/airflow/example_dags/example_nested_branch_dag.py
[2025-02-06T08:33:39.791+0000] {processor.py:914} INFO - Processing file /opt/conda/lib/python3.12/site-packages/airflow/example_dags/example_nested_branch_dag.py for tasks to queue
[2025-02-06T08:33:39.793+0000] {logging_mixin.py:190} INFO - [2025-02-06T08:33:39.792+0000] {dagbag.py:588} INFO - Filling up the DagBag from /opt/conda/lib/python3.12/site-packages/airflow/example_dags/example_nested_branch_dag.py
[2025-02-06T08:33:39.801+0000] {processor.py:925} INFO - DAG(s) 'example_nested_branch_dag' retrieved from /opt/conda/lib/python3.12/site-packages/airflow/example_dags/example_nested_branch_dag.py
[2025-02-06T08:33:39.822+0000] {logging_mixin.py:190} INFO - [2025-02-06T08:33:39.822+0000] {dag.py:3239} INFO - Sync 1 DAGs
[2025-02-06T08:33:39.843+0000] {logging_mixin.py:190} INFO - [2025-02-06T08:33:39.843+0000] {dag.py:4180} INFO - Setting next_dagrun for example_nested_branch_dag to 2025-02-05 00:00:00+00:00, run_after=2025-02-06 00:00:00+00:00
[2025-02-06T08:33:39.907+0000] {processor.py:208} INFO - Processing /opt/conda/lib/python3.12/site-packages/airflow/example_dags/example_nested_branch_dag.py took 0.121 seconds
[2025-02-06T08:34:54.993+0000] {processor.py:186} INFO - Started process (PID=277) to work on /opt/conda/lib/python3.12/site-packages/airflow/example_dags/example_nested_branch_dag.py
[2025-02-06T08:34:54.994+0000] {processor.py:914} INFO - Processing file /opt/conda/lib/python3.12/site-packages/airflow/example_dags/example_nested_branch_dag.py for tasks to queue
[2025-02-06T08:34:54.996+0000] {logging_mixin.py:190} INFO - [2025-02-06T08:34:54.995+0000] {dagbag.py:588} INFO - Filling up the DagBag from /opt/conda/lib/python3.12/site-packages/airflow/example_dags/example_nested_branch_dag.py
[2025-02-06T08:34:55.009+0000] {processor.py:925} INFO - DAG(s) 'example_nested_branch_dag' retrieved from /opt/conda/lib/python3.12/site-packages/airflow/example_dags/example_nested_branch_dag.py
[2025-02-06T08:34:55.041+0000] {logging_mixin.py:190} INFO - [2025-02-06T08:34:55.040+0000] {dag.py:3239} INFO - Sync 1 DAGs
[2025-02-06T08:34:55.067+0000] {logging_mixin.py:190} INFO - [2025-02-06T08:34:55.066+0000] {dag.py:4180} INFO - Setting next_dagrun for example_nested_branch_dag to 2025-02-05 00:00:00+00:00, run_after=2025-02-06 00:00:00+00:00
[2025-02-06T08:34:55.136+0000] {processor.py:208} INFO - Processing /opt/conda/lib/python3.12/site-packages/airflow/example_dags/example_nested_branch_dag.py took 0.146 seconds
[2025-02-06T08:36:12.302+0000] {processor.py:186} INFO - Started process (PID=343) to work on /opt/conda/lib/python3.12/site-packages/airflow/example_dags/example_nested_branch_dag.py
[2025-02-06T08:36:12.303+0000] {processor.py:914} INFO - Processing file /opt/conda/lib/python3.12/site-packages/airflow/example_dags/example_nested_branch_dag.py for tasks to queue
[2025-02-06T08:36:12.304+0000] {logging_mixin.py:190} INFO - [2025-02-06T08:36:12.304+0000] {dagbag.py:588} INFO - Filling up the DagBag from /opt/conda/lib/python3.12/site-packages/airflow/example_dags/example_nested_branch_dag.py
[2025-02-06T08:36:12.312+0000] {processor.py:925} INFO - DAG(s) 'example_nested_branch_dag' retrieved from /opt/conda/lib/python3.12/site-packages/airflow/example_dags/example_nested_branch_dag.py
[2025-02-06T08:36:12.334+0000] {logging_mixin.py:190} INFO - [2025-02-06T08:36:12.333+0000] {dag.py:3239} INFO - Sync 1 DAGs
[2025-02-06T08:36:12.442+0000] {logging_mixin.py:190} INFO - [2025-02-06T08:36:12.442+0000] {dag.py:4180} INFO - Setting next_dagrun for example_nested_branch_dag to 2025-02-05 00:00:00+00:00, run_after=2025-02-06 00:00:00+00:00
[2025-02-06T08:36:12.502+0000] {processor.py:208} INFO - Processing /opt/conda/lib/python3.12/site-packages/airflow/example_dags/example_nested_branch_dag.py took 0.204 seconds
[2025-02-06T08:37:34.355+0000] {processor.py:186} INFO - Started process (PID=410) to work on /opt/conda/lib/python3.12/site-packages/airflow/example_dags/example_nested_branch_dag.py
[2025-02-06T08:37:34.356+0000] {processor.py:914} INFO - Processing file /opt/conda/lib/python3.12/site-packages/airflow/example_dags/example_nested_branch_dag.py for tasks to queue
[2025-02-06T08:37:34.357+0000] {logging_mixin.py:190} INFO - [2025-02-06T08:37:34.357+0000] {dagbag.py:588} INFO - Filling up the DagBag from /opt/conda/lib/python3.12/site-packages/airflow/example_dags/example_nested_branch_dag.py
[2025-02-06T08:37:34.368+0000] {processor.py:925} INFO - DAG(s) 'example_nested_branch_dag' retrieved from /opt/conda/lib/python3.12/site-packages/airflow/example_dags/example_nested_branch_dag.py
[2025-02-06T08:37:34.387+0000] {logging_mixin.py:190} INFO - [2025-02-06T08:37:34.386+0000] {dag.py:3239} INFO - Sync 1 DAGs
[2025-02-06T08:37:34.428+0000] {logging_mixin.py:190} INFO - [2025-02-06T08:37:34.428+0000] {dag.py:4180} INFO - Setting next_dagrun for example_nested_branch_dag to 2025-02-05 00:00:00+00:00, run_after=2025-02-06 00:00:00+00:00
[2025-02-06T08:37:34.487+0000] {processor.py:208} INFO - Processing /opt/conda/lib/python3.12/site-packages/airflow/example_dags/example_nested_branch_dag.py took 0.136 seconds
[2025-02-06T08:38:49.792+0000] {processor.py:186} INFO - Started process (PID=475) to work on /opt/conda/lib/python3.12/site-packages/airflow/example_dags/example_nested_branch_dag.py
[2025-02-06T08:38:49.793+0000] {processor.py:914} INFO - Processing file /opt/conda/lib/python3.12/site-packages/airflow/example_dags/example_nested_branch_dag.py for tasks to queue
[2025-02-06T08:38:49.795+0000] {logging_mixin.py:190} INFO - [2025-02-06T08:38:49.794+0000] {dagbag.py:588} INFO - Filling up the DagBag from /opt/conda/lib/python3.12/site-packages/airflow/example_dags/example_nested_branch_dag.py
[2025-02-06T08:38:49.804+0000] {processor.py:925} INFO - DAG(s) 'example_nested_branch_dag' retrieved from /opt/conda/lib/python3.12/site-packages/airflow/example_dags/example_nested_branch_dag.py
[2025-02-06T08:38:49.831+0000] {logging_mixin.py:190} INFO - [2025-02-06T08:38:49.831+0000] {dag.py:3239} INFO - Sync 1 DAGs
[2025-02-06T08:38:49.858+0000] {logging_mixin.py:190} INFO - [2025-02-06T08:38:49.858+0000] {dag.py:4180} INFO - Setting next_dagrun for example_nested_branch_dag to 2025-02-05 00:00:00+00:00, run_after=2025-02-06 00:00:00+00:00
[2025-02-06T08:38:49.922+0000] {processor.py:208} INFO - Processing /opt/conda/lib/python3.12/site-packages/airflow/example_dags/example_nested_branch_dag.py took 0.135 seconds
[2025-02-06T08:40:08.006+0000] {processor.py:186} INFO - Started process (PID=541) to work on /opt/conda/lib/python3.12/site-packages/airflow/example_dags/example_nested_branch_dag.py
[2025-02-06T08:40:08.008+0000] {processor.py:914} INFO - Processing file /opt/conda/lib/python3.12/site-packages/airflow/example_dags/example_nested_branch_dag.py for tasks to queue
[2025-02-06T08:40:08.010+0000] {logging_mixin.py:190} INFO - [2025-02-06T08:40:08.009+0000] {dagbag.py:588} INFO - Filling up the DagBag from /opt/conda/lib/python3.12/site-packages/airflow/example_dags/example_nested_branch_dag.py
[2025-02-06T08:40:08.020+0000] {processor.py:925} INFO - DAG(s) 'example_nested_branch_dag' retrieved from /opt/conda/lib/python3.12/site-packages/airflow/example_dags/example_nested_branch_dag.py
[2025-02-06T08:40:08.046+0000] {logging_mixin.py:190} INFO - [2025-02-06T08:40:08.046+0000] {dag.py:3239} INFO - Sync 1 DAGs
[2025-02-06T08:40:08.068+0000] {logging_mixin.py:190} INFO - [2025-02-06T08:40:08.067+0000] {dag.py:4180} INFO - Setting next_dagrun for example_nested_branch_dag to 2025-02-05 00:00:00+00:00, run_after=2025-02-06 00:00:00+00:00
[2025-02-06T08:40:08.123+0000] {processor.py:208} INFO - Processing /opt/conda/lib/python3.12/site-packages/airflow/example_dags/example_nested_branch_dag.py took 0.121 seconds
[2025-02-06T08:41:24.122+0000] {processor.py:186} INFO - Started process (PID=607) to work on /opt/conda/lib/python3.12/site-packages/airflow/example_dags/example_nested_branch_dag.py
[2025-02-06T08:41:24.123+0000] {processor.py:914} INFO - Processing file /opt/conda/lib/python3.12/site-packages/airflow/example_dags/example_nested_branch_dag.py for tasks to queue
[2025-02-06T08:41:24.124+0000] {logging_mixin.py:190} INFO - [2025-02-06T08:41:24.124+0000] {dagbag.py:588} INFO - Filling up the DagBag from /opt/conda/lib/python3.12/site-packages/airflow/example_dags/example_nested_branch_dag.py
[2025-02-06T08:41:24.136+0000] {processor.py:925} INFO - DAG(s) 'example_nested_branch_dag' retrieved from /opt/conda/lib/python3.12/site-packages/airflow/example_dags/example_nested_branch_dag.py
[2025-02-06T08:41:24.165+0000] {logging_mixin.py:190} INFO - [2025-02-06T08:41:24.165+0000] {dag.py:3239} INFO - Sync 1 DAGs
[2025-02-06T08:41:24.189+0000] {logging_mixin.py:190} INFO - [2025-02-06T08:41:24.188+0000] {dag.py:4180} INFO - Setting next_dagrun for example_nested_branch_dag to 2025-02-05 00:00:00+00:00, run_after=2025-02-06 00:00:00+00:00
[2025-02-06T08:41:24.254+0000] {processor.py:208} INFO - Processing /opt/conda/lib/python3.12/site-packages/airflow/example_dags/example_nested_branch_dag.py took 0.137 seconds
[2025-02-06T08:42:40.121+0000] {processor.py:186} INFO - Started process (PID=671) to work on /opt/conda/lib/python3.12/site-packages/airflow/example_dags/example_nested_branch_dag.py
[2025-02-06T08:42:40.122+0000] {processor.py:914} INFO - Processing file /opt/conda/lib/python3.12/site-packages/airflow/example_dags/example_nested_branch_dag.py for tasks to queue
[2025-02-06T08:42:40.124+0000] {logging_mixin.py:190} INFO - [2025-02-06T08:42:40.123+0000] {dagbag.py:588} INFO - Filling up the DagBag from /opt/conda/lib/python3.12/site-packages/airflow/example_dags/example_nested_branch_dag.py
[2025-02-06T08:42:40.134+0000] {processor.py:925} INFO - DAG(s) 'example_nested_branch_dag' retrieved from /opt/conda/lib/python3.12/site-packages/airflow/example_dags/example_nested_branch_dag.py
[2025-02-06T08:42:40.156+0000] {logging_mixin.py:190} INFO - [2025-02-06T08:42:40.156+0000] {dag.py:3239} INFO - Sync 1 DAGs
[2025-02-06T08:42:40.183+0000] {logging_mixin.py:190} INFO - [2025-02-06T08:42:40.183+0000] {dag.py:4180} INFO - Setting next_dagrun for example_nested_branch_dag to 2025-02-05 00:00:00+00:00, run_after=2025-02-06 00:00:00+00:00
[2025-02-06T08:42:40.236+0000] {processor.py:208} INFO - Processing /opt/conda/lib/python3.12/site-packages/airflow/example_dags/example_nested_branch_dag.py took 0.119 seconds
[2025-02-06T08:44:13.273+0000] {processor.py:186} INFO - Started process (PID=90) to work on /opt/conda/lib/python3.12/site-packages/airflow/example_dags/example_nested_branch_dag.py
[2025-02-06T08:44:13.274+0000] {processor.py:914} INFO - Processing file /opt/conda/lib/python3.12/site-packages/airflow/example_dags/example_nested_branch_dag.py for tasks to queue
[2025-02-06T08:44:13.276+0000] {logging_mixin.py:190} INFO - [2025-02-06T08:44:13.276+0000] {dagbag.py:588} INFO - Filling up the DagBag from /opt/conda/lib/python3.12/site-packages/airflow/example_dags/example_nested_branch_dag.py
[2025-02-06T08:44:13.286+0000] {processor.py:925} INFO - DAG(s) 'example_nested_branch_dag' retrieved from /opt/conda/lib/python3.12/site-packages/airflow/example_dags/example_nested_branch_dag.py
[2025-02-06T08:44:13.307+0000] {logging_mixin.py:190} INFO - [2025-02-06T08:44:13.307+0000] {dag.py:3239} INFO - Sync 1 DAGs
[2025-02-06T08:44:13.327+0000] {logging_mixin.py:190} INFO - [2025-02-06T08:44:13.327+0000] {dag.py:4180} INFO - Setting next_dagrun for example_nested_branch_dag to 2025-02-05 00:00:00+00:00, run_after=2025-02-06 00:00:00+00:00
[2025-02-06T08:44:13.388+0000] {processor.py:208} INFO - Processing /opt/conda/lib/python3.12/site-packages/airflow/example_dags/example_nested_branch_dag.py took 0.119 seconds
[2025-02-06T08:45:28.172+0000] {processor.py:186} INFO - Started process (PID=156) to work on /opt/conda/lib/python3.12/site-packages/airflow/example_dags/example_nested_branch_dag.py
[2025-02-06T08:45:28.173+0000] {processor.py:914} INFO - Processing file /opt/conda/lib/python3.12/site-packages/airflow/example_dags/example_nested_branch_dag.py for tasks to queue
[2025-02-06T08:45:28.175+0000] {logging_mixin.py:190} INFO - [2025-02-06T08:45:28.175+0000] {dagbag.py:588} INFO - Filling up the DagBag from /opt/conda/lib/python3.12/site-packages/airflow/example_dags/example_nested_branch_dag.py
[2025-02-06T08:45:28.184+0000] {processor.py:925} INFO - DAG(s) 'example_nested_branch_dag' retrieved from /opt/conda/lib/python3.12/site-packages/airflow/example_dags/example_nested_branch_dag.py
[2025-02-06T08:45:28.205+0000] {logging_mixin.py:190} INFO - [2025-02-06T08:45:28.205+0000] {dag.py:3239} INFO - Sync 1 DAGs
[2025-02-06T08:45:28.224+0000] {logging_mixin.py:190} INFO - [2025-02-06T08:45:28.224+0000] {dag.py:4180} INFO - Setting next_dagrun for example_nested_branch_dag to 2025-02-05 00:00:00+00:00, run_after=2025-02-06 00:00:00+00:00
[2025-02-06T08:45:28.292+0000] {processor.py:208} INFO - Processing /opt/conda/lib/python3.12/site-packages/airflow/example_dags/example_nested_branch_dag.py took 0.123 seconds
[2025-02-06T08:50:46.217+0000] {processor.py:186} INFO - Started process (PID=354) to work on /opt/conda/lib/python3.12/site-packages/airflow/example_dags/example_nested_branch_dag.py
[2025-02-06T08:50:46.218+0000] {processor.py:914} INFO - Processing file /opt/conda/lib/python3.12/site-packages/airflow/example_dags/example_nested_branch_dag.py for tasks to queue
[2025-02-06T08:50:46.221+0000] {logging_mixin.py:190} INFO - [2025-02-06T08:50:46.220+0000] {dagbag.py:588} INFO - Filling up the DagBag from /opt/conda/lib/python3.12/site-packages/airflow/example_dags/example_nested_branch_dag.py
[2025-02-06T08:50:46.233+0000] {processor.py:925} INFO - DAG(s) 'example_nested_branch_dag' retrieved from /opt/conda/lib/python3.12/site-packages/airflow/example_dags/example_nested_branch_dag.py
[2025-02-06T08:50:46.262+0000] {logging_mixin.py:190} INFO - [2025-02-06T08:50:46.262+0000] {dag.py:3239} INFO - Sync 1 DAGs
[2025-02-06T08:50:46.292+0000] {logging_mixin.py:190} INFO - [2025-02-06T08:50:46.291+0000] {dag.py:4180} INFO - Setting next_dagrun for example_nested_branch_dag to 2025-02-05 00:00:00+00:00, run_after=2025-02-06 00:00:00+00:00
[2025-02-06T08:50:46.362+0000] {processor.py:208} INFO - Processing /opt/conda/lib/python3.12/site-packages/airflow/example_dags/example_nested_branch_dag.py took 0.150 seconds
[2025-02-06T08:55:57.178+0000] {processor.py:186} INFO - Started process (PID=937) to work on /opt/conda/lib/python3.12/site-packages/airflow/example_dags/example_nested_branch_dag.py
[2025-02-06T08:55:57.179+0000] {processor.py:914} INFO - Processing file /opt/conda/lib/python3.12/site-packages/airflow/example_dags/example_nested_branch_dag.py for tasks to queue
[2025-02-06T08:55:57.181+0000] {logging_mixin.py:190} INFO - [2025-02-06T08:55:57.181+0000] {dagbag.py:588} INFO - Filling up the DagBag from /opt/conda/lib/python3.12/site-packages/airflow/example_dags/example_nested_branch_dag.py
[2025-02-06T08:55:57.191+0000] {processor.py:925} INFO - DAG(s) 'example_nested_branch_dag' retrieved from /opt/conda/lib/python3.12/site-packages/airflow/example_dags/example_nested_branch_dag.py
[2025-02-06T08:55:57.214+0000] {logging_mixin.py:190} INFO - [2025-02-06T08:55:57.214+0000] {dag.py:3239} INFO - Sync 1 DAGs
[2025-02-06T08:55:57.237+0000] {logging_mixin.py:190} INFO - [2025-02-06T08:55:57.237+0000] {dag.py:4180} INFO - Setting next_dagrun for example_nested_branch_dag to 2025-02-05 00:00:00+00:00, run_after=2025-02-06 00:00:00+00:00
[2025-02-06T08:55:57.287+0000] {processor.py:208} INFO - Processing /opt/conda/lib/python3.12/site-packages/airflow/example_dags/example_nested_branch_dag.py took 0.112 seconds
[2025-02-06T09:06:35.244+0000] {processor.py:186} INFO - Started process (PID=278) to work on /opt/conda/lib/python3.12/site-packages/airflow/example_dags/example_nested_branch_dag.py
[2025-02-06T09:06:35.245+0000] {processor.py:914} INFO - Processing file /opt/conda/lib/python3.12/site-packages/airflow/example_dags/example_nested_branch_dag.py for tasks to queue
[2025-02-06T09:06:35.247+0000] {logging_mixin.py:190} INFO - [2025-02-06T09:06:35.247+0000] {dagbag.py:588} INFO - Filling up the DagBag from /opt/conda/lib/python3.12/site-packages/airflow/example_dags/example_nested_branch_dag.py
[2025-02-06T09:06:35.257+0000] {processor.py:925} INFO - DAG(s) 'example_nested_branch_dag' retrieved from /opt/conda/lib/python3.12/site-packages/airflow/example_dags/example_nested_branch_dag.py
[2025-02-06T09:06:35.278+0000] {logging_mixin.py:190} INFO - [2025-02-06T09:06:35.277+0000] {dag.py:3239} INFO - Sync 1 DAGs
[2025-02-06T09:06:35.298+0000] {logging_mixin.py:190} INFO - [2025-02-06T09:06:35.298+0000] {dag.py:4180} INFO - Setting next_dagrun for example_nested_branch_dag to 2025-02-05 00:00:00+00:00, run_after=2025-02-06 00:00:00+00:00
[2025-02-06T09:06:35.348+0000] {processor.py:208} INFO - Processing /opt/conda/lib/python3.12/site-packages/airflow/example_dags/example_nested_branch_dag.py took 0.107 seconds
[2025-02-06T09:11:18.305+0000] {processor.py:186} INFO - Started process (PID=810) to work on /opt/conda/lib/python3.12/site-packages/airflow/example_dags/example_nested_branch_dag.py
[2025-02-06T09:11:18.306+0000] {processor.py:914} INFO - Processing file /opt/conda/lib/python3.12/site-packages/airflow/example_dags/example_nested_branch_dag.py for tasks to queue
[2025-02-06T09:11:18.307+0000] {logging_mixin.py:190} INFO - [2025-02-06T09:11:18.307+0000] {dagbag.py:588} INFO - Filling up the DagBag from /opt/conda/lib/python3.12/site-packages/airflow/example_dags/example_nested_branch_dag.py
[2025-02-06T09:11:18.316+0000] {processor.py:925} INFO - DAG(s) 'example_nested_branch_dag' retrieved from /opt/conda/lib/python3.12/site-packages/airflow/example_dags/example_nested_branch_dag.py
[2025-02-06T09:11:18.342+0000] {logging_mixin.py:190} INFO - [2025-02-06T09:11:18.342+0000] {dag.py:3239} INFO - Sync 1 DAGs
[2025-02-06T09:11:18.367+0000] {logging_mixin.py:190} INFO - [2025-02-06T09:11:18.366+0000] {dag.py:4180} INFO - Setting next_dagrun for example_nested_branch_dag to 2025-02-05 00:00:00+00:00, run_after=2025-02-06 00:00:00+00:00
[2025-02-06T09:11:18.416+0000] {processor.py:208} INFO - Processing /opt/conda/lib/python3.12/site-packages/airflow/example_dags/example_nested_branch_dag.py took 0.115 seconds
[2025-02-06T09:16:12.063+0000] {processor.py:186} INFO - Started process (PID=1350) to work on /opt/conda/lib/python3.12/site-packages/airflow/example_dags/example_nested_branch_dag.py
[2025-02-06T09:16:12.064+0000] {processor.py:914} INFO - Processing file /opt/conda/lib/python3.12/site-packages/airflow/example_dags/example_nested_branch_dag.py for tasks to queue
[2025-02-06T09:16:12.066+0000] {logging_mixin.py:190} INFO - [2025-02-06T09:16:12.066+0000] {dagbag.py:588} INFO - Filling up the DagBag from /opt/conda/lib/python3.12/site-packages/airflow/example_dags/example_nested_branch_dag.py
[2025-02-06T09:16:12.074+0000] {processor.py:925} INFO - DAG(s) 'example_nested_branch_dag' retrieved from /opt/conda/lib/python3.12/site-packages/airflow/example_dags/example_nested_branch_dag.py
[2025-02-06T09:16:12.094+0000] {logging_mixin.py:190} INFO - [2025-02-06T09:16:12.094+0000] {dag.py:3239} INFO - Sync 1 DAGs
[2025-02-06T09:16:12.125+0000] {logging_mixin.py:190} INFO - [2025-02-06T09:16:12.125+0000] {dag.py:4180} INFO - Setting next_dagrun for example_nested_branch_dag to 2025-02-05 00:00:00+00:00, run_after=2025-02-06 00:00:00+00:00
[2025-02-06T09:16:12.177+0000] {processor.py:208} INFO - Processing /opt/conda/lib/python3.12/site-packages/airflow/example_dags/example_nested_branch_dag.py took 0.118 seconds
[2025-02-06T09:20:56.826+0000] {processor.py:186} INFO - Started process (PID=1854) to work on /opt/conda/lib/python3.12/site-packages/airflow/example_dags/example_nested_branch_dag.py
[2025-02-06T09:20:56.827+0000] {processor.py:914} INFO - Processing file /opt/conda/lib/python3.12/site-packages/airflow/example_dags/example_nested_branch_dag.py for tasks to queue
[2025-02-06T09:20:56.829+0000] {logging_mixin.py:190} INFO - [2025-02-06T09:20:56.829+0000] {dagbag.py:588} INFO - Filling up the DagBag from /opt/conda/lib/python3.12/site-packages/airflow/example_dags/example_nested_branch_dag.py
[2025-02-06T09:20:56.838+0000] {processor.py:925} INFO - DAG(s) 'example_nested_branch_dag' retrieved from /opt/conda/lib/python3.12/site-packages/airflow/example_dags/example_nested_branch_dag.py
[2025-02-06T09:20:56.863+0000] {logging_mixin.py:190} INFO - [2025-02-06T09:20:56.862+0000] {dag.py:3239} INFO - Sync 1 DAGs
[2025-02-06T09:20:56.888+0000] {logging_mixin.py:190} INFO - [2025-02-06T09:20:56.888+0000] {dag.py:4180} INFO - Setting next_dagrun for example_nested_branch_dag to 2025-02-05 00:00:00+00:00, run_after=2025-02-06 00:00:00+00:00
[2025-02-06T09:20:56.951+0000] {processor.py:208} INFO - Processing /opt/conda/lib/python3.12/site-packages/airflow/example_dags/example_nested_branch_dag.py took 0.129 seconds
[2025-02-06T09:34:44.079+0000] {processor.py:186} INFO - Started process (PID=636) to work on /opt/conda/lib/python3.12/site-packages/airflow/example_dags/example_nested_branch_dag.py
[2025-02-06T09:34:44.080+0000] {processor.py:914} INFO - Processing file /opt/conda/lib/python3.12/site-packages/airflow/example_dags/example_nested_branch_dag.py for tasks to queue
[2025-02-06T09:34:44.082+0000] {logging_mixin.py:190} INFO - [2025-02-06T09:34:44.082+0000] {dagbag.py:588} INFO - Filling up the DagBag from /opt/conda/lib/python3.12/site-packages/airflow/example_dags/example_nested_branch_dag.py
[2025-02-06T09:34:44.093+0000] {processor.py:925} INFO - DAG(s) 'example_nested_branch_dag' retrieved from /opt/conda/lib/python3.12/site-packages/airflow/example_dags/example_nested_branch_dag.py
[2025-02-06T09:34:44.117+0000] {logging_mixin.py:190} INFO - [2025-02-06T09:34:44.116+0000] {dag.py:3239} INFO - Sync 1 DAGs
[2025-02-06T09:34:44.144+0000] {logging_mixin.py:190} INFO - [2025-02-06T09:34:44.144+0000] {dag.py:4180} INFO - Setting next_dagrun for example_nested_branch_dag to 2025-02-05 00:00:00+00:00, run_after=2025-02-06 00:00:00+00:00
[2025-02-06T09:34:44.213+0000] {processor.py:208} INFO - Processing /opt/conda/lib/python3.12/site-packages/airflow/example_dags/example_nested_branch_dag.py took 0.138 seconds
[2025-02-06T09:43:23.409+0000] {processor.py:186} INFO - Started process (PID=1534) to work on /opt/conda/lib/python3.12/site-packages/airflow/example_dags/example_nested_branch_dag.py
[2025-02-06T09:43:23.410+0000] {processor.py:914} INFO - Processing file /opt/conda/lib/python3.12/site-packages/airflow/example_dags/example_nested_branch_dag.py for tasks to queue
[2025-02-06T09:43:23.412+0000] {logging_mixin.py:190} INFO - [2025-02-06T09:43:23.412+0000] {dagbag.py:588} INFO - Filling up the DagBag from /opt/conda/lib/python3.12/site-packages/airflow/example_dags/example_nested_branch_dag.py
[2025-02-06T09:43:23.422+0000] {processor.py:925} INFO - DAG(s) 'example_nested_branch_dag' retrieved from /opt/conda/lib/python3.12/site-packages/airflow/example_dags/example_nested_branch_dag.py
[2025-02-06T09:43:23.444+0000] {logging_mixin.py:190} INFO - [2025-02-06T09:43:23.444+0000] {dag.py:3239} INFO - Sync 1 DAGs
[2025-02-06T09:43:23.468+0000] {logging_mixin.py:190} INFO - [2025-02-06T09:43:23.468+0000] {dag.py:4180} INFO - Setting next_dagrun for example_nested_branch_dag to 2025-02-05 00:00:00+00:00, run_after=2025-02-06 00:00:00+00:00
[2025-02-06T09:43:23.529+0000] {processor.py:208} INFO - Processing /opt/conda/lib/python3.12/site-packages/airflow/example_dags/example_nested_branch_dag.py took 0.124 seconds
[2025-02-06T09:52:06.947+0000] {processor.py:186} INFO - Started process (PID=601) to work on /opt/conda/lib/python3.12/site-packages/airflow/example_dags/example_nested_branch_dag.py
[2025-02-06T09:52:06.949+0000] {processor.py:914} INFO - Processing file /opt/conda/lib/python3.12/site-packages/airflow/example_dags/example_nested_branch_dag.py for tasks to queue
[2025-02-06T09:52:06.951+0000] {logging_mixin.py:190} INFO - [2025-02-06T09:52:06.951+0000] {dagbag.py:588} INFO - Filling up the DagBag from /opt/conda/lib/python3.12/site-packages/airflow/example_dags/example_nested_branch_dag.py
[2025-02-06T09:52:06.961+0000] {processor.py:925} INFO - DAG(s) 'example_nested_branch_dag' retrieved from /opt/conda/lib/python3.12/site-packages/airflow/example_dags/example_nested_branch_dag.py
[2025-02-06T09:52:06.987+0000] {logging_mixin.py:190} INFO - [2025-02-06T09:52:06.986+0000] {dag.py:3239} INFO - Sync 1 DAGs
[2025-02-06T09:52:07.009+0000] {logging_mixin.py:190} INFO - [2025-02-06T09:52:07.008+0000] {dag.py:4180} INFO - Setting next_dagrun for example_nested_branch_dag to 2025-02-05 00:00:00+00:00, run_after=2025-02-06 00:00:00+00:00
[2025-02-06T09:52:07.075+0000] {processor.py:208} INFO - Processing /opt/conda/lib/python3.12/site-packages/airflow/example_dags/example_nested_branch_dag.py took 0.132 seconds
[2025-02-06T10:01:25.220+0000] {processor.py:186} INFO - Started process (PID=1630) to work on /opt/conda/lib/python3.12/site-packages/airflow/example_dags/example_nested_branch_dag.py
[2025-02-06T10:01:25.221+0000] {processor.py:914} INFO - Processing file /opt/conda/lib/python3.12/site-packages/airflow/example_dags/example_nested_branch_dag.py for tasks to queue
[2025-02-06T10:01:25.223+0000] {logging_mixin.py:190} INFO - [2025-02-06T10:01:25.223+0000] {dagbag.py:588} INFO - Filling up the DagBag from /opt/conda/lib/python3.12/site-packages/airflow/example_dags/example_nested_branch_dag.py
[2025-02-06T10:01:25.234+0000] {processor.py:925} INFO - DAG(s) 'example_nested_branch_dag' retrieved from /opt/conda/lib/python3.12/site-packages/airflow/example_dags/example_nested_branch_dag.py
[2025-02-06T10:01:25.258+0000] {logging_mixin.py:190} INFO - [2025-02-06T10:01:25.258+0000] {dag.py:3239} INFO - Sync 1 DAGs
[2025-02-06T10:01:25.283+0000] {logging_mixin.py:190} INFO - [2025-02-06T10:01:25.283+0000] {dag.py:4180} INFO - Setting next_dagrun for example_nested_branch_dag to 2025-02-05 00:00:00+00:00, run_after=2025-02-06 00:00:00+00:00
[2025-02-06T10:01:25.338+0000] {processor.py:208} INFO - Processing /opt/conda/lib/python3.12/site-packages/airflow/example_dags/example_nested_branch_dag.py took 0.123 seconds
[2025-02-06T10:06:29.595+0000] {processor.py:186} INFO - Started process (PID=2087) to work on /opt/conda/lib/python3.12/site-packages/airflow/example_dags/example_nested_branch_dag.py
[2025-02-06T10:06:29.596+0000] {processor.py:914} INFO - Processing file /opt/conda/lib/python3.12/site-packages/airflow/example_dags/example_nested_branch_dag.py for tasks to queue
[2025-02-06T10:06:29.598+0000] {logging_mixin.py:190} INFO - [2025-02-06T10:06:29.597+0000] {dagbag.py:588} INFO - Filling up the DagBag from /opt/conda/lib/python3.12/site-packages/airflow/example_dags/example_nested_branch_dag.py
[2025-02-06T10:06:29.606+0000] {processor.py:925} INFO - DAG(s) 'example_nested_branch_dag' retrieved from /opt/conda/lib/python3.12/site-packages/airflow/example_dags/example_nested_branch_dag.py
[2025-02-06T10:06:29.629+0000] {logging_mixin.py:190} INFO - [2025-02-06T10:06:29.629+0000] {dag.py:3239} INFO - Sync 1 DAGs
[2025-02-06T10:06:29.652+0000] {logging_mixin.py:190} INFO - [2025-02-06T10:06:29.651+0000] {dag.py:4180} INFO - Setting next_dagrun for example_nested_branch_dag to 2025-02-05 00:00:00+00:00, run_after=2025-02-06 00:00:00+00:00
[2025-02-06T10:06:29.716+0000] {processor.py:208} INFO - Processing /opt/conda/lib/python3.12/site-packages/airflow/example_dags/example_nested_branch_dag.py took 0.126 seconds
[2025-02-06T10:16:58.898+0000] {processor.py:186} INFO - Started process (PID=3172) to work on /opt/conda/lib/python3.12/site-packages/airflow/example_dags/example_nested_branch_dag.py
[2025-02-06T10:16:58.899+0000] {processor.py:914} INFO - Processing file /opt/conda/lib/python3.12/site-packages/airflow/example_dags/example_nested_branch_dag.py for tasks to queue
[2025-02-06T10:16:58.900+0000] {logging_mixin.py:190} INFO - [2025-02-06T10:16:58.900+0000] {dagbag.py:588} INFO - Filling up the DagBag from /opt/conda/lib/python3.12/site-packages/airflow/example_dags/example_nested_branch_dag.py
[2025-02-06T10:16:58.910+0000] {processor.py:925} INFO - DAG(s) 'example_nested_branch_dag' retrieved from /opt/conda/lib/python3.12/site-packages/airflow/example_dags/example_nested_branch_dag.py
[2025-02-06T10:16:58.933+0000] {logging_mixin.py:190} INFO - [2025-02-06T10:16:58.933+0000] {dag.py:3239} INFO - Sync 1 DAGs
[2025-02-06T10:16:58.958+0000] {logging_mixin.py:190} INFO - [2025-02-06T10:16:58.958+0000] {dag.py:4180} INFO - Setting next_dagrun for example_nested_branch_dag to 2025-02-05 00:00:00+00:00, run_after=2025-02-06 00:00:00+00:00
[2025-02-06T10:16:59.011+0000] {processor.py:208} INFO - Processing /opt/conda/lib/python3.12/site-packages/airflow/example_dags/example_nested_branch_dag.py took 0.118 seconds
[2025-02-06T10:24:36.149+0000] {processor.py:186} INFO - Started process (PID=3914) to work on /opt/conda/lib/python3.12/site-packages/airflow/example_dags/example_nested_branch_dag.py
[2025-02-06T10:24:36.151+0000] {processor.py:914} INFO - Processing file /opt/conda/lib/python3.12/site-packages/airflow/example_dags/example_nested_branch_dag.py for tasks to queue
[2025-02-06T10:24:36.153+0000] {logging_mixin.py:190} INFO - [2025-02-06T10:24:36.152+0000] {dagbag.py:588} INFO - Filling up the DagBag from /opt/conda/lib/python3.12/site-packages/airflow/example_dags/example_nested_branch_dag.py
[2025-02-06T10:24:36.163+0000] {processor.py:925} INFO - DAG(s) 'example_nested_branch_dag' retrieved from /opt/conda/lib/python3.12/site-packages/airflow/example_dags/example_nested_branch_dag.py
[2025-02-06T10:24:36.191+0000] {logging_mixin.py:190} INFO - [2025-02-06T10:24:36.191+0000] {dag.py:3239} INFO - Sync 1 DAGs
[2025-02-06T10:24:36.217+0000] {logging_mixin.py:190} INFO - [2025-02-06T10:24:36.216+0000] {dag.py:4180} INFO - Setting next_dagrun for example_nested_branch_dag to 2025-02-05 00:00:00+00:00, run_after=2025-02-06 00:00:00+00:00
[2025-02-06T10:24:36.279+0000] {processor.py:208} INFO - Processing /opt/conda/lib/python3.12/site-packages/airflow/example_dags/example_nested_branch_dag.py took 0.135 seconds
[2025-02-06T11:41:21.676+0000] {processor.py:186} INFO - Started process (PID=602) to work on /opt/conda/lib/python3.12/site-packages/airflow/example_dags/example_nested_branch_dag.py
[2025-02-06T11:41:21.678+0000] {processor.py:914} INFO - Processing file /opt/conda/lib/python3.12/site-packages/airflow/example_dags/example_nested_branch_dag.py for tasks to queue
[2025-02-06T11:41:21.681+0000] {logging_mixin.py:190} INFO - [2025-02-06T11:41:21.681+0000] {dagbag.py:588} INFO - Filling up the DagBag from /opt/conda/lib/python3.12/site-packages/airflow/example_dags/example_nested_branch_dag.py
[2025-02-06T11:41:21.694+0000] {processor.py:925} INFO - DAG(s) 'example_nested_branch_dag' retrieved from /opt/conda/lib/python3.12/site-packages/airflow/example_dags/example_nested_branch_dag.py
[2025-02-06T11:41:21.740+0000] {logging_mixin.py:190} INFO - [2025-02-06T11:41:21.739+0000] {dag.py:3239} INFO - Sync 1 DAGs
[2025-02-06T11:41:21.780+0000] {logging_mixin.py:190} INFO - [2025-02-06T11:41:21.780+0000] {dag.py:4180} INFO - Setting next_dagrun for example_nested_branch_dag to 2025-02-05 00:00:00+00:00, run_after=2025-02-06 00:00:00+00:00
[2025-02-06T11:41:21.866+0000] {processor.py:208} INFO - Processing /opt/conda/lib/python3.12/site-packages/airflow/example_dags/example_nested_branch_dag.py took 0.197 seconds
[2025-02-06T11:45:31.570+0000] {processor.py:186} INFO - Started process (PID=1577) to work on /opt/conda/lib/python3.12/site-packages/airflow/example_dags/example_nested_branch_dag.py
[2025-02-06T11:45:31.572+0000] {processor.py:914} INFO - Processing file /opt/conda/lib/python3.12/site-packages/airflow/example_dags/example_nested_branch_dag.py for tasks to queue
[2025-02-06T11:45:31.576+0000] {logging_mixin.py:190} INFO - [2025-02-06T11:45:31.576+0000] {dagbag.py:588} INFO - Filling up the DagBag from /opt/conda/lib/python3.12/site-packages/airflow/example_dags/example_nested_branch_dag.py
[2025-02-06T11:45:31.597+0000] {processor.py:925} INFO - DAG(s) 'example_nested_branch_dag' retrieved from /opt/conda/lib/python3.12/site-packages/airflow/example_dags/example_nested_branch_dag.py
[2025-02-06T11:45:31.650+0000] {logging_mixin.py:190} INFO - [2025-02-06T11:45:31.650+0000] {dag.py:3239} INFO - Sync 1 DAGs
[2025-02-06T11:45:31.695+0000] {logging_mixin.py:190} INFO - [2025-02-06T11:45:31.695+0000] {dag.py:4180} INFO - Setting next_dagrun for example_nested_branch_dag to 2025-02-05 00:00:00+00:00, run_after=2025-02-06 00:00:00+00:00
[2025-02-06T11:45:32.009+0000] {processor.py:208} INFO - Processing /opt/conda/lib/python3.12/site-packages/airflow/example_dags/example_nested_branch_dag.py took 0.449 seconds
[2025-02-06T11:49:37.371+0000] {processor.py:186} INFO - Started process (PID=2490) to work on /opt/conda/lib/python3.12/site-packages/airflow/example_dags/example_nested_branch_dag.py
[2025-02-06T11:49:37.373+0000] {processor.py:914} INFO - Processing file /opt/conda/lib/python3.12/site-packages/airflow/example_dags/example_nested_branch_dag.py for tasks to queue
[2025-02-06T11:49:37.374+0000] {logging_mixin.py:190} INFO - [2025-02-06T11:49:37.374+0000] {dagbag.py:588} INFO - Filling up the DagBag from /opt/conda/lib/python3.12/site-packages/airflow/example_dags/example_nested_branch_dag.py
[2025-02-06T11:49:37.383+0000] {processor.py:925} INFO - DAG(s) 'example_nested_branch_dag' retrieved from /opt/conda/lib/python3.12/site-packages/airflow/example_dags/example_nested_branch_dag.py
[2025-02-06T11:49:37.414+0000] {logging_mixin.py:190} INFO - [2025-02-06T11:49:37.413+0000] {dag.py:3239} INFO - Sync 1 DAGs
[2025-02-06T11:49:37.455+0000] {logging_mixin.py:190} INFO - [2025-02-06T11:49:37.454+0000] {dag.py:4180} INFO - Setting next_dagrun for example_nested_branch_dag to 2025-02-05 00:00:00+00:00, run_after=2025-02-06 00:00:00+00:00
[2025-02-06T11:49:37.527+0000] {processor.py:208} INFO - Processing /opt/conda/lib/python3.12/site-packages/airflow/example_dags/example_nested_branch_dag.py took 0.160 seconds
[2025-02-06T11:53:09.658+0000] {processor.py:186} INFO - Started process (PID=3464) to work on /opt/conda/lib/python3.12/site-packages/airflow/example_dags/example_nested_branch_dag.py
[2025-02-06T11:53:09.659+0000] {processor.py:914} INFO - Processing file /opt/conda/lib/python3.12/site-packages/airflow/example_dags/example_nested_branch_dag.py for tasks to queue
[2025-02-06T11:53:09.661+0000] {logging_mixin.py:190} INFO - [2025-02-06T11:53:09.660+0000] {dagbag.py:588} INFO - Filling up the DagBag from /opt/conda/lib/python3.12/site-packages/airflow/example_dags/example_nested_branch_dag.py
[2025-02-06T11:53:09.672+0000] {processor.py:925} INFO - DAG(s) 'example_nested_branch_dag' retrieved from /opt/conda/lib/python3.12/site-packages/airflow/example_dags/example_nested_branch_dag.py
[2025-02-06T11:53:09.705+0000] {logging_mixin.py:190} INFO - [2025-02-06T11:53:09.705+0000] {dag.py:3239} INFO - Sync 1 DAGs
[2025-02-06T11:53:09.737+0000] {logging_mixin.py:190} INFO - [2025-02-06T11:53:09.736+0000] {dag.py:4180} INFO - Setting next_dagrun for example_nested_branch_dag to 2025-02-05 00:00:00+00:00, run_after=2025-02-06 00:00:00+00:00
[2025-02-06T11:53:09.813+0000] {processor.py:208} INFO - Processing /opt/conda/lib/python3.12/site-packages/airflow/example_dags/example_nested_branch_dag.py took 0.160 seconds
[2025-02-06T12:05:05.316+0000] {processor.py:186} INFO - Started process (PID=620) to work on /opt/conda/lib/python3.12/site-packages/airflow/example_dags/example_nested_branch_dag.py
[2025-02-06T12:05:05.317+0000] {processor.py:914} INFO - Processing file /opt/conda/lib/python3.12/site-packages/airflow/example_dags/example_nested_branch_dag.py for tasks to queue
[2025-02-06T12:05:05.321+0000] {logging_mixin.py:190} INFO - [2025-02-06T12:05:05.321+0000] {dagbag.py:588} INFO - Filling up the DagBag from /opt/conda/lib/python3.12/site-packages/airflow/example_dags/example_nested_branch_dag.py
[2025-02-06T12:05:05.333+0000] {processor.py:925} INFO - DAG(s) 'example_nested_branch_dag' retrieved from /opt/conda/lib/python3.12/site-packages/airflow/example_dags/example_nested_branch_dag.py
[2025-02-06T12:05:05.364+0000] {logging_mixin.py:190} INFO - [2025-02-06T12:05:05.364+0000] {dag.py:3239} INFO - Sync 1 DAGs
[2025-02-06T12:05:05.392+0000] {logging_mixin.py:190} INFO - [2025-02-06T12:05:05.392+0000] {dag.py:4180} INFO - Setting next_dagrun for example_nested_branch_dag to 2025-02-05 00:00:00+00:00, run_after=2025-02-06 00:00:00+00:00
[2025-02-06T12:05:05.450+0000] {processor.py:208} INFO - Processing /opt/conda/lib/python3.12/site-packages/airflow/example_dags/example_nested_branch_dag.py took 0.139 seconds
[2025-02-06T12:07:56.002+0000] {processor.py:186} INFO - Started process (PID=1635) to work on /opt/conda/lib/python3.12/site-packages/airflow/example_dags/example_nested_branch_dag.py
[2025-02-06T12:07:56.003+0000] {processor.py:914} INFO - Processing file /opt/conda/lib/python3.12/site-packages/airflow/example_dags/example_nested_branch_dag.py for tasks to queue
[2025-02-06T12:07:56.006+0000] {logging_mixin.py:190} INFO - [2025-02-06T12:07:56.005+0000] {dagbag.py:588} INFO - Filling up the DagBag from /opt/conda/lib/python3.12/site-packages/airflow/example_dags/example_nested_branch_dag.py
[2025-02-06T12:07:56.015+0000] {processor.py:925} INFO - DAG(s) 'example_nested_branch_dag' retrieved from /opt/conda/lib/python3.12/site-packages/airflow/example_dags/example_nested_branch_dag.py
[2025-02-06T12:07:56.041+0000] {logging_mixin.py:190} INFO - [2025-02-06T12:07:56.041+0000] {dag.py:3239} INFO - Sync 1 DAGs
[2025-02-06T12:07:56.063+0000] {logging_mixin.py:190} INFO - [2025-02-06T12:07:56.063+0000] {dag.py:4180} INFO - Setting next_dagrun for example_nested_branch_dag to 2025-02-05 00:00:00+00:00, run_after=2025-02-06 00:00:00+00:00
[2025-02-06T12:07:56.122+0000] {processor.py:208} INFO - Processing /opt/conda/lib/python3.12/site-packages/airflow/example_dags/example_nested_branch_dag.py took 0.123 seconds
[2025-02-06T12:25:47.459+0000] {processor.py:186} INFO - Started process (PID=1708) to work on /opt/conda/lib/python3.12/site-packages/airflow/example_dags/example_nested_branch_dag.py
[2025-02-06T12:25:47.459+0000] {processor.py:914} INFO - Processing file /opt/conda/lib/python3.12/site-packages/airflow/example_dags/example_nested_branch_dag.py for tasks to queue
[2025-02-06T12:25:47.461+0000] {logging_mixin.py:190} INFO - [2025-02-06T12:25:47.461+0000] {dagbag.py:588} INFO - Filling up the DagBag from /opt/conda/lib/python3.12/site-packages/airflow/example_dags/example_nested_branch_dag.py
[2025-02-06T12:25:47.468+0000] {processor.py:925} INFO - DAG(s) 'example_nested_branch_dag' retrieved from /opt/conda/lib/python3.12/site-packages/airflow/example_dags/example_nested_branch_dag.py
[2025-02-06T12:25:47.487+0000] {logging_mixin.py:190} INFO - [2025-02-06T12:25:47.487+0000] {dag.py:3239} INFO - Sync 1 DAGs
[2025-02-06T12:25:47.506+0000] {logging_mixin.py:190} INFO - [2025-02-06T12:25:47.506+0000] {dag.py:4180} INFO - Setting next_dagrun for example_nested_branch_dag to 2025-02-05 00:00:00+00:00, run_after=2025-02-06 00:00:00+00:00
[2025-02-06T12:25:47.572+0000] {processor.py:208} INFO - Processing /opt/conda/lib/python3.12/site-packages/airflow/example_dags/example_nested_branch_dag.py took 0.117 seconds
[2025-02-06T12:30:01.945+0000] {processor.py:186} INFO - Started process (PID=3898) to work on /opt/conda/lib/python3.12/site-packages/airflow/example_dags/example_nested_branch_dag.py
[2025-02-06T12:30:01.946+0000] {processor.py:914} INFO - Processing file /opt/conda/lib/python3.12/site-packages/airflow/example_dags/example_nested_branch_dag.py for tasks to queue
[2025-02-06T12:30:01.948+0000] {logging_mixin.py:190} INFO - [2025-02-06T12:30:01.948+0000] {dagbag.py:588} INFO - Filling up the DagBag from /opt/conda/lib/python3.12/site-packages/airflow/example_dags/example_nested_branch_dag.py
[2025-02-06T12:30:01.956+0000] {processor.py:925} INFO - DAG(s) 'example_nested_branch_dag' retrieved from /opt/conda/lib/python3.12/site-packages/airflow/example_dags/example_nested_branch_dag.py
[2025-02-06T12:30:01.975+0000] {logging_mixin.py:190} INFO - [2025-02-06T12:30:01.975+0000] {dag.py:3239} INFO - Sync 1 DAGs
[2025-02-06T12:30:01.999+0000] {logging_mixin.py:190} INFO - [2025-02-06T12:30:01.999+0000] {dag.py:4180} INFO - Setting next_dagrun for example_nested_branch_dag to 2025-02-05 00:00:00+00:00, run_after=2025-02-06 00:00:00+00:00
[2025-02-06T12:30:02.122+0000] {processor.py:208} INFO - Processing /opt/conda/lib/python3.12/site-packages/airflow/example_dags/example_nested_branch_dag.py took 0.181 seconds
[2025-02-06T12:38:05.797+0000] {processor.py:186} INFO - Started process (PID=8048) to work on /opt/conda/lib/python3.12/site-packages/airflow/example_dags/example_nested_branch_dag.py
[2025-02-06T12:38:05.798+0000] {processor.py:914} INFO - Processing file /opt/conda/lib/python3.12/site-packages/airflow/example_dags/example_nested_branch_dag.py for tasks to queue
[2025-02-06T12:38:05.800+0000] {logging_mixin.py:190} INFO - [2025-02-06T12:38:05.800+0000] {dagbag.py:588} INFO - Filling up the DagBag from /opt/conda/lib/python3.12/site-packages/airflow/example_dags/example_nested_branch_dag.py
[2025-02-06T12:38:05.808+0000] {processor.py:925} INFO - DAG(s) 'example_nested_branch_dag' retrieved from /opt/conda/lib/python3.12/site-packages/airflow/example_dags/example_nested_branch_dag.py
[2025-02-06T12:38:05.829+0000] {logging_mixin.py:190} INFO - [2025-02-06T12:38:05.829+0000] {dag.py:3239} INFO - Sync 1 DAGs
[2025-02-06T12:38:05.848+0000] {logging_mixin.py:190} INFO - [2025-02-06T12:38:05.848+0000] {dag.py:4180} INFO - Setting next_dagrun for example_nested_branch_dag to 2025-02-05 00:00:00+00:00, run_after=2025-02-06 00:00:00+00:00
[2025-02-06T12:38:05.889+0000] {processor.py:208} INFO - Processing /opt/conda/lib/python3.12/site-packages/airflow/example_dags/example_nested_branch_dag.py took 0.096 seconds
[2025-02-06T12:46:16.452+0000] {processor.py:186} INFO - Started process (PID=12250) to work on /opt/conda/lib/python3.12/site-packages/airflow/example_dags/example_nested_branch_dag.py
[2025-02-06T12:46:16.453+0000] {processor.py:914} INFO - Processing file /opt/conda/lib/python3.12/site-packages/airflow/example_dags/example_nested_branch_dag.py for tasks to queue
[2025-02-06T12:46:16.455+0000] {logging_mixin.py:190} INFO - [2025-02-06T12:46:16.455+0000] {dagbag.py:588} INFO - Filling up the DagBag from /opt/conda/lib/python3.12/site-packages/airflow/example_dags/example_nested_branch_dag.py
[2025-02-06T12:46:16.463+0000] {processor.py:925} INFO - DAG(s) 'example_nested_branch_dag' retrieved from /opt/conda/lib/python3.12/site-packages/airflow/example_dags/example_nested_branch_dag.py
[2025-02-06T12:46:16.483+0000] {logging_mixin.py:190} INFO - [2025-02-06T12:46:16.483+0000] {dag.py:3239} INFO - Sync 1 DAGs
[2025-02-06T12:46:16.508+0000] {logging_mixin.py:190} INFO - [2025-02-06T12:46:16.508+0000] {dag.py:4180} INFO - Setting next_dagrun for example_nested_branch_dag to 2025-02-05 00:00:00+00:00, run_after=2025-02-06 00:00:00+00:00
[2025-02-06T12:46:16.580+0000] {processor.py:208} INFO - Processing /opt/conda/lib/python3.12/site-packages/airflow/example_dags/example_nested_branch_dag.py took 0.131 seconds
[2025-02-06T13:01:00.261+0000] {processor.py:186} INFO - Started process (PID=948) to work on /opt/conda/lib/python3.12/site-packages/airflow/example_dags/example_nested_branch_dag.py
[2025-02-06T13:01:00.262+0000] {processor.py:914} INFO - Processing file /opt/conda/lib/python3.12/site-packages/airflow/example_dags/example_nested_branch_dag.py for tasks to queue
[2025-02-06T13:01:00.265+0000] {logging_mixin.py:190} INFO - [2025-02-06T13:01:00.264+0000] {dagbag.py:588} INFO - Filling up the DagBag from /opt/conda/lib/python3.12/site-packages/airflow/example_dags/example_nested_branch_dag.py
[2025-02-06T13:01:00.273+0000] {processor.py:925} INFO - DAG(s) 'example_nested_branch_dag' retrieved from /opt/conda/lib/python3.12/site-packages/airflow/example_dags/example_nested_branch_dag.py
[2025-02-06T13:01:00.297+0000] {logging_mixin.py:190} INFO - [2025-02-06T13:01:00.296+0000] {dag.py:3239} INFO - Sync 1 DAGs
[2025-02-06T13:01:00.317+0000] {logging_mixin.py:190} INFO - [2025-02-06T13:01:00.317+0000] {dag.py:4180} INFO - Setting next_dagrun for example_nested_branch_dag to 2025-02-05 00:00:00+00:00, run_after=2025-02-06 00:00:00+00:00
[2025-02-06T13:01:00.381+0000] {processor.py:208} INFO - Processing /opt/conda/lib/python3.12/site-packages/airflow/example_dags/example_nested_branch_dag.py took 0.123 seconds
[2025-02-06T13:05:48.583+0000] {processor.py:186} INFO - Started process (PID=2498) to work on /opt/conda/lib/python3.12/site-packages/airflow/example_dags/example_nested_branch_dag.py
[2025-02-06T13:05:48.584+0000] {processor.py:914} INFO - Processing file /opt/conda/lib/python3.12/site-packages/airflow/example_dags/example_nested_branch_dag.py for tasks to queue
[2025-02-06T13:05:48.586+0000] {logging_mixin.py:190} INFO - [2025-02-06T13:05:48.586+0000] {dagbag.py:588} INFO - Filling up the DagBag from /opt/conda/lib/python3.12/site-packages/airflow/example_dags/example_nested_branch_dag.py
[2025-02-06T13:05:48.596+0000] {processor.py:925} INFO - DAG(s) 'example_nested_branch_dag' retrieved from /opt/conda/lib/python3.12/site-packages/airflow/example_dags/example_nested_branch_dag.py
[2025-02-06T13:05:48.617+0000] {logging_mixin.py:190} INFO - [2025-02-06T13:05:48.617+0000] {dag.py:3239} INFO - Sync 1 DAGs
[2025-02-06T13:05:48.638+0000] {logging_mixin.py:190} INFO - [2025-02-06T13:05:48.638+0000] {dag.py:4180} INFO - Setting next_dagrun for example_nested_branch_dag to 2025-02-05 00:00:00+00:00, run_after=2025-02-06 00:00:00+00:00
[2025-02-06T13:05:48.693+0000] {processor.py:208} INFO - Processing /opt/conda/lib/python3.12/site-packages/airflow/example_dags/example_nested_branch_dag.py took 0.115 seconds
