[2025-02-06T08:27:32.185+0000] {processor.py:186} INFO - Started process (PID=80) to work on /opt/conda/lib/python3.12/site-packages/airflow/example_dags/example_dynamic_task_mapping_with_no_taskflow_operators.py
[2025-02-06T08:27:32.187+0000] {processor.py:914} INFO - Processing file /opt/conda/lib/python3.12/site-packages/airflow/example_dags/example_dynamic_task_mapping_with_no_taskflow_operators.py for tasks to queue
[2025-02-06T08:27:32.190+0000] {logging_mixin.py:190} INFO - [2025-02-06T08:27:32.190+0000] {dagbag.py:588} INFO - Filling up the DagBag from /opt/conda/lib/python3.12/site-packages/airflow/example_dags/example_dynamic_task_mapping_with_no_taskflow_operators.py
[2025-02-06T08:27:32.198+0000] {processor.py:925} INFO - DAG(s) 'example_dynamic_task_mapping_with_no_taskflow_operators' retrieved from /opt/conda/lib/python3.12/site-packages/airflow/example_dags/example_dynamic_task_mapping_with_no_taskflow_operators.py
[2025-02-06T08:27:32.355+0000] {logging_mixin.py:190} INFO - [2025-02-06T08:27:32.353+0000] {override.py:1912} INFO - Created Permission View: can delete on DAG:example_dynamic_task_mapping_with_no_taskflow_operators
[2025-02-06T08:27:32.391+0000] {logging_mixin.py:190} INFO - [2025-02-06T08:27:32.390+0000] {override.py:1912} INFO - Created Permission View: can read on DAG:example_dynamic_task_mapping_with_no_taskflow_operators
[2025-02-06T08:27:32.429+0000] {logging_mixin.py:190} INFO - [2025-02-06T08:27:32.429+0000] {override.py:1912} INFO - Created Permission View: can edit on DAG:example_dynamic_task_mapping_with_no_taskflow_operators
[2025-02-06T08:27:32.492+0000] {logging_mixin.py:190} INFO - [2025-02-06T08:27:32.491+0000] {override.py:1912} INFO - Created Permission View: menu access on DAG Run:example_dynamic_task_mapping_with_no_taskflow_operators
[2025-02-06T08:27:32.541+0000] {logging_mixin.py:190} INFO - [2025-02-06T08:27:32.540+0000] {override.py:1912} INFO - Created Permission View: can create on DAG Run:example_dynamic_task_mapping_with_no_taskflow_operators
[2025-02-06T08:27:32.578+0000] {logging_mixin.py:190} INFO - [2025-02-06T08:27:32.578+0000] {override.py:1912} INFO - Created Permission View: can read on DAG Run:example_dynamic_task_mapping_with_no_taskflow_operators
[2025-02-06T08:27:32.619+0000] {logging_mixin.py:190} INFO - [2025-02-06T08:27:32.619+0000] {override.py:1912} INFO - Created Permission View: can delete on DAG Run:example_dynamic_task_mapping_with_no_taskflow_operators
[2025-02-06T08:27:32.620+0000] {logging_mixin.py:190} INFO - [2025-02-06T08:27:32.620+0000] {dag.py:3239} INFO - Sync 1 DAGs
[2025-02-06T08:27:32.639+0000] {logging_mixin.py:190} INFO - [2025-02-06T08:27:32.639+0000] {dag.py:3262} INFO - Creating ORM DAG for example_dynamic_task_mapping_with_no_taskflow_operators
[2025-02-06T08:27:32.640+0000] {logging_mixin.py:190} INFO - [2025-02-06T08:27:32.640+0000] {dag.py:4180} INFO - Setting next_dagrun for example_dynamic_task_mapping_with_no_taskflow_operators to None, run_after=None
[2025-02-06T08:27:32.700+0000] {processor.py:208} INFO - Processing /opt/conda/lib/python3.12/site-packages/airflow/example_dags/example_dynamic_task_mapping_with_no_taskflow_operators.py took 0.519 seconds
[2025-02-06T08:31:06.564+0000] {processor.py:186} INFO - Started process (PID=81) to work on /opt/conda/lib/python3.12/site-packages/airflow/example_dags/example_dynamic_task_mapping_with_no_taskflow_operators.py
[2025-02-06T08:31:06.566+0000] {processor.py:914} INFO - Processing file /opt/conda/lib/python3.12/site-packages/airflow/example_dags/example_dynamic_task_mapping_with_no_taskflow_operators.py for tasks to queue
[2025-02-06T08:31:06.569+0000] {logging_mixin.py:190} INFO - [2025-02-06T08:31:06.568+0000] {dagbag.py:588} INFO - Filling up the DagBag from /opt/conda/lib/python3.12/site-packages/airflow/example_dags/example_dynamic_task_mapping_with_no_taskflow_operators.py
[2025-02-06T08:31:06.583+0000] {processor.py:925} INFO - DAG(s) 'example_dynamic_task_mapping_with_no_taskflow_operators' retrieved from /opt/conda/lib/python3.12/site-packages/airflow/example_dags/example_dynamic_task_mapping_with_no_taskflow_operators.py
[2025-02-06T08:31:06.617+0000] {logging_mixin.py:190} INFO - [2025-02-06T08:31:06.617+0000] {dag.py:3239} INFO - Sync 1 DAGs
[2025-02-06T08:31:06.638+0000] {logging_mixin.py:190} INFO - [2025-02-06T08:31:06.637+0000] {dag.py:4180} INFO - Setting next_dagrun for example_dynamic_task_mapping_with_no_taskflow_operators to None, run_after=None
[2025-02-06T08:31:06.721+0000] {processor.py:208} INFO - Processing /opt/conda/lib/python3.12/site-packages/airflow/example_dags/example_dynamic_task_mapping_with_no_taskflow_operators.py took 0.164 seconds
[2025-02-06T08:32:18.795+0000] {processor.py:186} INFO - Started process (PID=144) to work on /opt/conda/lib/python3.12/site-packages/airflow/example_dags/example_dynamic_task_mapping_with_no_taskflow_operators.py
[2025-02-06T08:32:18.796+0000] {processor.py:914} INFO - Processing file /opt/conda/lib/python3.12/site-packages/airflow/example_dags/example_dynamic_task_mapping_with_no_taskflow_operators.py for tasks to queue
[2025-02-06T08:32:18.797+0000] {logging_mixin.py:190} INFO - [2025-02-06T08:32:18.797+0000] {dagbag.py:588} INFO - Filling up the DagBag from /opt/conda/lib/python3.12/site-packages/airflow/example_dags/example_dynamic_task_mapping_with_no_taskflow_operators.py
[2025-02-06T08:32:18.803+0000] {processor.py:925} INFO - DAG(s) 'example_dynamic_task_mapping_with_no_taskflow_operators' retrieved from /opt/conda/lib/python3.12/site-packages/airflow/example_dags/example_dynamic_task_mapping_with_no_taskflow_operators.py
[2025-02-06T08:32:18.824+0000] {logging_mixin.py:190} INFO - [2025-02-06T08:32:18.824+0000] {dag.py:3239} INFO - Sync 1 DAGs
[2025-02-06T08:32:18.835+0000] {logging_mixin.py:190} INFO - [2025-02-06T08:32:18.835+0000] {dag.py:4180} INFO - Setting next_dagrun for example_dynamic_task_mapping_with_no_taskflow_operators to None, run_after=None
[2025-02-06T08:32:18.877+0000] {processor.py:208} INFO - Processing /opt/conda/lib/python3.12/site-packages/airflow/example_dags/example_dynamic_task_mapping_with_no_taskflow_operators.py took 0.086 seconds
[2025-02-06T08:33:29.318+0000] {processor.py:186} INFO - Started process (PID=205) to work on /opt/conda/lib/python3.12/site-packages/airflow/example_dags/example_dynamic_task_mapping_with_no_taskflow_operators.py
[2025-02-06T08:33:29.319+0000] {processor.py:914} INFO - Processing file /opt/conda/lib/python3.12/site-packages/airflow/example_dags/example_dynamic_task_mapping_with_no_taskflow_operators.py for tasks to queue
[2025-02-06T08:33:29.321+0000] {logging_mixin.py:190} INFO - [2025-02-06T08:33:29.320+0000] {dagbag.py:588} INFO - Filling up the DagBag from /opt/conda/lib/python3.12/site-packages/airflow/example_dags/example_dynamic_task_mapping_with_no_taskflow_operators.py
[2025-02-06T08:33:29.327+0000] {processor.py:925} INFO - DAG(s) 'example_dynamic_task_mapping_with_no_taskflow_operators' retrieved from /opt/conda/lib/python3.12/site-packages/airflow/example_dags/example_dynamic_task_mapping_with_no_taskflow_operators.py
[2025-02-06T08:33:29.350+0000] {logging_mixin.py:190} INFO - [2025-02-06T08:33:29.350+0000] {dag.py:3239} INFO - Sync 1 DAGs
[2025-02-06T08:33:29.362+0000] {logging_mixin.py:190} INFO - [2025-02-06T08:33:29.362+0000] {dag.py:4180} INFO - Setting next_dagrun for example_dynamic_task_mapping_with_no_taskflow_operators to None, run_after=None
[2025-02-06T08:33:29.420+0000] {processor.py:208} INFO - Processing /opt/conda/lib/python3.12/site-packages/airflow/example_dags/example_dynamic_task_mapping_with_no_taskflow_operators.py took 0.105 seconds
[2025-02-06T08:34:44.227+0000] {processor.py:186} INFO - Started process (PID=268) to work on /opt/conda/lib/python3.12/site-packages/airflow/example_dags/example_dynamic_task_mapping_with_no_taskflow_operators.py
[2025-02-06T08:34:44.228+0000] {processor.py:914} INFO - Processing file /opt/conda/lib/python3.12/site-packages/airflow/example_dags/example_dynamic_task_mapping_with_no_taskflow_operators.py for tasks to queue
[2025-02-06T08:34:44.229+0000] {logging_mixin.py:190} INFO - [2025-02-06T08:34:44.229+0000] {dagbag.py:588} INFO - Filling up the DagBag from /opt/conda/lib/python3.12/site-packages/airflow/example_dags/example_dynamic_task_mapping_with_no_taskflow_operators.py
[2025-02-06T08:34:44.236+0000] {processor.py:925} INFO - DAG(s) 'example_dynamic_task_mapping_with_no_taskflow_operators' retrieved from /opt/conda/lib/python3.12/site-packages/airflow/example_dags/example_dynamic_task_mapping_with_no_taskflow_operators.py
[2025-02-06T08:34:44.263+0000] {logging_mixin.py:190} INFO - [2025-02-06T08:34:44.263+0000] {dag.py:3239} INFO - Sync 1 DAGs
[2025-02-06T08:34:44.278+0000] {logging_mixin.py:190} INFO - [2025-02-06T08:34:44.277+0000] {dag.py:4180} INFO - Setting next_dagrun for example_dynamic_task_mapping_with_no_taskflow_operators to None, run_after=None
[2025-02-06T08:34:44.386+0000] {processor.py:208} INFO - Processing /opt/conda/lib/python3.12/site-packages/airflow/example_dags/example_dynamic_task_mapping_with_no_taskflow_operators.py took 0.163 seconds
[2025-02-06T08:36:01.421+0000] {processor.py:186} INFO - Started process (PID=334) to work on /opt/conda/lib/python3.12/site-packages/airflow/example_dags/example_dynamic_task_mapping_with_no_taskflow_operators.py
[2025-02-06T08:36:01.422+0000] {processor.py:914} INFO - Processing file /opt/conda/lib/python3.12/site-packages/airflow/example_dags/example_dynamic_task_mapping_with_no_taskflow_operators.py for tasks to queue
[2025-02-06T08:36:01.423+0000] {logging_mixin.py:190} INFO - [2025-02-06T08:36:01.423+0000] {dagbag.py:588} INFO - Filling up the DagBag from /opt/conda/lib/python3.12/site-packages/airflow/example_dags/example_dynamic_task_mapping_with_no_taskflow_operators.py
[2025-02-06T08:36:01.429+0000] {processor.py:925} INFO - DAG(s) 'example_dynamic_task_mapping_with_no_taskflow_operators' retrieved from /opt/conda/lib/python3.12/site-packages/airflow/example_dags/example_dynamic_task_mapping_with_no_taskflow_operators.py
[2025-02-06T08:36:01.448+0000] {logging_mixin.py:190} INFO - [2025-02-06T08:36:01.448+0000] {dag.py:3239} INFO - Sync 1 DAGs
[2025-02-06T08:36:01.462+0000] {logging_mixin.py:190} INFO - [2025-02-06T08:36:01.462+0000] {dag.py:4180} INFO - Setting next_dagrun for example_dynamic_task_mapping_with_no_taskflow_operators to None, run_after=None
[2025-02-06T08:36:01.613+0000] {processor.py:208} INFO - Processing /opt/conda/lib/python3.12/site-packages/airflow/example_dags/example_dynamic_task_mapping_with_no_taskflow_operators.py took 0.196 seconds
[2025-02-06T08:37:23.766+0000] {processor.py:186} INFO - Started process (PID=401) to work on /opt/conda/lib/python3.12/site-packages/airflow/example_dags/example_dynamic_task_mapping_with_no_taskflow_operators.py
[2025-02-06T08:37:23.767+0000] {processor.py:914} INFO - Processing file /opt/conda/lib/python3.12/site-packages/airflow/example_dags/example_dynamic_task_mapping_with_no_taskflow_operators.py for tasks to queue
[2025-02-06T08:37:23.768+0000] {logging_mixin.py:190} INFO - [2025-02-06T08:37:23.768+0000] {dagbag.py:588} INFO - Filling up the DagBag from /opt/conda/lib/python3.12/site-packages/airflow/example_dags/example_dynamic_task_mapping_with_no_taskflow_operators.py
[2025-02-06T08:37:23.775+0000] {processor.py:925} INFO - DAG(s) 'example_dynamic_task_mapping_with_no_taskflow_operators' retrieved from /opt/conda/lib/python3.12/site-packages/airflow/example_dags/example_dynamic_task_mapping_with_no_taskflow_operators.py
[2025-02-06T08:37:23.802+0000] {logging_mixin.py:190} INFO - [2025-02-06T08:37:23.802+0000] {dag.py:3239} INFO - Sync 1 DAGs
[2025-02-06T08:37:23.815+0000] {logging_mixin.py:190} INFO - [2025-02-06T08:37:23.815+0000] {dag.py:4180} INFO - Setting next_dagrun for example_dynamic_task_mapping_with_no_taskflow_operators to None, run_after=None
[2025-02-06T08:37:23.884+0000] {processor.py:208} INFO - Processing /opt/conda/lib/python3.12/site-packages/airflow/example_dags/example_dynamic_task_mapping_with_no_taskflow_operators.py took 0.122 seconds
[2025-02-06T08:38:39.475+0000] {processor.py:186} INFO - Started process (PID=466) to work on /opt/conda/lib/python3.12/site-packages/airflow/example_dags/example_dynamic_task_mapping_with_no_taskflow_operators.py
[2025-02-06T08:38:39.477+0000] {processor.py:914} INFO - Processing file /opt/conda/lib/python3.12/site-packages/airflow/example_dags/example_dynamic_task_mapping_with_no_taskflow_operators.py for tasks to queue
[2025-02-06T08:38:39.478+0000] {logging_mixin.py:190} INFO - [2025-02-06T08:38:39.478+0000] {dagbag.py:588} INFO - Filling up the DagBag from /opt/conda/lib/python3.12/site-packages/airflow/example_dags/example_dynamic_task_mapping_with_no_taskflow_operators.py
[2025-02-06T08:38:39.484+0000] {processor.py:925} INFO - DAG(s) 'example_dynamic_task_mapping_with_no_taskflow_operators' retrieved from /opt/conda/lib/python3.12/site-packages/airflow/example_dags/example_dynamic_task_mapping_with_no_taskflow_operators.py
[2025-02-06T08:38:39.508+0000] {logging_mixin.py:190} INFO - [2025-02-06T08:38:39.508+0000] {dag.py:3239} INFO - Sync 1 DAGs
[2025-02-06T08:38:39.522+0000] {logging_mixin.py:190} INFO - [2025-02-06T08:38:39.522+0000] {dag.py:4180} INFO - Setting next_dagrun for example_dynamic_task_mapping_with_no_taskflow_operators to None, run_after=None
[2025-02-06T08:38:39.585+0000] {processor.py:208} INFO - Processing /opt/conda/lib/python3.12/site-packages/airflow/example_dags/example_dynamic_task_mapping_with_no_taskflow_operators.py took 0.116 seconds
[2025-02-06T08:39:56.226+0000] {processor.py:186} INFO - Started process (PID=532) to work on /opt/conda/lib/python3.12/site-packages/airflow/example_dags/example_dynamic_task_mapping_with_no_taskflow_operators.py
[2025-02-06T08:39:56.227+0000] {processor.py:914} INFO - Processing file /opt/conda/lib/python3.12/site-packages/airflow/example_dags/example_dynamic_task_mapping_with_no_taskflow_operators.py for tasks to queue
[2025-02-06T08:39:56.228+0000] {logging_mixin.py:190} INFO - [2025-02-06T08:39:56.228+0000] {dagbag.py:588} INFO - Filling up the DagBag from /opt/conda/lib/python3.12/site-packages/airflow/example_dags/example_dynamic_task_mapping_with_no_taskflow_operators.py
[2025-02-06T08:39:56.235+0000] {processor.py:925} INFO - DAG(s) 'example_dynamic_task_mapping_with_no_taskflow_operators' retrieved from /opt/conda/lib/python3.12/site-packages/airflow/example_dags/example_dynamic_task_mapping_with_no_taskflow_operators.py
[2025-02-06T08:39:56.259+0000] {logging_mixin.py:190} INFO - [2025-02-06T08:39:56.258+0000] {dag.py:3239} INFO - Sync 1 DAGs
[2025-02-06T08:39:56.274+0000] {logging_mixin.py:190} INFO - [2025-02-06T08:39:56.274+0000] {dag.py:4180} INFO - Setting next_dagrun for example_dynamic_task_mapping_with_no_taskflow_operators to None, run_after=None
[2025-02-06T08:39:56.344+0000] {processor.py:208} INFO - Processing /opt/conda/lib/python3.12/site-packages/airflow/example_dags/example_dynamic_task_mapping_with_no_taskflow_operators.py took 0.122 seconds
[2025-02-06T08:41:13.788+0000] {processor.py:186} INFO - Started process (PID=598) to work on /opt/conda/lib/python3.12/site-packages/airflow/example_dags/example_dynamic_task_mapping_with_no_taskflow_operators.py
[2025-02-06T08:41:13.789+0000] {processor.py:914} INFO - Processing file /opt/conda/lib/python3.12/site-packages/airflow/example_dags/example_dynamic_task_mapping_with_no_taskflow_operators.py for tasks to queue
[2025-02-06T08:41:13.790+0000] {logging_mixin.py:190} INFO - [2025-02-06T08:41:13.790+0000] {dagbag.py:588} INFO - Filling up the DagBag from /opt/conda/lib/python3.12/site-packages/airflow/example_dags/example_dynamic_task_mapping_with_no_taskflow_operators.py
[2025-02-06T08:41:13.796+0000] {processor.py:925} INFO - DAG(s) 'example_dynamic_task_mapping_with_no_taskflow_operators' retrieved from /opt/conda/lib/python3.12/site-packages/airflow/example_dags/example_dynamic_task_mapping_with_no_taskflow_operators.py
[2025-02-06T08:41:13.819+0000] {logging_mixin.py:190} INFO - [2025-02-06T08:41:13.818+0000] {dag.py:3239} INFO - Sync 1 DAGs
[2025-02-06T08:41:13.831+0000] {logging_mixin.py:190} INFO - [2025-02-06T08:41:13.831+0000] {dag.py:4180} INFO - Setting next_dagrun for example_dynamic_task_mapping_with_no_taskflow_operators to None, run_after=None
[2025-02-06T08:41:13.891+0000] {processor.py:208} INFO - Processing /opt/conda/lib/python3.12/site-packages/airflow/example_dags/example_dynamic_task_mapping_with_no_taskflow_operators.py took 0.107 seconds
[2025-02-06T08:42:29.289+0000] {processor.py:186} INFO - Started process (PID=662) to work on /opt/conda/lib/python3.12/site-packages/airflow/example_dags/example_dynamic_task_mapping_with_no_taskflow_operators.py
[2025-02-06T08:42:29.291+0000] {processor.py:914} INFO - Processing file /opt/conda/lib/python3.12/site-packages/airflow/example_dags/example_dynamic_task_mapping_with_no_taskflow_operators.py for tasks to queue
[2025-02-06T08:42:29.293+0000] {logging_mixin.py:190} INFO - [2025-02-06T08:42:29.292+0000] {dagbag.py:588} INFO - Filling up the DagBag from /opt/conda/lib/python3.12/site-packages/airflow/example_dags/example_dynamic_task_mapping_with_no_taskflow_operators.py
[2025-02-06T08:42:29.299+0000] {processor.py:925} INFO - DAG(s) 'example_dynamic_task_mapping_with_no_taskflow_operators' retrieved from /opt/conda/lib/python3.12/site-packages/airflow/example_dags/example_dynamic_task_mapping_with_no_taskflow_operators.py
[2025-02-06T08:42:29.327+0000] {logging_mixin.py:190} INFO - [2025-02-06T08:42:29.327+0000] {dag.py:3239} INFO - Sync 1 DAGs
[2025-02-06T08:42:29.340+0000] {logging_mixin.py:190} INFO - [2025-02-06T08:42:29.340+0000] {dag.py:4180} INFO - Setting next_dagrun for example_dynamic_task_mapping_with_no_taskflow_operators to None, run_after=None
[2025-02-06T08:42:29.400+0000] {processor.py:208} INFO - Processing /opt/conda/lib/python3.12/site-packages/airflow/example_dags/example_dynamic_task_mapping_with_no_taskflow_operators.py took 0.115 seconds
[2025-02-06T08:44:01.638+0000] {processor.py:186} INFO - Started process (PID=81) to work on /opt/conda/lib/python3.12/site-packages/airflow/example_dags/example_dynamic_task_mapping_with_no_taskflow_operators.py
[2025-02-06T08:44:01.639+0000] {processor.py:914} INFO - Processing file /opt/conda/lib/python3.12/site-packages/airflow/example_dags/example_dynamic_task_mapping_with_no_taskflow_operators.py for tasks to queue
[2025-02-06T08:44:01.641+0000] {logging_mixin.py:190} INFO - [2025-02-06T08:44:01.640+0000] {dagbag.py:588} INFO - Filling up the DagBag from /opt/conda/lib/python3.12/site-packages/airflow/example_dags/example_dynamic_task_mapping_with_no_taskflow_operators.py
[2025-02-06T08:44:01.646+0000] {processor.py:925} INFO - DAG(s) 'example_dynamic_task_mapping_with_no_taskflow_operators' retrieved from /opt/conda/lib/python3.12/site-packages/airflow/example_dags/example_dynamic_task_mapping_with_no_taskflow_operators.py
[2025-02-06T08:44:01.668+0000] {logging_mixin.py:190} INFO - [2025-02-06T08:44:01.668+0000] {dag.py:3239} INFO - Sync 1 DAGs
[2025-02-06T08:44:01.678+0000] {logging_mixin.py:190} INFO - [2025-02-06T08:44:01.678+0000] {dag.py:4180} INFO - Setting next_dagrun for example_dynamic_task_mapping_with_no_taskflow_operators to None, run_after=None
[2025-02-06T08:44:01.739+0000] {processor.py:208} INFO - Processing /opt/conda/lib/python3.12/site-packages/airflow/example_dags/example_dynamic_task_mapping_with_no_taskflow_operators.py took 0.105 seconds
[2025-02-06T08:45:17.556+0000] {processor.py:186} INFO - Started process (PID=147) to work on /opt/conda/lib/python3.12/site-packages/airflow/example_dags/example_dynamic_task_mapping_with_no_taskflow_operators.py
[2025-02-06T08:45:17.557+0000] {processor.py:914} INFO - Processing file /opt/conda/lib/python3.12/site-packages/airflow/example_dags/example_dynamic_task_mapping_with_no_taskflow_operators.py for tasks to queue
[2025-02-06T08:45:17.559+0000] {logging_mixin.py:190} INFO - [2025-02-06T08:45:17.559+0000] {dagbag.py:588} INFO - Filling up the DagBag from /opt/conda/lib/python3.12/site-packages/airflow/example_dags/example_dynamic_task_mapping_with_no_taskflow_operators.py
[2025-02-06T08:45:17.566+0000] {processor.py:925} INFO - DAG(s) 'example_dynamic_task_mapping_with_no_taskflow_operators' retrieved from /opt/conda/lib/python3.12/site-packages/airflow/example_dags/example_dynamic_task_mapping_with_no_taskflow_operators.py
[2025-02-06T08:45:17.589+0000] {logging_mixin.py:190} INFO - [2025-02-06T08:45:17.589+0000] {dag.py:3239} INFO - Sync 1 DAGs
[2025-02-06T08:45:17.602+0000] {logging_mixin.py:190} INFO - [2025-02-06T08:45:17.602+0000] {dag.py:4180} INFO - Setting next_dagrun for example_dynamic_task_mapping_with_no_taskflow_operators to None, run_after=None
[2025-02-06T08:45:17.658+0000] {processor.py:208} INFO - Processing /opt/conda/lib/python3.12/site-packages/airflow/example_dags/example_dynamic_task_mapping_with_no_taskflow_operators.py took 0.105 seconds
[2025-02-06T08:50:16.047+0000] {processor.py:186} INFO - Started process (PID=301) to work on /opt/conda/lib/python3.12/site-packages/airflow/example_dags/example_dynamic_task_mapping_with_no_taskflow_operators.py
[2025-02-06T08:50:16.048+0000] {processor.py:914} INFO - Processing file /opt/conda/lib/python3.12/site-packages/airflow/example_dags/example_dynamic_task_mapping_with_no_taskflow_operators.py for tasks to queue
[2025-02-06T08:50:16.050+0000] {logging_mixin.py:190} INFO - [2025-02-06T08:50:16.050+0000] {dagbag.py:588} INFO - Filling up the DagBag from /opt/conda/lib/python3.12/site-packages/airflow/example_dags/example_dynamic_task_mapping_with_no_taskflow_operators.py
[2025-02-06T08:50:16.056+0000] {processor.py:925} INFO - DAG(s) 'example_dynamic_task_mapping_with_no_taskflow_operators' retrieved from /opt/conda/lib/python3.12/site-packages/airflow/example_dags/example_dynamic_task_mapping_with_no_taskflow_operators.py
[2025-02-06T08:50:16.079+0000] {logging_mixin.py:190} INFO - [2025-02-06T08:50:16.078+0000] {dag.py:3239} INFO - Sync 1 DAGs
[2025-02-06T08:50:16.090+0000] {logging_mixin.py:190} INFO - [2025-02-06T08:50:16.089+0000] {dag.py:4180} INFO - Setting next_dagrun for example_dynamic_task_mapping_with_no_taskflow_operators to None, run_after=None
[2025-02-06T08:50:16.140+0000] {processor.py:208} INFO - Processing /opt/conda/lib/python3.12/site-packages/airflow/example_dags/example_dynamic_task_mapping_with_no_taskflow_operators.py took 0.096 seconds
[2025-02-06T08:53:24.174+0000] {processor.py:186} INFO - Started process (PID=647) to work on /opt/conda/lib/python3.12/site-packages/airflow/example_dags/example_dynamic_task_mapping_with_no_taskflow_operators.py
[2025-02-06T08:53:24.175+0000] {processor.py:914} INFO - Processing file /opt/conda/lib/python3.12/site-packages/airflow/example_dags/example_dynamic_task_mapping_with_no_taskflow_operators.py for tasks to queue
[2025-02-06T08:53:24.177+0000] {logging_mixin.py:190} INFO - [2025-02-06T08:53:24.177+0000] {dagbag.py:588} INFO - Filling up the DagBag from /opt/conda/lib/python3.12/site-packages/airflow/example_dags/example_dynamic_task_mapping_with_no_taskflow_operators.py
[2025-02-06T08:53:24.183+0000] {processor.py:925} INFO - DAG(s) 'example_dynamic_task_mapping_with_no_taskflow_operators' retrieved from /opt/conda/lib/python3.12/site-packages/airflow/example_dags/example_dynamic_task_mapping_with_no_taskflow_operators.py
[2025-02-06T08:53:24.208+0000] {logging_mixin.py:190} INFO - [2025-02-06T08:53:24.208+0000] {dag.py:3239} INFO - Sync 1 DAGs
[2025-02-06T08:53:24.220+0000] {logging_mixin.py:190} INFO - [2025-02-06T08:53:24.220+0000] {dag.py:4180} INFO - Setting next_dagrun for example_dynamic_task_mapping_with_no_taskflow_operators to None, run_after=None
[2025-02-06T08:53:24.275+0000] {processor.py:208} INFO - Processing /opt/conda/lib/python3.12/site-packages/airflow/example_dags/example_dynamic_task_mapping_with_no_taskflow_operators.py took 0.105 seconds
[2025-02-06T08:58:17.638+0000] {processor.py:186} INFO - Started process (PID=1161) to work on /opt/conda/lib/python3.12/site-packages/airflow/example_dags/example_dynamic_task_mapping_with_no_taskflow_operators.py
[2025-02-06T08:58:17.639+0000] {processor.py:914} INFO - Processing file /opt/conda/lib/python3.12/site-packages/airflow/example_dags/example_dynamic_task_mapping_with_no_taskflow_operators.py for tasks to queue
[2025-02-06T08:58:17.641+0000] {logging_mixin.py:190} INFO - [2025-02-06T08:58:17.641+0000] {dagbag.py:588} INFO - Filling up the DagBag from /opt/conda/lib/python3.12/site-packages/airflow/example_dags/example_dynamic_task_mapping_with_no_taskflow_operators.py
[2025-02-06T08:58:17.649+0000] {processor.py:925} INFO - DAG(s) 'example_dynamic_task_mapping_with_no_taskflow_operators' retrieved from /opt/conda/lib/python3.12/site-packages/airflow/example_dags/example_dynamic_task_mapping_with_no_taskflow_operators.py
[2025-02-06T08:58:17.672+0000] {logging_mixin.py:190} INFO - [2025-02-06T08:58:17.671+0000] {dag.py:3239} INFO - Sync 1 DAGs
[2025-02-06T08:58:17.684+0000] {logging_mixin.py:190} INFO - [2025-02-06T08:58:17.684+0000] {dag.py:4180} INFO - Setting next_dagrun for example_dynamic_task_mapping_with_no_taskflow_operators to None, run_after=None
[2025-02-06T08:58:17.738+0000] {processor.py:208} INFO - Processing /opt/conda/lib/python3.12/site-packages/airflow/example_dags/example_dynamic_task_mapping_with_no_taskflow_operators.py took 0.106 seconds
[2025-02-06T09:06:08.522+0000] {processor.py:186} INFO - Started process (PID=229) to work on /opt/conda/lib/python3.12/site-packages/airflow/example_dags/example_dynamic_task_mapping_with_no_taskflow_operators.py
[2025-02-06T09:06:08.523+0000] {processor.py:914} INFO - Processing file /opt/conda/lib/python3.12/site-packages/airflow/example_dags/example_dynamic_task_mapping_with_no_taskflow_operators.py for tasks to queue
[2025-02-06T09:06:08.525+0000] {logging_mixin.py:190} INFO - [2025-02-06T09:06:08.524+0000] {dagbag.py:588} INFO - Filling up the DagBag from /opt/conda/lib/python3.12/site-packages/airflow/example_dags/example_dynamic_task_mapping_with_no_taskflow_operators.py
[2025-02-06T09:06:08.534+0000] {processor.py:925} INFO - DAG(s) 'example_dynamic_task_mapping_with_no_taskflow_operators' retrieved from /opt/conda/lib/python3.12/site-packages/airflow/example_dags/example_dynamic_task_mapping_with_no_taskflow_operators.py
[2025-02-06T09:06:08.557+0000] {logging_mixin.py:190} INFO - [2025-02-06T09:06:08.557+0000] {dag.py:3239} INFO - Sync 1 DAGs
[2025-02-06T09:06:08.569+0000] {logging_mixin.py:190} INFO - [2025-02-06T09:06:08.569+0000] {dag.py:4180} INFO - Setting next_dagrun for example_dynamic_task_mapping_with_no_taskflow_operators to None, run_after=None
[2025-02-06T09:06:08.634+0000] {processor.py:208} INFO - Processing /opt/conda/lib/python3.12/site-packages/airflow/example_dags/example_dynamic_task_mapping_with_no_taskflow_operators.py took 0.116 seconds
[2025-02-06T09:09:06.892+0000] {processor.py:186} INFO - Started process (PID=559) to work on /opt/conda/lib/python3.12/site-packages/airflow/example_dags/example_dynamic_task_mapping_with_no_taskflow_operators.py
[2025-02-06T09:09:06.893+0000] {processor.py:914} INFO - Processing file /opt/conda/lib/python3.12/site-packages/airflow/example_dags/example_dynamic_task_mapping_with_no_taskflow_operators.py for tasks to queue
[2025-02-06T09:09:06.895+0000] {logging_mixin.py:190} INFO - [2025-02-06T09:09:06.895+0000] {dagbag.py:588} INFO - Filling up the DagBag from /opt/conda/lib/python3.12/site-packages/airflow/example_dags/example_dynamic_task_mapping_with_no_taskflow_operators.py
[2025-02-06T09:09:06.901+0000] {processor.py:925} INFO - DAG(s) 'example_dynamic_task_mapping_with_no_taskflow_operators' retrieved from /opt/conda/lib/python3.12/site-packages/airflow/example_dags/example_dynamic_task_mapping_with_no_taskflow_operators.py
[2025-02-06T09:09:06.922+0000] {logging_mixin.py:190} INFO - [2025-02-06T09:09:06.922+0000] {dag.py:3239} INFO - Sync 1 DAGs
[2025-02-06T09:09:06.934+0000] {logging_mixin.py:190} INFO - [2025-02-06T09:09:06.934+0000] {dag.py:4180} INFO - Setting next_dagrun for example_dynamic_task_mapping_with_no_taskflow_operators to None, run_after=None
[2025-02-06T09:09:06.983+0000] {processor.py:208} INFO - Processing /opt/conda/lib/python3.12/site-packages/airflow/example_dags/example_dynamic_task_mapping_with_no_taskflow_operators.py took 0.095 seconds
[2025-02-06T09:13:45.585+0000] {processor.py:186} INFO - Started process (PID=1081) to work on /opt/conda/lib/python3.12/site-packages/airflow/example_dags/example_dynamic_task_mapping_with_no_taskflow_operators.py
[2025-02-06T09:13:45.586+0000] {processor.py:914} INFO - Processing file /opt/conda/lib/python3.12/site-packages/airflow/example_dags/example_dynamic_task_mapping_with_no_taskflow_operators.py for tasks to queue
[2025-02-06T09:13:45.588+0000] {logging_mixin.py:190} INFO - [2025-02-06T09:13:45.587+0000] {dagbag.py:588} INFO - Filling up the DagBag from /opt/conda/lib/python3.12/site-packages/airflow/example_dags/example_dynamic_task_mapping_with_no_taskflow_operators.py
[2025-02-06T09:13:45.594+0000] {processor.py:925} INFO - DAG(s) 'example_dynamic_task_mapping_with_no_taskflow_operators' retrieved from /opt/conda/lib/python3.12/site-packages/airflow/example_dags/example_dynamic_task_mapping_with_no_taskflow_operators.py
[2025-02-06T09:13:45.615+0000] {logging_mixin.py:190} INFO - [2025-02-06T09:13:45.614+0000] {dag.py:3239} INFO - Sync 1 DAGs
[2025-02-06T09:13:45.625+0000] {logging_mixin.py:190} INFO - [2025-02-06T09:13:45.625+0000] {dag.py:4180} INFO - Setting next_dagrun for example_dynamic_task_mapping_with_no_taskflow_operators to None, run_after=None
[2025-02-06T09:13:45.682+0000] {processor.py:208} INFO - Processing /opt/conda/lib/python3.12/site-packages/airflow/example_dags/example_dynamic_task_mapping_with_no_taskflow_operators.py took 0.102 seconds
[2025-02-06T09:18:14.110+0000] {processor.py:186} INFO - Started process (PID=1585) to work on /opt/conda/lib/python3.12/site-packages/airflow/example_dags/example_dynamic_task_mapping_with_no_taskflow_operators.py
[2025-02-06T09:18:14.111+0000] {processor.py:914} INFO - Processing file /opt/conda/lib/python3.12/site-packages/airflow/example_dags/example_dynamic_task_mapping_with_no_taskflow_operators.py for tasks to queue
[2025-02-06T09:18:14.113+0000] {logging_mixin.py:190} INFO - [2025-02-06T09:18:14.112+0000] {dagbag.py:588} INFO - Filling up the DagBag from /opt/conda/lib/python3.12/site-packages/airflow/example_dags/example_dynamic_task_mapping_with_no_taskflow_operators.py
[2025-02-06T09:18:14.118+0000] {processor.py:925} INFO - DAG(s) 'example_dynamic_task_mapping_with_no_taskflow_operators' retrieved from /opt/conda/lib/python3.12/site-packages/airflow/example_dags/example_dynamic_task_mapping_with_no_taskflow_operators.py
[2025-02-06T09:18:14.218+0000] {logging_mixin.py:190} INFO - [2025-02-06T09:18:14.218+0000] {dag.py:3239} INFO - Sync 1 DAGs
[2025-02-06T09:18:14.229+0000] {logging_mixin.py:190} INFO - [2025-02-06T09:18:14.228+0000] {dag.py:4180} INFO - Setting next_dagrun for example_dynamic_task_mapping_with_no_taskflow_operators to None, run_after=None
[2025-02-06T09:18:14.285+0000] {processor.py:208} INFO - Processing /opt/conda/lib/python3.12/site-packages/airflow/example_dags/example_dynamic_task_mapping_with_no_taskflow_operators.py took 0.179 seconds
[2025-02-06T09:23:51.168+0000] {processor.py:186} INFO - Started process (PID=2143) to work on /opt/conda/lib/python3.12/site-packages/airflow/example_dags/example_dynamic_task_mapping_with_no_taskflow_operators.py
[2025-02-06T09:23:51.169+0000] {processor.py:914} INFO - Processing file /opt/conda/lib/python3.12/site-packages/airflow/example_dags/example_dynamic_task_mapping_with_no_taskflow_operators.py for tasks to queue
[2025-02-06T09:23:51.172+0000] {logging_mixin.py:190} INFO - [2025-02-06T09:23:51.171+0000] {dagbag.py:588} INFO - Filling up the DagBag from /opt/conda/lib/python3.12/site-packages/airflow/example_dags/example_dynamic_task_mapping_with_no_taskflow_operators.py
[2025-02-06T09:23:51.179+0000] {processor.py:925} INFO - DAG(s) 'example_dynamic_task_mapping_with_no_taskflow_operators' retrieved from /opt/conda/lib/python3.12/site-packages/airflow/example_dags/example_dynamic_task_mapping_with_no_taskflow_operators.py
[2025-02-06T09:23:51.201+0000] {logging_mixin.py:190} INFO - [2025-02-06T09:23:51.201+0000] {dag.py:3239} INFO - Sync 1 DAGs
[2025-02-06T09:23:51.214+0000] {logging_mixin.py:190} INFO - [2025-02-06T09:23:51.213+0000] {dag.py:4180} INFO - Setting next_dagrun for example_dynamic_task_mapping_with_no_taskflow_operators to None, run_after=None
[2025-02-06T09:23:51.274+0000] {processor.py:208} INFO - Processing /opt/conda/lib/python3.12/site-packages/airflow/example_dags/example_dynamic_task_mapping_with_no_taskflow_operators.py took 0.110 seconds
[2025-02-06T09:27:12.870+0000] {processor.py:186} INFO - Started process (PID=327) to work on /opt/conda/lib/python3.12/site-packages/airflow/example_dags/example_dynamic_task_mapping_with_no_taskflow_operators.py
[2025-02-06T09:27:12.872+0000] {processor.py:914} INFO - Processing file /opt/conda/lib/python3.12/site-packages/airflow/example_dags/example_dynamic_task_mapping_with_no_taskflow_operators.py for tasks to queue
[2025-02-06T09:27:12.874+0000] {logging_mixin.py:190} INFO - [2025-02-06T09:27:12.874+0000] {dagbag.py:588} INFO - Filling up the DagBag from /opt/conda/lib/python3.12/site-packages/airflow/example_dags/example_dynamic_task_mapping_with_no_taskflow_operators.py
[2025-02-06T09:27:12.881+0000] {processor.py:925} INFO - DAG(s) 'example_dynamic_task_mapping_with_no_taskflow_operators' retrieved from /opt/conda/lib/python3.12/site-packages/airflow/example_dags/example_dynamic_task_mapping_with_no_taskflow_operators.py
[2025-02-06T09:27:12.907+0000] {logging_mixin.py:190} INFO - [2025-02-06T09:27:12.907+0000] {dag.py:3239} INFO - Sync 1 DAGs
[2025-02-06T09:27:12.925+0000] {logging_mixin.py:190} INFO - [2025-02-06T09:27:12.925+0000] {dag.py:4180} INFO - Setting next_dagrun for example_dynamic_task_mapping_with_no_taskflow_operators to None, run_after=None
[2025-02-06T09:27:13.009+0000] {processor.py:208} INFO - Processing /opt/conda/lib/python3.12/site-packages/airflow/example_dags/example_dynamic_task_mapping_with_no_taskflow_operators.py took 0.144 seconds
[2025-02-06T09:33:46.119+0000] {processor.py:186} INFO - Started process (PID=532) to work on /opt/conda/lib/python3.12/site-packages/airflow/example_dags/example_dynamic_task_mapping_with_no_taskflow_operators.py
[2025-02-06T09:33:46.121+0000] {processor.py:914} INFO - Processing file /opt/conda/lib/python3.12/site-packages/airflow/example_dags/example_dynamic_task_mapping_with_no_taskflow_operators.py for tasks to queue
[2025-02-06T09:33:46.123+0000] {logging_mixin.py:190} INFO - [2025-02-06T09:33:46.123+0000] {dagbag.py:588} INFO - Filling up the DagBag from /opt/conda/lib/python3.12/site-packages/airflow/example_dags/example_dynamic_task_mapping_with_no_taskflow_operators.py
[2025-02-06T09:33:46.130+0000] {processor.py:925} INFO - DAG(s) 'example_dynamic_task_mapping_with_no_taskflow_operators' retrieved from /opt/conda/lib/python3.12/site-packages/airflow/example_dags/example_dynamic_task_mapping_with_no_taskflow_operators.py
[2025-02-06T09:33:46.150+0000] {logging_mixin.py:190} INFO - [2025-02-06T09:33:46.150+0000] {dag.py:3239} INFO - Sync 1 DAGs
[2025-02-06T09:33:46.161+0000] {logging_mixin.py:190} INFO - [2025-02-06T09:33:46.161+0000] {dag.py:4180} INFO - Setting next_dagrun for example_dynamic_task_mapping_with_no_taskflow_operators to None, run_after=None
[2025-02-06T09:33:46.233+0000] {processor.py:208} INFO - Processing /opt/conda/lib/python3.12/site-packages/airflow/example_dags/example_dynamic_task_mapping_with_no_taskflow_operators.py took 0.117 seconds
[2025-02-06T09:39:09.157+0000] {processor.py:186} INFO - Started process (PID=1109) to work on /opt/conda/lib/python3.12/site-packages/airflow/example_dags/example_dynamic_task_mapping_with_no_taskflow_operators.py
[2025-02-06T09:39:09.159+0000] {processor.py:914} INFO - Processing file /opt/conda/lib/python3.12/site-packages/airflow/example_dags/example_dynamic_task_mapping_with_no_taskflow_operators.py for tasks to queue
[2025-02-06T09:39:09.161+0000] {logging_mixin.py:190} INFO - [2025-02-06T09:39:09.161+0000] {dagbag.py:588} INFO - Filling up the DagBag from /opt/conda/lib/python3.12/site-packages/airflow/example_dags/example_dynamic_task_mapping_with_no_taskflow_operators.py
[2025-02-06T09:39:09.169+0000] {processor.py:925} INFO - DAG(s) 'example_dynamic_task_mapping_with_no_taskflow_operators' retrieved from /opt/conda/lib/python3.12/site-packages/airflow/example_dags/example_dynamic_task_mapping_with_no_taskflow_operators.py
[2025-02-06T09:39:09.188+0000] {logging_mixin.py:190} INFO - [2025-02-06T09:39:09.188+0000] {dag.py:3239} INFO - Sync 1 DAGs
[2025-02-06T09:39:09.201+0000] {logging_mixin.py:190} INFO - [2025-02-06T09:39:09.201+0000] {dag.py:4180} INFO - Setting next_dagrun for example_dynamic_task_mapping_with_no_taskflow_operators to None, run_after=None
[2025-02-06T09:39:09.266+0000] {processor.py:208} INFO - Processing /opt/conda/lib/python3.12/site-packages/airflow/example_dags/example_dynamic_task_mapping_with_no_taskflow_operators.py took 0.113 seconds
[2025-02-06T09:43:07.661+0000] {processor.py:186} INFO - Started process (PID=1506) to work on /opt/conda/lib/python3.12/site-packages/airflow/example_dags/example_dynamic_task_mapping_with_no_taskflow_operators.py
[2025-02-06T09:43:07.663+0000] {processor.py:914} INFO - Processing file /opt/conda/lib/python3.12/site-packages/airflow/example_dags/example_dynamic_task_mapping_with_no_taskflow_operators.py for tasks to queue
[2025-02-06T09:43:07.665+0000] {logging_mixin.py:190} INFO - [2025-02-06T09:43:07.665+0000] {dagbag.py:588} INFO - Filling up the DagBag from /opt/conda/lib/python3.12/site-packages/airflow/example_dags/example_dynamic_task_mapping_with_no_taskflow_operators.py
[2025-02-06T09:43:07.673+0000] {processor.py:925} INFO - DAG(s) 'example_dynamic_task_mapping_with_no_taskflow_operators' retrieved from /opt/conda/lib/python3.12/site-packages/airflow/example_dags/example_dynamic_task_mapping_with_no_taskflow_operators.py
[2025-02-06T09:43:07.697+0000] {logging_mixin.py:190} INFO - [2025-02-06T09:43:07.697+0000] {dag.py:3239} INFO - Sync 1 DAGs
[2025-02-06T09:43:07.712+0000] {logging_mixin.py:190} INFO - [2025-02-06T09:43:07.712+0000] {dag.py:4180} INFO - Setting next_dagrun for example_dynamic_task_mapping_with_no_taskflow_operators to None, run_after=None
[2025-02-06T09:43:07.770+0000] {processor.py:208} INFO - Processing /opt/conda/lib/python3.12/site-packages/airflow/example_dags/example_dynamic_task_mapping_with_no_taskflow_operators.py took 0.113 seconds
[2025-02-06T09:51:15.937+0000] {processor.py:186} INFO - Started process (PID=515) to work on /opt/conda/lib/python3.12/site-packages/airflow/example_dags/example_dynamic_task_mapping_with_no_taskflow_operators.py
[2025-02-06T09:51:15.939+0000] {processor.py:914} INFO - Processing file /opt/conda/lib/python3.12/site-packages/airflow/example_dags/example_dynamic_task_mapping_with_no_taskflow_operators.py for tasks to queue
[2025-02-06T09:51:15.940+0000] {logging_mixin.py:190} INFO - [2025-02-06T09:51:15.940+0000] {dagbag.py:588} INFO - Filling up the DagBag from /opt/conda/lib/python3.12/site-packages/airflow/example_dags/example_dynamic_task_mapping_with_no_taskflow_operators.py
[2025-02-06T09:51:15.947+0000] {processor.py:925} INFO - DAG(s) 'example_dynamic_task_mapping_with_no_taskflow_operators' retrieved from /opt/conda/lib/python3.12/site-packages/airflow/example_dags/example_dynamic_task_mapping_with_no_taskflow_operators.py
[2025-02-06T09:51:15.968+0000] {logging_mixin.py:190} INFO - [2025-02-06T09:51:15.968+0000] {dag.py:3239} INFO - Sync 1 DAGs
[2025-02-06T09:51:15.986+0000] {logging_mixin.py:190} INFO - [2025-02-06T09:51:15.985+0000] {dag.py:4180} INFO - Setting next_dagrun for example_dynamic_task_mapping_with_no_taskflow_operators to None, run_after=None
[2025-02-06T09:51:16.087+0000] {processor.py:208} INFO - Processing /opt/conda/lib/python3.12/site-packages/airflow/example_dags/example_dynamic_task_mapping_with_no_taskflow_operators.py took 0.153 seconds
[2025-02-06T09:56:27.552+0000] {processor.py:186} INFO - Started process (PID=1074) to work on /opt/conda/lib/python3.12/site-packages/airflow/example_dags/example_dynamic_task_mapping_with_no_taskflow_operators.py
[2025-02-06T09:56:27.553+0000] {processor.py:914} INFO - Processing file /opt/conda/lib/python3.12/site-packages/airflow/example_dags/example_dynamic_task_mapping_with_no_taskflow_operators.py for tasks to queue
[2025-02-06T09:56:27.555+0000] {logging_mixin.py:190} INFO - [2025-02-06T09:56:27.554+0000] {dagbag.py:588} INFO - Filling up the DagBag from /opt/conda/lib/python3.12/site-packages/airflow/example_dags/example_dynamic_task_mapping_with_no_taskflow_operators.py
[2025-02-06T09:56:27.561+0000] {processor.py:925} INFO - DAG(s) 'example_dynamic_task_mapping_with_no_taskflow_operators' retrieved from /opt/conda/lib/python3.12/site-packages/airflow/example_dags/example_dynamic_task_mapping_with_no_taskflow_operators.py
[2025-02-06T09:56:27.579+0000] {logging_mixin.py:190} INFO - [2025-02-06T09:56:27.579+0000] {dag.py:3239} INFO - Sync 1 DAGs
[2025-02-06T09:56:27.590+0000] {logging_mixin.py:190} INFO - [2025-02-06T09:56:27.589+0000] {dag.py:4180} INFO - Setting next_dagrun for example_dynamic_task_mapping_with_no_taskflow_operators to None, run_after=None
[2025-02-06T09:56:27.660+0000] {processor.py:208} INFO - Processing /opt/conda/lib/python3.12/site-packages/airflow/example_dags/example_dynamic_task_mapping_with_no_taskflow_operators.py took 0.112 seconds
[2025-02-06T10:05:17.329+0000] {processor.py:186} INFO - Started process (PID=2017) to work on /opt/conda/lib/python3.12/site-packages/airflow/example_dags/example_dynamic_task_mapping_with_no_taskflow_operators.py
[2025-02-06T10:05:17.330+0000] {processor.py:914} INFO - Processing file /opt/conda/lib/python3.12/site-packages/airflow/example_dags/example_dynamic_task_mapping_with_no_taskflow_operators.py for tasks to queue
[2025-02-06T10:05:17.334+0000] {logging_mixin.py:190} INFO - [2025-02-06T10:05:17.332+0000] {dagbag.py:588} INFO - Filling up the DagBag from /opt/conda/lib/python3.12/site-packages/airflow/example_dags/example_dynamic_task_mapping_with_no_taskflow_operators.py
[2025-02-06T10:05:17.342+0000] {processor.py:925} INFO - DAG(s) 'example_dynamic_task_mapping_with_no_taskflow_operators' retrieved from /opt/conda/lib/python3.12/site-packages/airflow/example_dags/example_dynamic_task_mapping_with_no_taskflow_operators.py
[2025-02-06T10:05:17.367+0000] {logging_mixin.py:190} INFO - [2025-02-06T10:05:17.367+0000] {dag.py:3239} INFO - Sync 1 DAGs
[2025-02-06T10:05:17.380+0000] {logging_mixin.py:190} INFO - [2025-02-06T10:05:17.380+0000] {dag.py:4180} INFO - Setting next_dagrun for example_dynamic_task_mapping_with_no_taskflow_operators to None, run_after=None
[2025-02-06T10:05:17.440+0000] {processor.py:208} INFO - Processing /opt/conda/lib/python3.12/site-packages/airflow/example_dags/example_dynamic_task_mapping_with_no_taskflow_operators.py took 0.116 seconds
[2025-02-06T10:09:49.534+0000] {processor.py:186} INFO - Started process (PID=2427) to work on /opt/conda/lib/python3.12/site-packages/airflow/example_dags/example_dynamic_task_mapping_with_no_taskflow_operators.py
[2025-02-06T10:09:49.536+0000] {processor.py:914} INFO - Processing file /opt/conda/lib/python3.12/site-packages/airflow/example_dags/example_dynamic_task_mapping_with_no_taskflow_operators.py for tasks to queue
[2025-02-06T10:09:49.538+0000] {logging_mixin.py:190} INFO - [2025-02-06T10:09:49.537+0000] {dagbag.py:588} INFO - Filling up the DagBag from /opt/conda/lib/python3.12/site-packages/airflow/example_dags/example_dynamic_task_mapping_with_no_taskflow_operators.py
[2025-02-06T10:09:49.548+0000] {processor.py:925} INFO - DAG(s) 'example_dynamic_task_mapping_with_no_taskflow_operators' retrieved from /opt/conda/lib/python3.12/site-packages/airflow/example_dags/example_dynamic_task_mapping_with_no_taskflow_operators.py
[2025-02-06T10:09:49.572+0000] {logging_mixin.py:190} INFO - [2025-02-06T10:09:49.572+0000] {dag.py:3239} INFO - Sync 1 DAGs
[2025-02-06T10:09:49.587+0000] {logging_mixin.py:190} INFO - [2025-02-06T10:09:49.586+0000] {dag.py:4180} INFO - Setting next_dagrun for example_dynamic_task_mapping_with_no_taskflow_operators to None, run_after=None
[2025-02-06T10:09:49.685+0000] {processor.py:208} INFO - Processing /opt/conda/lib/python3.12/site-packages/airflow/example_dags/example_dynamic_task_mapping_with_no_taskflow_operators.py took 0.157 seconds
[2025-02-06T10:16:24.457+0000] {processor.py:186} INFO - Started process (PID=3110) to work on /opt/conda/lib/python3.12/site-packages/airflow/example_dags/example_dynamic_task_mapping_with_no_taskflow_operators.py
[2025-02-06T10:16:24.458+0000] {processor.py:914} INFO - Processing file /opt/conda/lib/python3.12/site-packages/airflow/example_dags/example_dynamic_task_mapping_with_no_taskflow_operators.py for tasks to queue
[2025-02-06T10:16:24.459+0000] {logging_mixin.py:190} INFO - [2025-02-06T10:16:24.459+0000] {dagbag.py:588} INFO - Filling up the DagBag from /opt/conda/lib/python3.12/site-packages/airflow/example_dags/example_dynamic_task_mapping_with_no_taskflow_operators.py
[2025-02-06T10:16:24.467+0000] {processor.py:925} INFO - DAG(s) 'example_dynamic_task_mapping_with_no_taskflow_operators' retrieved from /opt/conda/lib/python3.12/site-packages/airflow/example_dags/example_dynamic_task_mapping_with_no_taskflow_operators.py
[2025-02-06T10:16:24.489+0000] {logging_mixin.py:190} INFO - [2025-02-06T10:16:24.489+0000] {dag.py:3239} INFO - Sync 1 DAGs
[2025-02-06T10:16:24.501+0000] {logging_mixin.py:190} INFO - [2025-02-06T10:16:24.501+0000] {dag.py:4180} INFO - Setting next_dagrun for example_dynamic_task_mapping_with_no_taskflow_operators to None, run_after=None
[2025-02-06T10:16:24.550+0000] {processor.py:208} INFO - Processing /opt/conda/lib/python3.12/site-packages/airflow/example_dags/example_dynamic_task_mapping_with_no_taskflow_operators.py took 0.099 seconds
[2025-02-06T10:22:10.766+0000] {processor.py:186} INFO - Started process (PID=3708) to work on /opt/conda/lib/python3.12/site-packages/airflow/example_dags/example_dynamic_task_mapping_with_no_taskflow_operators.py
[2025-02-06T10:22:10.767+0000] {processor.py:914} INFO - Processing file /opt/conda/lib/python3.12/site-packages/airflow/example_dags/example_dynamic_task_mapping_with_no_taskflow_operators.py for tasks to queue
[2025-02-06T10:22:10.769+0000] {logging_mixin.py:190} INFO - [2025-02-06T10:22:10.768+0000] {dagbag.py:588} INFO - Filling up the DagBag from /opt/conda/lib/python3.12/site-packages/airflow/example_dags/example_dynamic_task_mapping_with_no_taskflow_operators.py
[2025-02-06T10:22:10.778+0000] {processor.py:925} INFO - DAG(s) 'example_dynamic_task_mapping_with_no_taskflow_operators' retrieved from /opt/conda/lib/python3.12/site-packages/airflow/example_dags/example_dynamic_task_mapping_with_no_taskflow_operators.py
[2025-02-06T10:22:10.803+0000] {logging_mixin.py:190} INFO - [2025-02-06T10:22:10.803+0000] {dag.py:3239} INFO - Sync 1 DAGs
[2025-02-06T10:22:10.820+0000] {logging_mixin.py:190} INFO - [2025-02-06T10:22:10.820+0000] {dag.py:4180} INFO - Setting next_dagrun for example_dynamic_task_mapping_with_no_taskflow_operators to None, run_after=None
[2025-02-06T10:22:10.892+0000] {processor.py:208} INFO - Processing /opt/conda/lib/python3.12/site-packages/airflow/example_dags/example_dynamic_task_mapping_with_no_taskflow_operators.py took 0.131 seconds
[2025-02-06T10:24:30.288+0000] {processor.py:186} INFO - Started process (PID=3909) to work on /opt/conda/lib/python3.12/site-packages/airflow/example_dags/example_dynamic_task_mapping_with_no_taskflow_operators.py
[2025-02-06T10:24:30.289+0000] {processor.py:914} INFO - Processing file /opt/conda/lib/python3.12/site-packages/airflow/example_dags/example_dynamic_task_mapping_with_no_taskflow_operators.py for tasks to queue
[2025-02-06T10:24:30.290+0000] {logging_mixin.py:190} INFO - [2025-02-06T10:24:30.290+0000] {dagbag.py:588} INFO - Filling up the DagBag from /opt/conda/lib/python3.12/site-packages/airflow/example_dags/example_dynamic_task_mapping_with_no_taskflow_operators.py
[2025-02-06T10:24:30.297+0000] {processor.py:925} INFO - DAG(s) 'example_dynamic_task_mapping_with_no_taskflow_operators' retrieved from /opt/conda/lib/python3.12/site-packages/airflow/example_dags/example_dynamic_task_mapping_with_no_taskflow_operators.py
[2025-02-06T10:24:30.321+0000] {logging_mixin.py:190} INFO - [2025-02-06T10:24:30.321+0000] {dag.py:3239} INFO - Sync 1 DAGs
[2025-02-06T10:24:30.335+0000] {logging_mixin.py:190} INFO - [2025-02-06T10:24:30.334+0000] {dag.py:4180} INFO - Setting next_dagrun for example_dynamic_task_mapping_with_no_taskflow_operators to None, run_after=None
[2025-02-06T10:24:30.399+0000] {processor.py:208} INFO - Processing /opt/conda/lib/python3.12/site-packages/airflow/example_dags/example_dynamic_task_mapping_with_no_taskflow_operators.py took 0.116 seconds
[2025-02-06T11:42:42.496+0000] {processor.py:186} INFO - Started process (PID=969) to work on /opt/conda/lib/python3.12/site-packages/airflow/example_dags/example_dynamic_task_mapping_with_no_taskflow_operators.py
[2025-02-06T11:42:42.498+0000] {processor.py:914} INFO - Processing file /opt/conda/lib/python3.12/site-packages/airflow/example_dags/example_dynamic_task_mapping_with_no_taskflow_operators.py for tasks to queue
[2025-02-06T11:42:42.500+0000] {logging_mixin.py:190} INFO - [2025-02-06T11:42:42.500+0000] {dagbag.py:588} INFO - Filling up the DagBag from /opt/conda/lib/python3.12/site-packages/airflow/example_dags/example_dynamic_task_mapping_with_no_taskflow_operators.py
[2025-02-06T11:42:42.510+0000] {processor.py:925} INFO - DAG(s) 'example_dynamic_task_mapping_with_no_taskflow_operators' retrieved from /opt/conda/lib/python3.12/site-packages/airflow/example_dags/example_dynamic_task_mapping_with_no_taskflow_operators.py
[2025-02-06T11:42:42.539+0000] {logging_mixin.py:190} INFO - [2025-02-06T11:42:42.539+0000] {dag.py:3239} INFO - Sync 1 DAGs
[2025-02-06T11:42:42.557+0000] {logging_mixin.py:190} INFO - [2025-02-06T11:42:42.557+0000] {dag.py:4180} INFO - Setting next_dagrun for example_dynamic_task_mapping_with_no_taskflow_operators to None, run_after=None
[2025-02-06T11:42:42.620+0000] {processor.py:208} INFO - Processing /opt/conda/lib/python3.12/site-packages/airflow/example_dags/example_dynamic_task_mapping_with_no_taskflow_operators.py took 0.130 seconds
[2025-02-06T11:50:52.132+0000] {processor.py:186} INFO - Started process (PID=2837) to work on /opt/conda/lib/python3.12/site-packages/airflow/example_dags/example_dynamic_task_mapping_with_no_taskflow_operators.py
[2025-02-06T11:50:52.134+0000] {processor.py:914} INFO - Processing file /opt/conda/lib/python3.12/site-packages/airflow/example_dags/example_dynamic_task_mapping_with_no_taskflow_operators.py for tasks to queue
[2025-02-06T11:50:52.136+0000] {logging_mixin.py:190} INFO - [2025-02-06T11:50:52.136+0000] {dagbag.py:588} INFO - Filling up the DagBag from /opt/conda/lib/python3.12/site-packages/airflow/example_dags/example_dynamic_task_mapping_with_no_taskflow_operators.py
[2025-02-06T11:50:52.147+0000] {processor.py:925} INFO - DAG(s) 'example_dynamic_task_mapping_with_no_taskflow_operators' retrieved from /opt/conda/lib/python3.12/site-packages/airflow/example_dags/example_dynamic_task_mapping_with_no_taskflow_operators.py
[2025-02-06T11:50:52.178+0000] {logging_mixin.py:190} INFO - [2025-02-06T11:50:52.177+0000] {dag.py:3239} INFO - Sync 1 DAGs
[2025-02-06T11:50:52.193+0000] {logging_mixin.py:190} INFO - [2025-02-06T11:50:52.193+0000] {dag.py:4180} INFO - Setting next_dagrun for example_dynamic_task_mapping_with_no_taskflow_operators to None, run_after=None
[2025-02-06T11:50:52.313+0000] {processor.py:208} INFO - Processing /opt/conda/lib/python3.12/site-packages/airflow/example_dags/example_dynamic_task_mapping_with_no_taskflow_operators.py took 0.187 seconds
[2025-02-06T12:06:08.592+0000] {processor.py:186} INFO - Started process (PID=987) to work on /opt/conda/lib/python3.12/site-packages/airflow/example_dags/example_dynamic_task_mapping_with_no_taskflow_operators.py
[2025-02-06T12:06:08.593+0000] {processor.py:914} INFO - Processing file /opt/conda/lib/python3.12/site-packages/airflow/example_dags/example_dynamic_task_mapping_with_no_taskflow_operators.py for tasks to queue
[2025-02-06T12:06:08.596+0000] {logging_mixin.py:190} INFO - [2025-02-06T12:06:08.595+0000] {dagbag.py:588} INFO - Filling up the DagBag from /opt/conda/lib/python3.12/site-packages/airflow/example_dags/example_dynamic_task_mapping_with_no_taskflow_operators.py
[2025-02-06T12:06:08.605+0000] {processor.py:925} INFO - DAG(s) 'example_dynamic_task_mapping_with_no_taskflow_operators' retrieved from /opt/conda/lib/python3.12/site-packages/airflow/example_dags/example_dynamic_task_mapping_with_no_taskflow_operators.py
[2025-02-06T12:06:08.638+0000] {logging_mixin.py:190} INFO - [2025-02-06T12:06:08.637+0000] {dag.py:3239} INFO - Sync 1 DAGs
[2025-02-06T12:06:08.659+0000] {logging_mixin.py:190} INFO - [2025-02-06T12:06:08.658+0000] {dag.py:4180} INFO - Setting next_dagrun for example_dynamic_task_mapping_with_no_taskflow_operators to None, run_after=None
[2025-02-06T12:06:08.773+0000] {processor.py:208} INFO - Processing /opt/conda/lib/python3.12/site-packages/airflow/example_dags/example_dynamic_task_mapping_with_no_taskflow_operators.py took 0.188 seconds
[2025-02-06T12:25:18.443+0000] {processor.py:186} INFO - Started process (PID=1524) to work on /opt/conda/lib/python3.12/site-packages/airflow/example_dags/example_dynamic_task_mapping_with_no_taskflow_operators.py
[2025-02-06T12:25:18.444+0000] {processor.py:914} INFO - Processing file /opt/conda/lib/python3.12/site-packages/airflow/example_dags/example_dynamic_task_mapping_with_no_taskflow_operators.py for tasks to queue
[2025-02-06T12:25:18.446+0000] {logging_mixin.py:190} INFO - [2025-02-06T12:25:18.445+0000] {dagbag.py:588} INFO - Filling up the DagBag from /opt/conda/lib/python3.12/site-packages/airflow/example_dags/example_dynamic_task_mapping_with_no_taskflow_operators.py
[2025-02-06T12:25:18.451+0000] {processor.py:925} INFO - DAG(s) 'example_dynamic_task_mapping_with_no_taskflow_operators' retrieved from /opt/conda/lib/python3.12/site-packages/airflow/example_dags/example_dynamic_task_mapping_with_no_taskflow_operators.py
[2025-02-06T12:25:18.475+0000] {logging_mixin.py:190} INFO - [2025-02-06T12:25:18.474+0000] {dag.py:3239} INFO - Sync 1 DAGs
[2025-02-06T12:25:18.487+0000] {logging_mixin.py:190} INFO - [2025-02-06T12:25:18.486+0000] {dag.py:4180} INFO - Setting next_dagrun for example_dynamic_task_mapping_with_no_taskflow_operators to None, run_after=None
[2025-02-06T12:25:18.559+0000] {processor.py:208} INFO - Processing /opt/conda/lib/python3.12/site-packages/airflow/example_dags/example_dynamic_task_mapping_with_no_taskflow_operators.py took 0.120 seconds
[2025-02-06T12:29:11.554+0000] {processor.py:186} INFO - Started process (PID=3457) to work on /opt/conda/lib/python3.12/site-packages/airflow/example_dags/example_dynamic_task_mapping_with_no_taskflow_operators.py
[2025-02-06T12:29:11.555+0000] {processor.py:914} INFO - Processing file /opt/conda/lib/python3.12/site-packages/airflow/example_dags/example_dynamic_task_mapping_with_no_taskflow_operators.py for tasks to queue
[2025-02-06T12:29:11.557+0000] {logging_mixin.py:190} INFO - [2025-02-06T12:29:11.557+0000] {dagbag.py:588} INFO - Filling up the DagBag from /opt/conda/lib/python3.12/site-packages/airflow/example_dags/example_dynamic_task_mapping_with_no_taskflow_operators.py
[2025-02-06T12:29:11.565+0000] {processor.py:925} INFO - DAG(s) 'example_dynamic_task_mapping_with_no_taskflow_operators' retrieved from /opt/conda/lib/python3.12/site-packages/airflow/example_dags/example_dynamic_task_mapping_with_no_taskflow_operators.py
[2025-02-06T12:29:11.594+0000] {logging_mixin.py:190} INFO - [2025-02-06T12:29:11.594+0000] {dag.py:3239} INFO - Sync 1 DAGs
[2025-02-06T12:29:11.607+0000] {logging_mixin.py:190} INFO - [2025-02-06T12:29:11.607+0000] {dag.py:4180} INFO - Setting next_dagrun for example_dynamic_task_mapping_with_no_taskflow_operators to None, run_after=None
[2025-02-06T12:29:11.667+0000] {processor.py:208} INFO - Processing /opt/conda/lib/python3.12/site-packages/airflow/example_dags/example_dynamic_task_mapping_with_no_taskflow_operators.py took 0.116 seconds
[2025-02-06T12:33:04.803+0000] {processor.py:186} INFO - Started process (PID=5490) to work on /opt/conda/lib/python3.12/site-packages/airflow/example_dags/example_dynamic_task_mapping_with_no_taskflow_operators.py
[2025-02-06T12:33:04.804+0000] {processor.py:914} INFO - Processing file /opt/conda/lib/python3.12/site-packages/airflow/example_dags/example_dynamic_task_mapping_with_no_taskflow_operators.py for tasks to queue
[2025-02-06T12:33:04.806+0000] {logging_mixin.py:190} INFO - [2025-02-06T12:33:04.805+0000] {dagbag.py:588} INFO - Filling up the DagBag from /opt/conda/lib/python3.12/site-packages/airflow/example_dags/example_dynamic_task_mapping_with_no_taskflow_operators.py
[2025-02-06T12:33:04.812+0000] {processor.py:925} INFO - DAG(s) 'example_dynamic_task_mapping_with_no_taskflow_operators' retrieved from /opt/conda/lib/python3.12/site-packages/airflow/example_dags/example_dynamic_task_mapping_with_no_taskflow_operators.py
[2025-02-06T12:33:04.833+0000] {logging_mixin.py:190} INFO - [2025-02-06T12:33:04.833+0000] {dag.py:3239} INFO - Sync 1 DAGs
[2025-02-06T12:33:04.845+0000] {logging_mixin.py:190} INFO - [2025-02-06T12:33:04.845+0000] {dag.py:4180} INFO - Setting next_dagrun for example_dynamic_task_mapping_with_no_taskflow_operators to None, run_after=None
[2025-02-06T12:33:04.964+0000] {processor.py:208} INFO - Processing /opt/conda/lib/python3.12/site-packages/airflow/example_dags/example_dynamic_task_mapping_with_no_taskflow_operators.py took 0.165 seconds
[2025-02-06T12:37:15.160+0000] {processor.py:186} INFO - Started process (PID=7627) to work on /opt/conda/lib/python3.12/site-packages/airflow/example_dags/example_dynamic_task_mapping_with_no_taskflow_operators.py
[2025-02-06T12:37:15.161+0000] {processor.py:914} INFO - Processing file /opt/conda/lib/python3.12/site-packages/airflow/example_dags/example_dynamic_task_mapping_with_no_taskflow_operators.py for tasks to queue
[2025-02-06T12:37:15.163+0000] {logging_mixin.py:190} INFO - [2025-02-06T12:37:15.162+0000] {dagbag.py:588} INFO - Filling up the DagBag from /opt/conda/lib/python3.12/site-packages/airflow/example_dags/example_dynamic_task_mapping_with_no_taskflow_operators.py
[2025-02-06T12:37:15.168+0000] {processor.py:925} INFO - DAG(s) 'example_dynamic_task_mapping_with_no_taskflow_operators' retrieved from /opt/conda/lib/python3.12/site-packages/airflow/example_dags/example_dynamic_task_mapping_with_no_taskflow_operators.py
[2025-02-06T12:37:15.192+0000] {logging_mixin.py:190} INFO - [2025-02-06T12:37:15.192+0000] {dag.py:3239} INFO - Sync 1 DAGs
[2025-02-06T12:37:15.206+0000] {logging_mixin.py:190} INFO - [2025-02-06T12:37:15.205+0000] {dag.py:4180} INFO - Setting next_dagrun for example_dynamic_task_mapping_with_no_taskflow_operators to None, run_after=None
[2025-02-06T12:37:15.267+0000] {processor.py:208} INFO - Processing /opt/conda/lib/python3.12/site-packages/airflow/example_dags/example_dynamic_task_mapping_with_no_taskflow_operators.py took 0.111 seconds
[2025-02-06T12:41:20.012+0000] {processor.py:186} INFO - Started process (PID=9712) to work on /opt/conda/lib/python3.12/site-packages/airflow/example_dags/example_dynamic_task_mapping_with_no_taskflow_operators.py
[2025-02-06T12:41:20.013+0000] {processor.py:914} INFO - Processing file /opt/conda/lib/python3.12/site-packages/airflow/example_dags/example_dynamic_task_mapping_with_no_taskflow_operators.py for tasks to queue
[2025-02-06T12:41:20.015+0000] {logging_mixin.py:190} INFO - [2025-02-06T12:41:20.015+0000] {dagbag.py:588} INFO - Filling up the DagBag from /opt/conda/lib/python3.12/site-packages/airflow/example_dags/example_dynamic_task_mapping_with_no_taskflow_operators.py
[2025-02-06T12:41:20.021+0000] {processor.py:925} INFO - DAG(s) 'example_dynamic_task_mapping_with_no_taskflow_operators' retrieved from /opt/conda/lib/python3.12/site-packages/airflow/example_dags/example_dynamic_task_mapping_with_no_taskflow_operators.py
[2025-02-06T12:41:20.042+0000] {logging_mixin.py:190} INFO - [2025-02-06T12:41:20.041+0000] {dag.py:3239} INFO - Sync 1 DAGs
[2025-02-06T12:41:20.052+0000] {logging_mixin.py:190} INFO - [2025-02-06T12:41:20.052+0000] {dag.py:4180} INFO - Setting next_dagrun for example_dynamic_task_mapping_with_no_taskflow_operators to None, run_after=None
[2025-02-06T12:41:20.115+0000] {processor.py:208} INFO - Processing /opt/conda/lib/python3.12/site-packages/airflow/example_dags/example_dynamic_task_mapping_with_no_taskflow_operators.py took 0.106 seconds
[2025-02-06T12:45:26.974+0000] {processor.py:186} INFO - Started process (PID=11828) to work on /opt/conda/lib/python3.12/site-packages/airflow/example_dags/example_dynamic_task_mapping_with_no_taskflow_operators.py
[2025-02-06T12:45:26.975+0000] {processor.py:914} INFO - Processing file /opt/conda/lib/python3.12/site-packages/airflow/example_dags/example_dynamic_task_mapping_with_no_taskflow_operators.py for tasks to queue
[2025-02-06T12:45:26.977+0000] {logging_mixin.py:190} INFO - [2025-02-06T12:45:26.977+0000] {dagbag.py:588} INFO - Filling up the DagBag from /opt/conda/lib/python3.12/site-packages/airflow/example_dags/example_dynamic_task_mapping_with_no_taskflow_operators.py
[2025-02-06T12:45:26.984+0000] {processor.py:925} INFO - DAG(s) 'example_dynamic_task_mapping_with_no_taskflow_operators' retrieved from /opt/conda/lib/python3.12/site-packages/airflow/example_dags/example_dynamic_task_mapping_with_no_taskflow_operators.py
[2025-02-06T12:45:27.004+0000] {logging_mixin.py:190} INFO - [2025-02-06T12:45:27.003+0000] {dag.py:3239} INFO - Sync 1 DAGs
[2025-02-06T12:45:27.014+0000] {logging_mixin.py:190} INFO - [2025-02-06T12:45:27.014+0000] {dag.py:4180} INFO - Setting next_dagrun for example_dynamic_task_mapping_with_no_taskflow_operators to None, run_after=None
[2025-02-06T12:45:27.069+0000] {processor.py:208} INFO - Processing /opt/conda/lib/python3.12/site-packages/airflow/example_dags/example_dynamic_task_mapping_with_no_taskflow_operators.py took 0.098 seconds
[2025-02-06T12:50:57.499+0000] {processor.py:186} INFO - Started process (PID=14306) to work on /opt/conda/lib/python3.12/site-packages/airflow/example_dags/example_dynamic_task_mapping_with_no_taskflow_operators.py
[2025-02-06T12:50:57.500+0000] {processor.py:914} INFO - Processing file /opt/conda/lib/python3.12/site-packages/airflow/example_dags/example_dynamic_task_mapping_with_no_taskflow_operators.py for tasks to queue
[2025-02-06T12:50:57.502+0000] {logging_mixin.py:190} INFO - [2025-02-06T12:50:57.502+0000] {dagbag.py:588} INFO - Filling up the DagBag from /opt/conda/lib/python3.12/site-packages/airflow/example_dags/example_dynamic_task_mapping_with_no_taskflow_operators.py
[2025-02-06T12:50:57.514+0000] {processor.py:925} INFO - DAG(s) 'example_dynamic_task_mapping_with_no_taskflow_operators' retrieved from /opt/conda/lib/python3.12/site-packages/airflow/example_dags/example_dynamic_task_mapping_with_no_taskflow_operators.py
[2025-02-06T12:50:57.541+0000] {logging_mixin.py:190} INFO - [2025-02-06T12:50:57.541+0000] {dag.py:3239} INFO - Sync 1 DAGs
[2025-02-06T12:50:57.557+0000] {logging_mixin.py:190} INFO - [2025-02-06T12:50:57.556+0000] {dag.py:4180} INFO - Setting next_dagrun for example_dynamic_task_mapping_with_no_taskflow_operators to None, run_after=None
[2025-02-06T12:50:57.622+0000] {processor.py:208} INFO - Processing /opt/conda/lib/python3.12/site-packages/airflow/example_dags/example_dynamic_task_mapping_with_no_taskflow_operators.py took 0.128 seconds
[2025-02-06T13:00:23.345+0000] {processor.py:186} INFO - Started process (PID=745) to work on /opt/conda/lib/python3.12/site-packages/airflow/example_dags/example_dynamic_task_mapping_with_no_taskflow_operators.py
[2025-02-06T13:00:23.346+0000] {processor.py:914} INFO - Processing file /opt/conda/lib/python3.12/site-packages/airflow/example_dags/example_dynamic_task_mapping_with_no_taskflow_operators.py for tasks to queue
[2025-02-06T13:00:23.348+0000] {logging_mixin.py:190} INFO - [2025-02-06T13:00:23.348+0000] {dagbag.py:588} INFO - Filling up the DagBag from /opt/conda/lib/python3.12/site-packages/airflow/example_dags/example_dynamic_task_mapping_with_no_taskflow_operators.py
[2025-02-06T13:00:23.359+0000] {processor.py:925} INFO - DAG(s) 'example_dynamic_task_mapping_with_no_taskflow_operators' retrieved from /opt/conda/lib/python3.12/site-packages/airflow/example_dags/example_dynamic_task_mapping_with_no_taskflow_operators.py
[2025-02-06T13:00:23.444+0000] {logging_mixin.py:190} INFO - [2025-02-06T13:00:23.444+0000] {dag.py:3239} INFO - Sync 1 DAGs
[2025-02-06T13:00:23.462+0000] {logging_mixin.py:190} INFO - [2025-02-06T13:00:23.462+0000] {dag.py:4180} INFO - Setting next_dagrun for example_dynamic_task_mapping_with_no_taskflow_operators to None, run_after=None
[2025-02-06T13:00:23.658+0000] {processor.py:208} INFO - Processing /opt/conda/lib/python3.12/site-packages/airflow/example_dags/example_dynamic_task_mapping_with_no_taskflow_operators.py took 0.317 seconds
[2025-02-06T13:03:28.272+0000] {processor.py:186} INFO - Started process (PID=1759) to work on /opt/conda/lib/python3.12/site-packages/airflow/example_dags/example_dynamic_task_mapping_with_no_taskflow_operators.py
[2025-02-06T13:03:28.273+0000] {processor.py:914} INFO - Processing file /opt/conda/lib/python3.12/site-packages/airflow/example_dags/example_dynamic_task_mapping_with_no_taskflow_operators.py for tasks to queue
[2025-02-06T13:03:28.276+0000] {logging_mixin.py:190} INFO - [2025-02-06T13:03:28.276+0000] {dagbag.py:588} INFO - Filling up the DagBag from /opt/conda/lib/python3.12/site-packages/airflow/example_dags/example_dynamic_task_mapping_with_no_taskflow_operators.py
[2025-02-06T13:03:28.286+0000] {processor.py:925} INFO - DAG(s) 'example_dynamic_task_mapping_with_no_taskflow_operators' retrieved from /opt/conda/lib/python3.12/site-packages/airflow/example_dags/example_dynamic_task_mapping_with_no_taskflow_operators.py
[2025-02-06T13:03:28.316+0000] {logging_mixin.py:190} INFO - [2025-02-06T13:03:28.316+0000] {dag.py:3239} INFO - Sync 1 DAGs
[2025-02-06T13:03:28.335+0000] {logging_mixin.py:190} INFO - [2025-02-06T13:03:28.335+0000] {dag.py:4180} INFO - Setting next_dagrun for example_dynamic_task_mapping_with_no_taskflow_operators to None, run_after=None
[2025-02-06T13:03:28.408+0000] {processor.py:208} INFO - Processing /opt/conda/lib/python3.12/site-packages/airflow/example_dags/example_dynamic_task_mapping_with_no_taskflow_operators.py took 0.142 seconds
[2025-02-06T13:20:53.664+0000] {processor.py:186} INFO - Started process (PID=885) to work on /opt/conda/lib/python3.12/site-packages/airflow/example_dags/example_dynamic_task_mapping_with_no_taskflow_operators.py
[2025-02-06T13:20:53.666+0000] {processor.py:914} INFO - Processing file /opt/conda/lib/python3.12/site-packages/airflow/example_dags/example_dynamic_task_mapping_with_no_taskflow_operators.py for tasks to queue
[2025-02-06T13:20:53.668+0000] {logging_mixin.py:190} INFO - [2025-02-06T13:20:53.667+0000] {dagbag.py:588} INFO - Filling up the DagBag from /opt/conda/lib/python3.12/site-packages/airflow/example_dags/example_dynamic_task_mapping_with_no_taskflow_operators.py
[2025-02-06T13:20:53.676+0000] {processor.py:925} INFO - DAG(s) 'example_dynamic_task_mapping_with_no_taskflow_operators' retrieved from /opt/conda/lib/python3.12/site-packages/airflow/example_dags/example_dynamic_task_mapping_with_no_taskflow_operators.py
[2025-02-06T13:20:53.697+0000] {logging_mixin.py:190} INFO - [2025-02-06T13:20:53.697+0000] {dag.py:3239} INFO - Sync 1 DAGs
[2025-02-06T13:20:53.711+0000] {logging_mixin.py:190} INFO - [2025-02-06T13:20:53.711+0000] {dag.py:4180} INFO - Setting next_dagrun for example_dynamic_task_mapping_with_no_taskflow_operators to None, run_after=None
[2025-02-06T13:20:53.759+0000] {processor.py:208} INFO - Processing /opt/conda/lib/python3.12/site-packages/airflow/example_dags/example_dynamic_task_mapping_with_no_taskflow_operators.py took 0.099 seconds
[2025-02-06T13:25:31.129+0000] {processor.py:186} INFO - Started process (PID=2779) to work on /opt/conda/lib/python3.12/site-packages/airflow/example_dags/example_dynamic_task_mapping_with_no_taskflow_operators.py
[2025-02-06T13:25:31.130+0000] {processor.py:914} INFO - Processing file /opt/conda/lib/python3.12/site-packages/airflow/example_dags/example_dynamic_task_mapping_with_no_taskflow_operators.py for tasks to queue
[2025-02-06T13:25:31.132+0000] {logging_mixin.py:190} INFO - [2025-02-06T13:25:31.132+0000] {dagbag.py:588} INFO - Filling up the DagBag from /opt/conda/lib/python3.12/site-packages/airflow/example_dags/example_dynamic_task_mapping_with_no_taskflow_operators.py
[2025-02-06T13:25:31.139+0000] {processor.py:925} INFO - DAG(s) 'example_dynamic_task_mapping_with_no_taskflow_operators' retrieved from /opt/conda/lib/python3.12/site-packages/airflow/example_dags/example_dynamic_task_mapping_with_no_taskflow_operators.py
[2025-02-06T13:25:31.160+0000] {logging_mixin.py:190} INFO - [2025-02-06T13:25:31.160+0000] {dag.py:3239} INFO - Sync 1 DAGs
[2025-02-06T13:25:31.171+0000] {logging_mixin.py:190} INFO - [2025-02-06T13:25:31.171+0000] {dag.py:4180} INFO - Setting next_dagrun for example_dynamic_task_mapping_with_no_taskflow_operators to None, run_after=None
[2025-02-06T13:25:31.358+0000] {processor.py:208} INFO - Processing /opt/conda/lib/python3.12/site-packages/airflow/example_dags/example_dynamic_task_mapping_with_no_taskflow_operators.py took 0.233 seconds
[2025-02-06T13:29:58.145+0000] {processor.py:186} INFO - Started process (PID=4685) to work on /opt/conda/lib/python3.12/site-packages/airflow/example_dags/example_dynamic_task_mapping_with_no_taskflow_operators.py
[2025-02-06T13:29:58.146+0000] {processor.py:914} INFO - Processing file /opt/conda/lib/python3.12/site-packages/airflow/example_dags/example_dynamic_task_mapping_with_no_taskflow_operators.py for tasks to queue
[2025-02-06T13:29:58.150+0000] {logging_mixin.py:190} INFO - [2025-02-06T13:29:58.149+0000] {dagbag.py:588} INFO - Filling up the DagBag from /opt/conda/lib/python3.12/site-packages/airflow/example_dags/example_dynamic_task_mapping_with_no_taskflow_operators.py
[2025-02-06T13:29:58.164+0000] {processor.py:925} INFO - DAG(s) 'example_dynamic_task_mapping_with_no_taskflow_operators' retrieved from /opt/conda/lib/python3.12/site-packages/airflow/example_dags/example_dynamic_task_mapping_with_no_taskflow_operators.py
[2025-02-06T13:29:58.199+0000] {logging_mixin.py:190} INFO - [2025-02-06T13:29:58.198+0000] {dag.py:3239} INFO - Sync 1 DAGs
[2025-02-06T13:29:58.220+0000] {logging_mixin.py:190} INFO - [2025-02-06T13:29:58.219+0000] {dag.py:4180} INFO - Setting next_dagrun for example_dynamic_task_mapping_with_no_taskflow_operators to None, run_after=None
[2025-02-06T13:29:58.330+0000] {processor.py:208} INFO - Processing /opt/conda/lib/python3.12/site-packages/airflow/example_dags/example_dynamic_task_mapping_with_no_taskflow_operators.py took 0.191 seconds
[2025-02-06T13:33:21.247+0000] {processor.py:186} INFO - Started process (PID=5899) to work on /opt/conda/lib/python3.12/site-packages/airflow/example_dags/example_dynamic_task_mapping_with_no_taskflow_operators.py
[2025-02-06T13:33:21.248+0000] {processor.py:914} INFO - Processing file /opt/conda/lib/python3.12/site-packages/airflow/example_dags/example_dynamic_task_mapping_with_no_taskflow_operators.py for tasks to queue
[2025-02-06T13:33:21.249+0000] {logging_mixin.py:190} INFO - [2025-02-06T13:33:21.249+0000] {dagbag.py:588} INFO - Filling up the DagBag from /opt/conda/lib/python3.12/site-packages/airflow/example_dags/example_dynamic_task_mapping_with_no_taskflow_operators.py
[2025-02-06T13:33:21.257+0000] {processor.py:925} INFO - DAG(s) 'example_dynamic_task_mapping_with_no_taskflow_operators' retrieved from /opt/conda/lib/python3.12/site-packages/airflow/example_dags/example_dynamic_task_mapping_with_no_taskflow_operators.py
[2025-02-06T13:33:21.281+0000] {logging_mixin.py:190} INFO - [2025-02-06T13:33:21.281+0000] {dag.py:3239} INFO - Sync 1 DAGs
[2025-02-06T13:33:21.297+0000] {logging_mixin.py:190} INFO - [2025-02-06T13:33:21.297+0000] {dag.py:4180} INFO - Setting next_dagrun for example_dynamic_task_mapping_with_no_taskflow_operators to None, run_after=None
[2025-02-06T13:33:21.356+0000] {processor.py:208} INFO - Processing /opt/conda/lib/python3.12/site-packages/airflow/example_dags/example_dynamic_task_mapping_with_no_taskflow_operators.py took 0.115 seconds
