[2025-02-06T08:27:17.181+0000] {processor.py:186} INFO - Started process (PID=70) to work on /opt/conda/lib/python3.12/site-packages/airflow/example_dags/example_params_ui_tutorial.py
[2025-02-06T08:27:17.182+0000] {processor.py:914} INFO - Processing file /opt/conda/lib/python3.12/site-packages/airflow/example_dags/example_params_ui_tutorial.py for tasks to queue
[2025-02-06T08:27:17.184+0000] {logging_mixin.py:190} INFO - [2025-02-06T08:27:17.183+0000] {dagbag.py:588} INFO - Filling up the DagBag from /opt/conda/lib/python3.12/site-packages/airflow/example_dags/example_params_ui_tutorial.py
[2025-02-06T08:27:17.191+0000] {processor.py:925} INFO - DAG(s) 'example_params_ui_tutorial' retrieved from /opt/conda/lib/python3.12/site-packages/airflow/example_dags/example_params_ui_tutorial.py
[2025-02-06T08:27:17.336+0000] {logging_mixin.py:190} INFO - [2025-02-06T08:27:17.335+0000] {override.py:1912} INFO - Created Permission View: can delete on DAG:example_params_ui_tutorial
[2025-02-06T08:27:17.371+0000] {logging_mixin.py:190} INFO - [2025-02-06T08:27:17.370+0000] {override.py:1912} INFO - Created Permission View: can read on DAG:example_params_ui_tutorial
[2025-02-06T08:27:17.407+0000] {logging_mixin.py:190} INFO - [2025-02-06T08:27:17.406+0000] {override.py:1912} INFO - Created Permission View: can edit on DAG:example_params_ui_tutorial
[2025-02-06T08:27:17.462+0000] {logging_mixin.py:190} INFO - [2025-02-06T08:27:17.462+0000] {override.py:1912} INFO - Created Permission View: menu access on DAG Run:example_params_ui_tutorial
[2025-02-06T08:27:17.498+0000] {logging_mixin.py:190} INFO - [2025-02-06T08:27:17.498+0000] {override.py:1912} INFO - Created Permission View: can create on DAG Run:example_params_ui_tutorial
[2025-02-06T08:27:17.537+0000] {logging_mixin.py:190} INFO - [2025-02-06T08:27:17.536+0000] {override.py:1912} INFO - Created Permission View: can read on DAG Run:example_params_ui_tutorial
[2025-02-06T08:27:17.571+0000] {logging_mixin.py:190} INFO - [2025-02-06T08:27:17.571+0000] {override.py:1912} INFO - Created Permission View: can delete on DAG Run:example_params_ui_tutorial
[2025-02-06T08:27:17.572+0000] {logging_mixin.py:190} INFO - [2025-02-06T08:27:17.572+0000] {dag.py:3239} INFO - Sync 1 DAGs
[2025-02-06T08:27:17.589+0000] {logging_mixin.py:190} INFO - [2025-02-06T08:27:17.589+0000] {dag.py:3262} INFO - Creating ORM DAG for example_params_ui_tutorial
[2025-02-06T08:27:17.591+0000] {logging_mixin.py:190} INFO - [2025-02-06T08:27:17.590+0000] {dag.py:4180} INFO - Setting next_dagrun for example_params_ui_tutorial to None, run_after=None
[2025-02-06T08:27:17.652+0000] {processor.py:208} INFO - Processing /opt/conda/lib/python3.12/site-packages/airflow/example_dags/example_params_ui_tutorial.py took 0.475 seconds
[2025-02-06T08:30:55.715+0000] {processor.py:186} INFO - Started process (PID=70) to work on /opt/conda/lib/python3.12/site-packages/airflow/example_dags/example_params_ui_tutorial.py
[2025-02-06T08:30:55.716+0000] {processor.py:914} INFO - Processing file /opt/conda/lib/python3.12/site-packages/airflow/example_dags/example_params_ui_tutorial.py for tasks to queue
[2025-02-06T08:30:55.717+0000] {logging_mixin.py:190} INFO - [2025-02-06T08:30:55.717+0000] {dagbag.py:588} INFO - Filling up the DagBag from /opt/conda/lib/python3.12/site-packages/airflow/example_dags/example_params_ui_tutorial.py
[2025-02-06T08:30:55.724+0000] {processor.py:925} INFO - DAG(s) 'example_params_ui_tutorial' retrieved from /opt/conda/lib/python3.12/site-packages/airflow/example_dags/example_params_ui_tutorial.py
[2025-02-06T08:30:55.763+0000] {logging_mixin.py:190} INFO - [2025-02-06T08:30:55.762+0000] {dag.py:3239} INFO - Sync 1 DAGs
[2025-02-06T08:30:55.775+0000] {logging_mixin.py:190} INFO - [2025-02-06T08:30:55.775+0000] {dag.py:4180} INFO - Setting next_dagrun for example_params_ui_tutorial to None, run_after=None
[2025-02-06T08:30:55.837+0000] {processor.py:208} INFO - Processing /opt/conda/lib/python3.12/site-packages/airflow/example_dags/example_params_ui_tutorial.py took 0.126 seconds
[2025-02-06T08:32:08.497+0000] {processor.py:186} INFO - Started process (PID=134) to work on /opt/conda/lib/python3.12/site-packages/airflow/example_dags/example_params_ui_tutorial.py
[2025-02-06T08:32:08.498+0000] {processor.py:914} INFO - Processing file /opt/conda/lib/python3.12/site-packages/airflow/example_dags/example_params_ui_tutorial.py for tasks to queue
[2025-02-06T08:32:08.501+0000] {logging_mixin.py:190} INFO - [2025-02-06T08:32:08.500+0000] {dagbag.py:588} INFO - Filling up the DagBag from /opt/conda/lib/python3.12/site-packages/airflow/example_dags/example_params_ui_tutorial.py
[2025-02-06T08:32:08.508+0000] {processor.py:925} INFO - DAG(s) 'example_params_ui_tutorial' retrieved from /opt/conda/lib/python3.12/site-packages/airflow/example_dags/example_params_ui_tutorial.py
[2025-02-06T08:32:08.548+0000] {logging_mixin.py:190} INFO - [2025-02-06T08:32:08.547+0000] {dag.py:3239} INFO - Sync 1 DAGs
[2025-02-06T08:32:08.562+0000] {logging_mixin.py:190} INFO - [2025-02-06T08:32:08.561+0000] {dag.py:4180} INFO - Setting next_dagrun for example_params_ui_tutorial to None, run_after=None
[2025-02-06T08:32:08.618+0000] {processor.py:208} INFO - Processing /opt/conda/lib/python3.12/site-packages/airflow/example_dags/example_params_ui_tutorial.py took 0.127 seconds
[2025-02-06T08:33:17.293+0000] {processor.py:186} INFO - Started process (PID=195) to work on /opt/conda/lib/python3.12/site-packages/airflow/example_dags/example_params_ui_tutorial.py
[2025-02-06T08:33:17.294+0000] {processor.py:914} INFO - Processing file /opt/conda/lib/python3.12/site-packages/airflow/example_dags/example_params_ui_tutorial.py for tasks to queue
[2025-02-06T08:33:17.295+0000] {logging_mixin.py:190} INFO - [2025-02-06T08:33:17.295+0000] {dagbag.py:588} INFO - Filling up the DagBag from /opt/conda/lib/python3.12/site-packages/airflow/example_dags/example_params_ui_tutorial.py
[2025-02-06T08:33:17.301+0000] {processor.py:925} INFO - DAG(s) 'example_params_ui_tutorial' retrieved from /opt/conda/lib/python3.12/site-packages/airflow/example_dags/example_params_ui_tutorial.py
[2025-02-06T08:33:17.335+0000] {logging_mixin.py:190} INFO - [2025-02-06T08:33:17.335+0000] {dag.py:3239} INFO - Sync 1 DAGs
[2025-02-06T08:33:17.348+0000] {logging_mixin.py:190} INFO - [2025-02-06T08:33:17.348+0000] {dag.py:4180} INFO - Setting next_dagrun for example_params_ui_tutorial to None, run_after=None
[2025-02-06T08:33:17.405+0000] {processor.py:208} INFO - Processing /opt/conda/lib/python3.12/site-packages/airflow/example_dags/example_params_ui_tutorial.py took 0.117 seconds
[2025-02-06T08:34:32.146+0000] {processor.py:186} INFO - Started process (PID=258) to work on /opt/conda/lib/python3.12/site-packages/airflow/example_dags/example_params_ui_tutorial.py
[2025-02-06T08:34:32.147+0000] {processor.py:914} INFO - Processing file /opt/conda/lib/python3.12/site-packages/airflow/example_dags/example_params_ui_tutorial.py for tasks to queue
[2025-02-06T08:34:32.149+0000] {logging_mixin.py:190} INFO - [2025-02-06T08:34:32.149+0000] {dagbag.py:588} INFO - Filling up the DagBag from /opt/conda/lib/python3.12/site-packages/airflow/example_dags/example_params_ui_tutorial.py
[2025-02-06T08:34:32.158+0000] {processor.py:925} INFO - DAG(s) 'example_params_ui_tutorial' retrieved from /opt/conda/lib/python3.12/site-packages/airflow/example_dags/example_params_ui_tutorial.py
[2025-02-06T08:34:32.198+0000] {logging_mixin.py:190} INFO - [2025-02-06T08:34:32.198+0000] {dag.py:3239} INFO - Sync 1 DAGs
[2025-02-06T08:34:32.218+0000] {logging_mixin.py:190} INFO - [2025-02-06T08:34:32.218+0000] {dag.py:4180} INFO - Setting next_dagrun for example_params_ui_tutorial to None, run_after=None
[2025-02-06T08:34:32.282+0000] {processor.py:208} INFO - Processing /opt/conda/lib/python3.12/site-packages/airflow/example_dags/example_params_ui_tutorial.py took 0.142 seconds
[2025-02-06T08:35:49.214+0000] {processor.py:186} INFO - Started process (PID=324) to work on /opt/conda/lib/python3.12/site-packages/airflow/example_dags/example_params_ui_tutorial.py
[2025-02-06T08:35:49.215+0000] {processor.py:914} INFO - Processing file /opt/conda/lib/python3.12/site-packages/airflow/example_dags/example_params_ui_tutorial.py for tasks to queue
[2025-02-06T08:35:49.216+0000] {logging_mixin.py:190} INFO - [2025-02-06T08:35:49.216+0000] {dagbag.py:588} INFO - Filling up the DagBag from /opt/conda/lib/python3.12/site-packages/airflow/example_dags/example_params_ui_tutorial.py
[2025-02-06T08:35:49.225+0000] {processor.py:925} INFO - DAG(s) 'example_params_ui_tutorial' retrieved from /opt/conda/lib/python3.12/site-packages/airflow/example_dags/example_params_ui_tutorial.py
[2025-02-06T08:35:49.267+0000] {logging_mixin.py:190} INFO - [2025-02-06T08:35:49.267+0000] {dag.py:3239} INFO - Sync 1 DAGs
[2025-02-06T08:35:49.283+0000] {logging_mixin.py:190} INFO - [2025-02-06T08:35:49.283+0000] {dag.py:4180} INFO - Setting next_dagrun for example_params_ui_tutorial to None, run_after=None
[2025-02-06T08:35:49.354+0000] {processor.py:208} INFO - Processing /opt/conda/lib/python3.12/site-packages/airflow/example_dags/example_params_ui_tutorial.py took 0.145 seconds
[2025-02-06T08:37:11.886+0000] {processor.py:186} INFO - Started process (PID=391) to work on /opt/conda/lib/python3.12/site-packages/airflow/example_dags/example_params_ui_tutorial.py
[2025-02-06T08:37:11.887+0000] {processor.py:914} INFO - Processing file /opt/conda/lib/python3.12/site-packages/airflow/example_dags/example_params_ui_tutorial.py for tasks to queue
[2025-02-06T08:37:11.888+0000] {logging_mixin.py:190} INFO - [2025-02-06T08:37:11.888+0000] {dagbag.py:588} INFO - Filling up the DagBag from /opt/conda/lib/python3.12/site-packages/airflow/example_dags/example_params_ui_tutorial.py
[2025-02-06T08:37:11.896+0000] {processor.py:925} INFO - DAG(s) 'example_params_ui_tutorial' retrieved from /opt/conda/lib/python3.12/site-packages/airflow/example_dags/example_params_ui_tutorial.py
[2025-02-06T08:37:11.939+0000] {logging_mixin.py:190} INFO - [2025-02-06T08:37:11.939+0000] {dag.py:3239} INFO - Sync 1 DAGs
[2025-02-06T08:37:11.952+0000] {logging_mixin.py:190} INFO - [2025-02-06T08:37:11.951+0000] {dag.py:4180} INFO - Setting next_dagrun for example_params_ui_tutorial to None, run_after=None
[2025-02-06T08:37:12.002+0000] {processor.py:208} INFO - Processing /opt/conda/lib/python3.12/site-packages/airflow/example_dags/example_params_ui_tutorial.py took 0.121 seconds
[2025-02-06T08:38:27.215+0000] {processor.py:186} INFO - Started process (PID=456) to work on /opt/conda/lib/python3.12/site-packages/airflow/example_dags/example_params_ui_tutorial.py
[2025-02-06T08:38:27.216+0000] {processor.py:914} INFO - Processing file /opt/conda/lib/python3.12/site-packages/airflow/example_dags/example_params_ui_tutorial.py for tasks to queue
[2025-02-06T08:38:27.218+0000] {logging_mixin.py:190} INFO - [2025-02-06T08:38:27.217+0000] {dagbag.py:588} INFO - Filling up the DagBag from /opt/conda/lib/python3.12/site-packages/airflow/example_dags/example_params_ui_tutorial.py
[2025-02-06T08:38:27.229+0000] {processor.py:925} INFO - DAG(s) 'example_params_ui_tutorial' retrieved from /opt/conda/lib/python3.12/site-packages/airflow/example_dags/example_params_ui_tutorial.py
[2025-02-06T08:38:27.284+0000] {logging_mixin.py:190} INFO - [2025-02-06T08:38:27.284+0000] {dag.py:3239} INFO - Sync 1 DAGs
[2025-02-06T08:38:27.303+0000] {logging_mixin.py:190} INFO - [2025-02-06T08:38:27.303+0000] {dag.py:4180} INFO - Setting next_dagrun for example_params_ui_tutorial to None, run_after=None
[2025-02-06T08:38:27.362+0000] {processor.py:208} INFO - Processing /opt/conda/lib/python3.12/site-packages/airflow/example_dags/example_params_ui_tutorial.py took 0.151 seconds
[2025-02-06T08:39:44.122+0000] {processor.py:186} INFO - Started process (PID=522) to work on /opt/conda/lib/python3.12/site-packages/airflow/example_dags/example_params_ui_tutorial.py
[2025-02-06T08:39:44.123+0000] {processor.py:914} INFO - Processing file /opt/conda/lib/python3.12/site-packages/airflow/example_dags/example_params_ui_tutorial.py for tasks to queue
[2025-02-06T08:39:44.126+0000] {logging_mixin.py:190} INFO - [2025-02-06T08:39:44.125+0000] {dagbag.py:588} INFO - Filling up the DagBag from /opt/conda/lib/python3.12/site-packages/airflow/example_dags/example_params_ui_tutorial.py
[2025-02-06T08:39:44.138+0000] {processor.py:925} INFO - DAG(s) 'example_params_ui_tutorial' retrieved from /opt/conda/lib/python3.12/site-packages/airflow/example_dags/example_params_ui_tutorial.py
[2025-02-06T08:39:44.198+0000] {logging_mixin.py:190} INFO - [2025-02-06T08:39:44.198+0000] {dag.py:3239} INFO - Sync 1 DAGs
[2025-02-06T08:39:44.216+0000] {logging_mixin.py:190} INFO - [2025-02-06T08:39:44.215+0000] {dag.py:4180} INFO - Setting next_dagrun for example_params_ui_tutorial to None, run_after=None
[2025-02-06T08:39:44.307+0000] {processor.py:208} INFO - Processing /opt/conda/lib/python3.12/site-packages/airflow/example_dags/example_params_ui_tutorial.py took 0.193 seconds
[2025-02-06T08:41:02.443+0000] {processor.py:186} INFO - Started process (PID=588) to work on /opt/conda/lib/python3.12/site-packages/airflow/example_dags/example_params_ui_tutorial.py
[2025-02-06T08:41:02.444+0000] {processor.py:914} INFO - Processing file /opt/conda/lib/python3.12/site-packages/airflow/example_dags/example_params_ui_tutorial.py for tasks to queue
[2025-02-06T08:41:02.445+0000] {logging_mixin.py:190} INFO - [2025-02-06T08:41:02.445+0000] {dagbag.py:588} INFO - Filling up the DagBag from /opt/conda/lib/python3.12/site-packages/airflow/example_dags/example_params_ui_tutorial.py
[2025-02-06T08:41:02.454+0000] {processor.py:925} INFO - DAG(s) 'example_params_ui_tutorial' retrieved from /opt/conda/lib/python3.12/site-packages/airflow/example_dags/example_params_ui_tutorial.py
[2025-02-06T08:41:02.492+0000] {logging_mixin.py:190} INFO - [2025-02-06T08:41:02.492+0000] {dag.py:3239} INFO - Sync 1 DAGs
[2025-02-06T08:41:02.509+0000] {logging_mixin.py:190} INFO - [2025-02-06T08:41:02.509+0000] {dag.py:4180} INFO - Setting next_dagrun for example_params_ui_tutorial to None, run_after=None
[2025-02-06T08:41:02.572+0000] {processor.py:208} INFO - Processing /opt/conda/lib/python3.12/site-packages/airflow/example_dags/example_params_ui_tutorial.py took 0.133 seconds
[2025-02-06T08:42:16.845+0000] {processor.py:186} INFO - Started process (PID=652) to work on /opt/conda/lib/python3.12/site-packages/airflow/example_dags/example_params_ui_tutorial.py
[2025-02-06T08:42:16.846+0000] {processor.py:914} INFO - Processing file /opt/conda/lib/python3.12/site-packages/airflow/example_dags/example_params_ui_tutorial.py for tasks to queue
[2025-02-06T08:42:16.847+0000] {logging_mixin.py:190} INFO - [2025-02-06T08:42:16.847+0000] {dagbag.py:588} INFO - Filling up the DagBag from /opt/conda/lib/python3.12/site-packages/airflow/example_dags/example_params_ui_tutorial.py
[2025-02-06T08:42:16.855+0000] {processor.py:925} INFO - DAG(s) 'example_params_ui_tutorial' retrieved from /opt/conda/lib/python3.12/site-packages/airflow/example_dags/example_params_ui_tutorial.py
[2025-02-06T08:42:16.897+0000] {logging_mixin.py:190} INFO - [2025-02-06T08:42:16.897+0000] {dag.py:3239} INFO - Sync 1 DAGs
[2025-02-06T08:42:16.913+0000] {logging_mixin.py:190} INFO - [2025-02-06T08:42:16.913+0000] {dag.py:4180} INFO - Setting next_dagrun for example_params_ui_tutorial to None, run_after=None
[2025-02-06T08:42:16.972+0000] {processor.py:208} INFO - Processing /opt/conda/lib/python3.12/site-packages/airflow/example_dags/example_params_ui_tutorial.py took 0.132 seconds
[2025-02-06T08:43:48.688+0000] {processor.py:186} INFO - Started process (PID=71) to work on /opt/conda/lib/python3.12/site-packages/airflow/example_dags/example_params_ui_tutorial.py
[2025-02-06T08:43:48.689+0000] {processor.py:914} INFO - Processing file /opt/conda/lib/python3.12/site-packages/airflow/example_dags/example_params_ui_tutorial.py for tasks to queue
[2025-02-06T08:43:48.692+0000] {logging_mixin.py:190} INFO - [2025-02-06T08:43:48.691+0000] {dagbag.py:588} INFO - Filling up the DagBag from /opt/conda/lib/python3.12/site-packages/airflow/example_dags/example_params_ui_tutorial.py
[2025-02-06T08:43:48.698+0000] {processor.py:925} INFO - DAG(s) 'example_params_ui_tutorial' retrieved from /opt/conda/lib/python3.12/site-packages/airflow/example_dags/example_params_ui_tutorial.py
[2025-02-06T08:43:48.739+0000] {logging_mixin.py:190} INFO - [2025-02-06T08:43:48.739+0000] {dag.py:3239} INFO - Sync 1 DAGs
[2025-02-06T08:43:48.753+0000] {logging_mixin.py:190} INFO - [2025-02-06T08:43:48.752+0000] {dag.py:4180} INFO - Setting next_dagrun for example_params_ui_tutorial to None, run_after=None
[2025-02-06T08:43:48.812+0000] {processor.py:208} INFO - Processing /opt/conda/lib/python3.12/site-packages/airflow/example_dags/example_params_ui_tutorial.py took 0.129 seconds
[2025-02-06T08:45:06.776+0000] {processor.py:186} INFO - Started process (PID=137) to work on /opt/conda/lib/python3.12/site-packages/airflow/example_dags/example_params_ui_tutorial.py
[2025-02-06T08:45:06.777+0000] {processor.py:914} INFO - Processing file /opt/conda/lib/python3.12/site-packages/airflow/example_dags/example_params_ui_tutorial.py for tasks to queue
[2025-02-06T08:45:06.779+0000] {logging_mixin.py:190} INFO - [2025-02-06T08:45:06.778+0000] {dagbag.py:588} INFO - Filling up the DagBag from /opt/conda/lib/python3.12/site-packages/airflow/example_dags/example_params_ui_tutorial.py
[2025-02-06T08:45:06.786+0000] {processor.py:925} INFO - DAG(s) 'example_params_ui_tutorial' retrieved from /opt/conda/lib/python3.12/site-packages/airflow/example_dags/example_params_ui_tutorial.py
[2025-02-06T08:45:06.819+0000] {logging_mixin.py:190} INFO - [2025-02-06T08:45:06.819+0000] {dag.py:3239} INFO - Sync 1 DAGs
[2025-02-06T08:45:06.832+0000] {logging_mixin.py:190} INFO - [2025-02-06T08:45:06.832+0000] {dag.py:4180} INFO - Setting next_dagrun for example_params_ui_tutorial to None, run_after=None
[2025-02-06T08:45:06.901+0000] {processor.py:208} INFO - Processing /opt/conda/lib/python3.12/site-packages/airflow/example_dags/example_params_ui_tutorial.py took 0.129 seconds
[2025-02-06T08:47:30.879+0000] {processor.py:186} INFO - Started process (PID=362) to work on /opt/conda/lib/python3.12/site-packages/airflow/example_dags/example_params_ui_tutorial.py
[2025-02-06T08:47:30.881+0000] {processor.py:914} INFO - Processing file /opt/conda/lib/python3.12/site-packages/airflow/example_dags/example_params_ui_tutorial.py for tasks to queue
[2025-02-06T08:47:30.883+0000] {logging_mixin.py:190} INFO - [2025-02-06T08:47:30.883+0000] {dagbag.py:588} INFO - Filling up the DagBag from /opt/conda/lib/python3.12/site-packages/airflow/example_dags/example_params_ui_tutorial.py
[2025-02-06T08:47:30.893+0000] {processor.py:925} INFO - DAG(s) 'example_params_ui_tutorial' retrieved from /opt/conda/lib/python3.12/site-packages/airflow/example_dags/example_params_ui_tutorial.py
[2025-02-06T08:47:30.932+0000] {logging_mixin.py:190} INFO - [2025-02-06T08:47:30.932+0000] {dag.py:3239} INFO - Sync 1 DAGs
[2025-02-06T08:47:30.950+0000] {logging_mixin.py:190} INFO - [2025-02-06T08:47:30.949+0000] {dag.py:4180} INFO - Setting next_dagrun for example_params_ui_tutorial to None, run_after=None
[2025-02-06T08:47:31.017+0000] {processor.py:208} INFO - Processing /opt/conda/lib/python3.12/site-packages/airflow/example_dags/example_params_ui_tutorial.py took 0.141 seconds
[2025-02-06T08:49:44.994+0000] {processor.py:186} INFO - Started process (PID=243) to work on /opt/conda/lib/python3.12/site-packages/airflow/example_dags/example_params_ui_tutorial.py
[2025-02-06T08:49:44.996+0000] {processor.py:914} INFO - Processing file /opt/conda/lib/python3.12/site-packages/airflow/example_dags/example_params_ui_tutorial.py for tasks to queue
[2025-02-06T08:49:45.000+0000] {logging_mixin.py:190} INFO - [2025-02-06T08:49:45.000+0000] {dagbag.py:588} INFO - Filling up the DagBag from /opt/conda/lib/python3.12/site-packages/airflow/example_dags/example_params_ui_tutorial.py
[2025-02-06T08:49:45.011+0000] {processor.py:925} INFO - DAG(s) 'example_params_ui_tutorial' retrieved from /opt/conda/lib/python3.12/site-packages/airflow/example_dags/example_params_ui_tutorial.py
[2025-02-06T08:49:45.053+0000] {logging_mixin.py:190} INFO - [2025-02-06T08:49:45.053+0000] {dag.py:3239} INFO - Sync 1 DAGs
[2025-02-06T08:49:45.065+0000] {logging_mixin.py:190} INFO - [2025-02-06T08:49:45.065+0000] {dag.py:4180} INFO - Setting next_dagrun for example_params_ui_tutorial to None, run_after=None
[2025-02-06T08:49:45.118+0000] {processor.py:208} INFO - Processing /opt/conda/lib/python3.12/site-packages/airflow/example_dags/example_params_ui_tutorial.py took 0.129 seconds
[2025-02-06T08:52:50.436+0000] {processor.py:186} INFO - Started process (PID=587) to work on /opt/conda/lib/python3.12/site-packages/airflow/example_dags/example_params_ui_tutorial.py
[2025-02-06T08:52:50.437+0000] {processor.py:914} INFO - Processing file /opt/conda/lib/python3.12/site-packages/airflow/example_dags/example_params_ui_tutorial.py for tasks to queue
[2025-02-06T08:52:50.439+0000] {logging_mixin.py:190} INFO - [2025-02-06T08:52:50.438+0000] {dagbag.py:588} INFO - Filling up the DagBag from /opt/conda/lib/python3.12/site-packages/airflow/example_dags/example_params_ui_tutorial.py
[2025-02-06T08:52:50.445+0000] {processor.py:925} INFO - DAG(s) 'example_params_ui_tutorial' retrieved from /opt/conda/lib/python3.12/site-packages/airflow/example_dags/example_params_ui_tutorial.py
[2025-02-06T08:52:50.484+0000] {logging_mixin.py:190} INFO - [2025-02-06T08:52:50.483+0000] {dag.py:3239} INFO - Sync 1 DAGs
[2025-02-06T08:52:50.497+0000] {logging_mixin.py:190} INFO - [2025-02-06T08:52:50.496+0000] {dag.py:4180} INFO - Setting next_dagrun for example_params_ui_tutorial to None, run_after=None
[2025-02-06T08:52:50.548+0000] {processor.py:208} INFO - Processing /opt/conda/lib/python3.12/site-packages/airflow/example_dags/example_params_ui_tutorial.py took 0.117 seconds
[2025-02-06T08:55:25.671+0000] {processor.py:186} INFO - Started process (PID=879) to work on /opt/conda/lib/python3.12/site-packages/airflow/example_dags/example_params_ui_tutorial.py
[2025-02-06T08:55:25.672+0000] {processor.py:914} INFO - Processing file /opt/conda/lib/python3.12/site-packages/airflow/example_dags/example_params_ui_tutorial.py for tasks to queue
[2025-02-06T08:55:25.674+0000] {logging_mixin.py:190} INFO - [2025-02-06T08:55:25.674+0000] {dagbag.py:588} INFO - Filling up the DagBag from /opt/conda/lib/python3.12/site-packages/airflow/example_dags/example_params_ui_tutorial.py
[2025-02-06T08:55:25.680+0000] {processor.py:925} INFO - DAG(s) 'example_params_ui_tutorial' retrieved from /opt/conda/lib/python3.12/site-packages/airflow/example_dags/example_params_ui_tutorial.py
[2025-02-06T08:55:25.719+0000] {logging_mixin.py:190} INFO - [2025-02-06T08:55:25.719+0000] {dag.py:3239} INFO - Sync 1 DAGs
[2025-02-06T08:55:25.732+0000] {logging_mixin.py:190} INFO - [2025-02-06T08:55:25.731+0000] {dag.py:4180} INFO - Setting next_dagrun for example_params_ui_tutorial to None, run_after=None
[2025-02-06T08:55:25.779+0000] {processor.py:208} INFO - Processing /opt/conda/lib/python3.12/site-packages/airflow/example_dags/example_params_ui_tutorial.py took 0.113 seconds
[2025-02-06T08:57:56.434+0000] {processor.py:186} INFO - Started process (PID=1136) to work on /opt/conda/lib/python3.12/site-packages/airflow/example_dags/example_params_ui_tutorial.py
[2025-02-06T08:57:56.435+0000] {processor.py:914} INFO - Processing file /opt/conda/lib/python3.12/site-packages/airflow/example_dags/example_params_ui_tutorial.py for tasks to queue
[2025-02-06T08:57:56.438+0000] {logging_mixin.py:190} INFO - [2025-02-06T08:57:56.437+0000] {dagbag.py:588} INFO - Filling up the DagBag from /opt/conda/lib/python3.12/site-packages/airflow/example_dags/example_params_ui_tutorial.py
[2025-02-06T08:57:56.447+0000] {processor.py:925} INFO - DAG(s) 'example_params_ui_tutorial' retrieved from /opt/conda/lib/python3.12/site-packages/airflow/example_dags/example_params_ui_tutorial.py
[2025-02-06T08:57:56.500+0000] {logging_mixin.py:190} INFO - [2025-02-06T08:57:56.500+0000] {dag.py:3239} INFO - Sync 1 DAGs
[2025-02-06T08:57:56.516+0000] {logging_mixin.py:190} INFO - [2025-02-06T08:57:56.516+0000] {dag.py:4180} INFO - Setting next_dagrun for example_params_ui_tutorial to None, run_after=None
[2025-02-06T08:57:56.590+0000] {processor.py:208} INFO - Processing /opt/conda/lib/python3.12/site-packages/airflow/example_dags/example_params_ui_tutorial.py took 0.162 seconds
[2025-02-06T09:05:37.187+0000] {processor.py:186} INFO - Started process (PID=171) to work on /opt/conda/lib/python3.12/site-packages/airflow/example_dags/example_params_ui_tutorial.py
[2025-02-06T09:05:37.188+0000] {processor.py:914} INFO - Processing file /opt/conda/lib/python3.12/site-packages/airflow/example_dags/example_params_ui_tutorial.py for tasks to queue
[2025-02-06T09:05:37.189+0000] {logging_mixin.py:190} INFO - [2025-02-06T09:05:37.189+0000] {dagbag.py:588} INFO - Filling up the DagBag from /opt/conda/lib/python3.12/site-packages/airflow/example_dags/example_params_ui_tutorial.py
[2025-02-06T09:05:37.197+0000] {processor.py:925} INFO - DAG(s) 'example_params_ui_tutorial' retrieved from /opt/conda/lib/python3.12/site-packages/airflow/example_dags/example_params_ui_tutorial.py
[2025-02-06T09:05:37.234+0000] {logging_mixin.py:190} INFO - [2025-02-06T09:05:37.234+0000] {dag.py:3239} INFO - Sync 1 DAGs
[2025-02-06T09:05:37.246+0000] {logging_mixin.py:190} INFO - [2025-02-06T09:05:37.246+0000] {dag.py:4180} INFO - Setting next_dagrun for example_params_ui_tutorial to None, run_after=None
[2025-02-06T09:05:37.305+0000] {processor.py:208} INFO - Processing /opt/conda/lib/python3.12/site-packages/airflow/example_dags/example_params_ui_tutorial.py took 0.122 seconds
[2025-02-06T09:08:35.463+0000] {processor.py:186} INFO - Started process (PID=501) to work on /opt/conda/lib/python3.12/site-packages/airflow/example_dags/example_params_ui_tutorial.py
[2025-02-06T09:08:35.464+0000] {processor.py:914} INFO - Processing file /opt/conda/lib/python3.12/site-packages/airflow/example_dags/example_params_ui_tutorial.py for tasks to queue
[2025-02-06T09:08:35.466+0000] {logging_mixin.py:190} INFO - [2025-02-06T09:08:35.465+0000] {dagbag.py:588} INFO - Filling up the DagBag from /opt/conda/lib/python3.12/site-packages/airflow/example_dags/example_params_ui_tutorial.py
[2025-02-06T09:08:35.476+0000] {processor.py:925} INFO - DAG(s) 'example_params_ui_tutorial' retrieved from /opt/conda/lib/python3.12/site-packages/airflow/example_dags/example_params_ui_tutorial.py
[2025-02-06T09:08:35.518+0000] {logging_mixin.py:190} INFO - [2025-02-06T09:08:35.518+0000] {dag.py:3239} INFO - Sync 1 DAGs
[2025-02-06T09:08:35.531+0000] {logging_mixin.py:190} INFO - [2025-02-06T09:08:35.531+0000] {dag.py:4180} INFO - Setting next_dagrun for example_params_ui_tutorial to None, run_after=None
[2025-02-06T09:08:35.581+0000] {processor.py:208} INFO - Processing /opt/conda/lib/python3.12/site-packages/airflow/example_dags/example_params_ui_tutorial.py took 0.122 seconds
[2025-02-06T09:10:52.694+0000] {processor.py:186} INFO - Started process (PID=762) to work on /opt/conda/lib/python3.12/site-packages/airflow/example_dags/example_params_ui_tutorial.py
[2025-02-06T09:10:52.696+0000] {processor.py:914} INFO - Processing file /opt/conda/lib/python3.12/site-packages/airflow/example_dags/example_params_ui_tutorial.py for tasks to queue
[2025-02-06T09:10:52.698+0000] {logging_mixin.py:190} INFO - [2025-02-06T09:10:52.697+0000] {dagbag.py:588} INFO - Filling up the DagBag from /opt/conda/lib/python3.12/site-packages/airflow/example_dags/example_params_ui_tutorial.py
[2025-02-06T09:10:52.704+0000] {processor.py:925} INFO - DAG(s) 'example_params_ui_tutorial' retrieved from /opt/conda/lib/python3.12/site-packages/airflow/example_dags/example_params_ui_tutorial.py
[2025-02-06T09:10:52.744+0000] {logging_mixin.py:190} INFO - [2025-02-06T09:10:52.744+0000] {dag.py:3239} INFO - Sync 1 DAGs
[2025-02-06T09:10:52.756+0000] {logging_mixin.py:190} INFO - [2025-02-06T09:10:52.756+0000] {dag.py:4180} INFO - Setting next_dagrun for example_params_ui_tutorial to None, run_after=None
[2025-02-06T09:10:52.807+0000] {processor.py:208} INFO - Processing /opt/conda/lib/python3.12/site-packages/airflow/example_dags/example_params_ui_tutorial.py took 0.118 seconds
[2025-02-06T09:13:20.846+0000] {processor.py:186} INFO - Started process (PID=1037) to work on /opt/conda/lib/python3.12/site-packages/airflow/example_dags/example_params_ui_tutorial.py
[2025-02-06T09:13:20.847+0000] {processor.py:914} INFO - Processing file /opt/conda/lib/python3.12/site-packages/airflow/example_dags/example_params_ui_tutorial.py for tasks to queue
[2025-02-06T09:13:20.849+0000] {logging_mixin.py:190} INFO - [2025-02-06T09:13:20.849+0000] {dagbag.py:588} INFO - Filling up the DagBag from /opt/conda/lib/python3.12/site-packages/airflow/example_dags/example_params_ui_tutorial.py
[2025-02-06T09:13:20.856+0000] {processor.py:925} INFO - DAG(s) 'example_params_ui_tutorial' retrieved from /opt/conda/lib/python3.12/site-packages/airflow/example_dags/example_params_ui_tutorial.py
[2025-02-06T09:13:20.893+0000] {logging_mixin.py:190} INFO - [2025-02-06T09:13:20.892+0000] {dag.py:3239} INFO - Sync 1 DAGs
[2025-02-06T09:13:20.905+0000] {logging_mixin.py:190} INFO - [2025-02-06T09:13:20.905+0000] {dag.py:4180} INFO - Setting next_dagrun for example_params_ui_tutorial to None, run_after=None
[2025-02-06T09:13:20.959+0000] {processor.py:208} INFO - Processing /opt/conda/lib/python3.12/site-packages/airflow/example_dags/example_params_ui_tutorial.py took 0.118 seconds
[2025-02-06T09:15:46.552+0000] {processor.py:186} INFO - Started process (PID=1300) to work on /opt/conda/lib/python3.12/site-packages/airflow/example_dags/example_params_ui_tutorial.py
[2025-02-06T09:15:46.553+0000] {processor.py:914} INFO - Processing file /opt/conda/lib/python3.12/site-packages/airflow/example_dags/example_params_ui_tutorial.py for tasks to queue
[2025-02-06T09:15:46.555+0000] {logging_mixin.py:190} INFO - [2025-02-06T09:15:46.555+0000] {dagbag.py:588} INFO - Filling up the DagBag from /opt/conda/lib/python3.12/site-packages/airflow/example_dags/example_params_ui_tutorial.py
[2025-02-06T09:15:46.562+0000] {processor.py:925} INFO - DAG(s) 'example_params_ui_tutorial' retrieved from /opt/conda/lib/python3.12/site-packages/airflow/example_dags/example_params_ui_tutorial.py
[2025-02-06T09:15:46.603+0000] {logging_mixin.py:190} INFO - [2025-02-06T09:15:46.603+0000] {dag.py:3239} INFO - Sync 1 DAGs
[2025-02-06T09:15:46.616+0000] {logging_mixin.py:190} INFO - [2025-02-06T09:15:46.616+0000] {dag.py:4180} INFO - Setting next_dagrun for example_params_ui_tutorial to None, run_after=None
[2025-02-06T09:15:46.686+0000] {processor.py:208} INFO - Processing /opt/conda/lib/python3.12/site-packages/airflow/example_dags/example_params_ui_tutorial.py took 0.138 seconds
[2025-02-06T09:17:52.795+0000] {processor.py:186} INFO - Started process (PID=1545) to work on /opt/conda/lib/python3.12/site-packages/airflow/example_dags/example_params_ui_tutorial.py
[2025-02-06T09:17:52.796+0000] {processor.py:914} INFO - Processing file /opt/conda/lib/python3.12/site-packages/airflow/example_dags/example_params_ui_tutorial.py for tasks to queue
[2025-02-06T09:17:52.798+0000] {logging_mixin.py:190} INFO - [2025-02-06T09:17:52.798+0000] {dagbag.py:588} INFO - Filling up the DagBag from /opt/conda/lib/python3.12/site-packages/airflow/example_dags/example_params_ui_tutorial.py
[2025-02-06T09:17:52.805+0000] {processor.py:925} INFO - DAG(s) 'example_params_ui_tutorial' retrieved from /opt/conda/lib/python3.12/site-packages/airflow/example_dags/example_params_ui_tutorial.py
[2025-02-06T09:17:52.843+0000] {logging_mixin.py:190} INFO - [2025-02-06T09:17:52.843+0000] {dag.py:3239} INFO - Sync 1 DAGs
[2025-02-06T09:17:52.936+0000] {logging_mixin.py:190} INFO - [2025-02-06T09:17:52.935+0000] {dag.py:4180} INFO - Setting next_dagrun for example_params_ui_tutorial to None, run_after=None
[2025-02-06T09:17:52.990+0000] {processor.py:208} INFO - Processing /opt/conda/lib/python3.12/site-packages/airflow/example_dags/example_params_ui_tutorial.py took 0.199 seconds
[2025-02-06T09:23:16.492+0000] {processor.py:186} INFO - Started process (PID=2085) to work on /opt/conda/lib/python3.12/site-packages/airflow/example_dags/example_params_ui_tutorial.py
[2025-02-06T09:23:16.493+0000] {processor.py:914} INFO - Processing file /opt/conda/lib/python3.12/site-packages/airflow/example_dags/example_params_ui_tutorial.py for tasks to queue
[2025-02-06T09:23:16.495+0000] {logging_mixin.py:190} INFO - [2025-02-06T09:23:16.495+0000] {dagbag.py:588} INFO - Filling up the DagBag from /opt/conda/lib/python3.12/site-packages/airflow/example_dags/example_params_ui_tutorial.py
[2025-02-06T09:23:16.504+0000] {processor.py:925} INFO - DAG(s) 'example_params_ui_tutorial' retrieved from /opt/conda/lib/python3.12/site-packages/airflow/example_dags/example_params_ui_tutorial.py
[2025-02-06T09:23:16.543+0000] {logging_mixin.py:190} INFO - [2025-02-06T09:23:16.543+0000] {dag.py:3239} INFO - Sync 1 DAGs
[2025-02-06T09:23:16.556+0000] {logging_mixin.py:190} INFO - [2025-02-06T09:23:16.556+0000] {dag.py:4180} INFO - Setting next_dagrun for example_params_ui_tutorial to None, run_after=None
[2025-02-06T09:23:16.615+0000] {processor.py:208} INFO - Processing /opt/conda/lib/python3.12/site-packages/airflow/example_dags/example_params_ui_tutorial.py took 0.128 seconds
[2025-02-06T09:26:24.248+0000] {processor.py:186} INFO - Started process (PID=245) to work on /opt/conda/lib/python3.12/site-packages/airflow/example_dags/example_params_ui_tutorial.py
[2025-02-06T09:26:24.249+0000] {processor.py:914} INFO - Processing file /opt/conda/lib/python3.12/site-packages/airflow/example_dags/example_params_ui_tutorial.py for tasks to queue
[2025-02-06T09:26:24.250+0000] {logging_mixin.py:190} INFO - [2025-02-06T09:26:24.250+0000] {dagbag.py:588} INFO - Filling up the DagBag from /opt/conda/lib/python3.12/site-packages/airflow/example_dags/example_params_ui_tutorial.py
[2025-02-06T09:26:24.258+0000] {processor.py:925} INFO - DAG(s) 'example_params_ui_tutorial' retrieved from /opt/conda/lib/python3.12/site-packages/airflow/example_dags/example_params_ui_tutorial.py
[2025-02-06T09:26:24.300+0000] {logging_mixin.py:190} INFO - [2025-02-06T09:26:24.300+0000] {dag.py:3239} INFO - Sync 1 DAGs
[2025-02-06T09:26:24.315+0000] {logging_mixin.py:190} INFO - [2025-02-06T09:26:24.315+0000] {dag.py:4180} INFO - Setting next_dagrun for example_params_ui_tutorial to None, run_after=None
[2025-02-06T09:26:24.369+0000] {processor.py:208} INFO - Processing /opt/conda/lib/python3.12/site-packages/airflow/example_dags/example_params_ui_tutorial.py took 0.126 seconds
[2025-02-06T09:32:49.388+0000] {processor.py:186} INFO - Started process (PID=428) to work on /opt/conda/lib/python3.12/site-packages/airflow/example_dags/example_params_ui_tutorial.py
[2025-02-06T09:32:49.389+0000] {processor.py:914} INFO - Processing file /opt/conda/lib/python3.12/site-packages/airflow/example_dags/example_params_ui_tutorial.py for tasks to queue
[2025-02-06T09:32:49.391+0000] {logging_mixin.py:190} INFO - [2025-02-06T09:32:49.390+0000] {dagbag.py:588} INFO - Filling up the DagBag from /opt/conda/lib/python3.12/site-packages/airflow/example_dags/example_params_ui_tutorial.py
[2025-02-06T09:32:49.398+0000] {processor.py:925} INFO - DAG(s) 'example_params_ui_tutorial' retrieved from /opt/conda/lib/python3.12/site-packages/airflow/example_dags/example_params_ui_tutorial.py
[2025-02-06T09:32:49.436+0000] {logging_mixin.py:190} INFO - [2025-02-06T09:32:49.436+0000] {dag.py:3239} INFO - Sync 1 DAGs
[2025-02-06T09:32:49.447+0000] {logging_mixin.py:190} INFO - [2025-02-06T09:32:49.447+0000] {dag.py:4180} INFO - Setting next_dagrun for example_params_ui_tutorial to None, run_after=None
[2025-02-06T09:32:49.504+0000] {processor.py:208} INFO - Processing /opt/conda/lib/python3.12/site-packages/airflow/example_dags/example_params_ui_tutorial.py took 0.120 seconds
[2025-02-06T09:38:11.937+0000] {processor.py:186} INFO - Started process (PID=1009) to work on /opt/conda/lib/python3.12/site-packages/airflow/example_dags/example_params_ui_tutorial.py
[2025-02-06T09:38:11.938+0000] {processor.py:914} INFO - Processing file /opt/conda/lib/python3.12/site-packages/airflow/example_dags/example_params_ui_tutorial.py for tasks to queue
[2025-02-06T09:38:11.940+0000] {logging_mixin.py:190} INFO - [2025-02-06T09:38:11.940+0000] {dagbag.py:588} INFO - Filling up the DagBag from /opt/conda/lib/python3.12/site-packages/airflow/example_dags/example_params_ui_tutorial.py
[2025-02-06T09:38:11.948+0000] {processor.py:925} INFO - DAG(s) 'example_params_ui_tutorial' retrieved from /opt/conda/lib/python3.12/site-packages/airflow/example_dags/example_params_ui_tutorial.py
[2025-02-06T09:38:11.986+0000] {logging_mixin.py:190} INFO - [2025-02-06T09:38:11.985+0000] {dag.py:3239} INFO - Sync 1 DAGs
[2025-02-06T09:38:11.997+0000] {logging_mixin.py:190} INFO - [2025-02-06T09:38:11.997+0000] {dag.py:4180} INFO - Setting next_dagrun for example_params_ui_tutorial to None, run_after=None
[2025-02-06T09:38:12.065+0000] {processor.py:208} INFO - Processing /opt/conda/lib/python3.12/site-packages/airflow/example_dags/example_params_ui_tutorial.py took 0.133 seconds
[2025-02-06T09:42:48.818+0000] {processor.py:186} INFO - Started process (PID=1486) to work on /opt/conda/lib/python3.12/site-packages/airflow/example_dags/example_params_ui_tutorial.py
[2025-02-06T09:42:48.819+0000] {processor.py:914} INFO - Processing file /opt/conda/lib/python3.12/site-packages/airflow/example_dags/example_params_ui_tutorial.py for tasks to queue
[2025-02-06T09:42:48.823+0000] {logging_mixin.py:190} INFO - [2025-02-06T09:42:48.822+0000] {dagbag.py:588} INFO - Filling up the DagBag from /opt/conda/lib/python3.12/site-packages/airflow/example_dags/example_params_ui_tutorial.py
[2025-02-06T09:42:48.829+0000] {processor.py:925} INFO - DAG(s) 'example_params_ui_tutorial' retrieved from /opt/conda/lib/python3.12/site-packages/airflow/example_dags/example_params_ui_tutorial.py
[2025-02-06T09:42:48.872+0000] {logging_mixin.py:190} INFO - [2025-02-06T09:42:48.872+0000] {dag.py:3239} INFO - Sync 1 DAGs
[2025-02-06T09:42:48.891+0000] {logging_mixin.py:190} INFO - [2025-02-06T09:42:48.890+0000] {dag.py:4180} INFO - Setting next_dagrun for example_params_ui_tutorial to None, run_after=None
[2025-02-06T09:42:49.008+0000] {processor.py:208} INFO - Processing /opt/conda/lib/python3.12/site-packages/airflow/example_dags/example_params_ui_tutorial.py took 0.194 seconds
[2025-02-06T09:50:18.759+0000] {processor.py:186} INFO - Started process (PID=411) to work on /opt/conda/lib/python3.12/site-packages/airflow/example_dags/example_params_ui_tutorial.py
[2025-02-06T09:50:18.760+0000] {processor.py:914} INFO - Processing file /opt/conda/lib/python3.12/site-packages/airflow/example_dags/example_params_ui_tutorial.py for tasks to queue
[2025-02-06T09:50:18.761+0000] {logging_mixin.py:190} INFO - [2025-02-06T09:50:18.761+0000] {dagbag.py:588} INFO - Filling up the DagBag from /opt/conda/lib/python3.12/site-packages/airflow/example_dags/example_params_ui_tutorial.py
[2025-02-06T09:50:18.770+0000] {processor.py:925} INFO - DAG(s) 'example_params_ui_tutorial' retrieved from /opt/conda/lib/python3.12/site-packages/airflow/example_dags/example_params_ui_tutorial.py
[2025-02-06T09:50:18.813+0000] {logging_mixin.py:190} INFO - [2025-02-06T09:50:18.813+0000] {dag.py:3239} INFO - Sync 1 DAGs
[2025-02-06T09:50:18.826+0000] {logging_mixin.py:190} INFO - [2025-02-06T09:50:18.826+0000] {dag.py:4180} INFO - Setting next_dagrun for example_params_ui_tutorial to None, run_after=None
[2025-02-06T09:50:18.880+0000] {processor.py:208} INFO - Processing /opt/conda/lib/python3.12/site-packages/airflow/example_dags/example_params_ui_tutorial.py took 0.125 seconds
[2025-02-06T09:55:40.944+0000] {processor.py:186} INFO - Started process (PID=985) to work on /opt/conda/lib/python3.12/site-packages/airflow/example_dags/example_params_ui_tutorial.py
[2025-02-06T09:55:40.945+0000] {processor.py:914} INFO - Processing file /opt/conda/lib/python3.12/site-packages/airflow/example_dags/example_params_ui_tutorial.py for tasks to queue
[2025-02-06T09:55:40.947+0000] {logging_mixin.py:190} INFO - [2025-02-06T09:55:40.946+0000] {dagbag.py:588} INFO - Filling up the DagBag from /opt/conda/lib/python3.12/site-packages/airflow/example_dags/example_params_ui_tutorial.py
[2025-02-06T09:55:40.954+0000] {processor.py:925} INFO - DAG(s) 'example_params_ui_tutorial' retrieved from /opt/conda/lib/python3.12/site-packages/airflow/example_dags/example_params_ui_tutorial.py
[2025-02-06T09:55:40.993+0000] {logging_mixin.py:190} INFO - [2025-02-06T09:55:40.992+0000] {dag.py:3239} INFO - Sync 1 DAGs
[2025-02-06T09:55:41.007+0000] {logging_mixin.py:190} INFO - [2025-02-06T09:55:41.007+0000] {dag.py:4180} INFO - Setting next_dagrun for example_params_ui_tutorial to None, run_after=None
[2025-02-06T09:55:41.054+0000] {processor.py:208} INFO - Processing /opt/conda/lib/python3.12/site-packages/airflow/example_dags/example_params_ui_tutorial.py took 0.114 seconds
[2025-02-06T09:59:54.415+0000] {processor.py:186} INFO - Started process (PID=1470) to work on /opt/conda/lib/python3.12/site-packages/airflow/example_dags/example_params_ui_tutorial.py
[2025-02-06T09:59:54.416+0000] {processor.py:914} INFO - Processing file /opt/conda/lib/python3.12/site-packages/airflow/example_dags/example_params_ui_tutorial.py for tasks to queue
[2025-02-06T09:59:54.418+0000] {logging_mixin.py:190} INFO - [2025-02-06T09:59:54.417+0000] {dagbag.py:588} INFO - Filling up the DagBag from /opt/conda/lib/python3.12/site-packages/airflow/example_dags/example_params_ui_tutorial.py
[2025-02-06T09:59:54.425+0000] {processor.py:925} INFO - DAG(s) 'example_params_ui_tutorial' retrieved from /opt/conda/lib/python3.12/site-packages/airflow/example_dags/example_params_ui_tutorial.py
[2025-02-06T09:59:54.466+0000] {logging_mixin.py:190} INFO - [2025-02-06T09:59:54.466+0000] {dag.py:3239} INFO - Sync 1 DAGs
[2025-02-06T09:59:54.482+0000] {logging_mixin.py:190} INFO - [2025-02-06T09:59:54.481+0000] {dag.py:4180} INFO - Setting next_dagrun for example_params_ui_tutorial to None, run_after=None
[2025-02-06T09:59:54.535+0000] {processor.py:208} INFO - Processing /opt/conda/lib/python3.12/site-packages/airflow/example_dags/example_params_ui_tutorial.py took 0.126 seconds
[2025-02-06T10:04:28.215+0000] {processor.py:186} INFO - Started process (PID=1940) to work on /opt/conda/lib/python3.12/site-packages/airflow/example_dags/example_params_ui_tutorial.py
[2025-02-06T10:04:28.216+0000] {processor.py:914} INFO - Processing file /opt/conda/lib/python3.12/site-packages/airflow/example_dags/example_params_ui_tutorial.py for tasks to queue
[2025-02-06T10:04:28.218+0000] {logging_mixin.py:190} INFO - [2025-02-06T10:04:28.218+0000] {dagbag.py:588} INFO - Filling up the DagBag from /opt/conda/lib/python3.12/site-packages/airflow/example_dags/example_params_ui_tutorial.py
[2025-02-06T10:04:28.226+0000] {processor.py:925} INFO - DAG(s) 'example_params_ui_tutorial' retrieved from /opt/conda/lib/python3.12/site-packages/airflow/example_dags/example_params_ui_tutorial.py
[2025-02-06T10:04:28.266+0000] {logging_mixin.py:190} INFO - [2025-02-06T10:04:28.266+0000] {dag.py:3239} INFO - Sync 1 DAGs
[2025-02-06T10:04:28.277+0000] {logging_mixin.py:190} INFO - [2025-02-06T10:04:28.277+0000] {dag.py:4180} INFO - Setting next_dagrun for example_params_ui_tutorial to None, run_after=None
[2025-02-06T10:04:28.384+0000] {processor.py:208} INFO - Processing /opt/conda/lib/python3.12/site-packages/airflow/example_dags/example_params_ui_tutorial.py took 0.174 seconds
[2025-02-06T10:06:20.017+0000] {processor.py:186} INFO - Started process (PID=2079) to work on /opt/conda/lib/python3.12/site-packages/airflow/example_dags/example_params_ui_tutorial.py
[2025-02-06T10:06:20.020+0000] {processor.py:914} INFO - Processing file /opt/conda/lib/python3.12/site-packages/airflow/example_dags/example_params_ui_tutorial.py for tasks to queue
[2025-02-06T10:06:20.022+0000] {logging_mixin.py:190} INFO - [2025-02-06T10:06:20.021+0000] {dagbag.py:588} INFO - Filling up the DagBag from /opt/conda/lib/python3.12/site-packages/airflow/example_dags/example_params_ui_tutorial.py
[2025-02-06T10:06:20.031+0000] {processor.py:925} INFO - DAG(s) 'example_params_ui_tutorial' retrieved from /opt/conda/lib/python3.12/site-packages/airflow/example_dags/example_params_ui_tutorial.py
[2025-02-06T10:06:20.087+0000] {logging_mixin.py:190} INFO - [2025-02-06T10:06:20.087+0000] {dag.py:3239} INFO - Sync 1 DAGs
[2025-02-06T10:06:20.104+0000] {logging_mixin.py:190} INFO - [2025-02-06T10:06:20.104+0000] {dag.py:4180} INFO - Setting next_dagrun for example_params_ui_tutorial to None, run_after=None
[2025-02-06T10:06:20.181+0000] {processor.py:208} INFO - Processing /opt/conda/lib/python3.12/site-packages/airflow/example_dags/example_params_ui_tutorial.py took 0.172 seconds
[2025-02-06T10:15:06.405+0000] {processor.py:186} INFO - Started process (PID=2974) to work on /opt/conda/lib/python3.12/site-packages/airflow/example_dags/example_params_ui_tutorial.py
[2025-02-06T10:15:06.406+0000] {processor.py:914} INFO - Processing file /opt/conda/lib/python3.12/site-packages/airflow/example_dags/example_params_ui_tutorial.py for tasks to queue
[2025-02-06T10:15:06.408+0000] {logging_mixin.py:190} INFO - [2025-02-06T10:15:06.408+0000] {dagbag.py:588} INFO - Filling up the DagBag from /opt/conda/lib/python3.12/site-packages/airflow/example_dags/example_params_ui_tutorial.py
[2025-02-06T10:15:06.417+0000] {processor.py:925} INFO - DAG(s) 'example_params_ui_tutorial' retrieved from /opt/conda/lib/python3.12/site-packages/airflow/example_dags/example_params_ui_tutorial.py
[2025-02-06T10:15:06.460+0000] {logging_mixin.py:190} INFO - [2025-02-06T10:15:06.459+0000] {dag.py:3239} INFO - Sync 1 DAGs
[2025-02-06T10:15:06.475+0000] {logging_mixin.py:190} INFO - [2025-02-06T10:15:06.474+0000] {dag.py:4180} INFO - Setting next_dagrun for example_params_ui_tutorial to None, run_after=None
[2025-02-06T10:15:06.541+0000] {processor.py:208} INFO - Processing /opt/conda/lib/python3.12/site-packages/airflow/example_dags/example_params_ui_tutorial.py took 0.141 seconds
[2025-02-06T10:20:46.569+0000] {processor.py:186} INFO - Started process (PID=3564) to work on /opt/conda/lib/python3.12/site-packages/airflow/example_dags/example_params_ui_tutorial.py
[2025-02-06T10:20:46.570+0000] {processor.py:914} INFO - Processing file /opt/conda/lib/python3.12/site-packages/airflow/example_dags/example_params_ui_tutorial.py for tasks to queue
[2025-02-06T10:20:46.571+0000] {logging_mixin.py:190} INFO - [2025-02-06T10:20:46.571+0000] {dagbag.py:588} INFO - Filling up the DagBag from /opt/conda/lib/python3.12/site-packages/airflow/example_dags/example_params_ui_tutorial.py
[2025-02-06T10:20:46.580+0000] {processor.py:925} INFO - DAG(s) 'example_params_ui_tutorial' retrieved from /opt/conda/lib/python3.12/site-packages/airflow/example_dags/example_params_ui_tutorial.py
[2025-02-06T10:20:46.617+0000] {logging_mixin.py:190} INFO - [2025-02-06T10:20:46.617+0000] {dag.py:3239} INFO - Sync 1 DAGs
[2025-02-06T10:20:46.628+0000] {logging_mixin.py:190} INFO - [2025-02-06T10:20:46.628+0000] {dag.py:4180} INFO - Setting next_dagrun for example_params_ui_tutorial to None, run_after=None
[2025-02-06T10:20:46.685+0000] {processor.py:208} INFO - Processing /opt/conda/lib/python3.12/site-packages/airflow/example_dags/example_params_ui_tutorial.py took 0.120 seconds
[2025-02-06T10:24:18.462+0000] {processor.py:186} INFO - Started process (PID=3899) to work on /opt/conda/lib/python3.12/site-packages/airflow/example_dags/example_params_ui_tutorial.py
[2025-02-06T10:24:18.464+0000] {processor.py:914} INFO - Processing file /opt/conda/lib/python3.12/site-packages/airflow/example_dags/example_params_ui_tutorial.py for tasks to queue
[2025-02-06T10:24:18.465+0000] {logging_mixin.py:190} INFO - [2025-02-06T10:24:18.465+0000] {dagbag.py:588} INFO - Filling up the DagBag from /opt/conda/lib/python3.12/site-packages/airflow/example_dags/example_params_ui_tutorial.py
[2025-02-06T10:24:18.475+0000] {processor.py:925} INFO - DAG(s) 'example_params_ui_tutorial' retrieved from /opt/conda/lib/python3.12/site-packages/airflow/example_dags/example_params_ui_tutorial.py
[2025-02-06T10:24:18.512+0000] {logging_mixin.py:190} INFO - [2025-02-06T10:24:18.512+0000] {dag.py:3239} INFO - Sync 1 DAGs
[2025-02-06T10:24:18.524+0000] {logging_mixin.py:190} INFO - [2025-02-06T10:24:18.524+0000] {dag.py:4180} INFO - Setting next_dagrun for example_params_ui_tutorial to None, run_after=None
[2025-02-06T10:24:18.588+0000] {processor.py:208} INFO - Processing /opt/conda/lib/python3.12/site-packages/airflow/example_dags/example_params_ui_tutorial.py took 0.130 seconds
[2025-02-06T11:40:06.804+0000] {processor.py:186} INFO - Started process (PID=272) to work on /opt/conda/lib/python3.12/site-packages/airflow/example_dags/example_params_ui_tutorial.py
[2025-02-06T11:40:06.807+0000] {processor.py:914} INFO - Processing file /opt/conda/lib/python3.12/site-packages/airflow/example_dags/example_params_ui_tutorial.py for tasks to queue
[2025-02-06T11:40:06.810+0000] {logging_mixin.py:190} INFO - [2025-02-06T11:40:06.810+0000] {dagbag.py:588} INFO - Filling up the DagBag from /opt/conda/lib/python3.12/site-packages/airflow/example_dags/example_params_ui_tutorial.py
[2025-02-06T11:40:06.821+0000] {processor.py:925} INFO - DAG(s) 'example_params_ui_tutorial' retrieved from /opt/conda/lib/python3.12/site-packages/airflow/example_dags/example_params_ui_tutorial.py
[2025-02-06T11:40:06.898+0000] {logging_mixin.py:190} INFO - [2025-02-06T11:40:06.897+0000] {dag.py:3239} INFO - Sync 1 DAGs
[2025-02-06T11:40:06.926+0000] {logging_mixin.py:190} INFO - [2025-02-06T11:40:06.926+0000] {dag.py:4180} INFO - Setting next_dagrun for example_params_ui_tutorial to None, run_after=None
[2025-02-06T11:40:07.019+0000] {processor.py:208} INFO - Processing /opt/conda/lib/python3.12/site-packages/airflow/example_dags/example_params_ui_tutorial.py took 0.223 seconds
[2025-02-06T11:43:53.272+0000] {processor.py:186} INFO - Started process (PID=1249) to work on /opt/conda/lib/python3.12/site-packages/airflow/example_dags/example_params_ui_tutorial.py
[2025-02-06T11:43:53.273+0000] {processor.py:914} INFO - Processing file /opt/conda/lib/python3.12/site-packages/airflow/example_dags/example_params_ui_tutorial.py for tasks to queue
[2025-02-06T11:43:53.275+0000] {logging_mixin.py:190} INFO - [2025-02-06T11:43:53.275+0000] {dagbag.py:588} INFO - Filling up the DagBag from /opt/conda/lib/python3.12/site-packages/airflow/example_dags/example_params_ui_tutorial.py
[2025-02-06T11:43:53.284+0000] {processor.py:925} INFO - DAG(s) 'example_params_ui_tutorial' retrieved from /opt/conda/lib/python3.12/site-packages/airflow/example_dags/example_params_ui_tutorial.py
[2025-02-06T11:43:53.341+0000] {logging_mixin.py:190} INFO - [2025-02-06T11:43:53.340+0000] {dag.py:3239} INFO - Sync 1 DAGs
[2025-02-06T11:43:53.362+0000] {logging_mixin.py:190} INFO - [2025-02-06T11:43:53.362+0000] {dag.py:4180} INFO - Setting next_dagrun for example_params_ui_tutorial to None, run_after=None
[2025-02-06T11:43:53.437+0000] {processor.py:208} INFO - Processing /opt/conda/lib/python3.12/site-packages/airflow/example_dags/example_params_ui_tutorial.py took 0.171 seconds
[2025-02-06T11:48:17.760+0000] {processor.py:186} INFO - Started process (PID=2143) to work on /opt/conda/lib/python3.12/site-packages/airflow/example_dags/example_params_ui_tutorial.py
[2025-02-06T11:48:17.761+0000] {processor.py:914} INFO - Processing file /opt/conda/lib/python3.12/site-packages/airflow/example_dags/example_params_ui_tutorial.py for tasks to queue
[2025-02-06T11:48:17.763+0000] {logging_mixin.py:190} INFO - [2025-02-06T11:48:17.762+0000] {dagbag.py:588} INFO - Filling up the DagBag from /opt/conda/lib/python3.12/site-packages/airflow/example_dags/example_params_ui_tutorial.py
[2025-02-06T11:48:17.771+0000] {processor.py:925} INFO - DAG(s) 'example_params_ui_tutorial' retrieved from /opt/conda/lib/python3.12/site-packages/airflow/example_dags/example_params_ui_tutorial.py
[2025-02-06T11:48:17.822+0000] {logging_mixin.py:190} INFO - [2025-02-06T11:48:17.821+0000] {dag.py:3239} INFO - Sync 1 DAGs
[2025-02-06T11:48:17.845+0000] {logging_mixin.py:190} INFO - [2025-02-06T11:48:17.845+0000] {dag.py:4180} INFO - Setting next_dagrun for example_params_ui_tutorial to None, run_after=None
[2025-02-06T11:48:17.925+0000] {processor.py:208} INFO - Processing /opt/conda/lib/python3.12/site-packages/airflow/example_dags/example_params_ui_tutorial.py took 0.171 seconds
[2025-02-06T11:51:49.336+0000] {processor.py:186} INFO - Started process (PID=3116) to work on /opt/conda/lib/python3.12/site-packages/airflow/example_dags/example_params_ui_tutorial.py
[2025-02-06T11:51:49.339+0000] {processor.py:914} INFO - Processing file /opt/conda/lib/python3.12/site-packages/airflow/example_dags/example_params_ui_tutorial.py for tasks to queue
[2025-02-06T11:51:49.341+0000] {logging_mixin.py:190} INFO - [2025-02-06T11:51:49.340+0000] {dagbag.py:588} INFO - Filling up the DagBag from /opt/conda/lib/python3.12/site-packages/airflow/example_dags/example_params_ui_tutorial.py
[2025-02-06T11:51:49.354+0000] {processor.py:925} INFO - DAG(s) 'example_params_ui_tutorial' retrieved from /opt/conda/lib/python3.12/site-packages/airflow/example_dags/example_params_ui_tutorial.py
[2025-02-06T11:51:49.410+0000] {logging_mixin.py:190} INFO - [2025-02-06T11:51:49.410+0000] {dag.py:3239} INFO - Sync 1 DAGs
[2025-02-06T11:51:49.429+0000] {logging_mixin.py:190} INFO - [2025-02-06T11:51:49.429+0000] {dag.py:4180} INFO - Setting next_dagrun for example_params_ui_tutorial to None, run_after=None
[2025-02-06T11:51:49.505+0000] {processor.py:208} INFO - Processing /opt/conda/lib/python3.12/site-packages/airflow/example_dags/example_params_ui_tutorial.py took 0.176 seconds
[2025-02-06T11:54:50.930+0000] {processor.py:186} INFO - Started process (PID=119) to work on /opt/conda/lib/python3.12/site-packages/airflow/example_dags/example_params_ui_tutorial.py
[2025-02-06T11:54:50.932+0000] {processor.py:914} INFO - Processing file /opt/conda/lib/python3.12/site-packages/airflow/example_dags/example_params_ui_tutorial.py for tasks to queue
[2025-02-06T11:54:50.934+0000] {logging_mixin.py:190} INFO - [2025-02-06T11:54:50.933+0000] {dagbag.py:588} INFO - Filling up the DagBag from /opt/conda/lib/python3.12/site-packages/airflow/example_dags/example_params_ui_tutorial.py
[2025-02-06T11:54:50.943+0000] {processor.py:925} INFO - DAG(s) 'example_params_ui_tutorial' retrieved from /opt/conda/lib/python3.12/site-packages/airflow/example_dags/example_params_ui_tutorial.py
[2025-02-06T11:54:50.989+0000] {logging_mixin.py:190} INFO - [2025-02-06T11:54:50.989+0000] {dag.py:3239} INFO - Sync 1 DAGs
[2025-02-06T11:54:51.005+0000] {logging_mixin.py:190} INFO - [2025-02-06T11:54:51.005+0000] {dag.py:4180} INFO - Setting next_dagrun for example_params_ui_tutorial to None, run_after=None
[2025-02-06T11:54:51.082+0000] {processor.py:208} INFO - Processing /opt/conda/lib/python3.12/site-packages/airflow/example_dags/example_params_ui_tutorial.py took 0.157 seconds
[2025-02-06T11:58:44.212+0000] {processor.py:186} INFO - Started process (PID=273) to work on /opt/conda/lib/python3.12/site-packages/airflow/example_dags/example_params_ui_tutorial.py
[2025-02-06T11:58:44.213+0000] {processor.py:914} INFO - Processing file /opt/conda/lib/python3.12/site-packages/airflow/example_dags/example_params_ui_tutorial.py for tasks to queue
[2025-02-06T11:58:44.216+0000] {logging_mixin.py:190} INFO - [2025-02-06T11:58:44.215+0000] {dagbag.py:588} INFO - Filling up the DagBag from /opt/conda/lib/python3.12/site-packages/airflow/example_dags/example_params_ui_tutorial.py
[2025-02-06T11:58:44.225+0000] {processor.py:925} INFO - DAG(s) 'example_params_ui_tutorial' retrieved from /opt/conda/lib/python3.12/site-packages/airflow/example_dags/example_params_ui_tutorial.py
[2025-02-06T11:58:44.273+0000] {logging_mixin.py:190} INFO - [2025-02-06T11:58:44.273+0000] {dag.py:3239} INFO - Sync 1 DAGs
[2025-02-06T11:58:44.291+0000] {logging_mixin.py:190} INFO - [2025-02-06T11:58:44.291+0000] {dag.py:4180} INFO - Setting next_dagrun for example_params_ui_tutorial to None, run_after=None
[2025-02-06T11:58:44.362+0000] {processor.py:208} INFO - Processing /opt/conda/lib/python3.12/site-packages/airflow/example_dags/example_params_ui_tutorial.py took 0.156 seconds
[2025-02-06T12:00:34.804+0000] {processor.py:186} INFO - Started process (PID=119) to work on /opt/conda/lib/python3.12/site-packages/airflow/example_dags/example_params_ui_tutorial.py
[2025-02-06T12:00:34.806+0000] {processor.py:914} INFO - Processing file /opt/conda/lib/python3.12/site-packages/airflow/example_dags/example_params_ui_tutorial.py for tasks to queue
[2025-02-06T12:00:34.813+0000] {logging_mixin.py:190} INFO - [2025-02-06T12:00:34.812+0000] {dagbag.py:588} INFO - Filling up the DagBag from /opt/conda/lib/python3.12/site-packages/airflow/example_dags/example_params_ui_tutorial.py
[2025-02-06T12:00:34.845+0000] {processor.py:925} INFO - DAG(s) 'example_params_ui_tutorial' retrieved from /opt/conda/lib/python3.12/site-packages/airflow/example_dags/example_params_ui_tutorial.py
[2025-02-06T12:00:34.985+0000] {logging_mixin.py:190} INFO - [2025-02-06T12:00:34.985+0000] {dag.py:3239} INFO - Sync 1 DAGs
[2025-02-06T12:00:35.034+0000] {logging_mixin.py:190} INFO - [2025-02-06T12:00:35.033+0000] {dag.py:4180} INFO - Setting next_dagrun for example_params_ui_tutorial to None, run_after=None
[2025-02-06T12:00:35.174+0000] {processor.py:208} INFO - Processing /opt/conda/lib/python3.12/site-packages/airflow/example_dags/example_params_ui_tutorial.py took 0.390 seconds
[2025-02-06T12:04:02.831+0000] {processor.py:186} INFO - Started process (PID=253) to work on /opt/conda/lib/python3.12/site-packages/airflow/example_dags/example_params_ui_tutorial.py
[2025-02-06T12:04:02.832+0000] {processor.py:914} INFO - Processing file /opt/conda/lib/python3.12/site-packages/airflow/example_dags/example_params_ui_tutorial.py for tasks to queue
[2025-02-06T12:04:02.834+0000] {logging_mixin.py:190} INFO - [2025-02-06T12:04:02.834+0000] {dagbag.py:588} INFO - Filling up the DagBag from /opt/conda/lib/python3.12/site-packages/airflow/example_dags/example_params_ui_tutorial.py
[2025-02-06T12:04:02.840+0000] {processor.py:925} INFO - DAG(s) 'example_params_ui_tutorial' retrieved from /opt/conda/lib/python3.12/site-packages/airflow/example_dags/example_params_ui_tutorial.py
[2025-02-06T12:04:02.879+0000] {logging_mixin.py:190} INFO - [2025-02-06T12:04:02.879+0000] {dag.py:3239} INFO - Sync 1 DAGs
[2025-02-06T12:04:02.893+0000] {logging_mixin.py:190} INFO - [2025-02-06T12:04:02.892+0000] {dag.py:4180} INFO - Setting next_dagrun for example_params_ui_tutorial to None, run_after=None
[2025-02-06T12:04:02.954+0000] {processor.py:208} INFO - Processing /opt/conda/lib/python3.12/site-packages/airflow/example_dags/example_params_ui_tutorial.py took 0.127 seconds
[2025-02-06T12:06:55.384+0000] {processor.py:186} INFO - Started process (PID=1287) to work on /opt/conda/lib/python3.12/site-packages/airflow/example_dags/example_params_ui_tutorial.py
[2025-02-06T12:06:55.385+0000] {processor.py:914} INFO - Processing file /opt/conda/lib/python3.12/site-packages/airflow/example_dags/example_params_ui_tutorial.py for tasks to queue
[2025-02-06T12:06:55.387+0000] {logging_mixin.py:190} INFO - [2025-02-06T12:06:55.386+0000] {dagbag.py:588} INFO - Filling up the DagBag from /opt/conda/lib/python3.12/site-packages/airflow/example_dags/example_params_ui_tutorial.py
[2025-02-06T12:06:55.393+0000] {processor.py:925} INFO - DAG(s) 'example_params_ui_tutorial' retrieved from /opt/conda/lib/python3.12/site-packages/airflow/example_dags/example_params_ui_tutorial.py
[2025-02-06T12:06:55.428+0000] {logging_mixin.py:190} INFO - [2025-02-06T12:06:55.428+0000] {dag.py:3239} INFO - Sync 1 DAGs
[2025-02-06T12:06:55.442+0000] {logging_mixin.py:190} INFO - [2025-02-06T12:06:55.441+0000] {dag.py:4180} INFO - Setting next_dagrun for example_params_ui_tutorial to None, run_after=None
[2025-02-06T12:06:55.503+0000] {processor.py:208} INFO - Processing /opt/conda/lib/python3.12/site-packages/airflow/example_dags/example_params_ui_tutorial.py took 0.124 seconds
[2025-02-06T12:09:25.088+0000] {processor.py:186} INFO - Started process (PID=2119) to work on /opt/conda/lib/python3.12/site-packages/airflow/example_dags/example_params_ui_tutorial.py
[2025-02-06T12:09:25.089+0000] {processor.py:914} INFO - Processing file /opt/conda/lib/python3.12/site-packages/airflow/example_dags/example_params_ui_tutorial.py for tasks to queue
[2025-02-06T12:09:25.092+0000] {logging_mixin.py:190} INFO - [2025-02-06T12:09:25.091+0000] {dagbag.py:588} INFO - Filling up the DagBag from /opt/conda/lib/python3.12/site-packages/airflow/example_dags/example_params_ui_tutorial.py
[2025-02-06T12:09:25.099+0000] {processor.py:925} INFO - DAG(s) 'example_params_ui_tutorial' retrieved from /opt/conda/lib/python3.12/site-packages/airflow/example_dags/example_params_ui_tutorial.py
[2025-02-06T12:09:25.138+0000] {logging_mixin.py:190} INFO - [2025-02-06T12:09:25.138+0000] {dag.py:3239} INFO - Sync 1 DAGs
[2025-02-06T12:09:25.155+0000] {logging_mixin.py:190} INFO - [2025-02-06T12:09:25.155+0000] {dag.py:4180} INFO - Setting next_dagrun for example_params_ui_tutorial to None, run_after=None
[2025-02-06T12:09:25.228+0000] {processor.py:208} INFO - Processing /opt/conda/lib/python3.12/site-packages/airflow/example_dags/example_params_ui_tutorial.py took 0.144 seconds
[2025-02-06T12:11:31.959+0000] {processor.py:186} INFO - Started process (PID=259) to work on /opt/conda/lib/python3.12/site-packages/airflow/example_dags/example_params_ui_tutorial.py
[2025-02-06T12:11:31.960+0000] {processor.py:914} INFO - Processing file /opt/conda/lib/python3.12/site-packages/airflow/example_dags/example_params_ui_tutorial.py for tasks to queue
[2025-02-06T12:11:31.962+0000] {logging_mixin.py:190} INFO - [2025-02-06T12:11:31.962+0000] {dagbag.py:588} INFO - Filling up the DagBag from /opt/conda/lib/python3.12/site-packages/airflow/example_dags/example_params_ui_tutorial.py
[2025-02-06T12:11:31.973+0000] {processor.py:925} INFO - DAG(s) 'example_params_ui_tutorial' retrieved from /opt/conda/lib/python3.12/site-packages/airflow/example_dags/example_params_ui_tutorial.py
[2025-02-06T12:11:32.020+0000] {logging_mixin.py:190} INFO - [2025-02-06T12:11:32.019+0000] {dag.py:3239} INFO - Sync 1 DAGs
[2025-02-06T12:11:32.038+0000] {logging_mixin.py:190} INFO - [2025-02-06T12:11:32.038+0000] {dag.py:4180} INFO - Setting next_dagrun for example_params_ui_tutorial to None, run_after=None
[2025-02-06T12:11:32.109+0000] {processor.py:208} INFO - Processing /opt/conda/lib/python3.12/site-packages/airflow/example_dags/example_params_ui_tutorial.py took 0.159 seconds
[2025-02-06T12:14:33.154+0000] {processor.py:186} INFO - Started process (PID=269) to work on /opt/conda/lib/python3.12/site-packages/airflow/example_dags/example_params_ui_tutorial.py
[2025-02-06T12:14:33.155+0000] {processor.py:914} INFO - Processing file /opt/conda/lib/python3.12/site-packages/airflow/example_dags/example_params_ui_tutorial.py for tasks to queue
[2025-02-06T12:14:33.157+0000] {logging_mixin.py:190} INFO - [2025-02-06T12:14:33.157+0000] {dagbag.py:588} INFO - Filling up the DagBag from /opt/conda/lib/python3.12/site-packages/airflow/example_dags/example_params_ui_tutorial.py
[2025-02-06T12:14:33.165+0000] {processor.py:925} INFO - DAG(s) 'example_params_ui_tutorial' retrieved from /opt/conda/lib/python3.12/site-packages/airflow/example_dags/example_params_ui_tutorial.py
[2025-02-06T12:14:33.211+0000] {logging_mixin.py:190} INFO - [2025-02-06T12:14:33.211+0000] {dag.py:3239} INFO - Sync 1 DAGs
[2025-02-06T12:14:33.228+0000] {logging_mixin.py:190} INFO - [2025-02-06T12:14:33.228+0000] {dag.py:4180} INFO - Setting next_dagrun for example_params_ui_tutorial to None, run_after=None
[2025-02-06T12:14:33.286+0000] {processor.py:208} INFO - Processing /opt/conda/lib/python3.12/site-packages/airflow/example_dags/example_params_ui_tutorial.py took 0.137 seconds
[2025-02-06T12:22:22.008+0000] {processor.py:186} INFO - Started process (PID=432) to work on /opt/conda/lib/python3.12/site-packages/airflow/example_dags/example_params_ui_tutorial.py
[2025-02-06T12:22:22.009+0000] {processor.py:914} INFO - Processing file /opt/conda/lib/python3.12/site-packages/airflow/example_dags/example_params_ui_tutorial.py for tasks to queue
[2025-02-06T12:22:22.011+0000] {logging_mixin.py:190} INFO - [2025-02-06T12:22:22.011+0000] {dagbag.py:588} INFO - Filling up the DagBag from /opt/conda/lib/python3.12/site-packages/airflow/example_dags/example_params_ui_tutorial.py
[2025-02-06T12:22:22.018+0000] {processor.py:925} INFO - DAG(s) 'example_params_ui_tutorial' retrieved from /opt/conda/lib/python3.12/site-packages/airflow/example_dags/example_params_ui_tutorial.py
[2025-02-06T12:22:22.052+0000] {logging_mixin.py:190} INFO - [2025-02-06T12:22:22.052+0000] {dag.py:3239} INFO - Sync 1 DAGs
[2025-02-06T12:22:22.063+0000] {logging_mixin.py:190} INFO - [2025-02-06T12:22:22.063+0000] {dag.py:4180} INFO - Setting next_dagrun for example_params_ui_tutorial to None, run_after=None
[2025-02-06T12:22:22.124+0000] {processor.py:208} INFO - Processing /opt/conda/lib/python3.12/site-packages/airflow/example_dags/example_params_ui_tutorial.py took 0.121 seconds
[2025-02-06T12:24:27.720+0000] {processor.py:186} INFO - Started process (PID=1198) to work on /opt/conda/lib/python3.12/site-packages/airflow/example_dags/example_params_ui_tutorial.py
[2025-02-06T12:24:27.721+0000] {processor.py:914} INFO - Processing file /opt/conda/lib/python3.12/site-packages/airflow/example_dags/example_params_ui_tutorial.py for tasks to queue
[2025-02-06T12:24:27.723+0000] {logging_mixin.py:190} INFO - [2025-02-06T12:24:27.723+0000] {dagbag.py:588} INFO - Filling up the DagBag from /opt/conda/lib/python3.12/site-packages/airflow/example_dags/example_params_ui_tutorial.py
[2025-02-06T12:24:27.729+0000] {processor.py:925} INFO - DAG(s) 'example_params_ui_tutorial' retrieved from /opt/conda/lib/python3.12/site-packages/airflow/example_dags/example_params_ui_tutorial.py
[2025-02-06T12:24:27.763+0000] {logging_mixin.py:190} INFO - [2025-02-06T12:24:27.763+0000] {dag.py:3239} INFO - Sync 1 DAGs
[2025-02-06T12:24:27.775+0000] {logging_mixin.py:190} INFO - [2025-02-06T12:24:27.774+0000] {dag.py:4180} INFO - Setting next_dagrun for example_params_ui_tutorial to None, run_after=None
[2025-02-06T12:24:27.831+0000] {processor.py:208} INFO - Processing /opt/conda/lib/python3.12/site-packages/airflow/example_dags/example_params_ui_tutorial.py took 0.114 seconds
[2025-02-06T12:27:45.969+0000] {processor.py:186} INFO - Started process (PID=2708) to work on /opt/conda/lib/python3.12/site-packages/airflow/example_dags/example_params_ui_tutorial.py
[2025-02-06T12:27:45.970+0000] {processor.py:914} INFO - Processing file /opt/conda/lib/python3.12/site-packages/airflow/example_dags/example_params_ui_tutorial.py for tasks to queue
[2025-02-06T12:27:45.972+0000] {logging_mixin.py:190} INFO - [2025-02-06T12:27:45.971+0000] {dagbag.py:588} INFO - Filling up the DagBag from /opt/conda/lib/python3.12/site-packages/airflow/example_dags/example_params_ui_tutorial.py
[2025-02-06T12:27:45.979+0000] {processor.py:925} INFO - DAG(s) 'example_params_ui_tutorial' retrieved from /opt/conda/lib/python3.12/site-packages/airflow/example_dags/example_params_ui_tutorial.py
[2025-02-06T12:27:46.019+0000] {logging_mixin.py:190} INFO - [2025-02-06T12:27:46.019+0000] {dag.py:3239} INFO - Sync 1 DAGs
[2025-02-06T12:27:46.031+0000] {logging_mixin.py:190} INFO - [2025-02-06T12:27:46.031+0000] {dag.py:4180} INFO - Setting next_dagrun for example_params_ui_tutorial to None, run_after=None
[2025-02-06T12:27:46.086+0000] {processor.py:208} INFO - Processing /opt/conda/lib/python3.12/site-packages/airflow/example_dags/example_params_ui_tutorial.py took 0.121 seconds
[2025-02-06T12:31:36.679+0000] {processor.py:186} INFO - Started process (PID=4722) to work on /opt/conda/lib/python3.12/site-packages/airflow/example_dags/example_params_ui_tutorial.py
[2025-02-06T12:31:36.680+0000] {processor.py:914} INFO - Processing file /opt/conda/lib/python3.12/site-packages/airflow/example_dags/example_params_ui_tutorial.py for tasks to queue
[2025-02-06T12:31:36.682+0000] {logging_mixin.py:190} INFO - [2025-02-06T12:31:36.682+0000] {dagbag.py:588} INFO - Filling up the DagBag from /opt/conda/lib/python3.12/site-packages/airflow/example_dags/example_params_ui_tutorial.py
[2025-02-06T12:31:36.690+0000] {processor.py:925} INFO - DAG(s) 'example_params_ui_tutorial' retrieved from /opt/conda/lib/python3.12/site-packages/airflow/example_dags/example_params_ui_tutorial.py
[2025-02-06T12:31:36.733+0000] {logging_mixin.py:190} INFO - [2025-02-06T12:31:36.733+0000] {dag.py:3239} INFO - Sync 1 DAGs
[2025-02-06T12:31:36.744+0000] {logging_mixin.py:190} INFO - [2025-02-06T12:31:36.744+0000] {dag.py:4180} INFO - Setting next_dagrun for example_params_ui_tutorial to None, run_after=None
[2025-02-06T12:31:36.783+0000] {processor.py:208} INFO - Processing /opt/conda/lib/python3.12/site-packages/airflow/example_dags/example_params_ui_tutorial.py took 0.107 seconds
[2025-02-06T12:35:44.046+0000] {processor.py:186} INFO - Started process (PID=6858) to work on /opt/conda/lib/python3.12/site-packages/airflow/example_dags/example_params_ui_tutorial.py
[2025-02-06T12:35:44.048+0000] {processor.py:914} INFO - Processing file /opt/conda/lib/python3.12/site-packages/airflow/example_dags/example_params_ui_tutorial.py for tasks to queue
[2025-02-06T12:35:44.049+0000] {logging_mixin.py:190} INFO - [2025-02-06T12:35:44.049+0000] {dagbag.py:588} INFO - Filling up the DagBag from /opt/conda/lib/python3.12/site-packages/airflow/example_dags/example_params_ui_tutorial.py
[2025-02-06T12:35:44.056+0000] {processor.py:925} INFO - DAG(s) 'example_params_ui_tutorial' retrieved from /opt/conda/lib/python3.12/site-packages/airflow/example_dags/example_params_ui_tutorial.py
[2025-02-06T12:35:44.089+0000] {logging_mixin.py:190} INFO - [2025-02-06T12:35:44.088+0000] {dag.py:3239} INFO - Sync 1 DAGs
[2025-02-06T12:35:44.099+0000] {logging_mixin.py:190} INFO - [2025-02-06T12:35:44.099+0000] {dag.py:4180} INFO - Setting next_dagrun for example_params_ui_tutorial to None, run_after=None
[2025-02-06T12:35:44.151+0000] {processor.py:208} INFO - Processing /opt/conda/lib/python3.12/site-packages/airflow/example_dags/example_params_ui_tutorial.py took 0.109 seconds
[2025-02-06T12:39:54.704+0000] {processor.py:186} INFO - Started process (PID=8978) to work on /opt/conda/lib/python3.12/site-packages/airflow/example_dags/example_params_ui_tutorial.py
[2025-02-06T12:39:54.705+0000] {processor.py:914} INFO - Processing file /opt/conda/lib/python3.12/site-packages/airflow/example_dags/example_params_ui_tutorial.py for tasks to queue
[2025-02-06T12:39:54.709+0000] {logging_mixin.py:190} INFO - [2025-02-06T12:39:54.708+0000] {dagbag.py:588} INFO - Filling up the DagBag from /opt/conda/lib/python3.12/site-packages/airflow/example_dags/example_params_ui_tutorial.py
[2025-02-06T12:39:54.717+0000] {processor.py:925} INFO - DAG(s) 'example_params_ui_tutorial' retrieved from /opt/conda/lib/python3.12/site-packages/airflow/example_dags/example_params_ui_tutorial.py
[2025-02-06T12:39:54.755+0000] {logging_mixin.py:190} INFO - [2025-02-06T12:39:54.755+0000] {dag.py:3239} INFO - Sync 1 DAGs
[2025-02-06T12:39:54.767+0000] {logging_mixin.py:190} INFO - [2025-02-06T12:39:54.767+0000] {dag.py:4180} INFO - Setting next_dagrun for example_params_ui_tutorial to None, run_after=None
[2025-02-06T12:39:54.818+0000] {processor.py:208} INFO - Processing /opt/conda/lib/python3.12/site-packages/airflow/example_dags/example_params_ui_tutorial.py took 0.119 seconds
[2025-02-06T12:44:01.624+0000] {processor.py:186} INFO - Started process (PID=11100) to work on /opt/conda/lib/python3.12/site-packages/airflow/example_dags/example_params_ui_tutorial.py
[2025-02-06T12:44:01.625+0000] {processor.py:914} INFO - Processing file /opt/conda/lib/python3.12/site-packages/airflow/example_dags/example_params_ui_tutorial.py for tasks to queue
[2025-02-06T12:44:01.627+0000] {logging_mixin.py:190} INFO - [2025-02-06T12:44:01.626+0000] {dagbag.py:588} INFO - Filling up the DagBag from /opt/conda/lib/python3.12/site-packages/airflow/example_dags/example_params_ui_tutorial.py
[2025-02-06T12:44:01.633+0000] {processor.py:925} INFO - DAG(s) 'example_params_ui_tutorial' retrieved from /opt/conda/lib/python3.12/site-packages/airflow/example_dags/example_params_ui_tutorial.py
[2025-02-06T12:44:01.669+0000] {logging_mixin.py:190} INFO - [2025-02-06T12:44:01.669+0000] {dag.py:3239} INFO - Sync 1 DAGs
[2025-02-06T12:44:01.680+0000] {logging_mixin.py:190} INFO - [2025-02-06T12:44:01.680+0000] {dag.py:4180} INFO - Setting next_dagrun for example_params_ui_tutorial to None, run_after=None
[2025-02-06T12:44:01.735+0000] {processor.py:208} INFO - Processing /opt/conda/lib/python3.12/site-packages/airflow/example_dags/example_params_ui_tutorial.py took 0.115 seconds
[2025-02-06T12:48:32.126+0000] {processor.py:186} INFO - Started process (PID=13235) to work on /opt/conda/lib/python3.12/site-packages/airflow/example_dags/example_params_ui_tutorial.py
[2025-02-06T12:48:32.128+0000] {processor.py:914} INFO - Processing file /opt/conda/lib/python3.12/site-packages/airflow/example_dags/example_params_ui_tutorial.py for tasks to queue
[2025-02-06T12:48:32.132+0000] {logging_mixin.py:190} INFO - [2025-02-06T12:48:32.131+0000] {dagbag.py:588} INFO - Filling up the DagBag from /opt/conda/lib/python3.12/site-packages/airflow/example_dags/example_params_ui_tutorial.py
[2025-02-06T12:48:32.140+0000] {processor.py:925} INFO - DAG(s) 'example_params_ui_tutorial' retrieved from /opt/conda/lib/python3.12/site-packages/airflow/example_dags/example_params_ui_tutorial.py
[2025-02-06T12:48:32.184+0000] {logging_mixin.py:190} INFO - [2025-02-06T12:48:32.184+0000] {dag.py:3239} INFO - Sync 1 DAGs
[2025-02-06T12:48:32.199+0000] {logging_mixin.py:190} INFO - [2025-02-06T12:48:32.199+0000] {dag.py:4180} INFO - Setting next_dagrun for example_params_ui_tutorial to None, run_after=None
[2025-02-06T12:48:32.265+0000] {processor.py:208} INFO - Processing /opt/conda/lib/python3.12/site-packages/airflow/example_dags/example_params_ui_tutorial.py took 0.144 seconds
[2025-02-06T12:58:59.697+0000] {processor.py:186} INFO - Started process (PID=456) to work on /opt/conda/lib/python3.12/site-packages/airflow/example_dags/example_params_ui_tutorial.py
[2025-02-06T12:58:59.699+0000] {processor.py:914} INFO - Processing file /opt/conda/lib/python3.12/site-packages/airflow/example_dags/example_params_ui_tutorial.py for tasks to queue
[2025-02-06T12:58:59.702+0000] {logging_mixin.py:190} INFO - [2025-02-06T12:58:59.701+0000] {dagbag.py:588} INFO - Filling up the DagBag from /opt/conda/lib/python3.12/site-packages/airflow/example_dags/example_params_ui_tutorial.py
[2025-02-06T12:58:59.718+0000] {processor.py:925} INFO - DAG(s) 'example_params_ui_tutorial' retrieved from /opt/conda/lib/python3.12/site-packages/airflow/example_dags/example_params_ui_tutorial.py
[2025-02-06T12:58:59.784+0000] {logging_mixin.py:190} INFO - [2025-02-06T12:58:59.784+0000] {dag.py:3239} INFO - Sync 1 DAGs
[2025-02-06T12:58:59.812+0000] {logging_mixin.py:190} INFO - [2025-02-06T12:58:59.811+0000] {dag.py:4180} INFO - Setting next_dagrun for example_params_ui_tutorial to None, run_after=None
[2025-02-06T12:58:59.919+0000] {processor.py:208} INFO - Processing /opt/conda/lib/python3.12/site-packages/airflow/example_dags/example_params_ui_tutorial.py took 0.237 seconds
[2025-02-06T13:02:27.575+0000] {processor.py:186} INFO - Started process (PID=1433) to work on /opt/conda/lib/python3.12/site-packages/airflow/example_dags/example_params_ui_tutorial.py
[2025-02-06T13:02:27.577+0000] {processor.py:914} INFO - Processing file /opt/conda/lib/python3.12/site-packages/airflow/example_dags/example_params_ui_tutorial.py for tasks to queue
[2025-02-06T13:02:27.579+0000] {logging_mixin.py:190} INFO - [2025-02-06T13:02:27.578+0000] {dagbag.py:588} INFO - Filling up the DagBag from /opt/conda/lib/python3.12/site-packages/airflow/example_dags/example_params_ui_tutorial.py
[2025-02-06T13:02:27.587+0000] {processor.py:925} INFO - DAG(s) 'example_params_ui_tutorial' retrieved from /opt/conda/lib/python3.12/site-packages/airflow/example_dags/example_params_ui_tutorial.py
[2025-02-06T13:02:27.626+0000] {logging_mixin.py:190} INFO - [2025-02-06T13:02:27.626+0000] {dag.py:3239} INFO - Sync 1 DAGs
[2025-02-06T13:02:27.640+0000] {logging_mixin.py:190} INFO - [2025-02-06T13:02:27.640+0000] {dag.py:4180} INFO - Setting next_dagrun for example_params_ui_tutorial to None, run_after=None
[2025-02-06T13:02:27.694+0000] {processor.py:208} INFO - Processing /opt/conda/lib/python3.12/site-packages/airflow/example_dags/example_params_ui_tutorial.py took 0.124 seconds
[2025-02-06T13:04:58.173+0000] {processor.py:186} INFO - Started process (PID=2264) to work on /opt/conda/lib/python3.12/site-packages/airflow/example_dags/example_params_ui_tutorial.py
[2025-02-06T13:04:58.174+0000] {processor.py:914} INFO - Processing file /opt/conda/lib/python3.12/site-packages/airflow/example_dags/example_params_ui_tutorial.py for tasks to queue
[2025-02-06T13:04:58.175+0000] {logging_mixin.py:190} INFO - [2025-02-06T13:04:58.175+0000] {dagbag.py:588} INFO - Filling up the DagBag from /opt/conda/lib/python3.12/site-packages/airflow/example_dags/example_params_ui_tutorial.py
[2025-02-06T13:04:58.183+0000] {processor.py:925} INFO - DAG(s) 'example_params_ui_tutorial' retrieved from /opt/conda/lib/python3.12/site-packages/airflow/example_dags/example_params_ui_tutorial.py
[2025-02-06T13:04:58.226+0000] {logging_mixin.py:190} INFO - [2025-02-06T13:04:58.226+0000] {dag.py:3239} INFO - Sync 1 DAGs
[2025-02-06T13:04:58.239+0000] {logging_mixin.py:190} INFO - [2025-02-06T13:04:58.239+0000] {dag.py:4180} INFO - Setting next_dagrun for example_params_ui_tutorial to None, run_after=None
[2025-02-06T13:04:58.291+0000] {processor.py:208} INFO - Processing /opt/conda/lib/python3.12/site-packages/airflow/example_dags/example_params_ui_tutorial.py took 0.123 seconds
