[2025-02-06T08:27:39.181+0000] {processor.py:186} INFO - Started process (PID=84) to work on /opt/conda/lib/python3.12/site-packages/airflow/example_dags/example_setup_teardown_taskflow.py
[2025-02-06T08:27:39.182+0000] {processor.py:914} INFO - Processing file /opt/conda/lib/python3.12/site-packages/airflow/example_dags/example_setup_teardown_taskflow.py for tasks to queue
[2025-02-06T08:27:39.185+0000] {logging_mixin.py:190} INFO - [2025-02-06T08:27:39.184+0000] {dagbag.py:588} INFO - Filling up the DagBag from /opt/conda/lib/python3.12/site-packages/airflow/example_dags/example_setup_teardown_taskflow.py
[2025-02-06T08:27:39.193+0000] {processor.py:925} INFO - DAG(s) 'example_setup_teardown_taskflow' retrieved from /opt/conda/lib/python3.12/site-packages/airflow/example_dags/example_setup_teardown_taskflow.py
[2025-02-06T08:27:39.318+0000] {logging_mixin.py:190} INFO - [2025-02-06T08:27:39.317+0000] {override.py:1912} INFO - Created Permission View: can delete on DAG:example_setup_teardown_taskflow
[2025-02-06T08:27:39.354+0000] {logging_mixin.py:190} INFO - [2025-02-06T08:27:39.354+0000] {override.py:1912} INFO - Created Permission View: can read on DAG:example_setup_teardown_taskflow
[2025-02-06T08:27:39.402+0000] {logging_mixin.py:190} INFO - [2025-02-06T08:27:39.402+0000] {override.py:1912} INFO - Created Permission View: can edit on DAG:example_setup_teardown_taskflow
[2025-02-06T08:27:39.453+0000] {logging_mixin.py:190} INFO - [2025-02-06T08:27:39.452+0000] {override.py:1912} INFO - Created Permission View: menu access on DAG Run:example_setup_teardown_taskflow
[2025-02-06T08:27:39.493+0000] {logging_mixin.py:190} INFO - [2025-02-06T08:27:39.492+0000] {override.py:1912} INFO - Created Permission View: can create on DAG Run:example_setup_teardown_taskflow
[2025-02-06T08:27:39.529+0000] {logging_mixin.py:190} INFO - [2025-02-06T08:27:39.528+0000] {override.py:1912} INFO - Created Permission View: can read on DAG Run:example_setup_teardown_taskflow
[2025-02-06T08:27:39.563+0000] {logging_mixin.py:190} INFO - [2025-02-06T08:27:39.563+0000] {override.py:1912} INFO - Created Permission View: can delete on DAG Run:example_setup_teardown_taskflow
[2025-02-06T08:27:39.564+0000] {logging_mixin.py:190} INFO - [2025-02-06T08:27:39.564+0000] {dag.py:3239} INFO - Sync 1 DAGs
[2025-02-06T08:27:39.579+0000] {logging_mixin.py:190} INFO - [2025-02-06T08:27:39.579+0000] {dag.py:3262} INFO - Creating ORM DAG for example_setup_teardown_taskflow
[2025-02-06T08:27:39.580+0000] {logging_mixin.py:190} INFO - [2025-02-06T08:27:39.580+0000] {dag.py:4180} INFO - Setting next_dagrun for example_setup_teardown_taskflow to None, run_after=None
[2025-02-06T08:27:39.638+0000] {processor.py:208} INFO - Processing /opt/conda/lib/python3.12/site-packages/airflow/example_dags/example_setup_teardown_taskflow.py took 0.460 seconds
[2025-02-06T08:31:11.744+0000] {processor.py:186} INFO - Started process (PID=85) to work on /opt/conda/lib/python3.12/site-packages/airflow/example_dags/example_setup_teardown_taskflow.py
[2025-02-06T08:31:11.745+0000] {processor.py:914} INFO - Processing file /opt/conda/lib/python3.12/site-packages/airflow/example_dags/example_setup_teardown_taskflow.py for tasks to queue
[2025-02-06T08:31:11.747+0000] {logging_mixin.py:190} INFO - [2025-02-06T08:31:11.747+0000] {dagbag.py:588} INFO - Filling up the DagBag from /opt/conda/lib/python3.12/site-packages/airflow/example_dags/example_setup_teardown_taskflow.py
[2025-02-06T08:31:11.755+0000] {processor.py:925} INFO - DAG(s) 'example_setup_teardown_taskflow' retrieved from /opt/conda/lib/python3.12/site-packages/airflow/example_dags/example_setup_teardown_taskflow.py
[2025-02-06T08:31:11.782+0000] {logging_mixin.py:190} INFO - [2025-02-06T08:31:11.781+0000] {dag.py:3239} INFO - Sync 1 DAGs
[2025-02-06T08:31:11.798+0000] {logging_mixin.py:190} INFO - [2025-02-06T08:31:11.798+0000] {dag.py:4180} INFO - Setting next_dagrun for example_setup_teardown_taskflow to None, run_after=None
[2025-02-06T08:31:11.855+0000] {processor.py:208} INFO - Processing /opt/conda/lib/python3.12/site-packages/airflow/example_dags/example_setup_teardown_taskflow.py took 0.115 seconds
[2025-02-06T08:32:23.261+0000] {processor.py:186} INFO - Started process (PID=148) to work on /opt/conda/lib/python3.12/site-packages/airflow/example_dags/example_setup_teardown_taskflow.py
[2025-02-06T08:32:23.262+0000] {processor.py:914} INFO - Processing file /opt/conda/lib/python3.12/site-packages/airflow/example_dags/example_setup_teardown_taskflow.py for tasks to queue
[2025-02-06T08:32:23.263+0000] {logging_mixin.py:190} INFO - [2025-02-06T08:32:23.263+0000] {dagbag.py:588} INFO - Filling up the DagBag from /opt/conda/lib/python3.12/site-packages/airflow/example_dags/example_setup_teardown_taskflow.py
[2025-02-06T08:32:23.271+0000] {processor.py:925} INFO - DAG(s) 'example_setup_teardown_taskflow' retrieved from /opt/conda/lib/python3.12/site-packages/airflow/example_dags/example_setup_teardown_taskflow.py
[2025-02-06T08:32:23.293+0000] {logging_mixin.py:190} INFO - [2025-02-06T08:32:23.293+0000] {dag.py:3239} INFO - Sync 1 DAGs
[2025-02-06T08:32:23.305+0000] {logging_mixin.py:190} INFO - [2025-02-06T08:32:23.305+0000] {dag.py:4180} INFO - Setting next_dagrun for example_setup_teardown_taskflow to None, run_after=None
[2025-02-06T08:32:23.365+0000] {processor.py:208} INFO - Processing /opt/conda/lib/python3.12/site-packages/airflow/example_dags/example_setup_teardown_taskflow.py took 0.109 seconds
[2025-02-06T08:33:33.705+0000] {processor.py:186} INFO - Started process (PID=209) to work on /opt/conda/lib/python3.12/site-packages/airflow/example_dags/example_setup_teardown_taskflow.py
[2025-02-06T08:33:33.706+0000] {processor.py:914} INFO - Processing file /opt/conda/lib/python3.12/site-packages/airflow/example_dags/example_setup_teardown_taskflow.py for tasks to queue
[2025-02-06T08:33:33.707+0000] {logging_mixin.py:190} INFO - [2025-02-06T08:33:33.707+0000] {dagbag.py:588} INFO - Filling up the DagBag from /opt/conda/lib/python3.12/site-packages/airflow/example_dags/example_setup_teardown_taskflow.py
[2025-02-06T08:33:33.714+0000] {processor.py:925} INFO - DAG(s) 'example_setup_teardown_taskflow' retrieved from /opt/conda/lib/python3.12/site-packages/airflow/example_dags/example_setup_teardown_taskflow.py
[2025-02-06T08:33:33.736+0000] {logging_mixin.py:190} INFO - [2025-02-06T08:33:33.736+0000] {dag.py:3239} INFO - Sync 1 DAGs
[2025-02-06T08:33:33.746+0000] {logging_mixin.py:190} INFO - [2025-02-06T08:33:33.746+0000] {dag.py:4180} INFO - Setting next_dagrun for example_setup_teardown_taskflow to None, run_after=None
[2025-02-06T08:33:33.808+0000] {processor.py:208} INFO - Processing /opt/conda/lib/python3.12/site-packages/airflow/example_dags/example_setup_teardown_taskflow.py took 0.106 seconds
[2025-02-06T08:34:49.639+0000] {processor.py:186} INFO - Started process (PID=272) to work on /opt/conda/lib/python3.12/site-packages/airflow/example_dags/example_setup_teardown_taskflow.py
[2025-02-06T08:34:49.640+0000] {processor.py:914} INFO - Processing file /opt/conda/lib/python3.12/site-packages/airflow/example_dags/example_setup_teardown_taskflow.py for tasks to queue
[2025-02-06T08:34:49.641+0000] {logging_mixin.py:190} INFO - [2025-02-06T08:34:49.641+0000] {dagbag.py:588} INFO - Filling up the DagBag from /opt/conda/lib/python3.12/site-packages/airflow/example_dags/example_setup_teardown_taskflow.py
[2025-02-06T08:34:49.651+0000] {processor.py:925} INFO - DAG(s) 'example_setup_teardown_taskflow' retrieved from /opt/conda/lib/python3.12/site-packages/airflow/example_dags/example_setup_teardown_taskflow.py
[2025-02-06T08:34:49.681+0000] {logging_mixin.py:190} INFO - [2025-02-06T08:34:49.681+0000] {dag.py:3239} INFO - Sync 1 DAGs
[2025-02-06T08:34:49.695+0000] {logging_mixin.py:190} INFO - [2025-02-06T08:34:49.695+0000] {dag.py:4180} INFO - Setting next_dagrun for example_setup_teardown_taskflow to None, run_after=None
[2025-02-06T08:34:49.760+0000] {processor.py:208} INFO - Processing /opt/conda/lib/python3.12/site-packages/airflow/example_dags/example_setup_teardown_taskflow.py took 0.129 seconds
[2025-02-06T08:36:06.174+0000] {processor.py:186} INFO - Started process (PID=338) to work on /opt/conda/lib/python3.12/site-packages/airflow/example_dags/example_setup_teardown_taskflow.py
[2025-02-06T08:36:06.175+0000] {processor.py:914} INFO - Processing file /opt/conda/lib/python3.12/site-packages/airflow/example_dags/example_setup_teardown_taskflow.py for tasks to queue
[2025-02-06T08:36:06.176+0000] {logging_mixin.py:190} INFO - [2025-02-06T08:36:06.176+0000] {dagbag.py:588} INFO - Filling up the DagBag from /opt/conda/lib/python3.12/site-packages/airflow/example_dags/example_setup_teardown_taskflow.py
[2025-02-06T08:36:06.184+0000] {processor.py:925} INFO - DAG(s) 'example_setup_teardown_taskflow' retrieved from /opt/conda/lib/python3.12/site-packages/airflow/example_dags/example_setup_teardown_taskflow.py
[2025-02-06T08:36:06.207+0000] {logging_mixin.py:190} INFO - [2025-02-06T08:36:06.207+0000] {dag.py:3239} INFO - Sync 1 DAGs
[2025-02-06T08:36:06.220+0000] {logging_mixin.py:190} INFO - [2025-02-06T08:36:06.219+0000] {dag.py:4180} INFO - Setting next_dagrun for example_setup_teardown_taskflow to None, run_after=None
[2025-02-06T08:36:06.348+0000] {processor.py:208} INFO - Processing /opt/conda/lib/python3.12/site-packages/airflow/example_dags/example_setup_teardown_taskflow.py took 0.179 seconds
[2025-02-06T08:37:28.614+0000] {processor.py:186} INFO - Started process (PID=405) to work on /opt/conda/lib/python3.12/site-packages/airflow/example_dags/example_setup_teardown_taskflow.py
[2025-02-06T08:37:28.615+0000] {processor.py:914} INFO - Processing file /opt/conda/lib/python3.12/site-packages/airflow/example_dags/example_setup_teardown_taskflow.py for tasks to queue
[2025-02-06T08:37:28.616+0000] {logging_mixin.py:190} INFO - [2025-02-06T08:37:28.616+0000] {dagbag.py:588} INFO - Filling up the DagBag from /opt/conda/lib/python3.12/site-packages/airflow/example_dags/example_setup_teardown_taskflow.py
[2025-02-06T08:37:28.625+0000] {processor.py:925} INFO - DAG(s) 'example_setup_teardown_taskflow' retrieved from /opt/conda/lib/python3.12/site-packages/airflow/example_dags/example_setup_teardown_taskflow.py
[2025-02-06T08:37:28.646+0000] {logging_mixin.py:190} INFO - [2025-02-06T08:37:28.646+0000] {dag.py:3239} INFO - Sync 1 DAGs
[2025-02-06T08:37:28.665+0000] {logging_mixin.py:190} INFO - [2025-02-06T08:37:28.664+0000] {dag.py:4180} INFO - Setting next_dagrun for example_setup_teardown_taskflow to None, run_after=None
[2025-02-06T08:37:28.728+0000] {processor.py:208} INFO - Processing /opt/conda/lib/python3.12/site-packages/airflow/example_dags/example_setup_teardown_taskflow.py took 0.117 seconds
[2025-02-06T08:38:43.722+0000] {processor.py:186} INFO - Started process (PID=470) to work on /opt/conda/lib/python3.12/site-packages/airflow/example_dags/example_setup_teardown_taskflow.py
[2025-02-06T08:38:43.724+0000] {processor.py:914} INFO - Processing file /opt/conda/lib/python3.12/site-packages/airflow/example_dags/example_setup_teardown_taskflow.py for tasks to queue
[2025-02-06T08:38:43.725+0000] {logging_mixin.py:190} INFO - [2025-02-06T08:38:43.725+0000] {dagbag.py:588} INFO - Filling up the DagBag from /opt/conda/lib/python3.12/site-packages/airflow/example_dags/example_setup_teardown_taskflow.py
[2025-02-06T08:38:43.742+0000] {processor.py:925} INFO - DAG(s) 'example_setup_teardown_taskflow' retrieved from /opt/conda/lib/python3.12/site-packages/airflow/example_dags/example_setup_teardown_taskflow.py
[2025-02-06T08:38:43.778+0000] {logging_mixin.py:190} INFO - [2025-02-06T08:38:43.778+0000] {dag.py:3239} INFO - Sync 1 DAGs
[2025-02-06T08:38:43.796+0000] {logging_mixin.py:190} INFO - [2025-02-06T08:38:43.796+0000] {dag.py:4180} INFO - Setting next_dagrun for example_setup_teardown_taskflow to None, run_after=None
[2025-02-06T08:38:43.858+0000] {processor.py:208} INFO - Processing /opt/conda/lib/python3.12/site-packages/airflow/example_dags/example_setup_teardown_taskflow.py took 0.144 seconds
[2025-02-06T08:40:01.461+0000] {processor.py:186} INFO - Started process (PID=536) to work on /opt/conda/lib/python3.12/site-packages/airflow/example_dags/example_setup_teardown_taskflow.py
[2025-02-06T08:40:01.462+0000] {processor.py:914} INFO - Processing file /opt/conda/lib/python3.12/site-packages/airflow/example_dags/example_setup_teardown_taskflow.py for tasks to queue
[2025-02-06T08:40:01.463+0000] {logging_mixin.py:190} INFO - [2025-02-06T08:40:01.463+0000] {dagbag.py:588} INFO - Filling up the DagBag from /opt/conda/lib/python3.12/site-packages/airflow/example_dags/example_setup_teardown_taskflow.py
[2025-02-06T08:40:01.472+0000] {processor.py:925} INFO - DAG(s) 'example_setup_teardown_taskflow' retrieved from /opt/conda/lib/python3.12/site-packages/airflow/example_dags/example_setup_teardown_taskflow.py
[2025-02-06T08:40:01.494+0000] {logging_mixin.py:190} INFO - [2025-02-06T08:40:01.493+0000] {dag.py:3239} INFO - Sync 1 DAGs
[2025-02-06T08:40:01.507+0000] {logging_mixin.py:190} INFO - [2025-02-06T08:40:01.507+0000] {dag.py:4180} INFO - Setting next_dagrun for example_setup_teardown_taskflow to None, run_after=None
[2025-02-06T08:40:01.575+0000] {processor.py:208} INFO - Processing /opt/conda/lib/python3.12/site-packages/airflow/example_dags/example_setup_teardown_taskflow.py took 0.119 seconds
[2025-02-06T08:41:18.150+0000] {processor.py:186} INFO - Started process (PID=602) to work on /opt/conda/lib/python3.12/site-packages/airflow/example_dags/example_setup_teardown_taskflow.py
[2025-02-06T08:41:18.153+0000] {processor.py:914} INFO - Processing file /opt/conda/lib/python3.12/site-packages/airflow/example_dags/example_setup_teardown_taskflow.py for tasks to queue
[2025-02-06T08:41:18.154+0000] {logging_mixin.py:190} INFO - [2025-02-06T08:41:18.154+0000] {dagbag.py:588} INFO - Filling up the DagBag from /opt/conda/lib/python3.12/site-packages/airflow/example_dags/example_setup_teardown_taskflow.py
[2025-02-06T08:41:18.164+0000] {processor.py:925} INFO - DAG(s) 'example_setup_teardown_taskflow' retrieved from /opt/conda/lib/python3.12/site-packages/airflow/example_dags/example_setup_teardown_taskflow.py
[2025-02-06T08:41:18.185+0000] {logging_mixin.py:190} INFO - [2025-02-06T08:41:18.185+0000] {dag.py:3239} INFO - Sync 1 DAGs
[2025-02-06T08:41:18.198+0000] {logging_mixin.py:190} INFO - [2025-02-06T08:41:18.198+0000] {dag.py:4180} INFO - Setting next_dagrun for example_setup_teardown_taskflow to None, run_after=None
[2025-02-06T08:41:18.258+0000] {processor.py:208} INFO - Processing /opt/conda/lib/python3.12/site-packages/airflow/example_dags/example_setup_teardown_taskflow.py took 0.112 seconds
[2025-02-06T08:42:34.293+0000] {processor.py:186} INFO - Started process (PID=666) to work on /opt/conda/lib/python3.12/site-packages/airflow/example_dags/example_setup_teardown_taskflow.py
[2025-02-06T08:42:34.294+0000] {processor.py:914} INFO - Processing file /opt/conda/lib/python3.12/site-packages/airflow/example_dags/example_setup_teardown_taskflow.py for tasks to queue
[2025-02-06T08:42:34.296+0000] {logging_mixin.py:190} INFO - [2025-02-06T08:42:34.295+0000] {dagbag.py:588} INFO - Filling up the DagBag from /opt/conda/lib/python3.12/site-packages/airflow/example_dags/example_setup_teardown_taskflow.py
[2025-02-06T08:42:34.307+0000] {processor.py:925} INFO - DAG(s) 'example_setup_teardown_taskflow' retrieved from /opt/conda/lib/python3.12/site-packages/airflow/example_dags/example_setup_teardown_taskflow.py
[2025-02-06T08:42:34.343+0000] {logging_mixin.py:190} INFO - [2025-02-06T08:42:34.343+0000] {dag.py:3239} INFO - Sync 1 DAGs
[2025-02-06T08:42:34.364+0000] {logging_mixin.py:190} INFO - [2025-02-06T08:42:34.363+0000] {dag.py:4180} INFO - Setting next_dagrun for example_setup_teardown_taskflow to None, run_after=None
[2025-02-06T08:42:34.429+0000] {processor.py:208} INFO - Processing /opt/conda/lib/python3.12/site-packages/airflow/example_dags/example_setup_teardown_taskflow.py took 0.144 seconds
[2025-02-06T08:44:06.790+0000] {processor.py:186} INFO - Started process (PID=85) to work on /opt/conda/lib/python3.12/site-packages/airflow/example_dags/example_setup_teardown_taskflow.py
[2025-02-06T08:44:06.791+0000] {processor.py:914} INFO - Processing file /opt/conda/lib/python3.12/site-packages/airflow/example_dags/example_setup_teardown_taskflow.py for tasks to queue
[2025-02-06T08:44:06.794+0000] {logging_mixin.py:190} INFO - [2025-02-06T08:44:06.793+0000] {dagbag.py:588} INFO - Filling up the DagBag from /opt/conda/lib/python3.12/site-packages/airflow/example_dags/example_setup_teardown_taskflow.py
[2025-02-06T08:44:06.803+0000] {processor.py:925} INFO - DAG(s) 'example_setup_teardown_taskflow' retrieved from /opt/conda/lib/python3.12/site-packages/airflow/example_dags/example_setup_teardown_taskflow.py
[2025-02-06T08:44:06.828+0000] {logging_mixin.py:190} INFO - [2025-02-06T08:44:06.827+0000] {dag.py:3239} INFO - Sync 1 DAGs
[2025-02-06T08:44:06.843+0000] {logging_mixin.py:190} INFO - [2025-02-06T08:44:06.843+0000] {dag.py:4180} INFO - Setting next_dagrun for example_setup_teardown_taskflow to None, run_after=None
[2025-02-06T08:44:06.921+0000] {processor.py:208} INFO - Processing /opt/conda/lib/python3.12/site-packages/airflow/example_dags/example_setup_teardown_taskflow.py took 0.136 seconds
[2025-02-06T08:45:22.515+0000] {processor.py:186} INFO - Started process (PID=151) to work on /opt/conda/lib/python3.12/site-packages/airflow/example_dags/example_setup_teardown_taskflow.py
[2025-02-06T08:45:22.517+0000] {processor.py:914} INFO - Processing file /opt/conda/lib/python3.12/site-packages/airflow/example_dags/example_setup_teardown_taskflow.py for tasks to queue
[2025-02-06T08:45:22.518+0000] {logging_mixin.py:190} INFO - [2025-02-06T08:45:22.518+0000] {dagbag.py:588} INFO - Filling up the DagBag from /opt/conda/lib/python3.12/site-packages/airflow/example_dags/example_setup_teardown_taskflow.py
[2025-02-06T08:45:22.526+0000] {processor.py:925} INFO - DAG(s) 'example_setup_teardown_taskflow' retrieved from /opt/conda/lib/python3.12/site-packages/airflow/example_dags/example_setup_teardown_taskflow.py
[2025-02-06T08:45:22.550+0000] {logging_mixin.py:190} INFO - [2025-02-06T08:45:22.550+0000] {dag.py:3239} INFO - Sync 1 DAGs
[2025-02-06T08:45:22.560+0000] {logging_mixin.py:190} INFO - [2025-02-06T08:45:22.560+0000] {dag.py:4180} INFO - Setting next_dagrun for example_setup_teardown_taskflow to None, run_after=None
[2025-02-06T08:45:22.628+0000] {processor.py:208} INFO - Processing /opt/conda/lib/python3.12/site-packages/airflow/example_dags/example_setup_teardown_taskflow.py took 0.118 seconds
[2025-02-06T08:50:29.518+0000] {processor.py:186} INFO - Started process (PID=325) to work on /opt/conda/lib/python3.12/site-packages/airflow/example_dags/example_setup_teardown_taskflow.py
[2025-02-06T08:50:29.519+0000] {processor.py:914} INFO - Processing file /opt/conda/lib/python3.12/site-packages/airflow/example_dags/example_setup_teardown_taskflow.py for tasks to queue
[2025-02-06T08:50:29.521+0000] {logging_mixin.py:190} INFO - [2025-02-06T08:50:29.521+0000] {dagbag.py:588} INFO - Filling up the DagBag from /opt/conda/lib/python3.12/site-packages/airflow/example_dags/example_setup_teardown_taskflow.py
[2025-02-06T08:50:29.529+0000] {processor.py:925} INFO - DAG(s) 'example_setup_teardown_taskflow' retrieved from /opt/conda/lib/python3.12/site-packages/airflow/example_dags/example_setup_teardown_taskflow.py
[2025-02-06T08:50:29.555+0000] {logging_mixin.py:190} INFO - [2025-02-06T08:50:29.554+0000] {dag.py:3239} INFO - Sync 1 DAGs
[2025-02-06T08:50:29.567+0000] {logging_mixin.py:190} INFO - [2025-02-06T08:50:29.567+0000] {dag.py:4180} INFO - Setting next_dagrun for example_setup_teardown_taskflow to None, run_after=None
[2025-02-06T08:50:29.628+0000] {processor.py:208} INFO - Processing /opt/conda/lib/python3.12/site-packages/airflow/example_dags/example_setup_teardown_taskflow.py took 0.115 seconds
[2025-02-06T08:55:41.068+0000] {processor.py:186} INFO - Started process (PID=908) to work on /opt/conda/lib/python3.12/site-packages/airflow/example_dags/example_setup_teardown_taskflow.py
[2025-02-06T08:55:41.069+0000] {processor.py:914} INFO - Processing file /opt/conda/lib/python3.12/site-packages/airflow/example_dags/example_setup_teardown_taskflow.py for tasks to queue
[2025-02-06T08:55:41.070+0000] {logging_mixin.py:190} INFO - [2025-02-06T08:55:41.070+0000] {dagbag.py:588} INFO - Filling up the DagBag from /opt/conda/lib/python3.12/site-packages/airflow/example_dags/example_setup_teardown_taskflow.py
[2025-02-06T08:55:41.078+0000] {processor.py:925} INFO - DAG(s) 'example_setup_teardown_taskflow' retrieved from /opt/conda/lib/python3.12/site-packages/airflow/example_dags/example_setup_teardown_taskflow.py
[2025-02-06T08:55:41.104+0000] {logging_mixin.py:190} INFO - [2025-02-06T08:55:41.104+0000] {dag.py:3239} INFO - Sync 1 DAGs
[2025-02-06T08:55:41.121+0000] {logging_mixin.py:190} INFO - [2025-02-06T08:55:41.120+0000] {dag.py:4180} INFO - Setting next_dagrun for example_setup_teardown_taskflow to None, run_after=None
[2025-02-06T08:55:41.177+0000] {processor.py:208} INFO - Processing /opt/conda/lib/python3.12/site-packages/airflow/example_dags/example_setup_teardown_taskflow.py took 0.113 seconds
[2025-02-06T09:06:19.633+0000] {processor.py:186} INFO - Started process (PID=249) to work on /opt/conda/lib/python3.12/site-packages/airflow/example_dags/example_setup_teardown_taskflow.py
[2025-02-06T09:06:19.634+0000] {processor.py:914} INFO - Processing file /opt/conda/lib/python3.12/site-packages/airflow/example_dags/example_setup_teardown_taskflow.py for tasks to queue
[2025-02-06T09:06:19.636+0000] {logging_mixin.py:190} INFO - [2025-02-06T09:06:19.635+0000] {dagbag.py:588} INFO - Filling up the DagBag from /opt/conda/lib/python3.12/site-packages/airflow/example_dags/example_setup_teardown_taskflow.py
[2025-02-06T09:06:19.643+0000] {processor.py:925} INFO - DAG(s) 'example_setup_teardown_taskflow' retrieved from /opt/conda/lib/python3.12/site-packages/airflow/example_dags/example_setup_teardown_taskflow.py
[2025-02-06T09:06:19.665+0000] {logging_mixin.py:190} INFO - [2025-02-06T09:06:19.665+0000] {dag.py:3239} INFO - Sync 1 DAGs
[2025-02-06T09:06:19.679+0000] {logging_mixin.py:190} INFO - [2025-02-06T09:06:19.679+0000] {dag.py:4180} INFO - Setting next_dagrun for example_setup_teardown_taskflow to None, run_after=None
[2025-02-06T09:06:19.733+0000] {processor.py:208} INFO - Processing /opt/conda/lib/python3.12/site-packages/airflow/example_dags/example_setup_teardown_taskflow.py took 0.104 seconds
[2025-02-06T09:11:05.714+0000] {processor.py:186} INFO - Started process (PID=787) to work on /opt/conda/lib/python3.12/site-packages/airflow/example_dags/example_setup_teardown_taskflow.py
[2025-02-06T09:11:05.716+0000] {processor.py:914} INFO - Processing file /opt/conda/lib/python3.12/site-packages/airflow/example_dags/example_setup_teardown_taskflow.py for tasks to queue
[2025-02-06T09:11:05.717+0000] {logging_mixin.py:190} INFO - [2025-02-06T09:11:05.717+0000] {dagbag.py:588} INFO - Filling up the DagBag from /opt/conda/lib/python3.12/site-packages/airflow/example_dags/example_setup_teardown_taskflow.py
[2025-02-06T09:11:05.726+0000] {processor.py:925} INFO - DAG(s) 'example_setup_teardown_taskflow' retrieved from /opt/conda/lib/python3.12/site-packages/airflow/example_dags/example_setup_teardown_taskflow.py
[2025-02-06T09:11:05.747+0000] {logging_mixin.py:190} INFO - [2025-02-06T09:11:05.747+0000] {dag.py:3239} INFO - Sync 1 DAGs
[2025-02-06T09:11:05.761+0000] {logging_mixin.py:190} INFO - [2025-02-06T09:11:05.761+0000] {dag.py:4180} INFO - Setting next_dagrun for example_setup_teardown_taskflow to None, run_after=None
[2025-02-06T09:11:05.816+0000] {processor.py:208} INFO - Processing /opt/conda/lib/python3.12/site-packages/airflow/example_dags/example_setup_teardown_taskflow.py took 0.105 seconds
[2025-02-06T09:15:59.342+0000] {processor.py:186} INFO - Started process (PID=1325) to work on /opt/conda/lib/python3.12/site-packages/airflow/example_dags/example_setup_teardown_taskflow.py
[2025-02-06T09:15:59.343+0000] {processor.py:914} INFO - Processing file /opt/conda/lib/python3.12/site-packages/airflow/example_dags/example_setup_teardown_taskflow.py for tasks to queue
[2025-02-06T09:15:59.345+0000] {logging_mixin.py:190} INFO - [2025-02-06T09:15:59.345+0000] {dagbag.py:588} INFO - Filling up the DagBag from /opt/conda/lib/python3.12/site-packages/airflow/example_dags/example_setup_teardown_taskflow.py
[2025-02-06T09:15:59.353+0000] {processor.py:925} INFO - DAG(s) 'example_setup_teardown_taskflow' retrieved from /opt/conda/lib/python3.12/site-packages/airflow/example_dags/example_setup_teardown_taskflow.py
[2025-02-06T09:15:59.374+0000] {logging_mixin.py:190} INFO - [2025-02-06T09:15:59.374+0000] {dag.py:3239} INFO - Sync 1 DAGs
[2025-02-06T09:15:59.386+0000] {logging_mixin.py:190} INFO - [2025-02-06T09:15:59.386+0000] {dag.py:4180} INFO - Setting next_dagrun for example_setup_teardown_taskflow to None, run_after=None
[2025-02-06T09:15:59.438+0000] {processor.py:208} INFO - Processing /opt/conda/lib/python3.12/site-packages/airflow/example_dags/example_setup_teardown_taskflow.py took 0.100 seconds
[2025-02-06T09:20:40.359+0000] {processor.py:186} INFO - Started process (PID=1825) to work on /opt/conda/lib/python3.12/site-packages/airflow/example_dags/example_setup_teardown_taskflow.py
[2025-02-06T09:20:40.360+0000] {processor.py:914} INFO - Processing file /opt/conda/lib/python3.12/site-packages/airflow/example_dags/example_setup_teardown_taskflow.py for tasks to queue
[2025-02-06T09:20:40.363+0000] {logging_mixin.py:190} INFO - [2025-02-06T09:20:40.362+0000] {dagbag.py:588} INFO - Filling up the DagBag from /opt/conda/lib/python3.12/site-packages/airflow/example_dags/example_setup_teardown_taskflow.py
[2025-02-06T09:20:40.370+0000] {processor.py:925} INFO - DAG(s) 'example_setup_teardown_taskflow' retrieved from /opt/conda/lib/python3.12/site-packages/airflow/example_dags/example_setup_teardown_taskflow.py
[2025-02-06T09:20:40.394+0000] {logging_mixin.py:190} INFO - [2025-02-06T09:20:40.393+0000] {dag.py:3239} INFO - Sync 1 DAGs
[2025-02-06T09:20:40.410+0000] {logging_mixin.py:190} INFO - [2025-02-06T09:20:40.410+0000] {dag.py:4180} INFO - Setting next_dagrun for example_setup_teardown_taskflow to None, run_after=None
[2025-02-06T09:20:40.474+0000] {processor.py:208} INFO - Processing /opt/conda/lib/python3.12/site-packages/airflow/example_dags/example_setup_teardown_taskflow.py took 0.119 seconds
[2025-02-06T09:34:26.427+0000] {processor.py:186} INFO - Started process (PID=607) to work on /opt/conda/lib/python3.12/site-packages/airflow/example_dags/example_setup_teardown_taskflow.py
[2025-02-06T09:34:26.428+0000] {processor.py:914} INFO - Processing file /opt/conda/lib/python3.12/site-packages/airflow/example_dags/example_setup_teardown_taskflow.py for tasks to queue
[2025-02-06T09:34:26.430+0000] {logging_mixin.py:190} INFO - [2025-02-06T09:34:26.429+0000] {dagbag.py:588} INFO - Filling up the DagBag from /opt/conda/lib/python3.12/site-packages/airflow/example_dags/example_setup_teardown_taskflow.py
[2025-02-06T09:34:26.438+0000] {processor.py:925} INFO - DAG(s) 'example_setup_teardown_taskflow' retrieved from /opt/conda/lib/python3.12/site-packages/airflow/example_dags/example_setup_teardown_taskflow.py
[2025-02-06T09:34:26.460+0000] {logging_mixin.py:190} INFO - [2025-02-06T09:34:26.460+0000] {dag.py:3239} INFO - Sync 1 DAGs
[2025-02-06T09:34:26.473+0000] {logging_mixin.py:190} INFO - [2025-02-06T09:34:26.473+0000] {dag.py:4180} INFO - Setting next_dagrun for example_setup_teardown_taskflow to None, run_after=None
[2025-02-06T09:34:26.533+0000] {processor.py:208} INFO - Processing /opt/conda/lib/python3.12/site-packages/airflow/example_dags/example_setup_teardown_taskflow.py took 0.110 seconds
[2025-02-06T09:43:10.589+0000] {processor.py:186} INFO - Started process (PID=1512) to work on /opt/conda/lib/python3.12/site-packages/airflow/example_dags/example_setup_teardown_taskflow.py
[2025-02-06T09:43:10.590+0000] {processor.py:914} INFO - Processing file /opt/conda/lib/python3.12/site-packages/airflow/example_dags/example_setup_teardown_taskflow.py for tasks to queue
[2025-02-06T09:43:10.592+0000] {logging_mixin.py:190} INFO - [2025-02-06T09:43:10.591+0000] {dagbag.py:588} INFO - Filling up the DagBag from /opt/conda/lib/python3.12/site-packages/airflow/example_dags/example_setup_teardown_taskflow.py
[2025-02-06T09:43:10.599+0000] {processor.py:925} INFO - DAG(s) 'example_setup_teardown_taskflow' retrieved from /opt/conda/lib/python3.12/site-packages/airflow/example_dags/example_setup_teardown_taskflow.py
[2025-02-06T09:43:10.626+0000] {logging_mixin.py:190} INFO - [2025-02-06T09:43:10.625+0000] {dag.py:3239} INFO - Sync 1 DAGs
[2025-02-06T09:43:10.640+0000] {logging_mixin.py:190} INFO - [2025-02-06T09:43:10.640+0000] {dag.py:4180} INFO - Setting next_dagrun for example_setup_teardown_taskflow to None, run_after=None
[2025-02-06T09:43:10.707+0000] {processor.py:208} INFO - Processing /opt/conda/lib/python3.12/site-packages/airflow/example_dags/example_setup_teardown_taskflow.py took 0.122 seconds
[2025-02-06T09:51:55.588+0000] {processor.py:186} INFO - Started process (PID=584) to work on /opt/conda/lib/python3.12/site-packages/airflow/example_dags/example_setup_teardown_taskflow.py
[2025-02-06T09:51:55.589+0000] {processor.py:914} INFO - Processing file /opt/conda/lib/python3.12/site-packages/airflow/example_dags/example_setup_teardown_taskflow.py for tasks to queue
[2025-02-06T09:51:55.591+0000] {logging_mixin.py:190} INFO - [2025-02-06T09:51:55.591+0000] {dagbag.py:588} INFO - Filling up the DagBag from /opt/conda/lib/python3.12/site-packages/airflow/example_dags/example_setup_teardown_taskflow.py
[2025-02-06T09:51:55.599+0000] {processor.py:925} INFO - DAG(s) 'example_setup_teardown_taskflow' retrieved from /opt/conda/lib/python3.12/site-packages/airflow/example_dags/example_setup_teardown_taskflow.py
[2025-02-06T09:51:55.619+0000] {logging_mixin.py:190} INFO - [2025-02-06T09:51:55.619+0000] {dag.py:3239} INFO - Sync 1 DAGs
[2025-02-06T09:51:55.630+0000] {logging_mixin.py:190} INFO - [2025-02-06T09:51:55.629+0000] {dag.py:4180} INFO - Setting next_dagrun for example_setup_teardown_taskflow to None, run_after=None
[2025-02-06T09:51:55.688+0000] {processor.py:208} INFO - Processing /opt/conda/lib/python3.12/site-packages/airflow/example_dags/example_setup_teardown_taskflow.py took 0.103 seconds
[2025-02-06T10:00:37.358+0000] {processor.py:186} INFO - Started process (PID=1545) to work on /opt/conda/lib/python3.12/site-packages/airflow/example_dags/example_setup_teardown_taskflow.py
[2025-02-06T10:00:37.359+0000] {processor.py:914} INFO - Processing file /opt/conda/lib/python3.12/site-packages/airflow/example_dags/example_setup_teardown_taskflow.py for tasks to queue
[2025-02-06T10:00:37.362+0000] {logging_mixin.py:190} INFO - [2025-02-06T10:00:37.361+0000] {dagbag.py:588} INFO - Filling up the DagBag from /opt/conda/lib/python3.12/site-packages/airflow/example_dags/example_setup_teardown_taskflow.py
[2025-02-06T10:00:37.373+0000] {processor.py:925} INFO - DAG(s) 'example_setup_teardown_taskflow' retrieved from /opt/conda/lib/python3.12/site-packages/airflow/example_dags/example_setup_teardown_taskflow.py
[2025-02-06T10:00:37.403+0000] {logging_mixin.py:190} INFO - [2025-02-06T10:00:37.403+0000] {dag.py:3239} INFO - Sync 1 DAGs
[2025-02-06T10:00:37.417+0000] {logging_mixin.py:190} INFO - [2025-02-06T10:00:37.417+0000] {dag.py:4180} INFO - Setting next_dagrun for example_setup_teardown_taskflow to None, run_after=None
[2025-02-06T10:00:37.473+0000] {processor.py:208} INFO - Processing /opt/conda/lib/python3.12/site-packages/airflow/example_dags/example_setup_teardown_taskflow.py took 0.120 seconds
[2025-02-06T10:05:34.069+0000] {processor.py:186} INFO - Started process (PID=2040) to work on /opt/conda/lib/python3.12/site-packages/airflow/example_dags/example_setup_teardown_taskflow.py
[2025-02-06T10:05:34.070+0000] {processor.py:914} INFO - Processing file /opt/conda/lib/python3.12/site-packages/airflow/example_dags/example_setup_teardown_taskflow.py for tasks to queue
[2025-02-06T10:05:34.071+0000] {logging_mixin.py:190} INFO - [2025-02-06T10:05:34.071+0000] {dagbag.py:588} INFO - Filling up the DagBag from /opt/conda/lib/python3.12/site-packages/airflow/example_dags/example_setup_teardown_taskflow.py
[2025-02-06T10:05:34.079+0000] {processor.py:925} INFO - DAG(s) 'example_setup_teardown_taskflow' retrieved from /opt/conda/lib/python3.12/site-packages/airflow/example_dags/example_setup_teardown_taskflow.py
[2025-02-06T10:05:34.104+0000] {logging_mixin.py:190} INFO - [2025-02-06T10:05:34.103+0000] {dag.py:3239} INFO - Sync 1 DAGs
[2025-02-06T10:05:34.115+0000] {logging_mixin.py:190} INFO - [2025-02-06T10:05:34.114+0000] {dag.py:4180} INFO - Setting next_dagrun for example_setup_teardown_taskflow to None, run_after=None
[2025-02-06T10:05:34.169+0000] {processor.py:208} INFO - Processing /opt/conda/lib/python3.12/site-packages/airflow/example_dags/example_setup_teardown_taskflow.py took 0.104 seconds
[2025-02-06T10:10:14.758+0000] {processor.py:186} INFO - Started process (PID=2472) to work on /opt/conda/lib/python3.12/site-packages/airflow/example_dags/example_setup_teardown_taskflow.py
[2025-02-06T10:10:14.759+0000] {processor.py:914} INFO - Processing file /opt/conda/lib/python3.12/site-packages/airflow/example_dags/example_setup_teardown_taskflow.py for tasks to queue
[2025-02-06T10:10:14.760+0000] {logging_mixin.py:190} INFO - [2025-02-06T10:10:14.760+0000] {dagbag.py:588} INFO - Filling up the DagBag from /opt/conda/lib/python3.12/site-packages/airflow/example_dags/example_setup_teardown_taskflow.py
[2025-02-06T10:10:14.769+0000] {processor.py:925} INFO - DAG(s) 'example_setup_teardown_taskflow' retrieved from /opt/conda/lib/python3.12/site-packages/airflow/example_dags/example_setup_teardown_taskflow.py
[2025-02-06T10:10:14.793+0000] {logging_mixin.py:190} INFO - [2025-02-06T10:10:14.793+0000] {dag.py:3239} INFO - Sync 1 DAGs
[2025-02-06T10:10:14.804+0000] {logging_mixin.py:190} INFO - [2025-02-06T10:10:14.804+0000] {dag.py:4180} INFO - Setting next_dagrun for example_setup_teardown_taskflow to None, run_after=None
[2025-02-06T10:10:14.864+0000] {processor.py:208} INFO - Processing /opt/conda/lib/python3.12/site-packages/airflow/example_dags/example_setup_teardown_taskflow.py took 0.110 seconds
[2025-02-06T10:22:55.951+0000] {processor.py:186} INFO - Started process (PID=3784) to work on /opt/conda/lib/python3.12/site-packages/airflow/example_dags/example_setup_teardown_taskflow.py
[2025-02-06T10:22:55.952+0000] {processor.py:914} INFO - Processing file /opt/conda/lib/python3.12/site-packages/airflow/example_dags/example_setup_teardown_taskflow.py for tasks to queue
[2025-02-06T10:22:55.954+0000] {logging_mixin.py:190} INFO - [2025-02-06T10:22:55.953+0000] {dagbag.py:588} INFO - Filling up the DagBag from /opt/conda/lib/python3.12/site-packages/airflow/example_dags/example_setup_teardown_taskflow.py
[2025-02-06T10:22:55.968+0000] {processor.py:925} INFO - DAG(s) 'example_setup_teardown_taskflow' retrieved from /opt/conda/lib/python3.12/site-packages/airflow/example_dags/example_setup_teardown_taskflow.py
[2025-02-06T10:22:56.002+0000] {logging_mixin.py:190} INFO - [2025-02-06T10:22:56.001+0000] {dag.py:3239} INFO - Sync 1 DAGs
[2025-02-06T10:22:56.021+0000] {logging_mixin.py:190} INFO - [2025-02-06T10:22:56.021+0000] {dag.py:4180} INFO - Setting next_dagrun for example_setup_teardown_taskflow to None, run_after=None
[2025-02-06T10:22:56.111+0000] {processor.py:208} INFO - Processing /opt/conda/lib/python3.12/site-packages/airflow/example_dags/example_setup_teardown_taskflow.py took 0.166 seconds
[2025-02-06T10:25:52.262+0000] {processor.py:186} INFO - Started process (PID=4046) to work on /opt/conda/lib/python3.12/site-packages/airflow/example_dags/example_setup_teardown_taskflow.py
[2025-02-06T10:25:52.263+0000] {processor.py:914} INFO - Processing file /opt/conda/lib/python3.12/site-packages/airflow/example_dags/example_setup_teardown_taskflow.py for tasks to queue
[2025-02-06T10:25:52.264+0000] {logging_mixin.py:190} INFO - [2025-02-06T10:25:52.264+0000] {dagbag.py:588} INFO - Filling up the DagBag from /opt/conda/lib/python3.12/site-packages/airflow/example_dags/example_setup_teardown_taskflow.py
[2025-02-06T10:25:52.272+0000] {processor.py:925} INFO - DAG(s) 'example_setup_teardown_taskflow' retrieved from /opt/conda/lib/python3.12/site-packages/airflow/example_dags/example_setup_teardown_taskflow.py
[2025-02-06T10:25:52.296+0000] {logging_mixin.py:190} INFO - [2025-02-06T10:25:52.295+0000] {dag.py:3239} INFO - Sync 1 DAGs
[2025-02-06T10:25:52.309+0000] {logging_mixin.py:190} INFO - [2025-02-06T10:25:52.308+0000] {dag.py:4180} INFO - Setting next_dagrun for example_setup_teardown_taskflow to None, run_after=None
[2025-02-06T10:25:52.411+0000] {processor.py:208} INFO - Processing /opt/conda/lib/python3.12/site-packages/airflow/example_dags/example_setup_teardown_taskflow.py took 0.154 seconds
[2025-02-06T11:41:07.668+0000] {processor.py:186} INFO - Started process (PID=538) to work on /opt/conda/lib/python3.12/site-packages/airflow/example_dags/example_setup_teardown_taskflow.py
[2025-02-06T11:41:07.671+0000] {processor.py:914} INFO - Processing file /opt/conda/lib/python3.12/site-packages/airflow/example_dags/example_setup_teardown_taskflow.py for tasks to queue
[2025-02-06T11:41:07.674+0000] {logging_mixin.py:190} INFO - [2025-02-06T11:41:07.673+0000] {dagbag.py:588} INFO - Filling up the DagBag from /opt/conda/lib/python3.12/site-packages/airflow/example_dags/example_setup_teardown_taskflow.py
[2025-02-06T11:41:07.685+0000] {processor.py:925} INFO - DAG(s) 'example_setup_teardown_taskflow' retrieved from /opt/conda/lib/python3.12/site-packages/airflow/example_dags/example_setup_teardown_taskflow.py
[2025-02-06T11:41:07.726+0000] {logging_mixin.py:190} INFO - [2025-02-06T11:41:07.726+0000] {dag.py:3239} INFO - Sync 1 DAGs
[2025-02-06T11:41:07.749+0000] {logging_mixin.py:190} INFO - [2025-02-06T11:41:07.749+0000] {dag.py:4180} INFO - Setting next_dagrun for example_setup_teardown_taskflow to None, run_after=None
[2025-02-06T11:41:07.833+0000] {processor.py:208} INFO - Processing /opt/conda/lib/python3.12/site-packages/airflow/example_dags/example_setup_teardown_taskflow.py took 0.170 seconds
[2025-02-06T11:44:53.964+0000] {processor.py:186} INFO - Started process (PID=1495) to work on /opt/conda/lib/python3.12/site-packages/airflow/example_dags/example_setup_teardown_taskflow.py
[2025-02-06T11:44:53.966+0000] {processor.py:914} INFO - Processing file /opt/conda/lib/python3.12/site-packages/airflow/example_dags/example_setup_teardown_taskflow.py for tasks to queue
[2025-02-06T11:44:53.970+0000] {logging_mixin.py:190} INFO - [2025-02-06T11:44:53.969+0000] {dagbag.py:588} INFO - Filling up the DagBag from /opt/conda/lib/python3.12/site-packages/airflow/example_dags/example_setup_teardown_taskflow.py
[2025-02-06T11:44:53.984+0000] {processor.py:925} INFO - DAG(s) 'example_setup_teardown_taskflow' retrieved from /opt/conda/lib/python3.12/site-packages/airflow/example_dags/example_setup_teardown_taskflow.py
[2025-02-06T11:44:54.024+0000] {logging_mixin.py:190} INFO - [2025-02-06T11:44:54.023+0000] {dag.py:3239} INFO - Sync 1 DAGs
[2025-02-06T11:44:54.046+0000] {logging_mixin.py:190} INFO - [2025-02-06T11:44:54.046+0000] {dag.py:4180} INFO - Setting next_dagrun for example_setup_teardown_taskflow to None, run_after=None
[2025-02-06T11:44:54.158+0000] {processor.py:208} INFO - Processing /opt/conda/lib/python3.12/site-packages/airflow/example_dags/example_setup_teardown_taskflow.py took 0.199 seconds
[2025-02-06T11:49:17.927+0000] {processor.py:186} INFO - Started process (PID=2408) to work on /opt/conda/lib/python3.12/site-packages/airflow/example_dags/example_setup_teardown_taskflow.py
[2025-02-06T11:49:17.929+0000] {processor.py:914} INFO - Processing file /opt/conda/lib/python3.12/site-packages/airflow/example_dags/example_setup_teardown_taskflow.py for tasks to queue
[2025-02-06T11:49:17.932+0000] {logging_mixin.py:190} INFO - [2025-02-06T11:49:17.931+0000] {dagbag.py:588} INFO - Filling up the DagBag from /opt/conda/lib/python3.12/site-packages/airflow/example_dags/example_setup_teardown_taskflow.py
[2025-02-06T11:49:17.948+0000] {processor.py:925} INFO - DAG(s) 'example_setup_teardown_taskflow' retrieved from /opt/conda/lib/python3.12/site-packages/airflow/example_dags/example_setup_teardown_taskflow.py
[2025-02-06T11:49:17.988+0000] {logging_mixin.py:190} INFO - [2025-02-06T11:49:17.988+0000] {dag.py:3239} INFO - Sync 1 DAGs
[2025-02-06T11:49:18.014+0000] {logging_mixin.py:190} INFO - [2025-02-06T11:49:18.014+0000] {dag.py:4180} INFO - Setting next_dagrun for example_setup_teardown_taskflow to None, run_after=None
[2025-02-06T11:49:18.107+0000] {processor.py:208} INFO - Processing /opt/conda/lib/python3.12/site-packages/airflow/example_dags/example_setup_teardown_taskflow.py took 0.187 seconds
[2025-02-06T11:52:50.438+0000] {processor.py:186} INFO - Started process (PID=3382) to work on /opt/conda/lib/python3.12/site-packages/airflow/example_dags/example_setup_teardown_taskflow.py
[2025-02-06T11:52:50.442+0000] {processor.py:914} INFO - Processing file /opt/conda/lib/python3.12/site-packages/airflow/example_dags/example_setup_teardown_taskflow.py for tasks to queue
[2025-02-06T11:52:50.445+0000] {logging_mixin.py:190} INFO - [2025-02-06T11:52:50.444+0000] {dagbag.py:588} INFO - Filling up the DagBag from /opt/conda/lib/python3.12/site-packages/airflow/example_dags/example_setup_teardown_taskflow.py
[2025-02-06T11:52:50.461+0000] {processor.py:925} INFO - DAG(s) 'example_setup_teardown_taskflow' retrieved from /opt/conda/lib/python3.12/site-packages/airflow/example_dags/example_setup_teardown_taskflow.py
[2025-02-06T11:52:50.510+0000] {logging_mixin.py:190} INFO - [2025-02-06T11:52:50.510+0000] {dag.py:3239} INFO - Sync 1 DAGs
[2025-02-06T11:52:50.537+0000] {logging_mixin.py:190} INFO - [2025-02-06T11:52:50.536+0000] {dag.py:4180} INFO - Setting next_dagrun for example_setup_teardown_taskflow to None, run_after=None
[2025-02-06T11:52:50.642+0000] {processor.py:208} INFO - Processing /opt/conda/lib/python3.12/site-packages/airflow/example_dags/example_setup_teardown_taskflow.py took 0.214 seconds
[2025-02-06T12:04:51.474+0000] {processor.py:186} INFO - Started process (PID=538) to work on /opt/conda/lib/python3.12/site-packages/airflow/example_dags/example_setup_teardown_taskflow.py
[2025-02-06T12:04:51.476+0000] {processor.py:914} INFO - Processing file /opt/conda/lib/python3.12/site-packages/airflow/example_dags/example_setup_teardown_taskflow.py for tasks to queue
[2025-02-06T12:04:51.478+0000] {logging_mixin.py:190} INFO - [2025-02-06T12:04:51.478+0000] {dagbag.py:588} INFO - Filling up the DagBag from /opt/conda/lib/python3.12/site-packages/airflow/example_dags/example_setup_teardown_taskflow.py
[2025-02-06T12:04:51.487+0000] {processor.py:925} INFO - DAG(s) 'example_setup_teardown_taskflow' retrieved from /opt/conda/lib/python3.12/site-packages/airflow/example_dags/example_setup_teardown_taskflow.py
[2025-02-06T12:04:51.514+0000] {logging_mixin.py:190} INFO - [2025-02-06T12:04:51.514+0000] {dag.py:3239} INFO - Sync 1 DAGs
[2025-02-06T12:04:51.526+0000] {logging_mixin.py:190} INFO - [2025-02-06T12:04:51.526+0000] {dag.py:4180} INFO - Setting next_dagrun for example_setup_teardown_taskflow to None, run_after=None
[2025-02-06T12:04:51.573+0000] {processor.py:208} INFO - Processing /opt/conda/lib/python3.12/site-packages/airflow/example_dags/example_setup_teardown_taskflow.py took 0.105 seconds
[2025-02-06T12:07:42.608+0000] {processor.py:186} INFO - Started process (PID=1553) to work on /opt/conda/lib/python3.12/site-packages/airflow/example_dags/example_setup_teardown_taskflow.py
[2025-02-06T12:07:42.611+0000] {processor.py:914} INFO - Processing file /opt/conda/lib/python3.12/site-packages/airflow/example_dags/example_setup_teardown_taskflow.py for tasks to queue
[2025-02-06T12:07:42.613+0000] {logging_mixin.py:190} INFO - [2025-02-06T12:07:42.612+0000] {dagbag.py:588} INFO - Filling up the DagBag from /opt/conda/lib/python3.12/site-packages/airflow/example_dags/example_setup_teardown_taskflow.py
[2025-02-06T12:07:42.623+0000] {processor.py:925} INFO - DAG(s) 'example_setup_teardown_taskflow' retrieved from /opt/conda/lib/python3.12/site-packages/airflow/example_dags/example_setup_teardown_taskflow.py
[2025-02-06T12:07:42.646+0000] {logging_mixin.py:190} INFO - [2025-02-06T12:07:42.646+0000] {dag.py:3239} INFO - Sync 1 DAGs
[2025-02-06T12:07:42.678+0000] {logging_mixin.py:190} INFO - [2025-02-06T12:07:42.678+0000] {dag.py:4180} INFO - Setting next_dagrun for example_setup_teardown_taskflow to None, run_after=None
[2025-02-06T12:07:42.732+0000] {processor.py:208} INFO - Processing /opt/conda/lib/python3.12/site-packages/airflow/example_dags/example_setup_teardown_taskflow.py took 0.130 seconds
[2025-02-06T12:25:31.472+0000] {processor.py:186} INFO - Started process (PID=1606) to work on /opt/conda/lib/python3.12/site-packages/airflow/example_dags/example_setup_teardown_taskflow.py
[2025-02-06T12:25:31.473+0000] {processor.py:914} INFO - Processing file /opt/conda/lib/python3.12/site-packages/airflow/example_dags/example_setup_teardown_taskflow.py for tasks to queue
[2025-02-06T12:25:31.475+0000] {logging_mixin.py:190} INFO - [2025-02-06T12:25:31.475+0000] {dagbag.py:588} INFO - Filling up the DagBag from /opt/conda/lib/python3.12/site-packages/airflow/example_dags/example_setup_teardown_taskflow.py
[2025-02-06T12:25:31.484+0000] {processor.py:925} INFO - DAG(s) 'example_setup_teardown_taskflow' retrieved from /opt/conda/lib/python3.12/site-packages/airflow/example_dags/example_setup_teardown_taskflow.py
[2025-02-06T12:25:31.508+0000] {logging_mixin.py:190} INFO - [2025-02-06T12:25:31.508+0000] {dag.py:3239} INFO - Sync 1 DAGs
[2025-02-06T12:25:31.519+0000] {logging_mixin.py:190} INFO - [2025-02-06T12:25:31.519+0000] {dag.py:4180} INFO - Setting next_dagrun for example_setup_teardown_taskflow to None, run_after=None
[2025-02-06T12:25:31.573+0000] {processor.py:208} INFO - Processing /opt/conda/lib/python3.12/site-packages/airflow/example_dags/example_setup_teardown_taskflow.py took 0.104 seconds
[2025-02-06T12:29:34.955+0000] {processor.py:186} INFO - Started process (PID=3660) to work on /opt/conda/lib/python3.12/site-packages/airflow/example_dags/example_setup_teardown_taskflow.py
[2025-02-06T12:29:34.956+0000] {processor.py:914} INFO - Processing file /opt/conda/lib/python3.12/site-packages/airflow/example_dags/example_setup_teardown_taskflow.py for tasks to queue
[2025-02-06T12:29:34.958+0000] {logging_mixin.py:190} INFO - [2025-02-06T12:29:34.957+0000] {dagbag.py:588} INFO - Filling up the DagBag from /opt/conda/lib/python3.12/site-packages/airflow/example_dags/example_setup_teardown_taskflow.py
[2025-02-06T12:29:34.965+0000] {processor.py:925} INFO - DAG(s) 'example_setup_teardown_taskflow' retrieved from /opt/conda/lib/python3.12/site-packages/airflow/example_dags/example_setup_teardown_taskflow.py
[2025-02-06T12:29:34.988+0000] {logging_mixin.py:190} INFO - [2025-02-06T12:29:34.988+0000] {dag.py:3239} INFO - Sync 1 DAGs
[2025-02-06T12:29:35.001+0000] {logging_mixin.py:190} INFO - [2025-02-06T12:29:35.001+0000] {dag.py:4180} INFO - Setting next_dagrun for example_setup_teardown_taskflow to None, run_after=None
[2025-02-06T12:29:35.052+0000] {processor.py:208} INFO - Processing /opt/conda/lib/python3.12/site-packages/airflow/example_dags/example_setup_teardown_taskflow.py took 0.101 seconds
[2025-02-06T12:33:25.837+0000] {processor.py:186} INFO - Started process (PID=5674) to work on /opt/conda/lib/python3.12/site-packages/airflow/example_dags/example_setup_teardown_taskflow.py
[2025-02-06T12:33:25.838+0000] {processor.py:914} INFO - Processing file /opt/conda/lib/python3.12/site-packages/airflow/example_dags/example_setup_teardown_taskflow.py for tasks to queue
[2025-02-06T12:33:25.840+0000] {logging_mixin.py:190} INFO - [2025-02-06T12:33:25.839+0000] {dagbag.py:588} INFO - Filling up the DagBag from /opt/conda/lib/python3.12/site-packages/airflow/example_dags/example_setup_teardown_taskflow.py
[2025-02-06T12:33:25.849+0000] {processor.py:925} INFO - DAG(s) 'example_setup_teardown_taskflow' retrieved from /opt/conda/lib/python3.12/site-packages/airflow/example_dags/example_setup_teardown_taskflow.py
[2025-02-06T12:33:25.870+0000] {logging_mixin.py:190} INFO - [2025-02-06T12:33:25.870+0000] {dag.py:3239} INFO - Sync 1 DAGs
[2025-02-06T12:33:25.882+0000] {logging_mixin.py:190} INFO - [2025-02-06T12:33:25.882+0000] {dag.py:4180} INFO - Setting next_dagrun for example_setup_teardown_taskflow to None, run_after=None
[2025-02-06T12:33:25.930+0000] {processor.py:208} INFO - Processing /opt/conda/lib/python3.12/site-packages/airflow/example_dags/example_setup_teardown_taskflow.py took 0.097 seconds
[2025-02-06T12:37:37.315+0000] {processor.py:186} INFO - Started process (PID=7810) to work on /opt/conda/lib/python3.12/site-packages/airflow/example_dags/example_setup_teardown_taskflow.py
[2025-02-06T12:37:37.316+0000] {processor.py:914} INFO - Processing file /opt/conda/lib/python3.12/site-packages/airflow/example_dags/example_setup_teardown_taskflow.py for tasks to queue
[2025-02-06T12:37:37.318+0000] {logging_mixin.py:190} INFO - [2025-02-06T12:37:37.318+0000] {dagbag.py:588} INFO - Filling up the DagBag from /opt/conda/lib/python3.12/site-packages/airflow/example_dags/example_setup_teardown_taskflow.py
[2025-02-06T12:37:37.326+0000] {processor.py:925} INFO - DAG(s) 'example_setup_teardown_taskflow' retrieved from /opt/conda/lib/python3.12/site-packages/airflow/example_dags/example_setup_teardown_taskflow.py
[2025-02-06T12:37:37.353+0000] {logging_mixin.py:190} INFO - [2025-02-06T12:37:37.353+0000] {dag.py:3239} INFO - Sync 1 DAGs
[2025-02-06T12:37:37.365+0000] {logging_mixin.py:190} INFO - [2025-02-06T12:37:37.365+0000] {dag.py:4180} INFO - Setting next_dagrun for example_setup_teardown_taskflow to None, run_after=None
[2025-02-06T12:37:37.412+0000] {processor.py:208} INFO - Processing /opt/conda/lib/python3.12/site-packages/airflow/example_dags/example_setup_teardown_taskflow.py took 0.101 seconds
[2025-02-06T12:41:44.460+0000] {processor.py:186} INFO - Started process (PID=9930) to work on /opt/conda/lib/python3.12/site-packages/airflow/example_dags/example_setup_teardown_taskflow.py
[2025-02-06T12:41:44.461+0000] {processor.py:914} INFO - Processing file /opt/conda/lib/python3.12/site-packages/airflow/example_dags/example_setup_teardown_taskflow.py for tasks to queue
[2025-02-06T12:41:44.462+0000] {logging_mixin.py:190} INFO - [2025-02-06T12:41:44.462+0000] {dagbag.py:588} INFO - Filling up the DagBag from /opt/conda/lib/python3.12/site-packages/airflow/example_dags/example_setup_teardown_taskflow.py
[2025-02-06T12:41:44.470+0000] {processor.py:925} INFO - DAG(s) 'example_setup_teardown_taskflow' retrieved from /opt/conda/lib/python3.12/site-packages/airflow/example_dags/example_setup_teardown_taskflow.py
[2025-02-06T12:41:44.492+0000] {logging_mixin.py:190} INFO - [2025-02-06T12:41:44.492+0000] {dag.py:3239} INFO - Sync 1 DAGs
[2025-02-06T12:41:44.513+0000] {logging_mixin.py:190} INFO - [2025-02-06T12:41:44.513+0000] {dag.py:4180} INFO - Setting next_dagrun for example_setup_teardown_taskflow to None, run_after=None
[2025-02-06T12:41:44.573+0000] {processor.py:208} INFO - Processing /opt/conda/lib/python3.12/site-packages/airflow/example_dags/example_setup_teardown_taskflow.py took 0.117 seconds
[2025-02-06T12:45:48.532+0000] {processor.py:186} INFO - Started process (PID=12012) to work on /opt/conda/lib/python3.12/site-packages/airflow/example_dags/example_setup_teardown_taskflow.py
[2025-02-06T12:45:48.533+0000] {processor.py:914} INFO - Processing file /opt/conda/lib/python3.12/site-packages/airflow/example_dags/example_setup_teardown_taskflow.py for tasks to queue
[2025-02-06T12:45:48.535+0000] {logging_mixin.py:190} INFO - [2025-02-06T12:45:48.535+0000] {dagbag.py:588} INFO - Filling up the DagBag from /opt/conda/lib/python3.12/site-packages/airflow/example_dags/example_setup_teardown_taskflow.py
[2025-02-06T12:45:48.546+0000] {processor.py:925} INFO - DAG(s) 'example_setup_teardown_taskflow' retrieved from /opt/conda/lib/python3.12/site-packages/airflow/example_dags/example_setup_teardown_taskflow.py
[2025-02-06T12:45:48.579+0000] {logging_mixin.py:190} INFO - [2025-02-06T12:45:48.579+0000] {dag.py:3239} INFO - Sync 1 DAGs
[2025-02-06T12:45:48.591+0000] {logging_mixin.py:190} INFO - [2025-02-06T12:45:48.591+0000] {dag.py:4180} INFO - Setting next_dagrun for example_setup_teardown_taskflow to None, run_after=None
[2025-02-06T12:45:48.652+0000] {processor.py:208} INFO - Processing /opt/conda/lib/python3.12/site-packages/airflow/example_dags/example_setup_teardown_taskflow.py took 0.126 seconds
[2025-02-06T12:51:27.735+0000] {processor.py:186} INFO - Started process (PID=14539) to work on /opt/conda/lib/python3.12/site-packages/airflow/example_dags/example_setup_teardown_taskflow.py
[2025-02-06T12:51:27.736+0000] {processor.py:914} INFO - Processing file /opt/conda/lib/python3.12/site-packages/airflow/example_dags/example_setup_teardown_taskflow.py for tasks to queue
[2025-02-06T12:51:27.738+0000] {logging_mixin.py:190} INFO - [2025-02-06T12:51:27.738+0000] {dagbag.py:588} INFO - Filling up the DagBag from /opt/conda/lib/python3.12/site-packages/airflow/example_dags/example_setup_teardown_taskflow.py
[2025-02-06T12:51:27.746+0000] {processor.py:925} INFO - DAG(s) 'example_setup_teardown_taskflow' retrieved from /opt/conda/lib/python3.12/site-packages/airflow/example_dags/example_setup_teardown_taskflow.py
[2025-02-06T12:51:27.765+0000] {logging_mixin.py:190} INFO - [2025-02-06T12:51:27.765+0000] {dag.py:3239} INFO - Sync 1 DAGs
[2025-02-06T12:51:27.776+0000] {logging_mixin.py:190} INFO - [2025-02-06T12:51:27.776+0000] {dag.py:4180} INFO - Setting next_dagrun for example_setup_teardown_taskflow to None, run_after=None
[2025-02-06T12:51:27.928+0000] {processor.py:208} INFO - Processing /opt/conda/lib/python3.12/site-packages/airflow/example_dags/example_setup_teardown_taskflow.py took 0.197 seconds
[2025-02-06T13:00:43.343+0000] {processor.py:186} INFO - Started process (PID=846) to work on /opt/conda/lib/python3.12/site-packages/airflow/example_dags/example_setup_teardown_taskflow.py
[2025-02-06T13:00:43.344+0000] {processor.py:914} INFO - Processing file /opt/conda/lib/python3.12/site-packages/airflow/example_dags/example_setup_teardown_taskflow.py for tasks to queue
[2025-02-06T13:00:43.346+0000] {logging_mixin.py:190} INFO - [2025-02-06T13:00:43.346+0000] {dagbag.py:588} INFO - Filling up the DagBag from /opt/conda/lib/python3.12/site-packages/airflow/example_dags/example_setup_teardown_taskflow.py
[2025-02-06T13:00:43.354+0000] {processor.py:925} INFO - DAG(s) 'example_setup_teardown_taskflow' retrieved from /opt/conda/lib/python3.12/site-packages/airflow/example_dags/example_setup_teardown_taskflow.py
[2025-02-06T13:00:43.380+0000] {logging_mixin.py:190} INFO - [2025-02-06T13:00:43.380+0000] {dag.py:3239} INFO - Sync 1 DAGs
[2025-02-06T13:00:43.392+0000] {logging_mixin.py:190} INFO - [2025-02-06T13:00:43.392+0000] {dag.py:4180} INFO - Setting next_dagrun for example_setup_teardown_taskflow to None, run_after=None
[2025-02-06T13:00:43.458+0000] {processor.py:208} INFO - Processing /opt/conda/lib/python3.12/site-packages/airflow/example_dags/example_setup_teardown_taskflow.py took 0.119 seconds
[2025-02-06T13:03:43.031+0000] {processor.py:186} INFO - Started process (PID=1841) to work on /opt/conda/lib/python3.12/site-packages/airflow/example_dags/example_setup_teardown_taskflow.py
[2025-02-06T13:03:43.033+0000] {processor.py:914} INFO - Processing file /opt/conda/lib/python3.12/site-packages/airflow/example_dags/example_setup_teardown_taskflow.py for tasks to queue
[2025-02-06T13:03:43.035+0000] {logging_mixin.py:190} INFO - [2025-02-06T13:03:43.035+0000] {dagbag.py:588} INFO - Filling up the DagBag from /opt/conda/lib/python3.12/site-packages/airflow/example_dags/example_setup_teardown_taskflow.py
[2025-02-06T13:03:43.044+0000] {processor.py:925} INFO - DAG(s) 'example_setup_teardown_taskflow' retrieved from /opt/conda/lib/python3.12/site-packages/airflow/example_dags/example_setup_teardown_taskflow.py
[2025-02-06T13:03:43.065+0000] {logging_mixin.py:190} INFO - [2025-02-06T13:03:43.064+0000] {dag.py:3239} INFO - Sync 1 DAGs
[2025-02-06T13:03:43.085+0000] {logging_mixin.py:190} INFO - [2025-02-06T13:03:43.085+0000] {dag.py:4180} INFO - Setting next_dagrun for example_setup_teardown_taskflow to None, run_after=None
[2025-02-06T13:03:43.149+0000] {processor.py:208} INFO - Processing /opt/conda/lib/python3.12/site-packages/airflow/example_dags/example_setup_teardown_taskflow.py took 0.122 seconds
