[2025-02-06T08:27:28.585+0000] {processor.py:186} INFO - Started process (PID=78) to work on /opt/conda/lib/python3.12/site-packages/airflow/example_dags/example_branch_python_dop_operator_3.py
[2025-02-06T08:27:28.586+0000] {processor.py:914} INFO - Processing file /opt/conda/lib/python3.12/site-packages/airflow/example_dags/example_branch_python_dop_operator_3.py for tasks to queue
[2025-02-06T08:27:28.588+0000] {logging_mixin.py:190} INFO - [2025-02-06T08:27:28.587+0000] {dagbag.py:588} INFO - Filling up the DagBag from /opt/conda/lib/python3.12/site-packages/airflow/example_dags/example_branch_python_dop_operator_3.py
[2025-02-06T08:27:28.597+0000] {processor.py:925} INFO - DAG(s) 'example_branch_dop_operator_v3' retrieved from /opt/conda/lib/python3.12/site-packages/airflow/example_dags/example_branch_python_dop_operator_3.py
[2025-02-06T08:27:28.724+0000] {logging_mixin.py:190} INFO - [2025-02-06T08:27:28.723+0000] {override.py:1912} INFO - Created Permission View: can delete on DAG:example_branch_dop_operator_v3
[2025-02-06T08:27:28.763+0000] {logging_mixin.py:190} INFO - [2025-02-06T08:27:28.762+0000] {override.py:1912} INFO - Created Permission View: can read on DAG:example_branch_dop_operator_v3
[2025-02-06T08:27:28.800+0000] {logging_mixin.py:190} INFO - [2025-02-06T08:27:28.799+0000] {override.py:1912} INFO - Created Permission View: can edit on DAG:example_branch_dop_operator_v3
[2025-02-06T08:27:28.860+0000] {logging_mixin.py:190} INFO - [2025-02-06T08:27:28.859+0000] {override.py:1912} INFO - Created Permission View: menu access on DAG Run:example_branch_dop_operator_v3
[2025-02-06T08:27:28.892+0000] {logging_mixin.py:190} INFO - [2025-02-06T08:27:28.892+0000] {override.py:1912} INFO - Created Permission View: can create on DAG Run:example_branch_dop_operator_v3
[2025-02-06T08:27:28.927+0000] {logging_mixin.py:190} INFO - [2025-02-06T08:27:28.927+0000] {override.py:1912} INFO - Created Permission View: can read on DAG Run:example_branch_dop_operator_v3
[2025-02-06T08:27:28.962+0000] {logging_mixin.py:190} INFO - [2025-02-06T08:27:28.962+0000] {override.py:1912} INFO - Created Permission View: can delete on DAG Run:example_branch_dop_operator_v3
[2025-02-06T08:27:28.963+0000] {logging_mixin.py:190} INFO - [2025-02-06T08:27:28.963+0000] {dag.py:3239} INFO - Sync 1 DAGs
[2025-02-06T08:27:28.979+0000] {logging_mixin.py:190} INFO - [2025-02-06T08:27:28.979+0000] {dag.py:3262} INFO - Creating ORM DAG for example_branch_dop_operator_v3
[2025-02-06T08:27:28.990+0000] {logging_mixin.py:190} INFO - [2025-02-06T08:27:28.990+0000] {dag.py:4180} INFO - Setting next_dagrun for example_branch_dop_operator_v3 to 2025-02-06 08:26:00+00:00, run_after=2025-02-06 08:27:00+00:00
[2025-02-06T08:27:29.046+0000] {processor.py:208} INFO - Processing /opt/conda/lib/python3.12/site-packages/airflow/example_dags/example_branch_python_dop_operator_3.py took 0.465 seconds
[2025-02-06T08:31:04.032+0000] {processor.py:186} INFO - Started process (PID=79) to work on /opt/conda/lib/python3.12/site-packages/airflow/example_dags/example_branch_python_dop_operator_3.py
[2025-02-06T08:31:04.033+0000] {processor.py:914} INFO - Processing file /opt/conda/lib/python3.12/site-packages/airflow/example_dags/example_branch_python_dop_operator_3.py for tasks to queue
[2025-02-06T08:31:04.035+0000] {logging_mixin.py:190} INFO - [2025-02-06T08:31:04.034+0000] {dagbag.py:588} INFO - Filling up the DagBag from /opt/conda/lib/python3.12/site-packages/airflow/example_dags/example_branch_python_dop_operator_3.py
[2025-02-06T08:31:04.043+0000] {processor.py:925} INFO - DAG(s) 'example_branch_dop_operator_v3' retrieved from /opt/conda/lib/python3.12/site-packages/airflow/example_dags/example_branch_python_dop_operator_3.py
[2025-02-06T08:31:04.066+0000] {logging_mixin.py:190} INFO - [2025-02-06T08:31:04.065+0000] {dag.py:3239} INFO - Sync 1 DAGs
[2025-02-06T08:31:04.085+0000] {logging_mixin.py:190} INFO - [2025-02-06T08:31:04.085+0000] {dag.py:4180} INFO - Setting next_dagrun for example_branch_dop_operator_v3 to 2025-02-06 08:30:00+00:00, run_after=2025-02-06 08:31:00+00:00
[2025-02-06T08:31:04.152+0000] {processor.py:208} INFO - Processing /opt/conda/lib/python3.12/site-packages/airflow/example_dags/example_branch_python_dop_operator_3.py took 0.124 seconds
[2025-02-06T08:32:17.136+0000] {processor.py:186} INFO - Started process (PID=142) to work on /opt/conda/lib/python3.12/site-packages/airflow/example_dags/example_branch_python_dop_operator_3.py
[2025-02-06T08:32:17.137+0000] {processor.py:914} INFO - Processing file /opt/conda/lib/python3.12/site-packages/airflow/example_dags/example_branch_python_dop_operator_3.py for tasks to queue
[2025-02-06T08:32:17.138+0000] {logging_mixin.py:190} INFO - [2025-02-06T08:32:17.138+0000] {dagbag.py:588} INFO - Filling up the DagBag from /opt/conda/lib/python3.12/site-packages/airflow/example_dags/example_branch_python_dop_operator_3.py
[2025-02-06T08:32:17.146+0000] {processor.py:925} INFO - DAG(s) 'example_branch_dop_operator_v3' retrieved from /opt/conda/lib/python3.12/site-packages/airflow/example_dags/example_branch_python_dop_operator_3.py
[2025-02-06T08:32:17.169+0000] {logging_mixin.py:190} INFO - [2025-02-06T08:32:17.168+0000] {dag.py:3239} INFO - Sync 1 DAGs
[2025-02-06T08:32:17.189+0000] {logging_mixin.py:190} INFO - [2025-02-06T08:32:17.189+0000] {dag.py:4180} INFO - Setting next_dagrun for example_branch_dop_operator_v3 to 2025-02-06 08:31:00+00:00, run_after=2025-02-06 08:32:00+00:00
[2025-02-06T08:32:17.247+0000] {processor.py:208} INFO - Processing /opt/conda/lib/python3.12/site-packages/airflow/example_dags/example_branch_python_dop_operator_3.py took 0.115 seconds
[2025-02-06T08:33:26.737+0000] {processor.py:186} INFO - Started process (PID=203) to work on /opt/conda/lib/python3.12/site-packages/airflow/example_dags/example_branch_python_dop_operator_3.py
[2025-02-06T08:33:26.738+0000] {processor.py:914} INFO - Processing file /opt/conda/lib/python3.12/site-packages/airflow/example_dags/example_branch_python_dop_operator_3.py for tasks to queue
[2025-02-06T08:33:26.739+0000] {logging_mixin.py:190} INFO - [2025-02-06T08:33:26.738+0000] {dagbag.py:588} INFO - Filling up the DagBag from /opt/conda/lib/python3.12/site-packages/airflow/example_dags/example_branch_python_dop_operator_3.py
[2025-02-06T08:33:26.746+0000] {processor.py:925} INFO - DAG(s) 'example_branch_dop_operator_v3' retrieved from /opt/conda/lib/python3.12/site-packages/airflow/example_dags/example_branch_python_dop_operator_3.py
[2025-02-06T08:33:26.764+0000] {logging_mixin.py:190} INFO - [2025-02-06T08:33:26.764+0000] {dag.py:3239} INFO - Sync 1 DAGs
[2025-02-06T08:33:26.796+0000] {logging_mixin.py:190} INFO - [2025-02-06T08:33:26.796+0000] {dag.py:4180} INFO - Setting next_dagrun for example_branch_dop_operator_v3 to 2025-02-06 08:32:00+00:00, run_after=2025-02-06 08:33:00+00:00
[2025-02-06T08:33:26.857+0000] {processor.py:208} INFO - Processing /opt/conda/lib/python3.12/site-packages/airflow/example_dags/example_branch_python_dop_operator_3.py took 0.125 seconds
[2025-02-06T08:34:42.468+0000] {processor.py:186} INFO - Started process (PID=266) to work on /opt/conda/lib/python3.12/site-packages/airflow/example_dags/example_branch_python_dop_operator_3.py
[2025-02-06T08:34:42.470+0000] {processor.py:914} INFO - Processing file /opt/conda/lib/python3.12/site-packages/airflow/example_dags/example_branch_python_dop_operator_3.py for tasks to queue
[2025-02-06T08:34:42.472+0000] {logging_mixin.py:190} INFO - [2025-02-06T08:34:42.471+0000] {dagbag.py:588} INFO - Filling up the DagBag from /opt/conda/lib/python3.12/site-packages/airflow/example_dags/example_branch_python_dop_operator_3.py
[2025-02-06T08:34:42.479+0000] {processor.py:925} INFO - DAG(s) 'example_branch_dop_operator_v3' retrieved from /opt/conda/lib/python3.12/site-packages/airflow/example_dags/example_branch_python_dop_operator_3.py
[2025-02-06T08:34:42.505+0000] {logging_mixin.py:190} INFO - [2025-02-06T08:34:42.505+0000] {dag.py:3239} INFO - Sync 1 DAGs
[2025-02-06T08:34:42.534+0000] {logging_mixin.py:190} INFO - [2025-02-06T08:34:42.533+0000] {dag.py:4180} INFO - Setting next_dagrun for example_branch_dop_operator_v3 to 2025-02-06 08:33:00+00:00, run_after=2025-02-06 08:34:00+00:00
[2025-02-06T08:34:42.599+0000] {processor.py:208} INFO - Processing /opt/conda/lib/python3.12/site-packages/airflow/example_dags/example_branch_python_dop_operator_3.py took 0.135 seconds
[2025-02-06T08:35:58.557+0000] {processor.py:186} INFO - Started process (PID=332) to work on /opt/conda/lib/python3.12/site-packages/airflow/example_dags/example_branch_python_dop_operator_3.py
[2025-02-06T08:35:58.558+0000] {processor.py:914} INFO - Processing file /opt/conda/lib/python3.12/site-packages/airflow/example_dags/example_branch_python_dop_operator_3.py for tasks to queue
[2025-02-06T08:35:58.559+0000] {logging_mixin.py:190} INFO - [2025-02-06T08:35:58.559+0000] {dagbag.py:588} INFO - Filling up the DagBag from /opt/conda/lib/python3.12/site-packages/airflow/example_dags/example_branch_python_dop_operator_3.py
[2025-02-06T08:35:58.567+0000] {processor.py:925} INFO - DAG(s) 'example_branch_dop_operator_v3' retrieved from /opt/conda/lib/python3.12/site-packages/airflow/example_dags/example_branch_python_dop_operator_3.py
[2025-02-06T08:35:58.587+0000] {logging_mixin.py:190} INFO - [2025-02-06T08:35:58.587+0000] {dag.py:3239} INFO - Sync 1 DAGs
[2025-02-06T08:35:58.612+0000] {logging_mixin.py:190} INFO - [2025-02-06T08:35:58.612+0000] {dag.py:4180} INFO - Setting next_dagrun for example_branch_dop_operator_v3 to 2025-02-06 08:34:00+00:00, run_after=2025-02-06 08:35:00+00:00
[2025-02-06T08:35:58.745+0000] {processor.py:208} INFO - Processing /opt/conda/lib/python3.12/site-packages/airflow/example_dags/example_branch_python_dop_operator_3.py took 0.192 seconds
[2025-02-06T08:37:22.377+0000] {processor.py:186} INFO - Started process (PID=399) to work on /opt/conda/lib/python3.12/site-packages/airflow/example_dags/example_branch_python_dop_operator_3.py
[2025-02-06T08:37:22.379+0000] {processor.py:914} INFO - Processing file /opt/conda/lib/python3.12/site-packages/airflow/example_dags/example_branch_python_dop_operator_3.py for tasks to queue
[2025-02-06T08:37:22.380+0000] {logging_mixin.py:190} INFO - [2025-02-06T08:37:22.379+0000] {dagbag.py:588} INFO - Filling up the DagBag from /opt/conda/lib/python3.12/site-packages/airflow/example_dags/example_branch_python_dop_operator_3.py
[2025-02-06T08:37:22.387+0000] {processor.py:925} INFO - DAG(s) 'example_branch_dop_operator_v3' retrieved from /opt/conda/lib/python3.12/site-packages/airflow/example_dags/example_branch_python_dop_operator_3.py
[2025-02-06T08:37:22.410+0000] {logging_mixin.py:190} INFO - [2025-02-06T08:37:22.410+0000] {dag.py:3239} INFO - Sync 1 DAGs
[2025-02-06T08:37:22.436+0000] {logging_mixin.py:190} INFO - [2025-02-06T08:37:22.436+0000] {dag.py:4180} INFO - Setting next_dagrun for example_branch_dop_operator_v3 to 2025-02-06 08:36:00+00:00, run_after=2025-02-06 08:37:00+00:00
[2025-02-06T08:37:22.499+0000] {processor.py:208} INFO - Processing /opt/conda/lib/python3.12/site-packages/airflow/example_dags/example_branch_python_dop_operator_3.py took 0.126 seconds
[2025-02-06T08:38:37.057+0000] {processor.py:186} INFO - Started process (PID=464) to work on /opt/conda/lib/python3.12/site-packages/airflow/example_dags/example_branch_python_dop_operator_3.py
[2025-02-06T08:38:37.058+0000] {processor.py:914} INFO - Processing file /opt/conda/lib/python3.12/site-packages/airflow/example_dags/example_branch_python_dop_operator_3.py for tasks to queue
[2025-02-06T08:38:37.059+0000] {logging_mixin.py:190} INFO - [2025-02-06T08:38:37.059+0000] {dagbag.py:588} INFO - Filling up the DagBag from /opt/conda/lib/python3.12/site-packages/airflow/example_dags/example_branch_python_dop_operator_3.py
[2025-02-06T08:38:37.066+0000] {processor.py:925} INFO - DAG(s) 'example_branch_dop_operator_v3' retrieved from /opt/conda/lib/python3.12/site-packages/airflow/example_dags/example_branch_python_dop_operator_3.py
[2025-02-06T08:38:37.088+0000] {logging_mixin.py:190} INFO - [2025-02-06T08:38:37.088+0000] {dag.py:3239} INFO - Sync 1 DAGs
[2025-02-06T08:38:37.112+0000] {logging_mixin.py:190} INFO - [2025-02-06T08:38:37.112+0000] {dag.py:4180} INFO - Setting next_dagrun for example_branch_dop_operator_v3 to 2025-02-06 08:37:00+00:00, run_after=2025-02-06 08:38:00+00:00
[2025-02-06T08:38:37.172+0000] {processor.py:208} INFO - Processing /opt/conda/lib/python3.12/site-packages/airflow/example_dags/example_branch_python_dop_operator_3.py took 0.122 seconds
[2025-02-06T08:39:53.578+0000] {processor.py:186} INFO - Started process (PID=530) to work on /opt/conda/lib/python3.12/site-packages/airflow/example_dags/example_branch_python_dop_operator_3.py
[2025-02-06T08:39:53.579+0000] {processor.py:914} INFO - Processing file /opt/conda/lib/python3.12/site-packages/airflow/example_dags/example_branch_python_dop_operator_3.py for tasks to queue
[2025-02-06T08:39:53.580+0000] {logging_mixin.py:190} INFO - [2025-02-06T08:39:53.579+0000] {dagbag.py:588} INFO - Filling up the DagBag from /opt/conda/lib/python3.12/site-packages/airflow/example_dags/example_branch_python_dop_operator_3.py
[2025-02-06T08:39:53.587+0000] {processor.py:925} INFO - DAG(s) 'example_branch_dop_operator_v3' retrieved from /opt/conda/lib/python3.12/site-packages/airflow/example_dags/example_branch_python_dop_operator_3.py
[2025-02-06T08:39:53.608+0000] {logging_mixin.py:190} INFO - [2025-02-06T08:39:53.608+0000] {dag.py:3239} INFO - Sync 1 DAGs
[2025-02-06T08:39:53.637+0000] {logging_mixin.py:190} INFO - [2025-02-06T08:39:53.637+0000] {dag.py:4180} INFO - Setting next_dagrun for example_branch_dop_operator_v3 to 2025-02-06 08:38:00+00:00, run_after=2025-02-06 08:39:00+00:00
[2025-02-06T08:39:53.715+0000] {processor.py:208} INFO - Processing /opt/conda/lib/python3.12/site-packages/airflow/example_dags/example_branch_python_dop_operator_3.py took 0.141 seconds
[2025-02-06T08:41:12.798+0000] {processor.py:186} INFO - Started process (PID=596) to work on /opt/conda/lib/python3.12/site-packages/airflow/example_dags/example_branch_python_dop_operator_3.py
[2025-02-06T08:41:12.799+0000] {processor.py:914} INFO - Processing file /opt/conda/lib/python3.12/site-packages/airflow/example_dags/example_branch_python_dop_operator_3.py for tasks to queue
[2025-02-06T08:41:12.800+0000] {logging_mixin.py:190} INFO - [2025-02-06T08:41:12.800+0000] {dagbag.py:588} INFO - Filling up the DagBag from /opt/conda/lib/python3.12/site-packages/airflow/example_dags/example_branch_python_dop_operator_3.py
[2025-02-06T08:41:12.807+0000] {processor.py:925} INFO - DAG(s) 'example_branch_dop_operator_v3' retrieved from /opt/conda/lib/python3.12/site-packages/airflow/example_dags/example_branch_python_dop_operator_3.py
[2025-02-06T08:41:12.830+0000] {logging_mixin.py:190} INFO - [2025-02-06T08:41:12.830+0000] {dag.py:3239} INFO - Sync 1 DAGs
[2025-02-06T08:41:12.853+0000] {logging_mixin.py:190} INFO - [2025-02-06T08:41:12.853+0000] {dag.py:4180} INFO - Setting next_dagrun for example_branch_dop_operator_v3 to 2025-02-06 08:40:00+00:00, run_after=2025-02-06 08:41:00+00:00
[2025-02-06T08:41:12.912+0000] {processor.py:208} INFO - Processing /opt/conda/lib/python3.12/site-packages/airflow/example_dags/example_branch_python_dop_operator_3.py took 0.119 seconds
[2025-02-06T08:42:27.196+0000] {processor.py:186} INFO - Started process (PID=660) to work on /opt/conda/lib/python3.12/site-packages/airflow/example_dags/example_branch_python_dop_operator_3.py
[2025-02-06T08:42:27.197+0000] {processor.py:914} INFO - Processing file /opt/conda/lib/python3.12/site-packages/airflow/example_dags/example_branch_python_dop_operator_3.py for tasks to queue
[2025-02-06T08:42:27.198+0000] {logging_mixin.py:190} INFO - [2025-02-06T08:42:27.198+0000] {dagbag.py:588} INFO - Filling up the DagBag from /opt/conda/lib/python3.12/site-packages/airflow/example_dags/example_branch_python_dop_operator_3.py
[2025-02-06T08:42:27.205+0000] {processor.py:925} INFO - DAG(s) 'example_branch_dop_operator_v3' retrieved from /opt/conda/lib/python3.12/site-packages/airflow/example_dags/example_branch_python_dop_operator_3.py
[2025-02-06T08:42:27.227+0000] {logging_mixin.py:190} INFO - [2025-02-06T08:42:27.227+0000] {dag.py:3239} INFO - Sync 1 DAGs
[2025-02-06T08:42:27.251+0000] {logging_mixin.py:190} INFO - [2025-02-06T08:42:27.251+0000] {dag.py:4180} INFO - Setting next_dagrun for example_branch_dop_operator_v3 to 2025-02-06 08:41:00+00:00, run_after=2025-02-06 08:42:00+00:00
[2025-02-06T08:42:27.322+0000] {processor.py:208} INFO - Processing /opt/conda/lib/python3.12/site-packages/airflow/example_dags/example_branch_python_dop_operator_3.py took 0.130 seconds
[2025-02-06T08:43:59.009+0000] {processor.py:186} INFO - Started process (PID=79) to work on /opt/conda/lib/python3.12/site-packages/airflow/example_dags/example_branch_python_dop_operator_3.py
[2025-02-06T08:43:59.011+0000] {processor.py:914} INFO - Processing file /opt/conda/lib/python3.12/site-packages/airflow/example_dags/example_branch_python_dop_operator_3.py for tasks to queue
[2025-02-06T08:43:59.012+0000] {logging_mixin.py:190} INFO - [2025-02-06T08:43:59.012+0000] {dagbag.py:588} INFO - Filling up the DagBag from /opt/conda/lib/python3.12/site-packages/airflow/example_dags/example_branch_python_dop_operator_3.py
[2025-02-06T08:43:59.020+0000] {processor.py:925} INFO - DAG(s) 'example_branch_dop_operator_v3' retrieved from /opt/conda/lib/python3.12/site-packages/airflow/example_dags/example_branch_python_dop_operator_3.py
[2025-02-06T08:43:59.041+0000] {logging_mixin.py:190} INFO - [2025-02-06T08:43:59.041+0000] {dag.py:3239} INFO - Sync 1 DAGs
[2025-02-06T08:43:59.065+0000] {logging_mixin.py:190} INFO - [2025-02-06T08:43:59.065+0000] {dag.py:4180} INFO - Setting next_dagrun for example_branch_dop_operator_v3 to 2025-02-06 08:42:00+00:00, run_after=2025-02-06 08:43:00+00:00
[2025-02-06T08:43:59.124+0000] {processor.py:208} INFO - Processing /opt/conda/lib/python3.12/site-packages/airflow/example_dags/example_branch_python_dop_operator_3.py took 0.119 seconds
[2025-02-06T08:45:14.956+0000] {processor.py:186} INFO - Started process (PID=145) to work on /opt/conda/lib/python3.12/site-packages/airflow/example_dags/example_branch_python_dop_operator_3.py
[2025-02-06T08:45:14.957+0000] {processor.py:914} INFO - Processing file /opt/conda/lib/python3.12/site-packages/airflow/example_dags/example_branch_python_dop_operator_3.py for tasks to queue
[2025-02-06T08:45:14.959+0000] {logging_mixin.py:190} INFO - [2025-02-06T08:45:14.959+0000] {dagbag.py:588} INFO - Filling up the DagBag from /opt/conda/lib/python3.12/site-packages/airflow/example_dags/example_branch_python_dop_operator_3.py
[2025-02-06T08:45:14.966+0000] {processor.py:925} INFO - DAG(s) 'example_branch_dop_operator_v3' retrieved from /opt/conda/lib/python3.12/site-packages/airflow/example_dags/example_branch_python_dop_operator_3.py
[2025-02-06T08:45:14.986+0000] {logging_mixin.py:190} INFO - [2025-02-06T08:45:14.986+0000] {dag.py:3239} INFO - Sync 1 DAGs
[2025-02-06T08:45:15.010+0000] {logging_mixin.py:190} INFO - [2025-02-06T08:45:15.010+0000] {dag.py:4180} INFO - Setting next_dagrun for example_branch_dop_operator_v3 to 2025-02-06 08:44:00+00:00, run_after=2025-02-06 08:45:00+00:00
[2025-02-06T08:45:15.065+0000] {processor.py:208} INFO - Processing /opt/conda/lib/python3.12/site-packages/airflow/example_dags/example_branch_python_dop_operator_3.py took 0.113 seconds
[2025-02-06T08:50:12.220+0000] {processor.py:186} INFO - Started process (PID=295) to work on /opt/conda/lib/python3.12/site-packages/airflow/example_dags/example_branch_python_dop_operator_3.py
[2025-02-06T08:50:12.222+0000] {processor.py:914} INFO - Processing file /opt/conda/lib/python3.12/site-packages/airflow/example_dags/example_branch_python_dop_operator_3.py for tasks to queue
[2025-02-06T08:50:12.223+0000] {logging_mixin.py:190} INFO - [2025-02-06T08:50:12.223+0000] {dagbag.py:588} INFO - Filling up the DagBag from /opt/conda/lib/python3.12/site-packages/airflow/example_dags/example_branch_python_dop_operator_3.py
[2025-02-06T08:50:12.231+0000] {processor.py:925} INFO - DAG(s) 'example_branch_dop_operator_v3' retrieved from /opt/conda/lib/python3.12/site-packages/airflow/example_dags/example_branch_python_dop_operator_3.py
[2025-02-06T08:50:12.249+0000] {logging_mixin.py:190} INFO - [2025-02-06T08:50:12.248+0000] {dag.py:3239} INFO - Sync 1 DAGs
[2025-02-06T08:50:12.270+0000] {logging_mixin.py:190} INFO - [2025-02-06T08:50:12.270+0000] {dag.py:4180} INFO - Setting next_dagrun for example_branch_dop_operator_v3 to 2025-02-06 08:49:00+00:00, run_after=2025-02-06 08:50:00+00:00
[2025-02-06T08:50:12.322+0000] {processor.py:208} INFO - Processing /opt/conda/lib/python3.12/site-packages/airflow/example_dags/example_branch_python_dop_operator_3.py took 0.106 seconds
[2025-02-06T08:53:15.066+0000] {processor.py:186} INFO - Started process (PID=629) to work on /opt/conda/lib/python3.12/site-packages/airflow/example_dags/example_branch_python_dop_operator_3.py
[2025-02-06T08:53:15.067+0000] {processor.py:914} INFO - Processing file /opt/conda/lib/python3.12/site-packages/airflow/example_dags/example_branch_python_dop_operator_3.py for tasks to queue
[2025-02-06T08:53:15.069+0000] {logging_mixin.py:190} INFO - [2025-02-06T08:53:15.068+0000] {dagbag.py:588} INFO - Filling up the DagBag from /opt/conda/lib/python3.12/site-packages/airflow/example_dags/example_branch_python_dop_operator_3.py
[2025-02-06T08:53:15.076+0000] {processor.py:925} INFO - DAG(s) 'example_branch_dop_operator_v3' retrieved from /opt/conda/lib/python3.12/site-packages/airflow/example_dags/example_branch_python_dop_operator_3.py
[2025-02-06T08:53:15.094+0000] {logging_mixin.py:190} INFO - [2025-02-06T08:53:15.094+0000] {dag.py:3239} INFO - Sync 1 DAGs
[2025-02-06T08:53:15.116+0000] {logging_mixin.py:190} INFO - [2025-02-06T08:53:15.116+0000] {dag.py:4180} INFO - Setting next_dagrun for example_branch_dop_operator_v3 to 2025-02-06 08:52:00+00:00, run_after=2025-02-06 08:53:00+00:00
[2025-02-06T08:53:15.178+0000] {processor.py:208} INFO - Processing /opt/conda/lib/python3.12/site-packages/airflow/example_dags/example_branch_python_dop_operator_3.py took 0.116 seconds
[2025-02-06T08:58:13.993+0000] {processor.py:186} INFO - Started process (PID=1157) to work on /opt/conda/lib/python3.12/site-packages/airflow/example_dags/example_branch_python_dop_operator_3.py
[2025-02-06T08:58:13.994+0000] {processor.py:914} INFO - Processing file /opt/conda/lib/python3.12/site-packages/airflow/example_dags/example_branch_python_dop_operator_3.py for tasks to queue
[2025-02-06T08:58:13.996+0000] {logging_mixin.py:190} INFO - [2025-02-06T08:58:13.995+0000] {dagbag.py:588} INFO - Filling up the DagBag from /opt/conda/lib/python3.12/site-packages/airflow/example_dags/example_branch_python_dop_operator_3.py
[2025-02-06T08:58:14.003+0000] {processor.py:925} INFO - DAG(s) 'example_branch_dop_operator_v3' retrieved from /opt/conda/lib/python3.12/site-packages/airflow/example_dags/example_branch_python_dop_operator_3.py
[2025-02-06T08:58:14.024+0000] {logging_mixin.py:190} INFO - [2025-02-06T08:58:14.024+0000] {dag.py:3239} INFO - Sync 1 DAGs
[2025-02-06T08:58:14.045+0000] {logging_mixin.py:190} INFO - [2025-02-06T08:58:14.045+0000] {dag.py:4180} INFO - Setting next_dagrun for example_branch_dop_operator_v3 to 2025-02-06 08:57:00+00:00, run_after=2025-02-06 08:58:00+00:00
[2025-02-06T08:58:14.106+0000] {processor.py:208} INFO - Processing /opt/conda/lib/python3.12/site-packages/airflow/example_dags/example_branch_python_dop_operator_3.py took 0.117 seconds
[2025-02-06T09:05:59.234+0000] {processor.py:186} INFO - Started process (PID=211) to work on /opt/conda/lib/python3.12/site-packages/airflow/example_dags/example_branch_python_dop_operator_3.py
[2025-02-06T09:05:59.235+0000] {processor.py:914} INFO - Processing file /opt/conda/lib/python3.12/site-packages/airflow/example_dags/example_branch_python_dop_operator_3.py for tasks to queue
[2025-02-06T09:05:59.236+0000] {logging_mixin.py:190} INFO - [2025-02-06T09:05:59.236+0000] {dagbag.py:588} INFO - Filling up the DagBag from /opt/conda/lib/python3.12/site-packages/airflow/example_dags/example_branch_python_dop_operator_3.py
[2025-02-06T09:05:59.244+0000] {processor.py:925} INFO - DAG(s) 'example_branch_dop_operator_v3' retrieved from /opt/conda/lib/python3.12/site-packages/airflow/example_dags/example_branch_python_dop_operator_3.py
[2025-02-06T09:05:59.264+0000] {logging_mixin.py:190} INFO - [2025-02-06T09:05:59.264+0000] {dag.py:3239} INFO - Sync 1 DAGs
[2025-02-06T09:05:59.285+0000] {logging_mixin.py:190} INFO - [2025-02-06T09:05:59.285+0000] {dag.py:4180} INFO - Setting next_dagrun for example_branch_dop_operator_v3 to 2025-02-06 09:04:00+00:00, run_after=2025-02-06 09:05:00+00:00
[2025-02-06T09:05:59.344+0000] {processor.py:208} INFO - Processing /opt/conda/lib/python3.12/site-packages/airflow/example_dags/example_branch_python_dop_operator_3.py took 0.114 seconds
[2025-02-06T09:09:03.010+0000] {processor.py:186} INFO - Started process (PID=553) to work on /opt/conda/lib/python3.12/site-packages/airflow/example_dags/example_branch_python_dop_operator_3.py
[2025-02-06T09:09:03.011+0000] {processor.py:914} INFO - Processing file /opt/conda/lib/python3.12/site-packages/airflow/example_dags/example_branch_python_dop_operator_3.py for tasks to queue
[2025-02-06T09:09:03.013+0000] {logging_mixin.py:190} INFO - [2025-02-06T09:09:03.013+0000] {dagbag.py:588} INFO - Filling up the DagBag from /opt/conda/lib/python3.12/site-packages/airflow/example_dags/example_branch_python_dop_operator_3.py
[2025-02-06T09:09:03.022+0000] {processor.py:925} INFO - DAG(s) 'example_branch_dop_operator_v3' retrieved from /opt/conda/lib/python3.12/site-packages/airflow/example_dags/example_branch_python_dop_operator_3.py
[2025-02-06T09:09:03.054+0000] {logging_mixin.py:190} INFO - [2025-02-06T09:09:03.053+0000] {dag.py:3239} INFO - Sync 1 DAGs
[2025-02-06T09:09:03.083+0000] {logging_mixin.py:190} INFO - [2025-02-06T09:09:03.083+0000] {dag.py:4180} INFO - Setting next_dagrun for example_branch_dop_operator_v3 to 2025-02-06 09:08:00+00:00, run_after=2025-02-06 09:09:00+00:00
[2025-02-06T09:09:03.143+0000] {processor.py:208} INFO - Processing /opt/conda/lib/python3.12/site-packages/airflow/example_dags/example_branch_python_dop_operator_3.py took 0.138 seconds
[2025-02-06T09:13:41.708+0000] {processor.py:186} INFO - Started process (PID=1075) to work on /opt/conda/lib/python3.12/site-packages/airflow/example_dags/example_branch_python_dop_operator_3.py
[2025-02-06T09:13:41.710+0000] {processor.py:914} INFO - Processing file /opt/conda/lib/python3.12/site-packages/airflow/example_dags/example_branch_python_dop_operator_3.py for tasks to queue
[2025-02-06T09:13:41.711+0000] {logging_mixin.py:190} INFO - [2025-02-06T09:13:41.711+0000] {dagbag.py:588} INFO - Filling up the DagBag from /opt/conda/lib/python3.12/site-packages/airflow/example_dags/example_branch_python_dop_operator_3.py
[2025-02-06T09:13:41.718+0000] {processor.py:925} INFO - DAG(s) 'example_branch_dop_operator_v3' retrieved from /opt/conda/lib/python3.12/site-packages/airflow/example_dags/example_branch_python_dop_operator_3.py
[2025-02-06T09:13:41.743+0000] {logging_mixin.py:190} INFO - [2025-02-06T09:13:41.743+0000] {dag.py:3239} INFO - Sync 1 DAGs
[2025-02-06T09:13:41.772+0000] {logging_mixin.py:190} INFO - [2025-02-06T09:13:41.772+0000] {dag.py:4180} INFO - Setting next_dagrun for example_branch_dop_operator_v3 to 2025-02-06 09:12:00+00:00, run_after=2025-02-06 09:13:00+00:00
[2025-02-06T09:13:41.831+0000] {processor.py:208} INFO - Processing /opt/conda/lib/python3.12/site-packages/airflow/example_dags/example_branch_python_dop_operator_3.py took 0.126 seconds
[2025-02-06T09:18:08.820+0000] {processor.py:186} INFO - Started process (PID=1575) to work on /opt/conda/lib/python3.12/site-packages/airflow/example_dags/example_branch_python_dop_operator_3.py
[2025-02-06T09:18:08.821+0000] {processor.py:914} INFO - Processing file /opt/conda/lib/python3.12/site-packages/airflow/example_dags/example_branch_python_dop_operator_3.py for tasks to queue
[2025-02-06T09:18:08.823+0000] {logging_mixin.py:190} INFO - [2025-02-06T09:18:08.823+0000] {dagbag.py:588} INFO - Filling up the DagBag from /opt/conda/lib/python3.12/site-packages/airflow/example_dags/example_branch_python_dop_operator_3.py
[2025-02-06T09:18:08.830+0000] {processor.py:925} INFO - DAG(s) 'example_branch_dop_operator_v3' retrieved from /opt/conda/lib/python3.12/site-packages/airflow/example_dags/example_branch_python_dop_operator_3.py
[2025-02-06T09:18:08.853+0000] {logging_mixin.py:190} INFO - [2025-02-06T09:18:08.852+0000] {dag.py:3239} INFO - Sync 1 DAGs
[2025-02-06T09:18:08.959+0000] {logging_mixin.py:190} INFO - [2025-02-06T09:18:08.958+0000] {dag.py:4180} INFO - Setting next_dagrun for example_branch_dop_operator_v3 to 2025-02-06 09:17:00+00:00, run_after=2025-02-06 09:18:00+00:00
[2025-02-06T09:18:09.021+0000] {processor.py:208} INFO - Processing /opt/conda/lib/python3.12/site-packages/airflow/example_dags/example_branch_python_dop_operator_3.py took 0.205 seconds
[2025-02-06T09:23:40.353+0000] {processor.py:186} INFO - Started process (PID=2125) to work on /opt/conda/lib/python3.12/site-packages/airflow/example_dags/example_branch_python_dop_operator_3.py
[2025-02-06T09:23:40.355+0000] {processor.py:914} INFO - Processing file /opt/conda/lib/python3.12/site-packages/airflow/example_dags/example_branch_python_dop_operator_3.py for tasks to queue
[2025-02-06T09:23:40.356+0000] {logging_mixin.py:190} INFO - [2025-02-06T09:23:40.356+0000] {dagbag.py:588} INFO - Filling up the DagBag from /opt/conda/lib/python3.12/site-packages/airflow/example_dags/example_branch_python_dop_operator_3.py
[2025-02-06T09:23:40.365+0000] {processor.py:925} INFO - DAG(s) 'example_branch_dop_operator_v3' retrieved from /opt/conda/lib/python3.12/site-packages/airflow/example_dags/example_branch_python_dop_operator_3.py
[2025-02-06T09:23:40.386+0000] {logging_mixin.py:190} INFO - [2025-02-06T09:23:40.386+0000] {dag.py:3239} INFO - Sync 1 DAGs
[2025-02-06T09:23:40.411+0000] {logging_mixin.py:190} INFO - [2025-02-06T09:23:40.411+0000] {dag.py:4180} INFO - Setting next_dagrun for example_branch_dop_operator_v3 to 2025-02-06 09:22:00+00:00, run_after=2025-02-06 09:23:00+00:00
[2025-02-06T09:23:40.466+0000] {processor.py:208} INFO - Processing /opt/conda/lib/python3.12/site-packages/airflow/example_dags/example_branch_python_dop_operator_3.py took 0.118 seconds
[2025-02-06T09:27:04.937+0000] {processor.py:186} INFO - Started process (PID=313) to work on /opt/conda/lib/python3.12/site-packages/airflow/example_dags/example_branch_python_dop_operator_3.py
[2025-02-06T09:27:04.938+0000] {processor.py:914} INFO - Processing file /opt/conda/lib/python3.12/site-packages/airflow/example_dags/example_branch_python_dop_operator_3.py for tasks to queue
[2025-02-06T09:27:04.940+0000] {logging_mixin.py:190} INFO - [2025-02-06T09:27:04.940+0000] {dagbag.py:588} INFO - Filling up the DagBag from /opt/conda/lib/python3.12/site-packages/airflow/example_dags/example_branch_python_dop_operator_3.py
[2025-02-06T09:27:04.954+0000] {processor.py:925} INFO - DAG(s) 'example_branch_dop_operator_v3' retrieved from /opt/conda/lib/python3.12/site-packages/airflow/example_dags/example_branch_python_dop_operator_3.py
[2025-02-06T09:27:04.980+0000] {logging_mixin.py:190} INFO - [2025-02-06T09:27:04.980+0000] {dag.py:3239} INFO - Sync 1 DAGs
[2025-02-06T09:27:05.009+0000] {logging_mixin.py:190} INFO - [2025-02-06T09:27:05.008+0000] {dag.py:4180} INFO - Setting next_dagrun for example_branch_dop_operator_v3 to 2025-02-06 09:26:00+00:00, run_after=2025-02-06 09:27:00+00:00
[2025-02-06T09:27:05.067+0000] {processor.py:208} INFO - Processing /opt/conda/lib/python3.12/site-packages/airflow/example_dags/example_branch_python_dop_operator_3.py took 0.137 seconds
[2025-02-06T09:33:38.762+0000] {processor.py:186} INFO - Started process (PID=516) to work on /opt/conda/lib/python3.12/site-packages/airflow/example_dags/example_branch_python_dop_operator_3.py
[2025-02-06T09:33:38.763+0000] {processor.py:914} INFO - Processing file /opt/conda/lib/python3.12/site-packages/airflow/example_dags/example_branch_python_dop_operator_3.py for tasks to queue
[2025-02-06T09:33:38.765+0000] {logging_mixin.py:190} INFO - [2025-02-06T09:33:38.765+0000] {dagbag.py:588} INFO - Filling up the DagBag from /opt/conda/lib/python3.12/site-packages/airflow/example_dags/example_branch_python_dop_operator_3.py
[2025-02-06T09:33:38.772+0000] {processor.py:925} INFO - DAG(s) 'example_branch_dop_operator_v3' retrieved from /opt/conda/lib/python3.12/site-packages/airflow/example_dags/example_branch_python_dop_operator_3.py
[2025-02-06T09:33:38.790+0000] {logging_mixin.py:190} INFO - [2025-02-06T09:33:38.789+0000] {dag.py:3239} INFO - Sync 1 DAGs
[2025-02-06T09:33:38.815+0000] {logging_mixin.py:190} INFO - [2025-02-06T09:33:38.814+0000] {dag.py:4180} INFO - Setting next_dagrun for example_branch_dop_operator_v3 to 2025-02-06 09:32:00+00:00, run_after=2025-02-06 09:33:00+00:00
[2025-02-06T09:33:38.867+0000] {processor.py:208} INFO - Processing /opt/conda/lib/python3.12/site-packages/airflow/example_dags/example_branch_python_dop_operator_3.py took 0.108 seconds
[2025-02-06T09:39:04.828+0000] {processor.py:186} INFO - Started process (PID=1102) to work on /opt/conda/lib/python3.12/site-packages/airflow/example_dags/example_branch_python_dop_operator_3.py
[2025-02-06T09:39:04.829+0000] {processor.py:914} INFO - Processing file /opt/conda/lib/python3.12/site-packages/airflow/example_dags/example_branch_python_dop_operator_3.py for tasks to queue
[2025-02-06T09:39:04.832+0000] {logging_mixin.py:190} INFO - [2025-02-06T09:39:04.831+0000] {dagbag.py:588} INFO - Filling up the DagBag from /opt/conda/lib/python3.12/site-packages/airflow/example_dags/example_branch_python_dop_operator_3.py
[2025-02-06T09:39:04.845+0000] {processor.py:925} INFO - DAG(s) 'example_branch_dop_operator_v3' retrieved from /opt/conda/lib/python3.12/site-packages/airflow/example_dags/example_branch_python_dop_operator_3.py
[2025-02-06T09:39:04.877+0000] {logging_mixin.py:190} INFO - [2025-02-06T09:39:04.876+0000] {dag.py:3239} INFO - Sync 1 DAGs
[2025-02-06T09:39:04.913+0000] {logging_mixin.py:190} INFO - [2025-02-06T09:39:04.913+0000] {dag.py:4180} INFO - Setting next_dagrun for example_branch_dop_operator_v3 to 2025-02-06 09:38:00+00:00, run_after=2025-02-06 09:39:00+00:00
[2025-02-06T09:39:04.988+0000] {processor.py:208} INFO - Processing /opt/conda/lib/python3.12/site-packages/airflow/example_dags/example_branch_python_dop_operator_3.py took 0.169 seconds
[2025-02-06T09:43:02.840+0000] {processor.py:186} INFO - Started process (PID=1500) to work on /opt/conda/lib/python3.12/site-packages/airflow/example_dags/example_branch_python_dop_operator_3.py
[2025-02-06T09:43:02.841+0000] {processor.py:914} INFO - Processing file /opt/conda/lib/python3.12/site-packages/airflow/example_dags/example_branch_python_dop_operator_3.py for tasks to queue
[2025-02-06T09:43:02.844+0000] {logging_mixin.py:190} INFO - [2025-02-06T09:43:02.843+0000] {dagbag.py:588} INFO - Filling up the DagBag from /opt/conda/lib/python3.12/site-packages/airflow/example_dags/example_branch_python_dop_operator_3.py
[2025-02-06T09:43:02.851+0000] {processor.py:925} INFO - DAG(s) 'example_branch_dop_operator_v3' retrieved from /opt/conda/lib/python3.12/site-packages/airflow/example_dags/example_branch_python_dop_operator_3.py
[2025-02-06T09:43:02.878+0000] {logging_mixin.py:190} INFO - [2025-02-06T09:43:02.878+0000] {dag.py:3239} INFO - Sync 1 DAGs
[2025-02-06T09:43:02.906+0000] {logging_mixin.py:190} INFO - [2025-02-06T09:43:02.906+0000] {dag.py:4180} INFO - Setting next_dagrun for example_branch_dop_operator_v3 to 2025-02-06 09:42:00+00:00, run_after=2025-02-06 09:43:00+00:00
[2025-02-06T09:43:02.960+0000] {processor.py:208} INFO - Processing /opt/conda/lib/python3.12/site-packages/airflow/example_dags/example_branch_python_dop_operator_3.py took 0.124 seconds
[2025-02-06T09:51:07.500+0000] {processor.py:186} INFO - Started process (PID=499) to work on /opt/conda/lib/python3.12/site-packages/airflow/example_dags/example_branch_python_dop_operator_3.py
[2025-02-06T09:51:07.502+0000] {processor.py:914} INFO - Processing file /opt/conda/lib/python3.12/site-packages/airflow/example_dags/example_branch_python_dop_operator_3.py for tasks to queue
[2025-02-06T09:51:07.504+0000] {logging_mixin.py:190} INFO - [2025-02-06T09:51:07.503+0000] {dagbag.py:588} INFO - Filling up the DagBag from /opt/conda/lib/python3.12/site-packages/airflow/example_dags/example_branch_python_dop_operator_3.py
[2025-02-06T09:51:07.512+0000] {processor.py:925} INFO - DAG(s) 'example_branch_dop_operator_v3' retrieved from /opt/conda/lib/python3.12/site-packages/airflow/example_dags/example_branch_python_dop_operator_3.py
[2025-02-06T09:51:07.537+0000] {logging_mixin.py:190} INFO - [2025-02-06T09:51:07.537+0000] {dag.py:3239} INFO - Sync 1 DAGs
[2025-02-06T09:51:07.563+0000] {logging_mixin.py:190} INFO - [2025-02-06T09:51:07.563+0000] {dag.py:4180} INFO - Setting next_dagrun for example_branch_dop_operator_v3 to 2025-02-06 09:50:00+00:00, run_after=2025-02-06 09:51:00+00:00
[2025-02-06T09:51:07.632+0000] {processor.py:208} INFO - Processing /opt/conda/lib/python3.12/site-packages/airflow/example_dags/example_branch_python_dop_operator_3.py took 0.136 seconds
[2025-02-06T09:56:23.656+0000] {processor.py:186} INFO - Started process (PID=1068) to work on /opt/conda/lib/python3.12/site-packages/airflow/example_dags/example_branch_python_dop_operator_3.py
[2025-02-06T09:56:23.657+0000] {processor.py:914} INFO - Processing file /opt/conda/lib/python3.12/site-packages/airflow/example_dags/example_branch_python_dop_operator_3.py for tasks to queue
[2025-02-06T09:56:23.659+0000] {logging_mixin.py:190} INFO - [2025-02-06T09:56:23.658+0000] {dagbag.py:588} INFO - Filling up the DagBag from /opt/conda/lib/python3.12/site-packages/airflow/example_dags/example_branch_python_dop_operator_3.py
[2025-02-06T09:56:23.667+0000] {processor.py:925} INFO - DAG(s) 'example_branch_dop_operator_v3' retrieved from /opt/conda/lib/python3.12/site-packages/airflow/example_dags/example_branch_python_dop_operator_3.py
[2025-02-06T09:56:23.688+0000] {logging_mixin.py:190} INFO - [2025-02-06T09:56:23.687+0000] {dag.py:3239} INFO - Sync 1 DAGs
[2025-02-06T09:56:23.709+0000] {logging_mixin.py:190} INFO - [2025-02-06T09:56:23.709+0000] {dag.py:4180} INFO - Setting next_dagrun for example_branch_dop_operator_v3 to 2025-02-06 09:55:00+00:00, run_after=2025-02-06 09:56:00+00:00
[2025-02-06T09:56:23.759+0000] {processor.py:208} INFO - Processing /opt/conda/lib/python3.12/site-packages/airflow/example_dags/example_branch_python_dop_operator_3.py took 0.106 seconds
[2025-02-06T10:05:13.128+0000] {processor.py:186} INFO - Started process (PID=2010) to work on /opt/conda/lib/python3.12/site-packages/airflow/example_dags/example_branch_python_dop_operator_3.py
[2025-02-06T10:05:13.129+0000] {processor.py:914} INFO - Processing file /opt/conda/lib/python3.12/site-packages/airflow/example_dags/example_branch_python_dop_operator_3.py for tasks to queue
[2025-02-06T10:05:13.133+0000] {logging_mixin.py:190} INFO - [2025-02-06T10:05:13.131+0000] {dagbag.py:588} INFO - Filling up the DagBag from /opt/conda/lib/python3.12/site-packages/airflow/example_dags/example_branch_python_dop_operator_3.py
[2025-02-06T10:05:13.142+0000] {processor.py:925} INFO - DAG(s) 'example_branch_dop_operator_v3' retrieved from /opt/conda/lib/python3.12/site-packages/airflow/example_dags/example_branch_python_dop_operator_3.py
[2025-02-06T10:05:13.175+0000] {logging_mixin.py:190} INFO - [2025-02-06T10:05:13.175+0000] {dag.py:3239} INFO - Sync 1 DAGs
[2025-02-06T10:05:13.215+0000] {logging_mixin.py:190} INFO - [2025-02-06T10:05:13.215+0000] {dag.py:4180} INFO - Setting next_dagrun for example_branch_dop_operator_v3 to 2025-02-06 10:04:00+00:00, run_after=2025-02-06 10:05:00+00:00
[2025-02-06T10:05:13.301+0000] {processor.py:208} INFO - Processing /opt/conda/lib/python3.12/site-packages/airflow/example_dags/example_branch_python_dop_operator_3.py took 0.178 seconds
[2025-02-06T10:09:22.587+0000] {processor.py:186} INFO - Started process (PID=2383) to work on /opt/conda/lib/python3.12/site-packages/airflow/example_dags/example_branch_python_dop_operator_3.py
[2025-02-06T10:09:22.589+0000] {processor.py:914} INFO - Processing file /opt/conda/lib/python3.12/site-packages/airflow/example_dags/example_branch_python_dop_operator_3.py for tasks to queue
[2025-02-06T10:09:22.590+0000] {logging_mixin.py:190} INFO - [2025-02-06T10:09:22.590+0000] {dagbag.py:588} INFO - Filling up the DagBag from /opt/conda/lib/python3.12/site-packages/airflow/example_dags/example_branch_python_dop_operator_3.py
[2025-02-06T10:09:22.605+0000] {processor.py:925} INFO - DAG(s) 'example_branch_dop_operator_v3' retrieved from /opt/conda/lib/python3.12/site-packages/airflow/example_dags/example_branch_python_dop_operator_3.py
[2025-02-06T10:09:22.639+0000] {logging_mixin.py:190} INFO - [2025-02-06T10:09:22.639+0000] {dag.py:3239} INFO - Sync 1 DAGs
[2025-02-06T10:09:22.672+0000] {logging_mixin.py:190} INFO - [2025-02-06T10:09:22.671+0000] {dag.py:4180} INFO - Setting next_dagrun for example_branch_dop_operator_v3 to 2025-02-06 10:08:00+00:00, run_after=2025-02-06 10:09:00+00:00
[2025-02-06T10:09:22.875+0000] {processor.py:208} INFO - Processing /opt/conda/lib/python3.12/site-packages/airflow/example_dags/example_branch_python_dop_operator_3.py took 0.296 seconds
[2025-02-06T10:16:07.070+0000] {processor.py:186} INFO - Started process (PID=3078) to work on /opt/conda/lib/python3.12/site-packages/airflow/example_dags/example_branch_python_dop_operator_3.py
[2025-02-06T10:16:07.072+0000] {processor.py:914} INFO - Processing file /opt/conda/lib/python3.12/site-packages/airflow/example_dags/example_branch_python_dop_operator_3.py for tasks to queue
[2025-02-06T10:16:07.074+0000] {logging_mixin.py:190} INFO - [2025-02-06T10:16:07.073+0000] {dagbag.py:588} INFO - Filling up the DagBag from /opt/conda/lib/python3.12/site-packages/airflow/example_dags/example_branch_python_dop_operator_3.py
[2025-02-06T10:16:07.083+0000] {processor.py:925} INFO - DAG(s) 'example_branch_dop_operator_v3' retrieved from /opt/conda/lib/python3.12/site-packages/airflow/example_dags/example_branch_python_dop_operator_3.py
[2025-02-06T10:16:07.109+0000] {logging_mixin.py:190} INFO - [2025-02-06T10:16:07.108+0000] {dag.py:3239} INFO - Sync 1 DAGs
[2025-02-06T10:16:07.137+0000] {logging_mixin.py:190} INFO - [2025-02-06T10:16:07.136+0000] {dag.py:4180} INFO - Setting next_dagrun for example_branch_dop_operator_v3 to 2025-02-06 10:15:00+00:00, run_after=2025-02-06 10:16:00+00:00
[2025-02-06T10:16:07.200+0000] {processor.py:208} INFO - Processing /opt/conda/lib/python3.12/site-packages/airflow/example_dags/example_branch_python_dop_operator_3.py took 0.135 seconds
[2025-02-06T10:22:02.150+0000] {processor.py:186} INFO - Started process (PID=3693) to work on /opt/conda/lib/python3.12/site-packages/airflow/example_dags/example_branch_python_dop_operator_3.py
[2025-02-06T10:22:02.152+0000] {processor.py:914} INFO - Processing file /opt/conda/lib/python3.12/site-packages/airflow/example_dags/example_branch_python_dop_operator_3.py for tasks to queue
[2025-02-06T10:22:02.153+0000] {logging_mixin.py:190} INFO - [2025-02-06T10:22:02.153+0000] {dagbag.py:588} INFO - Filling up the DagBag from /opt/conda/lib/python3.12/site-packages/airflow/example_dags/example_branch_python_dop_operator_3.py
[2025-02-06T10:22:02.163+0000] {processor.py:925} INFO - DAG(s) 'example_branch_dop_operator_v3' retrieved from /opt/conda/lib/python3.12/site-packages/airflow/example_dags/example_branch_python_dop_operator_3.py
[2025-02-06T10:22:02.187+0000] {logging_mixin.py:190} INFO - [2025-02-06T10:22:02.186+0000] {dag.py:3239} INFO - Sync 1 DAGs
[2025-02-06T10:22:02.219+0000] {logging_mixin.py:190} INFO - [2025-02-06T10:22:02.218+0000] {dag.py:4180} INFO - Setting next_dagrun for example_branch_dop_operator_v3 to 2025-02-06 10:21:00+00:00, run_after=2025-02-06 10:22:00+00:00
[2025-02-06T10:22:02.286+0000] {processor.py:208} INFO - Processing /opt/conda/lib/python3.12/site-packages/airflow/example_dags/example_branch_python_dop_operator_3.py took 0.141 seconds
[2025-02-06T10:24:27.678+0000] {processor.py:186} INFO - Started process (PID=3907) to work on /opt/conda/lib/python3.12/site-packages/airflow/example_dags/example_branch_python_dop_operator_3.py
[2025-02-06T10:24:27.681+0000] {processor.py:914} INFO - Processing file /opt/conda/lib/python3.12/site-packages/airflow/example_dags/example_branch_python_dop_operator_3.py for tasks to queue
[2025-02-06T10:24:27.683+0000] {logging_mixin.py:190} INFO - [2025-02-06T10:24:27.683+0000] {dagbag.py:588} INFO - Filling up the DagBag from /opt/conda/lib/python3.12/site-packages/airflow/example_dags/example_branch_python_dop_operator_3.py
[2025-02-06T10:24:27.698+0000] {processor.py:925} INFO - DAG(s) 'example_branch_dop_operator_v3' retrieved from /opt/conda/lib/python3.12/site-packages/airflow/example_dags/example_branch_python_dop_operator_3.py
[2025-02-06T10:24:27.727+0000] {logging_mixin.py:190} INFO - [2025-02-06T10:24:27.727+0000] {dag.py:3239} INFO - Sync 1 DAGs
[2025-02-06T10:24:27.758+0000] {logging_mixin.py:190} INFO - [2025-02-06T10:24:27.758+0000] {dag.py:4180} INFO - Setting next_dagrun for example_branch_dop_operator_v3 to 2025-02-06 10:23:00+00:00, run_after=2025-02-06 10:24:00+00:00
[2025-02-06T10:24:27.836+0000] {processor.py:208} INFO - Processing /opt/conda/lib/python3.12/site-packages/airflow/example_dags/example_branch_python_dop_operator_3.py took 0.166 seconds
[2025-02-06T11:42:36.198+0000] {processor.py:186} INFO - Started process (PID=948) to work on /opt/conda/lib/python3.12/site-packages/airflow/example_dags/example_branch_python_dop_operator_3.py
[2025-02-06T11:42:36.201+0000] {processor.py:914} INFO - Processing file /opt/conda/lib/python3.12/site-packages/airflow/example_dags/example_branch_python_dop_operator_3.py for tasks to queue
[2025-02-06T11:42:36.204+0000] {logging_mixin.py:190} INFO - [2025-02-06T11:42:36.203+0000] {dagbag.py:588} INFO - Filling up the DagBag from /opt/conda/lib/python3.12/site-packages/airflow/example_dags/example_branch_python_dop_operator_3.py
[2025-02-06T11:42:36.216+0000] {processor.py:925} INFO - DAG(s) 'example_branch_dop_operator_v3' retrieved from /opt/conda/lib/python3.12/site-packages/airflow/example_dags/example_branch_python_dop_operator_3.py
[2025-02-06T11:42:36.257+0000] {logging_mixin.py:190} INFO - [2025-02-06T11:42:36.257+0000] {dag.py:3239} INFO - Sync 1 DAGs
[2025-02-06T11:42:36.297+0000] {logging_mixin.py:190} INFO - [2025-02-06T11:42:36.297+0000] {dag.py:4180} INFO - Setting next_dagrun for example_branch_dop_operator_v3 to 2025-02-06 11:41:00+00:00, run_after=2025-02-06 11:42:00+00:00
[2025-02-06T11:42:36.495+0000] {processor.py:208} INFO - Processing /opt/conda/lib/python3.12/site-packages/airflow/example_dags/example_branch_python_dop_operator_3.py took 0.303 seconds
[2025-02-06T11:47:13.766+0000] {processor.py:186} INFO - Started process (PID=1924) to work on /opt/conda/lib/python3.12/site-packages/airflow/example_dags/example_branch_python_dop_operator_3.py
[2025-02-06T11:47:13.768+0000] {processor.py:914} INFO - Processing file /opt/conda/lib/python3.12/site-packages/airflow/example_dags/example_branch_python_dop_operator_3.py for tasks to queue
[2025-02-06T11:47:13.773+0000] {logging_mixin.py:190} INFO - [2025-02-06T11:47:13.771+0000] {dagbag.py:588} INFO - Filling up the DagBag from /opt/conda/lib/python3.12/site-packages/airflow/example_dags/example_branch_python_dop_operator_3.py
[2025-02-06T11:47:13.789+0000] {processor.py:925} INFO - DAG(s) 'example_branch_dop_operator_v3' retrieved from /opt/conda/lib/python3.12/site-packages/airflow/example_dags/example_branch_python_dop_operator_3.py
[2025-02-06T11:47:13.834+0000] {logging_mixin.py:190} INFO - [2025-02-06T11:47:13.834+0000] {dag.py:3239} INFO - Sync 1 DAGs
[2025-02-06T11:47:13.879+0000] {logging_mixin.py:190} INFO - [2025-02-06T11:47:13.879+0000] {dag.py:4180} INFO - Setting next_dagrun for example_branch_dop_operator_v3 to 2025-02-06 11:46:00+00:00, run_after=2025-02-06 11:47:00+00:00
[2025-02-06T11:47:13.978+0000] {processor.py:208} INFO - Processing /opt/conda/lib/python3.12/site-packages/airflow/example_dags/example_branch_python_dop_operator_3.py took 0.220 seconds
[2025-02-06T12:06:04.332+0000] {processor.py:186} INFO - Started process (PID=966) to work on /opt/conda/lib/python3.12/site-packages/airflow/example_dags/example_branch_python_dop_operator_3.py
[2025-02-06T12:06:04.333+0000] {processor.py:914} INFO - Processing file /opt/conda/lib/python3.12/site-packages/airflow/example_dags/example_branch_python_dop_operator_3.py for tasks to queue
[2025-02-06T12:06:04.335+0000] {logging_mixin.py:190} INFO - [2025-02-06T12:06:04.335+0000] {dagbag.py:588} INFO - Filling up the DagBag from /opt/conda/lib/python3.12/site-packages/airflow/example_dags/example_branch_python_dop_operator_3.py
[2025-02-06T12:06:04.343+0000] {processor.py:925} INFO - DAG(s) 'example_branch_dop_operator_v3' retrieved from /opt/conda/lib/python3.12/site-packages/airflow/example_dags/example_branch_python_dop_operator_3.py
[2025-02-06T12:06:04.363+0000] {logging_mixin.py:190} INFO - [2025-02-06T12:06:04.363+0000] {dag.py:3239} INFO - Sync 1 DAGs
[2025-02-06T12:06:04.384+0000] {logging_mixin.py:190} INFO - [2025-02-06T12:06:04.384+0000] {dag.py:4180} INFO - Setting next_dagrun for example_branch_dop_operator_v3 to 2025-02-06 12:05:00+00:00, run_after=2025-02-06 12:06:00+00:00
[2025-02-06T12:06:04.446+0000] {processor.py:208} INFO - Processing /opt/conda/lib/python3.12/site-packages/airflow/example_dags/example_branch_python_dop_operator_3.py took 0.118 seconds
[2025-02-06T12:25:14.090+0000] {processor.py:186} INFO - Started process (PID=1503) to work on /opt/conda/lib/python3.12/site-packages/airflow/example_dags/example_branch_python_dop_operator_3.py
[2025-02-06T12:25:14.091+0000] {processor.py:914} INFO - Processing file /opt/conda/lib/python3.12/site-packages/airflow/example_dags/example_branch_python_dop_operator_3.py for tasks to queue
[2025-02-06T12:25:14.093+0000] {logging_mixin.py:190} INFO - [2025-02-06T12:25:14.093+0000] {dagbag.py:588} INFO - Filling up the DagBag from /opt/conda/lib/python3.12/site-packages/airflow/example_dags/example_branch_python_dop_operator_3.py
[2025-02-06T12:25:14.100+0000] {processor.py:925} INFO - DAG(s) 'example_branch_dop_operator_v3' retrieved from /opt/conda/lib/python3.12/site-packages/airflow/example_dags/example_branch_python_dop_operator_3.py
[2025-02-06T12:25:14.117+0000] {logging_mixin.py:190} INFO - [2025-02-06T12:25:14.117+0000] {dag.py:3239} INFO - Sync 1 DAGs
[2025-02-06T12:25:14.136+0000] {logging_mixin.py:190} INFO - [2025-02-06T12:25:14.136+0000] {dag.py:4180} INFO - Setting next_dagrun for example_branch_dop_operator_v3 to 2025-02-06 12:24:00+00:00, run_after=2025-02-06 12:25:00+00:00
[2025-02-06T12:25:14.192+0000] {processor.py:208} INFO - Processing /opt/conda/lib/python3.12/site-packages/airflow/example_dags/example_branch_python_dop_operator_3.py took 0.105 seconds
[2025-02-06T12:29:05.299+0000] {processor.py:186} INFO - Started process (PID=3402) to work on /opt/conda/lib/python3.12/site-packages/airflow/example_dags/example_branch_python_dop_operator_3.py
[2025-02-06T12:29:05.299+0000] {processor.py:914} INFO - Processing file /opt/conda/lib/python3.12/site-packages/airflow/example_dags/example_branch_python_dop_operator_3.py for tasks to queue
[2025-02-06T12:29:05.301+0000] {logging_mixin.py:190} INFO - [2025-02-06T12:29:05.301+0000] {dagbag.py:588} INFO - Filling up the DagBag from /opt/conda/lib/python3.12/site-packages/airflow/example_dags/example_branch_python_dop_operator_3.py
[2025-02-06T12:29:05.309+0000] {processor.py:925} INFO - DAG(s) 'example_branch_dop_operator_v3' retrieved from /opt/conda/lib/python3.12/site-packages/airflow/example_dags/example_branch_python_dop_operator_3.py
[2025-02-06T12:29:05.328+0000] {logging_mixin.py:190} INFO - [2025-02-06T12:29:05.328+0000] {dag.py:3239} INFO - Sync 1 DAGs
[2025-02-06T12:29:05.348+0000] {logging_mixin.py:190} INFO - [2025-02-06T12:29:05.348+0000] {dag.py:4180} INFO - Setting next_dagrun for example_branch_dop_operator_v3 to 2025-02-06 12:28:00+00:00, run_after=2025-02-06 12:29:00+00:00
[2025-02-06T12:29:05.385+0000] {processor.py:208} INFO - Processing /opt/conda/lib/python3.12/site-packages/airflow/example_dags/example_branch_python_dop_operator_3.py took 0.090 seconds
[2025-02-06T12:32:55.689+0000] {processor.py:186} INFO - Started process (PID=5415) to work on /opt/conda/lib/python3.12/site-packages/airflow/example_dags/example_branch_python_dop_operator_3.py
[2025-02-06T12:32:55.690+0000] {processor.py:914} INFO - Processing file /opt/conda/lib/python3.12/site-packages/airflow/example_dags/example_branch_python_dop_operator_3.py for tasks to queue
[2025-02-06T12:32:55.693+0000] {logging_mixin.py:190} INFO - [2025-02-06T12:32:55.693+0000] {dagbag.py:588} INFO - Filling up the DagBag from /opt/conda/lib/python3.12/site-packages/airflow/example_dags/example_branch_python_dop_operator_3.py
[2025-02-06T12:32:55.701+0000] {processor.py:925} INFO - DAG(s) 'example_branch_dop_operator_v3' retrieved from /opt/conda/lib/python3.12/site-packages/airflow/example_dags/example_branch_python_dop_operator_3.py
[2025-02-06T12:32:55.724+0000] {logging_mixin.py:190} INFO - [2025-02-06T12:32:55.724+0000] {dag.py:3239} INFO - Sync 1 DAGs
[2025-02-06T12:32:55.746+0000] {logging_mixin.py:190} INFO - [2025-02-06T12:32:55.746+0000] {dag.py:4180} INFO - Setting next_dagrun for example_branch_dop_operator_v3 to 2025-02-06 12:31:00+00:00, run_after=2025-02-06 12:32:00+00:00
[2025-02-06T12:32:55.797+0000] {processor.py:208} INFO - Processing /opt/conda/lib/python3.12/site-packages/airflow/example_dags/example_branch_python_dop_operator_3.py took 0.114 seconds
[2025-02-06T12:37:03.317+0000] {processor.py:186} INFO - Started process (PID=7518) to work on /opt/conda/lib/python3.12/site-packages/airflow/example_dags/example_branch_python_dop_operator_3.py
[2025-02-06T12:37:03.318+0000] {processor.py:914} INFO - Processing file /opt/conda/lib/python3.12/site-packages/airflow/example_dags/example_branch_python_dop_operator_3.py for tasks to queue
[2025-02-06T12:37:03.320+0000] {logging_mixin.py:190} INFO - [2025-02-06T12:37:03.319+0000] {dagbag.py:588} INFO - Filling up the DagBag from /opt/conda/lib/python3.12/site-packages/airflow/example_dags/example_branch_python_dop_operator_3.py
[2025-02-06T12:37:03.327+0000] {processor.py:925} INFO - DAG(s) 'example_branch_dop_operator_v3' retrieved from /opt/conda/lib/python3.12/site-packages/airflow/example_dags/example_branch_python_dop_operator_3.py
[2025-02-06T12:37:03.350+0000] {logging_mixin.py:190} INFO - [2025-02-06T12:37:03.350+0000] {dag.py:3239} INFO - Sync 1 DAGs
[2025-02-06T12:37:03.372+0000] {logging_mixin.py:190} INFO - [2025-02-06T12:37:03.372+0000] {dag.py:4180} INFO - Setting next_dagrun for example_branch_dop_operator_v3 to 2025-02-06 12:36:00+00:00, run_after=2025-02-06 12:37:00+00:00
[2025-02-06T12:37:03.527+0000] {processor.py:208} INFO - Processing /opt/conda/lib/python3.12/site-packages/airflow/example_dags/example_branch_python_dop_operator_3.py took 0.214 seconds
[2025-02-06T12:41:13.657+0000] {processor.py:186} INFO - Started process (PID=9657) to work on /opt/conda/lib/python3.12/site-packages/airflow/example_dags/example_branch_python_dop_operator_3.py
[2025-02-06T12:41:13.659+0000] {processor.py:914} INFO - Processing file /opt/conda/lib/python3.12/site-packages/airflow/example_dags/example_branch_python_dop_operator_3.py for tasks to queue
[2025-02-06T12:41:13.660+0000] {logging_mixin.py:190} INFO - [2025-02-06T12:41:13.660+0000] {dagbag.py:588} INFO - Filling up the DagBag from /opt/conda/lib/python3.12/site-packages/airflow/example_dags/example_branch_python_dop_operator_3.py
[2025-02-06T12:41:13.668+0000] {processor.py:925} INFO - DAG(s) 'example_branch_dop_operator_v3' retrieved from /opt/conda/lib/python3.12/site-packages/airflow/example_dags/example_branch_python_dop_operator_3.py
[2025-02-06T12:41:13.688+0000] {logging_mixin.py:190} INFO - [2025-02-06T12:41:13.687+0000] {dag.py:3239} INFO - Sync 1 DAGs
[2025-02-06T12:41:13.712+0000] {logging_mixin.py:190} INFO - [2025-02-06T12:41:13.712+0000] {dag.py:4180} INFO - Setting next_dagrun for example_branch_dop_operator_v3 to 2025-02-06 12:40:00+00:00, run_after=2025-02-06 12:41:00+00:00
[2025-02-06T12:41:13.760+0000] {processor.py:208} INFO - Processing /opt/conda/lib/python3.12/site-packages/airflow/example_dags/example_branch_python_dop_operator_3.py took 0.107 seconds
[2025-02-06T12:45:17.232+0000] {processor.py:186} INFO - Started process (PID=11739) to work on /opt/conda/lib/python3.12/site-packages/airflow/example_dags/example_branch_python_dop_operator_3.py
[2025-02-06T12:45:17.234+0000] {processor.py:914} INFO - Processing file /opt/conda/lib/python3.12/site-packages/airflow/example_dags/example_branch_python_dop_operator_3.py for tasks to queue
[2025-02-06T12:45:17.235+0000] {logging_mixin.py:190} INFO - [2025-02-06T12:45:17.235+0000] {dagbag.py:588} INFO - Filling up the DagBag from /opt/conda/lib/python3.12/site-packages/airflow/example_dags/example_branch_python_dop_operator_3.py
[2025-02-06T12:45:17.244+0000] {processor.py:925} INFO - DAG(s) 'example_branch_dop_operator_v3' retrieved from /opt/conda/lib/python3.12/site-packages/airflow/example_dags/example_branch_python_dop_operator_3.py
[2025-02-06T12:45:17.268+0000] {logging_mixin.py:190} INFO - [2025-02-06T12:45:17.268+0000] {dag.py:3239} INFO - Sync 1 DAGs
[2025-02-06T12:45:17.289+0000] {logging_mixin.py:190} INFO - [2025-02-06T12:45:17.289+0000] {dag.py:4180} INFO - Setting next_dagrun for example_branch_dop_operator_v3 to 2025-02-06 12:44:00+00:00, run_after=2025-02-06 12:45:00+00:00
[2025-02-06T12:45:17.347+0000] {processor.py:208} INFO - Processing /opt/conda/lib/python3.12/site-packages/airflow/example_dags/example_branch_python_dop_operator_3.py took 0.120 seconds
[2025-02-06T12:50:42.507+0000] {processor.py:186} INFO - Started process (PID=14217) to work on /opt/conda/lib/python3.12/site-packages/airflow/example_dags/example_branch_python_dop_operator_3.py
[2025-02-06T12:50:42.509+0000] {processor.py:914} INFO - Processing file /opt/conda/lib/python3.12/site-packages/airflow/example_dags/example_branch_python_dop_operator_3.py for tasks to queue
[2025-02-06T12:50:42.512+0000] {logging_mixin.py:190} INFO - [2025-02-06T12:50:42.512+0000] {dagbag.py:588} INFO - Filling up the DagBag from /opt/conda/lib/python3.12/site-packages/airflow/example_dags/example_branch_python_dop_operator_3.py
[2025-02-06T12:50:42.525+0000] {processor.py:925} INFO - DAG(s) 'example_branch_dop_operator_v3' retrieved from /opt/conda/lib/python3.12/site-packages/airflow/example_dags/example_branch_python_dop_operator_3.py
[2025-02-06T12:50:42.556+0000] {logging_mixin.py:190} INFO - [2025-02-06T12:50:42.555+0000] {dag.py:3239} INFO - Sync 1 DAGs
[2025-02-06T12:50:42.593+0000] {logging_mixin.py:190} INFO - [2025-02-06T12:50:42.592+0000] {dag.py:4180} INFO - Setting next_dagrun for example_branch_dop_operator_v3 to 2025-02-06 12:49:00+00:00, run_after=2025-02-06 12:50:00+00:00
[2025-02-06T12:50:42.705+0000] {processor.py:208} INFO - Processing /opt/conda/lib/python3.12/site-packages/airflow/example_dags/example_branch_python_dop_operator_3.py took 0.204 seconds
[2025-02-06T13:00:20.656+0000] {processor.py:186} INFO - Started process (PID=743) to work on /opt/conda/lib/python3.12/site-packages/airflow/example_dags/example_branch_python_dop_operator_3.py
[2025-02-06T13:00:20.657+0000] {processor.py:914} INFO - Processing file /opt/conda/lib/python3.12/site-packages/airflow/example_dags/example_branch_python_dop_operator_3.py for tasks to queue
[2025-02-06T13:00:20.662+0000] {logging_mixin.py:190} INFO - [2025-02-06T13:00:20.662+0000] {dagbag.py:588} INFO - Filling up the DagBag from /opt/conda/lib/python3.12/site-packages/airflow/example_dags/example_branch_python_dop_operator_3.py
[2025-02-06T13:00:20.672+0000] {processor.py:925} INFO - DAG(s) 'example_branch_dop_operator_v3' retrieved from /opt/conda/lib/python3.12/site-packages/airflow/example_dags/example_branch_python_dop_operator_3.py
[2025-02-06T13:00:20.706+0000] {logging_mixin.py:190} INFO - [2025-02-06T13:00:20.706+0000] {dag.py:3239} INFO - Sync 1 DAGs
[2025-02-06T13:00:20.744+0000] {logging_mixin.py:190} INFO - [2025-02-06T13:00:20.743+0000] {dag.py:4180} INFO - Setting next_dagrun for example_branch_dop_operator_v3 to 2025-02-06 12:59:00+00:00, run_after=2025-02-06 13:00:00+00:00
[2025-02-06T13:00:20.821+0000] {processor.py:208} INFO - Processing /opt/conda/lib/python3.12/site-packages/airflow/example_dags/example_branch_python_dop_operator_3.py took 0.169 seconds
[2025-02-06T13:03:20.723+0000] {processor.py:186} INFO - Started process (PID=1719) to work on /opt/conda/lib/python3.12/site-packages/airflow/example_dags/example_branch_python_dop_operator_3.py
[2025-02-06T13:03:20.724+0000] {processor.py:914} INFO - Processing file /opt/conda/lib/python3.12/site-packages/airflow/example_dags/example_branch_python_dop_operator_3.py for tasks to queue
[2025-02-06T13:03:20.729+0000] {logging_mixin.py:190} INFO - [2025-02-06T13:03:20.728+0000] {dagbag.py:588} INFO - Filling up the DagBag from /opt/conda/lib/python3.12/site-packages/airflow/example_dags/example_branch_python_dop_operator_3.py
[2025-02-06T13:03:20.740+0000] {processor.py:925} INFO - DAG(s) 'example_branch_dop_operator_v3' retrieved from /opt/conda/lib/python3.12/site-packages/airflow/example_dags/example_branch_python_dop_operator_3.py
[2025-02-06T13:03:20.767+0000] {logging_mixin.py:190} INFO - [2025-02-06T13:03:20.766+0000] {dag.py:3239} INFO - Sync 1 DAGs
[2025-02-06T13:03:20.793+0000] {logging_mixin.py:190} INFO - [2025-02-06T13:03:20.792+0000] {dag.py:4180} INFO - Setting next_dagrun for example_branch_dop_operator_v3 to 2025-02-06 13:02:00+00:00, run_after=2025-02-06 13:03:00+00:00
[2025-02-06T13:03:20.843+0000] {processor.py:208} INFO - Processing /opt/conda/lib/python3.12/site-packages/airflow/example_dags/example_branch_python_dop_operator_3.py took 0.129 seconds
[2025-02-06T13:05:33.473+0000] {processor.py:186} INFO - Started process (PID=2417) to work on /opt/conda/lib/python3.12/site-packages/airflow/example_dags/example_branch_python_dop_operator_3.py
[2025-02-06T13:05:33.474+0000] {processor.py:914} INFO - Processing file /opt/conda/lib/python3.12/site-packages/airflow/example_dags/example_branch_python_dop_operator_3.py for tasks to queue
[2025-02-06T13:05:33.476+0000] {logging_mixin.py:190} INFO - [2025-02-06T13:05:33.476+0000] {dagbag.py:588} INFO - Filling up the DagBag from /opt/conda/lib/python3.12/site-packages/airflow/example_dags/example_branch_python_dop_operator_3.py
[2025-02-06T13:05:33.486+0000] {processor.py:925} INFO - DAG(s) 'example_branch_dop_operator_v3' retrieved from /opt/conda/lib/python3.12/site-packages/airflow/example_dags/example_branch_python_dop_operator_3.py
[2025-02-06T13:05:33.506+0000] {logging_mixin.py:190} INFO - [2025-02-06T13:05:33.506+0000] {dag.py:3239} INFO - Sync 1 DAGs
[2025-02-06T13:05:33.532+0000] {logging_mixin.py:190} INFO - [2025-02-06T13:05:33.531+0000] {dag.py:4180} INFO - Setting next_dagrun for example_branch_dop_operator_v3 to 2025-02-06 13:04:00+00:00, run_after=2025-02-06 13:05:00+00:00
[2025-02-06T13:05:33.584+0000] {processor.py:208} INFO - Processing /opt/conda/lib/python3.12/site-packages/airflow/example_dags/example_branch_python_dop_operator_3.py took 0.117 seconds
[2025-02-06T13:20:46.428+0000] {processor.py:186} INFO - Started process (PID=844) to work on /opt/conda/lib/python3.12/site-packages/airflow/example_dags/example_branch_python_dop_operator_3.py
[2025-02-06T13:20:46.429+0000] {processor.py:914} INFO - Processing file /opt/conda/lib/python3.12/site-packages/airflow/example_dags/example_branch_python_dop_operator_3.py for tasks to queue
[2025-02-06T13:20:46.431+0000] {logging_mixin.py:190} INFO - [2025-02-06T13:20:46.430+0000] {dagbag.py:588} INFO - Filling up the DagBag from /opt/conda/lib/python3.12/site-packages/airflow/example_dags/example_branch_python_dop_operator_3.py
[2025-02-06T13:20:46.442+0000] {processor.py:925} INFO - DAG(s) 'example_branch_dop_operator_v3' retrieved from /opt/conda/lib/python3.12/site-packages/airflow/example_dags/example_branch_python_dop_operator_3.py
[2025-02-06T13:20:46.462+0000] {logging_mixin.py:190} INFO - [2025-02-06T13:20:46.462+0000] {dag.py:3239} INFO - Sync 1 DAGs
[2025-02-06T13:20:46.485+0000] {logging_mixin.py:190} INFO - [2025-02-06T13:20:46.485+0000] {dag.py:4180} INFO - Setting next_dagrun for example_branch_dop_operator_v3 to 2025-02-06 13:19:00+00:00, run_after=2025-02-06 13:20:00+00:00
[2025-02-06T13:20:46.555+0000] {processor.py:208} INFO - Processing /opt/conda/lib/python3.12/site-packages/airflow/example_dags/example_branch_python_dop_operator_3.py took 0.130 seconds
[2025-02-06T13:25:17.606+0000] {processor.py:186} INFO - Started process (PID=2670) to work on /opt/conda/lib/python3.12/site-packages/airflow/example_dags/example_branch_python_dop_operator_3.py
[2025-02-06T13:25:17.607+0000] {processor.py:914} INFO - Processing file /opt/conda/lib/python3.12/site-packages/airflow/example_dags/example_branch_python_dop_operator_3.py for tasks to queue
[2025-02-06T13:25:17.610+0000] {logging_mixin.py:190} INFO - [2025-02-06T13:25:17.610+0000] {dagbag.py:588} INFO - Filling up the DagBag from /opt/conda/lib/python3.12/site-packages/airflow/example_dags/example_branch_python_dop_operator_3.py
[2025-02-06T13:25:17.618+0000] {processor.py:925} INFO - DAG(s) 'example_branch_dop_operator_v3' retrieved from /opt/conda/lib/python3.12/site-packages/airflow/example_dags/example_branch_python_dop_operator_3.py
[2025-02-06T13:25:17.639+0000] {logging_mixin.py:190} INFO - [2025-02-06T13:25:17.639+0000] {dag.py:3239} INFO - Sync 1 DAGs
[2025-02-06T13:25:17.661+0000] {logging_mixin.py:190} INFO - [2025-02-06T13:25:17.660+0000] {dag.py:4180} INFO - Setting next_dagrun for example_branch_dop_operator_v3 to 2025-02-06 13:24:00+00:00, run_after=2025-02-06 13:25:00+00:00
[2025-02-06T13:25:17.729+0000] {processor.py:208} INFO - Processing /opt/conda/lib/python3.12/site-packages/airflow/example_dags/example_branch_python_dop_operator_3.py took 0.128 seconds
[2025-02-06T13:29:44.699+0000] {processor.py:186} INFO - Started process (PID=4613) to work on /opt/conda/lib/python3.12/site-packages/airflow/example_dags/example_branch_python_dop_operator_3.py
[2025-02-06T13:29:44.700+0000] {processor.py:914} INFO - Processing file /opt/conda/lib/python3.12/site-packages/airflow/example_dags/example_branch_python_dop_operator_3.py for tasks to queue
[2025-02-06T13:29:44.703+0000] {logging_mixin.py:190} INFO - [2025-02-06T13:29:44.702+0000] {dagbag.py:588} INFO - Filling up the DagBag from /opt/conda/lib/python3.12/site-packages/airflow/example_dags/example_branch_python_dop_operator_3.py
[2025-02-06T13:29:44.712+0000] {processor.py:925} INFO - DAG(s) 'example_branch_dop_operator_v3' retrieved from /opt/conda/lib/python3.12/site-packages/airflow/example_dags/example_branch_python_dop_operator_3.py
[2025-02-06T13:29:44.735+0000] {logging_mixin.py:190} INFO - [2025-02-06T13:29:44.734+0000] {dag.py:3239} INFO - Sync 1 DAGs
[2025-02-06T13:29:44.760+0000] {logging_mixin.py:190} INFO - [2025-02-06T13:29:44.760+0000] {dag.py:4180} INFO - Setting next_dagrun for example_branch_dop_operator_v3 to 2025-02-06 13:28:00+00:00, run_after=2025-02-06 13:29:00+00:00
[2025-02-06T13:29:44.815+0000] {processor.py:208} INFO - Processing /opt/conda/lib/python3.12/site-packages/airflow/example_dags/example_branch_python_dop_operator_3.py took 0.121 seconds
[2025-02-06T13:33:14.734+0000] {processor.py:186} INFO - Started process (PID=5859) to work on /opt/conda/lib/python3.12/site-packages/airflow/example_dags/example_branch_python_dop_operator_3.py
[2025-02-06T13:33:14.735+0000] {processor.py:914} INFO - Processing file /opt/conda/lib/python3.12/site-packages/airflow/example_dags/example_branch_python_dop_operator_3.py for tasks to queue
[2025-02-06T13:33:14.736+0000] {logging_mixin.py:190} INFO - [2025-02-06T13:33:14.736+0000] {dagbag.py:588} INFO - Filling up the DagBag from /opt/conda/lib/python3.12/site-packages/airflow/example_dags/example_branch_python_dop_operator_3.py
[2025-02-06T13:33:14.744+0000] {processor.py:925} INFO - DAG(s) 'example_branch_dop_operator_v3' retrieved from /opt/conda/lib/python3.12/site-packages/airflow/example_dags/example_branch_python_dop_operator_3.py
[2025-02-06T13:33:14.766+0000] {logging_mixin.py:190} INFO - [2025-02-06T13:33:14.766+0000] {dag.py:3239} INFO - Sync 1 DAGs
[2025-02-06T13:33:14.791+0000] {logging_mixin.py:190} INFO - [2025-02-06T13:33:14.791+0000] {dag.py:4180} INFO - Setting next_dagrun for example_branch_dop_operator_v3 to 2025-02-06 13:32:00+00:00, run_after=2025-02-06 13:33:00+00:00
[2025-02-06T13:33:14.846+0000] {processor.py:208} INFO - Processing /opt/conda/lib/python3.12/site-packages/airflow/example_dags/example_branch_python_dop_operator_3.py took 0.118 seconds
