[2025-02-06T08:26:49.960+0000] {processor.py:186} INFO - Started process (PID=56) to work on /opt/conda/lib/python3.12/site-packages/airflow/example_dags/example_branch_operator_decorator.py
[2025-02-06T08:26:49.962+0000] {processor.py:914} INFO - Processing file /opt/conda/lib/python3.12/site-packages/airflow/example_dags/example_branch_operator_decorator.py for tasks to queue
[2025-02-06T08:26:49.964+0000] {logging_mixin.py:190} INFO - [2025-02-06T08:26:49.963+0000] {dagbag.py:588} INFO - Filling up the DagBag from /opt/conda/lib/python3.12/site-packages/airflow/example_dags/example_branch_operator_decorator.py
[2025-02-06T08:26:49.967+0000] {processor.py:927} WARNING - No viable dags retrieved from /opt/conda/lib/python3.12/site-packages/airflow/example_dags/example_branch_operator_decorator.py
[2025-02-06T08:26:49.990+0000] {processor.py:208} INFO - Processing /opt/conda/lib/python3.12/site-packages/airflow/example_dags/example_branch_operator_decorator.py took 0.035 seconds
[2025-02-06T08:30:39.679+0000] {processor.py:186} INFO - Started process (PID=56) to work on /opt/conda/lib/python3.12/site-packages/airflow/example_dags/example_branch_operator_decorator.py
[2025-02-06T08:30:39.679+0000] {processor.py:914} INFO - Processing file /opt/conda/lib/python3.12/site-packages/airflow/example_dags/example_branch_operator_decorator.py for tasks to queue
[2025-02-06T08:30:39.681+0000] {logging_mixin.py:190} INFO - [2025-02-06T08:30:39.681+0000] {dagbag.py:588} INFO - Filling up the DagBag from /opt/conda/lib/python3.12/site-packages/airflow/example_dags/example_branch_operator_decorator.py
[2025-02-06T08:30:39.684+0000] {processor.py:927} WARNING - No viable dags retrieved from /opt/conda/lib/python3.12/site-packages/airflow/example_dags/example_branch_operator_decorator.py
[2025-02-06T08:30:39.705+0000] {processor.py:208} INFO - Processing /opt/conda/lib/python3.12/site-packages/airflow/example_dags/example_branch_operator_decorator.py took 0.031 seconds
[2025-02-06T08:31:44.579+0000] {processor.py:186} INFO - Started process (PID=114) to work on /opt/conda/lib/python3.12/site-packages/airflow/example_dags/example_branch_operator_decorator.py
[2025-02-06T08:31:44.581+0000] {processor.py:914} INFO - Processing file /opt/conda/lib/python3.12/site-packages/airflow/example_dags/example_branch_operator_decorator.py for tasks to queue
[2025-02-06T08:31:44.582+0000] {logging_mixin.py:190} INFO - [2025-02-06T08:31:44.582+0000] {dagbag.py:588} INFO - Filling up the DagBag from /opt/conda/lib/python3.12/site-packages/airflow/example_dags/example_branch_operator_decorator.py
[2025-02-06T08:31:44.586+0000] {processor.py:927} WARNING - No viable dags retrieved from /opt/conda/lib/python3.12/site-packages/airflow/example_dags/example_branch_operator_decorator.py
[2025-02-06T08:31:44.611+0000] {processor.py:208} INFO - Processing /opt/conda/lib/python3.12/site-packages/airflow/example_dags/example_branch_operator_decorator.py took 0.037 seconds
[2025-02-06T08:32:53.632+0000] {processor.py:186} INFO - Started process (PID=175) to work on /opt/conda/lib/python3.12/site-packages/airflow/example_dags/example_branch_operator_decorator.py
[2025-02-06T08:32:53.633+0000] {processor.py:914} INFO - Processing file /opt/conda/lib/python3.12/site-packages/airflow/example_dags/example_branch_operator_decorator.py for tasks to queue
[2025-02-06T08:32:53.634+0000] {logging_mixin.py:190} INFO - [2025-02-06T08:32:53.634+0000] {dagbag.py:588} INFO - Filling up the DagBag from /opt/conda/lib/python3.12/site-packages/airflow/example_dags/example_branch_operator_decorator.py
[2025-02-06T08:32:53.637+0000] {processor.py:927} WARNING - No viable dags retrieved from /opt/conda/lib/python3.12/site-packages/airflow/example_dags/example_branch_operator_decorator.py
[2025-02-06T08:32:53.657+0000] {processor.py:208} INFO - Processing /opt/conda/lib/python3.12/site-packages/airflow/example_dags/example_branch_operator_decorator.py took 0.030 seconds
[2025-02-06T08:34:05.537+0000] {processor.py:186} INFO - Started process (PID=237) to work on /opt/conda/lib/python3.12/site-packages/airflow/example_dags/example_branch_operator_decorator.py
[2025-02-06T08:34:05.538+0000] {processor.py:914} INFO - Processing file /opt/conda/lib/python3.12/site-packages/airflow/example_dags/example_branch_operator_decorator.py for tasks to queue
[2025-02-06T08:34:05.539+0000] {logging_mixin.py:190} INFO - [2025-02-06T08:34:05.539+0000] {dagbag.py:588} INFO - Filling up the DagBag from /opt/conda/lib/python3.12/site-packages/airflow/example_dags/example_branch_operator_decorator.py
[2025-02-06T08:34:05.542+0000] {processor.py:927} WARNING - No viable dags retrieved from /opt/conda/lib/python3.12/site-packages/airflow/example_dags/example_branch_operator_decorator.py
[2025-02-06T08:34:05.562+0000] {processor.py:208} INFO - Processing /opt/conda/lib/python3.12/site-packages/airflow/example_dags/example_branch_operator_decorator.py took 0.029 seconds
[2025-02-06T08:35:23.796+0000] {processor.py:186} INFO - Started process (PID=302) to work on /opt/conda/lib/python3.12/site-packages/airflow/example_dags/example_branch_operator_decorator.py
[2025-02-06T08:35:23.797+0000] {processor.py:914} INFO - Processing file /opt/conda/lib/python3.12/site-packages/airflow/example_dags/example_branch_operator_decorator.py for tasks to queue
[2025-02-06T08:35:23.799+0000] {logging_mixin.py:190} INFO - [2025-02-06T08:35:23.799+0000] {dagbag.py:588} INFO - Filling up the DagBag from /opt/conda/lib/python3.12/site-packages/airflow/example_dags/example_branch_operator_decorator.py
[2025-02-06T08:35:23.805+0000] {processor.py:927} WARNING - No viable dags retrieved from /opt/conda/lib/python3.12/site-packages/airflow/example_dags/example_branch_operator_decorator.py
[2025-02-06T08:35:23.826+0000] {processor.py:208} INFO - Processing /opt/conda/lib/python3.12/site-packages/airflow/example_dags/example_branch_operator_decorator.py took 0.036 seconds
[2025-02-06T08:36:40.887+0000] {processor.py:186} INFO - Started process (PID=367) to work on /opt/conda/lib/python3.12/site-packages/airflow/example_dags/example_branch_operator_decorator.py
[2025-02-06T08:36:40.889+0000] {processor.py:914} INFO - Processing file /opt/conda/lib/python3.12/site-packages/airflow/example_dags/example_branch_operator_decorator.py for tasks to queue
[2025-02-06T08:36:40.891+0000] {logging_mixin.py:190} INFO - [2025-02-06T08:36:40.890+0000] {dagbag.py:588} INFO - Filling up the DagBag from /opt/conda/lib/python3.12/site-packages/airflow/example_dags/example_branch_operator_decorator.py
[2025-02-06T08:36:40.898+0000] {processor.py:927} WARNING - No viable dags retrieved from /opt/conda/lib/python3.12/site-packages/airflow/example_dags/example_branch_operator_decorator.py
[2025-02-06T08:36:40.916+0000] {processor.py:208} INFO - Processing /opt/conda/lib/python3.12/site-packages/airflow/example_dags/example_branch_operator_decorator.py took 0.033 seconds
[2025-02-06T08:38:02.279+0000] {processor.py:186} INFO - Started process (PID=434) to work on /opt/conda/lib/python3.12/site-packages/airflow/example_dags/example_branch_operator_decorator.py
[2025-02-06T08:38:02.280+0000] {processor.py:914} INFO - Processing file /opt/conda/lib/python3.12/site-packages/airflow/example_dags/example_branch_operator_decorator.py for tasks to queue
[2025-02-06T08:38:02.282+0000] {logging_mixin.py:190} INFO - [2025-02-06T08:38:02.281+0000] {dagbag.py:588} INFO - Filling up the DagBag from /opt/conda/lib/python3.12/site-packages/airflow/example_dags/example_branch_operator_decorator.py
[2025-02-06T08:38:02.288+0000] {processor.py:927} WARNING - No viable dags retrieved from /opt/conda/lib/python3.12/site-packages/airflow/example_dags/example_branch_operator_decorator.py
[2025-02-06T08:38:02.312+0000] {processor.py:208} INFO - Processing /opt/conda/lib/python3.12/site-packages/airflow/example_dags/example_branch_operator_decorator.py took 0.037 seconds
[2025-02-06T08:39:16.724+0000] {processor.py:186} INFO - Started process (PID=499) to work on /opt/conda/lib/python3.12/site-packages/airflow/example_dags/example_branch_operator_decorator.py
[2025-02-06T08:39:16.725+0000] {processor.py:914} INFO - Processing file /opt/conda/lib/python3.12/site-packages/airflow/example_dags/example_branch_operator_decorator.py for tasks to queue
[2025-02-06T08:39:16.727+0000] {logging_mixin.py:190} INFO - [2025-02-06T08:39:16.727+0000] {dagbag.py:588} INFO - Filling up the DagBag from /opt/conda/lib/python3.12/site-packages/airflow/example_dags/example_branch_operator_decorator.py
[2025-02-06T08:39:16.732+0000] {processor.py:927} WARNING - No viable dags retrieved from /opt/conda/lib/python3.12/site-packages/airflow/example_dags/example_branch_operator_decorator.py
[2025-02-06T08:39:16.762+0000] {processor.py:208} INFO - Processing /opt/conda/lib/python3.12/site-packages/airflow/example_dags/example_branch_operator_decorator.py took 0.043 seconds
[2025-02-06T08:40:36.054+0000] {processor.py:186} INFO - Started process (PID=566) to work on /opt/conda/lib/python3.12/site-packages/airflow/example_dags/example_branch_operator_decorator.py
[2025-02-06T08:40:36.055+0000] {processor.py:914} INFO - Processing file /opt/conda/lib/python3.12/site-packages/airflow/example_dags/example_branch_operator_decorator.py for tasks to queue
[2025-02-06T08:40:36.056+0000] {logging_mixin.py:190} INFO - [2025-02-06T08:40:36.056+0000] {dagbag.py:588} INFO - Filling up the DagBag from /opt/conda/lib/python3.12/site-packages/airflow/example_dags/example_branch_operator_decorator.py
[2025-02-06T08:40:36.062+0000] {processor.py:927} WARNING - No viable dags retrieved from /opt/conda/lib/python3.12/site-packages/airflow/example_dags/example_branch_operator_decorator.py
[2025-02-06T08:40:36.083+0000] {processor.py:208} INFO - Processing /opt/conda/lib/python3.12/site-packages/airflow/example_dags/example_branch_operator_decorator.py took 0.037 seconds
[2025-02-06T08:41:49.485+0000] {processor.py:186} INFO - Started process (PID=629) to work on /opt/conda/lib/python3.12/site-packages/airflow/example_dags/example_branch_operator_decorator.py
[2025-02-06T08:41:49.486+0000] {processor.py:914} INFO - Processing file /opt/conda/lib/python3.12/site-packages/airflow/example_dags/example_branch_operator_decorator.py for tasks to queue
[2025-02-06T08:41:49.488+0000] {logging_mixin.py:190} INFO - [2025-02-06T08:41:49.488+0000] {dagbag.py:588} INFO - Filling up the DagBag from /opt/conda/lib/python3.12/site-packages/airflow/example_dags/example_branch_operator_decorator.py
[2025-02-06T08:41:49.495+0000] {processor.py:927} WARNING - No viable dags retrieved from /opt/conda/lib/python3.12/site-packages/airflow/example_dags/example_branch_operator_decorator.py
[2025-02-06T08:41:49.517+0000] {processor.py:208} INFO - Processing /opt/conda/lib/python3.12/site-packages/airflow/example_dags/example_branch_operator_decorator.py took 0.039 seconds
[2025-02-06T08:43:32.512+0000] {processor.py:186} INFO - Started process (PID=57) to work on /opt/conda/lib/python3.12/site-packages/airflow/example_dags/example_branch_operator_decorator.py
[2025-02-06T08:43:32.513+0000] {processor.py:914} INFO - Processing file /opt/conda/lib/python3.12/site-packages/airflow/example_dags/example_branch_operator_decorator.py for tasks to queue
[2025-02-06T08:43:32.515+0000] {logging_mixin.py:190} INFO - [2025-02-06T08:43:32.515+0000] {dagbag.py:588} INFO - Filling up the DagBag from /opt/conda/lib/python3.12/site-packages/airflow/example_dags/example_branch_operator_decorator.py
[2025-02-06T08:43:32.520+0000] {processor.py:927} WARNING - No viable dags retrieved from /opt/conda/lib/python3.12/site-packages/airflow/example_dags/example_branch_operator_decorator.py
[2025-02-06T08:43:32.538+0000] {processor.py:208} INFO - Processing /opt/conda/lib/python3.12/site-packages/airflow/example_dags/example_branch_operator_decorator.py took 0.030 seconds
[2025-02-06T08:44:40.773+0000] {processor.py:186} INFO - Started process (PID=115) to work on /opt/conda/lib/python3.12/site-packages/airflow/example_dags/example_branch_operator_decorator.py
[2025-02-06T08:44:40.774+0000] {processor.py:914} INFO - Processing file /opt/conda/lib/python3.12/site-packages/airflow/example_dags/example_branch_operator_decorator.py for tasks to queue
[2025-02-06T08:44:40.775+0000] {logging_mixin.py:190} INFO - [2025-02-06T08:44:40.775+0000] {dagbag.py:588} INFO - Filling up the DagBag from /opt/conda/lib/python3.12/site-packages/airflow/example_dags/example_branch_operator_decorator.py
[2025-02-06T08:44:40.778+0000] {processor.py:927} WARNING - No viable dags retrieved from /opt/conda/lib/python3.12/site-packages/airflow/example_dags/example_branch_operator_decorator.py
[2025-02-06T08:44:40.796+0000] {processor.py:208} INFO - Processing /opt/conda/lib/python3.12/site-packages/airflow/example_dags/example_branch_operator_decorator.py took 0.028 seconds
[2025-02-06T08:46:14.814+0000] {processor.py:186} INFO - Started process (PID=232) to work on /opt/conda/lib/python3.12/site-packages/airflow/example_dags/example_branch_operator_decorator.py
[2025-02-06T08:46:14.815+0000] {processor.py:914} INFO - Processing file /opt/conda/lib/python3.12/site-packages/airflow/example_dags/example_branch_operator_decorator.py for tasks to queue
[2025-02-06T08:46:14.818+0000] {logging_mixin.py:190} INFO - [2025-02-06T08:46:14.817+0000] {dagbag.py:588} INFO - Filling up the DagBag from /opt/conda/lib/python3.12/site-packages/airflow/example_dags/example_branch_operator_decorator.py
[2025-02-06T08:46:14.821+0000] {processor.py:927} WARNING - No viable dags retrieved from /opt/conda/lib/python3.12/site-packages/airflow/example_dags/example_branch_operator_decorator.py
[2025-02-06T08:46:14.841+0000] {processor.py:208} INFO - Processing /opt/conda/lib/python3.12/site-packages/airflow/example_dags/example_branch_operator_decorator.py took 0.030 seconds
[2025-02-06T08:49:03.656+0000] {processor.py:186} INFO - Started process (PID=165) to work on /opt/conda/lib/python3.12/site-packages/airflow/example_dags/example_branch_operator_decorator.py
[2025-02-06T08:49:03.657+0000] {processor.py:914} INFO - Processing file /opt/conda/lib/python3.12/site-packages/airflow/example_dags/example_branch_operator_decorator.py for tasks to queue
[2025-02-06T08:49:03.659+0000] {logging_mixin.py:190} INFO - [2025-02-06T08:49:03.658+0000] {dagbag.py:588} INFO - Filling up the DagBag from /opt/conda/lib/python3.12/site-packages/airflow/example_dags/example_branch_operator_decorator.py
[2025-02-06T08:49:03.662+0000] {processor.py:927} WARNING - No viable dags retrieved from /opt/conda/lib/python3.12/site-packages/airflow/example_dags/example_branch_operator_decorator.py
[2025-02-06T08:49:03.682+0000] {processor.py:208} INFO - Processing /opt/conda/lib/python3.12/site-packages/airflow/example_dags/example_branch_operator_decorator.py took 0.031 seconds
[2025-02-06T08:52:07.571+0000] {processor.py:186} INFO - Started process (PID=507) to work on /opt/conda/lib/python3.12/site-packages/airflow/example_dags/example_branch_operator_decorator.py
[2025-02-06T08:52:07.572+0000] {processor.py:914} INFO - Processing file /opt/conda/lib/python3.12/site-packages/airflow/example_dags/example_branch_operator_decorator.py for tasks to queue
[2025-02-06T08:52:07.574+0000] {logging_mixin.py:190} INFO - [2025-02-06T08:52:07.573+0000] {dagbag.py:588} INFO - Filling up the DagBag from /opt/conda/lib/python3.12/site-packages/airflow/example_dags/example_branch_operator_decorator.py
[2025-02-06T08:52:07.577+0000] {processor.py:927} WARNING - No viable dags retrieved from /opt/conda/lib/python3.12/site-packages/airflow/example_dags/example_branch_operator_decorator.py
[2025-02-06T08:52:07.592+0000] {processor.py:208} INFO - Processing /opt/conda/lib/python3.12/site-packages/airflow/example_dags/example_branch_operator_decorator.py took 0.025 seconds
[2025-02-06T08:54:42.446+0000] {processor.py:186} INFO - Started process (PID=797) to work on /opt/conda/lib/python3.12/site-packages/airflow/example_dags/example_branch_operator_decorator.py
[2025-02-06T08:54:42.447+0000] {processor.py:914} INFO - Processing file /opt/conda/lib/python3.12/site-packages/airflow/example_dags/example_branch_operator_decorator.py for tasks to queue
[2025-02-06T08:54:42.449+0000] {logging_mixin.py:190} INFO - [2025-02-06T08:54:42.448+0000] {dagbag.py:588} INFO - Filling up the DagBag from /opt/conda/lib/python3.12/site-packages/airflow/example_dags/example_branch_operator_decorator.py
[2025-02-06T08:54:42.453+0000] {processor.py:927} WARNING - No viable dags retrieved from /opt/conda/lib/python3.12/site-packages/airflow/example_dags/example_branch_operator_decorator.py
[2025-02-06T08:54:42.474+0000] {processor.py:208} INFO - Processing /opt/conda/lib/python3.12/site-packages/airflow/example_dags/example_branch_operator_decorator.py took 0.032 seconds
[2025-02-06T08:57:12.425+0000] {processor.py:186} INFO - Started process (PID=1058) to work on /opt/conda/lib/python3.12/site-packages/airflow/example_dags/example_branch_operator_decorator.py
[2025-02-06T08:57:12.426+0000] {processor.py:914} INFO - Processing file /opt/conda/lib/python3.12/site-packages/airflow/example_dags/example_branch_operator_decorator.py for tasks to queue
[2025-02-06T08:57:12.431+0000] {logging_mixin.py:190} INFO - [2025-02-06T08:57:12.430+0000] {dagbag.py:588} INFO - Filling up the DagBag from /opt/conda/lib/python3.12/site-packages/airflow/example_dags/example_branch_operator_decorator.py
[2025-02-06T08:57:12.436+0000] {processor.py:927} WARNING - No viable dags retrieved from /opt/conda/lib/python3.12/site-packages/airflow/example_dags/example_branch_operator_decorator.py
[2025-02-06T08:57:12.456+0000] {processor.py:208} INFO - Processing /opt/conda/lib/python3.12/site-packages/airflow/example_dags/example_branch_operator_decorator.py took 0.035 seconds
[2025-02-06T09:02:00.810+0000] {processor.py:186} INFO - Started process (PID=192) to work on /opt/conda/lib/python3.12/site-packages/airflow/example_dags/example_branch_operator_decorator.py
[2025-02-06T09:02:00.811+0000] {processor.py:914} INFO - Processing file /opt/conda/lib/python3.12/site-packages/airflow/example_dags/example_branch_operator_decorator.py for tasks to queue
[2025-02-06T09:02:00.813+0000] {logging_mixin.py:190} INFO - [2025-02-06T09:02:00.813+0000] {dagbag.py:588} INFO - Filling up the DagBag from /opt/conda/lib/python3.12/site-packages/airflow/example_dags/example_branch_operator_decorator.py
[2025-02-06T09:02:00.816+0000] {processor.py:927} WARNING - No viable dags retrieved from /opt/conda/lib/python3.12/site-packages/airflow/example_dags/example_branch_operator_decorator.py
[2025-02-06T09:02:00.832+0000] {processor.py:208} INFO - Processing /opt/conda/lib/python3.12/site-packages/airflow/example_dags/example_branch_operator_decorator.py took 0.026 seconds
[2025-02-06T09:03:18.206+0000] {processor.py:186} INFO - Started process (PID=57) to work on /opt/conda/lib/python3.12/site-packages/airflow/example_dags/example_branch_operator_decorator.py
[2025-02-06T09:03:18.207+0000] {processor.py:914} INFO - Processing file /opt/conda/lib/python3.12/site-packages/airflow/example_dags/example_branch_operator_decorator.py for tasks to queue
[2025-02-06T09:03:18.209+0000] {logging_mixin.py:190} INFO - [2025-02-06T09:03:18.209+0000] {dagbag.py:588} INFO - Filling up the DagBag from /opt/conda/lib/python3.12/site-packages/airflow/example_dags/example_branch_operator_decorator.py
[2025-02-06T09:03:18.213+0000] {processor.py:927} WARNING - No viable dags retrieved from /opt/conda/lib/python3.12/site-packages/airflow/example_dags/example_branch_operator_decorator.py
[2025-02-06T09:03:18.233+0000] {processor.py:208} INFO - Processing /opt/conda/lib/python3.12/site-packages/airflow/example_dags/example_branch_operator_decorator.py took 0.030 seconds
[2025-02-06T09:03:53.171+0000] {processor.py:186} INFO - Started process (PID=53) to work on /opt/conda/lib/python3.12/site-packages/airflow/example_dags/example_branch_operator_decorator.py
[2025-02-06T09:03:53.173+0000] {processor.py:914} INFO - Processing file /opt/conda/lib/python3.12/site-packages/airflow/example_dags/example_branch_operator_decorator.py for tasks to queue
[2025-02-06T09:03:53.174+0000] {logging_mixin.py:190} INFO - [2025-02-06T09:03:53.174+0000] {dagbag.py:588} INFO - Filling up the DagBag from /opt/conda/lib/python3.12/site-packages/airflow/example_dags/example_branch_operator_decorator.py
[2025-02-06T09:03:53.177+0000] {processor.py:927} WARNING - No viable dags retrieved from /opt/conda/lib/python3.12/site-packages/airflow/example_dags/example_branch_operator_decorator.py
[2025-02-06T09:03:53.199+0000] {processor.py:208} INFO - Processing /opt/conda/lib/python3.12/site-packages/airflow/example_dags/example_branch_operator_decorator.py took 0.031 seconds
[2025-02-06T09:04:52.376+0000] {processor.py:186} INFO - Started process (PID=89) to work on /opt/conda/lib/python3.12/site-packages/airflow/example_dags/example_branch_operator_decorator.py
[2025-02-06T09:04:52.378+0000] {processor.py:914} INFO - Processing file /opt/conda/lib/python3.12/site-packages/airflow/example_dags/example_branch_operator_decorator.py for tasks to queue
[2025-02-06T09:04:52.381+0000] {logging_mixin.py:190} INFO - [2025-02-06T09:04:52.381+0000] {dagbag.py:588} INFO - Filling up the DagBag from /opt/conda/lib/python3.12/site-packages/airflow/example_dags/example_branch_operator_decorator.py
[2025-02-06T09:04:52.384+0000] {processor.py:927} WARNING - No viable dags retrieved from /opt/conda/lib/python3.12/site-packages/airflow/example_dags/example_branch_operator_decorator.py
[2025-02-06T09:04:52.403+0000] {processor.py:208} INFO - Processing /opt/conda/lib/python3.12/site-packages/airflow/example_dags/example_branch_operator_decorator.py took 0.031 seconds
[2025-02-06T09:07:53.556+0000] {processor.py:186} INFO - Started process (PID=423) to work on /opt/conda/lib/python3.12/site-packages/airflow/example_dags/example_branch_operator_decorator.py
[2025-02-06T09:07:53.557+0000] {processor.py:914} INFO - Processing file /opt/conda/lib/python3.12/site-packages/airflow/example_dags/example_branch_operator_decorator.py for tasks to queue
[2025-02-06T09:07:53.559+0000] {logging_mixin.py:190} INFO - [2025-02-06T09:07:53.559+0000] {dagbag.py:588} INFO - Filling up the DagBag from /opt/conda/lib/python3.12/site-packages/airflow/example_dags/example_branch_operator_decorator.py
[2025-02-06T09:07:53.562+0000] {processor.py:927} WARNING - No viable dags retrieved from /opt/conda/lib/python3.12/site-packages/airflow/example_dags/example_branch_operator_decorator.py
[2025-02-06T09:07:53.580+0000] {processor.py:208} INFO - Processing /opt/conda/lib/python3.12/site-packages/airflow/example_dags/example_branch_operator_decorator.py took 0.028 seconds
[2025-02-06T09:10:16.087+0000] {processor.py:186} INFO - Started process (PID=692) to work on /opt/conda/lib/python3.12/site-packages/airflow/example_dags/example_branch_operator_decorator.py
[2025-02-06T09:10:16.088+0000] {processor.py:914} INFO - Processing file /opt/conda/lib/python3.12/site-packages/airflow/example_dags/example_branch_operator_decorator.py for tasks to queue
[2025-02-06T09:10:16.090+0000] {logging_mixin.py:190} INFO - [2025-02-06T09:10:16.089+0000] {dagbag.py:588} INFO - Filling up the DagBag from /opt/conda/lib/python3.12/site-packages/airflow/example_dags/example_branch_operator_decorator.py
[2025-02-06T09:10:16.094+0000] {processor.py:927} WARNING - No viable dags retrieved from /opt/conda/lib/python3.12/site-packages/airflow/example_dags/example_branch_operator_decorator.py
[2025-02-06T09:10:16.114+0000] {processor.py:208} INFO - Processing /opt/conda/lib/python3.12/site-packages/airflow/example_dags/example_branch_operator_decorator.py took 0.031 seconds
[2025-02-06T09:12:38.293+0000] {processor.py:186} INFO - Started process (PID=959) to work on /opt/conda/lib/python3.12/site-packages/airflow/example_dags/example_branch_operator_decorator.py
[2025-02-06T09:12:38.294+0000] {processor.py:914} INFO - Processing file /opt/conda/lib/python3.12/site-packages/airflow/example_dags/example_branch_operator_decorator.py for tasks to queue
[2025-02-06T09:12:38.296+0000] {logging_mixin.py:190} INFO - [2025-02-06T09:12:38.295+0000] {dagbag.py:588} INFO - Filling up the DagBag from /opt/conda/lib/python3.12/site-packages/airflow/example_dags/example_branch_operator_decorator.py
[2025-02-06T09:12:38.299+0000] {processor.py:927} WARNING - No viable dags retrieved from /opt/conda/lib/python3.12/site-packages/airflow/example_dags/example_branch_operator_decorator.py
[2025-02-06T09:12:38.316+0000] {processor.py:208} INFO - Processing /opt/conda/lib/python3.12/site-packages/airflow/example_dags/example_branch_operator_decorator.py took 0.027 seconds
[2025-02-06T09:15:08.239+0000] {processor.py:186} INFO - Started process (PID=1232) to work on /opt/conda/lib/python3.12/site-packages/airflow/example_dags/example_branch_operator_decorator.py
[2025-02-06T09:15:08.240+0000] {processor.py:914} INFO - Processing file /opt/conda/lib/python3.12/site-packages/airflow/example_dags/example_branch_operator_decorator.py for tasks to queue
[2025-02-06T09:15:08.242+0000] {logging_mixin.py:190} INFO - [2025-02-06T09:15:08.242+0000] {dagbag.py:588} INFO - Filling up the DagBag from /opt/conda/lib/python3.12/site-packages/airflow/example_dags/example_branch_operator_decorator.py
[2025-02-06T09:15:08.246+0000] {processor.py:927} WARNING - No viable dags retrieved from /opt/conda/lib/python3.12/site-packages/airflow/example_dags/example_branch_operator_decorator.py
[2025-02-06T09:15:08.265+0000] {processor.py:208} INFO - Processing /opt/conda/lib/python3.12/site-packages/airflow/example_dags/example_branch_operator_decorator.py took 0.031 seconds
[2025-02-06T09:17:15.813+0000] {processor.py:186} INFO - Started process (PID=1475) to work on /opt/conda/lib/python3.12/site-packages/airflow/example_dags/example_branch_operator_decorator.py
[2025-02-06T09:17:15.814+0000] {processor.py:914} INFO - Processing file /opt/conda/lib/python3.12/site-packages/airflow/example_dags/example_branch_operator_decorator.py for tasks to queue
[2025-02-06T09:17:15.816+0000] {logging_mixin.py:190} INFO - [2025-02-06T09:17:15.816+0000] {dagbag.py:588} INFO - Filling up the DagBag from /opt/conda/lib/python3.12/site-packages/airflow/example_dags/example_branch_operator_decorator.py
[2025-02-06T09:17:15.819+0000] {processor.py:927} WARNING - No viable dags retrieved from /opt/conda/lib/python3.12/site-packages/airflow/example_dags/example_branch_operator_decorator.py
[2025-02-06T09:17:15.836+0000] {processor.py:208} INFO - Processing /opt/conda/lib/python3.12/site-packages/airflow/example_dags/example_branch_operator_decorator.py took 0.028 seconds
[2025-02-06T09:19:45.196+0000] {processor.py:186} INFO - Started process (PID=1732) to work on /opt/conda/lib/python3.12/site-packages/airflow/example_dags/example_branch_operator_decorator.py
[2025-02-06T09:19:45.197+0000] {processor.py:914} INFO - Processing file /opt/conda/lib/python3.12/site-packages/airflow/example_dags/example_branch_operator_decorator.py for tasks to queue
[2025-02-06T09:19:45.199+0000] {logging_mixin.py:190} INFO - [2025-02-06T09:19:45.198+0000] {dagbag.py:588} INFO - Filling up the DagBag from /opt/conda/lib/python3.12/site-packages/airflow/example_dags/example_branch_operator_decorator.py
[2025-02-06T09:19:45.202+0000] {processor.py:927} WARNING - No viable dags retrieved from /opt/conda/lib/python3.12/site-packages/airflow/example_dags/example_branch_operator_decorator.py
[2025-02-06T09:19:45.220+0000] {processor.py:208} INFO - Processing /opt/conda/lib/python3.12/site-packages/airflow/example_dags/example_branch_operator_decorator.py took 0.029 seconds
[2025-02-06T09:22:28.113+0000] {processor.py:186} INFO - Started process (PID=2003) to work on /opt/conda/lib/python3.12/site-packages/airflow/example_dags/example_branch_operator_decorator.py
[2025-02-06T09:22:28.114+0000] {processor.py:914} INFO - Processing file /opt/conda/lib/python3.12/site-packages/airflow/example_dags/example_branch_operator_decorator.py for tasks to queue
[2025-02-06T09:22:28.116+0000] {logging_mixin.py:190} INFO - [2025-02-06T09:22:28.116+0000] {dagbag.py:588} INFO - Filling up the DagBag from /opt/conda/lib/python3.12/site-packages/airflow/example_dags/example_branch_operator_decorator.py
[2025-02-06T09:22:28.119+0000] {processor.py:927} WARNING - No viable dags retrieved from /opt/conda/lib/python3.12/site-packages/airflow/example_dags/example_branch_operator_decorator.py
[2025-02-06T09:22:28.146+0000] {processor.py:208} INFO - Processing /opt/conda/lib/python3.12/site-packages/airflow/example_dags/example_branch_operator_decorator.py took 0.037 seconds
[2025-02-06T09:25:31.728+0000] {processor.py:186} INFO - Started process (PID=157) to work on /opt/conda/lib/python3.12/site-packages/airflow/example_dags/example_branch_operator_decorator.py
[2025-02-06T09:25:31.729+0000] {processor.py:914} INFO - Processing file /opt/conda/lib/python3.12/site-packages/airflow/example_dags/example_branch_operator_decorator.py for tasks to queue
[2025-02-06T09:25:31.731+0000] {logging_mixin.py:190} INFO - [2025-02-06T09:25:31.730+0000] {dagbag.py:588} INFO - Filling up the DagBag from /opt/conda/lib/python3.12/site-packages/airflow/example_dags/example_branch_operator_decorator.py
[2025-02-06T09:25:31.734+0000] {processor.py:927} WARNING - No viable dags retrieved from /opt/conda/lib/python3.12/site-packages/airflow/example_dags/example_branch_operator_decorator.py
[2025-02-06T09:25:31.760+0000] {processor.py:208} INFO - Processing /opt/conda/lib/python3.12/site-packages/airflow/example_dags/example_branch_operator_decorator.py took 0.036 seconds
[2025-02-06T09:31:40.575+0000] {processor.py:186} INFO - Started process (PID=300) to work on /opt/conda/lib/python3.12/site-packages/airflow/example_dags/example_branch_operator_decorator.py
[2025-02-06T09:31:40.576+0000] {processor.py:914} INFO - Processing file /opt/conda/lib/python3.12/site-packages/airflow/example_dags/example_branch_operator_decorator.py for tasks to queue
[2025-02-06T09:31:40.578+0000] {logging_mixin.py:190} INFO - [2025-02-06T09:31:40.578+0000] {dagbag.py:588} INFO - Filling up the DagBag from /opt/conda/lib/python3.12/site-packages/airflow/example_dags/example_branch_operator_decorator.py
[2025-02-06T09:31:40.582+0000] {processor.py:927} WARNING - No viable dags retrieved from /opt/conda/lib/python3.12/site-packages/airflow/example_dags/example_branch_operator_decorator.py
[2025-02-06T09:31:40.603+0000] {processor.py:208} INFO - Processing /opt/conda/lib/python3.12/site-packages/airflow/example_dags/example_branch_operator_decorator.py took 0.034 seconds
[2025-02-06T09:36:54.129+0000] {processor.py:186} INFO - Started process (PID=875) to work on /opt/conda/lib/python3.12/site-packages/airflow/example_dags/example_branch_operator_decorator.py
[2025-02-06T09:36:54.129+0000] {processor.py:914} INFO - Processing file /opt/conda/lib/python3.12/site-packages/airflow/example_dags/example_branch_operator_decorator.py for tasks to queue
[2025-02-06T09:36:54.131+0000] {logging_mixin.py:190} INFO - [2025-02-06T09:36:54.131+0000] {dagbag.py:588} INFO - Filling up the DagBag from /opt/conda/lib/python3.12/site-packages/airflow/example_dags/example_branch_operator_decorator.py
[2025-02-06T09:36:54.135+0000] {processor.py:927} WARNING - No viable dags retrieved from /opt/conda/lib/python3.12/site-packages/airflow/example_dags/example_branch_operator_decorator.py
[2025-02-06T09:36:54.156+0000] {processor.py:208} INFO - Processing /opt/conda/lib/python3.12/site-packages/airflow/example_dags/example_branch_operator_decorator.py took 0.031 seconds
[2025-02-06T09:41:55.219+0000] {processor.py:186} INFO - Started process (PID=1402) to work on /opt/conda/lib/python3.12/site-packages/airflow/example_dags/example_branch_operator_decorator.py
[2025-02-06T09:41:55.220+0000] {processor.py:914} INFO - Processing file /opt/conda/lib/python3.12/site-packages/airflow/example_dags/example_branch_operator_decorator.py for tasks to queue
[2025-02-06T09:41:55.222+0000] {logging_mixin.py:190} INFO - [2025-02-06T09:41:55.222+0000] {dagbag.py:588} INFO - Filling up the DagBag from /opt/conda/lib/python3.12/site-packages/airflow/example_dags/example_branch_operator_decorator.py
[2025-02-06T09:41:55.225+0000] {processor.py:927} WARNING - No viable dags retrieved from /opt/conda/lib/python3.12/site-packages/airflow/example_dags/example_branch_operator_decorator.py
[2025-02-06T09:41:55.243+0000] {processor.py:208} INFO - Processing /opt/conda/lib/python3.12/site-packages/airflow/example_dags/example_branch_operator_decorator.py took 0.028 seconds
[2025-02-06T09:49:06.456+0000] {processor.py:186} INFO - Started process (PID=283) to work on /opt/conda/lib/python3.12/site-packages/airflow/example_dags/example_branch_operator_decorator.py
[2025-02-06T09:49:06.457+0000] {processor.py:914} INFO - Processing file /opt/conda/lib/python3.12/site-packages/airflow/example_dags/example_branch_operator_decorator.py for tasks to queue
[2025-02-06T09:49:06.459+0000] {logging_mixin.py:190} INFO - [2025-02-06T09:49:06.459+0000] {dagbag.py:588} INFO - Filling up the DagBag from /opt/conda/lib/python3.12/site-packages/airflow/example_dags/example_branch_operator_decorator.py
[2025-02-06T09:49:06.463+0000] {processor.py:927} WARNING - No viable dags retrieved from /opt/conda/lib/python3.12/site-packages/airflow/example_dags/example_branch_operator_decorator.py
[2025-02-06T09:49:06.493+0000] {processor.py:208} INFO - Processing /opt/conda/lib/python3.12/site-packages/airflow/example_dags/example_branch_operator_decorator.py took 0.047 seconds
[2025-02-06T09:54:19.709+0000] {processor.py:186} INFO - Started process (PID=834) to work on /opt/conda/lib/python3.12/site-packages/airflow/example_dags/example_branch_operator_decorator.py
[2025-02-06T09:54:19.710+0000] {processor.py:914} INFO - Processing file /opt/conda/lib/python3.12/site-packages/airflow/example_dags/example_branch_operator_decorator.py for tasks to queue
[2025-02-06T09:54:19.711+0000] {logging_mixin.py:190} INFO - [2025-02-06T09:54:19.711+0000] {dagbag.py:588} INFO - Filling up the DagBag from /opt/conda/lib/python3.12/site-packages/airflow/example_dags/example_branch_operator_decorator.py
[2025-02-06T09:54:19.716+0000] {processor.py:927} WARNING - No viable dags retrieved from /opt/conda/lib/python3.12/site-packages/airflow/example_dags/example_branch_operator_decorator.py
[2025-02-06T09:54:19.738+0000] {processor.py:208} INFO - Processing /opt/conda/lib/python3.12/site-packages/airflow/example_dags/example_branch_operator_decorator.py took 0.033 seconds
[2025-02-06T09:58:34.720+0000] {processor.py:186} INFO - Started process (PID=1323) to work on /opt/conda/lib/python3.12/site-packages/airflow/example_dags/example_branch_operator_decorator.py
[2025-02-06T09:58:34.721+0000] {processor.py:914} INFO - Processing file /opt/conda/lib/python3.12/site-packages/airflow/example_dags/example_branch_operator_decorator.py for tasks to queue
[2025-02-06T09:58:34.723+0000] {logging_mixin.py:190} INFO - [2025-02-06T09:58:34.723+0000] {dagbag.py:588} INFO - Filling up the DagBag from /opt/conda/lib/python3.12/site-packages/airflow/example_dags/example_branch_operator_decorator.py
[2025-02-06T09:58:34.726+0000] {processor.py:927} WARNING - No viable dags retrieved from /opt/conda/lib/python3.12/site-packages/airflow/example_dags/example_branch_operator_decorator.py
[2025-02-06T09:58:34.743+0000] {processor.py:208} INFO - Processing /opt/conda/lib/python3.12/site-packages/airflow/example_dags/example_branch_operator_decorator.py took 0.027 seconds
[2025-02-06T10:03:29.589+0000] {processor.py:186} INFO - Started process (PID=1845) to work on /opt/conda/lib/python3.12/site-packages/airflow/example_dags/example_branch_operator_decorator.py
[2025-02-06T10:03:29.590+0000] {processor.py:914} INFO - Processing file /opt/conda/lib/python3.12/site-packages/airflow/example_dags/example_branch_operator_decorator.py for tasks to queue
[2025-02-06T10:03:29.592+0000] {logging_mixin.py:190} INFO - [2025-02-06T10:03:29.592+0000] {dagbag.py:588} INFO - Filling up the DagBag from /opt/conda/lib/python3.12/site-packages/airflow/example_dags/example_branch_operator_decorator.py
[2025-02-06T10:03:29.597+0000] {processor.py:927} WARNING - No viable dags retrieved from /opt/conda/lib/python3.12/site-packages/airflow/example_dags/example_branch_operator_decorator.py
[2025-02-06T10:03:29.620+0000] {processor.py:208} INFO - Processing /opt/conda/lib/python3.12/site-packages/airflow/example_dags/example_branch_operator_decorator.py took 0.035 seconds
[2025-02-06T10:06:02.688+0000] {processor.py:186} INFO - Started process (PID=2065) to work on /opt/conda/lib/python3.12/site-packages/airflow/example_dags/example_branch_operator_decorator.py
[2025-02-06T10:06:02.689+0000] {processor.py:914} INFO - Processing file /opt/conda/lib/python3.12/site-packages/airflow/example_dags/example_branch_operator_decorator.py for tasks to queue
[2025-02-06T10:06:02.690+0000] {logging_mixin.py:190} INFO - [2025-02-06T10:06:02.690+0000] {dagbag.py:588} INFO - Filling up the DagBag from /opt/conda/lib/python3.12/site-packages/airflow/example_dags/example_branch_operator_decorator.py
[2025-02-06T10:06:02.694+0000] {processor.py:927} WARNING - No viable dags retrieved from /opt/conda/lib/python3.12/site-packages/airflow/example_dags/example_branch_operator_decorator.py
[2025-02-06T10:06:02.712+0000] {processor.py:208} INFO - Processing /opt/conda/lib/python3.12/site-packages/airflow/example_dags/example_branch_operator_decorator.py took 0.029 seconds
[2025-02-06T10:08:58.994+0000] {processor.py:186} INFO - Started process (PID=2341) to work on /opt/conda/lib/python3.12/site-packages/airflow/example_dags/example_branch_operator_decorator.py
[2025-02-06T10:08:58.996+0000] {processor.py:914} INFO - Processing file /opt/conda/lib/python3.12/site-packages/airflow/example_dags/example_branch_operator_decorator.py for tasks to queue
[2025-02-06T10:08:58.998+0000] {logging_mixin.py:190} INFO - [2025-02-06T10:08:58.997+0000] {dagbag.py:588} INFO - Filling up the DagBag from /opt/conda/lib/python3.12/site-packages/airflow/example_dags/example_branch_operator_decorator.py
[2025-02-06T10:08:59.001+0000] {processor.py:927} WARNING - No viable dags retrieved from /opt/conda/lib/python3.12/site-packages/airflow/example_dags/example_branch_operator_decorator.py
[2025-02-06T10:08:59.020+0000] {processor.py:208} INFO - Processing /opt/conda/lib/python3.12/site-packages/airflow/example_dags/example_branch_operator_decorator.py took 0.032 seconds
[2025-02-06T10:13:15.991+0000] {processor.py:186} INFO - Started process (PID=2783) to work on /opt/conda/lib/python3.12/site-packages/airflow/example_dags/example_branch_operator_decorator.py
[2025-02-06T10:13:15.992+0000] {processor.py:914} INFO - Processing file /opt/conda/lib/python3.12/site-packages/airflow/example_dags/example_branch_operator_decorator.py for tasks to queue
[2025-02-06T10:13:15.994+0000] {logging_mixin.py:190} INFO - [2025-02-06T10:13:15.993+0000] {dagbag.py:588} INFO - Filling up the DagBag from /opt/conda/lib/python3.12/site-packages/airflow/example_dags/example_branch_operator_decorator.py
[2025-02-06T10:13:15.997+0000] {processor.py:927} WARNING - No viable dags retrieved from /opt/conda/lib/python3.12/site-packages/airflow/example_dags/example_branch_operator_decorator.py
[2025-02-06T10:13:16.016+0000] {processor.py:208} INFO - Processing /opt/conda/lib/python3.12/site-packages/airflow/example_dags/example_branch_operator_decorator.py took 0.030 seconds
[2025-02-06T10:19:20.521+0000] {processor.py:186} INFO - Started process (PID=3414) to work on /opt/conda/lib/python3.12/site-packages/airflow/example_dags/example_branch_operator_decorator.py
[2025-02-06T10:19:20.522+0000] {processor.py:914} INFO - Processing file /opt/conda/lib/python3.12/site-packages/airflow/example_dags/example_branch_operator_decorator.py for tasks to queue
[2025-02-06T10:19:20.524+0000] {logging_mixin.py:190} INFO - [2025-02-06T10:19:20.523+0000] {dagbag.py:588} INFO - Filling up the DagBag from /opt/conda/lib/python3.12/site-packages/airflow/example_dags/example_branch_operator_decorator.py
[2025-02-06T10:19:20.527+0000] {processor.py:927} WARNING - No viable dags retrieved from /opt/conda/lib/python3.12/site-packages/airflow/example_dags/example_branch_operator_decorator.py
[2025-02-06T10:19:20.553+0000] {processor.py:208} INFO - Processing /opt/conda/lib/python3.12/site-packages/airflow/example_dags/example_branch_operator_decorator.py took 0.035 seconds
[2025-02-06T10:24:03.570+0000] {processor.py:186} INFO - Started process (PID=3885) to work on /opt/conda/lib/python3.12/site-packages/airflow/example_dags/example_branch_operator_decorator.py
[2025-02-06T10:24:03.571+0000] {processor.py:914} INFO - Processing file /opt/conda/lib/python3.12/site-packages/airflow/example_dags/example_branch_operator_decorator.py for tasks to queue
[2025-02-06T10:24:03.573+0000] {logging_mixin.py:190} INFO - [2025-02-06T10:24:03.573+0000] {dagbag.py:588} INFO - Filling up the DagBag from /opt/conda/lib/python3.12/site-packages/airflow/example_dags/example_branch_operator_decorator.py
[2025-02-06T10:24:03.577+0000] {processor.py:927} WARNING - No viable dags retrieved from /opt/conda/lib/python3.12/site-packages/airflow/example_dags/example_branch_operator_decorator.py
[2025-02-06T10:24:03.612+0000] {processor.py:208} INFO - Processing /opt/conda/lib/python3.12/site-packages/airflow/example_dags/example_branch_operator_decorator.py took 0.046 seconds
[2025-02-06T10:25:37.146+0000] {processor.py:186} INFO - Started process (PID=4019) to work on /opt/conda/lib/python3.12/site-packages/airflow/example_dags/example_branch_operator_decorator.py
[2025-02-06T10:25:37.147+0000] {processor.py:914} INFO - Processing file /opt/conda/lib/python3.12/site-packages/airflow/example_dags/example_branch_operator_decorator.py for tasks to queue
[2025-02-06T10:25:37.148+0000] {logging_mixin.py:190} INFO - [2025-02-06T10:25:37.148+0000] {dagbag.py:588} INFO - Filling up the DagBag from /opt/conda/lib/python3.12/site-packages/airflow/example_dags/example_branch_operator_decorator.py
[2025-02-06T10:25:37.152+0000] {processor.py:927} WARNING - No viable dags retrieved from /opt/conda/lib/python3.12/site-packages/airflow/example_dags/example_branch_operator_decorator.py
[2025-02-06T10:25:37.172+0000] {processor.py:208} INFO - Processing /opt/conda/lib/python3.12/site-packages/airflow/example_dags/example_branch_operator_decorator.py took 0.031 seconds
[2025-02-06T11:41:43.018+0000] {processor.py:186} INFO - Started process (PID=704) to work on /opt/conda/lib/python3.12/site-packages/airflow/example_dags/example_branch_operator_decorator.py
[2025-02-06T11:41:43.020+0000] {processor.py:914} INFO - Processing file /opt/conda/lib/python3.12/site-packages/airflow/example_dags/example_branch_operator_decorator.py for tasks to queue
[2025-02-06T11:41:43.023+0000] {logging_mixin.py:190} INFO - [2025-02-06T11:41:43.022+0000] {dagbag.py:588} INFO - Filling up the DagBag from /opt/conda/lib/python3.12/site-packages/airflow/example_dags/example_branch_operator_decorator.py
[2025-02-06T11:41:43.029+0000] {processor.py:927} WARNING - No viable dags retrieved from /opt/conda/lib/python3.12/site-packages/airflow/example_dags/example_branch_operator_decorator.py
[2025-02-06T11:41:43.067+0000] {processor.py:208} INFO - Processing /opt/conda/lib/python3.12/site-packages/airflow/example_dags/example_branch_operator_decorator.py took 0.055 seconds
[2025-02-06T11:46:00.015+0000] {processor.py:186} INFO - Started process (PID=1679) to work on /opt/conda/lib/python3.12/site-packages/airflow/example_dags/example_branch_operator_decorator.py
[2025-02-06T11:46:00.016+0000] {processor.py:914} INFO - Processing file /opt/conda/lib/python3.12/site-packages/airflow/example_dags/example_branch_operator_decorator.py for tasks to queue
[2025-02-06T11:46:00.020+0000] {logging_mixin.py:190} INFO - [2025-02-06T11:46:00.019+0000] {dagbag.py:588} INFO - Filling up the DagBag from /opt/conda/lib/python3.12/site-packages/airflow/example_dags/example_branch_operator_decorator.py
[2025-02-06T11:46:00.027+0000] {processor.py:927} WARNING - No viable dags retrieved from /opt/conda/lib/python3.12/site-packages/airflow/example_dags/example_branch_operator_decorator.py
[2025-02-06T11:46:00.051+0000] {processor.py:208} INFO - Processing /opt/conda/lib/python3.12/site-packages/airflow/example_dags/example_branch_operator_decorator.py took 0.043 seconds
[2025-02-06T11:49:59.182+0000] {processor.py:186} INFO - Started process (PID=2592) to work on /opt/conda/lib/python3.12/site-packages/airflow/example_dags/example_branch_operator_decorator.py
[2025-02-06T11:49:59.184+0000] {processor.py:914} INFO - Processing file /opt/conda/lib/python3.12/site-packages/airflow/example_dags/example_branch_operator_decorator.py for tasks to queue
[2025-02-06T11:49:59.185+0000] {logging_mixin.py:190} INFO - [2025-02-06T11:49:59.185+0000] {dagbag.py:588} INFO - Filling up the DagBag from /opt/conda/lib/python3.12/site-packages/airflow/example_dags/example_branch_operator_decorator.py
[2025-02-06T11:49:59.190+0000] {processor.py:927} WARNING - No viable dags retrieved from /opt/conda/lib/python3.12/site-packages/airflow/example_dags/example_branch_operator_decorator.py
[2025-02-06T11:49:59.208+0000] {processor.py:208} INFO - Processing /opt/conda/lib/python3.12/site-packages/airflow/example_dags/example_branch_operator_decorator.py took 0.030 seconds
[2025-02-06T11:53:36.478+0000] {processor.py:186} INFO - Started process (PID=3566) to work on /opt/conda/lib/python3.12/site-packages/airflow/example_dags/example_branch_operator_decorator.py
[2025-02-06T11:53:36.480+0000] {processor.py:914} INFO - Processing file /opt/conda/lib/python3.12/site-packages/airflow/example_dags/example_branch_operator_decorator.py for tasks to queue
[2025-02-06T11:53:36.482+0000] {logging_mixin.py:190} INFO - [2025-02-06T11:53:36.481+0000] {dagbag.py:588} INFO - Filling up the DagBag from /opt/conda/lib/python3.12/site-packages/airflow/example_dags/example_branch_operator_decorator.py
[2025-02-06T11:53:36.494+0000] {processor.py:927} WARNING - No viable dags retrieved from /opt/conda/lib/python3.12/site-packages/airflow/example_dags/example_branch_operator_decorator.py
[2025-02-06T11:53:36.530+0000] {processor.py:208} INFO - Processing /opt/conda/lib/python3.12/site-packages/airflow/example_dags/example_branch_operator_decorator.py took 0.059 seconds
[2025-02-06T12:05:22.241+0000] {processor.py:186} INFO - Started process (PID=722) to work on /opt/conda/lib/python3.12/site-packages/airflow/example_dags/example_branch_operator_decorator.py
[2025-02-06T12:05:22.242+0000] {processor.py:914} INFO - Processing file /opt/conda/lib/python3.12/site-packages/airflow/example_dags/example_branch_operator_decorator.py for tasks to queue
[2025-02-06T12:05:22.244+0000] {logging_mixin.py:190} INFO - [2025-02-06T12:05:22.244+0000] {dagbag.py:588} INFO - Filling up the DagBag from /opt/conda/lib/python3.12/site-packages/airflow/example_dags/example_branch_operator_decorator.py
[2025-02-06T12:05:22.247+0000] {processor.py:927} WARNING - No viable dags retrieved from /opt/conda/lib/python3.12/site-packages/airflow/example_dags/example_branch_operator_decorator.py
[2025-02-06T12:05:22.268+0000] {processor.py:208} INFO - Processing /opt/conda/lib/python3.12/site-packages/airflow/example_dags/example_branch_operator_decorator.py took 0.031 seconds
[2025-02-06T12:08:11.829+0000] {processor.py:186} INFO - Started process (PID=1737) to work on /opt/conda/lib/python3.12/site-packages/airflow/example_dags/example_branch_operator_decorator.py
[2025-02-06T12:08:11.830+0000] {processor.py:914} INFO - Processing file /opt/conda/lib/python3.12/site-packages/airflow/example_dags/example_branch_operator_decorator.py for tasks to queue
[2025-02-06T12:08:11.832+0000] {logging_mixin.py:190} INFO - [2025-02-06T12:08:11.832+0000] {dagbag.py:588} INFO - Filling up the DagBag from /opt/conda/lib/python3.12/site-packages/airflow/example_dags/example_branch_operator_decorator.py
[2025-02-06T12:08:11.840+0000] {processor.py:927} WARNING - No viable dags retrieved from /opt/conda/lib/python3.12/site-packages/airflow/example_dags/example_branch_operator_decorator.py
[2025-02-06T12:08:11.864+0000] {processor.py:208} INFO - Processing /opt/conda/lib/python3.12/site-packages/airflow/example_dags/example_branch_operator_decorator.py took 0.039 seconds
[2025-02-06T12:15:57.428+0000] {processor.py:186} INFO - Started process (PID=74) to work on /opt/conda/lib/python3.12/site-packages/airflow/example_dags/example_branch_operator_decorator.py
[2025-02-06T12:15:57.431+0000] {processor.py:914} INFO - Processing file /opt/conda/lib/python3.12/site-packages/airflow/example_dags/example_branch_operator_decorator.py for tasks to queue
[2025-02-06T12:15:57.434+0000] {logging_mixin.py:190} INFO - [2025-02-06T12:15:57.434+0000] {dagbag.py:588} INFO - Filling up the DagBag from /opt/conda/lib/python3.12/site-packages/airflow/example_dags/example_branch_operator_decorator.py
[2025-02-06T12:15:57.439+0000] {processor.py:927} WARNING - No viable dags retrieved from /opt/conda/lib/python3.12/site-packages/airflow/example_dags/example_branch_operator_decorator.py
[2025-02-06T12:15:57.462+0000] {processor.py:208} INFO - Processing /opt/conda/lib/python3.12/site-packages/airflow/example_dags/example_branch_operator_decorator.py took 0.039 seconds
[2025-02-06T12:17:11.779+0000] {processor.py:186} INFO - Started process (PID=74) to work on /opt/conda/lib/python3.12/site-packages/airflow/example_dags/example_branch_operator_decorator.py
[2025-02-06T12:17:11.781+0000] {processor.py:914} INFO - Processing file /opt/conda/lib/python3.12/site-packages/airflow/example_dags/example_branch_operator_decorator.py for tasks to queue
[2025-02-06T12:17:11.784+0000] {logging_mixin.py:190} INFO - [2025-02-06T12:17:11.783+0000] {dagbag.py:588} INFO - Filling up the DagBag from /opt/conda/lib/python3.12/site-packages/airflow/example_dags/example_branch_operator_decorator.py
[2025-02-06T12:17:11.789+0000] {processor.py:927} WARNING - No viable dags retrieved from /opt/conda/lib/python3.12/site-packages/airflow/example_dags/example_branch_operator_decorator.py
[2025-02-06T12:17:11.811+0000] {processor.py:208} INFO - Processing /opt/conda/lib/python3.12/site-packages/airflow/example_dags/example_branch_operator_decorator.py took 0.037 seconds
[2025-02-06T12:17:51.799+0000] {processor.py:186} INFO - Started process (PID=74) to work on /opt/conda/lib/python3.12/site-packages/airflow/example_dags/example_branch_operator_decorator.py
[2025-02-06T12:17:51.800+0000] {processor.py:914} INFO - Processing file /opt/conda/lib/python3.12/site-packages/airflow/example_dags/example_branch_operator_decorator.py for tasks to queue
[2025-02-06T12:17:51.805+0000] {logging_mixin.py:190} INFO - [2025-02-06T12:17:51.804+0000] {dagbag.py:588} INFO - Filling up the DagBag from /opt/conda/lib/python3.12/site-packages/airflow/example_dags/example_branch_operator_decorator.py
[2025-02-06T12:17:51.809+0000] {processor.py:927} WARNING - No viable dags retrieved from /opt/conda/lib/python3.12/site-packages/airflow/example_dags/example_branch_operator_decorator.py
[2025-02-06T12:17:51.835+0000] {processor.py:208} INFO - Processing /opt/conda/lib/python3.12/site-packages/airflow/example_dags/example_branch_operator_decorator.py took 0.043 seconds
[2025-02-06T12:18:35.461+0000] {processor.py:186} INFO - Started process (PID=74) to work on /opt/conda/lib/python3.12/site-packages/airflow/example_dags/example_branch_operator_decorator.py
[2025-02-06T12:18:35.462+0000] {processor.py:914} INFO - Processing file /opt/conda/lib/python3.12/site-packages/airflow/example_dags/example_branch_operator_decorator.py for tasks to queue
[2025-02-06T12:18:35.465+0000] {logging_mixin.py:190} INFO - [2025-02-06T12:18:35.464+0000] {dagbag.py:588} INFO - Filling up the DagBag from /opt/conda/lib/python3.12/site-packages/airflow/example_dags/example_branch_operator_decorator.py
[2025-02-06T12:18:35.468+0000] {processor.py:927} WARNING - No viable dags retrieved from /opt/conda/lib/python3.12/site-packages/airflow/example_dags/example_branch_operator_decorator.py
[2025-02-06T12:18:35.487+0000] {processor.py:208} INFO - Processing /opt/conda/lib/python3.12/site-packages/airflow/example_dags/example_branch_operator_decorator.py took 0.030 seconds
[2025-02-06T12:21:25.058+0000] {processor.py:186} INFO - Started process (PID=85) to work on /opt/conda/lib/python3.12/site-packages/airflow/example_dags/example_branch_operator_decorator.py
[2025-02-06T12:21:25.059+0000] {processor.py:914} INFO - Processing file /opt/conda/lib/python3.12/site-packages/airflow/example_dags/example_branch_operator_decorator.py for tasks to queue
[2025-02-06T12:21:25.061+0000] {logging_mixin.py:190} INFO - [2025-02-06T12:21:25.061+0000] {dagbag.py:588} INFO - Filling up the DagBag from /opt/conda/lib/python3.12/site-packages/airflow/example_dags/example_branch_operator_decorator.py
[2025-02-06T12:21:25.065+0000] {processor.py:927} WARNING - No viable dags retrieved from /opt/conda/lib/python3.12/site-packages/airflow/example_dags/example_branch_operator_decorator.py
[2025-02-06T12:21:25.083+0000] {processor.py:208} INFO - Processing /opt/conda/lib/python3.12/site-packages/airflow/example_dags/example_branch_operator_decorator.py took 0.028 seconds
[2025-02-06T12:23:06.377+0000] {processor.py:186} INFO - Started process (PID=700) to work on /opt/conda/lib/python3.12/site-packages/airflow/example_dags/example_branch_operator_decorator.py
[2025-02-06T12:23:06.378+0000] {processor.py:914} INFO - Processing file /opt/conda/lib/python3.12/site-packages/airflow/example_dags/example_branch_operator_decorator.py for tasks to queue
[2025-02-06T12:23:06.381+0000] {logging_mixin.py:190} INFO - [2025-02-06T12:23:06.380+0000] {dagbag.py:588} INFO - Filling up the DagBag from /opt/conda/lib/python3.12/site-packages/airflow/example_dags/example_branch_operator_decorator.py
[2025-02-06T12:23:06.386+0000] {processor.py:927} WARNING - No viable dags retrieved from /opt/conda/lib/python3.12/site-packages/airflow/example_dags/example_branch_operator_decorator.py
[2025-02-06T12:23:06.422+0000] {processor.py:208} INFO - Processing /opt/conda/lib/python3.12/site-packages/airflow/example_dags/example_branch_operator_decorator.py took 0.052 seconds
[2025-02-06T12:23:37.360+0000] {processor.py:186} INFO - Started process (PID=891) to work on /opt/conda/lib/python3.12/site-packages/airflow/example_dags/example_branch_operator_decorator.py
[2025-02-06T12:23:37.361+0000] {processor.py:914} INFO - Processing file /opt/conda/lib/python3.12/site-packages/airflow/example_dags/example_branch_operator_decorator.py for tasks to queue
[2025-02-06T12:23:37.363+0000] {logging_mixin.py:190} INFO - [2025-02-06T12:23:37.363+0000] {dagbag.py:588} INFO - Filling up the DagBag from /opt/conda/lib/python3.12/site-packages/airflow/example_dags/example_branch_operator_decorator.py
[2025-02-06T12:23:37.366+0000] {processor.py:927} WARNING - No viable dags retrieved from /opt/conda/lib/python3.12/site-packages/airflow/example_dags/example_branch_operator_decorator.py
[2025-02-06T12:23:37.386+0000] {processor.py:208} INFO - Processing /opt/conda/lib/python3.12/site-packages/airflow/example_dags/example_branch_operator_decorator.py took 0.031 seconds
[2025-02-06T12:26:21.431+0000] {processor.py:186} INFO - Started process (PID=1974) to work on /opt/conda/lib/python3.12/site-packages/airflow/example_dags/example_branch_operator_decorator.py
[2025-02-06T12:26:21.432+0000] {processor.py:914} INFO - Processing file /opt/conda/lib/python3.12/site-packages/airflow/example_dags/example_branch_operator_decorator.py for tasks to queue
[2025-02-06T12:26:21.434+0000] {logging_mixin.py:190} INFO - [2025-02-06T12:26:21.434+0000] {dagbag.py:588} INFO - Filling up the DagBag from /opt/conda/lib/python3.12/site-packages/airflow/example_dags/example_branch_operator_decorator.py
[2025-02-06T12:26:21.438+0000] {processor.py:927} WARNING - No viable dags retrieved from /opt/conda/lib/python3.12/site-packages/airflow/example_dags/example_branch_operator_decorator.py
[2025-02-06T12:26:21.456+0000] {processor.py:208} INFO - Processing /opt/conda/lib/python3.12/site-packages/airflow/example_dags/example_branch_operator_decorator.py took 0.029 seconds
[2025-02-06T12:30:11.279+0000] {processor.py:186} INFO - Started process (PID=3987) to work on /opt/conda/lib/python3.12/site-packages/airflow/example_dags/example_branch_operator_decorator.py
[2025-02-06T12:30:11.280+0000] {processor.py:914} INFO - Processing file /opt/conda/lib/python3.12/site-packages/airflow/example_dags/example_branch_operator_decorator.py for tasks to queue
[2025-02-06T12:30:11.282+0000] {logging_mixin.py:190} INFO - [2025-02-06T12:30:11.282+0000] {dagbag.py:588} INFO - Filling up the DagBag from /opt/conda/lib/python3.12/site-packages/airflow/example_dags/example_branch_operator_decorator.py
[2025-02-06T12:30:11.285+0000] {processor.py:927} WARNING - No viable dags retrieved from /opt/conda/lib/python3.12/site-packages/airflow/example_dags/example_branch_operator_decorator.py
[2025-02-06T12:30:11.300+0000] {processor.py:208} INFO - Processing /opt/conda/lib/python3.12/site-packages/airflow/example_dags/example_branch_operator_decorator.py took 0.025 seconds
[2025-02-06T12:34:13.165+0000] {processor.py:186} INFO - Started process (PID=6090) to work on /opt/conda/lib/python3.12/site-packages/airflow/example_dags/example_branch_operator_decorator.py
[2025-02-06T12:34:13.166+0000] {processor.py:914} INFO - Processing file /opt/conda/lib/python3.12/site-packages/airflow/example_dags/example_branch_operator_decorator.py for tasks to queue
[2025-02-06T12:34:13.168+0000] {logging_mixin.py:190} INFO - [2025-02-06T12:34:13.168+0000] {dagbag.py:588} INFO - Filling up the DagBag from /opt/conda/lib/python3.12/site-packages/airflow/example_dags/example_branch_operator_decorator.py
[2025-02-06T12:34:13.171+0000] {processor.py:927} WARNING - No viable dags retrieved from /opt/conda/lib/python3.12/site-packages/airflow/example_dags/example_branch_operator_decorator.py
[2025-02-06T12:34:13.188+0000] {processor.py:208} INFO - Processing /opt/conda/lib/python3.12/site-packages/airflow/example_dags/example_branch_operator_decorator.py took 0.026 seconds
[2025-02-06T12:38:27.177+0000] {processor.py:186} INFO - Started process (PID=8231) to work on /opt/conda/lib/python3.12/site-packages/airflow/example_dags/example_branch_operator_decorator.py
[2025-02-06T12:38:27.178+0000] {processor.py:914} INFO - Processing file /opt/conda/lib/python3.12/site-packages/airflow/example_dags/example_branch_operator_decorator.py for tasks to queue
[2025-02-06T12:38:27.179+0000] {logging_mixin.py:190} INFO - [2025-02-06T12:38:27.179+0000] {dagbag.py:588} INFO - Filling up the DagBag from /opt/conda/lib/python3.12/site-packages/airflow/example_dags/example_branch_operator_decorator.py
[2025-02-06T12:38:27.183+0000] {processor.py:927} WARNING - No viable dags retrieved from /opt/conda/lib/python3.12/site-packages/airflow/example_dags/example_branch_operator_decorator.py
[2025-02-06T12:38:27.200+0000] {processor.py:208} INFO - Processing /opt/conda/lib/python3.12/site-packages/airflow/example_dags/example_branch_operator_decorator.py took 0.028 seconds
[2025-02-06T12:42:31.194+0000] {processor.py:186} INFO - Started process (PID=10332) to work on /opt/conda/lib/python3.12/site-packages/airflow/example_dags/example_branch_operator_decorator.py
[2025-02-06T12:42:31.195+0000] {processor.py:914} INFO - Processing file /opt/conda/lib/python3.12/site-packages/airflow/example_dags/example_branch_operator_decorator.py for tasks to queue
[2025-02-06T12:42:31.197+0000] {logging_mixin.py:190} INFO - [2025-02-06T12:42:31.197+0000] {dagbag.py:588} INFO - Filling up the DagBag from /opt/conda/lib/python3.12/site-packages/airflow/example_dags/example_branch_operator_decorator.py
[2025-02-06T12:42:31.201+0000] {processor.py:927} WARNING - No viable dags retrieved from /opt/conda/lib/python3.12/site-packages/airflow/example_dags/example_branch_operator_decorator.py
[2025-02-06T12:42:31.223+0000] {processor.py:208} INFO - Processing /opt/conda/lib/python3.12/site-packages/airflow/example_dags/example_branch_operator_decorator.py took 0.034 seconds
[2025-02-06T12:46:38.171+0000] {processor.py:186} INFO - Started process (PID=12433) to work on /opt/conda/lib/python3.12/site-packages/airflow/example_dags/example_branch_operator_decorator.py
[2025-02-06T12:46:38.173+0000] {processor.py:914} INFO - Processing file /opt/conda/lib/python3.12/site-packages/airflow/example_dags/example_branch_operator_decorator.py for tasks to queue
[2025-02-06T12:46:38.175+0000] {logging_mixin.py:190} INFO - [2025-02-06T12:46:38.175+0000] {dagbag.py:588} INFO - Filling up the DagBag from /opt/conda/lib/python3.12/site-packages/airflow/example_dags/example_branch_operator_decorator.py
[2025-02-06T12:46:38.179+0000] {processor.py:927} WARNING - No viable dags retrieved from /opt/conda/lib/python3.12/site-packages/airflow/example_dags/example_branch_operator_decorator.py
[2025-02-06T12:46:38.199+0000] {processor.py:208} INFO - Processing /opt/conda/lib/python3.12/site-packages/airflow/example_dags/example_branch_operator_decorator.py took 0.032 seconds
[2025-02-06T12:52:53.241+0000] {processor.py:186} INFO - Started process (PID=15211) to work on /opt/conda/lib/python3.12/site-packages/airflow/example_dags/example_branch_operator_decorator.py
[2025-02-06T12:52:53.243+0000] {processor.py:914} INFO - Processing file /opt/conda/lib/python3.12/site-packages/airflow/example_dags/example_branch_operator_decorator.py for tasks to queue
[2025-02-06T12:52:53.245+0000] {logging_mixin.py:190} INFO - [2025-02-06T12:52:53.245+0000] {dagbag.py:588} INFO - Filling up the DagBag from /opt/conda/lib/python3.12/site-packages/airflow/example_dags/example_branch_operator_decorator.py
[2025-02-06T12:52:53.250+0000] {processor.py:927} WARNING - No viable dags retrieved from /opt/conda/lib/python3.12/site-packages/airflow/example_dags/example_branch_operator_decorator.py
[2025-02-06T12:52:53.274+0000] {processor.py:208} INFO - Processing /opt/conda/lib/python3.12/site-packages/airflow/example_dags/example_branch_operator_decorator.py took 0.040 seconds
[2025-02-06T12:57:36.151+0000] {processor.py:186} INFO - Started process (PID=130) to work on /opt/conda/lib/python3.12/site-packages/airflow/example_dags/example_branch_operator_decorator.py
[2025-02-06T12:57:36.152+0000] {processor.py:914} INFO - Processing file /opt/conda/lib/python3.12/site-packages/airflow/example_dags/example_branch_operator_decorator.py for tasks to queue
[2025-02-06T12:57:36.161+0000] {logging_mixin.py:190} INFO - [2025-02-06T12:57:36.159+0000] {dagbag.py:588} INFO - Filling up the DagBag from /opt/conda/lib/python3.12/site-packages/airflow/example_dags/example_branch_operator_decorator.py
[2025-02-06T12:57:36.166+0000] {processor.py:927} WARNING - No viable dags retrieved from /opt/conda/lib/python3.12/site-packages/airflow/example_dags/example_branch_operator_decorator.py
[2025-02-06T12:57:36.198+0000] {processor.py:208} INFO - Processing /opt/conda/lib/python3.12/site-packages/airflow/example_dags/example_branch_operator_decorator.py took 0.050 seconds
[2025-02-06T13:01:24.492+0000] {processor.py:186} INFO - Started process (PID=1107) to work on /opt/conda/lib/python3.12/site-packages/airflow/example_dags/example_branch_operator_decorator.py
[2025-02-06T13:01:24.493+0000] {processor.py:914} INFO - Processing file /opt/conda/lib/python3.12/site-packages/airflow/example_dags/example_branch_operator_decorator.py for tasks to queue
[2025-02-06T13:01:24.496+0000] {logging_mixin.py:190} INFO - [2025-02-06T13:01:24.495+0000] {dagbag.py:588} INFO - Filling up the DagBag from /opt/conda/lib/python3.12/site-packages/airflow/example_dags/example_branch_operator_decorator.py
[2025-02-06T13:01:24.501+0000] {processor.py:927} WARNING - No viable dags retrieved from /opt/conda/lib/python3.12/site-packages/airflow/example_dags/example_branch_operator_decorator.py
[2025-02-06T13:01:24.524+0000] {processor.py:208} INFO - Processing /opt/conda/lib/python3.12/site-packages/airflow/example_dags/example_branch_operator_decorator.py took 0.036 seconds
[2025-02-06T13:03:59.267+0000] {processor.py:186} INFO - Started process (PID=1938) to work on /opt/conda/lib/python3.12/site-packages/airflow/example_dags/example_branch_operator_decorator.py
[2025-02-06T13:03:59.268+0000] {processor.py:914} INFO - Processing file /opt/conda/lib/python3.12/site-packages/airflow/example_dags/example_branch_operator_decorator.py for tasks to queue
[2025-02-06T13:03:59.271+0000] {logging_mixin.py:190} INFO - [2025-02-06T13:03:59.270+0000] {dagbag.py:588} INFO - Filling up the DagBag from /opt/conda/lib/python3.12/site-packages/airflow/example_dags/example_branch_operator_decorator.py
[2025-02-06T13:03:59.276+0000] {processor.py:927} WARNING - No viable dags retrieved from /opt/conda/lib/python3.12/site-packages/airflow/example_dags/example_branch_operator_decorator.py
[2025-02-06T13:03:59.300+0000] {processor.py:208} INFO - Processing /opt/conda/lib/python3.12/site-packages/airflow/example_dags/example_branch_operator_decorator.py took 0.039 seconds
[2025-02-06T13:06:18.142+0000] {processor.py:186} INFO - Started process (PID=2676) to work on /opt/conda/lib/python3.12/site-packages/airflow/example_dags/example_branch_operator_decorator.py
[2025-02-06T13:06:18.143+0000] {processor.py:914} INFO - Processing file /opt/conda/lib/python3.12/site-packages/airflow/example_dags/example_branch_operator_decorator.py for tasks to queue
[2025-02-06T13:06:18.145+0000] {logging_mixin.py:190} INFO - [2025-02-06T13:06:18.145+0000] {dagbag.py:588} INFO - Filling up the DagBag from /opt/conda/lib/python3.12/site-packages/airflow/example_dags/example_branch_operator_decorator.py
[2025-02-06T13:06:18.151+0000] {processor.py:927} WARNING - No viable dags retrieved from /opt/conda/lib/python3.12/site-packages/airflow/example_dags/example_branch_operator_decorator.py
[2025-02-06T13:06:18.171+0000] {processor.py:208} INFO - Processing /opt/conda/lib/python3.12/site-packages/airflow/example_dags/example_branch_operator_decorator.py took 0.033 seconds
