[2025-02-06T08:27:24.574+0000] {processor.py:186} INFO - Started process (PID=75) to work on /opt/conda/lib/python3.12/site-packages/airflow/example_dags/example_dynamic_task_mapping.py
[2025-02-06T08:27:24.575+0000] {processor.py:914} INFO - Processing file /opt/conda/lib/python3.12/site-packages/airflow/example_dags/example_dynamic_task_mapping.py for tasks to queue
[2025-02-06T08:27:24.577+0000] {logging_mixin.py:190} INFO - [2025-02-06T08:27:24.577+0000] {dagbag.py:588} INFO - Filling up the DagBag from /opt/conda/lib/python3.12/site-packages/airflow/example_dags/example_dynamic_task_mapping.py
[2025-02-06T08:27:24.592+0000] {processor.py:925} INFO - DAG(s) 'example_dynamic_task_mapping' retrieved from /opt/conda/lib/python3.12/site-packages/airflow/example_dags/example_dynamic_task_mapping.py
[2025-02-06T08:27:24.729+0000] {logging_mixin.py:190} INFO - [2025-02-06T08:27:24.728+0000] {override.py:1912} INFO - Created Permission View: can delete on DAG:example_dynamic_task_mapping
[2025-02-06T08:27:24.766+0000] {logging_mixin.py:190} INFO - [2025-02-06T08:27:24.766+0000] {override.py:1912} INFO - Created Permission View: can read on DAG:example_dynamic_task_mapping
[2025-02-06T08:27:24.806+0000] {logging_mixin.py:190} INFO - [2025-02-06T08:27:24.805+0000] {override.py:1912} INFO - Created Permission View: can edit on DAG:example_dynamic_task_mapping
[2025-02-06T08:27:24.862+0000] {logging_mixin.py:190} INFO - [2025-02-06T08:27:24.861+0000] {override.py:1912} INFO - Created Permission View: menu access on DAG Run:example_dynamic_task_mapping
[2025-02-06T08:27:24.895+0000] {logging_mixin.py:190} INFO - [2025-02-06T08:27:24.895+0000] {override.py:1912} INFO - Created Permission View: can create on DAG Run:example_dynamic_task_mapping
[2025-02-06T08:27:24.934+0000] {logging_mixin.py:190} INFO - [2025-02-06T08:27:24.934+0000] {override.py:1912} INFO - Created Permission View: can read on DAG Run:example_dynamic_task_mapping
[2025-02-06T08:27:24.968+0000] {logging_mixin.py:190} INFO - [2025-02-06T08:27:24.968+0000] {override.py:1912} INFO - Created Permission View: can delete on DAG Run:example_dynamic_task_mapping
[2025-02-06T08:27:24.969+0000] {logging_mixin.py:190} INFO - [2025-02-06T08:27:24.969+0000] {dag.py:3239} INFO - Sync 1 DAGs
[2025-02-06T08:27:24.984+0000] {logging_mixin.py:190} INFO - [2025-02-06T08:27:24.984+0000] {dag.py:3262} INFO - Creating ORM DAG for example_dynamic_task_mapping
[2025-02-06T08:27:24.985+0000] {logging_mixin.py:190} INFO - [2025-02-06T08:27:24.985+0000] {dag.py:4180} INFO - Setting next_dagrun for example_dynamic_task_mapping to None, run_after=None
[2025-02-06T08:27:25.050+0000] {processor.py:208} INFO - Processing /opt/conda/lib/python3.12/site-packages/airflow/example_dags/example_dynamic_task_mapping.py took 0.481 seconds
[2025-02-06T08:31:00.678+0000] {processor.py:186} INFO - Started process (PID=76) to work on /opt/conda/lib/python3.12/site-packages/airflow/example_dags/example_dynamic_task_mapping.py
[2025-02-06T08:31:00.680+0000] {processor.py:914} INFO - Processing file /opt/conda/lib/python3.12/site-packages/airflow/example_dags/example_dynamic_task_mapping.py for tasks to queue
[2025-02-06T08:31:00.682+0000] {logging_mixin.py:190} INFO - [2025-02-06T08:31:00.682+0000] {dagbag.py:588} INFO - Filling up the DagBag from /opt/conda/lib/python3.12/site-packages/airflow/example_dags/example_dynamic_task_mapping.py
[2025-02-06T08:31:00.691+0000] {processor.py:925} INFO - DAG(s) 'example_dynamic_task_mapping' retrieved from /opt/conda/lib/python3.12/site-packages/airflow/example_dags/example_dynamic_task_mapping.py
[2025-02-06T08:31:00.722+0000] {logging_mixin.py:190} INFO - [2025-02-06T08:31:00.721+0000] {dag.py:3239} INFO - Sync 1 DAGs
[2025-02-06T08:31:00.739+0000] {logging_mixin.py:190} INFO - [2025-02-06T08:31:00.738+0000] {dag.py:4180} INFO - Setting next_dagrun for example_dynamic_task_mapping to None, run_after=None
[2025-02-06T08:31:00.805+0000] {processor.py:208} INFO - Processing /opt/conda/lib/python3.12/site-packages/airflow/example_dags/example_dynamic_task_mapping.py took 0.132 seconds
[2025-02-06T08:32:15.252+0000] {processor.py:186} INFO - Started process (PID=139) to work on /opt/conda/lib/python3.12/site-packages/airflow/example_dags/example_dynamic_task_mapping.py
[2025-02-06T08:32:15.253+0000] {processor.py:914} INFO - Processing file /opt/conda/lib/python3.12/site-packages/airflow/example_dags/example_dynamic_task_mapping.py for tasks to queue
[2025-02-06T08:32:15.254+0000] {logging_mixin.py:190} INFO - [2025-02-06T08:32:15.254+0000] {dagbag.py:588} INFO - Filling up the DagBag from /opt/conda/lib/python3.12/site-packages/airflow/example_dags/example_dynamic_task_mapping.py
[2025-02-06T08:32:15.261+0000] {processor.py:925} INFO - DAG(s) 'example_dynamic_task_mapping' retrieved from /opt/conda/lib/python3.12/site-packages/airflow/example_dags/example_dynamic_task_mapping.py
[2025-02-06T08:32:15.282+0000] {logging_mixin.py:190} INFO - [2025-02-06T08:32:15.282+0000] {dag.py:3239} INFO - Sync 1 DAGs
[2025-02-06T08:32:15.293+0000] {logging_mixin.py:190} INFO - [2025-02-06T08:32:15.293+0000] {dag.py:4180} INFO - Setting next_dagrun for example_dynamic_task_mapping to None, run_after=None
[2025-02-06T08:32:15.353+0000] {processor.py:208} INFO - Processing /opt/conda/lib/python3.12/site-packages/airflow/example_dags/example_dynamic_task_mapping.py took 0.105 seconds
[2025-02-06T08:33:22.784+0000] {processor.py:186} INFO - Started process (PID=200) to work on /opt/conda/lib/python3.12/site-packages/airflow/example_dags/example_dynamic_task_mapping.py
[2025-02-06T08:33:22.785+0000] {processor.py:914} INFO - Processing file /opt/conda/lib/python3.12/site-packages/airflow/example_dags/example_dynamic_task_mapping.py for tasks to queue
[2025-02-06T08:33:22.786+0000] {logging_mixin.py:190} INFO - [2025-02-06T08:33:22.786+0000] {dagbag.py:588} INFO - Filling up the DagBag from /opt/conda/lib/python3.12/site-packages/airflow/example_dags/example_dynamic_task_mapping.py
[2025-02-06T08:33:22.794+0000] {processor.py:925} INFO - DAG(s) 'example_dynamic_task_mapping' retrieved from /opt/conda/lib/python3.12/site-packages/airflow/example_dags/example_dynamic_task_mapping.py
[2025-02-06T08:33:22.824+0000] {logging_mixin.py:190} INFO - [2025-02-06T08:33:22.823+0000] {dag.py:3239} INFO - Sync 1 DAGs
[2025-02-06T08:33:22.837+0000] {logging_mixin.py:190} INFO - [2025-02-06T08:33:22.837+0000] {dag.py:4180} INFO - Setting next_dagrun for example_dynamic_task_mapping to None, run_after=None
[2025-02-06T08:33:22.893+0000] {processor.py:208} INFO - Processing /opt/conda/lib/python3.12/site-packages/airflow/example_dags/example_dynamic_task_mapping.py took 0.114 seconds
[2025-02-06T08:34:38.858+0000] {processor.py:186} INFO - Started process (PID=263) to work on /opt/conda/lib/python3.12/site-packages/airflow/example_dags/example_dynamic_task_mapping.py
[2025-02-06T08:34:38.859+0000] {processor.py:914} INFO - Processing file /opt/conda/lib/python3.12/site-packages/airflow/example_dags/example_dynamic_task_mapping.py for tasks to queue
[2025-02-06T08:34:38.860+0000] {logging_mixin.py:190} INFO - [2025-02-06T08:34:38.860+0000] {dagbag.py:588} INFO - Filling up the DagBag from /opt/conda/lib/python3.12/site-packages/airflow/example_dags/example_dynamic_task_mapping.py
[2025-02-06T08:34:38.868+0000] {processor.py:925} INFO - DAG(s) 'example_dynamic_task_mapping' retrieved from /opt/conda/lib/python3.12/site-packages/airflow/example_dags/example_dynamic_task_mapping.py
[2025-02-06T08:34:38.896+0000] {logging_mixin.py:190} INFO - [2025-02-06T08:34:38.896+0000] {dag.py:3239} INFO - Sync 1 DAGs
[2025-02-06T08:34:38.913+0000] {logging_mixin.py:190} INFO - [2025-02-06T08:34:38.912+0000] {dag.py:4180} INFO - Setting next_dagrun for example_dynamic_task_mapping to None, run_after=None
[2025-02-06T08:34:38.980+0000] {processor.py:208} INFO - Processing /opt/conda/lib/python3.12/site-packages/airflow/example_dags/example_dynamic_task_mapping.py took 0.128 seconds
[2025-02-06T08:35:54.649+0000] {processor.py:186} INFO - Started process (PID=329) to work on /opt/conda/lib/python3.12/site-packages/airflow/example_dags/example_dynamic_task_mapping.py
[2025-02-06T08:35:54.651+0000] {processor.py:914} INFO - Processing file /opt/conda/lib/python3.12/site-packages/airflow/example_dags/example_dynamic_task_mapping.py for tasks to queue
[2025-02-06T08:35:54.653+0000] {logging_mixin.py:190} INFO - [2025-02-06T08:35:54.653+0000] {dagbag.py:588} INFO - Filling up the DagBag from /opt/conda/lib/python3.12/site-packages/airflow/example_dags/example_dynamic_task_mapping.py
[2025-02-06T08:35:54.660+0000] {processor.py:925} INFO - DAG(s) 'example_dynamic_task_mapping' retrieved from /opt/conda/lib/python3.12/site-packages/airflow/example_dags/example_dynamic_task_mapping.py
[2025-02-06T08:35:54.693+0000] {logging_mixin.py:190} INFO - [2025-02-06T08:35:54.693+0000] {dag.py:3239} INFO - Sync 1 DAGs
[2025-02-06T08:35:54.706+0000] {logging_mixin.py:190} INFO - [2025-02-06T08:35:54.706+0000] {dag.py:4180} INFO - Setting next_dagrun for example_dynamic_task_mapping to None, run_after=None
[2025-02-06T08:35:54.786+0000] {processor.py:208} INFO - Processing /opt/conda/lib/python3.12/site-packages/airflow/example_dags/example_dynamic_task_mapping.py took 0.140 seconds
[2025-02-06T08:37:18.424+0000] {processor.py:186} INFO - Started process (PID=396) to work on /opt/conda/lib/python3.12/site-packages/airflow/example_dags/example_dynamic_task_mapping.py
[2025-02-06T08:37:18.425+0000] {processor.py:914} INFO - Processing file /opt/conda/lib/python3.12/site-packages/airflow/example_dags/example_dynamic_task_mapping.py for tasks to queue
[2025-02-06T08:37:18.426+0000] {logging_mixin.py:190} INFO - [2025-02-06T08:37:18.426+0000] {dagbag.py:588} INFO - Filling up the DagBag from /opt/conda/lib/python3.12/site-packages/airflow/example_dags/example_dynamic_task_mapping.py
[2025-02-06T08:37:18.433+0000] {processor.py:925} INFO - DAG(s) 'example_dynamic_task_mapping' retrieved from /opt/conda/lib/python3.12/site-packages/airflow/example_dags/example_dynamic_task_mapping.py
[2025-02-06T08:37:18.454+0000] {logging_mixin.py:190} INFO - [2025-02-06T08:37:18.454+0000] {dag.py:3239} INFO - Sync 1 DAGs
[2025-02-06T08:37:18.466+0000] {logging_mixin.py:190} INFO - [2025-02-06T08:37:18.466+0000] {dag.py:4180} INFO - Setting next_dagrun for example_dynamic_task_mapping to None, run_after=None
[2025-02-06T08:37:18.516+0000] {processor.py:208} INFO - Processing /opt/conda/lib/python3.12/site-packages/airflow/example_dags/example_dynamic_task_mapping.py took 0.096 seconds
[2025-02-06T08:38:33.054+0000] {processor.py:186} INFO - Started process (PID=461) to work on /opt/conda/lib/python3.12/site-packages/airflow/example_dags/example_dynamic_task_mapping.py
[2025-02-06T08:38:33.056+0000] {processor.py:914} INFO - Processing file /opt/conda/lib/python3.12/site-packages/airflow/example_dags/example_dynamic_task_mapping.py for tasks to queue
[2025-02-06T08:38:33.057+0000] {logging_mixin.py:190} INFO - [2025-02-06T08:38:33.057+0000] {dagbag.py:588} INFO - Filling up the DagBag from /opt/conda/lib/python3.12/site-packages/airflow/example_dags/example_dynamic_task_mapping.py
[2025-02-06T08:38:33.068+0000] {processor.py:925} INFO - DAG(s) 'example_dynamic_task_mapping' retrieved from /opt/conda/lib/python3.12/site-packages/airflow/example_dags/example_dynamic_task_mapping.py
[2025-02-06T08:38:33.091+0000] {logging_mixin.py:190} INFO - [2025-02-06T08:38:33.090+0000] {dag.py:3239} INFO - Sync 1 DAGs
[2025-02-06T08:38:33.107+0000] {logging_mixin.py:190} INFO - [2025-02-06T08:38:33.106+0000] {dag.py:4180} INFO - Setting next_dagrun for example_dynamic_task_mapping to None, run_after=None
[2025-02-06T08:38:33.166+0000] {processor.py:208} INFO - Processing /opt/conda/lib/python3.12/site-packages/airflow/example_dags/example_dynamic_task_mapping.py took 0.116 seconds
[2025-02-06T08:39:50.853+0000] {processor.py:186} INFO - Started process (PID=527) to work on /opt/conda/lib/python3.12/site-packages/airflow/example_dags/example_dynamic_task_mapping.py
[2025-02-06T08:39:50.854+0000] {processor.py:914} INFO - Processing file /opt/conda/lib/python3.12/site-packages/airflow/example_dags/example_dynamic_task_mapping.py for tasks to queue
[2025-02-06T08:39:50.855+0000] {logging_mixin.py:190} INFO - [2025-02-06T08:39:50.855+0000] {dagbag.py:588} INFO - Filling up the DagBag from /opt/conda/lib/python3.12/site-packages/airflow/example_dags/example_dynamic_task_mapping.py
[2025-02-06T08:39:50.863+0000] {processor.py:925} INFO - DAG(s) 'example_dynamic_task_mapping' retrieved from /opt/conda/lib/python3.12/site-packages/airflow/example_dags/example_dynamic_task_mapping.py
[2025-02-06T08:39:50.884+0000] {logging_mixin.py:190} INFO - [2025-02-06T08:39:50.884+0000] {dag.py:3239} INFO - Sync 1 DAGs
[2025-02-06T08:39:50.896+0000] {logging_mixin.py:190} INFO - [2025-02-06T08:39:50.896+0000] {dag.py:4180} INFO - Setting next_dagrun for example_dynamic_task_mapping to None, run_after=None
[2025-02-06T08:39:50.959+0000] {processor.py:208} INFO - Processing /opt/conda/lib/python3.12/site-packages/airflow/example_dags/example_dynamic_task_mapping.py took 0.110 seconds
[2025-02-06T08:41:08.820+0000] {processor.py:186} INFO - Started process (PID=593) to work on /opt/conda/lib/python3.12/site-packages/airflow/example_dags/example_dynamic_task_mapping.py
[2025-02-06T08:41:08.822+0000] {processor.py:914} INFO - Processing file /opt/conda/lib/python3.12/site-packages/airflow/example_dags/example_dynamic_task_mapping.py for tasks to queue
[2025-02-06T08:41:08.823+0000] {logging_mixin.py:190} INFO - [2025-02-06T08:41:08.822+0000] {dagbag.py:588} INFO - Filling up the DagBag from /opt/conda/lib/python3.12/site-packages/airflow/example_dags/example_dynamic_task_mapping.py
[2025-02-06T08:41:08.829+0000] {processor.py:925} INFO - DAG(s) 'example_dynamic_task_mapping' retrieved from /opt/conda/lib/python3.12/site-packages/airflow/example_dags/example_dynamic_task_mapping.py
[2025-02-06T08:41:08.850+0000] {logging_mixin.py:190} INFO - [2025-02-06T08:41:08.850+0000] {dag.py:3239} INFO - Sync 1 DAGs
[2025-02-06T08:41:08.864+0000] {logging_mixin.py:190} INFO - [2025-02-06T08:41:08.863+0000] {dag.py:4180} INFO - Setting next_dagrun for example_dynamic_task_mapping to None, run_after=None
[2025-02-06T08:41:08.916+0000] {processor.py:208} INFO - Processing /opt/conda/lib/python3.12/site-packages/airflow/example_dags/example_dynamic_task_mapping.py took 0.100 seconds
[2025-02-06T08:42:23.720+0000] {processor.py:186} INFO - Started process (PID=657) to work on /opt/conda/lib/python3.12/site-packages/airflow/example_dags/example_dynamic_task_mapping.py
[2025-02-06T08:42:23.721+0000] {processor.py:914} INFO - Processing file /opt/conda/lib/python3.12/site-packages/airflow/example_dags/example_dynamic_task_mapping.py for tasks to queue
[2025-02-06T08:42:23.723+0000] {logging_mixin.py:190} INFO - [2025-02-06T08:42:23.723+0000] {dagbag.py:588} INFO - Filling up the DagBag from /opt/conda/lib/python3.12/site-packages/airflow/example_dags/example_dynamic_task_mapping.py
[2025-02-06T08:42:23.730+0000] {processor.py:925} INFO - DAG(s) 'example_dynamic_task_mapping' retrieved from /opt/conda/lib/python3.12/site-packages/airflow/example_dags/example_dynamic_task_mapping.py
[2025-02-06T08:42:23.753+0000] {logging_mixin.py:190} INFO - [2025-02-06T08:42:23.752+0000] {dag.py:3239} INFO - Sync 1 DAGs
[2025-02-06T08:42:23.766+0000] {logging_mixin.py:190} INFO - [2025-02-06T08:42:23.766+0000] {dag.py:4180} INFO - Setting next_dagrun for example_dynamic_task_mapping to None, run_after=None
[2025-02-06T08:42:23.825+0000] {processor.py:208} INFO - Processing /opt/conda/lib/python3.12/site-packages/airflow/example_dags/example_dynamic_task_mapping.py took 0.109 seconds
[2025-02-06T08:43:55.312+0000] {processor.py:186} INFO - Started process (PID=76) to work on /opt/conda/lib/python3.12/site-packages/airflow/example_dags/example_dynamic_task_mapping.py
[2025-02-06T08:43:55.313+0000] {processor.py:914} INFO - Processing file /opt/conda/lib/python3.12/site-packages/airflow/example_dags/example_dynamic_task_mapping.py for tasks to queue
[2025-02-06T08:43:55.316+0000] {logging_mixin.py:190} INFO - [2025-02-06T08:43:55.316+0000] {dagbag.py:588} INFO - Filling up the DagBag from /opt/conda/lib/python3.12/site-packages/airflow/example_dags/example_dynamic_task_mapping.py
[2025-02-06T08:43:55.322+0000] {processor.py:925} INFO - DAG(s) 'example_dynamic_task_mapping' retrieved from /opt/conda/lib/python3.12/site-packages/airflow/example_dags/example_dynamic_task_mapping.py
[2025-02-06T08:43:55.342+0000] {logging_mixin.py:190} INFO - [2025-02-06T08:43:55.342+0000] {dag.py:3239} INFO - Sync 1 DAGs
[2025-02-06T08:43:55.354+0000] {logging_mixin.py:190} INFO - [2025-02-06T08:43:55.354+0000] {dag.py:4180} INFO - Setting next_dagrun for example_dynamic_task_mapping to None, run_after=None
[2025-02-06T08:43:55.412+0000] {processor.py:208} INFO - Processing /opt/conda/lib/python3.12/site-packages/airflow/example_dags/example_dynamic_task_mapping.py took 0.104 seconds
[2025-02-06T08:45:11.032+0000] {processor.py:186} INFO - Started process (PID=142) to work on /opt/conda/lib/python3.12/site-packages/airflow/example_dags/example_dynamic_task_mapping.py
[2025-02-06T08:45:11.033+0000] {processor.py:914} INFO - Processing file /opt/conda/lib/python3.12/site-packages/airflow/example_dags/example_dynamic_task_mapping.py for tasks to queue
[2025-02-06T08:45:11.035+0000] {logging_mixin.py:190} INFO - [2025-02-06T08:45:11.034+0000] {dagbag.py:588} INFO - Filling up the DagBag from /opt/conda/lib/python3.12/site-packages/airflow/example_dags/example_dynamic_task_mapping.py
[2025-02-06T08:45:11.040+0000] {processor.py:925} INFO - DAG(s) 'example_dynamic_task_mapping' retrieved from /opt/conda/lib/python3.12/site-packages/airflow/example_dags/example_dynamic_task_mapping.py
[2025-02-06T08:45:11.061+0000] {logging_mixin.py:190} INFO - [2025-02-06T08:45:11.061+0000] {dag.py:3239} INFO - Sync 1 DAGs
[2025-02-06T08:45:11.072+0000] {logging_mixin.py:190} INFO - [2025-02-06T08:45:11.071+0000] {dag.py:4180} INFO - Setting next_dagrun for example_dynamic_task_mapping to None, run_after=None
[2025-02-06T08:45:11.142+0000] {processor.py:208} INFO - Processing /opt/conda/lib/python3.12/site-packages/airflow/example_dags/example_dynamic_task_mapping.py took 0.114 seconds
[2025-02-06T08:47:42.744+0000] {processor.py:186} INFO - Started process (PID=383) to work on /opt/conda/lib/python3.12/site-packages/airflow/example_dags/example_dynamic_task_mapping.py
[2025-02-06T08:47:42.745+0000] {processor.py:914} INFO - Processing file /opt/conda/lib/python3.12/site-packages/airflow/example_dags/example_dynamic_task_mapping.py for tasks to queue
[2025-02-06T08:47:42.747+0000] {logging_mixin.py:190} INFO - [2025-02-06T08:47:42.747+0000] {dagbag.py:588} INFO - Filling up the DagBag from /opt/conda/lib/python3.12/site-packages/airflow/example_dags/example_dynamic_task_mapping.py
[2025-02-06T08:47:42.756+0000] {processor.py:925} INFO - DAG(s) 'example_dynamic_task_mapping' retrieved from /opt/conda/lib/python3.12/site-packages/airflow/example_dags/example_dynamic_task_mapping.py
[2025-02-06T08:47:42.777+0000] {logging_mixin.py:190} INFO - [2025-02-06T08:47:42.777+0000] {dag.py:3239} INFO - Sync 1 DAGs
[2025-02-06T08:47:42.790+0000] {logging_mixin.py:190} INFO - [2025-02-06T08:47:42.789+0000] {dag.py:4180} INFO - Setting next_dagrun for example_dynamic_task_mapping to None, run_after=None
[2025-02-06T08:47:42.876+0000] {processor.py:208} INFO - Processing /opt/conda/lib/python3.12/site-packages/airflow/example_dags/example_dynamic_task_mapping.py took 0.138 seconds
[2025-02-06T08:50:00.805+0000] {processor.py:186} INFO - Started process (PID=272) to work on /opt/conda/lib/python3.12/site-packages/airflow/example_dags/example_dynamic_task_mapping.py
[2025-02-06T08:50:00.806+0000] {processor.py:914} INFO - Processing file /opt/conda/lib/python3.12/site-packages/airflow/example_dags/example_dynamic_task_mapping.py for tasks to queue
[2025-02-06T08:50:00.809+0000] {logging_mixin.py:190} INFO - [2025-02-06T08:50:00.809+0000] {dagbag.py:588} INFO - Filling up the DagBag from /opt/conda/lib/python3.12/site-packages/airflow/example_dags/example_dynamic_task_mapping.py
[2025-02-06T08:50:00.815+0000] {processor.py:925} INFO - DAG(s) 'example_dynamic_task_mapping' retrieved from /opt/conda/lib/python3.12/site-packages/airflow/example_dags/example_dynamic_task_mapping.py
[2025-02-06T08:50:00.836+0000] {logging_mixin.py:190} INFO - [2025-02-06T08:50:00.836+0000] {dag.py:3239} INFO - Sync 1 DAGs
[2025-02-06T08:50:00.848+0000] {logging_mixin.py:190} INFO - [2025-02-06T08:50:00.847+0000] {dag.py:4180} INFO - Setting next_dagrun for example_dynamic_task_mapping to None, run_after=None
[2025-02-06T08:50:00.897+0000] {processor.py:208} INFO - Processing /opt/conda/lib/python3.12/site-packages/airflow/example_dags/example_dynamic_task_mapping.py took 0.096 seconds
[2025-02-06T08:53:08.828+0000] {processor.py:186} INFO - Started process (PID=618) to work on /opt/conda/lib/python3.12/site-packages/airflow/example_dags/example_dynamic_task_mapping.py
[2025-02-06T08:53:08.829+0000] {processor.py:914} INFO - Processing file /opt/conda/lib/python3.12/site-packages/airflow/example_dags/example_dynamic_task_mapping.py for tasks to queue
[2025-02-06T08:53:08.830+0000] {logging_mixin.py:190} INFO - [2025-02-06T08:53:08.830+0000] {dagbag.py:588} INFO - Filling up the DagBag from /opt/conda/lib/python3.12/site-packages/airflow/example_dags/example_dynamic_task_mapping.py
[2025-02-06T08:53:08.838+0000] {processor.py:925} INFO - DAG(s) 'example_dynamic_task_mapping' retrieved from /opt/conda/lib/python3.12/site-packages/airflow/example_dags/example_dynamic_task_mapping.py
[2025-02-06T08:53:08.857+0000] {logging_mixin.py:190} INFO - [2025-02-06T08:53:08.857+0000] {dag.py:3239} INFO - Sync 1 DAGs
[2025-02-06T08:53:08.869+0000] {logging_mixin.py:190} INFO - [2025-02-06T08:53:08.869+0000] {dag.py:4180} INFO - Setting next_dagrun for example_dynamic_task_mapping to None, run_after=None
[2025-02-06T08:53:08.919+0000] {processor.py:208} INFO - Processing /opt/conda/lib/python3.12/site-packages/airflow/example_dags/example_dynamic_task_mapping.py took 0.095 seconds
[2025-02-06T08:58:07.640+0000] {processor.py:186} INFO - Started process (PID=1150) to work on /opt/conda/lib/python3.12/site-packages/airflow/example_dags/example_dynamic_task_mapping.py
[2025-02-06T08:58:07.641+0000] {processor.py:914} INFO - Processing file /opt/conda/lib/python3.12/site-packages/airflow/example_dags/example_dynamic_task_mapping.py for tasks to queue
[2025-02-06T08:58:07.643+0000] {logging_mixin.py:190} INFO - [2025-02-06T08:58:07.642+0000] {dagbag.py:588} INFO - Filling up the DagBag from /opt/conda/lib/python3.12/site-packages/airflow/example_dags/example_dynamic_task_mapping.py
[2025-02-06T08:58:07.649+0000] {processor.py:925} INFO - DAG(s) 'example_dynamic_task_mapping' retrieved from /opt/conda/lib/python3.12/site-packages/airflow/example_dags/example_dynamic_task_mapping.py
[2025-02-06T08:58:07.672+0000] {logging_mixin.py:190} INFO - [2025-02-06T08:58:07.672+0000] {dag.py:3239} INFO - Sync 1 DAGs
[2025-02-06T08:58:07.689+0000] {logging_mixin.py:190} INFO - [2025-02-06T08:58:07.688+0000] {dag.py:4180} INFO - Setting next_dagrun for example_dynamic_task_mapping to None, run_after=None
[2025-02-06T08:58:07.752+0000] {processor.py:208} INFO - Processing /opt/conda/lib/python3.12/site-packages/airflow/example_dags/example_dynamic_task_mapping.py took 0.117 seconds
[2025-02-06T09:05:52.859+0000] {processor.py:186} INFO - Started process (PID=200) to work on /opt/conda/lib/python3.12/site-packages/airflow/example_dags/example_dynamic_task_mapping.py
[2025-02-06T09:05:52.860+0000] {processor.py:914} INFO - Processing file /opt/conda/lib/python3.12/site-packages/airflow/example_dags/example_dynamic_task_mapping.py for tasks to queue
[2025-02-06T09:05:52.863+0000] {logging_mixin.py:190} INFO - [2025-02-06T09:05:52.863+0000] {dagbag.py:588} INFO - Filling up the DagBag from /opt/conda/lib/python3.12/site-packages/airflow/example_dags/example_dynamic_task_mapping.py
[2025-02-06T09:05:52.868+0000] {processor.py:925} INFO - DAG(s) 'example_dynamic_task_mapping' retrieved from /opt/conda/lib/python3.12/site-packages/airflow/example_dags/example_dynamic_task_mapping.py
[2025-02-06T09:05:52.888+0000] {logging_mixin.py:190} INFO - [2025-02-06T09:05:52.888+0000] {dag.py:3239} INFO - Sync 1 DAGs
[2025-02-06T09:05:52.903+0000] {logging_mixin.py:190} INFO - [2025-02-06T09:05:52.902+0000] {dag.py:4180} INFO - Setting next_dagrun for example_dynamic_task_mapping to None, run_after=None
[2025-02-06T09:05:52.961+0000] {processor.py:208} INFO - Processing /opt/conda/lib/python3.12/site-packages/airflow/example_dags/example_dynamic_task_mapping.py took 0.105 seconds
[2025-02-06T09:08:51.174+0000] {processor.py:186} INFO - Started process (PID=530) to work on /opt/conda/lib/python3.12/site-packages/airflow/example_dags/example_dynamic_task_mapping.py
[2025-02-06T09:08:51.175+0000] {processor.py:914} INFO - Processing file /opt/conda/lib/python3.12/site-packages/airflow/example_dags/example_dynamic_task_mapping.py for tasks to queue
[2025-02-06T09:08:51.177+0000] {logging_mixin.py:190} INFO - [2025-02-06T09:08:51.177+0000] {dagbag.py:588} INFO - Filling up the DagBag from /opt/conda/lib/python3.12/site-packages/airflow/example_dags/example_dynamic_task_mapping.py
[2025-02-06T09:08:51.183+0000] {processor.py:925} INFO - DAG(s) 'example_dynamic_task_mapping' retrieved from /opt/conda/lib/python3.12/site-packages/airflow/example_dags/example_dynamic_task_mapping.py
[2025-02-06T09:08:51.203+0000] {logging_mixin.py:190} INFO - [2025-02-06T09:08:51.203+0000] {dag.py:3239} INFO - Sync 1 DAGs
[2025-02-06T09:08:51.213+0000] {logging_mixin.py:190} INFO - [2025-02-06T09:08:51.213+0000] {dag.py:4180} INFO - Setting next_dagrun for example_dynamic_task_mapping to None, run_after=None
[2025-02-06T09:08:51.283+0000] {processor.py:208} INFO - Processing /opt/conda/lib/python3.12/site-packages/airflow/example_dags/example_dynamic_task_mapping.py took 0.113 seconds
[2025-02-06T09:13:29.615+0000] {processor.py:186} INFO - Started process (PID=1052) to work on /opt/conda/lib/python3.12/site-packages/airflow/example_dags/example_dynamic_task_mapping.py
[2025-02-06T09:13:29.616+0000] {processor.py:914} INFO - Processing file /opt/conda/lib/python3.12/site-packages/airflow/example_dags/example_dynamic_task_mapping.py for tasks to queue
[2025-02-06T09:13:29.618+0000] {logging_mixin.py:190} INFO - [2025-02-06T09:13:29.617+0000] {dagbag.py:588} INFO - Filling up the DagBag from /opt/conda/lib/python3.12/site-packages/airflow/example_dags/example_dynamic_task_mapping.py
[2025-02-06T09:13:29.624+0000] {processor.py:925} INFO - DAG(s) 'example_dynamic_task_mapping' retrieved from /opt/conda/lib/python3.12/site-packages/airflow/example_dags/example_dynamic_task_mapping.py
[2025-02-06T09:13:29.644+0000] {logging_mixin.py:190} INFO - [2025-02-06T09:13:29.644+0000] {dag.py:3239} INFO - Sync 1 DAGs
[2025-02-06T09:13:29.658+0000] {logging_mixin.py:190} INFO - [2025-02-06T09:13:29.658+0000] {dag.py:4180} INFO - Setting next_dagrun for example_dynamic_task_mapping to None, run_after=None
[2025-02-06T09:13:29.719+0000] {processor.py:208} INFO - Processing /opt/conda/lib/python3.12/site-packages/airflow/example_dags/example_dynamic_task_mapping.py took 0.108 seconds
[2025-02-06T09:18:00.885+0000] {processor.py:186} INFO - Started process (PID=1560) to work on /opt/conda/lib/python3.12/site-packages/airflow/example_dags/example_dynamic_task_mapping.py
[2025-02-06T09:18:00.886+0000] {processor.py:914} INFO - Processing file /opt/conda/lib/python3.12/site-packages/airflow/example_dags/example_dynamic_task_mapping.py for tasks to queue
[2025-02-06T09:18:00.888+0000] {logging_mixin.py:190} INFO - [2025-02-06T09:18:00.887+0000] {dagbag.py:588} INFO - Filling up the DagBag from /opt/conda/lib/python3.12/site-packages/airflow/example_dags/example_dynamic_task_mapping.py
[2025-02-06T09:18:00.894+0000] {processor.py:925} INFO - DAG(s) 'example_dynamic_task_mapping' retrieved from /opt/conda/lib/python3.12/site-packages/airflow/example_dags/example_dynamic_task_mapping.py
[2025-02-06T09:18:00.914+0000] {logging_mixin.py:190} INFO - [2025-02-06T09:18:00.914+0000] {dag.py:3239} INFO - Sync 1 DAGs
[2025-02-06T09:18:01.011+0000] {logging_mixin.py:190} INFO - [2025-02-06T09:18:01.011+0000] {dag.py:4180} INFO - Setting next_dagrun for example_dynamic_task_mapping to None, run_after=None
[2025-02-06T09:18:01.061+0000] {processor.py:208} INFO - Processing /opt/conda/lib/python3.12/site-packages/airflow/example_dags/example_dynamic_task_mapping.py took 0.180 seconds
[2025-02-06T09:23:33.569+0000] {processor.py:186} INFO - Started process (PID=2114) to work on /opt/conda/lib/python3.12/site-packages/airflow/example_dags/example_dynamic_task_mapping.py
[2025-02-06T09:23:33.570+0000] {processor.py:914} INFO - Processing file /opt/conda/lib/python3.12/site-packages/airflow/example_dags/example_dynamic_task_mapping.py for tasks to queue
[2025-02-06T09:23:33.574+0000] {logging_mixin.py:190} INFO - [2025-02-06T09:23:33.573+0000] {dagbag.py:588} INFO - Filling up the DagBag from /opt/conda/lib/python3.12/site-packages/airflow/example_dags/example_dynamic_task_mapping.py
[2025-02-06T09:23:33.580+0000] {processor.py:925} INFO - DAG(s) 'example_dynamic_task_mapping' retrieved from /opt/conda/lib/python3.12/site-packages/airflow/example_dags/example_dynamic_task_mapping.py
[2025-02-06T09:23:33.601+0000] {logging_mixin.py:190} INFO - [2025-02-06T09:23:33.600+0000] {dag.py:3239} INFO - Sync 1 DAGs
[2025-02-06T09:23:33.614+0000] {logging_mixin.py:190} INFO - [2025-02-06T09:23:33.614+0000] {dag.py:4180} INFO - Setting next_dagrun for example_dynamic_task_mapping to None, run_after=None
[2025-02-06T09:23:33.667+0000] {processor.py:208} INFO - Processing /opt/conda/lib/python3.12/site-packages/airflow/example_dags/example_dynamic_task_mapping.py took 0.101 seconds
[2025-02-06T09:26:43.749+0000] {processor.py:186} INFO - Started process (PID=278) to work on /opt/conda/lib/python3.12/site-packages/airflow/example_dags/example_dynamic_task_mapping.py
[2025-02-06T09:26:43.750+0000] {processor.py:914} INFO - Processing file /opt/conda/lib/python3.12/site-packages/airflow/example_dags/example_dynamic_task_mapping.py for tasks to queue
[2025-02-06T09:26:43.752+0000] {logging_mixin.py:190} INFO - [2025-02-06T09:26:43.752+0000] {dagbag.py:588} INFO - Filling up the DagBag from /opt/conda/lib/python3.12/site-packages/airflow/example_dags/example_dynamic_task_mapping.py
[2025-02-06T09:26:43.759+0000] {processor.py:925} INFO - DAG(s) 'example_dynamic_task_mapping' retrieved from /opt/conda/lib/python3.12/site-packages/airflow/example_dags/example_dynamic_task_mapping.py
[2025-02-06T09:26:43.791+0000] {logging_mixin.py:190} INFO - [2025-02-06T09:26:43.791+0000] {dag.py:3239} INFO - Sync 1 DAGs
[2025-02-06T09:26:43.804+0000] {logging_mixin.py:190} INFO - [2025-02-06T09:26:43.804+0000] {dag.py:4180} INFO - Setting next_dagrun for example_dynamic_task_mapping to None, run_after=None
[2025-02-06T09:26:43.851+0000] {processor.py:208} INFO - Processing /opt/conda/lib/python3.12/site-packages/airflow/example_dags/example_dynamic_task_mapping.py took 0.107 seconds
[2025-02-06T09:33:29.386+0000] {processor.py:186} INFO - Started process (PID=501) to work on /opt/conda/lib/python3.12/site-packages/airflow/example_dags/example_dynamic_task_mapping.py
[2025-02-06T09:33:29.387+0000] {processor.py:914} INFO - Processing file /opt/conda/lib/python3.12/site-packages/airflow/example_dags/example_dynamic_task_mapping.py for tasks to queue
[2025-02-06T09:33:29.390+0000] {logging_mixin.py:190} INFO - [2025-02-06T09:33:29.389+0000] {dagbag.py:588} INFO - Filling up the DagBag from /opt/conda/lib/python3.12/site-packages/airflow/example_dags/example_dynamic_task_mapping.py
[2025-02-06T09:33:29.396+0000] {processor.py:925} INFO - DAG(s) 'example_dynamic_task_mapping' retrieved from /opt/conda/lib/python3.12/site-packages/airflow/example_dags/example_dynamic_task_mapping.py
[2025-02-06T09:33:29.416+0000] {logging_mixin.py:190} INFO - [2025-02-06T09:33:29.416+0000] {dag.py:3239} INFO - Sync 1 DAGs
[2025-02-06T09:33:29.428+0000] {logging_mixin.py:190} INFO - [2025-02-06T09:33:29.427+0000] {dag.py:4180} INFO - Setting next_dagrun for example_dynamic_task_mapping to None, run_after=None
[2025-02-06T09:33:29.490+0000] {processor.py:208} INFO - Processing /opt/conda/lib/python3.12/site-packages/airflow/example_dags/example_dynamic_task_mapping.py took 0.107 seconds
[2025-02-06T09:38:48.490+0000] {processor.py:186} INFO - Started process (PID=1075) to work on /opt/conda/lib/python3.12/site-packages/airflow/example_dags/example_dynamic_task_mapping.py
[2025-02-06T09:38:48.491+0000] {processor.py:914} INFO - Processing file /opt/conda/lib/python3.12/site-packages/airflow/example_dags/example_dynamic_task_mapping.py for tasks to queue
[2025-02-06T09:38:48.493+0000] {logging_mixin.py:190} INFO - [2025-02-06T09:38:48.492+0000] {dagbag.py:588} INFO - Filling up the DagBag from /opt/conda/lib/python3.12/site-packages/airflow/example_dags/example_dynamic_task_mapping.py
[2025-02-06T09:38:48.499+0000] {processor.py:925} INFO - DAG(s) 'example_dynamic_task_mapping' retrieved from /opt/conda/lib/python3.12/site-packages/airflow/example_dags/example_dynamic_task_mapping.py
[2025-02-06T09:38:48.522+0000] {logging_mixin.py:190} INFO - [2025-02-06T09:38:48.522+0000] {dag.py:3239} INFO - Sync 1 DAGs
[2025-02-06T09:38:48.534+0000] {logging_mixin.py:190} INFO - [2025-02-06T09:38:48.533+0000] {dag.py:4180} INFO - Setting next_dagrun for example_dynamic_task_mapping to None, run_after=None
[2025-02-06T09:38:48.596+0000] {processor.py:208} INFO - Processing /opt/conda/lib/python3.12/site-packages/airflow/example_dags/example_dynamic_task_mapping.py took 0.110 seconds
[2025-02-06T09:42:56.580+0000] {processor.py:186} INFO - Started process (PID=1493) to work on /opt/conda/lib/python3.12/site-packages/airflow/example_dags/example_dynamic_task_mapping.py
[2025-02-06T09:42:56.581+0000] {processor.py:914} INFO - Processing file /opt/conda/lib/python3.12/site-packages/airflow/example_dags/example_dynamic_task_mapping.py for tasks to queue
[2025-02-06T09:42:56.583+0000] {logging_mixin.py:190} INFO - [2025-02-06T09:42:56.582+0000] {dagbag.py:588} INFO - Filling up the DagBag from /opt/conda/lib/python3.12/site-packages/airflow/example_dags/example_dynamic_task_mapping.py
[2025-02-06T09:42:56.589+0000] {processor.py:925} INFO - DAG(s) 'example_dynamic_task_mapping' retrieved from /opt/conda/lib/python3.12/site-packages/airflow/example_dags/example_dynamic_task_mapping.py
[2025-02-06T09:42:56.624+0000] {logging_mixin.py:190} INFO - [2025-02-06T09:42:56.624+0000] {dag.py:3239} INFO - Sync 1 DAGs
[2025-02-06T09:42:56.635+0000] {logging_mixin.py:190} INFO - [2025-02-06T09:42:56.635+0000] {dag.py:4180} INFO - Setting next_dagrun for example_dynamic_task_mapping to None, run_after=None
[2025-02-06T09:42:56.695+0000] {processor.py:208} INFO - Processing /opt/conda/lib/python3.12/site-packages/airflow/example_dags/example_dynamic_task_mapping.py took 0.120 seconds
[2025-02-06T09:50:57.831+0000] {processor.py:186} INFO - Started process (PID=484) to work on /opt/conda/lib/python3.12/site-packages/airflow/example_dags/example_dynamic_task_mapping.py
[2025-02-06T09:50:57.831+0000] {processor.py:914} INFO - Processing file /opt/conda/lib/python3.12/site-packages/airflow/example_dags/example_dynamic_task_mapping.py for tasks to queue
[2025-02-06T09:50:57.834+0000] {logging_mixin.py:190} INFO - [2025-02-06T09:50:57.834+0000] {dagbag.py:588} INFO - Filling up the DagBag from /opt/conda/lib/python3.12/site-packages/airflow/example_dags/example_dynamic_task_mapping.py
[2025-02-06T09:50:57.840+0000] {processor.py:925} INFO - DAG(s) 'example_dynamic_task_mapping' retrieved from /opt/conda/lib/python3.12/site-packages/airflow/example_dags/example_dynamic_task_mapping.py
[2025-02-06T09:50:57.861+0000] {logging_mixin.py:190} INFO - [2025-02-06T09:50:57.861+0000] {dag.py:3239} INFO - Sync 1 DAGs
[2025-02-06T09:50:57.875+0000] {logging_mixin.py:190} INFO - [2025-02-06T09:50:57.875+0000] {dag.py:4180} INFO - Setting next_dagrun for example_dynamic_task_mapping to None, run_after=None
[2025-02-06T09:50:57.943+0000] {processor.py:208} INFO - Processing /opt/conda/lib/python3.12/site-packages/airflow/example_dags/example_dynamic_task_mapping.py took 0.117 seconds
[2025-02-06T09:56:05.757+0000] {processor.py:186} INFO - Started process (PID=1034) to work on /opt/conda/lib/python3.12/site-packages/airflow/example_dags/example_dynamic_task_mapping.py
[2025-02-06T09:56:05.759+0000] {processor.py:914} INFO - Processing file /opt/conda/lib/python3.12/site-packages/airflow/example_dags/example_dynamic_task_mapping.py for tasks to queue
[2025-02-06T09:56:05.760+0000] {logging_mixin.py:190} INFO - [2025-02-06T09:56:05.760+0000] {dagbag.py:588} INFO - Filling up the DagBag from /opt/conda/lib/python3.12/site-packages/airflow/example_dags/example_dynamic_task_mapping.py
[2025-02-06T09:56:05.767+0000] {processor.py:925} INFO - DAG(s) 'example_dynamic_task_mapping' retrieved from /opt/conda/lib/python3.12/site-packages/airflow/example_dags/example_dynamic_task_mapping.py
[2025-02-06T09:56:05.787+0000] {logging_mixin.py:190} INFO - [2025-02-06T09:56:05.787+0000] {dag.py:3239} INFO - Sync 1 DAGs
[2025-02-06T09:56:05.798+0000] {logging_mixin.py:190} INFO - [2025-02-06T09:56:05.798+0000] {dag.py:4180} INFO - Setting next_dagrun for example_dynamic_task_mapping to None, run_after=None
[2025-02-06T09:56:05.846+0000] {processor.py:208} INFO - Processing /opt/conda/lib/python3.12/site-packages/airflow/example_dags/example_dynamic_task_mapping.py took 0.094 seconds
[2025-02-06T10:00:31.720+0000] {processor.py:186} INFO - Started process (PID=1533) to work on /opt/conda/lib/python3.12/site-packages/airflow/example_dags/example_dynamic_task_mapping.py
[2025-02-06T10:00:31.721+0000] {processor.py:914} INFO - Processing file /opt/conda/lib/python3.12/site-packages/airflow/example_dags/example_dynamic_task_mapping.py for tasks to queue
[2025-02-06T10:00:31.723+0000] {logging_mixin.py:190} INFO - [2025-02-06T10:00:31.722+0000] {dagbag.py:588} INFO - Filling up the DagBag from /opt/conda/lib/python3.12/site-packages/airflow/example_dags/example_dynamic_task_mapping.py
[2025-02-06T10:00:31.729+0000] {processor.py:925} INFO - DAG(s) 'example_dynamic_task_mapping' retrieved from /opt/conda/lib/python3.12/site-packages/airflow/example_dags/example_dynamic_task_mapping.py
[2025-02-06T10:00:31.752+0000] {logging_mixin.py:190} INFO - [2025-02-06T10:00:31.752+0000] {dag.py:3239} INFO - Sync 1 DAGs
[2025-02-06T10:00:31.766+0000] {logging_mixin.py:190} INFO - [2025-02-06T10:00:31.766+0000] {dag.py:4180} INFO - Setting next_dagrun for example_dynamic_task_mapping to None, run_after=None
[2025-02-06T10:00:31.860+0000] {processor.py:208} INFO - Processing /opt/conda/lib/python3.12/site-packages/airflow/example_dags/example_dynamic_task_mapping.py took 0.145 seconds
[2025-02-06T10:05:02.571+0000] {processor.py:186} INFO - Started process (PID=1995) to work on /opt/conda/lib/python3.12/site-packages/airflow/example_dags/example_dynamic_task_mapping.py
[2025-02-06T10:05:02.572+0000] {processor.py:914} INFO - Processing file /opt/conda/lib/python3.12/site-packages/airflow/example_dags/example_dynamic_task_mapping.py for tasks to queue
[2025-02-06T10:05:02.574+0000] {logging_mixin.py:190} INFO - [2025-02-06T10:05:02.574+0000] {dagbag.py:588} INFO - Filling up the DagBag from /opt/conda/lib/python3.12/site-packages/airflow/example_dags/example_dynamic_task_mapping.py
[2025-02-06T10:05:02.581+0000] {processor.py:925} INFO - DAG(s) 'example_dynamic_task_mapping' retrieved from /opt/conda/lib/python3.12/site-packages/airflow/example_dags/example_dynamic_task_mapping.py
[2025-02-06T10:05:02.601+0000] {logging_mixin.py:190} INFO - [2025-02-06T10:05:02.601+0000] {dag.py:3239} INFO - Sync 1 DAGs
[2025-02-06T10:05:02.615+0000] {logging_mixin.py:190} INFO - [2025-02-06T10:05:02.615+0000] {dag.py:4180} INFO - Setting next_dagrun for example_dynamic_task_mapping to None, run_after=None
[2025-02-06T10:05:02.703+0000] {processor.py:208} INFO - Processing /opt/conda/lib/python3.12/site-packages/airflow/example_dags/example_dynamic_task_mapping.py took 0.136 seconds
[2025-02-06T10:06:26.521+0000] {processor.py:186} INFO - Started process (PID=2084) to work on /opt/conda/lib/python3.12/site-packages/airflow/example_dags/example_dynamic_task_mapping.py
[2025-02-06T10:06:26.522+0000] {processor.py:914} INFO - Processing file /opt/conda/lib/python3.12/site-packages/airflow/example_dags/example_dynamic_task_mapping.py for tasks to queue
[2025-02-06T10:06:26.524+0000] {logging_mixin.py:190} INFO - [2025-02-06T10:06:26.523+0000] {dagbag.py:588} INFO - Filling up the DagBag from /opt/conda/lib/python3.12/site-packages/airflow/example_dags/example_dynamic_task_mapping.py
[2025-02-06T10:06:26.531+0000] {processor.py:925} INFO - DAG(s) 'example_dynamic_task_mapping' retrieved from /opt/conda/lib/python3.12/site-packages/airflow/example_dags/example_dynamic_task_mapping.py
[2025-02-06T10:06:26.551+0000] {logging_mixin.py:190} INFO - [2025-02-06T10:06:26.551+0000] {dag.py:3239} INFO - Sync 1 DAGs
[2025-02-06T10:06:26.563+0000] {logging_mixin.py:190} INFO - [2025-02-06T10:06:26.563+0000] {dag.py:4180} INFO - Setting next_dagrun for example_dynamic_task_mapping to None, run_after=None
[2025-02-06T10:06:26.630+0000] {processor.py:208} INFO - Processing /opt/conda/lib/python3.12/site-packages/airflow/example_dags/example_dynamic_task_mapping.py took 0.112 seconds
[2025-02-06T10:15:56.079+0000] {processor.py:186} INFO - Started process (PID=3058) to work on /opt/conda/lib/python3.12/site-packages/airflow/example_dags/example_dynamic_task_mapping.py
[2025-02-06T10:15:56.080+0000] {processor.py:914} INFO - Processing file /opt/conda/lib/python3.12/site-packages/airflow/example_dags/example_dynamic_task_mapping.py for tasks to queue
[2025-02-06T10:15:56.081+0000] {logging_mixin.py:190} INFO - [2025-02-06T10:15:56.080+0000] {dagbag.py:588} INFO - Filling up the DagBag from /opt/conda/lib/python3.12/site-packages/airflow/example_dags/example_dynamic_task_mapping.py
[2025-02-06T10:15:56.088+0000] {processor.py:925} INFO - DAG(s) 'example_dynamic_task_mapping' retrieved from /opt/conda/lib/python3.12/site-packages/airflow/example_dags/example_dynamic_task_mapping.py
[2025-02-06T10:15:56.109+0000] {logging_mixin.py:190} INFO - [2025-02-06T10:15:56.109+0000] {dag.py:3239} INFO - Sync 1 DAGs
[2025-02-06T10:15:56.121+0000] {logging_mixin.py:190} INFO - [2025-02-06T10:15:56.121+0000] {dag.py:4180} INFO - Setting next_dagrun for example_dynamic_task_mapping to None, run_after=None
[2025-02-06T10:15:56.234+0000] {processor.py:208} INFO - Processing /opt/conda/lib/python3.12/site-packages/airflow/example_dags/example_dynamic_task_mapping.py took 0.160 seconds
[2025-02-06T10:21:46.136+0000] {processor.py:186} INFO - Started process (PID=3666) to work on /opt/conda/lib/python3.12/site-packages/airflow/example_dags/example_dynamic_task_mapping.py
[2025-02-06T10:21:46.137+0000] {processor.py:914} INFO - Processing file /opt/conda/lib/python3.12/site-packages/airflow/example_dags/example_dynamic_task_mapping.py for tasks to queue
[2025-02-06T10:21:46.138+0000] {logging_mixin.py:190} INFO - [2025-02-06T10:21:46.138+0000] {dagbag.py:588} INFO - Filling up the DagBag from /opt/conda/lib/python3.12/site-packages/airflow/example_dags/example_dynamic_task_mapping.py
[2025-02-06T10:21:46.146+0000] {processor.py:925} INFO - DAG(s) 'example_dynamic_task_mapping' retrieved from /opt/conda/lib/python3.12/site-packages/airflow/example_dags/example_dynamic_task_mapping.py
[2025-02-06T10:21:46.170+0000] {logging_mixin.py:190} INFO - [2025-02-06T10:21:46.170+0000] {dag.py:3239} INFO - Sync 1 DAGs
[2025-02-06T10:21:46.184+0000] {logging_mixin.py:190} INFO - [2025-02-06T10:21:46.184+0000] {dag.py:4180} INFO - Setting next_dagrun for example_dynamic_task_mapping to None, run_after=None
[2025-02-06T10:21:46.237+0000] {processor.py:208} INFO - Processing /opt/conda/lib/python3.12/site-packages/airflow/example_dags/example_dynamic_task_mapping.py took 0.107 seconds
[2025-02-06T10:24:24.481+0000] {processor.py:186} INFO - Started process (PID=3904) to work on /opt/conda/lib/python3.12/site-packages/airflow/example_dags/example_dynamic_task_mapping.py
[2025-02-06T10:24:24.482+0000] {processor.py:914} INFO - Processing file /opt/conda/lib/python3.12/site-packages/airflow/example_dags/example_dynamic_task_mapping.py for tasks to queue
[2025-02-06T10:24:24.484+0000] {logging_mixin.py:190} INFO - [2025-02-06T10:24:24.483+0000] {dagbag.py:588} INFO - Filling up the DagBag from /opt/conda/lib/python3.12/site-packages/airflow/example_dags/example_dynamic_task_mapping.py
[2025-02-06T10:24:24.491+0000] {processor.py:925} INFO - DAG(s) 'example_dynamic_task_mapping' retrieved from /opt/conda/lib/python3.12/site-packages/airflow/example_dags/example_dynamic_task_mapping.py
[2025-02-06T10:24:24.513+0000] {logging_mixin.py:190} INFO - [2025-02-06T10:24:24.513+0000] {dag.py:3239} INFO - Sync 1 DAGs
[2025-02-06T10:24:24.526+0000] {logging_mixin.py:190} INFO - [2025-02-06T10:24:24.526+0000] {dag.py:4180} INFO - Setting next_dagrun for example_dynamic_task_mapping to None, run_after=None
[2025-02-06T10:24:24.575+0000] {processor.py:208} INFO - Processing /opt/conda/lib/python3.12/site-packages/airflow/example_dags/example_dynamic_task_mapping.py took 0.098 seconds
[2025-02-06T11:42:32.058+0000] {processor.py:186} INFO - Started process (PID=928) to work on /opt/conda/lib/python3.12/site-packages/airflow/example_dags/example_dynamic_task_mapping.py
[2025-02-06T11:42:32.068+0000] {processor.py:914} INFO - Processing file /opt/conda/lib/python3.12/site-packages/airflow/example_dags/example_dynamic_task_mapping.py for tasks to queue
[2025-02-06T11:42:32.071+0000] {logging_mixin.py:190} INFO - [2025-02-06T11:42:32.071+0000] {dagbag.py:588} INFO - Filling up the DagBag from /opt/conda/lib/python3.12/site-packages/airflow/example_dags/example_dynamic_task_mapping.py
[2025-02-06T11:42:32.081+0000] {processor.py:925} INFO - DAG(s) 'example_dynamic_task_mapping' retrieved from /opt/conda/lib/python3.12/site-packages/airflow/example_dags/example_dynamic_task_mapping.py
[2025-02-06T11:42:32.115+0000] {logging_mixin.py:190} INFO - [2025-02-06T11:42:32.115+0000] {dag.py:3239} INFO - Sync 1 DAGs
[2025-02-06T11:42:32.132+0000] {logging_mixin.py:190} INFO - [2025-02-06T11:42:32.132+0000] {dag.py:4180} INFO - Setting next_dagrun for example_dynamic_task_mapping to None, run_after=None
[2025-02-06T11:42:32.207+0000] {processor.py:208} INFO - Processing /opt/conda/lib/python3.12/site-packages/airflow/example_dags/example_dynamic_task_mapping.py took 0.154 seconds
[2025-02-06T11:47:06.611+0000] {processor.py:186} INFO - Started process (PID=1903) to work on /opt/conda/lib/python3.12/site-packages/airflow/example_dags/example_dynamic_task_mapping.py
[2025-02-06T11:47:06.612+0000] {processor.py:914} INFO - Processing file /opt/conda/lib/python3.12/site-packages/airflow/example_dags/example_dynamic_task_mapping.py for tasks to queue
[2025-02-06T11:47:06.615+0000] {logging_mixin.py:190} INFO - [2025-02-06T11:47:06.615+0000] {dagbag.py:588} INFO - Filling up the DagBag from /opt/conda/lib/python3.12/site-packages/airflow/example_dags/example_dynamic_task_mapping.py
[2025-02-06T11:47:06.627+0000] {processor.py:925} INFO - DAG(s) 'example_dynamic_task_mapping' retrieved from /opt/conda/lib/python3.12/site-packages/airflow/example_dags/example_dynamic_task_mapping.py
[2025-02-06T11:47:06.667+0000] {logging_mixin.py:190} INFO - [2025-02-06T11:47:06.667+0000] {dag.py:3239} INFO - Sync 1 DAGs
[2025-02-06T11:47:06.697+0000] {logging_mixin.py:190} INFO - [2025-02-06T11:47:06.696+0000] {dag.py:4180} INFO - Setting next_dagrun for example_dynamic_task_mapping to None, run_after=None
[2025-02-06T11:47:06.923+0000] {processor.py:208} INFO - Processing /opt/conda/lib/python3.12/site-packages/airflow/example_dags/example_dynamic_task_mapping.py took 0.319 seconds
[2025-02-06T11:50:48.042+0000] {processor.py:186} INFO - Started process (PID=2816) to work on /opt/conda/lib/python3.12/site-packages/airflow/example_dags/example_dynamic_task_mapping.py
[2025-02-06T11:50:48.043+0000] {processor.py:914} INFO - Processing file /opt/conda/lib/python3.12/site-packages/airflow/example_dags/example_dynamic_task_mapping.py for tasks to queue
[2025-02-06T11:50:48.045+0000] {logging_mixin.py:190} INFO - [2025-02-06T11:50:48.044+0000] {dagbag.py:588} INFO - Filling up the DagBag from /opt/conda/lib/python3.12/site-packages/airflow/example_dags/example_dynamic_task_mapping.py
[2025-02-06T11:50:48.055+0000] {processor.py:925} INFO - DAG(s) 'example_dynamic_task_mapping' retrieved from /opt/conda/lib/python3.12/site-packages/airflow/example_dags/example_dynamic_task_mapping.py
[2025-02-06T11:50:48.089+0000] {logging_mixin.py:190} INFO - [2025-02-06T11:50:48.089+0000] {dag.py:3239} INFO - Sync 1 DAGs
[2025-02-06T11:50:48.113+0000] {logging_mixin.py:190} INFO - [2025-02-06T11:50:48.113+0000] {dag.py:4180} INFO - Setting next_dagrun for example_dynamic_task_mapping to None, run_after=None
[2025-02-06T11:50:48.185+0000] {processor.py:208} INFO - Processing /opt/conda/lib/python3.12/site-packages/airflow/example_dags/example_dynamic_task_mapping.py took 0.149 seconds
[2025-02-06T12:06:00.417+0000] {processor.py:186} INFO - Started process (PID=946) to work on /opt/conda/lib/python3.12/site-packages/airflow/example_dags/example_dynamic_task_mapping.py
[2025-02-06T12:06:00.420+0000] {processor.py:914} INFO - Processing file /opt/conda/lib/python3.12/site-packages/airflow/example_dags/example_dynamic_task_mapping.py for tasks to queue
[2025-02-06T12:06:00.424+0000] {logging_mixin.py:190} INFO - [2025-02-06T12:06:00.424+0000] {dagbag.py:588} INFO - Filling up the DagBag from /opt/conda/lib/python3.12/site-packages/airflow/example_dags/example_dynamic_task_mapping.py
[2025-02-06T12:06:00.433+0000] {processor.py:925} INFO - DAG(s) 'example_dynamic_task_mapping' retrieved from /opt/conda/lib/python3.12/site-packages/airflow/example_dags/example_dynamic_task_mapping.py
[2025-02-06T12:06:00.462+0000] {logging_mixin.py:190} INFO - [2025-02-06T12:06:00.462+0000] {dag.py:3239} INFO - Sync 1 DAGs
[2025-02-06T12:06:00.483+0000] {logging_mixin.py:190} INFO - [2025-02-06T12:06:00.483+0000] {dag.py:4180} INFO - Setting next_dagrun for example_dynamic_task_mapping to None, run_after=None
[2025-02-06T12:06:00.557+0000] {processor.py:208} INFO - Processing /opt/conda/lib/python3.12/site-packages/airflow/example_dags/example_dynamic_task_mapping.py took 0.144 seconds
[2025-02-06T12:22:51.458+0000] {processor.py:186} INFO - Started process (PID=576) to work on /opt/conda/lib/python3.12/site-packages/airflow/example_dags/example_dynamic_task_mapping.py
[2025-02-06T12:22:51.460+0000] {processor.py:914} INFO - Processing file /opt/conda/lib/python3.12/site-packages/airflow/example_dags/example_dynamic_task_mapping.py for tasks to queue
[2025-02-06T12:22:51.463+0000] {logging_mixin.py:190} INFO - [2025-02-06T12:22:51.462+0000] {dagbag.py:588} INFO - Filling up the DagBag from /opt/conda/lib/python3.12/site-packages/airflow/example_dags/example_dynamic_task_mapping.py
[2025-02-06T12:22:51.476+0000] {processor.py:925} INFO - DAG(s) 'example_dynamic_task_mapping' retrieved from /opt/conda/lib/python3.12/site-packages/airflow/example_dags/example_dynamic_task_mapping.py
[2025-02-06T12:22:51.523+0000] {logging_mixin.py:190} INFO - [2025-02-06T12:22:51.523+0000] {dag.py:3239} INFO - Sync 1 DAGs
[2025-02-06T12:22:51.544+0000] {logging_mixin.py:190} INFO - [2025-02-06T12:22:51.544+0000] {dag.py:4180} INFO - Setting next_dagrun for example_dynamic_task_mapping to None, run_after=None
[2025-02-06T12:22:51.635+0000] {processor.py:208} INFO - Processing /opt/conda/lib/python3.12/site-packages/airflow/example_dags/example_dynamic_task_mapping.py took 0.186 seconds
[2025-02-06T12:24:52.635+0000] {processor.py:186} INFO - Started process (PID=1361) to work on /opt/conda/lib/python3.12/site-packages/airflow/example_dags/example_dynamic_task_mapping.py
[2025-02-06T12:24:52.636+0000] {processor.py:914} INFO - Processing file /opt/conda/lib/python3.12/site-packages/airflow/example_dags/example_dynamic_task_mapping.py for tasks to queue
[2025-02-06T12:24:52.638+0000] {logging_mixin.py:190} INFO - [2025-02-06T12:24:52.637+0000] {dagbag.py:588} INFO - Filling up the DagBag from /opt/conda/lib/python3.12/site-packages/airflow/example_dags/example_dynamic_task_mapping.py
[2025-02-06T12:24:52.644+0000] {processor.py:925} INFO - DAG(s) 'example_dynamic_task_mapping' retrieved from /opt/conda/lib/python3.12/site-packages/airflow/example_dags/example_dynamic_task_mapping.py
[2025-02-06T12:24:52.664+0000] {logging_mixin.py:190} INFO - [2025-02-06T12:24:52.664+0000] {dag.py:3239} INFO - Sync 1 DAGs
[2025-02-06T12:24:52.676+0000] {logging_mixin.py:190} INFO - [2025-02-06T12:24:52.676+0000] {dag.py:4180} INFO - Setting next_dagrun for example_dynamic_task_mapping to None, run_after=None
[2025-02-06T12:24:52.738+0000] {processor.py:208} INFO - Processing /opt/conda/lib/python3.12/site-packages/airflow/example_dags/example_dynamic_task_mapping.py took 0.107 seconds
[2025-02-06T12:28:25.934+0000] {processor.py:186} INFO - Started process (PID=3056) to work on /opt/conda/lib/python3.12/site-packages/airflow/example_dags/example_dynamic_task_mapping.py
[2025-02-06T12:28:25.935+0000] {processor.py:914} INFO - Processing file /opt/conda/lib/python3.12/site-packages/airflow/example_dags/example_dynamic_task_mapping.py for tasks to queue
[2025-02-06T12:28:25.937+0000] {logging_mixin.py:190} INFO - [2025-02-06T12:28:25.937+0000] {dagbag.py:588} INFO - Filling up the DagBag from /opt/conda/lib/python3.12/site-packages/airflow/example_dags/example_dynamic_task_mapping.py
[2025-02-06T12:28:25.943+0000] {processor.py:925} INFO - DAG(s) 'example_dynamic_task_mapping' retrieved from /opt/conda/lib/python3.12/site-packages/airflow/example_dags/example_dynamic_task_mapping.py
[2025-02-06T12:28:25.960+0000] {logging_mixin.py:190} INFO - [2025-02-06T12:28:25.960+0000] {dag.py:3239} INFO - Sync 1 DAGs
[2025-02-06T12:28:25.970+0000] {logging_mixin.py:190} INFO - [2025-02-06T12:28:25.970+0000] {dag.py:4180} INFO - Setting next_dagrun for example_dynamic_task_mapping to None, run_after=None
[2025-02-06T12:28:26.009+0000] {processor.py:208} INFO - Processing /opt/conda/lib/python3.12/site-packages/airflow/example_dags/example_dynamic_task_mapping.py took 0.079 seconds
[2025-02-06T12:32:19.229+0000] {processor.py:186} INFO - Started process (PID=5088) to work on /opt/conda/lib/python3.12/site-packages/airflow/example_dags/example_dynamic_task_mapping.py
[2025-02-06T12:32:19.230+0000] {processor.py:914} INFO - Processing file /opt/conda/lib/python3.12/site-packages/airflow/example_dags/example_dynamic_task_mapping.py for tasks to queue
[2025-02-06T12:32:19.232+0000] {logging_mixin.py:190} INFO - [2025-02-06T12:32:19.232+0000] {dagbag.py:588} INFO - Filling up the DagBag from /opt/conda/lib/python3.12/site-packages/airflow/example_dags/example_dynamic_task_mapping.py
[2025-02-06T12:32:19.240+0000] {processor.py:925} INFO - DAG(s) 'example_dynamic_task_mapping' retrieved from /opt/conda/lib/python3.12/site-packages/airflow/example_dags/example_dynamic_task_mapping.py
[2025-02-06T12:32:19.258+0000] {logging_mixin.py:190} INFO - [2025-02-06T12:32:19.258+0000] {dag.py:3239} INFO - Sync 1 DAGs
[2025-02-06T12:32:19.269+0000] {logging_mixin.py:190} INFO - [2025-02-06T12:32:19.269+0000] {dag.py:4180} INFO - Setting next_dagrun for example_dynamic_task_mapping to None, run_after=None
[2025-02-06T12:32:19.330+0000] {processor.py:208} INFO - Processing /opt/conda/lib/python3.12/site-packages/airflow/example_dags/example_dynamic_task_mapping.py took 0.104 seconds
[2025-02-06T12:36:27.040+0000] {processor.py:186} INFO - Started process (PID=7225) to work on /opt/conda/lib/python3.12/site-packages/airflow/example_dags/example_dynamic_task_mapping.py
[2025-02-06T12:36:27.042+0000] {processor.py:914} INFO - Processing file /opt/conda/lib/python3.12/site-packages/airflow/example_dags/example_dynamic_task_mapping.py for tasks to queue
[2025-02-06T12:36:27.044+0000] {logging_mixin.py:190} INFO - [2025-02-06T12:36:27.044+0000] {dagbag.py:588} INFO - Filling up the DagBag from /opt/conda/lib/python3.12/site-packages/airflow/example_dags/example_dynamic_task_mapping.py
[2025-02-06T12:36:27.053+0000] {processor.py:925} INFO - DAG(s) 'example_dynamic_task_mapping' retrieved from /opt/conda/lib/python3.12/site-packages/airflow/example_dags/example_dynamic_task_mapping.py
[2025-02-06T12:36:27.079+0000] {logging_mixin.py:190} INFO - [2025-02-06T12:36:27.079+0000] {dag.py:3239} INFO - Sync 1 DAGs
[2025-02-06T12:36:27.091+0000] {logging_mixin.py:190} INFO - [2025-02-06T12:36:27.091+0000] {dag.py:4180} INFO - Setting next_dagrun for example_dynamic_task_mapping to None, run_after=None
[2025-02-06T12:36:27.148+0000] {processor.py:208} INFO - Processing /opt/conda/lib/python3.12/site-packages/airflow/example_dags/example_dynamic_task_mapping.py took 0.113 seconds
[2025-02-06T12:40:37.217+0000] {processor.py:186} INFO - Started process (PID=9345) to work on /opt/conda/lib/python3.12/site-packages/airflow/example_dags/example_dynamic_task_mapping.py
[2025-02-06T12:40:37.218+0000] {processor.py:914} INFO - Processing file /opt/conda/lib/python3.12/site-packages/airflow/example_dags/example_dynamic_task_mapping.py for tasks to queue
[2025-02-06T12:40:37.219+0000] {logging_mixin.py:190} INFO - [2025-02-06T12:40:37.219+0000] {dagbag.py:588} INFO - Filling up the DagBag from /opt/conda/lib/python3.12/site-packages/airflow/example_dags/example_dynamic_task_mapping.py
[2025-02-06T12:40:37.225+0000] {processor.py:925} INFO - DAG(s) 'example_dynamic_task_mapping' retrieved from /opt/conda/lib/python3.12/site-packages/airflow/example_dags/example_dynamic_task_mapping.py
[2025-02-06T12:40:37.245+0000] {logging_mixin.py:190} INFO - [2025-02-06T12:40:37.245+0000] {dag.py:3239} INFO - Sync 1 DAGs
[2025-02-06T12:40:37.255+0000] {logging_mixin.py:190} INFO - [2025-02-06T12:40:37.255+0000] {dag.py:4180} INFO - Setting next_dagrun for example_dynamic_task_mapping to None, run_after=None
[2025-02-06T12:40:37.304+0000] {processor.py:208} INFO - Processing /opt/conda/lib/python3.12/site-packages/airflow/example_dags/example_dynamic_task_mapping.py took 0.091 seconds
[2025-02-06T12:44:40.367+0000] {processor.py:186} INFO - Started process (PID=11429) to work on /opt/conda/lib/python3.12/site-packages/airflow/example_dags/example_dynamic_task_mapping.py
[2025-02-06T12:44:40.368+0000] {processor.py:914} INFO - Processing file /opt/conda/lib/python3.12/site-packages/airflow/example_dags/example_dynamic_task_mapping.py for tasks to queue
[2025-02-06T12:44:40.370+0000] {logging_mixin.py:190} INFO - [2025-02-06T12:44:40.369+0000] {dagbag.py:588} INFO - Filling up the DagBag from /opt/conda/lib/python3.12/site-packages/airflow/example_dags/example_dynamic_task_mapping.py
[2025-02-06T12:44:40.377+0000] {processor.py:925} INFO - DAG(s) 'example_dynamic_task_mapping' retrieved from /opt/conda/lib/python3.12/site-packages/airflow/example_dags/example_dynamic_task_mapping.py
[2025-02-06T12:44:40.397+0000] {logging_mixin.py:190} INFO - [2025-02-06T12:44:40.397+0000] {dag.py:3239} INFO - Sync 1 DAGs
[2025-02-06T12:44:40.408+0000] {logging_mixin.py:190} INFO - [2025-02-06T12:44:40.408+0000] {dag.py:4180} INFO - Setting next_dagrun for example_dynamic_task_mapping to None, run_after=None
[2025-02-06T12:44:40.457+0000] {processor.py:208} INFO - Processing /opt/conda/lib/python3.12/site-packages/airflow/example_dags/example_dynamic_task_mapping.py took 0.094 seconds
[2025-02-06T12:49:23.645+0000] {processor.py:186} INFO - Started process (PID=13617) to work on /opt/conda/lib/python3.12/site-packages/airflow/example_dags/example_dynamic_task_mapping.py
[2025-02-06T12:49:23.646+0000] {processor.py:914} INFO - Processing file /opt/conda/lib/python3.12/site-packages/airflow/example_dags/example_dynamic_task_mapping.py for tasks to queue
[2025-02-06T12:49:23.648+0000] {logging_mixin.py:190} INFO - [2025-02-06T12:49:23.648+0000] {dagbag.py:588} INFO - Filling up the DagBag from /opt/conda/lib/python3.12/site-packages/airflow/example_dags/example_dynamic_task_mapping.py
[2025-02-06T12:49:23.657+0000] {processor.py:925} INFO - DAG(s) 'example_dynamic_task_mapping' retrieved from /opt/conda/lib/python3.12/site-packages/airflow/example_dags/example_dynamic_task_mapping.py
[2025-02-06T12:49:23.682+0000] {logging_mixin.py:190} INFO - [2025-02-06T12:49:23.681+0000] {dag.py:3239} INFO - Sync 1 DAGs
[2025-02-06T12:49:23.696+0000] {logging_mixin.py:190} INFO - [2025-02-06T12:49:23.696+0000] {dag.py:4180} INFO - Setting next_dagrun for example_dynamic_task_mapping to None, run_after=None
[2025-02-06T12:49:23.756+0000] {processor.py:208} INFO - Processing /opt/conda/lib/python3.12/site-packages/airflow/example_dags/example_dynamic_task_mapping.py took 0.116 seconds
[2025-02-06T12:59:39.213+0000] {processor.py:186} INFO - Started process (PID=600) to work on /opt/conda/lib/python3.12/site-packages/airflow/example_dags/example_dynamic_task_mapping.py
[2025-02-06T12:59:39.215+0000] {processor.py:914} INFO - Processing file /opt/conda/lib/python3.12/site-packages/airflow/example_dags/example_dynamic_task_mapping.py for tasks to queue
[2025-02-06T12:59:39.217+0000] {logging_mixin.py:190} INFO - [2025-02-06T12:59:39.216+0000] {dagbag.py:588} INFO - Filling up the DagBag from /opt/conda/lib/python3.12/site-packages/airflow/example_dags/example_dynamic_task_mapping.py
[2025-02-06T12:59:39.231+0000] {processor.py:925} INFO - DAG(s) 'example_dynamic_task_mapping' retrieved from /opt/conda/lib/python3.12/site-packages/airflow/example_dags/example_dynamic_task_mapping.py
[2025-02-06T12:59:39.277+0000] {logging_mixin.py:190} INFO - [2025-02-06T12:59:39.276+0000] {dag.py:3239} INFO - Sync 1 DAGs
[2025-02-06T12:59:39.298+0000] {logging_mixin.py:190} INFO - [2025-02-06T12:59:39.298+0000] {dag.py:4180} INFO - Setting next_dagrun for example_dynamic_task_mapping to None, run_after=None
[2025-02-06T12:59:39.381+0000] {processor.py:208} INFO - Processing /opt/conda/lib/python3.12/site-packages/airflow/example_dags/example_dynamic_task_mapping.py took 0.175 seconds
[2025-02-06T13:02:54.196+0000] {processor.py:186} INFO - Started process (PID=1576) to work on /opt/conda/lib/python3.12/site-packages/airflow/example_dags/example_dynamic_task_mapping.py
[2025-02-06T13:02:54.197+0000] {processor.py:914} INFO - Processing file /opt/conda/lib/python3.12/site-packages/airflow/example_dags/example_dynamic_task_mapping.py for tasks to queue
[2025-02-06T13:02:54.199+0000] {logging_mixin.py:190} INFO - [2025-02-06T13:02:54.198+0000] {dagbag.py:588} INFO - Filling up the DagBag from /opt/conda/lib/python3.12/site-packages/airflow/example_dags/example_dynamic_task_mapping.py
[2025-02-06T13:02:54.205+0000] {processor.py:925} INFO - DAG(s) 'example_dynamic_task_mapping' retrieved from /opt/conda/lib/python3.12/site-packages/airflow/example_dags/example_dynamic_task_mapping.py
[2025-02-06T13:02:54.227+0000] {logging_mixin.py:190} INFO - [2025-02-06T13:02:54.227+0000] {dag.py:3239} INFO - Sync 1 DAGs
[2025-02-06T13:02:54.238+0000] {logging_mixin.py:190} INFO - [2025-02-06T13:02:54.238+0000] {dag.py:4180} INFO - Setting next_dagrun for example_dynamic_task_mapping to None, run_after=None
[2025-02-06T13:02:54.301+0000] {processor.py:208} INFO - Processing /opt/conda/lib/python3.12/site-packages/airflow/example_dags/example_dynamic_task_mapping.py took 0.109 seconds
[2025-02-06T13:05:08.609+0000] {processor.py:186} INFO - Started process (PID=2274) to work on /opt/conda/lib/python3.12/site-packages/airflow/example_dags/example_dynamic_task_mapping.py
[2025-02-06T13:05:08.610+0000] {processor.py:914} INFO - Processing file /opt/conda/lib/python3.12/site-packages/airflow/example_dags/example_dynamic_task_mapping.py for tasks to queue
[2025-02-06T13:05:08.611+0000] {logging_mixin.py:190} INFO - [2025-02-06T13:05:08.611+0000] {dagbag.py:588} INFO - Filling up the DagBag from /opt/conda/lib/python3.12/site-packages/airflow/example_dags/example_dynamic_task_mapping.py
[2025-02-06T13:05:08.618+0000] {processor.py:925} INFO - DAG(s) 'example_dynamic_task_mapping' retrieved from /opt/conda/lib/python3.12/site-packages/airflow/example_dags/example_dynamic_task_mapping.py
[2025-02-06T13:05:08.673+0000] {logging_mixin.py:190} INFO - [2025-02-06T13:05:08.672+0000] {dag.py:3239} INFO - Sync 1 DAGs
[2025-02-06T13:05:08.690+0000] {logging_mixin.py:190} INFO - [2025-02-06T13:05:08.690+0000] {dag.py:4180} INFO - Setting next_dagrun for example_dynamic_task_mapping to None, run_after=None
[2025-02-06T13:05:08.773+0000] {processor.py:208} INFO - Processing /opt/conda/lib/python3.12/site-packages/airflow/example_dags/example_dynamic_task_mapping.py took 0.168 seconds
[2025-02-06T13:20:19.156+0000] {processor.py:186} INFO - Started process (PID=687) to work on /opt/conda/lib/python3.12/site-packages/airflow/example_dags/example_dynamic_task_mapping.py
[2025-02-06T13:20:19.158+0000] {processor.py:914} INFO - Processing file /opt/conda/lib/python3.12/site-packages/airflow/example_dags/example_dynamic_task_mapping.py for tasks to queue
[2025-02-06T13:20:19.160+0000] {logging_mixin.py:190} INFO - [2025-02-06T13:20:19.159+0000] {dagbag.py:588} INFO - Filling up the DagBag from /opt/conda/lib/python3.12/site-packages/airflow/example_dags/example_dynamic_task_mapping.py
[2025-02-06T13:20:19.166+0000] {processor.py:925} INFO - DAG(s) 'example_dynamic_task_mapping' retrieved from /opt/conda/lib/python3.12/site-packages/airflow/example_dags/example_dynamic_task_mapping.py
[2025-02-06T13:20:19.190+0000] {logging_mixin.py:190} INFO - [2025-02-06T13:20:19.190+0000] {dag.py:3239} INFO - Sync 1 DAGs
[2025-02-06T13:20:19.201+0000] {logging_mixin.py:190} INFO - [2025-02-06T13:20:19.201+0000] {dag.py:4180} INFO - Setting next_dagrun for example_dynamic_task_mapping to None, run_after=None
[2025-02-06T13:20:19.255+0000] {processor.py:208} INFO - Processing /opt/conda/lib/python3.12/site-packages/airflow/example_dags/example_dynamic_task_mapping.py took 0.103 seconds
[2025-02-06T13:24:41.253+0000] {processor.py:186} INFO - Started process (PID=2415) to work on /opt/conda/lib/python3.12/site-packages/airflow/example_dags/example_dynamic_task_mapping.py
[2025-02-06T13:24:41.254+0000] {processor.py:914} INFO - Processing file /opt/conda/lib/python3.12/site-packages/airflow/example_dags/example_dynamic_task_mapping.py for tasks to queue
[2025-02-06T13:24:41.256+0000] {logging_mixin.py:190} INFO - [2025-02-06T13:24:41.256+0000] {dagbag.py:588} INFO - Filling up the DagBag from /opt/conda/lib/python3.12/site-packages/airflow/example_dags/example_dynamic_task_mapping.py
[2025-02-06T13:24:41.263+0000] {processor.py:925} INFO - DAG(s) 'example_dynamic_task_mapping' retrieved from /opt/conda/lib/python3.12/site-packages/airflow/example_dags/example_dynamic_task_mapping.py
[2025-02-06T13:24:41.290+0000] {logging_mixin.py:190} INFO - [2025-02-06T13:24:41.290+0000] {dag.py:3239} INFO - Sync 1 DAGs
[2025-02-06T13:24:41.308+0000] {logging_mixin.py:190} INFO - [2025-02-06T13:24:41.308+0000] {dag.py:4180} INFO - Setting next_dagrun for example_dynamic_task_mapping to None, run_after=None
[2025-02-06T13:24:41.371+0000] {processor.py:208} INFO - Processing /opt/conda/lib/python3.12/site-packages/airflow/example_dags/example_dynamic_task_mapping.py took 0.122 seconds
[2025-02-06T13:29:03.461+0000] {processor.py:186} INFO - Started process (PID=4310) to work on /opt/conda/lib/python3.12/site-packages/airflow/example_dags/example_dynamic_task_mapping.py
[2025-02-06T13:29:03.462+0000] {processor.py:914} INFO - Processing file /opt/conda/lib/python3.12/site-packages/airflow/example_dags/example_dynamic_task_mapping.py for tasks to queue
[2025-02-06T13:29:03.464+0000] {logging_mixin.py:190} INFO - [2025-02-06T13:29:03.464+0000] {dagbag.py:588} INFO - Filling up the DagBag from /opt/conda/lib/python3.12/site-packages/airflow/example_dags/example_dynamic_task_mapping.py
[2025-02-06T13:29:03.476+0000] {processor.py:925} INFO - DAG(s) 'example_dynamic_task_mapping' retrieved from /opt/conda/lib/python3.12/site-packages/airflow/example_dags/example_dynamic_task_mapping.py
[2025-02-06T13:29:03.505+0000] {logging_mixin.py:190} INFO - [2025-02-06T13:29:03.505+0000] {dag.py:3239} INFO - Sync 1 DAGs
[2025-02-06T13:29:03.521+0000] {logging_mixin.py:190} INFO - [2025-02-06T13:29:03.521+0000] {dag.py:4180} INFO - Setting next_dagrun for example_dynamic_task_mapping to None, run_after=None
[2025-02-06T13:29:03.580+0000] {processor.py:208} INFO - Processing /opt/conda/lib/python3.12/site-packages/airflow/example_dags/example_dynamic_task_mapping.py took 0.124 seconds
[2025-02-06T13:32:46.105+0000] {processor.py:186} INFO - Started process (PID=5716) to work on /opt/conda/lib/python3.12/site-packages/airflow/example_dags/example_dynamic_task_mapping.py
[2025-02-06T13:32:46.107+0000] {processor.py:914} INFO - Processing file /opt/conda/lib/python3.12/site-packages/airflow/example_dags/example_dynamic_task_mapping.py for tasks to queue
[2025-02-06T13:32:46.110+0000] {logging_mixin.py:190} INFO - [2025-02-06T13:32:46.109+0000] {dagbag.py:588} INFO - Filling up the DagBag from /opt/conda/lib/python3.12/site-packages/airflow/example_dags/example_dynamic_task_mapping.py
[2025-02-06T13:32:46.121+0000] {processor.py:925} INFO - DAG(s) 'example_dynamic_task_mapping' retrieved from /opt/conda/lib/python3.12/site-packages/airflow/example_dags/example_dynamic_task_mapping.py
[2025-02-06T13:32:46.154+0000] {logging_mixin.py:190} INFO - [2025-02-06T13:32:46.153+0000] {dag.py:3239} INFO - Sync 1 DAGs
[2025-02-06T13:32:46.176+0000] {logging_mixin.py:190} INFO - [2025-02-06T13:32:46.176+0000] {dag.py:4180} INFO - Setting next_dagrun for example_dynamic_task_mapping to None, run_after=None
[2025-02-06T13:32:46.249+0000] {processor.py:208} INFO - Processing /opt/conda/lib/python3.12/site-packages/airflow/example_dags/example_dynamic_task_mapping.py took 0.150 seconds
