[2025-02-06T08:26:38.919+0000] {processor.py:186} INFO - Started process (PID=47) to work on /opt/conda/lib/python3.12/site-packages/airflow/example_dags/example_sla_dag.py
[2025-02-06T08:26:38.921+0000] {processor.py:914} INFO - Processing file /opt/conda/lib/python3.12/site-packages/airflow/example_dags/example_sla_dag.py for tasks to queue
[2025-02-06T08:26:38.924+0000] {logging_mixin.py:190} INFO - [2025-02-06T08:26:38.923+0000] {dagbag.py:588} INFO - Filling up the DagBag from /opt/conda/lib/python3.12/site-packages/airflow/example_dags/example_sla_dag.py
[2025-02-06T08:26:38.932+0000] {processor.py:925} INFO - DAG(s) 'example_sla_dag' retrieved from /opt/conda/lib/python3.12/site-packages/airflow/example_dags/example_sla_dag.py
[2025-02-06T08:26:39.076+0000] {logging_mixin.py:190} INFO - [2025-02-06T08:26:39.076+0000] {override.py:1912} INFO - Created Permission View: can delete on DAG:example_sla_dag
[2025-02-06T08:26:39.111+0000] {logging_mixin.py:190} INFO - [2025-02-06T08:26:39.111+0000] {override.py:1912} INFO - Created Permission View: can read on DAG:example_sla_dag
[2025-02-06T08:26:39.146+0000] {logging_mixin.py:190} INFO - [2025-02-06T08:26:39.145+0000] {override.py:1912} INFO - Created Permission View: can edit on DAG:example_sla_dag
[2025-02-06T08:26:39.204+0000] {logging_mixin.py:190} INFO - [2025-02-06T08:26:39.203+0000] {override.py:1912} INFO - Created Permission View: menu access on DAG Run:example_sla_dag
[2025-02-06T08:26:39.243+0000] {logging_mixin.py:190} INFO - [2025-02-06T08:26:39.243+0000] {override.py:1912} INFO - Created Permission View: can create on DAG Run:example_sla_dag
[2025-02-06T08:26:39.290+0000] {logging_mixin.py:190} INFO - [2025-02-06T08:26:39.289+0000] {override.py:1912} INFO - Created Permission View: can read on DAG Run:example_sla_dag
[2025-02-06T08:26:39.330+0000] {logging_mixin.py:190} INFO - [2025-02-06T08:26:39.330+0000] {override.py:1912} INFO - Created Permission View: can delete on DAG Run:example_sla_dag
[2025-02-06T08:26:39.331+0000] {logging_mixin.py:190} INFO - [2025-02-06T08:26:39.331+0000] {dag.py:3239} INFO - Sync 1 DAGs
[2025-02-06T08:26:39.351+0000] {logging_mixin.py:190} INFO - [2025-02-06T08:26:39.351+0000] {dag.py:3262} INFO - Creating ORM DAG for example_sla_dag
[2025-02-06T08:26:39.364+0000] {logging_mixin.py:190} INFO - [2025-02-06T08:26:39.364+0000] {dag.py:4180} INFO - Setting next_dagrun for example_sla_dag to 2025-02-06 08:24:00+00:00, run_after=2025-02-06 08:26:00+00:00
[2025-02-06T08:26:39.434+0000] {processor.py:208} INFO - Processing /opt/conda/lib/python3.12/site-packages/airflow/example_dags/example_sla_dag.py took 0.520 seconds
[2025-02-06T08:28:05.936+0000] {processor.py:186} INFO - Started process (PID=104) to work on /opt/conda/lib/python3.12/site-packages/airflow/example_dags/example_sla_dag.py
[2025-02-06T08:28:05.937+0000] {processor.py:914} INFO - Processing file /opt/conda/lib/python3.12/site-packages/airflow/example_dags/example_sla_dag.py for tasks to queue
[2025-02-06T08:28:05.940+0000] {logging_mixin.py:190} INFO - [2025-02-06T08:28:05.939+0000] {dagbag.py:588} INFO - Filling up the DagBag from /opt/conda/lib/python3.12/site-packages/airflow/example_dags/example_sla_dag.py
[2025-02-06T08:28:05.948+0000] {processor.py:925} INFO - DAG(s) 'example_sla_dag' retrieved from /opt/conda/lib/python3.12/site-packages/airflow/example_dags/example_sla_dag.py
[2025-02-06T08:28:05.969+0000] {logging_mixin.py:190} INFO - [2025-02-06T08:28:05.968+0000] {dag.py:3239} INFO - Sync 1 DAGs
[2025-02-06T08:28:05.992+0000] {logging_mixin.py:190} INFO - [2025-02-06T08:28:05.992+0000] {dag.py:4180} INFO - Setting next_dagrun for example_sla_dag to 2025-02-06 08:26:00+00:00, run_after=2025-02-06 08:28:00+00:00
[2025-02-06T08:28:06.053+0000] {processor.py:208} INFO - Processing /opt/conda/lib/python3.12/site-packages/airflow/example_dags/example_sla_dag.py took 0.121 seconds
[2025-02-06T08:30:30.309+0000] {processor.py:186} INFO - Started process (PID=47) to work on /opt/conda/lib/python3.12/site-packages/airflow/example_dags/example_sla_dag.py
[2025-02-06T08:30:30.311+0000] {processor.py:914} INFO - Processing file /opt/conda/lib/python3.12/site-packages/airflow/example_dags/example_sla_dag.py for tasks to queue
[2025-02-06T08:30:30.313+0000] {logging_mixin.py:190} INFO - [2025-02-06T08:30:30.313+0000] {dagbag.py:588} INFO - Filling up the DagBag from /opt/conda/lib/python3.12/site-packages/airflow/example_dags/example_sla_dag.py
[2025-02-06T08:30:30.321+0000] {processor.py:925} INFO - DAG(s) 'example_sla_dag' retrieved from /opt/conda/lib/python3.12/site-packages/airflow/example_dags/example_sla_dag.py
[2025-02-06T08:30:30.344+0000] {logging_mixin.py:190} INFO - [2025-02-06T08:30:30.344+0000] {dag.py:3239} INFO - Sync 1 DAGs
[2025-02-06T08:30:30.366+0000] {logging_mixin.py:190} INFO - [2025-02-06T08:30:30.366+0000] {dag.py:4180} INFO - Setting next_dagrun for example_sla_dag to 2025-02-06 08:28:00+00:00, run_after=2025-02-06 08:30:00+00:00
[2025-02-06T08:30:30.435+0000] {processor.py:208} INFO - Processing /opt/conda/lib/python3.12/site-packages/airflow/example_dags/example_sla_dag.py took 0.131 seconds
[2025-02-06T08:31:34.398+0000] {processor.py:186} INFO - Started process (PID=105) to work on /opt/conda/lib/python3.12/site-packages/airflow/example_dags/example_sla_dag.py
[2025-02-06T08:31:34.399+0000] {processor.py:914} INFO - Processing file /opt/conda/lib/python3.12/site-packages/airflow/example_dags/example_sla_dag.py for tasks to queue
[2025-02-06T08:31:34.401+0000] {logging_mixin.py:190} INFO - [2025-02-06T08:31:34.400+0000] {dagbag.py:588} INFO - Filling up the DagBag from /opt/conda/lib/python3.12/site-packages/airflow/example_dags/example_sla_dag.py
[2025-02-06T08:31:34.408+0000] {processor.py:925} INFO - DAG(s) 'example_sla_dag' retrieved from /opt/conda/lib/python3.12/site-packages/airflow/example_dags/example_sla_dag.py
[2025-02-06T08:31:34.433+0000] {logging_mixin.py:190} INFO - [2025-02-06T08:31:34.433+0000] {dag.py:3239} INFO - Sync 1 DAGs
[2025-02-06T08:31:34.463+0000] {logging_mixin.py:190} INFO - [2025-02-06T08:31:34.463+0000] {dag.py:4180} INFO - Setting next_dagrun for example_sla_dag to 2025-02-06 08:28:00+00:00, run_after=2025-02-06 08:30:00+00:00
[2025-02-06T08:31:34.525+0000] {processor.py:208} INFO - Processing /opt/conda/lib/python3.12/site-packages/airflow/example_dags/example_sla_dag.py took 0.131 seconds
[2025-02-06T08:32:44.381+0000] {processor.py:186} INFO - Started process (PID=166) to work on /opt/conda/lib/python3.12/site-packages/airflow/example_dags/example_sla_dag.py
[2025-02-06T08:32:44.382+0000] {processor.py:914} INFO - Processing file /opt/conda/lib/python3.12/site-packages/airflow/example_dags/example_sla_dag.py for tasks to queue
[2025-02-06T08:32:44.383+0000] {logging_mixin.py:190} INFO - [2025-02-06T08:32:44.383+0000] {dagbag.py:588} INFO - Filling up the DagBag from /opt/conda/lib/python3.12/site-packages/airflow/example_dags/example_sla_dag.py
[2025-02-06T08:32:44.390+0000] {processor.py:925} INFO - DAG(s) 'example_sla_dag' retrieved from /opt/conda/lib/python3.12/site-packages/airflow/example_dags/example_sla_dag.py
[2025-02-06T08:32:44.420+0000] {logging_mixin.py:190} INFO - [2025-02-06T08:32:44.420+0000] {dag.py:3239} INFO - Sync 1 DAGs
[2025-02-06T08:32:44.442+0000] {logging_mixin.py:190} INFO - [2025-02-06T08:32:44.441+0000] {dag.py:4180} INFO - Setting next_dagrun for example_sla_dag to 2025-02-06 08:30:00+00:00, run_after=2025-02-06 08:32:00+00:00
[2025-02-06T08:32:44.494+0000] {processor.py:208} INFO - Processing /opt/conda/lib/python3.12/site-packages/airflow/example_dags/example_sla_dag.py took 0.117 seconds
[2025-02-06T08:33:55.722+0000] {processor.py:186} INFO - Started process (PID=228) to work on /opt/conda/lib/python3.12/site-packages/airflow/example_dags/example_sla_dag.py
[2025-02-06T08:33:55.724+0000] {processor.py:914} INFO - Processing file /opt/conda/lib/python3.12/site-packages/airflow/example_dags/example_sla_dag.py for tasks to queue
[2025-02-06T08:33:55.725+0000] {logging_mixin.py:190} INFO - [2025-02-06T08:33:55.724+0000] {dagbag.py:588} INFO - Filling up the DagBag from /opt/conda/lib/python3.12/site-packages/airflow/example_dags/example_sla_dag.py
[2025-02-06T08:33:55.732+0000] {processor.py:925} INFO - DAG(s) 'example_sla_dag' retrieved from /opt/conda/lib/python3.12/site-packages/airflow/example_dags/example_sla_dag.py
[2025-02-06T08:33:55.754+0000] {logging_mixin.py:190} INFO - [2025-02-06T08:33:55.753+0000] {dag.py:3239} INFO - Sync 1 DAGs
[2025-02-06T08:33:55.775+0000] {logging_mixin.py:190} INFO - [2025-02-06T08:33:55.775+0000] {dag.py:4180} INFO - Setting next_dagrun for example_sla_dag to 2025-02-06 08:30:00+00:00, run_after=2025-02-06 08:32:00+00:00
[2025-02-06T08:33:55.836+0000] {processor.py:208} INFO - Processing /opt/conda/lib/python3.12/site-packages/airflow/example_dags/example_sla_dag.py took 0.118 seconds
[2025-02-06T08:35:14.777+0000] {processor.py:186} INFO - Started process (PID=292) to work on /opt/conda/lib/python3.12/site-packages/airflow/example_dags/example_sla_dag.py
[2025-02-06T08:35:14.778+0000] {processor.py:914} INFO - Processing file /opt/conda/lib/python3.12/site-packages/airflow/example_dags/example_sla_dag.py for tasks to queue
[2025-02-06T08:35:14.779+0000] {logging_mixin.py:190} INFO - [2025-02-06T08:35:14.778+0000] {dagbag.py:588} INFO - Filling up the DagBag from /opt/conda/lib/python3.12/site-packages/airflow/example_dags/example_sla_dag.py
[2025-02-06T08:35:14.787+0000] {processor.py:925} INFO - DAG(s) 'example_sla_dag' retrieved from /opt/conda/lib/python3.12/site-packages/airflow/example_dags/example_sla_dag.py
[2025-02-06T08:35:14.805+0000] {logging_mixin.py:190} INFO - [2025-02-06T08:35:14.805+0000] {dag.py:3239} INFO - Sync 1 DAGs
[2025-02-06T08:35:14.826+0000] {logging_mixin.py:190} INFO - [2025-02-06T08:35:14.826+0000] {dag.py:4180} INFO - Setting next_dagrun for example_sla_dag to 2025-02-06 08:32:00+00:00, run_after=2025-02-06 08:34:00+00:00
[2025-02-06T08:35:14.888+0000] {processor.py:208} INFO - Processing /opt/conda/lib/python3.12/site-packages/airflow/example_dags/example_sla_dag.py took 0.115 seconds
[2025-02-06T08:36:30.925+0000] {processor.py:186} INFO - Started process (PID=358) to work on /opt/conda/lib/python3.12/site-packages/airflow/example_dags/example_sla_dag.py
[2025-02-06T08:36:30.926+0000] {processor.py:914} INFO - Processing file /opt/conda/lib/python3.12/site-packages/airflow/example_dags/example_sla_dag.py for tasks to queue
[2025-02-06T08:36:30.927+0000] {logging_mixin.py:190} INFO - [2025-02-06T08:36:30.927+0000] {dagbag.py:588} INFO - Filling up the DagBag from /opt/conda/lib/python3.12/site-packages/airflow/example_dags/example_sla_dag.py
[2025-02-06T08:36:30.938+0000] {processor.py:925} INFO - DAG(s) 'example_sla_dag' retrieved from /opt/conda/lib/python3.12/site-packages/airflow/example_dags/example_sla_dag.py
[2025-02-06T08:36:30.959+0000] {logging_mixin.py:190} INFO - [2025-02-06T08:36:30.959+0000] {dag.py:3239} INFO - Sync 1 DAGs
[2025-02-06T08:36:31.072+0000] {logging_mixin.py:190} INFO - [2025-02-06T08:36:31.072+0000] {dag.py:4180} INFO - Setting next_dagrun for example_sla_dag to 2025-02-06 08:34:00+00:00, run_after=2025-02-06 08:36:00+00:00
[2025-02-06T08:36:31.142+0000] {processor.py:208} INFO - Processing /opt/conda/lib/python3.12/site-packages/airflow/example_dags/example_sla_dag.py took 0.222 seconds
[2025-02-06T08:37:52.963+0000] {processor.py:186} INFO - Started process (PID=425) to work on /opt/conda/lib/python3.12/site-packages/airflow/example_dags/example_sla_dag.py
[2025-02-06T08:37:52.964+0000] {processor.py:914} INFO - Processing file /opt/conda/lib/python3.12/site-packages/airflow/example_dags/example_sla_dag.py for tasks to queue
[2025-02-06T08:37:52.965+0000] {logging_mixin.py:190} INFO - [2025-02-06T08:37:52.965+0000] {dagbag.py:588} INFO - Filling up the DagBag from /opt/conda/lib/python3.12/site-packages/airflow/example_dags/example_sla_dag.py
[2025-02-06T08:37:52.973+0000] {processor.py:925} INFO - DAG(s) 'example_sla_dag' retrieved from /opt/conda/lib/python3.12/site-packages/airflow/example_dags/example_sla_dag.py
[2025-02-06T08:37:52.993+0000] {logging_mixin.py:190} INFO - [2025-02-06T08:37:52.993+0000] {dag.py:3239} INFO - Sync 1 DAGs
[2025-02-06T08:37:53.014+0000] {logging_mixin.py:190} INFO - [2025-02-06T08:37:53.014+0000] {dag.py:4180} INFO - Setting next_dagrun for example_sla_dag to 2025-02-06 08:34:00+00:00, run_after=2025-02-06 08:36:00+00:00
[2025-02-06T08:37:53.067+0000] {processor.py:208} INFO - Processing /opt/conda/lib/python3.12/site-packages/airflow/example_dags/example_sla_dag.py took 0.108 seconds
[2025-02-06T08:39:06.431+0000] {processor.py:186} INFO - Started process (PID=490) to work on /opt/conda/lib/python3.12/site-packages/airflow/example_dags/example_sla_dag.py
[2025-02-06T08:39:06.432+0000] {processor.py:914} INFO - Processing file /opt/conda/lib/python3.12/site-packages/airflow/example_dags/example_sla_dag.py for tasks to queue
[2025-02-06T08:39:06.434+0000] {logging_mixin.py:190} INFO - [2025-02-06T08:39:06.434+0000] {dagbag.py:588} INFO - Filling up the DagBag from /opt/conda/lib/python3.12/site-packages/airflow/example_dags/example_sla_dag.py
[2025-02-06T08:39:06.443+0000] {processor.py:925} INFO - DAG(s) 'example_sla_dag' retrieved from /opt/conda/lib/python3.12/site-packages/airflow/example_dags/example_sla_dag.py
[2025-02-06T08:39:06.466+0000] {logging_mixin.py:190} INFO - [2025-02-06T08:39:06.465+0000] {dag.py:3239} INFO - Sync 1 DAGs
[2025-02-06T08:39:06.487+0000] {logging_mixin.py:190} INFO - [2025-02-06T08:39:06.487+0000] {dag.py:4180} INFO - Setting next_dagrun for example_sla_dag to 2025-02-06 08:36:00+00:00, run_after=2025-02-06 08:38:00+00:00
[2025-02-06T08:39:06.545+0000] {processor.py:208} INFO - Processing /opt/conda/lib/python3.12/site-packages/airflow/example_dags/example_sla_dag.py took 0.118 seconds
[2025-02-06T08:40:26.753+0000] {processor.py:186} INFO - Started process (PID=557) to work on /opt/conda/lib/python3.12/site-packages/airflow/example_dags/example_sla_dag.py
[2025-02-06T08:40:26.754+0000] {processor.py:914} INFO - Processing file /opt/conda/lib/python3.12/site-packages/airflow/example_dags/example_sla_dag.py for tasks to queue
[2025-02-06T08:40:26.756+0000] {logging_mixin.py:190} INFO - [2025-02-06T08:40:26.755+0000] {dagbag.py:588} INFO - Filling up the DagBag from /opt/conda/lib/python3.12/site-packages/airflow/example_dags/example_sla_dag.py
[2025-02-06T08:40:26.764+0000] {processor.py:925} INFO - DAG(s) 'example_sla_dag' retrieved from /opt/conda/lib/python3.12/site-packages/airflow/example_dags/example_sla_dag.py
[2025-02-06T08:40:26.787+0000] {logging_mixin.py:190} INFO - [2025-02-06T08:40:26.787+0000] {dag.py:3239} INFO - Sync 1 DAGs
[2025-02-06T08:40:26.809+0000] {logging_mixin.py:190} INFO - [2025-02-06T08:40:26.809+0000] {dag.py:4180} INFO - Setting next_dagrun for example_sla_dag to 2025-02-06 08:38:00+00:00, run_after=2025-02-06 08:40:00+00:00
[2025-02-06T08:40:26.871+0000] {processor.py:208} INFO - Processing /opt/conda/lib/python3.12/site-packages/airflow/example_dags/example_sla_dag.py took 0.123 seconds
[2025-02-06T08:41:39.042+0000] {processor.py:186} INFO - Started process (PID=620) to work on /opt/conda/lib/python3.12/site-packages/airflow/example_dags/example_sla_dag.py
[2025-02-06T08:41:39.043+0000] {processor.py:914} INFO - Processing file /opt/conda/lib/python3.12/site-packages/airflow/example_dags/example_sla_dag.py for tasks to queue
[2025-02-06T08:41:39.045+0000] {logging_mixin.py:190} INFO - [2025-02-06T08:41:39.044+0000] {dagbag.py:588} INFO - Filling up the DagBag from /opt/conda/lib/python3.12/site-packages/airflow/example_dags/example_sla_dag.py
[2025-02-06T08:41:39.052+0000] {processor.py:925} INFO - DAG(s) 'example_sla_dag' retrieved from /opt/conda/lib/python3.12/site-packages/airflow/example_dags/example_sla_dag.py
[2025-02-06T08:41:39.075+0000] {logging_mixin.py:190} INFO - [2025-02-06T08:41:39.075+0000] {dag.py:3239} INFO - Sync 1 DAGs
[2025-02-06T08:41:39.102+0000] {logging_mixin.py:190} INFO - [2025-02-06T08:41:39.102+0000] {dag.py:4180} INFO - Setting next_dagrun for example_sla_dag to 2025-02-06 08:38:00+00:00, run_after=2025-02-06 08:40:00+00:00
[2025-02-06T08:41:39.171+0000] {processor.py:208} INFO - Processing /opt/conda/lib/python3.12/site-packages/airflow/example_dags/example_sla_dag.py took 0.135 seconds
[2025-02-06T08:43:22.338+0000] {processor.py:186} INFO - Started process (PID=48) to work on /opt/conda/lib/python3.12/site-packages/airflow/example_dags/example_sla_dag.py
[2025-02-06T08:43:22.340+0000] {processor.py:914} INFO - Processing file /opt/conda/lib/python3.12/site-packages/airflow/example_dags/example_sla_dag.py for tasks to queue
[2025-02-06T08:43:22.342+0000] {logging_mixin.py:190} INFO - [2025-02-06T08:43:22.342+0000] {dagbag.py:588} INFO - Filling up the DagBag from /opt/conda/lib/python3.12/site-packages/airflow/example_dags/example_sla_dag.py
[2025-02-06T08:43:22.352+0000] {processor.py:925} INFO - DAG(s) 'example_sla_dag' retrieved from /opt/conda/lib/python3.12/site-packages/airflow/example_dags/example_sla_dag.py
[2025-02-06T08:43:22.378+0000] {logging_mixin.py:190} INFO - [2025-02-06T08:43:22.377+0000] {dag.py:3239} INFO - Sync 1 DAGs
[2025-02-06T08:43:22.401+0000] {logging_mixin.py:190} INFO - [2025-02-06T08:43:22.400+0000] {dag.py:4180} INFO - Setting next_dagrun for example_sla_dag to 2025-02-06 08:40:00+00:00, run_after=2025-02-06 08:42:00+00:00
[2025-02-06T08:43:22.461+0000] {processor.py:208} INFO - Processing /opt/conda/lib/python3.12/site-packages/airflow/example_dags/example_sla_dag.py took 0.129 seconds
[2025-02-06T08:44:31.625+0000] {processor.py:186} INFO - Started process (PID=106) to work on /opt/conda/lib/python3.12/site-packages/airflow/example_dags/example_sla_dag.py
[2025-02-06T08:44:31.627+0000] {processor.py:914} INFO - Processing file /opt/conda/lib/python3.12/site-packages/airflow/example_dags/example_sla_dag.py for tasks to queue
[2025-02-06T08:44:31.628+0000] {logging_mixin.py:190} INFO - [2025-02-06T08:44:31.628+0000] {dagbag.py:588} INFO - Filling up the DagBag from /opt/conda/lib/python3.12/site-packages/airflow/example_dags/example_sla_dag.py
[2025-02-06T08:44:31.636+0000] {processor.py:925} INFO - DAG(s) 'example_sla_dag' retrieved from /opt/conda/lib/python3.12/site-packages/airflow/example_dags/example_sla_dag.py
[2025-02-06T08:44:31.658+0000] {logging_mixin.py:190} INFO - [2025-02-06T08:44:31.658+0000] {dag.py:3239} INFO - Sync 1 DAGs
[2025-02-06T08:44:31.677+0000] {logging_mixin.py:190} INFO - [2025-02-06T08:44:31.677+0000] {dag.py:4180} INFO - Setting next_dagrun for example_sla_dag to 2025-02-06 08:42:00+00:00, run_after=2025-02-06 08:44:00+00:00
[2025-02-06T08:44:31.743+0000] {processor.py:208} INFO - Processing /opt/conda/lib/python3.12/site-packages/airflow/example_dags/example_sla_dag.py took 0.122 seconds
[2025-02-06T08:45:53.538+0000] {processor.py:186} INFO - Started process (PID=195) to work on /opt/conda/lib/python3.12/site-packages/airflow/example_dags/example_sla_dag.py
[2025-02-06T08:45:53.539+0000] {processor.py:914} INFO - Processing file /opt/conda/lib/python3.12/site-packages/airflow/example_dags/example_sla_dag.py for tasks to queue
[2025-02-06T08:45:53.541+0000] {logging_mixin.py:190} INFO - [2025-02-06T08:45:53.540+0000] {dagbag.py:588} INFO - Filling up the DagBag from /opt/conda/lib/python3.12/site-packages/airflow/example_dags/example_sla_dag.py
[2025-02-06T08:45:53.548+0000] {processor.py:925} INFO - DAG(s) 'example_sla_dag' retrieved from /opt/conda/lib/python3.12/site-packages/airflow/example_dags/example_sla_dag.py
[2025-02-06T08:45:53.570+0000] {logging_mixin.py:190} INFO - [2025-02-06T08:45:53.570+0000] {dag.py:3239} INFO - Sync 1 DAGs
[2025-02-06T08:45:53.593+0000] {logging_mixin.py:190} INFO - [2025-02-06T08:45:53.593+0000] {dag.py:4180} INFO - Setting next_dagrun for example_sla_dag to 2025-02-06 08:42:00+00:00, run_after=2025-02-06 08:44:00+00:00
[2025-02-06T08:45:53.652+0000] {processor.py:208} INFO - Processing /opt/conda/lib/python3.12/site-packages/airflow/example_dags/example_sla_dag.py took 0.118 seconds
[2025-02-06T08:47:11.170+0000] {processor.py:186} INFO - Started process (PID=330) to work on /opt/conda/lib/python3.12/site-packages/airflow/example_dags/example_sla_dag.py
[2025-02-06T08:47:11.171+0000] {processor.py:914} INFO - Processing file /opt/conda/lib/python3.12/site-packages/airflow/example_dags/example_sla_dag.py for tasks to queue
[2025-02-06T08:47:11.175+0000] {logging_mixin.py:190} INFO - [2025-02-06T08:47:11.174+0000] {dagbag.py:588} INFO - Filling up the DagBag from /opt/conda/lib/python3.12/site-packages/airflow/example_dags/example_sla_dag.py
[2025-02-06T08:47:11.187+0000] {processor.py:925} INFO - DAG(s) 'example_sla_dag' retrieved from /opt/conda/lib/python3.12/site-packages/airflow/example_dags/example_sla_dag.py
[2025-02-06T08:47:11.209+0000] {logging_mixin.py:190} INFO - [2025-02-06T08:47:11.209+0000] {dag.py:3239} INFO - Sync 1 DAGs
[2025-02-06T08:47:11.232+0000] {logging_mixin.py:190} INFO - [2025-02-06T08:47:11.231+0000] {dag.py:4180} INFO - Setting next_dagrun for example_sla_dag to 2025-02-06 08:44:00+00:00, run_after=2025-02-06 08:46:00+00:00
[2025-02-06T08:47:11.287+0000] {processor.py:208} INFO - Processing /opt/conda/lib/python3.12/site-packages/airflow/example_dags/example_sla_dag.py took 0.124 seconds
[2025-02-06T08:48:37.673+0000] {processor.py:186} INFO - Started process (PID=116) to work on /opt/conda/lib/python3.12/site-packages/airflow/example_dags/example_sla_dag.py
[2025-02-06T08:48:37.674+0000] {processor.py:914} INFO - Processing file /opt/conda/lib/python3.12/site-packages/airflow/example_dags/example_sla_dag.py for tasks to queue
[2025-02-06T08:48:37.676+0000] {logging_mixin.py:190} INFO - [2025-02-06T08:48:37.676+0000] {dagbag.py:588} INFO - Filling up the DagBag from /opt/conda/lib/python3.12/site-packages/airflow/example_dags/example_sla_dag.py
[2025-02-06T08:48:37.683+0000] {processor.py:925} INFO - DAG(s) 'example_sla_dag' retrieved from /opt/conda/lib/python3.12/site-packages/airflow/example_dags/example_sla_dag.py
[2025-02-06T08:48:37.708+0000] {logging_mixin.py:190} INFO - [2025-02-06T08:48:37.708+0000] {dag.py:3239} INFO - Sync 1 DAGs
[2025-02-06T08:48:37.729+0000] {logging_mixin.py:190} INFO - [2025-02-06T08:48:37.728+0000] {dag.py:4180} INFO - Setting next_dagrun for example_sla_dag to 2025-02-06 08:46:00+00:00, run_after=2025-02-06 08:48:00+00:00
[2025-02-06T08:48:37.801+0000] {processor.py:208} INFO - Processing /opt/conda/lib/python3.12/site-packages/airflow/example_dags/example_sla_dag.py took 0.132 seconds
[2025-02-06T08:51:38.820+0000] {processor.py:186} INFO - Started process (PID=450) to work on /opt/conda/lib/python3.12/site-packages/airflow/example_dags/example_sla_dag.py
[2025-02-06T08:51:38.821+0000] {processor.py:914} INFO - Processing file /opt/conda/lib/python3.12/site-packages/airflow/example_dags/example_sla_dag.py for tasks to queue
[2025-02-06T08:51:38.823+0000] {logging_mixin.py:190} INFO - [2025-02-06T08:51:38.823+0000] {dagbag.py:588} INFO - Filling up the DagBag from /opt/conda/lib/python3.12/site-packages/airflow/example_dags/example_sla_dag.py
[2025-02-06T08:51:38.831+0000] {processor.py:925} INFO - DAG(s) 'example_sla_dag' retrieved from /opt/conda/lib/python3.12/site-packages/airflow/example_dags/example_sla_dag.py
[2025-02-06T08:51:38.849+0000] {logging_mixin.py:190} INFO - [2025-02-06T08:51:38.849+0000] {dag.py:3239} INFO - Sync 1 DAGs
[2025-02-06T08:51:38.868+0000] {logging_mixin.py:190} INFO - [2025-02-06T08:51:38.868+0000] {dag.py:4180} INFO - Setting next_dagrun for example_sla_dag to 2025-02-06 08:48:00+00:00, run_after=2025-02-06 08:50:00+00:00
[2025-02-06T08:51:38.927+0000] {processor.py:208} INFO - Processing /opt/conda/lib/python3.12/site-packages/airflow/example_dags/example_sla_dag.py took 0.110 seconds
[2025-02-06T08:54:13.464+0000] {processor.py:186} INFO - Started process (PID=740) to work on /opt/conda/lib/python3.12/site-packages/airflow/example_dags/example_sla_dag.py
[2025-02-06T08:54:13.466+0000] {processor.py:914} INFO - Processing file /opt/conda/lib/python3.12/site-packages/airflow/example_dags/example_sla_dag.py for tasks to queue
[2025-02-06T08:54:13.468+0000] {logging_mixin.py:190} INFO - [2025-02-06T08:54:13.468+0000] {dagbag.py:588} INFO - Filling up the DagBag from /opt/conda/lib/python3.12/site-packages/airflow/example_dags/example_sla_dag.py
[2025-02-06T08:54:13.475+0000] {processor.py:925} INFO - DAG(s) 'example_sla_dag' retrieved from /opt/conda/lib/python3.12/site-packages/airflow/example_dags/example_sla_dag.py
[2025-02-06T08:54:13.494+0000] {logging_mixin.py:190} INFO - [2025-02-06T08:54:13.494+0000] {dag.py:3239} INFO - Sync 1 DAGs
[2025-02-06T08:54:13.512+0000] {logging_mixin.py:190} INFO - [2025-02-06T08:54:13.512+0000] {dag.py:4180} INFO - Setting next_dagrun for example_sla_dag to 2025-02-06 08:52:00+00:00, run_after=2025-02-06 08:54:00+00:00
[2025-02-06T08:54:13.571+0000] {processor.py:208} INFO - Processing /opt/conda/lib/python3.12/site-packages/airflow/example_dags/example_sla_dag.py took 0.111 seconds
[2025-02-06T08:56:48.864+0000] {processor.py:186} INFO - Started process (PID=1023) to work on /opt/conda/lib/python3.12/site-packages/airflow/example_dags/example_sla_dag.py
[2025-02-06T08:56:48.865+0000] {processor.py:914} INFO - Processing file /opt/conda/lib/python3.12/site-packages/airflow/example_dags/example_sla_dag.py for tasks to queue
[2025-02-06T08:56:48.867+0000] {logging_mixin.py:190} INFO - [2025-02-06T08:56:48.866+0000] {dagbag.py:588} INFO - Filling up the DagBag from /opt/conda/lib/python3.12/site-packages/airflow/example_dags/example_sla_dag.py
[2025-02-06T08:56:48.875+0000] {processor.py:925} INFO - DAG(s) 'example_sla_dag' retrieved from /opt/conda/lib/python3.12/site-packages/airflow/example_dags/example_sla_dag.py
[2025-02-06T08:56:48.917+0000] {logging_mixin.py:190} INFO - [2025-02-06T08:56:48.917+0000] {dag.py:3239} INFO - Sync 1 DAGs
[2025-02-06T08:56:48.942+0000] {logging_mixin.py:190} INFO - [2025-02-06T08:56:48.942+0000] {dag.py:4180} INFO - Setting next_dagrun for example_sla_dag to 2025-02-06 08:54:00+00:00, run_after=2025-02-06 08:56:00+00:00
[2025-02-06T08:56:49.003+0000] {processor.py:208} INFO - Processing /opt/conda/lib/python3.12/site-packages/airflow/example_dags/example_sla_dag.py took 0.144 seconds
[2025-02-06T09:01:30.289+0000] {processor.py:186} INFO - Started process (PID=155) to work on /opt/conda/lib/python3.12/site-packages/airflow/example_dags/example_sla_dag.py
[2025-02-06T09:01:30.290+0000] {processor.py:914} INFO - Processing file /opt/conda/lib/python3.12/site-packages/airflow/example_dags/example_sla_dag.py for tasks to queue
[2025-02-06T09:01:30.293+0000] {logging_mixin.py:190} INFO - [2025-02-06T09:01:30.293+0000] {dagbag.py:588} INFO - Filling up the DagBag from /opt/conda/lib/python3.12/site-packages/airflow/example_dags/example_sla_dag.py
[2025-02-06T09:01:30.303+0000] {processor.py:925} INFO - DAG(s) 'example_sla_dag' retrieved from /opt/conda/lib/python3.12/site-packages/airflow/example_dags/example_sla_dag.py
[2025-02-06T09:01:30.329+0000] {logging_mixin.py:190} INFO - [2025-02-06T09:01:30.329+0000] {dag.py:3239} INFO - Sync 1 DAGs
[2025-02-06T09:01:30.353+0000] {logging_mixin.py:190} INFO - [2025-02-06T09:01:30.353+0000] {dag.py:4180} INFO - Setting next_dagrun for example_sla_dag to 2025-02-06 08:58:00+00:00, run_after=2025-02-06 09:00:00+00:00
[2025-02-06T09:01:30.407+0000] {processor.py:208} INFO - Processing /opt/conda/lib/python3.12/site-packages/airflow/example_dags/example_sla_dag.py took 0.121 seconds
[2025-02-06T09:03:08.031+0000] {processor.py:186} INFO - Started process (PID=48) to work on /opt/conda/lib/python3.12/site-packages/airflow/example_dags/example_sla_dag.py
[2025-02-06T09:03:08.032+0000] {processor.py:914} INFO - Processing file /opt/conda/lib/python3.12/site-packages/airflow/example_dags/example_sla_dag.py for tasks to queue
[2025-02-06T09:03:08.034+0000] {logging_mixin.py:190} INFO - [2025-02-06T09:03:08.034+0000] {dagbag.py:588} INFO - Filling up the DagBag from /opt/conda/lib/python3.12/site-packages/airflow/example_dags/example_sla_dag.py
[2025-02-06T09:03:08.040+0000] {processor.py:925} INFO - DAG(s) 'example_sla_dag' retrieved from /opt/conda/lib/python3.12/site-packages/airflow/example_dags/example_sla_dag.py
[2025-02-06T09:03:08.062+0000] {logging_mixin.py:190} INFO - [2025-02-06T09:03:08.062+0000] {dag.py:3239} INFO - Sync 1 DAGs
[2025-02-06T09:03:08.083+0000] {logging_mixin.py:190} INFO - [2025-02-06T09:03:08.083+0000] {dag.py:4180} INFO - Setting next_dagrun for example_sla_dag to 2025-02-06 09:00:00+00:00, run_after=2025-02-06 09:02:00+00:00
[2025-02-06T09:03:08.139+0000] {processor.py:208} INFO - Processing /opt/conda/lib/python3.12/site-packages/airflow/example_dags/example_sla_dag.py took 0.112 seconds
[2025-02-06T09:03:43.547+0000] {processor.py:186} INFO - Started process (PID=44) to work on /opt/conda/lib/python3.12/site-packages/airflow/example_dags/example_sla_dag.py
[2025-02-06T09:03:43.548+0000] {processor.py:914} INFO - Processing file /opt/conda/lib/python3.12/site-packages/airflow/example_dags/example_sla_dag.py for tasks to queue
[2025-02-06T09:03:43.550+0000] {logging_mixin.py:190} INFO - [2025-02-06T09:03:43.549+0000] {dagbag.py:588} INFO - Filling up the DagBag from /opt/conda/lib/python3.12/site-packages/airflow/example_dags/example_sla_dag.py
[2025-02-06T09:03:43.556+0000] {processor.py:925} INFO - DAG(s) 'example_sla_dag' retrieved from /opt/conda/lib/python3.12/site-packages/airflow/example_dags/example_sla_dag.py
[2025-02-06T09:03:43.575+0000] {logging_mixin.py:190} INFO - [2025-02-06T09:03:43.575+0000] {dag.py:3239} INFO - Sync 1 DAGs
[2025-02-06T09:03:43.594+0000] {logging_mixin.py:190} INFO - [2025-02-06T09:03:43.594+0000] {dag.py:4180} INFO - Setting next_dagrun for example_sla_dag to 2025-02-06 09:00:00+00:00, run_after=2025-02-06 09:02:00+00:00
[2025-02-06T09:03:43.674+0000] {processor.py:208} INFO - Processing /opt/conda/lib/python3.12/site-packages/airflow/example_dags/example_sla_dag.py took 0.130 seconds
[2025-02-06T09:04:27.438+0000] {processor.py:186} INFO - Started process (PID=48) to work on /opt/conda/lib/python3.12/site-packages/airflow/example_dags/example_sla_dag.py
[2025-02-06T09:04:27.440+0000] {processor.py:914} INFO - Processing file /opt/conda/lib/python3.12/site-packages/airflow/example_dags/example_sla_dag.py for tasks to queue
[2025-02-06T09:04:27.442+0000] {logging_mixin.py:190} INFO - [2025-02-06T09:04:27.441+0000] {dagbag.py:588} INFO - Filling up the DagBag from /opt/conda/lib/python3.12/site-packages/airflow/example_dags/example_sla_dag.py
[2025-02-06T09:04:27.450+0000] {processor.py:925} INFO - DAG(s) 'example_sla_dag' retrieved from /opt/conda/lib/python3.12/site-packages/airflow/example_dags/example_sla_dag.py
[2025-02-06T09:04:27.474+0000] {logging_mixin.py:190} INFO - [2025-02-06T09:04:27.474+0000] {dag.py:3239} INFO - Sync 1 DAGs
[2025-02-06T09:04:27.498+0000] {logging_mixin.py:190} INFO - [2025-02-06T09:04:27.498+0000] {dag.py:4180} INFO - Setting next_dagrun for example_sla_dag to 2025-02-06 09:02:00+00:00, run_after=2025-02-06 09:04:00+00:00
[2025-02-06T09:04:27.555+0000] {processor.py:208} INFO - Processing /opt/conda/lib/python3.12/site-packages/airflow/example_dags/example_sla_dag.py took 0.122 seconds
[2025-02-06T09:07:27.026+0000] {processor.py:186} INFO - Started process (PID=374) to work on /opt/conda/lib/python3.12/site-packages/airflow/example_dags/example_sla_dag.py
[2025-02-06T09:07:27.027+0000] {processor.py:914} INFO - Processing file /opt/conda/lib/python3.12/site-packages/airflow/example_dags/example_sla_dag.py for tasks to queue
[2025-02-06T09:07:27.029+0000] {logging_mixin.py:190} INFO - [2025-02-06T09:07:27.029+0000] {dagbag.py:588} INFO - Filling up the DagBag from /opt/conda/lib/python3.12/site-packages/airflow/example_dags/example_sla_dag.py
[2025-02-06T09:07:27.037+0000] {processor.py:925} INFO - DAG(s) 'example_sla_dag' retrieved from /opt/conda/lib/python3.12/site-packages/airflow/example_dags/example_sla_dag.py
[2025-02-06T09:07:27.056+0000] {logging_mixin.py:190} INFO - [2025-02-06T09:07:27.056+0000] {dag.py:3239} INFO - Sync 1 DAGs
[2025-02-06T09:07:27.082+0000] {logging_mixin.py:190} INFO - [2025-02-06T09:07:27.082+0000] {dag.py:4180} INFO - Setting next_dagrun for example_sla_dag to 2025-02-06 09:04:00+00:00, run_after=2025-02-06 09:06:00+00:00
[2025-02-06T09:07:27.150+0000] {processor.py:208} INFO - Processing /opt/conda/lib/python3.12/site-packages/airflow/example_dags/example_sla_dag.py took 0.127 seconds
[2025-02-06T09:09:53.213+0000] {processor.py:186} INFO - Started process (PID=647) to work on /opt/conda/lib/python3.12/site-packages/airflow/example_dags/example_sla_dag.py
[2025-02-06T09:09:53.214+0000] {processor.py:914} INFO - Processing file /opt/conda/lib/python3.12/site-packages/airflow/example_dags/example_sla_dag.py for tasks to queue
[2025-02-06T09:09:53.216+0000] {logging_mixin.py:190} INFO - [2025-02-06T09:09:53.216+0000] {dagbag.py:588} INFO - Filling up the DagBag from /opt/conda/lib/python3.12/site-packages/airflow/example_dags/example_sla_dag.py
[2025-02-06T09:09:53.224+0000] {processor.py:925} INFO - DAG(s) 'example_sla_dag' retrieved from /opt/conda/lib/python3.12/site-packages/airflow/example_dags/example_sla_dag.py
[2025-02-06T09:09:53.251+0000] {logging_mixin.py:190} INFO - [2025-02-06T09:09:53.250+0000] {dag.py:3239} INFO - Sync 1 DAGs
[2025-02-06T09:09:53.274+0000] {logging_mixin.py:190} INFO - [2025-02-06T09:09:53.274+0000] {dag.py:4180} INFO - Setting next_dagrun for example_sla_dag to 2025-02-06 09:06:00+00:00, run_after=2025-02-06 09:08:00+00:00
[2025-02-06T09:09:53.336+0000] {processor.py:208} INFO - Processing /opt/conda/lib/python3.12/site-packages/airflow/example_dags/example_sla_dag.py took 0.129 seconds
[2025-02-06T09:12:09.939+0000] {processor.py:186} INFO - Started process (PID=906) to work on /opt/conda/lib/python3.12/site-packages/airflow/example_dags/example_sla_dag.py
[2025-02-06T09:12:09.940+0000] {processor.py:914} INFO - Processing file /opt/conda/lib/python3.12/site-packages/airflow/example_dags/example_sla_dag.py for tasks to queue
[2025-02-06T09:12:09.941+0000] {logging_mixin.py:190} INFO - [2025-02-06T09:12:09.941+0000] {dagbag.py:588} INFO - Filling up the DagBag from /opt/conda/lib/python3.12/site-packages/airflow/example_dags/example_sla_dag.py
[2025-02-06T09:12:09.948+0000] {processor.py:925} INFO - DAG(s) 'example_sla_dag' retrieved from /opt/conda/lib/python3.12/site-packages/airflow/example_dags/example_sla_dag.py
[2025-02-06T09:12:09.968+0000] {logging_mixin.py:190} INFO - [2025-02-06T09:12:09.968+0000] {dag.py:3239} INFO - Sync 1 DAGs
[2025-02-06T09:12:09.990+0000] {logging_mixin.py:190} INFO - [2025-02-06T09:12:09.989+0000] {dag.py:4180} INFO - Setting next_dagrun for example_sla_dag to 2025-02-06 09:10:00+00:00, run_after=2025-02-06 09:12:00+00:00
[2025-02-06T09:12:10.056+0000] {processor.py:208} INFO - Processing /opt/conda/lib/python3.12/site-packages/airflow/example_dags/example_sla_dag.py took 0.121 seconds
[2025-02-06T09:14:38.342+0000] {processor.py:186} INFO - Started process (PID=1175) to work on /opt/conda/lib/python3.12/site-packages/airflow/example_dags/example_sla_dag.py
[2025-02-06T09:14:38.343+0000] {processor.py:914} INFO - Processing file /opt/conda/lib/python3.12/site-packages/airflow/example_dags/example_sla_dag.py for tasks to queue
[2025-02-06T09:14:38.345+0000] {logging_mixin.py:190} INFO - [2025-02-06T09:14:38.345+0000] {dagbag.py:588} INFO - Filling up the DagBag from /opt/conda/lib/python3.12/site-packages/airflow/example_dags/example_sla_dag.py
[2025-02-06T09:14:38.357+0000] {processor.py:925} INFO - DAG(s) 'example_sla_dag' retrieved from /opt/conda/lib/python3.12/site-packages/airflow/example_dags/example_sla_dag.py
[2025-02-06T09:14:38.377+0000] {logging_mixin.py:190} INFO - [2025-02-06T09:14:38.377+0000] {dag.py:3239} INFO - Sync 1 DAGs
[2025-02-06T09:14:38.400+0000] {logging_mixin.py:190} INFO - [2025-02-06T09:14:38.400+0000] {dag.py:4180} INFO - Setting next_dagrun for example_sla_dag to 2025-02-06 09:12:00+00:00, run_after=2025-02-06 09:14:00+00:00
[2025-02-06T09:14:38.461+0000] {processor.py:208} INFO - Processing /opt/conda/lib/python3.12/site-packages/airflow/example_dags/example_sla_dag.py took 0.123 seconds
[2025-02-06T09:16:53.200+0000] {processor.py:186} INFO - Started process (PID=1430) to work on /opt/conda/lib/python3.12/site-packages/airflow/example_dags/example_sla_dag.py
[2025-02-06T09:16:53.201+0000] {processor.py:914} INFO - Processing file /opt/conda/lib/python3.12/site-packages/airflow/example_dags/example_sla_dag.py for tasks to queue
[2025-02-06T09:16:53.203+0000] {logging_mixin.py:190} INFO - [2025-02-06T09:16:53.203+0000] {dagbag.py:588} INFO - Filling up the DagBag from /opt/conda/lib/python3.12/site-packages/airflow/example_dags/example_sla_dag.py
[2025-02-06T09:16:53.212+0000] {processor.py:925} INFO - DAG(s) 'example_sla_dag' retrieved from /opt/conda/lib/python3.12/site-packages/airflow/example_dags/example_sla_dag.py
[2025-02-06T09:16:53.245+0000] {logging_mixin.py:190} INFO - [2025-02-06T09:16:53.245+0000] {dag.py:3239} INFO - Sync 1 DAGs
[2025-02-06T09:16:53.271+0000] {logging_mixin.py:190} INFO - [2025-02-06T09:16:53.270+0000] {dag.py:4180} INFO - Setting next_dagrun for example_sla_dag to 2025-02-06 09:14:00+00:00, run_after=2025-02-06 09:16:00+00:00
[2025-02-06T09:16:53.332+0000] {processor.py:208} INFO - Processing /opt/conda/lib/python3.12/site-packages/airflow/example_dags/example_sla_dag.py took 0.136 seconds
[2025-02-06T09:19:08.377+0000] {processor.py:186} INFO - Started process (PID=1679) to work on /opt/conda/lib/python3.12/site-packages/airflow/example_dags/example_sla_dag.py
[2025-02-06T09:19:08.378+0000] {processor.py:914} INFO - Processing file /opt/conda/lib/python3.12/site-packages/airflow/example_dags/example_sla_dag.py for tasks to queue
[2025-02-06T09:19:08.380+0000] {logging_mixin.py:190} INFO - [2025-02-06T09:19:08.380+0000] {dagbag.py:588} INFO - Filling up the DagBag from /opt/conda/lib/python3.12/site-packages/airflow/example_dags/example_sla_dag.py
[2025-02-06T09:19:08.389+0000] {processor.py:925} INFO - DAG(s) 'example_sla_dag' retrieved from /opt/conda/lib/python3.12/site-packages/airflow/example_dags/example_sla_dag.py
[2025-02-06T09:19:08.498+0000] {logging_mixin.py:190} INFO - [2025-02-06T09:19:08.498+0000] {dag.py:3239} INFO - Sync 1 DAGs
[2025-02-06T09:19:08.518+0000] {logging_mixin.py:190} INFO - [2025-02-06T09:19:08.518+0000] {dag.py:4180} INFO - Setting next_dagrun for example_sla_dag to 2025-02-06 09:16:00+00:00, run_after=2025-02-06 09:18:00+00:00
[2025-02-06T09:19:08.568+0000] {processor.py:208} INFO - Processing /opt/conda/lib/python3.12/site-packages/airflow/example_dags/example_sla_dag.py took 0.197 seconds
[2025-02-06T09:21:55.275+0000] {processor.py:186} INFO - Started process (PID=1950) to work on /opt/conda/lib/python3.12/site-packages/airflow/example_dags/example_sla_dag.py
[2025-02-06T09:21:55.276+0000] {processor.py:914} INFO - Processing file /opt/conda/lib/python3.12/site-packages/airflow/example_dags/example_sla_dag.py for tasks to queue
[2025-02-06T09:21:55.280+0000] {logging_mixin.py:190} INFO - [2025-02-06T09:21:55.279+0000] {dagbag.py:588} INFO - Filling up the DagBag from /opt/conda/lib/python3.12/site-packages/airflow/example_dags/example_sla_dag.py
[2025-02-06T09:21:55.293+0000] {processor.py:925} INFO - DAG(s) 'example_sla_dag' retrieved from /opt/conda/lib/python3.12/site-packages/airflow/example_dags/example_sla_dag.py
[2025-02-06T09:21:55.337+0000] {logging_mixin.py:190} INFO - [2025-02-06T09:21:55.337+0000] {dag.py:3239} INFO - Sync 1 DAGs
[2025-02-06T09:21:55.381+0000] {logging_mixin.py:190} INFO - [2025-02-06T09:21:55.381+0000] {dag.py:4180} INFO - Setting next_dagrun for example_sla_dag to 2025-02-06 09:18:00+00:00, run_after=2025-02-06 09:20:00+00:00
[2025-02-06T09:21:55.435+0000] {processor.py:208} INFO - Processing /opt/conda/lib/python3.12/site-packages/airflow/example_dags/example_sla_dag.py took 0.166 seconds
[2025-02-06T09:24:54.475+0000] {processor.py:186} INFO - Started process (PID=98) to work on /opt/conda/lib/python3.12/site-packages/airflow/example_dags/example_sla_dag.py
[2025-02-06T09:24:54.476+0000] {processor.py:914} INFO - Processing file /opt/conda/lib/python3.12/site-packages/airflow/example_dags/example_sla_dag.py for tasks to queue
[2025-02-06T09:24:54.478+0000] {logging_mixin.py:190} INFO - [2025-02-06T09:24:54.477+0000] {dagbag.py:588} INFO - Filling up the DagBag from /opt/conda/lib/python3.12/site-packages/airflow/example_dags/example_sla_dag.py
[2025-02-06T09:24:54.485+0000] {processor.py:925} INFO - DAG(s) 'example_sla_dag' retrieved from /opt/conda/lib/python3.12/site-packages/airflow/example_dags/example_sla_dag.py
[2025-02-06T09:24:54.509+0000] {logging_mixin.py:190} INFO - [2025-02-06T09:24:54.509+0000] {dag.py:3239} INFO - Sync 1 DAGs
[2025-02-06T09:24:54.533+0000] {logging_mixin.py:190} INFO - [2025-02-06T09:24:54.533+0000] {dag.py:4180} INFO - Setting next_dagrun for example_sla_dag to 2025-02-06 09:22:00+00:00, run_after=2025-02-06 09:24:00+00:00
[2025-02-06T09:24:54.598+0000] {processor.py:208} INFO - Processing /opt/conda/lib/python3.12/site-packages/airflow/example_dags/example_sla_dag.py took 0.128 seconds
[2025-02-06T09:30:49.831+0000] {processor.py:186} INFO - Started process (PID=206) to work on /opt/conda/lib/python3.12/site-packages/airflow/example_dags/example_sla_dag.py
[2025-02-06T09:30:49.832+0000] {processor.py:914} INFO - Processing file /opt/conda/lib/python3.12/site-packages/airflow/example_dags/example_sla_dag.py for tasks to queue
[2025-02-06T09:30:49.835+0000] {logging_mixin.py:190} INFO - [2025-02-06T09:30:49.834+0000] {dagbag.py:588} INFO - Filling up the DagBag from /opt/conda/lib/python3.12/site-packages/airflow/example_dags/example_sla_dag.py
[2025-02-06T09:30:49.844+0000] {processor.py:925} INFO - DAG(s) 'example_sla_dag' retrieved from /opt/conda/lib/python3.12/site-packages/airflow/example_dags/example_sla_dag.py
[2025-02-06T09:30:49.866+0000] {logging_mixin.py:190} INFO - [2025-02-06T09:30:49.866+0000] {dag.py:3239} INFO - Sync 1 DAGs
[2025-02-06T09:30:49.890+0000] {logging_mixin.py:190} INFO - [2025-02-06T09:30:49.890+0000] {dag.py:4180} INFO - Setting next_dagrun for example_sla_dag to 2025-02-06 09:28:00+00:00, run_after=2025-02-06 09:30:00+00:00
[2025-02-06T09:30:49.962+0000] {processor.py:208} INFO - Processing /opt/conda/lib/python3.12/site-packages/airflow/example_dags/example_sla_dag.py took 0.135 seconds
[2025-02-06T09:36:02.296+0000] {processor.py:186} INFO - Started process (PID=781) to work on /opt/conda/lib/python3.12/site-packages/airflow/example_dags/example_sla_dag.py
[2025-02-06T09:36:02.297+0000] {processor.py:914} INFO - Processing file /opt/conda/lib/python3.12/site-packages/airflow/example_dags/example_sla_dag.py for tasks to queue
[2025-02-06T09:36:02.299+0000] {logging_mixin.py:190} INFO - [2025-02-06T09:36:02.298+0000] {dagbag.py:588} INFO - Filling up the DagBag from /opt/conda/lib/python3.12/site-packages/airflow/example_dags/example_sla_dag.py
[2025-02-06T09:36:02.306+0000] {processor.py:925} INFO - DAG(s) 'example_sla_dag' retrieved from /opt/conda/lib/python3.12/site-packages/airflow/example_dags/example_sla_dag.py
[2025-02-06T09:36:02.325+0000] {logging_mixin.py:190} INFO - [2025-02-06T09:36:02.325+0000] {dag.py:3239} INFO - Sync 1 DAGs
[2025-02-06T09:36:02.346+0000] {logging_mixin.py:190} INFO - [2025-02-06T09:36:02.346+0000] {dag.py:4180} INFO - Setting next_dagrun for example_sla_dag to 2025-02-06 09:34:00+00:00, run_after=2025-02-06 09:36:00+00:00
[2025-02-06T09:36:02.402+0000] {processor.py:208} INFO - Processing /opt/conda/lib/python3.12/site-packages/airflow/example_dags/example_sla_dag.py took 0.111 seconds
[2025-02-06T09:41:02.022+0000] {processor.py:186} INFO - Started process (PID=1308) to work on /opt/conda/lib/python3.12/site-packages/airflow/example_dags/example_sla_dag.py
[2025-02-06T09:41:02.023+0000] {processor.py:914} INFO - Processing file /opt/conda/lib/python3.12/site-packages/airflow/example_dags/example_sla_dag.py for tasks to queue
[2025-02-06T09:41:02.025+0000] {logging_mixin.py:190} INFO - [2025-02-06T09:41:02.025+0000] {dagbag.py:588} INFO - Filling up the DagBag from /opt/conda/lib/python3.12/site-packages/airflow/example_dags/example_sla_dag.py
[2025-02-06T09:41:02.033+0000] {processor.py:925} INFO - DAG(s) 'example_sla_dag' retrieved from /opt/conda/lib/python3.12/site-packages/airflow/example_dags/example_sla_dag.py
[2025-02-06T09:41:02.056+0000] {logging_mixin.py:190} INFO - [2025-02-06T09:41:02.056+0000] {dag.py:3239} INFO - Sync 1 DAGs
[2025-02-06T09:41:02.079+0000] {logging_mixin.py:190} INFO - [2025-02-06T09:41:02.079+0000] {dag.py:4180} INFO - Setting next_dagrun for example_sla_dag to 2025-02-06 09:38:00+00:00, run_after=2025-02-06 09:40:00+00:00
[2025-02-06T09:41:02.132+0000] {processor.py:208} INFO - Processing /opt/conda/lib/python3.12/site-packages/airflow/example_dags/example_sla_dag.py took 0.115 seconds
[2025-02-06T09:48:09.698+0000] {processor.py:186} INFO - Started process (PID=189) to work on /opt/conda/lib/python3.12/site-packages/airflow/example_dags/example_sla_dag.py
[2025-02-06T09:48:09.700+0000] {processor.py:914} INFO - Processing file /opt/conda/lib/python3.12/site-packages/airflow/example_dags/example_sla_dag.py for tasks to queue
[2025-02-06T09:48:09.705+0000] {logging_mixin.py:190} INFO - [2025-02-06T09:48:09.704+0000] {dagbag.py:588} INFO - Filling up the DagBag from /opt/conda/lib/python3.12/site-packages/airflow/example_dags/example_sla_dag.py
[2025-02-06T09:48:09.717+0000] {processor.py:925} INFO - DAG(s) 'example_sla_dag' retrieved from /opt/conda/lib/python3.12/site-packages/airflow/example_dags/example_sla_dag.py
[2025-02-06T09:48:09.749+0000] {logging_mixin.py:190} INFO - [2025-02-06T09:48:09.748+0000] {dag.py:3239} INFO - Sync 1 DAGs
[2025-02-06T09:48:09.778+0000] {logging_mixin.py:190} INFO - [2025-02-06T09:48:09.778+0000] {dag.py:4180} INFO - Setting next_dagrun for example_sla_dag to 2025-02-06 09:46:00+00:00, run_after=2025-02-06 09:48:00+00:00
[2025-02-06T09:48:09.835+0000] {processor.py:208} INFO - Processing /opt/conda/lib/python3.12/site-packages/airflow/example_dags/example_sla_dag.py took 0.142 seconds
[2025-02-06T09:53:19.670+0000] {processor.py:186} INFO - Started process (PID=730) to work on /opt/conda/lib/python3.12/site-packages/airflow/example_dags/example_sla_dag.py
[2025-02-06T09:53:19.672+0000] {processor.py:914} INFO - Processing file /opt/conda/lib/python3.12/site-packages/airflow/example_dags/example_sla_dag.py for tasks to queue
[2025-02-06T09:53:19.675+0000] {logging_mixin.py:190} INFO - [2025-02-06T09:53:19.675+0000] {dagbag.py:588} INFO - Filling up the DagBag from /opt/conda/lib/python3.12/site-packages/airflow/example_dags/example_sla_dag.py
[2025-02-06T09:53:19.683+0000] {processor.py:925} INFO - DAG(s) 'example_sla_dag' retrieved from /opt/conda/lib/python3.12/site-packages/airflow/example_dags/example_sla_dag.py
[2025-02-06T09:53:19.705+0000] {logging_mixin.py:190} INFO - [2025-02-06T09:53:19.704+0000] {dag.py:3239} INFO - Sync 1 DAGs
[2025-02-06T09:53:19.727+0000] {logging_mixin.py:190} INFO - [2025-02-06T09:53:19.727+0000] {dag.py:4180} INFO - Setting next_dagrun for example_sla_dag to 2025-02-06 09:50:00+00:00, run_after=2025-02-06 09:52:00+00:00
[2025-02-06T09:53:19.795+0000] {processor.py:208} INFO - Processing /opt/conda/lib/python3.12/site-packages/airflow/example_dags/example_sla_dag.py took 0.129 seconds
[2025-02-06T09:57:50.260+0000] {processor.py:186} INFO - Started process (PID=1235) to work on /opt/conda/lib/python3.12/site-packages/airflow/example_dags/example_sla_dag.py
[2025-02-06T09:57:50.261+0000] {processor.py:914} INFO - Processing file /opt/conda/lib/python3.12/site-packages/airflow/example_dags/example_sla_dag.py for tasks to queue
[2025-02-06T09:57:50.263+0000] {logging_mixin.py:190} INFO - [2025-02-06T09:57:50.263+0000] {dagbag.py:588} INFO - Filling up the DagBag from /opt/conda/lib/python3.12/site-packages/airflow/example_dags/example_sla_dag.py
[2025-02-06T09:57:50.271+0000] {processor.py:925} INFO - DAG(s) 'example_sla_dag' retrieved from /opt/conda/lib/python3.12/site-packages/airflow/example_dags/example_sla_dag.py
[2025-02-06T09:57:50.293+0000] {logging_mixin.py:190} INFO - [2025-02-06T09:57:50.292+0000] {dag.py:3239} INFO - Sync 1 DAGs
[2025-02-06T09:57:50.315+0000] {logging_mixin.py:190} INFO - [2025-02-06T09:57:50.315+0000] {dag.py:4180} INFO - Setting next_dagrun for example_sla_dag to 2025-02-06 09:54:00+00:00, run_after=2025-02-06 09:56:00+00:00
[2025-02-06T09:57:50.375+0000] {processor.py:208} INFO - Processing /opt/conda/lib/python3.12/site-packages/airflow/example_dags/example_sla_dag.py took 0.118 seconds
[2025-02-06T10:02:42.137+0000] {processor.py:186} INFO - Started process (PID=1762) to work on /opt/conda/lib/python3.12/site-packages/airflow/example_dags/example_sla_dag.py
[2025-02-06T10:02:42.138+0000] {processor.py:914} INFO - Processing file /opt/conda/lib/python3.12/site-packages/airflow/example_dags/example_sla_dag.py for tasks to queue
[2025-02-06T10:02:42.140+0000] {logging_mixin.py:190} INFO - [2025-02-06T10:02:42.140+0000] {dagbag.py:588} INFO - Filling up the DagBag from /opt/conda/lib/python3.12/site-packages/airflow/example_dags/example_sla_dag.py
[2025-02-06T10:02:42.149+0000] {processor.py:925} INFO - DAG(s) 'example_sla_dag' retrieved from /opt/conda/lib/python3.12/site-packages/airflow/example_dags/example_sla_dag.py
[2025-02-06T10:02:42.178+0000] {logging_mixin.py:190} INFO - [2025-02-06T10:02:42.178+0000] {dag.py:3239} INFO - Sync 1 DAGs
[2025-02-06T10:02:42.203+0000] {logging_mixin.py:190} INFO - [2025-02-06T10:02:42.203+0000] {dag.py:4180} INFO - Setting next_dagrun for example_sla_dag to 2025-02-06 10:00:00+00:00, run_after=2025-02-06 10:02:00+00:00
[2025-02-06T10:02:42.267+0000] {processor.py:208} INFO - Processing /opt/conda/lib/python3.12/site-packages/airflow/example_dags/example_sla_dag.py took 0.134 seconds
[2025-02-06T10:05:53.281+0000] {processor.py:186} INFO - Started process (PID=2056) to work on /opt/conda/lib/python3.12/site-packages/airflow/example_dags/example_sla_dag.py
[2025-02-06T10:05:53.283+0000] {processor.py:914} INFO - Processing file /opt/conda/lib/python3.12/site-packages/airflow/example_dags/example_sla_dag.py for tasks to queue
[2025-02-06T10:05:53.285+0000] {logging_mixin.py:190} INFO - [2025-02-06T10:05:53.284+0000] {dagbag.py:588} INFO - Filling up the DagBag from /opt/conda/lib/python3.12/site-packages/airflow/example_dags/example_sla_dag.py
[2025-02-06T10:05:53.294+0000] {processor.py:925} INFO - DAG(s) 'example_sla_dag' retrieved from /opt/conda/lib/python3.12/site-packages/airflow/example_dags/example_sla_dag.py
[2025-02-06T10:05:53.314+0000] {logging_mixin.py:190} INFO - [2025-02-06T10:05:53.314+0000] {dag.py:3239} INFO - Sync 1 DAGs
[2025-02-06T10:05:53.337+0000] {logging_mixin.py:190} INFO - [2025-02-06T10:05:53.337+0000] {dag.py:4180} INFO - Setting next_dagrun for example_sla_dag to 2025-02-06 10:02:00+00:00, run_after=2025-02-06 10:04:00+00:00
[2025-02-06T10:05:53.391+0000] {processor.py:208} INFO - Processing /opt/conda/lib/python3.12/site-packages/airflow/example_dags/example_sla_dag.py took 0.113 seconds
[2025-02-06T10:08:03.579+0000] {processor.py:186} INFO - Started process (PID=2242) to work on /opt/conda/lib/python3.12/site-packages/airflow/example_dags/example_sla_dag.py
[2025-02-06T10:08:03.580+0000] {processor.py:914} INFO - Processing file /opt/conda/lib/python3.12/site-packages/airflow/example_dags/example_sla_dag.py for tasks to queue
[2025-02-06T10:08:03.581+0000] {logging_mixin.py:190} INFO - [2025-02-06T10:08:03.581+0000] {dagbag.py:588} INFO - Filling up the DagBag from /opt/conda/lib/python3.12/site-packages/airflow/example_dags/example_sla_dag.py
[2025-02-06T10:08:03.589+0000] {processor.py:925} INFO - DAG(s) 'example_sla_dag' retrieved from /opt/conda/lib/python3.12/site-packages/airflow/example_dags/example_sla_dag.py
[2025-02-06T10:08:03.609+0000] {logging_mixin.py:190} INFO - [2025-02-06T10:08:03.608+0000] {dag.py:3239} INFO - Sync 1 DAGs
[2025-02-06T10:08:03.639+0000] {logging_mixin.py:190} INFO - [2025-02-06T10:08:03.639+0000] {dag.py:4180} INFO - Setting next_dagrun for example_sla_dag to 2025-02-06 10:06:00+00:00, run_after=2025-02-06 10:08:00+00:00
[2025-02-06T10:08:03.700+0000] {processor.py:208} INFO - Processing /opt/conda/lib/python3.12/site-packages/airflow/example_dags/example_sla_dag.py took 0.126 seconds
[2025-02-06T10:12:15.192+0000] {processor.py:186} INFO - Started process (PID=2678) to work on /opt/conda/lib/python3.12/site-packages/airflow/example_dags/example_sla_dag.py
[2025-02-06T10:12:15.194+0000] {processor.py:914} INFO - Processing file /opt/conda/lib/python3.12/site-packages/airflow/example_dags/example_sla_dag.py for tasks to queue
[2025-02-06T10:12:15.195+0000] {logging_mixin.py:190} INFO - [2025-02-06T10:12:15.195+0000] {dagbag.py:588} INFO - Filling up the DagBag from /opt/conda/lib/python3.12/site-packages/airflow/example_dags/example_sla_dag.py
[2025-02-06T10:12:15.204+0000] {processor.py:925} INFO - DAG(s) 'example_sla_dag' retrieved from /opt/conda/lib/python3.12/site-packages/airflow/example_dags/example_sla_dag.py
[2025-02-06T10:12:15.226+0000] {logging_mixin.py:190} INFO - [2025-02-06T10:12:15.226+0000] {dag.py:3239} INFO - Sync 1 DAGs
[2025-02-06T10:12:15.340+0000] {logging_mixin.py:190} INFO - [2025-02-06T10:12:15.340+0000] {dag.py:4180} INFO - Setting next_dagrun for example_sla_dag to 2025-02-06 10:10:00+00:00, run_after=2025-02-06 10:12:00+00:00
[2025-02-06T10:12:15.394+0000] {processor.py:208} INFO - Processing /opt/conda/lib/python3.12/site-packages/airflow/example_dags/example_sla_dag.py took 0.207 seconds
[2025-02-06T10:18:18.942+0000] {processor.py:186} INFO - Started process (PID=3311) to work on /opt/conda/lib/python3.12/site-packages/airflow/example_dags/example_sla_dag.py
[2025-02-06T10:18:18.943+0000] {processor.py:914} INFO - Processing file /opt/conda/lib/python3.12/site-packages/airflow/example_dags/example_sla_dag.py for tasks to queue
[2025-02-06T10:18:18.944+0000] {logging_mixin.py:190} INFO - [2025-02-06T10:18:18.944+0000] {dagbag.py:588} INFO - Filling up the DagBag from /opt/conda/lib/python3.12/site-packages/airflow/example_dags/example_sla_dag.py
[2025-02-06T10:18:18.953+0000] {processor.py:925} INFO - DAG(s) 'example_sla_dag' retrieved from /opt/conda/lib/python3.12/site-packages/airflow/example_dags/example_sla_dag.py
[2025-02-06T10:18:18.976+0000] {logging_mixin.py:190} INFO - [2025-02-06T10:18:18.976+0000] {dag.py:3239} INFO - Sync 1 DAGs
[2025-02-06T10:18:18.999+0000] {logging_mixin.py:190} INFO - [2025-02-06T10:18:18.999+0000] {dag.py:4180} INFO - Setting next_dagrun for example_sla_dag to 2025-02-06 10:16:00+00:00, run_after=2025-02-06 10:18:00+00:00
[2025-02-06T10:18:19.055+0000] {processor.py:208} INFO - Processing /opt/conda/lib/python3.12/site-packages/airflow/example_dags/example_sla_dag.py took 0.118 seconds
[2025-02-06T10:23:53.536+0000] {processor.py:186} INFO - Started process (PID=3876) to work on /opt/conda/lib/python3.12/site-packages/airflow/example_dags/example_sla_dag.py
[2025-02-06T10:23:53.537+0000] {processor.py:914} INFO - Processing file /opt/conda/lib/python3.12/site-packages/airflow/example_dags/example_sla_dag.py for tasks to queue
[2025-02-06T10:23:53.539+0000] {logging_mixin.py:190} INFO - [2025-02-06T10:23:53.538+0000] {dagbag.py:588} INFO - Filling up the DagBag from /opt/conda/lib/python3.12/site-packages/airflow/example_dags/example_sla_dag.py
[2025-02-06T10:23:53.550+0000] {processor.py:925} INFO - DAG(s) 'example_sla_dag' retrieved from /opt/conda/lib/python3.12/site-packages/airflow/example_dags/example_sla_dag.py
[2025-02-06T10:23:53.577+0000] {logging_mixin.py:190} INFO - [2025-02-06T10:23:53.576+0000] {dag.py:3239} INFO - Sync 1 DAGs
[2025-02-06T10:23:53.603+0000] {logging_mixin.py:190} INFO - [2025-02-06T10:23:53.602+0000] {dag.py:4180} INFO - Setting next_dagrun for example_sla_dag to 2025-02-06 10:20:00+00:00, run_after=2025-02-06 10:22:00+00:00
[2025-02-06T10:23:53.666+0000] {processor.py:208} INFO - Processing /opt/conda/lib/python3.12/site-packages/airflow/example_dags/example_sla_dag.py took 0.136 seconds
[2025-02-06T10:25:13.946+0000] {processor.py:186} INFO - Started process (PID=3976) to work on /opt/conda/lib/python3.12/site-packages/airflow/example_dags/example_sla_dag.py
[2025-02-06T10:25:13.947+0000] {processor.py:914} INFO - Processing file /opt/conda/lib/python3.12/site-packages/airflow/example_dags/example_sla_dag.py for tasks to queue
[2025-02-06T10:25:13.948+0000] {logging_mixin.py:190} INFO - [2025-02-06T10:25:13.948+0000] {dagbag.py:588} INFO - Filling up the DagBag from /opt/conda/lib/python3.12/site-packages/airflow/example_dags/example_sla_dag.py
[2025-02-06T10:25:13.956+0000] {processor.py:925} INFO - DAG(s) 'example_sla_dag' retrieved from /opt/conda/lib/python3.12/site-packages/airflow/example_dags/example_sla_dag.py
[2025-02-06T10:25:13.977+0000] {logging_mixin.py:190} INFO - [2025-02-06T10:25:13.977+0000] {dag.py:3239} INFO - Sync 1 DAGs
[2025-02-06T10:25:14.000+0000] {logging_mixin.py:190} INFO - [2025-02-06T10:25:14.000+0000] {dag.py:4180} INFO - Setting next_dagrun for example_sla_dag to 2025-02-06 10:22:00+00:00, run_after=2025-02-06 10:24:00+00:00
[2025-02-06T10:25:14.051+0000] {processor.py:208} INFO - Processing /opt/conda/lib/python3.12/site-packages/airflow/example_dags/example_sla_dag.py took 0.110 seconds
[2025-02-06T10:26:34.634+0000] {processor.py:186} INFO - Started process (PID=4122) to work on /opt/conda/lib/python3.12/site-packages/airflow/example_dags/example_sla_dag.py
[2025-02-06T10:26:34.635+0000] {processor.py:914} INFO - Processing file /opt/conda/lib/python3.12/site-packages/airflow/example_dags/example_sla_dag.py for tasks to queue
[2025-02-06T10:26:34.637+0000] {logging_mixin.py:190} INFO - [2025-02-06T10:26:34.636+0000] {dagbag.py:588} INFO - Filling up the DagBag from /opt/conda/lib/python3.12/site-packages/airflow/example_dags/example_sla_dag.py
[2025-02-06T10:26:34.644+0000] {processor.py:925} INFO - DAG(s) 'example_sla_dag' retrieved from /opt/conda/lib/python3.12/site-packages/airflow/example_dags/example_sla_dag.py
[2025-02-06T10:26:34.664+0000] {logging_mixin.py:190} INFO - [2025-02-06T10:26:34.664+0000] {dag.py:3239} INFO - Sync 1 DAGs
[2025-02-06T10:26:34.685+0000] {logging_mixin.py:190} INFO - [2025-02-06T10:26:34.685+0000] {dag.py:4180} INFO - Setting next_dagrun for example_sla_dag to 2025-02-06 10:24:00+00:00, run_after=2025-02-06 10:26:00+00:00
[2025-02-06T10:26:34.846+0000] {processor.py:208} INFO - Processing /opt/conda/lib/python3.12/site-packages/airflow/example_dags/example_sla_dag.py took 0.216 seconds
[2025-02-06T11:40:50.697+0000] {processor.py:186} INFO - Started process (PID=456) to work on /opt/conda/lib/python3.12/site-packages/airflow/example_dags/example_sla_dag.py
[2025-02-06T11:40:50.699+0000] {processor.py:914} INFO - Processing file /opt/conda/lib/python3.12/site-packages/airflow/example_dags/example_sla_dag.py for tasks to queue
[2025-02-06T11:40:50.702+0000] {logging_mixin.py:190} INFO - [2025-02-06T11:40:50.702+0000] {dagbag.py:588} INFO - Filling up the DagBag from /opt/conda/lib/python3.12/site-packages/airflow/example_dags/example_sla_dag.py
[2025-02-06T11:40:50.714+0000] {processor.py:925} INFO - DAG(s) 'example_sla_dag' retrieved from /opt/conda/lib/python3.12/site-packages/airflow/example_dags/example_sla_dag.py
[2025-02-06T11:40:50.751+0000] {logging_mixin.py:190} INFO - [2025-02-06T11:40:50.751+0000] {dag.py:3239} INFO - Sync 1 DAGs
[2025-02-06T11:40:50.784+0000] {logging_mixin.py:190} INFO - [2025-02-06T11:40:50.784+0000] {dag.py:4180} INFO - Setting next_dagrun for example_sla_dag to 2025-02-06 11:38:00+00:00, run_after=2025-02-06 11:40:00+00:00
[2025-02-06T11:40:50.872+0000] {processor.py:208} INFO - Processing /opt/conda/lib/python3.12/site-packages/airflow/example_dags/example_sla_dag.py took 0.180 seconds
[2025-02-06T11:44:32.815+0000] {processor.py:186} INFO - Started process (PID=1414) to work on /opt/conda/lib/python3.12/site-packages/airflow/example_dags/example_sla_dag.py
[2025-02-06T11:44:32.817+0000] {processor.py:914} INFO - Processing file /opt/conda/lib/python3.12/site-packages/airflow/example_dags/example_sla_dag.py for tasks to queue
[2025-02-06T11:44:32.821+0000] {logging_mixin.py:190} INFO - [2025-02-06T11:44:32.820+0000] {dagbag.py:588} INFO - Filling up the DagBag from /opt/conda/lib/python3.12/site-packages/airflow/example_dags/example_sla_dag.py
[2025-02-06T11:44:32.848+0000] {processor.py:925} INFO - DAG(s) 'example_sla_dag' retrieved from /opt/conda/lib/python3.12/site-packages/airflow/example_dags/example_sla_dag.py
[2025-02-06T11:44:32.897+0000] {logging_mixin.py:190} INFO - [2025-02-06T11:44:32.896+0000] {dag.py:3239} INFO - Sync 1 DAGs
[2025-02-06T11:44:32.946+0000] {logging_mixin.py:190} INFO - [2025-02-06T11:44:32.946+0000] {dag.py:4180} INFO - Setting next_dagrun for example_sla_dag to 2025-02-06 11:42:00+00:00, run_after=2025-02-06 11:44:00+00:00
[2025-02-06T11:44:33.060+0000] {processor.py:208} INFO - Processing /opt/conda/lib/python3.12/site-packages/airflow/example_dags/example_sla_dag.py took 0.254 seconds
[2025-02-06T11:48:59.340+0000] {processor.py:186} INFO - Started process (PID=2327) to work on /opt/conda/lib/python3.12/site-packages/airflow/example_dags/example_sla_dag.py
[2025-02-06T11:48:59.341+0000] {processor.py:914} INFO - Processing file /opt/conda/lib/python3.12/site-packages/airflow/example_dags/example_sla_dag.py for tasks to queue
[2025-02-06T11:48:59.343+0000] {logging_mixin.py:190} INFO - [2025-02-06T11:48:59.343+0000] {dagbag.py:588} INFO - Filling up the DagBag from /opt/conda/lib/python3.12/site-packages/airflow/example_dags/example_sla_dag.py
[2025-02-06T11:48:59.355+0000] {processor.py:925} INFO - DAG(s) 'example_sla_dag' retrieved from /opt/conda/lib/python3.12/site-packages/airflow/example_dags/example_sla_dag.py
[2025-02-06T11:48:59.384+0000] {logging_mixin.py:190} INFO - [2025-02-06T11:48:59.384+0000] {dag.py:3239} INFO - Sync 1 DAGs
[2025-02-06T11:48:59.420+0000] {logging_mixin.py:190} INFO - [2025-02-06T11:48:59.420+0000] {dag.py:4180} INFO - Setting next_dagrun for example_sla_dag to 2025-02-06 11:46:00+00:00, run_after=2025-02-06 11:48:00+00:00
[2025-02-06T11:48:59.497+0000] {processor.py:208} INFO - Processing /opt/conda/lib/python3.12/site-packages/airflow/example_dags/example_sla_dag.py took 0.163 seconds
[2025-02-06T11:52:30.547+0000] {processor.py:186} INFO - Started process (PID=3300) to work on /opt/conda/lib/python3.12/site-packages/airflow/example_dags/example_sla_dag.py
[2025-02-06T11:52:30.549+0000] {processor.py:914} INFO - Processing file /opt/conda/lib/python3.12/site-packages/airflow/example_dags/example_sla_dag.py for tasks to queue
[2025-02-06T11:52:30.551+0000] {logging_mixin.py:190} INFO - [2025-02-06T11:52:30.551+0000] {dagbag.py:588} INFO - Filling up the DagBag from /opt/conda/lib/python3.12/site-packages/airflow/example_dags/example_sla_dag.py
[2025-02-06T11:52:30.565+0000] {processor.py:925} INFO - DAG(s) 'example_sla_dag' retrieved from /opt/conda/lib/python3.12/site-packages/airflow/example_dags/example_sla_dag.py
[2025-02-06T11:52:30.601+0000] {logging_mixin.py:190} INFO - [2025-02-06T11:52:30.600+0000] {dag.py:3239} INFO - Sync 1 DAGs
[2025-02-06T11:52:30.642+0000] {logging_mixin.py:190} INFO - [2025-02-06T11:52:30.642+0000] {dag.py:4180} INFO - Setting next_dagrun for example_sla_dag to 2025-02-06 11:50:00+00:00, run_after=2025-02-06 11:52:00+00:00
[2025-02-06T11:52:30.732+0000] {processor.py:208} INFO - Processing /opt/conda/lib/python3.12/site-packages/airflow/example_dags/example_sla_dag.py took 0.191 seconds
[2025-02-06T11:55:05.405+0000] {processor.py:186} INFO - Started process (PID=130) to work on /opt/conda/lib/python3.12/site-packages/airflow/example_dags/example_sla_dag.py
[2025-02-06T11:55:05.406+0000] {processor.py:914} INFO - Processing file /opt/conda/lib/python3.12/site-packages/airflow/example_dags/example_sla_dag.py for tasks to queue
[2025-02-06T11:55:05.408+0000] {logging_mixin.py:190} INFO - [2025-02-06T11:55:05.408+0000] {dagbag.py:588} INFO - Filling up the DagBag from /opt/conda/lib/python3.12/site-packages/airflow/example_dags/example_sla_dag.py
[2025-02-06T11:55:05.418+0000] {processor.py:925} INFO - DAG(s) 'example_sla_dag' retrieved from /opt/conda/lib/python3.12/site-packages/airflow/example_dags/example_sla_dag.py
[2025-02-06T11:55:05.446+0000] {logging_mixin.py:190} INFO - [2025-02-06T11:55:05.446+0000] {dag.py:3239} INFO - Sync 1 DAGs
[2025-02-06T11:55:05.473+0000] {logging_mixin.py:190} INFO - [2025-02-06T11:55:05.473+0000] {dag.py:4180} INFO - Setting next_dagrun for example_sla_dag to 2025-02-06 11:52:00+00:00, run_after=2025-02-06 11:54:00+00:00
[2025-02-06T11:55:05.541+0000] {processor.py:208} INFO - Processing /opt/conda/lib/python3.12/site-packages/airflow/example_dags/example_sla_dag.py took 0.142 seconds
[2025-02-06T11:59:32.367+0000] {processor.py:186} INFO - Started process (PID=457) to work on /opt/conda/lib/python3.12/site-packages/airflow/example_dags/example_sla_dag.py
[2025-02-06T11:59:32.368+0000] {processor.py:914} INFO - Processing file /opt/conda/lib/python3.12/site-packages/airflow/example_dags/example_sla_dag.py for tasks to queue
[2025-02-06T11:59:32.371+0000] {logging_mixin.py:190} INFO - [2025-02-06T11:59:32.370+0000] {dagbag.py:588} INFO - Filling up the DagBag from /opt/conda/lib/python3.12/site-packages/airflow/example_dags/example_sla_dag.py
[2025-02-06T11:59:32.381+0000] {processor.py:925} INFO - DAG(s) 'example_sla_dag' retrieved from /opt/conda/lib/python3.12/site-packages/airflow/example_dags/example_sla_dag.py
[2025-02-06T11:59:32.412+0000] {logging_mixin.py:190} INFO - [2025-02-06T11:59:32.412+0000] {dag.py:3239} INFO - Sync 1 DAGs
[2025-02-06T11:59:32.438+0000] {logging_mixin.py:190} INFO - [2025-02-06T11:59:32.438+0000] {dag.py:4180} INFO - Setting next_dagrun for example_sla_dag to 2025-02-06 11:56:00+00:00, run_after=2025-02-06 11:58:00+00:00
[2025-02-06T11:59:32.564+0000] {processor.py:208} INFO - Processing /opt/conda/lib/python3.12/site-packages/airflow/example_dags/example_sla_dag.py took 0.203 seconds
[2025-02-06T12:04:35.472+0000] {processor.py:186} INFO - Started process (PID=456) to work on /opt/conda/lib/python3.12/site-packages/airflow/example_dags/example_sla_dag.py
[2025-02-06T12:04:35.473+0000] {processor.py:914} INFO - Processing file /opt/conda/lib/python3.12/site-packages/airflow/example_dags/example_sla_dag.py for tasks to queue
[2025-02-06T12:04:35.475+0000] {logging_mixin.py:190} INFO - [2025-02-06T12:04:35.475+0000] {dagbag.py:588} INFO - Filling up the DagBag from /opt/conda/lib/python3.12/site-packages/airflow/example_dags/example_sla_dag.py
[2025-02-06T12:04:35.482+0000] {processor.py:925} INFO - DAG(s) 'example_sla_dag' retrieved from /opt/conda/lib/python3.12/site-packages/airflow/example_dags/example_sla_dag.py
[2025-02-06T12:04:35.504+0000] {logging_mixin.py:190} INFO - [2025-02-06T12:04:35.504+0000] {dag.py:3239} INFO - Sync 1 DAGs
[2025-02-06T12:04:35.526+0000] {logging_mixin.py:190} INFO - [2025-02-06T12:04:35.525+0000] {dag.py:4180} INFO - Setting next_dagrun for example_sla_dag to 2025-02-06 12:02:00+00:00, run_after=2025-02-06 12:04:00+00:00
[2025-02-06T12:04:35.581+0000] {processor.py:208} INFO - Processing /opt/conda/lib/python3.12/site-packages/airflow/example_dags/example_sla_dag.py took 0.112 seconds
[2025-02-06T12:07:29.192+0000] {processor.py:186} INFO - Started process (PID=1471) to work on /opt/conda/lib/python3.12/site-packages/airflow/example_dags/example_sla_dag.py
[2025-02-06T12:07:29.195+0000] {processor.py:914} INFO - Processing file /opt/conda/lib/python3.12/site-packages/airflow/example_dags/example_sla_dag.py for tasks to queue
[2025-02-06T12:07:29.198+0000] {logging_mixin.py:190} INFO - [2025-02-06T12:07:29.197+0000] {dagbag.py:588} INFO - Filling up the DagBag from /opt/conda/lib/python3.12/site-packages/airflow/example_dags/example_sla_dag.py
[2025-02-06T12:07:29.211+0000] {processor.py:925} INFO - DAG(s) 'example_sla_dag' retrieved from /opt/conda/lib/python3.12/site-packages/airflow/example_dags/example_sla_dag.py
[2025-02-06T12:07:29.245+0000] {logging_mixin.py:190} INFO - [2025-02-06T12:07:29.245+0000] {dag.py:3239} INFO - Sync 1 DAGs
[2025-02-06T12:07:29.280+0000] {logging_mixin.py:190} INFO - [2025-02-06T12:07:29.280+0000] {dag.py:4180} INFO - Setting next_dagrun for example_sla_dag to 2025-02-06 12:04:00+00:00, run_after=2025-02-06 12:06:00+00:00
[2025-02-06T12:07:29.360+0000] {processor.py:208} INFO - Processing /opt/conda/lib/python3.12/site-packages/airflow/example_dags/example_sla_dag.py took 0.179 seconds
[2025-02-06T12:25:05.465+0000] {processor.py:186} INFO - Started process (PID=1443) to work on /opt/conda/lib/python3.12/site-packages/airflow/example_dags/example_sla_dag.py
[2025-02-06T12:25:05.466+0000] {processor.py:914} INFO - Processing file /opt/conda/lib/python3.12/site-packages/airflow/example_dags/example_sla_dag.py for tasks to queue
[2025-02-06T12:25:05.469+0000] {logging_mixin.py:190} INFO - [2025-02-06T12:25:05.468+0000] {dagbag.py:588} INFO - Filling up the DagBag from /opt/conda/lib/python3.12/site-packages/airflow/example_dags/example_sla_dag.py
[2025-02-06T12:25:05.476+0000] {processor.py:925} INFO - DAG(s) 'example_sla_dag' retrieved from /opt/conda/lib/python3.12/site-packages/airflow/example_dags/example_sla_dag.py
[2025-02-06T12:25:05.504+0000] {logging_mixin.py:190} INFO - [2025-02-06T12:25:05.504+0000] {dag.py:3239} INFO - Sync 1 DAGs
[2025-02-06T12:25:05.529+0000] {logging_mixin.py:190} INFO - [2025-02-06T12:25:05.529+0000] {dag.py:4180} INFO - Setting next_dagrun for example_sla_dag to 2025-02-06 12:22:00+00:00, run_after=2025-02-06 12:24:00+00:00
[2025-02-06T12:25:05.592+0000] {processor.py:208} INFO - Processing /opt/conda/lib/python3.12/site-packages/airflow/example_dags/example_sla_dag.py took 0.130 seconds
[2025-02-06T12:28:50.209+0000] {processor.py:186} INFO - Started process (PID=3273) to work on /opt/conda/lib/python3.12/site-packages/airflow/example_dags/example_sla_dag.py
[2025-02-06T12:28:50.210+0000] {processor.py:914} INFO - Processing file /opt/conda/lib/python3.12/site-packages/airflow/example_dags/example_sla_dag.py for tasks to queue
[2025-02-06T12:28:50.212+0000] {logging_mixin.py:190} INFO - [2025-02-06T12:28:50.212+0000] {dagbag.py:588} INFO - Filling up the DagBag from /opt/conda/lib/python3.12/site-packages/airflow/example_dags/example_sla_dag.py
[2025-02-06T12:28:50.219+0000] {processor.py:925} INFO - DAG(s) 'example_sla_dag' retrieved from /opt/conda/lib/python3.12/site-packages/airflow/example_dags/example_sla_dag.py
[2025-02-06T12:28:50.243+0000] {logging_mixin.py:190} INFO - [2025-02-06T12:28:50.243+0000] {dag.py:3239} INFO - Sync 1 DAGs
[2025-02-06T12:28:50.261+0000] {logging_mixin.py:190} INFO - [2025-02-06T12:28:50.261+0000] {dag.py:4180} INFO - Setting next_dagrun for example_sla_dag to 2025-02-06 12:26:00+00:00, run_after=2025-02-06 12:28:00+00:00
[2025-02-06T12:28:50.319+0000] {processor.py:208} INFO - Processing /opt/conda/lib/python3.12/site-packages/airflow/example_dags/example_sla_dag.py took 0.114 seconds
[2025-02-06T12:32:43.378+0000] {processor.py:186} INFO - Started process (PID=5306) to work on /opt/conda/lib/python3.12/site-packages/airflow/example_dags/example_sla_dag.py
[2025-02-06T12:32:43.379+0000] {processor.py:914} INFO - Processing file /opt/conda/lib/python3.12/site-packages/airflow/example_dags/example_sla_dag.py for tasks to queue
[2025-02-06T12:32:43.381+0000] {logging_mixin.py:190} INFO - [2025-02-06T12:32:43.381+0000] {dagbag.py:588} INFO - Filling up the DagBag from /opt/conda/lib/python3.12/site-packages/airflow/example_dags/example_sla_dag.py
[2025-02-06T12:32:43.388+0000] {processor.py:925} INFO - DAG(s) 'example_sla_dag' retrieved from /opt/conda/lib/python3.12/site-packages/airflow/example_dags/example_sla_dag.py
[2025-02-06T12:32:43.408+0000] {logging_mixin.py:190} INFO - [2025-02-06T12:32:43.407+0000] {dag.py:3239} INFO - Sync 1 DAGs
[2025-02-06T12:32:43.428+0000] {logging_mixin.py:190} INFO - [2025-02-06T12:32:43.427+0000] {dag.py:4180} INFO - Setting next_dagrun for example_sla_dag to 2025-02-06 12:30:00+00:00, run_after=2025-02-06 12:32:00+00:00
[2025-02-06T12:32:43.475+0000] {processor.py:208} INFO - Processing /opt/conda/lib/python3.12/site-packages/airflow/example_dags/example_sla_dag.py took 0.101 seconds
[2025-02-06T12:36:49.826+0000] {processor.py:186} INFO - Started process (PID=7409) to work on /opt/conda/lib/python3.12/site-packages/airflow/example_dags/example_sla_dag.py
[2025-02-06T12:36:49.827+0000] {processor.py:914} INFO - Processing file /opt/conda/lib/python3.12/site-packages/airflow/example_dags/example_sla_dag.py for tasks to queue
[2025-02-06T12:36:49.829+0000] {logging_mixin.py:190} INFO - [2025-02-06T12:36:49.829+0000] {dagbag.py:588} INFO - Filling up the DagBag from /opt/conda/lib/python3.12/site-packages/airflow/example_dags/example_sla_dag.py
[2025-02-06T12:36:49.837+0000] {processor.py:925} INFO - DAG(s) 'example_sla_dag' retrieved from /opt/conda/lib/python3.12/site-packages/airflow/example_dags/example_sla_dag.py
[2025-02-06T12:36:49.869+0000] {logging_mixin.py:190} INFO - [2025-02-06T12:36:49.869+0000] {dag.py:3239} INFO - Sync 1 DAGs
[2025-02-06T12:36:49.900+0000] {logging_mixin.py:190} INFO - [2025-02-06T12:36:49.899+0000] {dag.py:4180} INFO - Setting next_dagrun for example_sla_dag to 2025-02-06 12:34:00+00:00, run_after=2025-02-06 12:36:00+00:00
[2025-02-06T12:36:49.969+0000] {processor.py:208} INFO - Processing /opt/conda/lib/python3.12/site-packages/airflow/example_dags/example_sla_dag.py took 0.147 seconds
[2025-02-06T12:40:58.688+0000] {processor.py:186} INFO - Started process (PID=9529) to work on /opt/conda/lib/python3.12/site-packages/airflow/example_dags/example_sla_dag.py
[2025-02-06T12:40:58.689+0000] {processor.py:914} INFO - Processing file /opt/conda/lib/python3.12/site-packages/airflow/example_dags/example_sla_dag.py for tasks to queue
[2025-02-06T12:40:58.691+0000] {logging_mixin.py:190} INFO - [2025-02-06T12:40:58.690+0000] {dagbag.py:588} INFO - Filling up the DagBag from /opt/conda/lib/python3.12/site-packages/airflow/example_dags/example_sla_dag.py
[2025-02-06T12:40:58.702+0000] {processor.py:925} INFO - DAG(s) 'example_sla_dag' retrieved from /opt/conda/lib/python3.12/site-packages/airflow/example_dags/example_sla_dag.py
[2025-02-06T12:40:58.721+0000] {logging_mixin.py:190} INFO - [2025-02-06T12:40:58.721+0000] {dag.py:3239} INFO - Sync 1 DAGs
[2025-02-06T12:40:58.740+0000] {logging_mixin.py:190} INFO - [2025-02-06T12:40:58.740+0000] {dag.py:4180} INFO - Setting next_dagrun for example_sla_dag to 2025-02-06 12:38:00+00:00, run_after=2025-02-06 12:40:00+00:00
[2025-02-06T12:40:58.784+0000] {processor.py:208} INFO - Processing /opt/conda/lib/python3.12/site-packages/airflow/example_dags/example_sla_dag.py took 0.100 seconds
[2025-02-06T12:45:02.259+0000] {processor.py:186} INFO - Started process (PID=11613) to work on /opt/conda/lib/python3.12/site-packages/airflow/example_dags/example_sla_dag.py
[2025-02-06T12:45:02.260+0000] {processor.py:914} INFO - Processing file /opt/conda/lib/python3.12/site-packages/airflow/example_dags/example_sla_dag.py for tasks to queue
[2025-02-06T12:45:02.262+0000] {logging_mixin.py:190} INFO - [2025-02-06T12:45:02.262+0000] {dagbag.py:588} INFO - Filling up the DagBag from /opt/conda/lib/python3.12/site-packages/airflow/example_dags/example_sla_dag.py
[2025-02-06T12:45:02.269+0000] {processor.py:925} INFO - DAG(s) 'example_sla_dag' retrieved from /opt/conda/lib/python3.12/site-packages/airflow/example_dags/example_sla_dag.py
[2025-02-06T12:45:02.295+0000] {logging_mixin.py:190} INFO - [2025-02-06T12:45:02.295+0000] {dag.py:3239} INFO - Sync 1 DAGs
[2025-02-06T12:45:02.323+0000] {logging_mixin.py:190} INFO - [2025-02-06T12:45:02.323+0000] {dag.py:4180} INFO - Setting next_dagrun for example_sla_dag to 2025-02-06 12:42:00+00:00, run_after=2025-02-06 12:44:00+00:00
[2025-02-06T12:45:02.371+0000] {processor.py:208} INFO - Processing /opt/conda/lib/python3.12/site-packages/airflow/example_dags/example_sla_dag.py took 0.117 seconds
[2025-02-06T12:50:09.077+0000] {processor.py:186} INFO - Started process (PID=13970) to work on /opt/conda/lib/python3.12/site-packages/airflow/example_dags/example_sla_dag.py
[2025-02-06T12:50:09.079+0000] {processor.py:914} INFO - Processing file /opt/conda/lib/python3.12/site-packages/airflow/example_dags/example_sla_dag.py for tasks to queue
[2025-02-06T12:50:09.082+0000] {logging_mixin.py:190} INFO - [2025-02-06T12:50:09.081+0000] {dagbag.py:588} INFO - Filling up the DagBag from /opt/conda/lib/python3.12/site-packages/airflow/example_dags/example_sla_dag.py
[2025-02-06T12:50:09.093+0000] {processor.py:925} INFO - DAG(s) 'example_sla_dag' retrieved from /opt/conda/lib/python3.12/site-packages/airflow/example_dags/example_sla_dag.py
[2025-02-06T12:50:09.119+0000] {logging_mixin.py:190} INFO - [2025-02-06T12:50:09.118+0000] {dag.py:3239} INFO - Sync 1 DAGs
[2025-02-06T12:50:09.144+0000] {logging_mixin.py:190} INFO - [2025-02-06T12:50:09.144+0000] {dag.py:4180} INFO - Setting next_dagrun for example_sla_dag to 2025-02-06 12:48:00+00:00, run_after=2025-02-06 12:50:00+00:00
[2025-02-06T12:50:09.262+0000] {processor.py:208} INFO - Processing /opt/conda/lib/python3.12/site-packages/airflow/example_dags/example_sla_dag.py took 0.191 seconds
[2025-02-06T13:00:03.222+0000] {processor.py:186} INFO - Started process (PID=681) to work on /opt/conda/lib/python3.12/site-packages/airflow/example_dags/example_sla_dag.py
[2025-02-06T13:00:03.226+0000] {processor.py:914} INFO - Processing file /opt/conda/lib/python3.12/site-packages/airflow/example_dags/example_sla_dag.py for tasks to queue
[2025-02-06T13:00:03.229+0000] {logging_mixin.py:190} INFO - [2025-02-06T13:00:03.229+0000] {dagbag.py:588} INFO - Filling up the DagBag from /opt/conda/lib/python3.12/site-packages/airflow/example_dags/example_sla_dag.py
[2025-02-06T13:00:03.245+0000] {processor.py:925} INFO - DAG(s) 'example_sla_dag' retrieved from /opt/conda/lib/python3.12/site-packages/airflow/example_dags/example_sla_dag.py
[2025-02-06T13:00:03.295+0000] {logging_mixin.py:190} INFO - [2025-02-06T13:00:03.295+0000] {dag.py:3239} INFO - Sync 1 DAGs
[2025-02-06T13:00:03.336+0000] {logging_mixin.py:190} INFO - [2025-02-06T13:00:03.335+0000] {dag.py:4180} INFO - Setting next_dagrun for example_sla_dag to 2025-02-06 12:58:00+00:00, run_after=2025-02-06 13:00:00+00:00
[2025-02-06T13:00:03.466+0000] {processor.py:208} INFO - Processing /opt/conda/lib/python3.12/site-packages/airflow/example_dags/example_sla_dag.py took 0.251 seconds
[2025-02-06T13:03:10.958+0000] {processor.py:186} INFO - Started process (PID=1677) to work on /opt/conda/lib/python3.12/site-packages/airflow/example_dags/example_sla_dag.py
[2025-02-06T13:03:10.960+0000] {processor.py:914} INFO - Processing file /opt/conda/lib/python3.12/site-packages/airflow/example_dags/example_sla_dag.py for tasks to queue
[2025-02-06T13:03:10.962+0000] {logging_mixin.py:190} INFO - [2025-02-06T13:03:10.962+0000] {dagbag.py:588} INFO - Filling up the DagBag from /opt/conda/lib/python3.12/site-packages/airflow/example_dags/example_sla_dag.py
[2025-02-06T13:03:10.976+0000] {processor.py:925} INFO - DAG(s) 'example_sla_dag' retrieved from /opt/conda/lib/python3.12/site-packages/airflow/example_dags/example_sla_dag.py
[2025-02-06T13:03:11.011+0000] {logging_mixin.py:190} INFO - [2025-02-06T13:03:11.011+0000] {dag.py:3239} INFO - Sync 1 DAGs
[2025-02-06T13:03:11.051+0000] {logging_mixin.py:190} INFO - [2025-02-06T13:03:11.051+0000] {dag.py:4180} INFO - Setting next_dagrun for example_sla_dag to 2025-02-06 13:00:00+00:00, run_after=2025-02-06 13:02:00+00:00
[2025-02-06T13:03:11.174+0000] {processor.py:208} INFO - Processing /opt/conda/lib/python3.12/site-packages/airflow/example_dags/example_sla_dag.py took 0.224 seconds
[2025-02-06T13:05:25.238+0000] {processor.py:186} INFO - Started process (PID=2375) to work on /opt/conda/lib/python3.12/site-packages/airflow/example_dags/example_sla_dag.py
[2025-02-06T13:05:25.239+0000] {processor.py:914} INFO - Processing file /opt/conda/lib/python3.12/site-packages/airflow/example_dags/example_sla_dag.py for tasks to queue
[2025-02-06T13:05:25.241+0000] {logging_mixin.py:190} INFO - [2025-02-06T13:05:25.240+0000] {dagbag.py:588} INFO - Filling up the DagBag from /opt/conda/lib/python3.12/site-packages/airflow/example_dags/example_sla_dag.py
[2025-02-06T13:05:25.249+0000] {processor.py:925} INFO - DAG(s) 'example_sla_dag' retrieved from /opt/conda/lib/python3.12/site-packages/airflow/example_dags/example_sla_dag.py
[2025-02-06T13:05:25.270+0000] {logging_mixin.py:190} INFO - [2025-02-06T13:05:25.270+0000] {dag.py:3239} INFO - Sync 1 DAGs
[2025-02-06T13:05:25.291+0000] {logging_mixin.py:190} INFO - [2025-02-06T13:05:25.291+0000] {dag.py:4180} INFO - Setting next_dagrun for example_sla_dag to 2025-02-06 13:02:00+00:00, run_after=2025-02-06 13:04:00+00:00
[2025-02-06T13:05:25.359+0000] {processor.py:208} INFO - Processing /opt/conda/lib/python3.12/site-packages/airflow/example_dags/example_sla_dag.py took 0.125 seconds
[2025-02-06T13:20:38.504+0000] {processor.py:186} INFO - Started process (PID=803) to work on /opt/conda/lib/python3.12/site-packages/airflow/example_dags/example_sla_dag.py
[2025-02-06T13:20:38.506+0000] {processor.py:914} INFO - Processing file /opt/conda/lib/python3.12/site-packages/airflow/example_dags/example_sla_dag.py for tasks to queue
[2025-02-06T13:20:38.508+0000] {logging_mixin.py:190} INFO - [2025-02-06T13:20:38.508+0000] {dagbag.py:588} INFO - Filling up the DagBag from /opt/conda/lib/python3.12/site-packages/airflow/example_dags/example_sla_dag.py
[2025-02-06T13:20:38.520+0000] {processor.py:925} INFO - DAG(s) 'example_sla_dag' retrieved from /opt/conda/lib/python3.12/site-packages/airflow/example_dags/example_sla_dag.py
[2025-02-06T13:20:38.544+0000] {logging_mixin.py:190} INFO - [2025-02-06T13:20:38.544+0000] {dag.py:3239} INFO - Sync 1 DAGs
[2025-02-06T13:20:38.569+0000] {logging_mixin.py:190} INFO - [2025-02-06T13:20:38.569+0000] {dag.py:4180} INFO - Setting next_dagrun for example_sla_dag to 2025-02-06 13:18:00+00:00, run_after=2025-02-06 13:20:00+00:00
[2025-02-06T13:20:38.633+0000] {processor.py:208} INFO - Processing /opt/conda/lib/python3.12/site-packages/airflow/example_dags/example_sla_dag.py took 0.133 seconds
[2025-02-06T13:25:05.864+0000] {processor.py:186} INFO - Started process (PID=2595) to work on /opt/conda/lib/python3.12/site-packages/airflow/example_dags/example_sla_dag.py
[2025-02-06T13:25:05.865+0000] {processor.py:914} INFO - Processing file /opt/conda/lib/python3.12/site-packages/airflow/example_dags/example_sla_dag.py for tasks to queue
[2025-02-06T13:25:05.867+0000] {logging_mixin.py:190} INFO - [2025-02-06T13:25:05.867+0000] {dagbag.py:588} INFO - Filling up the DagBag from /opt/conda/lib/python3.12/site-packages/airflow/example_dags/example_sla_dag.py
[2025-02-06T13:25:05.876+0000] {processor.py:925} INFO - DAG(s) 'example_sla_dag' retrieved from /opt/conda/lib/python3.12/site-packages/airflow/example_dags/example_sla_dag.py
[2025-02-06T13:25:05.901+0000] {logging_mixin.py:190} INFO - [2025-02-06T13:25:05.901+0000] {dag.py:3239} INFO - Sync 1 DAGs
[2025-02-06T13:25:05.926+0000] {logging_mixin.py:190} INFO - [2025-02-06T13:25:05.926+0000] {dag.py:4180} INFO - Setting next_dagrun for example_sla_dag to 2025-02-06 13:22:00+00:00, run_after=2025-02-06 13:24:00+00:00
[2025-02-06T13:25:05.987+0000] {processor.py:208} INFO - Processing /opt/conda/lib/python3.12/site-packages/airflow/example_dags/example_sla_dag.py took 0.128 seconds
[2025-02-06T13:29:27.585+0000] {processor.py:186} INFO - Started process (PID=4488) to work on /opt/conda/lib/python3.12/site-packages/airflow/example_dags/example_sla_dag.py
[2025-02-06T13:29:27.586+0000] {processor.py:914} INFO - Processing file /opt/conda/lib/python3.12/site-packages/airflow/example_dags/example_sla_dag.py for tasks to queue
[2025-02-06T13:29:27.589+0000] {logging_mixin.py:190} INFO - [2025-02-06T13:29:27.588+0000] {dagbag.py:588} INFO - Filling up the DagBag from /opt/conda/lib/python3.12/site-packages/airflow/example_dags/example_sla_dag.py
[2025-02-06T13:29:27.599+0000] {processor.py:925} INFO - DAG(s) 'example_sla_dag' retrieved from /opt/conda/lib/python3.12/site-packages/airflow/example_dags/example_sla_dag.py
[2025-02-06T13:29:27.634+0000] {logging_mixin.py:190} INFO - [2025-02-06T13:29:27.634+0000] {dag.py:3239} INFO - Sync 1 DAGs
[2025-02-06T13:29:27.668+0000] {logging_mixin.py:190} INFO - [2025-02-06T13:29:27.667+0000] {dag.py:4180} INFO - Setting next_dagrun for example_sla_dag to 2025-02-06 13:26:00+00:00, run_after=2025-02-06 13:28:00+00:00
[2025-02-06T13:29:27.728+0000] {processor.py:208} INFO - Processing /opt/conda/lib/python3.12/site-packages/airflow/example_dags/example_sla_dag.py took 0.149 seconds
[2025-02-06T13:33:04.095+0000] {processor.py:186} INFO - Started process (PID=5798) to work on /opt/conda/lib/python3.12/site-packages/airflow/example_dags/example_sla_dag.py
[2025-02-06T13:33:04.097+0000] {processor.py:914} INFO - Processing file /opt/conda/lib/python3.12/site-packages/airflow/example_dags/example_sla_dag.py for tasks to queue
[2025-02-06T13:33:04.099+0000] {logging_mixin.py:190} INFO - [2025-02-06T13:33:04.098+0000] {dagbag.py:588} INFO - Filling up the DagBag from /opt/conda/lib/python3.12/site-packages/airflow/example_dags/example_sla_dag.py
[2025-02-06T13:33:04.107+0000] {processor.py:925} INFO - DAG(s) 'example_sla_dag' retrieved from /opt/conda/lib/python3.12/site-packages/airflow/example_dags/example_sla_dag.py
[2025-02-06T13:33:04.127+0000] {logging_mixin.py:190} INFO - [2025-02-06T13:33:04.127+0000] {dag.py:3239} INFO - Sync 1 DAGs
[2025-02-06T13:33:04.152+0000] {logging_mixin.py:190} INFO - [2025-02-06T13:33:04.151+0000] {dag.py:4180} INFO - Setting next_dagrun for example_sla_dag to 2025-02-06 13:30:00+00:00, run_after=2025-02-06 13:32:00+00:00
[2025-02-06T13:33:04.251+0000] {processor.py:208} INFO - Processing /opt/conda/lib/python3.12/site-packages/airflow/example_dags/example_sla_dag.py took 0.159 seconds
