[2025-02-06T08:26:55.026+0000] {processor.py:186} INFO - Started process (PID=59) to work on /opt/conda/lib/python3.12/site-packages/airflow/example_dags/example_display_name.py
[2025-02-06T08:26:55.027+0000] {processor.py:914} INFO - Processing file /opt/conda/lib/python3.12/site-packages/airflow/example_dags/example_display_name.py for tasks to queue
[2025-02-06T08:26:55.029+0000] {logging_mixin.py:190} INFO - [2025-02-06T08:26:55.029+0000] {dagbag.py:588} INFO - Filling up the DagBag from /opt/conda/lib/python3.12/site-packages/airflow/example_dags/example_display_name.py
[2025-02-06T08:26:55.037+0000] {processor.py:925} INFO - DAG(s) 'example_display_name' retrieved from /opt/conda/lib/python3.12/site-packages/airflow/example_dags/example_display_name.py
[2025-02-06T08:26:55.189+0000] {logging_mixin.py:190} INFO - [2025-02-06T08:26:55.188+0000] {override.py:1912} INFO - Created Permission View: can delete on DAG:example_display_name
[2025-02-06T08:26:55.232+0000] {logging_mixin.py:190} INFO - [2025-02-06T08:26:55.232+0000] {override.py:1912} INFO - Created Permission View: can read on DAG:example_display_name
[2025-02-06T08:26:55.268+0000] {logging_mixin.py:190} INFO - [2025-02-06T08:26:55.267+0000] {override.py:1912} INFO - Created Permission View: can edit on DAG:example_display_name
[2025-02-06T08:26:55.346+0000] {logging_mixin.py:190} INFO - [2025-02-06T08:26:55.345+0000] {override.py:1912} INFO - Created Permission View: menu access on DAG Run:example_display_name
[2025-02-06T08:26:55.390+0000] {logging_mixin.py:190} INFO - [2025-02-06T08:26:55.389+0000] {override.py:1912} INFO - Created Permission View: can create on DAG Run:example_display_name
[2025-02-06T08:26:55.429+0000] {logging_mixin.py:190} INFO - [2025-02-06T08:26:55.429+0000] {override.py:1912} INFO - Created Permission View: can read on DAG Run:example_display_name
[2025-02-06T08:26:55.468+0000] {logging_mixin.py:190} INFO - [2025-02-06T08:26:55.467+0000] {override.py:1912} INFO - Created Permission View: can delete on DAG Run:example_display_name
[2025-02-06T08:26:55.468+0000] {logging_mixin.py:190} INFO - [2025-02-06T08:26:55.468+0000] {dag.py:3239} INFO - Sync 1 DAGs
[2025-02-06T08:26:55.490+0000] {logging_mixin.py:190} INFO - [2025-02-06T08:26:55.490+0000] {dag.py:3262} INFO - Creating ORM DAG for example_display_name
[2025-02-06T08:26:55.491+0000] {logging_mixin.py:190} INFO - [2025-02-06T08:26:55.491+0000] {dag.py:4180} INFO - Setting next_dagrun for example_display_name to None, run_after=None
[2025-02-06T08:26:55.563+0000] {processor.py:208} INFO - Processing /opt/conda/lib/python3.12/site-packages/airflow/example_dags/example_display_name.py took 0.542 seconds
[2025-02-06T08:30:42.596+0000] {processor.py:186} INFO - Started process (PID=59) to work on /opt/conda/lib/python3.12/site-packages/airflow/example_dags/example_display_name.py
[2025-02-06T08:30:42.596+0000] {processor.py:914} INFO - Processing file /opt/conda/lib/python3.12/site-packages/airflow/example_dags/example_display_name.py for tasks to queue
[2025-02-06T08:30:42.598+0000] {logging_mixin.py:190} INFO - [2025-02-06T08:30:42.598+0000] {dagbag.py:588} INFO - Filling up the DagBag from /opt/conda/lib/python3.12/site-packages/airflow/example_dags/example_display_name.py
[2025-02-06T08:30:42.605+0000] {processor.py:925} INFO - DAG(s) 'example_display_name' retrieved from /opt/conda/lib/python3.12/site-packages/airflow/example_dags/example_display_name.py
[2025-02-06T08:30:42.627+0000] {logging_mixin.py:190} INFO - [2025-02-06T08:30:42.627+0000] {dag.py:3239} INFO - Sync 1 DAGs
[2025-02-06T08:30:42.639+0000] {logging_mixin.py:190} INFO - [2025-02-06T08:30:42.638+0000] {dag.py:4180} INFO - Setting next_dagrun for example_display_name to None, run_after=None
[2025-02-06T08:30:42.704+0000] {processor.py:208} INFO - Processing /opt/conda/lib/python3.12/site-packages/airflow/example_dags/example_display_name.py took 0.112 seconds
[2025-02-06T08:31:47.837+0000] {processor.py:186} INFO - Started process (PID=117) to work on /opt/conda/lib/python3.12/site-packages/airflow/example_dags/example_display_name.py
[2025-02-06T08:31:47.838+0000] {processor.py:914} INFO - Processing file /opt/conda/lib/python3.12/site-packages/airflow/example_dags/example_display_name.py for tasks to queue
[2025-02-06T08:31:47.839+0000] {logging_mixin.py:190} INFO - [2025-02-06T08:31:47.839+0000] {dagbag.py:588} INFO - Filling up the DagBag from /opt/conda/lib/python3.12/site-packages/airflow/example_dags/example_display_name.py
[2025-02-06T08:31:47.846+0000] {processor.py:925} INFO - DAG(s) 'example_display_name' retrieved from /opt/conda/lib/python3.12/site-packages/airflow/example_dags/example_display_name.py
[2025-02-06T08:31:47.865+0000] {logging_mixin.py:190} INFO - [2025-02-06T08:31:47.865+0000] {dag.py:3239} INFO - Sync 1 DAGs
[2025-02-06T08:31:47.878+0000] {logging_mixin.py:190} INFO - [2025-02-06T08:31:47.878+0000] {dag.py:4180} INFO - Setting next_dagrun for example_display_name to None, run_after=None
[2025-02-06T08:31:47.931+0000] {processor.py:208} INFO - Processing /opt/conda/lib/python3.12/site-packages/airflow/example_dags/example_display_name.py took 0.098 seconds
[2025-02-06T08:32:57.485+0000] {processor.py:186} INFO - Started process (PID=178) to work on /opt/conda/lib/python3.12/site-packages/airflow/example_dags/example_display_name.py
[2025-02-06T08:32:57.486+0000] {processor.py:914} INFO - Processing file /opt/conda/lib/python3.12/site-packages/airflow/example_dags/example_display_name.py for tasks to queue
[2025-02-06T08:32:57.487+0000] {logging_mixin.py:190} INFO - [2025-02-06T08:32:57.487+0000] {dagbag.py:588} INFO - Filling up the DagBag from /opt/conda/lib/python3.12/site-packages/airflow/example_dags/example_display_name.py
[2025-02-06T08:32:57.494+0000] {processor.py:925} INFO - DAG(s) 'example_display_name' retrieved from /opt/conda/lib/python3.12/site-packages/airflow/example_dags/example_display_name.py
[2025-02-06T08:32:57.514+0000] {logging_mixin.py:190} INFO - [2025-02-06T08:32:57.514+0000] {dag.py:3239} INFO - Sync 1 DAGs
[2025-02-06T08:32:57.526+0000] {logging_mixin.py:190} INFO - [2025-02-06T08:32:57.526+0000] {dag.py:4180} INFO - Setting next_dagrun for example_display_name to None, run_after=None
[2025-02-06T08:32:57.581+0000] {processor.py:208} INFO - Processing /opt/conda/lib/python3.12/site-packages/airflow/example_dags/example_display_name.py took 0.100 seconds
[2025-02-06T08:34:08.923+0000] {processor.py:186} INFO - Started process (PID=240) to work on /opt/conda/lib/python3.12/site-packages/airflow/example_dags/example_display_name.py
[2025-02-06T08:34:08.924+0000] {processor.py:914} INFO - Processing file /opt/conda/lib/python3.12/site-packages/airflow/example_dags/example_display_name.py for tasks to queue
[2025-02-06T08:34:08.925+0000] {logging_mixin.py:190} INFO - [2025-02-06T08:34:08.925+0000] {dagbag.py:588} INFO - Filling up the DagBag from /opt/conda/lib/python3.12/site-packages/airflow/example_dags/example_display_name.py
[2025-02-06T08:34:08.931+0000] {processor.py:925} INFO - DAG(s) 'example_display_name' retrieved from /opt/conda/lib/python3.12/site-packages/airflow/example_dags/example_display_name.py
[2025-02-06T08:34:08.952+0000] {logging_mixin.py:190} INFO - [2025-02-06T08:34:08.951+0000] {dag.py:3239} INFO - Sync 1 DAGs
[2025-02-06T08:34:08.964+0000] {logging_mixin.py:190} INFO - [2025-02-06T08:34:08.963+0000] {dag.py:4180} INFO - Setting next_dagrun for example_display_name to None, run_after=None
[2025-02-06T08:34:09.014+0000] {processor.py:208} INFO - Processing /opt/conda/lib/python3.12/site-packages/airflow/example_dags/example_display_name.py took 0.096 seconds
[2025-02-06T08:35:26.866+0000] {processor.py:186} INFO - Started process (PID=305) to work on /opt/conda/lib/python3.12/site-packages/airflow/example_dags/example_display_name.py
[2025-02-06T08:35:26.867+0000] {processor.py:914} INFO - Processing file /opt/conda/lib/python3.12/site-packages/airflow/example_dags/example_display_name.py for tasks to queue
[2025-02-06T08:35:26.868+0000] {logging_mixin.py:190} INFO - [2025-02-06T08:35:26.868+0000] {dagbag.py:588} INFO - Filling up the DagBag from /opt/conda/lib/python3.12/site-packages/airflow/example_dags/example_display_name.py
[2025-02-06T08:35:26.875+0000] {processor.py:925} INFO - DAG(s) 'example_display_name' retrieved from /opt/conda/lib/python3.12/site-packages/airflow/example_dags/example_display_name.py
[2025-02-06T08:35:26.901+0000] {logging_mixin.py:190} INFO - [2025-02-06T08:35:26.901+0000] {dag.py:3239} INFO - Sync 1 DAGs
[2025-02-06T08:35:26.916+0000] {logging_mixin.py:190} INFO - [2025-02-06T08:35:26.915+0000] {dag.py:4180} INFO - Setting next_dagrun for example_display_name to None, run_after=None
[2025-02-06T08:35:26.976+0000] {processor.py:208} INFO - Processing /opt/conda/lib/python3.12/site-packages/airflow/example_dags/example_display_name.py took 0.114 seconds
[2025-02-06T08:36:44.482+0000] {processor.py:186} INFO - Started process (PID=370) to work on /opt/conda/lib/python3.12/site-packages/airflow/example_dags/example_display_name.py
[2025-02-06T08:36:44.483+0000] {processor.py:914} INFO - Processing file /opt/conda/lib/python3.12/site-packages/airflow/example_dags/example_display_name.py for tasks to queue
[2025-02-06T08:36:44.485+0000] {logging_mixin.py:190} INFO - [2025-02-06T08:36:44.484+0000] {dagbag.py:588} INFO - Filling up the DagBag from /opt/conda/lib/python3.12/site-packages/airflow/example_dags/example_display_name.py
[2025-02-06T08:36:44.492+0000] {processor.py:925} INFO - DAG(s) 'example_display_name' retrieved from /opt/conda/lib/python3.12/site-packages/airflow/example_dags/example_display_name.py
[2025-02-06T08:36:44.612+0000] {logging_mixin.py:190} INFO - [2025-02-06T08:36:44.612+0000] {dag.py:3239} INFO - Sync 1 DAGs
[2025-02-06T08:36:44.627+0000] {logging_mixin.py:190} INFO - [2025-02-06T08:36:44.626+0000] {dag.py:4180} INFO - Setting next_dagrun for example_display_name to None, run_after=None
[2025-02-06T08:36:44.700+0000] {processor.py:208} INFO - Processing /opt/conda/lib/python3.12/site-packages/airflow/example_dags/example_display_name.py took 0.222 seconds
[2025-02-06T08:38:06.285+0000] {processor.py:186} INFO - Started process (PID=437) to work on /opt/conda/lib/python3.12/site-packages/airflow/example_dags/example_display_name.py
[2025-02-06T08:38:06.286+0000] {processor.py:914} INFO - Processing file /opt/conda/lib/python3.12/site-packages/airflow/example_dags/example_display_name.py for tasks to queue
[2025-02-06T08:38:06.288+0000] {logging_mixin.py:190} INFO - [2025-02-06T08:38:06.287+0000] {dagbag.py:588} INFO - Filling up the DagBag from /opt/conda/lib/python3.12/site-packages/airflow/example_dags/example_display_name.py
[2025-02-06T08:38:06.295+0000] {processor.py:925} INFO - DAG(s) 'example_display_name' retrieved from /opt/conda/lib/python3.12/site-packages/airflow/example_dags/example_display_name.py
[2025-02-06T08:38:06.320+0000] {logging_mixin.py:190} INFO - [2025-02-06T08:38:06.319+0000] {dag.py:3239} INFO - Sync 1 DAGs
[2025-02-06T08:38:06.333+0000] {logging_mixin.py:190} INFO - [2025-02-06T08:38:06.333+0000] {dag.py:4180} INFO - Setting next_dagrun for example_display_name to None, run_after=None
[2025-02-06T08:38:06.384+0000] {processor.py:208} INFO - Processing /opt/conda/lib/python3.12/site-packages/airflow/example_dags/example_display_name.py took 0.104 seconds
[2025-02-06T08:39:20.426+0000] {processor.py:186} INFO - Started process (PID=502) to work on /opt/conda/lib/python3.12/site-packages/airflow/example_dags/example_display_name.py
[2025-02-06T08:39:20.428+0000] {processor.py:914} INFO - Processing file /opt/conda/lib/python3.12/site-packages/airflow/example_dags/example_display_name.py for tasks to queue
[2025-02-06T08:39:20.430+0000] {logging_mixin.py:190} INFO - [2025-02-06T08:39:20.429+0000] {dagbag.py:588} INFO - Filling up the DagBag from /opt/conda/lib/python3.12/site-packages/airflow/example_dags/example_display_name.py
[2025-02-06T08:39:20.436+0000] {processor.py:925} INFO - DAG(s) 'example_display_name' retrieved from /opt/conda/lib/python3.12/site-packages/airflow/example_dags/example_display_name.py
[2025-02-06T08:39:20.457+0000] {logging_mixin.py:190} INFO - [2025-02-06T08:39:20.456+0000] {dag.py:3239} INFO - Sync 1 DAGs
[2025-02-06T08:39:20.470+0000] {logging_mixin.py:190} INFO - [2025-02-06T08:39:20.469+0000] {dag.py:4180} INFO - Setting next_dagrun for example_display_name to None, run_after=None
[2025-02-06T08:39:20.536+0000] {processor.py:208} INFO - Processing /opt/conda/lib/python3.12/site-packages/airflow/example_dags/example_display_name.py took 0.114 seconds
[2025-02-06T08:40:39.842+0000] {processor.py:186} INFO - Started process (PID=569) to work on /opt/conda/lib/python3.12/site-packages/airflow/example_dags/example_display_name.py
[2025-02-06T08:40:39.843+0000] {processor.py:914} INFO - Processing file /opt/conda/lib/python3.12/site-packages/airflow/example_dags/example_display_name.py for tasks to queue
[2025-02-06T08:40:39.845+0000] {logging_mixin.py:190} INFO - [2025-02-06T08:40:39.844+0000] {dagbag.py:588} INFO - Filling up the DagBag from /opt/conda/lib/python3.12/site-packages/airflow/example_dags/example_display_name.py
[2025-02-06T08:40:39.852+0000] {processor.py:925} INFO - DAG(s) 'example_display_name' retrieved from /opt/conda/lib/python3.12/site-packages/airflow/example_dags/example_display_name.py
[2025-02-06T08:40:39.875+0000] {logging_mixin.py:190} INFO - [2025-02-06T08:40:39.875+0000] {dag.py:3239} INFO - Sync 1 DAGs
[2025-02-06T08:40:39.888+0000] {logging_mixin.py:190} INFO - [2025-02-06T08:40:39.888+0000] {dag.py:4180} INFO - Setting next_dagrun for example_display_name to None, run_after=None
[2025-02-06T08:40:39.949+0000] {processor.py:208} INFO - Processing /opt/conda/lib/python3.12/site-packages/airflow/example_dags/example_display_name.py took 0.111 seconds
[2025-02-06T08:41:53.280+0000] {processor.py:186} INFO - Started process (PID=632) to work on /opt/conda/lib/python3.12/site-packages/airflow/example_dags/example_display_name.py
[2025-02-06T08:41:53.281+0000] {processor.py:914} INFO - Processing file /opt/conda/lib/python3.12/site-packages/airflow/example_dags/example_display_name.py for tasks to queue
[2025-02-06T08:41:53.282+0000] {logging_mixin.py:190} INFO - [2025-02-06T08:41:53.282+0000] {dagbag.py:588} INFO - Filling up the DagBag from /opt/conda/lib/python3.12/site-packages/airflow/example_dags/example_display_name.py
[2025-02-06T08:41:53.290+0000] {processor.py:925} INFO - DAG(s) 'example_display_name' retrieved from /opt/conda/lib/python3.12/site-packages/airflow/example_dags/example_display_name.py
[2025-02-06T08:41:53.312+0000] {logging_mixin.py:190} INFO - [2025-02-06T08:41:53.311+0000] {dag.py:3239} INFO - Sync 1 DAGs
[2025-02-06T08:41:53.325+0000] {logging_mixin.py:190} INFO - [2025-02-06T08:41:53.325+0000] {dag.py:4180} INFO - Setting next_dagrun for example_display_name to None, run_after=None
[2025-02-06T08:41:53.387+0000] {processor.py:208} INFO - Processing /opt/conda/lib/python3.12/site-packages/airflow/example_dags/example_display_name.py took 0.111 seconds
[2025-02-06T08:43:35.594+0000] {processor.py:186} INFO - Started process (PID=60) to work on /opt/conda/lib/python3.12/site-packages/airflow/example_dags/example_display_name.py
[2025-02-06T08:43:35.595+0000] {processor.py:914} INFO - Processing file /opt/conda/lib/python3.12/site-packages/airflow/example_dags/example_display_name.py for tasks to queue
[2025-02-06T08:43:35.597+0000] {logging_mixin.py:190} INFO - [2025-02-06T08:43:35.597+0000] {dagbag.py:588} INFO - Filling up the DagBag from /opt/conda/lib/python3.12/site-packages/airflow/example_dags/example_display_name.py
[2025-02-06T08:43:35.602+0000] {processor.py:925} INFO - DAG(s) 'example_display_name' retrieved from /opt/conda/lib/python3.12/site-packages/airflow/example_dags/example_display_name.py
[2025-02-06T08:43:35.623+0000] {logging_mixin.py:190} INFO - [2025-02-06T08:43:35.623+0000] {dag.py:3239} INFO - Sync 1 DAGs
[2025-02-06T08:43:35.635+0000] {logging_mixin.py:190} INFO - [2025-02-06T08:43:35.635+0000] {dag.py:4180} INFO - Setting next_dagrun for example_display_name to None, run_after=None
[2025-02-06T08:43:35.702+0000] {processor.py:208} INFO - Processing /opt/conda/lib/python3.12/site-packages/airflow/example_dags/example_display_name.py took 0.112 seconds
[2025-02-06T08:44:44.653+0000] {processor.py:186} INFO - Started process (PID=118) to work on /opt/conda/lib/python3.12/site-packages/airflow/example_dags/example_display_name.py
[2025-02-06T08:44:44.654+0000] {processor.py:914} INFO - Processing file /opt/conda/lib/python3.12/site-packages/airflow/example_dags/example_display_name.py for tasks to queue
[2025-02-06T08:44:44.656+0000] {logging_mixin.py:190} INFO - [2025-02-06T08:44:44.656+0000] {dagbag.py:588} INFO - Filling up the DagBag from /opt/conda/lib/python3.12/site-packages/airflow/example_dags/example_display_name.py
[2025-02-06T08:44:44.663+0000] {processor.py:925} INFO - DAG(s) 'example_display_name' retrieved from /opt/conda/lib/python3.12/site-packages/airflow/example_dags/example_display_name.py
[2025-02-06T08:44:44.685+0000] {logging_mixin.py:190} INFO - [2025-02-06T08:44:44.684+0000] {dag.py:3239} INFO - Sync 1 DAGs
[2025-02-06T08:44:44.696+0000] {logging_mixin.py:190} INFO - [2025-02-06T08:44:44.696+0000] {dag.py:4180} INFO - Setting next_dagrun for example_display_name to None, run_after=None
[2025-02-06T08:44:44.757+0000] {processor.py:208} INFO - Processing /opt/conda/lib/python3.12/site-packages/airflow/example_dags/example_display_name.py took 0.111 seconds
[2025-02-06T08:46:21.124+0000] {processor.py:186} INFO - Started process (PID=243) to work on /opt/conda/lib/python3.12/site-packages/airflow/example_dags/example_display_name.py
[2025-02-06T08:46:21.125+0000] {processor.py:914} INFO - Processing file /opt/conda/lib/python3.12/site-packages/airflow/example_dags/example_display_name.py for tasks to queue
[2025-02-06T08:46:21.127+0000] {logging_mixin.py:190} INFO - [2025-02-06T08:46:21.127+0000] {dagbag.py:588} INFO - Filling up the DagBag from /opt/conda/lib/python3.12/site-packages/airflow/example_dags/example_display_name.py
[2025-02-06T08:46:21.136+0000] {processor.py:925} INFO - DAG(s) 'example_display_name' retrieved from /opt/conda/lib/python3.12/site-packages/airflow/example_dags/example_display_name.py
[2025-02-06T08:46:21.158+0000] {logging_mixin.py:190} INFO - [2025-02-06T08:46:21.158+0000] {dag.py:3239} INFO - Sync 1 DAGs
[2025-02-06T08:46:21.172+0000] {logging_mixin.py:190} INFO - [2025-02-06T08:46:21.171+0000] {dag.py:4180} INFO - Setting next_dagrun for example_display_name to None, run_after=None
[2025-02-06T08:46:21.229+0000] {processor.py:208} INFO - Processing /opt/conda/lib/python3.12/site-packages/airflow/example_dags/example_display_name.py took 0.109 seconds
[2025-02-06T08:49:11.824+0000] {processor.py:186} INFO - Started process (PID=180) to work on /opt/conda/lib/python3.12/site-packages/airflow/example_dags/example_display_name.py
[2025-02-06T08:49:11.825+0000] {processor.py:914} INFO - Processing file /opt/conda/lib/python3.12/site-packages/airflow/example_dags/example_display_name.py for tasks to queue
[2025-02-06T08:49:11.827+0000] {logging_mixin.py:190} INFO - [2025-02-06T08:49:11.827+0000] {dagbag.py:588} INFO - Filling up the DagBag from /opt/conda/lib/python3.12/site-packages/airflow/example_dags/example_display_name.py
[2025-02-06T08:49:11.833+0000] {processor.py:925} INFO - DAG(s) 'example_display_name' retrieved from /opt/conda/lib/python3.12/site-packages/airflow/example_dags/example_display_name.py
[2025-02-06T08:49:11.853+0000] {logging_mixin.py:190} INFO - [2025-02-06T08:49:11.852+0000] {dag.py:3239} INFO - Sync 1 DAGs
[2025-02-06T08:49:11.864+0000] {logging_mixin.py:190} INFO - [2025-02-06T08:49:11.864+0000] {dag.py:4180} INFO - Setting next_dagrun for example_display_name to None, run_after=None
[2025-02-06T08:49:11.913+0000] {processor.py:208} INFO - Processing /opt/conda/lib/python3.12/site-packages/airflow/example_dags/example_display_name.py took 0.092 seconds
[2025-02-06T08:52:15.802+0000] {processor.py:186} INFO - Started process (PID=522) to work on /opt/conda/lib/python3.12/site-packages/airflow/example_dags/example_display_name.py
[2025-02-06T08:52:15.803+0000] {processor.py:914} INFO - Processing file /opt/conda/lib/python3.12/site-packages/airflow/example_dags/example_display_name.py for tasks to queue
[2025-02-06T08:52:15.805+0000] {logging_mixin.py:190} INFO - [2025-02-06T08:52:15.805+0000] {dagbag.py:588} INFO - Filling up the DagBag from /opt/conda/lib/python3.12/site-packages/airflow/example_dags/example_display_name.py
[2025-02-06T08:52:15.810+0000] {processor.py:925} INFO - DAG(s) 'example_display_name' retrieved from /opt/conda/lib/python3.12/site-packages/airflow/example_dags/example_display_name.py
[2025-02-06T08:52:15.835+0000] {logging_mixin.py:190} INFO - [2025-02-06T08:52:15.834+0000] {dag.py:3239} INFO - Sync 1 DAGs
[2025-02-06T08:52:15.847+0000] {logging_mixin.py:190} INFO - [2025-02-06T08:52:15.846+0000] {dag.py:4180} INFO - Setting next_dagrun for example_display_name to None, run_after=None
[2025-02-06T08:52:15.909+0000] {processor.py:208} INFO - Processing /opt/conda/lib/python3.12/site-packages/airflow/example_dags/example_display_name.py took 0.111 seconds
[2025-02-06T08:54:50.755+0000] {processor.py:186} INFO - Started process (PID=812) to work on /opt/conda/lib/python3.12/site-packages/airflow/example_dags/example_display_name.py
[2025-02-06T08:54:50.756+0000] {processor.py:914} INFO - Processing file /opt/conda/lib/python3.12/site-packages/airflow/example_dags/example_display_name.py for tasks to queue
[2025-02-06T08:54:50.758+0000] {logging_mixin.py:190} INFO - [2025-02-06T08:54:50.758+0000] {dagbag.py:588} INFO - Filling up the DagBag from /opt/conda/lib/python3.12/site-packages/airflow/example_dags/example_display_name.py
[2025-02-06T08:54:50.765+0000] {processor.py:925} INFO - DAG(s) 'example_display_name' retrieved from /opt/conda/lib/python3.12/site-packages/airflow/example_dags/example_display_name.py
[2025-02-06T08:54:50.786+0000] {logging_mixin.py:190} INFO - [2025-02-06T08:54:50.786+0000] {dag.py:3239} INFO - Sync 1 DAGs
[2025-02-06T08:54:50.798+0000] {logging_mixin.py:190} INFO - [2025-02-06T08:54:50.798+0000] {dag.py:4180} INFO - Setting next_dagrun for example_display_name to None, run_after=None
[2025-02-06T08:54:50.849+0000] {processor.py:208} INFO - Processing /opt/conda/lib/python3.12/site-packages/airflow/example_dags/example_display_name.py took 0.098 seconds
[2025-02-06T08:57:18.973+0000] {processor.py:186} INFO - Started process (PID=1069) to work on /opt/conda/lib/python3.12/site-packages/airflow/example_dags/example_display_name.py
[2025-02-06T08:57:18.974+0000] {processor.py:914} INFO - Processing file /opt/conda/lib/python3.12/site-packages/airflow/example_dags/example_display_name.py for tasks to queue
[2025-02-06T08:57:18.977+0000] {logging_mixin.py:190} INFO - [2025-02-06T08:57:18.976+0000] {dagbag.py:588} INFO - Filling up the DagBag from /opt/conda/lib/python3.12/site-packages/airflow/example_dags/example_display_name.py
[2025-02-06T08:57:18.985+0000] {processor.py:925} INFO - DAG(s) 'example_display_name' retrieved from /opt/conda/lib/python3.12/site-packages/airflow/example_dags/example_display_name.py
[2025-02-06T08:57:19.008+0000] {logging_mixin.py:190} INFO - [2025-02-06T08:57:19.008+0000] {dag.py:3239} INFO - Sync 1 DAGs
[2025-02-06T08:57:19.020+0000] {logging_mixin.py:190} INFO - [2025-02-06T08:57:19.020+0000] {dag.py:4180} INFO - Setting next_dagrun for example_display_name to None, run_after=None
[2025-02-06T08:57:19.068+0000] {processor.py:208} INFO - Processing /opt/conda/lib/python3.12/site-packages/airflow/example_dags/example_display_name.py took 0.099 seconds
[2025-02-06T09:02:09.278+0000] {processor.py:186} INFO - Started process (PID=207) to work on /opt/conda/lib/python3.12/site-packages/airflow/example_dags/example_display_name.py
[2025-02-06T09:02:09.279+0000] {processor.py:914} INFO - Processing file /opt/conda/lib/python3.12/site-packages/airflow/example_dags/example_display_name.py for tasks to queue
[2025-02-06T09:02:09.281+0000] {logging_mixin.py:190} INFO - [2025-02-06T09:02:09.281+0000] {dagbag.py:588} INFO - Filling up the DagBag from /opt/conda/lib/python3.12/site-packages/airflow/example_dags/example_display_name.py
[2025-02-06T09:02:09.286+0000] {processor.py:925} INFO - DAG(s) 'example_display_name' retrieved from /opt/conda/lib/python3.12/site-packages/airflow/example_dags/example_display_name.py
[2025-02-06T09:02:09.305+0000] {logging_mixin.py:190} INFO - [2025-02-06T09:02:09.305+0000] {dag.py:3239} INFO - Sync 1 DAGs
[2025-02-06T09:02:09.318+0000] {logging_mixin.py:190} INFO - [2025-02-06T09:02:09.318+0000] {dag.py:4180} INFO - Setting next_dagrun for example_display_name to None, run_after=None
[2025-02-06T09:02:09.378+0000] {processor.py:208} INFO - Processing /opt/conda/lib/python3.12/site-packages/airflow/example_dags/example_display_name.py took 0.104 seconds
[2025-02-06T09:03:56.099+0000] {processor.py:186} INFO - Started process (PID=56) to work on /opt/conda/lib/python3.12/site-packages/airflow/example_dags/example_display_name.py
[2025-02-06T09:03:56.101+0000] {processor.py:914} INFO - Processing file /opt/conda/lib/python3.12/site-packages/airflow/example_dags/example_display_name.py for tasks to queue
[2025-02-06T09:03:56.103+0000] {logging_mixin.py:190} INFO - [2025-02-06T09:03:56.102+0000] {dagbag.py:588} INFO - Filling up the DagBag from /opt/conda/lib/python3.12/site-packages/airflow/example_dags/example_display_name.py
[2025-02-06T09:03:56.110+0000] {processor.py:925} INFO - DAG(s) 'example_display_name' retrieved from /opt/conda/lib/python3.12/site-packages/airflow/example_dags/example_display_name.py
[2025-02-06T09:03:56.128+0000] {logging_mixin.py:190} INFO - [2025-02-06T09:03:56.127+0000] {dag.py:3239} INFO - Sync 1 DAGs
[2025-02-06T09:03:56.139+0000] {logging_mixin.py:190} INFO - [2025-02-06T09:03:56.139+0000] {dag.py:4180} INFO - Setting next_dagrun for example_display_name to None, run_after=None
[2025-02-06T09:03:56.185+0000] {processor.py:208} INFO - Processing /opt/conda/lib/python3.12/site-packages/airflow/example_dags/example_display_name.py took 0.090 seconds
[2025-02-06T09:05:00.830+0000] {processor.py:186} INFO - Started process (PID=104) to work on /opt/conda/lib/python3.12/site-packages/airflow/example_dags/example_display_name.py
[2025-02-06T09:05:00.831+0000] {processor.py:914} INFO - Processing file /opt/conda/lib/python3.12/site-packages/airflow/example_dags/example_display_name.py for tasks to queue
[2025-02-06T09:05:00.832+0000] {logging_mixin.py:190} INFO - [2025-02-06T09:05:00.832+0000] {dagbag.py:588} INFO - Filling up the DagBag from /opt/conda/lib/python3.12/site-packages/airflow/example_dags/example_display_name.py
[2025-02-06T09:05:00.838+0000] {processor.py:925} INFO - DAG(s) 'example_display_name' retrieved from /opt/conda/lib/python3.12/site-packages/airflow/example_dags/example_display_name.py
[2025-02-06T09:05:00.859+0000] {logging_mixin.py:190} INFO - [2025-02-06T09:05:00.859+0000] {dag.py:3239} INFO - Sync 1 DAGs
[2025-02-06T09:05:00.872+0000] {logging_mixin.py:190} INFO - [2025-02-06T09:05:00.872+0000] {dag.py:4180} INFO - Setting next_dagrun for example_display_name to None, run_after=None
[2025-02-06T09:05:00.915+0000] {processor.py:208} INFO - Processing /opt/conda/lib/python3.12/site-packages/airflow/example_dags/example_display_name.py took 0.089 seconds
[2025-02-06T09:08:01.804+0000] {processor.py:186} INFO - Started process (PID=438) to work on /opt/conda/lib/python3.12/site-packages/airflow/example_dags/example_display_name.py
[2025-02-06T09:08:01.805+0000] {processor.py:914} INFO - Processing file /opt/conda/lib/python3.12/site-packages/airflow/example_dags/example_display_name.py for tasks to queue
[2025-02-06T09:08:01.807+0000] {logging_mixin.py:190} INFO - [2025-02-06T09:08:01.806+0000] {dagbag.py:588} INFO - Filling up the DagBag from /opt/conda/lib/python3.12/site-packages/airflow/example_dags/example_display_name.py
[2025-02-06T09:08:01.813+0000] {processor.py:925} INFO - DAG(s) 'example_display_name' retrieved from /opt/conda/lib/python3.12/site-packages/airflow/example_dags/example_display_name.py
[2025-02-06T09:08:01.833+0000] {logging_mixin.py:190} INFO - [2025-02-06T09:08:01.832+0000] {dag.py:3239} INFO - Sync 1 DAGs
[2025-02-06T09:08:01.846+0000] {logging_mixin.py:190} INFO - [2025-02-06T09:08:01.845+0000] {dag.py:4180} INFO - Setting next_dagrun for example_display_name to None, run_after=None
[2025-02-06T09:08:01.898+0000] {processor.py:208} INFO - Processing /opt/conda/lib/python3.12/site-packages/airflow/example_dags/example_display_name.py took 0.098 seconds
[2025-02-06T09:10:24.038+0000] {processor.py:186} INFO - Started process (PID=707) to work on /opt/conda/lib/python3.12/site-packages/airflow/example_dags/example_display_name.py
[2025-02-06T09:10:24.039+0000] {processor.py:914} INFO - Processing file /opt/conda/lib/python3.12/site-packages/airflow/example_dags/example_display_name.py for tasks to queue
[2025-02-06T09:10:24.040+0000] {logging_mixin.py:190} INFO - [2025-02-06T09:10:24.040+0000] {dagbag.py:588} INFO - Filling up the DagBag from /opt/conda/lib/python3.12/site-packages/airflow/example_dags/example_display_name.py
[2025-02-06T09:10:24.048+0000] {processor.py:925} INFO - DAG(s) 'example_display_name' retrieved from /opt/conda/lib/python3.12/site-packages/airflow/example_dags/example_display_name.py
[2025-02-06T09:10:24.069+0000] {logging_mixin.py:190} INFO - [2025-02-06T09:10:24.069+0000] {dag.py:3239} INFO - Sync 1 DAGs
[2025-02-06T09:10:24.083+0000] {logging_mixin.py:190} INFO - [2025-02-06T09:10:24.082+0000] {dag.py:4180} INFO - Setting next_dagrun for example_display_name to None, run_after=None
[2025-02-06T09:10:24.137+0000] {processor.py:208} INFO - Processing /opt/conda/lib/python3.12/site-packages/airflow/example_dags/example_display_name.py took 0.103 seconds
[2025-02-06T09:12:44.619+0000] {processor.py:186} INFO - Started process (PID=970) to work on /opt/conda/lib/python3.12/site-packages/airflow/example_dags/example_display_name.py
[2025-02-06T09:12:44.620+0000] {processor.py:914} INFO - Processing file /opt/conda/lib/python3.12/site-packages/airflow/example_dags/example_display_name.py for tasks to queue
[2025-02-06T09:12:44.622+0000] {logging_mixin.py:190} INFO - [2025-02-06T09:12:44.621+0000] {dagbag.py:588} INFO - Filling up the DagBag from /opt/conda/lib/python3.12/site-packages/airflow/example_dags/example_display_name.py
[2025-02-06T09:12:44.627+0000] {processor.py:925} INFO - DAG(s) 'example_display_name' retrieved from /opt/conda/lib/python3.12/site-packages/airflow/example_dags/example_display_name.py
[2025-02-06T09:12:44.647+0000] {logging_mixin.py:190} INFO - [2025-02-06T09:12:44.647+0000] {dag.py:3239} INFO - Sync 1 DAGs
[2025-02-06T09:12:44.659+0000] {logging_mixin.py:190} INFO - [2025-02-06T09:12:44.659+0000] {dag.py:4180} INFO - Setting next_dagrun for example_display_name to None, run_after=None
[2025-02-06T09:12:44.712+0000] {processor.py:208} INFO - Processing /opt/conda/lib/python3.12/site-packages/airflow/example_dags/example_display_name.py took 0.097 seconds
[2025-02-06T09:15:16.936+0000] {processor.py:186} INFO - Started process (PID=1247) to work on /opt/conda/lib/python3.12/site-packages/airflow/example_dags/example_display_name.py
[2025-02-06T09:15:16.937+0000] {processor.py:914} INFO - Processing file /opt/conda/lib/python3.12/site-packages/airflow/example_dags/example_display_name.py for tasks to queue
[2025-02-06T09:15:16.939+0000] {logging_mixin.py:190} INFO - [2025-02-06T09:15:16.939+0000] {dagbag.py:588} INFO - Filling up the DagBag from /opt/conda/lib/python3.12/site-packages/airflow/example_dags/example_display_name.py
[2025-02-06T09:15:16.947+0000] {processor.py:925} INFO - DAG(s) 'example_display_name' retrieved from /opt/conda/lib/python3.12/site-packages/airflow/example_dags/example_display_name.py
[2025-02-06T09:15:16.970+0000] {logging_mixin.py:190} INFO - [2025-02-06T09:15:16.969+0000] {dag.py:3239} INFO - Sync 1 DAGs
[2025-02-06T09:15:16.984+0000] {logging_mixin.py:190} INFO - [2025-02-06T09:15:16.984+0000] {dag.py:4180} INFO - Setting next_dagrun for example_display_name to None, run_after=None
[2025-02-06T09:15:17.039+0000] {processor.py:208} INFO - Processing /opt/conda/lib/python3.12/site-packages/airflow/example_dags/example_display_name.py took 0.109 seconds
[2025-02-06T09:17:23.674+0000] {processor.py:186} INFO - Started process (PID=1490) to work on /opt/conda/lib/python3.12/site-packages/airflow/example_dags/example_display_name.py
[2025-02-06T09:17:23.675+0000] {processor.py:914} INFO - Processing file /opt/conda/lib/python3.12/site-packages/airflow/example_dags/example_display_name.py for tasks to queue
[2025-02-06T09:17:23.677+0000] {logging_mixin.py:190} INFO - [2025-02-06T09:17:23.677+0000] {dagbag.py:588} INFO - Filling up the DagBag from /opt/conda/lib/python3.12/site-packages/airflow/example_dags/example_display_name.py
[2025-02-06T09:17:23.684+0000] {processor.py:925} INFO - DAG(s) 'example_display_name' retrieved from /opt/conda/lib/python3.12/site-packages/airflow/example_dags/example_display_name.py
[2025-02-06T09:17:23.705+0000] {logging_mixin.py:190} INFO - [2025-02-06T09:17:23.705+0000] {dag.py:3239} INFO - Sync 1 DAGs
[2025-02-06T09:17:23.722+0000] {logging_mixin.py:190} INFO - [2025-02-06T09:17:23.721+0000] {dag.py:4180} INFO - Setting next_dagrun for example_display_name to None, run_after=None
[2025-02-06T09:17:23.792+0000] {processor.py:208} INFO - Processing /opt/conda/lib/python3.12/site-packages/airflow/example_dags/example_display_name.py took 0.122 seconds
[2025-02-06T09:19:52.313+0000] {processor.py:186} INFO - Started process (PID=1743) to work on /opt/conda/lib/python3.12/site-packages/airflow/example_dags/example_display_name.py
[2025-02-06T09:19:52.314+0000] {processor.py:914} INFO - Processing file /opt/conda/lib/python3.12/site-packages/airflow/example_dags/example_display_name.py for tasks to queue
[2025-02-06T09:19:52.316+0000] {logging_mixin.py:190} INFO - [2025-02-06T09:19:52.316+0000] {dagbag.py:588} INFO - Filling up the DagBag from /opt/conda/lib/python3.12/site-packages/airflow/example_dags/example_display_name.py
[2025-02-06T09:19:52.323+0000] {processor.py:925} INFO - DAG(s) 'example_display_name' retrieved from /opt/conda/lib/python3.12/site-packages/airflow/example_dags/example_display_name.py
[2025-02-06T09:19:52.344+0000] {logging_mixin.py:190} INFO - [2025-02-06T09:19:52.344+0000] {dag.py:3239} INFO - Sync 1 DAGs
[2025-02-06T09:19:52.357+0000] {logging_mixin.py:190} INFO - [2025-02-06T09:19:52.357+0000] {dag.py:4180} INFO - Setting next_dagrun for example_display_name to None, run_after=None
[2025-02-06T09:19:52.407+0000] {processor.py:208} INFO - Processing /opt/conda/lib/python3.12/site-packages/airflow/example_dags/example_display_name.py took 0.099 seconds
[2025-02-06T09:22:37.275+0000] {processor.py:186} INFO - Started process (PID=2018) to work on /opt/conda/lib/python3.12/site-packages/airflow/example_dags/example_display_name.py
[2025-02-06T09:22:37.276+0000] {processor.py:914} INFO - Processing file /opt/conda/lib/python3.12/site-packages/airflow/example_dags/example_display_name.py for tasks to queue
[2025-02-06T09:22:37.278+0000] {logging_mixin.py:190} INFO - [2025-02-06T09:22:37.278+0000] {dagbag.py:588} INFO - Filling up the DagBag from /opt/conda/lib/python3.12/site-packages/airflow/example_dags/example_display_name.py
[2025-02-06T09:22:37.285+0000] {processor.py:925} INFO - DAG(s) 'example_display_name' retrieved from /opt/conda/lib/python3.12/site-packages/airflow/example_dags/example_display_name.py
[2025-02-06T09:22:37.309+0000] {logging_mixin.py:190} INFO - [2025-02-06T09:22:37.309+0000] {dag.py:3239} INFO - Sync 1 DAGs
[2025-02-06T09:22:37.325+0000] {logging_mixin.py:190} INFO - [2025-02-06T09:22:37.324+0000] {dag.py:4180} INFO - Setting next_dagrun for example_display_name to None, run_after=None
[2025-02-06T09:22:37.390+0000] {processor.py:208} INFO - Processing /opt/conda/lib/python3.12/site-packages/airflow/example_dags/example_display_name.py took 0.120 seconds
[2025-02-06T09:25:36.735+0000] {processor.py:186} INFO - Started process (PID=162) to work on /opt/conda/lib/python3.12/site-packages/airflow/example_dags/example_display_name.py
[2025-02-06T09:25:36.737+0000] {processor.py:914} INFO - Processing file /opt/conda/lib/python3.12/site-packages/airflow/example_dags/example_display_name.py for tasks to queue
[2025-02-06T09:25:36.738+0000] {logging_mixin.py:190} INFO - [2025-02-06T09:25:36.738+0000] {dagbag.py:588} INFO - Filling up the DagBag from /opt/conda/lib/python3.12/site-packages/airflow/example_dags/example_display_name.py
[2025-02-06T09:25:36.745+0000] {processor.py:925} INFO - DAG(s) 'example_display_name' retrieved from /opt/conda/lib/python3.12/site-packages/airflow/example_dags/example_display_name.py
[2025-02-06T09:25:36.766+0000] {logging_mixin.py:190} INFO - [2025-02-06T09:25:36.766+0000] {dag.py:3239} INFO - Sync 1 DAGs
[2025-02-06T09:25:36.778+0000] {logging_mixin.py:190} INFO - [2025-02-06T09:25:36.777+0000] {dag.py:4180} INFO - Setting next_dagrun for example_display_name to None, run_after=None
[2025-02-06T09:25:36.848+0000] {processor.py:208} INFO - Processing /opt/conda/lib/python3.12/site-packages/airflow/example_dags/example_display_name.py took 0.117 seconds
[2025-02-06T09:31:55.263+0000] {processor.py:186} INFO - Started process (PID=327) to work on /opt/conda/lib/python3.12/site-packages/airflow/example_dags/example_display_name.py
[2025-02-06T09:31:55.264+0000] {processor.py:914} INFO - Processing file /opt/conda/lib/python3.12/site-packages/airflow/example_dags/example_display_name.py for tasks to queue
[2025-02-06T09:31:55.265+0000] {logging_mixin.py:190} INFO - [2025-02-06T09:31:55.265+0000] {dagbag.py:588} INFO - Filling up the DagBag from /opt/conda/lib/python3.12/site-packages/airflow/example_dags/example_display_name.py
[2025-02-06T09:31:55.271+0000] {processor.py:925} INFO - DAG(s) 'example_display_name' retrieved from /opt/conda/lib/python3.12/site-packages/airflow/example_dags/example_display_name.py
[2025-02-06T09:31:55.291+0000] {logging_mixin.py:190} INFO - [2025-02-06T09:31:55.290+0000] {dag.py:3239} INFO - Sync 1 DAGs
[2025-02-06T09:31:55.303+0000] {logging_mixin.py:190} INFO - [2025-02-06T09:31:55.303+0000] {dag.py:4180} INFO - Setting next_dagrun for example_display_name to None, run_after=None
[2025-02-06T09:31:55.361+0000] {processor.py:208} INFO - Processing /opt/conda/lib/python3.12/site-packages/airflow/example_dags/example_display_name.py took 0.102 seconds
[2025-02-06T09:37:16.082+0000] {processor.py:186} INFO - Started process (PID=913) to work on /opt/conda/lib/python3.12/site-packages/airflow/example_dags/example_display_name.py
[2025-02-06T09:37:16.083+0000] {processor.py:914} INFO - Processing file /opt/conda/lib/python3.12/site-packages/airflow/example_dags/example_display_name.py for tasks to queue
[2025-02-06T09:37:16.085+0000] {logging_mixin.py:190} INFO - [2025-02-06T09:37:16.084+0000] {dagbag.py:588} INFO - Filling up the DagBag from /opt/conda/lib/python3.12/site-packages/airflow/example_dags/example_display_name.py
[2025-02-06T09:37:16.091+0000] {processor.py:925} INFO - DAG(s) 'example_display_name' retrieved from /opt/conda/lib/python3.12/site-packages/airflow/example_dags/example_display_name.py
[2025-02-06T09:37:16.112+0000] {logging_mixin.py:190} INFO - [2025-02-06T09:37:16.112+0000] {dag.py:3239} INFO - Sync 1 DAGs
[2025-02-06T09:37:16.124+0000] {logging_mixin.py:190} INFO - [2025-02-06T09:37:16.124+0000] {dag.py:4180} INFO - Setting next_dagrun for example_display_name to None, run_after=None
[2025-02-06T09:37:16.176+0000] {processor.py:208} INFO - Processing /opt/conda/lib/python3.12/site-packages/airflow/example_dags/example_display_name.py took 0.098 seconds
[2025-02-06T09:42:04.627+0000] {processor.py:186} INFO - Started process (PID=1419) to work on /opt/conda/lib/python3.12/site-packages/airflow/example_dags/example_display_name.py
[2025-02-06T09:42:04.628+0000] {processor.py:914} INFO - Processing file /opt/conda/lib/python3.12/site-packages/airflow/example_dags/example_display_name.py for tasks to queue
[2025-02-06T09:42:04.630+0000] {logging_mixin.py:190} INFO - [2025-02-06T09:42:04.629+0000] {dagbag.py:588} INFO - Filling up the DagBag from /opt/conda/lib/python3.12/site-packages/airflow/example_dags/example_display_name.py
[2025-02-06T09:42:04.636+0000] {processor.py:925} INFO - DAG(s) 'example_display_name' retrieved from /opt/conda/lib/python3.12/site-packages/airflow/example_dags/example_display_name.py
[2025-02-06T09:42:04.656+0000] {logging_mixin.py:190} INFO - [2025-02-06T09:42:04.656+0000] {dag.py:3239} INFO - Sync 1 DAGs
[2025-02-06T09:42:04.669+0000] {logging_mixin.py:190} INFO - [2025-02-06T09:42:04.669+0000] {dag.py:4180} INFO - Setting next_dagrun for example_display_name to None, run_after=None
[2025-02-06T09:42:04.723+0000] {processor.py:208} INFO - Processing /opt/conda/lib/python3.12/site-packages/airflow/example_dags/example_display_name.py took 0.101 seconds
[2025-02-06T09:49:21.694+0000] {processor.py:186} INFO - Started process (PID=310) to work on /opt/conda/lib/python3.12/site-packages/airflow/example_dags/example_display_name.py
[2025-02-06T09:49:21.695+0000] {processor.py:914} INFO - Processing file /opt/conda/lib/python3.12/site-packages/airflow/example_dags/example_display_name.py for tasks to queue
[2025-02-06T09:49:21.697+0000] {logging_mixin.py:190} INFO - [2025-02-06T09:49:21.696+0000] {dagbag.py:588} INFO - Filling up the DagBag from /opt/conda/lib/python3.12/site-packages/airflow/example_dags/example_display_name.py
[2025-02-06T09:49:21.704+0000] {processor.py:925} INFO - DAG(s) 'example_display_name' retrieved from /opt/conda/lib/python3.12/site-packages/airflow/example_dags/example_display_name.py
[2025-02-06T09:49:21.725+0000] {logging_mixin.py:190} INFO - [2025-02-06T09:49:21.724+0000] {dag.py:3239} INFO - Sync 1 DAGs
[2025-02-06T09:49:21.742+0000] {logging_mixin.py:190} INFO - [2025-02-06T09:49:21.742+0000] {dag.py:4180} INFO - Setting next_dagrun for example_display_name to None, run_after=None
[2025-02-06T09:49:21.796+0000] {processor.py:208} INFO - Processing /opt/conda/lib/python3.12/site-packages/airflow/example_dags/example_display_name.py took 0.106 seconds
[2025-02-06T09:54:44.673+0000] {processor.py:186} INFO - Started process (PID=877) to work on /opt/conda/lib/python3.12/site-packages/airflow/example_dags/example_display_name.py
[2025-02-06T09:54:44.674+0000] {processor.py:914} INFO - Processing file /opt/conda/lib/python3.12/site-packages/airflow/example_dags/example_display_name.py for tasks to queue
[2025-02-06T09:54:44.676+0000] {logging_mixin.py:190} INFO - [2025-02-06T09:54:44.676+0000] {dagbag.py:588} INFO - Filling up the DagBag from /opt/conda/lib/python3.12/site-packages/airflow/example_dags/example_display_name.py
[2025-02-06T09:54:44.685+0000] {processor.py:925} INFO - DAG(s) 'example_display_name' retrieved from /opt/conda/lib/python3.12/site-packages/airflow/example_dags/example_display_name.py
[2025-02-06T09:54:44.707+0000] {logging_mixin.py:190} INFO - [2025-02-06T09:54:44.706+0000] {dag.py:3239} INFO - Sync 1 DAGs
[2025-02-06T09:54:44.721+0000] {logging_mixin.py:190} INFO - [2025-02-06T09:54:44.721+0000] {dag.py:4180} INFO - Setting next_dagrun for example_display_name to None, run_after=None
[2025-02-06T09:54:44.809+0000] {processor.py:208} INFO - Processing /opt/conda/lib/python3.12/site-packages/airflow/example_dags/example_display_name.py took 0.140 seconds
[2025-02-06T09:58:41.032+0000] {processor.py:186} INFO - Started process (PID=1335) to work on /opt/conda/lib/python3.12/site-packages/airflow/example_dags/example_display_name.py
[2025-02-06T09:58:41.033+0000] {processor.py:914} INFO - Processing file /opt/conda/lib/python3.12/site-packages/airflow/example_dags/example_display_name.py for tasks to queue
[2025-02-06T09:58:41.035+0000] {logging_mixin.py:190} INFO - [2025-02-06T09:58:41.034+0000] {dagbag.py:588} INFO - Filling up the DagBag from /opt/conda/lib/python3.12/site-packages/airflow/example_dags/example_display_name.py
[2025-02-06T09:58:41.040+0000] {processor.py:925} INFO - DAG(s) 'example_display_name' retrieved from /opt/conda/lib/python3.12/site-packages/airflow/example_dags/example_display_name.py
[2025-02-06T09:58:41.061+0000] {logging_mixin.py:190} INFO - [2025-02-06T09:58:41.061+0000] {dag.py:3239} INFO - Sync 1 DAGs
[2025-02-06T09:58:41.072+0000] {logging_mixin.py:190} INFO - [2025-02-06T09:58:41.072+0000] {dag.py:4180} INFO - Setting next_dagrun for example_display_name to None, run_after=None
[2025-02-06T09:58:41.122+0000] {processor.py:208} INFO - Processing /opt/conda/lib/python3.12/site-packages/airflow/example_dags/example_display_name.py took 0.093 seconds
[2025-02-06T10:03:36.058+0000] {processor.py:186} INFO - Started process (PID=1854) to work on /opt/conda/lib/python3.12/site-packages/airflow/example_dags/example_display_name.py
[2025-02-06T10:03:36.059+0000] {processor.py:914} INFO - Processing file /opt/conda/lib/python3.12/site-packages/airflow/example_dags/example_display_name.py for tasks to queue
[2025-02-06T10:03:36.061+0000] {logging_mixin.py:190} INFO - [2025-02-06T10:03:36.061+0000] {dagbag.py:588} INFO - Filling up the DagBag from /opt/conda/lib/python3.12/site-packages/airflow/example_dags/example_display_name.py
[2025-02-06T10:03:36.067+0000] {processor.py:925} INFO - DAG(s) 'example_display_name' retrieved from /opt/conda/lib/python3.12/site-packages/airflow/example_dags/example_display_name.py
[2025-02-06T10:03:36.090+0000] {logging_mixin.py:190} INFO - [2025-02-06T10:03:36.090+0000] {dag.py:3239} INFO - Sync 1 DAGs
[2025-02-06T10:03:36.103+0000] {logging_mixin.py:190} INFO - [2025-02-06T10:03:36.103+0000] {dag.py:4180} INFO - Setting next_dagrun for example_display_name to None, run_after=None
[2025-02-06T10:03:36.153+0000] {processor.py:208} INFO - Processing /opt/conda/lib/python3.12/site-packages/airflow/example_dags/example_display_name.py took 0.099 seconds
[2025-02-06T10:06:06.177+0000] {processor.py:186} INFO - Started process (PID=2068) to work on /opt/conda/lib/python3.12/site-packages/airflow/example_dags/example_display_name.py
[2025-02-06T10:06:06.178+0000] {processor.py:914} INFO - Processing file /opt/conda/lib/python3.12/site-packages/airflow/example_dags/example_display_name.py for tasks to queue
[2025-02-06T10:06:06.179+0000] {logging_mixin.py:190} INFO - [2025-02-06T10:06:06.179+0000] {dagbag.py:588} INFO - Filling up the DagBag from /opt/conda/lib/python3.12/site-packages/airflow/example_dags/example_display_name.py
[2025-02-06T10:06:06.185+0000] {processor.py:925} INFO - DAG(s) 'example_display_name' retrieved from /opt/conda/lib/python3.12/site-packages/airflow/example_dags/example_display_name.py
[2025-02-06T10:06:06.215+0000] {logging_mixin.py:190} INFO - [2025-02-06T10:06:06.214+0000] {dag.py:3239} INFO - Sync 1 DAGs
[2025-02-06T10:06:06.227+0000] {logging_mixin.py:190} INFO - [2025-02-06T10:06:06.227+0000] {dag.py:4180} INFO - Setting next_dagrun for example_display_name to None, run_after=None
[2025-02-06T10:06:06.287+0000] {processor.py:208} INFO - Processing /opt/conda/lib/python3.12/site-packages/airflow/example_dags/example_display_name.py took 0.114 seconds
[2025-02-06T10:13:46.117+0000] {processor.py:186} INFO - Started process (PID=2837) to work on /opt/conda/lib/python3.12/site-packages/airflow/example_dags/example_display_name.py
[2025-02-06T10:13:46.118+0000] {processor.py:914} INFO - Processing file /opt/conda/lib/python3.12/site-packages/airflow/example_dags/example_display_name.py for tasks to queue
[2025-02-06T10:13:46.120+0000] {logging_mixin.py:190} INFO - [2025-02-06T10:13:46.119+0000] {dagbag.py:588} INFO - Filling up the DagBag from /opt/conda/lib/python3.12/site-packages/airflow/example_dags/example_display_name.py
[2025-02-06T10:13:46.127+0000] {processor.py:925} INFO - DAG(s) 'example_display_name' retrieved from /opt/conda/lib/python3.12/site-packages/airflow/example_dags/example_display_name.py
[2025-02-06T10:13:46.151+0000] {logging_mixin.py:190} INFO - [2025-02-06T10:13:46.151+0000] {dag.py:3239} INFO - Sync 1 DAGs
[2025-02-06T10:13:46.253+0000] {logging_mixin.py:190} INFO - [2025-02-06T10:13:46.253+0000] {dag.py:4180} INFO - Setting next_dagrun for example_display_name to None, run_after=None
[2025-02-06T10:13:46.312+0000] {processor.py:208} INFO - Processing /opt/conda/lib/python3.12/site-packages/airflow/example_dags/example_display_name.py took 0.201 seconds
[2025-02-06T10:19:37.438+0000] {processor.py:186} INFO - Started process (PID=3443) to work on /opt/conda/lib/python3.12/site-packages/airflow/example_dags/example_display_name.py
[2025-02-06T10:19:37.439+0000] {processor.py:914} INFO - Processing file /opt/conda/lib/python3.12/site-packages/airflow/example_dags/example_display_name.py for tasks to queue
[2025-02-06T10:19:37.440+0000] {logging_mixin.py:190} INFO - [2025-02-06T10:19:37.440+0000] {dagbag.py:588} INFO - Filling up the DagBag from /opt/conda/lib/python3.12/site-packages/airflow/example_dags/example_display_name.py
[2025-02-06T10:19:37.448+0000] {processor.py:925} INFO - DAG(s) 'example_display_name' retrieved from /opt/conda/lib/python3.12/site-packages/airflow/example_dags/example_display_name.py
[2025-02-06T10:19:37.470+0000] {logging_mixin.py:190} INFO - [2025-02-06T10:19:37.470+0000] {dag.py:3239} INFO - Sync 1 DAGs
[2025-02-06T10:19:37.483+0000] {logging_mixin.py:190} INFO - [2025-02-06T10:19:37.482+0000] {dag.py:4180} INFO - Setting next_dagrun for example_display_name to None, run_after=None
[2025-02-06T10:19:37.535+0000] {processor.py:208} INFO - Processing /opt/conda/lib/python3.12/site-packages/airflow/example_dags/example_display_name.py took 0.101 seconds
[2025-02-06T10:24:06.503+0000] {processor.py:186} INFO - Started process (PID=3888) to work on /opt/conda/lib/python3.12/site-packages/airflow/example_dags/example_display_name.py
[2025-02-06T10:24:06.504+0000] {processor.py:914} INFO - Processing file /opt/conda/lib/python3.12/site-packages/airflow/example_dags/example_display_name.py for tasks to queue
[2025-02-06T10:24:06.505+0000] {logging_mixin.py:190} INFO - [2025-02-06T10:24:06.505+0000] {dagbag.py:588} INFO - Filling up the DagBag from /opt/conda/lib/python3.12/site-packages/airflow/example_dags/example_display_name.py
[2025-02-06T10:24:06.511+0000] {processor.py:925} INFO - DAG(s) 'example_display_name' retrieved from /opt/conda/lib/python3.12/site-packages/airflow/example_dags/example_display_name.py
[2025-02-06T10:24:06.534+0000] {logging_mixin.py:190} INFO - [2025-02-06T10:24:06.533+0000] {dag.py:3239} INFO - Sync 1 DAGs
[2025-02-06T10:24:06.547+0000] {logging_mixin.py:190} INFO - [2025-02-06T10:24:06.547+0000] {dag.py:4180} INFO - Setting next_dagrun for example_display_name to None, run_after=None
[2025-02-06T10:24:06.613+0000] {processor.py:208} INFO - Processing /opt/conda/lib/python3.12/site-packages/airflow/example_dags/example_display_name.py took 0.114 seconds
[2025-02-06T10:25:43.734+0000] {processor.py:186} INFO - Started process (PID=4030) to work on /opt/conda/lib/python3.12/site-packages/airflow/example_dags/example_display_name.py
[2025-02-06T10:25:43.735+0000] {processor.py:914} INFO - Processing file /opt/conda/lib/python3.12/site-packages/airflow/example_dags/example_display_name.py for tasks to queue
[2025-02-06T10:25:43.736+0000] {logging_mixin.py:190} INFO - [2025-02-06T10:25:43.736+0000] {dagbag.py:588} INFO - Filling up the DagBag from /opt/conda/lib/python3.12/site-packages/airflow/example_dags/example_display_name.py
[2025-02-06T10:25:43.745+0000] {processor.py:925} INFO - DAG(s) 'example_display_name' retrieved from /opt/conda/lib/python3.12/site-packages/airflow/example_dags/example_display_name.py
[2025-02-06T10:25:43.766+0000] {logging_mixin.py:190} INFO - [2025-02-06T10:25:43.765+0000] {dag.py:3239} INFO - Sync 1 DAGs
[2025-02-06T10:25:43.780+0000] {logging_mixin.py:190} INFO - [2025-02-06T10:25:43.779+0000] {dag.py:4180} INFO - Setting next_dagrun for example_display_name to None, run_after=None
[2025-02-06T10:25:43.833+0000] {processor.py:208} INFO - Processing /opt/conda/lib/python3.12/site-packages/airflow/example_dags/example_display_name.py took 0.103 seconds
[2025-02-06T11:41:52.402+0000] {processor.py:186} INFO - Started process (PID=745) to work on /opt/conda/lib/python3.12/site-packages/airflow/example_dags/example_display_name.py
[2025-02-06T11:41:52.412+0000] {processor.py:914} INFO - Processing file /opt/conda/lib/python3.12/site-packages/airflow/example_dags/example_display_name.py for tasks to queue
[2025-02-06T11:41:52.414+0000] {logging_mixin.py:190} INFO - [2025-02-06T11:41:52.414+0000] {dagbag.py:588} INFO - Filling up the DagBag from /opt/conda/lib/python3.12/site-packages/airflow/example_dags/example_display_name.py
[2025-02-06T11:41:52.420+0000] {processor.py:925} INFO - DAG(s) 'example_display_name' retrieved from /opt/conda/lib/python3.12/site-packages/airflow/example_dags/example_display_name.py
[2025-02-06T11:41:52.442+0000] {logging_mixin.py:190} INFO - [2025-02-06T11:41:52.442+0000] {dag.py:3239} INFO - Sync 1 DAGs
[2025-02-06T11:41:52.455+0000] {logging_mixin.py:190} INFO - [2025-02-06T11:41:52.454+0000] {dag.py:4180} INFO - Setting next_dagrun for example_display_name to None, run_after=None
[2025-02-06T11:41:52.522+0000] {processor.py:208} INFO - Processing /opt/conda/lib/python3.12/site-packages/airflow/example_dags/example_display_name.py took 0.124 seconds
[2025-02-06T11:46:16.553+0000] {processor.py:186} INFO - Started process (PID=1740) to work on /opt/conda/lib/python3.12/site-packages/airflow/example_dags/example_display_name.py
[2025-02-06T11:46:16.556+0000] {processor.py:914} INFO - Processing file /opt/conda/lib/python3.12/site-packages/airflow/example_dags/example_display_name.py for tasks to queue
[2025-02-06T11:46:16.561+0000] {logging_mixin.py:190} INFO - [2025-02-06T11:46:16.559+0000] {dagbag.py:588} INFO - Filling up the DagBag from /opt/conda/lib/python3.12/site-packages/airflow/example_dags/example_display_name.py
[2025-02-06T11:46:16.575+0000] {processor.py:925} INFO - DAG(s) 'example_display_name' retrieved from /opt/conda/lib/python3.12/site-packages/airflow/example_dags/example_display_name.py
[2025-02-06T11:46:16.618+0000] {logging_mixin.py:190} INFO - [2025-02-06T11:46:16.617+0000] {dag.py:3239} INFO - Sync 1 DAGs
[2025-02-06T11:46:16.649+0000] {logging_mixin.py:190} INFO - [2025-02-06T11:46:16.649+0000] {dag.py:4180} INFO - Setting next_dagrun for example_display_name to None, run_after=None
[2025-02-06T11:46:16.881+0000] {processor.py:208} INFO - Processing /opt/conda/lib/python3.12/site-packages/airflow/example_dags/example_display_name.py took 0.337 seconds
[2025-02-06T11:50:12.071+0000] {processor.py:186} INFO - Started process (PID=2653) to work on /opt/conda/lib/python3.12/site-packages/airflow/example_dags/example_display_name.py
[2025-02-06T11:50:12.072+0000] {processor.py:914} INFO - Processing file /opt/conda/lib/python3.12/site-packages/airflow/example_dags/example_display_name.py for tasks to queue
[2025-02-06T11:50:12.074+0000] {logging_mixin.py:190} INFO - [2025-02-06T11:50:12.074+0000] {dagbag.py:588} INFO - Filling up the DagBag from /opt/conda/lib/python3.12/site-packages/airflow/example_dags/example_display_name.py
[2025-02-06T11:50:12.083+0000] {processor.py:925} INFO - DAG(s) 'example_display_name' retrieved from /opt/conda/lib/python3.12/site-packages/airflow/example_dags/example_display_name.py
[2025-02-06T11:50:12.115+0000] {logging_mixin.py:190} INFO - [2025-02-06T11:50:12.115+0000] {dag.py:3239} INFO - Sync 1 DAGs
[2025-02-06T11:50:12.134+0000] {logging_mixin.py:190} INFO - [2025-02-06T11:50:12.133+0000] {dag.py:4180} INFO - Setting next_dagrun for example_display_name to None, run_after=None
[2025-02-06T11:50:12.205+0000] {processor.py:208} INFO - Processing /opt/conda/lib/python3.12/site-packages/airflow/example_dags/example_display_name.py took 0.139 seconds
[2025-02-06T11:53:54.253+0000] {processor.py:186} INFO - Started process (PID=3626) to work on /opt/conda/lib/python3.12/site-packages/airflow/example_dags/example_display_name.py
[2025-02-06T11:53:54.259+0000] {processor.py:914} INFO - Processing file /opt/conda/lib/python3.12/site-packages/airflow/example_dags/example_display_name.py for tasks to queue
[2025-02-06T11:53:54.266+0000] {logging_mixin.py:190} INFO - [2025-02-06T11:53:54.264+0000] {dagbag.py:588} INFO - Filling up the DagBag from /opt/conda/lib/python3.12/site-packages/airflow/example_dags/example_display_name.py
[2025-02-06T11:53:54.306+0000] {processor.py:925} INFO - DAG(s) 'example_display_name' retrieved from /opt/conda/lib/python3.12/site-packages/airflow/example_dags/example_display_name.py
[2025-02-06T11:53:54.374+0000] {logging_mixin.py:190} INFO - [2025-02-06T11:53:54.374+0000] {dag.py:3239} INFO - Sync 1 DAGs
[2025-02-06T11:53:54.407+0000] {logging_mixin.py:190} INFO - [2025-02-06T11:53:54.406+0000] {dag.py:4180} INFO - Setting next_dagrun for example_display_name to None, run_after=None
[2025-02-06T11:53:54.653+0000] {processor.py:208} INFO - Processing /opt/conda/lib/python3.12/site-packages/airflow/example_dags/example_display_name.py took 0.419 seconds
[2025-02-06T12:05:29.899+0000] {processor.py:186} INFO - Started process (PID=763) to work on /opt/conda/lib/python3.12/site-packages/airflow/example_dags/example_display_name.py
[2025-02-06T12:05:29.900+0000] {processor.py:914} INFO - Processing file /opt/conda/lib/python3.12/site-packages/airflow/example_dags/example_display_name.py for tasks to queue
[2025-02-06T12:05:29.903+0000] {logging_mixin.py:190} INFO - [2025-02-06T12:05:29.903+0000] {dagbag.py:588} INFO - Filling up the DagBag from /opt/conda/lib/python3.12/site-packages/airflow/example_dags/example_display_name.py
[2025-02-06T12:05:29.911+0000] {processor.py:925} INFO - DAG(s) 'example_display_name' retrieved from /opt/conda/lib/python3.12/site-packages/airflow/example_dags/example_display_name.py
[2025-02-06T12:05:29.934+0000] {logging_mixin.py:190} INFO - [2025-02-06T12:05:29.934+0000] {dag.py:3239} INFO - Sync 1 DAGs
[2025-02-06T12:05:29.947+0000] {logging_mixin.py:190} INFO - [2025-02-06T12:05:29.947+0000] {dag.py:4180} INFO - Setting next_dagrun for example_display_name to None, run_after=None
[2025-02-06T12:05:29.999+0000] {processor.py:208} INFO - Processing /opt/conda/lib/python3.12/site-packages/airflow/example_dags/example_display_name.py took 0.105 seconds
[2025-02-06T12:08:20.936+0000] {processor.py:186} INFO - Started process (PID=1797) to work on /opt/conda/lib/python3.12/site-packages/airflow/example_dags/example_display_name.py
[2025-02-06T12:08:20.937+0000] {processor.py:914} INFO - Processing file /opt/conda/lib/python3.12/site-packages/airflow/example_dags/example_display_name.py for tasks to queue
[2025-02-06T12:08:20.939+0000] {logging_mixin.py:190} INFO - [2025-02-06T12:08:20.939+0000] {dagbag.py:588} INFO - Filling up the DagBag from /opt/conda/lib/python3.12/site-packages/airflow/example_dags/example_display_name.py
[2025-02-06T12:08:20.946+0000] {processor.py:925} INFO - DAG(s) 'example_display_name' retrieved from /opt/conda/lib/python3.12/site-packages/airflow/example_dags/example_display_name.py
[2025-02-06T12:08:20.972+0000] {logging_mixin.py:190} INFO - [2025-02-06T12:08:20.971+0000] {dag.py:3239} INFO - Sync 1 DAGs
[2025-02-06T12:08:20.984+0000] {logging_mixin.py:190} INFO - [2025-02-06T12:08:20.983+0000] {dag.py:4180} INFO - Setting next_dagrun for example_display_name to None, run_after=None
[2025-02-06T12:08:21.043+0000] {processor.py:208} INFO - Processing /opt/conda/lib/python3.12/site-packages/airflow/example_dags/example_display_name.py took 0.111 seconds
[2025-02-06T12:16:19.806+0000] {processor.py:186} INFO - Started process (PID=173) to work on /opt/conda/lib/python3.12/site-packages/airflow/example_dags/example_display_name.py
[2025-02-06T12:16:19.809+0000] {processor.py:914} INFO - Processing file /opt/conda/lib/python3.12/site-packages/airflow/example_dags/example_display_name.py for tasks to queue
[2025-02-06T12:16:19.812+0000] {logging_mixin.py:190} INFO - [2025-02-06T12:16:19.812+0000] {dagbag.py:588} INFO - Filling up the DagBag from /opt/conda/lib/python3.12/site-packages/airflow/example_dags/example_display_name.py
[2025-02-06T12:16:19.821+0000] {processor.py:925} INFO - DAG(s) 'example_display_name' retrieved from /opt/conda/lib/python3.12/site-packages/airflow/example_dags/example_display_name.py
[2025-02-06T12:16:19.851+0000] {logging_mixin.py:190} INFO - [2025-02-06T12:16:19.850+0000] {dag.py:3239} INFO - Sync 1 DAGs
[2025-02-06T12:16:19.871+0000] {logging_mixin.py:190} INFO - [2025-02-06T12:16:19.871+0000] {dag.py:4180} INFO - Setting next_dagrun for example_display_name to None, run_after=None
[2025-02-06T12:16:19.948+0000] {processor.py:208} INFO - Processing /opt/conda/lib/python3.12/site-packages/airflow/example_dags/example_display_name.py took 0.148 seconds
[2025-02-06T12:17:27.147+0000] {processor.py:186} INFO - Started process (PID=172) to work on /opt/conda/lib/python3.12/site-packages/airflow/example_dags/example_display_name.py
[2025-02-06T12:17:27.148+0000] {processor.py:914} INFO - Processing file /opt/conda/lib/python3.12/site-packages/airflow/example_dags/example_display_name.py for tasks to queue
[2025-02-06T12:17:27.151+0000] {logging_mixin.py:190} INFO - [2025-02-06T12:17:27.150+0000] {dagbag.py:588} INFO - Filling up the DagBag from /opt/conda/lib/python3.12/site-packages/airflow/example_dags/example_display_name.py
[2025-02-06T12:17:27.158+0000] {processor.py:925} INFO - DAG(s) 'example_display_name' retrieved from /opt/conda/lib/python3.12/site-packages/airflow/example_dags/example_display_name.py
[2025-02-06T12:17:27.187+0000] {logging_mixin.py:190} INFO - [2025-02-06T12:17:27.187+0000] {dag.py:3239} INFO - Sync 1 DAGs
[2025-02-06T12:17:27.207+0000] {logging_mixin.py:190} INFO - [2025-02-06T12:17:27.207+0000] {dag.py:4180} INFO - Setting next_dagrun for example_display_name to None, run_after=None
[2025-02-06T12:17:27.335+0000] {processor.py:208} INFO - Processing /opt/conda/lib/python3.12/site-packages/airflow/example_dags/example_display_name.py took 0.193 seconds
[2025-02-06T12:17:57.923+0000] {processor.py:186} INFO - Started process (PID=96) to work on /opt/conda/lib/python3.12/site-packages/airflow/example_dags/example_display_name.py
[2025-02-06T12:17:57.924+0000] {processor.py:914} INFO - Processing file /opt/conda/lib/python3.12/site-packages/airflow/example_dags/example_display_name.py for tasks to queue
[2025-02-06T12:17:57.926+0000] {logging_mixin.py:190} INFO - [2025-02-06T12:17:57.925+0000] {dagbag.py:588} INFO - Filling up the DagBag from /opt/conda/lib/python3.12/site-packages/airflow/example_dags/example_display_name.py
[2025-02-06T12:17:57.933+0000] {processor.py:925} INFO - DAG(s) 'example_display_name' retrieved from /opt/conda/lib/python3.12/site-packages/airflow/example_dags/example_display_name.py
[2025-02-06T12:17:57.954+0000] {logging_mixin.py:190} INFO - [2025-02-06T12:17:57.953+0000] {dag.py:3239} INFO - Sync 1 DAGs
[2025-02-06T12:17:57.971+0000] {logging_mixin.py:190} INFO - [2025-02-06T12:17:57.971+0000] {dag.py:4180} INFO - Setting next_dagrun for example_display_name to None, run_after=None
[2025-02-06T12:17:58.025+0000] {processor.py:208} INFO - Processing /opt/conda/lib/python3.12/site-packages/airflow/example_dags/example_display_name.py took 0.106 seconds
[2025-02-06T12:21:40.382+0000] {processor.py:186} INFO - Started process (PID=188) to work on /opt/conda/lib/python3.12/site-packages/airflow/example_dags/example_display_name.py
[2025-02-06T12:21:40.384+0000] {processor.py:914} INFO - Processing file /opt/conda/lib/python3.12/site-packages/airflow/example_dags/example_display_name.py for tasks to queue
[2025-02-06T12:21:40.385+0000] {logging_mixin.py:190} INFO - [2025-02-06T12:21:40.385+0000] {dagbag.py:588} INFO - Filling up the DagBag from /opt/conda/lib/python3.12/site-packages/airflow/example_dags/example_display_name.py
[2025-02-06T12:21:40.391+0000] {processor.py:925} INFO - DAG(s) 'example_display_name' retrieved from /opt/conda/lib/python3.12/site-packages/airflow/example_dags/example_display_name.py
[2025-02-06T12:21:40.411+0000] {logging_mixin.py:190} INFO - [2025-02-06T12:21:40.411+0000] {dag.py:3239} INFO - Sync 1 DAGs
[2025-02-06T12:21:40.424+0000] {logging_mixin.py:190} INFO - [2025-02-06T12:21:40.424+0000] {dag.py:4180} INFO - Setting next_dagrun for example_display_name to None, run_after=None
[2025-02-06T12:21:40.479+0000] {processor.py:208} INFO - Processing /opt/conda/lib/python3.12/site-packages/airflow/example_dags/example_display_name.py took 0.100 seconds
[2025-02-06T12:23:21.361+0000] {processor.py:186} INFO - Started process (PID=799) to work on /opt/conda/lib/python3.12/site-packages/airflow/example_dags/example_display_name.py
[2025-02-06T12:23:21.363+0000] {processor.py:914} INFO - Processing file /opt/conda/lib/python3.12/site-packages/airflow/example_dags/example_display_name.py for tasks to queue
[2025-02-06T12:23:21.364+0000] {logging_mixin.py:190} INFO - [2025-02-06T12:23:21.364+0000] {dagbag.py:588} INFO - Filling up the DagBag from /opt/conda/lib/python3.12/site-packages/airflow/example_dags/example_display_name.py
[2025-02-06T12:23:21.370+0000] {processor.py:925} INFO - DAG(s) 'example_display_name' retrieved from /opt/conda/lib/python3.12/site-packages/airflow/example_dags/example_display_name.py
[2025-02-06T12:23:21.390+0000] {logging_mixin.py:190} INFO - [2025-02-06T12:23:21.390+0000] {dag.py:3239} INFO - Sync 1 DAGs
[2025-02-06T12:23:21.405+0000] {logging_mixin.py:190} INFO - [2025-02-06T12:23:21.405+0000] {dag.py:4180} INFO - Setting next_dagrun for example_display_name to None, run_after=None
[2025-02-06T12:23:21.469+0000] {processor.py:208} INFO - Processing /opt/conda/lib/python3.12/site-packages/airflow/example_dags/example_display_name.py took 0.112 seconds
[2025-02-06T12:23:52.950+0000] {processor.py:186} INFO - Started process (PID=994) to work on /opt/conda/lib/python3.12/site-packages/airflow/example_dags/example_display_name.py
[2025-02-06T12:23:52.951+0000] {processor.py:914} INFO - Processing file /opt/conda/lib/python3.12/site-packages/airflow/example_dags/example_display_name.py for tasks to queue
[2025-02-06T12:23:52.953+0000] {logging_mixin.py:190} INFO - [2025-02-06T12:23:52.953+0000] {dagbag.py:588} INFO - Filling up the DagBag from /opt/conda/lib/python3.12/site-packages/airflow/example_dags/example_display_name.py
[2025-02-06T12:23:52.959+0000] {processor.py:925} INFO - DAG(s) 'example_display_name' retrieved from /opt/conda/lib/python3.12/site-packages/airflow/example_dags/example_display_name.py
[2025-02-06T12:23:52.981+0000] {logging_mixin.py:190} INFO - [2025-02-06T12:23:52.981+0000] {dag.py:3239} INFO - Sync 1 DAGs
[2025-02-06T12:23:52.993+0000] {logging_mixin.py:190} INFO - [2025-02-06T12:23:52.993+0000] {dag.py:4180} INFO - Setting next_dagrun for example_display_name to None, run_after=None
[2025-02-06T12:23:53.052+0000] {processor.py:208} INFO - Processing /opt/conda/lib/python3.12/site-packages/airflow/example_dags/example_display_name.py took 0.106 seconds
[2025-02-06T12:26:42.548+0000] {processor.py:186} INFO - Started process (PID=2158) to work on /opt/conda/lib/python3.12/site-packages/airflow/example_dags/example_display_name.py
[2025-02-06T12:26:42.550+0000] {processor.py:914} INFO - Processing file /opt/conda/lib/python3.12/site-packages/airflow/example_dags/example_display_name.py for tasks to queue
[2025-02-06T12:26:42.552+0000] {logging_mixin.py:190} INFO - [2025-02-06T12:26:42.552+0000] {dagbag.py:588} INFO - Filling up the DagBag from /opt/conda/lib/python3.12/site-packages/airflow/example_dags/example_display_name.py
[2025-02-06T12:26:42.558+0000] {processor.py:925} INFO - DAG(s) 'example_display_name' retrieved from /opt/conda/lib/python3.12/site-packages/airflow/example_dags/example_display_name.py
[2025-02-06T12:26:42.587+0000] {logging_mixin.py:190} INFO - [2025-02-06T12:26:42.587+0000] {dag.py:3239} INFO - Sync 1 DAGs
[2025-02-06T12:26:42.602+0000] {logging_mixin.py:190} INFO - [2025-02-06T12:26:42.602+0000] {dag.py:4180} INFO - Setting next_dagrun for example_display_name to None, run_after=None
[2025-02-06T12:26:42.655+0000] {processor.py:208} INFO - Processing /opt/conda/lib/python3.12/site-packages/airflow/example_dags/example_display_name.py took 0.113 seconds
[2025-02-06T12:30:32.970+0000] {processor.py:186} INFO - Started process (PID=4171) to work on /opt/conda/lib/python3.12/site-packages/airflow/example_dags/example_display_name.py
[2025-02-06T12:30:32.971+0000] {processor.py:914} INFO - Processing file /opt/conda/lib/python3.12/site-packages/airflow/example_dags/example_display_name.py for tasks to queue
[2025-02-06T12:30:32.973+0000] {logging_mixin.py:190} INFO - [2025-02-06T12:30:32.973+0000] {dagbag.py:588} INFO - Filling up the DagBag from /opt/conda/lib/python3.12/site-packages/airflow/example_dags/example_display_name.py
[2025-02-06T12:30:32.979+0000] {processor.py:925} INFO - DAG(s) 'example_display_name' retrieved from /opt/conda/lib/python3.12/site-packages/airflow/example_dags/example_display_name.py
[2025-02-06T12:30:33.001+0000] {logging_mixin.py:190} INFO - [2025-02-06T12:30:33.001+0000] {dag.py:3239} INFO - Sync 1 DAGs
[2025-02-06T12:30:33.012+0000] {logging_mixin.py:190} INFO - [2025-02-06T12:30:33.012+0000] {dag.py:4180} INFO - Setting next_dagrun for example_display_name to None, run_after=None
[2025-02-06T12:30:33.070+0000] {processor.py:208} INFO - Processing /opt/conda/lib/python3.12/site-packages/airflow/example_dags/example_display_name.py took 0.104 seconds
[2025-02-06T12:34:40.194+0000] {processor.py:186} INFO - Started process (PID=6327) to work on /opt/conda/lib/python3.12/site-packages/airflow/example_dags/example_display_name.py
[2025-02-06T12:34:40.195+0000] {processor.py:914} INFO - Processing file /opt/conda/lib/python3.12/site-packages/airflow/example_dags/example_display_name.py for tasks to queue
[2025-02-06T12:34:40.197+0000] {logging_mixin.py:190} INFO - [2025-02-06T12:34:40.197+0000] {dagbag.py:588} INFO - Filling up the DagBag from /opt/conda/lib/python3.12/site-packages/airflow/example_dags/example_display_name.py
[2025-02-06T12:34:40.203+0000] {processor.py:925} INFO - DAG(s) 'example_display_name' retrieved from /opt/conda/lib/python3.12/site-packages/airflow/example_dags/example_display_name.py
[2025-02-06T12:34:40.223+0000] {logging_mixin.py:190} INFO - [2025-02-06T12:34:40.223+0000] {dag.py:3239} INFO - Sync 1 DAGs
[2025-02-06T12:34:40.235+0000] {logging_mixin.py:190} INFO - [2025-02-06T12:34:40.235+0000] {dag.py:4180} INFO - Setting next_dagrun for example_display_name to None, run_after=None
[2025-02-06T12:34:40.280+0000] {processor.py:208} INFO - Processing /opt/conda/lib/python3.12/site-packages/airflow/example_dags/example_display_name.py took 0.091 seconds
[2025-02-06T12:38:49.983+0000] {processor.py:186} INFO - Started process (PID=8415) to work on /opt/conda/lib/python3.12/site-packages/airflow/example_dags/example_display_name.py
[2025-02-06T12:38:49.984+0000] {processor.py:914} INFO - Processing file /opt/conda/lib/python3.12/site-packages/airflow/example_dags/example_display_name.py for tasks to queue
[2025-02-06T12:38:49.986+0000] {logging_mixin.py:190} INFO - [2025-02-06T12:38:49.986+0000] {dagbag.py:588} INFO - Filling up the DagBag from /opt/conda/lib/python3.12/site-packages/airflow/example_dags/example_display_name.py
[2025-02-06T12:38:49.994+0000] {processor.py:925} INFO - DAG(s) 'example_display_name' retrieved from /opt/conda/lib/python3.12/site-packages/airflow/example_dags/example_display_name.py
[2025-02-06T12:38:50.018+0000] {logging_mixin.py:190} INFO - [2025-02-06T12:38:50.018+0000] {dag.py:3239} INFO - Sync 1 DAGs
[2025-02-06T12:38:50.031+0000] {logging_mixin.py:190} INFO - [2025-02-06T12:38:50.031+0000] {dag.py:4180} INFO - Setting next_dagrun for example_display_name to None, run_after=None
[2025-02-06T12:38:50.081+0000] {processor.py:208} INFO - Processing /opt/conda/lib/python3.12/site-packages/airflow/example_dags/example_display_name.py took 0.103 seconds
[2025-02-06T12:42:56.271+0000] {processor.py:186} INFO - Started process (PID=10550) to work on /opt/conda/lib/python3.12/site-packages/airflow/example_dags/example_display_name.py
[2025-02-06T12:42:56.272+0000] {processor.py:914} INFO - Processing file /opt/conda/lib/python3.12/site-packages/airflow/example_dags/example_display_name.py for tasks to queue
[2025-02-06T12:42:56.274+0000] {logging_mixin.py:190} INFO - [2025-02-06T12:42:56.274+0000] {dagbag.py:588} INFO - Filling up the DagBag from /opt/conda/lib/python3.12/site-packages/airflow/example_dags/example_display_name.py
[2025-02-06T12:42:56.280+0000] {processor.py:925} INFO - DAG(s) 'example_display_name' retrieved from /opt/conda/lib/python3.12/site-packages/airflow/example_dags/example_display_name.py
[2025-02-06T12:42:56.303+0000] {logging_mixin.py:190} INFO - [2025-02-06T12:42:56.303+0000] {dag.py:3239} INFO - Sync 1 DAGs
[2025-02-06T12:42:56.315+0000] {logging_mixin.py:190} INFO - [2025-02-06T12:42:56.315+0000] {dag.py:4180} INFO - Setting next_dagrun for example_display_name to None, run_after=None
[2025-02-06T12:42:56.368+0000] {processor.py:208} INFO - Processing /opt/conda/lib/python3.12/site-packages/airflow/example_dags/example_display_name.py took 0.100 seconds
[2025-02-06T12:47:05.934+0000] {processor.py:186} INFO - Started process (PID=12617) to work on /opt/conda/lib/python3.12/site-packages/airflow/example_dags/example_display_name.py
[2025-02-06T12:47:05.936+0000] {processor.py:914} INFO - Processing file /opt/conda/lib/python3.12/site-packages/airflow/example_dags/example_display_name.py for tasks to queue
[2025-02-06T12:47:05.938+0000] {logging_mixin.py:190} INFO - [2025-02-06T12:47:05.937+0000] {dagbag.py:588} INFO - Filling up the DagBag from /opt/conda/lib/python3.12/site-packages/airflow/example_dags/example_display_name.py
[2025-02-06T12:47:05.945+0000] {processor.py:925} INFO - DAG(s) 'example_display_name' retrieved from /opt/conda/lib/python3.12/site-packages/airflow/example_dags/example_display_name.py
[2025-02-06T12:47:05.970+0000] {logging_mixin.py:190} INFO - [2025-02-06T12:47:05.970+0000] {dag.py:3239} INFO - Sync 1 DAGs
[2025-02-06T12:47:05.983+0000] {logging_mixin.py:190} INFO - [2025-02-06T12:47:05.983+0000] {dag.py:4180} INFO - Setting next_dagrun for example_display_name to None, run_after=None
[2025-02-06T12:47:06.042+0000] {processor.py:208} INFO - Processing /opt/conda/lib/python3.12/site-packages/airflow/example_dags/example_display_name.py took 0.113 seconds
[2025-02-06T12:53:08.246+0000] {processor.py:186} INFO - Started process (PID=15293) to work on /opt/conda/lib/python3.12/site-packages/airflow/example_dags/example_display_name.py
[2025-02-06T12:53:08.247+0000] {processor.py:914} INFO - Processing file /opt/conda/lib/python3.12/site-packages/airflow/example_dags/example_display_name.py for tasks to queue
[2025-02-06T12:53:08.249+0000] {logging_mixin.py:190} INFO - [2025-02-06T12:53:08.249+0000] {dagbag.py:588} INFO - Filling up the DagBag from /opt/conda/lib/python3.12/site-packages/airflow/example_dags/example_display_name.py
[2025-02-06T12:53:08.258+0000] {processor.py:925} INFO - DAG(s) 'example_display_name' retrieved from /opt/conda/lib/python3.12/site-packages/airflow/example_dags/example_display_name.py
[2025-02-06T12:53:08.285+0000] {logging_mixin.py:190} INFO - [2025-02-06T12:53:08.284+0000] {dag.py:3239} INFO - Sync 1 DAGs
[2025-02-06T12:53:08.301+0000] {logging_mixin.py:190} INFO - [2025-02-06T12:53:08.301+0000] {dag.py:4180} INFO - Setting next_dagrun for example_display_name to None, run_after=None
[2025-02-06T12:53:08.446+0000] {processor.py:208} INFO - Processing /opt/conda/lib/python3.12/site-packages/airflow/example_dags/example_display_name.py took 0.206 seconds
[2025-02-06T12:57:55.159+0000] {processor.py:186} INFO - Started process (PID=212) to work on /opt/conda/lib/python3.12/site-packages/airflow/example_dags/example_display_name.py
[2025-02-06T12:57:55.160+0000] {processor.py:914} INFO - Processing file /opt/conda/lib/python3.12/site-packages/airflow/example_dags/example_display_name.py for tasks to queue
[2025-02-06T12:57:55.162+0000] {logging_mixin.py:190} INFO - [2025-02-06T12:57:55.162+0000] {dagbag.py:588} INFO - Filling up the DagBag from /opt/conda/lib/python3.12/site-packages/airflow/example_dags/example_display_name.py
[2025-02-06T12:57:55.168+0000] {processor.py:925} INFO - DAG(s) 'example_display_name' retrieved from /opt/conda/lib/python3.12/site-packages/airflow/example_dags/example_display_name.py
[2025-02-06T12:57:55.189+0000] {logging_mixin.py:190} INFO - [2025-02-06T12:57:55.189+0000] {dag.py:3239} INFO - Sync 1 DAGs
[2025-02-06T12:57:55.202+0000] {logging_mixin.py:190} INFO - [2025-02-06T12:57:55.202+0000] {dag.py:4180} INFO - Setting next_dagrun for example_display_name to None, run_after=None
[2025-02-06T12:57:55.254+0000] {processor.py:208} INFO - Processing /opt/conda/lib/python3.12/site-packages/airflow/example_dags/example_display_name.py took 0.102 seconds
[2025-02-06T13:01:38.506+0000] {processor.py:186} INFO - Started process (PID=1188) to work on /opt/conda/lib/python3.12/site-packages/airflow/example_dags/example_display_name.py
[2025-02-06T13:01:38.507+0000] {processor.py:914} INFO - Processing file /opt/conda/lib/python3.12/site-packages/airflow/example_dags/example_display_name.py for tasks to queue
[2025-02-06T13:01:38.510+0000] {logging_mixin.py:190} INFO - [2025-02-06T13:01:38.510+0000] {dagbag.py:588} INFO - Filling up the DagBag from /opt/conda/lib/python3.12/site-packages/airflow/example_dags/example_display_name.py
[2025-02-06T13:01:38.522+0000] {processor.py:925} INFO - DAG(s) 'example_display_name' retrieved from /opt/conda/lib/python3.12/site-packages/airflow/example_dags/example_display_name.py
[2025-02-06T13:01:38.558+0000] {logging_mixin.py:190} INFO - [2025-02-06T13:01:38.558+0000] {dag.py:3239} INFO - Sync 1 DAGs
[2025-02-06T13:01:38.578+0000] {logging_mixin.py:190} INFO - [2025-02-06T13:01:38.578+0000] {dag.py:4180} INFO - Setting next_dagrun for example_display_name to None, run_after=None
[2025-02-06T13:01:38.662+0000] {processor.py:208} INFO - Processing /opt/conda/lib/python3.12/site-packages/airflow/example_dags/example_display_name.py took 0.165 seconds
[2025-02-06T13:04:14.020+0000] {processor.py:186} INFO - Started process (PID=2019) to work on /opt/conda/lib/python3.12/site-packages/airflow/example_dags/example_display_name.py
[2025-02-06T13:04:14.021+0000] {processor.py:914} INFO - Processing file /opt/conda/lib/python3.12/site-packages/airflow/example_dags/example_display_name.py for tasks to queue
[2025-02-06T13:04:14.023+0000] {logging_mixin.py:190} INFO - [2025-02-06T13:04:14.023+0000] {dagbag.py:588} INFO - Filling up the DagBag from /opt/conda/lib/python3.12/site-packages/airflow/example_dags/example_display_name.py
[2025-02-06T13:04:14.030+0000] {processor.py:925} INFO - DAG(s) 'example_display_name' retrieved from /opt/conda/lib/python3.12/site-packages/airflow/example_dags/example_display_name.py
[2025-02-06T13:04:14.050+0000] {logging_mixin.py:190} INFO - [2025-02-06T13:04:14.050+0000] {dag.py:3239} INFO - Sync 1 DAGs
[2025-02-06T13:04:14.064+0000] {logging_mixin.py:190} INFO - [2025-02-06T13:04:14.063+0000] {dag.py:4180} INFO - Setting next_dagrun for example_display_name to None, run_after=None
[2025-02-06T13:04:14.132+0000] {processor.py:208} INFO - Processing /opt/conda/lib/python3.12/site-packages/airflow/example_dags/example_display_name.py took 0.117 seconds
[2025-02-06T13:06:32.369+0000] {processor.py:186} INFO - Started process (PID=2758) to work on /opt/conda/lib/python3.12/site-packages/airflow/example_dags/example_display_name.py
[2025-02-06T13:06:32.371+0000] {processor.py:914} INFO - Processing file /opt/conda/lib/python3.12/site-packages/airflow/example_dags/example_display_name.py for tasks to queue
[2025-02-06T13:06:32.373+0000] {logging_mixin.py:190} INFO - [2025-02-06T13:06:32.373+0000] {dagbag.py:588} INFO - Filling up the DagBag from /opt/conda/lib/python3.12/site-packages/airflow/example_dags/example_display_name.py
[2025-02-06T13:06:32.379+0000] {processor.py:925} INFO - DAG(s) 'example_display_name' retrieved from /opt/conda/lib/python3.12/site-packages/airflow/example_dags/example_display_name.py
[2025-02-06T13:06:32.402+0000] {logging_mixin.py:190} INFO - [2025-02-06T13:06:32.402+0000] {dag.py:3239} INFO - Sync 1 DAGs
[2025-02-06T13:06:32.415+0000] {logging_mixin.py:190} INFO - [2025-02-06T13:06:32.415+0000] {dag.py:4180} INFO - Setting next_dagrun for example_display_name to None, run_after=None
[2025-02-06T13:06:32.468+0000] {processor.py:208} INFO - Processing /opt/conda/lib/python3.12/site-packages/airflow/example_dags/example_display_name.py took 0.103 seconds
[2025-02-06T13:18:43.612+0000] {processor.py:186} INFO - Started process (PID=246) to work on /opt/conda/lib/python3.12/site-packages/airflow/example_dags/example_display_name.py
[2025-02-06T13:18:43.613+0000] {processor.py:914} INFO - Processing file /opt/conda/lib/python3.12/site-packages/airflow/example_dags/example_display_name.py for tasks to queue
[2025-02-06T13:18:43.616+0000] {logging_mixin.py:190} INFO - [2025-02-06T13:18:43.616+0000] {dagbag.py:588} INFO - Filling up the DagBag from /opt/conda/lib/python3.12/site-packages/airflow/example_dags/example_display_name.py
[2025-02-06T13:18:43.623+0000] {processor.py:925} INFO - DAG(s) 'example_display_name' retrieved from /opt/conda/lib/python3.12/site-packages/airflow/example_dags/example_display_name.py
[2025-02-06T13:18:43.644+0000] {logging_mixin.py:190} INFO - [2025-02-06T13:18:43.644+0000] {dag.py:3239} INFO - Sync 1 DAGs
[2025-02-06T13:18:43.660+0000] {logging_mixin.py:190} INFO - [2025-02-06T13:18:43.660+0000] {dag.py:4180} INFO - Setting next_dagrun for example_display_name to None, run_after=None
[2025-02-06T13:18:43.747+0000] {processor.py:208} INFO - Processing /opt/conda/lib/python3.12/site-packages/airflow/example_dags/example_display_name.py took 0.139 seconds
[2025-02-06T13:22:29.011+0000] {processor.py:186} INFO - Started process (PID=1484) to work on /opt/conda/lib/python3.12/site-packages/airflow/example_dags/example_display_name.py
[2025-02-06T13:22:29.012+0000] {processor.py:914} INFO - Processing file /opt/conda/lib/python3.12/site-packages/airflow/example_dags/example_display_name.py for tasks to queue
[2025-02-06T13:22:29.013+0000] {logging_mixin.py:190} INFO - [2025-02-06T13:22:29.013+0000] {dagbag.py:588} INFO - Filling up the DagBag from /opt/conda/lib/python3.12/site-packages/airflow/example_dags/example_display_name.py
[2025-02-06T13:22:29.019+0000] {processor.py:925} INFO - DAG(s) 'example_display_name' retrieved from /opt/conda/lib/python3.12/site-packages/airflow/example_dags/example_display_name.py
[2025-02-06T13:22:29.039+0000] {logging_mixin.py:190} INFO - [2025-02-06T13:22:29.039+0000] {dag.py:3239} INFO - Sync 1 DAGs
[2025-02-06T13:22:29.052+0000] {logging_mixin.py:190} INFO - [2025-02-06T13:22:29.052+0000] {dag.py:4180} INFO - Setting next_dagrun for example_display_name to None, run_after=None
[2025-02-06T13:22:29.170+0000] {processor.py:208} INFO - Processing /opt/conda/lib/python3.12/site-packages/airflow/example_dags/example_display_name.py took 0.165 seconds
[2025-02-06T13:26:55.938+0000] {processor.py:186} INFO - Started process (PID=3453) to work on /opt/conda/lib/python3.12/site-packages/airflow/example_dags/example_display_name.py
[2025-02-06T13:26:55.939+0000] {processor.py:914} INFO - Processing file /opt/conda/lib/python3.12/site-packages/airflow/example_dags/example_display_name.py for tasks to queue
[2025-02-06T13:26:55.941+0000] {logging_mixin.py:190} INFO - [2025-02-06T13:26:55.940+0000] {dagbag.py:588} INFO - Filling up the DagBag from /opt/conda/lib/python3.12/site-packages/airflow/example_dags/example_display_name.py
[2025-02-06T13:26:55.948+0000] {processor.py:925} INFO - DAG(s) 'example_display_name' retrieved from /opt/conda/lib/python3.12/site-packages/airflow/example_dags/example_display_name.py
[2025-02-06T13:26:55.969+0000] {logging_mixin.py:190} INFO - [2025-02-06T13:26:55.968+0000] {dag.py:3239} INFO - Sync 1 DAGs
[2025-02-06T13:26:55.982+0000] {logging_mixin.py:190} INFO - [2025-02-06T13:26:55.982+0000] {dag.py:4180} INFO - Setting next_dagrun for example_display_name to None, run_after=None
[2025-02-06T13:26:56.029+0000] {processor.py:208} INFO - Processing /opt/conda/lib/python3.12/site-packages/airflow/example_dags/example_display_name.py took 0.096 seconds
[2025-02-06T13:31:31.232+0000] {processor.py:186} INFO - Started process (PID=5347) to work on /opt/conda/lib/python3.12/site-packages/airflow/example_dags/example_display_name.py
[2025-02-06T13:31:31.233+0000] {processor.py:914} INFO - Processing file /opt/conda/lib/python3.12/site-packages/airflow/example_dags/example_display_name.py for tasks to queue
[2025-02-06T13:31:31.235+0000] {logging_mixin.py:190} INFO - [2025-02-06T13:31:31.235+0000] {dagbag.py:588} INFO - Filling up the DagBag from /opt/conda/lib/python3.12/site-packages/airflow/example_dags/example_display_name.py
[2025-02-06T13:31:31.242+0000] {processor.py:925} INFO - DAG(s) 'example_display_name' retrieved from /opt/conda/lib/python3.12/site-packages/airflow/example_dags/example_display_name.py
[2025-02-06T13:31:31.262+0000] {logging_mixin.py:190} INFO - [2025-02-06T13:31:31.262+0000] {dag.py:3239} INFO - Sync 1 DAGs
[2025-02-06T13:31:31.277+0000] {logging_mixin.py:190} INFO - [2025-02-06T13:31:31.276+0000] {dag.py:4180} INFO - Setting next_dagrun for example_display_name to None, run_after=None
[2025-02-06T13:31:31.482+0000] {processor.py:208} INFO - Processing /opt/conda/lib/python3.12/site-packages/airflow/example_dags/example_display_name.py took 0.253 seconds
[2025-02-06T13:34:58.263+0000] {processor.py:186} INFO - Started process (PID=422) to work on /opt/conda/lib/python3.12/site-packages/airflow/example_dags/example_display_name.py
[2025-02-06T13:34:58.264+0000] {processor.py:914} INFO - Processing file /opt/conda/lib/python3.12/site-packages/airflow/example_dags/example_display_name.py for tasks to queue
[2025-02-06T13:34:58.268+0000] {logging_mixin.py:190} INFO - [2025-02-06T13:34:58.267+0000] {dagbag.py:588} INFO - Filling up the DagBag from /opt/conda/lib/python3.12/site-packages/airflow/example_dags/example_display_name.py
[2025-02-06T13:34:58.285+0000] {processor.py:925} INFO - DAG(s) 'example_display_name' retrieved from /opt/conda/lib/python3.12/site-packages/airflow/example_dags/example_display_name.py
[2025-02-06T13:34:58.325+0000] {logging_mixin.py:190} INFO - [2025-02-06T13:34:58.325+0000] {dag.py:3239} INFO - Sync 1 DAGs
[2025-02-06T13:34:58.356+0000] {logging_mixin.py:190} INFO - [2025-02-06T13:34:58.355+0000] {dag.py:4180} INFO - Setting next_dagrun for example_display_name to None, run_after=None
[2025-02-06T13:34:58.574+0000] {processor.py:208} INFO - Processing /opt/conda/lib/python3.12/site-packages/airflow/example_dags/example_display_name.py took 0.324 seconds
