[2025-02-06T08:27:13.077+0000] {processor.py:186} INFO - Started process (PID=67) to work on /opt/conda/lib/python3.12/site-packages/airflow/example_dags/example_kubernetes_executor.py
[2025-02-06T08:27:13.078+0000] {processor.py:914} INFO - Processing file /opt/conda/lib/python3.12/site-packages/airflow/example_dags/example_kubernetes_executor.py for tasks to queue
[2025-02-06T08:27:13.081+0000] {logging_mixin.py:190} INFO - [2025-02-06T08:27:13.080+0000] {dagbag.py:588} INFO - Filling up the DagBag from /opt/conda/lib/python3.12/site-packages/airflow/example_dags/example_kubernetes_executor.py
[2025-02-06T08:27:13.085+0000] {logging_mixin.py:190} INFO - [2025-02-06T08:27:13.085+0000] {example_kubernetes_executor.py:39} WARNING - The example_kubernetes_executor example DAG requires the kubernetes provider. Please install it with: pip install apache-airflow[cncf.kubernetes]
[2025-02-06T08:27:13.085+0000] {processor.py:927} WARNING - No viable dags retrieved from /opt/conda/lib/python3.12/site-packages/airflow/example_dags/example_kubernetes_executor.py
[2025-02-06T08:27:13.106+0000] {processor.py:208} INFO - Processing /opt/conda/lib/python3.12/site-packages/airflow/example_dags/example_kubernetes_executor.py took 0.035 seconds
[2025-02-06T08:30:51.982+0000] {processor.py:186} INFO - Started process (PID=67) to work on /opt/conda/lib/python3.12/site-packages/airflow/example_dags/example_kubernetes_executor.py
[2025-02-06T08:30:51.984+0000] {processor.py:914} INFO - Processing file /opt/conda/lib/python3.12/site-packages/airflow/example_dags/example_kubernetes_executor.py for tasks to queue
[2025-02-06T08:30:51.988+0000] {logging_mixin.py:190} INFO - [2025-02-06T08:30:51.987+0000] {dagbag.py:588} INFO - Filling up the DagBag from /opt/conda/lib/python3.12/site-packages/airflow/example_dags/example_kubernetes_executor.py
[2025-02-06T08:30:51.998+0000] {logging_mixin.py:190} INFO - [2025-02-06T08:30:51.998+0000] {example_kubernetes_executor.py:39} WARNING - The example_kubernetes_executor example DAG requires the kubernetes provider. Please install it with: pip install apache-airflow[cncf.kubernetes]
[2025-02-06T08:30:51.999+0000] {processor.py:927} WARNING - No viable dags retrieved from /opt/conda/lib/python3.12/site-packages/airflow/example_dags/example_kubernetes_executor.py
[2025-02-06T08:30:52.034+0000] {processor.py:208} INFO - Processing /opt/conda/lib/python3.12/site-packages/airflow/example_dags/example_kubernetes_executor.py took 0.059 seconds
[2025-02-06T08:32:05.735+0000] {processor.py:186} INFO - Started process (PID=131) to work on /opt/conda/lib/python3.12/site-packages/airflow/example_dags/example_kubernetes_executor.py
[2025-02-06T08:32:05.736+0000] {processor.py:914} INFO - Processing file /opt/conda/lib/python3.12/site-packages/airflow/example_dags/example_kubernetes_executor.py for tasks to queue
[2025-02-06T08:32:05.737+0000] {logging_mixin.py:190} INFO - [2025-02-06T08:32:05.737+0000] {dagbag.py:588} INFO - Filling up the DagBag from /opt/conda/lib/python3.12/site-packages/airflow/example_dags/example_kubernetes_executor.py
[2025-02-06T08:32:05.740+0000] {logging_mixin.py:190} INFO - [2025-02-06T08:32:05.740+0000] {example_kubernetes_executor.py:39} WARNING - The example_kubernetes_executor example DAG requires the kubernetes provider. Please install it with: pip install apache-airflow[cncf.kubernetes]
[2025-02-06T08:32:05.741+0000] {processor.py:927} WARNING - No viable dags retrieved from /opt/conda/lib/python3.12/site-packages/airflow/example_dags/example_kubernetes_executor.py
[2025-02-06T08:32:05.757+0000] {processor.py:208} INFO - Processing /opt/conda/lib/python3.12/site-packages/airflow/example_dags/example_kubernetes_executor.py took 0.026 seconds
[2025-02-06T08:33:14.023+0000] {processor.py:186} INFO - Started process (PID=192) to work on /opt/conda/lib/python3.12/site-packages/airflow/example_dags/example_kubernetes_executor.py
[2025-02-06T08:33:14.024+0000] {processor.py:914} INFO - Processing file /opt/conda/lib/python3.12/site-packages/airflow/example_dags/example_kubernetes_executor.py for tasks to queue
[2025-02-06T08:33:14.025+0000] {logging_mixin.py:190} INFO - [2025-02-06T08:33:14.025+0000] {dagbag.py:588} INFO - Filling up the DagBag from /opt/conda/lib/python3.12/site-packages/airflow/example_dags/example_kubernetes_executor.py
[2025-02-06T08:33:14.028+0000] {logging_mixin.py:190} INFO - [2025-02-06T08:33:14.028+0000] {example_kubernetes_executor.py:39} WARNING - The example_kubernetes_executor example DAG requires the kubernetes provider. Please install it with: pip install apache-airflow[cncf.kubernetes]
[2025-02-06T08:33:14.029+0000] {processor.py:927} WARNING - No viable dags retrieved from /opt/conda/lib/python3.12/site-packages/airflow/example_dags/example_kubernetes_executor.py
[2025-02-06T08:33:14.046+0000] {processor.py:208} INFO - Processing /opt/conda/lib/python3.12/site-packages/airflow/example_dags/example_kubernetes_executor.py took 0.027 seconds
[2025-02-06T08:34:28.472+0000] {processor.py:186} INFO - Started process (PID=255) to work on /opt/conda/lib/python3.12/site-packages/airflow/example_dags/example_kubernetes_executor.py
[2025-02-06T08:34:28.473+0000] {processor.py:914} INFO - Processing file /opt/conda/lib/python3.12/site-packages/airflow/example_dags/example_kubernetes_executor.py for tasks to queue
[2025-02-06T08:34:28.475+0000] {logging_mixin.py:190} INFO - [2025-02-06T08:34:28.474+0000] {dagbag.py:588} INFO - Filling up the DagBag from /opt/conda/lib/python3.12/site-packages/airflow/example_dags/example_kubernetes_executor.py
[2025-02-06T08:34:28.482+0000] {logging_mixin.py:190} INFO - [2025-02-06T08:34:28.482+0000] {example_kubernetes_executor.py:39} WARNING - The example_kubernetes_executor example DAG requires the kubernetes provider. Please install it with: pip install apache-airflow[cncf.kubernetes]
[2025-02-06T08:34:28.482+0000] {processor.py:927} WARNING - No viable dags retrieved from /opt/conda/lib/python3.12/site-packages/airflow/example_dags/example_kubernetes_executor.py
[2025-02-06T08:34:28.506+0000] {processor.py:208} INFO - Processing /opt/conda/lib/python3.12/site-packages/airflow/example_dags/example_kubernetes_executor.py took 0.039 seconds
[2025-02-06T08:35:36.176+0000] {processor.py:186} INFO - Started process (PID=313) to work on /opt/conda/lib/python3.12/site-packages/airflow/example_dags/example_kubernetes_executor.py
[2025-02-06T08:35:36.180+0000] {processor.py:914} INFO - Processing file /opt/conda/lib/python3.12/site-packages/airflow/example_dags/example_kubernetes_executor.py for tasks to queue
[2025-02-06T08:35:36.181+0000] {logging_mixin.py:190} INFO - [2025-02-06T08:35:36.181+0000] {dagbag.py:588} INFO - Filling up the DagBag from /opt/conda/lib/python3.12/site-packages/airflow/example_dags/example_kubernetes_executor.py
[2025-02-06T08:35:36.186+0000] {logging_mixin.py:190} INFO - [2025-02-06T08:35:36.186+0000] {example_kubernetes_executor.py:39} WARNING - The example_kubernetes_executor example DAG requires the kubernetes provider. Please install it with: pip install apache-airflow[cncf.kubernetes]
[2025-02-06T08:35:36.187+0000] {processor.py:927} WARNING - No viable dags retrieved from /opt/conda/lib/python3.12/site-packages/airflow/example_dags/example_kubernetes_executor.py
[2025-02-06T08:35:36.206+0000] {processor.py:208} INFO - Processing /opt/conda/lib/python3.12/site-packages/airflow/example_dags/example_kubernetes_executor.py took 0.033 seconds
[2025-02-06T08:36:55.339+0000] {processor.py:186} INFO - Started process (PID=378) to work on /opt/conda/lib/python3.12/site-packages/airflow/example_dags/example_kubernetes_executor.py
[2025-02-06T08:36:55.340+0000] {processor.py:914} INFO - Processing file /opt/conda/lib/python3.12/site-packages/airflow/example_dags/example_kubernetes_executor.py for tasks to queue
[2025-02-06T08:36:55.341+0000] {logging_mixin.py:190} INFO - [2025-02-06T08:36:55.341+0000] {dagbag.py:588} INFO - Filling up the DagBag from /opt/conda/lib/python3.12/site-packages/airflow/example_dags/example_kubernetes_executor.py
[2025-02-06T08:36:55.348+0000] {logging_mixin.py:190} INFO - [2025-02-06T08:36:55.347+0000] {example_kubernetes_executor.py:39} WARNING - The example_kubernetes_executor example DAG requires the kubernetes provider. Please install it with: pip install apache-airflow[cncf.kubernetes]
[2025-02-06T08:36:55.348+0000] {processor.py:927} WARNING - No viable dags retrieved from /opt/conda/lib/python3.12/site-packages/airflow/example_dags/example_kubernetes_executor.py
[2025-02-06T08:36:55.369+0000] {processor.py:208} INFO - Processing /opt/conda/lib/python3.12/site-packages/airflow/example_dags/example_kubernetes_executor.py took 0.034 seconds
[2025-02-06T08:38:15.717+0000] {processor.py:186} INFO - Started process (PID=445) to work on /opt/conda/lib/python3.12/site-packages/airflow/example_dags/example_kubernetes_executor.py
[2025-02-06T08:38:15.719+0000] {processor.py:914} INFO - Processing file /opt/conda/lib/python3.12/site-packages/airflow/example_dags/example_kubernetes_executor.py for tasks to queue
[2025-02-06T08:38:15.721+0000] {logging_mixin.py:190} INFO - [2025-02-06T08:38:15.720+0000] {dagbag.py:588} INFO - Filling up the DagBag from /opt/conda/lib/python3.12/site-packages/airflow/example_dags/example_kubernetes_executor.py
[2025-02-06T08:38:15.726+0000] {logging_mixin.py:190} INFO - [2025-02-06T08:38:15.726+0000] {example_kubernetes_executor.py:39} WARNING - The example_kubernetes_executor example DAG requires the kubernetes provider. Please install it with: pip install apache-airflow[cncf.kubernetes]
[2025-02-06T08:38:15.726+0000] {processor.py:927} WARNING - No viable dags retrieved from /opt/conda/lib/python3.12/site-packages/airflow/example_dags/example_kubernetes_executor.py
[2025-02-06T08:38:15.743+0000] {processor.py:208} INFO - Processing /opt/conda/lib/python3.12/site-packages/airflow/example_dags/example_kubernetes_executor.py took 0.031 seconds
[2025-02-06T08:39:30.805+0000] {processor.py:186} INFO - Started process (PID=510) to work on /opt/conda/lib/python3.12/site-packages/airflow/example_dags/example_kubernetes_executor.py
[2025-02-06T08:39:30.806+0000] {processor.py:914} INFO - Processing file /opt/conda/lib/python3.12/site-packages/airflow/example_dags/example_kubernetes_executor.py for tasks to queue
[2025-02-06T08:39:30.807+0000] {logging_mixin.py:190} INFO - [2025-02-06T08:39:30.807+0000] {dagbag.py:588} INFO - Filling up the DagBag from /opt/conda/lib/python3.12/site-packages/airflow/example_dags/example_kubernetes_executor.py
[2025-02-06T08:39:30.813+0000] {logging_mixin.py:190} INFO - [2025-02-06T08:39:30.813+0000] {example_kubernetes_executor.py:39} WARNING - The example_kubernetes_executor example DAG requires the kubernetes provider. Please install it with: pip install apache-airflow[cncf.kubernetes]
[2025-02-06T08:39:30.814+0000] {processor.py:927} WARNING - No viable dags retrieved from /opt/conda/lib/python3.12/site-packages/airflow/example_dags/example_kubernetes_executor.py
[2025-02-06T08:39:30.832+0000] {processor.py:208} INFO - Processing /opt/conda/lib/python3.12/site-packages/airflow/example_dags/example_kubernetes_executor.py took 0.032 seconds
[2025-02-06T08:40:49.235+0000] {processor.py:186} INFO - Started process (PID=577) to work on /opt/conda/lib/python3.12/site-packages/airflow/example_dags/example_kubernetes_executor.py
[2025-02-06T08:40:49.236+0000] {processor.py:914} INFO - Processing file /opt/conda/lib/python3.12/site-packages/airflow/example_dags/example_kubernetes_executor.py for tasks to queue
[2025-02-06T08:40:49.237+0000] {logging_mixin.py:190} INFO - [2025-02-06T08:40:49.237+0000] {dagbag.py:588} INFO - Filling up the DagBag from /opt/conda/lib/python3.12/site-packages/airflow/example_dags/example_kubernetes_executor.py
[2025-02-06T08:40:49.243+0000] {logging_mixin.py:190} INFO - [2025-02-06T08:40:49.242+0000] {example_kubernetes_executor.py:39} WARNING - The example_kubernetes_executor example DAG requires the kubernetes provider. Please install it with: pip install apache-airflow[cncf.kubernetes]
[2025-02-06T08:40:49.243+0000] {processor.py:927} WARNING - No viable dags retrieved from /opt/conda/lib/python3.12/site-packages/airflow/example_dags/example_kubernetes_executor.py
[2025-02-06T08:40:49.267+0000] {processor.py:208} INFO - Processing /opt/conda/lib/python3.12/site-packages/airflow/example_dags/example_kubernetes_executor.py took 0.035 seconds
[2025-02-06T08:42:02.736+0000] {processor.py:186} INFO - Started process (PID=640) to work on /opt/conda/lib/python3.12/site-packages/airflow/example_dags/example_kubernetes_executor.py
[2025-02-06T08:42:02.737+0000] {processor.py:914} INFO - Processing file /opt/conda/lib/python3.12/site-packages/airflow/example_dags/example_kubernetes_executor.py for tasks to queue
[2025-02-06T08:42:02.738+0000] {logging_mixin.py:190} INFO - [2025-02-06T08:42:02.737+0000] {dagbag.py:588} INFO - Filling up the DagBag from /opt/conda/lib/python3.12/site-packages/airflow/example_dags/example_kubernetes_executor.py
[2025-02-06T08:42:02.743+0000] {logging_mixin.py:190} INFO - [2025-02-06T08:42:02.743+0000] {example_kubernetes_executor.py:39} WARNING - The example_kubernetes_executor example DAG requires the kubernetes provider. Please install it with: pip install apache-airflow[cncf.kubernetes]
[2025-02-06T08:42:02.744+0000] {processor.py:927} WARNING - No viable dags retrieved from /opt/conda/lib/python3.12/site-packages/airflow/example_dags/example_kubernetes_executor.py
[2025-02-06T08:42:02.764+0000] {processor.py:208} INFO - Processing /opt/conda/lib/python3.12/site-packages/airflow/example_dags/example_kubernetes_executor.py took 0.033 seconds
[2025-02-06T08:43:44.965+0000] {processor.py:186} INFO - Started process (PID=68) to work on /opt/conda/lib/python3.12/site-packages/airflow/example_dags/example_kubernetes_executor.py
[2025-02-06T08:43:44.967+0000] {processor.py:914} INFO - Processing file /opt/conda/lib/python3.12/site-packages/airflow/example_dags/example_kubernetes_executor.py for tasks to queue
[2025-02-06T08:43:44.968+0000] {logging_mixin.py:190} INFO - [2025-02-06T08:43:44.968+0000] {dagbag.py:588} INFO - Filling up the DagBag from /opt/conda/lib/python3.12/site-packages/airflow/example_dags/example_kubernetes_executor.py
[2025-02-06T08:43:44.972+0000] {logging_mixin.py:190} INFO - [2025-02-06T08:43:44.972+0000] {example_kubernetes_executor.py:39} WARNING - The example_kubernetes_executor example DAG requires the kubernetes provider. Please install it with: pip install apache-airflow[cncf.kubernetes]
[2025-02-06T08:43:44.973+0000] {processor.py:927} WARNING - No viable dags retrieved from /opt/conda/lib/python3.12/site-packages/airflow/example_dags/example_kubernetes_executor.py
[2025-02-06T08:43:44.994+0000] {processor.py:208} INFO - Processing /opt/conda/lib/python3.12/site-packages/airflow/example_dags/example_kubernetes_executor.py took 0.032 seconds
[2025-02-06T08:44:53.829+0000] {processor.py:186} INFO - Started process (PID=126) to work on /opt/conda/lib/python3.12/site-packages/airflow/example_dags/example_kubernetes_executor.py
[2025-02-06T08:44:53.830+0000] {processor.py:914} INFO - Processing file /opt/conda/lib/python3.12/site-packages/airflow/example_dags/example_kubernetes_executor.py for tasks to queue
[2025-02-06T08:44:53.832+0000] {logging_mixin.py:190} INFO - [2025-02-06T08:44:53.832+0000] {dagbag.py:588} INFO - Filling up the DagBag from /opt/conda/lib/python3.12/site-packages/airflow/example_dags/example_kubernetes_executor.py
[2025-02-06T08:44:53.837+0000] {logging_mixin.py:190} INFO - [2025-02-06T08:44:53.837+0000] {example_kubernetes_executor.py:39} WARNING - The example_kubernetes_executor example DAG requires the kubernetes provider. Please install it with: pip install apache-airflow[cncf.kubernetes]
[2025-02-06T08:44:53.837+0000] {processor.py:927} WARNING - No viable dags retrieved from /opt/conda/lib/python3.12/site-packages/airflow/example_dags/example_kubernetes_executor.py
[2025-02-06T08:44:53.855+0000] {processor.py:208} INFO - Processing /opt/conda/lib/python3.12/site-packages/airflow/example_dags/example_kubernetes_executor.py took 0.030 seconds
[2025-02-06T08:46:37.735+0000] {processor.py:186} INFO - Started process (PID=271) to work on /opt/conda/lib/python3.12/site-packages/airflow/example_dags/example_kubernetes_executor.py
[2025-02-06T08:46:37.737+0000] {processor.py:914} INFO - Processing file /opt/conda/lib/python3.12/site-packages/airflow/example_dags/example_kubernetes_executor.py for tasks to queue
[2025-02-06T08:46:37.738+0000] {logging_mixin.py:190} INFO - [2025-02-06T08:46:37.738+0000] {dagbag.py:588} INFO - Filling up the DagBag from /opt/conda/lib/python3.12/site-packages/airflow/example_dags/example_kubernetes_executor.py
[2025-02-06T08:46:37.742+0000] {logging_mixin.py:190} INFO - [2025-02-06T08:46:37.742+0000] {example_kubernetes_executor.py:39} WARNING - The example_kubernetes_executor example DAG requires the kubernetes provider. Please install it with: pip install apache-airflow[cncf.kubernetes]
[2025-02-06T08:46:37.742+0000] {processor.py:927} WARNING - No viable dags retrieved from /opt/conda/lib/python3.12/site-packages/airflow/example_dags/example_kubernetes_executor.py
[2025-02-06T08:46:37.760+0000] {processor.py:208} INFO - Processing /opt/conda/lib/python3.12/site-packages/airflow/example_dags/example_kubernetes_executor.py took 0.029 seconds
[2025-02-06T08:49:38.838+0000] {processor.py:186} INFO - Started process (PID=232) to work on /opt/conda/lib/python3.12/site-packages/airflow/example_dags/example_kubernetes_executor.py
[2025-02-06T08:49:38.839+0000] {processor.py:914} INFO - Processing file /opt/conda/lib/python3.12/site-packages/airflow/example_dags/example_kubernetes_executor.py for tasks to queue
[2025-02-06T08:49:38.841+0000] {logging_mixin.py:190} INFO - [2025-02-06T08:49:38.840+0000] {dagbag.py:588} INFO - Filling up the DagBag from /opt/conda/lib/python3.12/site-packages/airflow/example_dags/example_kubernetes_executor.py
[2025-02-06T08:49:38.844+0000] {logging_mixin.py:190} INFO - [2025-02-06T08:49:38.844+0000] {example_kubernetes_executor.py:39} WARNING - The example_kubernetes_executor example DAG requires the kubernetes provider. Please install it with: pip install apache-airflow[cncf.kubernetes]
[2025-02-06T08:49:38.845+0000] {processor.py:927} WARNING - No viable dags retrieved from /opt/conda/lib/python3.12/site-packages/airflow/example_dags/example_kubernetes_executor.py
[2025-02-06T08:49:38.862+0000] {processor.py:208} INFO - Processing /opt/conda/lib/python3.12/site-packages/airflow/example_dags/example_kubernetes_executor.py took 0.029 seconds
[2025-02-06T08:52:39.224+0000] {processor.py:186} INFO - Started process (PID=566) to work on /opt/conda/lib/python3.12/site-packages/airflow/example_dags/example_kubernetes_executor.py
[2025-02-06T08:52:39.225+0000] {processor.py:914} INFO - Processing file /opt/conda/lib/python3.12/site-packages/airflow/example_dags/example_kubernetes_executor.py for tasks to queue
[2025-02-06T08:52:39.226+0000] {logging_mixin.py:190} INFO - [2025-02-06T08:52:39.226+0000] {dagbag.py:588} INFO - Filling up the DagBag from /opt/conda/lib/python3.12/site-packages/airflow/example_dags/example_kubernetes_executor.py
[2025-02-06T08:52:39.229+0000] {logging_mixin.py:190} INFO - [2025-02-06T08:52:39.229+0000] {example_kubernetes_executor.py:39} WARNING - The example_kubernetes_executor example DAG requires the kubernetes provider. Please install it with: pip install apache-airflow[cncf.kubernetes]
[2025-02-06T08:52:39.230+0000] {processor.py:927} WARNING - No viable dags retrieved from /opt/conda/lib/python3.12/site-packages/airflow/example_dags/example_kubernetes_executor.py
[2025-02-06T08:52:39.246+0000] {processor.py:208} INFO - Processing /opt/conda/lib/python3.12/site-packages/airflow/example_dags/example_kubernetes_executor.py took 0.026 seconds
[2025-02-06T08:55:14.535+0000] {processor.py:186} INFO - Started process (PID=856) to work on /opt/conda/lib/python3.12/site-packages/airflow/example_dags/example_kubernetes_executor.py
[2025-02-06T08:55:14.536+0000] {processor.py:914} INFO - Processing file /opt/conda/lib/python3.12/site-packages/airflow/example_dags/example_kubernetes_executor.py for tasks to queue
[2025-02-06T08:55:14.538+0000] {logging_mixin.py:190} INFO - [2025-02-06T08:55:14.537+0000] {dagbag.py:588} INFO - Filling up the DagBag from /opt/conda/lib/python3.12/site-packages/airflow/example_dags/example_kubernetes_executor.py
[2025-02-06T08:55:14.540+0000] {logging_mixin.py:190} INFO - [2025-02-06T08:55:14.540+0000] {example_kubernetes_executor.py:39} WARNING - The example_kubernetes_executor example DAG requires the kubernetes provider. Please install it with: pip install apache-airflow[cncf.kubernetes]
[2025-02-06T08:55:14.541+0000] {processor.py:927} WARNING - No viable dags retrieved from /opt/conda/lib/python3.12/site-packages/airflow/example_dags/example_kubernetes_executor.py
[2025-02-06T08:55:14.555+0000] {processor.py:208} INFO - Processing /opt/conda/lib/python3.12/site-packages/airflow/example_dags/example_kubernetes_executor.py took 0.024 seconds
[2025-02-06T08:57:47.369+0000] {processor.py:186} INFO - Started process (PID=1121) to work on /opt/conda/lib/python3.12/site-packages/airflow/example_dags/example_kubernetes_executor.py
[2025-02-06T08:57:47.370+0000] {processor.py:914} INFO - Processing file /opt/conda/lib/python3.12/site-packages/airflow/example_dags/example_kubernetes_executor.py for tasks to queue
[2025-02-06T08:57:47.372+0000] {logging_mixin.py:190} INFO - [2025-02-06T08:57:47.372+0000] {dagbag.py:588} INFO - Filling up the DagBag from /opt/conda/lib/python3.12/site-packages/airflow/example_dags/example_kubernetes_executor.py
[2025-02-06T08:57:47.376+0000] {logging_mixin.py:190} INFO - [2025-02-06T08:57:47.376+0000] {example_kubernetes_executor.py:39} WARNING - The example_kubernetes_executor example DAG requires the kubernetes provider. Please install it with: pip install apache-airflow[cncf.kubernetes]
[2025-02-06T08:57:47.376+0000] {processor.py:927} WARNING - No viable dags retrieved from /opt/conda/lib/python3.12/site-packages/airflow/example_dags/example_kubernetes_executor.py
[2025-02-06T08:57:47.397+0000] {processor.py:208} INFO - Processing /opt/conda/lib/python3.12/site-packages/airflow/example_dags/example_kubernetes_executor.py took 0.034 seconds
[2025-02-06T09:02:30.550+0000] {processor.py:186} INFO - Started process (PID=237) to work on /opt/conda/lib/python3.12/site-packages/airflow/example_dags/example_kubernetes_executor.py
[2025-02-06T09:02:30.551+0000] {processor.py:914} INFO - Processing file /opt/conda/lib/python3.12/site-packages/airflow/example_dags/example_kubernetes_executor.py for tasks to queue
[2025-02-06T09:02:30.553+0000] {logging_mixin.py:190} INFO - [2025-02-06T09:02:30.553+0000] {dagbag.py:588} INFO - Filling up the DagBag from /opt/conda/lib/python3.12/site-packages/airflow/example_dags/example_kubernetes_executor.py
[2025-02-06T09:02:30.557+0000] {logging_mixin.py:190} INFO - [2025-02-06T09:02:30.557+0000] {example_kubernetes_executor.py:39} WARNING - The example_kubernetes_executor example DAG requires the kubernetes provider. Please install it with: pip install apache-airflow[cncf.kubernetes]
[2025-02-06T09:02:30.558+0000] {processor.py:927} WARNING - No viable dags retrieved from /opt/conda/lib/python3.12/site-packages/airflow/example_dags/example_kubernetes_executor.py
[2025-02-06T09:02:30.578+0000] {processor.py:208} INFO - Processing /opt/conda/lib/python3.12/site-packages/airflow/example_dags/example_kubernetes_executor.py took 0.032 seconds
[2025-02-06T09:05:25.585+0000] {processor.py:186} INFO - Started process (PID=148) to work on /opt/conda/lib/python3.12/site-packages/airflow/example_dags/example_kubernetes_executor.py
[2025-02-06T09:05:25.586+0000] {processor.py:914} INFO - Processing file /opt/conda/lib/python3.12/site-packages/airflow/example_dags/example_kubernetes_executor.py for tasks to queue
[2025-02-06T09:05:25.587+0000] {logging_mixin.py:190} INFO - [2025-02-06T09:05:25.587+0000] {dagbag.py:588} INFO - Filling up the DagBag from /opt/conda/lib/python3.12/site-packages/airflow/example_dags/example_kubernetes_executor.py
[2025-02-06T09:05:25.590+0000] {logging_mixin.py:190} INFO - [2025-02-06T09:05:25.590+0000] {example_kubernetes_executor.py:39} WARNING - The example_kubernetes_executor example DAG requires the kubernetes provider. Please install it with: pip install apache-airflow[cncf.kubernetes]
[2025-02-06T09:05:25.591+0000] {processor.py:927} WARNING - No viable dags retrieved from /opt/conda/lib/python3.12/site-packages/airflow/example_dags/example_kubernetes_executor.py
[2025-02-06T09:05:25.610+0000] {processor.py:208} INFO - Processing /opt/conda/lib/python3.12/site-packages/airflow/example_dags/example_kubernetes_executor.py took 0.028 seconds
[2025-02-06T09:08:29.370+0000] {processor.py:186} INFO - Started process (PID=490) to work on /opt/conda/lib/python3.12/site-packages/airflow/example_dags/example_kubernetes_executor.py
[2025-02-06T09:08:29.371+0000] {processor.py:914} INFO - Processing file /opt/conda/lib/python3.12/site-packages/airflow/example_dags/example_kubernetes_executor.py for tasks to queue
[2025-02-06T09:08:29.372+0000] {logging_mixin.py:190} INFO - [2025-02-06T09:08:29.372+0000] {dagbag.py:588} INFO - Filling up the DagBag from /opt/conda/lib/python3.12/site-packages/airflow/example_dags/example_kubernetes_executor.py
[2025-02-06T09:08:29.375+0000] {logging_mixin.py:190} INFO - [2025-02-06T09:08:29.375+0000] {example_kubernetes_executor.py:39} WARNING - The example_kubernetes_executor example DAG requires the kubernetes provider. Please install it with: pip install apache-airflow[cncf.kubernetes]
[2025-02-06T09:08:29.376+0000] {processor.py:927} WARNING - No viable dags retrieved from /opt/conda/lib/python3.12/site-packages/airflow/example_dags/example_kubernetes_executor.py
[2025-02-06T09:08:29.395+0000] {processor.py:208} INFO - Processing /opt/conda/lib/python3.12/site-packages/airflow/example_dags/example_kubernetes_executor.py took 0.031 seconds
[2025-02-06T09:10:44.962+0000] {processor.py:186} INFO - Started process (PID=747) to work on /opt/conda/lib/python3.12/site-packages/airflow/example_dags/example_kubernetes_executor.py
[2025-02-06T09:10:44.963+0000] {processor.py:914} INFO - Processing file /opt/conda/lib/python3.12/site-packages/airflow/example_dags/example_kubernetes_executor.py for tasks to queue
[2025-02-06T09:10:44.965+0000] {logging_mixin.py:190} INFO - [2025-02-06T09:10:44.964+0000] {dagbag.py:588} INFO - Filling up the DagBag from /opt/conda/lib/python3.12/site-packages/airflow/example_dags/example_kubernetes_executor.py
[2025-02-06T09:10:44.968+0000] {logging_mixin.py:190} INFO - [2025-02-06T09:10:44.968+0000] {example_kubernetes_executor.py:39} WARNING - The example_kubernetes_executor example DAG requires the kubernetes provider. Please install it with: pip install apache-airflow[cncf.kubernetes]
[2025-02-06T09:10:44.968+0000] {processor.py:927} WARNING - No viable dags retrieved from /opt/conda/lib/python3.12/site-packages/airflow/example_dags/example_kubernetes_executor.py
[2025-02-06T09:10:44.986+0000] {processor.py:208} INFO - Processing /opt/conda/lib/python3.12/site-packages/airflow/example_dags/example_kubernetes_executor.py took 0.029 seconds
[2025-02-06T09:13:12.512+0000] {processor.py:186} INFO - Started process (PID=1022) to work on /opt/conda/lib/python3.12/site-packages/airflow/example_dags/example_kubernetes_executor.py
[2025-02-06T09:13:12.513+0000] {processor.py:914} INFO - Processing file /opt/conda/lib/python3.12/site-packages/airflow/example_dags/example_kubernetes_executor.py for tasks to queue
[2025-02-06T09:13:12.515+0000] {logging_mixin.py:190} INFO - [2025-02-06T09:13:12.515+0000] {dagbag.py:588} INFO - Filling up the DagBag from /opt/conda/lib/python3.12/site-packages/airflow/example_dags/example_kubernetes_executor.py
[2025-02-06T09:13:12.518+0000] {logging_mixin.py:190} INFO - [2025-02-06T09:13:12.518+0000] {example_kubernetes_executor.py:39} WARNING - The example_kubernetes_executor example DAG requires the kubernetes provider. Please install it with: pip install apache-airflow[cncf.kubernetes]
[2025-02-06T09:13:12.518+0000] {processor.py:927} WARNING - No viable dags retrieved from /opt/conda/lib/python3.12/site-packages/airflow/example_dags/example_kubernetes_executor.py
[2025-02-06T09:13:12.539+0000] {processor.py:208} INFO - Processing /opt/conda/lib/python3.12/site-packages/airflow/example_dags/example_kubernetes_executor.py took 0.031 seconds
[2025-02-06T09:15:39.023+0000] {processor.py:186} INFO - Started process (PID=1285) to work on /opt/conda/lib/python3.12/site-packages/airflow/example_dags/example_kubernetes_executor.py
[2025-02-06T09:15:39.024+0000] {processor.py:914} INFO - Processing file /opt/conda/lib/python3.12/site-packages/airflow/example_dags/example_kubernetes_executor.py for tasks to queue
[2025-02-06T09:15:39.026+0000] {logging_mixin.py:190} INFO - [2025-02-06T09:15:39.026+0000] {dagbag.py:588} INFO - Filling up the DagBag from /opt/conda/lib/python3.12/site-packages/airflow/example_dags/example_kubernetes_executor.py
[2025-02-06T09:15:39.029+0000] {logging_mixin.py:190} INFO - [2025-02-06T09:15:39.029+0000] {example_kubernetes_executor.py:39} WARNING - The example_kubernetes_executor example DAG requires the kubernetes provider. Please install it with: pip install apache-airflow[cncf.kubernetes]
[2025-02-06T09:15:39.030+0000] {processor.py:927} WARNING - No viable dags retrieved from /opt/conda/lib/python3.12/site-packages/airflow/example_dags/example_kubernetes_executor.py
[2025-02-06T09:15:39.046+0000] {processor.py:208} INFO - Processing /opt/conda/lib/python3.12/site-packages/airflow/example_dags/example_kubernetes_executor.py took 0.026 seconds
[2025-02-06T09:17:45.258+0000] {processor.py:186} INFO - Started process (PID=1530) to work on /opt/conda/lib/python3.12/site-packages/airflow/example_dags/example_kubernetes_executor.py
[2025-02-06T09:17:45.259+0000] {processor.py:914} INFO - Processing file /opt/conda/lib/python3.12/site-packages/airflow/example_dags/example_kubernetes_executor.py for tasks to queue
[2025-02-06T09:17:45.261+0000] {logging_mixin.py:190} INFO - [2025-02-06T09:17:45.260+0000] {dagbag.py:588} INFO - Filling up the DagBag from /opt/conda/lib/python3.12/site-packages/airflow/example_dags/example_kubernetes_executor.py
[2025-02-06T09:17:45.264+0000] {logging_mixin.py:190} INFO - [2025-02-06T09:17:45.264+0000] {example_kubernetes_executor.py:39} WARNING - The example_kubernetes_executor example DAG requires the kubernetes provider. Please install it with: pip install apache-airflow[cncf.kubernetes]
[2025-02-06T09:17:45.264+0000] {processor.py:927} WARNING - No viable dags retrieved from /opt/conda/lib/python3.12/site-packages/airflow/example_dags/example_kubernetes_executor.py
[2025-02-06T09:17:45.282+0000] {processor.py:208} INFO - Processing /opt/conda/lib/python3.12/site-packages/airflow/example_dags/example_kubernetes_executor.py took 0.028 seconds
[2025-02-06T09:20:22.958+0000] {processor.py:186} INFO - Started process (PID=1795) to work on /opt/conda/lib/python3.12/site-packages/airflow/example_dags/example_kubernetes_executor.py
[2025-02-06T09:20:22.959+0000] {processor.py:914} INFO - Processing file /opt/conda/lib/python3.12/site-packages/airflow/example_dags/example_kubernetes_executor.py for tasks to queue
[2025-02-06T09:20:22.961+0000] {logging_mixin.py:190} INFO - [2025-02-06T09:20:22.960+0000] {dagbag.py:588} INFO - Filling up the DagBag from /opt/conda/lib/python3.12/site-packages/airflow/example_dags/example_kubernetes_executor.py
[2025-02-06T09:20:22.965+0000] {logging_mixin.py:190} INFO - [2025-02-06T09:20:22.965+0000] {example_kubernetes_executor.py:39} WARNING - The example_kubernetes_executor example DAG requires the kubernetes provider. Please install it with: pip install apache-airflow[cncf.kubernetes]
[2025-02-06T09:20:22.965+0000] {processor.py:927} WARNING - No viable dags retrieved from /opt/conda/lib/python3.12/site-packages/airflow/example_dags/example_kubernetes_executor.py
[2025-02-06T09:20:22.993+0000] {processor.py:208} INFO - Processing /opt/conda/lib/python3.12/site-packages/airflow/example_dags/example_kubernetes_executor.py took 0.040 seconds
[2025-02-06T09:23:04.018+0000] {processor.py:186} INFO - Started process (PID=2062) to work on /opt/conda/lib/python3.12/site-packages/airflow/example_dags/example_kubernetes_executor.py
[2025-02-06T09:23:04.019+0000] {processor.py:914} INFO - Processing file /opt/conda/lib/python3.12/site-packages/airflow/example_dags/example_kubernetes_executor.py for tasks to queue
[2025-02-06T09:23:04.022+0000] {logging_mixin.py:190} INFO - [2025-02-06T09:23:04.021+0000] {dagbag.py:588} INFO - Filling up the DagBag from /opt/conda/lib/python3.12/site-packages/airflow/example_dags/example_kubernetes_executor.py
[2025-02-06T09:23:04.025+0000] {logging_mixin.py:190} INFO - [2025-02-06T09:23:04.025+0000] {example_kubernetes_executor.py:39} WARNING - The example_kubernetes_executor example DAG requires the kubernetes provider. Please install it with: pip install apache-airflow[cncf.kubernetes]
[2025-02-06T09:23:04.025+0000] {processor.py:927} WARNING - No viable dags retrieved from /opt/conda/lib/python3.12/site-packages/airflow/example_dags/example_kubernetes_executor.py
[2025-02-06T09:23:04.044+0000] {processor.py:208} INFO - Processing /opt/conda/lib/python3.12/site-packages/airflow/example_dags/example_kubernetes_executor.py took 0.030 seconds
[2025-02-06T09:26:08.931+0000] {processor.py:186} INFO - Started process (PID=218) to work on /opt/conda/lib/python3.12/site-packages/airflow/example_dags/example_kubernetes_executor.py
[2025-02-06T09:26:08.932+0000] {processor.py:914} INFO - Processing file /opt/conda/lib/python3.12/site-packages/airflow/example_dags/example_kubernetes_executor.py for tasks to queue
[2025-02-06T09:26:08.934+0000] {logging_mixin.py:190} INFO - [2025-02-06T09:26:08.934+0000] {dagbag.py:588} INFO - Filling up the DagBag from /opt/conda/lib/python3.12/site-packages/airflow/example_dags/example_kubernetes_executor.py
[2025-02-06T09:26:08.939+0000] {logging_mixin.py:190} INFO - [2025-02-06T09:26:08.939+0000] {example_kubernetes_executor.py:39} WARNING - The example_kubernetes_executor example DAG requires the kubernetes provider. Please install it with: pip install apache-airflow[cncf.kubernetes]
[2025-02-06T09:26:08.940+0000] {processor.py:927} WARNING - No viable dags retrieved from /opt/conda/lib/python3.12/site-packages/airflow/example_dags/example_kubernetes_executor.py
[2025-02-06T09:26:08.965+0000] {processor.py:208} INFO - Processing /opt/conda/lib/python3.12/site-packages/airflow/example_dags/example_kubernetes_executor.py took 0.039 seconds
[2025-02-06T09:32:43.388+0000] {processor.py:186} INFO - Started process (PID=416) to work on /opt/conda/lib/python3.12/site-packages/airflow/example_dags/example_kubernetes_executor.py
[2025-02-06T09:32:43.389+0000] {processor.py:914} INFO - Processing file /opt/conda/lib/python3.12/site-packages/airflow/example_dags/example_kubernetes_executor.py for tasks to queue
[2025-02-06T09:32:43.391+0000] {logging_mixin.py:190} INFO - [2025-02-06T09:32:43.390+0000] {dagbag.py:588} INFO - Filling up the DagBag from /opt/conda/lib/python3.12/site-packages/airflow/example_dags/example_kubernetes_executor.py
[2025-02-06T09:32:43.395+0000] {logging_mixin.py:190} INFO - [2025-02-06T09:32:43.395+0000] {example_kubernetes_executor.py:39} WARNING - The example_kubernetes_executor example DAG requires the kubernetes provider. Please install it with: pip install apache-airflow[cncf.kubernetes]
[2025-02-06T09:32:43.396+0000] {processor.py:927} WARNING - No viable dags retrieved from /opt/conda/lib/python3.12/site-packages/airflow/example_dags/example_kubernetes_executor.py
[2025-02-06T09:32:43.417+0000] {processor.py:208} INFO - Processing /opt/conda/lib/python3.12/site-packages/airflow/example_dags/example_kubernetes_executor.py took 0.034 seconds
[2025-02-06T09:38:02.768+0000] {processor.py:186} INFO - Started process (PID=994) to work on /opt/conda/lib/python3.12/site-packages/airflow/example_dags/example_kubernetes_executor.py
[2025-02-06T09:38:02.770+0000] {processor.py:914} INFO - Processing file /opt/conda/lib/python3.12/site-packages/airflow/example_dags/example_kubernetes_executor.py for tasks to queue
[2025-02-06T09:38:02.771+0000] {logging_mixin.py:190} INFO - [2025-02-06T09:38:02.771+0000] {dagbag.py:588} INFO - Filling up the DagBag from /opt/conda/lib/python3.12/site-packages/airflow/example_dags/example_kubernetes_executor.py
[2025-02-06T09:38:02.776+0000] {logging_mixin.py:190} INFO - [2025-02-06T09:38:02.775+0000] {example_kubernetes_executor.py:39} WARNING - The example_kubernetes_executor example DAG requires the kubernetes provider. Please install it with: pip install apache-airflow[cncf.kubernetes]
[2025-02-06T09:38:02.776+0000] {processor.py:927} WARNING - No viable dags retrieved from /opt/conda/lib/python3.12/site-packages/airflow/example_dags/example_kubernetes_executor.py
[2025-02-06T09:38:02.793+0000] {processor.py:208} INFO - Processing /opt/conda/lib/python3.12/site-packages/airflow/example_dags/example_kubernetes_executor.py took 0.030 seconds
[2025-02-06T09:42:41.461+0000] {processor.py:186} INFO - Started process (PID=1477) to work on /opt/conda/lib/python3.12/site-packages/airflow/example_dags/example_kubernetes_executor.py
[2025-02-06T09:42:41.462+0000] {processor.py:914} INFO - Processing file /opt/conda/lib/python3.12/site-packages/airflow/example_dags/example_kubernetes_executor.py for tasks to queue
[2025-02-06T09:42:41.463+0000] {logging_mixin.py:190} INFO - [2025-02-06T09:42:41.463+0000] {dagbag.py:588} INFO - Filling up the DagBag from /opt/conda/lib/python3.12/site-packages/airflow/example_dags/example_kubernetes_executor.py
[2025-02-06T09:42:41.466+0000] {logging_mixin.py:190} INFO - [2025-02-06T09:42:41.466+0000] {example_kubernetes_executor.py:39} WARNING - The example_kubernetes_executor example DAG requires the kubernetes provider. Please install it with: pip install apache-airflow[cncf.kubernetes]
[2025-02-06T09:42:41.467+0000] {processor.py:927} WARNING - No viable dags retrieved from /opt/conda/lib/python3.12/site-packages/airflow/example_dags/example_kubernetes_executor.py
[2025-02-06T09:42:41.486+0000] {processor.py:208} INFO - Processing /opt/conda/lib/python3.12/site-packages/airflow/example_dags/example_kubernetes_executor.py took 0.029 seconds
[2025-02-06T09:50:12.093+0000] {processor.py:186} INFO - Started process (PID=399) to work on /opt/conda/lib/python3.12/site-packages/airflow/example_dags/example_kubernetes_executor.py
[2025-02-06T09:50:12.094+0000] {processor.py:914} INFO - Processing file /opt/conda/lib/python3.12/site-packages/airflow/example_dags/example_kubernetes_executor.py for tasks to queue
[2025-02-06T09:50:12.096+0000] {logging_mixin.py:190} INFO - [2025-02-06T09:50:12.095+0000] {dagbag.py:588} INFO - Filling up the DagBag from /opt/conda/lib/python3.12/site-packages/airflow/example_dags/example_kubernetes_executor.py
[2025-02-06T09:50:12.099+0000] {logging_mixin.py:190} INFO - [2025-02-06T09:50:12.099+0000] {example_kubernetes_executor.py:39} WARNING - The example_kubernetes_executor example DAG requires the kubernetes provider. Please install it with: pip install apache-airflow[cncf.kubernetes]
[2025-02-06T09:50:12.100+0000] {processor.py:927} WARNING - No viable dags retrieved from /opt/conda/lib/python3.12/site-packages/airflow/example_dags/example_kubernetes_executor.py
[2025-02-06T09:50:12.120+0000] {processor.py:208} INFO - Processing /opt/conda/lib/python3.12/site-packages/airflow/example_dags/example_kubernetes_executor.py took 0.031 seconds
[2025-02-06T09:55:27.120+0000] {processor.py:186} INFO - Started process (PID=958) to work on /opt/conda/lib/python3.12/site-packages/airflow/example_dags/example_kubernetes_executor.py
[2025-02-06T09:55:27.121+0000] {processor.py:914} INFO - Processing file /opt/conda/lib/python3.12/site-packages/airflow/example_dags/example_kubernetes_executor.py for tasks to queue
[2025-02-06T09:55:27.123+0000] {logging_mixin.py:190} INFO - [2025-02-06T09:55:27.123+0000] {dagbag.py:588} INFO - Filling up the DagBag from /opt/conda/lib/python3.12/site-packages/airflow/example_dags/example_kubernetes_executor.py
[2025-02-06T09:55:27.126+0000] {logging_mixin.py:190} INFO - [2025-02-06T09:55:27.126+0000] {example_kubernetes_executor.py:39} WARNING - The example_kubernetes_executor example DAG requires the kubernetes provider. Please install it with: pip install apache-airflow[cncf.kubernetes]
[2025-02-06T09:55:27.126+0000] {processor.py:927} WARNING - No viable dags retrieved from /opt/conda/lib/python3.12/site-packages/airflow/example_dags/example_kubernetes_executor.py
[2025-02-06T09:55:27.147+0000] {processor.py:208} INFO - Processing /opt/conda/lib/python3.12/site-packages/airflow/example_dags/example_kubernetes_executor.py took 0.031 seconds
[2025-02-06T09:59:39.012+0000] {processor.py:186} INFO - Started process (PID=1440) to work on /opt/conda/lib/python3.12/site-packages/airflow/example_dags/example_kubernetes_executor.py
[2025-02-06T09:59:39.013+0000] {processor.py:914} INFO - Processing file /opt/conda/lib/python3.12/site-packages/airflow/example_dags/example_kubernetes_executor.py for tasks to queue
[2025-02-06T09:59:39.015+0000] {logging_mixin.py:190} INFO - [2025-02-06T09:59:39.014+0000] {dagbag.py:588} INFO - Filling up the DagBag from /opt/conda/lib/python3.12/site-packages/airflow/example_dags/example_kubernetes_executor.py
[2025-02-06T09:59:39.018+0000] {logging_mixin.py:190} INFO - [2025-02-06T09:59:39.018+0000] {example_kubernetes_executor.py:39} WARNING - The example_kubernetes_executor example DAG requires the kubernetes provider. Please install it with: pip install apache-airflow[cncf.kubernetes]
[2025-02-06T09:59:39.018+0000] {processor.py:927} WARNING - No viable dags retrieved from /opt/conda/lib/python3.12/site-packages/airflow/example_dags/example_kubernetes_executor.py
[2025-02-06T09:59:39.035+0000] {processor.py:208} INFO - Processing /opt/conda/lib/python3.12/site-packages/airflow/example_dags/example_kubernetes_executor.py took 0.027 seconds
[2025-02-06T10:04:21.489+0000] {processor.py:186} INFO - Started process (PID=1929) to work on /opt/conda/lib/python3.12/site-packages/airflow/example_dags/example_kubernetes_executor.py
[2025-02-06T10:04:21.490+0000] {processor.py:914} INFO - Processing file /opt/conda/lib/python3.12/site-packages/airflow/example_dags/example_kubernetes_executor.py for tasks to queue
[2025-02-06T10:04:21.492+0000] {logging_mixin.py:190} INFO - [2025-02-06T10:04:21.492+0000] {dagbag.py:588} INFO - Filling up the DagBag from /opt/conda/lib/python3.12/site-packages/airflow/example_dags/example_kubernetes_executor.py
[2025-02-06T10:04:21.497+0000] {logging_mixin.py:190} INFO - [2025-02-06T10:04:21.496+0000] {example_kubernetes_executor.py:39} WARNING - The example_kubernetes_executor example DAG requires the kubernetes provider. Please install it with: pip install apache-airflow[cncf.kubernetes]
[2025-02-06T10:04:21.497+0000] {processor.py:927} WARNING - No viable dags retrieved from /opt/conda/lib/python3.12/site-packages/airflow/example_dags/example_kubernetes_executor.py
[2025-02-06T10:04:21.518+0000] {processor.py:208} INFO - Processing /opt/conda/lib/python3.12/site-packages/airflow/example_dags/example_kubernetes_executor.py took 0.035 seconds
[2025-02-06T10:06:16.217+0000] {processor.py:186} INFO - Started process (PID=2076) to work on /opt/conda/lib/python3.12/site-packages/airflow/example_dags/example_kubernetes_executor.py
[2025-02-06T10:06:16.218+0000] {processor.py:914} INFO - Processing file /opt/conda/lib/python3.12/site-packages/airflow/example_dags/example_kubernetes_executor.py for tasks to queue
[2025-02-06T10:06:16.219+0000] {logging_mixin.py:190} INFO - [2025-02-06T10:06:16.219+0000] {dagbag.py:588} INFO - Filling up the DagBag from /opt/conda/lib/python3.12/site-packages/airflow/example_dags/example_kubernetes_executor.py
[2025-02-06T10:06:16.222+0000] {logging_mixin.py:190} INFO - [2025-02-06T10:06:16.222+0000] {example_kubernetes_executor.py:39} WARNING - The example_kubernetes_executor example DAG requires the kubernetes provider. Please install it with: pip install apache-airflow[cncf.kubernetes]
[2025-02-06T10:06:16.222+0000] {processor.py:927} WARNING - No viable dags retrieved from /opt/conda/lib/python3.12/site-packages/airflow/example_dags/example_kubernetes_executor.py
[2025-02-06T10:06:16.241+0000] {processor.py:208} INFO - Processing /opt/conda/lib/python3.12/site-packages/airflow/example_dags/example_kubernetes_executor.py took 0.028 seconds
[2025-02-06T10:14:35.678+0000] {processor.py:186} INFO - Started process (PID=2920) to work on /opt/conda/lib/python3.12/site-packages/airflow/example_dags/example_kubernetes_executor.py
[2025-02-06T10:14:35.679+0000] {processor.py:914} INFO - Processing file /opt/conda/lib/python3.12/site-packages/airflow/example_dags/example_kubernetes_executor.py for tasks to queue
[2025-02-06T10:14:35.680+0000] {logging_mixin.py:190} INFO - [2025-02-06T10:14:35.680+0000] {dagbag.py:588} INFO - Filling up the DagBag from /opt/conda/lib/python3.12/site-packages/airflow/example_dags/example_kubernetes_executor.py
[2025-02-06T10:14:35.684+0000] {logging_mixin.py:190} INFO - [2025-02-06T10:14:35.684+0000] {example_kubernetes_executor.py:39} WARNING - The example_kubernetes_executor example DAG requires the kubernetes provider. Please install it with: pip install apache-airflow[cncf.kubernetes]
[2025-02-06T10:14:35.684+0000] {processor.py:927} WARNING - No viable dags retrieved from /opt/conda/lib/python3.12/site-packages/airflow/example_dags/example_kubernetes_executor.py
[2025-02-06T10:14:35.706+0000] {processor.py:208} INFO - Processing /opt/conda/lib/python3.12/site-packages/airflow/example_dags/example_kubernetes_executor.py took 0.032 seconds
[2025-02-06T10:20:30.577+0000] {processor.py:186} INFO - Started process (PID=3535) to work on /opt/conda/lib/python3.12/site-packages/airflow/example_dags/example_kubernetes_executor.py
[2025-02-06T10:20:30.578+0000] {processor.py:914} INFO - Processing file /opt/conda/lib/python3.12/site-packages/airflow/example_dags/example_kubernetes_executor.py for tasks to queue
[2025-02-06T10:20:30.580+0000] {logging_mixin.py:190} INFO - [2025-02-06T10:20:30.579+0000] {dagbag.py:588} INFO - Filling up the DagBag from /opt/conda/lib/python3.12/site-packages/airflow/example_dags/example_kubernetes_executor.py
[2025-02-06T10:20:30.583+0000] {logging_mixin.py:190} INFO - [2025-02-06T10:20:30.583+0000] {example_kubernetes_executor.py:39} WARNING - The example_kubernetes_executor example DAG requires the kubernetes provider. Please install it with: pip install apache-airflow[cncf.kubernetes]
[2025-02-06T10:20:30.584+0000] {processor.py:927} WARNING - No viable dags retrieved from /opt/conda/lib/python3.12/site-packages/airflow/example_dags/example_kubernetes_executor.py
[2025-02-06T10:20:30.603+0000] {processor.py:208} INFO - Processing /opt/conda/lib/python3.12/site-packages/airflow/example_dags/example_kubernetes_executor.py took 0.030 seconds
[2025-02-06T10:24:15.481+0000] {processor.py:186} INFO - Started process (PID=3896) to work on /opt/conda/lib/python3.12/site-packages/airflow/example_dags/example_kubernetes_executor.py
[2025-02-06T10:24:15.482+0000] {processor.py:914} INFO - Processing file /opt/conda/lib/python3.12/site-packages/airflow/example_dags/example_kubernetes_executor.py for tasks to queue
[2025-02-06T10:24:15.484+0000] {logging_mixin.py:190} INFO - [2025-02-06T10:24:15.483+0000] {dagbag.py:588} INFO - Filling up the DagBag from /opt/conda/lib/python3.12/site-packages/airflow/example_dags/example_kubernetes_executor.py
[2025-02-06T10:24:15.487+0000] {logging_mixin.py:190} INFO - [2025-02-06T10:24:15.487+0000] {example_kubernetes_executor.py:39} WARNING - The example_kubernetes_executor example DAG requires the kubernetes provider. Please install it with: pip install apache-airflow[cncf.kubernetes]
[2025-02-06T10:24:15.487+0000] {processor.py:927} WARNING - No viable dags retrieved from /opt/conda/lib/python3.12/site-packages/airflow/example_dags/example_kubernetes_executor.py
[2025-02-06T10:24:15.505+0000] {processor.py:208} INFO - Processing /opt/conda/lib/python3.12/site-packages/airflow/example_dags/example_kubernetes_executor.py took 0.028 seconds
[2025-02-06T11:42:13.731+0000] {processor.py:186} INFO - Started process (PID=846) to work on /opt/conda/lib/python3.12/site-packages/airflow/example_dags/example_kubernetes_executor.py
[2025-02-06T11:42:13.733+0000] {processor.py:914} INFO - Processing file /opt/conda/lib/python3.12/site-packages/airflow/example_dags/example_kubernetes_executor.py for tasks to queue
[2025-02-06T11:42:13.737+0000] {logging_mixin.py:190} INFO - [2025-02-06T11:42:13.737+0000] {dagbag.py:588} INFO - Filling up the DagBag from /opt/conda/lib/python3.12/site-packages/airflow/example_dags/example_kubernetes_executor.py
[2025-02-06T11:42:13.743+0000] {logging_mixin.py:190} INFO - [2025-02-06T11:42:13.743+0000] {example_kubernetes_executor.py:39} WARNING - The example_kubernetes_executor example DAG requires the kubernetes provider. Please install it with: pip install apache-airflow[cncf.kubernetes]
[2025-02-06T11:42:13.745+0000] {processor.py:927} WARNING - No viable dags retrieved from /opt/conda/lib/python3.12/site-packages/airflow/example_dags/example_kubernetes_executor.py
[2025-02-06T11:42:13.783+0000] {processor.py:208} INFO - Processing /opt/conda/lib/python3.12/site-packages/airflow/example_dags/example_kubernetes_executor.py took 0.059 seconds
[2025-02-06T11:46:43.980+0000] {processor.py:186} INFO - Started process (PID=1822) to work on /opt/conda/lib/python3.12/site-packages/airflow/example_dags/example_kubernetes_executor.py
[2025-02-06T11:46:43.981+0000] {processor.py:914} INFO - Processing file /opt/conda/lib/python3.12/site-packages/airflow/example_dags/example_kubernetes_executor.py for tasks to queue
[2025-02-06T11:46:43.984+0000] {logging_mixin.py:190} INFO - [2025-02-06T11:46:43.984+0000] {dagbag.py:588} INFO - Filling up the DagBag from /opt/conda/lib/python3.12/site-packages/airflow/example_dags/example_kubernetes_executor.py
[2025-02-06T11:46:43.991+0000] {logging_mixin.py:190} INFO - [2025-02-06T11:46:43.991+0000] {example_kubernetes_executor.py:39} WARNING - The example_kubernetes_executor example DAG requires the kubernetes provider. Please install it with: pip install apache-airflow[cncf.kubernetes]
[2025-02-06T11:46:43.992+0000] {processor.py:927} WARNING - No viable dags retrieved from /opt/conda/lib/python3.12/site-packages/airflow/example_dags/example_kubernetes_executor.py
[2025-02-06T11:46:44.016+0000] {processor.py:208} INFO - Processing /opt/conda/lib/python3.12/site-packages/airflow/example_dags/example_kubernetes_executor.py took 0.042 seconds
[2025-02-06T11:50:30.355+0000] {processor.py:186} INFO - Started process (PID=2735) to work on /opt/conda/lib/python3.12/site-packages/airflow/example_dags/example_kubernetes_executor.py
[2025-02-06T11:50:30.357+0000] {processor.py:914} INFO - Processing file /opt/conda/lib/python3.12/site-packages/airflow/example_dags/example_kubernetes_executor.py for tasks to queue
[2025-02-06T11:50:30.358+0000] {logging_mixin.py:190} INFO - [2025-02-06T11:50:30.358+0000] {dagbag.py:588} INFO - Filling up the DagBag from /opt/conda/lib/python3.12/site-packages/airflow/example_dags/example_kubernetes_executor.py
[2025-02-06T11:50:30.368+0000] {logging_mixin.py:190} INFO - [2025-02-06T11:50:30.368+0000] {example_kubernetes_executor.py:39} WARNING - The example_kubernetes_executor example DAG requires the kubernetes provider. Please install it with: pip install apache-airflow[cncf.kubernetes]
[2025-02-06T11:50:30.369+0000] {processor.py:927} WARNING - No viable dags retrieved from /opt/conda/lib/python3.12/site-packages/airflow/example_dags/example_kubernetes_executor.py
[2025-02-06T11:50:30.400+0000] {processor.py:208} INFO - Processing /opt/conda/lib/python3.12/site-packages/airflow/example_dags/example_kubernetes_executor.py took 0.051 seconds
[2025-02-06T11:54:17.592+0000] {processor.py:186} INFO - Started process (PID=3708) to work on /opt/conda/lib/python3.12/site-packages/airflow/example_dags/example_kubernetes_executor.py
[2025-02-06T11:54:17.592+0000] {processor.py:914} INFO - Processing file /opt/conda/lib/python3.12/site-packages/airflow/example_dags/example_kubernetes_executor.py for tasks to queue
[2025-02-06T11:54:17.594+0000] {logging_mixin.py:190} INFO - [2025-02-06T11:54:17.594+0000] {dagbag.py:588} INFO - Filling up the DagBag from /opt/conda/lib/python3.12/site-packages/airflow/example_dags/example_kubernetes_executor.py
[2025-02-06T11:54:17.602+0000] {logging_mixin.py:190} INFO - [2025-02-06T11:54:17.601+0000] {example_kubernetes_executor.py:39} WARNING - The example_kubernetes_executor example DAG requires the kubernetes provider. Please install it with: pip install apache-airflow[cncf.kubernetes]
[2025-02-06T11:54:17.603+0000] {processor.py:927} WARNING - No viable dags retrieved from /opt/conda/lib/python3.12/site-packages/airflow/example_dags/example_kubernetes_executor.py
[2025-02-06T11:54:17.637+0000] {processor.py:208} INFO - Processing /opt/conda/lib/python3.12/site-packages/airflow/example_dags/example_kubernetes_executor.py took 0.052 seconds
[2025-02-06T12:05:45.947+0000] {processor.py:186} INFO - Started process (PID=864) to work on /opt/conda/lib/python3.12/site-packages/airflow/example_dags/example_kubernetes_executor.py
[2025-02-06T12:05:45.948+0000] {processor.py:914} INFO - Processing file /opt/conda/lib/python3.12/site-packages/airflow/example_dags/example_kubernetes_executor.py for tasks to queue
[2025-02-06T12:05:45.950+0000] {logging_mixin.py:190} INFO - [2025-02-06T12:05:45.949+0000] {dagbag.py:588} INFO - Filling up the DagBag from /opt/conda/lib/python3.12/site-packages/airflow/example_dags/example_kubernetes_executor.py
[2025-02-06T12:05:45.953+0000] {logging_mixin.py:190} INFO - [2025-02-06T12:05:45.953+0000] {example_kubernetes_executor.py:39} WARNING - The example_kubernetes_executor example DAG requires the kubernetes provider. Please install it with: pip install apache-airflow[cncf.kubernetes]
[2025-02-06T12:05:45.953+0000] {processor.py:927} WARNING - No viable dags retrieved from /opt/conda/lib/python3.12/site-packages/airflow/example_dags/example_kubernetes_executor.py
[2025-02-06T12:05:45.982+0000] {processor.py:208} INFO - Processing /opt/conda/lib/python3.12/site-packages/airflow/example_dags/example_kubernetes_executor.py took 0.039 seconds
[2025-02-06T12:08:35.226+0000] {processor.py:186} INFO - Started process (PID=1879) to work on /opt/conda/lib/python3.12/site-packages/airflow/example_dags/example_kubernetes_executor.py
[2025-02-06T12:08:35.227+0000] {processor.py:914} INFO - Processing file /opt/conda/lib/python3.12/site-packages/airflow/example_dags/example_kubernetes_executor.py for tasks to queue
[2025-02-06T12:08:35.229+0000] {logging_mixin.py:190} INFO - [2025-02-06T12:08:35.229+0000] {dagbag.py:588} INFO - Filling up the DagBag from /opt/conda/lib/python3.12/site-packages/airflow/example_dags/example_kubernetes_executor.py
[2025-02-06T12:08:35.233+0000] {logging_mixin.py:190} INFO - [2025-02-06T12:08:35.233+0000] {example_kubernetes_executor.py:39} WARNING - The example_kubernetes_executor example DAG requires the kubernetes provider. Please install it with: pip install apache-airflow[cncf.kubernetes]
[2025-02-06T12:08:35.234+0000] {processor.py:927} WARNING - No viable dags retrieved from /opt/conda/lib/python3.12/site-packages/airflow/example_dags/example_kubernetes_executor.py
[2025-02-06T12:08:35.256+0000] {processor.py:208} INFO - Processing /opt/conda/lib/python3.12/site-packages/airflow/example_dags/example_kubernetes_executor.py took 0.035 seconds
[2025-02-06T12:18:11.186+0000] {processor.py:186} INFO - Started process (PID=107) to work on /opt/conda/lib/python3.12/site-packages/airflow/example_dags/example_kubernetes_executor.py
[2025-02-06T12:18:11.188+0000] {processor.py:914} INFO - Processing file /opt/conda/lib/python3.12/site-packages/airflow/example_dags/example_kubernetes_executor.py for tasks to queue
[2025-02-06T12:18:11.190+0000] {logging_mixin.py:190} INFO - [2025-02-06T12:18:11.190+0000] {dagbag.py:588} INFO - Filling up the DagBag from /opt/conda/lib/python3.12/site-packages/airflow/example_dags/example_kubernetes_executor.py
[2025-02-06T12:18:11.194+0000] {logging_mixin.py:190} INFO - [2025-02-06T12:18:11.194+0000] {example_kubernetes_executor.py:39} WARNING - The example_kubernetes_executor example DAG requires the kubernetes provider. Please install it with: pip install apache-airflow[cncf.kubernetes]
[2025-02-06T12:18:11.194+0000] {processor.py:927} WARNING - No viable dags retrieved from /opt/conda/lib/python3.12/site-packages/airflow/example_dags/example_kubernetes_executor.py
[2025-02-06T12:18:11.217+0000] {processor.py:208} INFO - Processing /opt/conda/lib/python3.12/site-packages/airflow/example_dags/example_kubernetes_executor.py took 0.037 seconds
[2025-02-06T12:22:12.781+0000] {processor.py:186} INFO - Started process (PID=372) to work on /opt/conda/lib/python3.12/site-packages/airflow/example_dags/example_kubernetes_executor.py
[2025-02-06T12:22:12.782+0000] {processor.py:914} INFO - Processing file /opt/conda/lib/python3.12/site-packages/airflow/example_dags/example_kubernetes_executor.py for tasks to queue
[2025-02-06T12:22:12.784+0000] {logging_mixin.py:190} INFO - [2025-02-06T12:22:12.783+0000] {dagbag.py:588} INFO - Filling up the DagBag from /opt/conda/lib/python3.12/site-packages/airflow/example_dags/example_kubernetes_executor.py
[2025-02-06T12:22:12.787+0000] {logging_mixin.py:190} INFO - [2025-02-06T12:22:12.787+0000] {example_kubernetes_executor.py:39} WARNING - The example_kubernetes_executor example DAG requires the kubernetes provider. Please install it with: pip install apache-airflow[cncf.kubernetes]
[2025-02-06T12:22:12.787+0000] {processor.py:927} WARNING - No viable dags retrieved from /opt/conda/lib/python3.12/site-packages/airflow/example_dags/example_kubernetes_executor.py
[2025-02-06T12:22:12.803+0000] {processor.py:208} INFO - Processing /opt/conda/lib/python3.12/site-packages/airflow/example_dags/example_kubernetes_executor.py took 0.026 seconds
[2025-02-06T12:24:22.728+0000] {processor.py:186} INFO - Started process (PID=1178) to work on /opt/conda/lib/python3.12/site-packages/airflow/example_dags/example_kubernetes_executor.py
[2025-02-06T12:24:22.730+0000] {processor.py:914} INFO - Processing file /opt/conda/lib/python3.12/site-packages/airflow/example_dags/example_kubernetes_executor.py for tasks to queue
[2025-02-06T12:24:22.732+0000] {logging_mixin.py:190} INFO - [2025-02-06T12:24:22.732+0000] {dagbag.py:588} INFO - Filling up the DagBag from /opt/conda/lib/python3.12/site-packages/airflow/example_dags/example_kubernetes_executor.py
[2025-02-06T12:24:22.735+0000] {logging_mixin.py:190} INFO - [2025-02-06T12:24:22.735+0000] {example_kubernetes_executor.py:39} WARNING - The example_kubernetes_executor example DAG requires the kubernetes provider. Please install it with: pip install apache-airflow[cncf.kubernetes]
[2025-02-06T12:24:22.736+0000] {processor.py:927} WARNING - No viable dags retrieved from /opt/conda/lib/python3.12/site-packages/airflow/example_dags/example_kubernetes_executor.py
[2025-02-06T12:24:22.755+0000] {processor.py:208} INFO - Processing /opt/conda/lib/python3.12/site-packages/airflow/example_dags/example_kubernetes_executor.py took 0.032 seconds
[2025-02-06T12:27:31.291+0000] {processor.py:186} INFO - Started process (PID=2580) to work on /opt/conda/lib/python3.12/site-packages/airflow/example_dags/example_kubernetes_executor.py
[2025-02-06T12:27:31.292+0000] {processor.py:914} INFO - Processing file /opt/conda/lib/python3.12/site-packages/airflow/example_dags/example_kubernetes_executor.py for tasks to queue
[2025-02-06T12:27:31.294+0000] {logging_mixin.py:190} INFO - [2025-02-06T12:27:31.294+0000] {dagbag.py:588} INFO - Filling up the DagBag from /opt/conda/lib/python3.12/site-packages/airflow/example_dags/example_kubernetes_executor.py
[2025-02-06T12:27:31.299+0000] {logging_mixin.py:190} INFO - [2025-02-06T12:27:31.299+0000] {example_kubernetes_executor.py:39} WARNING - The example_kubernetes_executor example DAG requires the kubernetes provider. Please install it with: pip install apache-airflow[cncf.kubernetes]
[2025-02-06T12:27:31.300+0000] {processor.py:927} WARNING - No viable dags retrieved from /opt/conda/lib/python3.12/site-packages/airflow/example_dags/example_kubernetes_executor.py
[2025-02-06T12:27:31.322+0000] {processor.py:208} INFO - Processing /opt/conda/lib/python3.12/site-packages/airflow/example_dags/example_kubernetes_executor.py took 0.037 seconds
[2025-02-06T12:31:24.688+0000] {processor.py:186} INFO - Started process (PID=4612) to work on /opt/conda/lib/python3.12/site-packages/airflow/example_dags/example_kubernetes_executor.py
[2025-02-06T12:31:24.689+0000] {processor.py:914} INFO - Processing file /opt/conda/lib/python3.12/site-packages/airflow/example_dags/example_kubernetes_executor.py for tasks to queue
[2025-02-06T12:31:24.691+0000] {logging_mixin.py:190} INFO - [2025-02-06T12:31:24.691+0000] {dagbag.py:588} INFO - Filling up the DagBag from /opt/conda/lib/python3.12/site-packages/airflow/example_dags/example_kubernetes_executor.py
[2025-02-06T12:31:24.697+0000] {logging_mixin.py:190} INFO - [2025-02-06T12:31:24.696+0000] {example_kubernetes_executor.py:39} WARNING - The example_kubernetes_executor example DAG requires the kubernetes provider. Please install it with: pip install apache-airflow[cncf.kubernetes]
[2025-02-06T12:31:24.697+0000] {processor.py:927} WARNING - No viable dags retrieved from /opt/conda/lib/python3.12/site-packages/airflow/example_dags/example_kubernetes_executor.py
[2025-02-06T12:31:24.718+0000] {processor.py:208} INFO - Processing /opt/conda/lib/python3.12/site-packages/airflow/example_dags/example_kubernetes_executor.py took 0.034 seconds
[2025-02-06T12:35:30.608+0000] {processor.py:186} INFO - Started process (PID=6749) to work on /opt/conda/lib/python3.12/site-packages/airflow/example_dags/example_kubernetes_executor.py
[2025-02-06T12:35:30.609+0000] {processor.py:914} INFO - Processing file /opt/conda/lib/python3.12/site-packages/airflow/example_dags/example_kubernetes_executor.py for tasks to queue
[2025-02-06T12:35:30.611+0000] {logging_mixin.py:190} INFO - [2025-02-06T12:35:30.611+0000] {dagbag.py:588} INFO - Filling up the DagBag from /opt/conda/lib/python3.12/site-packages/airflow/example_dags/example_kubernetes_executor.py
[2025-02-06T12:35:30.615+0000] {logging_mixin.py:190} INFO - [2025-02-06T12:35:30.615+0000] {example_kubernetes_executor.py:39} WARNING - The example_kubernetes_executor example DAG requires the kubernetes provider. Please install it with: pip install apache-airflow[cncf.kubernetes]
[2025-02-06T12:35:30.615+0000] {processor.py:927} WARNING - No viable dags retrieved from /opt/conda/lib/python3.12/site-packages/airflow/example_dags/example_kubernetes_executor.py
[2025-02-06T12:35:30.633+0000] {processor.py:208} INFO - Processing /opt/conda/lib/python3.12/site-packages/airflow/example_dags/example_kubernetes_executor.py took 0.029 seconds
[2025-02-06T12:39:42.560+0000] {processor.py:186} INFO - Started process (PID=8869) to work on /opt/conda/lib/python3.12/site-packages/airflow/example_dags/example_kubernetes_executor.py
[2025-02-06T12:39:42.561+0000] {processor.py:914} INFO - Processing file /opt/conda/lib/python3.12/site-packages/airflow/example_dags/example_kubernetes_executor.py for tasks to queue
[2025-02-06T12:39:42.563+0000] {logging_mixin.py:190} INFO - [2025-02-06T12:39:42.563+0000] {dagbag.py:588} INFO - Filling up the DagBag from /opt/conda/lib/python3.12/site-packages/airflow/example_dags/example_kubernetes_executor.py
[2025-02-06T12:39:42.566+0000] {logging_mixin.py:190} INFO - [2025-02-06T12:39:42.566+0000] {example_kubernetes_executor.py:39} WARNING - The example_kubernetes_executor example DAG requires the kubernetes provider. Please install it with: pip install apache-airflow[cncf.kubernetes]
[2025-02-06T12:39:42.567+0000] {processor.py:927} WARNING - No viable dags retrieved from /opt/conda/lib/python3.12/site-packages/airflow/example_dags/example_kubernetes_executor.py
[2025-02-06T12:39:42.586+0000] {processor.py:208} INFO - Processing /opt/conda/lib/python3.12/site-packages/airflow/example_dags/example_kubernetes_executor.py took 0.030 seconds
[2025-02-06T12:43:46.450+0000] {processor.py:186} INFO - Started process (PID=10972) to work on /opt/conda/lib/python3.12/site-packages/airflow/example_dags/example_kubernetes_executor.py
[2025-02-06T12:43:46.451+0000] {processor.py:914} INFO - Processing file /opt/conda/lib/python3.12/site-packages/airflow/example_dags/example_kubernetes_executor.py for tasks to queue
[2025-02-06T12:43:46.452+0000] {logging_mixin.py:190} INFO - [2025-02-06T12:43:46.452+0000] {dagbag.py:588} INFO - Filling up the DagBag from /opt/conda/lib/python3.12/site-packages/airflow/example_dags/example_kubernetes_executor.py
[2025-02-06T12:43:46.457+0000] {logging_mixin.py:190} INFO - [2025-02-06T12:43:46.457+0000] {example_kubernetes_executor.py:39} WARNING - The example_kubernetes_executor example DAG requires the kubernetes provider. Please install it with: pip install apache-airflow[cncf.kubernetes]
[2025-02-06T12:43:46.458+0000] {processor.py:927} WARNING - No viable dags retrieved from /opt/conda/lib/python3.12/site-packages/airflow/example_dags/example_kubernetes_executor.py
[2025-02-06T12:43:46.475+0000] {processor.py:208} INFO - Processing /opt/conda/lib/python3.12/site-packages/airflow/example_dags/example_kubernetes_executor.py took 0.029 seconds
[2025-02-06T12:48:16.369+0000] {processor.py:186} INFO - Started process (PID=13107) to work on /opt/conda/lib/python3.12/site-packages/airflow/example_dags/example_kubernetes_executor.py
[2025-02-06T12:48:16.370+0000] {processor.py:914} INFO - Processing file /opt/conda/lib/python3.12/site-packages/airflow/example_dags/example_kubernetes_executor.py for tasks to queue
[2025-02-06T12:48:16.372+0000] {logging_mixin.py:190} INFO - [2025-02-06T12:48:16.372+0000] {dagbag.py:588} INFO - Filling up the DagBag from /opt/conda/lib/python3.12/site-packages/airflow/example_dags/example_kubernetes_executor.py
[2025-02-06T12:48:16.377+0000] {logging_mixin.py:190} INFO - [2025-02-06T12:48:16.377+0000] {example_kubernetes_executor.py:39} WARNING - The example_kubernetes_executor example DAG requires the kubernetes provider. Please install it with: pip install apache-airflow[cncf.kubernetes]
[2025-02-06T12:48:16.377+0000] {processor.py:927} WARNING - No viable dags retrieved from /opt/conda/lib/python3.12/site-packages/airflow/example_dags/example_kubernetes_executor.py
[2025-02-06T12:48:16.397+0000] {processor.py:208} INFO - Processing /opt/conda/lib/python3.12/site-packages/airflow/example_dags/example_kubernetes_executor.py took 0.032 seconds
[2025-02-06T12:58:46.196+0000] {processor.py:186} INFO - Started process (PID=396) to work on /opt/conda/lib/python3.12/site-packages/airflow/example_dags/example_kubernetes_executor.py
[2025-02-06T12:58:46.198+0000] {processor.py:914} INFO - Processing file /opt/conda/lib/python3.12/site-packages/airflow/example_dags/example_kubernetes_executor.py for tasks to queue
[2025-02-06T12:58:46.200+0000] {logging_mixin.py:190} INFO - [2025-02-06T12:58:46.199+0000] {dagbag.py:588} INFO - Filling up the DagBag from /opt/conda/lib/python3.12/site-packages/airflow/example_dags/example_kubernetes_executor.py
[2025-02-06T12:58:46.208+0000] {logging_mixin.py:190} INFO - [2025-02-06T12:58:46.207+0000] {example_kubernetes_executor.py:39} WARNING - The example_kubernetes_executor example DAG requires the kubernetes provider. Please install it with: pip install apache-airflow[cncf.kubernetes]
[2025-02-06T12:58:46.209+0000] {processor.py:927} WARNING - No viable dags retrieved from /opt/conda/lib/python3.12/site-packages/airflow/example_dags/example_kubernetes_executor.py
[2025-02-06T12:58:46.243+0000] {processor.py:208} INFO - Processing /opt/conda/lib/python3.12/site-packages/airflow/example_dags/example_kubernetes_executor.py took 0.054 seconds
[2025-02-06T13:02:17.652+0000] {processor.py:186} INFO - Started process (PID=1372) to work on /opt/conda/lib/python3.12/site-packages/airflow/example_dags/example_kubernetes_executor.py
[2025-02-06T13:02:17.654+0000] {processor.py:914} INFO - Processing file /opt/conda/lib/python3.12/site-packages/airflow/example_dags/example_kubernetes_executor.py for tasks to queue
[2025-02-06T13:02:17.655+0000] {logging_mixin.py:190} INFO - [2025-02-06T13:02:17.655+0000] {dagbag.py:588} INFO - Filling up the DagBag from /opt/conda/lib/python3.12/site-packages/airflow/example_dags/example_kubernetes_executor.py
[2025-02-06T13:02:17.659+0000] {logging_mixin.py:190} INFO - [2025-02-06T13:02:17.659+0000] {example_kubernetes_executor.py:39} WARNING - The example_kubernetes_executor example DAG requires the kubernetes provider. Please install it with: pip install apache-airflow[cncf.kubernetes]
[2025-02-06T13:02:17.660+0000] {processor.py:927} WARNING - No viable dags retrieved from /opt/conda/lib/python3.12/site-packages/airflow/example_dags/example_kubernetes_executor.py
[2025-02-06T13:02:17.678+0000] {processor.py:208} INFO - Processing /opt/conda/lib/python3.12/site-packages/airflow/example_dags/example_kubernetes_executor.py took 0.030 seconds
[2025-02-06T13:04:47.503+0000] {processor.py:186} INFO - Started process (PID=2203) to work on /opt/conda/lib/python3.12/site-packages/airflow/example_dags/example_kubernetes_executor.py
[2025-02-06T13:04:47.506+0000] {processor.py:914} INFO - Processing file /opt/conda/lib/python3.12/site-packages/airflow/example_dags/example_kubernetes_executor.py for tasks to queue
[2025-02-06T13:04:47.508+0000] {logging_mixin.py:190} INFO - [2025-02-06T13:04:47.508+0000] {dagbag.py:588} INFO - Filling up the DagBag from /opt/conda/lib/python3.12/site-packages/airflow/example_dags/example_kubernetes_executor.py
[2025-02-06T13:04:47.513+0000] {logging_mixin.py:190} INFO - [2025-02-06T13:04:47.512+0000] {example_kubernetes_executor.py:39} WARNING - The example_kubernetes_executor example DAG requires the kubernetes provider. Please install it with: pip install apache-airflow[cncf.kubernetes]
[2025-02-06T13:04:47.514+0000] {processor.py:927} WARNING - No viable dags retrieved from /opt/conda/lib/python3.12/site-packages/airflow/example_dags/example_kubernetes_executor.py
[2025-02-06T13:04:47.541+0000] {processor.py:208} INFO - Processing /opt/conda/lib/python3.12/site-packages/airflow/example_dags/example_kubernetes_executor.py took 0.043 seconds
[2025-02-06T13:19:41.853+0000] {processor.py:186} INFO - Started process (PID=483) to work on /opt/conda/lib/python3.12/site-packages/airflow/example_dags/example_kubernetes_executor.py
[2025-02-06T13:19:41.854+0000] {processor.py:914} INFO - Processing file /opt/conda/lib/python3.12/site-packages/airflow/example_dags/example_kubernetes_executor.py for tasks to queue
[2025-02-06T13:19:41.856+0000] {logging_mixin.py:190} INFO - [2025-02-06T13:19:41.855+0000] {dagbag.py:588} INFO - Filling up the DagBag from /opt/conda/lib/python3.12/site-packages/airflow/example_dags/example_kubernetes_executor.py
[2025-02-06T13:19:41.860+0000] {logging_mixin.py:190} INFO - [2025-02-06T13:19:41.860+0000] {example_kubernetes_executor.py:39} WARNING - The example_kubernetes_executor example DAG requires the kubernetes provider. Please install it with: pip install apache-airflow[cncf.kubernetes]
[2025-02-06T13:19:41.861+0000] {processor.py:927} WARNING - No viable dags retrieved from /opt/conda/lib/python3.12/site-packages/airflow/example_dags/example_kubernetes_executor.py
[2025-02-06T13:19:41.881+0000] {processor.py:208} INFO - Processing /opt/conda/lib/python3.12/site-packages/airflow/example_dags/example_kubernetes_executor.py took 0.033 seconds
[2025-02-06T13:23:33.650+0000] {processor.py:186} INFO - Started process (PID=1939) to work on /opt/conda/lib/python3.12/site-packages/airflow/example_dags/example_kubernetes_executor.py
[2025-02-06T13:23:33.652+0000] {processor.py:914} INFO - Processing file /opt/conda/lib/python3.12/site-packages/airflow/example_dags/example_kubernetes_executor.py for tasks to queue
[2025-02-06T13:23:33.654+0000] {logging_mixin.py:190} INFO - [2025-02-06T13:23:33.654+0000] {dagbag.py:588} INFO - Filling up the DagBag from /opt/conda/lib/python3.12/site-packages/airflow/example_dags/example_kubernetes_executor.py
[2025-02-06T13:23:33.660+0000] {logging_mixin.py:190} INFO - [2025-02-06T13:23:33.659+0000] {example_kubernetes_executor.py:39} WARNING - The example_kubernetes_executor example DAG requires the kubernetes provider. Please install it with: pip install apache-airflow[cncf.kubernetes]
[2025-02-06T13:23:33.660+0000] {processor.py:927} WARNING - No viable dags retrieved from /opt/conda/lib/python3.12/site-packages/airflow/example_dags/example_kubernetes_executor.py
[2025-02-06T13:23:33.682+0000] {processor.py:208} INFO - Processing /opt/conda/lib/python3.12/site-packages/airflow/example_dags/example_kubernetes_executor.py took 0.037 seconds
[2025-02-06T13:27:57.617+0000] {processor.py:186} INFO - Started process (PID=3880) to work on /opt/conda/lib/python3.12/site-packages/airflow/example_dags/example_kubernetes_executor.py
[2025-02-06T13:27:57.618+0000] {processor.py:914} INFO - Processing file /opt/conda/lib/python3.12/site-packages/airflow/example_dags/example_kubernetes_executor.py for tasks to queue
[2025-02-06T13:27:57.620+0000] {logging_mixin.py:190} INFO - [2025-02-06T13:27:57.620+0000] {dagbag.py:588} INFO - Filling up the DagBag from /opt/conda/lib/python3.12/site-packages/airflow/example_dags/example_kubernetes_executor.py
[2025-02-06T13:27:57.624+0000] {logging_mixin.py:190} INFO - [2025-02-06T13:27:57.624+0000] {example_kubernetes_executor.py:39} WARNING - The example_kubernetes_executor example DAG requires the kubernetes provider. Please install it with: pip install apache-airflow[cncf.kubernetes]
[2025-02-06T13:27:57.624+0000] {processor.py:927} WARNING - No viable dags retrieved from /opt/conda/lib/python3.12/site-packages/airflow/example_dags/example_kubernetes_executor.py
[2025-02-06T13:27:57.646+0000] {processor.py:208} INFO - Processing /opt/conda/lib/python3.12/site-packages/airflow/example_dags/example_kubernetes_executor.py took 0.033 seconds
[2025-02-06T13:32:03.436+0000] {processor.py:186} INFO - Started process (PID=5512) to work on /opt/conda/lib/python3.12/site-packages/airflow/example_dags/example_kubernetes_executor.py
[2025-02-06T13:32:03.437+0000] {processor.py:914} INFO - Processing file /opt/conda/lib/python3.12/site-packages/airflow/example_dags/example_kubernetes_executor.py for tasks to queue
[2025-02-06T13:32:03.438+0000] {logging_mixin.py:190} INFO - [2025-02-06T13:32:03.438+0000] {dagbag.py:588} INFO - Filling up the DagBag from /opt/conda/lib/python3.12/site-packages/airflow/example_dags/example_kubernetes_executor.py
[2025-02-06T13:32:03.443+0000] {logging_mixin.py:190} INFO - [2025-02-06T13:32:03.443+0000] {example_kubernetes_executor.py:39} WARNING - The example_kubernetes_executor example DAG requires the kubernetes provider. Please install it with: pip install apache-airflow[cncf.kubernetes]
[2025-02-06T13:32:03.443+0000] {processor.py:927} WARNING - No viable dags retrieved from /opt/conda/lib/python3.12/site-packages/airflow/example_dags/example_kubernetes_executor.py
[2025-02-06T13:32:03.466+0000] {processor.py:208} INFO - Processing /opt/conda/lib/python3.12/site-packages/airflow/example_dags/example_kubernetes_executor.py took 0.035 seconds
