[2025-02-06T08:27:42.367+0000] {processor.py:186} INFO - Started process (PID=86) to work on /opt/conda/lib/python3.12/site-packages/airflow/example_dags/example_short_circuit_decorator.py
[2025-02-06T08:27:42.368+0000] {processor.py:914} INFO - Processing file /opt/conda/lib/python3.12/site-packages/airflow/example_dags/example_short_circuit_decorator.py for tasks to queue
[2025-02-06T08:27:42.371+0000] {logging_mixin.py:190} INFO - [2025-02-06T08:27:42.370+0000] {dagbag.py:588} INFO - Filling up the DagBag from /opt/conda/lib/python3.12/site-packages/airflow/example_dags/example_short_circuit_decorator.py
[2025-02-06T08:27:42.379+0000] {processor.py:925} INFO - DAG(s) 'example_short_circuit_decorator' retrieved from /opt/conda/lib/python3.12/site-packages/airflow/example_dags/example_short_circuit_decorator.py
[2025-02-06T08:27:42.519+0000] {logging_mixin.py:190} INFO - [2025-02-06T08:27:42.518+0000] {override.py:1912} INFO - Created Permission View: can delete on DAG:example_short_circuit_decorator
[2025-02-06T08:27:42.556+0000] {logging_mixin.py:190} INFO - [2025-02-06T08:27:42.556+0000] {override.py:1912} INFO - Created Permission View: can read on DAG:example_short_circuit_decorator
[2025-02-06T08:27:42.591+0000] {logging_mixin.py:190} INFO - [2025-02-06T08:27:42.591+0000] {override.py:1912} INFO - Created Permission View: can edit on DAG:example_short_circuit_decorator
[2025-02-06T08:27:42.647+0000] {logging_mixin.py:190} INFO - [2025-02-06T08:27:42.646+0000] {override.py:1912} INFO - Created Permission View: menu access on DAG Run:example_short_circuit_decorator
[2025-02-06T08:27:42.689+0000] {logging_mixin.py:190} INFO - [2025-02-06T08:27:42.688+0000] {override.py:1912} INFO - Created Permission View: can create on DAG Run:example_short_circuit_decorator
[2025-02-06T08:27:42.723+0000] {logging_mixin.py:190} INFO - [2025-02-06T08:27:42.722+0000] {override.py:1912} INFO - Created Permission View: can read on DAG Run:example_short_circuit_decorator
[2025-02-06T08:27:42.756+0000] {logging_mixin.py:190} INFO - [2025-02-06T08:27:42.755+0000] {override.py:1912} INFO - Created Permission View: can delete on DAG Run:example_short_circuit_decorator
[2025-02-06T08:27:42.756+0000] {logging_mixin.py:190} INFO - [2025-02-06T08:27:42.756+0000] {dag.py:3239} INFO - Sync 1 DAGs
[2025-02-06T08:27:42.773+0000] {logging_mixin.py:190} INFO - [2025-02-06T08:27:42.773+0000] {dag.py:3262} INFO - Creating ORM DAG for example_short_circuit_decorator
[2025-02-06T08:27:42.774+0000] {logging_mixin.py:190} INFO - [2025-02-06T08:27:42.774+0000] {dag.py:4180} INFO - Setting next_dagrun for example_short_circuit_decorator to None, run_after=None
[2025-02-06T08:27:42.834+0000] {processor.py:208} INFO - Processing /opt/conda/lib/python3.12/site-packages/airflow/example_dags/example_short_circuit_decorator.py took 0.470 seconds
[2025-02-06T08:31:14.387+0000] {processor.py:186} INFO - Started process (PID=87) to work on /opt/conda/lib/python3.12/site-packages/airflow/example_dags/example_short_circuit_decorator.py
[2025-02-06T08:31:14.388+0000] {processor.py:914} INFO - Processing file /opt/conda/lib/python3.12/site-packages/airflow/example_dags/example_short_circuit_decorator.py for tasks to queue
[2025-02-06T08:31:14.390+0000] {logging_mixin.py:190} INFO - [2025-02-06T08:31:14.389+0000] {dagbag.py:588} INFO - Filling up the DagBag from /opt/conda/lib/python3.12/site-packages/airflow/example_dags/example_short_circuit_decorator.py
[2025-02-06T08:31:14.397+0000] {processor.py:925} INFO - DAG(s) 'example_short_circuit_decorator' retrieved from /opt/conda/lib/python3.12/site-packages/airflow/example_dags/example_short_circuit_decorator.py
[2025-02-06T08:31:14.421+0000] {logging_mixin.py:190} INFO - [2025-02-06T08:31:14.421+0000] {dag.py:3239} INFO - Sync 1 DAGs
[2025-02-06T08:31:14.434+0000] {logging_mixin.py:190} INFO - [2025-02-06T08:31:14.434+0000] {dag.py:4180} INFO - Setting next_dagrun for example_short_circuit_decorator to None, run_after=None
[2025-02-06T08:31:14.494+0000] {processor.py:208} INFO - Processing /opt/conda/lib/python3.12/site-packages/airflow/example_dags/example_short_circuit_decorator.py took 0.111 seconds
[2025-02-06T08:32:25.838+0000] {processor.py:186} INFO - Started process (PID=150) to work on /opt/conda/lib/python3.12/site-packages/airflow/example_dags/example_short_circuit_decorator.py
[2025-02-06T08:32:25.839+0000] {processor.py:914} INFO - Processing file /opt/conda/lib/python3.12/site-packages/airflow/example_dags/example_short_circuit_decorator.py for tasks to queue
[2025-02-06T08:32:25.840+0000] {logging_mixin.py:190} INFO - [2025-02-06T08:32:25.840+0000] {dagbag.py:588} INFO - Filling up the DagBag from /opt/conda/lib/python3.12/site-packages/airflow/example_dags/example_short_circuit_decorator.py
[2025-02-06T08:32:25.848+0000] {processor.py:925} INFO - DAG(s) 'example_short_circuit_decorator' retrieved from /opt/conda/lib/python3.12/site-packages/airflow/example_dags/example_short_circuit_decorator.py
[2025-02-06T08:32:25.873+0000] {logging_mixin.py:190} INFO - [2025-02-06T08:32:25.873+0000] {dag.py:3239} INFO - Sync 1 DAGs
[2025-02-06T08:32:25.886+0000] {logging_mixin.py:190} INFO - [2025-02-06T08:32:25.886+0000] {dag.py:4180} INFO - Setting next_dagrun for example_short_circuit_decorator to None, run_after=None
[2025-02-06T08:32:25.941+0000] {processor.py:208} INFO - Processing /opt/conda/lib/python3.12/site-packages/airflow/example_dags/example_short_circuit_decorator.py took 0.107 seconds
[2025-02-06T08:33:35.852+0000] {processor.py:186} INFO - Started process (PID=211) to work on /opt/conda/lib/python3.12/site-packages/airflow/example_dags/example_short_circuit_decorator.py
[2025-02-06T08:33:35.853+0000] {processor.py:914} INFO - Processing file /opt/conda/lib/python3.12/site-packages/airflow/example_dags/example_short_circuit_decorator.py for tasks to queue
[2025-02-06T08:33:35.854+0000] {logging_mixin.py:190} INFO - [2025-02-06T08:33:35.854+0000] {dagbag.py:588} INFO - Filling up the DagBag from /opt/conda/lib/python3.12/site-packages/airflow/example_dags/example_short_circuit_decorator.py
[2025-02-06T08:33:35.861+0000] {processor.py:925} INFO - DAG(s) 'example_short_circuit_decorator' retrieved from /opt/conda/lib/python3.12/site-packages/airflow/example_dags/example_short_circuit_decorator.py
[2025-02-06T08:33:35.884+0000] {logging_mixin.py:190} INFO - [2025-02-06T08:33:35.884+0000] {dag.py:3239} INFO - Sync 1 DAGs
[2025-02-06T08:33:35.895+0000] {logging_mixin.py:190} INFO - [2025-02-06T08:33:35.895+0000] {dag.py:4180} INFO - Setting next_dagrun for example_short_circuit_decorator to None, run_after=None
[2025-02-06T08:33:35.949+0000] {processor.py:208} INFO - Processing /opt/conda/lib/python3.12/site-packages/airflow/example_dags/example_short_circuit_decorator.py took 0.102 seconds
[2025-02-06T08:34:51.694+0000] {processor.py:186} INFO - Started process (PID=274) to work on /opt/conda/lib/python3.12/site-packages/airflow/example_dags/example_short_circuit_decorator.py
[2025-02-06T08:34:51.695+0000] {processor.py:914} INFO - Processing file /opt/conda/lib/python3.12/site-packages/airflow/example_dags/example_short_circuit_decorator.py for tasks to queue
[2025-02-06T08:34:51.699+0000] {logging_mixin.py:190} INFO - [2025-02-06T08:34:51.698+0000] {dagbag.py:588} INFO - Filling up the DagBag from /opt/conda/lib/python3.12/site-packages/airflow/example_dags/example_short_circuit_decorator.py
[2025-02-06T08:34:51.707+0000] {processor.py:925} INFO - DAG(s) 'example_short_circuit_decorator' retrieved from /opt/conda/lib/python3.12/site-packages/airflow/example_dags/example_short_circuit_decorator.py
[2025-02-06T08:34:51.735+0000] {logging_mixin.py:190} INFO - [2025-02-06T08:34:51.735+0000] {dag.py:3239} INFO - Sync 1 DAGs
[2025-02-06T08:34:51.749+0000] {logging_mixin.py:190} INFO - [2025-02-06T08:34:51.749+0000] {dag.py:4180} INFO - Setting next_dagrun for example_short_circuit_decorator to None, run_after=None
[2025-02-06T08:34:51.814+0000] {processor.py:208} INFO - Processing /opt/conda/lib/python3.12/site-packages/airflow/example_dags/example_short_circuit_decorator.py took 0.125 seconds
[2025-02-06T08:36:08.266+0000] {processor.py:186} INFO - Started process (PID=340) to work on /opt/conda/lib/python3.12/site-packages/airflow/example_dags/example_short_circuit_decorator.py
[2025-02-06T08:36:08.267+0000] {processor.py:914} INFO - Processing file /opt/conda/lib/python3.12/site-packages/airflow/example_dags/example_short_circuit_decorator.py for tasks to queue
[2025-02-06T08:36:08.269+0000] {logging_mixin.py:190} INFO - [2025-02-06T08:36:08.268+0000] {dagbag.py:588} INFO - Filling up the DagBag from /opt/conda/lib/python3.12/site-packages/airflow/example_dags/example_short_circuit_decorator.py
[2025-02-06T08:36:08.275+0000] {processor.py:925} INFO - DAG(s) 'example_short_circuit_decorator' retrieved from /opt/conda/lib/python3.12/site-packages/airflow/example_dags/example_short_circuit_decorator.py
[2025-02-06T08:36:08.297+0000] {logging_mixin.py:190} INFO - [2025-02-06T08:36:08.297+0000] {dag.py:3239} INFO - Sync 1 DAGs
[2025-02-06T08:36:08.308+0000] {logging_mixin.py:190} INFO - [2025-02-06T08:36:08.308+0000] {dag.py:4180} INFO - Setting next_dagrun for example_short_circuit_decorator to None, run_after=None
[2025-02-06T08:36:08.449+0000] {processor.py:208} INFO - Processing /opt/conda/lib/python3.12/site-packages/airflow/example_dags/example_short_circuit_decorator.py took 0.188 seconds
[2025-02-06T08:37:30.464+0000] {processor.py:186} INFO - Started process (PID=407) to work on /opt/conda/lib/python3.12/site-packages/airflow/example_dags/example_short_circuit_decorator.py
[2025-02-06T08:37:30.465+0000] {processor.py:914} INFO - Processing file /opt/conda/lib/python3.12/site-packages/airflow/example_dags/example_short_circuit_decorator.py for tasks to queue
[2025-02-06T08:37:30.466+0000] {logging_mixin.py:190} INFO - [2025-02-06T08:37:30.466+0000] {dagbag.py:588} INFO - Filling up the DagBag from /opt/conda/lib/python3.12/site-packages/airflow/example_dags/example_short_circuit_decorator.py
[2025-02-06T08:37:30.474+0000] {processor.py:925} INFO - DAG(s) 'example_short_circuit_decorator' retrieved from /opt/conda/lib/python3.12/site-packages/airflow/example_dags/example_short_circuit_decorator.py
[2025-02-06T08:37:30.500+0000] {logging_mixin.py:190} INFO - [2025-02-06T08:37:30.500+0000] {dag.py:3239} INFO - Sync 1 DAGs
[2025-02-06T08:37:30.513+0000] {logging_mixin.py:190} INFO - [2025-02-06T08:37:30.513+0000] {dag.py:4180} INFO - Setting next_dagrun for example_short_circuit_decorator to None, run_after=None
[2025-02-06T08:37:30.577+0000] {processor.py:208} INFO - Processing /opt/conda/lib/python3.12/site-packages/airflow/example_dags/example_short_circuit_decorator.py took 0.118 seconds
[2025-02-06T08:38:46.423+0000] {processor.py:186} INFO - Started process (PID=472) to work on /opt/conda/lib/python3.12/site-packages/airflow/example_dags/example_short_circuit_decorator.py
[2025-02-06T08:38:46.425+0000] {processor.py:914} INFO - Processing file /opt/conda/lib/python3.12/site-packages/airflow/example_dags/example_short_circuit_decorator.py for tasks to queue
[2025-02-06T08:38:46.426+0000] {logging_mixin.py:190} INFO - [2025-02-06T08:38:46.426+0000] {dagbag.py:588} INFO - Filling up the DagBag from /opt/conda/lib/python3.12/site-packages/airflow/example_dags/example_short_circuit_decorator.py
[2025-02-06T08:38:46.435+0000] {processor.py:925} INFO - DAG(s) 'example_short_circuit_decorator' retrieved from /opt/conda/lib/python3.12/site-packages/airflow/example_dags/example_short_circuit_decorator.py
[2025-02-06T08:38:46.466+0000] {logging_mixin.py:190} INFO - [2025-02-06T08:38:46.465+0000] {dag.py:3239} INFO - Sync 1 DAGs
[2025-02-06T08:38:46.479+0000] {logging_mixin.py:190} INFO - [2025-02-06T08:38:46.479+0000] {dag.py:4180} INFO - Setting next_dagrun for example_short_circuit_decorator to None, run_after=None
[2025-02-06T08:38:46.545+0000] {processor.py:208} INFO - Processing /opt/conda/lib/python3.12/site-packages/airflow/example_dags/example_short_circuit_decorator.py took 0.130 seconds
[2025-02-06T08:40:04.105+0000] {processor.py:186} INFO - Started process (PID=538) to work on /opt/conda/lib/python3.12/site-packages/airflow/example_dags/example_short_circuit_decorator.py
[2025-02-06T08:40:04.106+0000] {processor.py:914} INFO - Processing file /opt/conda/lib/python3.12/site-packages/airflow/example_dags/example_short_circuit_decorator.py for tasks to queue
[2025-02-06T08:40:04.108+0000] {logging_mixin.py:190} INFO - [2025-02-06T08:40:04.107+0000] {dagbag.py:588} INFO - Filling up the DagBag from /opt/conda/lib/python3.12/site-packages/airflow/example_dags/example_short_circuit_decorator.py
[2025-02-06T08:40:04.115+0000] {processor.py:925} INFO - DAG(s) 'example_short_circuit_decorator' retrieved from /opt/conda/lib/python3.12/site-packages/airflow/example_dags/example_short_circuit_decorator.py
[2025-02-06T08:40:04.141+0000] {logging_mixin.py:190} INFO - [2025-02-06T08:40:04.141+0000] {dag.py:3239} INFO - Sync 1 DAGs
[2025-02-06T08:40:04.158+0000] {logging_mixin.py:190} INFO - [2025-02-06T08:40:04.158+0000] {dag.py:4180} INFO - Setting next_dagrun for example_short_circuit_decorator to None, run_after=None
[2025-02-06T08:40:04.213+0000] {processor.py:208} INFO - Processing /opt/conda/lib/python3.12/site-packages/airflow/example_dags/example_short_circuit_decorator.py took 0.111 seconds
[2025-02-06T08:41:20.784+0000] {processor.py:186} INFO - Started process (PID=604) to work on /opt/conda/lib/python3.12/site-packages/airflow/example_dags/example_short_circuit_decorator.py
[2025-02-06T08:41:20.785+0000] {processor.py:914} INFO - Processing file /opt/conda/lib/python3.12/site-packages/airflow/example_dags/example_short_circuit_decorator.py for tasks to queue
[2025-02-06T08:41:20.786+0000] {logging_mixin.py:190} INFO - [2025-02-06T08:41:20.786+0000] {dagbag.py:588} INFO - Filling up the DagBag from /opt/conda/lib/python3.12/site-packages/airflow/example_dags/example_short_circuit_decorator.py
[2025-02-06T08:41:20.794+0000] {processor.py:925} INFO - DAG(s) 'example_short_circuit_decorator' retrieved from /opt/conda/lib/python3.12/site-packages/airflow/example_dags/example_short_circuit_decorator.py
[2025-02-06T08:41:20.817+0000] {logging_mixin.py:190} INFO - [2025-02-06T08:41:20.817+0000] {dag.py:3239} INFO - Sync 1 DAGs
[2025-02-06T08:41:20.829+0000] {logging_mixin.py:190} INFO - [2025-02-06T08:41:20.828+0000] {dag.py:4180} INFO - Setting next_dagrun for example_short_circuit_decorator to None, run_after=None
[2025-02-06T08:41:20.893+0000] {processor.py:208} INFO - Processing /opt/conda/lib/python3.12/site-packages/airflow/example_dags/example_short_circuit_decorator.py took 0.114 seconds
[2025-02-06T08:42:36.204+0000] {processor.py:186} INFO - Started process (PID=668) to work on /opt/conda/lib/python3.12/site-packages/airflow/example_dags/example_short_circuit_decorator.py
[2025-02-06T08:42:36.205+0000] {processor.py:914} INFO - Processing file /opt/conda/lib/python3.12/site-packages/airflow/example_dags/example_short_circuit_decorator.py for tasks to queue
[2025-02-06T08:42:36.207+0000] {logging_mixin.py:190} INFO - [2025-02-06T08:42:36.206+0000] {dagbag.py:588} INFO - Filling up the DagBag from /opt/conda/lib/python3.12/site-packages/airflow/example_dags/example_short_circuit_decorator.py
[2025-02-06T08:42:36.214+0000] {processor.py:925} INFO - DAG(s) 'example_short_circuit_decorator' retrieved from /opt/conda/lib/python3.12/site-packages/airflow/example_dags/example_short_circuit_decorator.py
[2025-02-06T08:42:36.242+0000] {logging_mixin.py:190} INFO - [2025-02-06T08:42:36.241+0000] {dag.py:3239} INFO - Sync 1 DAGs
[2025-02-06T08:42:36.268+0000] {logging_mixin.py:190} INFO - [2025-02-06T08:42:36.268+0000] {dag.py:4180} INFO - Setting next_dagrun for example_short_circuit_decorator to None, run_after=None
[2025-02-06T08:42:36.342+0000] {processor.py:208} INFO - Processing /opt/conda/lib/python3.12/site-packages/airflow/example_dags/example_short_circuit_decorator.py took 0.142 seconds
[2025-02-06T08:44:09.328+0000] {processor.py:186} INFO - Started process (PID=87) to work on /opt/conda/lib/python3.12/site-packages/airflow/example_dags/example_short_circuit_decorator.py
[2025-02-06T08:44:09.330+0000] {processor.py:914} INFO - Processing file /opt/conda/lib/python3.12/site-packages/airflow/example_dags/example_short_circuit_decorator.py for tasks to queue
[2025-02-06T08:44:09.334+0000] {logging_mixin.py:190} INFO - [2025-02-06T08:44:09.333+0000] {dagbag.py:588} INFO - Filling up the DagBag from /opt/conda/lib/python3.12/site-packages/airflow/example_dags/example_short_circuit_decorator.py
[2025-02-06T08:44:09.342+0000] {processor.py:925} INFO - DAG(s) 'example_short_circuit_decorator' retrieved from /opt/conda/lib/python3.12/site-packages/airflow/example_dags/example_short_circuit_decorator.py
[2025-02-06T08:44:09.367+0000] {logging_mixin.py:190} INFO - [2025-02-06T08:44:09.367+0000] {dag.py:3239} INFO - Sync 1 DAGs
[2025-02-06T08:44:09.378+0000] {logging_mixin.py:190} INFO - [2025-02-06T08:44:09.378+0000] {dag.py:4180} INFO - Setting next_dagrun for example_short_circuit_decorator to None, run_after=None
[2025-02-06T08:44:09.436+0000] {processor.py:208} INFO - Processing /opt/conda/lib/python3.12/site-packages/airflow/example_dags/example_short_circuit_decorator.py took 0.115 seconds
[2025-02-06T08:45:24.236+0000] {processor.py:186} INFO - Started process (PID=153) to work on /opt/conda/lib/python3.12/site-packages/airflow/example_dags/example_short_circuit_decorator.py
[2025-02-06T08:45:24.238+0000] {processor.py:914} INFO - Processing file /opt/conda/lib/python3.12/site-packages/airflow/example_dags/example_short_circuit_decorator.py for tasks to queue
[2025-02-06T08:45:24.239+0000] {logging_mixin.py:190} INFO - [2025-02-06T08:45:24.239+0000] {dagbag.py:588} INFO - Filling up the DagBag from /opt/conda/lib/python3.12/site-packages/airflow/example_dags/example_short_circuit_decorator.py
[2025-02-06T08:45:24.246+0000] {processor.py:925} INFO - DAG(s) 'example_short_circuit_decorator' retrieved from /opt/conda/lib/python3.12/site-packages/airflow/example_dags/example_short_circuit_decorator.py
[2025-02-06T08:45:24.270+0000] {logging_mixin.py:190} INFO - [2025-02-06T08:45:24.270+0000] {dag.py:3239} INFO - Sync 1 DAGs
[2025-02-06T08:45:24.282+0000] {logging_mixin.py:190} INFO - [2025-02-06T08:45:24.282+0000] {dag.py:4180} INFO - Setting next_dagrun for example_short_circuit_decorator to None, run_after=None
[2025-02-06T08:45:24.339+0000] {processor.py:208} INFO - Processing /opt/conda/lib/python3.12/site-packages/airflow/example_dags/example_short_circuit_decorator.py took 0.106 seconds
[2025-02-06T08:50:36.875+0000] {processor.py:186} INFO - Started process (PID=339) to work on /opt/conda/lib/python3.12/site-packages/airflow/example_dags/example_short_circuit_decorator.py
[2025-02-06T08:50:36.877+0000] {processor.py:914} INFO - Processing file /opt/conda/lib/python3.12/site-packages/airflow/example_dags/example_short_circuit_decorator.py for tasks to queue
[2025-02-06T08:50:36.878+0000] {logging_mixin.py:190} INFO - [2025-02-06T08:50:36.878+0000] {dagbag.py:588} INFO - Filling up the DagBag from /opt/conda/lib/python3.12/site-packages/airflow/example_dags/example_short_circuit_decorator.py
[2025-02-06T08:50:36.887+0000] {processor.py:925} INFO - DAG(s) 'example_short_circuit_decorator' retrieved from /opt/conda/lib/python3.12/site-packages/airflow/example_dags/example_short_circuit_decorator.py
[2025-02-06T08:50:36.909+0000] {logging_mixin.py:190} INFO - [2025-02-06T08:50:36.909+0000] {dag.py:3239} INFO - Sync 1 DAGs
[2025-02-06T08:50:36.920+0000] {logging_mixin.py:190} INFO - [2025-02-06T08:50:36.920+0000] {dag.py:4180} INFO - Setting next_dagrun for example_short_circuit_decorator to None, run_after=None
[2025-02-06T08:50:36.968+0000] {processor.py:208} INFO - Processing /opt/conda/lib/python3.12/site-packages/airflow/example_dags/example_short_circuit_decorator.py took 0.096 seconds
[2025-02-06T08:55:44.912+0000] {processor.py:186} INFO - Started process (PID=914) to work on /opt/conda/lib/python3.12/site-packages/airflow/example_dags/example_short_circuit_decorator.py
[2025-02-06T08:55:44.914+0000] {processor.py:914} INFO - Processing file /opt/conda/lib/python3.12/site-packages/airflow/example_dags/example_short_circuit_decorator.py for tasks to queue
[2025-02-06T08:55:44.915+0000] {logging_mixin.py:190} INFO - [2025-02-06T08:55:44.915+0000] {dagbag.py:588} INFO - Filling up the DagBag from /opt/conda/lib/python3.12/site-packages/airflow/example_dags/example_short_circuit_decorator.py
[2025-02-06T08:55:44.923+0000] {processor.py:925} INFO - DAG(s) 'example_short_circuit_decorator' retrieved from /opt/conda/lib/python3.12/site-packages/airflow/example_dags/example_short_circuit_decorator.py
[2025-02-06T08:55:44.947+0000] {logging_mixin.py:190} INFO - [2025-02-06T08:55:44.947+0000] {dag.py:3239} INFO - Sync 1 DAGs
[2025-02-06T08:55:44.959+0000] {logging_mixin.py:190} INFO - [2025-02-06T08:55:44.959+0000] {dag.py:4180} INFO - Setting next_dagrun for example_short_circuit_decorator to None, run_after=None
[2025-02-06T08:55:45.016+0000] {processor.py:208} INFO - Processing /opt/conda/lib/python3.12/site-packages/airflow/example_dags/example_short_circuit_decorator.py took 0.108 seconds
[2025-02-06T09:06:26.734+0000] {processor.py:186} INFO - Started process (PID=263) to work on /opt/conda/lib/python3.12/site-packages/airflow/example_dags/example_short_circuit_decorator.py
[2025-02-06T09:06:26.735+0000] {processor.py:914} INFO - Processing file /opt/conda/lib/python3.12/site-packages/airflow/example_dags/example_short_circuit_decorator.py for tasks to queue
[2025-02-06T09:06:26.736+0000] {logging_mixin.py:190} INFO - [2025-02-06T09:06:26.736+0000] {dagbag.py:588} INFO - Filling up the DagBag from /opt/conda/lib/python3.12/site-packages/airflow/example_dags/example_short_circuit_decorator.py
[2025-02-06T09:06:26.744+0000] {processor.py:925} INFO - DAG(s) 'example_short_circuit_decorator' retrieved from /opt/conda/lib/python3.12/site-packages/airflow/example_dags/example_short_circuit_decorator.py
[2025-02-06T09:06:26.769+0000] {logging_mixin.py:190} INFO - [2025-02-06T09:06:26.768+0000] {dag.py:3239} INFO - Sync 1 DAGs
[2025-02-06T09:06:26.783+0000] {logging_mixin.py:190} INFO - [2025-02-06T09:06:26.783+0000] {dag.py:4180} INFO - Setting next_dagrun for example_short_circuit_decorator to None, run_after=None
[2025-02-06T09:06:26.839+0000] {processor.py:208} INFO - Processing /opt/conda/lib/python3.12/site-packages/airflow/example_dags/example_short_circuit_decorator.py took 0.109 seconds
[2025-02-06T09:11:10.993+0000] {processor.py:186} INFO - Started process (PID=797) to work on /opt/conda/lib/python3.12/site-packages/airflow/example_dags/example_short_circuit_decorator.py
[2025-02-06T09:11:10.994+0000] {processor.py:914} INFO - Processing file /opt/conda/lib/python3.12/site-packages/airflow/example_dags/example_short_circuit_decorator.py for tasks to queue
[2025-02-06T09:11:10.996+0000] {logging_mixin.py:190} INFO - [2025-02-06T09:11:10.996+0000] {dagbag.py:588} INFO - Filling up the DagBag from /opt/conda/lib/python3.12/site-packages/airflow/example_dags/example_short_circuit_decorator.py
[2025-02-06T09:11:11.003+0000] {processor.py:925} INFO - DAG(s) 'example_short_circuit_decorator' retrieved from /opt/conda/lib/python3.12/site-packages/airflow/example_dags/example_short_circuit_decorator.py
[2025-02-06T09:11:11.026+0000] {logging_mixin.py:190} INFO - [2025-02-06T09:11:11.026+0000] {dag.py:3239} INFO - Sync 1 DAGs
[2025-02-06T09:11:11.037+0000] {logging_mixin.py:190} INFO - [2025-02-06T09:11:11.037+0000] {dag.py:4180} INFO - Setting next_dagrun for example_short_circuit_decorator to None, run_after=None
[2025-02-06T09:11:11.086+0000] {processor.py:208} INFO - Processing /opt/conda/lib/python3.12/site-packages/airflow/example_dags/example_short_circuit_decorator.py took 0.097 seconds
[2025-02-06T09:16:04.395+0000] {processor.py:186} INFO - Started process (PID=1335) to work on /opt/conda/lib/python3.12/site-packages/airflow/example_dags/example_short_circuit_decorator.py
[2025-02-06T09:16:04.396+0000] {processor.py:914} INFO - Processing file /opt/conda/lib/python3.12/site-packages/airflow/example_dags/example_short_circuit_decorator.py for tasks to queue
[2025-02-06T09:16:04.399+0000] {logging_mixin.py:190} INFO - [2025-02-06T09:16:04.398+0000] {dagbag.py:588} INFO - Filling up the DagBag from /opt/conda/lib/python3.12/site-packages/airflow/example_dags/example_short_circuit_decorator.py
[2025-02-06T09:16:04.406+0000] {processor.py:925} INFO - DAG(s) 'example_short_circuit_decorator' retrieved from /opt/conda/lib/python3.12/site-packages/airflow/example_dags/example_short_circuit_decorator.py
[2025-02-06T09:16:04.428+0000] {logging_mixin.py:190} INFO - [2025-02-06T09:16:04.428+0000] {dag.py:3239} INFO - Sync 1 DAGs
[2025-02-06T09:16:04.441+0000] {logging_mixin.py:190} INFO - [2025-02-06T09:16:04.440+0000] {dag.py:4180} INFO - Setting next_dagrun for example_short_circuit_decorator to None, run_after=None
[2025-02-06T09:16:04.499+0000] {processor.py:208} INFO - Processing /opt/conda/lib/python3.12/site-packages/airflow/example_dags/example_short_circuit_decorator.py took 0.108 seconds
[2025-02-06T09:20:48.082+0000] {processor.py:186} INFO - Started process (PID=1839) to work on /opt/conda/lib/python3.12/site-packages/airflow/example_dags/example_short_circuit_decorator.py
[2025-02-06T09:20:48.083+0000] {processor.py:914} INFO - Processing file /opt/conda/lib/python3.12/site-packages/airflow/example_dags/example_short_circuit_decorator.py for tasks to queue
[2025-02-06T09:20:48.086+0000] {logging_mixin.py:190} INFO - [2025-02-06T09:20:48.085+0000] {dagbag.py:588} INFO - Filling up the DagBag from /opt/conda/lib/python3.12/site-packages/airflow/example_dags/example_short_circuit_decorator.py
[2025-02-06T09:20:48.095+0000] {processor.py:925} INFO - DAG(s) 'example_short_circuit_decorator' retrieved from /opt/conda/lib/python3.12/site-packages/airflow/example_dags/example_short_circuit_decorator.py
[2025-02-06T09:20:48.119+0000] {logging_mixin.py:190} INFO - [2025-02-06T09:20:48.119+0000] {dag.py:3239} INFO - Sync 1 DAGs
[2025-02-06T09:20:48.134+0000] {logging_mixin.py:190} INFO - [2025-02-06T09:20:48.133+0000] {dag.py:4180} INFO - Setting next_dagrun for example_short_circuit_decorator to None, run_after=None
[2025-02-06T09:20:48.187+0000] {processor.py:208} INFO - Processing /opt/conda/lib/python3.12/site-packages/airflow/example_dags/example_short_circuit_decorator.py took 0.108 seconds
[2025-02-06T09:34:40.123+0000] {processor.py:186} INFO - Started process (PID=633) to work on /opt/conda/lib/python3.12/site-packages/airflow/example_dags/example_short_circuit_decorator.py
[2025-02-06T09:34:40.124+0000] {processor.py:914} INFO - Processing file /opt/conda/lib/python3.12/site-packages/airflow/example_dags/example_short_circuit_decorator.py for tasks to queue
[2025-02-06T09:34:40.126+0000] {logging_mixin.py:190} INFO - [2025-02-06T09:34:40.125+0000] {dagbag.py:588} INFO - Filling up the DagBag from /opt/conda/lib/python3.12/site-packages/airflow/example_dags/example_short_circuit_decorator.py
[2025-02-06T09:34:40.133+0000] {processor.py:925} INFO - DAG(s) 'example_short_circuit_decorator' retrieved from /opt/conda/lib/python3.12/site-packages/airflow/example_dags/example_short_circuit_decorator.py
[2025-02-06T09:34:40.160+0000] {logging_mixin.py:190} INFO - [2025-02-06T09:34:40.160+0000] {dag.py:3239} INFO - Sync 1 DAGs
[2025-02-06T09:34:40.175+0000] {logging_mixin.py:190} INFO - [2025-02-06T09:34:40.175+0000] {dag.py:4180} INFO - Setting next_dagrun for example_short_circuit_decorator to None, run_after=None
[2025-02-06T09:34:40.249+0000] {processor.py:208} INFO - Processing /opt/conda/lib/python3.12/site-packages/airflow/example_dags/example_short_circuit_decorator.py took 0.130 seconds
[2025-02-06T09:43:16.304+0000] {processor.py:186} INFO - Started process (PID=1522) to work on /opt/conda/lib/python3.12/site-packages/airflow/example_dags/example_short_circuit_decorator.py
[2025-02-06T09:43:16.305+0000] {processor.py:914} INFO - Processing file /opt/conda/lib/python3.12/site-packages/airflow/example_dags/example_short_circuit_decorator.py for tasks to queue
[2025-02-06T09:43:16.306+0000] {logging_mixin.py:190} INFO - [2025-02-06T09:43:16.306+0000] {dagbag.py:588} INFO - Filling up the DagBag from /opt/conda/lib/python3.12/site-packages/airflow/example_dags/example_short_circuit_decorator.py
[2025-02-06T09:43:16.314+0000] {processor.py:925} INFO - DAG(s) 'example_short_circuit_decorator' retrieved from /opt/conda/lib/python3.12/site-packages/airflow/example_dags/example_short_circuit_decorator.py
[2025-02-06T09:43:16.336+0000] {logging_mixin.py:190} INFO - [2025-02-06T09:43:16.336+0000] {dag.py:3239} INFO - Sync 1 DAGs
[2025-02-06T09:43:16.349+0000] {logging_mixin.py:190} INFO - [2025-02-06T09:43:16.348+0000] {dag.py:4180} INFO - Setting next_dagrun for example_short_circuit_decorator to None, run_after=None
[2025-02-06T09:43:16.413+0000] {processor.py:208} INFO - Processing /opt/conda/lib/python3.12/site-packages/airflow/example_dags/example_short_circuit_decorator.py took 0.114 seconds
[2025-02-06T09:52:03.407+0000] {processor.py:186} INFO - Started process (PID=598) to work on /opt/conda/lib/python3.12/site-packages/airflow/example_dags/example_short_circuit_decorator.py
[2025-02-06T09:52:03.408+0000] {processor.py:914} INFO - Processing file /opt/conda/lib/python3.12/site-packages/airflow/example_dags/example_short_circuit_decorator.py for tasks to queue
[2025-02-06T09:52:03.410+0000] {logging_mixin.py:190} INFO - [2025-02-06T09:52:03.409+0000] {dagbag.py:588} INFO - Filling up the DagBag from /opt/conda/lib/python3.12/site-packages/airflow/example_dags/example_short_circuit_decorator.py
[2025-02-06T09:52:03.425+0000] {processor.py:925} INFO - DAG(s) 'example_short_circuit_decorator' retrieved from /opt/conda/lib/python3.12/site-packages/airflow/example_dags/example_short_circuit_decorator.py
[2025-02-06T09:52:03.473+0000] {logging_mixin.py:190} INFO - [2025-02-06T09:52:03.473+0000] {dag.py:3239} INFO - Sync 1 DAGs
[2025-02-06T09:52:03.488+0000] {logging_mixin.py:190} INFO - [2025-02-06T09:52:03.488+0000] {dag.py:4180} INFO - Setting next_dagrun for example_short_circuit_decorator to None, run_after=None
[2025-02-06T09:52:03.558+0000] {processor.py:208} INFO - Processing /opt/conda/lib/python3.12/site-packages/airflow/example_dags/example_short_circuit_decorator.py took 0.155 seconds
[2025-02-06T10:00:55.861+0000] {processor.py:186} INFO - Started process (PID=1577) to work on /opt/conda/lib/python3.12/site-packages/airflow/example_dags/example_short_circuit_decorator.py
[2025-02-06T10:00:55.862+0000] {processor.py:914} INFO - Processing file /opt/conda/lib/python3.12/site-packages/airflow/example_dags/example_short_circuit_decorator.py for tasks to queue
[2025-02-06T10:00:55.864+0000] {logging_mixin.py:190} INFO - [2025-02-06T10:00:55.864+0000] {dagbag.py:588} INFO - Filling up the DagBag from /opt/conda/lib/python3.12/site-packages/airflow/example_dags/example_short_circuit_decorator.py
[2025-02-06T10:00:55.871+0000] {processor.py:925} INFO - DAG(s) 'example_short_circuit_decorator' retrieved from /opt/conda/lib/python3.12/site-packages/airflow/example_dags/example_short_circuit_decorator.py
[2025-02-06T10:00:55.895+0000] {logging_mixin.py:190} INFO - [2025-02-06T10:00:55.895+0000] {dag.py:3239} INFO - Sync 1 DAGs
[2025-02-06T10:00:55.908+0000] {logging_mixin.py:190} INFO - [2025-02-06T10:00:55.908+0000] {dag.py:4180} INFO - Setting next_dagrun for example_short_circuit_decorator to None, run_after=None
[2025-02-06T10:00:55.972+0000] {processor.py:208} INFO - Processing /opt/conda/lib/python3.12/site-packages/airflow/example_dags/example_short_circuit_decorator.py took 0.115 seconds
[2025-02-06T10:05:36.015+0000] {processor.py:186} INFO - Started process (PID=2042) to work on /opt/conda/lib/python3.12/site-packages/airflow/example_dags/example_short_circuit_decorator.py
[2025-02-06T10:05:36.016+0000] {processor.py:914} INFO - Processing file /opt/conda/lib/python3.12/site-packages/airflow/example_dags/example_short_circuit_decorator.py for tasks to queue
[2025-02-06T10:05:36.018+0000] {logging_mixin.py:190} INFO - [2025-02-06T10:05:36.017+0000] {dagbag.py:588} INFO - Filling up the DagBag from /opt/conda/lib/python3.12/site-packages/airflow/example_dags/example_short_circuit_decorator.py
[2025-02-06T10:05:36.025+0000] {processor.py:925} INFO - DAG(s) 'example_short_circuit_decorator' retrieved from /opt/conda/lib/python3.12/site-packages/airflow/example_dags/example_short_circuit_decorator.py
[2025-02-06T10:05:36.047+0000] {logging_mixin.py:190} INFO - [2025-02-06T10:05:36.046+0000] {dag.py:3239} INFO - Sync 1 DAGs
[2025-02-06T10:05:36.059+0000] {logging_mixin.py:190} INFO - [2025-02-06T10:05:36.059+0000] {dag.py:4180} INFO - Setting next_dagrun for example_short_circuit_decorator to None, run_after=None
[2025-02-06T10:05:36.128+0000] {processor.py:208} INFO - Processing /opt/conda/lib/python3.12/site-packages/airflow/example_dags/example_short_circuit_decorator.py took 0.118 seconds
[2025-02-06T10:10:19.152+0000] {processor.py:186} INFO - Started process (PID=2478) to work on /opt/conda/lib/python3.12/site-packages/airflow/example_dags/example_short_circuit_decorator.py
[2025-02-06T10:10:19.153+0000] {processor.py:914} INFO - Processing file /opt/conda/lib/python3.12/site-packages/airflow/example_dags/example_short_circuit_decorator.py for tasks to queue
[2025-02-06T10:10:19.154+0000] {logging_mixin.py:190} INFO - [2025-02-06T10:10:19.154+0000] {dagbag.py:588} INFO - Filling up the DagBag from /opt/conda/lib/python3.12/site-packages/airflow/example_dags/example_short_circuit_decorator.py
[2025-02-06T10:10:19.162+0000] {processor.py:925} INFO - DAG(s) 'example_short_circuit_decorator' retrieved from /opt/conda/lib/python3.12/site-packages/airflow/example_dags/example_short_circuit_decorator.py
[2025-02-06T10:10:19.195+0000] {logging_mixin.py:190} INFO - [2025-02-06T10:10:19.195+0000] {dag.py:3239} INFO - Sync 1 DAGs
[2025-02-06T10:10:19.208+0000] {logging_mixin.py:190} INFO - [2025-02-06T10:10:19.207+0000] {dag.py:4180} INFO - Setting next_dagrun for example_short_circuit_decorator to None, run_after=None
[2025-02-06T10:10:19.367+0000] {processor.py:208} INFO - Processing /opt/conda/lib/python3.12/site-packages/airflow/example_dags/example_short_circuit_decorator.py took 0.219 seconds
[2025-02-06T10:23:13.705+0000] {processor.py:186} INFO - Started process (PID=3813) to work on /opt/conda/lib/python3.12/site-packages/airflow/example_dags/example_short_circuit_decorator.py
[2025-02-06T10:23:13.706+0000] {processor.py:914} INFO - Processing file /opt/conda/lib/python3.12/site-packages/airflow/example_dags/example_short_circuit_decorator.py for tasks to queue
[2025-02-06T10:23:13.708+0000] {logging_mixin.py:190} INFO - [2025-02-06T10:23:13.708+0000] {dagbag.py:588} INFO - Filling up the DagBag from /opt/conda/lib/python3.12/site-packages/airflow/example_dags/example_short_circuit_decorator.py
[2025-02-06T10:23:13.717+0000] {processor.py:925} INFO - DAG(s) 'example_short_circuit_decorator' retrieved from /opt/conda/lib/python3.12/site-packages/airflow/example_dags/example_short_circuit_decorator.py
[2025-02-06T10:23:13.741+0000] {logging_mixin.py:190} INFO - [2025-02-06T10:23:13.741+0000] {dag.py:3239} INFO - Sync 1 DAGs
[2025-02-06T10:23:13.762+0000] {logging_mixin.py:190} INFO - [2025-02-06T10:23:13.762+0000] {dag.py:4180} INFO - Setting next_dagrun for example_short_circuit_decorator to None, run_after=None
[2025-02-06T10:23:13.820+0000] {processor.py:208} INFO - Processing /opt/conda/lib/python3.12/site-packages/airflow/example_dags/example_short_circuit_decorator.py took 0.119 seconds
[2025-02-06T10:25:56.467+0000] {processor.py:186} INFO - Started process (PID=4052) to work on /opt/conda/lib/python3.12/site-packages/airflow/example_dags/example_short_circuit_decorator.py
[2025-02-06T10:25:56.468+0000] {processor.py:914} INFO - Processing file /opt/conda/lib/python3.12/site-packages/airflow/example_dags/example_short_circuit_decorator.py for tasks to queue
[2025-02-06T10:25:56.469+0000] {logging_mixin.py:190} INFO - [2025-02-06T10:25:56.469+0000] {dagbag.py:588} INFO - Filling up the DagBag from /opt/conda/lib/python3.12/site-packages/airflow/example_dags/example_short_circuit_decorator.py
[2025-02-06T10:25:56.479+0000] {processor.py:925} INFO - DAG(s) 'example_short_circuit_decorator' retrieved from /opt/conda/lib/python3.12/site-packages/airflow/example_dags/example_short_circuit_decorator.py
[2025-02-06T10:25:56.502+0000] {logging_mixin.py:190} INFO - [2025-02-06T10:25:56.502+0000] {dag.py:3239} INFO - Sync 1 DAGs
[2025-02-06T10:25:56.514+0000] {logging_mixin.py:190} INFO - [2025-02-06T10:25:56.514+0000] {dag.py:4180} INFO - Setting next_dagrun for example_short_circuit_decorator to None, run_after=None
[2025-02-06T10:25:56.578+0000] {processor.py:208} INFO - Processing /opt/conda/lib/python3.12/site-packages/airflow/example_dags/example_short_circuit_decorator.py took 0.114 seconds
[2025-02-06T11:41:12.671+0000] {processor.py:186} INFO - Started process (PID=560) to work on /opt/conda/lib/python3.12/site-packages/airflow/example_dags/example_short_circuit_decorator.py
[2025-02-06T11:41:12.674+0000] {processor.py:914} INFO - Processing file /opt/conda/lib/python3.12/site-packages/airflow/example_dags/example_short_circuit_decorator.py for tasks to queue
[2025-02-06T11:41:12.677+0000] {logging_mixin.py:190} INFO - [2025-02-06T11:41:12.676+0000] {dagbag.py:588} INFO - Filling up the DagBag from /opt/conda/lib/python3.12/site-packages/airflow/example_dags/example_short_circuit_decorator.py
[2025-02-06T11:41:12.687+0000] {processor.py:925} INFO - DAG(s) 'example_short_circuit_decorator' retrieved from /opt/conda/lib/python3.12/site-packages/airflow/example_dags/example_short_circuit_decorator.py
[2025-02-06T11:41:12.741+0000] {logging_mixin.py:190} INFO - [2025-02-06T11:41:12.740+0000] {dag.py:3239} INFO - Sync 1 DAGs
[2025-02-06T11:41:12.761+0000] {logging_mixin.py:190} INFO - [2025-02-06T11:41:12.760+0000] {dag.py:4180} INFO - Setting next_dagrun for example_short_circuit_decorator to None, run_after=None
[2025-02-06T11:41:12.849+0000] {processor.py:208} INFO - Processing /opt/conda/lib/python3.12/site-packages/airflow/example_dags/example_short_circuit_decorator.py took 0.185 seconds
[2025-02-06T11:45:09.714+0000] {processor.py:186} INFO - Started process (PID=1536) to work on /opt/conda/lib/python3.12/site-packages/airflow/example_dags/example_short_circuit_decorator.py
[2025-02-06T11:45:09.717+0000] {processor.py:914} INFO - Processing file /opt/conda/lib/python3.12/site-packages/airflow/example_dags/example_short_circuit_decorator.py for tasks to queue
[2025-02-06T11:45:09.722+0000] {logging_mixin.py:190} INFO - [2025-02-06T11:45:09.721+0000] {dagbag.py:588} INFO - Filling up the DagBag from /opt/conda/lib/python3.12/site-packages/airflow/example_dags/example_short_circuit_decorator.py
[2025-02-06T11:45:09.743+0000] {processor.py:925} INFO - DAG(s) 'example_short_circuit_decorator' retrieved from /opt/conda/lib/python3.12/site-packages/airflow/example_dags/example_short_circuit_decorator.py
[2025-02-06T11:45:09.810+0000] {logging_mixin.py:190} INFO - [2025-02-06T11:45:09.810+0000] {dag.py:3239} INFO - Sync 1 DAGs
[2025-02-06T11:45:09.860+0000] {logging_mixin.py:190} INFO - [2025-02-06T11:45:09.859+0000] {dag.py:4180} INFO - Setting next_dagrun for example_short_circuit_decorator to None, run_after=None
[2025-02-06T11:45:10.011+0000] {processor.py:208} INFO - Processing /opt/conda/lib/python3.12/site-packages/airflow/example_dags/example_short_circuit_decorator.py took 0.307 seconds
[2025-02-06T11:49:27.330+0000] {processor.py:186} INFO - Started process (PID=2449) to work on /opt/conda/lib/python3.12/site-packages/airflow/example_dags/example_short_circuit_decorator.py
[2025-02-06T11:49:27.332+0000] {processor.py:914} INFO - Processing file /opt/conda/lib/python3.12/site-packages/airflow/example_dags/example_short_circuit_decorator.py for tasks to queue
[2025-02-06T11:49:27.333+0000] {logging_mixin.py:190} INFO - [2025-02-06T11:49:27.333+0000] {dagbag.py:588} INFO - Filling up the DagBag from /opt/conda/lib/python3.12/site-packages/airflow/example_dags/example_short_circuit_decorator.py
[2025-02-06T11:49:27.345+0000] {processor.py:925} INFO - DAG(s) 'example_short_circuit_decorator' retrieved from /opt/conda/lib/python3.12/site-packages/airflow/example_dags/example_short_circuit_decorator.py
[2025-02-06T11:49:27.389+0000] {logging_mixin.py:190} INFO - [2025-02-06T11:49:27.389+0000] {dag.py:3239} INFO - Sync 1 DAGs
[2025-02-06T11:49:27.407+0000] {logging_mixin.py:190} INFO - [2025-02-06T11:49:27.407+0000] {dag.py:4180} INFO - Setting next_dagrun for example_short_circuit_decorator to None, run_after=None
[2025-02-06T11:49:27.484+0000] {processor.py:208} INFO - Processing /opt/conda/lib/python3.12/site-packages/airflow/example_dags/example_short_circuit_decorator.py took 0.160 seconds
[2025-02-06T11:52:59.095+0000] {processor.py:186} INFO - Started process (PID=3422) to work on /opt/conda/lib/python3.12/site-packages/airflow/example_dags/example_short_circuit_decorator.py
[2025-02-06T11:52:59.096+0000] {processor.py:914} INFO - Processing file /opt/conda/lib/python3.12/site-packages/airflow/example_dags/example_short_circuit_decorator.py for tasks to queue
[2025-02-06T11:52:59.098+0000] {logging_mixin.py:190} INFO - [2025-02-06T11:52:59.098+0000] {dagbag.py:588} INFO - Filling up the DagBag from /opt/conda/lib/python3.12/site-packages/airflow/example_dags/example_short_circuit_decorator.py
[2025-02-06T11:52:59.111+0000] {processor.py:925} INFO - DAG(s) 'example_short_circuit_decorator' retrieved from /opt/conda/lib/python3.12/site-packages/airflow/example_dags/example_short_circuit_decorator.py
[2025-02-06T11:52:59.156+0000] {logging_mixin.py:190} INFO - [2025-02-06T11:52:59.155+0000] {dag.py:3239} INFO - Sync 1 DAGs
[2025-02-06T11:52:59.178+0000] {logging_mixin.py:190} INFO - [2025-02-06T11:52:59.178+0000] {dag.py:4180} INFO - Setting next_dagrun for example_short_circuit_decorator to None, run_after=None
[2025-02-06T11:52:59.270+0000] {processor.py:208} INFO - Processing /opt/conda/lib/python3.12/site-packages/airflow/example_dags/example_short_circuit_decorator.py took 0.181 seconds
[2025-02-06T12:04:55.836+0000] {processor.py:186} INFO - Started process (PID=559) to work on /opt/conda/lib/python3.12/site-packages/airflow/example_dags/example_short_circuit_decorator.py
[2025-02-06T12:04:55.838+0000] {processor.py:914} INFO - Processing file /opt/conda/lib/python3.12/site-packages/airflow/example_dags/example_short_circuit_decorator.py for tasks to queue
[2025-02-06T12:04:55.839+0000] {logging_mixin.py:190} INFO - [2025-02-06T12:04:55.839+0000] {dagbag.py:588} INFO - Filling up the DagBag from /opt/conda/lib/python3.12/site-packages/airflow/example_dags/example_short_circuit_decorator.py
[2025-02-06T12:04:55.847+0000] {processor.py:925} INFO - DAG(s) 'example_short_circuit_decorator' retrieved from /opt/conda/lib/python3.12/site-packages/airflow/example_dags/example_short_circuit_decorator.py
[2025-02-06T12:04:55.868+0000] {logging_mixin.py:190} INFO - [2025-02-06T12:04:55.868+0000] {dag.py:3239} INFO - Sync 1 DAGs
[2025-02-06T12:04:55.881+0000] {logging_mixin.py:190} INFO - [2025-02-06T12:04:55.881+0000] {dag.py:4180} INFO - Setting next_dagrun for example_short_circuit_decorator to None, run_after=None
[2025-02-06T12:04:56.059+0000] {processor.py:208} INFO - Processing /opt/conda/lib/python3.12/site-packages/airflow/example_dags/example_short_circuit_decorator.py took 0.227 seconds
[2025-02-06T12:07:48.360+0000] {processor.py:186} INFO - Started process (PID=1593) to work on /opt/conda/lib/python3.12/site-packages/airflow/example_dags/example_short_circuit_decorator.py
[2025-02-06T12:07:48.361+0000] {processor.py:914} INFO - Processing file /opt/conda/lib/python3.12/site-packages/airflow/example_dags/example_short_circuit_decorator.py for tasks to queue
[2025-02-06T12:07:48.363+0000] {logging_mixin.py:190} INFO - [2025-02-06T12:07:48.363+0000] {dagbag.py:588} INFO - Filling up the DagBag from /opt/conda/lib/python3.12/site-packages/airflow/example_dags/example_short_circuit_decorator.py
[2025-02-06T12:07:48.372+0000] {processor.py:925} INFO - DAG(s) 'example_short_circuit_decorator' retrieved from /opt/conda/lib/python3.12/site-packages/airflow/example_dags/example_short_circuit_decorator.py
[2025-02-06T12:07:48.396+0000] {logging_mixin.py:190} INFO - [2025-02-06T12:07:48.396+0000] {dag.py:3239} INFO - Sync 1 DAGs
[2025-02-06T12:07:48.409+0000] {logging_mixin.py:190} INFO - [2025-02-06T12:07:48.409+0000] {dag.py:4180} INFO - Setting next_dagrun for example_short_circuit_decorator to None, run_after=None
[2025-02-06T12:07:48.479+0000] {processor.py:208} INFO - Processing /opt/conda/lib/python3.12/site-packages/airflow/example_dags/example_short_circuit_decorator.py took 0.123 seconds
[2025-02-06T12:25:37.128+0000] {processor.py:186} INFO - Started process (PID=1647) to work on /opt/conda/lib/python3.12/site-packages/airflow/example_dags/example_short_circuit_decorator.py
[2025-02-06T12:25:37.129+0000] {processor.py:914} INFO - Processing file /opt/conda/lib/python3.12/site-packages/airflow/example_dags/example_short_circuit_decorator.py for tasks to queue
[2025-02-06T12:25:37.130+0000] {logging_mixin.py:190} INFO - [2025-02-06T12:25:37.130+0000] {dagbag.py:588} INFO - Filling up the DagBag from /opt/conda/lib/python3.12/site-packages/airflow/example_dags/example_short_circuit_decorator.py
[2025-02-06T12:25:37.137+0000] {processor.py:925} INFO - DAG(s) 'example_short_circuit_decorator' retrieved from /opt/conda/lib/python3.12/site-packages/airflow/example_dags/example_short_circuit_decorator.py
[2025-02-06T12:25:37.160+0000] {logging_mixin.py:190} INFO - [2025-02-06T12:25:37.159+0000] {dag.py:3239} INFO - Sync 1 DAGs
[2025-02-06T12:25:37.174+0000] {logging_mixin.py:190} INFO - [2025-02-06T12:25:37.174+0000] {dag.py:4180} INFO - Setting next_dagrun for example_short_circuit_decorator to None, run_after=None
[2025-02-06T12:25:37.233+0000] {processor.py:208} INFO - Processing /opt/conda/lib/python3.12/site-packages/airflow/example_dags/example_short_circuit_decorator.py took 0.110 seconds
[2025-02-06T12:29:44.228+0000] {processor.py:186} INFO - Started process (PID=3749) to work on /opt/conda/lib/python3.12/site-packages/airflow/example_dags/example_short_circuit_decorator.py
[2025-02-06T12:29:44.229+0000] {processor.py:914} INFO - Processing file /opt/conda/lib/python3.12/site-packages/airflow/example_dags/example_short_circuit_decorator.py for tasks to queue
[2025-02-06T12:29:44.230+0000] {logging_mixin.py:190} INFO - [2025-02-06T12:29:44.230+0000] {dagbag.py:588} INFO - Filling up the DagBag from /opt/conda/lib/python3.12/site-packages/airflow/example_dags/example_short_circuit_decorator.py
[2025-02-06T12:29:44.237+0000] {processor.py:925} INFO - DAG(s) 'example_short_circuit_decorator' retrieved from /opt/conda/lib/python3.12/site-packages/airflow/example_dags/example_short_circuit_decorator.py
[2025-02-06T12:29:44.262+0000] {logging_mixin.py:190} INFO - [2025-02-06T12:29:44.262+0000] {dag.py:3239} INFO - Sync 1 DAGs
[2025-02-06T12:29:44.274+0000] {logging_mixin.py:190} INFO - [2025-02-06T12:29:44.274+0000] {dag.py:4180} INFO - Setting next_dagrun for example_short_circuit_decorator to None, run_after=None
[2025-02-06T12:29:44.323+0000] {processor.py:208} INFO - Processing /opt/conda/lib/python3.12/site-packages/airflow/example_dags/example_short_circuit_decorator.py took 0.099 seconds
[2025-02-06T12:37:46.123+0000] {processor.py:186} INFO - Started process (PID=7885) to work on /opt/conda/lib/python3.12/site-packages/airflow/example_dags/example_short_circuit_decorator.py
[2025-02-06T12:37:46.124+0000] {processor.py:914} INFO - Processing file /opt/conda/lib/python3.12/site-packages/airflow/example_dags/example_short_circuit_decorator.py for tasks to queue
[2025-02-06T12:37:46.125+0000] {logging_mixin.py:190} INFO - [2025-02-06T12:37:46.125+0000] {dagbag.py:588} INFO - Filling up the DagBag from /opt/conda/lib/python3.12/site-packages/airflow/example_dags/example_short_circuit_decorator.py
[2025-02-06T12:37:46.134+0000] {processor.py:925} INFO - DAG(s) 'example_short_circuit_decorator' retrieved from /opt/conda/lib/python3.12/site-packages/airflow/example_dags/example_short_circuit_decorator.py
[2025-02-06T12:37:46.155+0000] {logging_mixin.py:190} INFO - [2025-02-06T12:37:46.155+0000] {dag.py:3239} INFO - Sync 1 DAGs
[2025-02-06T12:37:46.169+0000] {logging_mixin.py:190} INFO - [2025-02-06T12:37:46.169+0000] {dag.py:4180} INFO - Setting next_dagrun for example_short_circuit_decorator to None, run_after=None
[2025-02-06T12:37:46.220+0000] {processor.py:208} INFO - Processing /opt/conda/lib/python3.12/site-packages/airflow/example_dags/example_short_circuit_decorator.py took 0.101 seconds
[2025-02-06T12:41:53.609+0000] {processor.py:186} INFO - Started process (PID=10005) to work on /opt/conda/lib/python3.12/site-packages/airflow/example_dags/example_short_circuit_decorator.py
[2025-02-06T12:41:53.610+0000] {processor.py:914} INFO - Processing file /opt/conda/lib/python3.12/site-packages/airflow/example_dags/example_short_circuit_decorator.py for tasks to queue
[2025-02-06T12:41:53.612+0000] {logging_mixin.py:190} INFO - [2025-02-06T12:41:53.611+0000] {dagbag.py:588} INFO - Filling up the DagBag from /opt/conda/lib/python3.12/site-packages/airflow/example_dags/example_short_circuit_decorator.py
[2025-02-06T12:41:53.620+0000] {processor.py:925} INFO - DAG(s) 'example_short_circuit_decorator' retrieved from /opt/conda/lib/python3.12/site-packages/airflow/example_dags/example_short_circuit_decorator.py
[2025-02-06T12:41:53.644+0000] {logging_mixin.py:190} INFO - [2025-02-06T12:41:53.644+0000] {dag.py:3239} INFO - Sync 1 DAGs
[2025-02-06T12:41:53.655+0000] {logging_mixin.py:190} INFO - [2025-02-06T12:41:53.655+0000] {dag.py:4180} INFO - Setting next_dagrun for example_short_circuit_decorator to None, run_after=None
[2025-02-06T12:41:53.711+0000] {processor.py:208} INFO - Processing /opt/conda/lib/python3.12/site-packages/airflow/example_dags/example_short_circuit_decorator.py took 0.107 seconds
[2025-02-06T12:45:57.596+0000] {processor.py:186} INFO - Started process (PID=12087) to work on /opt/conda/lib/python3.12/site-packages/airflow/example_dags/example_short_circuit_decorator.py
[2025-02-06T12:45:57.598+0000] {processor.py:914} INFO - Processing file /opt/conda/lib/python3.12/site-packages/airflow/example_dags/example_short_circuit_decorator.py for tasks to queue
[2025-02-06T12:45:57.600+0000] {logging_mixin.py:190} INFO - [2025-02-06T12:45:57.599+0000] {dagbag.py:588} INFO - Filling up the DagBag from /opt/conda/lib/python3.12/site-packages/airflow/example_dags/example_short_circuit_decorator.py
[2025-02-06T12:45:57.606+0000] {processor.py:925} INFO - DAG(s) 'example_short_circuit_decorator' retrieved from /opt/conda/lib/python3.12/site-packages/airflow/example_dags/example_short_circuit_decorator.py
[2025-02-06T12:45:57.629+0000] {logging_mixin.py:190} INFO - [2025-02-06T12:45:57.629+0000] {dag.py:3239} INFO - Sync 1 DAGs
[2025-02-06T12:45:57.640+0000] {logging_mixin.py:190} INFO - [2025-02-06T12:45:57.639+0000] {dag.py:4180} INFO - Setting next_dagrun for example_short_circuit_decorator to None, run_after=None
[2025-02-06T12:45:57.835+0000] {processor.py:208} INFO - Processing /opt/conda/lib/python3.12/site-packages/airflow/example_dags/example_short_circuit_decorator.py took 0.245 seconds
[2025-02-06T12:51:41.263+0000] {processor.py:186} INFO - Started process (PID=14662) to work on /opt/conda/lib/python3.12/site-packages/airflow/example_dags/example_short_circuit_decorator.py
[2025-02-06T12:51:41.264+0000] {processor.py:914} INFO - Processing file /opt/conda/lib/python3.12/site-packages/airflow/example_dags/example_short_circuit_decorator.py for tasks to queue
[2025-02-06T12:51:41.266+0000] {logging_mixin.py:190} INFO - [2025-02-06T12:51:41.266+0000] {dagbag.py:588} INFO - Filling up the DagBag from /opt/conda/lib/python3.12/site-packages/airflow/example_dags/example_short_circuit_decorator.py
[2025-02-06T12:51:41.275+0000] {processor.py:925} INFO - DAG(s) 'example_short_circuit_decorator' retrieved from /opt/conda/lib/python3.12/site-packages/airflow/example_dags/example_short_circuit_decorator.py
[2025-02-06T12:51:41.301+0000] {logging_mixin.py:190} INFO - [2025-02-06T12:51:41.301+0000] {dag.py:3239} INFO - Sync 1 DAGs
[2025-02-06T12:51:41.313+0000] {logging_mixin.py:190} INFO - [2025-02-06T12:51:41.313+0000] {dag.py:4180} INFO - Setting next_dagrun for example_short_circuit_decorator to None, run_after=None
[2025-02-06T12:51:41.366+0000] {processor.py:208} INFO - Processing /opt/conda/lib/python3.12/site-packages/airflow/example_dags/example_short_circuit_decorator.py took 0.106 seconds
[2025-02-06T13:00:47.751+0000] {processor.py:186} INFO - Started process (PID=867) to work on /opt/conda/lib/python3.12/site-packages/airflow/example_dags/example_short_circuit_decorator.py
[2025-02-06T13:00:47.752+0000] {processor.py:914} INFO - Processing file /opt/conda/lib/python3.12/site-packages/airflow/example_dags/example_short_circuit_decorator.py for tasks to queue
[2025-02-06T13:00:47.754+0000] {logging_mixin.py:190} INFO - [2025-02-06T13:00:47.754+0000] {dagbag.py:588} INFO - Filling up the DagBag from /opt/conda/lib/python3.12/site-packages/airflow/example_dags/example_short_circuit_decorator.py
[2025-02-06T13:00:47.764+0000] {processor.py:925} INFO - DAG(s) 'example_short_circuit_decorator' retrieved from /opt/conda/lib/python3.12/site-packages/airflow/example_dags/example_short_circuit_decorator.py
[2025-02-06T13:00:47.795+0000] {logging_mixin.py:190} INFO - [2025-02-06T13:00:47.794+0000] {dag.py:3239} INFO - Sync 1 DAGs
[2025-02-06T13:00:47.810+0000] {logging_mixin.py:190} INFO - [2025-02-06T13:00:47.810+0000] {dag.py:4180} INFO - Setting next_dagrun for example_short_circuit_decorator to None, run_after=None
[2025-02-06T13:00:47.877+0000] {processor.py:208} INFO - Processing /opt/conda/lib/python3.12/site-packages/airflow/example_dags/example_short_circuit_decorator.py took 0.131 seconds
[2025-02-06T13:03:50.765+0000] {processor.py:186} INFO - Started process (PID=1881) to work on /opt/conda/lib/python3.12/site-packages/airflow/example_dags/example_short_circuit_decorator.py
[2025-02-06T13:03:50.766+0000] {processor.py:914} INFO - Processing file /opt/conda/lib/python3.12/site-packages/airflow/example_dags/example_short_circuit_decorator.py for tasks to queue
[2025-02-06T13:03:50.769+0000] {logging_mixin.py:190} INFO - [2025-02-06T13:03:50.768+0000] {dagbag.py:588} INFO - Filling up the DagBag from /opt/conda/lib/python3.12/site-packages/airflow/example_dags/example_short_circuit_decorator.py
[2025-02-06T13:03:50.779+0000] {processor.py:925} INFO - DAG(s) 'example_short_circuit_decorator' retrieved from /opt/conda/lib/python3.12/site-packages/airflow/example_dags/example_short_circuit_decorator.py
[2025-02-06T13:03:50.805+0000] {logging_mixin.py:190} INFO - [2025-02-06T13:03:50.805+0000] {dag.py:3239} INFO - Sync 1 DAGs
[2025-02-06T13:03:50.821+0000] {logging_mixin.py:190} INFO - [2025-02-06T13:03:50.821+0000] {dag.py:4180} INFO - Setting next_dagrun for example_short_circuit_decorator to None, run_after=None
[2025-02-06T13:03:50.885+0000] {processor.py:208} INFO - Processing /opt/conda/lib/python3.12/site-packages/airflow/example_dags/example_short_circuit_decorator.py took 0.125 seconds
[2025-02-06T13:21:17.596+0000] {processor.py:186} INFO - Started process (PID=1007) to work on /opt/conda/lib/python3.12/site-packages/airflow/example_dags/example_short_circuit_decorator.py
[2025-02-06T13:21:17.598+0000] {processor.py:914} INFO - Processing file /opt/conda/lib/python3.12/site-packages/airflow/example_dags/example_short_circuit_decorator.py for tasks to queue
[2025-02-06T13:21:17.602+0000] {logging_mixin.py:190} INFO - [2025-02-06T13:21:17.602+0000] {dagbag.py:588} INFO - Filling up the DagBag from /opt/conda/lib/python3.12/site-packages/airflow/example_dags/example_short_circuit_decorator.py
[2025-02-06T13:21:17.617+0000] {processor.py:925} INFO - DAG(s) 'example_short_circuit_decorator' retrieved from /opt/conda/lib/python3.12/site-packages/airflow/example_dags/example_short_circuit_decorator.py
[2025-02-06T13:21:17.649+0000] {logging_mixin.py:190} INFO - [2025-02-06T13:21:17.648+0000] {dag.py:3239} INFO - Sync 1 DAGs
[2025-02-06T13:21:17.667+0000] {logging_mixin.py:190} INFO - [2025-02-06T13:21:17.666+0000] {dag.py:4180} INFO - Setting next_dagrun for example_short_circuit_decorator to None, run_after=None
[2025-02-06T13:21:17.753+0000] {processor.py:208} INFO - Processing /opt/conda/lib/python3.12/site-packages/airflow/example_dags/example_short_circuit_decorator.py took 0.163 seconds
[2025-02-06T13:26:10.221+0000] {processor.py:186} INFO - Started process (PID=3071) to work on /opt/conda/lib/python3.12/site-packages/airflow/example_dags/example_short_circuit_decorator.py
[2025-02-06T13:26:10.222+0000] {processor.py:914} INFO - Processing file /opt/conda/lib/python3.12/site-packages/airflow/example_dags/example_short_circuit_decorator.py for tasks to queue
[2025-02-06T13:26:10.224+0000] {logging_mixin.py:190} INFO - [2025-02-06T13:26:10.224+0000] {dagbag.py:588} INFO - Filling up the DagBag from /opt/conda/lib/python3.12/site-packages/airflow/example_dags/example_short_circuit_decorator.py
[2025-02-06T13:26:10.232+0000] {processor.py:925} INFO - DAG(s) 'example_short_circuit_decorator' retrieved from /opt/conda/lib/python3.12/site-packages/airflow/example_dags/example_short_circuit_decorator.py
[2025-02-06T13:26:10.255+0000] {logging_mixin.py:190} INFO - [2025-02-06T13:26:10.255+0000] {dag.py:3239} INFO - Sync 1 DAGs
[2025-02-06T13:26:10.267+0000] {logging_mixin.py:190} INFO - [2025-02-06T13:26:10.267+0000] {dag.py:4180} INFO - Setting next_dagrun for example_short_circuit_decorator to None, run_after=None
[2025-02-06T13:26:10.315+0000] {processor.py:208} INFO - Processing /opt/conda/lib/python3.12/site-packages/airflow/example_dags/example_short_circuit_decorator.py took 0.098 seconds
[2025-02-06T13:33:42.074+0000] {processor.py:186} INFO - Started process (PID=6002) to work on /opt/conda/lib/python3.12/site-packages/airflow/example_dags/example_short_circuit_decorator.py
[2025-02-06T13:33:42.075+0000] {processor.py:914} INFO - Processing file /opt/conda/lib/python3.12/site-packages/airflow/example_dags/example_short_circuit_decorator.py for tasks to queue
[2025-02-06T13:33:42.077+0000] {logging_mixin.py:190} INFO - [2025-02-06T13:33:42.077+0000] {dagbag.py:588} INFO - Filling up the DagBag from /opt/conda/lib/python3.12/site-packages/airflow/example_dags/example_short_circuit_decorator.py
[2025-02-06T13:33:42.086+0000] {processor.py:925} INFO - DAG(s) 'example_short_circuit_decorator' retrieved from /opt/conda/lib/python3.12/site-packages/airflow/example_dags/example_short_circuit_decorator.py
[2025-02-06T13:33:42.113+0000] {logging_mixin.py:190} INFO - [2025-02-06T13:33:42.113+0000] {dag.py:3239} INFO - Sync 1 DAGs
[2025-02-06T13:33:42.129+0000] {logging_mixin.py:190} INFO - [2025-02-06T13:33:42.128+0000] {dag.py:4180} INFO - Setting next_dagrun for example_short_circuit_decorator to None, run_after=None
[2025-02-06T13:33:42.196+0000] {processor.py:208} INFO - Processing /opt/conda/lib/python3.12/site-packages/airflow/example_dags/example_short_circuit_decorator.py took 0.127 seconds
