[2025-02-06T08:27:30.182+0000] {processor.py:186} INFO - Started process (PID=79) to work on /opt/conda/lib/python3.12/site-packages/airflow/example_dags/example_inlet_event_extra.py
[2025-02-06T08:27:30.183+0000] {processor.py:914} INFO - Processing file /opt/conda/lib/python3.12/site-packages/airflow/example_dags/example_inlet_event_extra.py for tasks to queue
[2025-02-06T08:27:30.185+0000] {logging_mixin.py:190} INFO - [2025-02-06T08:27:30.184+0000] {dagbag.py:588} INFO - Filling up the DagBag from /opt/conda/lib/python3.12/site-packages/airflow/example_dags/example_inlet_event_extra.py
[2025-02-06T08:27:30.204+0000] {processor.py:925} INFO - DAG(s) 'read_dataset_event_from_classic', 'read_dataset_event' retrieved from /opt/conda/lib/python3.12/site-packages/airflow/example_dags/example_inlet_event_extra.py
[2025-02-06T08:27:30.330+0000] {logging_mixin.py:190} INFO - [2025-02-06T08:27:30.330+0000] {override.py:1912} INFO - Created Permission View: can delete on DAG:read_dataset_event_from_classic
[2025-02-06T08:27:30.371+0000] {logging_mixin.py:190} INFO - [2025-02-06T08:27:30.370+0000] {override.py:1912} INFO - Created Permission View: can read on DAG:read_dataset_event_from_classic
[2025-02-06T08:27:30.411+0000] {logging_mixin.py:190} INFO - [2025-02-06T08:27:30.411+0000] {override.py:1912} INFO - Created Permission View: can edit on DAG:read_dataset_event_from_classic
[2025-02-06T08:27:30.470+0000] {logging_mixin.py:190} INFO - [2025-02-06T08:27:30.469+0000] {override.py:1912} INFO - Created Permission View: menu access on DAG Run:read_dataset_event_from_classic
[2025-02-06T08:27:30.505+0000] {logging_mixin.py:190} INFO - [2025-02-06T08:27:30.504+0000] {override.py:1912} INFO - Created Permission View: can create on DAG Run:read_dataset_event_from_classic
[2025-02-06T08:27:30.540+0000] {logging_mixin.py:190} INFO - [2025-02-06T08:27:30.540+0000] {override.py:1912} INFO - Created Permission View: can read on DAG Run:read_dataset_event_from_classic
[2025-02-06T08:27:30.575+0000] {logging_mixin.py:190} INFO - [2025-02-06T08:27:30.575+0000] {override.py:1912} INFO - Created Permission View: can delete on DAG Run:read_dataset_event_from_classic
[2025-02-06T08:27:30.643+0000] {logging_mixin.py:190} INFO - [2025-02-06T08:27:30.642+0000] {override.py:1912} INFO - Created Permission View: can delete on DAG:read_dataset_event
[2025-02-06T08:27:30.676+0000] {logging_mixin.py:190} INFO - [2025-02-06T08:27:30.675+0000] {override.py:1912} INFO - Created Permission View: can read on DAG:read_dataset_event
[2025-02-06T08:27:30.711+0000] {logging_mixin.py:190} INFO - [2025-02-06T08:27:30.710+0000] {override.py:1912} INFO - Created Permission View: can edit on DAG:read_dataset_event
[2025-02-06T08:27:30.764+0000] {logging_mixin.py:190} INFO - [2025-02-06T08:27:30.764+0000] {override.py:1912} INFO - Created Permission View: menu access on DAG Run:read_dataset_event
[2025-02-06T08:27:30.799+0000] {logging_mixin.py:190} INFO - [2025-02-06T08:27:30.799+0000] {override.py:1912} INFO - Created Permission View: can create on DAG Run:read_dataset_event
[2025-02-06T08:27:30.833+0000] {logging_mixin.py:190} INFO - [2025-02-06T08:27:30.832+0000] {override.py:1912} INFO - Created Permission View: can read on DAG Run:read_dataset_event
[2025-02-06T08:27:30.869+0000] {logging_mixin.py:190} INFO - [2025-02-06T08:27:30.869+0000] {override.py:1912} INFO - Created Permission View: can delete on DAG Run:read_dataset_event
[2025-02-06T08:27:30.870+0000] {logging_mixin.py:190} INFO - [2025-02-06T08:27:30.870+0000] {dag.py:3239} INFO - Sync 2 DAGs
[2025-02-06T08:27:30.886+0000] {logging_mixin.py:190} INFO - [2025-02-06T08:27:30.885+0000] {dag.py:3262} INFO - Creating ORM DAG for read_dataset_event
[2025-02-06T08:27:30.887+0000] {logging_mixin.py:190} INFO - [2025-02-06T08:27:30.886+0000] {dag.py:3262} INFO - Creating ORM DAG for read_dataset_event_from_classic
[2025-02-06T08:27:30.905+0000] {logging_mixin.py:190} INFO - [2025-02-06T08:27:30.905+0000] {dag.py:4180} INFO - Setting next_dagrun for read_dataset_event to 2025-02-05 00:00:00+00:00, run_after=2025-02-06 00:00:00+00:00
[2025-02-06T08:27:30.907+0000] {logging_mixin.py:190} INFO - [2025-02-06T08:27:30.907+0000] {dag.py:4180} INFO - Setting next_dagrun for read_dataset_event_from_classic to 2025-02-05 00:00:00+00:00, run_after=2025-02-06 00:00:00+00:00
[2025-02-06T08:27:30.966+0000] {processor.py:208} INFO - Processing /opt/conda/lib/python3.12/site-packages/airflow/example_dags/example_inlet_event_extra.py took 0.789 seconds
[2025-02-06T08:31:05.338+0000] {processor.py:186} INFO - Started process (PID=80) to work on /opt/conda/lib/python3.12/site-packages/airflow/example_dags/example_inlet_event_extra.py
[2025-02-06T08:31:05.339+0000] {processor.py:914} INFO - Processing file /opt/conda/lib/python3.12/site-packages/airflow/example_dags/example_inlet_event_extra.py for tasks to queue
[2025-02-06T08:31:05.341+0000] {logging_mixin.py:190} INFO - [2025-02-06T08:31:05.340+0000] {dagbag.py:588} INFO - Filling up the DagBag from /opt/conda/lib/python3.12/site-packages/airflow/example_dags/example_inlet_event_extra.py
[2025-02-06T08:31:05.350+0000] {processor.py:925} INFO - DAG(s) 'read_dataset_event', 'read_dataset_event_from_classic' retrieved from /opt/conda/lib/python3.12/site-packages/airflow/example_dags/example_inlet_event_extra.py
[2025-02-06T08:31:05.384+0000] {logging_mixin.py:190} INFO - [2025-02-06T08:31:05.383+0000] {dag.py:3239} INFO - Sync 2 DAGs
[2025-02-06T08:31:05.406+0000] {logging_mixin.py:190} INFO - [2025-02-06T08:31:05.405+0000] {dag.py:4180} INFO - Setting next_dagrun for read_dataset_event to 2025-02-05 00:00:00+00:00, run_after=2025-02-06 00:00:00+00:00
[2025-02-06T08:31:05.412+0000] {logging_mixin.py:190} INFO - [2025-02-06T08:31:05.411+0000] {dag.py:4180} INFO - Setting next_dagrun for read_dataset_event_from_classic to 2025-02-05 00:00:00+00:00, run_after=2025-02-06 00:00:00+00:00
[2025-02-06T08:31:05.472+0000] {processor.py:208} INFO - Processing /opt/conda/lib/python3.12/site-packages/airflow/example_dags/example_inlet_event_extra.py took 0.138 seconds
[2025-02-06T08:32:18.444+0000] {processor.py:186} INFO - Started process (PID=143) to work on /opt/conda/lib/python3.12/site-packages/airflow/example_dags/example_inlet_event_extra.py
[2025-02-06T08:32:18.445+0000] {processor.py:914} INFO - Processing file /opt/conda/lib/python3.12/site-packages/airflow/example_dags/example_inlet_event_extra.py for tasks to queue
[2025-02-06T08:32:18.446+0000] {logging_mixin.py:190} INFO - [2025-02-06T08:32:18.446+0000] {dagbag.py:588} INFO - Filling up the DagBag from /opt/conda/lib/python3.12/site-packages/airflow/example_dags/example_inlet_event_extra.py
[2025-02-06T08:32:18.456+0000] {processor.py:925} INFO - DAG(s) 'read_dataset_event_from_classic', 'read_dataset_event' retrieved from /opt/conda/lib/python3.12/site-packages/airflow/example_dags/example_inlet_event_extra.py
[2025-02-06T08:32:18.482+0000] {logging_mixin.py:190} INFO - [2025-02-06T08:32:18.481+0000] {dag.py:3239} INFO - Sync 2 DAGs
[2025-02-06T08:32:18.504+0000] {logging_mixin.py:190} INFO - [2025-02-06T08:32:18.504+0000] {dag.py:4180} INFO - Setting next_dagrun for read_dataset_event to 2025-02-05 00:00:00+00:00, run_after=2025-02-06 00:00:00+00:00
[2025-02-06T08:32:18.508+0000] {logging_mixin.py:190} INFO - [2025-02-06T08:32:18.508+0000] {dag.py:4180} INFO - Setting next_dagrun for read_dataset_event_from_classic to 2025-02-05 00:00:00+00:00, run_after=2025-02-06 00:00:00+00:00
[2025-02-06T08:32:18.561+0000] {processor.py:208} INFO - Processing /opt/conda/lib/python3.12/site-packages/airflow/example_dags/example_inlet_event_extra.py took 0.121 seconds
[2025-02-06T08:33:28.018+0000] {processor.py:186} INFO - Started process (PID=204) to work on /opt/conda/lib/python3.12/site-packages/airflow/example_dags/example_inlet_event_extra.py
[2025-02-06T08:33:28.019+0000] {processor.py:914} INFO - Processing file /opt/conda/lib/python3.12/site-packages/airflow/example_dags/example_inlet_event_extra.py for tasks to queue
[2025-02-06T08:33:28.020+0000] {logging_mixin.py:190} INFO - [2025-02-06T08:33:28.020+0000] {dagbag.py:588} INFO - Filling up the DagBag from /opt/conda/lib/python3.12/site-packages/airflow/example_dags/example_inlet_event_extra.py
[2025-02-06T08:33:28.029+0000] {processor.py:925} INFO - DAG(s) 'read_dataset_event_from_classic', 'read_dataset_event' retrieved from /opt/conda/lib/python3.12/site-packages/airflow/example_dags/example_inlet_event_extra.py
[2025-02-06T08:33:28.059+0000] {logging_mixin.py:190} INFO - [2025-02-06T08:33:28.059+0000] {dag.py:3239} INFO - Sync 2 DAGs
[2025-02-06T08:33:28.080+0000] {logging_mixin.py:190} INFO - [2025-02-06T08:33:28.079+0000] {dag.py:4180} INFO - Setting next_dagrun for read_dataset_event to 2025-02-05 00:00:00+00:00, run_after=2025-02-06 00:00:00+00:00
[2025-02-06T08:33:28.084+0000] {logging_mixin.py:190} INFO - [2025-02-06T08:33:28.084+0000] {dag.py:4180} INFO - Setting next_dagrun for read_dataset_event_from_classic to 2025-02-05 00:00:00+00:00, run_after=2025-02-06 00:00:00+00:00
[2025-02-06T08:33:28.137+0000] {processor.py:208} INFO - Processing /opt/conda/lib/python3.12/site-packages/airflow/example_dags/example_inlet_event_extra.py took 0.122 seconds
[2025-02-06T08:34:43.792+0000] {processor.py:186} INFO - Started process (PID=267) to work on /opt/conda/lib/python3.12/site-packages/airflow/example_dags/example_inlet_event_extra.py
[2025-02-06T08:34:43.793+0000] {processor.py:914} INFO - Processing file /opt/conda/lib/python3.12/site-packages/airflow/example_dags/example_inlet_event_extra.py for tasks to queue
[2025-02-06T08:34:43.794+0000] {logging_mixin.py:190} INFO - [2025-02-06T08:34:43.793+0000] {dagbag.py:588} INFO - Filling up the DagBag from /opt/conda/lib/python3.12/site-packages/airflow/example_dags/example_inlet_event_extra.py
[2025-02-06T08:34:43.803+0000] {processor.py:925} INFO - DAG(s) 'read_dataset_event', 'read_dataset_event_from_classic' retrieved from /opt/conda/lib/python3.12/site-packages/airflow/example_dags/example_inlet_event_extra.py
[2025-02-06T08:34:43.831+0000] {logging_mixin.py:190} INFO - [2025-02-06T08:34:43.831+0000] {dag.py:3239} INFO - Sync 2 DAGs
[2025-02-06T08:34:43.861+0000] {logging_mixin.py:190} INFO - [2025-02-06T08:34:43.861+0000] {dag.py:4180} INFO - Setting next_dagrun for read_dataset_event to 2025-02-05 00:00:00+00:00, run_after=2025-02-06 00:00:00+00:00
[2025-02-06T08:34:43.868+0000] {logging_mixin.py:190} INFO - [2025-02-06T08:34:43.868+0000] {dag.py:4180} INFO - Setting next_dagrun for read_dataset_event_from_classic to 2025-02-05 00:00:00+00:00, run_after=2025-02-06 00:00:00+00:00
[2025-02-06T08:34:43.919+0000] {processor.py:208} INFO - Processing /opt/conda/lib/python3.12/site-packages/airflow/example_dags/example_inlet_event_extra.py took 0.131 seconds
[2025-02-06T08:36:00.023+0000] {processor.py:186} INFO - Started process (PID=333) to work on /opt/conda/lib/python3.12/site-packages/airflow/example_dags/example_inlet_event_extra.py
[2025-02-06T08:36:00.024+0000] {processor.py:914} INFO - Processing file /opt/conda/lib/python3.12/site-packages/airflow/example_dags/example_inlet_event_extra.py for tasks to queue
[2025-02-06T08:36:00.025+0000] {logging_mixin.py:190} INFO - [2025-02-06T08:36:00.025+0000] {dagbag.py:588} INFO - Filling up the DagBag from /opt/conda/lib/python3.12/site-packages/airflow/example_dags/example_inlet_event_extra.py
[2025-02-06T08:36:00.038+0000] {processor.py:925} INFO - DAG(s) 'read_dataset_event', 'read_dataset_event_from_classic' retrieved from /opt/conda/lib/python3.12/site-packages/airflow/example_dags/example_inlet_event_extra.py
[2025-02-06T08:36:00.086+0000] {logging_mixin.py:190} INFO - [2025-02-06T08:36:00.086+0000] {dag.py:3239} INFO - Sync 2 DAGs
[2025-02-06T08:36:00.118+0000] {logging_mixin.py:190} INFO - [2025-02-06T08:36:00.118+0000] {dag.py:4180} INFO - Setting next_dagrun for read_dataset_event to 2025-02-05 00:00:00+00:00, run_after=2025-02-06 00:00:00+00:00
[2025-02-06T08:36:00.217+0000] {logging_mixin.py:190} INFO - [2025-02-06T08:36:00.217+0000] {dag.py:4180} INFO - Setting next_dagrun for read_dataset_event_from_classic to 2025-02-05 00:00:00+00:00, run_after=2025-02-06 00:00:00+00:00
[2025-02-06T08:36:00.270+0000] {processor.py:208} INFO - Processing /opt/conda/lib/python3.12/site-packages/airflow/example_dags/example_inlet_event_extra.py took 0.252 seconds
[2025-02-06T08:37:23.382+0000] {processor.py:186} INFO - Started process (PID=400) to work on /opt/conda/lib/python3.12/site-packages/airflow/example_dags/example_inlet_event_extra.py
[2025-02-06T08:37:23.383+0000] {processor.py:914} INFO - Processing file /opt/conda/lib/python3.12/site-packages/airflow/example_dags/example_inlet_event_extra.py for tasks to queue
[2025-02-06T08:37:23.385+0000] {logging_mixin.py:190} INFO - [2025-02-06T08:37:23.384+0000] {dagbag.py:588} INFO - Filling up the DagBag from /opt/conda/lib/python3.12/site-packages/airflow/example_dags/example_inlet_event_extra.py
[2025-02-06T08:37:23.395+0000] {processor.py:925} INFO - DAG(s) 'read_dataset_event_from_classic', 'read_dataset_event' retrieved from /opt/conda/lib/python3.12/site-packages/airflow/example_dags/example_inlet_event_extra.py
[2025-02-06T08:37:23.423+0000] {logging_mixin.py:190} INFO - [2025-02-06T08:37:23.423+0000] {dag.py:3239} INFO - Sync 2 DAGs
[2025-02-06T08:37:23.451+0000] {logging_mixin.py:190} INFO - [2025-02-06T08:37:23.451+0000] {dag.py:4180} INFO - Setting next_dagrun for read_dataset_event to 2025-02-05 00:00:00+00:00, run_after=2025-02-06 00:00:00+00:00
[2025-02-06T08:37:23.456+0000] {logging_mixin.py:190} INFO - [2025-02-06T08:37:23.456+0000] {dag.py:4180} INFO - Setting next_dagrun for read_dataset_event_from_classic to 2025-02-05 00:00:00+00:00, run_after=2025-02-06 00:00:00+00:00
[2025-02-06T08:37:23.526+0000] {processor.py:208} INFO - Processing /opt/conda/lib/python3.12/site-packages/airflow/example_dags/example_inlet_event_extra.py took 0.148 seconds
[2025-02-06T08:38:38.376+0000] {processor.py:186} INFO - Started process (PID=465) to work on /opt/conda/lib/python3.12/site-packages/airflow/example_dags/example_inlet_event_extra.py
[2025-02-06T08:38:38.378+0000] {processor.py:914} INFO - Processing file /opt/conda/lib/python3.12/site-packages/airflow/example_dags/example_inlet_event_extra.py for tasks to queue
[2025-02-06T08:38:38.379+0000] {logging_mixin.py:190} INFO - [2025-02-06T08:38:38.379+0000] {dagbag.py:588} INFO - Filling up the DagBag from /opt/conda/lib/python3.12/site-packages/airflow/example_dags/example_inlet_event_extra.py
[2025-02-06T08:38:38.392+0000] {processor.py:925} INFO - DAG(s) 'read_dataset_event', 'read_dataset_event_from_classic' retrieved from /opt/conda/lib/python3.12/site-packages/airflow/example_dags/example_inlet_event_extra.py
[2025-02-06T08:38:38.417+0000] {logging_mixin.py:190} INFO - [2025-02-06T08:38:38.416+0000] {dag.py:3239} INFO - Sync 2 DAGs
[2025-02-06T08:38:38.442+0000] {logging_mixin.py:190} INFO - [2025-02-06T08:38:38.442+0000] {dag.py:4180} INFO - Setting next_dagrun for read_dataset_event to 2025-02-05 00:00:00+00:00, run_after=2025-02-06 00:00:00+00:00
[2025-02-06T08:38:38.447+0000] {logging_mixin.py:190} INFO - [2025-02-06T08:38:38.447+0000] {dag.py:4180} INFO - Setting next_dagrun for read_dataset_event_from_classic to 2025-02-05 00:00:00+00:00, run_after=2025-02-06 00:00:00+00:00
[2025-02-06T08:38:38.500+0000] {processor.py:208} INFO - Processing /opt/conda/lib/python3.12/site-packages/airflow/example_dags/example_inlet_event_extra.py took 0.128 seconds
[2025-02-06T08:39:54.928+0000] {processor.py:186} INFO - Started process (PID=531) to work on /opt/conda/lib/python3.12/site-packages/airflow/example_dags/example_inlet_event_extra.py
[2025-02-06T08:39:54.929+0000] {processor.py:914} INFO - Processing file /opt/conda/lib/python3.12/site-packages/airflow/example_dags/example_inlet_event_extra.py for tasks to queue
[2025-02-06T08:39:54.931+0000] {logging_mixin.py:190} INFO - [2025-02-06T08:39:54.930+0000] {dagbag.py:588} INFO - Filling up the DagBag from /opt/conda/lib/python3.12/site-packages/airflow/example_dags/example_inlet_event_extra.py
[2025-02-06T08:39:54.944+0000] {processor.py:925} INFO - DAG(s) 'read_dataset_event_from_classic', 'read_dataset_event' retrieved from /opt/conda/lib/python3.12/site-packages/airflow/example_dags/example_inlet_event_extra.py
[2025-02-06T08:39:54.978+0000] {logging_mixin.py:190} INFO - [2025-02-06T08:39:54.977+0000] {dag.py:3239} INFO - Sync 2 DAGs
[2025-02-06T08:39:55.012+0000] {logging_mixin.py:190} INFO - [2025-02-06T08:39:55.011+0000] {dag.py:4180} INFO - Setting next_dagrun for read_dataset_event to 2025-02-05 00:00:00+00:00, run_after=2025-02-06 00:00:00+00:00
[2025-02-06T08:39:55.017+0000] {logging_mixin.py:190} INFO - [2025-02-06T08:39:55.017+0000] {dag.py:4180} INFO - Setting next_dagrun for read_dataset_event_from_classic to 2025-02-05 00:00:00+00:00, run_after=2025-02-06 00:00:00+00:00
[2025-02-06T08:39:55.075+0000] {processor.py:208} INFO - Processing /opt/conda/lib/python3.12/site-packages/airflow/example_dags/example_inlet_event_extra.py took 0.152 seconds
[2025-02-06T08:41:13.123+0000] {processor.py:186} INFO - Started process (PID=597) to work on /opt/conda/lib/python3.12/site-packages/airflow/example_dags/example_inlet_event_extra.py
[2025-02-06T08:41:13.124+0000] {processor.py:914} INFO - Processing file /opt/conda/lib/python3.12/site-packages/airflow/example_dags/example_inlet_event_extra.py for tasks to queue
[2025-02-06T08:41:13.125+0000] {logging_mixin.py:190} INFO - [2025-02-06T08:41:13.125+0000] {dagbag.py:588} INFO - Filling up the DagBag from /opt/conda/lib/python3.12/site-packages/airflow/example_dags/example_inlet_event_extra.py
[2025-02-06T08:41:13.136+0000] {processor.py:925} INFO - DAG(s) 'read_dataset_event', 'read_dataset_event_from_classic' retrieved from /opt/conda/lib/python3.12/site-packages/airflow/example_dags/example_inlet_event_extra.py
[2025-02-06T08:41:13.165+0000] {logging_mixin.py:190} INFO - [2025-02-06T08:41:13.165+0000] {dag.py:3239} INFO - Sync 2 DAGs
[2025-02-06T08:41:13.188+0000] {logging_mixin.py:190} INFO - [2025-02-06T08:41:13.188+0000] {dag.py:4180} INFO - Setting next_dagrun for read_dataset_event to 2025-02-05 00:00:00+00:00, run_after=2025-02-06 00:00:00+00:00
[2025-02-06T08:41:13.194+0000] {logging_mixin.py:190} INFO - [2025-02-06T08:41:13.194+0000] {dag.py:4180} INFO - Setting next_dagrun for read_dataset_event_from_classic to 2025-02-05 00:00:00+00:00, run_after=2025-02-06 00:00:00+00:00
[2025-02-06T08:41:13.258+0000] {processor.py:208} INFO - Processing /opt/conda/lib/python3.12/site-packages/airflow/example_dags/example_inlet_event_extra.py took 0.139 seconds
[2025-02-06T08:42:28.492+0000] {processor.py:186} INFO - Started process (PID=661) to work on /opt/conda/lib/python3.12/site-packages/airflow/example_dags/example_inlet_event_extra.py
[2025-02-06T08:42:28.493+0000] {processor.py:914} INFO - Processing file /opt/conda/lib/python3.12/site-packages/airflow/example_dags/example_inlet_event_extra.py for tasks to queue
[2025-02-06T08:42:28.495+0000] {logging_mixin.py:190} INFO - [2025-02-06T08:42:28.494+0000] {dagbag.py:588} INFO - Filling up the DagBag from /opt/conda/lib/python3.12/site-packages/airflow/example_dags/example_inlet_event_extra.py
[2025-02-06T08:42:28.504+0000] {processor.py:925} INFO - DAG(s) 'read_dataset_event_from_classic', 'read_dataset_event' retrieved from /opt/conda/lib/python3.12/site-packages/airflow/example_dags/example_inlet_event_extra.py
[2025-02-06T08:42:28.530+0000] {logging_mixin.py:190} INFO - [2025-02-06T08:42:28.530+0000] {dag.py:3239} INFO - Sync 2 DAGs
[2025-02-06T08:42:28.560+0000] {logging_mixin.py:190} INFO - [2025-02-06T08:42:28.560+0000] {dag.py:4180} INFO - Setting next_dagrun for read_dataset_event to 2025-02-05 00:00:00+00:00, run_after=2025-02-06 00:00:00+00:00
[2025-02-06T08:42:28.565+0000] {logging_mixin.py:190} INFO - [2025-02-06T08:42:28.565+0000] {dag.py:4180} INFO - Setting next_dagrun for read_dataset_event_from_classic to 2025-02-05 00:00:00+00:00, run_after=2025-02-06 00:00:00+00:00
[2025-02-06T08:42:28.623+0000] {processor.py:208} INFO - Processing /opt/conda/lib/python3.12/site-packages/airflow/example_dags/example_inlet_event_extra.py took 0.135 seconds
[2025-02-06T08:44:00.354+0000] {processor.py:186} INFO - Started process (PID=80) to work on /opt/conda/lib/python3.12/site-packages/airflow/example_dags/example_inlet_event_extra.py
[2025-02-06T08:44:00.355+0000] {processor.py:914} INFO - Processing file /opt/conda/lib/python3.12/site-packages/airflow/example_dags/example_inlet_event_extra.py for tasks to queue
[2025-02-06T08:44:00.357+0000] {logging_mixin.py:190} INFO - [2025-02-06T08:44:00.357+0000] {dagbag.py:588} INFO - Filling up the DagBag from /opt/conda/lib/python3.12/site-packages/airflow/example_dags/example_inlet_event_extra.py
[2025-02-06T08:44:00.366+0000] {processor.py:925} INFO - DAG(s) 'read_dataset_event', 'read_dataset_event_from_classic' retrieved from /opt/conda/lib/python3.12/site-packages/airflow/example_dags/example_inlet_event_extra.py
[2025-02-06T08:44:00.389+0000] {logging_mixin.py:190} INFO - [2025-02-06T08:44:00.388+0000] {dag.py:3239} INFO - Sync 2 DAGs
[2025-02-06T08:44:00.412+0000] {logging_mixin.py:190} INFO - [2025-02-06T08:44:00.412+0000] {dag.py:4180} INFO - Setting next_dagrun for read_dataset_event to 2025-02-05 00:00:00+00:00, run_after=2025-02-06 00:00:00+00:00
[2025-02-06T08:44:00.418+0000] {logging_mixin.py:190} INFO - [2025-02-06T08:44:00.418+0000] {dag.py:4180} INFO - Setting next_dagrun for read_dataset_event_from_classic to 2025-02-05 00:00:00+00:00, run_after=2025-02-06 00:00:00+00:00
[2025-02-06T08:44:00.488+0000] {processor.py:208} INFO - Processing /opt/conda/lib/python3.12/site-packages/airflow/example_dags/example_inlet_event_extra.py took 0.137 seconds
[2025-02-06T08:45:16.244+0000] {processor.py:186} INFO - Started process (PID=146) to work on /opt/conda/lib/python3.12/site-packages/airflow/example_dags/example_inlet_event_extra.py
[2025-02-06T08:45:16.245+0000] {processor.py:914} INFO - Processing file /opt/conda/lib/python3.12/site-packages/airflow/example_dags/example_inlet_event_extra.py for tasks to queue
[2025-02-06T08:45:16.247+0000] {logging_mixin.py:190} INFO - [2025-02-06T08:45:16.247+0000] {dagbag.py:588} INFO - Filling up the DagBag from /opt/conda/lib/python3.12/site-packages/airflow/example_dags/example_inlet_event_extra.py
[2025-02-06T08:45:16.258+0000] {processor.py:925} INFO - DAG(s) 'read_dataset_event_from_classic', 'read_dataset_event' retrieved from /opt/conda/lib/python3.12/site-packages/airflow/example_dags/example_inlet_event_extra.py
[2025-02-06T08:45:16.283+0000] {logging_mixin.py:190} INFO - [2025-02-06T08:45:16.283+0000] {dag.py:3239} INFO - Sync 2 DAGs
[2025-02-06T08:45:16.310+0000] {logging_mixin.py:190} INFO - [2025-02-06T08:45:16.310+0000] {dag.py:4180} INFO - Setting next_dagrun for read_dataset_event to 2025-02-05 00:00:00+00:00, run_after=2025-02-06 00:00:00+00:00
[2025-02-06T08:45:16.315+0000] {logging_mixin.py:190} INFO - [2025-02-06T08:45:16.315+0000] {dag.py:4180} INFO - Setting next_dagrun for read_dataset_event_from_classic to 2025-02-05 00:00:00+00:00, run_after=2025-02-06 00:00:00+00:00
[2025-02-06T08:45:16.372+0000] {processor.py:208} INFO - Processing /opt/conda/lib/python3.12/site-packages/airflow/example_dags/example_inlet_event_extra.py took 0.132 seconds
[2025-02-06T08:50:13.587+0000] {processor.py:186} INFO - Started process (PID=296) to work on /opt/conda/lib/python3.12/site-packages/airflow/example_dags/example_inlet_event_extra.py
[2025-02-06T08:50:13.588+0000] {processor.py:914} INFO - Processing file /opt/conda/lib/python3.12/site-packages/airflow/example_dags/example_inlet_event_extra.py for tasks to queue
[2025-02-06T08:50:13.589+0000] {logging_mixin.py:190} INFO - [2025-02-06T08:50:13.589+0000] {dagbag.py:588} INFO - Filling up the DagBag from /opt/conda/lib/python3.12/site-packages/airflow/example_dags/example_inlet_event_extra.py
[2025-02-06T08:50:13.597+0000] {processor.py:925} INFO - DAG(s) 'read_dataset_event', 'read_dataset_event_from_classic' retrieved from /opt/conda/lib/python3.12/site-packages/airflow/example_dags/example_inlet_event_extra.py
[2025-02-06T08:50:13.621+0000] {logging_mixin.py:190} INFO - [2025-02-06T08:50:13.621+0000] {dag.py:3239} INFO - Sync 2 DAGs
[2025-02-06T08:50:13.639+0000] {logging_mixin.py:190} INFO - [2025-02-06T08:50:13.639+0000] {dag.py:4180} INFO - Setting next_dagrun for read_dataset_event to 2025-02-05 00:00:00+00:00, run_after=2025-02-06 00:00:00+00:00
[2025-02-06T08:50:13.644+0000] {logging_mixin.py:190} INFO - [2025-02-06T08:50:13.643+0000] {dag.py:4180} INFO - Setting next_dagrun for read_dataset_event_from_classic to 2025-02-05 00:00:00+00:00, run_after=2025-02-06 00:00:00+00:00
[2025-02-06T08:50:13.705+0000] {processor.py:208} INFO - Processing /opt/conda/lib/python3.12/site-packages/airflow/example_dags/example_inlet_event_extra.py took 0.122 seconds
[2025-02-06T08:53:19.477+0000] {processor.py:186} INFO - Started process (PID=638) to work on /opt/conda/lib/python3.12/site-packages/airflow/example_dags/example_inlet_event_extra.py
[2025-02-06T08:53:19.478+0000] {processor.py:914} INFO - Processing file /opt/conda/lib/python3.12/site-packages/airflow/example_dags/example_inlet_event_extra.py for tasks to queue
[2025-02-06T08:53:19.480+0000] {logging_mixin.py:190} INFO - [2025-02-06T08:53:19.479+0000] {dagbag.py:588} INFO - Filling up the DagBag from /opt/conda/lib/python3.12/site-packages/airflow/example_dags/example_inlet_event_extra.py
[2025-02-06T08:53:19.488+0000] {processor.py:925} INFO - DAG(s) 'read_dataset_event', 'read_dataset_event_from_classic' retrieved from /opt/conda/lib/python3.12/site-packages/airflow/example_dags/example_inlet_event_extra.py
[2025-02-06T08:53:19.516+0000] {logging_mixin.py:190} INFO - [2025-02-06T08:53:19.516+0000] {dag.py:3239} INFO - Sync 2 DAGs
[2025-02-06T08:53:19.539+0000] {logging_mixin.py:190} INFO - [2025-02-06T08:53:19.539+0000] {dag.py:4180} INFO - Setting next_dagrun for read_dataset_event to 2025-02-05 00:00:00+00:00, run_after=2025-02-06 00:00:00+00:00
[2025-02-06T08:53:19.545+0000] {logging_mixin.py:190} INFO - [2025-02-06T08:53:19.545+0000] {dag.py:4180} INFO - Setting next_dagrun for read_dataset_event_from_classic to 2025-02-05 00:00:00+00:00, run_after=2025-02-06 00:00:00+00:00
[2025-02-06T08:53:19.603+0000] {processor.py:208} INFO - Processing /opt/conda/lib/python3.12/site-packages/airflow/example_dags/example_inlet_event_extra.py took 0.130 seconds
[2025-02-06T08:58:15.144+0000] {processor.py:186} INFO - Started process (PID=1158) to work on /opt/conda/lib/python3.12/site-packages/airflow/example_dags/example_inlet_event_extra.py
[2025-02-06T08:58:15.145+0000] {processor.py:914} INFO - Processing file /opt/conda/lib/python3.12/site-packages/airflow/example_dags/example_inlet_event_extra.py for tasks to queue
[2025-02-06T08:58:15.147+0000] {logging_mixin.py:190} INFO - [2025-02-06T08:58:15.147+0000] {dagbag.py:588} INFO - Filling up the DagBag from /opt/conda/lib/python3.12/site-packages/airflow/example_dags/example_inlet_event_extra.py
[2025-02-06T08:58:15.157+0000] {processor.py:925} INFO - DAG(s) 'read_dataset_event', 'read_dataset_event_from_classic' retrieved from /opt/conda/lib/python3.12/site-packages/airflow/example_dags/example_inlet_event_extra.py
[2025-02-06T08:58:15.183+0000] {logging_mixin.py:190} INFO - [2025-02-06T08:58:15.183+0000] {dag.py:3239} INFO - Sync 2 DAGs
[2025-02-06T08:58:15.207+0000] {logging_mixin.py:190} INFO - [2025-02-06T08:58:15.207+0000] {dag.py:4180} INFO - Setting next_dagrun for read_dataset_event to 2025-02-05 00:00:00+00:00, run_after=2025-02-06 00:00:00+00:00
[2025-02-06T08:58:15.213+0000] {logging_mixin.py:190} INFO - [2025-02-06T08:58:15.212+0000] {dag.py:4180} INFO - Setting next_dagrun for read_dataset_event_from_classic to 2025-02-05 00:00:00+00:00, run_after=2025-02-06 00:00:00+00:00
[2025-02-06T08:58:15.264+0000] {processor.py:208} INFO - Processing /opt/conda/lib/python3.12/site-packages/airflow/example_dags/example_inlet_event_extra.py took 0.125 seconds
[2025-02-06T09:06:03.786+0000] {processor.py:186} INFO - Started process (PID=220) to work on /opt/conda/lib/python3.12/site-packages/airflow/example_dags/example_inlet_event_extra.py
[2025-02-06T09:06:03.787+0000] {processor.py:914} INFO - Processing file /opt/conda/lib/python3.12/site-packages/airflow/example_dags/example_inlet_event_extra.py for tasks to queue
[2025-02-06T09:06:03.788+0000] {logging_mixin.py:190} INFO - [2025-02-06T09:06:03.788+0000] {dagbag.py:588} INFO - Filling up the DagBag from /opt/conda/lib/python3.12/site-packages/airflow/example_dags/example_inlet_event_extra.py
[2025-02-06T09:06:03.799+0000] {processor.py:925} INFO - DAG(s) 'read_dataset_event_from_classic', 'read_dataset_event' retrieved from /opt/conda/lib/python3.12/site-packages/airflow/example_dags/example_inlet_event_extra.py
[2025-02-06T09:06:03.823+0000] {logging_mixin.py:190} INFO - [2025-02-06T09:06:03.823+0000] {dag.py:3239} INFO - Sync 2 DAGs
[2025-02-06T09:06:03.846+0000] {logging_mixin.py:190} INFO - [2025-02-06T09:06:03.846+0000] {dag.py:4180} INFO - Setting next_dagrun for read_dataset_event to 2025-02-05 00:00:00+00:00, run_after=2025-02-06 00:00:00+00:00
[2025-02-06T09:06:03.853+0000] {logging_mixin.py:190} INFO - [2025-02-06T09:06:03.853+0000] {dag.py:4180} INFO - Setting next_dagrun for read_dataset_event_from_classic to 2025-02-05 00:00:00+00:00, run_after=2025-02-06 00:00:00+00:00
[2025-02-06T09:06:03.909+0000] {processor.py:208} INFO - Processing /opt/conda/lib/python3.12/site-packages/airflow/example_dags/example_inlet_event_extra.py took 0.127 seconds
[2025-02-06T09:09:04.368+0000] {processor.py:186} INFO - Started process (PID=554) to work on /opt/conda/lib/python3.12/site-packages/airflow/example_dags/example_inlet_event_extra.py
[2025-02-06T09:09:04.369+0000] {processor.py:914} INFO - Processing file /opt/conda/lib/python3.12/site-packages/airflow/example_dags/example_inlet_event_extra.py for tasks to queue
[2025-02-06T09:09:04.372+0000] {logging_mixin.py:190} INFO - [2025-02-06T09:09:04.372+0000] {dagbag.py:588} INFO - Filling up the DagBag from /opt/conda/lib/python3.12/site-packages/airflow/example_dags/example_inlet_event_extra.py
[2025-02-06T09:09:04.381+0000] {processor.py:925} INFO - DAG(s) 'read_dataset_event', 'read_dataset_event_from_classic' retrieved from /opt/conda/lib/python3.12/site-packages/airflow/example_dags/example_inlet_event_extra.py
[2025-02-06T09:09:04.408+0000] {logging_mixin.py:190} INFO - [2025-02-06T09:09:04.408+0000] {dag.py:3239} INFO - Sync 2 DAGs
[2025-02-06T09:09:04.435+0000] {logging_mixin.py:190} INFO - [2025-02-06T09:09:04.434+0000] {dag.py:4180} INFO - Setting next_dagrun for read_dataset_event to 2025-02-05 00:00:00+00:00, run_after=2025-02-06 00:00:00+00:00
[2025-02-06T09:09:04.439+0000] {logging_mixin.py:190} INFO - [2025-02-06T09:09:04.439+0000] {dag.py:4180} INFO - Setting next_dagrun for read_dataset_event_from_classic to 2025-02-05 00:00:00+00:00, run_after=2025-02-06 00:00:00+00:00
[2025-02-06T09:09:04.500+0000] {processor.py:208} INFO - Processing /opt/conda/lib/python3.12/site-packages/airflow/example_dags/example_inlet_event_extra.py took 0.135 seconds
[2025-02-06T09:13:44.216+0000] {processor.py:186} INFO - Started process (PID=1080) to work on /opt/conda/lib/python3.12/site-packages/airflow/example_dags/example_inlet_event_extra.py
[2025-02-06T09:13:44.217+0000] {processor.py:914} INFO - Processing file /opt/conda/lib/python3.12/site-packages/airflow/example_dags/example_inlet_event_extra.py for tasks to queue
[2025-02-06T09:13:44.219+0000] {logging_mixin.py:190} INFO - [2025-02-06T09:13:44.218+0000] {dagbag.py:588} INFO - Filling up the DagBag from /opt/conda/lib/python3.12/site-packages/airflow/example_dags/example_inlet_event_extra.py
[2025-02-06T09:13:44.227+0000] {processor.py:925} INFO - DAG(s) 'read_dataset_event', 'read_dataset_event_from_classic' retrieved from /opt/conda/lib/python3.12/site-packages/airflow/example_dags/example_inlet_event_extra.py
[2025-02-06T09:13:44.254+0000] {logging_mixin.py:190} INFO - [2025-02-06T09:13:44.254+0000] {dag.py:3239} INFO - Sync 2 DAGs
[2025-02-06T09:13:44.286+0000] {logging_mixin.py:190} INFO - [2025-02-06T09:13:44.286+0000] {dag.py:4180} INFO - Setting next_dagrun for read_dataset_event to 2025-02-05 00:00:00+00:00, run_after=2025-02-06 00:00:00+00:00
[2025-02-06T09:13:44.295+0000] {logging_mixin.py:190} INFO - [2025-02-06T09:13:44.294+0000] {dag.py:4180} INFO - Setting next_dagrun for read_dataset_event_from_classic to 2025-02-05 00:00:00+00:00, run_after=2025-02-06 00:00:00+00:00
[2025-02-06T09:13:44.389+0000] {processor.py:208} INFO - Processing /opt/conda/lib/python3.12/site-packages/airflow/example_dags/example_inlet_event_extra.py took 0.177 seconds
[2025-02-06T09:18:11.519+0000] {processor.py:186} INFO - Started process (PID=1580) to work on /opt/conda/lib/python3.12/site-packages/airflow/example_dags/example_inlet_event_extra.py
[2025-02-06T09:18:11.520+0000] {processor.py:914} INFO - Processing file /opt/conda/lib/python3.12/site-packages/airflow/example_dags/example_inlet_event_extra.py for tasks to queue
[2025-02-06T09:18:11.522+0000] {logging_mixin.py:190} INFO - [2025-02-06T09:18:11.522+0000] {dagbag.py:588} INFO - Filling up the DagBag from /opt/conda/lib/python3.12/site-packages/airflow/example_dags/example_inlet_event_extra.py
[2025-02-06T09:18:11.532+0000] {processor.py:925} INFO - DAG(s) 'read_dataset_event_from_classic', 'read_dataset_event' retrieved from /opt/conda/lib/python3.12/site-packages/airflow/example_dags/example_inlet_event_extra.py
[2025-02-06T09:18:11.644+0000] {logging_mixin.py:190} INFO - [2025-02-06T09:18:11.644+0000] {dag.py:3239} INFO - Sync 2 DAGs
[2025-02-06T09:18:11.666+0000] {logging_mixin.py:190} INFO - [2025-02-06T09:18:11.665+0000] {dag.py:4180} INFO - Setting next_dagrun for read_dataset_event to 2025-02-05 00:00:00+00:00, run_after=2025-02-06 00:00:00+00:00
[2025-02-06T09:18:11.671+0000] {logging_mixin.py:190} INFO - [2025-02-06T09:18:11.671+0000] {dag.py:4180} INFO - Setting next_dagrun for read_dataset_event_from_classic to 2025-02-05 00:00:00+00:00, run_after=2025-02-06 00:00:00+00:00
[2025-02-06T09:18:11.726+0000] {processor.py:208} INFO - Processing /opt/conda/lib/python3.12/site-packages/airflow/example_dags/example_inlet_event_extra.py took 0.211 seconds
[2025-02-06T09:23:45.789+0000] {processor.py:186} INFO - Started process (PID=2134) to work on /opt/conda/lib/python3.12/site-packages/airflow/example_dags/example_inlet_event_extra.py
[2025-02-06T09:23:45.790+0000] {processor.py:914} INFO - Processing file /opt/conda/lib/python3.12/site-packages/airflow/example_dags/example_inlet_event_extra.py for tasks to queue
[2025-02-06T09:23:45.792+0000] {logging_mixin.py:190} INFO - [2025-02-06T09:23:45.792+0000] {dagbag.py:588} INFO - Filling up the DagBag from /opt/conda/lib/python3.12/site-packages/airflow/example_dags/example_inlet_event_extra.py
[2025-02-06T09:23:45.802+0000] {processor.py:925} INFO - DAG(s) 'read_dataset_event', 'read_dataset_event_from_classic' retrieved from /opt/conda/lib/python3.12/site-packages/airflow/example_dags/example_inlet_event_extra.py
[2025-02-06T09:23:45.828+0000] {logging_mixin.py:190} INFO - [2025-02-06T09:23:45.828+0000] {dag.py:3239} INFO - Sync 2 DAGs
[2025-02-06T09:23:45.853+0000] {logging_mixin.py:190} INFO - [2025-02-06T09:23:45.852+0000] {dag.py:4180} INFO - Setting next_dagrun for read_dataset_event to 2025-02-05 00:00:00+00:00, run_after=2025-02-06 00:00:00+00:00
[2025-02-06T09:23:45.858+0000] {logging_mixin.py:190} INFO - [2025-02-06T09:23:45.858+0000] {dag.py:4180} INFO - Setting next_dagrun for read_dataset_event_from_classic to 2025-02-05 00:00:00+00:00, run_after=2025-02-06 00:00:00+00:00
[2025-02-06T09:23:45.910+0000] {processor.py:208} INFO - Processing /opt/conda/lib/python3.12/site-packages/airflow/example_dags/example_inlet_event_extra.py took 0.126 seconds
[2025-02-06T09:27:09.852+0000] {processor.py:186} INFO - Started process (PID=322) to work on /opt/conda/lib/python3.12/site-packages/airflow/example_dags/example_inlet_event_extra.py
[2025-02-06T09:27:09.853+0000] {processor.py:914} INFO - Processing file /opt/conda/lib/python3.12/site-packages/airflow/example_dags/example_inlet_event_extra.py for tasks to queue
[2025-02-06T09:27:09.855+0000] {logging_mixin.py:190} INFO - [2025-02-06T09:27:09.855+0000] {dagbag.py:588} INFO - Filling up the DagBag from /opt/conda/lib/python3.12/site-packages/airflow/example_dags/example_inlet_event_extra.py
[2025-02-06T09:27:09.865+0000] {processor.py:925} INFO - DAG(s) 'read_dataset_event_from_classic', 'read_dataset_event' retrieved from /opt/conda/lib/python3.12/site-packages/airflow/example_dags/example_inlet_event_extra.py
[2025-02-06T09:27:09.895+0000] {logging_mixin.py:190} INFO - [2025-02-06T09:27:09.895+0000] {dag.py:3239} INFO - Sync 2 DAGs
[2025-02-06T09:27:09.922+0000] {logging_mixin.py:190} INFO - [2025-02-06T09:27:09.921+0000] {dag.py:4180} INFO - Setting next_dagrun for read_dataset_event to 2025-02-05 00:00:00+00:00, run_after=2025-02-06 00:00:00+00:00
[2025-02-06T09:27:09.926+0000] {logging_mixin.py:190} INFO - [2025-02-06T09:27:09.926+0000] {dag.py:4180} INFO - Setting next_dagrun for read_dataset_event_from_classic to 2025-02-05 00:00:00+00:00, run_after=2025-02-06 00:00:00+00:00
[2025-02-06T09:27:09.990+0000] {processor.py:208} INFO - Processing /opt/conda/lib/python3.12/site-packages/airflow/example_dags/example_inlet_event_extra.py took 0.142 seconds
[2025-02-06T09:33:41.370+0000] {processor.py:186} INFO - Started process (PID=522) to work on /opt/conda/lib/python3.12/site-packages/airflow/example_dags/example_inlet_event_extra.py
[2025-02-06T09:33:41.371+0000] {processor.py:914} INFO - Processing file /opt/conda/lib/python3.12/site-packages/airflow/example_dags/example_inlet_event_extra.py for tasks to queue
[2025-02-06T09:33:41.373+0000] {logging_mixin.py:190} INFO - [2025-02-06T09:33:41.373+0000] {dagbag.py:588} INFO - Filling up the DagBag from /opt/conda/lib/python3.12/site-packages/airflow/example_dags/example_inlet_event_extra.py
[2025-02-06T09:33:41.384+0000] {processor.py:925} INFO - DAG(s) 'read_dataset_event', 'read_dataset_event_from_classic' retrieved from /opt/conda/lib/python3.12/site-packages/airflow/example_dags/example_inlet_event_extra.py
[2025-02-06T09:33:41.410+0000] {logging_mixin.py:190} INFO - [2025-02-06T09:33:41.410+0000] {dag.py:3239} INFO - Sync 2 DAGs
[2025-02-06T09:33:41.431+0000] {logging_mixin.py:190} INFO - [2025-02-06T09:33:41.430+0000] {dag.py:4180} INFO - Setting next_dagrun for read_dataset_event to 2025-02-05 00:00:00+00:00, run_after=2025-02-06 00:00:00+00:00
[2025-02-06T09:33:41.436+0000] {logging_mixin.py:190} INFO - [2025-02-06T09:33:41.435+0000] {dag.py:4180} INFO - Setting next_dagrun for read_dataset_event_from_classic to 2025-02-05 00:00:00+00:00, run_after=2025-02-06 00:00:00+00:00
[2025-02-06T09:33:41.484+0000] {processor.py:208} INFO - Processing /opt/conda/lib/python3.12/site-packages/airflow/example_dags/example_inlet_event_extra.py took 0.119 seconds
[2025-02-06T09:39:06.252+0000] {processor.py:186} INFO - Started process (PID=1103) to work on /opt/conda/lib/python3.12/site-packages/airflow/example_dags/example_inlet_event_extra.py
[2025-02-06T09:39:06.254+0000] {processor.py:914} INFO - Processing file /opt/conda/lib/python3.12/site-packages/airflow/example_dags/example_inlet_event_extra.py for tasks to queue
[2025-02-06T09:39:06.259+0000] {logging_mixin.py:190} INFO - [2025-02-06T09:39:06.258+0000] {dagbag.py:588} INFO - Filling up the DagBag from /opt/conda/lib/python3.12/site-packages/airflow/example_dags/example_inlet_event_extra.py
[2025-02-06T09:39:06.279+0000] {processor.py:925} INFO - DAG(s) 'read_dataset_event', 'read_dataset_event_from_classic' retrieved from /opt/conda/lib/python3.12/site-packages/airflow/example_dags/example_inlet_event_extra.py
[2025-02-06T09:39:06.315+0000] {logging_mixin.py:190} INFO - [2025-02-06T09:39:06.315+0000] {dag.py:3239} INFO - Sync 2 DAGs
[2025-02-06T09:39:06.343+0000] {logging_mixin.py:190} INFO - [2025-02-06T09:39:06.343+0000] {dag.py:4180} INFO - Setting next_dagrun for read_dataset_event to 2025-02-05 00:00:00+00:00, run_after=2025-02-06 00:00:00+00:00
[2025-02-06T09:39:06.349+0000] {logging_mixin.py:190} INFO - [2025-02-06T09:39:06.349+0000] {dag.py:4180} INFO - Setting next_dagrun for read_dataset_event_from_classic to 2025-02-05 00:00:00+00:00, run_after=2025-02-06 00:00:00+00:00
[2025-02-06T09:39:06.427+0000] {processor.py:208} INFO - Processing /opt/conda/lib/python3.12/site-packages/airflow/example_dags/example_inlet_event_extra.py took 0.182 seconds
[2025-02-06T09:43:05.228+0000] {processor.py:186} INFO - Started process (PID=1503) to work on /opt/conda/lib/python3.12/site-packages/airflow/example_dags/example_inlet_event_extra.py
[2025-02-06T09:43:05.229+0000] {processor.py:914} INFO - Processing file /opt/conda/lib/python3.12/site-packages/airflow/example_dags/example_inlet_event_extra.py for tasks to queue
[2025-02-06T09:43:05.231+0000] {logging_mixin.py:190} INFO - [2025-02-06T09:43:05.231+0000] {dagbag.py:588} INFO - Filling up the DagBag from /opt/conda/lib/python3.12/site-packages/airflow/example_dags/example_inlet_event_extra.py
[2025-02-06T09:43:05.242+0000] {processor.py:925} INFO - DAG(s) 'read_dataset_event', 'read_dataset_event_from_classic' retrieved from /opt/conda/lib/python3.12/site-packages/airflow/example_dags/example_inlet_event_extra.py
[2025-02-06T09:43:05.277+0000] {logging_mixin.py:190} INFO - [2025-02-06T09:43:05.276+0000] {dag.py:3239} INFO - Sync 2 DAGs
[2025-02-06T09:43:05.308+0000] {logging_mixin.py:190} INFO - [2025-02-06T09:43:05.307+0000] {dag.py:4180} INFO - Setting next_dagrun for read_dataset_event to 2025-02-05 00:00:00+00:00, run_after=2025-02-06 00:00:00+00:00
[2025-02-06T09:43:05.315+0000] {logging_mixin.py:190} INFO - [2025-02-06T09:43:05.315+0000] {dag.py:4180} INFO - Setting next_dagrun for read_dataset_event_from_classic to 2025-02-05 00:00:00+00:00, run_after=2025-02-06 00:00:00+00:00
[2025-02-06T09:43:05.382+0000] {processor.py:208} INFO - Processing /opt/conda/lib/python3.12/site-packages/airflow/example_dags/example_inlet_event_extra.py took 0.158 seconds
[2025-02-06T09:51:10.646+0000] {processor.py:186} INFO - Started process (PID=505) to work on /opt/conda/lib/python3.12/site-packages/airflow/example_dags/example_inlet_event_extra.py
[2025-02-06T09:51:10.647+0000] {processor.py:914} INFO - Processing file /opt/conda/lib/python3.12/site-packages/airflow/example_dags/example_inlet_event_extra.py for tasks to queue
[2025-02-06T09:51:10.649+0000] {logging_mixin.py:190} INFO - [2025-02-06T09:51:10.649+0000] {dagbag.py:588} INFO - Filling up the DagBag from /opt/conda/lib/python3.12/site-packages/airflow/example_dags/example_inlet_event_extra.py
[2025-02-06T09:51:10.659+0000] {processor.py:925} INFO - DAG(s) 'read_dataset_event', 'read_dataset_event_from_classic' retrieved from /opt/conda/lib/python3.12/site-packages/airflow/example_dags/example_inlet_event_extra.py
[2025-02-06T09:51:10.686+0000] {logging_mixin.py:190} INFO - [2025-02-06T09:51:10.686+0000] {dag.py:3239} INFO - Sync 2 DAGs
[2025-02-06T09:51:10.710+0000] {logging_mixin.py:190} INFO - [2025-02-06T09:51:10.710+0000] {dag.py:4180} INFO - Setting next_dagrun for read_dataset_event to 2025-02-05 00:00:00+00:00, run_after=2025-02-06 00:00:00+00:00
[2025-02-06T09:51:10.715+0000] {logging_mixin.py:190} INFO - [2025-02-06T09:51:10.714+0000] {dag.py:4180} INFO - Setting next_dagrun for read_dataset_event_from_classic to 2025-02-05 00:00:00+00:00, run_after=2025-02-06 00:00:00+00:00
[2025-02-06T09:51:10.775+0000] {processor.py:208} INFO - Processing /opt/conda/lib/python3.12/site-packages/airflow/example_dags/example_inlet_event_extra.py took 0.133 seconds
[2025-02-06T09:56:26.215+0000] {processor.py:186} INFO - Started process (PID=1073) to work on /opt/conda/lib/python3.12/site-packages/airflow/example_dags/example_inlet_event_extra.py
[2025-02-06T09:56:26.216+0000] {processor.py:914} INFO - Processing file /opt/conda/lib/python3.12/site-packages/airflow/example_dags/example_inlet_event_extra.py for tasks to queue
[2025-02-06T09:56:26.219+0000] {logging_mixin.py:190} INFO - [2025-02-06T09:56:26.218+0000] {dagbag.py:588} INFO - Filling up the DagBag from /opt/conda/lib/python3.12/site-packages/airflow/example_dags/example_inlet_event_extra.py
[2025-02-06T09:56:26.230+0000] {processor.py:925} INFO - DAG(s) 'read_dataset_event', 'read_dataset_event_from_classic' retrieved from /opt/conda/lib/python3.12/site-packages/airflow/example_dags/example_inlet_event_extra.py
[2025-02-06T09:56:26.253+0000] {logging_mixin.py:190} INFO - [2025-02-06T09:56:26.252+0000] {dag.py:3239} INFO - Sync 2 DAGs
[2025-02-06T09:56:26.274+0000] {logging_mixin.py:190} INFO - [2025-02-06T09:56:26.274+0000] {dag.py:4180} INFO - Setting next_dagrun for read_dataset_event to 2025-02-05 00:00:00+00:00, run_after=2025-02-06 00:00:00+00:00
[2025-02-06T09:56:26.279+0000] {logging_mixin.py:190} INFO - [2025-02-06T09:56:26.279+0000] {dag.py:4180} INFO - Setting next_dagrun for read_dataset_event_from_classic to 2025-02-05 00:00:00+00:00, run_after=2025-02-06 00:00:00+00:00
[2025-02-06T09:56:26.327+0000] {processor.py:208} INFO - Processing /opt/conda/lib/python3.12/site-packages/airflow/example_dags/example_inlet_event_extra.py took 0.117 seconds
[2025-02-06T10:05:14.548+0000] {processor.py:186} INFO - Started process (PID=2011) to work on /opt/conda/lib/python3.12/site-packages/airflow/example_dags/example_inlet_event_extra.py
[2025-02-06T10:05:14.549+0000] {processor.py:914} INFO - Processing file /opt/conda/lib/python3.12/site-packages/airflow/example_dags/example_inlet_event_extra.py for tasks to queue
[2025-02-06T10:05:14.551+0000] {logging_mixin.py:190} INFO - [2025-02-06T10:05:14.551+0000] {dagbag.py:588} INFO - Filling up the DagBag from /opt/conda/lib/python3.12/site-packages/airflow/example_dags/example_inlet_event_extra.py
[2025-02-06T10:05:14.562+0000] {processor.py:925} INFO - DAG(s) 'read_dataset_event_from_classic', 'read_dataset_event' retrieved from /opt/conda/lib/python3.12/site-packages/airflow/example_dags/example_inlet_event_extra.py
[2025-02-06T10:05:14.590+0000] {logging_mixin.py:190} INFO - [2025-02-06T10:05:14.590+0000] {dag.py:3239} INFO - Sync 2 DAGs
[2025-02-06T10:05:14.614+0000] {logging_mixin.py:190} INFO - [2025-02-06T10:05:14.614+0000] {dag.py:4180} INFO - Setting next_dagrun for read_dataset_event to 2025-02-05 00:00:00+00:00, run_after=2025-02-06 00:00:00+00:00
[2025-02-06T10:05:14.620+0000] {logging_mixin.py:190} INFO - [2025-02-06T10:05:14.620+0000] {dag.py:4180} INFO - Setting next_dagrun for read_dataset_event_from_classic to 2025-02-05 00:00:00+00:00, run_after=2025-02-06 00:00:00+00:00
[2025-02-06T10:05:14.680+0000] {processor.py:208} INFO - Processing /opt/conda/lib/python3.12/site-packages/airflow/example_dags/example_inlet_event_extra.py took 0.138 seconds
[2025-02-06T10:09:35.616+0000] {processor.py:186} INFO - Started process (PID=2405) to work on /opt/conda/lib/python3.12/site-packages/airflow/example_dags/example_inlet_event_extra.py
[2025-02-06T10:09:35.617+0000] {processor.py:914} INFO - Processing file /opt/conda/lib/python3.12/site-packages/airflow/example_dags/example_inlet_event_extra.py for tasks to queue
[2025-02-06T10:09:35.619+0000] {logging_mixin.py:190} INFO - [2025-02-06T10:09:35.618+0000] {dagbag.py:588} INFO - Filling up the DagBag from /opt/conda/lib/python3.12/site-packages/airflow/example_dags/example_inlet_event_extra.py
[2025-02-06T10:09:35.628+0000] {processor.py:925} INFO - DAG(s) 'read_dataset_event', 'read_dataset_event_from_classic' retrieved from /opt/conda/lib/python3.12/site-packages/airflow/example_dags/example_inlet_event_extra.py
[2025-02-06T10:09:35.650+0000] {logging_mixin.py:190} INFO - [2025-02-06T10:09:35.650+0000] {dag.py:3239} INFO - Sync 2 DAGs
[2025-02-06T10:09:35.671+0000] {logging_mixin.py:190} INFO - [2025-02-06T10:09:35.671+0000] {dag.py:4180} INFO - Setting next_dagrun for read_dataset_event to 2025-02-05 00:00:00+00:00, run_after=2025-02-06 00:00:00+00:00
[2025-02-06T10:09:35.676+0000] {logging_mixin.py:190} INFO - [2025-02-06T10:09:35.675+0000] {dag.py:4180} INFO - Setting next_dagrun for read_dataset_event_from_classic to 2025-02-05 00:00:00+00:00, run_after=2025-02-06 00:00:00+00:00
[2025-02-06T10:09:35.811+0000] {processor.py:208} INFO - Processing /opt/conda/lib/python3.12/site-packages/airflow/example_dags/example_inlet_event_extra.py took 0.200 seconds
[2025-02-06T10:16:14.430+0000] {processor.py:186} INFO - Started process (PID=3092) to work on /opt/conda/lib/python3.12/site-packages/airflow/example_dags/example_inlet_event_extra.py
[2025-02-06T10:16:14.431+0000] {processor.py:914} INFO - Processing file /opt/conda/lib/python3.12/site-packages/airflow/example_dags/example_inlet_event_extra.py for tasks to queue
[2025-02-06T10:16:14.432+0000] {logging_mixin.py:190} INFO - [2025-02-06T10:16:14.432+0000] {dagbag.py:588} INFO - Filling up the DagBag from /opt/conda/lib/python3.12/site-packages/airflow/example_dags/example_inlet_event_extra.py
[2025-02-06T10:16:14.450+0000] {processor.py:925} INFO - DAG(s) 'read_dataset_event_from_classic', 'read_dataset_event' retrieved from /opt/conda/lib/python3.12/site-packages/airflow/example_dags/example_inlet_event_extra.py
[2025-02-06T10:16:14.479+0000] {logging_mixin.py:190} INFO - [2025-02-06T10:16:14.479+0000] {dag.py:3239} INFO - Sync 2 DAGs
[2025-02-06T10:16:14.503+0000] {logging_mixin.py:190} INFO - [2025-02-06T10:16:14.503+0000] {dag.py:4180} INFO - Setting next_dagrun for read_dataset_event to 2025-02-05 00:00:00+00:00, run_after=2025-02-06 00:00:00+00:00
[2025-02-06T10:16:14.510+0000] {logging_mixin.py:190} INFO - [2025-02-06T10:16:14.509+0000] {dag.py:4180} INFO - Setting next_dagrun for read_dataset_event_from_classic to 2025-02-05 00:00:00+00:00, run_after=2025-02-06 00:00:00+00:00
[2025-02-06T10:16:14.563+0000] {processor.py:208} INFO - Processing /opt/conda/lib/python3.12/site-packages/airflow/example_dags/example_inlet_event_extra.py took 0.138 seconds
[2025-02-06T10:22:05.110+0000] {processor.py:186} INFO - Started process (PID=3698) to work on /opt/conda/lib/python3.12/site-packages/airflow/example_dags/example_inlet_event_extra.py
[2025-02-06T10:22:05.111+0000] {processor.py:914} INFO - Processing file /opt/conda/lib/python3.12/site-packages/airflow/example_dags/example_inlet_event_extra.py for tasks to queue
[2025-02-06T10:22:05.112+0000] {logging_mixin.py:190} INFO - [2025-02-06T10:22:05.112+0000] {dagbag.py:588} INFO - Filling up the DagBag from /opt/conda/lib/python3.12/site-packages/airflow/example_dags/example_inlet_event_extra.py
[2025-02-06T10:22:05.125+0000] {processor.py:925} INFO - DAG(s) 'read_dataset_event_from_classic', 'read_dataset_event' retrieved from /opt/conda/lib/python3.12/site-packages/airflow/example_dags/example_inlet_event_extra.py
[2025-02-06T10:22:05.151+0000] {logging_mixin.py:190} INFO - [2025-02-06T10:22:05.151+0000] {dag.py:3239} INFO - Sync 2 DAGs
[2025-02-06T10:22:05.175+0000] {logging_mixin.py:190} INFO - [2025-02-06T10:22:05.174+0000] {dag.py:4180} INFO - Setting next_dagrun for read_dataset_event to 2025-02-05 00:00:00+00:00, run_after=2025-02-06 00:00:00+00:00
[2025-02-06T10:22:05.181+0000] {logging_mixin.py:190} INFO - [2025-02-06T10:22:05.181+0000] {dag.py:4180} INFO - Setting next_dagrun for read_dataset_event_from_classic to 2025-02-05 00:00:00+00:00, run_after=2025-02-06 00:00:00+00:00
[2025-02-06T10:22:05.234+0000] {processor.py:208} INFO - Processing /opt/conda/lib/python3.12/site-packages/airflow/example_dags/example_inlet_event_extra.py took 0.129 seconds
[2025-02-06T10:24:28.972+0000] {processor.py:186} INFO - Started process (PID=3908) to work on /opt/conda/lib/python3.12/site-packages/airflow/example_dags/example_inlet_event_extra.py
[2025-02-06T10:24:28.974+0000] {processor.py:914} INFO - Processing file /opt/conda/lib/python3.12/site-packages/airflow/example_dags/example_inlet_event_extra.py for tasks to queue
[2025-02-06T10:24:28.975+0000] {logging_mixin.py:190} INFO - [2025-02-06T10:24:28.975+0000] {dagbag.py:588} INFO - Filling up the DagBag from /opt/conda/lib/python3.12/site-packages/airflow/example_dags/example_inlet_event_extra.py
[2025-02-06T10:24:28.985+0000] {processor.py:925} INFO - DAG(s) 'read_dataset_event_from_classic', 'read_dataset_event' retrieved from /opt/conda/lib/python3.12/site-packages/airflow/example_dags/example_inlet_event_extra.py
[2025-02-06T10:24:29.011+0000] {logging_mixin.py:190} INFO - [2025-02-06T10:24:29.011+0000] {dag.py:3239} INFO - Sync 2 DAGs
[2025-02-06T10:24:29.035+0000] {logging_mixin.py:190} INFO - [2025-02-06T10:24:29.035+0000] {dag.py:4180} INFO - Setting next_dagrun for read_dataset_event to 2025-02-05 00:00:00+00:00, run_after=2025-02-06 00:00:00+00:00
[2025-02-06T10:24:29.039+0000] {logging_mixin.py:190} INFO - [2025-02-06T10:24:29.039+0000] {dag.py:4180} INFO - Setting next_dagrun for read_dataset_event_from_classic to 2025-02-05 00:00:00+00:00, run_after=2025-02-06 00:00:00+00:00
[2025-02-06T10:24:29.107+0000] {processor.py:208} INFO - Processing /opt/conda/lib/python3.12/site-packages/airflow/example_dags/example_inlet_event_extra.py took 0.139 seconds
[2025-02-06T11:42:37.786+0000] {processor.py:186} INFO - Started process (PID=949) to work on /opt/conda/lib/python3.12/site-packages/airflow/example_dags/example_inlet_event_extra.py
[2025-02-06T11:42:37.795+0000] {processor.py:914} INFO - Processing file /opt/conda/lib/python3.12/site-packages/airflow/example_dags/example_inlet_event_extra.py for tasks to queue
[2025-02-06T11:42:37.798+0000] {logging_mixin.py:190} INFO - [2025-02-06T11:42:37.797+0000] {dagbag.py:588} INFO - Filling up the DagBag from /opt/conda/lib/python3.12/site-packages/airflow/example_dags/example_inlet_event_extra.py
[2025-02-06T11:42:37.809+0000] {processor.py:925} INFO - DAG(s) 'read_dataset_event_from_classic', 'read_dataset_event' retrieved from /opt/conda/lib/python3.12/site-packages/airflow/example_dags/example_inlet_event_extra.py
[2025-02-06T11:42:37.839+0000] {logging_mixin.py:190} INFO - [2025-02-06T11:42:37.839+0000] {dag.py:3239} INFO - Sync 2 DAGs
[2025-02-06T11:42:37.870+0000] {logging_mixin.py:190} INFO - [2025-02-06T11:42:37.870+0000] {dag.py:4180} INFO - Setting next_dagrun for read_dataset_event to 2025-02-05 00:00:00+00:00, run_after=2025-02-06 00:00:00+00:00
[2025-02-06T11:42:37.878+0000] {logging_mixin.py:190} INFO - [2025-02-06T11:42:37.878+0000] {dag.py:4180} INFO - Setting next_dagrun for read_dataset_event_from_classic to 2025-02-05 00:00:00+00:00, run_after=2025-02-06 00:00:00+00:00
[2025-02-06T11:42:37.949+0000] {processor.py:208} INFO - Processing /opt/conda/lib/python3.12/site-packages/airflow/example_dags/example_inlet_event_extra.py took 0.168 seconds
[2025-02-06T11:47:23.447+0000] {processor.py:186} INFO - Started process (PID=1944) to work on /opt/conda/lib/python3.12/site-packages/airflow/example_dags/example_inlet_event_extra.py
[2025-02-06T11:47:23.450+0000] {processor.py:914} INFO - Processing file /opt/conda/lib/python3.12/site-packages/airflow/example_dags/example_inlet_event_extra.py for tasks to queue
[2025-02-06T11:47:23.454+0000] {logging_mixin.py:190} INFO - [2025-02-06T11:47:23.454+0000] {dagbag.py:588} INFO - Filling up the DagBag from /opt/conda/lib/python3.12/site-packages/airflow/example_dags/example_inlet_event_extra.py
[2025-02-06T11:47:23.484+0000] {processor.py:925} INFO - DAG(s) 'read_dataset_event', 'read_dataset_event_from_classic' retrieved from /opt/conda/lib/python3.12/site-packages/airflow/example_dags/example_inlet_event_extra.py
[2025-02-06T11:47:23.596+0000] {logging_mixin.py:190} INFO - [2025-02-06T11:47:23.594+0000] {dag.py:3239} INFO - Sync 2 DAGs
[2025-02-06T11:47:23.736+0000] {logging_mixin.py:190} INFO - [2025-02-06T11:47:23.734+0000] {dag.py:4180} INFO - Setting next_dagrun for read_dataset_event to 2025-02-05 00:00:00+00:00, run_after=2025-02-06 00:00:00+00:00
[2025-02-06T11:47:23.775+0000] {logging_mixin.py:190} INFO - [2025-02-06T11:47:23.774+0000] {dag.py:4180} INFO - Setting next_dagrun for read_dataset_event_from_classic to 2025-02-05 00:00:00+00:00, run_after=2025-02-06 00:00:00+00:00
[2025-02-06T11:47:24.443+0000] {processor.py:208} INFO - Processing /opt/conda/lib/python3.12/site-packages/airflow/example_dags/example_inlet_event_extra.py took 1.018 seconds
[2025-02-06T12:06:05.237+0000] {processor.py:186} INFO - Started process (PID=967) to work on /opt/conda/lib/python3.12/site-packages/airflow/example_dags/example_inlet_event_extra.py
[2025-02-06T12:06:05.238+0000] {processor.py:914} INFO - Processing file /opt/conda/lib/python3.12/site-packages/airflow/example_dags/example_inlet_event_extra.py for tasks to queue
[2025-02-06T12:06:05.240+0000] {logging_mixin.py:190} INFO - [2025-02-06T12:06:05.240+0000] {dagbag.py:588} INFO - Filling up the DagBag from /opt/conda/lib/python3.12/site-packages/airflow/example_dags/example_inlet_event_extra.py
[2025-02-06T12:06:05.250+0000] {processor.py:925} INFO - DAG(s) 'read_dataset_event', 'read_dataset_event_from_classic' retrieved from /opt/conda/lib/python3.12/site-packages/airflow/example_dags/example_inlet_event_extra.py
[2025-02-06T12:06:05.280+0000] {logging_mixin.py:190} INFO - [2025-02-06T12:06:05.280+0000] {dag.py:3239} INFO - Sync 2 DAGs
[2025-02-06T12:06:05.301+0000] {logging_mixin.py:190} INFO - [2025-02-06T12:06:05.300+0000] {dag.py:4180} INFO - Setting next_dagrun for read_dataset_event to 2025-02-05 00:00:00+00:00, run_after=2025-02-06 00:00:00+00:00
[2025-02-06T12:06:05.306+0000] {logging_mixin.py:190} INFO - [2025-02-06T12:06:05.305+0000] {dag.py:4180} INFO - Setting next_dagrun for read_dataset_event_from_classic to 2025-02-05 00:00:00+00:00, run_after=2025-02-06 00:00:00+00:00
[2025-02-06T12:06:05.357+0000] {processor.py:208} INFO - Processing /opt/conda/lib/python3.12/site-packages/airflow/example_dags/example_inlet_event_extra.py took 0.123 seconds
[2025-02-06T12:25:15.446+0000] {processor.py:186} INFO - Started process (PID=1504) to work on /opt/conda/lib/python3.12/site-packages/airflow/example_dags/example_inlet_event_extra.py
[2025-02-06T12:25:15.447+0000] {processor.py:914} INFO - Processing file /opt/conda/lib/python3.12/site-packages/airflow/example_dags/example_inlet_event_extra.py for tasks to queue
[2025-02-06T12:25:15.449+0000] {logging_mixin.py:190} INFO - [2025-02-06T12:25:15.448+0000] {dagbag.py:588} INFO - Filling up the DagBag from /opt/conda/lib/python3.12/site-packages/airflow/example_dags/example_inlet_event_extra.py
[2025-02-06T12:25:15.458+0000] {processor.py:925} INFO - DAG(s) 'read_dataset_event', 'read_dataset_event_from_classic' retrieved from /opt/conda/lib/python3.12/site-packages/airflow/example_dags/example_inlet_event_extra.py
[2025-02-06T12:25:15.491+0000] {logging_mixin.py:190} INFO - [2025-02-06T12:25:15.491+0000] {dag.py:3239} INFO - Sync 2 DAGs
[2025-02-06T12:25:15.516+0000] {logging_mixin.py:190} INFO - [2025-02-06T12:25:15.515+0000] {dag.py:4180} INFO - Setting next_dagrun for read_dataset_event to 2025-02-05 00:00:00+00:00, run_after=2025-02-06 00:00:00+00:00
[2025-02-06T12:25:15.522+0000] {logging_mixin.py:190} INFO - [2025-02-06T12:25:15.521+0000] {dag.py:4180} INFO - Setting next_dagrun for read_dataset_event_from_classic to 2025-02-05 00:00:00+00:00, run_after=2025-02-06 00:00:00+00:00
[2025-02-06T12:25:15.582+0000] {processor.py:208} INFO - Processing /opt/conda/lib/python3.12/site-packages/airflow/example_dags/example_inlet_event_extra.py took 0.140 seconds
[2025-02-06T12:29:08.079+0000] {processor.py:186} INFO - Started process (PID=3422) to work on /opt/conda/lib/python3.12/site-packages/airflow/example_dags/example_inlet_event_extra.py
[2025-02-06T12:29:08.080+0000] {processor.py:914} INFO - Processing file /opt/conda/lib/python3.12/site-packages/airflow/example_dags/example_inlet_event_extra.py for tasks to queue
[2025-02-06T12:29:08.082+0000] {logging_mixin.py:190} INFO - [2025-02-06T12:29:08.082+0000] {dagbag.py:588} INFO - Filling up the DagBag from /opt/conda/lib/python3.12/site-packages/airflow/example_dags/example_inlet_event_extra.py
[2025-02-06T12:29:08.093+0000] {processor.py:925} INFO - DAG(s) 'read_dataset_event_from_classic', 'read_dataset_event' retrieved from /opt/conda/lib/python3.12/site-packages/airflow/example_dags/example_inlet_event_extra.py
[2025-02-06T12:29:08.119+0000] {logging_mixin.py:190} INFO - [2025-02-06T12:29:08.119+0000] {dag.py:3239} INFO - Sync 2 DAGs
[2025-02-06T12:29:08.142+0000] {logging_mixin.py:190} INFO - [2025-02-06T12:29:08.142+0000] {dag.py:4180} INFO - Setting next_dagrun for read_dataset_event to 2025-02-05 00:00:00+00:00, run_after=2025-02-06 00:00:00+00:00
[2025-02-06T12:29:08.147+0000] {logging_mixin.py:190} INFO - [2025-02-06T12:29:08.147+0000] {dag.py:4180} INFO - Setting next_dagrun for read_dataset_event_from_classic to 2025-02-05 00:00:00+00:00, run_after=2025-02-06 00:00:00+00:00
[2025-02-06T12:29:08.218+0000] {processor.py:208} INFO - Processing /opt/conda/lib/python3.12/site-packages/airflow/example_dags/example_inlet_event_extra.py took 0.144 seconds
[2025-02-06T12:32:58.550+0000] {processor.py:186} INFO - Started process (PID=5436) to work on /opt/conda/lib/python3.12/site-packages/airflow/example_dags/example_inlet_event_extra.py
[2025-02-06T12:32:58.551+0000] {processor.py:914} INFO - Processing file /opt/conda/lib/python3.12/site-packages/airflow/example_dags/example_inlet_event_extra.py for tasks to queue
[2025-02-06T12:32:58.553+0000] {logging_mixin.py:190} INFO - [2025-02-06T12:32:58.553+0000] {dagbag.py:588} INFO - Filling up the DagBag from /opt/conda/lib/python3.12/site-packages/airflow/example_dags/example_inlet_event_extra.py
[2025-02-06T12:32:58.567+0000] {processor.py:925} INFO - DAG(s) 'read_dataset_event_from_classic', 'read_dataset_event' retrieved from /opt/conda/lib/python3.12/site-packages/airflow/example_dags/example_inlet_event_extra.py
[2025-02-06T12:32:58.600+0000] {logging_mixin.py:190} INFO - [2025-02-06T12:32:58.600+0000] {dag.py:3239} INFO - Sync 2 DAGs
[2025-02-06T12:32:58.622+0000] {logging_mixin.py:190} INFO - [2025-02-06T12:32:58.622+0000] {dag.py:4180} INFO - Setting next_dagrun for read_dataset_event to 2025-02-05 00:00:00+00:00, run_after=2025-02-06 00:00:00+00:00
[2025-02-06T12:32:58.626+0000] {logging_mixin.py:190} INFO - [2025-02-06T12:32:58.626+0000] {dag.py:4180} INFO - Setting next_dagrun for read_dataset_event_from_classic to 2025-02-05 00:00:00+00:00, run_after=2025-02-06 00:00:00+00:00
[2025-02-06T12:32:58.668+0000] {processor.py:208} INFO - Processing /opt/conda/lib/python3.12/site-packages/airflow/example_dags/example_inlet_event_extra.py took 0.124 seconds
[2025-02-06T12:37:09.331+0000] {processor.py:186} INFO - Started process (PID=7572) to work on /opt/conda/lib/python3.12/site-packages/airflow/example_dags/example_inlet_event_extra.py
[2025-02-06T12:37:09.332+0000] {processor.py:914} INFO - Processing file /opt/conda/lib/python3.12/site-packages/airflow/example_dags/example_inlet_event_extra.py for tasks to queue
[2025-02-06T12:37:09.334+0000] {logging_mixin.py:190} INFO - [2025-02-06T12:37:09.333+0000] {dagbag.py:588} INFO - Filling up the DagBag from /opt/conda/lib/python3.12/site-packages/airflow/example_dags/example_inlet_event_extra.py
[2025-02-06T12:37:09.343+0000] {processor.py:925} INFO - DAG(s) 'read_dataset_event', 'read_dataset_event_from_classic' retrieved from /opt/conda/lib/python3.12/site-packages/airflow/example_dags/example_inlet_event_extra.py
[2025-02-06T12:37:09.365+0000] {logging_mixin.py:190} INFO - [2025-02-06T12:37:09.364+0000] {dag.py:3239} INFO - Sync 2 DAGs
[2025-02-06T12:37:09.387+0000] {logging_mixin.py:190} INFO - [2025-02-06T12:37:09.387+0000] {dag.py:4180} INFO - Setting next_dagrun for read_dataset_event to 2025-02-05 00:00:00+00:00, run_after=2025-02-06 00:00:00+00:00
[2025-02-06T12:37:09.391+0000] {logging_mixin.py:190} INFO - [2025-02-06T12:37:09.391+0000] {dag.py:4180} INFO - Setting next_dagrun for read_dataset_event_from_classic to 2025-02-05 00:00:00+00:00, run_after=2025-02-06 00:00:00+00:00
[2025-02-06T12:37:09.436+0000] {processor.py:208} INFO - Processing /opt/conda/lib/python3.12/site-packages/airflow/example_dags/example_inlet_event_extra.py took 0.108 seconds
[2025-02-06T12:41:17.028+0000] {processor.py:186} INFO - Started process (PID=9692) to work on /opt/conda/lib/python3.12/site-packages/airflow/example_dags/example_inlet_event_extra.py
[2025-02-06T12:41:17.029+0000] {processor.py:914} INFO - Processing file /opt/conda/lib/python3.12/site-packages/airflow/example_dags/example_inlet_event_extra.py for tasks to queue
[2025-02-06T12:41:17.031+0000] {logging_mixin.py:190} INFO - [2025-02-06T12:41:17.031+0000] {dagbag.py:588} INFO - Filling up the DagBag from /opt/conda/lib/python3.12/site-packages/airflow/example_dags/example_inlet_event_extra.py
[2025-02-06T12:41:17.040+0000] {processor.py:925} INFO - DAG(s) 'read_dataset_event', 'read_dataset_event_from_classic' retrieved from /opt/conda/lib/python3.12/site-packages/airflow/example_dags/example_inlet_event_extra.py
[2025-02-06T12:41:17.083+0000] {logging_mixin.py:190} INFO - [2025-02-06T12:41:17.082+0000] {dag.py:3239} INFO - Sync 2 DAGs
[2025-02-06T12:41:17.103+0000] {logging_mixin.py:190} INFO - [2025-02-06T12:41:17.103+0000] {dag.py:4180} INFO - Setting next_dagrun for read_dataset_event to 2025-02-05 00:00:00+00:00, run_after=2025-02-06 00:00:00+00:00
[2025-02-06T12:41:17.107+0000] {logging_mixin.py:190} INFO - [2025-02-06T12:41:17.107+0000] {dag.py:4180} INFO - Setting next_dagrun for read_dataset_event_from_classic to 2025-02-05 00:00:00+00:00, run_after=2025-02-06 00:00:00+00:00
[2025-02-06T12:41:17.168+0000] {processor.py:208} INFO - Processing /opt/conda/lib/python3.12/site-packages/airflow/example_dags/example_inlet_event_extra.py took 0.144 seconds
[2025-02-06T12:45:20.763+0000] {processor.py:186} INFO - Started process (PID=11774) to work on /opt/conda/lib/python3.12/site-packages/airflow/example_dags/example_inlet_event_extra.py
[2025-02-06T12:45:20.764+0000] {processor.py:914} INFO - Processing file /opt/conda/lib/python3.12/site-packages/airflow/example_dags/example_inlet_event_extra.py for tasks to queue
[2025-02-06T12:45:20.766+0000] {logging_mixin.py:190} INFO - [2025-02-06T12:45:20.765+0000] {dagbag.py:588} INFO - Filling up the DagBag from /opt/conda/lib/python3.12/site-packages/airflow/example_dags/example_inlet_event_extra.py
[2025-02-06T12:45:20.775+0000] {processor.py:925} INFO - DAG(s) 'read_dataset_event_from_classic', 'read_dataset_event' retrieved from /opt/conda/lib/python3.12/site-packages/airflow/example_dags/example_inlet_event_extra.py
[2025-02-06T12:45:20.797+0000] {logging_mixin.py:190} INFO - [2025-02-06T12:45:20.797+0000] {dag.py:3239} INFO - Sync 2 DAGs
[2025-02-06T12:45:20.820+0000] {logging_mixin.py:190} INFO - [2025-02-06T12:45:20.820+0000] {dag.py:4180} INFO - Setting next_dagrun for read_dataset_event to 2025-02-05 00:00:00+00:00, run_after=2025-02-06 00:00:00+00:00
[2025-02-06T12:45:20.825+0000] {logging_mixin.py:190} INFO - [2025-02-06T12:45:20.824+0000] {dag.py:4180} INFO - Setting next_dagrun for read_dataset_event_from_classic to 2025-02-05 00:00:00+00:00, run_after=2025-02-06 00:00:00+00:00
[2025-02-06T12:45:20.886+0000] {processor.py:208} INFO - Processing /opt/conda/lib/python3.12/site-packages/airflow/example_dags/example_inlet_event_extra.py took 0.127 seconds
[2025-02-06T12:50:51.642+0000] {processor.py:186} INFO - Started process (PID=14271) to work on /opt/conda/lib/python3.12/site-packages/airflow/example_dags/example_inlet_event_extra.py
[2025-02-06T12:50:51.643+0000] {processor.py:914} INFO - Processing file /opt/conda/lib/python3.12/site-packages/airflow/example_dags/example_inlet_event_extra.py for tasks to queue
[2025-02-06T12:50:51.645+0000] {logging_mixin.py:190} INFO - [2025-02-06T12:50:51.645+0000] {dagbag.py:588} INFO - Filling up the DagBag from /opt/conda/lib/python3.12/site-packages/airflow/example_dags/example_inlet_event_extra.py
[2025-02-06T12:50:51.661+0000] {processor.py:925} INFO - DAG(s) 'read_dataset_event', 'read_dataset_event_from_classic' retrieved from /opt/conda/lib/python3.12/site-packages/airflow/example_dags/example_inlet_event_extra.py
[2025-02-06T12:50:51.693+0000] {logging_mixin.py:190} INFO - [2025-02-06T12:50:51.692+0000] {dag.py:3239} INFO - Sync 2 DAGs
[2025-02-06T12:50:51.719+0000] {logging_mixin.py:190} INFO - [2025-02-06T12:50:51.719+0000] {dag.py:4180} INFO - Setting next_dagrun for read_dataset_event to 2025-02-05 00:00:00+00:00, run_after=2025-02-06 00:00:00+00:00
[2025-02-06T12:50:51.725+0000] {logging_mixin.py:190} INFO - [2025-02-06T12:50:51.725+0000] {dag.py:4180} INFO - Setting next_dagrun for read_dataset_event_from_classic to 2025-02-05 00:00:00+00:00, run_after=2025-02-06 00:00:00+00:00
[2025-02-06T12:50:51.777+0000] {processor.py:208} INFO - Processing /opt/conda/lib/python3.12/site-packages/airflow/example_dags/example_inlet_event_extra.py took 0.141 seconds
[2025-02-06T13:00:22.071+0000] {processor.py:186} INFO - Started process (PID=744) to work on /opt/conda/lib/python3.12/site-packages/airflow/example_dags/example_inlet_event_extra.py
[2025-02-06T13:00:22.077+0000] {processor.py:914} INFO - Processing file /opt/conda/lib/python3.12/site-packages/airflow/example_dags/example_inlet_event_extra.py for tasks to queue
[2025-02-06T13:00:22.098+0000] {logging_mixin.py:190} INFO - [2025-02-06T13:00:22.097+0000] {dagbag.py:588} INFO - Filling up the DagBag from /opt/conda/lib/python3.12/site-packages/airflow/example_dags/example_inlet_event_extra.py
[2025-02-06T13:00:22.148+0000] {processor.py:925} INFO - DAG(s) 'read_dataset_event', 'read_dataset_event_from_classic' retrieved from /opt/conda/lib/python3.12/site-packages/airflow/example_dags/example_inlet_event_extra.py
[2025-02-06T13:00:22.284+0000] {logging_mixin.py:190} INFO - [2025-02-06T13:00:22.283+0000] {dag.py:3239} INFO - Sync 2 DAGs
[2025-02-06T13:00:22.376+0000] {logging_mixin.py:190} INFO - [2025-02-06T13:00:22.376+0000] {dag.py:4180} INFO - Setting next_dagrun for read_dataset_event to 2025-02-05 00:00:00+00:00, run_after=2025-02-06 00:00:00+00:00
[2025-02-06T13:00:22.390+0000] {logging_mixin.py:190} INFO - [2025-02-06T13:00:22.389+0000] {dag.py:4180} INFO - Setting next_dagrun for read_dataset_event_from_classic to 2025-02-05 00:00:00+00:00, run_after=2025-02-06 00:00:00+00:00
[2025-02-06T13:00:22.629+0000] {processor.py:208} INFO - Processing /opt/conda/lib/python3.12/site-packages/airflow/example_dags/example_inlet_event_extra.py took 0.584 seconds
[2025-02-06T13:03:24.479+0000] {processor.py:186} INFO - Started process (PID=1739) to work on /opt/conda/lib/python3.12/site-packages/airflow/example_dags/example_inlet_event_extra.py
[2025-02-06T13:03:24.481+0000] {processor.py:914} INFO - Processing file /opt/conda/lib/python3.12/site-packages/airflow/example_dags/example_inlet_event_extra.py for tasks to queue
[2025-02-06T13:03:24.484+0000] {logging_mixin.py:190} INFO - [2025-02-06T13:03:24.484+0000] {dagbag.py:588} INFO - Filling up the DagBag from /opt/conda/lib/python3.12/site-packages/airflow/example_dags/example_inlet_event_extra.py
[2025-02-06T13:03:24.496+0000] {processor.py:925} INFO - DAG(s) 'read_dataset_event_from_classic', 'read_dataset_event' retrieved from /opt/conda/lib/python3.12/site-packages/airflow/example_dags/example_inlet_event_extra.py
[2025-02-06T13:03:24.533+0000] {logging_mixin.py:190} INFO - [2025-02-06T13:03:24.532+0000] {dag.py:3239} INFO - Sync 2 DAGs
[2025-02-06T13:03:24.564+0000] {logging_mixin.py:190} INFO - [2025-02-06T13:03:24.564+0000] {dag.py:4180} INFO - Setting next_dagrun for read_dataset_event to 2025-02-05 00:00:00+00:00, run_after=2025-02-06 00:00:00+00:00
[2025-02-06T13:03:24.573+0000] {logging_mixin.py:190} INFO - [2025-02-06T13:03:24.572+0000] {dag.py:4180} INFO - Setting next_dagrun for read_dataset_event_from_classic to 2025-02-05 00:00:00+00:00, run_after=2025-02-06 00:00:00+00:00
[2025-02-06T13:03:24.632+0000] {processor.py:208} INFO - Processing /opt/conda/lib/python3.12/site-packages/airflow/example_dags/example_inlet_event_extra.py took 0.158 seconds
[2025-02-06T13:05:37.324+0000] {processor.py:186} INFO - Started process (PID=2437) to work on /opt/conda/lib/python3.12/site-packages/airflow/example_dags/example_inlet_event_extra.py
[2025-02-06T13:05:37.325+0000] {processor.py:914} INFO - Processing file /opt/conda/lib/python3.12/site-packages/airflow/example_dags/example_inlet_event_extra.py for tasks to queue
[2025-02-06T13:05:37.327+0000] {logging_mixin.py:190} INFO - [2025-02-06T13:05:37.327+0000] {dagbag.py:588} INFO - Filling up the DagBag from /opt/conda/lib/python3.12/site-packages/airflow/example_dags/example_inlet_event_extra.py
[2025-02-06T13:05:37.342+0000] {processor.py:925} INFO - DAG(s) 'read_dataset_event_from_classic', 'read_dataset_event' retrieved from /opt/conda/lib/python3.12/site-packages/airflow/example_dags/example_inlet_event_extra.py
[2025-02-06T13:05:37.378+0000] {logging_mixin.py:190} INFO - [2025-02-06T13:05:37.377+0000] {dag.py:3239} INFO - Sync 2 DAGs
[2025-02-06T13:05:37.411+0000] {logging_mixin.py:190} INFO - [2025-02-06T13:05:37.410+0000] {dag.py:4180} INFO - Setting next_dagrun for read_dataset_event to 2025-02-05 00:00:00+00:00, run_after=2025-02-06 00:00:00+00:00
[2025-02-06T13:05:37.417+0000] {logging_mixin.py:190} INFO - [2025-02-06T13:05:37.417+0000] {dag.py:4180} INFO - Setting next_dagrun for read_dataset_event_from_classic to 2025-02-05 00:00:00+00:00, run_after=2025-02-06 00:00:00+00:00
[2025-02-06T13:05:37.484+0000] {processor.py:208} INFO - Processing /opt/conda/lib/python3.12/site-packages/airflow/example_dags/example_inlet_event_extra.py took 0.165 seconds
[2025-02-06T13:20:50.126+0000] {processor.py:186} INFO - Started process (PID=865) to work on /opt/conda/lib/python3.12/site-packages/airflow/example_dags/example_inlet_event_extra.py
[2025-02-06T13:20:50.128+0000] {processor.py:914} INFO - Processing file /opt/conda/lib/python3.12/site-packages/airflow/example_dags/example_inlet_event_extra.py for tasks to queue
[2025-02-06T13:20:50.131+0000] {logging_mixin.py:190} INFO - [2025-02-06T13:20:50.130+0000] {dagbag.py:588} INFO - Filling up the DagBag from /opt/conda/lib/python3.12/site-packages/airflow/example_dags/example_inlet_event_extra.py
[2025-02-06T13:20:50.142+0000] {processor.py:925} INFO - DAG(s) 'read_dataset_event', 'read_dataset_event_from_classic' retrieved from /opt/conda/lib/python3.12/site-packages/airflow/example_dags/example_inlet_event_extra.py
[2025-02-06T13:20:50.176+0000] {logging_mixin.py:190} INFO - [2025-02-06T13:20:50.176+0000] {dag.py:3239} INFO - Sync 2 DAGs
[2025-02-06T13:20:50.204+0000] {logging_mixin.py:190} INFO - [2025-02-06T13:20:50.204+0000] {dag.py:4180} INFO - Setting next_dagrun for read_dataset_event to 2025-02-05 00:00:00+00:00, run_after=2025-02-06 00:00:00+00:00
[2025-02-06T13:20:50.211+0000] {logging_mixin.py:190} INFO - [2025-02-06T13:20:50.210+0000] {dag.py:4180} INFO - Setting next_dagrun for read_dataset_event_from_classic to 2025-02-05 00:00:00+00:00, run_after=2025-02-06 00:00:00+00:00
[2025-02-06T13:20:50.276+0000] {processor.py:208} INFO - Processing /opt/conda/lib/python3.12/site-packages/airflow/example_dags/example_inlet_event_extra.py took 0.155 seconds
[2025-02-06T13:25:24.770+0000] {processor.py:186} INFO - Started process (PID=2724) to work on /opt/conda/lib/python3.12/site-packages/airflow/example_dags/example_inlet_event_extra.py
[2025-02-06T13:25:24.771+0000] {processor.py:914} INFO - Processing file /opt/conda/lib/python3.12/site-packages/airflow/example_dags/example_inlet_event_extra.py for tasks to queue
[2025-02-06T13:25:24.773+0000] {logging_mixin.py:190} INFO - [2025-02-06T13:25:24.773+0000] {dagbag.py:588} INFO - Filling up the DagBag from /opt/conda/lib/python3.12/site-packages/airflow/example_dags/example_inlet_event_extra.py
[2025-02-06T13:25:24.783+0000] {processor.py:925} INFO - DAG(s) 'read_dataset_event', 'read_dataset_event_from_classic' retrieved from /opt/conda/lib/python3.12/site-packages/airflow/example_dags/example_inlet_event_extra.py
[2025-02-06T13:25:24.808+0000] {logging_mixin.py:190} INFO - [2025-02-06T13:25:24.808+0000] {dag.py:3239} INFO - Sync 2 DAGs
[2025-02-06T13:25:24.829+0000] {logging_mixin.py:190} INFO - [2025-02-06T13:25:24.829+0000] {dag.py:4180} INFO - Setting next_dagrun for read_dataset_event to 2025-02-05 00:00:00+00:00, run_after=2025-02-06 00:00:00+00:00
[2025-02-06T13:25:24.833+0000] {logging_mixin.py:190} INFO - [2025-02-06T13:25:24.833+0000] {dag.py:4180} INFO - Setting next_dagrun for read_dataset_event_from_classic to 2025-02-05 00:00:00+00:00, run_after=2025-02-06 00:00:00+00:00
[2025-02-06T13:25:24.887+0000] {processor.py:208} INFO - Processing /opt/conda/lib/python3.12/site-packages/airflow/example_dags/example_inlet_event_extra.py took 0.120 seconds
[2025-02-06T13:29:51.855+0000] {processor.py:186} INFO - Started process (PID=4665) to work on /opt/conda/lib/python3.12/site-packages/airflow/example_dags/example_inlet_event_extra.py
[2025-02-06T13:29:51.856+0000] {processor.py:914} INFO - Processing file /opt/conda/lib/python3.12/site-packages/airflow/example_dags/example_inlet_event_extra.py for tasks to queue
[2025-02-06T13:29:51.860+0000] {logging_mixin.py:190} INFO - [2025-02-06T13:29:51.859+0000] {dagbag.py:588} INFO - Filling up the DagBag from /opt/conda/lib/python3.12/site-packages/airflow/example_dags/example_inlet_event_extra.py
[2025-02-06T13:29:51.875+0000] {processor.py:925} INFO - DAG(s) 'read_dataset_event_from_classic', 'read_dataset_event' retrieved from /opt/conda/lib/python3.12/site-packages/airflow/example_dags/example_inlet_event_extra.py
[2025-02-06T13:29:51.920+0000] {logging_mixin.py:190} INFO - [2025-02-06T13:29:51.920+0000] {dag.py:3239} INFO - Sync 2 DAGs
[2025-02-06T13:29:51.959+0000] {logging_mixin.py:190} INFO - [2025-02-06T13:29:51.959+0000] {dag.py:4180} INFO - Setting next_dagrun for read_dataset_event to 2025-02-05 00:00:00+00:00, run_after=2025-02-06 00:00:00+00:00
[2025-02-06T13:29:51.969+0000] {logging_mixin.py:190} INFO - [2025-02-06T13:29:51.968+0000] {dag.py:4180} INFO - Setting next_dagrun for read_dataset_event_from_classic to 2025-02-05 00:00:00+00:00, run_after=2025-02-06 00:00:00+00:00
[2025-02-06T13:29:52.051+0000] {processor.py:208} INFO - Processing /opt/conda/lib/python3.12/site-packages/airflow/example_dags/example_inlet_event_extra.py took 0.203 seconds
[2025-02-06T13:33:18.252+0000] {processor.py:186} INFO - Started process (PID=5879) to work on /opt/conda/lib/python3.12/site-packages/airflow/example_dags/example_inlet_event_extra.py
[2025-02-06T13:33:18.254+0000] {processor.py:914} INFO - Processing file /opt/conda/lib/python3.12/site-packages/airflow/example_dags/example_inlet_event_extra.py for tasks to queue
[2025-02-06T13:33:18.255+0000] {logging_mixin.py:190} INFO - [2025-02-06T13:33:18.255+0000] {dagbag.py:588} INFO - Filling up the DagBag from /opt/conda/lib/python3.12/site-packages/airflow/example_dags/example_inlet_event_extra.py
[2025-02-06T13:33:18.268+0000] {processor.py:925} INFO - DAG(s) 'read_dataset_event_from_classic', 'read_dataset_event' retrieved from /opt/conda/lib/python3.12/site-packages/airflow/example_dags/example_inlet_event_extra.py
[2025-02-06T13:33:18.300+0000] {logging_mixin.py:190} INFO - [2025-02-06T13:33:18.299+0000] {dag.py:3239} INFO - Sync 2 DAGs
[2025-02-06T13:33:18.323+0000] {logging_mixin.py:190} INFO - [2025-02-06T13:33:18.323+0000] {dag.py:4180} INFO - Setting next_dagrun for read_dataset_event to 2025-02-05 00:00:00+00:00, run_after=2025-02-06 00:00:00+00:00
[2025-02-06T13:33:18.328+0000] {logging_mixin.py:190} INFO - [2025-02-06T13:33:18.328+0000] {dag.py:4180} INFO - Setting next_dagrun for read_dataset_event_from_classic to 2025-02-05 00:00:00+00:00, run_after=2025-02-06 00:00:00+00:00
[2025-02-06T13:33:18.384+0000] {processor.py:208} INFO - Processing /opt/conda/lib/python3.12/site-packages/airflow/example_dags/example_inlet_event_extra.py took 0.138 seconds
