[2025-02-06T08:27:22.962+0000] {processor.py:186} INFO - Started process (PID=74) to work on /opt/conda/lib/python3.12/site-packages/airflow/example_dags/example_skip_dag.py
[2025-02-06T08:27:22.964+0000] {processor.py:914} INFO - Processing file /opt/conda/lib/python3.12/site-packages/airflow/example_dags/example_skip_dag.py for tasks to queue
[2025-02-06T08:27:22.965+0000] {logging_mixin.py:190} INFO - [2025-02-06T08:27:22.965+0000] {dagbag.py:588} INFO - Filling up the DagBag from /opt/conda/lib/python3.12/site-packages/airflow/example_dags/example_skip_dag.py
[2025-02-06T08:27:22.973+0000] {processor.py:925} INFO - DAG(s) 'example_skip_dag' retrieved from /opt/conda/lib/python3.12/site-packages/airflow/example_dags/example_skip_dag.py
[2025-02-06T08:27:23.099+0000] {logging_mixin.py:190} INFO - [2025-02-06T08:27:23.099+0000] {override.py:1912} INFO - Created Permission View: can delete on DAG:example_skip_dag
[2025-02-06T08:27:23.139+0000] {logging_mixin.py:190} INFO - [2025-02-06T08:27:23.139+0000] {override.py:1912} INFO - Created Permission View: can read on DAG:example_skip_dag
[2025-02-06T08:27:23.179+0000] {logging_mixin.py:190} INFO - [2025-02-06T08:27:23.179+0000] {override.py:1912} INFO - Created Permission View: can edit on DAG:example_skip_dag
[2025-02-06T08:27:23.232+0000] {logging_mixin.py:190} INFO - [2025-02-06T08:27:23.231+0000] {override.py:1912} INFO - Created Permission View: menu access on DAG Run:example_skip_dag
[2025-02-06T08:27:23.266+0000] {logging_mixin.py:190} INFO - [2025-02-06T08:27:23.266+0000] {override.py:1912} INFO - Created Permission View: can create on DAG Run:example_skip_dag
[2025-02-06T08:27:23.292+0000] {logging_mixin.py:190} INFO - [2025-02-06T08:27:23.292+0000] {override.py:1912} INFO - Created Permission View: can read on DAG Run:example_skip_dag
[2025-02-06T08:27:23.326+0000] {logging_mixin.py:190} INFO - [2025-02-06T08:27:23.325+0000] {override.py:1912} INFO - Created Permission View: can delete on DAG Run:example_skip_dag
[2025-02-06T08:27:23.326+0000] {logging_mixin.py:190} INFO - [2025-02-06T08:27:23.326+0000] {dag.py:3239} INFO - Sync 1 DAGs
[2025-02-06T08:27:23.344+0000] {logging_mixin.py:190} INFO - [2025-02-06T08:27:23.344+0000] {dag.py:3262} INFO - Creating ORM DAG for example_skip_dag
[2025-02-06T08:27:23.354+0000] {logging_mixin.py:190} INFO - [2025-02-06T08:27:23.354+0000] {dag.py:4180} INFO - Setting next_dagrun for example_skip_dag to 2025-02-05 00:00:00+00:00, run_after=2025-02-06 00:00:00+00:00
[2025-02-06T08:27:23.420+0000] {processor.py:208} INFO - Processing /opt/conda/lib/python3.12/site-packages/airflow/example_dags/example_skip_dag.py took 0.462 seconds
[2025-02-06T08:31:00.092+0000] {processor.py:186} INFO - Started process (PID=75) to work on /opt/conda/lib/python3.12/site-packages/airflow/example_dags/example_skip_dag.py
[2025-02-06T08:31:00.094+0000] {processor.py:914} INFO - Processing file /opt/conda/lib/python3.12/site-packages/airflow/example_dags/example_skip_dag.py for tasks to queue
[2025-02-06T08:31:00.096+0000] {logging_mixin.py:190} INFO - [2025-02-06T08:31:00.095+0000] {dagbag.py:588} INFO - Filling up the DagBag from /opt/conda/lib/python3.12/site-packages/airflow/example_dags/example_skip_dag.py
[2025-02-06T08:31:00.105+0000] {processor.py:925} INFO - DAG(s) 'example_skip_dag' retrieved from /opt/conda/lib/python3.12/site-packages/airflow/example_dags/example_skip_dag.py
[2025-02-06T08:31:00.133+0000] {logging_mixin.py:190} INFO - [2025-02-06T08:31:00.133+0000] {dag.py:3239} INFO - Sync 1 DAGs
[2025-02-06T08:31:00.159+0000] {logging_mixin.py:190} INFO - [2025-02-06T08:31:00.159+0000] {dag.py:4180} INFO - Setting next_dagrun for example_skip_dag to 2025-02-05 00:00:00+00:00, run_after=2025-02-06 00:00:00+00:00
[2025-02-06T08:31:00.209+0000] {processor.py:208} INFO - Processing /opt/conda/lib/python3.12/site-packages/airflow/example_dags/example_skip_dag.py took 0.122 seconds
[2025-02-06T08:32:13.955+0000] {processor.py:186} INFO - Started process (PID=138) to work on /opt/conda/lib/python3.12/site-packages/airflow/example_dags/example_skip_dag.py
[2025-02-06T08:32:13.956+0000] {processor.py:914} INFO - Processing file /opt/conda/lib/python3.12/site-packages/airflow/example_dags/example_skip_dag.py for tasks to queue
[2025-02-06T08:32:13.957+0000] {logging_mixin.py:190} INFO - [2025-02-06T08:32:13.957+0000] {dagbag.py:588} INFO - Filling up the DagBag from /opt/conda/lib/python3.12/site-packages/airflow/example_dags/example_skip_dag.py
[2025-02-06T08:32:13.963+0000] {processor.py:925} INFO - DAG(s) 'example_skip_dag' retrieved from /opt/conda/lib/python3.12/site-packages/airflow/example_dags/example_skip_dag.py
[2025-02-06T08:32:13.984+0000] {logging_mixin.py:190} INFO - [2025-02-06T08:32:13.983+0000] {dag.py:3239} INFO - Sync 1 DAGs
[2025-02-06T08:32:14.004+0000] {logging_mixin.py:190} INFO - [2025-02-06T08:32:14.004+0000] {dag.py:4180} INFO - Setting next_dagrun for example_skip_dag to 2025-02-05 00:00:00+00:00, run_after=2025-02-06 00:00:00+00:00
[2025-02-06T08:32:14.065+0000] {processor.py:208} INFO - Processing /opt/conda/lib/python3.12/site-packages/airflow/example_dags/example_skip_dag.py took 0.114 seconds
[2025-02-06T08:33:21.492+0000] {processor.py:186} INFO - Started process (PID=199) to work on /opt/conda/lib/python3.12/site-packages/airflow/example_dags/example_skip_dag.py
[2025-02-06T08:33:21.494+0000] {processor.py:914} INFO - Processing file /opt/conda/lib/python3.12/site-packages/airflow/example_dags/example_skip_dag.py for tasks to queue
[2025-02-06T08:33:21.495+0000] {logging_mixin.py:190} INFO - [2025-02-06T08:33:21.495+0000] {dagbag.py:588} INFO - Filling up the DagBag from /opt/conda/lib/python3.12/site-packages/airflow/example_dags/example_skip_dag.py
[2025-02-06T08:33:21.502+0000] {processor.py:925} INFO - DAG(s) 'example_skip_dag' retrieved from /opt/conda/lib/python3.12/site-packages/airflow/example_dags/example_skip_dag.py
[2025-02-06T08:33:21.520+0000] {logging_mixin.py:190} INFO - [2025-02-06T08:33:21.520+0000] {dag.py:3239} INFO - Sync 1 DAGs
[2025-02-06T08:33:21.540+0000] {logging_mixin.py:190} INFO - [2025-02-06T08:33:21.539+0000] {dag.py:4180} INFO - Setting next_dagrun for example_skip_dag to 2025-02-05 00:00:00+00:00, run_after=2025-02-06 00:00:00+00:00
[2025-02-06T08:33:21.598+0000] {processor.py:208} INFO - Processing /opt/conda/lib/python3.12/site-packages/airflow/example_dags/example_skip_dag.py took 0.110 seconds
[2025-02-06T08:34:37.547+0000] {processor.py:186} INFO - Started process (PID=262) to work on /opt/conda/lib/python3.12/site-packages/airflow/example_dags/example_skip_dag.py
[2025-02-06T08:34:37.548+0000] {processor.py:914} INFO - Processing file /opt/conda/lib/python3.12/site-packages/airflow/example_dags/example_skip_dag.py for tasks to queue
[2025-02-06T08:34:37.549+0000] {logging_mixin.py:190} INFO - [2025-02-06T08:34:37.549+0000] {dagbag.py:588} INFO - Filling up the DagBag from /opt/conda/lib/python3.12/site-packages/airflow/example_dags/example_skip_dag.py
[2025-02-06T08:34:37.557+0000] {processor.py:925} INFO - DAG(s) 'example_skip_dag' retrieved from /opt/conda/lib/python3.12/site-packages/airflow/example_dags/example_skip_dag.py
[2025-02-06T08:34:37.591+0000] {logging_mixin.py:190} INFO - [2025-02-06T08:34:37.591+0000] {dag.py:3239} INFO - Sync 1 DAGs
[2025-02-06T08:34:37.616+0000] {logging_mixin.py:190} INFO - [2025-02-06T08:34:37.616+0000] {dag.py:4180} INFO - Setting next_dagrun for example_skip_dag to 2025-02-05 00:00:00+00:00, run_after=2025-02-06 00:00:00+00:00
[2025-02-06T08:34:37.685+0000] {processor.py:208} INFO - Processing /opt/conda/lib/python3.12/site-packages/airflow/example_dags/example_skip_dag.py took 0.142 seconds
[2025-02-06T08:35:53.207+0000] {processor.py:186} INFO - Started process (PID=328) to work on /opt/conda/lib/python3.12/site-packages/airflow/example_dags/example_skip_dag.py
[2025-02-06T08:35:53.208+0000] {processor.py:914} INFO - Processing file /opt/conda/lib/python3.12/site-packages/airflow/example_dags/example_skip_dag.py for tasks to queue
[2025-02-06T08:35:53.209+0000] {logging_mixin.py:190} INFO - [2025-02-06T08:35:53.208+0000] {dagbag.py:588} INFO - Filling up the DagBag from /opt/conda/lib/python3.12/site-packages/airflow/example_dags/example_skip_dag.py
[2025-02-06T08:35:53.215+0000] {processor.py:925} INFO - DAG(s) 'example_skip_dag' retrieved from /opt/conda/lib/python3.12/site-packages/airflow/example_dags/example_skip_dag.py
[2025-02-06T08:35:53.238+0000] {logging_mixin.py:190} INFO - [2025-02-06T08:35:53.238+0000] {dag.py:3239} INFO - Sync 1 DAGs
[2025-02-06T08:35:53.262+0000] {logging_mixin.py:190} INFO - [2025-02-06T08:35:53.262+0000] {dag.py:4180} INFO - Setting next_dagrun for example_skip_dag to 2025-02-05 00:00:00+00:00, run_after=2025-02-06 00:00:00+00:00
[2025-02-06T08:35:53.414+0000] {processor.py:208} INFO - Processing /opt/conda/lib/python3.12/site-packages/airflow/example_dags/example_skip_dag.py took 0.211 seconds
[2025-02-06T08:37:17.097+0000] {processor.py:186} INFO - Started process (PID=395) to work on /opt/conda/lib/python3.12/site-packages/airflow/example_dags/example_skip_dag.py
[2025-02-06T08:37:17.098+0000] {processor.py:914} INFO - Processing file /opt/conda/lib/python3.12/site-packages/airflow/example_dags/example_skip_dag.py for tasks to queue
[2025-02-06T08:37:17.100+0000] {logging_mixin.py:190} INFO - [2025-02-06T08:37:17.099+0000] {dagbag.py:588} INFO - Filling up the DagBag from /opt/conda/lib/python3.12/site-packages/airflow/example_dags/example_skip_dag.py
[2025-02-06T08:37:17.107+0000] {processor.py:925} INFO - DAG(s) 'example_skip_dag' retrieved from /opt/conda/lib/python3.12/site-packages/airflow/example_dags/example_skip_dag.py
[2025-02-06T08:37:17.129+0000] {logging_mixin.py:190} INFO - [2025-02-06T08:37:17.129+0000] {dag.py:3239} INFO - Sync 1 DAGs
[2025-02-06T08:37:17.150+0000] {logging_mixin.py:190} INFO - [2025-02-06T08:37:17.149+0000] {dag.py:4180} INFO - Setting next_dagrun for example_skip_dag to 2025-02-05 00:00:00+00:00, run_after=2025-02-06 00:00:00+00:00
[2025-02-06T08:37:17.203+0000] {processor.py:208} INFO - Processing /opt/conda/lib/python3.12/site-packages/airflow/example_dags/example_skip_dag.py took 0.111 seconds
[2025-02-06T08:38:31.773+0000] {processor.py:186} INFO - Started process (PID=460) to work on /opt/conda/lib/python3.12/site-packages/airflow/example_dags/example_skip_dag.py
[2025-02-06T08:38:31.774+0000] {processor.py:914} INFO - Processing file /opt/conda/lib/python3.12/site-packages/airflow/example_dags/example_skip_dag.py for tasks to queue
[2025-02-06T08:38:31.775+0000] {logging_mixin.py:190} INFO - [2025-02-06T08:38:31.775+0000] {dagbag.py:588} INFO - Filling up the DagBag from /opt/conda/lib/python3.12/site-packages/airflow/example_dags/example_skip_dag.py
[2025-02-06T08:38:31.782+0000] {processor.py:925} INFO - DAG(s) 'example_skip_dag' retrieved from /opt/conda/lib/python3.12/site-packages/airflow/example_dags/example_skip_dag.py
[2025-02-06T08:38:31.806+0000] {logging_mixin.py:190} INFO - [2025-02-06T08:38:31.806+0000] {dag.py:3239} INFO - Sync 1 DAGs
[2025-02-06T08:38:31.829+0000] {logging_mixin.py:190} INFO - [2025-02-06T08:38:31.829+0000] {dag.py:4180} INFO - Setting next_dagrun for example_skip_dag to 2025-02-05 00:00:00+00:00, run_after=2025-02-06 00:00:00+00:00
[2025-02-06T08:38:31.890+0000] {processor.py:208} INFO - Processing /opt/conda/lib/python3.12/site-packages/airflow/example_dags/example_skip_dag.py took 0.121 seconds
[2025-02-06T08:39:49.559+0000] {processor.py:186} INFO - Started process (PID=526) to work on /opt/conda/lib/python3.12/site-packages/airflow/example_dags/example_skip_dag.py
[2025-02-06T08:39:49.561+0000] {processor.py:914} INFO - Processing file /opt/conda/lib/python3.12/site-packages/airflow/example_dags/example_skip_dag.py for tasks to queue
[2025-02-06T08:39:49.562+0000] {logging_mixin.py:190} INFO - [2025-02-06T08:39:49.562+0000] {dagbag.py:588} INFO - Filling up the DagBag from /opt/conda/lib/python3.12/site-packages/airflow/example_dags/example_skip_dag.py
[2025-02-06T08:39:49.570+0000] {processor.py:925} INFO - DAG(s) 'example_skip_dag' retrieved from /opt/conda/lib/python3.12/site-packages/airflow/example_dags/example_skip_dag.py
[2025-02-06T08:39:49.591+0000] {logging_mixin.py:190} INFO - [2025-02-06T08:39:49.591+0000] {dag.py:3239} INFO - Sync 1 DAGs
[2025-02-06T08:39:49.610+0000] {logging_mixin.py:190} INFO - [2025-02-06T08:39:49.610+0000] {dag.py:4180} INFO - Setting next_dagrun for example_skip_dag to 2025-02-05 00:00:00+00:00, run_after=2025-02-06 00:00:00+00:00
[2025-02-06T08:39:49.658+0000] {processor.py:208} INFO - Processing /opt/conda/lib/python3.12/site-packages/airflow/example_dags/example_skip_dag.py took 0.103 seconds
[2025-02-06T08:41:07.524+0000] {processor.py:186} INFO - Started process (PID=592) to work on /opt/conda/lib/python3.12/site-packages/airflow/example_dags/example_skip_dag.py
[2025-02-06T08:41:07.525+0000] {processor.py:914} INFO - Processing file /opt/conda/lib/python3.12/site-packages/airflow/example_dags/example_skip_dag.py for tasks to queue
[2025-02-06T08:41:07.526+0000] {logging_mixin.py:190} INFO - [2025-02-06T08:41:07.526+0000] {dagbag.py:588} INFO - Filling up the DagBag from /opt/conda/lib/python3.12/site-packages/airflow/example_dags/example_skip_dag.py
[2025-02-06T08:41:07.533+0000] {processor.py:925} INFO - DAG(s) 'example_skip_dag' retrieved from /opt/conda/lib/python3.12/site-packages/airflow/example_dags/example_skip_dag.py
[2025-02-06T08:41:07.553+0000] {logging_mixin.py:190} INFO - [2025-02-06T08:41:07.553+0000] {dag.py:3239} INFO - Sync 1 DAGs
[2025-02-06T08:41:07.574+0000] {logging_mixin.py:190} INFO - [2025-02-06T08:41:07.574+0000] {dag.py:4180} INFO - Setting next_dagrun for example_skip_dag to 2025-02-05 00:00:00+00:00, run_after=2025-02-06 00:00:00+00:00
[2025-02-06T08:41:07.644+0000] {processor.py:208} INFO - Processing /opt/conda/lib/python3.12/site-packages/airflow/example_dags/example_skip_dag.py took 0.124 seconds
[2025-02-06T08:42:22.425+0000] {processor.py:186} INFO - Started process (PID=656) to work on /opt/conda/lib/python3.12/site-packages/airflow/example_dags/example_skip_dag.py
[2025-02-06T08:42:22.427+0000] {processor.py:914} INFO - Processing file /opt/conda/lib/python3.12/site-packages/airflow/example_dags/example_skip_dag.py for tasks to queue
[2025-02-06T08:42:22.428+0000] {logging_mixin.py:190} INFO - [2025-02-06T08:42:22.428+0000] {dagbag.py:588} INFO - Filling up the DagBag from /opt/conda/lib/python3.12/site-packages/airflow/example_dags/example_skip_dag.py
[2025-02-06T08:42:22.441+0000] {processor.py:925} INFO - DAG(s) 'example_skip_dag' retrieved from /opt/conda/lib/python3.12/site-packages/airflow/example_dags/example_skip_dag.py
[2025-02-06T08:42:22.481+0000] {logging_mixin.py:190} INFO - [2025-02-06T08:42:22.481+0000] {dag.py:3239} INFO - Sync 1 DAGs
[2025-02-06T08:42:22.515+0000] {logging_mixin.py:190} INFO - [2025-02-06T08:42:22.515+0000] {dag.py:4180} INFO - Setting next_dagrun for example_skip_dag to 2025-02-05 00:00:00+00:00, run_after=2025-02-06 00:00:00+00:00
[2025-02-06T08:42:22.581+0000] {processor.py:208} INFO - Processing /opt/conda/lib/python3.12/site-packages/airflow/example_dags/example_skip_dag.py took 0.163 seconds
[2025-02-06T08:43:53.988+0000] {processor.py:186} INFO - Started process (PID=75) to work on /opt/conda/lib/python3.12/site-packages/airflow/example_dags/example_skip_dag.py
[2025-02-06T08:43:53.989+0000] {processor.py:914} INFO - Processing file /opt/conda/lib/python3.12/site-packages/airflow/example_dags/example_skip_dag.py for tasks to queue
[2025-02-06T08:43:53.991+0000] {logging_mixin.py:190} INFO - [2025-02-06T08:43:53.990+0000] {dagbag.py:588} INFO - Filling up the DagBag from /opt/conda/lib/python3.12/site-packages/airflow/example_dags/example_skip_dag.py
[2025-02-06T08:43:53.996+0000] {processor.py:925} INFO - DAG(s) 'example_skip_dag' retrieved from /opt/conda/lib/python3.12/site-packages/airflow/example_dags/example_skip_dag.py
[2025-02-06T08:43:54.019+0000] {logging_mixin.py:190} INFO - [2025-02-06T08:43:54.019+0000] {dag.py:3239} INFO - Sync 1 DAGs
[2025-02-06T08:43:54.041+0000] {logging_mixin.py:190} INFO - [2025-02-06T08:43:54.040+0000] {dag.py:4180} INFO - Setting next_dagrun for example_skip_dag to 2025-02-05 00:00:00+00:00, run_after=2025-02-06 00:00:00+00:00
[2025-02-06T08:43:54.091+0000] {processor.py:208} INFO - Processing /opt/conda/lib/python3.12/site-packages/airflow/example_dags/example_skip_dag.py took 0.107 seconds
[2025-02-06T08:45:09.723+0000] {processor.py:186} INFO - Started process (PID=141) to work on /opt/conda/lib/python3.12/site-packages/airflow/example_dags/example_skip_dag.py
[2025-02-06T08:45:09.723+0000] {processor.py:914} INFO - Processing file /opt/conda/lib/python3.12/site-packages/airflow/example_dags/example_skip_dag.py for tasks to queue
[2025-02-06T08:45:09.726+0000] {logging_mixin.py:190} INFO - [2025-02-06T08:45:09.725+0000] {dagbag.py:588} INFO - Filling up the DagBag from /opt/conda/lib/python3.12/site-packages/airflow/example_dags/example_skip_dag.py
[2025-02-06T08:45:09.732+0000] {processor.py:925} INFO - DAG(s) 'example_skip_dag' retrieved from /opt/conda/lib/python3.12/site-packages/airflow/example_dags/example_skip_dag.py
[2025-02-06T08:45:09.753+0000] {logging_mixin.py:190} INFO - [2025-02-06T08:45:09.753+0000] {dag.py:3239} INFO - Sync 1 DAGs
[2025-02-06T08:45:09.780+0000] {logging_mixin.py:190} INFO - [2025-02-06T08:45:09.780+0000] {dag.py:4180} INFO - Setting next_dagrun for example_skip_dag to 2025-02-05 00:00:00+00:00, run_after=2025-02-06 00:00:00+00:00
[2025-02-06T08:45:09.844+0000] {processor.py:208} INFO - Processing /opt/conda/lib/python3.12/site-packages/airflow/example_dags/example_skip_dag.py took 0.126 seconds
[2025-02-06T08:47:40.097+0000] {processor.py:186} INFO - Started process (PID=378) to work on /opt/conda/lib/python3.12/site-packages/airflow/example_dags/example_skip_dag.py
[2025-02-06T08:47:40.098+0000] {processor.py:914} INFO - Processing file /opt/conda/lib/python3.12/site-packages/airflow/example_dags/example_skip_dag.py for tasks to queue
[2025-02-06T08:47:40.101+0000] {logging_mixin.py:190} INFO - [2025-02-06T08:47:40.100+0000] {dagbag.py:588} INFO - Filling up the DagBag from /opt/conda/lib/python3.12/site-packages/airflow/example_dags/example_skip_dag.py
[2025-02-06T08:47:40.107+0000] {processor.py:925} INFO - DAG(s) 'example_skip_dag' retrieved from /opt/conda/lib/python3.12/site-packages/airflow/example_dags/example_skip_dag.py
[2025-02-06T08:47:40.136+0000] {logging_mixin.py:190} INFO - [2025-02-06T08:47:40.135+0000] {dag.py:3239} INFO - Sync 1 DAGs
[2025-02-06T08:47:40.160+0000] {logging_mixin.py:190} INFO - [2025-02-06T08:47:40.159+0000] {dag.py:4180} INFO - Setting next_dagrun for example_skip_dag to 2025-02-05 00:00:00+00:00, run_after=2025-02-06 00:00:00+00:00
[2025-02-06T08:47:40.215+0000] {processor.py:208} INFO - Processing /opt/conda/lib/python3.12/site-packages/airflow/example_dags/example_skip_dag.py took 0.123 seconds
[2025-02-06T08:49:58.338+0000] {processor.py:186} INFO - Started process (PID=267) to work on /opt/conda/lib/python3.12/site-packages/airflow/example_dags/example_skip_dag.py
[2025-02-06T08:49:58.340+0000] {processor.py:914} INFO - Processing file /opt/conda/lib/python3.12/site-packages/airflow/example_dags/example_skip_dag.py for tasks to queue
[2025-02-06T08:49:58.343+0000] {logging_mixin.py:190} INFO - [2025-02-06T08:49:58.342+0000] {dagbag.py:588} INFO - Filling up the DagBag from /opt/conda/lib/python3.12/site-packages/airflow/example_dags/example_skip_dag.py
[2025-02-06T08:49:58.350+0000] {processor.py:925} INFO - DAG(s) 'example_skip_dag' retrieved from /opt/conda/lib/python3.12/site-packages/airflow/example_dags/example_skip_dag.py
[2025-02-06T08:49:58.373+0000] {logging_mixin.py:190} INFO - [2025-02-06T08:49:58.373+0000] {dag.py:3239} INFO - Sync 1 DAGs
[2025-02-06T08:49:58.396+0000] {logging_mixin.py:190} INFO - [2025-02-06T08:49:58.396+0000] {dag.py:4180} INFO - Setting next_dagrun for example_skip_dag to 2025-02-05 00:00:00+00:00, run_after=2025-02-06 00:00:00+00:00
[2025-02-06T08:49:58.447+0000] {processor.py:208} INFO - Processing /opt/conda/lib/python3.12/site-packages/airflow/example_dags/example_skip_dag.py took 0.112 seconds
[2025-02-06T08:53:02.591+0000] {processor.py:186} INFO - Started process (PID=607) to work on /opt/conda/lib/python3.12/site-packages/airflow/example_dags/example_skip_dag.py
[2025-02-06T08:53:02.592+0000] {processor.py:914} INFO - Processing file /opt/conda/lib/python3.12/site-packages/airflow/example_dags/example_skip_dag.py for tasks to queue
[2025-02-06T08:53:02.594+0000] {logging_mixin.py:190} INFO - [2025-02-06T08:53:02.593+0000] {dagbag.py:588} INFO - Filling up the DagBag from /opt/conda/lib/python3.12/site-packages/airflow/example_dags/example_skip_dag.py
[2025-02-06T08:53:02.601+0000] {processor.py:925} INFO - DAG(s) 'example_skip_dag' retrieved from /opt/conda/lib/python3.12/site-packages/airflow/example_dags/example_skip_dag.py
[2025-02-06T08:53:02.623+0000] {logging_mixin.py:190} INFO - [2025-02-06T08:53:02.622+0000] {dag.py:3239} INFO - Sync 1 DAGs
[2025-02-06T08:53:02.642+0000] {logging_mixin.py:190} INFO - [2025-02-06T08:53:02.642+0000] {dag.py:4180} INFO - Setting next_dagrun for example_skip_dag to 2025-02-05 00:00:00+00:00, run_after=2025-02-06 00:00:00+00:00
[2025-02-06T08:53:02.700+0000] {processor.py:208} INFO - Processing /opt/conda/lib/python3.12/site-packages/airflow/example_dags/example_skip_dag.py took 0.114 seconds
[2025-02-06T08:55:36.448+0000] {processor.py:186} INFO - Started process (PID=899) to work on /opt/conda/lib/python3.12/site-packages/airflow/example_dags/example_skip_dag.py
[2025-02-06T08:55:36.449+0000] {processor.py:914} INFO - Processing file /opt/conda/lib/python3.12/site-packages/airflow/example_dags/example_skip_dag.py for tasks to queue
[2025-02-06T08:55:36.451+0000] {logging_mixin.py:190} INFO - [2025-02-06T08:55:36.451+0000] {dagbag.py:588} INFO - Filling up the DagBag from /opt/conda/lib/python3.12/site-packages/airflow/example_dags/example_skip_dag.py
[2025-02-06T08:55:36.457+0000] {processor.py:925} INFO - DAG(s) 'example_skip_dag' retrieved from /opt/conda/lib/python3.12/site-packages/airflow/example_dags/example_skip_dag.py
[2025-02-06T08:55:36.480+0000] {logging_mixin.py:190} INFO - [2025-02-06T08:55:36.479+0000] {dag.py:3239} INFO - Sync 1 DAGs
[2025-02-06T08:55:36.505+0000] {logging_mixin.py:190} INFO - [2025-02-06T08:55:36.505+0000] {dag.py:4180} INFO - Setting next_dagrun for example_skip_dag to 2025-02-05 00:00:00+00:00, run_after=2025-02-06 00:00:00+00:00
[2025-02-06T08:55:36.584+0000] {processor.py:208} INFO - Processing /opt/conda/lib/python3.12/site-packages/airflow/example_dags/example_skip_dag.py took 0.139 seconds
[2025-02-06T09:05:48.366+0000] {processor.py:186} INFO - Started process (PID=191) to work on /opt/conda/lib/python3.12/site-packages/airflow/example_dags/example_skip_dag.py
[2025-02-06T09:05:48.367+0000] {processor.py:914} INFO - Processing file /opt/conda/lib/python3.12/site-packages/airflow/example_dags/example_skip_dag.py for tasks to queue
[2025-02-06T09:05:48.369+0000] {logging_mixin.py:190} INFO - [2025-02-06T09:05:48.369+0000] {dagbag.py:588} INFO - Filling up the DagBag from /opt/conda/lib/python3.12/site-packages/airflow/example_dags/example_skip_dag.py
[2025-02-06T09:05:48.376+0000] {processor.py:925} INFO - DAG(s) 'example_skip_dag' retrieved from /opt/conda/lib/python3.12/site-packages/airflow/example_dags/example_skip_dag.py
[2025-02-06T09:05:48.400+0000] {logging_mixin.py:190} INFO - [2025-02-06T09:05:48.400+0000] {dag.py:3239} INFO - Sync 1 DAGs
[2025-02-06T09:05:48.421+0000] {logging_mixin.py:190} INFO - [2025-02-06T09:05:48.421+0000] {dag.py:4180} INFO - Setting next_dagrun for example_skip_dag to 2025-02-05 00:00:00+00:00, run_after=2025-02-06 00:00:00+00:00
[2025-02-06T09:05:48.470+0000] {processor.py:208} INFO - Processing /opt/conda/lib/python3.12/site-packages/airflow/example_dags/example_skip_dag.py took 0.109 seconds
[2025-02-06T09:08:48.658+0000] {processor.py:186} INFO - Started process (PID=525) to work on /opt/conda/lib/python3.12/site-packages/airflow/example_dags/example_skip_dag.py
[2025-02-06T09:08:48.659+0000] {processor.py:914} INFO - Processing file /opt/conda/lib/python3.12/site-packages/airflow/example_dags/example_skip_dag.py for tasks to queue
[2025-02-06T09:08:48.661+0000] {logging_mixin.py:190} INFO - [2025-02-06T09:08:48.660+0000] {dagbag.py:588} INFO - Filling up the DagBag from /opt/conda/lib/python3.12/site-packages/airflow/example_dags/example_skip_dag.py
[2025-02-06T09:08:48.668+0000] {processor.py:925} INFO - DAG(s) 'example_skip_dag' retrieved from /opt/conda/lib/python3.12/site-packages/airflow/example_dags/example_skip_dag.py
[2025-02-06T09:08:48.688+0000] {logging_mixin.py:190} INFO - [2025-02-06T09:08:48.688+0000] {dag.py:3239} INFO - Sync 1 DAGs
[2025-02-06T09:08:48.708+0000] {logging_mixin.py:190} INFO - [2025-02-06T09:08:48.708+0000] {dag.py:4180} INFO - Setting next_dagrun for example_skip_dag to 2025-02-05 00:00:00+00:00, run_after=2025-02-06 00:00:00+00:00
[2025-02-06T09:08:48.769+0000] {processor.py:208} INFO - Processing /opt/conda/lib/python3.12/site-packages/airflow/example_dags/example_skip_dag.py took 0.115 seconds
[2025-02-06T09:13:28.184+0000] {processor.py:186} INFO - Started process (PID=1051) to work on /opt/conda/lib/python3.12/site-packages/airflow/example_dags/example_skip_dag.py
[2025-02-06T09:13:28.185+0000] {processor.py:914} INFO - Processing file /opt/conda/lib/python3.12/site-packages/airflow/example_dags/example_skip_dag.py for tasks to queue
[2025-02-06T09:13:28.187+0000] {logging_mixin.py:190} INFO - [2025-02-06T09:13:28.186+0000] {dagbag.py:588} INFO - Filling up the DagBag from /opt/conda/lib/python3.12/site-packages/airflow/example_dags/example_skip_dag.py
[2025-02-06T09:13:28.194+0000] {processor.py:925} INFO - DAG(s) 'example_skip_dag' retrieved from /opt/conda/lib/python3.12/site-packages/airflow/example_dags/example_skip_dag.py
[2025-02-06T09:13:28.222+0000] {logging_mixin.py:190} INFO - [2025-02-06T09:13:28.222+0000] {dag.py:3239} INFO - Sync 1 DAGs
[2025-02-06T09:13:28.246+0000] {logging_mixin.py:190} INFO - [2025-02-06T09:13:28.246+0000] {dag.py:4180} INFO - Setting next_dagrun for example_skip_dag to 2025-02-05 00:00:00+00:00, run_after=2025-02-06 00:00:00+00:00
[2025-02-06T09:13:28.312+0000] {processor.py:208} INFO - Processing /opt/conda/lib/python3.12/site-packages/airflow/example_dags/example_skip_dag.py took 0.133 seconds
[2025-02-06T09:17:58.228+0000] {processor.py:186} INFO - Started process (PID=1555) to work on /opt/conda/lib/python3.12/site-packages/airflow/example_dags/example_skip_dag.py
[2025-02-06T09:17:58.229+0000] {processor.py:914} INFO - Processing file /opt/conda/lib/python3.12/site-packages/airflow/example_dags/example_skip_dag.py for tasks to queue
[2025-02-06T09:17:58.230+0000] {logging_mixin.py:190} INFO - [2025-02-06T09:17:58.230+0000] {dagbag.py:588} INFO - Filling up the DagBag from /opt/conda/lib/python3.12/site-packages/airflow/example_dags/example_skip_dag.py
[2025-02-06T09:17:58.237+0000] {processor.py:925} INFO - DAG(s) 'example_skip_dag' retrieved from /opt/conda/lib/python3.12/site-packages/airflow/example_dags/example_skip_dag.py
[2025-02-06T09:17:58.259+0000] {logging_mixin.py:190} INFO - [2025-02-06T09:17:58.259+0000] {dag.py:3239} INFO - Sync 1 DAGs
[2025-02-06T09:17:58.369+0000] {logging_mixin.py:190} INFO - [2025-02-06T09:17:58.369+0000] {dag.py:4180} INFO - Setting next_dagrun for example_skip_dag to 2025-02-05 00:00:00+00:00, run_after=2025-02-06 00:00:00+00:00
[2025-02-06T09:17:58.441+0000] {processor.py:208} INFO - Processing /opt/conda/lib/python3.12/site-packages/airflow/example_dags/example_skip_dag.py took 0.217 seconds
[2025-02-06T09:23:28.503+0000] {processor.py:186} INFO - Started process (PID=2105) to work on /opt/conda/lib/python3.12/site-packages/airflow/example_dags/example_skip_dag.py
[2025-02-06T09:23:28.504+0000] {processor.py:914} INFO - Processing file /opt/conda/lib/python3.12/site-packages/airflow/example_dags/example_skip_dag.py for tasks to queue
[2025-02-06T09:23:28.507+0000] {logging_mixin.py:190} INFO - [2025-02-06T09:23:28.506+0000] {dagbag.py:588} INFO - Filling up the DagBag from /opt/conda/lib/python3.12/site-packages/airflow/example_dags/example_skip_dag.py
[2025-02-06T09:23:28.513+0000] {processor.py:925} INFO - DAG(s) 'example_skip_dag' retrieved from /opt/conda/lib/python3.12/site-packages/airflow/example_dags/example_skip_dag.py
[2025-02-06T09:23:28.542+0000] {logging_mixin.py:190} INFO - [2025-02-06T09:23:28.541+0000] {dag.py:3239} INFO - Sync 1 DAGs
[2025-02-06T09:23:28.566+0000] {logging_mixin.py:190} INFO - [2025-02-06T09:23:28.566+0000] {dag.py:4180} INFO - Setting next_dagrun for example_skip_dag to 2025-02-05 00:00:00+00:00, run_after=2025-02-06 00:00:00+00:00
[2025-02-06T09:23:28.621+0000] {processor.py:208} INFO - Processing /opt/conda/lib/python3.12/site-packages/airflow/example_dags/example_skip_dag.py took 0.122 seconds
[2025-02-06T09:26:40.929+0000] {processor.py:186} INFO - Started process (PID=273) to work on /opt/conda/lib/python3.12/site-packages/airflow/example_dags/example_skip_dag.py
[2025-02-06T09:26:40.930+0000] {processor.py:914} INFO - Processing file /opt/conda/lib/python3.12/site-packages/airflow/example_dags/example_skip_dag.py for tasks to queue
[2025-02-06T09:26:40.932+0000] {logging_mixin.py:190} INFO - [2025-02-06T09:26:40.932+0000] {dagbag.py:588} INFO - Filling up the DagBag from /opt/conda/lib/python3.12/site-packages/airflow/example_dags/example_skip_dag.py
[2025-02-06T09:26:40.938+0000] {processor.py:925} INFO - DAG(s) 'example_skip_dag' retrieved from /opt/conda/lib/python3.12/site-packages/airflow/example_dags/example_skip_dag.py
[2025-02-06T09:26:40.964+0000] {logging_mixin.py:190} INFO - [2025-02-06T09:26:40.964+0000] {dag.py:3239} INFO - Sync 1 DAGs
[2025-02-06T09:26:40.995+0000] {logging_mixin.py:190} INFO - [2025-02-06T09:26:40.995+0000] {dag.py:4180} INFO - Setting next_dagrun for example_skip_dag to 2025-02-05 00:00:00+00:00, run_after=2025-02-06 00:00:00+00:00
[2025-02-06T09:26:41.052+0000] {processor.py:208} INFO - Processing /opt/conda/lib/python3.12/site-packages/airflow/example_dags/example_skip_dag.py took 0.127 seconds
[2025-02-06T09:33:21.531+0000] {processor.py:186} INFO - Started process (PID=488) to work on /opt/conda/lib/python3.12/site-packages/airflow/example_dags/example_skip_dag.py
[2025-02-06T09:33:21.532+0000] {processor.py:914} INFO - Processing file /opt/conda/lib/python3.12/site-packages/airflow/example_dags/example_skip_dag.py for tasks to queue
[2025-02-06T09:33:21.534+0000] {logging_mixin.py:190} INFO - [2025-02-06T09:33:21.534+0000] {dagbag.py:588} INFO - Filling up the DagBag from /opt/conda/lib/python3.12/site-packages/airflow/example_dags/example_skip_dag.py
[2025-02-06T09:33:21.542+0000] {processor.py:925} INFO - DAG(s) 'example_skip_dag' retrieved from /opt/conda/lib/python3.12/site-packages/airflow/example_dags/example_skip_dag.py
[2025-02-06T09:33:21.566+0000] {logging_mixin.py:190} INFO - [2025-02-06T09:33:21.566+0000] {dag.py:3239} INFO - Sync 1 DAGs
[2025-02-06T09:33:21.588+0000] {logging_mixin.py:190} INFO - [2025-02-06T09:33:21.588+0000] {dag.py:4180} INFO - Setting next_dagrun for example_skip_dag to 2025-02-05 00:00:00+00:00, run_after=2025-02-06 00:00:00+00:00
[2025-02-06T09:33:21.640+0000] {processor.py:208} INFO - Processing /opt/conda/lib/python3.12/site-packages/airflow/example_dags/example_skip_dag.py took 0.112 seconds
[2025-02-06T09:38:38.353+0000] {processor.py:186} INFO - Started process (PID=1057) to work on /opt/conda/lib/python3.12/site-packages/airflow/example_dags/example_skip_dag.py
[2025-02-06T09:38:38.355+0000] {processor.py:914} INFO - Processing file /opt/conda/lib/python3.12/site-packages/airflow/example_dags/example_skip_dag.py for tasks to queue
[2025-02-06T09:38:38.357+0000] {logging_mixin.py:190} INFO - [2025-02-06T09:38:38.356+0000] {dagbag.py:588} INFO - Filling up the DagBag from /opt/conda/lib/python3.12/site-packages/airflow/example_dags/example_skip_dag.py
[2025-02-06T09:38:38.363+0000] {processor.py:925} INFO - DAG(s) 'example_skip_dag' retrieved from /opt/conda/lib/python3.12/site-packages/airflow/example_dags/example_skip_dag.py
[2025-02-06T09:38:38.391+0000] {logging_mixin.py:190} INFO - [2025-02-06T09:38:38.391+0000] {dag.py:3239} INFO - Sync 1 DAGs
[2025-02-06T09:38:38.414+0000] {logging_mixin.py:190} INFO - [2025-02-06T09:38:38.414+0000] {dag.py:4180} INFO - Setting next_dagrun for example_skip_dag to 2025-02-05 00:00:00+00:00, run_after=2025-02-06 00:00:00+00:00
[2025-02-06T09:38:38.473+0000] {processor.py:208} INFO - Processing /opt/conda/lib/python3.12/site-packages/airflow/example_dags/example_skip_dag.py took 0.126 seconds
[2025-02-06T09:42:55.183+0000] {processor.py:186} INFO - Started process (PID=1492) to work on /opt/conda/lib/python3.12/site-packages/airflow/example_dags/example_skip_dag.py
[2025-02-06T09:42:55.184+0000] {processor.py:914} INFO - Processing file /opt/conda/lib/python3.12/site-packages/airflow/example_dags/example_skip_dag.py for tasks to queue
[2025-02-06T09:42:55.186+0000] {logging_mixin.py:190} INFO - [2025-02-06T09:42:55.186+0000] {dagbag.py:588} INFO - Filling up the DagBag from /opt/conda/lib/python3.12/site-packages/airflow/example_dags/example_skip_dag.py
[2025-02-06T09:42:55.194+0000] {processor.py:925} INFO - DAG(s) 'example_skip_dag' retrieved from /opt/conda/lib/python3.12/site-packages/airflow/example_dags/example_skip_dag.py
[2025-02-06T09:42:55.216+0000] {logging_mixin.py:190} INFO - [2025-02-06T09:42:55.215+0000] {dag.py:3239} INFO - Sync 1 DAGs
[2025-02-06T09:42:55.238+0000] {logging_mixin.py:190} INFO - [2025-02-06T09:42:55.238+0000] {dag.py:4180} INFO - Setting next_dagrun for example_skip_dag to 2025-02-05 00:00:00+00:00, run_after=2025-02-06 00:00:00+00:00
[2025-02-06T09:42:55.303+0000] {processor.py:208} INFO - Processing /opt/conda/lib/python3.12/site-packages/airflow/example_dags/example_skip_dag.py took 0.124 seconds
[2025-02-06T09:50:50.770+0000] {processor.py:186} INFO - Started process (PID=471) to work on /opt/conda/lib/python3.12/site-packages/airflow/example_dags/example_skip_dag.py
[2025-02-06T09:50:50.771+0000] {processor.py:914} INFO - Processing file /opt/conda/lib/python3.12/site-packages/airflow/example_dags/example_skip_dag.py for tasks to queue
[2025-02-06T09:50:50.774+0000] {logging_mixin.py:190} INFO - [2025-02-06T09:50:50.773+0000] {dagbag.py:588} INFO - Filling up the DagBag from /opt/conda/lib/python3.12/site-packages/airflow/example_dags/example_skip_dag.py
[2025-02-06T09:50:50.780+0000] {processor.py:925} INFO - DAG(s) 'example_skip_dag' retrieved from /opt/conda/lib/python3.12/site-packages/airflow/example_dags/example_skip_dag.py
[2025-02-06T09:50:50.799+0000] {logging_mixin.py:190} INFO - [2025-02-06T09:50:50.799+0000] {dag.py:3239} INFO - Sync 1 DAGs
[2025-02-06T09:50:50.819+0000] {logging_mixin.py:190} INFO - [2025-02-06T09:50:50.819+0000] {dag.py:4180} INFO - Setting next_dagrun for example_skip_dag to 2025-02-05 00:00:00+00:00, run_after=2025-02-06 00:00:00+00:00
[2025-02-06T09:50:50.871+0000] {processor.py:208} INFO - Processing /opt/conda/lib/python3.12/site-packages/airflow/example_dags/example_skip_dag.py took 0.104 seconds
[2025-02-06T09:55:56.761+0000] {processor.py:186} INFO - Started process (PID=1016) to work on /opt/conda/lib/python3.12/site-packages/airflow/example_dags/example_skip_dag.py
[2025-02-06T09:55:56.762+0000] {processor.py:914} INFO - Processing file /opt/conda/lib/python3.12/site-packages/airflow/example_dags/example_skip_dag.py for tasks to queue
[2025-02-06T09:55:56.764+0000] {logging_mixin.py:190} INFO - [2025-02-06T09:55:56.763+0000] {dagbag.py:588} INFO - Filling up the DagBag from /opt/conda/lib/python3.12/site-packages/airflow/example_dags/example_skip_dag.py
[2025-02-06T09:55:56.769+0000] {processor.py:925} INFO - DAG(s) 'example_skip_dag' retrieved from /opt/conda/lib/python3.12/site-packages/airflow/example_dags/example_skip_dag.py
[2025-02-06T09:55:56.794+0000] {logging_mixin.py:190} INFO - [2025-02-06T09:55:56.794+0000] {dag.py:3239} INFO - Sync 1 DAGs
[2025-02-06T09:55:56.813+0000] {logging_mixin.py:190} INFO - [2025-02-06T09:55:56.813+0000] {dag.py:4180} INFO - Setting next_dagrun for example_skip_dag to 2025-02-05 00:00:00+00:00, run_after=2025-02-06 00:00:00+00:00
[2025-02-06T09:55:56.862+0000] {processor.py:208} INFO - Processing /opt/conda/lib/python3.12/site-packages/airflow/example_dags/example_skip_dag.py took 0.107 seconds
[2025-02-06T10:00:28.699+0000] {processor.py:186} INFO - Started process (PID=1528) to work on /opt/conda/lib/python3.12/site-packages/airflow/example_dags/example_skip_dag.py
[2025-02-06T10:00:28.700+0000] {processor.py:914} INFO - Processing file /opt/conda/lib/python3.12/site-packages/airflow/example_dags/example_skip_dag.py for tasks to queue
[2025-02-06T10:00:28.702+0000] {logging_mixin.py:190} INFO - [2025-02-06T10:00:28.702+0000] {dagbag.py:588} INFO - Filling up the DagBag from /opt/conda/lib/python3.12/site-packages/airflow/example_dags/example_skip_dag.py
[2025-02-06T10:00:28.709+0000] {processor.py:925} INFO - DAG(s) 'example_skip_dag' retrieved from /opt/conda/lib/python3.12/site-packages/airflow/example_dags/example_skip_dag.py
[2025-02-06T10:00:28.735+0000] {logging_mixin.py:190} INFO - [2025-02-06T10:00:28.735+0000] {dag.py:3239} INFO - Sync 1 DAGs
[2025-02-06T10:00:28.760+0000] {logging_mixin.py:190} INFO - [2025-02-06T10:00:28.760+0000] {dag.py:4180} INFO - Setting next_dagrun for example_skip_dag to 2025-02-05 00:00:00+00:00, run_after=2025-02-06 00:00:00+00:00
[2025-02-06T10:00:28.812+0000] {processor.py:208} INFO - Processing /opt/conda/lib/python3.12/site-packages/airflow/example_dags/example_skip_dag.py took 0.119 seconds
[2025-02-06T10:04:55.128+0000] {processor.py:186} INFO - Started process (PID=1984) to work on /opt/conda/lib/python3.12/site-packages/airflow/example_dags/example_skip_dag.py
[2025-02-06T10:04:55.129+0000] {processor.py:914} INFO - Processing file /opt/conda/lib/python3.12/site-packages/airflow/example_dags/example_skip_dag.py for tasks to queue
[2025-02-06T10:04:55.132+0000] {logging_mixin.py:190} INFO - [2025-02-06T10:04:55.131+0000] {dagbag.py:588} INFO - Filling up the DagBag from /opt/conda/lib/python3.12/site-packages/airflow/example_dags/example_skip_dag.py
[2025-02-06T10:04:55.144+0000] {processor.py:925} INFO - DAG(s) 'example_skip_dag' retrieved from /opt/conda/lib/python3.12/site-packages/airflow/example_dags/example_skip_dag.py
[2025-02-06T10:04:55.175+0000] {logging_mixin.py:190} INFO - [2025-02-06T10:04:55.174+0000] {dag.py:3239} INFO - Sync 1 DAGs
[2025-02-06T10:04:55.203+0000] {logging_mixin.py:190} INFO - [2025-02-06T10:04:55.202+0000] {dag.py:4180} INFO - Setting next_dagrun for example_skip_dag to 2025-02-05 00:00:00+00:00, run_after=2025-02-06 00:00:00+00:00
[2025-02-06T10:04:55.261+0000] {processor.py:208} INFO - Processing /opt/conda/lib/python3.12/site-packages/airflow/example_dags/example_skip_dag.py took 0.138 seconds
[2025-02-06T10:06:25.218+0000] {processor.py:186} INFO - Started process (PID=2083) to work on /opt/conda/lib/python3.12/site-packages/airflow/example_dags/example_skip_dag.py
[2025-02-06T10:06:25.219+0000] {processor.py:914} INFO - Processing file /opt/conda/lib/python3.12/site-packages/airflow/example_dags/example_skip_dag.py for tasks to queue
[2025-02-06T10:06:25.221+0000] {logging_mixin.py:190} INFO - [2025-02-06T10:06:25.220+0000] {dagbag.py:588} INFO - Filling up the DagBag from /opt/conda/lib/python3.12/site-packages/airflow/example_dags/example_skip_dag.py
[2025-02-06T10:06:25.228+0000] {processor.py:925} INFO - DAG(s) 'example_skip_dag' retrieved from /opt/conda/lib/python3.12/site-packages/airflow/example_dags/example_skip_dag.py
[2025-02-06T10:06:25.250+0000] {logging_mixin.py:190} INFO - [2025-02-06T10:06:25.250+0000] {dag.py:3239} INFO - Sync 1 DAGs
[2025-02-06T10:06:25.272+0000] {logging_mixin.py:190} INFO - [2025-02-06T10:06:25.272+0000] {dag.py:4180} INFO - Setting next_dagrun for example_skip_dag to 2025-02-05 00:00:00+00:00, run_after=2025-02-06 00:00:00+00:00
[2025-02-06T10:06:25.332+0000] {processor.py:208} INFO - Processing /opt/conda/lib/python3.12/site-packages/airflow/example_dags/example_skip_dag.py took 0.118 seconds
[2025-02-06T10:15:50.687+0000] {processor.py:186} INFO - Started process (PID=3049) to work on /opt/conda/lib/python3.12/site-packages/airflow/example_dags/example_skip_dag.py
[2025-02-06T10:15:50.688+0000] {processor.py:914} INFO - Processing file /opt/conda/lib/python3.12/site-packages/airflow/example_dags/example_skip_dag.py for tasks to queue
[2025-02-06T10:15:50.689+0000] {logging_mixin.py:190} INFO - [2025-02-06T10:15:50.689+0000] {dagbag.py:588} INFO - Filling up the DagBag from /opt/conda/lib/python3.12/site-packages/airflow/example_dags/example_skip_dag.py
[2025-02-06T10:15:50.699+0000] {processor.py:925} INFO - DAG(s) 'example_skip_dag' retrieved from /opt/conda/lib/python3.12/site-packages/airflow/example_dags/example_skip_dag.py
[2025-02-06T10:15:50.732+0000] {logging_mixin.py:190} INFO - [2025-02-06T10:15:50.731+0000] {dag.py:3239} INFO - Sync 1 DAGs
[2025-02-06T10:15:50.760+0000] {logging_mixin.py:190} INFO - [2025-02-06T10:15:50.759+0000] {dag.py:4180} INFO - Setting next_dagrun for example_skip_dag to 2025-02-05 00:00:00+00:00, run_after=2025-02-06 00:00:00+00:00
[2025-02-06T10:15:50.834+0000] {processor.py:208} INFO - Processing /opt/conda/lib/python3.12/site-packages/airflow/example_dags/example_skip_dag.py took 0.153 seconds
[2025-02-06T10:21:34.822+0000] {processor.py:186} INFO - Started process (PID=3648) to work on /opt/conda/lib/python3.12/site-packages/airflow/example_dags/example_skip_dag.py
[2025-02-06T10:21:34.824+0000] {processor.py:914} INFO - Processing file /opt/conda/lib/python3.12/site-packages/airflow/example_dags/example_skip_dag.py for tasks to queue
[2025-02-06T10:21:34.825+0000] {logging_mixin.py:190} INFO - [2025-02-06T10:21:34.825+0000] {dagbag.py:588} INFO - Filling up the DagBag from /opt/conda/lib/python3.12/site-packages/airflow/example_dags/example_skip_dag.py
[2025-02-06T10:21:34.833+0000] {processor.py:925} INFO - DAG(s) 'example_skip_dag' retrieved from /opt/conda/lib/python3.12/site-packages/airflow/example_dags/example_skip_dag.py
[2025-02-06T10:21:34.855+0000] {logging_mixin.py:190} INFO - [2025-02-06T10:21:34.855+0000] {dag.py:3239} INFO - Sync 1 DAGs
[2025-02-06T10:21:34.876+0000] {logging_mixin.py:190} INFO - [2025-02-06T10:21:34.876+0000] {dag.py:4180} INFO - Setting next_dagrun for example_skip_dag to 2025-02-05 00:00:00+00:00, run_after=2025-02-06 00:00:00+00:00
[2025-02-06T10:21:34.931+0000] {processor.py:208} INFO - Processing /opt/conda/lib/python3.12/site-packages/airflow/example_dags/example_skip_dag.py took 0.115 seconds
[2025-02-06T10:24:23.789+0000] {processor.py:186} INFO - Started process (PID=3903) to work on /opt/conda/lib/python3.12/site-packages/airflow/example_dags/example_skip_dag.py
[2025-02-06T10:24:23.790+0000] {processor.py:914} INFO - Processing file /opt/conda/lib/python3.12/site-packages/airflow/example_dags/example_skip_dag.py for tasks to queue
[2025-02-06T10:24:23.792+0000] {logging_mixin.py:190} INFO - [2025-02-06T10:24:23.791+0000] {dagbag.py:588} INFO - Filling up the DagBag from /opt/conda/lib/python3.12/site-packages/airflow/example_dags/example_skip_dag.py
[2025-02-06T10:24:23.800+0000] {processor.py:925} INFO - DAG(s) 'example_skip_dag' retrieved from /opt/conda/lib/python3.12/site-packages/airflow/example_dags/example_skip_dag.py
[2025-02-06T10:24:23.827+0000] {logging_mixin.py:190} INFO - [2025-02-06T10:24:23.827+0000] {dag.py:3239} INFO - Sync 1 DAGs
[2025-02-06T10:24:23.851+0000] {logging_mixin.py:190} INFO - [2025-02-06T10:24:23.851+0000] {dag.py:4180} INFO - Setting next_dagrun for example_skip_dag to 2025-02-05 00:00:00+00:00, run_after=2025-02-06 00:00:00+00:00
[2025-02-06T10:24:23.910+0000] {processor.py:208} INFO - Processing /opt/conda/lib/python3.12/site-packages/airflow/example_dags/example_skip_dag.py took 0.126 seconds
[2025-02-06T11:40:29.504+0000] {processor.py:186} INFO - Started process (PID=354) to work on /opt/conda/lib/python3.12/site-packages/airflow/example_dags/example_skip_dag.py
[2025-02-06T11:40:29.515+0000] {processor.py:914} INFO - Processing file /opt/conda/lib/python3.12/site-packages/airflow/example_dags/example_skip_dag.py for tasks to queue
[2025-02-06T11:40:29.518+0000] {logging_mixin.py:190} INFO - [2025-02-06T11:40:29.517+0000] {dagbag.py:588} INFO - Filling up the DagBag from /opt/conda/lib/python3.12/site-packages/airflow/example_dags/example_skip_dag.py
[2025-02-06T11:40:29.526+0000] {processor.py:925} INFO - DAG(s) 'example_skip_dag' retrieved from /opt/conda/lib/python3.12/site-packages/airflow/example_dags/example_skip_dag.py
[2025-02-06T11:40:29.567+0000] {logging_mixin.py:190} INFO - [2025-02-06T11:40:29.567+0000] {dag.py:3239} INFO - Sync 1 DAGs
[2025-02-06T11:40:29.604+0000] {logging_mixin.py:190} INFO - [2025-02-06T11:40:29.604+0000] {dag.py:4180} INFO - Setting next_dagrun for example_skip_dag to 2025-02-05 00:00:00+00:00, run_after=2025-02-06 00:00:00+00:00
[2025-02-06T11:40:29.673+0000] {processor.py:208} INFO - Processing /opt/conda/lib/python3.12/site-packages/airflow/example_dags/example_skip_dag.py took 0.175 seconds
[2025-02-06T11:44:11.893+0000] {processor.py:186} INFO - Started process (PID=1331) to work on /opt/conda/lib/python3.12/site-packages/airflow/example_dags/example_skip_dag.py
[2025-02-06T11:44:11.894+0000] {processor.py:914} INFO - Processing file /opt/conda/lib/python3.12/site-packages/airflow/example_dags/example_skip_dag.py for tasks to queue
[2025-02-06T11:44:11.897+0000] {logging_mixin.py:190} INFO - [2025-02-06T11:44:11.896+0000] {dagbag.py:588} INFO - Filling up the DagBag from /opt/conda/lib/python3.12/site-packages/airflow/example_dags/example_skip_dag.py
[2025-02-06T11:44:11.907+0000] {processor.py:925} INFO - DAG(s) 'example_skip_dag' retrieved from /opt/conda/lib/python3.12/site-packages/airflow/example_dags/example_skip_dag.py
[2025-02-06T11:44:11.939+0000] {logging_mixin.py:190} INFO - [2025-02-06T11:44:11.939+0000] {dag.py:3239} INFO - Sync 1 DAGs
[2025-02-06T11:44:11.971+0000] {logging_mixin.py:190} INFO - [2025-02-06T11:44:11.970+0000] {dag.py:4180} INFO - Setting next_dagrun for example_skip_dag to 2025-02-05 00:00:00+00:00, run_after=2025-02-06 00:00:00+00:00
[2025-02-06T11:44:12.040+0000] {processor.py:208} INFO - Processing /opt/conda/lib/python3.12/site-packages/airflow/example_dags/example_skip_dag.py took 0.154 seconds
[2025-02-06T11:48:36.157+0000] {processor.py:186} INFO - Started process (PID=2225) to work on /opt/conda/lib/python3.12/site-packages/airflow/example_dags/example_skip_dag.py
[2025-02-06T11:48:36.159+0000] {processor.py:914} INFO - Processing file /opt/conda/lib/python3.12/site-packages/airflow/example_dags/example_skip_dag.py for tasks to queue
[2025-02-06T11:48:36.160+0000] {logging_mixin.py:190} INFO - [2025-02-06T11:48:36.160+0000] {dagbag.py:588} INFO - Filling up the DagBag from /opt/conda/lib/python3.12/site-packages/airflow/example_dags/example_skip_dag.py
[2025-02-06T11:48:36.170+0000] {processor.py:925} INFO - DAG(s) 'example_skip_dag' retrieved from /opt/conda/lib/python3.12/site-packages/airflow/example_dags/example_skip_dag.py
[2025-02-06T11:48:36.200+0000] {logging_mixin.py:190} INFO - [2025-02-06T11:48:36.199+0000] {dag.py:3239} INFO - Sync 1 DAGs
[2025-02-06T11:48:36.230+0000] {logging_mixin.py:190} INFO - [2025-02-06T11:48:36.229+0000] {dag.py:4180} INFO - Setting next_dagrun for example_skip_dag to 2025-02-05 00:00:00+00:00, run_after=2025-02-06 00:00:00+00:00
[2025-02-06T11:48:36.398+0000] {processor.py:208} INFO - Processing /opt/conda/lib/python3.12/site-packages/airflow/example_dags/example_skip_dag.py took 0.247 seconds
[2025-02-06T11:52:08.374+0000] {processor.py:186} INFO - Started process (PID=3198) to work on /opt/conda/lib/python3.12/site-packages/airflow/example_dags/example_skip_dag.py
[2025-02-06T11:52:08.375+0000] {processor.py:914} INFO - Processing file /opt/conda/lib/python3.12/site-packages/airflow/example_dags/example_skip_dag.py for tasks to queue
[2025-02-06T11:52:08.377+0000] {logging_mixin.py:190} INFO - [2025-02-06T11:52:08.376+0000] {dagbag.py:588} INFO - Filling up the DagBag from /opt/conda/lib/python3.12/site-packages/airflow/example_dags/example_skip_dag.py
[2025-02-06T11:52:08.386+0000] {processor.py:925} INFO - DAG(s) 'example_skip_dag' retrieved from /opt/conda/lib/python3.12/site-packages/airflow/example_dags/example_skip_dag.py
[2025-02-06T11:52:08.417+0000] {logging_mixin.py:190} INFO - [2025-02-06T11:52:08.417+0000] {dag.py:3239} INFO - Sync 1 DAGs
[2025-02-06T11:52:08.450+0000] {logging_mixin.py:190} INFO - [2025-02-06T11:52:08.450+0000] {dag.py:4180} INFO - Setting next_dagrun for example_skip_dag to 2025-02-05 00:00:00+00:00, run_after=2025-02-06 00:00:00+00:00
[2025-02-06T11:52:08.520+0000] {processor.py:208} INFO - Processing /opt/conda/lib/python3.12/site-packages/airflow/example_dags/example_skip_dag.py took 0.151 seconds
[2025-02-06T11:54:57.237+0000] {processor.py:186} INFO - Started process (PID=124) to work on /opt/conda/lib/python3.12/site-packages/airflow/example_dags/example_skip_dag.py
[2025-02-06T11:54:57.239+0000] {processor.py:914} INFO - Processing file /opt/conda/lib/python3.12/site-packages/airflow/example_dags/example_skip_dag.py for tasks to queue
[2025-02-06T11:54:57.243+0000] {logging_mixin.py:190} INFO - [2025-02-06T11:54:57.242+0000] {dagbag.py:588} INFO - Filling up the DagBag from /opt/conda/lib/python3.12/site-packages/airflow/example_dags/example_skip_dag.py
[2025-02-06T11:54:57.253+0000] {processor.py:925} INFO - DAG(s) 'example_skip_dag' retrieved from /opt/conda/lib/python3.12/site-packages/airflow/example_dags/example_skip_dag.py
[2025-02-06T11:54:57.293+0000] {logging_mixin.py:190} INFO - [2025-02-06T11:54:57.293+0000] {dag.py:3239} INFO - Sync 1 DAGs
[2025-02-06T11:54:57.337+0000] {logging_mixin.py:190} INFO - [2025-02-06T11:54:57.336+0000] {dag.py:4180} INFO - Setting next_dagrun for example_skip_dag to 2025-02-05 00:00:00+00:00, run_after=2025-02-06 00:00:00+00:00
[2025-02-06T11:54:57.423+0000] {processor.py:208} INFO - Processing /opt/conda/lib/python3.12/site-packages/airflow/example_dags/example_skip_dag.py took 0.192 seconds
[2025-02-06T11:59:05.438+0000] {processor.py:186} INFO - Started process (PID=355) to work on /opt/conda/lib/python3.12/site-packages/airflow/example_dags/example_skip_dag.py
[2025-02-06T11:59:05.439+0000] {processor.py:914} INFO - Processing file /opt/conda/lib/python3.12/site-packages/airflow/example_dags/example_skip_dag.py for tasks to queue
[2025-02-06T11:59:05.441+0000] {logging_mixin.py:190} INFO - [2025-02-06T11:59:05.441+0000] {dagbag.py:588} INFO - Filling up the DagBag from /opt/conda/lib/python3.12/site-packages/airflow/example_dags/example_skip_dag.py
[2025-02-06T11:59:05.449+0000] {processor.py:925} INFO - DAG(s) 'example_skip_dag' retrieved from /opt/conda/lib/python3.12/site-packages/airflow/example_dags/example_skip_dag.py
[2025-02-06T11:59:05.483+0000] {logging_mixin.py:190} INFO - [2025-02-06T11:59:05.483+0000] {dag.py:3239} INFO - Sync 1 DAGs
[2025-02-06T11:59:05.516+0000] {logging_mixin.py:190} INFO - [2025-02-06T11:59:05.515+0000] {dag.py:4180} INFO - Setting next_dagrun for example_skip_dag to 2025-02-05 00:00:00+00:00, run_after=2025-02-06 00:00:00+00:00
[2025-02-06T11:59:05.601+0000] {processor.py:208} INFO - Processing /opt/conda/lib/python3.12/site-packages/airflow/example_dags/example_skip_dag.py took 0.169 seconds
[2025-02-06T12:04:17.884+0000] {processor.py:186} INFO - Started process (PID=354) to work on /opt/conda/lib/python3.12/site-packages/airflow/example_dags/example_skip_dag.py
[2025-02-06T12:04:17.886+0000] {processor.py:914} INFO - Processing file /opt/conda/lib/python3.12/site-packages/airflow/example_dags/example_skip_dag.py for tasks to queue
[2025-02-06T12:04:17.888+0000] {logging_mixin.py:190} INFO - [2025-02-06T12:04:17.887+0000] {dagbag.py:588} INFO - Filling up the DagBag from /opt/conda/lib/python3.12/site-packages/airflow/example_dags/example_skip_dag.py
[2025-02-06T12:04:17.895+0000] {processor.py:925} INFO - DAG(s) 'example_skip_dag' retrieved from /opt/conda/lib/python3.12/site-packages/airflow/example_dags/example_skip_dag.py
[2025-02-06T12:04:17.922+0000] {logging_mixin.py:190} INFO - [2025-02-06T12:04:17.922+0000] {dag.py:3239} INFO - Sync 1 DAGs
[2025-02-06T12:04:17.942+0000] {logging_mixin.py:190} INFO - [2025-02-06T12:04:17.942+0000] {dag.py:4180} INFO - Setting next_dagrun for example_skip_dag to 2025-02-05 00:00:00+00:00, run_after=2025-02-06 00:00:00+00:00
[2025-02-06T12:04:17.997+0000] {processor.py:208} INFO - Processing /opt/conda/lib/python3.12/site-packages/airflow/example_dags/example_skip_dag.py took 0.117 seconds
[2025-02-06T12:07:10.748+0000] {processor.py:186} INFO - Started process (PID=1369) to work on /opt/conda/lib/python3.12/site-packages/airflow/example_dags/example_skip_dag.py
[2025-02-06T12:07:10.750+0000] {processor.py:914} INFO - Processing file /opt/conda/lib/python3.12/site-packages/airflow/example_dags/example_skip_dag.py for tasks to queue
[2025-02-06T12:07:10.753+0000] {logging_mixin.py:190} INFO - [2025-02-06T12:07:10.753+0000] {dagbag.py:588} INFO - Filling up the DagBag from /opt/conda/lib/python3.12/site-packages/airflow/example_dags/example_skip_dag.py
[2025-02-06T12:07:10.763+0000] {processor.py:925} INFO - DAG(s) 'example_skip_dag' retrieved from /opt/conda/lib/python3.12/site-packages/airflow/example_dags/example_skip_dag.py
[2025-02-06T12:07:10.795+0000] {logging_mixin.py:190} INFO - [2025-02-06T12:07:10.795+0000] {dag.py:3239} INFO - Sync 1 DAGs
[2025-02-06T12:07:10.825+0000] {logging_mixin.py:190} INFO - [2025-02-06T12:07:10.825+0000] {dag.py:4180} INFO - Setting next_dagrun for example_skip_dag to 2025-02-05 00:00:00+00:00, run_after=2025-02-06 00:00:00+00:00
[2025-02-06T12:07:10.885+0000] {processor.py:208} INFO - Processing /opt/conda/lib/python3.12/site-packages/airflow/example_dags/example_skip_dag.py took 0.141 seconds
[2025-02-06T12:11:48.111+0000] {processor.py:186} INFO - Started process (PID=360) to work on /opt/conda/lib/python3.12/site-packages/airflow/example_dags/example_skip_dag.py
[2025-02-06T12:11:48.113+0000] {processor.py:914} INFO - Processing file /opt/conda/lib/python3.12/site-packages/airflow/example_dags/example_skip_dag.py for tasks to queue
[2025-02-06T12:11:48.115+0000] {logging_mixin.py:190} INFO - [2025-02-06T12:11:48.114+0000] {dagbag.py:588} INFO - Filling up the DagBag from /opt/conda/lib/python3.12/site-packages/airflow/example_dags/example_skip_dag.py
[2025-02-06T12:11:48.123+0000] {processor.py:925} INFO - DAG(s) 'example_skip_dag' retrieved from /opt/conda/lib/python3.12/site-packages/airflow/example_dags/example_skip_dag.py
[2025-02-06T12:11:48.160+0000] {logging_mixin.py:190} INFO - [2025-02-06T12:11:48.159+0000] {dag.py:3239} INFO - Sync 1 DAGs
[2025-02-06T12:11:48.193+0000] {logging_mixin.py:190} INFO - [2025-02-06T12:11:48.193+0000] {dag.py:4180} INFO - Setting next_dagrun for example_skip_dag to 2025-02-05 00:00:00+00:00, run_after=2025-02-06 00:00:00+00:00
[2025-02-06T12:11:48.264+0000] {processor.py:208} INFO - Processing /opt/conda/lib/python3.12/site-packages/airflow/example_dags/example_skip_dag.py took 0.157 seconds
[2025-02-06T12:14:47.877+0000] {processor.py:186} INFO - Started process (PID=351) to work on /opt/conda/lib/python3.12/site-packages/airflow/example_dags/example_skip_dag.py
[2025-02-06T12:14:47.879+0000] {processor.py:914} INFO - Processing file /opt/conda/lib/python3.12/site-packages/airflow/example_dags/example_skip_dag.py for tasks to queue
[2025-02-06T12:14:47.880+0000] {logging_mixin.py:190} INFO - [2025-02-06T12:14:47.880+0000] {dagbag.py:588} INFO - Filling up the DagBag from /opt/conda/lib/python3.12/site-packages/airflow/example_dags/example_skip_dag.py
[2025-02-06T12:14:47.888+0000] {processor.py:925} INFO - DAG(s) 'example_skip_dag' retrieved from /opt/conda/lib/python3.12/site-packages/airflow/example_dags/example_skip_dag.py
[2025-02-06T12:14:47.913+0000] {logging_mixin.py:190} INFO - [2025-02-06T12:14:47.912+0000] {dag.py:3239} INFO - Sync 1 DAGs
[2025-02-06T12:14:47.936+0000] {logging_mixin.py:190} INFO - [2025-02-06T12:14:47.936+0000] {dag.py:4180} INFO - Setting next_dagrun for example_skip_dag to 2025-02-05 00:00:00+00:00, run_after=2025-02-06 00:00:00+00:00
[2025-02-06T12:14:47.990+0000] {processor.py:208} INFO - Processing /opt/conda/lib/python3.12/site-packages/airflow/example_dags/example_skip_dag.py took 0.117 seconds
[2025-02-06T12:22:44.037+0000] {processor.py:186} INFO - Started process (PID=535) to work on /opt/conda/lib/python3.12/site-packages/airflow/example_dags/example_skip_dag.py
[2025-02-06T12:22:44.038+0000] {processor.py:914} INFO - Processing file /opt/conda/lib/python3.12/site-packages/airflow/example_dags/example_skip_dag.py for tasks to queue
[2025-02-06T12:22:44.040+0000] {logging_mixin.py:190} INFO - [2025-02-06T12:22:44.040+0000] {dagbag.py:588} INFO - Filling up the DagBag from /opt/conda/lib/python3.12/site-packages/airflow/example_dags/example_skip_dag.py
[2025-02-06T12:22:44.047+0000] {processor.py:925} INFO - DAG(s) 'example_skip_dag' retrieved from /opt/conda/lib/python3.12/site-packages/airflow/example_dags/example_skip_dag.py
[2025-02-06T12:22:44.077+0000] {logging_mixin.py:190} INFO - [2025-02-06T12:22:44.077+0000] {dag.py:3239} INFO - Sync 1 DAGs
[2025-02-06T12:22:44.107+0000] {logging_mixin.py:190} INFO - [2025-02-06T12:22:44.107+0000] {dag.py:4180} INFO - Setting next_dagrun for example_skip_dag to 2025-02-05 00:00:00+00:00, run_after=2025-02-06 00:00:00+00:00
[2025-02-06T12:22:44.170+0000] {processor.py:208} INFO - Processing /opt/conda/lib/python3.12/site-packages/airflow/example_dags/example_skip_dag.py took 0.141 seconds
[2025-02-06T12:24:46.572+0000] {processor.py:186} INFO - Started process (PID=1320) to work on /opt/conda/lib/python3.12/site-packages/airflow/example_dags/example_skip_dag.py
[2025-02-06T12:24:46.573+0000] {processor.py:914} INFO - Processing file /opt/conda/lib/python3.12/site-packages/airflow/example_dags/example_skip_dag.py for tasks to queue
[2025-02-06T12:24:46.577+0000] {logging_mixin.py:190} INFO - [2025-02-06T12:24:46.576+0000] {dagbag.py:588} INFO - Filling up the DagBag from /opt/conda/lib/python3.12/site-packages/airflow/example_dags/example_skip_dag.py
[2025-02-06T12:24:46.585+0000] {processor.py:925} INFO - DAG(s) 'example_skip_dag' retrieved from /opt/conda/lib/python3.12/site-packages/airflow/example_dags/example_skip_dag.py
[2025-02-06T12:24:46.606+0000] {logging_mixin.py:190} INFO - [2025-02-06T12:24:46.606+0000] {dag.py:3239} INFO - Sync 1 DAGs
[2025-02-06T12:24:46.626+0000] {logging_mixin.py:190} INFO - [2025-02-06T12:24:46.626+0000] {dag.py:4180} INFO - Setting next_dagrun for example_skip_dag to 2025-02-05 00:00:00+00:00, run_after=2025-02-06 00:00:00+00:00
[2025-02-06T12:24:46.674+0000] {processor.py:208} INFO - Processing /opt/conda/lib/python3.12/site-packages/airflow/example_dags/example_skip_dag.py took 0.108 seconds
[2025-02-06T12:28:16.995+0000] {processor.py:186} INFO - Started process (PID=2981) to work on /opt/conda/lib/python3.12/site-packages/airflow/example_dags/example_skip_dag.py
[2025-02-06T12:28:16.996+0000] {processor.py:914} INFO - Processing file /opt/conda/lib/python3.12/site-packages/airflow/example_dags/example_skip_dag.py for tasks to queue
[2025-02-06T12:28:16.998+0000] {logging_mixin.py:190} INFO - [2025-02-06T12:28:16.998+0000] {dagbag.py:588} INFO - Filling up the DagBag from /opt/conda/lib/python3.12/site-packages/airflow/example_dags/example_skip_dag.py
[2025-02-06T12:28:17.005+0000] {processor.py:925} INFO - DAG(s) 'example_skip_dag' retrieved from /opt/conda/lib/python3.12/site-packages/airflow/example_dags/example_skip_dag.py
[2025-02-06T12:28:17.028+0000] {logging_mixin.py:190} INFO - [2025-02-06T12:28:17.028+0000] {dag.py:3239} INFO - Sync 1 DAGs
[2025-02-06T12:28:17.054+0000] {logging_mixin.py:190} INFO - [2025-02-06T12:28:17.054+0000] {dag.py:4180} INFO - Setting next_dagrun for example_skip_dag to 2025-02-05 00:00:00+00:00, run_after=2025-02-06 00:00:00+00:00
[2025-02-06T12:28:17.113+0000] {processor.py:208} INFO - Processing /opt/conda/lib/python3.12/site-packages/airflow/example_dags/example_skip_dag.py took 0.122 seconds
[2025-02-06T12:32:10.098+0000] {processor.py:186} INFO - Started process (PID=5014) to work on /opt/conda/lib/python3.12/site-packages/airflow/example_dags/example_skip_dag.py
[2025-02-06T12:32:10.099+0000] {processor.py:914} INFO - Processing file /opt/conda/lib/python3.12/site-packages/airflow/example_dags/example_skip_dag.py for tasks to queue
[2025-02-06T12:32:10.100+0000] {logging_mixin.py:190} INFO - [2025-02-06T12:32:10.100+0000] {dagbag.py:588} INFO - Filling up the DagBag from /opt/conda/lib/python3.12/site-packages/airflow/example_dags/example_skip_dag.py
[2025-02-06T12:32:10.106+0000] {processor.py:925} INFO - DAG(s) 'example_skip_dag' retrieved from /opt/conda/lib/python3.12/site-packages/airflow/example_dags/example_skip_dag.py
[2025-02-06T12:32:10.130+0000] {logging_mixin.py:190} INFO - [2025-02-06T12:32:10.130+0000] {dag.py:3239} INFO - Sync 1 DAGs
[2025-02-06T12:32:10.151+0000] {logging_mixin.py:190} INFO - [2025-02-06T12:32:10.150+0000] {dag.py:4180} INFO - Setting next_dagrun for example_skip_dag to 2025-02-05 00:00:00+00:00, run_after=2025-02-06 00:00:00+00:00
[2025-02-06T12:32:10.200+0000] {processor.py:208} INFO - Processing /opt/conda/lib/python3.12/site-packages/airflow/example_dags/example_skip_dag.py took 0.109 seconds
[2025-02-06T12:36:18.084+0000] {processor.py:186} INFO - Started process (PID=7151) to work on /opt/conda/lib/python3.12/site-packages/airflow/example_dags/example_skip_dag.py
[2025-02-06T12:36:18.085+0000] {processor.py:914} INFO - Processing file /opt/conda/lib/python3.12/site-packages/airflow/example_dags/example_skip_dag.py for tasks to queue
[2025-02-06T12:36:18.086+0000] {logging_mixin.py:190} INFO - [2025-02-06T12:36:18.086+0000] {dagbag.py:588} INFO - Filling up the DagBag from /opt/conda/lib/python3.12/site-packages/airflow/example_dags/example_skip_dag.py
[2025-02-06T12:36:18.092+0000] {processor.py:925} INFO - DAG(s) 'example_skip_dag' retrieved from /opt/conda/lib/python3.12/site-packages/airflow/example_dags/example_skip_dag.py
[2025-02-06T12:36:18.111+0000] {logging_mixin.py:190} INFO - [2025-02-06T12:36:18.111+0000] {dag.py:3239} INFO - Sync 1 DAGs
[2025-02-06T12:36:18.128+0000] {logging_mixin.py:190} INFO - [2025-02-06T12:36:18.128+0000] {dag.py:4180} INFO - Setting next_dagrun for example_skip_dag to 2025-02-05 00:00:00+00:00, run_after=2025-02-06 00:00:00+00:00
[2025-02-06T12:36:18.174+0000] {processor.py:208} INFO - Processing /opt/conda/lib/python3.12/site-packages/airflow/example_dags/example_skip_dag.py took 0.094 seconds
[2025-02-06T12:40:25.205+0000] {processor.py:186} INFO - Started process (PID=9236) to work on /opt/conda/lib/python3.12/site-packages/airflow/example_dags/example_skip_dag.py
[2025-02-06T12:40:25.207+0000] {processor.py:914} INFO - Processing file /opt/conda/lib/python3.12/site-packages/airflow/example_dags/example_skip_dag.py for tasks to queue
[2025-02-06T12:40:25.209+0000] {logging_mixin.py:190} INFO - [2025-02-06T12:40:25.208+0000] {dagbag.py:588} INFO - Filling up the DagBag from /opt/conda/lib/python3.12/site-packages/airflow/example_dags/example_skip_dag.py
[2025-02-06T12:40:25.215+0000] {processor.py:925} INFO - DAG(s) 'example_skip_dag' retrieved from /opt/conda/lib/python3.12/site-packages/airflow/example_dags/example_skip_dag.py
[2025-02-06T12:40:25.237+0000] {logging_mixin.py:190} INFO - [2025-02-06T12:40:25.237+0000] {dag.py:3239} INFO - Sync 1 DAGs
[2025-02-06T12:40:25.258+0000] {logging_mixin.py:190} INFO - [2025-02-06T12:40:25.258+0000] {dag.py:4180} INFO - Setting next_dagrun for example_skip_dag to 2025-02-05 00:00:00+00:00, run_after=2025-02-06 00:00:00+00:00
[2025-02-06T12:40:25.313+0000] {processor.py:208} INFO - Processing /opt/conda/lib/python3.12/site-packages/airflow/example_dags/example_skip_dag.py took 0.112 seconds
[2025-02-06T12:44:31.257+0000] {processor.py:186} INFO - Started process (PID=11354) to work on /opt/conda/lib/python3.12/site-packages/airflow/example_dags/example_skip_dag.py
[2025-02-06T12:44:31.258+0000] {processor.py:914} INFO - Processing file /opt/conda/lib/python3.12/site-packages/airflow/example_dags/example_skip_dag.py for tasks to queue
[2025-02-06T12:44:31.260+0000] {logging_mixin.py:190} INFO - [2025-02-06T12:44:31.259+0000] {dagbag.py:588} INFO - Filling up the DagBag from /opt/conda/lib/python3.12/site-packages/airflow/example_dags/example_skip_dag.py
[2025-02-06T12:44:31.266+0000] {processor.py:925} INFO - DAG(s) 'example_skip_dag' retrieved from /opt/conda/lib/python3.12/site-packages/airflow/example_dags/example_skip_dag.py
[2025-02-06T12:44:31.285+0000] {logging_mixin.py:190} INFO - [2025-02-06T12:44:31.285+0000] {dag.py:3239} INFO - Sync 1 DAGs
[2025-02-06T12:44:31.304+0000] {logging_mixin.py:190} INFO - [2025-02-06T12:44:31.304+0000] {dag.py:4180} INFO - Setting next_dagrun for example_skip_dag to 2025-02-05 00:00:00+00:00, run_after=2025-02-06 00:00:00+00:00
[2025-02-06T12:44:31.350+0000] {processor.py:208} INFO - Processing /opt/conda/lib/python3.12/site-packages/airflow/example_dags/example_skip_dag.py took 0.097 seconds
[2025-02-06T12:49:12.677+0000] {processor.py:186} INFO - Started process (PID=13542) to work on /opt/conda/lib/python3.12/site-packages/airflow/example_dags/example_skip_dag.py
[2025-02-06T12:49:12.678+0000] {processor.py:914} INFO - Processing file /opt/conda/lib/python3.12/site-packages/airflow/example_dags/example_skip_dag.py for tasks to queue
[2025-02-06T12:49:12.679+0000] {logging_mixin.py:190} INFO - [2025-02-06T12:49:12.679+0000] {dagbag.py:588} INFO - Filling up the DagBag from /opt/conda/lib/python3.12/site-packages/airflow/example_dags/example_skip_dag.py
[2025-02-06T12:49:12.686+0000] {processor.py:925} INFO - DAG(s) 'example_skip_dag' retrieved from /opt/conda/lib/python3.12/site-packages/airflow/example_dags/example_skip_dag.py
[2025-02-06T12:49:12.709+0000] {logging_mixin.py:190} INFO - [2025-02-06T12:49:12.709+0000] {dag.py:3239} INFO - Sync 1 DAGs
[2025-02-06T12:49:12.730+0000] {logging_mixin.py:190} INFO - [2025-02-06T12:49:12.730+0000] {dag.py:4180} INFO - Setting next_dagrun for example_skip_dag to 2025-02-05 00:00:00+00:00, run_after=2025-02-06 00:00:00+00:00
[2025-02-06T12:49:12.868+0000] {processor.py:208} INFO - Processing /opt/conda/lib/python3.12/site-packages/airflow/example_dags/example_skip_dag.py took 0.197 seconds
[2025-02-06T12:59:27.100+0000] {processor.py:186} INFO - Started process (PID=559) to work on /opt/conda/lib/python3.12/site-packages/airflow/example_dags/example_skip_dag.py
[2025-02-06T12:59:27.102+0000] {processor.py:914} INFO - Processing file /opt/conda/lib/python3.12/site-packages/airflow/example_dags/example_skip_dag.py for tasks to queue
[2025-02-06T12:59:27.105+0000] {logging_mixin.py:190} INFO - [2025-02-06T12:59:27.105+0000] {dagbag.py:588} INFO - Filling up the DagBag from /opt/conda/lib/python3.12/site-packages/airflow/example_dags/example_skip_dag.py
[2025-02-06T12:59:27.124+0000] {processor.py:925} INFO - DAG(s) 'example_skip_dag' retrieved from /opt/conda/lib/python3.12/site-packages/airflow/example_dags/example_skip_dag.py
[2025-02-06T12:59:27.193+0000] {logging_mixin.py:190} INFO - [2025-02-06T12:59:27.191+0000] {dag.py:3239} INFO - Sync 1 DAGs
[2025-02-06T12:59:27.255+0000] {logging_mixin.py:190} INFO - [2025-02-06T12:59:27.254+0000] {dag.py:4180} INFO - Setting next_dagrun for example_skip_dag to 2025-02-05 00:00:00+00:00, run_after=2025-02-06 00:00:00+00:00
[2025-02-06T12:59:27.385+0000] {processor.py:208} INFO - Processing /opt/conda/lib/python3.12/site-packages/airflow/example_dags/example_skip_dag.py took 0.302 seconds
[2025-02-06T13:02:49.141+0000] {processor.py:186} INFO - Started process (PID=1555) to work on /opt/conda/lib/python3.12/site-packages/airflow/example_dags/example_skip_dag.py
[2025-02-06T13:02:49.143+0000] {processor.py:914} INFO - Processing file /opt/conda/lib/python3.12/site-packages/airflow/example_dags/example_skip_dag.py for tasks to queue
[2025-02-06T13:02:49.145+0000] {logging_mixin.py:190} INFO - [2025-02-06T13:02:49.145+0000] {dagbag.py:588} INFO - Filling up the DagBag from /opt/conda/lib/python3.12/site-packages/airflow/example_dags/example_skip_dag.py
[2025-02-06T13:02:49.154+0000] {processor.py:925} INFO - DAG(s) 'example_skip_dag' retrieved from /opt/conda/lib/python3.12/site-packages/airflow/example_dags/example_skip_dag.py
[2025-02-06T13:02:49.179+0000] {logging_mixin.py:190} INFO - [2025-02-06T13:02:49.179+0000] {dag.py:3239} INFO - Sync 1 DAGs
[2025-02-06T13:02:49.202+0000] {logging_mixin.py:190} INFO - [2025-02-06T13:02:49.202+0000] {dag.py:4180} INFO - Setting next_dagrun for example_skip_dag to 2025-02-05 00:00:00+00:00, run_after=2025-02-06 00:00:00+00:00
[2025-02-06T13:02:49.373+0000] {processor.py:208} INFO - Processing /opt/conda/lib/python3.12/site-packages/airflow/example_dags/example_skip_dag.py took 0.238 seconds
[2025-02-06T13:05:07.140+0000] {processor.py:186} INFO - Started process (PID=2272) to work on /opt/conda/lib/python3.12/site-packages/airflow/example_dags/example_skip_dag.py
[2025-02-06T13:05:07.141+0000] {processor.py:914} INFO - Processing file /opt/conda/lib/python3.12/site-packages/airflow/example_dags/example_skip_dag.py for tasks to queue
[2025-02-06T13:05:07.142+0000] {logging_mixin.py:190} INFO - [2025-02-06T13:05:07.142+0000] {dagbag.py:588} INFO - Filling up the DagBag from /opt/conda/lib/python3.12/site-packages/airflow/example_dags/example_skip_dag.py
[2025-02-06T13:05:07.151+0000] {processor.py:925} INFO - DAG(s) 'example_skip_dag' retrieved from /opt/conda/lib/python3.12/site-packages/airflow/example_dags/example_skip_dag.py
[2025-02-06T13:05:07.193+0000] {logging_mixin.py:190} INFO - [2025-02-06T13:05:07.193+0000] {dag.py:3239} INFO - Sync 1 DAGs
[2025-02-06T13:05:07.214+0000] {logging_mixin.py:190} INFO - [2025-02-06T13:05:07.214+0000] {dag.py:4180} INFO - Setting next_dagrun for example_skip_dag to 2025-02-05 00:00:00+00:00, run_after=2025-02-06 00:00:00+00:00
[2025-02-06T13:05:07.266+0000] {processor.py:208} INFO - Processing /opt/conda/lib/python3.12/site-packages/airflow/example_dags/example_skip_dag.py took 0.132 seconds
