[2025-02-06T08:27:26.948+0000] {processor.py:186} INFO - Started process (PID=77) to work on /opt/conda/lib/python3.12/site-packages/airflow/example_dags/example_python_operator.py
[2025-02-06T08:27:26.950+0000] {processor.py:914} INFO - Processing file /opt/conda/lib/python3.12/site-packages/airflow/example_dags/example_python_operator.py for tasks to queue
[2025-02-06T08:27:26.952+0000] {logging_mixin.py:190} INFO - [2025-02-06T08:27:26.951+0000] {dagbag.py:588} INFO - Filling up the DagBag from /opt/conda/lib/python3.12/site-packages/airflow/example_dags/example_python_operator.py
[2025-02-06T08:27:26.960+0000] {logging_mixin.py:190} INFO - [2025-02-06T08:27:26.960+0000] {example_python_operator.py:93} WARNING - The virtalenv_python example task requires virtualenv, please install it.
[2025-02-06T08:27:26.962+0000] {processor.py:925} INFO - DAG(s) 'example_python_operator' retrieved from /opt/conda/lib/python3.12/site-packages/airflow/example_dags/example_python_operator.py
[2025-02-06T08:27:27.086+0000] {logging_mixin.py:190} INFO - [2025-02-06T08:27:27.086+0000] {override.py:1912} INFO - Created Permission View: can delete on DAG:example_python_operator
[2025-02-06T08:27:27.128+0000] {logging_mixin.py:190} INFO - [2025-02-06T08:27:27.128+0000] {override.py:1912} INFO - Created Permission View: can read on DAG:example_python_operator
[2025-02-06T08:27:27.160+0000] {logging_mixin.py:190} INFO - [2025-02-06T08:27:27.159+0000] {override.py:1912} INFO - Created Permission View: can edit on DAG:example_python_operator
[2025-02-06T08:27:27.216+0000] {logging_mixin.py:190} INFO - [2025-02-06T08:27:27.216+0000] {override.py:1912} INFO - Created Permission View: menu access on DAG Run:example_python_operator
[2025-02-06T08:27:27.253+0000] {logging_mixin.py:190} INFO - [2025-02-06T08:27:27.253+0000] {override.py:1912} INFO - Created Permission View: can create on DAG Run:example_python_operator
[2025-02-06T08:27:27.288+0000] {logging_mixin.py:190} INFO - [2025-02-06T08:27:27.287+0000] {override.py:1912} INFO - Created Permission View: can read on DAG Run:example_python_operator
[2025-02-06T08:27:27.324+0000] {logging_mixin.py:190} INFO - [2025-02-06T08:27:27.323+0000] {override.py:1912} INFO - Created Permission View: can delete on DAG Run:example_python_operator
[2025-02-06T08:27:27.325+0000] {logging_mixin.py:190} INFO - [2025-02-06T08:27:27.325+0000] {dag.py:3239} INFO - Sync 1 DAGs
[2025-02-06T08:27:27.343+0000] {logging_mixin.py:190} INFO - [2025-02-06T08:27:27.343+0000] {dag.py:3262} INFO - Creating ORM DAG for example_python_operator
[2025-02-06T08:27:27.344+0000] {logging_mixin.py:190} INFO - [2025-02-06T08:27:27.344+0000] {dag.py:4180} INFO - Setting next_dagrun for example_python_operator to None, run_after=None
[2025-02-06T08:27:27.412+0000] {processor.py:208} INFO - Processing /opt/conda/lib/python3.12/site-packages/airflow/example_dags/example_python_operator.py took 0.468 seconds
[2025-02-06T08:31:02.708+0000] {processor.py:186} INFO - Started process (PID=78) to work on /opt/conda/lib/python3.12/site-packages/airflow/example_dags/example_python_operator.py
[2025-02-06T08:31:02.709+0000] {processor.py:914} INFO - Processing file /opt/conda/lib/python3.12/site-packages/airflow/example_dags/example_python_operator.py for tasks to queue
[2025-02-06T08:31:02.712+0000] {logging_mixin.py:190} INFO - [2025-02-06T08:31:02.711+0000] {dagbag.py:588} INFO - Filling up the DagBag from /opt/conda/lib/python3.12/site-packages/airflow/example_dags/example_python_operator.py
[2025-02-06T08:31:02.722+0000] {logging_mixin.py:190} INFO - [2025-02-06T08:31:02.722+0000] {example_python_operator.py:93} WARNING - The virtalenv_python example task requires virtualenv, please install it.
[2025-02-06T08:31:02.724+0000] {processor.py:925} INFO - DAG(s) 'example_python_operator' retrieved from /opt/conda/lib/python3.12/site-packages/airflow/example_dags/example_python_operator.py
[2025-02-06T08:31:02.752+0000] {logging_mixin.py:190} INFO - [2025-02-06T08:31:02.751+0000] {dag.py:3239} INFO - Sync 1 DAGs
[2025-02-06T08:31:02.766+0000] {logging_mixin.py:190} INFO - [2025-02-06T08:31:02.766+0000] {dag.py:4180} INFO - Setting next_dagrun for example_python_operator to None, run_after=None
[2025-02-06T08:31:02.821+0000] {processor.py:208} INFO - Processing /opt/conda/lib/python3.12/site-packages/airflow/example_dags/example_python_operator.py took 0.118 seconds
[2025-02-06T08:32:16.668+0000] {processor.py:186} INFO - Started process (PID=141) to work on /opt/conda/lib/python3.12/site-packages/airflow/example_dags/example_python_operator.py
[2025-02-06T08:32:16.670+0000] {processor.py:914} INFO - Processing file /opt/conda/lib/python3.12/site-packages/airflow/example_dags/example_python_operator.py for tasks to queue
[2025-02-06T08:32:16.671+0000] {logging_mixin.py:190} INFO - [2025-02-06T08:32:16.671+0000] {dagbag.py:588} INFO - Filling up the DagBag from /opt/conda/lib/python3.12/site-packages/airflow/example_dags/example_python_operator.py
[2025-02-06T08:32:16.679+0000] {logging_mixin.py:190} INFO - [2025-02-06T08:32:16.679+0000] {example_python_operator.py:93} WARNING - The virtalenv_python example task requires virtualenv, please install it.
[2025-02-06T08:32:16.681+0000] {processor.py:925} INFO - DAG(s) 'example_python_operator' retrieved from /opt/conda/lib/python3.12/site-packages/airflow/example_dags/example_python_operator.py
[2025-02-06T08:32:16.708+0000] {logging_mixin.py:190} INFO - [2025-02-06T08:32:16.708+0000] {dag.py:3239} INFO - Sync 1 DAGs
[2025-02-06T08:32:16.720+0000] {logging_mixin.py:190} INFO - [2025-02-06T08:32:16.720+0000] {dag.py:4180} INFO - Setting next_dagrun for example_python_operator to None, run_after=None
[2025-02-06T08:32:16.785+0000] {processor.py:208} INFO - Processing /opt/conda/lib/python3.12/site-packages/airflow/example_dags/example_python_operator.py took 0.121 seconds
[2025-02-06T08:33:25.395+0000] {processor.py:186} INFO - Started process (PID=202) to work on /opt/conda/lib/python3.12/site-packages/airflow/example_dags/example_python_operator.py
[2025-02-06T08:33:25.396+0000] {processor.py:914} INFO - Processing file /opt/conda/lib/python3.12/site-packages/airflow/example_dags/example_python_operator.py for tasks to queue
[2025-02-06T08:33:25.397+0000] {logging_mixin.py:190} INFO - [2025-02-06T08:33:25.397+0000] {dagbag.py:588} INFO - Filling up the DagBag from /opt/conda/lib/python3.12/site-packages/airflow/example_dags/example_python_operator.py
[2025-02-06T08:33:25.402+0000] {logging_mixin.py:190} INFO - [2025-02-06T08:33:25.402+0000] {example_python_operator.py:93} WARNING - The virtalenv_python example task requires virtualenv, please install it.
[2025-02-06T08:33:25.404+0000] {processor.py:925} INFO - DAG(s) 'example_python_operator' retrieved from /opt/conda/lib/python3.12/site-packages/airflow/example_dags/example_python_operator.py
[2025-02-06T08:33:25.430+0000] {logging_mixin.py:190} INFO - [2025-02-06T08:33:25.430+0000] {dag.py:3239} INFO - Sync 1 DAGs
[2025-02-06T08:33:25.442+0000] {logging_mixin.py:190} INFO - [2025-02-06T08:33:25.442+0000] {dag.py:4180} INFO - Setting next_dagrun for example_python_operator to None, run_after=None
[2025-02-06T08:33:25.500+0000] {processor.py:208} INFO - Processing /opt/conda/lib/python3.12/site-packages/airflow/example_dags/example_python_operator.py took 0.109 seconds
[2025-02-06T08:34:41.550+0000] {processor.py:186} INFO - Started process (PID=265) to work on /opt/conda/lib/python3.12/site-packages/airflow/example_dags/example_python_operator.py
[2025-02-06T08:34:41.552+0000] {processor.py:914} INFO - Processing file /opt/conda/lib/python3.12/site-packages/airflow/example_dags/example_python_operator.py for tasks to queue
[2025-02-06T08:34:41.554+0000] {logging_mixin.py:190} INFO - [2025-02-06T08:34:41.553+0000] {dagbag.py:588} INFO - Filling up the DagBag from /opt/conda/lib/python3.12/site-packages/airflow/example_dags/example_python_operator.py
[2025-02-06T08:34:41.565+0000] {logging_mixin.py:190} INFO - [2025-02-06T08:34:41.564+0000] {example_python_operator.py:93} WARNING - The virtalenv_python example task requires virtualenv, please install it.
[2025-02-06T08:34:41.567+0000] {processor.py:925} INFO - DAG(s) 'example_python_operator' retrieved from /opt/conda/lib/python3.12/site-packages/airflow/example_dags/example_python_operator.py
[2025-02-06T08:34:41.592+0000] {logging_mixin.py:190} INFO - [2025-02-06T08:34:41.592+0000] {dag.py:3239} INFO - Sync 1 DAGs
[2025-02-06T08:34:41.607+0000] {logging_mixin.py:190} INFO - [2025-02-06T08:34:41.606+0000] {dag.py:4180} INFO - Setting next_dagrun for example_python_operator to None, run_after=None
[2025-02-06T08:34:41.677+0000] {processor.py:208} INFO - Processing /opt/conda/lib/python3.12/site-packages/airflow/example_dags/example_python_operator.py took 0.131 seconds
[2025-02-06T08:35:57.265+0000] {processor.py:186} INFO - Started process (PID=331) to work on /opt/conda/lib/python3.12/site-packages/airflow/example_dags/example_python_operator.py
[2025-02-06T08:35:57.266+0000] {processor.py:914} INFO - Processing file /opt/conda/lib/python3.12/site-packages/airflow/example_dags/example_python_operator.py for tasks to queue
[2025-02-06T08:35:57.267+0000] {logging_mixin.py:190} INFO - [2025-02-06T08:35:57.267+0000] {dagbag.py:588} INFO - Filling up the DagBag from /opt/conda/lib/python3.12/site-packages/airflow/example_dags/example_python_operator.py
[2025-02-06T08:35:57.275+0000] {logging_mixin.py:190} INFO - [2025-02-06T08:35:57.275+0000] {example_python_operator.py:93} WARNING - The virtalenv_python example task requires virtualenv, please install it.
[2025-02-06T08:35:57.277+0000] {processor.py:925} INFO - DAG(s) 'example_python_operator' retrieved from /opt/conda/lib/python3.12/site-packages/airflow/example_dags/example_python_operator.py
[2025-02-06T08:35:57.297+0000] {logging_mixin.py:190} INFO - [2025-02-06T08:35:57.297+0000] {dag.py:3239} INFO - Sync 1 DAGs
[2025-02-06T08:35:57.308+0000] {logging_mixin.py:190} INFO - [2025-02-06T08:35:57.307+0000] {dag.py:4180} INFO - Setting next_dagrun for example_python_operator to None, run_after=None
[2025-02-06T08:35:57.377+0000] {processor.py:208} INFO - Processing /opt/conda/lib/python3.12/site-packages/airflow/example_dags/example_python_operator.py took 0.116 seconds
[2025-02-06T08:37:21.084+0000] {processor.py:186} INFO - Started process (PID=398) to work on /opt/conda/lib/python3.12/site-packages/airflow/example_dags/example_python_operator.py
[2025-02-06T08:37:21.085+0000] {processor.py:914} INFO - Processing file /opt/conda/lib/python3.12/site-packages/airflow/example_dags/example_python_operator.py for tasks to queue
[2025-02-06T08:37:21.087+0000] {logging_mixin.py:190} INFO - [2025-02-06T08:37:21.086+0000] {dagbag.py:588} INFO - Filling up the DagBag from /opt/conda/lib/python3.12/site-packages/airflow/example_dags/example_python_operator.py
[2025-02-06T08:37:21.095+0000] {logging_mixin.py:190} INFO - [2025-02-06T08:37:21.095+0000] {example_python_operator.py:93} WARNING - The virtalenv_python example task requires virtualenv, please install it.
[2025-02-06T08:37:21.098+0000] {processor.py:925} INFO - DAG(s) 'example_python_operator' retrieved from /opt/conda/lib/python3.12/site-packages/airflow/example_dags/example_python_operator.py
[2025-02-06T08:37:21.120+0000] {logging_mixin.py:190} INFO - [2025-02-06T08:37:21.120+0000] {dag.py:3239} INFO - Sync 1 DAGs
[2025-02-06T08:37:21.135+0000] {logging_mixin.py:190} INFO - [2025-02-06T08:37:21.134+0000] {dag.py:4180} INFO - Setting next_dagrun for example_python_operator to None, run_after=None
[2025-02-06T08:37:21.197+0000] {processor.py:208} INFO - Processing /opt/conda/lib/python3.12/site-packages/airflow/example_dags/example_python_operator.py took 0.118 seconds
[2025-02-06T08:38:35.760+0000] {processor.py:186} INFO - Started process (PID=463) to work on /opt/conda/lib/python3.12/site-packages/airflow/example_dags/example_python_operator.py
[2025-02-06T08:38:35.761+0000] {processor.py:914} INFO - Processing file /opt/conda/lib/python3.12/site-packages/airflow/example_dags/example_python_operator.py for tasks to queue
[2025-02-06T08:38:35.762+0000] {logging_mixin.py:190} INFO - [2025-02-06T08:38:35.762+0000] {dagbag.py:588} INFO - Filling up the DagBag from /opt/conda/lib/python3.12/site-packages/airflow/example_dags/example_python_operator.py
[2025-02-06T08:38:35.773+0000] {logging_mixin.py:190} INFO - [2025-02-06T08:38:35.773+0000] {example_python_operator.py:93} WARNING - The virtalenv_python example task requires virtualenv, please install it.
[2025-02-06T08:38:35.776+0000] {processor.py:925} INFO - DAG(s) 'example_python_operator' retrieved from /opt/conda/lib/python3.12/site-packages/airflow/example_dags/example_python_operator.py
[2025-02-06T08:38:35.803+0000] {logging_mixin.py:190} INFO - [2025-02-06T08:38:35.803+0000] {dag.py:3239} INFO - Sync 1 DAGs
[2025-02-06T08:38:35.818+0000] {logging_mixin.py:190} INFO - [2025-02-06T08:38:35.818+0000] {dag.py:4180} INFO - Setting next_dagrun for example_python_operator to None, run_after=None
[2025-02-06T08:38:35.880+0000] {processor.py:208} INFO - Processing /opt/conda/lib/python3.12/site-packages/airflow/example_dags/example_python_operator.py took 0.126 seconds
[2025-02-06T08:39:52.244+0000] {processor.py:186} INFO - Started process (PID=529) to work on /opt/conda/lib/python3.12/site-packages/airflow/example_dags/example_python_operator.py
[2025-02-06T08:39:52.245+0000] {processor.py:914} INFO - Processing file /opt/conda/lib/python3.12/site-packages/airflow/example_dags/example_python_operator.py for tasks to queue
[2025-02-06T08:39:52.247+0000] {logging_mixin.py:190} INFO - [2025-02-06T08:39:52.246+0000] {dagbag.py:588} INFO - Filling up the DagBag from /opt/conda/lib/python3.12/site-packages/airflow/example_dags/example_python_operator.py
[2025-02-06T08:39:52.257+0000] {logging_mixin.py:190} INFO - [2025-02-06T08:39:52.257+0000] {example_python_operator.py:93} WARNING - The virtalenv_python example task requires virtualenv, please install it.
[2025-02-06T08:39:52.259+0000] {processor.py:925} INFO - DAG(s) 'example_python_operator' retrieved from /opt/conda/lib/python3.12/site-packages/airflow/example_dags/example_python_operator.py
[2025-02-06T08:39:52.280+0000] {logging_mixin.py:190} INFO - [2025-02-06T08:39:52.280+0000] {dag.py:3239} INFO - Sync 1 DAGs
[2025-02-06T08:39:52.296+0000] {logging_mixin.py:190} INFO - [2025-02-06T08:39:52.296+0000] {dag.py:4180} INFO - Setting next_dagrun for example_python_operator to None, run_after=None
[2025-02-06T08:39:52.346+0000] {processor.py:208} INFO - Processing /opt/conda/lib/python3.12/site-packages/airflow/example_dags/example_python_operator.py took 0.105 seconds
[2025-02-06T08:41:11.449+0000] {processor.py:186} INFO - Started process (PID=595) to work on /opt/conda/lib/python3.12/site-packages/airflow/example_dags/example_python_operator.py
[2025-02-06T08:41:11.450+0000] {processor.py:914} INFO - Processing file /opt/conda/lib/python3.12/site-packages/airflow/example_dags/example_python_operator.py for tasks to queue
[2025-02-06T08:41:11.451+0000] {logging_mixin.py:190} INFO - [2025-02-06T08:41:11.451+0000] {dagbag.py:588} INFO - Filling up the DagBag from /opt/conda/lib/python3.12/site-packages/airflow/example_dags/example_python_operator.py
[2025-02-06T08:41:11.460+0000] {logging_mixin.py:190} INFO - [2025-02-06T08:41:11.460+0000] {example_python_operator.py:93} WARNING - The virtalenv_python example task requires virtualenv, please install it.
[2025-02-06T08:41:11.462+0000] {processor.py:925} INFO - DAG(s) 'example_python_operator' retrieved from /opt/conda/lib/python3.12/site-packages/airflow/example_dags/example_python_operator.py
[2025-02-06T08:41:11.484+0000] {logging_mixin.py:190} INFO - [2025-02-06T08:41:11.484+0000] {dag.py:3239} INFO - Sync 1 DAGs
[2025-02-06T08:41:11.496+0000] {logging_mixin.py:190} INFO - [2025-02-06T08:41:11.496+0000] {dag.py:4180} INFO - Setting next_dagrun for example_python_operator to None, run_after=None
[2025-02-06T08:41:11.554+0000] {processor.py:208} INFO - Processing /opt/conda/lib/python3.12/site-packages/airflow/example_dags/example_python_operator.py took 0.110 seconds
[2025-02-06T08:42:25.875+0000] {processor.py:186} INFO - Started process (PID=659) to work on /opt/conda/lib/python3.12/site-packages/airflow/example_dags/example_python_operator.py
[2025-02-06T08:42:25.876+0000] {processor.py:914} INFO - Processing file /opt/conda/lib/python3.12/site-packages/airflow/example_dags/example_python_operator.py for tasks to queue
[2025-02-06T08:42:25.879+0000] {logging_mixin.py:190} INFO - [2025-02-06T08:42:25.878+0000] {dagbag.py:588} INFO - Filling up the DagBag from /opt/conda/lib/python3.12/site-packages/airflow/example_dags/example_python_operator.py
[2025-02-06T08:42:25.887+0000] {logging_mixin.py:190} INFO - [2025-02-06T08:42:25.887+0000] {example_python_operator.py:93} WARNING - The virtalenv_python example task requires virtualenv, please install it.
[2025-02-06T08:42:25.889+0000] {processor.py:925} INFO - DAG(s) 'example_python_operator' retrieved from /opt/conda/lib/python3.12/site-packages/airflow/example_dags/example_python_operator.py
[2025-02-06T08:42:25.913+0000] {logging_mixin.py:190} INFO - [2025-02-06T08:42:25.913+0000] {dag.py:3239} INFO - Sync 1 DAGs
[2025-02-06T08:42:25.926+0000] {logging_mixin.py:190} INFO - [2025-02-06T08:42:25.926+0000] {dag.py:4180} INFO - Setting next_dagrun for example_python_operator to None, run_after=None
[2025-02-06T08:42:25.985+0000] {processor.py:208} INFO - Processing /opt/conda/lib/python3.12/site-packages/airflow/example_dags/example_python_operator.py took 0.114 seconds
[2025-02-06T08:43:57.697+0000] {processor.py:186} INFO - Started process (PID=78) to work on /opt/conda/lib/python3.12/site-packages/airflow/example_dags/example_python_operator.py
[2025-02-06T08:43:57.698+0000] {processor.py:914} INFO - Processing file /opt/conda/lib/python3.12/site-packages/airflow/example_dags/example_python_operator.py for tasks to queue
[2025-02-06T08:43:57.701+0000] {logging_mixin.py:190} INFO - [2025-02-06T08:43:57.700+0000] {dagbag.py:588} INFO - Filling up the DagBag from /opt/conda/lib/python3.12/site-packages/airflow/example_dags/example_python_operator.py
[2025-02-06T08:43:57.709+0000] {logging_mixin.py:190} INFO - [2025-02-06T08:43:57.709+0000] {example_python_operator.py:93} WARNING - The virtalenv_python example task requires virtualenv, please install it.
[2025-02-06T08:43:57.711+0000] {processor.py:925} INFO - DAG(s) 'example_python_operator' retrieved from /opt/conda/lib/python3.12/site-packages/airflow/example_dags/example_python_operator.py
[2025-02-06T08:43:57.739+0000] {logging_mixin.py:190} INFO - [2025-02-06T08:43:57.738+0000] {dag.py:3239} INFO - Sync 1 DAGs
[2025-02-06T08:43:57.754+0000] {logging_mixin.py:190} INFO - [2025-02-06T08:43:57.753+0000] {dag.py:4180} INFO - Setting next_dagrun for example_python_operator to None, run_after=None
[2025-02-06T08:43:57.822+0000] {processor.py:208} INFO - Processing /opt/conda/lib/python3.12/site-packages/airflow/example_dags/example_python_operator.py took 0.129 seconds
[2025-02-06T08:45:13.662+0000] {processor.py:186} INFO - Started process (PID=144) to work on /opt/conda/lib/python3.12/site-packages/airflow/example_dags/example_python_operator.py
[2025-02-06T08:45:13.664+0000] {processor.py:914} INFO - Processing file /opt/conda/lib/python3.12/site-packages/airflow/example_dags/example_python_operator.py for tasks to queue
[2025-02-06T08:45:13.666+0000] {logging_mixin.py:190} INFO - [2025-02-06T08:45:13.665+0000] {dagbag.py:588} INFO - Filling up the DagBag from /opt/conda/lib/python3.12/site-packages/airflow/example_dags/example_python_operator.py
[2025-02-06T08:45:13.672+0000] {logging_mixin.py:190} INFO - [2025-02-06T08:45:13.672+0000] {example_python_operator.py:93} WARNING - The virtalenv_python example task requires virtualenv, please install it.
[2025-02-06T08:45:13.675+0000] {processor.py:925} INFO - DAG(s) 'example_python_operator' retrieved from /opt/conda/lib/python3.12/site-packages/airflow/example_dags/example_python_operator.py
[2025-02-06T08:45:13.697+0000] {logging_mixin.py:190} INFO - [2025-02-06T08:45:13.696+0000] {dag.py:3239} INFO - Sync 1 DAGs
[2025-02-06T08:45:13.709+0000] {logging_mixin.py:190} INFO - [2025-02-06T08:45:13.709+0000] {dag.py:4180} INFO - Setting next_dagrun for example_python_operator to None, run_after=None
[2025-02-06T08:45:13.758+0000] {processor.py:208} INFO - Processing /opt/conda/lib/python3.12/site-packages/airflow/example_dags/example_python_operator.py took 0.101 seconds
[2025-02-06T08:50:09.733+0000] {processor.py:186} INFO - Started process (PID=290) to work on /opt/conda/lib/python3.12/site-packages/airflow/example_dags/example_python_operator.py
[2025-02-06T08:50:09.734+0000] {processor.py:914} INFO - Processing file /opt/conda/lib/python3.12/site-packages/airflow/example_dags/example_python_operator.py for tasks to queue
[2025-02-06T08:50:09.736+0000] {logging_mixin.py:190} INFO - [2025-02-06T08:50:09.735+0000] {dagbag.py:588} INFO - Filling up the DagBag from /opt/conda/lib/python3.12/site-packages/airflow/example_dags/example_python_operator.py
[2025-02-06T08:50:09.742+0000] {logging_mixin.py:190} INFO - [2025-02-06T08:50:09.741+0000] {example_python_operator.py:93} WARNING - The virtalenv_python example task requires virtualenv, please install it.
[2025-02-06T08:50:09.744+0000] {processor.py:925} INFO - DAG(s) 'example_python_operator' retrieved from /opt/conda/lib/python3.12/site-packages/airflow/example_dags/example_python_operator.py
[2025-02-06T08:50:09.774+0000] {logging_mixin.py:190} INFO - [2025-02-06T08:50:09.774+0000] {dag.py:3239} INFO - Sync 1 DAGs
[2025-02-06T08:50:09.788+0000] {logging_mixin.py:190} INFO - [2025-02-06T08:50:09.788+0000] {dag.py:4180} INFO - Setting next_dagrun for example_python_operator to None, run_after=None
[2025-02-06T08:50:09.856+0000] {processor.py:208} INFO - Processing /opt/conda/lib/python3.12/site-packages/airflow/example_dags/example_python_operator.py took 0.127 seconds
[2025-02-06T08:53:12.542+0000] {processor.py:186} INFO - Started process (PID=624) to work on /opt/conda/lib/python3.12/site-packages/airflow/example_dags/example_python_operator.py
[2025-02-06T08:53:12.543+0000] {processor.py:914} INFO - Processing file /opt/conda/lib/python3.12/site-packages/airflow/example_dags/example_python_operator.py for tasks to queue
[2025-02-06T08:53:12.545+0000] {logging_mixin.py:190} INFO - [2025-02-06T08:53:12.544+0000] {dagbag.py:588} INFO - Filling up the DagBag from /opt/conda/lib/python3.12/site-packages/airflow/example_dags/example_python_operator.py
[2025-02-06T08:53:12.550+0000] {logging_mixin.py:190} INFO - [2025-02-06T08:53:12.550+0000] {example_python_operator.py:93} WARNING - The virtalenv_python example task requires virtualenv, please install it.
[2025-02-06T08:53:12.552+0000] {processor.py:925} INFO - DAG(s) 'example_python_operator' retrieved from /opt/conda/lib/python3.12/site-packages/airflow/example_dags/example_python_operator.py
[2025-02-06T08:53:12.572+0000] {logging_mixin.py:190} INFO - [2025-02-06T08:53:12.572+0000] {dag.py:3239} INFO - Sync 1 DAGs
[2025-02-06T08:53:12.583+0000] {logging_mixin.py:190} INFO - [2025-02-06T08:53:12.583+0000] {dag.py:4180} INFO - Setting next_dagrun for example_python_operator to None, run_after=None
[2025-02-06T08:53:12.639+0000] {processor.py:208} INFO - Processing /opt/conda/lib/python3.12/site-packages/airflow/example_dags/example_python_operator.py took 0.100 seconds
[2025-02-06T08:58:12.602+0000] {processor.py:186} INFO - Started process (PID=1156) to work on /opt/conda/lib/python3.12/site-packages/airflow/example_dags/example_python_operator.py
[2025-02-06T08:58:12.603+0000] {processor.py:914} INFO - Processing file /opt/conda/lib/python3.12/site-packages/airflow/example_dags/example_python_operator.py for tasks to queue
[2025-02-06T08:58:12.605+0000] {logging_mixin.py:190} INFO - [2025-02-06T08:58:12.605+0000] {dagbag.py:588} INFO - Filling up the DagBag from /opt/conda/lib/python3.12/site-packages/airflow/example_dags/example_python_operator.py
[2025-02-06T08:58:12.611+0000] {logging_mixin.py:190} INFO - [2025-02-06T08:58:12.611+0000] {example_python_operator.py:93} WARNING - The virtalenv_python example task requires virtualenv, please install it.
[2025-02-06T08:58:12.613+0000] {processor.py:925} INFO - DAG(s) 'example_python_operator' retrieved from /opt/conda/lib/python3.12/site-packages/airflow/example_dags/example_python_operator.py
[2025-02-06T08:58:12.639+0000] {logging_mixin.py:190} INFO - [2025-02-06T08:58:12.639+0000] {dag.py:3239} INFO - Sync 1 DAGs
[2025-02-06T08:58:12.652+0000] {logging_mixin.py:190} INFO - [2025-02-06T08:58:12.652+0000] {dag.py:4180} INFO - Setting next_dagrun for example_python_operator to None, run_after=None
[2025-02-06T08:58:12.716+0000] {processor.py:208} INFO - Processing /opt/conda/lib/python3.12/site-packages/airflow/example_dags/example_python_operator.py took 0.118 seconds
[2025-02-06T09:05:56.696+0000] {processor.py:186} INFO - Started process (PID=206) to work on /opt/conda/lib/python3.12/site-packages/airflow/example_dags/example_python_operator.py
[2025-02-06T09:05:56.698+0000] {processor.py:914} INFO - Processing file /opt/conda/lib/python3.12/site-packages/airflow/example_dags/example_python_operator.py for tasks to queue
[2025-02-06T09:05:56.699+0000] {logging_mixin.py:190} INFO - [2025-02-06T09:05:56.699+0000] {dagbag.py:588} INFO - Filling up the DagBag from /opt/conda/lib/python3.12/site-packages/airflow/example_dags/example_python_operator.py
[2025-02-06T09:05:56.704+0000] {logging_mixin.py:190} INFO - [2025-02-06T09:05:56.704+0000] {example_python_operator.py:93} WARNING - The virtalenv_python example task requires virtualenv, please install it.
[2025-02-06T09:05:56.706+0000] {processor.py:925} INFO - DAG(s) 'example_python_operator' retrieved from /opt/conda/lib/python3.12/site-packages/airflow/example_dags/example_python_operator.py
[2025-02-06T09:05:56.728+0000] {logging_mixin.py:190} INFO - [2025-02-06T09:05:56.728+0000] {dag.py:3239} INFO - Sync 1 DAGs
[2025-02-06T09:05:56.739+0000] {logging_mixin.py:190} INFO - [2025-02-06T09:05:56.739+0000] {dag.py:4180} INFO - Setting next_dagrun for example_python_operator to None, run_after=None
[2025-02-06T09:05:56.788+0000] {processor.py:208} INFO - Processing /opt/conda/lib/python3.12/site-packages/airflow/example_dags/example_python_operator.py took 0.096 seconds
[2025-02-06T09:09:00.446+0000] {processor.py:186} INFO - Started process (PID=548) to work on /opt/conda/lib/python3.12/site-packages/airflow/example_dags/example_python_operator.py
[2025-02-06T09:09:00.448+0000] {processor.py:914} INFO - Processing file /opt/conda/lib/python3.12/site-packages/airflow/example_dags/example_python_operator.py for tasks to queue
[2025-02-06T09:09:00.450+0000] {logging_mixin.py:190} INFO - [2025-02-06T09:09:00.449+0000] {dagbag.py:588} INFO - Filling up the DagBag from /opt/conda/lib/python3.12/site-packages/airflow/example_dags/example_python_operator.py
[2025-02-06T09:09:00.456+0000] {logging_mixin.py:190} INFO - [2025-02-06T09:09:00.456+0000] {example_python_operator.py:93} WARNING - The virtalenv_python example task requires virtualenv, please install it.
[2025-02-06T09:09:00.458+0000] {processor.py:925} INFO - DAG(s) 'example_python_operator' retrieved from /opt/conda/lib/python3.12/site-packages/airflow/example_dags/example_python_operator.py
[2025-02-06T09:09:00.482+0000] {logging_mixin.py:190} INFO - [2025-02-06T09:09:00.481+0000] {dag.py:3239} INFO - Sync 1 DAGs
[2025-02-06T09:09:00.495+0000] {logging_mixin.py:190} INFO - [2025-02-06T09:09:00.494+0000] {dag.py:4180} INFO - Setting next_dagrun for example_python_operator to None, run_after=None
[2025-02-06T09:09:00.547+0000] {processor.py:208} INFO - Processing /opt/conda/lib/python3.12/site-packages/airflow/example_dags/example_python_operator.py took 0.105 seconds
[2025-02-06T09:13:37.042+0000] {processor.py:186} INFO - Started process (PID=1066) to work on /opt/conda/lib/python3.12/site-packages/airflow/example_dags/example_python_operator.py
[2025-02-06T09:13:37.043+0000] {processor.py:914} INFO - Processing file /opt/conda/lib/python3.12/site-packages/airflow/example_dags/example_python_operator.py for tasks to queue
[2025-02-06T09:13:37.045+0000] {logging_mixin.py:190} INFO - [2025-02-06T09:13:37.045+0000] {dagbag.py:588} INFO - Filling up the DagBag from /opt/conda/lib/python3.12/site-packages/airflow/example_dags/example_python_operator.py
[2025-02-06T09:13:37.054+0000] {logging_mixin.py:190} INFO - [2025-02-06T09:13:37.053+0000] {example_python_operator.py:93} WARNING - The virtalenv_python example task requires virtualenv, please install it.
[2025-02-06T09:13:37.057+0000] {processor.py:925} INFO - DAG(s) 'example_python_operator' retrieved from /opt/conda/lib/python3.12/site-packages/airflow/example_dags/example_python_operator.py
[2025-02-06T09:13:37.079+0000] {logging_mixin.py:190} INFO - [2025-02-06T09:13:37.079+0000] {dag.py:3239} INFO - Sync 1 DAGs
[2025-02-06T09:13:37.093+0000] {logging_mixin.py:190} INFO - [2025-02-06T09:13:37.092+0000] {dag.py:4180} INFO - Setting next_dagrun for example_python_operator to None, run_after=None
[2025-02-06T09:13:37.151+0000] {processor.py:208} INFO - Processing /opt/conda/lib/python3.12/site-packages/airflow/example_dags/example_python_operator.py took 0.113 seconds
[2025-02-06T09:18:06.192+0000] {processor.py:186} INFO - Started process (PID=1570) to work on /opt/conda/lib/python3.12/site-packages/airflow/example_dags/example_python_operator.py
[2025-02-06T09:18:06.193+0000] {processor.py:914} INFO - Processing file /opt/conda/lib/python3.12/site-packages/airflow/example_dags/example_python_operator.py for tasks to queue
[2025-02-06T09:18:06.195+0000] {logging_mixin.py:190} INFO - [2025-02-06T09:18:06.195+0000] {dagbag.py:588} INFO - Filling up the DagBag from /opt/conda/lib/python3.12/site-packages/airflow/example_dags/example_python_operator.py
[2025-02-06T09:18:06.202+0000] {logging_mixin.py:190} INFO - [2025-02-06T09:18:06.201+0000] {example_python_operator.py:93} WARNING - The virtalenv_python example task requires virtualenv, please install it.
[2025-02-06T09:18:06.204+0000] {processor.py:925} INFO - DAG(s) 'example_python_operator' retrieved from /opt/conda/lib/python3.12/site-packages/airflow/example_dags/example_python_operator.py
[2025-02-06T09:18:06.306+0000] {logging_mixin.py:190} INFO - [2025-02-06T09:18:06.306+0000] {dag.py:3239} INFO - Sync 1 DAGs
[2025-02-06T09:18:06.317+0000] {logging_mixin.py:190} INFO - [2025-02-06T09:18:06.317+0000] {dag.py:4180} INFO - Setting next_dagrun for example_python_operator to None, run_after=None
[2025-02-06T09:18:06.381+0000] {processor.py:208} INFO - Processing /opt/conda/lib/python3.12/site-packages/airflow/example_dags/example_python_operator.py took 0.193 seconds
[2025-02-06T09:23:37.520+0000] {processor.py:186} INFO - Started process (PID=2120) to work on /opt/conda/lib/python3.12/site-packages/airflow/example_dags/example_python_operator.py
[2025-02-06T09:23:37.522+0000] {processor.py:914} INFO - Processing file /opt/conda/lib/python3.12/site-packages/airflow/example_dags/example_python_operator.py for tasks to queue
[2025-02-06T09:23:37.524+0000] {logging_mixin.py:190} INFO - [2025-02-06T09:23:37.523+0000] {dagbag.py:588} INFO - Filling up the DagBag from /opt/conda/lib/python3.12/site-packages/airflow/example_dags/example_python_operator.py
[2025-02-06T09:23:37.529+0000] {logging_mixin.py:190} INFO - [2025-02-06T09:23:37.529+0000] {example_python_operator.py:93} WARNING - The virtalenv_python example task requires virtualenv, please install it.
[2025-02-06T09:23:37.531+0000] {processor.py:925} INFO - DAG(s) 'example_python_operator' retrieved from /opt/conda/lib/python3.12/site-packages/airflow/example_dags/example_python_operator.py
[2025-02-06T09:23:37.551+0000] {logging_mixin.py:190} INFO - [2025-02-06T09:23:37.551+0000] {dag.py:3239} INFO - Sync 1 DAGs
[2025-02-06T09:23:37.563+0000] {logging_mixin.py:190} INFO - [2025-02-06T09:23:37.563+0000] {dag.py:4180} INFO - Setting next_dagrun for example_python_operator to None, run_after=None
[2025-02-06T09:23:37.629+0000] {processor.py:208} INFO - Processing /opt/conda/lib/python3.12/site-packages/airflow/example_dags/example_python_operator.py took 0.112 seconds
[2025-02-06T09:26:56.984+0000] {processor.py:186} INFO - Started process (PID=300) to work on /opt/conda/lib/python3.12/site-packages/airflow/example_dags/example_python_operator.py
[2025-02-06T09:26:56.985+0000] {processor.py:914} INFO - Processing file /opt/conda/lib/python3.12/site-packages/airflow/example_dags/example_python_operator.py for tasks to queue
[2025-02-06T09:26:56.988+0000] {logging_mixin.py:190} INFO - [2025-02-06T09:26:56.987+0000] {dagbag.py:588} INFO - Filling up the DagBag from /opt/conda/lib/python3.12/site-packages/airflow/example_dags/example_python_operator.py
[2025-02-06T09:26:56.995+0000] {logging_mixin.py:190} INFO - [2025-02-06T09:26:56.994+0000] {example_python_operator.py:93} WARNING - The virtalenv_python example task requires virtualenv, please install it.
[2025-02-06T09:26:56.997+0000] {processor.py:925} INFO - DAG(s) 'example_python_operator' retrieved from /opt/conda/lib/python3.12/site-packages/airflow/example_dags/example_python_operator.py
[2025-02-06T09:26:57.019+0000] {logging_mixin.py:190} INFO - [2025-02-06T09:26:57.019+0000] {dag.py:3239} INFO - Sync 1 DAGs
[2025-02-06T09:26:57.034+0000] {logging_mixin.py:190} INFO - [2025-02-06T09:26:57.034+0000] {dag.py:4180} INFO - Setting next_dagrun for example_python_operator to None, run_after=None
[2025-02-06T09:26:57.131+0000] {processor.py:208} INFO - Processing /opt/conda/lib/python3.12/site-packages/airflow/example_dags/example_python_operator.py took 0.151 seconds
[2025-02-06T09:33:37.379+0000] {processor.py:186} INFO - Started process (PID=515) to work on /opt/conda/lib/python3.12/site-packages/airflow/example_dags/example_python_operator.py
[2025-02-06T09:33:37.380+0000] {processor.py:914} INFO - Processing file /opt/conda/lib/python3.12/site-packages/airflow/example_dags/example_python_operator.py for tasks to queue
[2025-02-06T09:33:37.381+0000] {logging_mixin.py:190} INFO - [2025-02-06T09:33:37.381+0000] {dagbag.py:588} INFO - Filling up the DagBag from /opt/conda/lib/python3.12/site-packages/airflow/example_dags/example_python_operator.py
[2025-02-06T09:33:37.388+0000] {logging_mixin.py:190} INFO - [2025-02-06T09:33:37.388+0000] {example_python_operator.py:93} WARNING - The virtalenv_python example task requires virtualenv, please install it.
[2025-02-06T09:33:37.390+0000] {processor.py:925} INFO - DAG(s) 'example_python_operator' retrieved from /opt/conda/lib/python3.12/site-packages/airflow/example_dags/example_python_operator.py
[2025-02-06T09:33:37.418+0000] {logging_mixin.py:190} INFO - [2025-02-06T09:33:37.418+0000] {dag.py:3239} INFO - Sync 1 DAGs
[2025-02-06T09:33:37.438+0000] {logging_mixin.py:190} INFO - [2025-02-06T09:33:37.438+0000] {dag.py:4180} INFO - Setting next_dagrun for example_python_operator to None, run_after=None
[2025-02-06T09:33:37.517+0000] {processor.py:208} INFO - Processing /opt/conda/lib/python3.12/site-packages/airflow/example_dags/example_python_operator.py took 0.143 seconds
[2025-02-06T09:39:01.675+0000] {processor.py:186} INFO - Started process (PID=1097) to work on /opt/conda/lib/python3.12/site-packages/airflow/example_dags/example_python_operator.py
[2025-02-06T09:39:01.677+0000] {processor.py:914} INFO - Processing file /opt/conda/lib/python3.12/site-packages/airflow/example_dags/example_python_operator.py for tasks to queue
[2025-02-06T09:39:01.679+0000] {logging_mixin.py:190} INFO - [2025-02-06T09:39:01.678+0000] {dagbag.py:588} INFO - Filling up the DagBag from /opt/conda/lib/python3.12/site-packages/airflow/example_dags/example_python_operator.py
[2025-02-06T09:39:01.684+0000] {logging_mixin.py:190} INFO - [2025-02-06T09:39:01.684+0000] {example_python_operator.py:93} WARNING - The virtalenv_python example task requires virtualenv, please install it.
[2025-02-06T09:39:01.688+0000] {processor.py:925} INFO - DAG(s) 'example_python_operator' retrieved from /opt/conda/lib/python3.12/site-packages/airflow/example_dags/example_python_operator.py
[2025-02-06T09:39:01.720+0000] {logging_mixin.py:190} INFO - [2025-02-06T09:39:01.720+0000] {dag.py:3239} INFO - Sync 1 DAGs
[2025-02-06T09:39:01.744+0000] {logging_mixin.py:190} INFO - [2025-02-06T09:39:01.742+0000] {dag.py:4180} INFO - Setting next_dagrun for example_python_operator to None, run_after=None
[2025-02-06T09:39:01.829+0000] {processor.py:208} INFO - Processing /opt/conda/lib/python3.12/site-packages/airflow/example_dags/example_python_operator.py took 0.160 seconds
[2025-02-06T09:43:00.383+0000] {processor.py:186} INFO - Started process (PID=1497) to work on /opt/conda/lib/python3.12/site-packages/airflow/example_dags/example_python_operator.py
[2025-02-06T09:43:00.384+0000] {processor.py:914} INFO - Processing file /opt/conda/lib/python3.12/site-packages/airflow/example_dags/example_python_operator.py for tasks to queue
[2025-02-06T09:43:00.386+0000] {logging_mixin.py:190} INFO - [2025-02-06T09:43:00.386+0000] {dagbag.py:588} INFO - Filling up the DagBag from /opt/conda/lib/python3.12/site-packages/airflow/example_dags/example_python_operator.py
[2025-02-06T09:43:00.393+0000] {logging_mixin.py:190} INFO - [2025-02-06T09:43:00.393+0000] {example_python_operator.py:93} WARNING - The virtalenv_python example task requires virtualenv, please install it.
[2025-02-06T09:43:00.395+0000] {processor.py:925} INFO - DAG(s) 'example_python_operator' retrieved from /opt/conda/lib/python3.12/site-packages/airflow/example_dags/example_python_operator.py
[2025-02-06T09:43:00.418+0000] {logging_mixin.py:190} INFO - [2025-02-06T09:43:00.418+0000] {dag.py:3239} INFO - Sync 1 DAGs
[2025-02-06T09:43:00.430+0000] {logging_mixin.py:190} INFO - [2025-02-06T09:43:00.430+0000] {dag.py:4180} INFO - Setting next_dagrun for example_python_operator to None, run_after=None
[2025-02-06T09:43:00.485+0000] {processor.py:208} INFO - Processing /opt/conda/lib/python3.12/site-packages/airflow/example_dags/example_python_operator.py took 0.106 seconds
[2025-02-06T09:51:06.104+0000] {processor.py:186} INFO - Started process (PID=498) to work on /opt/conda/lib/python3.12/site-packages/airflow/example_dags/example_python_operator.py
[2025-02-06T09:51:06.105+0000] {processor.py:914} INFO - Processing file /opt/conda/lib/python3.12/site-packages/airflow/example_dags/example_python_operator.py for tasks to queue
[2025-02-06T09:51:06.106+0000] {logging_mixin.py:190} INFO - [2025-02-06T09:51:06.106+0000] {dagbag.py:588} INFO - Filling up the DagBag from /opt/conda/lib/python3.12/site-packages/airflow/example_dags/example_python_operator.py
[2025-02-06T09:51:06.112+0000] {logging_mixin.py:190} INFO - [2025-02-06T09:51:06.112+0000] {example_python_operator.py:93} WARNING - The virtalenv_python example task requires virtualenv, please install it.
[2025-02-06T09:51:06.114+0000] {processor.py:925} INFO - DAG(s) 'example_python_operator' retrieved from /opt/conda/lib/python3.12/site-packages/airflow/example_dags/example_python_operator.py
[2025-02-06T09:51:06.137+0000] {logging_mixin.py:190} INFO - [2025-02-06T09:51:06.136+0000] {dag.py:3239} INFO - Sync 1 DAGs
[2025-02-06T09:51:06.147+0000] {logging_mixin.py:190} INFO - [2025-02-06T09:51:06.147+0000] {dag.py:4180} INFO - Setting next_dagrun for example_python_operator to None, run_after=None
[2025-02-06T09:51:06.211+0000] {processor.py:208} INFO - Processing /opt/conda/lib/python3.12/site-packages/airflow/example_dags/example_python_operator.py took 0.112 seconds
[2025-02-06T09:56:19.039+0000] {processor.py:186} INFO - Started process (PID=1059) to work on /opt/conda/lib/python3.12/site-packages/airflow/example_dags/example_python_operator.py
[2025-02-06T09:56:19.040+0000] {processor.py:914} INFO - Processing file /opt/conda/lib/python3.12/site-packages/airflow/example_dags/example_python_operator.py for tasks to queue
[2025-02-06T09:56:19.042+0000] {logging_mixin.py:190} INFO - [2025-02-06T09:56:19.041+0000] {dagbag.py:588} INFO - Filling up the DagBag from /opt/conda/lib/python3.12/site-packages/airflow/example_dags/example_python_operator.py
[2025-02-06T09:56:19.048+0000] {logging_mixin.py:190} INFO - [2025-02-06T09:56:19.047+0000] {example_python_operator.py:93} WARNING - The virtalenv_python example task requires virtualenv, please install it.
[2025-02-06T09:56:19.049+0000] {processor.py:925} INFO - DAG(s) 'example_python_operator' retrieved from /opt/conda/lib/python3.12/site-packages/airflow/example_dags/example_python_operator.py
[2025-02-06T09:56:19.069+0000] {logging_mixin.py:190} INFO - [2025-02-06T09:56:19.069+0000] {dag.py:3239} INFO - Sync 1 DAGs
[2025-02-06T09:56:19.081+0000] {logging_mixin.py:190} INFO - [2025-02-06T09:56:19.080+0000] {dag.py:4180} INFO - Setting next_dagrun for example_python_operator to None, run_after=None
[2025-02-06T09:56:19.140+0000] {processor.py:208} INFO - Processing /opt/conda/lib/python3.12/site-packages/airflow/example_dags/example_python_operator.py took 0.105 seconds
[2025-02-06T10:05:11.646+0000] {processor.py:186} INFO - Started process (PID=2009) to work on /opt/conda/lib/python3.12/site-packages/airflow/example_dags/example_python_operator.py
[2025-02-06T10:05:11.647+0000] {processor.py:914} INFO - Processing file /opt/conda/lib/python3.12/site-packages/airflow/example_dags/example_python_operator.py for tasks to queue
[2025-02-06T10:05:11.649+0000] {logging_mixin.py:190} INFO - [2025-02-06T10:05:11.649+0000] {dagbag.py:588} INFO - Filling up the DagBag from /opt/conda/lib/python3.12/site-packages/airflow/example_dags/example_python_operator.py
[2025-02-06T10:05:11.655+0000] {logging_mixin.py:190} INFO - [2025-02-06T10:05:11.655+0000] {example_python_operator.py:93} WARNING - The virtalenv_python example task requires virtualenv, please install it.
[2025-02-06T10:05:11.658+0000] {processor.py:925} INFO - DAG(s) 'example_python_operator' retrieved from /opt/conda/lib/python3.12/site-packages/airflow/example_dags/example_python_operator.py
[2025-02-06T10:05:11.686+0000] {logging_mixin.py:190} INFO - [2025-02-06T10:05:11.686+0000] {dag.py:3239} INFO - Sync 1 DAGs
[2025-02-06T10:05:11.702+0000] {logging_mixin.py:190} INFO - [2025-02-06T10:05:11.702+0000] {dag.py:4180} INFO - Setting next_dagrun for example_python_operator to None, run_after=None
[2025-02-06T10:05:11.785+0000] {processor.py:208} INFO - Processing /opt/conda/lib/python3.12/site-packages/airflow/example_dags/example_python_operator.py took 0.147 seconds
[2025-02-06T10:09:12.144+0000] {processor.py:186} INFO - Started process (PID=2365) to work on /opt/conda/lib/python3.12/site-packages/airflow/example_dags/example_python_operator.py
[2025-02-06T10:09:12.145+0000] {processor.py:914} INFO - Processing file /opt/conda/lib/python3.12/site-packages/airflow/example_dags/example_python_operator.py for tasks to queue
[2025-02-06T10:09:12.146+0000] {logging_mixin.py:190} INFO - [2025-02-06T10:09:12.146+0000] {dagbag.py:588} INFO - Filling up the DagBag from /opt/conda/lib/python3.12/site-packages/airflow/example_dags/example_python_operator.py
[2025-02-06T10:09:12.153+0000] {logging_mixin.py:190} INFO - [2025-02-06T10:09:12.152+0000] {example_python_operator.py:93} WARNING - The virtalenv_python example task requires virtualenv, please install it.
[2025-02-06T10:09:12.155+0000] {processor.py:925} INFO - DAG(s) 'example_python_operator' retrieved from /opt/conda/lib/python3.12/site-packages/airflow/example_dags/example_python_operator.py
[2025-02-06T10:09:12.178+0000] {logging_mixin.py:190} INFO - [2025-02-06T10:09:12.178+0000] {dag.py:3239} INFO - Sync 1 DAGs
[2025-02-06T10:09:12.190+0000] {logging_mixin.py:190} INFO - [2025-02-06T10:09:12.190+0000] {dag.py:4180} INFO - Setting next_dagrun for example_python_operator to None, run_after=None
[2025-02-06T10:09:12.241+0000] {processor.py:208} INFO - Processing /opt/conda/lib/python3.12/site-packages/airflow/example_dags/example_python_operator.py took 0.103 seconds
[2025-02-06T10:16:01.790+0000] {processor.py:186} INFO - Started process (PID=3068) to work on /opt/conda/lib/python3.12/site-packages/airflow/example_dags/example_python_operator.py
[2025-02-06T10:16:01.793+0000] {processor.py:914} INFO - Processing file /opt/conda/lib/python3.12/site-packages/airflow/example_dags/example_python_operator.py for tasks to queue
[2025-02-06T10:16:01.794+0000] {logging_mixin.py:190} INFO - [2025-02-06T10:16:01.794+0000] {dagbag.py:588} INFO - Filling up the DagBag from /opt/conda/lib/python3.12/site-packages/airflow/example_dags/example_python_operator.py
[2025-02-06T10:16:01.801+0000] {logging_mixin.py:190} INFO - [2025-02-06T10:16:01.801+0000] {example_python_operator.py:93} WARNING - The virtalenv_python example task requires virtualenv, please install it.
[2025-02-06T10:16:01.804+0000] {processor.py:925} INFO - DAG(s) 'example_python_operator' retrieved from /opt/conda/lib/python3.12/site-packages/airflow/example_dags/example_python_operator.py
[2025-02-06T10:16:01.828+0000] {logging_mixin.py:190} INFO - [2025-02-06T10:16:01.828+0000] {dag.py:3239} INFO - Sync 1 DAGs
[2025-02-06T10:16:01.841+0000] {logging_mixin.py:190} INFO - [2025-02-06T10:16:01.840+0000] {dag.py:4180} INFO - Setting next_dagrun for example_python_operator to None, run_after=None
[2025-02-06T10:16:01.956+0000] {processor.py:208} INFO - Processing /opt/conda/lib/python3.12/site-packages/airflow/example_dags/example_python_operator.py took 0.171 seconds
[2025-02-06T10:21:59.257+0000] {processor.py:186} INFO - Started process (PID=3688) to work on /opt/conda/lib/python3.12/site-packages/airflow/example_dags/example_python_operator.py
[2025-02-06T10:21:59.258+0000] {processor.py:914} INFO - Processing file /opt/conda/lib/python3.12/site-packages/airflow/example_dags/example_python_operator.py for tasks to queue
[2025-02-06T10:21:59.260+0000] {logging_mixin.py:190} INFO - [2025-02-06T10:21:59.260+0000] {dagbag.py:588} INFO - Filling up the DagBag from /opt/conda/lib/python3.12/site-packages/airflow/example_dags/example_python_operator.py
[2025-02-06T10:21:59.267+0000] {logging_mixin.py:190} INFO - [2025-02-06T10:21:59.267+0000] {example_python_operator.py:93} WARNING - The virtalenv_python example task requires virtualenv, please install it.
[2025-02-06T10:21:59.270+0000] {processor.py:925} INFO - DAG(s) 'example_python_operator' retrieved from /opt/conda/lib/python3.12/site-packages/airflow/example_dags/example_python_operator.py
[2025-02-06T10:21:59.296+0000] {logging_mixin.py:190} INFO - [2025-02-06T10:21:59.296+0000] {dag.py:3239} INFO - Sync 1 DAGs
[2025-02-06T10:21:59.312+0000] {logging_mixin.py:190} INFO - [2025-02-06T10:21:59.312+0000] {dag.py:4180} INFO - Setting next_dagrun for example_python_operator to None, run_after=None
[2025-02-06T10:21:59.369+0000] {processor.py:208} INFO - Processing /opt/conda/lib/python3.12/site-packages/airflow/example_dags/example_python_operator.py took 0.118 seconds
[2025-02-06T10:24:26.315+0000] {processor.py:186} INFO - Started process (PID=3906) to work on /opt/conda/lib/python3.12/site-packages/airflow/example_dags/example_python_operator.py
[2025-02-06T10:24:26.316+0000] {processor.py:914} INFO - Processing file /opt/conda/lib/python3.12/site-packages/airflow/example_dags/example_python_operator.py for tasks to queue
[2025-02-06T10:24:26.317+0000] {logging_mixin.py:190} INFO - [2025-02-06T10:24:26.317+0000] {dagbag.py:588} INFO - Filling up the DagBag from /opt/conda/lib/python3.12/site-packages/airflow/example_dags/example_python_operator.py
[2025-02-06T10:24:26.325+0000] {logging_mixin.py:190} INFO - [2025-02-06T10:24:26.324+0000] {example_python_operator.py:93} WARNING - The virtalenv_python example task requires virtualenv, please install it.
[2025-02-06T10:24:26.327+0000] {processor.py:925} INFO - DAG(s) 'example_python_operator' retrieved from /opt/conda/lib/python3.12/site-packages/airflow/example_dags/example_python_operator.py
[2025-02-06T10:24:26.350+0000] {logging_mixin.py:190} INFO - [2025-02-06T10:24:26.349+0000] {dag.py:3239} INFO - Sync 1 DAGs
[2025-02-06T10:24:26.363+0000] {logging_mixin.py:190} INFO - [2025-02-06T10:24:26.363+0000] {dag.py:4180} INFO - Setting next_dagrun for example_python_operator to None, run_after=None
[2025-02-06T10:24:26.428+0000] {processor.py:208} INFO - Processing /opt/conda/lib/python3.12/site-packages/airflow/example_dags/example_python_operator.py took 0.118 seconds
[2025-02-06T11:40:54.604+0000] {processor.py:186} INFO - Started process (PID=476) to work on /opt/conda/lib/python3.12/site-packages/airflow/example_dags/example_python_operator.py
[2025-02-06T11:40:54.607+0000] {processor.py:914} INFO - Processing file /opt/conda/lib/python3.12/site-packages/airflow/example_dags/example_python_operator.py for tasks to queue
[2025-02-06T11:40:54.610+0000] {logging_mixin.py:190} INFO - [2025-02-06T11:40:54.609+0000] {dagbag.py:588} INFO - Filling up the DagBag from /opt/conda/lib/python3.12/site-packages/airflow/example_dags/example_python_operator.py
[2025-02-06T11:40:54.620+0000] {logging_mixin.py:190} INFO - [2025-02-06T11:40:54.620+0000] {example_python_operator.py:93} WARNING - The virtalenv_python example task requires virtualenv, please install it.
[2025-02-06T11:40:54.623+0000] {processor.py:925} INFO - DAG(s) 'example_python_operator' retrieved from /opt/conda/lib/python3.12/site-packages/airflow/example_dags/example_python_operator.py
[2025-02-06T11:40:54.662+0000] {logging_mixin.py:190} INFO - [2025-02-06T11:40:54.662+0000] {dag.py:3239} INFO - Sync 1 DAGs
[2025-02-06T11:40:54.683+0000] {logging_mixin.py:190} INFO - [2025-02-06T11:40:54.683+0000] {dag.py:4180} INFO - Setting next_dagrun for example_python_operator to None, run_after=None
[2025-02-06T11:40:54.750+0000] {processor.py:208} INFO - Processing /opt/conda/lib/python3.12/site-packages/airflow/example_dags/example_python_operator.py took 0.152 seconds
[2025-02-06T11:44:38.693+0000] {processor.py:186} INFO - Started process (PID=1434) to work on /opt/conda/lib/python3.12/site-packages/airflow/example_dags/example_python_operator.py
[2025-02-06T11:44:38.695+0000] {processor.py:914} INFO - Processing file /opt/conda/lib/python3.12/site-packages/airflow/example_dags/example_python_operator.py for tasks to queue
[2025-02-06T11:44:38.698+0000] {logging_mixin.py:190} INFO - [2025-02-06T11:44:38.697+0000] {dagbag.py:588} INFO - Filling up the DagBag from /opt/conda/lib/python3.12/site-packages/airflow/example_dags/example_python_operator.py
[2025-02-06T11:44:38.711+0000] {logging_mixin.py:190} INFO - [2025-02-06T11:44:38.710+0000] {example_python_operator.py:93} WARNING - The virtalenv_python example task requires virtualenv, please install it.
[2025-02-06T11:44:38.713+0000] {processor.py:925} INFO - DAG(s) 'example_python_operator' retrieved from /opt/conda/lib/python3.12/site-packages/airflow/example_dags/example_python_operator.py
[2025-02-06T11:44:38.749+0000] {logging_mixin.py:190} INFO - [2025-02-06T11:44:38.748+0000] {dag.py:3239} INFO - Sync 1 DAGs
[2025-02-06T11:44:38.763+0000] {logging_mixin.py:190} INFO - [2025-02-06T11:44:38.763+0000] {dag.py:4180} INFO - Setting next_dagrun for example_python_operator to None, run_after=None
[2025-02-06T11:44:38.825+0000] {processor.py:208} INFO - Processing /opt/conda/lib/python3.12/site-packages/airflow/example_dags/example_python_operator.py took 0.136 seconds
[2025-02-06T11:49:03.627+0000] {processor.py:186} INFO - Started process (PID=2347) to work on /opt/conda/lib/python3.12/site-packages/airflow/example_dags/example_python_operator.py
[2025-02-06T11:49:03.628+0000] {processor.py:914} INFO - Processing file /opt/conda/lib/python3.12/site-packages/airflow/example_dags/example_python_operator.py for tasks to queue
[2025-02-06T11:49:03.630+0000] {logging_mixin.py:190} INFO - [2025-02-06T11:49:03.630+0000] {dagbag.py:588} INFO - Filling up the DagBag from /opt/conda/lib/python3.12/site-packages/airflow/example_dags/example_python_operator.py
[2025-02-06T11:49:03.648+0000] {logging_mixin.py:190} INFO - [2025-02-06T11:49:03.648+0000] {example_python_operator.py:93} WARNING - The virtalenv_python example task requires virtualenv, please install it.
[2025-02-06T11:49:03.652+0000] {processor.py:925} INFO - DAG(s) 'example_python_operator' retrieved from /opt/conda/lib/python3.12/site-packages/airflow/example_dags/example_python_operator.py
[2025-02-06T11:49:03.688+0000] {logging_mixin.py:190} INFO - [2025-02-06T11:49:03.688+0000] {dag.py:3239} INFO - Sync 1 DAGs
[2025-02-06T11:49:03.708+0000] {logging_mixin.py:190} INFO - [2025-02-06T11:49:03.708+0000] {dag.py:4180} INFO - Setting next_dagrun for example_python_operator to None, run_after=None
[2025-02-06T11:49:03.790+0000] {processor.py:208} INFO - Processing /opt/conda/lib/python3.12/site-packages/airflow/example_dags/example_python_operator.py took 0.168 seconds
[2025-02-06T11:52:34.711+0000] {processor.py:186} INFO - Started process (PID=3320) to work on /opt/conda/lib/python3.12/site-packages/airflow/example_dags/example_python_operator.py
[2025-02-06T11:52:34.713+0000] {processor.py:914} INFO - Processing file /opt/conda/lib/python3.12/site-packages/airflow/example_dags/example_python_operator.py for tasks to queue
[2025-02-06T11:52:34.714+0000] {logging_mixin.py:190} INFO - [2025-02-06T11:52:34.714+0000] {dagbag.py:588} INFO - Filling up the DagBag from /opt/conda/lib/python3.12/site-packages/airflow/example_dags/example_python_operator.py
[2025-02-06T11:52:34.726+0000] {logging_mixin.py:190} INFO - [2025-02-06T11:52:34.726+0000] {example_python_operator.py:93} WARNING - The virtalenv_python example task requires virtualenv, please install it.
[2025-02-06T11:52:34.730+0000] {processor.py:925} INFO - DAG(s) 'example_python_operator' retrieved from /opt/conda/lib/python3.12/site-packages/airflow/example_dags/example_python_operator.py
[2025-02-06T11:52:34.759+0000] {logging_mixin.py:190} INFO - [2025-02-06T11:52:34.758+0000] {dag.py:3239} INFO - Sync 1 DAGs
[2025-02-06T11:52:34.776+0000] {logging_mixin.py:190} INFO - [2025-02-06T11:52:34.776+0000] {dag.py:4180} INFO - Setting next_dagrun for example_python_operator to None, run_after=None
[2025-02-06T11:52:34.847+0000] {processor.py:208} INFO - Processing /opt/conda/lib/python3.12/site-packages/airflow/example_dags/example_python_operator.py took 0.141 seconds
[2025-02-06T11:55:06.781+0000] {processor.py:186} INFO - Started process (PID=131) to work on /opt/conda/lib/python3.12/site-packages/airflow/example_dags/example_python_operator.py
[2025-02-06T11:55:06.783+0000] {processor.py:914} INFO - Processing file /opt/conda/lib/python3.12/site-packages/airflow/example_dags/example_python_operator.py for tasks to queue
[2025-02-06T11:55:06.785+0000] {logging_mixin.py:190} INFO - [2025-02-06T11:55:06.785+0000] {dagbag.py:588} INFO - Filling up the DagBag from /opt/conda/lib/python3.12/site-packages/airflow/example_dags/example_python_operator.py
[2025-02-06T11:55:06.795+0000] {logging_mixin.py:190} INFO - [2025-02-06T11:55:06.795+0000] {example_python_operator.py:93} WARNING - The virtalenv_python example task requires virtualenv, please install it.
[2025-02-06T11:55:06.798+0000] {processor.py:925} INFO - DAG(s) 'example_python_operator' retrieved from /opt/conda/lib/python3.12/site-packages/airflow/example_dags/example_python_operator.py
[2025-02-06T11:55:06.832+0000] {logging_mixin.py:190} INFO - [2025-02-06T11:55:06.831+0000] {dag.py:3239} INFO - Sync 1 DAGs
[2025-02-06T11:55:06.852+0000] {logging_mixin.py:190} INFO - [2025-02-06T11:55:06.851+0000] {dag.py:4180} INFO - Setting next_dagrun for example_python_operator to None, run_after=None
[2025-02-06T11:55:06.935+0000] {processor.py:208} INFO - Processing /opt/conda/lib/python3.12/site-packages/airflow/example_dags/example_python_operator.py took 0.163 seconds
[2025-02-06T11:59:36.555+0000] {processor.py:186} INFO - Started process (PID=477) to work on /opt/conda/lib/python3.12/site-packages/airflow/example_dags/example_python_operator.py
[2025-02-06T11:59:36.557+0000] {processor.py:914} INFO - Processing file /opt/conda/lib/python3.12/site-packages/airflow/example_dags/example_python_operator.py for tasks to queue
[2025-02-06T11:59:36.559+0000] {logging_mixin.py:190} INFO - [2025-02-06T11:59:36.559+0000] {dagbag.py:588} INFO - Filling up the DagBag from /opt/conda/lib/python3.12/site-packages/airflow/example_dags/example_python_operator.py
[2025-02-06T11:59:36.571+0000] {logging_mixin.py:190} INFO - [2025-02-06T11:59:36.571+0000] {example_python_operator.py:93} WARNING - The virtalenv_python example task requires virtualenv, please install it.
[2025-02-06T11:59:36.575+0000] {processor.py:925} INFO - DAG(s) 'example_python_operator' retrieved from /opt/conda/lib/python3.12/site-packages/airflow/example_dags/example_python_operator.py
[2025-02-06T11:59:36.610+0000] {logging_mixin.py:190} INFO - [2025-02-06T11:59:36.610+0000] {dag.py:3239} INFO - Sync 1 DAGs
[2025-02-06T11:59:36.629+0000] {logging_mixin.py:190} INFO - [2025-02-06T11:59:36.628+0000] {dag.py:4180} INFO - Setting next_dagrun for example_python_operator to None, run_after=None
[2025-02-06T11:59:36.708+0000] {processor.py:208} INFO - Processing /opt/conda/lib/python3.12/site-packages/airflow/example_dags/example_python_operator.py took 0.159 seconds
[2025-02-06T12:04:36.822+0000] {processor.py:186} INFO - Started process (PID=457) to work on /opt/conda/lib/python3.12/site-packages/airflow/example_dags/example_python_operator.py
[2025-02-06T12:04:36.823+0000] {processor.py:914} INFO - Processing file /opt/conda/lib/python3.12/site-packages/airflow/example_dags/example_python_operator.py for tasks to queue
[2025-02-06T12:04:36.824+0000] {logging_mixin.py:190} INFO - [2025-02-06T12:04:36.824+0000] {dagbag.py:588} INFO - Filling up the DagBag from /opt/conda/lib/python3.12/site-packages/airflow/example_dags/example_python_operator.py
[2025-02-06T12:04:36.830+0000] {logging_mixin.py:190} INFO - [2025-02-06T12:04:36.830+0000] {example_python_operator.py:93} WARNING - The virtalenv_python example task requires virtualenv, please install it.
[2025-02-06T12:04:36.833+0000] {processor.py:925} INFO - DAG(s) 'example_python_operator' retrieved from /opt/conda/lib/python3.12/site-packages/airflow/example_dags/example_python_operator.py
[2025-02-06T12:04:36.858+0000] {logging_mixin.py:190} INFO - [2025-02-06T12:04:36.858+0000] {dag.py:3239} INFO - Sync 1 DAGs
[2025-02-06T12:04:36.870+0000] {logging_mixin.py:190} INFO - [2025-02-06T12:04:36.870+0000] {dag.py:4180} INFO - Setting next_dagrun for example_python_operator to None, run_after=None
[2025-02-06T12:04:36.918+0000] {processor.py:208} INFO - Processing /opt/conda/lib/python3.12/site-packages/airflow/example_dags/example_python_operator.py took 0.101 seconds
[2025-02-06T12:07:32.839+0000] {processor.py:186} INFO - Started process (PID=1491) to work on /opt/conda/lib/python3.12/site-packages/airflow/example_dags/example_python_operator.py
[2025-02-06T12:07:32.840+0000] {processor.py:914} INFO - Processing file /opt/conda/lib/python3.12/site-packages/airflow/example_dags/example_python_operator.py for tasks to queue
[2025-02-06T12:07:32.842+0000] {logging_mixin.py:190} INFO - [2025-02-06T12:07:32.842+0000] {dagbag.py:588} INFO - Filling up the DagBag from /opt/conda/lib/python3.12/site-packages/airflow/example_dags/example_python_operator.py
[2025-02-06T12:07:32.848+0000] {logging_mixin.py:190} INFO - [2025-02-06T12:07:32.848+0000] {example_python_operator.py:93} WARNING - The virtalenv_python example task requires virtualenv, please install it.
[2025-02-06T12:07:32.850+0000] {processor.py:925} INFO - DAG(s) 'example_python_operator' retrieved from /opt/conda/lib/python3.12/site-packages/airflow/example_dags/example_python_operator.py
[2025-02-06T12:07:32.872+0000] {logging_mixin.py:190} INFO - [2025-02-06T12:07:32.872+0000] {dag.py:3239} INFO - Sync 1 DAGs
[2025-02-06T12:07:32.884+0000] {logging_mixin.py:190} INFO - [2025-02-06T12:07:32.883+0000] {dag.py:4180} INFO - Setting next_dagrun for example_python_operator to None, run_after=None
[2025-02-06T12:07:32.935+0000] {processor.py:208} INFO - Processing /opt/conda/lib/python3.12/site-packages/airflow/example_dags/example_python_operator.py took 0.099 seconds
[2025-02-06T12:25:08.368+0000] {processor.py:186} INFO - Started process (PID=1463) to work on /opt/conda/lib/python3.12/site-packages/airflow/example_dags/example_python_operator.py
[2025-02-06T12:25:08.369+0000] {processor.py:914} INFO - Processing file /opt/conda/lib/python3.12/site-packages/airflow/example_dags/example_python_operator.py for tasks to queue
[2025-02-06T12:25:08.370+0000] {logging_mixin.py:190} INFO - [2025-02-06T12:25:08.370+0000] {dagbag.py:588} INFO - Filling up the DagBag from /opt/conda/lib/python3.12/site-packages/airflow/example_dags/example_python_operator.py
[2025-02-06T12:25:08.376+0000] {logging_mixin.py:190} INFO - [2025-02-06T12:25:08.376+0000] {example_python_operator.py:93} WARNING - The virtalenv_python example task requires virtualenv, please install it.
[2025-02-06T12:25:08.378+0000] {processor.py:925} INFO - DAG(s) 'example_python_operator' retrieved from /opt/conda/lib/python3.12/site-packages/airflow/example_dags/example_python_operator.py
[2025-02-06T12:25:08.404+0000] {logging_mixin.py:190} INFO - [2025-02-06T12:25:08.404+0000] {dag.py:3239} INFO - Sync 1 DAGs
[2025-02-06T12:25:08.416+0000] {logging_mixin.py:190} INFO - [2025-02-06T12:25:08.416+0000] {dag.py:4180} INFO - Setting next_dagrun for example_python_operator to None, run_after=None
[2025-02-06T12:25:08.472+0000] {processor.py:208} INFO - Processing /opt/conda/lib/python3.12/site-packages/airflow/example_dags/example_python_operator.py took 0.108 seconds
[2025-02-06T12:28:53.108+0000] {processor.py:186} INFO - Started process (PID=3294) to work on /opt/conda/lib/python3.12/site-packages/airflow/example_dags/example_python_operator.py
[2025-02-06T12:28:53.109+0000] {processor.py:914} INFO - Processing file /opt/conda/lib/python3.12/site-packages/airflow/example_dags/example_python_operator.py for tasks to queue
[2025-02-06T12:28:53.112+0000] {logging_mixin.py:190} INFO - [2025-02-06T12:28:53.112+0000] {dagbag.py:588} INFO - Filling up the DagBag from /opt/conda/lib/python3.12/site-packages/airflow/example_dags/example_python_operator.py
[2025-02-06T12:28:53.123+0000] {logging_mixin.py:190} INFO - [2025-02-06T12:28:53.123+0000] {example_python_operator.py:93} WARNING - The virtalenv_python example task requires virtualenv, please install it.
[2025-02-06T12:28:53.126+0000] {processor.py:925} INFO - DAG(s) 'example_python_operator' retrieved from /opt/conda/lib/python3.12/site-packages/airflow/example_dags/example_python_operator.py
[2025-02-06T12:28:53.152+0000] {logging_mixin.py:190} INFO - [2025-02-06T12:28:53.152+0000] {dag.py:3239} INFO - Sync 1 DAGs
[2025-02-06T12:28:53.164+0000] {logging_mixin.py:190} INFO - [2025-02-06T12:28:53.164+0000] {dag.py:4180} INFO - Setting next_dagrun for example_python_operator to None, run_after=None
[2025-02-06T12:28:53.214+0000] {processor.py:208} INFO - Processing /opt/conda/lib/python3.12/site-packages/airflow/example_dags/example_python_operator.py took 0.110 seconds
[2025-02-06T12:32:46.164+0000] {processor.py:186} INFO - Started process (PID=5326) to work on /opt/conda/lib/python3.12/site-packages/airflow/example_dags/example_python_operator.py
[2025-02-06T12:32:46.165+0000] {processor.py:914} INFO - Processing file /opt/conda/lib/python3.12/site-packages/airflow/example_dags/example_python_operator.py for tasks to queue
[2025-02-06T12:32:46.167+0000] {logging_mixin.py:190} INFO - [2025-02-06T12:32:46.166+0000] {dagbag.py:588} INFO - Filling up the DagBag from /opt/conda/lib/python3.12/site-packages/airflow/example_dags/example_python_operator.py
[2025-02-06T12:32:46.173+0000] {logging_mixin.py:190} INFO - [2025-02-06T12:32:46.173+0000] {example_python_operator.py:93} WARNING - The virtalenv_python example task requires virtualenv, please install it.
[2025-02-06T12:32:46.175+0000] {processor.py:925} INFO - DAG(s) 'example_python_operator' retrieved from /opt/conda/lib/python3.12/site-packages/airflow/example_dags/example_python_operator.py
[2025-02-06T12:32:46.194+0000] {logging_mixin.py:190} INFO - [2025-02-06T12:32:46.194+0000] {dag.py:3239} INFO - Sync 1 DAGs
[2025-02-06T12:32:46.205+0000] {logging_mixin.py:190} INFO - [2025-02-06T12:32:46.205+0000] {dag.py:4180} INFO - Setting next_dagrun for example_python_operator to None, run_after=None
[2025-02-06T12:32:46.288+0000] {processor.py:208} INFO - Processing /opt/conda/lib/python3.12/site-packages/airflow/example_dags/example_python_operator.py took 0.128 seconds
[2025-02-06T12:36:55.897+0000] {processor.py:186} INFO - Started process (PID=7463) to work on /opt/conda/lib/python3.12/site-packages/airflow/example_dags/example_python_operator.py
[2025-02-06T12:36:55.899+0000] {processor.py:914} INFO - Processing file /opt/conda/lib/python3.12/site-packages/airflow/example_dags/example_python_operator.py for tasks to queue
[2025-02-06T12:36:55.902+0000] {logging_mixin.py:190} INFO - [2025-02-06T12:36:55.901+0000] {dagbag.py:588} INFO - Filling up the DagBag from /opt/conda/lib/python3.12/site-packages/airflow/example_dags/example_python_operator.py
[2025-02-06T12:36:55.908+0000] {logging_mixin.py:190} INFO - [2025-02-06T12:36:55.908+0000] {example_python_operator.py:93} WARNING - The virtalenv_python example task requires virtualenv, please install it.
[2025-02-06T12:36:55.910+0000] {processor.py:925} INFO - DAG(s) 'example_python_operator' retrieved from /opt/conda/lib/python3.12/site-packages/airflow/example_dags/example_python_operator.py
[2025-02-06T12:36:55.932+0000] {logging_mixin.py:190} INFO - [2025-02-06T12:36:55.932+0000] {dag.py:3239} INFO - Sync 1 DAGs
[2025-02-06T12:36:55.944+0000] {logging_mixin.py:190} INFO - [2025-02-06T12:36:55.943+0000] {dag.py:4180} INFO - Setting next_dagrun for example_python_operator to None, run_after=None
[2025-02-06T12:36:55.996+0000] {processor.py:208} INFO - Processing /opt/conda/lib/python3.12/site-packages/airflow/example_dags/example_python_operator.py took 0.103 seconds
[2025-02-06T12:41:04.866+0000] {processor.py:186} INFO - Started process (PID=9583) to work on /opt/conda/lib/python3.12/site-packages/airflow/example_dags/example_python_operator.py
[2025-02-06T12:41:04.867+0000] {processor.py:914} INFO - Processing file /opt/conda/lib/python3.12/site-packages/airflow/example_dags/example_python_operator.py for tasks to queue
[2025-02-06T12:41:04.869+0000] {logging_mixin.py:190} INFO - [2025-02-06T12:41:04.869+0000] {dagbag.py:588} INFO - Filling up the DagBag from /opt/conda/lib/python3.12/site-packages/airflow/example_dags/example_python_operator.py
[2025-02-06T12:41:04.875+0000] {logging_mixin.py:190} INFO - [2025-02-06T12:41:04.875+0000] {example_python_operator.py:93} WARNING - The virtalenv_python example task requires virtualenv, please install it.
[2025-02-06T12:41:04.878+0000] {processor.py:925} INFO - DAG(s) 'example_python_operator' retrieved from /opt/conda/lib/python3.12/site-packages/airflow/example_dags/example_python_operator.py
[2025-02-06T12:41:04.900+0000] {logging_mixin.py:190} INFO - [2025-02-06T12:41:04.900+0000] {dag.py:3239} INFO - Sync 1 DAGs
[2025-02-06T12:41:04.912+0000] {logging_mixin.py:190} INFO - [2025-02-06T12:41:04.912+0000] {dag.py:4180} INFO - Setting next_dagrun for example_python_operator to None, run_after=None
[2025-02-06T12:41:04.962+0000] {processor.py:208} INFO - Processing /opt/conda/lib/python3.12/site-packages/airflow/example_dags/example_python_operator.py took 0.099 seconds
[2025-02-06T12:45:08.374+0000] {processor.py:186} INFO - Started process (PID=11667) to work on /opt/conda/lib/python3.12/site-packages/airflow/example_dags/example_python_operator.py
[2025-02-06T12:45:08.376+0000] {processor.py:914} INFO - Processing file /opt/conda/lib/python3.12/site-packages/airflow/example_dags/example_python_operator.py for tasks to queue
[2025-02-06T12:45:08.377+0000] {logging_mixin.py:190} INFO - [2025-02-06T12:45:08.377+0000] {dagbag.py:588} INFO - Filling up the DagBag from /opt/conda/lib/python3.12/site-packages/airflow/example_dags/example_python_operator.py
[2025-02-06T12:45:08.384+0000] {logging_mixin.py:190} INFO - [2025-02-06T12:45:08.384+0000] {example_python_operator.py:93} WARNING - The virtalenv_python example task requires virtualenv, please install it.
[2025-02-06T12:45:08.386+0000] {processor.py:925} INFO - DAG(s) 'example_python_operator' retrieved from /opt/conda/lib/python3.12/site-packages/airflow/example_dags/example_python_operator.py
[2025-02-06T12:45:08.410+0000] {logging_mixin.py:190} INFO - [2025-02-06T12:45:08.410+0000] {dag.py:3239} INFO - Sync 1 DAGs
[2025-02-06T12:45:08.423+0000] {logging_mixin.py:190} INFO - [2025-02-06T12:45:08.423+0000] {dag.py:4180} INFO - Setting next_dagrun for example_python_operator to None, run_after=None
[2025-02-06T12:45:08.470+0000] {processor.py:208} INFO - Processing /opt/conda/lib/python3.12/site-packages/airflow/example_dags/example_python_operator.py took 0.100 seconds
[2025-02-06T12:50:18.963+0000] {processor.py:186} INFO - Started process (PID=14025) to work on /opt/conda/lib/python3.12/site-packages/airflow/example_dags/example_python_operator.py
[2025-02-06T12:50:18.965+0000] {processor.py:914} INFO - Processing file /opt/conda/lib/python3.12/site-packages/airflow/example_dags/example_python_operator.py for tasks to queue
[2025-02-06T12:50:18.969+0000] {logging_mixin.py:190} INFO - [2025-02-06T12:50:18.969+0000] {dagbag.py:588} INFO - Filling up the DagBag from /opt/conda/lib/python3.12/site-packages/airflow/example_dags/example_python_operator.py
[2025-02-06T12:50:18.981+0000] {logging_mixin.py:190} INFO - [2025-02-06T12:50:18.981+0000] {example_python_operator.py:93} WARNING - The virtalenv_python example task requires virtualenv, please install it.
[2025-02-06T12:50:18.986+0000] {processor.py:925} INFO - DAG(s) 'example_python_operator' retrieved from /opt/conda/lib/python3.12/site-packages/airflow/example_dags/example_python_operator.py
[2025-02-06T12:50:19.041+0000] {logging_mixin.py:190} INFO - [2025-02-06T12:50:19.040+0000] {dag.py:3239} INFO - Sync 1 DAGs
[2025-02-06T12:50:19.087+0000] {logging_mixin.py:190} INFO - [2025-02-06T12:50:19.086+0000] {dag.py:4180} INFO - Setting next_dagrun for example_python_operator to None, run_after=None
[2025-02-06T12:50:19.471+0000] {processor.py:208} INFO - Processing /opt/conda/lib/python3.12/site-packages/airflow/example_dags/example_python_operator.py took 0.514 seconds
[2025-02-06T13:00:08.930+0000] {processor.py:186} INFO - Started process (PID=702) to work on /opt/conda/lib/python3.12/site-packages/airflow/example_dags/example_python_operator.py
[2025-02-06T13:00:08.931+0000] {processor.py:914} INFO - Processing file /opt/conda/lib/python3.12/site-packages/airflow/example_dags/example_python_operator.py for tasks to queue
[2025-02-06T13:00:08.934+0000] {logging_mixin.py:190} INFO - [2025-02-06T13:00:08.934+0000] {dagbag.py:588} INFO - Filling up the DagBag from /opt/conda/lib/python3.12/site-packages/airflow/example_dags/example_python_operator.py
[2025-02-06T13:00:08.950+0000] {logging_mixin.py:190} INFO - [2025-02-06T13:00:08.949+0000] {example_python_operator.py:93} WARNING - The virtalenv_python example task requires virtualenv, please install it.
[2025-02-06T13:00:08.953+0000] {processor.py:925} INFO - DAG(s) 'example_python_operator' retrieved from /opt/conda/lib/python3.12/site-packages/airflow/example_dags/example_python_operator.py
[2025-02-06T13:00:09.006+0000] {logging_mixin.py:190} INFO - [2025-02-06T13:00:09.004+0000] {dag.py:3239} INFO - Sync 1 DAGs
[2025-02-06T13:00:09.029+0000] {logging_mixin.py:190} INFO - [2025-02-06T13:00:09.028+0000] {dag.py:4180} INFO - Setting next_dagrun for example_python_operator to None, run_after=None
[2025-02-06T13:00:09.145+0000] {processor.py:208} INFO - Processing /opt/conda/lib/python3.12/site-packages/airflow/example_dags/example_python_operator.py took 0.226 seconds
[2025-02-06T13:03:12.464+0000] {processor.py:186} INFO - Started process (PID=1678) to work on /opt/conda/lib/python3.12/site-packages/airflow/example_dags/example_python_operator.py
[2025-02-06T13:03:12.466+0000] {processor.py:914} INFO - Processing file /opt/conda/lib/python3.12/site-packages/airflow/example_dags/example_python_operator.py for tasks to queue
[2025-02-06T13:03:12.470+0000] {logging_mixin.py:190} INFO - [2025-02-06T13:03:12.469+0000] {dagbag.py:588} INFO - Filling up the DagBag from /opt/conda/lib/python3.12/site-packages/airflow/example_dags/example_python_operator.py
[2025-02-06T13:03:12.478+0000] {logging_mixin.py:190} INFO - [2025-02-06T13:03:12.477+0000] {example_python_operator.py:93} WARNING - The virtalenv_python example task requires virtualenv, please install it.
[2025-02-06T13:03:12.481+0000] {processor.py:925} INFO - DAG(s) 'example_python_operator' retrieved from /opt/conda/lib/python3.12/site-packages/airflow/example_dags/example_python_operator.py
[2025-02-06T13:03:12.518+0000] {logging_mixin.py:190} INFO - [2025-02-06T13:03:12.517+0000] {dag.py:3239} INFO - Sync 1 DAGs
[2025-02-06T13:03:12.537+0000] {logging_mixin.py:190} INFO - [2025-02-06T13:03:12.537+0000] {dag.py:4180} INFO - Setting next_dagrun for example_python_operator to None, run_after=None
[2025-02-06T13:03:12.605+0000] {processor.py:208} INFO - Processing /opt/conda/lib/python3.12/site-packages/airflow/example_dags/example_python_operator.py took 0.147 seconds
[2025-02-06T13:05:26.602+0000] {processor.py:186} INFO - Started process (PID=2376) to work on /opt/conda/lib/python3.12/site-packages/airflow/example_dags/example_python_operator.py
[2025-02-06T13:05:26.603+0000] {processor.py:914} INFO - Processing file /opt/conda/lib/python3.12/site-packages/airflow/example_dags/example_python_operator.py for tasks to queue
[2025-02-06T13:05:26.605+0000] {logging_mixin.py:190} INFO - [2025-02-06T13:05:26.605+0000] {dagbag.py:588} INFO - Filling up the DagBag from /opt/conda/lib/python3.12/site-packages/airflow/example_dags/example_python_operator.py
[2025-02-06T13:05:26.612+0000] {logging_mixin.py:190} INFO - [2025-02-06T13:05:26.612+0000] {example_python_operator.py:93} WARNING - The virtalenv_python example task requires virtualenv, please install it.
[2025-02-06T13:05:26.615+0000] {processor.py:925} INFO - DAG(s) 'example_python_operator' retrieved from /opt/conda/lib/python3.12/site-packages/airflow/example_dags/example_python_operator.py
[2025-02-06T13:05:26.638+0000] {logging_mixin.py:190} INFO - [2025-02-06T13:05:26.638+0000] {dag.py:3239} INFO - Sync 1 DAGs
[2025-02-06T13:05:26.651+0000] {logging_mixin.py:190} INFO - [2025-02-06T13:05:26.650+0000] {dag.py:4180} INFO - Setting next_dagrun for example_python_operator to None, run_after=None
[2025-02-06T13:05:26.712+0000] {processor.py:208} INFO - Processing /opt/conda/lib/python3.12/site-packages/airflow/example_dags/example_python_operator.py took 0.114 seconds
[2025-02-06T13:20:41.627+0000] {processor.py:186} INFO - Started process (PID=823) to work on /opt/conda/lib/python3.12/site-packages/airflow/example_dags/example_python_operator.py
[2025-02-06T13:20:41.628+0000] {processor.py:914} INFO - Processing file /opt/conda/lib/python3.12/site-packages/airflow/example_dags/example_python_operator.py for tasks to queue
[2025-02-06T13:20:41.630+0000] {logging_mixin.py:190} INFO - [2025-02-06T13:20:41.630+0000] {dagbag.py:588} INFO - Filling up the DagBag from /opt/conda/lib/python3.12/site-packages/airflow/example_dags/example_python_operator.py
[2025-02-06T13:20:41.637+0000] {logging_mixin.py:190} INFO - [2025-02-06T13:20:41.636+0000] {example_python_operator.py:93} WARNING - The virtalenv_python example task requires virtualenv, please install it.
[2025-02-06T13:20:41.639+0000] {processor.py:925} INFO - DAG(s) 'example_python_operator' retrieved from /opt/conda/lib/python3.12/site-packages/airflow/example_dags/example_python_operator.py
[2025-02-06T13:20:41.663+0000] {logging_mixin.py:190} INFO - [2025-02-06T13:20:41.663+0000] {dag.py:3239} INFO - Sync 1 DAGs
[2025-02-06T13:20:41.676+0000] {logging_mixin.py:190} INFO - [2025-02-06T13:20:41.676+0000] {dag.py:4180} INFO - Setting next_dagrun for example_python_operator to None, run_after=None
[2025-02-06T13:20:41.726+0000] {processor.py:208} INFO - Processing /opt/conda/lib/python3.12/site-packages/airflow/example_dags/example_python_operator.py took 0.103 seconds
[2025-02-06T13:25:11.478+0000] {processor.py:186} INFO - Started process (PID=2632) to work on /opt/conda/lib/python3.12/site-packages/airflow/example_dags/example_python_operator.py
[2025-02-06T13:25:11.479+0000] {processor.py:914} INFO - Processing file /opt/conda/lib/python3.12/site-packages/airflow/example_dags/example_python_operator.py for tasks to queue
[2025-02-06T13:25:11.481+0000] {logging_mixin.py:190} INFO - [2025-02-06T13:25:11.481+0000] {dagbag.py:588} INFO - Filling up the DagBag from /opt/conda/lib/python3.12/site-packages/airflow/example_dags/example_python_operator.py
[2025-02-06T13:25:11.487+0000] {logging_mixin.py:190} INFO - [2025-02-06T13:25:11.487+0000] {example_python_operator.py:93} WARNING - The virtalenv_python example task requires virtualenv, please install it.
[2025-02-06T13:25:11.489+0000] {processor.py:925} INFO - DAG(s) 'example_python_operator' retrieved from /opt/conda/lib/python3.12/site-packages/airflow/example_dags/example_python_operator.py
[2025-02-06T13:25:11.515+0000] {logging_mixin.py:190} INFO - [2025-02-06T13:25:11.515+0000] {dag.py:3239} INFO - Sync 1 DAGs
[2025-02-06T13:25:11.533+0000] {logging_mixin.py:190} INFO - [2025-02-06T13:25:11.533+0000] {dag.py:4180} INFO - Setting next_dagrun for example_python_operator to None, run_after=None
[2025-02-06T13:25:11.591+0000] {processor.py:208} INFO - Processing /opt/conda/lib/python3.12/site-packages/airflow/example_dags/example_python_operator.py took 0.117 seconds
[2025-02-06T13:29:34.347+0000] {processor.py:186} INFO - Started process (PID=4540) to work on /opt/conda/lib/python3.12/site-packages/airflow/example_dags/example_python_operator.py
[2025-02-06T13:29:34.348+0000] {processor.py:914} INFO - Processing file /opt/conda/lib/python3.12/site-packages/airflow/example_dags/example_python_operator.py for tasks to queue
[2025-02-06T13:29:34.350+0000] {logging_mixin.py:190} INFO - [2025-02-06T13:29:34.350+0000] {dagbag.py:588} INFO - Filling up the DagBag from /opt/conda/lib/python3.12/site-packages/airflow/example_dags/example_python_operator.py
[2025-02-06T13:29:34.359+0000] {logging_mixin.py:190} INFO - [2025-02-06T13:29:34.358+0000] {example_python_operator.py:93} WARNING - The virtalenv_python example task requires virtualenv, please install it.
[2025-02-06T13:29:34.361+0000] {processor.py:925} INFO - DAG(s) 'example_python_operator' retrieved from /opt/conda/lib/python3.12/site-packages/airflow/example_dags/example_python_operator.py
[2025-02-06T13:29:34.389+0000] {logging_mixin.py:190} INFO - [2025-02-06T13:29:34.389+0000] {dag.py:3239} INFO - Sync 1 DAGs
[2025-02-06T13:29:34.405+0000] {logging_mixin.py:190} INFO - [2025-02-06T13:29:34.404+0000] {dag.py:4180} INFO - Setting next_dagrun for example_python_operator to None, run_after=None
[2025-02-06T13:29:34.576+0000] {processor.py:208} INFO - Processing /opt/conda/lib/python3.12/site-packages/airflow/example_dags/example_python_operator.py took 0.235 seconds
[2025-02-06T13:33:07.898+0000] {processor.py:186} INFO - Started process (PID=5818) to work on /opt/conda/lib/python3.12/site-packages/airflow/example_dags/example_python_operator.py
[2025-02-06T13:33:07.900+0000] {processor.py:914} INFO - Processing file /opt/conda/lib/python3.12/site-packages/airflow/example_dags/example_python_operator.py for tasks to queue
[2025-02-06T13:33:07.901+0000] {logging_mixin.py:190} INFO - [2025-02-06T13:33:07.901+0000] {dagbag.py:588} INFO - Filling up the DagBag from /opt/conda/lib/python3.12/site-packages/airflow/example_dags/example_python_operator.py
[2025-02-06T13:33:07.911+0000] {logging_mixin.py:190} INFO - [2025-02-06T13:33:07.910+0000] {example_python_operator.py:93} WARNING - The virtalenv_python example task requires virtualenv, please install it.
[2025-02-06T13:33:07.914+0000] {processor.py:925} INFO - DAG(s) 'example_python_operator' retrieved from /opt/conda/lib/python3.12/site-packages/airflow/example_dags/example_python_operator.py
[2025-02-06T13:33:07.944+0000] {logging_mixin.py:190} INFO - [2025-02-06T13:33:07.944+0000] {dag.py:3239} INFO - Sync 1 DAGs
[2025-02-06T13:33:07.960+0000] {logging_mixin.py:190} INFO - [2025-02-06T13:33:07.959+0000] {dag.py:4180} INFO - Setting next_dagrun for example_python_operator to None, run_after=None
[2025-02-06T13:33:08.025+0000] {processor.py:208} INFO - Processing /opt/conda/lib/python3.12/site-packages/airflow/example_dags/example_python_operator.py took 0.132 seconds
