[2025-02-06T08:27:20.466+0000] {processor.py:186} INFO - Started process (PID=72) to work on /opt/conda/lib/python3.12/site-packages/airflow/example_dags/example_dag_decorator.py
[2025-02-06T08:27:20.467+0000] {processor.py:914} INFO - Processing file /opt/conda/lib/python3.12/site-packages/airflow/example_dags/example_dag_decorator.py for tasks to queue
[2025-02-06T08:27:20.468+0000] {logging_mixin.py:190} INFO - [2025-02-06T08:27:20.468+0000] {dagbag.py:588} INFO - Filling up the DagBag from /opt/conda/lib/python3.12/site-packages/airflow/example_dags/example_dag_decorator.py
[2025-02-06T08:27:20.477+0000] {processor.py:925} INFO - DAG(s) 'example_dag_decorator' retrieved from /opt/conda/lib/python3.12/site-packages/airflow/example_dags/example_dag_decorator.py
[2025-02-06T08:27:20.600+0000] {logging_mixin.py:190} INFO - [2025-02-06T08:27:20.600+0000] {override.py:1912} INFO - Created Permission View: can delete on DAG:example_dag_decorator
[2025-02-06T08:27:20.636+0000] {logging_mixin.py:190} INFO - [2025-02-06T08:27:20.636+0000] {override.py:1912} INFO - Created Permission View: can read on DAG:example_dag_decorator
[2025-02-06T08:27:20.672+0000] {logging_mixin.py:190} INFO - [2025-02-06T08:27:20.671+0000] {override.py:1912} INFO - Created Permission View: can edit on DAG:example_dag_decorator
[2025-02-06T08:27:20.725+0000] {logging_mixin.py:190} INFO - [2025-02-06T08:27:20.725+0000] {override.py:1912} INFO - Created Permission View: menu access on DAG Run:example_dag_decorator
[2025-02-06T08:27:20.767+0000] {logging_mixin.py:190} INFO - [2025-02-06T08:27:20.767+0000] {override.py:1912} INFO - Created Permission View: can create on DAG Run:example_dag_decorator
[2025-02-06T08:27:20.804+0000] {logging_mixin.py:190} INFO - [2025-02-06T08:27:20.803+0000] {override.py:1912} INFO - Created Permission View: can read on DAG Run:example_dag_decorator
[2025-02-06T08:27:20.838+0000] {logging_mixin.py:190} INFO - [2025-02-06T08:27:20.838+0000] {override.py:1912} INFO - Created Permission View: can delete on DAG Run:example_dag_decorator
[2025-02-06T08:27:20.839+0000] {logging_mixin.py:190} INFO - [2025-02-06T08:27:20.839+0000] {dag.py:3239} INFO - Sync 1 DAGs
[2025-02-06T08:27:20.866+0000] {logging_mixin.py:190} INFO - [2025-02-06T08:27:20.866+0000] {dag.py:3262} INFO - Creating ORM DAG for example_dag_decorator
[2025-02-06T08:27:20.867+0000] {logging_mixin.py:190} INFO - [2025-02-06T08:27:20.867+0000] {dag.py:4180} INFO - Setting next_dagrun for example_dag_decorator to None, run_after=None
[2025-02-06T08:27:20.933+0000] {processor.py:208} INFO - Processing /opt/conda/lib/python3.12/site-packages/airflow/example_dags/example_dag_decorator.py took 0.471 seconds
[2025-02-06T08:30:57.245+0000] {processor.py:186} INFO - Started process (PID=72) to work on /opt/conda/lib/python3.12/site-packages/airflow/example_dags/example_dag_decorator.py
[2025-02-06T08:30:57.246+0000] {processor.py:914} INFO - Processing file /opt/conda/lib/python3.12/site-packages/airflow/example_dags/example_dag_decorator.py for tasks to queue
[2025-02-06T08:30:57.248+0000] {logging_mixin.py:190} INFO - [2025-02-06T08:30:57.247+0000] {dagbag.py:588} INFO - Filling up the DagBag from /opt/conda/lib/python3.12/site-packages/airflow/example_dags/example_dag_decorator.py
[2025-02-06T08:30:57.258+0000] {processor.py:925} INFO - DAG(s) 'example_dag_decorator' retrieved from /opt/conda/lib/python3.12/site-packages/airflow/example_dags/example_dag_decorator.py
[2025-02-06T08:30:57.381+0000] {logging_mixin.py:190} INFO - [2025-02-06T08:30:57.381+0000] {dag.py:3239} INFO - Sync 1 DAGs
[2025-02-06T08:30:57.394+0000] {logging_mixin.py:190} INFO - [2025-02-06T08:30:57.394+0000] {dag.py:4180} INFO - Setting next_dagrun for example_dag_decorator to None, run_after=None
[2025-02-06T08:30:57.450+0000] {processor.py:208} INFO - Processing /opt/conda/lib/python3.12/site-packages/airflow/example_dags/example_dag_decorator.py took 0.209 seconds
[2025-02-06T08:32:11.203+0000] {processor.py:186} INFO - Started process (PID=136) to work on /opt/conda/lib/python3.12/site-packages/airflow/example_dags/example_dag_decorator.py
[2025-02-06T08:32:11.205+0000] {processor.py:914} INFO - Processing file /opt/conda/lib/python3.12/site-packages/airflow/example_dags/example_dag_decorator.py for tasks to queue
[2025-02-06T08:32:11.206+0000] {logging_mixin.py:190} INFO - [2025-02-06T08:32:11.205+0000] {dagbag.py:588} INFO - Filling up the DagBag from /opt/conda/lib/python3.12/site-packages/airflow/example_dags/example_dag_decorator.py
[2025-02-06T08:32:11.214+0000] {processor.py:925} INFO - DAG(s) 'example_dag_decorator' retrieved from /opt/conda/lib/python3.12/site-packages/airflow/example_dags/example_dag_decorator.py
[2025-02-06T08:32:11.324+0000] {logging_mixin.py:190} INFO - [2025-02-06T08:32:11.324+0000] {dag.py:3239} INFO - Sync 1 DAGs
[2025-02-06T08:32:11.334+0000] {logging_mixin.py:190} INFO - [2025-02-06T08:32:11.334+0000] {dag.py:4180} INFO - Setting next_dagrun for example_dag_decorator to None, run_after=None
[2025-02-06T08:32:11.400+0000] {processor.py:208} INFO - Processing /opt/conda/lib/python3.12/site-packages/airflow/example_dags/example_dag_decorator.py took 0.200 seconds
[2025-02-06T08:33:19.712+0000] {processor.py:186} INFO - Started process (PID=197) to work on /opt/conda/lib/python3.12/site-packages/airflow/example_dags/example_dag_decorator.py
[2025-02-06T08:33:19.713+0000] {processor.py:914} INFO - Processing file /opt/conda/lib/python3.12/site-packages/airflow/example_dags/example_dag_decorator.py for tasks to queue
[2025-02-06T08:33:19.714+0000] {logging_mixin.py:190} INFO - [2025-02-06T08:33:19.714+0000] {dagbag.py:588} INFO - Filling up the DagBag from /opt/conda/lib/python3.12/site-packages/airflow/example_dags/example_dag_decorator.py
[2025-02-06T08:33:19.723+0000] {processor.py:925} INFO - DAG(s) 'example_dag_decorator' retrieved from /opt/conda/lib/python3.12/site-packages/airflow/example_dags/example_dag_decorator.py
[2025-02-06T08:33:19.842+0000] {logging_mixin.py:190} INFO - [2025-02-06T08:33:19.842+0000] {dag.py:3239} INFO - Sync 1 DAGs
[2025-02-06T08:33:19.853+0000] {logging_mixin.py:190} INFO - [2025-02-06T08:33:19.853+0000] {dag.py:4180} INFO - Setting next_dagrun for example_dag_decorator to None, run_after=None
[2025-02-06T08:33:19.911+0000] {processor.py:208} INFO - Processing /opt/conda/lib/python3.12/site-packages/airflow/example_dags/example_dag_decorator.py took 0.204 seconds
[2025-02-06T08:34:34.676+0000] {processor.py:186} INFO - Started process (PID=260) to work on /opt/conda/lib/python3.12/site-packages/airflow/example_dags/example_dag_decorator.py
[2025-02-06T08:34:34.677+0000] {processor.py:914} INFO - Processing file /opt/conda/lib/python3.12/site-packages/airflow/example_dags/example_dag_decorator.py for tasks to queue
[2025-02-06T08:34:34.679+0000] {logging_mixin.py:190} INFO - [2025-02-06T08:34:34.678+0000] {dagbag.py:588} INFO - Filling up the DagBag from /opt/conda/lib/python3.12/site-packages/airflow/example_dags/example_dag_decorator.py
[2025-02-06T08:34:34.687+0000] {processor.py:925} INFO - DAG(s) 'example_dag_decorator' retrieved from /opt/conda/lib/python3.12/site-packages/airflow/example_dags/example_dag_decorator.py
[2025-02-06T08:34:34.813+0000] {logging_mixin.py:190} INFO - [2025-02-06T08:34:34.813+0000] {dag.py:3239} INFO - Sync 1 DAGs
[2025-02-06T08:34:34.921+0000] {logging_mixin.py:190} INFO - [2025-02-06T08:34:34.920+0000] {dag.py:4180} INFO - Setting next_dagrun for example_dag_decorator to None, run_after=None
[2025-02-06T08:34:34.983+0000] {processor.py:208} INFO - Processing /opt/conda/lib/python3.12/site-packages/airflow/example_dags/example_dag_decorator.py took 0.311 seconds
[2025-02-06T08:35:51.367+0000] {processor.py:186} INFO - Started process (PID=326) to work on /opt/conda/lib/python3.12/site-packages/airflow/example_dags/example_dag_decorator.py
[2025-02-06T08:35:51.368+0000] {processor.py:914} INFO - Processing file /opt/conda/lib/python3.12/site-packages/airflow/example_dags/example_dag_decorator.py for tasks to queue
[2025-02-06T08:35:51.369+0000] {logging_mixin.py:190} INFO - [2025-02-06T08:35:51.369+0000] {dagbag.py:588} INFO - Filling up the DagBag from /opt/conda/lib/python3.12/site-packages/airflow/example_dags/example_dag_decorator.py
[2025-02-06T08:35:51.378+0000] {processor.py:925} INFO - DAG(s) 'example_dag_decorator' retrieved from /opt/conda/lib/python3.12/site-packages/airflow/example_dags/example_dag_decorator.py
[2025-02-06T08:35:51.628+0000] {logging_mixin.py:190} INFO - [2025-02-06T08:35:51.628+0000] {dag.py:3239} INFO - Sync 1 DAGs
[2025-02-06T08:35:51.639+0000] {logging_mixin.py:190} INFO - [2025-02-06T08:35:51.639+0000] {dag.py:4180} INFO - Setting next_dagrun for example_dag_decorator to None, run_after=None
[2025-02-06T08:35:51.709+0000] {processor.py:208} INFO - Processing /opt/conda/lib/python3.12/site-packages/airflow/example_dags/example_dag_decorator.py took 0.346 seconds
[2025-02-06T08:37:14.540+0000] {processor.py:186} INFO - Started process (PID=393) to work on /opt/conda/lib/python3.12/site-packages/airflow/example_dags/example_dag_decorator.py
[2025-02-06T08:37:14.541+0000] {processor.py:914} INFO - Processing file /opt/conda/lib/python3.12/site-packages/airflow/example_dags/example_dag_decorator.py for tasks to queue
[2025-02-06T08:37:14.543+0000] {logging_mixin.py:190} INFO - [2025-02-06T08:37:14.542+0000] {dagbag.py:588} INFO - Filling up the DagBag from /opt/conda/lib/python3.12/site-packages/airflow/example_dags/example_dag_decorator.py
[2025-02-06T08:37:14.552+0000] {processor.py:925} INFO - DAG(s) 'example_dag_decorator' retrieved from /opt/conda/lib/python3.12/site-packages/airflow/example_dags/example_dag_decorator.py
[2025-02-06T08:37:14.666+0000] {logging_mixin.py:190} INFO - [2025-02-06T08:37:14.666+0000] {dag.py:3239} INFO - Sync 1 DAGs
[2025-02-06T08:37:14.677+0000] {logging_mixin.py:190} INFO - [2025-02-06T08:37:14.677+0000] {dag.py:4180} INFO - Setting next_dagrun for example_dag_decorator to None, run_after=None
[2025-02-06T08:37:14.733+0000] {processor.py:208} INFO - Processing /opt/conda/lib/python3.12/site-packages/airflow/example_dags/example_dag_decorator.py took 0.197 seconds
[2025-02-06T08:38:29.042+0000] {processor.py:186} INFO - Started process (PID=458) to work on /opt/conda/lib/python3.12/site-packages/airflow/example_dags/example_dag_decorator.py
[2025-02-06T08:38:29.043+0000] {processor.py:914} INFO - Processing file /opt/conda/lib/python3.12/site-packages/airflow/example_dags/example_dag_decorator.py for tasks to queue
[2025-02-06T08:38:29.044+0000] {logging_mixin.py:190} INFO - [2025-02-06T08:38:29.044+0000] {dagbag.py:588} INFO - Filling up the DagBag from /opt/conda/lib/python3.12/site-packages/airflow/example_dags/example_dag_decorator.py
[2025-02-06T08:38:29.053+0000] {processor.py:925} INFO - DAG(s) 'example_dag_decorator' retrieved from /opt/conda/lib/python3.12/site-packages/airflow/example_dags/example_dag_decorator.py
[2025-02-06T08:38:29.174+0000] {logging_mixin.py:190} INFO - [2025-02-06T08:38:29.173+0000] {dag.py:3239} INFO - Sync 1 DAGs
[2025-02-06T08:38:29.190+0000] {logging_mixin.py:190} INFO - [2025-02-06T08:38:29.190+0000] {dag.py:4180} INFO - Setting next_dagrun for example_dag_decorator to None, run_after=None
[2025-02-06T08:38:29.264+0000] {processor.py:208} INFO - Processing /opt/conda/lib/python3.12/site-packages/airflow/example_dags/example_dag_decorator.py took 0.226 seconds
[2025-02-06T08:39:46.795+0000] {processor.py:186} INFO - Started process (PID=524) to work on /opt/conda/lib/python3.12/site-packages/airflow/example_dags/example_dag_decorator.py
[2025-02-06T08:39:46.796+0000] {processor.py:914} INFO - Processing file /opt/conda/lib/python3.12/site-packages/airflow/example_dags/example_dag_decorator.py for tasks to queue
[2025-02-06T08:39:46.798+0000] {logging_mixin.py:190} INFO - [2025-02-06T08:39:46.797+0000] {dagbag.py:588} INFO - Filling up the DagBag from /opt/conda/lib/python3.12/site-packages/airflow/example_dags/example_dag_decorator.py
[2025-02-06T08:39:46.807+0000] {processor.py:925} INFO - DAG(s) 'example_dag_decorator' retrieved from /opt/conda/lib/python3.12/site-packages/airflow/example_dags/example_dag_decorator.py
[2025-02-06T08:39:46.928+0000] {logging_mixin.py:190} INFO - [2025-02-06T08:39:46.928+0000] {dag.py:3239} INFO - Sync 1 DAGs
[2025-02-06T08:39:46.941+0000] {logging_mixin.py:190} INFO - [2025-02-06T08:39:46.941+0000] {dag.py:4180} INFO - Setting next_dagrun for example_dag_decorator to None, run_after=None
[2025-02-06T08:39:47.011+0000] {processor.py:208} INFO - Processing /opt/conda/lib/python3.12/site-packages/airflow/example_dags/example_dag_decorator.py took 0.221 seconds
[2025-02-06T08:41:04.793+0000] {processor.py:186} INFO - Started process (PID=590) to work on /opt/conda/lib/python3.12/site-packages/airflow/example_dags/example_dag_decorator.py
[2025-02-06T08:41:04.795+0000] {processor.py:914} INFO - Processing file /opt/conda/lib/python3.12/site-packages/airflow/example_dags/example_dag_decorator.py for tasks to queue
[2025-02-06T08:41:04.796+0000] {logging_mixin.py:190} INFO - [2025-02-06T08:41:04.795+0000] {dagbag.py:588} INFO - Filling up the DagBag from /opt/conda/lib/python3.12/site-packages/airflow/example_dags/example_dag_decorator.py
[2025-02-06T08:41:04.805+0000] {processor.py:925} INFO - DAG(s) 'example_dag_decorator' retrieved from /opt/conda/lib/python3.12/site-packages/airflow/example_dags/example_dag_decorator.py
[2025-02-06T08:41:04.943+0000] {logging_mixin.py:190} INFO - [2025-02-06T08:41:04.942+0000] {dag.py:3239} INFO - Sync 1 DAGs
[2025-02-06T08:41:04.957+0000] {logging_mixin.py:190} INFO - [2025-02-06T08:41:04.957+0000] {dag.py:4180} INFO - Setting next_dagrun for example_dag_decorator to None, run_after=None
[2025-02-06T08:41:05.027+0000] {processor.py:208} INFO - Processing /opt/conda/lib/python3.12/site-packages/airflow/example_dags/example_dag_decorator.py took 0.238 seconds
[2025-02-06T08:42:19.490+0000] {processor.py:186} INFO - Started process (PID=654) to work on /opt/conda/lib/python3.12/site-packages/airflow/example_dags/example_dag_decorator.py
[2025-02-06T08:42:19.491+0000] {processor.py:914} INFO - Processing file /opt/conda/lib/python3.12/site-packages/airflow/example_dags/example_dag_decorator.py for tasks to queue
[2025-02-06T08:42:19.492+0000] {logging_mixin.py:190} INFO - [2025-02-06T08:42:19.492+0000] {dagbag.py:588} INFO - Filling up the DagBag from /opt/conda/lib/python3.12/site-packages/airflow/example_dags/example_dag_decorator.py
[2025-02-06T08:42:19.504+0000] {processor.py:925} INFO - DAG(s) 'example_dag_decorator' retrieved from /opt/conda/lib/python3.12/site-packages/airflow/example_dags/example_dag_decorator.py
[2025-02-06T08:42:19.621+0000] {logging_mixin.py:190} INFO - [2025-02-06T08:42:19.620+0000] {dag.py:3239} INFO - Sync 1 DAGs
[2025-02-06T08:42:19.635+0000] {logging_mixin.py:190} INFO - [2025-02-06T08:42:19.634+0000] {dag.py:4180} INFO - Setting next_dagrun for example_dag_decorator to None, run_after=None
[2025-02-06T08:42:19.699+0000] {processor.py:208} INFO - Processing /opt/conda/lib/python3.12/site-packages/airflow/example_dags/example_dag_decorator.py took 0.214 seconds
[2025-02-06T08:43:51.321+0000] {processor.py:186} INFO - Started process (PID=73) to work on /opt/conda/lib/python3.12/site-packages/airflow/example_dags/example_dag_decorator.py
[2025-02-06T08:43:51.322+0000] {processor.py:914} INFO - Processing file /opt/conda/lib/python3.12/site-packages/airflow/example_dags/example_dag_decorator.py for tasks to queue
[2025-02-06T08:43:51.324+0000] {logging_mixin.py:190} INFO - [2025-02-06T08:43:51.323+0000] {dagbag.py:588} INFO - Filling up the DagBag from /opt/conda/lib/python3.12/site-packages/airflow/example_dags/example_dag_decorator.py
[2025-02-06T08:43:51.336+0000] {processor.py:925} INFO - DAG(s) 'example_dag_decorator' retrieved from /opt/conda/lib/python3.12/site-packages/airflow/example_dags/example_dag_decorator.py
[2025-02-06T08:43:51.464+0000] {logging_mixin.py:190} INFO - [2025-02-06T08:43:51.464+0000] {dag.py:3239} INFO - Sync 1 DAGs
[2025-02-06T08:43:51.476+0000] {logging_mixin.py:190} INFO - [2025-02-06T08:43:51.476+0000] {dag.py:4180} INFO - Setting next_dagrun for example_dag_decorator to None, run_after=None
[2025-02-06T08:43:51.538+0000] {processor.py:208} INFO - Processing /opt/conda/lib/python3.12/site-packages/airflow/example_dags/example_dag_decorator.py took 0.220 seconds
[2025-02-06T08:45:08.463+0000] {processor.py:186} INFO - Started process (PID=139) to work on /opt/conda/lib/python3.12/site-packages/airflow/example_dags/example_dag_decorator.py
[2025-02-06T08:45:08.464+0000] {processor.py:914} INFO - Processing file /opt/conda/lib/python3.12/site-packages/airflow/example_dags/example_dag_decorator.py for tasks to queue
[2025-02-06T08:45:08.466+0000] {logging_mixin.py:190} INFO - [2025-02-06T08:45:08.466+0000] {dagbag.py:588} INFO - Filling up the DagBag from /opt/conda/lib/python3.12/site-packages/airflow/example_dags/example_dag_decorator.py
[2025-02-06T08:45:08.475+0000] {processor.py:925} INFO - DAG(s) 'example_dag_decorator' retrieved from /opt/conda/lib/python3.12/site-packages/airflow/example_dags/example_dag_decorator.py
[2025-02-06T08:45:08.500+0000] {logging_mixin.py:190} INFO - [2025-02-06T08:45:08.500+0000] {dag.py:3239} INFO - Sync 1 DAGs
[2025-02-06T08:45:08.512+0000] {logging_mixin.py:190} INFO - [2025-02-06T08:45:08.511+0000] {dag.py:4180} INFO - Setting next_dagrun for example_dag_decorator to None, run_after=None
[2025-02-06T08:45:08.567+0000] {processor.py:208} INFO - Processing /opt/conda/lib/python3.12/site-packages/airflow/example_dags/example_dag_decorator.py took 0.107 seconds
[2025-02-06T08:47:36.115+0000] {processor.py:186} INFO - Started process (PID=372) to work on /opt/conda/lib/python3.12/site-packages/airflow/example_dags/example_dag_decorator.py
[2025-02-06T08:47:36.116+0000] {processor.py:914} INFO - Processing file /opt/conda/lib/python3.12/site-packages/airflow/example_dags/example_dag_decorator.py for tasks to queue
[2025-02-06T08:47:36.119+0000] {logging_mixin.py:190} INFO - [2025-02-06T08:47:36.118+0000] {dagbag.py:588} INFO - Filling up the DagBag from /opt/conda/lib/python3.12/site-packages/airflow/example_dags/example_dag_decorator.py
[2025-02-06T08:47:36.131+0000] {processor.py:925} INFO - DAG(s) 'example_dag_decorator' retrieved from /opt/conda/lib/python3.12/site-packages/airflow/example_dags/example_dag_decorator.py
[2025-02-06T08:47:36.257+0000] {logging_mixin.py:190} INFO - [2025-02-06T08:47:36.257+0000] {dag.py:3239} INFO - Sync 1 DAGs
[2025-02-06T08:47:36.267+0000] {logging_mixin.py:190} INFO - [2025-02-06T08:47:36.267+0000] {dag.py:4180} INFO - Setting next_dagrun for example_dag_decorator to None, run_after=None
[2025-02-06T08:47:36.327+0000] {processor.py:208} INFO - Processing /opt/conda/lib/python3.12/site-packages/airflow/example_dags/example_dag_decorator.py took 0.218 seconds
[2025-02-06T08:49:54.318+0000] {processor.py:186} INFO - Started process (PID=261) to work on /opt/conda/lib/python3.12/site-packages/airflow/example_dags/example_dag_decorator.py
[2025-02-06T08:49:54.319+0000] {processor.py:914} INFO - Processing file /opt/conda/lib/python3.12/site-packages/airflow/example_dags/example_dag_decorator.py for tasks to queue
[2025-02-06T08:49:54.321+0000] {logging_mixin.py:190} INFO - [2025-02-06T08:49:54.321+0000] {dagbag.py:588} INFO - Filling up the DagBag from /opt/conda/lib/python3.12/site-packages/airflow/example_dags/example_dag_decorator.py
[2025-02-06T08:49:54.331+0000] {processor.py:925} INFO - DAG(s) 'example_dag_decorator' retrieved from /opt/conda/lib/python3.12/site-packages/airflow/example_dags/example_dag_decorator.py
[2025-02-06T08:49:54.434+0000] {logging_mixin.py:190} INFO - [2025-02-06T08:49:54.434+0000] {dag.py:3239} INFO - Sync 1 DAGs
[2025-02-06T08:49:54.444+0000] {logging_mixin.py:190} INFO - [2025-02-06T08:49:54.443+0000] {dag.py:4180} INFO - Setting next_dagrun for example_dag_decorator to None, run_after=None
[2025-02-06T08:49:54.505+0000] {processor.py:208} INFO - Processing /opt/conda/lib/python3.12/site-packages/airflow/example_dags/example_dag_decorator.py took 0.191 seconds
[2025-02-06T08:52:53.163+0000] {processor.py:186} INFO - Started process (PID=589) to work on /opt/conda/lib/python3.12/site-packages/airflow/example_dags/example_dag_decorator.py
[2025-02-06T08:52:53.164+0000] {processor.py:914} INFO - Processing file /opt/conda/lib/python3.12/site-packages/airflow/example_dags/example_dag_decorator.py for tasks to queue
[2025-02-06T08:52:53.166+0000] {logging_mixin.py:190} INFO - [2025-02-06T08:52:53.166+0000] {dagbag.py:588} INFO - Filling up the DagBag from /opt/conda/lib/python3.12/site-packages/airflow/example_dags/example_dag_decorator.py
[2025-02-06T08:52:53.176+0000] {processor.py:925} INFO - DAG(s) 'example_dag_decorator' retrieved from /opt/conda/lib/python3.12/site-packages/airflow/example_dags/example_dag_decorator.py
[2025-02-06T08:52:53.306+0000] {logging_mixin.py:190} INFO - [2025-02-06T08:52:53.306+0000] {dag.py:3239} INFO - Sync 1 DAGs
[2025-02-06T08:52:53.319+0000] {logging_mixin.py:190} INFO - [2025-02-06T08:52:53.319+0000] {dag.py:4180} INFO - Setting next_dagrun for example_dag_decorator to None, run_after=None
[2025-02-06T08:52:53.390+0000] {processor.py:208} INFO - Processing /opt/conda/lib/python3.12/site-packages/airflow/example_dags/example_dag_decorator.py took 0.230 seconds
[2025-02-06T08:55:29.391+0000] {processor.py:186} INFO - Started process (PID=885) to work on /opt/conda/lib/python3.12/site-packages/airflow/example_dags/example_dag_decorator.py
[2025-02-06T08:55:29.392+0000] {processor.py:914} INFO - Processing file /opt/conda/lib/python3.12/site-packages/airflow/example_dags/example_dag_decorator.py for tasks to queue
[2025-02-06T08:55:29.394+0000] {logging_mixin.py:190} INFO - [2025-02-06T08:55:29.394+0000] {dagbag.py:588} INFO - Filling up the DagBag from /opt/conda/lib/python3.12/site-packages/airflow/example_dags/example_dag_decorator.py
[2025-02-06T08:55:29.402+0000] {processor.py:925} INFO - DAG(s) 'example_dag_decorator' retrieved from /opt/conda/lib/python3.12/site-packages/airflow/example_dags/example_dag_decorator.py
[2025-02-06T08:55:29.505+0000] {logging_mixin.py:190} INFO - [2025-02-06T08:55:29.505+0000] {dag.py:3239} INFO - Sync 1 DAGs
[2025-02-06T08:55:29.515+0000] {logging_mixin.py:190} INFO - [2025-02-06T08:55:29.515+0000] {dag.py:4180} INFO - Setting next_dagrun for example_dag_decorator to None, run_after=None
[2025-02-06T08:55:29.578+0000] {processor.py:208} INFO - Processing /opt/conda/lib/python3.12/site-packages/airflow/example_dags/example_dag_decorator.py took 0.191 seconds
[2025-02-06T08:58:03.683+0000] {processor.py:186} INFO - Started process (PID=1146) to work on /opt/conda/lib/python3.12/site-packages/airflow/example_dags/example_dag_decorator.py
[2025-02-06T08:58:03.684+0000] {processor.py:914} INFO - Processing file /opt/conda/lib/python3.12/site-packages/airflow/example_dags/example_dag_decorator.py for tasks to queue
[2025-02-06T08:58:03.686+0000] {logging_mixin.py:190} INFO - [2025-02-06T08:58:03.686+0000] {dagbag.py:588} INFO - Filling up the DagBag from /opt/conda/lib/python3.12/site-packages/airflow/example_dags/example_dag_decorator.py
[2025-02-06T08:58:03.695+0000] {processor.py:925} INFO - DAG(s) 'example_dag_decorator' retrieved from /opt/conda/lib/python3.12/site-packages/airflow/example_dags/example_dag_decorator.py
[2025-02-06T08:58:03.813+0000] {logging_mixin.py:190} INFO - [2025-02-06T08:58:03.813+0000] {dag.py:3239} INFO - Sync 1 DAGs
[2025-02-06T08:58:03.826+0000] {logging_mixin.py:190} INFO - [2025-02-06T08:58:03.826+0000] {dag.py:4180} INFO - Setting next_dagrun for example_dag_decorator to None, run_after=None
[2025-02-06T08:58:03.987+0000] {processor.py:208} INFO - Processing /opt/conda/lib/python3.12/site-packages/airflow/example_dags/example_dag_decorator.py took 0.309 seconds
[2025-02-06T09:05:40.993+0000] {processor.py:186} INFO - Started process (PID=177) to work on /opt/conda/lib/python3.12/site-packages/airflow/example_dags/example_dag_decorator.py
[2025-02-06T09:05:40.995+0000] {processor.py:914} INFO - Processing file /opt/conda/lib/python3.12/site-packages/airflow/example_dags/example_dag_decorator.py for tasks to queue
[2025-02-06T09:05:40.996+0000] {logging_mixin.py:190} INFO - [2025-02-06T09:05:40.996+0000] {dagbag.py:588} INFO - Filling up the DagBag from /opt/conda/lib/python3.12/site-packages/airflow/example_dags/example_dag_decorator.py
[2025-02-06T09:05:41.005+0000] {processor.py:925} INFO - DAG(s) 'example_dag_decorator' retrieved from /opt/conda/lib/python3.12/site-packages/airflow/example_dags/example_dag_decorator.py
[2025-02-06T09:05:41.113+0000] {logging_mixin.py:190} INFO - [2025-02-06T09:05:41.113+0000] {dag.py:3239} INFO - Sync 1 DAGs
[2025-02-06T09:05:41.124+0000] {logging_mixin.py:190} INFO - [2025-02-06T09:05:41.124+0000] {dag.py:4180} INFO - Setting next_dagrun for example_dag_decorator to None, run_after=None
[2025-02-06T09:05:41.174+0000] {processor.py:208} INFO - Processing /opt/conda/lib/python3.12/site-packages/airflow/example_dags/example_dag_decorator.py took 0.185 seconds
[2025-02-06T09:08:44.735+0000] {processor.py:186} INFO - Started process (PID=519) to work on /opt/conda/lib/python3.12/site-packages/airflow/example_dags/example_dag_decorator.py
[2025-02-06T09:08:44.736+0000] {processor.py:914} INFO - Processing file /opt/conda/lib/python3.12/site-packages/airflow/example_dags/example_dag_decorator.py for tasks to queue
[2025-02-06T09:08:44.738+0000] {logging_mixin.py:190} INFO - [2025-02-06T09:08:44.737+0000] {dagbag.py:588} INFO - Filling up the DagBag from /opt/conda/lib/python3.12/site-packages/airflow/example_dags/example_dag_decorator.py
[2025-02-06T09:08:44.746+0000] {processor.py:925} INFO - DAG(s) 'example_dag_decorator' retrieved from /opt/conda/lib/python3.12/site-packages/airflow/example_dags/example_dag_decorator.py
[2025-02-06T09:08:44.862+0000] {logging_mixin.py:190} INFO - [2025-02-06T09:08:44.862+0000] {dag.py:3239} INFO - Sync 1 DAGs
[2025-02-06T09:08:44.875+0000] {logging_mixin.py:190} INFO - [2025-02-06T09:08:44.875+0000] {dag.py:4180} INFO - Setting next_dagrun for example_dag_decorator to None, run_after=None
[2025-02-06T09:08:44.938+0000] {processor.py:208} INFO - Processing /opt/conda/lib/python3.12/site-packages/airflow/example_dags/example_dag_decorator.py took 0.208 seconds
[2025-02-06T09:10:57.905+0000] {processor.py:186} INFO - Started process (PID=772) to work on /opt/conda/lib/python3.12/site-packages/airflow/example_dags/example_dag_decorator.py
[2025-02-06T09:10:57.907+0000] {processor.py:914} INFO - Processing file /opt/conda/lib/python3.12/site-packages/airflow/example_dags/example_dag_decorator.py for tasks to queue
[2025-02-06T09:10:57.908+0000] {logging_mixin.py:190} INFO - [2025-02-06T09:10:57.908+0000] {dagbag.py:588} INFO - Filling up the DagBag from /opt/conda/lib/python3.12/site-packages/airflow/example_dags/example_dag_decorator.py
[2025-02-06T09:10:57.918+0000] {processor.py:925} INFO - DAG(s) 'example_dag_decorator' retrieved from /opt/conda/lib/python3.12/site-packages/airflow/example_dags/example_dag_decorator.py
[2025-02-06T09:10:57.948+0000] {logging_mixin.py:190} INFO - [2025-02-06T09:10:57.948+0000] {dag.py:3239} INFO - Sync 1 DAGs
[2025-02-06T09:10:57.961+0000] {logging_mixin.py:190} INFO - [2025-02-06T09:10:57.961+0000] {dag.py:4180} INFO - Setting next_dagrun for example_dag_decorator to None, run_after=None
[2025-02-06T09:10:58.025+0000] {processor.py:208} INFO - Processing /opt/conda/lib/python3.12/site-packages/airflow/example_dags/example_dag_decorator.py took 0.124 seconds
[2025-02-06T09:15:51.737+0000] {processor.py:186} INFO - Started process (PID=1310) to work on /opt/conda/lib/python3.12/site-packages/airflow/example_dags/example_dag_decorator.py
[2025-02-06T09:15:51.738+0000] {processor.py:914} INFO - Processing file /opt/conda/lib/python3.12/site-packages/airflow/example_dags/example_dag_decorator.py for tasks to queue
[2025-02-06T09:15:51.741+0000] {logging_mixin.py:190} INFO - [2025-02-06T09:15:51.740+0000] {dagbag.py:588} INFO - Filling up the DagBag from /opt/conda/lib/python3.12/site-packages/airflow/example_dags/example_dag_decorator.py
[2025-02-06T09:15:51.749+0000] {processor.py:925} INFO - DAG(s) 'example_dag_decorator' retrieved from /opt/conda/lib/python3.12/site-packages/airflow/example_dags/example_dag_decorator.py
[2025-02-06T09:15:51.772+0000] {logging_mixin.py:190} INFO - [2025-02-06T09:15:51.772+0000] {dag.py:3239} INFO - Sync 1 DAGs
[2025-02-06T09:15:51.786+0000] {logging_mixin.py:190} INFO - [2025-02-06T09:15:51.786+0000] {dag.py:4180} INFO - Setting next_dagrun for example_dag_decorator to None, run_after=None
[2025-02-06T09:15:51.837+0000] {processor.py:208} INFO - Processing /opt/conda/lib/python3.12/site-packages/airflow/example_dags/example_dag_decorator.py took 0.103 seconds
[2025-02-06T09:20:31.773+0000] {processor.py:186} INFO - Started process (PID=1810) to work on /opt/conda/lib/python3.12/site-packages/airflow/example_dags/example_dag_decorator.py
[2025-02-06T09:20:31.775+0000] {processor.py:914} INFO - Processing file /opt/conda/lib/python3.12/site-packages/airflow/example_dags/example_dag_decorator.py for tasks to queue
[2025-02-06T09:20:31.777+0000] {logging_mixin.py:190} INFO - [2025-02-06T09:20:31.776+0000] {dagbag.py:588} INFO - Filling up the DagBag from /opt/conda/lib/python3.12/site-packages/airflow/example_dags/example_dag_decorator.py
[2025-02-06T09:20:31.787+0000] {processor.py:925} INFO - DAG(s) 'example_dag_decorator' retrieved from /opt/conda/lib/python3.12/site-packages/airflow/example_dags/example_dag_decorator.py
[2025-02-06T09:20:31.924+0000] {logging_mixin.py:190} INFO - [2025-02-06T09:20:31.924+0000] {dag.py:3239} INFO - Sync 1 DAGs
[2025-02-06T09:20:31.936+0000] {logging_mixin.py:190} INFO - [2025-02-06T09:20:31.936+0000] {dag.py:4180} INFO - Setting next_dagrun for example_dag_decorator to None, run_after=None
[2025-02-06T09:20:32.005+0000] {processor.py:208} INFO - Processing /opt/conda/lib/python3.12/site-packages/airflow/example_dags/example_dag_decorator.py took 0.237 seconds
[2025-02-06T09:23:20.583+0000] {processor.py:186} INFO - Started process (PID=2091) to work on /opt/conda/lib/python3.12/site-packages/airflow/example_dags/example_dag_decorator.py
[2025-02-06T09:23:20.584+0000] {processor.py:914} INFO - Processing file /opt/conda/lib/python3.12/site-packages/airflow/example_dags/example_dag_decorator.py for tasks to queue
[2025-02-06T09:23:20.586+0000] {logging_mixin.py:190} INFO - [2025-02-06T09:23:20.586+0000] {dagbag.py:588} INFO - Filling up the DagBag from /opt/conda/lib/python3.12/site-packages/airflow/example_dags/example_dag_decorator.py
[2025-02-06T09:23:20.598+0000] {processor.py:925} INFO - DAG(s) 'example_dag_decorator' retrieved from /opt/conda/lib/python3.12/site-packages/airflow/example_dags/example_dag_decorator.py
[2025-02-06T09:23:20.731+0000] {logging_mixin.py:190} INFO - [2025-02-06T09:23:20.730+0000] {dag.py:3239} INFO - Sync 1 DAGs
[2025-02-06T09:23:20.743+0000] {logging_mixin.py:190} INFO - [2025-02-06T09:23:20.743+0000] {dag.py:4180} INFO - Setting next_dagrun for example_dag_decorator to None, run_after=None
[2025-02-06T09:23:20.816+0000] {processor.py:208} INFO - Processing /opt/conda/lib/python3.12/site-packages/airflow/example_dags/example_dag_decorator.py took 0.239 seconds
[2025-02-06T09:26:36.576+0000] {processor.py:186} INFO - Started process (PID=267) to work on /opt/conda/lib/python3.12/site-packages/airflow/example_dags/example_dag_decorator.py
[2025-02-06T09:26:36.578+0000] {processor.py:914} INFO - Processing file /opt/conda/lib/python3.12/site-packages/airflow/example_dags/example_dag_decorator.py for tasks to queue
[2025-02-06T09:26:36.583+0000] {logging_mixin.py:190} INFO - [2025-02-06T09:26:36.583+0000] {dagbag.py:588} INFO - Filling up the DagBag from /opt/conda/lib/python3.12/site-packages/airflow/example_dags/example_dag_decorator.py
[2025-02-06T09:26:36.596+0000] {processor.py:925} INFO - DAG(s) 'example_dag_decorator' retrieved from /opt/conda/lib/python3.12/site-packages/airflow/example_dags/example_dag_decorator.py
[2025-02-06T09:26:36.743+0000] {logging_mixin.py:190} INFO - [2025-02-06T09:26:36.742+0000] {dag.py:3239} INFO - Sync 1 DAGs
[2025-02-06T09:26:36.756+0000] {logging_mixin.py:190} INFO - [2025-02-06T09:26:36.756+0000] {dag.py:4180} INFO - Setting next_dagrun for example_dag_decorator to None, run_after=None
[2025-02-06T09:26:36.820+0000] {processor.py:208} INFO - Processing /opt/conda/lib/python3.12/site-packages/airflow/example_dags/example_dag_decorator.py took 0.249 seconds
[2025-02-06T09:33:01.982+0000] {processor.py:186} INFO - Started process (PID=452) to work on /opt/conda/lib/python3.12/site-packages/airflow/example_dags/example_dag_decorator.py
[2025-02-06T09:33:01.983+0000] {processor.py:914} INFO - Processing file /opt/conda/lib/python3.12/site-packages/airflow/example_dags/example_dag_decorator.py for tasks to queue
[2025-02-06T09:33:01.985+0000] {logging_mixin.py:190} INFO - [2025-02-06T09:33:01.984+0000] {dagbag.py:588} INFO - Filling up the DagBag from /opt/conda/lib/python3.12/site-packages/airflow/example_dags/example_dag_decorator.py
[2025-02-06T09:33:01.994+0000] {processor.py:925} INFO - DAG(s) 'example_dag_decorator' retrieved from /opt/conda/lib/python3.12/site-packages/airflow/example_dags/example_dag_decorator.py
[2025-02-06T09:33:02.113+0000] {logging_mixin.py:190} INFO - [2025-02-06T09:33:02.113+0000] {dag.py:3239} INFO - Sync 1 DAGs
[2025-02-06T09:33:02.123+0000] {logging_mixin.py:190} INFO - [2025-02-06T09:33:02.123+0000] {dag.py:4180} INFO - Setting next_dagrun for example_dag_decorator to None, run_after=None
[2025-02-06T09:33:02.186+0000] {processor.py:208} INFO - Processing /opt/conda/lib/python3.12/site-packages/airflow/example_dags/example_dag_decorator.py took 0.208 seconds
[2025-02-06T09:38:20.275+0000] {processor.py:186} INFO - Started process (PID=1025) to work on /opt/conda/lib/python3.12/site-packages/airflow/example_dags/example_dag_decorator.py
[2025-02-06T09:38:20.276+0000] {processor.py:914} INFO - Processing file /opt/conda/lib/python3.12/site-packages/airflow/example_dags/example_dag_decorator.py for tasks to queue
[2025-02-06T09:38:20.278+0000] {logging_mixin.py:190} INFO - [2025-02-06T09:38:20.278+0000] {dagbag.py:588} INFO - Filling up the DagBag from /opt/conda/lib/python3.12/site-packages/airflow/example_dags/example_dag_decorator.py
[2025-02-06T09:38:20.288+0000] {processor.py:925} INFO - DAG(s) 'example_dag_decorator' retrieved from /opt/conda/lib/python3.12/site-packages/airflow/example_dags/example_dag_decorator.py
[2025-02-06T09:38:20.318+0000] {logging_mixin.py:190} INFO - [2025-02-06T09:38:20.318+0000] {dag.py:3239} INFO - Sync 1 DAGs
[2025-02-06T09:38:20.340+0000] {logging_mixin.py:190} INFO - [2025-02-06T09:38:20.340+0000] {dag.py:4180} INFO - Setting next_dagrun for example_dag_decorator to None, run_after=None
[2025-02-06T09:38:20.422+0000] {processor.py:208} INFO - Processing /opt/conda/lib/python3.12/site-packages/airflow/example_dags/example_dag_decorator.py took 0.152 seconds
[2025-02-06T09:42:53.096+0000] {processor.py:186} INFO - Started process (PID=1490) to work on /opt/conda/lib/python3.12/site-packages/airflow/example_dags/example_dag_decorator.py
[2025-02-06T09:42:53.097+0000] {processor.py:914} INFO - Processing file /opt/conda/lib/python3.12/site-packages/airflow/example_dags/example_dag_decorator.py for tasks to queue
[2025-02-06T09:42:53.099+0000] {logging_mixin.py:190} INFO - [2025-02-06T09:42:53.099+0000] {dagbag.py:588} INFO - Filling up the DagBag from /opt/conda/lib/python3.12/site-packages/airflow/example_dags/example_dag_decorator.py
[2025-02-06T09:42:53.108+0000] {processor.py:925} INFO - DAG(s) 'example_dag_decorator' retrieved from /opt/conda/lib/python3.12/site-packages/airflow/example_dags/example_dag_decorator.py
[2025-02-06T09:42:53.257+0000] {logging_mixin.py:190} INFO - [2025-02-06T09:42:53.257+0000] {dag.py:3239} INFO - Sync 1 DAGs
[2025-02-06T09:42:53.271+0000] {logging_mixin.py:190} INFO - [2025-02-06T09:42:53.271+0000] {dag.py:4180} INFO - Setting next_dagrun for example_dag_decorator to None, run_after=None
[2025-02-06T09:42:53.325+0000] {processor.py:208} INFO - Processing /opt/conda/lib/python3.12/site-packages/airflow/example_dags/example_dag_decorator.py took 0.233 seconds
[2025-02-06T09:50:31.500+0000] {processor.py:186} INFO - Started process (PID=435) to work on /opt/conda/lib/python3.12/site-packages/airflow/example_dags/example_dag_decorator.py
[2025-02-06T09:50:31.501+0000] {processor.py:914} INFO - Processing file /opt/conda/lib/python3.12/site-packages/airflow/example_dags/example_dag_decorator.py for tasks to queue
[2025-02-06T09:50:31.503+0000] {logging_mixin.py:190} INFO - [2025-02-06T09:50:31.502+0000] {dagbag.py:588} INFO - Filling up the DagBag from /opt/conda/lib/python3.12/site-packages/airflow/example_dags/example_dag_decorator.py
[2025-02-06T09:50:31.511+0000] {processor.py:925} INFO - DAG(s) 'example_dag_decorator' retrieved from /opt/conda/lib/python3.12/site-packages/airflow/example_dags/example_dag_decorator.py
[2025-02-06T09:50:31.617+0000] {logging_mixin.py:190} INFO - [2025-02-06T09:50:31.616+0000] {dag.py:3239} INFO - Sync 1 DAGs
[2025-02-06T09:50:31.627+0000] {logging_mixin.py:190} INFO - [2025-02-06T09:50:31.627+0000] {dag.py:4180} INFO - Setting next_dagrun for example_dag_decorator to None, run_after=None
[2025-02-06T09:50:31.691+0000] {processor.py:208} INFO - Processing /opt/conda/lib/python3.12/site-packages/airflow/example_dags/example_dag_decorator.py took 0.196 seconds
[2025-02-06T09:55:44.807+0000] {processor.py:186} INFO - Started process (PID=992) to work on /opt/conda/lib/python3.12/site-packages/airflow/example_dags/example_dag_decorator.py
[2025-02-06T09:55:44.809+0000] {processor.py:914} INFO - Processing file /opt/conda/lib/python3.12/site-packages/airflow/example_dags/example_dag_decorator.py for tasks to queue
[2025-02-06T09:55:44.810+0000] {logging_mixin.py:190} INFO - [2025-02-06T09:55:44.810+0000] {dagbag.py:588} INFO - Filling up the DagBag from /opt/conda/lib/python3.12/site-packages/airflow/example_dags/example_dag_decorator.py
[2025-02-06T09:55:44.818+0000] {processor.py:925} INFO - DAG(s) 'example_dag_decorator' retrieved from /opt/conda/lib/python3.12/site-packages/airflow/example_dags/example_dag_decorator.py
[2025-02-06T09:55:44.929+0000] {logging_mixin.py:190} INFO - [2025-02-06T09:55:44.929+0000] {dag.py:3239} INFO - Sync 1 DAGs
[2025-02-06T09:55:44.940+0000] {logging_mixin.py:190} INFO - [2025-02-06T09:55:44.939+0000] {dag.py:4180} INFO - Setting next_dagrun for example_dag_decorator to None, run_after=None
[2025-02-06T09:55:45.049+0000] {processor.py:208} INFO - Processing /opt/conda/lib/python3.12/site-packages/airflow/example_dags/example_dag_decorator.py took 0.245 seconds
[2025-02-06T10:00:15.191+0000] {processor.py:186} INFO - Started process (PID=1506) to work on /opt/conda/lib/python3.12/site-packages/airflow/example_dags/example_dag_decorator.py
[2025-02-06T10:00:15.193+0000] {processor.py:914} INFO - Processing file /opt/conda/lib/python3.12/site-packages/airflow/example_dags/example_dag_decorator.py for tasks to queue
[2025-02-06T10:00:15.196+0000] {logging_mixin.py:190} INFO - [2025-02-06T10:00:15.196+0000] {dagbag.py:588} INFO - Filling up the DagBag from /opt/conda/lib/python3.12/site-packages/airflow/example_dags/example_dag_decorator.py
[2025-02-06T10:00:15.209+0000] {processor.py:925} INFO - DAG(s) 'example_dag_decorator' retrieved from /opt/conda/lib/python3.12/site-packages/airflow/example_dags/example_dag_decorator.py
[2025-02-06T10:00:15.328+0000] {logging_mixin.py:190} INFO - [2025-02-06T10:00:15.327+0000] {dag.py:3239} INFO - Sync 1 DAGs
[2025-02-06T10:00:15.342+0000] {logging_mixin.py:190} INFO - [2025-02-06T10:00:15.341+0000] {dag.py:4180} INFO - Setting next_dagrun for example_dag_decorator to None, run_after=None
[2025-02-06T10:00:15.402+0000] {processor.py:208} INFO - Processing /opt/conda/lib/python3.12/site-packages/airflow/example_dags/example_dag_decorator.py took 0.215 seconds
[2025-02-06T10:04:36.992+0000] {processor.py:186} INFO - Started process (PID=1956) to work on /opt/conda/lib/python3.12/site-packages/airflow/example_dags/example_dag_decorator.py
[2025-02-06T10:04:36.993+0000] {processor.py:914} INFO - Processing file /opt/conda/lib/python3.12/site-packages/airflow/example_dags/example_dag_decorator.py for tasks to queue
[2025-02-06T10:04:36.997+0000] {logging_mixin.py:190} INFO - [2025-02-06T10:04:36.996+0000] {dagbag.py:588} INFO - Filling up the DagBag from /opt/conda/lib/python3.12/site-packages/airflow/example_dags/example_dag_decorator.py
[2025-02-06T10:04:37.008+0000] {processor.py:925} INFO - DAG(s) 'example_dag_decorator' retrieved from /opt/conda/lib/python3.12/site-packages/airflow/example_dags/example_dag_decorator.py
[2025-02-06T10:04:37.144+0000] {logging_mixin.py:190} INFO - [2025-02-06T10:04:37.143+0000] {dag.py:3239} INFO - Sync 1 DAGs
[2025-02-06T10:04:37.156+0000] {logging_mixin.py:190} INFO - [2025-02-06T10:04:37.156+0000] {dag.py:4180} INFO - Setting next_dagrun for example_dag_decorator to None, run_after=None
[2025-02-06T10:04:37.318+0000] {processor.py:208} INFO - Processing /opt/conda/lib/python3.12/site-packages/airflow/example_dags/example_dag_decorator.py took 0.331 seconds
[2025-02-06T10:06:22.630+0000] {processor.py:186} INFO - Started process (PID=2081) to work on /opt/conda/lib/python3.12/site-packages/airflow/example_dags/example_dag_decorator.py
[2025-02-06T10:06:22.631+0000] {processor.py:914} INFO - Processing file /opt/conda/lib/python3.12/site-packages/airflow/example_dags/example_dag_decorator.py for tasks to queue
[2025-02-06T10:06:22.633+0000] {logging_mixin.py:190} INFO - [2025-02-06T10:06:22.632+0000] {dagbag.py:588} INFO - Filling up the DagBag from /opt/conda/lib/python3.12/site-packages/airflow/example_dags/example_dag_decorator.py
[2025-02-06T10:06:22.641+0000] {processor.py:925} INFO - DAG(s) 'example_dag_decorator' retrieved from /opt/conda/lib/python3.12/site-packages/airflow/example_dags/example_dag_decorator.py
[2025-02-06T10:06:22.832+0000] {logging_mixin.py:190} INFO - [2025-02-06T10:06:22.832+0000] {dag.py:3239} INFO - Sync 1 DAGs
[2025-02-06T10:06:22.864+0000] {logging_mixin.py:190} INFO - [2025-02-06T10:06:22.863+0000] {dag.py:4180} INFO - Setting next_dagrun for example_dag_decorator to None, run_after=None
[2025-02-06T10:06:22.918+0000] {processor.py:208} INFO - Processing /opt/conda/lib/python3.12/site-packages/airflow/example_dags/example_dag_decorator.py took 0.292 seconds
[2025-02-06T10:15:32.471+0000] {processor.py:186} INFO - Started process (PID=3018) to work on /opt/conda/lib/python3.12/site-packages/airflow/example_dags/example_dag_decorator.py
[2025-02-06T10:15:32.472+0000] {processor.py:914} INFO - Processing file /opt/conda/lib/python3.12/site-packages/airflow/example_dags/example_dag_decorator.py for tasks to queue
[2025-02-06T10:15:32.474+0000] {logging_mixin.py:190} INFO - [2025-02-06T10:15:32.473+0000] {dagbag.py:588} INFO - Filling up the DagBag from /opt/conda/lib/python3.12/site-packages/airflow/example_dags/example_dag_decorator.py
[2025-02-06T10:15:32.484+0000] {processor.py:925} INFO - DAG(s) 'example_dag_decorator' retrieved from /opt/conda/lib/python3.12/site-packages/airflow/example_dags/example_dag_decorator.py
[2025-02-06T10:15:32.601+0000] {logging_mixin.py:190} INFO - [2025-02-06T10:15:32.601+0000] {dag.py:3239} INFO - Sync 1 DAGs
[2025-02-06T10:15:32.613+0000] {logging_mixin.py:190} INFO - [2025-02-06T10:15:32.612+0000] {dag.py:4180} INFO - Setting next_dagrun for example_dag_decorator to None, run_after=None
[2025-02-06T10:15:32.686+0000] {processor.py:208} INFO - Processing /opt/conda/lib/python3.12/site-packages/airflow/example_dags/example_dag_decorator.py took 0.219 seconds
[2025-02-06T10:21:08.217+0000] {processor.py:186} INFO - Started process (PID=3604) to work on /opt/conda/lib/python3.12/site-packages/airflow/example_dags/example_dag_decorator.py
[2025-02-06T10:21:08.218+0000] {processor.py:914} INFO - Processing file /opt/conda/lib/python3.12/site-packages/airflow/example_dags/example_dag_decorator.py for tasks to queue
[2025-02-06T10:21:08.220+0000] {logging_mixin.py:190} INFO - [2025-02-06T10:21:08.219+0000] {dagbag.py:588} INFO - Filling up the DagBag from /opt/conda/lib/python3.12/site-packages/airflow/example_dags/example_dag_decorator.py
[2025-02-06T10:21:08.230+0000] {processor.py:925} INFO - DAG(s) 'example_dag_decorator' retrieved from /opt/conda/lib/python3.12/site-packages/airflow/example_dags/example_dag_decorator.py
[2025-02-06T10:21:08.259+0000] {logging_mixin.py:190} INFO - [2025-02-06T10:21:08.259+0000] {dag.py:3239} INFO - Sync 1 DAGs
[2025-02-06T10:21:08.274+0000] {logging_mixin.py:190} INFO - [2025-02-06T10:21:08.274+0000] {dag.py:4180} INFO - Setting next_dagrun for example_dag_decorator to None, run_after=None
[2025-02-06T10:21:08.329+0000] {processor.py:208} INFO - Processing /opt/conda/lib/python3.12/site-packages/airflow/example_dags/example_dag_decorator.py took 0.116 seconds
[2025-02-06T10:24:21.053+0000] {processor.py:186} INFO - Started process (PID=3901) to work on /opt/conda/lib/python3.12/site-packages/airflow/example_dags/example_dag_decorator.py
[2025-02-06T10:24:21.054+0000] {processor.py:914} INFO - Processing file /opt/conda/lib/python3.12/site-packages/airflow/example_dags/example_dag_decorator.py for tasks to queue
[2025-02-06T10:24:21.055+0000] {logging_mixin.py:190} INFO - [2025-02-06T10:24:21.055+0000] {dagbag.py:588} INFO - Filling up the DagBag from /opt/conda/lib/python3.12/site-packages/airflow/example_dags/example_dag_decorator.py
[2025-02-06T10:24:21.065+0000] {processor.py:925} INFO - DAG(s) 'example_dag_decorator' retrieved from /opt/conda/lib/python3.12/site-packages/airflow/example_dags/example_dag_decorator.py
[2025-02-06T10:24:21.187+0000] {logging_mixin.py:190} INFO - [2025-02-06T10:24:21.187+0000] {dag.py:3239} INFO - Sync 1 DAGs
[2025-02-06T10:24:21.200+0000] {logging_mixin.py:190} INFO - [2025-02-06T10:24:21.199+0000] {dag.py:4180} INFO - Setting next_dagrun for example_dag_decorator to None, run_after=None
[2025-02-06T10:24:21.268+0000] {processor.py:208} INFO - Processing /opt/conda/lib/python3.12/site-packages/airflow/example_dags/example_dag_decorator.py took 0.219 seconds
[2025-02-06T11:42:23.227+0000] {processor.py:186} INFO - Started process (PID=888) to work on /opt/conda/lib/python3.12/site-packages/airflow/example_dags/example_dag_decorator.py
[2025-02-06T11:42:23.237+0000] {processor.py:914} INFO - Processing file /opt/conda/lib/python3.12/site-packages/airflow/example_dags/example_dag_decorator.py for tasks to queue
[2025-02-06T11:42:23.240+0000] {logging_mixin.py:190} INFO - [2025-02-06T11:42:23.239+0000] {dagbag.py:588} INFO - Filling up the DagBag from /opt/conda/lib/python3.12/site-packages/airflow/example_dags/example_dag_decorator.py
[2025-02-06T11:42:23.255+0000] {processor.py:925} INFO - DAG(s) 'example_dag_decorator' retrieved from /opt/conda/lib/python3.12/site-packages/airflow/example_dags/example_dag_decorator.py
[2025-02-06T11:42:23.425+0000] {logging_mixin.py:190} INFO - [2025-02-06T11:42:23.424+0000] {dag.py:3239} INFO - Sync 1 DAGs
[2025-02-06T11:42:23.442+0000] {logging_mixin.py:190} INFO - [2025-02-06T11:42:23.442+0000] {dag.py:4180} INFO - Setting next_dagrun for example_dag_decorator to None, run_after=None
[2025-02-06T11:42:23.533+0000] {processor.py:208} INFO - Processing /opt/conda/lib/python3.12/site-packages/airflow/example_dags/example_dag_decorator.py took 0.311 seconds
[2025-02-06T11:46:58.689+0000] {processor.py:186} INFO - Started process (PID=1882) to work on /opt/conda/lib/python3.12/site-packages/airflow/example_dags/example_dag_decorator.py
[2025-02-06T11:46:58.692+0000] {processor.py:914} INFO - Processing file /opt/conda/lib/python3.12/site-packages/airflow/example_dags/example_dag_decorator.py for tasks to queue
[2025-02-06T11:46:58.696+0000] {logging_mixin.py:190} INFO - [2025-02-06T11:46:58.696+0000] {dagbag.py:588} INFO - Filling up the DagBag from /opt/conda/lib/python3.12/site-packages/airflow/example_dags/example_dag_decorator.py
[2025-02-06T11:46:58.724+0000] {processor.py:925} INFO - DAG(s) 'example_dag_decorator' retrieved from /opt/conda/lib/python3.12/site-packages/airflow/example_dags/example_dag_decorator.py
[2025-02-06T11:46:58.963+0000] {logging_mixin.py:190} INFO - [2025-02-06T11:46:58.963+0000] {dag.py:3239} INFO - Sync 1 DAGs
[2025-02-06T11:46:58.988+0000] {logging_mixin.py:190} INFO - [2025-02-06T11:46:58.988+0000] {dag.py:4180} INFO - Setting next_dagrun for example_dag_decorator to None, run_after=None
[2025-02-06T11:46:59.254+0000] {processor.py:208} INFO - Processing /opt/conda/lib/python3.12/site-packages/airflow/example_dags/example_dag_decorator.py took 0.577 seconds
[2025-02-06T11:50:42.326+0000] {processor.py:186} INFO - Started process (PID=2795) to work on /opt/conda/lib/python3.12/site-packages/airflow/example_dags/example_dag_decorator.py
[2025-02-06T11:50:42.327+0000] {processor.py:914} INFO - Processing file /opt/conda/lib/python3.12/site-packages/airflow/example_dags/example_dag_decorator.py for tasks to queue
[2025-02-06T11:50:42.329+0000] {logging_mixin.py:190} INFO - [2025-02-06T11:50:42.329+0000] {dagbag.py:588} INFO - Filling up the DagBag from /opt/conda/lib/python3.12/site-packages/airflow/example_dags/example_dag_decorator.py
[2025-02-06T11:50:42.348+0000] {processor.py:925} INFO - DAG(s) 'example_dag_decorator' retrieved from /opt/conda/lib/python3.12/site-packages/airflow/example_dags/example_dag_decorator.py
[2025-02-06T11:50:42.513+0000] {logging_mixin.py:190} INFO - [2025-02-06T11:50:42.513+0000] {dag.py:3239} INFO - Sync 1 DAGs
[2025-02-06T11:50:42.529+0000] {logging_mixin.py:190} INFO - [2025-02-06T11:50:42.529+0000] {dag.py:4180} INFO - Setting next_dagrun for example_dag_decorator to None, run_after=None
[2025-02-06T11:50:42.599+0000] {processor.py:208} INFO - Processing /opt/conda/lib/python3.12/site-packages/airflow/example_dags/example_dag_decorator.py took 0.280 seconds
[2025-02-06T12:05:53.112+0000] {processor.py:186} INFO - Started process (PID=906) to work on /opt/conda/lib/python3.12/site-packages/airflow/example_dags/example_dag_decorator.py
[2025-02-06T12:05:53.114+0000] {processor.py:914} INFO - Processing file /opt/conda/lib/python3.12/site-packages/airflow/example_dags/example_dag_decorator.py for tasks to queue
[2025-02-06T12:05:53.116+0000] {logging_mixin.py:190} INFO - [2025-02-06T12:05:53.115+0000] {dagbag.py:588} INFO - Filling up the DagBag from /opt/conda/lib/python3.12/site-packages/airflow/example_dags/example_dag_decorator.py
[2025-02-06T12:05:53.124+0000] {processor.py:925} INFO - DAG(s) 'example_dag_decorator' retrieved from /opt/conda/lib/python3.12/site-packages/airflow/example_dags/example_dag_decorator.py
[2025-02-06T12:05:53.240+0000] {logging_mixin.py:190} INFO - [2025-02-06T12:05:53.240+0000] {dag.py:3239} INFO - Sync 1 DAGs
[2025-02-06T12:05:53.250+0000] {logging_mixin.py:190} INFO - [2025-02-06T12:05:53.250+0000] {dag.py:4180} INFO - Setting next_dagrun for example_dag_decorator to None, run_after=None
[2025-02-06T12:05:53.314+0000] {processor.py:208} INFO - Processing /opt/conda/lib/python3.12/site-packages/airflow/example_dags/example_dag_decorator.py took 0.205 seconds
[2025-02-06T12:08:43.260+0000] {processor.py:186} INFO - Started process (PID=1920) to work on /opt/conda/lib/python3.12/site-packages/airflow/example_dags/example_dag_decorator.py
[2025-02-06T12:08:43.261+0000] {processor.py:914} INFO - Processing file /opt/conda/lib/python3.12/site-packages/airflow/example_dags/example_dag_decorator.py for tasks to queue
[2025-02-06T12:08:43.263+0000] {logging_mixin.py:190} INFO - [2025-02-06T12:08:43.263+0000] {dagbag.py:588} INFO - Filling up the DagBag from /opt/conda/lib/python3.12/site-packages/airflow/example_dags/example_dag_decorator.py
[2025-02-06T12:08:43.272+0000] {processor.py:925} INFO - DAG(s) 'example_dag_decorator' retrieved from /opt/conda/lib/python3.12/site-packages/airflow/example_dags/example_dag_decorator.py
[2025-02-06T12:08:43.327+0000] {logging_mixin.py:190} INFO - [2025-02-06T12:08:43.327+0000] {dag.py:3239} INFO - Sync 1 DAGs
[2025-02-06T12:08:43.354+0000] {logging_mixin.py:190} INFO - [2025-02-06T12:08:43.353+0000] {dag.py:4180} INFO - Setting next_dagrun for example_dag_decorator to None, run_after=None
[2025-02-06T12:08:43.434+0000] {processor.py:208} INFO - Processing /opt/conda/lib/python3.12/site-packages/airflow/example_dags/example_dag_decorator.py took 0.179 seconds
[2025-02-06T12:22:30.416+0000] {processor.py:186} INFO - Started process (PID=474) to work on /opt/conda/lib/python3.12/site-packages/airflow/example_dags/example_dag_decorator.py
[2025-02-06T12:22:30.417+0000] {processor.py:914} INFO - Processing file /opt/conda/lib/python3.12/site-packages/airflow/example_dags/example_dag_decorator.py for tasks to queue
[2025-02-06T12:22:30.419+0000] {logging_mixin.py:190} INFO - [2025-02-06T12:22:30.418+0000] {dagbag.py:588} INFO - Filling up the DagBag from /opt/conda/lib/python3.12/site-packages/airflow/example_dags/example_dag_decorator.py
[2025-02-06T12:22:30.428+0000] {processor.py:925} INFO - DAG(s) 'example_dag_decorator' retrieved from /opt/conda/lib/python3.12/site-packages/airflow/example_dags/example_dag_decorator.py
[2025-02-06T12:22:30.552+0000] {logging_mixin.py:190} INFO - [2025-02-06T12:22:30.552+0000] {dag.py:3239} INFO - Sync 1 DAGs
[2025-02-06T12:22:30.564+0000] {logging_mixin.py:190} INFO - [2025-02-06T12:22:30.563+0000] {dag.py:4180} INFO - Setting next_dagrun for example_dag_decorator to None, run_after=None
[2025-02-06T12:22:30.616+0000] {processor.py:208} INFO - Processing /opt/conda/lib/python3.12/site-packages/airflow/example_dags/example_dag_decorator.py took 0.204 seconds
[2025-02-06T12:24:36.479+0000] {processor.py:186} INFO - Started process (PID=1259) to work on /opt/conda/lib/python3.12/site-packages/airflow/example_dags/example_dag_decorator.py
[2025-02-06T12:24:36.480+0000] {processor.py:914} INFO - Processing file /opt/conda/lib/python3.12/site-packages/airflow/example_dags/example_dag_decorator.py for tasks to queue
[2025-02-06T12:24:36.482+0000] {logging_mixin.py:190} INFO - [2025-02-06T12:24:36.481+0000] {dagbag.py:588} INFO - Filling up the DagBag from /opt/conda/lib/python3.12/site-packages/airflow/example_dags/example_dag_decorator.py
[2025-02-06T12:24:36.490+0000] {processor.py:925} INFO - DAG(s) 'example_dag_decorator' retrieved from /opt/conda/lib/python3.12/site-packages/airflow/example_dags/example_dag_decorator.py
[2025-02-06T12:24:36.614+0000] {logging_mixin.py:190} INFO - [2025-02-06T12:24:36.614+0000] {dag.py:3239} INFO - Sync 1 DAGs
[2025-02-06T12:24:36.624+0000] {logging_mixin.py:190} INFO - [2025-02-06T12:24:36.624+0000] {dag.py:4180} INFO - Setting next_dagrun for example_dag_decorator to None, run_after=None
[2025-02-06T12:24:36.693+0000] {processor.py:208} INFO - Processing /opt/conda/lib/python3.12/site-packages/airflow/example_dags/example_dag_decorator.py took 0.218 seconds
[2025-02-06T12:27:58.608+0000] {processor.py:186} INFO - Started process (PID=2818) to work on /opt/conda/lib/python3.12/site-packages/airflow/example_dags/example_dag_decorator.py
[2025-02-06T12:27:58.610+0000] {processor.py:914} INFO - Processing file /opt/conda/lib/python3.12/site-packages/airflow/example_dags/example_dag_decorator.py for tasks to queue
[2025-02-06T12:27:58.612+0000] {logging_mixin.py:190} INFO - [2025-02-06T12:27:58.612+0000] {dagbag.py:588} INFO - Filling up the DagBag from /opt/conda/lib/python3.12/site-packages/airflow/example_dags/example_dag_decorator.py
[2025-02-06T12:27:58.622+0000] {processor.py:925} INFO - DAG(s) 'example_dag_decorator' retrieved from /opt/conda/lib/python3.12/site-packages/airflow/example_dags/example_dag_decorator.py
[2025-02-06T12:27:58.729+0000] {logging_mixin.py:190} INFO - [2025-02-06T12:27:58.729+0000] {dag.py:3239} INFO - Sync 1 DAGs
[2025-02-06T12:27:58.738+0000] {logging_mixin.py:190} INFO - [2025-02-06T12:27:58.738+0000] {dag.py:4180} INFO - Setting next_dagrun for example_dag_decorator to None, run_after=None
[2025-02-06T12:27:58.785+0000] {processor.py:208} INFO - Processing /opt/conda/lib/python3.12/site-packages/airflow/example_dags/example_dag_decorator.py took 0.181 seconds
[2025-02-06T12:31:51.492+0000] {processor.py:186} INFO - Started process (PID=4850) to work on /opt/conda/lib/python3.12/site-packages/airflow/example_dags/example_dag_decorator.py
[2025-02-06T12:31:51.493+0000] {processor.py:914} INFO - Processing file /opt/conda/lib/python3.12/site-packages/airflow/example_dags/example_dag_decorator.py for tasks to queue
[2025-02-06T12:31:51.495+0000] {logging_mixin.py:190} INFO - [2025-02-06T12:31:51.495+0000] {dagbag.py:588} INFO - Filling up the DagBag from /opt/conda/lib/python3.12/site-packages/airflow/example_dags/example_dag_decorator.py
[2025-02-06T12:31:51.504+0000] {processor.py:925} INFO - DAG(s) 'example_dag_decorator' retrieved from /opt/conda/lib/python3.12/site-packages/airflow/example_dags/example_dag_decorator.py
[2025-02-06T12:31:51.621+0000] {logging_mixin.py:190} INFO - [2025-02-06T12:31:51.620+0000] {dag.py:3239} INFO - Sync 1 DAGs
[2025-02-06T12:31:51.632+0000] {logging_mixin.py:190} INFO - [2025-02-06T12:31:51.632+0000] {dag.py:4180} INFO - Setting next_dagrun for example_dag_decorator to None, run_after=None
[2025-02-06T12:31:51.700+0000] {processor.py:208} INFO - Processing /opt/conda/lib/python3.12/site-packages/airflow/example_dags/example_dag_decorator.py took 0.211 seconds
[2025-02-06T12:35:58.870+0000] {processor.py:186} INFO - Started process (PID=6987) to work on /opt/conda/lib/python3.12/site-packages/airflow/example_dags/example_dag_decorator.py
[2025-02-06T12:35:58.870+0000] {processor.py:914} INFO - Processing file /opt/conda/lib/python3.12/site-packages/airflow/example_dags/example_dag_decorator.py for tasks to queue
[2025-02-06T12:35:58.873+0000] {logging_mixin.py:190} INFO - [2025-02-06T12:35:58.872+0000] {dagbag.py:588} INFO - Filling up the DagBag from /opt/conda/lib/python3.12/site-packages/airflow/example_dags/example_dag_decorator.py
[2025-02-06T12:35:58.881+0000] {processor.py:925} INFO - DAG(s) 'example_dag_decorator' retrieved from /opt/conda/lib/python3.12/site-packages/airflow/example_dags/example_dag_decorator.py
[2025-02-06T12:35:58.979+0000] {logging_mixin.py:190} INFO - [2025-02-06T12:35:58.978+0000] {dag.py:3239} INFO - Sync 1 DAGs
[2025-02-06T12:35:58.989+0000] {logging_mixin.py:190} INFO - [2025-02-06T12:35:58.989+0000] {dag.py:4180} INFO - Setting next_dagrun for example_dag_decorator to None, run_after=None
[2025-02-06T12:35:59.049+0000] {processor.py:208} INFO - Processing /opt/conda/lib/python3.12/site-packages/airflow/example_dags/example_dag_decorator.py took 0.183 seconds
[2025-02-06T12:40:09.573+0000] {processor.py:186} INFO - Started process (PID=9107) to work on /opt/conda/lib/python3.12/site-packages/airflow/example_dags/example_dag_decorator.py
[2025-02-06T12:40:09.574+0000] {processor.py:914} INFO - Processing file /opt/conda/lib/python3.12/site-packages/airflow/example_dags/example_dag_decorator.py for tasks to queue
[2025-02-06T12:40:09.576+0000] {logging_mixin.py:190} INFO - [2025-02-06T12:40:09.576+0000] {dagbag.py:588} INFO - Filling up the DagBag from /opt/conda/lib/python3.12/site-packages/airflow/example_dags/example_dag_decorator.py
[2025-02-06T12:40:09.586+0000] {processor.py:925} INFO - DAG(s) 'example_dag_decorator' retrieved from /opt/conda/lib/python3.12/site-packages/airflow/example_dags/example_dag_decorator.py
[2025-02-06T12:40:09.694+0000] {logging_mixin.py:190} INFO - [2025-02-06T12:40:09.693+0000] {dag.py:3239} INFO - Sync 1 DAGs
[2025-02-06T12:40:09.706+0000] {logging_mixin.py:190} INFO - [2025-02-06T12:40:09.706+0000] {dag.py:4180} INFO - Setting next_dagrun for example_dag_decorator to None, run_after=None
[2025-02-06T12:40:09.783+0000] {processor.py:208} INFO - Processing /opt/conda/lib/python3.12/site-packages/airflow/example_dags/example_dag_decorator.py took 0.214 seconds
[2025-02-06T12:44:14.125+0000] {processor.py:186} INFO - Started process (PID=11210) to work on /opt/conda/lib/python3.12/site-packages/airflow/example_dags/example_dag_decorator.py
[2025-02-06T12:44:14.126+0000] {processor.py:914} INFO - Processing file /opt/conda/lib/python3.12/site-packages/airflow/example_dags/example_dag_decorator.py for tasks to queue
[2025-02-06T12:44:14.128+0000] {logging_mixin.py:190} INFO - [2025-02-06T12:44:14.128+0000] {dagbag.py:588} INFO - Filling up the DagBag from /opt/conda/lib/python3.12/site-packages/airflow/example_dags/example_dag_decorator.py
[2025-02-06T12:44:14.137+0000] {processor.py:925} INFO - DAG(s) 'example_dag_decorator' retrieved from /opt/conda/lib/python3.12/site-packages/airflow/example_dags/example_dag_decorator.py
[2025-02-06T12:44:14.251+0000] {logging_mixin.py:190} INFO - [2025-02-06T12:44:14.251+0000] {dag.py:3239} INFO - Sync 1 DAGs
[2025-02-06T12:44:14.262+0000] {logging_mixin.py:190} INFO - [2025-02-06T12:44:14.262+0000] {dag.py:4180} INFO - Setting next_dagrun for example_dag_decorator to None, run_after=None
[2025-02-06T12:44:14.321+0000] {processor.py:208} INFO - Processing /opt/conda/lib/python3.12/site-packages/airflow/example_dags/example_dag_decorator.py took 0.200 seconds
[2025-02-06T12:48:50.569+0000] {processor.py:186} INFO - Started process (PID=13379) to work on /opt/conda/lib/python3.12/site-packages/airflow/example_dags/example_dag_decorator.py
[2025-02-06T12:48:50.570+0000] {processor.py:914} INFO - Processing file /opt/conda/lib/python3.12/site-packages/airflow/example_dags/example_dag_decorator.py for tasks to queue
[2025-02-06T12:48:50.572+0000] {logging_mixin.py:190} INFO - [2025-02-06T12:48:50.572+0000] {dagbag.py:588} INFO - Filling up the DagBag from /opt/conda/lib/python3.12/site-packages/airflow/example_dags/example_dag_decorator.py
[2025-02-06T12:48:50.582+0000] {processor.py:925} INFO - DAG(s) 'example_dag_decorator' retrieved from /opt/conda/lib/python3.12/site-packages/airflow/example_dags/example_dag_decorator.py
[2025-02-06T12:48:50.688+0000] {logging_mixin.py:190} INFO - [2025-02-06T12:48:50.688+0000] {dag.py:3239} INFO - Sync 1 DAGs
[2025-02-06T12:48:50.698+0000] {logging_mixin.py:190} INFO - [2025-02-06T12:48:50.698+0000] {dag.py:4180} INFO - Setting next_dagrun for example_dag_decorator to None, run_after=None
[2025-02-06T12:48:50.760+0000] {processor.py:208} INFO - Processing /opt/conda/lib/python3.12/site-packages/airflow/example_dags/example_dag_decorator.py took 0.194 seconds
[2025-02-06T12:59:12.095+0000] {processor.py:186} INFO - Started process (PID=498) to work on /opt/conda/lib/python3.12/site-packages/airflow/example_dags/example_dag_decorator.py
[2025-02-06T12:59:12.096+0000] {processor.py:914} INFO - Processing file /opt/conda/lib/python3.12/site-packages/airflow/example_dags/example_dag_decorator.py for tasks to queue
[2025-02-06T12:59:12.098+0000] {logging_mixin.py:190} INFO - [2025-02-06T12:59:12.097+0000] {dagbag.py:588} INFO - Filling up the DagBag from /opt/conda/lib/python3.12/site-packages/airflow/example_dags/example_dag_decorator.py
[2025-02-06T12:59:12.112+0000] {processor.py:925} INFO - DAG(s) 'example_dag_decorator' retrieved from /opt/conda/lib/python3.12/site-packages/airflow/example_dags/example_dag_decorator.py
[2025-02-06T12:59:12.283+0000] {logging_mixin.py:190} INFO - [2025-02-06T12:59:12.283+0000] {dag.py:3239} INFO - Sync 1 DAGs
[2025-02-06T12:59:12.304+0000] {logging_mixin.py:190} INFO - [2025-02-06T12:59:12.304+0000] {dag.py:4180} INFO - Setting next_dagrun for example_dag_decorator to None, run_after=None
[2025-02-06T12:59:12.391+0000] {processor.py:208} INFO - Processing /opt/conda/lib/python3.12/site-packages/airflow/example_dags/example_dag_decorator.py took 0.306 seconds
[2025-02-06T13:02:35.805+0000] {processor.py:186} INFO - Started process (PID=1474) to work on /opt/conda/lib/python3.12/site-packages/airflow/example_dags/example_dag_decorator.py
[2025-02-06T13:02:35.807+0000] {processor.py:914} INFO - Processing file /opt/conda/lib/python3.12/site-packages/airflow/example_dags/example_dag_decorator.py for tasks to queue
[2025-02-06T13:02:35.809+0000] {logging_mixin.py:190} INFO - [2025-02-06T13:02:35.809+0000] {dagbag.py:588} INFO - Filling up the DagBag from /opt/conda/lib/python3.12/site-packages/airflow/example_dags/example_dag_decorator.py
[2025-02-06T13:02:35.819+0000] {processor.py:925} INFO - DAG(s) 'example_dag_decorator' retrieved from /opt/conda/lib/python3.12/site-packages/airflow/example_dags/example_dag_decorator.py
[2025-02-06T13:02:35.933+0000] {logging_mixin.py:190} INFO - [2025-02-06T13:02:35.933+0000] {dag.py:3239} INFO - Sync 1 DAGs
[2025-02-06T13:02:35.945+0000] {logging_mixin.py:190} INFO - [2025-02-06T13:02:35.944+0000] {dag.py:4180} INFO - Setting next_dagrun for example_dag_decorator to None, run_after=None
[2025-02-06T13:02:36.019+0000] {processor.py:208} INFO - Processing /opt/conda/lib/python3.12/site-packages/airflow/example_dags/example_dag_decorator.py took 0.219 seconds
[2025-02-06T13:05:02.252+0000] {processor.py:186} INFO - Started process (PID=2267) to work on /opt/conda/lib/python3.12/site-packages/airflow/example_dags/example_dag_decorator.py
[2025-02-06T13:05:02.253+0000] {processor.py:914} INFO - Processing file /opt/conda/lib/python3.12/site-packages/airflow/example_dags/example_dag_decorator.py for tasks to queue
[2025-02-06T13:05:02.255+0000] {logging_mixin.py:190} INFO - [2025-02-06T13:05:02.255+0000] {dagbag.py:588} INFO - Filling up the DagBag from /opt/conda/lib/python3.12/site-packages/airflow/example_dags/example_dag_decorator.py
[2025-02-06T13:05:02.265+0000] {processor.py:925} INFO - DAG(s) 'example_dag_decorator' retrieved from /opt/conda/lib/python3.12/site-packages/airflow/example_dags/example_dag_decorator.py
[2025-02-06T13:05:02.385+0000] {logging_mixin.py:190} INFO - [2025-02-06T13:05:02.384+0000] {dag.py:3239} INFO - Sync 1 DAGs
[2025-02-06T13:05:02.401+0000] {logging_mixin.py:190} INFO - [2025-02-06T13:05:02.401+0000] {dag.py:4180} INFO - Setting next_dagrun for example_dag_decorator to None, run_after=None
[2025-02-06T13:05:02.466+0000] {processor.py:208} INFO - Processing /opt/conda/lib/python3.12/site-packages/airflow/example_dags/example_dag_decorator.py took 0.219 seconds
