[2025-02-06T08:27:04.863+0000] {processor.py:186} INFO - Started process (PID=64) to work on /opt/conda/lib/python3.12/site-packages/airflow/example_dags/example_python_decorator.py
[2025-02-06T08:27:04.865+0000] {processor.py:914} INFO - Processing file /opt/conda/lib/python3.12/site-packages/airflow/example_dags/example_python_decorator.py for tasks to queue
[2025-02-06T08:27:04.867+0000] {logging_mixin.py:190} INFO - [2025-02-06T08:27:04.867+0000] {dagbag.py:588} INFO - Filling up the DagBag from /opt/conda/lib/python3.12/site-packages/airflow/example_dags/example_python_decorator.py
[2025-02-06T08:27:04.882+0000] {logging_mixin.py:190} INFO - [2025-02-06T08:27:04.882+0000] {example_python_decorator.py:80} WARNING - The virtalenv_python example task requires virtualenv, please install it.
[2025-02-06T08:27:04.884+0000] {processor.py:925} INFO - DAG(s) 'example_python_decorator' retrieved from /opt/conda/lib/python3.12/site-packages/airflow/example_dags/example_python_decorator.py
[2025-02-06T08:27:05.065+0000] {logging_mixin.py:190} INFO - [2025-02-06T08:27:05.064+0000] {override.py:1912} INFO - Created Permission View: can delete on DAG:example_python_decorator
[2025-02-06T08:27:05.116+0000] {logging_mixin.py:190} INFO - [2025-02-06T08:27:05.116+0000] {override.py:1912} INFO - Created Permission View: can read on DAG:example_python_decorator
[2025-02-06T08:27:05.169+0000] {logging_mixin.py:190} INFO - [2025-02-06T08:27:05.168+0000] {override.py:1912} INFO - Created Permission View: can edit on DAG:example_python_decorator
[2025-02-06T08:27:05.251+0000] {logging_mixin.py:190} INFO - [2025-02-06T08:27:05.251+0000] {override.py:1912} INFO - Created Permission View: menu access on DAG Run:example_python_decorator
[2025-02-06T08:27:05.307+0000] {logging_mixin.py:190} INFO - [2025-02-06T08:27:05.306+0000] {override.py:1912} INFO - Created Permission View: can create on DAG Run:example_python_decorator
[2025-02-06T08:27:05.361+0000] {logging_mixin.py:190} INFO - [2025-02-06T08:27:05.360+0000] {override.py:1912} INFO - Created Permission View: can read on DAG Run:example_python_decorator
[2025-02-06T08:27:05.408+0000] {logging_mixin.py:190} INFO - [2025-02-06T08:27:05.407+0000] {override.py:1912} INFO - Created Permission View: can delete on DAG Run:example_python_decorator
[2025-02-06T08:27:05.409+0000] {logging_mixin.py:190} INFO - [2025-02-06T08:27:05.409+0000] {dag.py:3239} INFO - Sync 1 DAGs
[2025-02-06T08:27:05.435+0000] {logging_mixin.py:190} INFO - [2025-02-06T08:27:05.435+0000] {dag.py:3262} INFO - Creating ORM DAG for example_python_decorator
[2025-02-06T08:27:05.436+0000] {logging_mixin.py:190} INFO - [2025-02-06T08:27:05.436+0000] {dag.py:4180} INFO - Setting next_dagrun for example_python_decorator to None, run_after=None
[2025-02-06T08:27:05.527+0000] {processor.py:208} INFO - Processing /opt/conda/lib/python3.12/site-packages/airflow/example_dags/example_python_decorator.py took 0.668 seconds
[2025-02-06T08:30:47.958+0000] {processor.py:186} INFO - Started process (PID=64) to work on /opt/conda/lib/python3.12/site-packages/airflow/example_dags/example_python_decorator.py
[2025-02-06T08:30:47.960+0000] {processor.py:914} INFO - Processing file /opt/conda/lib/python3.12/site-packages/airflow/example_dags/example_python_decorator.py for tasks to queue
[2025-02-06T08:30:47.961+0000] {logging_mixin.py:190} INFO - [2025-02-06T08:30:47.961+0000] {dagbag.py:588} INFO - Filling up the DagBag from /opt/conda/lib/python3.12/site-packages/airflow/example_dags/example_python_decorator.py
[2025-02-06T08:30:47.968+0000] {logging_mixin.py:190} INFO - [2025-02-06T08:30:47.968+0000] {example_python_decorator.py:80} WARNING - The virtalenv_python example task requires virtualenv, please install it.
[2025-02-06T08:30:47.971+0000] {processor.py:925} INFO - DAG(s) 'example_python_decorator' retrieved from /opt/conda/lib/python3.12/site-packages/airflow/example_dags/example_python_decorator.py
[2025-02-06T08:30:47.991+0000] {logging_mixin.py:190} INFO - [2025-02-06T08:30:47.991+0000] {dag.py:3239} INFO - Sync 1 DAGs
[2025-02-06T08:30:48.003+0000] {logging_mixin.py:190} INFO - [2025-02-06T08:30:48.003+0000] {dag.py:4180} INFO - Setting next_dagrun for example_python_decorator to None, run_after=None
[2025-02-06T08:30:48.062+0000] {processor.py:208} INFO - Processing /opt/conda/lib/python3.12/site-packages/airflow/example_dags/example_python_decorator.py took 0.108 seconds
[2025-02-06T08:31:54.375+0000] {processor.py:186} INFO - Started process (PID=122) to work on /opt/conda/lib/python3.12/site-packages/airflow/example_dags/example_python_decorator.py
[2025-02-06T08:31:54.376+0000] {processor.py:914} INFO - Processing file /opt/conda/lib/python3.12/site-packages/airflow/example_dags/example_python_decorator.py for tasks to queue
[2025-02-06T08:31:54.377+0000] {logging_mixin.py:190} INFO - [2025-02-06T08:31:54.377+0000] {dagbag.py:588} INFO - Filling up the DagBag from /opt/conda/lib/python3.12/site-packages/airflow/example_dags/example_python_decorator.py
[2025-02-06T08:31:54.384+0000] {logging_mixin.py:190} INFO - [2025-02-06T08:31:54.383+0000] {example_python_decorator.py:80} WARNING - The virtalenv_python example task requires virtualenv, please install it.
[2025-02-06T08:31:54.386+0000] {processor.py:925} INFO - DAG(s) 'example_python_decorator' retrieved from /opt/conda/lib/python3.12/site-packages/airflow/example_dags/example_python_decorator.py
[2025-02-06T08:31:54.406+0000] {logging_mixin.py:190} INFO - [2025-02-06T08:31:54.405+0000] {dag.py:3239} INFO - Sync 1 DAGs
[2025-02-06T08:31:54.419+0000] {logging_mixin.py:190} INFO - [2025-02-06T08:31:54.419+0000] {dag.py:4180} INFO - Setting next_dagrun for example_python_decorator to None, run_after=None
[2025-02-06T08:31:54.485+0000] {processor.py:208} INFO - Processing /opt/conda/lib/python3.12/site-packages/airflow/example_dags/example_python_decorator.py took 0.115 seconds
[2025-02-06T08:33:03.094+0000] {processor.py:186} INFO - Started process (PID=183) to work on /opt/conda/lib/python3.12/site-packages/airflow/example_dags/example_python_decorator.py
[2025-02-06T08:33:03.096+0000] {processor.py:914} INFO - Processing file /opt/conda/lib/python3.12/site-packages/airflow/example_dags/example_python_decorator.py for tasks to queue
[2025-02-06T08:33:03.097+0000] {logging_mixin.py:190} INFO - [2025-02-06T08:33:03.097+0000] {dagbag.py:588} INFO - Filling up the DagBag from /opt/conda/lib/python3.12/site-packages/airflow/example_dags/example_python_decorator.py
[2025-02-06T08:33:03.104+0000] {logging_mixin.py:190} INFO - [2025-02-06T08:33:03.104+0000] {example_python_decorator.py:80} WARNING - The virtalenv_python example task requires virtualenv, please install it.
[2025-02-06T08:33:03.106+0000] {processor.py:925} INFO - DAG(s) 'example_python_decorator' retrieved from /opt/conda/lib/python3.12/site-packages/airflow/example_dags/example_python_decorator.py
[2025-02-06T08:33:03.156+0000] {logging_mixin.py:190} INFO - [2025-02-06T08:33:03.155+0000] {dag.py:3239} INFO - Sync 1 DAGs
[2025-02-06T08:33:03.168+0000] {logging_mixin.py:190} INFO - [2025-02-06T08:33:03.168+0000] {dag.py:4180} INFO - Setting next_dagrun for example_python_decorator to None, run_after=None
[2025-02-06T08:33:03.223+0000] {processor.py:208} INFO - Processing /opt/conda/lib/python3.12/site-packages/airflow/example_dags/example_python_decorator.py took 0.133 seconds
[2025-02-06T08:34:15.561+0000] {processor.py:186} INFO - Started process (PID=245) to work on /opt/conda/lib/python3.12/site-packages/airflow/example_dags/example_python_decorator.py
[2025-02-06T08:34:15.562+0000] {processor.py:914} INFO - Processing file /opt/conda/lib/python3.12/site-packages/airflow/example_dags/example_python_decorator.py for tasks to queue
[2025-02-06T08:34:15.563+0000] {logging_mixin.py:190} INFO - [2025-02-06T08:34:15.563+0000] {dagbag.py:588} INFO - Filling up the DagBag from /opt/conda/lib/python3.12/site-packages/airflow/example_dags/example_python_decorator.py
[2025-02-06T08:34:15.575+0000] {logging_mixin.py:190} INFO - [2025-02-06T08:34:15.575+0000] {example_python_decorator.py:80} WARNING - The virtalenv_python example task requires virtualenv, please install it.
[2025-02-06T08:34:15.577+0000] {processor.py:925} INFO - DAG(s) 'example_python_decorator' retrieved from /opt/conda/lib/python3.12/site-packages/airflow/example_dags/example_python_decorator.py
[2025-02-06T08:34:15.599+0000] {logging_mixin.py:190} INFO - [2025-02-06T08:34:15.599+0000] {dag.py:3239} INFO - Sync 1 DAGs
[2025-02-06T08:34:15.611+0000] {logging_mixin.py:190} INFO - [2025-02-06T08:34:15.611+0000] {dag.py:4180} INFO - Setting next_dagrun for example_python_decorator to None, run_after=None
[2025-02-06T08:34:15.664+0000] {processor.py:208} INFO - Processing /opt/conda/lib/python3.12/site-packages/airflow/example_dags/example_python_decorator.py took 0.107 seconds
[2025-02-06T08:35:33.551+0000] {processor.py:186} INFO - Started process (PID=310) to work on /opt/conda/lib/python3.12/site-packages/airflow/example_dags/example_python_decorator.py
[2025-02-06T08:35:33.552+0000] {processor.py:914} INFO - Processing file /opt/conda/lib/python3.12/site-packages/airflow/example_dags/example_python_decorator.py for tasks to queue
[2025-02-06T08:35:33.553+0000] {logging_mixin.py:190} INFO - [2025-02-06T08:35:33.553+0000] {dagbag.py:588} INFO - Filling up the DagBag from /opt/conda/lib/python3.12/site-packages/airflow/example_dags/example_python_decorator.py
[2025-02-06T08:35:33.562+0000] {logging_mixin.py:190} INFO - [2025-02-06T08:35:33.562+0000] {example_python_decorator.py:80} WARNING - The virtalenv_python example task requires virtualenv, please install it.
[2025-02-06T08:35:33.564+0000] {processor.py:925} INFO - DAG(s) 'example_python_decorator' retrieved from /opt/conda/lib/python3.12/site-packages/airflow/example_dags/example_python_decorator.py
[2025-02-06T08:35:33.583+0000] {logging_mixin.py:190} INFO - [2025-02-06T08:35:33.583+0000] {dag.py:3239} INFO - Sync 1 DAGs
[2025-02-06T08:35:33.594+0000] {logging_mixin.py:190} INFO - [2025-02-06T08:35:33.594+0000] {dag.py:4180} INFO - Setting next_dagrun for example_python_decorator to None, run_after=None
[2025-02-06T08:35:33.648+0000] {processor.py:208} INFO - Processing /opt/conda/lib/python3.12/site-packages/airflow/example_dags/example_python_decorator.py took 0.101 seconds
[2025-02-06T08:36:51.335+0000] {processor.py:186} INFO - Started process (PID=375) to work on /opt/conda/lib/python3.12/site-packages/airflow/example_dags/example_python_decorator.py
[2025-02-06T08:36:51.337+0000] {processor.py:914} INFO - Processing file /opt/conda/lib/python3.12/site-packages/airflow/example_dags/example_python_decorator.py for tasks to queue
[2025-02-06T08:36:51.339+0000] {logging_mixin.py:190} INFO - [2025-02-06T08:36:51.338+0000] {dagbag.py:588} INFO - Filling up the DagBag from /opt/conda/lib/python3.12/site-packages/airflow/example_dags/example_python_decorator.py
[2025-02-06T08:36:51.442+0000] {logging_mixin.py:190} INFO - [2025-02-06T08:36:51.442+0000] {example_python_decorator.py:80} WARNING - The virtalenv_python example task requires virtualenv, please install it.
[2025-02-06T08:36:51.444+0000] {processor.py:925} INFO - DAG(s) 'example_python_decorator' retrieved from /opt/conda/lib/python3.12/site-packages/airflow/example_dags/example_python_decorator.py
[2025-02-06T08:36:51.465+0000] {logging_mixin.py:190} INFO - [2025-02-06T08:36:51.465+0000] {dag.py:3239} INFO - Sync 1 DAGs
[2025-02-06T08:36:51.476+0000] {logging_mixin.py:190} INFO - [2025-02-06T08:36:51.476+0000] {dag.py:4180} INFO - Setting next_dagrun for example_python_decorator to None, run_after=None
[2025-02-06T08:36:51.527+0000] {processor.py:208} INFO - Processing /opt/conda/lib/python3.12/site-packages/airflow/example_dags/example_python_decorator.py took 0.197 seconds
[2025-02-06T08:38:11.652+0000] {processor.py:186} INFO - Started process (PID=442) to work on /opt/conda/lib/python3.12/site-packages/airflow/example_dags/example_python_decorator.py
[2025-02-06T08:38:11.653+0000] {processor.py:914} INFO - Processing file /opt/conda/lib/python3.12/site-packages/airflow/example_dags/example_python_decorator.py for tasks to queue
[2025-02-06T08:38:11.654+0000] {logging_mixin.py:190} INFO - [2025-02-06T08:38:11.654+0000] {dagbag.py:588} INFO - Filling up the DagBag from /opt/conda/lib/python3.12/site-packages/airflow/example_dags/example_python_decorator.py
[2025-02-06T08:38:11.671+0000] {logging_mixin.py:190} INFO - [2025-02-06T08:38:11.671+0000] {example_python_decorator.py:80} WARNING - The virtalenv_python example task requires virtualenv, please install it.
[2025-02-06T08:38:11.675+0000] {processor.py:925} INFO - DAG(s) 'example_python_decorator' retrieved from /opt/conda/lib/python3.12/site-packages/airflow/example_dags/example_python_decorator.py
[2025-02-06T08:38:11.704+0000] {logging_mixin.py:190} INFO - [2025-02-06T08:38:11.704+0000] {dag.py:3239} INFO - Sync 1 DAGs
[2025-02-06T08:38:11.720+0000] {logging_mixin.py:190} INFO - [2025-02-06T08:38:11.720+0000] {dag.py:4180} INFO - Setting next_dagrun for example_python_decorator to None, run_after=None
[2025-02-06T08:38:11.776+0000] {processor.py:208} INFO - Processing /opt/conda/lib/python3.12/site-packages/airflow/example_dags/example_python_decorator.py took 0.132 seconds
[2025-02-06T08:39:27.043+0000] {processor.py:186} INFO - Started process (PID=507) to work on /opt/conda/lib/python3.12/site-packages/airflow/example_dags/example_python_decorator.py
[2025-02-06T08:39:27.046+0000] {processor.py:914} INFO - Processing file /opt/conda/lib/python3.12/site-packages/airflow/example_dags/example_python_decorator.py for tasks to queue
[2025-02-06T08:39:27.048+0000] {logging_mixin.py:190} INFO - [2025-02-06T08:39:27.047+0000] {dagbag.py:588} INFO - Filling up the DagBag from /opt/conda/lib/python3.12/site-packages/airflow/example_dags/example_python_decorator.py
[2025-02-06T08:39:27.061+0000] {logging_mixin.py:190} INFO - [2025-02-06T08:39:27.061+0000] {example_python_decorator.py:80} WARNING - The virtalenv_python example task requires virtualenv, please install it.
[2025-02-06T08:39:27.064+0000] {processor.py:925} INFO - DAG(s) 'example_python_decorator' retrieved from /opt/conda/lib/python3.12/site-packages/airflow/example_dags/example_python_decorator.py
[2025-02-06T08:39:27.089+0000] {logging_mixin.py:190} INFO - [2025-02-06T08:39:27.088+0000] {dag.py:3239} INFO - Sync 1 DAGs
[2025-02-06T08:39:27.104+0000] {logging_mixin.py:190} INFO - [2025-02-06T08:39:27.104+0000] {dag.py:4180} INFO - Setting next_dagrun for example_python_decorator to None, run_after=None
[2025-02-06T08:39:27.168+0000] {processor.py:208} INFO - Processing /opt/conda/lib/python3.12/site-packages/airflow/example_dags/example_python_decorator.py took 0.131 seconds
[2025-02-06T08:40:45.188+0000] {processor.py:186} INFO - Started process (PID=574) to work on /opt/conda/lib/python3.12/site-packages/airflow/example_dags/example_python_decorator.py
[2025-02-06T08:40:45.189+0000] {processor.py:914} INFO - Processing file /opt/conda/lib/python3.12/site-packages/airflow/example_dags/example_python_decorator.py for tasks to queue
[2025-02-06T08:40:45.190+0000] {logging_mixin.py:190} INFO - [2025-02-06T08:40:45.190+0000] {dagbag.py:588} INFO - Filling up the DagBag from /opt/conda/lib/python3.12/site-packages/airflow/example_dags/example_python_decorator.py
[2025-02-06T08:40:45.198+0000] {logging_mixin.py:190} INFO - [2025-02-06T08:40:45.198+0000] {example_python_decorator.py:80} WARNING - The virtalenv_python example task requires virtualenv, please install it.
[2025-02-06T08:40:45.200+0000] {processor.py:925} INFO - DAG(s) 'example_python_decorator' retrieved from /opt/conda/lib/python3.12/site-packages/airflow/example_dags/example_python_decorator.py
[2025-02-06T08:40:45.222+0000] {logging_mixin.py:190} INFO - [2025-02-06T08:40:45.222+0000] {dag.py:3239} INFO - Sync 1 DAGs
[2025-02-06T08:40:45.237+0000] {logging_mixin.py:190} INFO - [2025-02-06T08:40:45.237+0000] {dag.py:4180} INFO - Setting next_dagrun for example_python_decorator to None, run_after=None
[2025-02-06T08:40:45.300+0000] {processor.py:208} INFO - Processing /opt/conda/lib/python3.12/site-packages/airflow/example_dags/example_python_decorator.py took 0.117 seconds
[2025-02-06T08:41:58.623+0000] {processor.py:186} INFO - Started process (PID=637) to work on /opt/conda/lib/python3.12/site-packages/airflow/example_dags/example_python_decorator.py
[2025-02-06T08:41:58.625+0000] {processor.py:914} INFO - Processing file /opt/conda/lib/python3.12/site-packages/airflow/example_dags/example_python_decorator.py for tasks to queue
[2025-02-06T08:41:58.626+0000] {logging_mixin.py:190} INFO - [2025-02-06T08:41:58.626+0000] {dagbag.py:588} INFO - Filling up the DagBag from /opt/conda/lib/python3.12/site-packages/airflow/example_dags/example_python_decorator.py
[2025-02-06T08:41:58.636+0000] {logging_mixin.py:190} INFO - [2025-02-06T08:41:58.635+0000] {example_python_decorator.py:80} WARNING - The virtalenv_python example task requires virtualenv, please install it.
[2025-02-06T08:41:58.641+0000] {processor.py:925} INFO - DAG(s) 'example_python_decorator' retrieved from /opt/conda/lib/python3.12/site-packages/airflow/example_dags/example_python_decorator.py
[2025-02-06T08:41:58.668+0000] {logging_mixin.py:190} INFO - [2025-02-06T08:41:58.668+0000] {dag.py:3239} INFO - Sync 1 DAGs
[2025-02-06T08:41:58.682+0000] {logging_mixin.py:190} INFO - [2025-02-06T08:41:58.682+0000] {dag.py:4180} INFO - Setting next_dagrun for example_python_decorator to None, run_after=None
[2025-02-06T08:41:58.742+0000] {processor.py:208} INFO - Processing /opt/conda/lib/python3.12/site-packages/airflow/example_dags/example_python_decorator.py took 0.123 seconds
[2025-02-06T08:43:40.944+0000] {processor.py:186} INFO - Started process (PID=65) to work on /opt/conda/lib/python3.12/site-packages/airflow/example_dags/example_python_decorator.py
[2025-02-06T08:43:40.945+0000] {processor.py:914} INFO - Processing file /opt/conda/lib/python3.12/site-packages/airflow/example_dags/example_python_decorator.py for tasks to queue
[2025-02-06T08:43:40.947+0000] {logging_mixin.py:190} INFO - [2025-02-06T08:43:40.947+0000] {dagbag.py:588} INFO - Filling up the DagBag from /opt/conda/lib/python3.12/site-packages/airflow/example_dags/example_python_decorator.py
[2025-02-06T08:43:40.954+0000] {logging_mixin.py:190} INFO - [2025-02-06T08:43:40.954+0000] {example_python_decorator.py:80} WARNING - The virtalenv_python example task requires virtualenv, please install it.
[2025-02-06T08:43:40.956+0000] {processor.py:925} INFO - DAG(s) 'example_python_decorator' retrieved from /opt/conda/lib/python3.12/site-packages/airflow/example_dags/example_python_decorator.py
[2025-02-06T08:43:40.977+0000] {logging_mixin.py:190} INFO - [2025-02-06T08:43:40.977+0000] {dag.py:3239} INFO - Sync 1 DAGs
[2025-02-06T08:43:40.991+0000] {logging_mixin.py:190} INFO - [2025-02-06T08:43:40.990+0000] {dag.py:4180} INFO - Setting next_dagrun for example_python_decorator to None, run_after=None
[2025-02-06T08:43:41.046+0000] {processor.py:208} INFO - Processing /opt/conda/lib/python3.12/site-packages/airflow/example_dags/example_python_decorator.py took 0.106 seconds
[2025-02-06T08:44:50.471+0000] {processor.py:186} INFO - Started process (PID=123) to work on /opt/conda/lib/python3.12/site-packages/airflow/example_dags/example_python_decorator.py
[2025-02-06T08:44:50.472+0000] {processor.py:914} INFO - Processing file /opt/conda/lib/python3.12/site-packages/airflow/example_dags/example_python_decorator.py for tasks to queue
[2025-02-06T08:44:50.474+0000] {logging_mixin.py:190} INFO - [2025-02-06T08:44:50.474+0000] {dagbag.py:588} INFO - Filling up the DagBag from /opt/conda/lib/python3.12/site-packages/airflow/example_dags/example_python_decorator.py
[2025-02-06T08:44:50.481+0000] {logging_mixin.py:190} INFO - [2025-02-06T08:44:50.481+0000] {example_python_decorator.py:80} WARNING - The virtalenv_python example task requires virtualenv, please install it.
[2025-02-06T08:44:50.483+0000] {processor.py:925} INFO - DAG(s) 'example_python_decorator' retrieved from /opt/conda/lib/python3.12/site-packages/airflow/example_dags/example_python_decorator.py
[2025-02-06T08:44:50.508+0000] {logging_mixin.py:190} INFO - [2025-02-06T08:44:50.508+0000] {dag.py:3239} INFO - Sync 1 DAGs
[2025-02-06T08:44:50.524+0000] {logging_mixin.py:190} INFO - [2025-02-06T08:44:50.523+0000] {dag.py:4180} INFO - Setting next_dagrun for example_python_decorator to None, run_after=None
[2025-02-06T08:44:50.577+0000] {processor.py:208} INFO - Processing /opt/conda/lib/python3.12/site-packages/airflow/example_dags/example_python_decorator.py took 0.111 seconds
[2025-02-06T08:46:31.115+0000] {processor.py:186} INFO - Started process (PID=260) to work on /opt/conda/lib/python3.12/site-packages/airflow/example_dags/example_python_decorator.py
[2025-02-06T08:46:31.116+0000] {processor.py:914} INFO - Processing file /opt/conda/lib/python3.12/site-packages/airflow/example_dags/example_python_decorator.py for tasks to queue
[2025-02-06T08:46:31.117+0000] {logging_mixin.py:190} INFO - [2025-02-06T08:46:31.117+0000] {dagbag.py:588} INFO - Filling up the DagBag from /opt/conda/lib/python3.12/site-packages/airflow/example_dags/example_python_decorator.py
[2025-02-06T08:46:31.126+0000] {logging_mixin.py:190} INFO - [2025-02-06T08:46:31.125+0000] {example_python_decorator.py:80} WARNING - The virtalenv_python example task requires virtualenv, please install it.
[2025-02-06T08:46:31.127+0000] {processor.py:925} INFO - DAG(s) 'example_python_decorator' retrieved from /opt/conda/lib/python3.12/site-packages/airflow/example_dags/example_python_decorator.py
[2025-02-06T08:46:31.149+0000] {logging_mixin.py:190} INFO - [2025-02-06T08:46:31.148+0000] {dag.py:3239} INFO - Sync 1 DAGs
[2025-02-06T08:46:31.160+0000] {logging_mixin.py:190} INFO - [2025-02-06T08:46:31.160+0000] {dag.py:4180} INFO - Setting next_dagrun for example_python_decorator to None, run_after=None
[2025-02-06T08:46:31.210+0000] {processor.py:208} INFO - Processing /opt/conda/lib/python3.12/site-packages/airflow/example_dags/example_python_decorator.py took 0.099 seconds
[2025-02-06T08:49:27.115+0000] {processor.py:186} INFO - Started process (PID=209) to work on /opt/conda/lib/python3.12/site-packages/airflow/example_dags/example_python_decorator.py
[2025-02-06T08:49:27.116+0000] {processor.py:914} INFO - Processing file /opt/conda/lib/python3.12/site-packages/airflow/example_dags/example_python_decorator.py for tasks to queue
[2025-02-06T08:49:27.119+0000] {logging_mixin.py:190} INFO - [2025-02-06T08:49:27.119+0000] {dagbag.py:588} INFO - Filling up the DagBag from /opt/conda/lib/python3.12/site-packages/airflow/example_dags/example_python_decorator.py
[2025-02-06T08:49:27.126+0000] {logging_mixin.py:190} INFO - [2025-02-06T08:49:27.126+0000] {example_python_decorator.py:80} WARNING - The virtalenv_python example task requires virtualenv, please install it.
[2025-02-06T08:49:27.127+0000] {processor.py:925} INFO - DAG(s) 'example_python_decorator' retrieved from /opt/conda/lib/python3.12/site-packages/airflow/example_dags/example_python_decorator.py
[2025-02-06T08:49:27.145+0000] {logging_mixin.py:190} INFO - [2025-02-06T08:49:27.145+0000] {dag.py:3239} INFO - Sync 1 DAGs
[2025-02-06T08:49:27.156+0000] {logging_mixin.py:190} INFO - [2025-02-06T08:49:27.156+0000] {dag.py:4180} INFO - Setting next_dagrun for example_python_decorator to None, run_after=None
[2025-02-06T08:49:27.219+0000] {processor.py:208} INFO - Processing /opt/conda/lib/python3.12/site-packages/airflow/example_dags/example_python_decorator.py took 0.107 seconds
[2025-02-06T08:52:30.991+0000] {processor.py:186} INFO - Started process (PID=551) to work on /opt/conda/lib/python3.12/site-packages/airflow/example_dags/example_python_decorator.py
[2025-02-06T08:52:30.992+0000] {processor.py:914} INFO - Processing file /opt/conda/lib/python3.12/site-packages/airflow/example_dags/example_python_decorator.py for tasks to queue
[2025-02-06T08:52:30.994+0000] {logging_mixin.py:190} INFO - [2025-02-06T08:52:30.993+0000] {dagbag.py:588} INFO - Filling up the DagBag from /opt/conda/lib/python3.12/site-packages/airflow/example_dags/example_python_decorator.py
[2025-02-06T08:52:31.001+0000] {logging_mixin.py:190} INFO - [2025-02-06T08:52:31.001+0000] {example_python_decorator.py:80} WARNING - The virtalenv_python example task requires virtualenv, please install it.
[2025-02-06T08:52:31.003+0000] {processor.py:925} INFO - DAG(s) 'example_python_decorator' retrieved from /opt/conda/lib/python3.12/site-packages/airflow/example_dags/example_python_decorator.py
[2025-02-06T08:52:31.027+0000] {logging_mixin.py:190} INFO - [2025-02-06T08:52:31.026+0000] {dag.py:3239} INFO - Sync 1 DAGs
[2025-02-06T08:52:31.039+0000] {logging_mixin.py:190} INFO - [2025-02-06T08:52:31.039+0000] {dag.py:4180} INFO - Setting next_dagrun for example_python_decorator to None, run_after=None
[2025-02-06T08:52:31.101+0000] {processor.py:208} INFO - Processing /opt/conda/lib/python3.12/site-packages/airflow/example_dags/example_python_decorator.py took 0.115 seconds
[2025-02-06T08:55:06.197+0000] {processor.py:186} INFO - Started process (PID=841) to work on /opt/conda/lib/python3.12/site-packages/airflow/example_dags/example_python_decorator.py
[2025-02-06T08:55:06.198+0000] {processor.py:914} INFO - Processing file /opt/conda/lib/python3.12/site-packages/airflow/example_dags/example_python_decorator.py for tasks to queue
[2025-02-06T08:55:06.200+0000] {logging_mixin.py:190} INFO - [2025-02-06T08:55:06.199+0000] {dagbag.py:588} INFO - Filling up the DagBag from /opt/conda/lib/python3.12/site-packages/airflow/example_dags/example_python_decorator.py
[2025-02-06T08:55:06.207+0000] {logging_mixin.py:190} INFO - [2025-02-06T08:55:06.206+0000] {example_python_decorator.py:80} WARNING - The virtalenv_python example task requires virtualenv, please install it.
[2025-02-06T08:55:06.208+0000] {processor.py:925} INFO - DAG(s) 'example_python_decorator' retrieved from /opt/conda/lib/python3.12/site-packages/airflow/example_dags/example_python_decorator.py
[2025-02-06T08:55:06.228+0000] {logging_mixin.py:190} INFO - [2025-02-06T08:55:06.227+0000] {dag.py:3239} INFO - Sync 1 DAGs
[2025-02-06T08:55:06.239+0000] {logging_mixin.py:190} INFO - [2025-02-06T08:55:06.239+0000] {dag.py:4180} INFO - Setting next_dagrun for example_python_decorator to None, run_after=None
[2025-02-06T08:55:06.305+0000] {processor.py:208} INFO - Processing /opt/conda/lib/python3.12/site-packages/airflow/example_dags/example_python_decorator.py took 0.112 seconds
[2025-02-06T08:57:35.069+0000] {processor.py:186} INFO - Started process (PID=1098) to work on /opt/conda/lib/python3.12/site-packages/airflow/example_dags/example_python_decorator.py
[2025-02-06T08:57:35.070+0000] {processor.py:914} INFO - Processing file /opt/conda/lib/python3.12/site-packages/airflow/example_dags/example_python_decorator.py for tasks to queue
[2025-02-06T08:57:35.072+0000] {logging_mixin.py:190} INFO - [2025-02-06T08:57:35.071+0000] {dagbag.py:588} INFO - Filling up the DagBag from /opt/conda/lib/python3.12/site-packages/airflow/example_dags/example_python_decorator.py
[2025-02-06T08:57:35.078+0000] {logging_mixin.py:190} INFO - [2025-02-06T08:57:35.078+0000] {example_python_decorator.py:80} WARNING - The virtalenv_python example task requires virtualenv, please install it.
[2025-02-06T08:57:35.080+0000] {processor.py:925} INFO - DAG(s) 'example_python_decorator' retrieved from /opt/conda/lib/python3.12/site-packages/airflow/example_dags/example_python_decorator.py
[2025-02-06T08:57:35.102+0000] {logging_mixin.py:190} INFO - [2025-02-06T08:57:35.102+0000] {dag.py:3239} INFO - Sync 1 DAGs
[2025-02-06T08:57:35.114+0000] {logging_mixin.py:190} INFO - [2025-02-06T08:57:35.113+0000] {dag.py:4180} INFO - Setting next_dagrun for example_python_decorator to None, run_after=None
[2025-02-06T08:57:35.166+0000] {processor.py:208} INFO - Processing /opt/conda/lib/python3.12/site-packages/airflow/example_dags/example_python_decorator.py took 0.102 seconds
[2025-02-06T09:02:26.698+0000] {processor.py:186} INFO - Started process (PID=234) to work on /opt/conda/lib/python3.12/site-packages/airflow/example_dags/example_python_decorator.py
[2025-02-06T09:02:26.699+0000] {processor.py:914} INFO - Processing file /opt/conda/lib/python3.12/site-packages/airflow/example_dags/example_python_decorator.py for tasks to queue
[2025-02-06T09:02:26.701+0000] {logging_mixin.py:190} INFO - [2025-02-06T09:02:26.701+0000] {dagbag.py:588} INFO - Filling up the DagBag from /opt/conda/lib/python3.12/site-packages/airflow/example_dags/example_python_decorator.py
[2025-02-06T09:02:26.708+0000] {logging_mixin.py:190} INFO - [2025-02-06T09:02:26.708+0000] {example_python_decorator.py:80} WARNING - The virtalenv_python example task requires virtualenv, please install it.
[2025-02-06T09:02:26.709+0000] {processor.py:925} INFO - DAG(s) 'example_python_decorator' retrieved from /opt/conda/lib/python3.12/site-packages/airflow/example_dags/example_python_decorator.py
[2025-02-06T09:02:26.729+0000] {logging_mixin.py:190} INFO - [2025-02-06T09:02:26.728+0000] {dag.py:3239} INFO - Sync 1 DAGs
[2025-02-06T09:02:26.743+0000] {logging_mixin.py:190} INFO - [2025-02-06T09:02:26.743+0000] {dag.py:4180} INFO - Setting next_dagrun for example_python_decorator to None, run_after=None
[2025-02-06T09:02:26.805+0000] {processor.py:208} INFO - Processing /opt/conda/lib/python3.12/site-packages/airflow/example_dags/example_python_decorator.py took 0.110 seconds
[2025-02-06T09:04:02.913+0000] {processor.py:186} INFO - Started process (PID=61) to work on /opt/conda/lib/python3.12/site-packages/airflow/example_dags/example_python_decorator.py
[2025-02-06T09:04:02.914+0000] {processor.py:914} INFO - Processing file /opt/conda/lib/python3.12/site-packages/airflow/example_dags/example_python_decorator.py for tasks to queue
[2025-02-06T09:04:02.917+0000] {logging_mixin.py:190} INFO - [2025-02-06T09:04:02.916+0000] {dagbag.py:588} INFO - Filling up the DagBag from /opt/conda/lib/python3.12/site-packages/airflow/example_dags/example_python_decorator.py
[2025-02-06T09:04:02.930+0000] {logging_mixin.py:190} INFO - [2025-02-06T09:04:02.930+0000] {example_python_decorator.py:80} WARNING - The virtalenv_python example task requires virtualenv, please install it.
[2025-02-06T09:04:02.933+0000] {processor.py:925} INFO - DAG(s) 'example_python_decorator' retrieved from /opt/conda/lib/python3.12/site-packages/airflow/example_dags/example_python_decorator.py
[2025-02-06T09:04:02.963+0000] {logging_mixin.py:190} INFO - [2025-02-06T09:04:02.963+0000] {dag.py:3239} INFO - Sync 1 DAGs
[2025-02-06T09:04:02.987+0000] {logging_mixin.py:190} INFO - [2025-02-06T09:04:02.987+0000] {dag.py:4180} INFO - Setting next_dagrun for example_python_decorator to None, run_after=None
[2025-02-06T09:04:03.135+0000] {processor.py:208} INFO - Processing /opt/conda/lib/python3.12/site-packages/airflow/example_dags/example_python_decorator.py took 0.231 seconds
[2025-02-06T09:05:16.750+0000] {processor.py:186} INFO - Started process (PID=133) to work on /opt/conda/lib/python3.12/site-packages/airflow/example_dags/example_python_decorator.py
[2025-02-06T09:05:16.751+0000] {processor.py:914} INFO - Processing file /opt/conda/lib/python3.12/site-packages/airflow/example_dags/example_python_decorator.py for tasks to queue
[2025-02-06T09:05:16.753+0000] {logging_mixin.py:190} INFO - [2025-02-06T09:05:16.753+0000] {dagbag.py:588} INFO - Filling up the DagBag from /opt/conda/lib/python3.12/site-packages/airflow/example_dags/example_python_decorator.py
[2025-02-06T09:05:16.761+0000] {logging_mixin.py:190} INFO - [2025-02-06T09:05:16.760+0000] {example_python_decorator.py:80} WARNING - The virtalenv_python example task requires virtualenv, please install it.
[2025-02-06T09:05:16.763+0000] {processor.py:925} INFO - DAG(s) 'example_python_decorator' retrieved from /opt/conda/lib/python3.12/site-packages/airflow/example_dags/example_python_decorator.py
[2025-02-06T09:05:16.788+0000] {logging_mixin.py:190} INFO - [2025-02-06T09:05:16.788+0000] {dag.py:3239} INFO - Sync 1 DAGs
[2025-02-06T09:05:16.805+0000] {logging_mixin.py:190} INFO - [2025-02-06T09:05:16.805+0000] {dag.py:4180} INFO - Setting next_dagrun for example_python_decorator to None, run_after=None
[2025-02-06T09:05:16.867+0000] {processor.py:208} INFO - Processing /opt/conda/lib/python3.12/site-packages/airflow/example_dags/example_python_decorator.py took 0.121 seconds
[2025-02-06T09:08:17.525+0000] {processor.py:186} INFO - Started process (PID=467) to work on /opt/conda/lib/python3.12/site-packages/airflow/example_dags/example_python_decorator.py
[2025-02-06T09:08:17.526+0000] {processor.py:914} INFO - Processing file /opt/conda/lib/python3.12/site-packages/airflow/example_dags/example_python_decorator.py for tasks to queue
[2025-02-06T09:08:17.528+0000] {logging_mixin.py:190} INFO - [2025-02-06T09:08:17.528+0000] {dagbag.py:588} INFO - Filling up the DagBag from /opt/conda/lib/python3.12/site-packages/airflow/example_dags/example_python_decorator.py
[2025-02-06T09:08:17.536+0000] {logging_mixin.py:190} INFO - [2025-02-06T09:08:17.536+0000] {example_python_decorator.py:80} WARNING - The virtalenv_python example task requires virtualenv, please install it.
[2025-02-06T09:08:17.538+0000] {processor.py:925} INFO - DAG(s) 'example_python_decorator' retrieved from /opt/conda/lib/python3.12/site-packages/airflow/example_dags/example_python_decorator.py
[2025-02-06T09:08:17.560+0000] {logging_mixin.py:190} INFO - [2025-02-06T09:08:17.560+0000] {dag.py:3239} INFO - Sync 1 DAGs
[2025-02-06T09:08:17.575+0000] {logging_mixin.py:190} INFO - [2025-02-06T09:08:17.575+0000] {dag.py:4180} INFO - Setting next_dagrun for example_python_decorator to None, run_after=None
[2025-02-06T09:08:17.642+0000] {processor.py:208} INFO - Processing /opt/conda/lib/python3.12/site-packages/airflow/example_dags/example_python_decorator.py took 0.121 seconds
[2025-02-06T09:10:36.935+0000] {processor.py:186} INFO - Started process (PID=732) to work on /opt/conda/lib/python3.12/site-packages/airflow/example_dags/example_python_decorator.py
[2025-02-06T09:10:36.936+0000] {processor.py:914} INFO - Processing file /opt/conda/lib/python3.12/site-packages/airflow/example_dags/example_python_decorator.py for tasks to queue
[2025-02-06T09:10:36.938+0000] {logging_mixin.py:190} INFO - [2025-02-06T09:10:36.938+0000] {dagbag.py:588} INFO - Filling up the DagBag from /opt/conda/lib/python3.12/site-packages/airflow/example_dags/example_python_decorator.py
[2025-02-06T09:10:36.945+0000] {logging_mixin.py:190} INFO - [2025-02-06T09:10:36.945+0000] {example_python_decorator.py:80} WARNING - The virtalenv_python example task requires virtualenv, please install it.
[2025-02-06T09:10:36.947+0000] {processor.py:925} INFO - DAG(s) 'example_python_decorator' retrieved from /opt/conda/lib/python3.12/site-packages/airflow/example_dags/example_python_decorator.py
[2025-02-06T09:10:36.966+0000] {logging_mixin.py:190} INFO - [2025-02-06T09:10:36.966+0000] {dag.py:3239} INFO - Sync 1 DAGs
[2025-02-06T09:10:36.978+0000] {logging_mixin.py:190} INFO - [2025-02-06T09:10:36.978+0000] {dag.py:4180} INFO - Setting next_dagrun for example_python_decorator to None, run_after=None
[2025-02-06T09:10:37.044+0000] {processor.py:208} INFO - Processing /opt/conda/lib/python3.12/site-packages/airflow/example_dags/example_python_decorator.py took 0.113 seconds
[2025-02-06T09:13:00.614+0000] {processor.py:186} INFO - Started process (PID=999) to work on /opt/conda/lib/python3.12/site-packages/airflow/example_dags/example_python_decorator.py
[2025-02-06T09:13:00.615+0000] {processor.py:914} INFO - Processing file /opt/conda/lib/python3.12/site-packages/airflow/example_dags/example_python_decorator.py for tasks to queue
[2025-02-06T09:13:00.617+0000] {logging_mixin.py:190} INFO - [2025-02-06T09:13:00.616+0000] {dagbag.py:588} INFO - Filling up the DagBag from /opt/conda/lib/python3.12/site-packages/airflow/example_dags/example_python_decorator.py
[2025-02-06T09:13:00.623+0000] {logging_mixin.py:190} INFO - [2025-02-06T09:13:00.623+0000] {example_python_decorator.py:80} WARNING - The virtalenv_python example task requires virtualenv, please install it.
[2025-02-06T09:13:00.625+0000] {processor.py:925} INFO - DAG(s) 'example_python_decorator' retrieved from /opt/conda/lib/python3.12/site-packages/airflow/example_dags/example_python_decorator.py
[2025-02-06T09:13:00.646+0000] {logging_mixin.py:190} INFO - [2025-02-06T09:13:00.646+0000] {dag.py:3239} INFO - Sync 1 DAGs
[2025-02-06T09:13:00.659+0000] {logging_mixin.py:190} INFO - [2025-02-06T09:13:00.659+0000] {dag.py:4180} INFO - Setting next_dagrun for example_python_decorator to None, run_after=None
[2025-02-06T09:13:00.712+0000] {processor.py:208} INFO - Processing /opt/conda/lib/python3.12/site-packages/airflow/example_dags/example_python_decorator.py took 0.102 seconds
[2025-02-06T09:15:32.606+0000] {processor.py:186} INFO - Started process (PID=1276) to work on /opt/conda/lib/python3.12/site-packages/airflow/example_dags/example_python_decorator.py
[2025-02-06T09:15:32.607+0000] {processor.py:914} INFO - Processing file /opt/conda/lib/python3.12/site-packages/airflow/example_dags/example_python_decorator.py for tasks to queue
[2025-02-06T09:15:32.609+0000] {logging_mixin.py:190} INFO - [2025-02-06T09:15:32.609+0000] {dagbag.py:588} INFO - Filling up the DagBag from /opt/conda/lib/python3.12/site-packages/airflow/example_dags/example_python_decorator.py
[2025-02-06T09:15:32.616+0000] {logging_mixin.py:190} INFO - [2025-02-06T09:15:32.616+0000] {example_python_decorator.py:80} WARNING - The virtalenv_python example task requires virtualenv, please install it.
[2025-02-06T09:15:32.618+0000] {processor.py:925} INFO - DAG(s) 'example_python_decorator' retrieved from /opt/conda/lib/python3.12/site-packages/airflow/example_dags/example_python_decorator.py
[2025-02-06T09:15:32.640+0000] {logging_mixin.py:190} INFO - [2025-02-06T09:15:32.639+0000] {dag.py:3239} INFO - Sync 1 DAGs
[2025-02-06T09:15:32.652+0000] {logging_mixin.py:190} INFO - [2025-02-06T09:15:32.651+0000] {dag.py:4180} INFO - Setting next_dagrun for example_python_decorator to None, run_after=None
[2025-02-06T09:15:32.724+0000] {processor.py:208} INFO - Processing /opt/conda/lib/python3.12/site-packages/airflow/example_dags/example_python_decorator.py took 0.122 seconds
[2025-02-06T09:17:37.017+0000] {processor.py:186} INFO - Started process (PID=1515) to work on /opt/conda/lib/python3.12/site-packages/airflow/example_dags/example_python_decorator.py
[2025-02-06T09:17:37.018+0000] {processor.py:914} INFO - Processing file /opt/conda/lib/python3.12/site-packages/airflow/example_dags/example_python_decorator.py for tasks to queue
[2025-02-06T09:17:37.020+0000] {logging_mixin.py:190} INFO - [2025-02-06T09:17:37.019+0000] {dagbag.py:588} INFO - Filling up the DagBag from /opt/conda/lib/python3.12/site-packages/airflow/example_dags/example_python_decorator.py
[2025-02-06T09:17:37.027+0000] {logging_mixin.py:190} INFO - [2025-02-06T09:17:37.027+0000] {example_python_decorator.py:80} WARNING - The virtalenv_python example task requires virtualenv, please install it.
[2025-02-06T09:17:37.029+0000] {processor.py:925} INFO - DAG(s) 'example_python_decorator' retrieved from /opt/conda/lib/python3.12/site-packages/airflow/example_dags/example_python_decorator.py
[2025-02-06T09:17:37.056+0000] {logging_mixin.py:190} INFO - [2025-02-06T09:17:37.055+0000] {dag.py:3239} INFO - Sync 1 DAGs
[2025-02-06T09:17:37.073+0000] {logging_mixin.py:190} INFO - [2025-02-06T09:17:37.072+0000] {dag.py:4180} INFO - Setting next_dagrun for example_python_decorator to None, run_after=None
[2025-02-06T09:17:37.219+0000] {processor.py:208} INFO - Processing /opt/conda/lib/python3.12/site-packages/airflow/example_dags/example_python_decorator.py took 0.206 seconds
[2025-02-06T09:20:09.659+0000] {processor.py:186} INFO - Started process (PID=1772) to work on /opt/conda/lib/python3.12/site-packages/airflow/example_dags/example_python_decorator.py
[2025-02-06T09:20:09.660+0000] {processor.py:914} INFO - Processing file /opt/conda/lib/python3.12/site-packages/airflow/example_dags/example_python_decorator.py for tasks to queue
[2025-02-06T09:20:09.663+0000] {logging_mixin.py:190} INFO - [2025-02-06T09:20:09.662+0000] {dagbag.py:588} INFO - Filling up the DagBag from /opt/conda/lib/python3.12/site-packages/airflow/example_dags/example_python_decorator.py
[2025-02-06T09:20:09.671+0000] {logging_mixin.py:190} INFO - [2025-02-06T09:20:09.670+0000] {example_python_decorator.py:80} WARNING - The virtalenv_python example task requires virtualenv, please install it.
[2025-02-06T09:20:09.673+0000] {processor.py:925} INFO - DAG(s) 'example_python_decorator' retrieved from /opt/conda/lib/python3.12/site-packages/airflow/example_dags/example_python_decorator.py
[2025-02-06T09:20:09.699+0000] {logging_mixin.py:190} INFO - [2025-02-06T09:20:09.699+0000] {dag.py:3239} INFO - Sync 1 DAGs
[2025-02-06T09:20:09.713+0000] {logging_mixin.py:190} INFO - [2025-02-06T09:20:09.713+0000] {dag.py:4180} INFO - Setting next_dagrun for example_python_decorator to None, run_after=None
[2025-02-06T09:20:09.806+0000] {processor.py:208} INFO - Processing /opt/conda/lib/python3.12/site-packages/airflow/example_dags/example_python_decorator.py took 0.151 seconds
[2025-02-06T09:22:55.063+0000] {processor.py:186} INFO - Started process (PID=2047) to work on /opt/conda/lib/python3.12/site-packages/airflow/example_dags/example_python_decorator.py
[2025-02-06T09:22:55.064+0000] {processor.py:914} INFO - Processing file /opt/conda/lib/python3.12/site-packages/airflow/example_dags/example_python_decorator.py for tasks to queue
[2025-02-06T09:22:55.066+0000] {logging_mixin.py:190} INFO - [2025-02-06T09:22:55.066+0000] {dagbag.py:588} INFO - Filling up the DagBag from /opt/conda/lib/python3.12/site-packages/airflow/example_dags/example_python_decorator.py
[2025-02-06T09:22:55.074+0000] {logging_mixin.py:190} INFO - [2025-02-06T09:22:55.074+0000] {example_python_decorator.py:80} WARNING - The virtalenv_python example task requires virtualenv, please install it.
[2025-02-06T09:22:55.076+0000] {processor.py:925} INFO - DAG(s) 'example_python_decorator' retrieved from /opt/conda/lib/python3.12/site-packages/airflow/example_dags/example_python_decorator.py
[2025-02-06T09:22:55.098+0000] {logging_mixin.py:190} INFO - [2025-02-06T09:22:55.098+0000] {dag.py:3239} INFO - Sync 1 DAGs
[2025-02-06T09:22:55.111+0000] {logging_mixin.py:190} INFO - [2025-02-06T09:22:55.111+0000] {dag.py:4180} INFO - Setting next_dagrun for example_python_decorator to None, run_after=None
[2025-02-06T09:22:55.179+0000] {processor.py:208} INFO - Processing /opt/conda/lib/python3.12/site-packages/airflow/example_dags/example_python_decorator.py took 0.123 seconds
[2025-02-06T09:25:59.971+0000] {processor.py:186} INFO - Started process (PID=203) to work on /opt/conda/lib/python3.12/site-packages/airflow/example_dags/example_python_decorator.py
[2025-02-06T09:25:59.972+0000] {processor.py:914} INFO - Processing file /opt/conda/lib/python3.12/site-packages/airflow/example_dags/example_python_decorator.py for tasks to queue
[2025-02-06T09:25:59.974+0000] {logging_mixin.py:190} INFO - [2025-02-06T09:25:59.974+0000] {dagbag.py:588} INFO - Filling up the DagBag from /opt/conda/lib/python3.12/site-packages/airflow/example_dags/example_python_decorator.py
[2025-02-06T09:25:59.981+0000] {logging_mixin.py:190} INFO - [2025-02-06T09:25:59.981+0000] {example_python_decorator.py:80} WARNING - The virtalenv_python example task requires virtualenv, please install it.
[2025-02-06T09:25:59.984+0000] {processor.py:925} INFO - DAG(s) 'example_python_decorator' retrieved from /opt/conda/lib/python3.12/site-packages/airflow/example_dags/example_python_decorator.py
[2025-02-06T09:26:00.011+0000] {logging_mixin.py:190} INFO - [2025-02-06T09:26:00.011+0000] {dag.py:3239} INFO - Sync 1 DAGs
[2025-02-06T09:26:00.029+0000] {logging_mixin.py:190} INFO - [2025-02-06T09:26:00.029+0000] {dag.py:4180} INFO - Setting next_dagrun for example_python_decorator to None, run_after=None
[2025-02-06T09:26:00.097+0000] {processor.py:208} INFO - Processing /opt/conda/lib/python3.12/site-packages/airflow/example_dags/example_python_decorator.py took 0.131 seconds
[2025-02-06T09:32:22.693+0000] {processor.py:186} INFO - Started process (PID=376) to work on /opt/conda/lib/python3.12/site-packages/airflow/example_dags/example_python_decorator.py
[2025-02-06T09:32:22.694+0000] {processor.py:914} INFO - Processing file /opt/conda/lib/python3.12/site-packages/airflow/example_dags/example_python_decorator.py for tasks to queue
[2025-02-06T09:32:22.696+0000] {logging_mixin.py:190} INFO - [2025-02-06T09:32:22.695+0000] {dagbag.py:588} INFO - Filling up the DagBag from /opt/conda/lib/python3.12/site-packages/airflow/example_dags/example_python_decorator.py
[2025-02-06T09:32:22.704+0000] {logging_mixin.py:190} INFO - [2025-02-06T09:32:22.704+0000] {example_python_decorator.py:80} WARNING - The virtalenv_python example task requires virtualenv, please install it.
[2025-02-06T09:32:22.706+0000] {processor.py:925} INFO - DAG(s) 'example_python_decorator' retrieved from /opt/conda/lib/python3.12/site-packages/airflow/example_dags/example_python_decorator.py
[2025-02-06T09:32:22.728+0000] {logging_mixin.py:190} INFO - [2025-02-06T09:32:22.727+0000] {dag.py:3239} INFO - Sync 1 DAGs
[2025-02-06T09:32:22.740+0000] {logging_mixin.py:190} INFO - [2025-02-06T09:32:22.740+0000] {dag.py:4180} INFO - Setting next_dagrun for example_python_decorator to None, run_after=None
[2025-02-06T09:32:22.789+0000] {processor.py:208} INFO - Processing /opt/conda/lib/python3.12/site-packages/airflow/example_dags/example_python_decorator.py took 0.100 seconds
[2025-02-06T09:37:33.284+0000] {processor.py:186} INFO - Started process (PID=945) to work on /opt/conda/lib/python3.12/site-packages/airflow/example_dags/example_python_decorator.py
[2025-02-06T09:37:33.285+0000] {processor.py:914} INFO - Processing file /opt/conda/lib/python3.12/site-packages/airflow/example_dags/example_python_decorator.py for tasks to queue
[2025-02-06T09:37:33.286+0000] {logging_mixin.py:190} INFO - [2025-02-06T09:37:33.286+0000] {dagbag.py:588} INFO - Filling up the DagBag from /opt/conda/lib/python3.12/site-packages/airflow/example_dags/example_python_decorator.py
[2025-02-06T09:37:33.294+0000] {logging_mixin.py:190} INFO - [2025-02-06T09:37:33.294+0000] {example_python_decorator.py:80} WARNING - The virtalenv_python example task requires virtualenv, please install it.
[2025-02-06T09:37:33.296+0000] {processor.py:925} INFO - DAG(s) 'example_python_decorator' retrieved from /opt/conda/lib/python3.12/site-packages/airflow/example_dags/example_python_decorator.py
[2025-02-06T09:37:33.318+0000] {logging_mixin.py:190} INFO - [2025-02-06T09:37:33.318+0000] {dag.py:3239} INFO - Sync 1 DAGs
[2025-02-06T09:37:33.334+0000] {logging_mixin.py:190} INFO - [2025-02-06T09:37:33.334+0000] {dag.py:4180} INFO - Setting next_dagrun for example_python_decorator to None, run_after=None
[2025-02-06T09:37:33.392+0000] {processor.py:208} INFO - Processing /opt/conda/lib/python3.12/site-packages/airflow/example_dags/example_python_decorator.py took 0.112 seconds
[2025-02-06T09:42:37.016+0000] {processor.py:186} INFO - Started process (PID=1472) to work on /opt/conda/lib/python3.12/site-packages/airflow/example_dags/example_python_decorator.py
[2025-02-06T09:42:37.017+0000] {processor.py:914} INFO - Processing file /opt/conda/lib/python3.12/site-packages/airflow/example_dags/example_python_decorator.py for tasks to queue
[2025-02-06T09:42:37.020+0000] {logging_mixin.py:190} INFO - [2025-02-06T09:42:37.019+0000] {dagbag.py:588} INFO - Filling up the DagBag from /opt/conda/lib/python3.12/site-packages/airflow/example_dags/example_python_decorator.py
[2025-02-06T09:42:37.027+0000] {logging_mixin.py:190} INFO - [2025-02-06T09:42:37.027+0000] {example_python_decorator.py:80} WARNING - The virtalenv_python example task requires virtualenv, please install it.
[2025-02-06T09:42:37.029+0000] {processor.py:925} INFO - DAG(s) 'example_python_decorator' retrieved from /opt/conda/lib/python3.12/site-packages/airflow/example_dags/example_python_decorator.py
[2025-02-06T09:42:37.054+0000] {logging_mixin.py:190} INFO - [2025-02-06T09:42:37.054+0000] {dag.py:3239} INFO - Sync 1 DAGs
[2025-02-06T09:42:37.067+0000] {logging_mixin.py:190} INFO - [2025-02-06T09:42:37.067+0000] {dag.py:4180} INFO - Setting next_dagrun for example_python_decorator to None, run_after=None
[2025-02-06T09:42:37.125+0000] {processor.py:208} INFO - Processing /opt/conda/lib/python3.12/site-packages/airflow/example_dags/example_python_decorator.py took 0.114 seconds
[2025-02-06T09:49:49.461+0000] {processor.py:186} INFO - Started process (PID=359) to work on /opt/conda/lib/python3.12/site-packages/airflow/example_dags/example_python_decorator.py
[2025-02-06T09:49:49.463+0000] {processor.py:914} INFO - Processing file /opt/conda/lib/python3.12/site-packages/airflow/example_dags/example_python_decorator.py for tasks to queue
[2025-02-06T09:49:49.465+0000] {logging_mixin.py:190} INFO - [2025-02-06T09:49:49.464+0000] {dagbag.py:588} INFO - Filling up the DagBag from /opt/conda/lib/python3.12/site-packages/airflow/example_dags/example_python_decorator.py
[2025-02-06T09:49:49.471+0000] {logging_mixin.py:190} INFO - [2025-02-06T09:49:49.471+0000] {example_python_decorator.py:80} WARNING - The virtalenv_python example task requires virtualenv, please install it.
[2025-02-06T09:49:49.474+0000] {processor.py:925} INFO - DAG(s) 'example_python_decorator' retrieved from /opt/conda/lib/python3.12/site-packages/airflow/example_dags/example_python_decorator.py
[2025-02-06T09:49:49.494+0000] {logging_mixin.py:190} INFO - [2025-02-06T09:49:49.494+0000] {dag.py:3239} INFO - Sync 1 DAGs
[2025-02-06T09:49:49.508+0000] {logging_mixin.py:190} INFO - [2025-02-06T09:49:49.508+0000] {dag.py:4180} INFO - Setting next_dagrun for example_python_decorator to None, run_after=None
[2025-02-06T09:49:49.559+0000] {processor.py:208} INFO - Processing /opt/conda/lib/python3.12/site-packages/airflow/example_dags/example_python_decorator.py took 0.102 seconds
[2025-02-06T09:55:01.500+0000] {processor.py:186} INFO - Started process (PID=908) to work on /opt/conda/lib/python3.12/site-packages/airflow/example_dags/example_python_decorator.py
[2025-02-06T09:55:01.501+0000] {processor.py:914} INFO - Processing file /opt/conda/lib/python3.12/site-packages/airflow/example_dags/example_python_decorator.py for tasks to queue
[2025-02-06T09:55:01.503+0000] {logging_mixin.py:190} INFO - [2025-02-06T09:55:01.503+0000] {dagbag.py:588} INFO - Filling up the DagBag from /opt/conda/lib/python3.12/site-packages/airflow/example_dags/example_python_decorator.py
[2025-02-06T09:55:01.511+0000] {logging_mixin.py:190} INFO - [2025-02-06T09:55:01.511+0000] {example_python_decorator.py:80} WARNING - The virtalenv_python example task requires virtualenv, please install it.
[2025-02-06T09:55:01.513+0000] {processor.py:925} INFO - DAG(s) 'example_python_decorator' retrieved from /opt/conda/lib/python3.12/site-packages/airflow/example_dags/example_python_decorator.py
[2025-02-06T09:55:01.537+0000] {logging_mixin.py:190} INFO - [2025-02-06T09:55:01.537+0000] {dag.py:3239} INFO - Sync 1 DAGs
[2025-02-06T09:55:01.550+0000] {logging_mixin.py:190} INFO - [2025-02-06T09:55:01.550+0000] {dag.py:4180} INFO - Setting next_dagrun for example_python_decorator to None, run_after=None
[2025-02-06T09:55:01.623+0000] {processor.py:208} INFO - Processing /opt/conda/lib/python3.12/site-packages/airflow/example_dags/example_python_decorator.py took 0.127 seconds
[2025-02-06T09:59:24.539+0000] {processor.py:186} INFO - Started process (PID=1417) to work on /opt/conda/lib/python3.12/site-packages/airflow/example_dags/example_python_decorator.py
[2025-02-06T09:59:24.540+0000] {processor.py:914} INFO - Processing file /opt/conda/lib/python3.12/site-packages/airflow/example_dags/example_python_decorator.py for tasks to queue
[2025-02-06T09:59:24.542+0000] {logging_mixin.py:190} INFO - [2025-02-06T09:59:24.542+0000] {dagbag.py:588} INFO - Filling up the DagBag from /opt/conda/lib/python3.12/site-packages/airflow/example_dags/example_python_decorator.py
[2025-02-06T09:59:24.551+0000] {logging_mixin.py:190} INFO - [2025-02-06T09:59:24.551+0000] {example_python_decorator.py:80} WARNING - The virtalenv_python example task requires virtualenv, please install it.
[2025-02-06T09:59:24.553+0000] {processor.py:925} INFO - DAG(s) 'example_python_decorator' retrieved from /opt/conda/lib/python3.12/site-packages/airflow/example_dags/example_python_decorator.py
[2025-02-06T09:59:24.576+0000] {logging_mixin.py:190} INFO - [2025-02-06T09:59:24.576+0000] {dag.py:3239} INFO - Sync 1 DAGs
[2025-02-06T09:59:24.590+0000] {logging_mixin.py:190} INFO - [2025-02-06T09:59:24.589+0000] {dag.py:4180} INFO - Setting next_dagrun for example_python_decorator to None, run_after=None
[2025-02-06T09:59:24.643+0000] {processor.py:208} INFO - Processing /opt/conda/lib/python3.12/site-packages/airflow/example_dags/example_python_decorator.py took 0.108 seconds
[2025-02-06T10:03:54.540+0000] {processor.py:186} INFO - Started process (PID=1886) to work on /opt/conda/lib/python3.12/site-packages/airflow/example_dags/example_python_decorator.py
[2025-02-06T10:03:54.541+0000] {processor.py:914} INFO - Processing file /opt/conda/lib/python3.12/site-packages/airflow/example_dags/example_python_decorator.py for tasks to queue
[2025-02-06T10:03:54.543+0000] {logging_mixin.py:190} INFO - [2025-02-06T10:03:54.543+0000] {dagbag.py:588} INFO - Filling up the DagBag from /opt/conda/lib/python3.12/site-packages/airflow/example_dags/example_python_decorator.py
[2025-02-06T10:03:54.551+0000] {logging_mixin.py:190} INFO - [2025-02-06T10:03:54.551+0000] {example_python_decorator.py:80} WARNING - The virtalenv_python example task requires virtualenv, please install it.
[2025-02-06T10:03:54.554+0000] {processor.py:925} INFO - DAG(s) 'example_python_decorator' retrieved from /opt/conda/lib/python3.12/site-packages/airflow/example_dags/example_python_decorator.py
[2025-02-06T10:03:54.584+0000] {logging_mixin.py:190} INFO - [2025-02-06T10:03:54.583+0000] {dag.py:3239} INFO - Sync 1 DAGs
[2025-02-06T10:03:54.602+0000] {logging_mixin.py:190} INFO - [2025-02-06T10:03:54.601+0000] {dag.py:4180} INFO - Setting next_dagrun for example_python_decorator to None, run_after=None
[2025-02-06T10:03:54.665+0000] {processor.py:208} INFO - Processing /opt/conda/lib/python3.12/site-packages/airflow/example_dags/example_python_decorator.py took 0.128 seconds
[2025-02-06T10:06:12.043+0000] {processor.py:186} INFO - Started process (PID=2073) to work on /opt/conda/lib/python3.12/site-packages/airflow/example_dags/example_python_decorator.py
[2025-02-06T10:06:12.046+0000] {processor.py:914} INFO - Processing file /opt/conda/lib/python3.12/site-packages/airflow/example_dags/example_python_decorator.py for tasks to queue
[2025-02-06T10:06:12.049+0000] {logging_mixin.py:190} INFO - [2025-02-06T10:06:12.049+0000] {dagbag.py:588} INFO - Filling up the DagBag from /opt/conda/lib/python3.12/site-packages/airflow/example_dags/example_python_decorator.py
[2025-02-06T10:06:12.061+0000] {logging_mixin.py:190} INFO - [2025-02-06T10:06:12.060+0000] {example_python_decorator.py:80} WARNING - The virtalenv_python example task requires virtualenv, please install it.
[2025-02-06T10:06:12.065+0000] {processor.py:925} INFO - DAG(s) 'example_python_decorator' retrieved from /opt/conda/lib/python3.12/site-packages/airflow/example_dags/example_python_decorator.py
[2025-02-06T10:06:12.091+0000] {logging_mixin.py:190} INFO - [2025-02-06T10:06:12.091+0000] {dag.py:3239} INFO - Sync 1 DAGs
[2025-02-06T10:06:12.115+0000] {logging_mixin.py:190} INFO - [2025-02-06T10:06:12.115+0000] {dag.py:4180} INFO - Setting next_dagrun for example_python_decorator to None, run_after=None
[2025-02-06T10:06:12.224+0000] {processor.py:208} INFO - Processing /opt/conda/lib/python3.12/site-packages/airflow/example_dags/example_python_decorator.py took 0.186 seconds
[2025-02-06T10:14:25.576+0000] {processor.py:186} INFO - Started process (PID=2904) to work on /opt/conda/lib/python3.12/site-packages/airflow/example_dags/example_python_decorator.py
[2025-02-06T10:14:25.577+0000] {processor.py:914} INFO - Processing file /opt/conda/lib/python3.12/site-packages/airflow/example_dags/example_python_decorator.py for tasks to queue
[2025-02-06T10:14:25.578+0000] {logging_mixin.py:190} INFO - [2025-02-06T10:14:25.578+0000] {dagbag.py:588} INFO - Filling up the DagBag from /opt/conda/lib/python3.12/site-packages/airflow/example_dags/example_python_decorator.py
[2025-02-06T10:14:25.586+0000] {logging_mixin.py:190} INFO - [2025-02-06T10:14:25.586+0000] {example_python_decorator.py:80} WARNING - The virtalenv_python example task requires virtualenv, please install it.
[2025-02-06T10:14:25.588+0000] {processor.py:925} INFO - DAG(s) 'example_python_decorator' retrieved from /opt/conda/lib/python3.12/site-packages/airflow/example_dags/example_python_decorator.py
[2025-02-06T10:14:25.708+0000] {logging_mixin.py:190} INFO - [2025-02-06T10:14:25.708+0000] {dag.py:3239} INFO - Sync 1 DAGs
[2025-02-06T10:14:25.718+0000] {logging_mixin.py:190} INFO - [2025-02-06T10:14:25.718+0000] {dag.py:4180} INFO - Setting next_dagrun for example_python_decorator to None, run_after=None
[2025-02-06T10:14:25.814+0000] {processor.py:208} INFO - Processing /opt/conda/lib/python3.12/site-packages/airflow/example_dags/example_python_decorator.py took 0.244 seconds
[2025-02-06T10:20:20.902+0000] {processor.py:186} INFO - Started process (PID=3520) to work on /opt/conda/lib/python3.12/site-packages/airflow/example_dags/example_python_decorator.py
[2025-02-06T10:20:20.903+0000] {processor.py:914} INFO - Processing file /opt/conda/lib/python3.12/site-packages/airflow/example_dags/example_python_decorator.py for tasks to queue
[2025-02-06T10:20:20.904+0000] {logging_mixin.py:190} INFO - [2025-02-06T10:20:20.904+0000] {dagbag.py:588} INFO - Filling up the DagBag from /opt/conda/lib/python3.12/site-packages/airflow/example_dags/example_python_decorator.py
[2025-02-06T10:20:20.913+0000] {logging_mixin.py:190} INFO - [2025-02-06T10:20:20.912+0000] {example_python_decorator.py:80} WARNING - The virtalenv_python example task requires virtualenv, please install it.
[2025-02-06T10:20:20.914+0000] {processor.py:925} INFO - DAG(s) 'example_python_decorator' retrieved from /opt/conda/lib/python3.12/site-packages/airflow/example_dags/example_python_decorator.py
[2025-02-06T10:20:20.943+0000] {logging_mixin.py:190} INFO - [2025-02-06T10:20:20.943+0000] {dag.py:3239} INFO - Sync 1 DAGs
[2025-02-06T10:20:20.963+0000] {logging_mixin.py:190} INFO - [2025-02-06T10:20:20.962+0000] {dag.py:4180} INFO - Setting next_dagrun for example_python_decorator to None, run_after=None
[2025-02-06T10:20:21.033+0000] {processor.py:208} INFO - Processing /opt/conda/lib/python3.12/site-packages/airflow/example_dags/example_python_decorator.py took 0.137 seconds
[2025-02-06T10:24:12.301+0000] {processor.py:186} INFO - Started process (PID=3893) to work on /opt/conda/lib/python3.12/site-packages/airflow/example_dags/example_python_decorator.py
[2025-02-06T10:24:12.302+0000] {processor.py:914} INFO - Processing file /opt/conda/lib/python3.12/site-packages/airflow/example_dags/example_python_decorator.py for tasks to queue
[2025-02-06T10:24:12.304+0000] {logging_mixin.py:190} INFO - [2025-02-06T10:24:12.303+0000] {dagbag.py:588} INFO - Filling up the DagBag from /opt/conda/lib/python3.12/site-packages/airflow/example_dags/example_python_decorator.py
[2025-02-06T10:24:12.312+0000] {logging_mixin.py:190} INFO - [2025-02-06T10:24:12.312+0000] {example_python_decorator.py:80} WARNING - The virtalenv_python example task requires virtualenv, please install it.
[2025-02-06T10:24:12.316+0000] {processor.py:925} INFO - DAG(s) 'example_python_decorator' retrieved from /opt/conda/lib/python3.12/site-packages/airflow/example_dags/example_python_decorator.py
[2025-02-06T10:24:12.341+0000] {logging_mixin.py:190} INFO - [2025-02-06T10:24:12.340+0000] {dag.py:3239} INFO - Sync 1 DAGs
[2025-02-06T10:24:12.354+0000] {logging_mixin.py:190} INFO - [2025-02-06T10:24:12.354+0000] {dag.py:4180} INFO - Setting next_dagrun for example_python_decorator to None, run_after=None
[2025-02-06T10:24:12.414+0000] {processor.py:208} INFO - Processing /opt/conda/lib/python3.12/site-packages/airflow/example_dags/example_python_decorator.py took 0.117 seconds
[2025-02-06T10:26:56.173+0000] {processor.py:186} INFO - Started process (PID=4160) to work on /opt/conda/lib/python3.12/site-packages/airflow/example_dags/example_python_decorator.py
[2025-02-06T10:26:56.174+0000] {processor.py:914} INFO - Processing file /opt/conda/lib/python3.12/site-packages/airflow/example_dags/example_python_decorator.py for tasks to queue
[2025-02-06T10:26:56.175+0000] {logging_mixin.py:190} INFO - [2025-02-06T10:26:56.175+0000] {dagbag.py:588} INFO - Filling up the DagBag from /opt/conda/lib/python3.12/site-packages/airflow/example_dags/example_python_decorator.py
[2025-02-06T10:26:56.183+0000] {logging_mixin.py:190} INFO - [2025-02-06T10:26:56.183+0000] {example_python_decorator.py:80} WARNING - The virtalenv_python example task requires virtualenv, please install it.
[2025-02-06T10:26:56.185+0000] {processor.py:925} INFO - DAG(s) 'example_python_decorator' retrieved from /opt/conda/lib/python3.12/site-packages/airflow/example_dags/example_python_decorator.py
[2025-02-06T10:26:56.209+0000] {logging_mixin.py:190} INFO - [2025-02-06T10:26:56.209+0000] {dag.py:3239} INFO - Sync 1 DAGs
[2025-02-06T10:26:56.226+0000] {logging_mixin.py:190} INFO - [2025-02-06T10:26:56.226+0000] {dag.py:4180} INFO - Setting next_dagrun for example_python_decorator to None, run_after=None
[2025-02-06T10:26:56.295+0000] {processor.py:208} INFO - Processing /opt/conda/lib/python3.12/site-packages/airflow/example_dags/example_python_decorator.py took 0.128 seconds
[2025-02-06T11:40:02.022+0000] {processor.py:186} INFO - Started process (PID=252) to work on /opt/conda/lib/python3.12/site-packages/airflow/example_dags/example_python_decorator.py
[2025-02-06T11:40:02.025+0000] {processor.py:914} INFO - Processing file /opt/conda/lib/python3.12/site-packages/airflow/example_dags/example_python_decorator.py for tasks to queue
[2025-02-06T11:40:02.029+0000] {logging_mixin.py:190} INFO - [2025-02-06T11:40:02.029+0000] {dagbag.py:588} INFO - Filling up the DagBag from /opt/conda/lib/python3.12/site-packages/airflow/example_dags/example_python_decorator.py
[2025-02-06T11:40:02.055+0000] {logging_mixin.py:190} INFO - [2025-02-06T11:40:02.054+0000] {example_python_decorator.py:80} WARNING - The virtalenv_python example task requires virtualenv, please install it.
[2025-02-06T11:40:02.060+0000] {processor.py:925} INFO - DAG(s) 'example_python_decorator' retrieved from /opt/conda/lib/python3.12/site-packages/airflow/example_dags/example_python_decorator.py
[2025-02-06T11:40:02.136+0000] {logging_mixin.py:190} INFO - [2025-02-06T11:40:02.136+0000] {dag.py:3239} INFO - Sync 1 DAGs
[2025-02-06T11:40:02.174+0000] {logging_mixin.py:190} INFO - [2025-02-06T11:40:02.173+0000] {dag.py:4180} INFO - Setting next_dagrun for example_python_decorator to None, run_after=None
[2025-02-06T11:40:02.307+0000] {processor.py:208} INFO - Processing /opt/conda/lib/python3.12/site-packages/airflow/example_dags/example_python_decorator.py took 0.301 seconds
[2025-02-06T11:43:48.359+0000] {processor.py:186} INFO - Started process (PID=1229) to work on /opt/conda/lib/python3.12/site-packages/airflow/example_dags/example_python_decorator.py
[2025-02-06T11:43:48.361+0000] {processor.py:914} INFO - Processing file /opt/conda/lib/python3.12/site-packages/airflow/example_dags/example_python_decorator.py for tasks to queue
[2025-02-06T11:43:48.364+0000] {logging_mixin.py:190} INFO - [2025-02-06T11:43:48.363+0000] {dagbag.py:588} INFO - Filling up the DagBag from /opt/conda/lib/python3.12/site-packages/airflow/example_dags/example_python_decorator.py
[2025-02-06T11:43:48.376+0000] {logging_mixin.py:190} INFO - [2025-02-06T11:43:48.376+0000] {example_python_decorator.py:80} WARNING - The virtalenv_python example task requires virtualenv, please install it.
[2025-02-06T11:43:48.378+0000] {processor.py:925} INFO - DAG(s) 'example_python_decorator' retrieved from /opt/conda/lib/python3.12/site-packages/airflow/example_dags/example_python_decorator.py
[2025-02-06T11:43:48.411+0000] {logging_mixin.py:190} INFO - [2025-02-06T11:43:48.411+0000] {dag.py:3239} INFO - Sync 1 DAGs
[2025-02-06T11:43:48.429+0000] {logging_mixin.py:190} INFO - [2025-02-06T11:43:48.429+0000] {dag.py:4180} INFO - Setting next_dagrun for example_python_decorator to None, run_after=None
[2025-02-06T11:43:48.506+0000] {processor.py:208} INFO - Processing /opt/conda/lib/python3.12/site-packages/airflow/example_dags/example_python_decorator.py took 0.153 seconds
[2025-02-06T11:48:13.378+0000] {processor.py:186} INFO - Started process (PID=2123) to work on /opt/conda/lib/python3.12/site-packages/airflow/example_dags/example_python_decorator.py
[2025-02-06T11:48:13.379+0000] {processor.py:914} INFO - Processing file /opt/conda/lib/python3.12/site-packages/airflow/example_dags/example_python_decorator.py for tasks to queue
[2025-02-06T11:48:13.382+0000] {logging_mixin.py:190} INFO - [2025-02-06T11:48:13.381+0000] {dagbag.py:588} INFO - Filling up the DagBag from /opt/conda/lib/python3.12/site-packages/airflow/example_dags/example_python_decorator.py
[2025-02-06T11:48:13.394+0000] {logging_mixin.py:190} INFO - [2025-02-06T11:48:13.394+0000] {example_python_decorator.py:80} WARNING - The virtalenv_python example task requires virtualenv, please install it.
[2025-02-06T11:48:13.397+0000] {processor.py:925} INFO - DAG(s) 'example_python_decorator' retrieved from /opt/conda/lib/python3.12/site-packages/airflow/example_dags/example_python_decorator.py
[2025-02-06T11:48:13.425+0000] {logging_mixin.py:190} INFO - [2025-02-06T11:48:13.424+0000] {dag.py:3239} INFO - Sync 1 DAGs
[2025-02-06T11:48:13.441+0000] {logging_mixin.py:190} INFO - [2025-02-06T11:48:13.441+0000] {dag.py:4180} INFO - Setting next_dagrun for example_python_decorator to None, run_after=None
[2025-02-06T11:48:13.595+0000] {processor.py:208} INFO - Processing /opt/conda/lib/python3.12/site-packages/airflow/example_dags/example_python_decorator.py took 0.223 seconds
[2025-02-06T11:51:45.560+0000] {processor.py:186} INFO - Started process (PID=3096) to work on /opt/conda/lib/python3.12/site-packages/airflow/example_dags/example_python_decorator.py
[2025-02-06T11:51:45.562+0000] {processor.py:914} INFO - Processing file /opt/conda/lib/python3.12/site-packages/airflow/example_dags/example_python_decorator.py for tasks to queue
[2025-02-06T11:51:45.564+0000] {logging_mixin.py:190} INFO - [2025-02-06T11:51:45.563+0000] {dagbag.py:588} INFO - Filling up the DagBag from /opt/conda/lib/python3.12/site-packages/airflow/example_dags/example_python_decorator.py
[2025-02-06T11:51:45.580+0000] {logging_mixin.py:190} INFO - [2025-02-06T11:51:45.579+0000] {example_python_decorator.py:80} WARNING - The virtalenv_python example task requires virtualenv, please install it.
[2025-02-06T11:51:45.582+0000] {processor.py:925} INFO - DAG(s) 'example_python_decorator' retrieved from /opt/conda/lib/python3.12/site-packages/airflow/example_dags/example_python_decorator.py
[2025-02-06T11:51:45.617+0000] {logging_mixin.py:190} INFO - [2025-02-06T11:51:45.617+0000] {dag.py:3239} INFO - Sync 1 DAGs
[2025-02-06T11:51:45.639+0000] {logging_mixin.py:190} INFO - [2025-02-06T11:51:45.638+0000] {dag.py:4180} INFO - Setting next_dagrun for example_python_decorator to None, run_after=None
[2025-02-06T11:51:45.725+0000] {processor.py:208} INFO - Processing /opt/conda/lib/python3.12/site-packages/airflow/example_dags/example_python_decorator.py took 0.170 seconds
[2025-02-06T11:54:49.324+0000] {processor.py:186} INFO - Started process (PID=118) to work on /opt/conda/lib/python3.12/site-packages/airflow/example_dags/example_python_decorator.py
[2025-02-06T11:54:49.325+0000] {processor.py:914} INFO - Processing file /opt/conda/lib/python3.12/site-packages/airflow/example_dags/example_python_decorator.py for tasks to queue
[2025-02-06T11:54:49.327+0000] {logging_mixin.py:190} INFO - [2025-02-06T11:54:49.327+0000] {dagbag.py:588} INFO - Filling up the DagBag from /opt/conda/lib/python3.12/site-packages/airflow/example_dags/example_python_decorator.py
[2025-02-06T11:54:49.337+0000] {logging_mixin.py:190} INFO - [2025-02-06T11:54:49.336+0000] {example_python_decorator.py:80} WARNING - The virtalenv_python example task requires virtualenv, please install it.
[2025-02-06T11:54:49.339+0000] {processor.py:925} INFO - DAG(s) 'example_python_decorator' retrieved from /opt/conda/lib/python3.12/site-packages/airflow/example_dags/example_python_decorator.py
[2025-02-06T11:54:49.368+0000] {logging_mixin.py:190} INFO - [2025-02-06T11:54:49.367+0000] {dag.py:3239} INFO - Sync 1 DAGs
[2025-02-06T11:54:49.386+0000] {logging_mixin.py:190} INFO - [2025-02-06T11:54:49.385+0000] {dag.py:4180} INFO - Setting next_dagrun for example_python_decorator to None, run_after=None
[2025-02-06T11:54:49.453+0000] {processor.py:208} INFO - Processing /opt/conda/lib/python3.12/site-packages/airflow/example_dags/example_python_decorator.py took 0.134 seconds
[2025-02-06T11:58:39.845+0000] {processor.py:186} INFO - Started process (PID=253) to work on /opt/conda/lib/python3.12/site-packages/airflow/example_dags/example_python_decorator.py
[2025-02-06T11:58:39.846+0000] {processor.py:914} INFO - Processing file /opt/conda/lib/python3.12/site-packages/airflow/example_dags/example_python_decorator.py for tasks to queue
[2025-02-06T11:58:39.849+0000] {logging_mixin.py:190} INFO - [2025-02-06T11:58:39.848+0000] {dagbag.py:588} INFO - Filling up the DagBag from /opt/conda/lib/python3.12/site-packages/airflow/example_dags/example_python_decorator.py
[2025-02-06T11:58:39.860+0000] {logging_mixin.py:190} INFO - [2025-02-06T11:58:39.859+0000] {example_python_decorator.py:80} WARNING - The virtalenv_python example task requires virtualenv, please install it.
[2025-02-06T11:58:39.862+0000] {processor.py:925} INFO - DAG(s) 'example_python_decorator' retrieved from /opt/conda/lib/python3.12/site-packages/airflow/example_dags/example_python_decorator.py
[2025-02-06T11:58:39.900+0000] {logging_mixin.py:190} INFO - [2025-02-06T11:58:39.900+0000] {dag.py:3239} INFO - Sync 1 DAGs
[2025-02-06T11:58:39.922+0000] {logging_mixin.py:190} INFO - [2025-02-06T11:58:39.922+0000] {dag.py:4180} INFO - Setting next_dagrun for example_python_decorator to None, run_after=None
[2025-02-06T11:58:39.992+0000] {processor.py:208} INFO - Processing /opt/conda/lib/python3.12/site-packages/airflow/example_dags/example_python_decorator.py took 0.153 seconds
[2025-02-06T12:00:33.372+0000] {processor.py:186} INFO - Started process (PID=118) to work on /opt/conda/lib/python3.12/site-packages/airflow/example_dags/example_python_decorator.py
[2025-02-06T12:00:33.374+0000] {processor.py:914} INFO - Processing file /opt/conda/lib/python3.12/site-packages/airflow/example_dags/example_python_decorator.py for tasks to queue
[2025-02-06T12:00:33.376+0000] {logging_mixin.py:190} INFO - [2025-02-06T12:00:33.375+0000] {dagbag.py:588} INFO - Filling up the DagBag from /opt/conda/lib/python3.12/site-packages/airflow/example_dags/example_python_decorator.py
[2025-02-06T12:00:33.385+0000] {logging_mixin.py:190} INFO - [2025-02-06T12:00:33.384+0000] {example_python_decorator.py:80} WARNING - The virtalenv_python example task requires virtualenv, please install it.
[2025-02-06T12:00:33.387+0000] {processor.py:925} INFO - DAG(s) 'example_python_decorator' retrieved from /opt/conda/lib/python3.12/site-packages/airflow/example_dags/example_python_decorator.py
[2025-02-06T12:00:33.414+0000] {logging_mixin.py:190} INFO - [2025-02-06T12:00:33.414+0000] {dag.py:3239} INFO - Sync 1 DAGs
[2025-02-06T12:00:33.431+0000] {logging_mixin.py:190} INFO - [2025-02-06T12:00:33.431+0000] {dag.py:4180} INFO - Setting next_dagrun for example_python_decorator to None, run_after=None
[2025-02-06T12:00:33.508+0000] {processor.py:208} INFO - Processing /opt/conda/lib/python3.12/site-packages/airflow/example_dags/example_python_decorator.py took 0.141 seconds
[2025-02-06T12:04:01.461+0000] {processor.py:186} INFO - Started process (PID=252) to work on /opt/conda/lib/python3.12/site-packages/airflow/example_dags/example_python_decorator.py
[2025-02-06T12:04:01.462+0000] {processor.py:914} INFO - Processing file /opt/conda/lib/python3.12/site-packages/airflow/example_dags/example_python_decorator.py for tasks to queue
[2025-02-06T12:04:01.464+0000] {logging_mixin.py:190} INFO - [2025-02-06T12:04:01.463+0000] {dagbag.py:588} INFO - Filling up the DagBag from /opt/conda/lib/python3.12/site-packages/airflow/example_dags/example_python_decorator.py
[2025-02-06T12:04:01.471+0000] {logging_mixin.py:190} INFO - [2025-02-06T12:04:01.471+0000] {example_python_decorator.py:80} WARNING - The virtalenv_python example task requires virtualenv, please install it.
[2025-02-06T12:04:01.473+0000] {processor.py:925} INFO - DAG(s) 'example_python_decorator' retrieved from /opt/conda/lib/python3.12/site-packages/airflow/example_dags/example_python_decorator.py
[2025-02-06T12:04:01.502+0000] {logging_mixin.py:190} INFO - [2025-02-06T12:04:01.502+0000] {dag.py:3239} INFO - Sync 1 DAGs
[2025-02-06T12:04:01.518+0000] {logging_mixin.py:190} INFO - [2025-02-06T12:04:01.518+0000] {dag.py:4180} INFO - Setting next_dagrun for example_python_decorator to None, run_after=None
[2025-02-06T12:04:01.578+0000] {processor.py:208} INFO - Processing /opt/conda/lib/python3.12/site-packages/airflow/example_dags/example_python_decorator.py took 0.122 seconds
[2025-02-06T12:06:52.079+0000] {processor.py:186} INFO - Started process (PID=1267) to work on /opt/conda/lib/python3.12/site-packages/airflow/example_dags/example_python_decorator.py
[2025-02-06T12:06:52.080+0000] {processor.py:914} INFO - Processing file /opt/conda/lib/python3.12/site-packages/airflow/example_dags/example_python_decorator.py for tasks to queue
[2025-02-06T12:06:52.082+0000] {logging_mixin.py:190} INFO - [2025-02-06T12:06:52.082+0000] {dagbag.py:588} INFO - Filling up the DagBag from /opt/conda/lib/python3.12/site-packages/airflow/example_dags/example_python_decorator.py
[2025-02-06T12:06:52.089+0000] {logging_mixin.py:190} INFO - [2025-02-06T12:06:52.089+0000] {example_python_decorator.py:80} WARNING - The virtalenv_python example task requires virtualenv, please install it.
[2025-02-06T12:06:52.091+0000] {processor.py:925} INFO - DAG(s) 'example_python_decorator' retrieved from /opt/conda/lib/python3.12/site-packages/airflow/example_dags/example_python_decorator.py
[2025-02-06T12:06:52.116+0000] {logging_mixin.py:190} INFO - [2025-02-06T12:06:52.116+0000] {dag.py:3239} INFO - Sync 1 DAGs
[2025-02-06T12:06:52.131+0000] {logging_mixin.py:190} INFO - [2025-02-06T12:06:52.131+0000] {dag.py:4180} INFO - Setting next_dagrun for example_python_decorator to None, run_after=None
[2025-02-06T12:06:52.183+0000] {processor.py:208} INFO - Processing /opt/conda/lib/python3.12/site-packages/airflow/example_dags/example_python_decorator.py took 0.108 seconds
[2025-02-06T12:09:23.720+0000] {processor.py:186} INFO - Started process (PID=2118) to work on /opt/conda/lib/python3.12/site-packages/airflow/example_dags/example_python_decorator.py
[2025-02-06T12:09:23.722+0000] {processor.py:914} INFO - Processing file /opt/conda/lib/python3.12/site-packages/airflow/example_dags/example_python_decorator.py for tasks to queue
[2025-02-06T12:09:23.725+0000] {logging_mixin.py:190} INFO - [2025-02-06T12:09:23.724+0000] {dagbag.py:588} INFO - Filling up the DagBag from /opt/conda/lib/python3.12/site-packages/airflow/example_dags/example_python_decorator.py
[2025-02-06T12:09:23.736+0000] {logging_mixin.py:190} INFO - [2025-02-06T12:09:23.736+0000] {example_python_decorator.py:80} WARNING - The virtalenv_python example task requires virtualenv, please install it.
[2025-02-06T12:09:23.740+0000] {processor.py:925} INFO - DAG(s) 'example_python_decorator' retrieved from /opt/conda/lib/python3.12/site-packages/airflow/example_dags/example_python_decorator.py
[2025-02-06T12:09:23.779+0000] {logging_mixin.py:190} INFO - [2025-02-06T12:09:23.778+0000] {dag.py:3239} INFO - Sync 1 DAGs
[2025-02-06T12:09:23.800+0000] {logging_mixin.py:190} INFO - [2025-02-06T12:09:23.800+0000] {dag.py:4180} INFO - Setting next_dagrun for example_python_decorator to None, run_after=None
[2025-02-06T12:09:23.870+0000] {processor.py:208} INFO - Processing /opt/conda/lib/python3.12/site-packages/airflow/example_dags/example_python_decorator.py took 0.157 seconds
[2025-02-06T12:11:30.603+0000] {processor.py:186} INFO - Started process (PID=258) to work on /opt/conda/lib/python3.12/site-packages/airflow/example_dags/example_python_decorator.py
[2025-02-06T12:11:30.604+0000] {processor.py:914} INFO - Processing file /opt/conda/lib/python3.12/site-packages/airflow/example_dags/example_python_decorator.py for tasks to queue
[2025-02-06T12:11:30.607+0000] {logging_mixin.py:190} INFO - [2025-02-06T12:11:30.606+0000] {dagbag.py:588} INFO - Filling up the DagBag from /opt/conda/lib/python3.12/site-packages/airflow/example_dags/example_python_decorator.py
[2025-02-06T12:11:30.614+0000] {logging_mixin.py:190} INFO - [2025-02-06T12:11:30.614+0000] {example_python_decorator.py:80} WARNING - The virtalenv_python example task requires virtualenv, please install it.
[2025-02-06T12:11:30.617+0000] {processor.py:925} INFO - DAG(s) 'example_python_decorator' retrieved from /opt/conda/lib/python3.12/site-packages/airflow/example_dags/example_python_decorator.py
[2025-02-06T12:11:30.644+0000] {logging_mixin.py:190} INFO - [2025-02-06T12:11:30.644+0000] {dag.py:3239} INFO - Sync 1 DAGs
[2025-02-06T12:11:30.658+0000] {logging_mixin.py:190} INFO - [2025-02-06T12:11:30.658+0000] {dag.py:4180} INFO - Setting next_dagrun for example_python_decorator to None, run_after=None
[2025-02-06T12:11:30.725+0000] {processor.py:208} INFO - Processing /opt/conda/lib/python3.12/site-packages/airflow/example_dags/example_python_decorator.py took 0.128 seconds
[2025-02-06T12:14:29.777+0000] {processor.py:186} INFO - Started process (PID=249) to work on /opt/conda/lib/python3.12/site-packages/airflow/example_dags/example_python_decorator.py
[2025-02-06T12:14:29.778+0000] {processor.py:914} INFO - Processing file /opt/conda/lib/python3.12/site-packages/airflow/example_dags/example_python_decorator.py for tasks to queue
[2025-02-06T12:14:29.781+0000] {logging_mixin.py:190} INFO - [2025-02-06T12:14:29.780+0000] {dagbag.py:588} INFO - Filling up the DagBag from /opt/conda/lib/python3.12/site-packages/airflow/example_dags/example_python_decorator.py
[2025-02-06T12:14:29.788+0000] {logging_mixin.py:190} INFO - [2025-02-06T12:14:29.788+0000] {example_python_decorator.py:80} WARNING - The virtalenv_python example task requires virtualenv, please install it.
[2025-02-06T12:14:29.791+0000] {processor.py:925} INFO - DAG(s) 'example_python_decorator' retrieved from /opt/conda/lib/python3.12/site-packages/airflow/example_dags/example_python_decorator.py
[2025-02-06T12:14:29.819+0000] {logging_mixin.py:190} INFO - [2025-02-06T12:14:29.819+0000] {dag.py:3239} INFO - Sync 1 DAGs
[2025-02-06T12:14:29.831+0000] {logging_mixin.py:190} INFO - [2025-02-06T12:14:29.831+0000] {dag.py:4180} INFO - Setting next_dagrun for example_python_decorator to None, run_after=None
[2025-02-06T12:14:29.880+0000] {processor.py:208} INFO - Processing /opt/conda/lib/python3.12/site-packages/airflow/example_dags/example_python_decorator.py took 0.107 seconds
[2025-02-06T12:18:06.990+0000] {processor.py:186} INFO - Started process (PID=104) to work on /opt/conda/lib/python3.12/site-packages/airflow/example_dags/example_python_decorator.py
[2025-02-06T12:18:06.991+0000] {processor.py:914} INFO - Processing file /opt/conda/lib/python3.12/site-packages/airflow/example_dags/example_python_decorator.py for tasks to queue
[2025-02-06T12:18:06.992+0000] {logging_mixin.py:190} INFO - [2025-02-06T12:18:06.992+0000] {dagbag.py:588} INFO - Filling up the DagBag from /opt/conda/lib/python3.12/site-packages/airflow/example_dags/example_python_decorator.py
[2025-02-06T12:18:06.999+0000] {logging_mixin.py:190} INFO - [2025-02-06T12:18:06.999+0000] {example_python_decorator.py:80} WARNING - The virtalenv_python example task requires virtualenv, please install it.
[2025-02-06T12:18:07.001+0000] {processor.py:925} INFO - DAG(s) 'example_python_decorator' retrieved from /opt/conda/lib/python3.12/site-packages/airflow/example_dags/example_python_decorator.py
[2025-02-06T12:18:07.021+0000] {logging_mixin.py:190} INFO - [2025-02-06T12:18:07.021+0000] {dag.py:3239} INFO - Sync 1 DAGs
[2025-02-06T12:18:07.032+0000] {logging_mixin.py:190} INFO - [2025-02-06T12:18:07.032+0000] {dag.py:4180} INFO - Setting next_dagrun for example_python_decorator to None, run_after=None
[2025-02-06T12:18:07.106+0000] {processor.py:208} INFO - Processing /opt/conda/lib/python3.12/site-packages/airflow/example_dags/example_python_decorator.py took 0.120 seconds
[2025-02-06T12:22:04.789+0000] {processor.py:186} INFO - Started process (PID=330) to work on /opt/conda/lib/python3.12/site-packages/airflow/example_dags/example_python_decorator.py
[2025-02-06T12:22:04.790+0000] {processor.py:914} INFO - Processing file /opt/conda/lib/python3.12/site-packages/airflow/example_dags/example_python_decorator.py for tasks to queue
[2025-02-06T12:22:04.793+0000] {logging_mixin.py:190} INFO - [2025-02-06T12:22:04.793+0000] {dagbag.py:588} INFO - Filling up the DagBag from /opt/conda/lib/python3.12/site-packages/airflow/example_dags/example_python_decorator.py
[2025-02-06T12:22:04.805+0000] {logging_mixin.py:190} INFO - [2025-02-06T12:22:04.805+0000] {example_python_decorator.py:80} WARNING - The virtalenv_python example task requires virtualenv, please install it.
[2025-02-06T12:22:04.807+0000] {processor.py:925} INFO - DAG(s) 'example_python_decorator' retrieved from /opt/conda/lib/python3.12/site-packages/airflow/example_dags/example_python_decorator.py
[2025-02-06T12:22:04.839+0000] {logging_mixin.py:190} INFO - [2025-02-06T12:22:04.839+0000] {dag.py:3239} INFO - Sync 1 DAGs
[2025-02-06T12:22:04.856+0000] {logging_mixin.py:190} INFO - [2025-02-06T12:22:04.855+0000] {dag.py:4180} INFO - Setting next_dagrun for example_python_decorator to None, run_after=None
[2025-02-06T12:22:04.919+0000] {processor.py:208} INFO - Processing /opt/conda/lib/python3.12/site-packages/airflow/example_dags/example_python_decorator.py took 0.135 seconds
[2025-02-06T12:24:13.531+0000] {processor.py:186} INFO - Started process (PID=1117) to work on /opt/conda/lib/python3.12/site-packages/airflow/example_dags/example_python_decorator.py
[2025-02-06T12:24:13.532+0000] {processor.py:914} INFO - Processing file /opt/conda/lib/python3.12/site-packages/airflow/example_dags/example_python_decorator.py for tasks to queue
[2025-02-06T12:24:13.534+0000] {logging_mixin.py:190} INFO - [2025-02-06T12:24:13.534+0000] {dagbag.py:588} INFO - Filling up the DagBag from /opt/conda/lib/python3.12/site-packages/airflow/example_dags/example_python_decorator.py
[2025-02-06T12:24:13.542+0000] {logging_mixin.py:190} INFO - [2025-02-06T12:24:13.542+0000] {example_python_decorator.py:80} WARNING - The virtalenv_python example task requires virtualenv, please install it.
[2025-02-06T12:24:13.544+0000] {processor.py:925} INFO - DAG(s) 'example_python_decorator' retrieved from /opt/conda/lib/python3.12/site-packages/airflow/example_dags/example_python_decorator.py
[2025-02-06T12:24:13.567+0000] {logging_mixin.py:190} INFO - [2025-02-06T12:24:13.567+0000] {dag.py:3239} INFO - Sync 1 DAGs
[2025-02-06T12:24:13.578+0000] {logging_mixin.py:190} INFO - [2025-02-06T12:24:13.578+0000] {dag.py:4180} INFO - Setting next_dagrun for example_python_decorator to None, run_after=None
[2025-02-06T12:24:13.640+0000] {processor.py:208} INFO - Processing /opt/conda/lib/python3.12/site-packages/airflow/example_dags/example_python_decorator.py took 0.114 seconds
[2025-02-06T12:27:18.537+0000] {processor.py:186} INFO - Started process (PID=2470) to work on /opt/conda/lib/python3.12/site-packages/airflow/example_dags/example_python_decorator.py
[2025-02-06T12:27:18.538+0000] {processor.py:914} INFO - Processing file /opt/conda/lib/python3.12/site-packages/airflow/example_dags/example_python_decorator.py for tasks to queue
[2025-02-06T12:27:18.540+0000] {logging_mixin.py:190} INFO - [2025-02-06T12:27:18.539+0000] {dagbag.py:588} INFO - Filling up the DagBag from /opt/conda/lib/python3.12/site-packages/airflow/example_dags/example_python_decorator.py
[2025-02-06T12:27:18.553+0000] {logging_mixin.py:190} INFO - [2025-02-06T12:27:18.553+0000] {example_python_decorator.py:80} WARNING - The virtalenv_python example task requires virtualenv, please install it.
[2025-02-06T12:27:18.557+0000] {processor.py:925} INFO - DAG(s) 'example_python_decorator' retrieved from /opt/conda/lib/python3.12/site-packages/airflow/example_dags/example_python_decorator.py
[2025-02-06T12:27:18.585+0000] {logging_mixin.py:190} INFO - [2025-02-06T12:27:18.585+0000] {dag.py:3239} INFO - Sync 1 DAGs
[2025-02-06T12:27:18.598+0000] {logging_mixin.py:190} INFO - [2025-02-06T12:27:18.598+0000] {dag.py:4180} INFO - Setting next_dagrun for example_python_decorator to None, run_after=None
[2025-02-06T12:27:18.640+0000] {processor.py:208} INFO - Processing /opt/conda/lib/python3.12/site-packages/airflow/example_dags/example_python_decorator.py took 0.110 seconds
[2025-02-06T12:31:09.823+0000] {processor.py:186} INFO - Started process (PID=4484) to work on /opt/conda/lib/python3.12/site-packages/airflow/example_dags/example_python_decorator.py
[2025-02-06T12:31:09.824+0000] {processor.py:914} INFO - Processing file /opt/conda/lib/python3.12/site-packages/airflow/example_dags/example_python_decorator.py for tasks to queue
[2025-02-06T12:31:09.826+0000] {logging_mixin.py:190} INFO - [2025-02-06T12:31:09.826+0000] {dagbag.py:588} INFO - Filling up the DagBag from /opt/conda/lib/python3.12/site-packages/airflow/example_dags/example_python_decorator.py
[2025-02-06T12:31:09.838+0000] {logging_mixin.py:190} INFO - [2025-02-06T12:31:09.838+0000] {example_python_decorator.py:80} WARNING - The virtalenv_python example task requires virtualenv, please install it.
[2025-02-06T12:31:09.840+0000] {processor.py:925} INFO - DAG(s) 'example_python_decorator' retrieved from /opt/conda/lib/python3.12/site-packages/airflow/example_dags/example_python_decorator.py
[2025-02-06T12:31:09.876+0000] {logging_mixin.py:190} INFO - [2025-02-06T12:31:09.876+0000] {dag.py:3239} INFO - Sync 1 DAGs
[2025-02-06T12:31:09.890+0000] {logging_mixin.py:190} INFO - [2025-02-06T12:31:09.889+0000] {dag.py:4180} INFO - Setting next_dagrun for example_python_decorator to None, run_after=None
[2025-02-06T12:31:09.955+0000] {processor.py:208} INFO - Processing /opt/conda/lib/python3.12/site-packages/airflow/example_dags/example_python_decorator.py took 0.135 seconds
[2025-02-06T12:35:15.389+0000] {processor.py:186} INFO - Started process (PID=6620) to work on /opt/conda/lib/python3.12/site-packages/airflow/example_dags/example_python_decorator.py
[2025-02-06T12:35:15.390+0000] {processor.py:914} INFO - Processing file /opt/conda/lib/python3.12/site-packages/airflow/example_dags/example_python_decorator.py for tasks to queue
[2025-02-06T12:35:15.392+0000] {logging_mixin.py:190} INFO - [2025-02-06T12:35:15.392+0000] {dagbag.py:588} INFO - Filling up the DagBag from /opt/conda/lib/python3.12/site-packages/airflow/example_dags/example_python_decorator.py
[2025-02-06T12:35:15.400+0000] {logging_mixin.py:190} INFO - [2025-02-06T12:35:15.399+0000] {example_python_decorator.py:80} WARNING - The virtalenv_python example task requires virtualenv, please install it.
[2025-02-06T12:35:15.401+0000] {processor.py:925} INFO - DAG(s) 'example_python_decorator' retrieved from /opt/conda/lib/python3.12/site-packages/airflow/example_dags/example_python_decorator.py
[2025-02-06T12:35:15.423+0000] {logging_mixin.py:190} INFO - [2025-02-06T12:35:15.423+0000] {dag.py:3239} INFO - Sync 1 DAGs
[2025-02-06T12:35:15.434+0000] {logging_mixin.py:190} INFO - [2025-02-06T12:35:15.433+0000] {dag.py:4180} INFO - Setting next_dagrun for example_python_decorator to None, run_after=None
[2025-02-06T12:35:15.476+0000] {processor.py:208} INFO - Processing /opt/conda/lib/python3.12/site-packages/airflow/example_dags/example_python_decorator.py took 0.091 seconds
[2025-02-06T12:39:27.688+0000] {processor.py:186} INFO - Started process (PID=8740) to work on /opt/conda/lib/python3.12/site-packages/airflow/example_dags/example_python_decorator.py
[2025-02-06T12:39:27.689+0000] {processor.py:914} INFO - Processing file /opt/conda/lib/python3.12/site-packages/airflow/example_dags/example_python_decorator.py for tasks to queue
[2025-02-06T12:39:27.691+0000] {logging_mixin.py:190} INFO - [2025-02-06T12:39:27.690+0000] {dagbag.py:588} INFO - Filling up the DagBag from /opt/conda/lib/python3.12/site-packages/airflow/example_dags/example_python_decorator.py
[2025-02-06T12:39:27.698+0000] {logging_mixin.py:190} INFO - [2025-02-06T12:39:27.698+0000] {example_python_decorator.py:80} WARNING - The virtalenv_python example task requires virtualenv, please install it.
[2025-02-06T12:39:27.699+0000] {processor.py:925} INFO - DAG(s) 'example_python_decorator' retrieved from /opt/conda/lib/python3.12/site-packages/airflow/example_dags/example_python_decorator.py
[2025-02-06T12:39:27.722+0000] {logging_mixin.py:190} INFO - [2025-02-06T12:39:27.721+0000] {dag.py:3239} INFO - Sync 1 DAGs
[2025-02-06T12:39:27.732+0000] {logging_mixin.py:190} INFO - [2025-02-06T12:39:27.732+0000] {dag.py:4180} INFO - Setting next_dagrun for example_python_decorator to None, run_after=None
[2025-02-06T12:39:27.798+0000] {processor.py:208} INFO - Processing /opt/conda/lib/python3.12/site-packages/airflow/example_dags/example_python_decorator.py took 0.114 seconds
[2025-02-06T12:43:33.583+0000] {processor.py:186} INFO - Started process (PID=10862) to work on /opt/conda/lib/python3.12/site-packages/airflow/example_dags/example_python_decorator.py
[2025-02-06T12:43:33.585+0000] {processor.py:914} INFO - Processing file /opt/conda/lib/python3.12/site-packages/airflow/example_dags/example_python_decorator.py for tasks to queue
[2025-02-06T12:43:33.586+0000] {logging_mixin.py:190} INFO - [2025-02-06T12:43:33.586+0000] {dagbag.py:588} INFO - Filling up the DagBag from /opt/conda/lib/python3.12/site-packages/airflow/example_dags/example_python_decorator.py
[2025-02-06T12:43:33.594+0000] {logging_mixin.py:190} INFO - [2025-02-06T12:43:33.594+0000] {example_python_decorator.py:80} WARNING - The virtalenv_python example task requires virtualenv, please install it.
[2025-02-06T12:43:33.596+0000] {processor.py:925} INFO - DAG(s) 'example_python_decorator' retrieved from /opt/conda/lib/python3.12/site-packages/airflow/example_dags/example_python_decorator.py
[2025-02-06T12:43:33.616+0000] {logging_mixin.py:190} INFO - [2025-02-06T12:43:33.616+0000] {dag.py:3239} INFO - Sync 1 DAGs
[2025-02-06T12:43:33.627+0000] {logging_mixin.py:190} INFO - [2025-02-06T12:43:33.627+0000] {dag.py:4180} INFO - Setting next_dagrun for example_python_decorator to None, run_after=None
[2025-02-06T12:43:33.675+0000] {processor.py:208} INFO - Processing /opt/conda/lib/python3.12/site-packages/airflow/example_dags/example_python_decorator.py took 0.096 seconds
[2025-02-06T12:47:57.253+0000] {processor.py:186} INFO - Started process (PID=12963) to work on /opt/conda/lib/python3.12/site-packages/airflow/example_dags/example_python_decorator.py
[2025-02-06T12:47:57.254+0000] {processor.py:914} INFO - Processing file /opt/conda/lib/python3.12/site-packages/airflow/example_dags/example_python_decorator.py for tasks to queue
[2025-02-06T12:47:57.258+0000] {logging_mixin.py:190} INFO - [2025-02-06T12:47:57.257+0000] {dagbag.py:588} INFO - Filling up the DagBag from /opt/conda/lib/python3.12/site-packages/airflow/example_dags/example_python_decorator.py
[2025-02-06T12:47:57.267+0000] {logging_mixin.py:190} INFO - [2025-02-06T12:47:57.267+0000] {example_python_decorator.py:80} WARNING - The virtalenv_python example task requires virtualenv, please install it.
[2025-02-06T12:47:57.269+0000] {processor.py:925} INFO - DAG(s) 'example_python_decorator' retrieved from /opt/conda/lib/python3.12/site-packages/airflow/example_dags/example_python_decorator.py
[2025-02-06T12:47:57.297+0000] {logging_mixin.py:190} INFO - [2025-02-06T12:47:57.297+0000] {dag.py:3239} INFO - Sync 1 DAGs
[2025-02-06T12:47:57.311+0000] {logging_mixin.py:190} INFO - [2025-02-06T12:47:57.311+0000] {dag.py:4180} INFO - Setting next_dagrun for example_python_decorator to None, run_after=None
[2025-02-06T12:47:57.483+0000] {processor.py:208} INFO - Processing /opt/conda/lib/python3.12/site-packages/airflow/example_dags/example_python_decorator.py took 0.233 seconds
[2025-02-06T12:58:34.780+0000] {processor.py:186} INFO - Started process (PID=354) to work on /opt/conda/lib/python3.12/site-packages/airflow/example_dags/example_python_decorator.py
[2025-02-06T12:58:34.782+0000] {processor.py:914} INFO - Processing file /opt/conda/lib/python3.12/site-packages/airflow/example_dags/example_python_decorator.py for tasks to queue
[2025-02-06T12:58:34.784+0000] {logging_mixin.py:190} INFO - [2025-02-06T12:58:34.783+0000] {dagbag.py:588} INFO - Filling up the DagBag from /opt/conda/lib/python3.12/site-packages/airflow/example_dags/example_python_decorator.py
[2025-02-06T12:58:34.797+0000] {logging_mixin.py:190} INFO - [2025-02-06T12:58:34.797+0000] {example_python_decorator.py:80} WARNING - The virtalenv_python example task requires virtualenv, please install it.
[2025-02-06T12:58:34.799+0000] {processor.py:925} INFO - DAG(s) 'example_python_decorator' retrieved from /opt/conda/lib/python3.12/site-packages/airflow/example_dags/example_python_decorator.py
[2025-02-06T12:58:34.837+0000] {logging_mixin.py:190} INFO - [2025-02-06T12:58:34.836+0000] {dag.py:3239} INFO - Sync 1 DAGs
[2025-02-06T12:58:34.862+0000] {logging_mixin.py:190} INFO - [2025-02-06T12:58:34.861+0000] {dag.py:4180} INFO - Setting next_dagrun for example_python_decorator to None, run_after=None
[2025-02-06T12:58:34.938+0000] {processor.py:208} INFO - Processing /opt/conda/lib/python3.12/site-packages/airflow/example_dags/example_python_decorator.py took 0.164 seconds
[2025-02-06T13:02:10.112+0000] {processor.py:186} INFO - Started process (PID=1331) to work on /opt/conda/lib/python3.12/site-packages/airflow/example_dags/example_python_decorator.py
[2025-02-06T13:02:10.113+0000] {processor.py:914} INFO - Processing file /opt/conda/lib/python3.12/site-packages/airflow/example_dags/example_python_decorator.py for tasks to queue
[2025-02-06T13:02:10.115+0000] {logging_mixin.py:190} INFO - [2025-02-06T13:02:10.115+0000] {dagbag.py:588} INFO - Filling up the DagBag from /opt/conda/lib/python3.12/site-packages/airflow/example_dags/example_python_decorator.py
[2025-02-06T13:02:10.126+0000] {logging_mixin.py:190} INFO - [2025-02-06T13:02:10.126+0000] {example_python_decorator.py:80} WARNING - The virtalenv_python example task requires virtualenv, please install it.
[2025-02-06T13:02:10.129+0000] {processor.py:925} INFO - DAG(s) 'example_python_decorator' retrieved from /opt/conda/lib/python3.12/site-packages/airflow/example_dags/example_python_decorator.py
[2025-02-06T13:02:10.158+0000] {logging_mixin.py:190} INFO - [2025-02-06T13:02:10.158+0000] {dag.py:3239} INFO - Sync 1 DAGs
[2025-02-06T13:02:10.172+0000] {logging_mixin.py:190} INFO - [2025-02-06T13:02:10.172+0000] {dag.py:4180} INFO - Setting next_dagrun for example_python_decorator to None, run_after=None
[2025-02-06T13:02:10.236+0000] {processor.py:208} INFO - Processing /opt/conda/lib/python3.12/site-packages/airflow/example_dags/example_python_decorator.py took 0.130 seconds
[2025-02-06T13:04:38.370+0000] {processor.py:186} INFO - Started process (PID=2162) to work on /opt/conda/lib/python3.12/site-packages/airflow/example_dags/example_python_decorator.py
[2025-02-06T13:04:38.371+0000] {processor.py:914} INFO - Processing file /opt/conda/lib/python3.12/site-packages/airflow/example_dags/example_python_decorator.py for tasks to queue
[2025-02-06T13:04:38.373+0000] {logging_mixin.py:190} INFO - [2025-02-06T13:04:38.373+0000] {dagbag.py:588} INFO - Filling up the DagBag from /opt/conda/lib/python3.12/site-packages/airflow/example_dags/example_python_decorator.py
[2025-02-06T13:04:38.383+0000] {logging_mixin.py:190} INFO - [2025-02-06T13:04:38.383+0000] {example_python_decorator.py:80} WARNING - The virtalenv_python example task requires virtualenv, please install it.
[2025-02-06T13:04:38.386+0000] {processor.py:925} INFO - DAG(s) 'example_python_decorator' retrieved from /opt/conda/lib/python3.12/site-packages/airflow/example_dags/example_python_decorator.py
[2025-02-06T13:04:38.412+0000] {logging_mixin.py:190} INFO - [2025-02-06T13:04:38.411+0000] {dag.py:3239} INFO - Sync 1 DAGs
[2025-02-06T13:04:38.426+0000] {logging_mixin.py:190} INFO - [2025-02-06T13:04:38.426+0000] {dag.py:4180} INFO - Setting next_dagrun for example_python_decorator to None, run_after=None
[2025-02-06T13:04:38.481+0000] {processor.py:208} INFO - Processing /opt/conda/lib/python3.12/site-packages/airflow/example_dags/example_python_decorator.py took 0.117 seconds
[2025-02-06T13:06:57.044+0000] {processor.py:186} INFO - Started process (PID=2900) to work on /opt/conda/lib/python3.12/site-packages/airflow/example_dags/example_python_decorator.py
[2025-02-06T13:06:57.045+0000] {processor.py:914} INFO - Processing file /opt/conda/lib/python3.12/site-packages/airflow/example_dags/example_python_decorator.py for tasks to queue
[2025-02-06T13:06:57.047+0000] {logging_mixin.py:190} INFO - [2025-02-06T13:06:57.047+0000] {dagbag.py:588} INFO - Filling up the DagBag from /opt/conda/lib/python3.12/site-packages/airflow/example_dags/example_python_decorator.py
[2025-02-06T13:06:57.055+0000] {logging_mixin.py:190} INFO - [2025-02-06T13:06:57.055+0000] {example_python_decorator.py:80} WARNING - The virtalenv_python example task requires virtualenv, please install it.
[2025-02-06T13:06:57.058+0000] {processor.py:925} INFO - DAG(s) 'example_python_decorator' retrieved from /opt/conda/lib/python3.12/site-packages/airflow/example_dags/example_python_decorator.py
[2025-02-06T13:06:57.076+0000] {logging_mixin.py:190} INFO - [2025-02-06T13:06:57.076+0000] {dag.py:3239} INFO - Sync 1 DAGs
[2025-02-06T13:06:57.088+0000] {logging_mixin.py:190} INFO - [2025-02-06T13:06:57.088+0000] {dag.py:4180} INFO - Setting next_dagrun for example_python_decorator to None, run_after=None
[2025-02-06T13:06:57.142+0000] {processor.py:208} INFO - Processing /opt/conda/lib/python3.12/site-packages/airflow/example_dags/example_python_decorator.py took 0.102 seconds
