[2025-02-06T08:27:40.757+0000] {processor.py:186} INFO - Started process (PID=85) to work on /opt/conda/lib/python3.12/site-packages/airflow/example_dags/example_setup_teardown.py
[2025-02-06T08:27:40.759+0000] {processor.py:914} INFO - Processing file /opt/conda/lib/python3.12/site-packages/airflow/example_dags/example_setup_teardown.py for tasks to queue
[2025-02-06T08:27:40.760+0000] {logging_mixin.py:190} INFO - [2025-02-06T08:27:40.760+0000] {dagbag.py:588} INFO - Filling up the DagBag from /opt/conda/lib/python3.12/site-packages/airflow/example_dags/example_setup_teardown.py
[2025-02-06T08:27:40.775+0000] {processor.py:925} INFO - DAG(s) 'example_setup_teardown' retrieved from /opt/conda/lib/python3.12/site-packages/airflow/example_dags/example_setup_teardown.py
[2025-02-06T08:27:40.900+0000] {logging_mixin.py:190} INFO - [2025-02-06T08:27:40.900+0000] {override.py:1912} INFO - Created Permission View: can delete on DAG:example_setup_teardown
[2025-02-06T08:27:40.939+0000] {logging_mixin.py:190} INFO - [2025-02-06T08:27:40.939+0000] {override.py:1912} INFO - Created Permission View: can read on DAG:example_setup_teardown
[2025-02-06T08:27:40.971+0000] {logging_mixin.py:190} INFO - [2025-02-06T08:27:40.971+0000] {override.py:1912} INFO - Created Permission View: can edit on DAG:example_setup_teardown
[2025-02-06T08:27:41.025+0000] {logging_mixin.py:190} INFO - [2025-02-06T08:27:41.025+0000] {override.py:1912} INFO - Created Permission View: menu access on DAG Run:example_setup_teardown
[2025-02-06T08:27:41.058+0000] {logging_mixin.py:190} INFO - [2025-02-06T08:27:41.057+0000] {override.py:1912} INFO - Created Permission View: can create on DAG Run:example_setup_teardown
[2025-02-06T08:27:41.100+0000] {logging_mixin.py:190} INFO - [2025-02-06T08:27:41.100+0000] {override.py:1912} INFO - Created Permission View: can read on DAG Run:example_setup_teardown
[2025-02-06T08:27:41.139+0000] {logging_mixin.py:190} INFO - [2025-02-06T08:27:41.138+0000] {override.py:1912} INFO - Created Permission View: can delete on DAG Run:example_setup_teardown
[2025-02-06T08:27:41.140+0000] {logging_mixin.py:190} INFO - [2025-02-06T08:27:41.139+0000] {dag.py:3239} INFO - Sync 1 DAGs
[2025-02-06T08:27:41.154+0000] {logging_mixin.py:190} INFO - [2025-02-06T08:27:41.154+0000] {dag.py:3262} INFO - Creating ORM DAG for example_setup_teardown
[2025-02-06T08:27:41.155+0000] {logging_mixin.py:190} INFO - [2025-02-06T08:27:41.155+0000] {dag.py:4180} INFO - Setting next_dagrun for example_setup_teardown to None, run_after=None
[2025-02-06T08:27:41.208+0000] {processor.py:208} INFO - Processing /opt/conda/lib/python3.12/site-packages/airflow/example_dags/example_setup_teardown.py took 0.455 seconds
[2025-02-06T08:31:13.044+0000] {processor.py:186} INFO - Started process (PID=86) to work on /opt/conda/lib/python3.12/site-packages/airflow/example_dags/example_setup_teardown.py
[2025-02-06T08:31:13.045+0000] {processor.py:914} INFO - Processing file /opt/conda/lib/python3.12/site-packages/airflow/example_dags/example_setup_teardown.py for tasks to queue
[2025-02-06T08:31:13.047+0000] {logging_mixin.py:190} INFO - [2025-02-06T08:31:13.047+0000] {dagbag.py:588} INFO - Filling up the DagBag from /opt/conda/lib/python3.12/site-packages/airflow/example_dags/example_setup_teardown.py
[2025-02-06T08:31:13.054+0000] {processor.py:925} INFO - DAG(s) 'example_setup_teardown' retrieved from /opt/conda/lib/python3.12/site-packages/airflow/example_dags/example_setup_teardown.py
[2025-02-06T08:31:13.082+0000] {logging_mixin.py:190} INFO - [2025-02-06T08:31:13.082+0000] {dag.py:3239} INFO - Sync 1 DAGs
[2025-02-06T08:31:13.094+0000] {logging_mixin.py:190} INFO - [2025-02-06T08:31:13.094+0000] {dag.py:4180} INFO - Setting next_dagrun for example_setup_teardown to None, run_after=None
[2025-02-06T08:31:13.150+0000] {processor.py:208} INFO - Processing /opt/conda/lib/python3.12/site-packages/airflow/example_dags/example_setup_teardown.py took 0.109 seconds
[2025-02-06T08:32:24.556+0000] {processor.py:186} INFO - Started process (PID=149) to work on /opt/conda/lib/python3.12/site-packages/airflow/example_dags/example_setup_teardown.py
[2025-02-06T08:32:24.557+0000] {processor.py:914} INFO - Processing file /opt/conda/lib/python3.12/site-packages/airflow/example_dags/example_setup_teardown.py for tasks to queue
[2025-02-06T08:32:24.558+0000] {logging_mixin.py:190} INFO - [2025-02-06T08:32:24.558+0000] {dagbag.py:588} INFO - Filling up the DagBag from /opt/conda/lib/python3.12/site-packages/airflow/example_dags/example_setup_teardown.py
[2025-02-06T08:32:24.564+0000] {processor.py:925} INFO - DAG(s) 'example_setup_teardown' retrieved from /opt/conda/lib/python3.12/site-packages/airflow/example_dags/example_setup_teardown.py
[2025-02-06T08:32:24.591+0000] {logging_mixin.py:190} INFO - [2025-02-06T08:32:24.591+0000] {dag.py:3239} INFO - Sync 1 DAGs
[2025-02-06T08:32:24.602+0000] {logging_mixin.py:190} INFO - [2025-02-06T08:32:24.602+0000] {dag.py:4180} INFO - Setting next_dagrun for example_setup_teardown to None, run_after=None
[2025-02-06T08:32:24.666+0000] {processor.py:208} INFO - Processing /opt/conda/lib/python3.12/site-packages/airflow/example_dags/example_setup_teardown.py took 0.115 seconds
[2025-02-06T08:33:35.029+0000] {processor.py:186} INFO - Started process (PID=210) to work on /opt/conda/lib/python3.12/site-packages/airflow/example_dags/example_setup_teardown.py
[2025-02-06T08:33:35.030+0000] {processor.py:914} INFO - Processing file /opt/conda/lib/python3.12/site-packages/airflow/example_dags/example_setup_teardown.py for tasks to queue
[2025-02-06T08:33:35.031+0000] {logging_mixin.py:190} INFO - [2025-02-06T08:33:35.031+0000] {dagbag.py:588} INFO - Filling up the DagBag from /opt/conda/lib/python3.12/site-packages/airflow/example_dags/example_setup_teardown.py
[2025-02-06T08:33:35.040+0000] {processor.py:925} INFO - DAG(s) 'example_setup_teardown' retrieved from /opt/conda/lib/python3.12/site-packages/airflow/example_dags/example_setup_teardown.py
[2025-02-06T08:33:35.062+0000] {logging_mixin.py:190} INFO - [2025-02-06T08:33:35.062+0000] {dag.py:3239} INFO - Sync 1 DAGs
[2025-02-06T08:33:35.074+0000] {logging_mixin.py:190} INFO - [2025-02-06T08:33:35.074+0000] {dag.py:4180} INFO - Setting next_dagrun for example_setup_teardown to None, run_after=None
[2025-02-06T08:33:35.135+0000] {processor.py:208} INFO - Processing /opt/conda/lib/python3.12/site-packages/airflow/example_dags/example_setup_teardown.py took 0.110 seconds
[2025-02-06T08:34:50.209+0000] {processor.py:186} INFO - Started process (PID=273) to work on /opt/conda/lib/python3.12/site-packages/airflow/example_dags/example_setup_teardown.py
[2025-02-06T08:34:50.210+0000] {processor.py:914} INFO - Processing file /opt/conda/lib/python3.12/site-packages/airflow/example_dags/example_setup_teardown.py for tasks to queue
[2025-02-06T08:34:50.211+0000] {logging_mixin.py:190} INFO - [2025-02-06T08:34:50.211+0000] {dagbag.py:588} INFO - Filling up the DagBag from /opt/conda/lib/python3.12/site-packages/airflow/example_dags/example_setup_teardown.py
[2025-02-06T08:34:50.217+0000] {processor.py:925} INFO - DAG(s) 'example_setup_teardown' retrieved from /opt/conda/lib/python3.12/site-packages/airflow/example_dags/example_setup_teardown.py
[2025-02-06T08:34:50.243+0000] {logging_mixin.py:190} INFO - [2025-02-06T08:34:50.243+0000] {dag.py:3239} INFO - Sync 1 DAGs
[2025-02-06T08:34:50.266+0000] {logging_mixin.py:190} INFO - [2025-02-06T08:34:50.266+0000] {dag.py:4180} INFO - Setting next_dagrun for example_setup_teardown to None, run_after=None
[2025-02-06T08:34:50.338+0000] {processor.py:208} INFO - Processing /opt/conda/lib/python3.12/site-packages/airflow/example_dags/example_setup_teardown.py took 0.133 seconds
[2025-02-06T08:36:06.862+0000] {processor.py:186} INFO - Started process (PID=339) to work on /opt/conda/lib/python3.12/site-packages/airflow/example_dags/example_setup_teardown.py
[2025-02-06T08:36:06.863+0000] {processor.py:914} INFO - Processing file /opt/conda/lib/python3.12/site-packages/airflow/example_dags/example_setup_teardown.py for tasks to queue
[2025-02-06T08:36:06.864+0000] {logging_mixin.py:190} INFO - [2025-02-06T08:36:06.864+0000] {dagbag.py:588} INFO - Filling up the DagBag from /opt/conda/lib/python3.12/site-packages/airflow/example_dags/example_setup_teardown.py
[2025-02-06T08:36:06.870+0000] {processor.py:925} INFO - DAG(s) 'example_setup_teardown' retrieved from /opt/conda/lib/python3.12/site-packages/airflow/example_dags/example_setup_teardown.py
[2025-02-06T08:36:06.890+0000] {logging_mixin.py:190} INFO - [2025-02-06T08:36:06.890+0000] {dag.py:3239} INFO - Sync 1 DAGs
[2025-02-06T08:36:06.902+0000] {logging_mixin.py:190} INFO - [2025-02-06T08:36:06.902+0000] {dag.py:4180} INFO - Setting next_dagrun for example_setup_teardown to None, run_after=None
[2025-02-06T08:36:07.052+0000] {processor.py:208} INFO - Processing /opt/conda/lib/python3.12/site-packages/airflow/example_dags/example_setup_teardown.py took 0.194 seconds
[2025-02-06T08:37:29.134+0000] {processor.py:186} INFO - Started process (PID=406) to work on /opt/conda/lib/python3.12/site-packages/airflow/example_dags/example_setup_teardown.py
[2025-02-06T08:37:29.135+0000] {processor.py:914} INFO - Processing file /opt/conda/lib/python3.12/site-packages/airflow/example_dags/example_setup_teardown.py for tasks to queue
[2025-02-06T08:37:29.136+0000] {logging_mixin.py:190} INFO - [2025-02-06T08:37:29.136+0000] {dagbag.py:588} INFO - Filling up the DagBag from /opt/conda/lib/python3.12/site-packages/airflow/example_dags/example_setup_teardown.py
[2025-02-06T08:37:29.143+0000] {processor.py:925} INFO - DAG(s) 'example_setup_teardown' retrieved from /opt/conda/lib/python3.12/site-packages/airflow/example_dags/example_setup_teardown.py
[2025-02-06T08:37:29.164+0000] {logging_mixin.py:190} INFO - [2025-02-06T08:37:29.164+0000] {dag.py:3239} INFO - Sync 1 DAGs
[2025-02-06T08:37:29.176+0000] {logging_mixin.py:190} INFO - [2025-02-06T08:37:29.176+0000] {dag.py:4180} INFO - Setting next_dagrun for example_setup_teardown to None, run_after=None
[2025-02-06T08:37:29.234+0000] {processor.py:208} INFO - Processing /opt/conda/lib/python3.12/site-packages/airflow/example_dags/example_setup_teardown.py took 0.104 seconds
[2025-02-06T08:38:45.089+0000] {processor.py:186} INFO - Started process (PID=471) to work on /opt/conda/lib/python3.12/site-packages/airflow/example_dags/example_setup_teardown.py
[2025-02-06T08:38:45.091+0000] {processor.py:914} INFO - Processing file /opt/conda/lib/python3.12/site-packages/airflow/example_dags/example_setup_teardown.py for tasks to queue
[2025-02-06T08:38:45.092+0000] {logging_mixin.py:190} INFO - [2025-02-06T08:38:45.092+0000] {dagbag.py:588} INFO - Filling up the DagBag from /opt/conda/lib/python3.12/site-packages/airflow/example_dags/example_setup_teardown.py
[2025-02-06T08:38:45.100+0000] {processor.py:925} INFO - DAG(s) 'example_setup_teardown' retrieved from /opt/conda/lib/python3.12/site-packages/airflow/example_dags/example_setup_teardown.py
[2025-02-06T08:38:45.128+0000] {logging_mixin.py:190} INFO - [2025-02-06T08:38:45.128+0000] {dag.py:3239} INFO - Sync 1 DAGs
[2025-02-06T08:38:45.141+0000] {logging_mixin.py:190} INFO - [2025-02-06T08:38:45.141+0000] {dag.py:4180} INFO - Setting next_dagrun for example_setup_teardown to None, run_after=None
[2025-02-06T08:38:45.217+0000] {processor.py:208} INFO - Processing /opt/conda/lib/python3.12/site-packages/airflow/example_dags/example_setup_teardown.py took 0.134 seconds
[2025-02-06T08:40:02.766+0000] {processor.py:186} INFO - Started process (PID=537) to work on /opt/conda/lib/python3.12/site-packages/airflow/example_dags/example_setup_teardown.py
[2025-02-06T08:40:02.767+0000] {processor.py:914} INFO - Processing file /opt/conda/lib/python3.12/site-packages/airflow/example_dags/example_setup_teardown.py for tasks to queue
[2025-02-06T08:40:02.768+0000] {logging_mixin.py:190} INFO - [2025-02-06T08:40:02.768+0000] {dagbag.py:588} INFO - Filling up the DagBag from /opt/conda/lib/python3.12/site-packages/airflow/example_dags/example_setup_teardown.py
[2025-02-06T08:40:02.775+0000] {processor.py:925} INFO - DAG(s) 'example_setup_teardown' retrieved from /opt/conda/lib/python3.12/site-packages/airflow/example_dags/example_setup_teardown.py
[2025-02-06T08:40:02.794+0000] {logging_mixin.py:190} INFO - [2025-02-06T08:40:02.794+0000] {dag.py:3239} INFO - Sync 1 DAGs
[2025-02-06T08:40:02.806+0000] {logging_mixin.py:190} INFO - [2025-02-06T08:40:02.805+0000] {dag.py:4180} INFO - Setting next_dagrun for example_setup_teardown to None, run_after=None
[2025-02-06T08:40:02.867+0000] {processor.py:208} INFO - Processing /opt/conda/lib/python3.12/site-packages/airflow/example_dags/example_setup_teardown.py took 0.105 seconds
[2025-02-06T08:41:19.469+0000] {processor.py:186} INFO - Started process (PID=603) to work on /opt/conda/lib/python3.12/site-packages/airflow/example_dags/example_setup_teardown.py
[2025-02-06T08:41:19.470+0000] {processor.py:914} INFO - Processing file /opt/conda/lib/python3.12/site-packages/airflow/example_dags/example_setup_teardown.py for tasks to queue
[2025-02-06T08:41:19.472+0000] {logging_mixin.py:190} INFO - [2025-02-06T08:41:19.472+0000] {dagbag.py:588} INFO - Filling up the DagBag from /opt/conda/lib/python3.12/site-packages/airflow/example_dags/example_setup_teardown.py
[2025-02-06T08:41:19.480+0000] {processor.py:925} INFO - DAG(s) 'example_setup_teardown' retrieved from /opt/conda/lib/python3.12/site-packages/airflow/example_dags/example_setup_teardown.py
[2025-02-06T08:41:19.504+0000] {logging_mixin.py:190} INFO - [2025-02-06T08:41:19.504+0000] {dag.py:3239} INFO - Sync 1 DAGs
[2025-02-06T08:41:19.518+0000] {logging_mixin.py:190} INFO - [2025-02-06T08:41:19.518+0000] {dag.py:4180} INFO - Setting next_dagrun for example_setup_teardown to None, run_after=None
[2025-02-06T08:41:19.588+0000] {processor.py:208} INFO - Processing /opt/conda/lib/python3.12/site-packages/airflow/example_dags/example_setup_teardown.py took 0.123 seconds
[2025-02-06T08:42:35.590+0000] {processor.py:186} INFO - Started process (PID=667) to work on /opt/conda/lib/python3.12/site-packages/airflow/example_dags/example_setup_teardown.py
[2025-02-06T08:42:35.591+0000] {processor.py:914} INFO - Processing file /opt/conda/lib/python3.12/site-packages/airflow/example_dags/example_setup_teardown.py for tasks to queue
[2025-02-06T08:42:35.592+0000] {logging_mixin.py:190} INFO - [2025-02-06T08:42:35.592+0000] {dagbag.py:588} INFO - Filling up the DagBag from /opt/conda/lib/python3.12/site-packages/airflow/example_dags/example_setup_teardown.py
[2025-02-06T08:42:35.599+0000] {processor.py:925} INFO - DAG(s) 'example_setup_teardown' retrieved from /opt/conda/lib/python3.12/site-packages/airflow/example_dags/example_setup_teardown.py
[2025-02-06T08:42:35.624+0000] {logging_mixin.py:190} INFO - [2025-02-06T08:42:35.624+0000] {dag.py:3239} INFO - Sync 1 DAGs
[2025-02-06T08:42:35.637+0000] {logging_mixin.py:190} INFO - [2025-02-06T08:42:35.637+0000] {dag.py:4180} INFO - Setting next_dagrun for example_setup_teardown to None, run_after=None
[2025-02-06T08:42:35.696+0000] {processor.py:208} INFO - Processing /opt/conda/lib/python3.12/site-packages/airflow/example_dags/example_setup_teardown.py took 0.110 seconds
[2025-02-06T08:44:07.980+0000] {processor.py:186} INFO - Started process (PID=86) to work on /opt/conda/lib/python3.12/site-packages/airflow/example_dags/example_setup_teardown.py
[2025-02-06T08:44:07.981+0000] {processor.py:914} INFO - Processing file /opt/conda/lib/python3.12/site-packages/airflow/example_dags/example_setup_teardown.py for tasks to queue
[2025-02-06T08:44:07.983+0000] {logging_mixin.py:190} INFO - [2025-02-06T08:44:07.983+0000] {dagbag.py:588} INFO - Filling up the DagBag from /opt/conda/lib/python3.12/site-packages/airflow/example_dags/example_setup_teardown.py
[2025-02-06T08:44:07.989+0000] {processor.py:925} INFO - DAG(s) 'example_setup_teardown' retrieved from /opt/conda/lib/python3.12/site-packages/airflow/example_dags/example_setup_teardown.py
[2025-02-06T08:44:08.022+0000] {logging_mixin.py:190} INFO - [2025-02-06T08:44:08.021+0000] {dag.py:3239} INFO - Sync 1 DAGs
[2025-02-06T08:44:08.037+0000] {logging_mixin.py:190} INFO - [2025-02-06T08:44:08.037+0000] {dag.py:4180} INFO - Setting next_dagrun for example_setup_teardown to None, run_after=None
[2025-02-06T08:44:08.098+0000] {processor.py:208} INFO - Processing /opt/conda/lib/python3.12/site-packages/airflow/example_dags/example_setup_teardown.py took 0.123 seconds
[2025-02-06T08:45:22.894+0000] {processor.py:186} INFO - Started process (PID=152) to work on /opt/conda/lib/python3.12/site-packages/airflow/example_dags/example_setup_teardown.py
[2025-02-06T08:45:22.896+0000] {processor.py:914} INFO - Processing file /opt/conda/lib/python3.12/site-packages/airflow/example_dags/example_setup_teardown.py for tasks to queue
[2025-02-06T08:45:22.898+0000] {logging_mixin.py:190} INFO - [2025-02-06T08:45:22.897+0000] {dagbag.py:588} INFO - Filling up the DagBag from /opt/conda/lib/python3.12/site-packages/airflow/example_dags/example_setup_teardown.py
[2025-02-06T08:45:22.904+0000] {processor.py:925} INFO - DAG(s) 'example_setup_teardown' retrieved from /opt/conda/lib/python3.12/site-packages/airflow/example_dags/example_setup_teardown.py
[2025-02-06T08:45:22.931+0000] {logging_mixin.py:190} INFO - [2025-02-06T08:45:22.931+0000] {dag.py:3239} INFO - Sync 1 DAGs
[2025-02-06T08:45:22.944+0000] {logging_mixin.py:190} INFO - [2025-02-06T08:45:22.943+0000] {dag.py:4180} INFO - Setting next_dagrun for example_setup_teardown to None, run_after=None
[2025-02-06T08:45:22.993+0000] {processor.py:208} INFO - Processing /opt/conda/lib/python3.12/site-packages/airflow/example_dags/example_setup_teardown.py took 0.104 seconds
[2025-02-06T08:50:32.186+0000] {processor.py:186} INFO - Started process (PID=330) to work on /opt/conda/lib/python3.12/site-packages/airflow/example_dags/example_setup_teardown.py
[2025-02-06T08:50:32.187+0000] {processor.py:914} INFO - Processing file /opt/conda/lib/python3.12/site-packages/airflow/example_dags/example_setup_teardown.py for tasks to queue
[2025-02-06T08:50:32.190+0000] {logging_mixin.py:190} INFO - [2025-02-06T08:50:32.189+0000] {dagbag.py:588} INFO - Filling up the DagBag from /opt/conda/lib/python3.12/site-packages/airflow/example_dags/example_setup_teardown.py
[2025-02-06T08:50:32.196+0000] {processor.py:925} INFO - DAG(s) 'example_setup_teardown' retrieved from /opt/conda/lib/python3.12/site-packages/airflow/example_dags/example_setup_teardown.py
[2025-02-06T08:50:32.219+0000] {logging_mixin.py:190} INFO - [2025-02-06T08:50:32.219+0000] {dag.py:3239} INFO - Sync 1 DAGs
[2025-02-06T08:50:32.231+0000] {logging_mixin.py:190} INFO - [2025-02-06T08:50:32.231+0000] {dag.py:4180} INFO - Setting next_dagrun for example_setup_teardown to None, run_after=None
[2025-02-06T08:50:32.294+0000] {processor.py:208} INFO - Processing /opt/conda/lib/python3.12/site-packages/airflow/example_dags/example_setup_teardown.py took 0.112 seconds
[2025-02-06T08:55:43.558+0000] {processor.py:186} INFO - Started process (PID=913) to work on /opt/conda/lib/python3.12/site-packages/airflow/example_dags/example_setup_teardown.py
[2025-02-06T08:55:43.559+0000] {processor.py:914} INFO - Processing file /opt/conda/lib/python3.12/site-packages/airflow/example_dags/example_setup_teardown.py for tasks to queue
[2025-02-06T08:55:43.561+0000] {logging_mixin.py:190} INFO - [2025-02-06T08:55:43.561+0000] {dagbag.py:588} INFO - Filling up the DagBag from /opt/conda/lib/python3.12/site-packages/airflow/example_dags/example_setup_teardown.py
[2025-02-06T08:55:43.568+0000] {processor.py:925} INFO - DAG(s) 'example_setup_teardown' retrieved from /opt/conda/lib/python3.12/site-packages/airflow/example_dags/example_setup_teardown.py
[2025-02-06T08:55:43.589+0000] {logging_mixin.py:190} INFO - [2025-02-06T08:55:43.589+0000] {dag.py:3239} INFO - Sync 1 DAGs
[2025-02-06T08:55:43.600+0000] {logging_mixin.py:190} INFO - [2025-02-06T08:55:43.600+0000] {dag.py:4180} INFO - Setting next_dagrun for example_setup_teardown to None, run_after=None
[2025-02-06T08:55:43.657+0000] {processor.py:208} INFO - Processing /opt/conda/lib/python3.12/site-packages/airflow/example_dags/example_setup_teardown.py took 0.102 seconds
[2025-02-06T09:06:24.318+0000] {processor.py:186} INFO - Started process (PID=258) to work on /opt/conda/lib/python3.12/site-packages/airflow/example_dags/example_setup_teardown.py
[2025-02-06T09:06:24.319+0000] {processor.py:914} INFO - Processing file /opt/conda/lib/python3.12/site-packages/airflow/example_dags/example_setup_teardown.py for tasks to queue
[2025-02-06T09:06:24.321+0000] {logging_mixin.py:190} INFO - [2025-02-06T09:06:24.320+0000] {dagbag.py:588} INFO - Filling up the DagBag from /opt/conda/lib/python3.12/site-packages/airflow/example_dags/example_setup_teardown.py
[2025-02-06T09:06:24.328+0000] {processor.py:925} INFO - DAG(s) 'example_setup_teardown' retrieved from /opt/conda/lib/python3.12/site-packages/airflow/example_dags/example_setup_teardown.py
[2025-02-06T09:06:24.348+0000] {logging_mixin.py:190} INFO - [2025-02-06T09:06:24.348+0000] {dag.py:3239} INFO - Sync 1 DAGs
[2025-02-06T09:06:24.361+0000] {logging_mixin.py:190} INFO - [2025-02-06T09:06:24.361+0000] {dag.py:4180} INFO - Setting next_dagrun for example_setup_teardown to None, run_after=None
[2025-02-06T09:06:24.420+0000] {processor.py:208} INFO - Processing /opt/conda/lib/python3.12/site-packages/airflow/example_dags/example_setup_teardown.py took 0.106 seconds
[2025-02-06T09:11:08.307+0000] {processor.py:186} INFO - Started process (PID=792) to work on /opt/conda/lib/python3.12/site-packages/airflow/example_dags/example_setup_teardown.py
[2025-02-06T09:11:08.308+0000] {processor.py:914} INFO - Processing file /opt/conda/lib/python3.12/site-packages/airflow/example_dags/example_setup_teardown.py for tasks to queue
[2025-02-06T09:11:08.311+0000] {logging_mixin.py:190} INFO - [2025-02-06T09:11:08.310+0000] {dagbag.py:588} INFO - Filling up the DagBag from /opt/conda/lib/python3.12/site-packages/airflow/example_dags/example_setup_teardown.py
[2025-02-06T09:11:08.317+0000] {processor.py:925} INFO - DAG(s) 'example_setup_teardown' retrieved from /opt/conda/lib/python3.12/site-packages/airflow/example_dags/example_setup_teardown.py
[2025-02-06T09:11:08.341+0000] {logging_mixin.py:190} INFO - [2025-02-06T09:11:08.341+0000] {dag.py:3239} INFO - Sync 1 DAGs
[2025-02-06T09:11:08.354+0000] {logging_mixin.py:190} INFO - [2025-02-06T09:11:08.354+0000] {dag.py:4180} INFO - Setting next_dagrun for example_setup_teardown to None, run_after=None
[2025-02-06T09:11:08.410+0000] {processor.py:208} INFO - Processing /opt/conda/lib/python3.12/site-packages/airflow/example_dags/example_setup_teardown.py took 0.107 seconds
[2025-02-06T09:16:01.938+0000] {processor.py:186} INFO - Started process (PID=1330) to work on /opt/conda/lib/python3.12/site-packages/airflow/example_dags/example_setup_teardown.py
[2025-02-06T09:16:01.939+0000] {processor.py:914} INFO - Processing file /opt/conda/lib/python3.12/site-packages/airflow/example_dags/example_setup_teardown.py for tasks to queue
[2025-02-06T09:16:01.940+0000] {logging_mixin.py:190} INFO - [2025-02-06T09:16:01.940+0000] {dagbag.py:588} INFO - Filling up the DagBag from /opt/conda/lib/python3.12/site-packages/airflow/example_dags/example_setup_teardown.py
[2025-02-06T09:16:01.946+0000] {processor.py:925} INFO - DAG(s) 'example_setup_teardown' retrieved from /opt/conda/lib/python3.12/site-packages/airflow/example_dags/example_setup_teardown.py
[2025-02-06T09:16:01.968+0000] {logging_mixin.py:190} INFO - [2025-02-06T09:16:01.968+0000] {dag.py:3239} INFO - Sync 1 DAGs
[2025-02-06T09:16:01.979+0000] {logging_mixin.py:190} INFO - [2025-02-06T09:16:01.979+0000] {dag.py:4180} INFO - Setting next_dagrun for example_setup_teardown to None, run_after=None
[2025-02-06T09:16:02.036+0000] {processor.py:208} INFO - Processing /opt/conda/lib/python3.12/site-packages/airflow/example_dags/example_setup_teardown.py took 0.103 seconds
[2025-02-06T09:20:43.026+0000] {processor.py:186} INFO - Started process (PID=1830) to work on /opt/conda/lib/python3.12/site-packages/airflow/example_dags/example_setup_teardown.py
[2025-02-06T09:20:43.028+0000] {processor.py:914} INFO - Processing file /opt/conda/lib/python3.12/site-packages/airflow/example_dags/example_setup_teardown.py for tasks to queue
[2025-02-06T09:20:43.031+0000] {logging_mixin.py:190} INFO - [2025-02-06T09:20:43.030+0000] {dagbag.py:588} INFO - Filling up the DagBag from /opt/conda/lib/python3.12/site-packages/airflow/example_dags/example_setup_teardown.py
[2025-02-06T09:20:43.038+0000] {processor.py:925} INFO - DAG(s) 'example_setup_teardown' retrieved from /opt/conda/lib/python3.12/site-packages/airflow/example_dags/example_setup_teardown.py
[2025-02-06T09:20:43.069+0000] {logging_mixin.py:190} INFO - [2025-02-06T09:20:43.069+0000] {dag.py:3239} INFO - Sync 1 DAGs
[2025-02-06T09:20:43.092+0000] {logging_mixin.py:190} INFO - [2025-02-06T09:20:43.091+0000] {dag.py:4180} INFO - Setting next_dagrun for example_setup_teardown to None, run_after=None
[2025-02-06T09:20:43.163+0000] {processor.py:208} INFO - Processing /opt/conda/lib/python3.12/site-packages/airflow/example_dags/example_setup_teardown.py took 0.143 seconds
[2025-02-06T09:34:35.365+0000] {processor.py:186} INFO - Started process (PID=624) to work on /opt/conda/lib/python3.12/site-packages/airflow/example_dags/example_setup_teardown.py
[2025-02-06T09:34:35.366+0000] {processor.py:914} INFO - Processing file /opt/conda/lib/python3.12/site-packages/airflow/example_dags/example_setup_teardown.py for tasks to queue
[2025-02-06T09:34:35.367+0000] {logging_mixin.py:190} INFO - [2025-02-06T09:34:35.367+0000] {dagbag.py:588} INFO - Filling up the DagBag from /opt/conda/lib/python3.12/site-packages/airflow/example_dags/example_setup_teardown.py
[2025-02-06T09:34:35.375+0000] {processor.py:925} INFO - DAG(s) 'example_setup_teardown' retrieved from /opt/conda/lib/python3.12/site-packages/airflow/example_dags/example_setup_teardown.py
[2025-02-06T09:34:35.399+0000] {logging_mixin.py:190} INFO - [2025-02-06T09:34:35.398+0000] {dag.py:3239} INFO - Sync 1 DAGs
[2025-02-06T09:34:35.410+0000] {logging_mixin.py:190} INFO - [2025-02-06T09:34:35.410+0000] {dag.py:4180} INFO - Setting next_dagrun for example_setup_teardown to None, run_after=None
[2025-02-06T09:34:35.464+0000] {processor.py:208} INFO - Processing /opt/conda/lib/python3.12/site-packages/airflow/example_dags/example_setup_teardown.py took 0.104 seconds
[2025-02-06T09:43:13.654+0000] {processor.py:186} INFO - Started process (PID=1517) to work on /opt/conda/lib/python3.12/site-packages/airflow/example_dags/example_setup_teardown.py
[2025-02-06T09:43:13.656+0000] {processor.py:914} INFO - Processing file /opt/conda/lib/python3.12/site-packages/airflow/example_dags/example_setup_teardown.py for tasks to queue
[2025-02-06T09:43:13.657+0000] {logging_mixin.py:190} INFO - [2025-02-06T09:43:13.657+0000] {dagbag.py:588} INFO - Filling up the DagBag from /opt/conda/lib/python3.12/site-packages/airflow/example_dags/example_setup_teardown.py
[2025-02-06T09:43:13.665+0000] {processor.py:925} INFO - DAG(s) 'example_setup_teardown' retrieved from /opt/conda/lib/python3.12/site-packages/airflow/example_dags/example_setup_teardown.py
[2025-02-06T09:43:13.691+0000] {logging_mixin.py:190} INFO - [2025-02-06T09:43:13.690+0000] {dag.py:3239} INFO - Sync 1 DAGs
[2025-02-06T09:43:13.703+0000] {logging_mixin.py:190} INFO - [2025-02-06T09:43:13.703+0000] {dag.py:4180} INFO - Setting next_dagrun for example_setup_teardown to None, run_after=None
[2025-02-06T09:43:13.766+0000] {processor.py:208} INFO - Processing /opt/conda/lib/python3.12/site-packages/airflow/example_dags/example_setup_teardown.py took 0.115 seconds
[2025-02-06T09:52:00.725+0000] {processor.py:186} INFO - Started process (PID=593) to work on /opt/conda/lib/python3.12/site-packages/airflow/example_dags/example_setup_teardown.py
[2025-02-06T09:52:00.726+0000] {processor.py:914} INFO - Processing file /opt/conda/lib/python3.12/site-packages/airflow/example_dags/example_setup_teardown.py for tasks to queue
[2025-02-06T09:52:00.727+0000] {logging_mixin.py:190} INFO - [2025-02-06T09:52:00.727+0000] {dagbag.py:588} INFO - Filling up the DagBag from /opt/conda/lib/python3.12/site-packages/airflow/example_dags/example_setup_teardown.py
[2025-02-06T09:52:00.736+0000] {processor.py:925} INFO - DAG(s) 'example_setup_teardown' retrieved from /opt/conda/lib/python3.12/site-packages/airflow/example_dags/example_setup_teardown.py
[2025-02-06T09:52:00.766+0000] {logging_mixin.py:190} INFO - [2025-02-06T09:52:00.766+0000] {dag.py:3239} INFO - Sync 1 DAGs
[2025-02-06T09:52:00.787+0000] {logging_mixin.py:190} INFO - [2025-02-06T09:52:00.787+0000] {dag.py:4180} INFO - Setting next_dagrun for example_setup_teardown to None, run_after=None
[2025-02-06T09:52:00.851+0000] {processor.py:208} INFO - Processing /opt/conda/lib/python3.12/site-packages/airflow/example_dags/example_setup_teardown.py took 0.130 seconds
[2025-02-06T10:00:45.168+0000] {processor.py:186} INFO - Started process (PID=1559) to work on /opt/conda/lib/python3.12/site-packages/airflow/example_dags/example_setup_teardown.py
[2025-02-06T10:00:45.169+0000] {processor.py:914} INFO - Processing file /opt/conda/lib/python3.12/site-packages/airflow/example_dags/example_setup_teardown.py for tasks to queue
[2025-02-06T10:00:45.171+0000] {logging_mixin.py:190} INFO - [2025-02-06T10:00:45.171+0000] {dagbag.py:588} INFO - Filling up the DagBag from /opt/conda/lib/python3.12/site-packages/airflow/example_dags/example_setup_teardown.py
[2025-02-06T10:00:45.178+0000] {processor.py:925} INFO - DAG(s) 'example_setup_teardown' retrieved from /opt/conda/lib/python3.12/site-packages/airflow/example_dags/example_setup_teardown.py
[2025-02-06T10:00:45.203+0000] {logging_mixin.py:190} INFO - [2025-02-06T10:00:45.203+0000] {dag.py:3239} INFO - Sync 1 DAGs
[2025-02-06T10:00:45.216+0000] {logging_mixin.py:190} INFO - [2025-02-06T10:00:45.216+0000] {dag.py:4180} INFO - Setting next_dagrun for example_setup_teardown to None, run_after=None
[2025-02-06T10:00:45.271+0000] {processor.py:208} INFO - Processing /opt/conda/lib/python3.12/site-packages/airflow/example_dags/example_setup_teardown.py took 0.106 seconds
[2025-02-06T10:05:34.582+0000] {processor.py:186} INFO - Started process (PID=2041) to work on /opt/conda/lib/python3.12/site-packages/airflow/example_dags/example_setup_teardown.py
[2025-02-06T10:05:34.584+0000] {processor.py:914} INFO - Processing file /opt/conda/lib/python3.12/site-packages/airflow/example_dags/example_setup_teardown.py for tasks to queue
[2025-02-06T10:05:34.586+0000] {logging_mixin.py:190} INFO - [2025-02-06T10:05:34.585+0000] {dagbag.py:588} INFO - Filling up the DagBag from /opt/conda/lib/python3.12/site-packages/airflow/example_dags/example_setup_teardown.py
[2025-02-06T10:05:34.592+0000] {processor.py:925} INFO - DAG(s) 'example_setup_teardown' retrieved from /opt/conda/lib/python3.12/site-packages/airflow/example_dags/example_setup_teardown.py
[2025-02-06T10:05:34.613+0000] {logging_mixin.py:190} INFO - [2025-02-06T10:05:34.613+0000] {dag.py:3239} INFO - Sync 1 DAGs
[2025-02-06T10:05:34.624+0000] {logging_mixin.py:190} INFO - [2025-02-06T10:05:34.624+0000] {dag.py:4180} INFO - Setting next_dagrun for example_setup_teardown to None, run_after=None
[2025-02-06T10:05:34.678+0000] {processor.py:208} INFO - Processing /opt/conda/lib/python3.12/site-packages/airflow/example_dags/example_setup_teardown.py took 0.099 seconds
[2025-02-06T10:10:16.136+0000] {processor.py:186} INFO - Started process (PID=2473) to work on /opt/conda/lib/python3.12/site-packages/airflow/example_dags/example_setup_teardown.py
[2025-02-06T10:10:16.138+0000] {processor.py:914} INFO - Processing file /opt/conda/lib/python3.12/site-packages/airflow/example_dags/example_setup_teardown.py for tasks to queue
[2025-02-06T10:10:16.139+0000] {logging_mixin.py:190} INFO - [2025-02-06T10:10:16.139+0000] {dagbag.py:588} INFO - Filling up the DagBag from /opt/conda/lib/python3.12/site-packages/airflow/example_dags/example_setup_teardown.py
[2025-02-06T10:10:16.147+0000] {processor.py:925} INFO - DAG(s) 'example_setup_teardown' retrieved from /opt/conda/lib/python3.12/site-packages/airflow/example_dags/example_setup_teardown.py
[2025-02-06T10:10:16.174+0000] {logging_mixin.py:190} INFO - [2025-02-06T10:10:16.174+0000] {dag.py:3239} INFO - Sync 1 DAGs
[2025-02-06T10:10:16.198+0000] {logging_mixin.py:190} INFO - [2025-02-06T10:10:16.197+0000] {dag.py:4180} INFO - Setting next_dagrun for example_setup_teardown to None, run_after=None
[2025-02-06T10:10:16.413+0000] {processor.py:208} INFO - Processing /opt/conda/lib/python3.12/site-packages/airflow/example_dags/example_setup_teardown.py took 0.281 seconds
[2025-02-06T10:23:06.443+0000] {processor.py:186} INFO - Started process (PID=3802) to work on /opt/conda/lib/python3.12/site-packages/airflow/example_dags/example_setup_teardown.py
[2025-02-06T10:23:06.444+0000] {processor.py:914} INFO - Processing file /opt/conda/lib/python3.12/site-packages/airflow/example_dags/example_setup_teardown.py for tasks to queue
[2025-02-06T10:23:06.446+0000] {logging_mixin.py:190} INFO - [2025-02-06T10:23:06.446+0000] {dagbag.py:588} INFO - Filling up the DagBag from /opt/conda/lib/python3.12/site-packages/airflow/example_dags/example_setup_teardown.py
[2025-02-06T10:23:06.453+0000] {processor.py:925} INFO - DAG(s) 'example_setup_teardown' retrieved from /opt/conda/lib/python3.12/site-packages/airflow/example_dags/example_setup_teardown.py
[2025-02-06T10:23:06.479+0000] {logging_mixin.py:190} INFO - [2025-02-06T10:23:06.479+0000] {dag.py:3239} INFO - Sync 1 DAGs
[2025-02-06T10:23:06.496+0000] {logging_mixin.py:190} INFO - [2025-02-06T10:23:06.495+0000] {dag.py:4180} INFO - Setting next_dagrun for example_setup_teardown to None, run_after=None
[2025-02-06T10:23:06.560+0000] {processor.py:208} INFO - Processing /opt/conda/lib/python3.12/site-packages/airflow/example_dags/example_setup_teardown.py took 0.123 seconds
[2025-02-06T10:25:55.220+0000] {processor.py:186} INFO - Started process (PID=4051) to work on /opt/conda/lib/python3.12/site-packages/airflow/example_dags/example_setup_teardown.py
[2025-02-06T10:25:55.223+0000] {processor.py:914} INFO - Processing file /opt/conda/lib/python3.12/site-packages/airflow/example_dags/example_setup_teardown.py for tasks to queue
[2025-02-06T10:25:55.224+0000] {logging_mixin.py:190} INFO - [2025-02-06T10:25:55.224+0000] {dagbag.py:588} INFO - Filling up the DagBag from /opt/conda/lib/python3.12/site-packages/airflow/example_dags/example_setup_teardown.py
[2025-02-06T10:25:55.233+0000] {processor.py:925} INFO - DAG(s) 'example_setup_teardown' retrieved from /opt/conda/lib/python3.12/site-packages/airflow/example_dags/example_setup_teardown.py
[2025-02-06T10:25:55.259+0000] {logging_mixin.py:190} INFO - [2025-02-06T10:25:55.258+0000] {dag.py:3239} INFO - Sync 1 DAGs
[2025-02-06T10:25:55.279+0000] {logging_mixin.py:190} INFO - [2025-02-06T10:25:55.279+0000] {dag.py:4180} INFO - Setting next_dagrun for example_setup_teardown to None, run_after=None
[2025-02-06T10:25:55.345+0000] {processor.py:208} INFO - Processing /opt/conda/lib/python3.12/site-packages/airflow/example_dags/example_setup_teardown.py took 0.133 seconds
[2025-02-06T11:41:12.195+0000] {processor.py:186} INFO - Started process (PID=559) to work on /opt/conda/lib/python3.12/site-packages/airflow/example_dags/example_setup_teardown.py
[2025-02-06T11:41:12.198+0000] {processor.py:914} INFO - Processing file /opt/conda/lib/python3.12/site-packages/airflow/example_dags/example_setup_teardown.py for tasks to queue
[2025-02-06T11:41:12.200+0000] {logging_mixin.py:190} INFO - [2025-02-06T11:41:12.200+0000] {dagbag.py:588} INFO - Filling up the DagBag from /opt/conda/lib/python3.12/site-packages/airflow/example_dags/example_setup_teardown.py
[2025-02-06T11:41:12.209+0000] {processor.py:925} INFO - DAG(s) 'example_setup_teardown' retrieved from /opt/conda/lib/python3.12/site-packages/airflow/example_dags/example_setup_teardown.py
[2025-02-06T11:41:12.258+0000] {logging_mixin.py:190} INFO - [2025-02-06T11:41:12.258+0000] {dag.py:3239} INFO - Sync 1 DAGs
[2025-02-06T11:41:12.279+0000] {logging_mixin.py:190} INFO - [2025-02-06T11:41:12.279+0000] {dag.py:4180} INFO - Setting next_dagrun for example_setup_teardown to None, run_after=None
[2025-02-06T11:41:12.363+0000] {processor.py:208} INFO - Processing /opt/conda/lib/python3.12/site-packages/airflow/example_dags/example_setup_teardown.py took 0.174 seconds
[2025-02-06T11:45:00.775+0000] {processor.py:186} INFO - Started process (PID=1516) to work on /opt/conda/lib/python3.12/site-packages/airflow/example_dags/example_setup_teardown.py
[2025-02-06T11:45:00.778+0000] {processor.py:914} INFO - Processing file /opt/conda/lib/python3.12/site-packages/airflow/example_dags/example_setup_teardown.py for tasks to queue
[2025-02-06T11:45:00.784+0000] {logging_mixin.py:190} INFO - [2025-02-06T11:45:00.783+0000] {dagbag.py:588} INFO - Filling up the DagBag from /opt/conda/lib/python3.12/site-packages/airflow/example_dags/example_setup_teardown.py
[2025-02-06T11:45:00.801+0000] {processor.py:925} INFO - DAG(s) 'example_setup_teardown' retrieved from /opt/conda/lib/python3.12/site-packages/airflow/example_dags/example_setup_teardown.py
[2025-02-06T11:45:00.879+0000] {logging_mixin.py:190} INFO - [2025-02-06T11:45:00.878+0000] {dag.py:3239} INFO - Sync 1 DAGs
[2025-02-06T11:45:00.921+0000] {logging_mixin.py:190} INFO - [2025-02-06T11:45:00.920+0000] {dag.py:4180} INFO - Setting next_dagrun for example_setup_teardown to None, run_after=None
[2025-02-06T11:45:01.075+0000] {processor.py:208} INFO - Processing /opt/conda/lib/python3.12/site-packages/airflow/example_dags/example_setup_teardown.py took 0.311 seconds
[2025-02-06T11:49:22.709+0000] {processor.py:186} INFO - Started process (PID=2429) to work on /opt/conda/lib/python3.12/site-packages/airflow/example_dags/example_setup_teardown.py
[2025-02-06T11:49:22.711+0000] {processor.py:914} INFO - Processing file /opt/conda/lib/python3.12/site-packages/airflow/example_dags/example_setup_teardown.py for tasks to queue
[2025-02-06T11:49:22.713+0000] {logging_mixin.py:190} INFO - [2025-02-06T11:49:22.713+0000] {dagbag.py:588} INFO - Filling up the DagBag from /opt/conda/lib/python3.12/site-packages/airflow/example_dags/example_setup_teardown.py
[2025-02-06T11:49:22.729+0000] {processor.py:925} INFO - DAG(s) 'example_setup_teardown' retrieved from /opt/conda/lib/python3.12/site-packages/airflow/example_dags/example_setup_teardown.py
[2025-02-06T11:49:22.768+0000] {logging_mixin.py:190} INFO - [2025-02-06T11:49:22.768+0000] {dag.py:3239} INFO - Sync 1 DAGs
[2025-02-06T11:49:22.791+0000] {logging_mixin.py:190} INFO - [2025-02-06T11:49:22.790+0000] {dag.py:4180} INFO - Setting next_dagrun for example_setup_teardown to None, run_after=None
[2025-02-06T11:49:22.893+0000] {processor.py:208} INFO - Processing /opt/conda/lib/python3.12/site-packages/airflow/example_dags/example_setup_teardown.py took 0.190 seconds
[2025-02-06T11:52:55.149+0000] {processor.py:186} INFO - Started process (PID=3402) to work on /opt/conda/lib/python3.12/site-packages/airflow/example_dags/example_setup_teardown.py
[2025-02-06T11:52:55.151+0000] {processor.py:914} INFO - Processing file /opt/conda/lib/python3.12/site-packages/airflow/example_dags/example_setup_teardown.py for tasks to queue
[2025-02-06T11:52:55.152+0000] {logging_mixin.py:190} INFO - [2025-02-06T11:52:55.151+0000] {dagbag.py:588} INFO - Filling up the DagBag from /opt/conda/lib/python3.12/site-packages/airflow/example_dags/example_setup_teardown.py
[2025-02-06T11:52:55.161+0000] {processor.py:925} INFO - DAG(s) 'example_setup_teardown' retrieved from /opt/conda/lib/python3.12/site-packages/airflow/example_dags/example_setup_teardown.py
[2025-02-06T11:52:55.190+0000] {logging_mixin.py:190} INFO - [2025-02-06T11:52:55.189+0000] {dag.py:3239} INFO - Sync 1 DAGs
[2025-02-06T11:52:55.208+0000] {logging_mixin.py:190} INFO - [2025-02-06T11:52:55.208+0000] {dag.py:4180} INFO - Setting next_dagrun for example_setup_teardown to None, run_after=None
[2025-02-06T11:52:55.301+0000] {processor.py:208} INFO - Processing /opt/conda/lib/python3.12/site-packages/airflow/example_dags/example_setup_teardown.py took 0.157 seconds
[2025-02-06T12:04:54.494+0000] {processor.py:186} INFO - Started process (PID=558) to work on /opt/conda/lib/python3.12/site-packages/airflow/example_dags/example_setup_teardown.py
[2025-02-06T12:04:54.496+0000] {processor.py:914} INFO - Processing file /opt/conda/lib/python3.12/site-packages/airflow/example_dags/example_setup_teardown.py for tasks to queue
[2025-02-06T12:04:54.498+0000] {logging_mixin.py:190} INFO - [2025-02-06T12:04:54.498+0000] {dagbag.py:588} INFO - Filling up the DagBag from /opt/conda/lib/python3.12/site-packages/airflow/example_dags/example_setup_teardown.py
[2025-02-06T12:04:54.508+0000] {processor.py:925} INFO - DAG(s) 'example_setup_teardown' retrieved from /opt/conda/lib/python3.12/site-packages/airflow/example_dags/example_setup_teardown.py
[2025-02-06T12:04:54.530+0000] {logging_mixin.py:190} INFO - [2025-02-06T12:04:54.530+0000] {dag.py:3239} INFO - Sync 1 DAGs
[2025-02-06T12:04:54.541+0000] {logging_mixin.py:190} INFO - [2025-02-06T12:04:54.541+0000] {dag.py:4180} INFO - Setting next_dagrun for example_setup_teardown to None, run_after=None
[2025-02-06T12:04:54.605+0000] {processor.py:208} INFO - Processing /opt/conda/lib/python3.12/site-packages/airflow/example_dags/example_setup_teardown.py took 0.117 seconds
[2025-02-06T12:07:45.629+0000] {processor.py:186} INFO - Started process (PID=1573) to work on /opt/conda/lib/python3.12/site-packages/airflow/example_dags/example_setup_teardown.py
[2025-02-06T12:07:45.630+0000] {processor.py:914} INFO - Processing file /opt/conda/lib/python3.12/site-packages/airflow/example_dags/example_setup_teardown.py for tasks to queue
[2025-02-06T12:07:45.632+0000] {logging_mixin.py:190} INFO - [2025-02-06T12:07:45.631+0000] {dagbag.py:588} INFO - Filling up the DagBag from /opt/conda/lib/python3.12/site-packages/airflow/example_dags/example_setup_teardown.py
[2025-02-06T12:07:45.638+0000] {processor.py:925} INFO - DAG(s) 'example_setup_teardown' retrieved from /opt/conda/lib/python3.12/site-packages/airflow/example_dags/example_setup_teardown.py
[2025-02-06T12:07:45.660+0000] {logging_mixin.py:190} INFO - [2025-02-06T12:07:45.660+0000] {dag.py:3239} INFO - Sync 1 DAGs
[2025-02-06T12:07:45.671+0000] {logging_mixin.py:190} INFO - [2025-02-06T12:07:45.671+0000] {dag.py:4180} INFO - Setting next_dagrun for example_setup_teardown to None, run_after=None
[2025-02-06T12:07:45.731+0000] {processor.py:208} INFO - Processing /opt/conda/lib/python3.12/site-packages/airflow/example_dags/example_setup_teardown.py took 0.106 seconds
[2025-02-06T12:25:34.317+0000] {processor.py:186} INFO - Started process (PID=1626) to work on /opt/conda/lib/python3.12/site-packages/airflow/example_dags/example_setup_teardown.py
[2025-02-06T12:25:34.318+0000] {processor.py:914} INFO - Processing file /opt/conda/lib/python3.12/site-packages/airflow/example_dags/example_setup_teardown.py for tasks to queue
[2025-02-06T12:25:34.320+0000] {logging_mixin.py:190} INFO - [2025-02-06T12:25:34.320+0000] {dagbag.py:588} INFO - Filling up the DagBag from /opt/conda/lib/python3.12/site-packages/airflow/example_dags/example_setup_teardown.py
[2025-02-06T12:25:34.326+0000] {processor.py:925} INFO - DAG(s) 'example_setup_teardown' retrieved from /opt/conda/lib/python3.12/site-packages/airflow/example_dags/example_setup_teardown.py
[2025-02-06T12:25:34.348+0000] {logging_mixin.py:190} INFO - [2025-02-06T12:25:34.347+0000] {dag.py:3239} INFO - Sync 1 DAGs
[2025-02-06T12:25:34.358+0000] {logging_mixin.py:190} INFO - [2025-02-06T12:25:34.358+0000] {dag.py:4180} INFO - Setting next_dagrun for example_setup_teardown to None, run_after=None
[2025-02-06T12:25:34.412+0000] {processor.py:208} INFO - Processing /opt/conda/lib/python3.12/site-packages/airflow/example_dags/example_setup_teardown.py took 0.098 seconds
[2025-02-06T12:29:38.322+0000] {processor.py:186} INFO - Started process (PID=3695) to work on /opt/conda/lib/python3.12/site-packages/airflow/example_dags/example_setup_teardown.py
[2025-02-06T12:29:38.323+0000] {processor.py:914} INFO - Processing file /opt/conda/lib/python3.12/site-packages/airflow/example_dags/example_setup_teardown.py for tasks to queue
[2025-02-06T12:29:38.324+0000] {logging_mixin.py:190} INFO - [2025-02-06T12:29:38.324+0000] {dagbag.py:588} INFO - Filling up the DagBag from /opt/conda/lib/python3.12/site-packages/airflow/example_dags/example_setup_teardown.py
[2025-02-06T12:29:38.330+0000] {processor.py:925} INFO - DAG(s) 'example_setup_teardown' retrieved from /opt/conda/lib/python3.12/site-packages/airflow/example_dags/example_setup_teardown.py
[2025-02-06T12:29:38.355+0000] {logging_mixin.py:190} INFO - [2025-02-06T12:29:38.355+0000] {dag.py:3239} INFO - Sync 1 DAGs
[2025-02-06T12:29:38.367+0000] {logging_mixin.py:190} INFO - [2025-02-06T12:29:38.366+0000] {dag.py:4180} INFO - Setting next_dagrun for example_setup_teardown to None, run_after=None
[2025-02-06T12:29:38.424+0000] {processor.py:208} INFO - Processing /opt/conda/lib/python3.12/site-packages/airflow/example_dags/example_setup_teardown.py took 0.105 seconds
[2025-02-06T12:33:31.675+0000] {processor.py:186} INFO - Started process (PID=5728) to work on /opt/conda/lib/python3.12/site-packages/airflow/example_dags/example_setup_teardown.py
[2025-02-06T12:33:31.677+0000] {processor.py:914} INFO - Processing file /opt/conda/lib/python3.12/site-packages/airflow/example_dags/example_setup_teardown.py for tasks to queue
[2025-02-06T12:33:31.680+0000] {logging_mixin.py:190} INFO - [2025-02-06T12:33:31.680+0000] {dagbag.py:588} INFO - Filling up the DagBag from /opt/conda/lib/python3.12/site-packages/airflow/example_dags/example_setup_teardown.py
[2025-02-06T12:33:31.688+0000] {processor.py:925} INFO - DAG(s) 'example_setup_teardown' retrieved from /opt/conda/lib/python3.12/site-packages/airflow/example_dags/example_setup_teardown.py
[2025-02-06T12:33:31.710+0000] {logging_mixin.py:190} INFO - [2025-02-06T12:33:31.710+0000] {dag.py:3239} INFO - Sync 1 DAGs
[2025-02-06T12:33:31.721+0000] {logging_mixin.py:190} INFO - [2025-02-06T12:33:31.721+0000] {dag.py:4180} INFO - Setting next_dagrun for example_setup_teardown to None, run_after=None
[2025-02-06T12:33:31.778+0000] {processor.py:208} INFO - Processing /opt/conda/lib/python3.12/site-packages/airflow/example_dags/example_setup_teardown.py took 0.108 seconds
[2025-02-06T12:37:43.232+0000] {processor.py:186} INFO - Started process (PID=7865) to work on /opt/conda/lib/python3.12/site-packages/airflow/example_dags/example_setup_teardown.py
[2025-02-06T12:37:43.233+0000] {processor.py:914} INFO - Processing file /opt/conda/lib/python3.12/site-packages/airflow/example_dags/example_setup_teardown.py for tasks to queue
[2025-02-06T12:37:43.234+0000] {logging_mixin.py:190} INFO - [2025-02-06T12:37:43.234+0000] {dagbag.py:588} INFO - Filling up the DagBag from /opt/conda/lib/python3.12/site-packages/airflow/example_dags/example_setup_teardown.py
[2025-02-06T12:37:43.240+0000] {processor.py:925} INFO - DAG(s) 'example_setup_teardown' retrieved from /opt/conda/lib/python3.12/site-packages/airflow/example_dags/example_setup_teardown.py
[2025-02-06T12:37:43.258+0000] {logging_mixin.py:190} INFO - [2025-02-06T12:37:43.258+0000] {dag.py:3239} INFO - Sync 1 DAGs
[2025-02-06T12:37:43.268+0000] {logging_mixin.py:190} INFO - [2025-02-06T12:37:43.268+0000] {dag.py:4180} INFO - Setting next_dagrun for example_setup_teardown to None, run_after=None
[2025-02-06T12:37:43.314+0000] {processor.py:208} INFO - Processing /opt/conda/lib/python3.12/site-packages/airflow/example_dags/example_setup_teardown.py took 0.087 seconds
[2025-02-06T12:41:47.444+0000] {processor.py:186} INFO - Started process (PID=9950) to work on /opt/conda/lib/python3.12/site-packages/airflow/example_dags/example_setup_teardown.py
[2025-02-06T12:41:47.445+0000] {processor.py:914} INFO - Processing file /opt/conda/lib/python3.12/site-packages/airflow/example_dags/example_setup_teardown.py for tasks to queue
[2025-02-06T12:41:47.447+0000] {logging_mixin.py:190} INFO - [2025-02-06T12:41:47.447+0000] {dagbag.py:588} INFO - Filling up the DagBag from /opt/conda/lib/python3.12/site-packages/airflow/example_dags/example_setup_teardown.py
[2025-02-06T12:41:47.453+0000] {processor.py:925} INFO - DAG(s) 'example_setup_teardown' retrieved from /opt/conda/lib/python3.12/site-packages/airflow/example_dags/example_setup_teardown.py
[2025-02-06T12:41:47.474+0000] {logging_mixin.py:190} INFO - [2025-02-06T12:41:47.473+0000] {dag.py:3239} INFO - Sync 1 DAGs
[2025-02-06T12:41:47.485+0000] {logging_mixin.py:190} INFO - [2025-02-06T12:41:47.485+0000] {dag.py:4180} INFO - Setting next_dagrun for example_setup_teardown to None, run_after=None
[2025-02-06T12:41:47.543+0000] {processor.py:208} INFO - Processing /opt/conda/lib/python3.12/site-packages/airflow/example_dags/example_setup_teardown.py took 0.102 seconds
[2025-02-06T12:45:54.770+0000] {processor.py:186} INFO - Started process (PID=12066) to work on /opt/conda/lib/python3.12/site-packages/airflow/example_dags/example_setup_teardown.py
[2025-02-06T12:45:54.771+0000] {processor.py:914} INFO - Processing file /opt/conda/lib/python3.12/site-packages/airflow/example_dags/example_setup_teardown.py for tasks to queue
[2025-02-06T12:45:54.772+0000] {logging_mixin.py:190} INFO - [2025-02-06T12:45:54.772+0000] {dagbag.py:588} INFO - Filling up the DagBag from /opt/conda/lib/python3.12/site-packages/airflow/example_dags/example_setup_teardown.py
[2025-02-06T12:45:54.780+0000] {processor.py:925} INFO - DAG(s) 'example_setup_teardown' retrieved from /opt/conda/lib/python3.12/site-packages/airflow/example_dags/example_setup_teardown.py
[2025-02-06T12:45:54.802+0000] {logging_mixin.py:190} INFO - [2025-02-06T12:45:54.802+0000] {dag.py:3239} INFO - Sync 1 DAGs
[2025-02-06T12:45:54.814+0000] {logging_mixin.py:190} INFO - [2025-02-06T12:45:54.814+0000] {dag.py:4180} INFO - Setting next_dagrun for example_setup_teardown to None, run_after=None
[2025-02-06T12:45:54.865+0000] {processor.py:208} INFO - Processing /opt/conda/lib/python3.12/site-packages/airflow/example_dags/example_setup_teardown.py took 0.099 seconds
[2025-02-06T12:51:31.515+0000] {processor.py:186} INFO - Started process (PID=14574) to work on /opt/conda/lib/python3.12/site-packages/airflow/example_dags/example_setup_teardown.py
[2025-02-06T12:51:31.516+0000] {processor.py:914} INFO - Processing file /opt/conda/lib/python3.12/site-packages/airflow/example_dags/example_setup_teardown.py for tasks to queue
[2025-02-06T12:51:31.517+0000] {logging_mixin.py:190} INFO - [2025-02-06T12:51:31.517+0000] {dagbag.py:588} INFO - Filling up the DagBag from /opt/conda/lib/python3.12/site-packages/airflow/example_dags/example_setup_teardown.py
[2025-02-06T12:51:31.525+0000] {processor.py:925} INFO - DAG(s) 'example_setup_teardown' retrieved from /opt/conda/lib/python3.12/site-packages/airflow/example_dags/example_setup_teardown.py
[2025-02-06T12:51:31.549+0000] {logging_mixin.py:190} INFO - [2025-02-06T12:51:31.548+0000] {dag.py:3239} INFO - Sync 1 DAGs
[2025-02-06T12:51:31.563+0000] {logging_mixin.py:190} INFO - [2025-02-06T12:51:31.563+0000] {dag.py:4180} INFO - Setting next_dagrun for example_setup_teardown to None, run_after=None
[2025-02-06T12:51:31.625+0000] {processor.py:208} INFO - Processing /opt/conda/lib/python3.12/site-packages/airflow/example_dags/example_setup_teardown.py took 0.115 seconds
[2025-02-06T13:00:44.664+0000] {processor.py:186} INFO - Started process (PID=847) to work on /opt/conda/lib/python3.12/site-packages/airflow/example_dags/example_setup_teardown.py
[2025-02-06T13:00:44.665+0000] {processor.py:914} INFO - Processing file /opt/conda/lib/python3.12/site-packages/airflow/example_dags/example_setup_teardown.py for tasks to queue
[2025-02-06T13:00:44.667+0000] {logging_mixin.py:190} INFO - [2025-02-06T13:00:44.667+0000] {dagbag.py:588} INFO - Filling up the DagBag from /opt/conda/lib/python3.12/site-packages/airflow/example_dags/example_setup_teardown.py
[2025-02-06T13:00:44.673+0000] {processor.py:925} INFO - DAG(s) 'example_setup_teardown' retrieved from /opt/conda/lib/python3.12/site-packages/airflow/example_dags/example_setup_teardown.py
[2025-02-06T13:00:44.692+0000] {logging_mixin.py:190} INFO - [2025-02-06T13:00:44.692+0000] {dag.py:3239} INFO - Sync 1 DAGs
[2025-02-06T13:00:44.703+0000] {logging_mixin.py:190} INFO - [2025-02-06T13:00:44.702+0000] {dag.py:4180} INFO - Setting next_dagrun for example_setup_teardown to None, run_after=None
[2025-02-06T13:00:44.765+0000] {processor.py:208} INFO - Processing /opt/conda/lib/python3.12/site-packages/airflow/example_dags/example_setup_teardown.py took 0.105 seconds
[2025-02-06T13:03:47.360+0000] {processor.py:186} INFO - Started process (PID=1861) to work on /opt/conda/lib/python3.12/site-packages/airflow/example_dags/example_setup_teardown.py
[2025-02-06T13:03:47.361+0000] {processor.py:914} INFO - Processing file /opt/conda/lib/python3.12/site-packages/airflow/example_dags/example_setup_teardown.py for tasks to queue
[2025-02-06T13:03:47.363+0000] {logging_mixin.py:190} INFO - [2025-02-06T13:03:47.362+0000] {dagbag.py:588} INFO - Filling up the DagBag from /opt/conda/lib/python3.12/site-packages/airflow/example_dags/example_setup_teardown.py
[2025-02-06T13:03:47.372+0000] {processor.py:925} INFO - DAG(s) 'example_setup_teardown' retrieved from /opt/conda/lib/python3.12/site-packages/airflow/example_dags/example_setup_teardown.py
[2025-02-06T13:03:47.397+0000] {logging_mixin.py:190} INFO - [2025-02-06T13:03:47.396+0000] {dag.py:3239} INFO - Sync 1 DAGs
[2025-02-06T13:03:47.418+0000] {logging_mixin.py:190} INFO - [2025-02-06T13:03:47.417+0000] {dag.py:4180} INFO - Setting next_dagrun for example_setup_teardown to None, run_after=None
[2025-02-06T13:03:47.520+0000] {processor.py:208} INFO - Processing /opt/conda/lib/python3.12/site-packages/airflow/example_dags/example_setup_teardown.py took 0.164 seconds
[2025-02-06T13:21:13.508+0000] {processor.py:186} INFO - Started process (PID=987) to work on /opt/conda/lib/python3.12/site-packages/airflow/example_dags/example_setup_teardown.py
[2025-02-06T13:21:13.509+0000] {processor.py:914} INFO - Processing file /opt/conda/lib/python3.12/site-packages/airflow/example_dags/example_setup_teardown.py for tasks to queue
[2025-02-06T13:21:13.511+0000] {logging_mixin.py:190} INFO - [2025-02-06T13:21:13.511+0000] {dagbag.py:588} INFO - Filling up the DagBag from /opt/conda/lib/python3.12/site-packages/airflow/example_dags/example_setup_teardown.py
[2025-02-06T13:21:13.520+0000] {processor.py:925} INFO - DAG(s) 'example_setup_teardown' retrieved from /opt/conda/lib/python3.12/site-packages/airflow/example_dags/example_setup_teardown.py
[2025-02-06T13:21:13.546+0000] {logging_mixin.py:190} INFO - [2025-02-06T13:21:13.546+0000] {dag.py:3239} INFO - Sync 1 DAGs
[2025-02-06T13:21:13.563+0000] {logging_mixin.py:190} INFO - [2025-02-06T13:21:13.562+0000] {dag.py:4180} INFO - Setting next_dagrun for example_setup_teardown to None, run_after=None
[2025-02-06T13:21:13.625+0000] {processor.py:208} INFO - Processing /opt/conda/lib/python3.12/site-packages/airflow/example_dags/example_setup_teardown.py took 0.122 seconds
[2025-02-06T13:26:00.159+0000] {processor.py:186} INFO - Started process (PID=2983) to work on /opt/conda/lib/python3.12/site-packages/airflow/example_dags/example_setup_teardown.py
[2025-02-06T13:26:00.161+0000] {processor.py:914} INFO - Processing file /opt/conda/lib/python3.12/site-packages/airflow/example_dags/example_setup_teardown.py for tasks to queue
[2025-02-06T13:26:00.163+0000] {logging_mixin.py:190} INFO - [2025-02-06T13:26:00.162+0000] {dagbag.py:588} INFO - Filling up the DagBag from /opt/conda/lib/python3.12/site-packages/airflow/example_dags/example_setup_teardown.py
[2025-02-06T13:26:00.173+0000] {processor.py:925} INFO - DAG(s) 'example_setup_teardown' retrieved from /opt/conda/lib/python3.12/site-packages/airflow/example_dags/example_setup_teardown.py
[2025-02-06T13:26:00.201+0000] {logging_mixin.py:190} INFO - [2025-02-06T13:26:00.201+0000] {dag.py:3239} INFO - Sync 1 DAGs
[2025-02-06T13:26:00.215+0000] {logging_mixin.py:190} INFO - [2025-02-06T13:26:00.215+0000] {dag.py:4180} INFO - Setting next_dagrun for example_setup_teardown to None, run_after=None
[2025-02-06T13:26:00.356+0000] {processor.py:208} INFO - Processing /opt/conda/lib/python3.12/site-packages/airflow/example_dags/example_setup_teardown.py took 0.201 seconds
[2025-02-06T13:33:40.711+0000] {processor.py:186} INFO - Started process (PID=6001) to work on /opt/conda/lib/python3.12/site-packages/airflow/example_dags/example_setup_teardown.py
[2025-02-06T13:33:40.712+0000] {processor.py:914} INFO - Processing file /opt/conda/lib/python3.12/site-packages/airflow/example_dags/example_setup_teardown.py for tasks to queue
[2025-02-06T13:33:40.713+0000] {logging_mixin.py:190} INFO - [2025-02-06T13:33:40.713+0000] {dagbag.py:588} INFO - Filling up the DagBag from /opt/conda/lib/python3.12/site-packages/airflow/example_dags/example_setup_teardown.py
[2025-02-06T13:33:40.725+0000] {processor.py:925} INFO - DAG(s) 'example_setup_teardown' retrieved from /opt/conda/lib/python3.12/site-packages/airflow/example_dags/example_setup_teardown.py
[2025-02-06T13:33:40.756+0000] {logging_mixin.py:190} INFO - [2025-02-06T13:33:40.755+0000] {dag.py:3239} INFO - Sync 1 DAGs
[2025-02-06T13:33:40.772+0000] {logging_mixin.py:190} INFO - [2025-02-06T13:33:40.772+0000] {dag.py:4180} INFO - Setting next_dagrun for example_setup_teardown to None, run_after=None
[2025-02-06T13:33:40.835+0000] {processor.py:208} INFO - Processing /opt/conda/lib/python3.12/site-packages/airflow/example_dags/example_setup_teardown.py took 0.129 seconds
