[2025-02-06T08:27:43.187+0000] {processor.py:186} INFO - Started process (PID=87) to work on /opt/conda/lib/python3.12/site-packages/airflow/example_dags/example_sensor_decorator.py
[2025-02-06T08:27:43.188+0000] {processor.py:914} INFO - Processing file /opt/conda/lib/python3.12/site-packages/airflow/example_dags/example_sensor_decorator.py for tasks to queue
[2025-02-06T08:27:43.191+0000] {logging_mixin.py:190} INFO - [2025-02-06T08:27:43.190+0000] {dagbag.py:588} INFO - Filling up the DagBag from /opt/conda/lib/python3.12/site-packages/airflow/example_dags/example_sensor_decorator.py
[2025-02-06T08:27:43.206+0000] {processor.py:925} INFO - DAG(s) 'example_sensor_decorator' retrieved from /opt/conda/lib/python3.12/site-packages/airflow/example_dags/example_sensor_decorator.py
[2025-02-06T08:27:43.336+0000] {logging_mixin.py:190} INFO - [2025-02-06T08:27:43.335+0000] {override.py:1912} INFO - Created Permission View: can delete on DAG:example_sensor_decorator
[2025-02-06T08:27:43.372+0000] {logging_mixin.py:190} INFO - [2025-02-06T08:27:43.372+0000] {override.py:1912} INFO - Created Permission View: can read on DAG:example_sensor_decorator
[2025-02-06T08:27:43.408+0000] {logging_mixin.py:190} INFO - [2025-02-06T08:27:43.407+0000] {override.py:1912} INFO - Created Permission View: can edit on DAG:example_sensor_decorator
[2025-02-06T08:27:43.465+0000] {logging_mixin.py:190} INFO - [2025-02-06T08:27:43.464+0000] {override.py:1912} INFO - Created Permission View: menu access on DAG Run:example_sensor_decorator
[2025-02-06T08:27:43.494+0000] {logging_mixin.py:190} INFO - [2025-02-06T08:27:43.493+0000] {override.py:1912} INFO - Created Permission View: can create on DAG Run:example_sensor_decorator
[2025-02-06T08:27:43.525+0000] {logging_mixin.py:190} INFO - [2025-02-06T08:27:43.525+0000] {override.py:1912} INFO - Created Permission View: can read on DAG Run:example_sensor_decorator
[2025-02-06T08:27:43.557+0000] {logging_mixin.py:190} INFO - [2025-02-06T08:27:43.556+0000] {override.py:1912} INFO - Created Permission View: can delete on DAG Run:example_sensor_decorator
[2025-02-06T08:27:43.557+0000] {logging_mixin.py:190} INFO - [2025-02-06T08:27:43.557+0000] {dag.py:3239} INFO - Sync 1 DAGs
[2025-02-06T08:27:43.572+0000] {logging_mixin.py:190} INFO - [2025-02-06T08:27:43.572+0000] {dag.py:3262} INFO - Creating ORM DAG for example_sensor_decorator
[2025-02-06T08:27:43.573+0000] {logging_mixin.py:190} INFO - [2025-02-06T08:27:43.573+0000] {dag.py:4180} INFO - Setting next_dagrun for example_sensor_decorator to None, run_after=None
[2025-02-06T08:27:43.628+0000] {processor.py:208} INFO - Processing /opt/conda/lib/python3.12/site-packages/airflow/example_dags/example_sensor_decorator.py took 0.444 seconds
[2025-02-06T08:31:15.312+0000] {processor.py:186} INFO - Started process (PID=88) to work on /opt/conda/lib/python3.12/site-packages/airflow/example_dags/example_sensor_decorator.py
[2025-02-06T08:31:15.313+0000] {processor.py:914} INFO - Processing file /opt/conda/lib/python3.12/site-packages/airflow/example_dags/example_sensor_decorator.py for tasks to queue
[2025-02-06T08:31:15.315+0000] {logging_mixin.py:190} INFO - [2025-02-06T08:31:15.314+0000] {dagbag.py:588} INFO - Filling up the DagBag from /opt/conda/lib/python3.12/site-packages/airflow/example_dags/example_sensor_decorator.py
[2025-02-06T08:31:15.322+0000] {processor.py:925} INFO - DAG(s) 'example_sensor_decorator' retrieved from /opt/conda/lib/python3.12/site-packages/airflow/example_dags/example_sensor_decorator.py
[2025-02-06T08:31:15.342+0000] {logging_mixin.py:190} INFO - [2025-02-06T08:31:15.342+0000] {dag.py:3239} INFO - Sync 1 DAGs
[2025-02-06T08:31:15.354+0000] {logging_mixin.py:190} INFO - [2025-02-06T08:31:15.353+0000] {dag.py:4180} INFO - Setting next_dagrun for example_sensor_decorator to None, run_after=None
[2025-02-06T08:31:15.408+0000] {processor.py:208} INFO - Processing /opt/conda/lib/python3.12/site-packages/airflow/example_dags/example_sensor_decorator.py took 0.100 seconds
[2025-02-06T08:32:27.133+0000] {processor.py:186} INFO - Started process (PID=151) to work on /opt/conda/lib/python3.12/site-packages/airflow/example_dags/example_sensor_decorator.py
[2025-02-06T08:32:27.135+0000] {processor.py:914} INFO - Processing file /opt/conda/lib/python3.12/site-packages/airflow/example_dags/example_sensor_decorator.py for tasks to queue
[2025-02-06T08:32:27.136+0000] {logging_mixin.py:190} INFO - [2025-02-06T08:32:27.135+0000] {dagbag.py:588} INFO - Filling up the DagBag from /opt/conda/lib/python3.12/site-packages/airflow/example_dags/example_sensor_decorator.py
[2025-02-06T08:32:27.142+0000] {processor.py:925} INFO - DAG(s) 'example_sensor_decorator' retrieved from /opt/conda/lib/python3.12/site-packages/airflow/example_dags/example_sensor_decorator.py
[2025-02-06T08:32:27.165+0000] {logging_mixin.py:190} INFO - [2025-02-06T08:32:27.165+0000] {dag.py:3239} INFO - Sync 1 DAGs
[2025-02-06T08:32:27.180+0000] {logging_mixin.py:190} INFO - [2025-02-06T08:32:27.179+0000] {dag.py:4180} INFO - Setting next_dagrun for example_sensor_decorator to None, run_after=None
[2025-02-06T08:32:27.242+0000] {processor.py:208} INFO - Processing /opt/conda/lib/python3.12/site-packages/airflow/example_dags/example_sensor_decorator.py took 0.113 seconds
[2025-02-06T08:33:37.192+0000] {processor.py:186} INFO - Started process (PID=212) to work on /opt/conda/lib/python3.12/site-packages/airflow/example_dags/example_sensor_decorator.py
[2025-02-06T08:33:37.193+0000] {processor.py:914} INFO - Processing file /opt/conda/lib/python3.12/site-packages/airflow/example_dags/example_sensor_decorator.py for tasks to queue
[2025-02-06T08:33:37.194+0000] {logging_mixin.py:190} INFO - [2025-02-06T08:33:37.194+0000] {dagbag.py:588} INFO - Filling up the DagBag from /opt/conda/lib/python3.12/site-packages/airflow/example_dags/example_sensor_decorator.py
[2025-02-06T08:33:37.200+0000] {processor.py:925} INFO - DAG(s) 'example_sensor_decorator' retrieved from /opt/conda/lib/python3.12/site-packages/airflow/example_dags/example_sensor_decorator.py
[2025-02-06T08:33:37.219+0000] {logging_mixin.py:190} INFO - [2025-02-06T08:33:37.219+0000] {dag.py:3239} INFO - Sync 1 DAGs
[2025-02-06T08:33:37.230+0000] {logging_mixin.py:190} INFO - [2025-02-06T08:33:37.230+0000] {dag.py:4180} INFO - Setting next_dagrun for example_sensor_decorator to None, run_after=None
[2025-02-06T08:33:37.282+0000] {processor.py:208} INFO - Processing /opt/conda/lib/python3.12/site-packages/airflow/example_dags/example_sensor_decorator.py took 0.094 seconds
[2025-02-06T08:34:52.787+0000] {processor.py:186} INFO - Started process (PID=275) to work on /opt/conda/lib/python3.12/site-packages/airflow/example_dags/example_sensor_decorator.py
[2025-02-06T08:34:52.788+0000] {processor.py:914} INFO - Processing file /opt/conda/lib/python3.12/site-packages/airflow/example_dags/example_sensor_decorator.py for tasks to queue
[2025-02-06T08:34:52.790+0000] {logging_mixin.py:190} INFO - [2025-02-06T08:34:52.789+0000] {dagbag.py:588} INFO - Filling up the DagBag from /opt/conda/lib/python3.12/site-packages/airflow/example_dags/example_sensor_decorator.py
[2025-02-06T08:34:52.796+0000] {processor.py:925} INFO - DAG(s) 'example_sensor_decorator' retrieved from /opt/conda/lib/python3.12/site-packages/airflow/example_dags/example_sensor_decorator.py
[2025-02-06T08:34:52.819+0000] {logging_mixin.py:190} INFO - [2025-02-06T08:34:52.819+0000] {dag.py:3239} INFO - Sync 1 DAGs
[2025-02-06T08:34:52.833+0000] {logging_mixin.py:190} INFO - [2025-02-06T08:34:52.833+0000] {dag.py:4180} INFO - Setting next_dagrun for example_sensor_decorator to None, run_after=None
[2025-02-06T08:34:52.913+0000] {processor.py:208} INFO - Processing /opt/conda/lib/python3.12/site-packages/airflow/example_dags/example_sensor_decorator.py took 0.129 seconds
[2025-02-06T08:36:09.463+0000] {processor.py:186} INFO - Started process (PID=341) to work on /opt/conda/lib/python3.12/site-packages/airflow/example_dags/example_sensor_decorator.py
[2025-02-06T08:36:09.464+0000] {processor.py:914} INFO - Processing file /opt/conda/lib/python3.12/site-packages/airflow/example_dags/example_sensor_decorator.py for tasks to queue
[2025-02-06T08:36:09.465+0000] {logging_mixin.py:190} INFO - [2025-02-06T08:36:09.465+0000] {dagbag.py:588} INFO - Filling up the DagBag from /opt/conda/lib/python3.12/site-packages/airflow/example_dags/example_sensor_decorator.py
[2025-02-06T08:36:09.475+0000] {processor.py:925} INFO - DAG(s) 'example_sensor_decorator' retrieved from /opt/conda/lib/python3.12/site-packages/airflow/example_dags/example_sensor_decorator.py
[2025-02-06T08:36:09.492+0000] {logging_mixin.py:190} INFO - [2025-02-06T08:36:09.492+0000] {dag.py:3239} INFO - Sync 1 DAGs
[2025-02-06T08:36:09.505+0000] {logging_mixin.py:190} INFO - [2025-02-06T08:36:09.504+0000] {dag.py:4180} INFO - Setting next_dagrun for example_sensor_decorator to None, run_after=None
[2025-02-06T08:36:09.662+0000] {processor.py:208} INFO - Processing /opt/conda/lib/python3.12/site-packages/airflow/example_dags/example_sensor_decorator.py took 0.204 seconds
[2025-02-06T08:37:31.768+0000] {processor.py:186} INFO - Started process (PID=408) to work on /opt/conda/lib/python3.12/site-packages/airflow/example_dags/example_sensor_decorator.py
[2025-02-06T08:37:31.770+0000] {processor.py:914} INFO - Processing file /opt/conda/lib/python3.12/site-packages/airflow/example_dags/example_sensor_decorator.py for tasks to queue
[2025-02-06T08:37:31.771+0000] {logging_mixin.py:190} INFO - [2025-02-06T08:37:31.770+0000] {dagbag.py:588} INFO - Filling up the DagBag from /opt/conda/lib/python3.12/site-packages/airflow/example_dags/example_sensor_decorator.py
[2025-02-06T08:37:31.778+0000] {processor.py:925} INFO - DAG(s) 'example_sensor_decorator' retrieved from /opt/conda/lib/python3.12/site-packages/airflow/example_dags/example_sensor_decorator.py
[2025-02-06T08:37:31.799+0000] {logging_mixin.py:190} INFO - [2025-02-06T08:37:31.799+0000] {dag.py:3239} INFO - Sync 1 DAGs
[2025-02-06T08:37:31.813+0000] {logging_mixin.py:190} INFO - [2025-02-06T08:37:31.812+0000] {dag.py:4180} INFO - Setting next_dagrun for example_sensor_decorator to None, run_after=None
[2025-02-06T08:37:31.879+0000] {processor.py:208} INFO - Processing /opt/conda/lib/python3.12/site-packages/airflow/example_dags/example_sensor_decorator.py took 0.115 seconds
[2025-02-06T08:38:47.717+0000] {processor.py:186} INFO - Started process (PID=473) to work on /opt/conda/lib/python3.12/site-packages/airflow/example_dags/example_sensor_decorator.py
[2025-02-06T08:38:47.717+0000] {processor.py:914} INFO - Processing file /opt/conda/lib/python3.12/site-packages/airflow/example_dags/example_sensor_decorator.py for tasks to queue
[2025-02-06T08:38:47.719+0000] {logging_mixin.py:190} INFO - [2025-02-06T08:38:47.718+0000] {dagbag.py:588} INFO - Filling up the DagBag from /opt/conda/lib/python3.12/site-packages/airflow/example_dags/example_sensor_decorator.py
[2025-02-06T08:38:47.725+0000] {processor.py:925} INFO - DAG(s) 'example_sensor_decorator' retrieved from /opt/conda/lib/python3.12/site-packages/airflow/example_dags/example_sensor_decorator.py
[2025-02-06T08:38:47.747+0000] {logging_mixin.py:190} INFO - [2025-02-06T08:38:47.747+0000] {dag.py:3239} INFO - Sync 1 DAGs
[2025-02-06T08:38:47.759+0000] {logging_mixin.py:190} INFO - [2025-02-06T08:38:47.758+0000] {dag.py:4180} INFO - Setting next_dagrun for example_sensor_decorator to None, run_after=None
[2025-02-06T08:38:47.824+0000] {processor.py:208} INFO - Processing /opt/conda/lib/python3.12/site-packages/airflow/example_dags/example_sensor_decorator.py took 0.111 seconds
[2025-02-06T08:40:05.402+0000] {processor.py:186} INFO - Started process (PID=539) to work on /opt/conda/lib/python3.12/site-packages/airflow/example_dags/example_sensor_decorator.py
[2025-02-06T08:40:05.403+0000] {processor.py:914} INFO - Processing file /opt/conda/lib/python3.12/site-packages/airflow/example_dags/example_sensor_decorator.py for tasks to queue
[2025-02-06T08:40:05.404+0000] {logging_mixin.py:190} INFO - [2025-02-06T08:40:05.404+0000] {dagbag.py:588} INFO - Filling up the DagBag from /opt/conda/lib/python3.12/site-packages/airflow/example_dags/example_sensor_decorator.py
[2025-02-06T08:40:05.412+0000] {processor.py:925} INFO - DAG(s) 'example_sensor_decorator' retrieved from /opt/conda/lib/python3.12/site-packages/airflow/example_dags/example_sensor_decorator.py
[2025-02-06T08:40:05.437+0000] {logging_mixin.py:190} INFO - [2025-02-06T08:40:05.437+0000] {dag.py:3239} INFO - Sync 1 DAGs
[2025-02-06T08:40:05.450+0000] {logging_mixin.py:190} INFO - [2025-02-06T08:40:05.449+0000] {dag.py:4180} INFO - Setting next_dagrun for example_sensor_decorator to None, run_after=None
[2025-02-06T08:40:05.511+0000] {processor.py:208} INFO - Processing /opt/conda/lib/python3.12/site-packages/airflow/example_dags/example_sensor_decorator.py took 0.114 seconds
[2025-02-06T08:41:21.915+0000] {processor.py:186} INFO - Started process (PID=605) to work on /opt/conda/lib/python3.12/site-packages/airflow/example_dags/example_sensor_decorator.py
[2025-02-06T08:41:21.918+0000] {processor.py:914} INFO - Processing file /opt/conda/lib/python3.12/site-packages/airflow/example_dags/example_sensor_decorator.py for tasks to queue
[2025-02-06T08:41:21.920+0000] {logging_mixin.py:190} INFO - [2025-02-06T08:41:21.920+0000] {dagbag.py:588} INFO - Filling up the DagBag from /opt/conda/lib/python3.12/site-packages/airflow/example_dags/example_sensor_decorator.py
[2025-02-06T08:41:21.927+0000] {processor.py:925} INFO - DAG(s) 'example_sensor_decorator' retrieved from /opt/conda/lib/python3.12/site-packages/airflow/example_dags/example_sensor_decorator.py
[2025-02-06T08:41:21.950+0000] {logging_mixin.py:190} INFO - [2025-02-06T08:41:21.950+0000] {dag.py:3239} INFO - Sync 1 DAGs
[2025-02-06T08:41:21.966+0000] {logging_mixin.py:190} INFO - [2025-02-06T08:41:21.966+0000] {dag.py:4180} INFO - Setting next_dagrun for example_sensor_decorator to None, run_after=None
[2025-02-06T08:41:22.022+0000] {processor.py:208} INFO - Processing /opt/conda/lib/python3.12/site-packages/airflow/example_dags/example_sensor_decorator.py took 0.113 seconds
[2025-02-06T08:42:37.512+0000] {processor.py:186} INFO - Started process (PID=669) to work on /opt/conda/lib/python3.12/site-packages/airflow/example_dags/example_sensor_decorator.py
[2025-02-06T08:42:37.513+0000] {processor.py:914} INFO - Processing file /opt/conda/lib/python3.12/site-packages/airflow/example_dags/example_sensor_decorator.py for tasks to queue
[2025-02-06T08:42:37.514+0000] {logging_mixin.py:190} INFO - [2025-02-06T08:42:37.514+0000] {dagbag.py:588} INFO - Filling up the DagBag from /opt/conda/lib/python3.12/site-packages/airflow/example_dags/example_sensor_decorator.py
[2025-02-06T08:42:37.521+0000] {processor.py:925} INFO - DAG(s) 'example_sensor_decorator' retrieved from /opt/conda/lib/python3.12/site-packages/airflow/example_dags/example_sensor_decorator.py
[2025-02-06T08:42:37.541+0000] {logging_mixin.py:190} INFO - [2025-02-06T08:42:37.541+0000] {dag.py:3239} INFO - Sync 1 DAGs
[2025-02-06T08:42:37.553+0000] {logging_mixin.py:190} INFO - [2025-02-06T08:42:37.553+0000] {dag.py:4180} INFO - Setting next_dagrun for example_sensor_decorator to None, run_after=None
[2025-02-06T08:42:37.611+0000] {processor.py:208} INFO - Processing /opt/conda/lib/python3.12/site-packages/airflow/example_dags/example_sensor_decorator.py took 0.103 seconds
[2025-02-06T08:44:10.673+0000] {processor.py:186} INFO - Started process (PID=88) to work on /opt/conda/lib/python3.12/site-packages/airflow/example_dags/example_sensor_decorator.py
[2025-02-06T08:44:10.674+0000] {processor.py:914} INFO - Processing file /opt/conda/lib/python3.12/site-packages/airflow/example_dags/example_sensor_decorator.py for tasks to queue
[2025-02-06T08:44:10.676+0000] {logging_mixin.py:190} INFO - [2025-02-06T08:44:10.676+0000] {dagbag.py:588} INFO - Filling up the DagBag from /opt/conda/lib/python3.12/site-packages/airflow/example_dags/example_sensor_decorator.py
[2025-02-06T08:44:10.684+0000] {processor.py:925} INFO - DAG(s) 'example_sensor_decorator' retrieved from /opt/conda/lib/python3.12/site-packages/airflow/example_dags/example_sensor_decorator.py
[2025-02-06T08:44:10.706+0000] {logging_mixin.py:190} INFO - [2025-02-06T08:44:10.706+0000] {dag.py:3239} INFO - Sync 1 DAGs
[2025-02-06T08:44:10.719+0000] {logging_mixin.py:190} INFO - [2025-02-06T08:44:10.719+0000] {dag.py:4180} INFO - Setting next_dagrun for example_sensor_decorator to None, run_after=None
[2025-02-06T08:44:10.784+0000] {processor.py:208} INFO - Processing /opt/conda/lib/python3.12/site-packages/airflow/example_dags/example_sensor_decorator.py took 0.116 seconds
[2025-02-06T08:45:25.557+0000] {processor.py:186} INFO - Started process (PID=154) to work on /opt/conda/lib/python3.12/site-packages/airflow/example_dags/example_sensor_decorator.py
[2025-02-06T08:45:25.558+0000] {processor.py:914} INFO - Processing file /opt/conda/lib/python3.12/site-packages/airflow/example_dags/example_sensor_decorator.py for tasks to queue
[2025-02-06T08:45:25.560+0000] {logging_mixin.py:190} INFO - [2025-02-06T08:45:25.559+0000] {dagbag.py:588} INFO - Filling up the DagBag from /opt/conda/lib/python3.12/site-packages/airflow/example_dags/example_sensor_decorator.py
[2025-02-06T08:45:25.566+0000] {processor.py:925} INFO - DAG(s) 'example_sensor_decorator' retrieved from /opt/conda/lib/python3.12/site-packages/airflow/example_dags/example_sensor_decorator.py
[2025-02-06T08:45:25.592+0000] {logging_mixin.py:190} INFO - [2025-02-06T08:45:25.592+0000] {dag.py:3239} INFO - Sync 1 DAGs
[2025-02-06T08:45:25.605+0000] {logging_mixin.py:190} INFO - [2025-02-06T08:45:25.605+0000] {dag.py:4180} INFO - Setting next_dagrun for example_sensor_decorator to None, run_after=None
[2025-02-06T08:45:25.672+0000] {processor.py:208} INFO - Processing /opt/conda/lib/python3.12/site-packages/airflow/example_dags/example_sensor_decorator.py took 0.119 seconds
[2025-02-06T08:50:41.725+0000] {processor.py:186} INFO - Started process (PID=348) to work on /opt/conda/lib/python3.12/site-packages/airflow/example_dags/example_sensor_decorator.py
[2025-02-06T08:50:41.726+0000] {processor.py:914} INFO - Processing file /opt/conda/lib/python3.12/site-packages/airflow/example_dags/example_sensor_decorator.py for tasks to queue
[2025-02-06T08:50:41.728+0000] {logging_mixin.py:190} INFO - [2025-02-06T08:50:41.728+0000] {dagbag.py:588} INFO - Filling up the DagBag from /opt/conda/lib/python3.12/site-packages/airflow/example_dags/example_sensor_decorator.py
[2025-02-06T08:50:41.736+0000] {processor.py:925} INFO - DAG(s) 'example_sensor_decorator' retrieved from /opt/conda/lib/python3.12/site-packages/airflow/example_dags/example_sensor_decorator.py
[2025-02-06T08:50:41.762+0000] {logging_mixin.py:190} INFO - [2025-02-06T08:50:41.761+0000] {dag.py:3239} INFO - Sync 1 DAGs
[2025-02-06T08:50:41.775+0000] {logging_mixin.py:190} INFO - [2025-02-06T08:50:41.775+0000] {dag.py:4180} INFO - Setting next_dagrun for example_sensor_decorator to None, run_after=None
[2025-02-06T08:50:41.836+0000] {processor.py:208} INFO - Processing /opt/conda/lib/python3.12/site-packages/airflow/example_dags/example_sensor_decorator.py took 0.115 seconds
[2025-02-06T08:55:47.428+0000] {processor.py:186} INFO - Started process (PID=919) to work on /opt/conda/lib/python3.12/site-packages/airflow/example_dags/example_sensor_decorator.py
[2025-02-06T08:55:47.429+0000] {processor.py:914} INFO - Processing file /opt/conda/lib/python3.12/site-packages/airflow/example_dags/example_sensor_decorator.py for tasks to queue
[2025-02-06T08:55:47.431+0000] {logging_mixin.py:190} INFO - [2025-02-06T08:55:47.431+0000] {dagbag.py:588} INFO - Filling up the DagBag from /opt/conda/lib/python3.12/site-packages/airflow/example_dags/example_sensor_decorator.py
[2025-02-06T08:55:47.438+0000] {processor.py:925} INFO - DAG(s) 'example_sensor_decorator' retrieved from /opt/conda/lib/python3.12/site-packages/airflow/example_dags/example_sensor_decorator.py
[2025-02-06T08:55:47.458+0000] {logging_mixin.py:190} INFO - [2025-02-06T08:55:47.458+0000] {dag.py:3239} INFO - Sync 1 DAGs
[2025-02-06T08:55:47.469+0000] {logging_mixin.py:190} INFO - [2025-02-06T08:55:47.469+0000] {dag.py:4180} INFO - Setting next_dagrun for example_sensor_decorator to None, run_after=None
[2025-02-06T08:55:47.514+0000] {processor.py:208} INFO - Processing /opt/conda/lib/python3.12/site-packages/airflow/example_dags/example_sensor_decorator.py took 0.091 seconds
[2025-02-06T09:06:28.112+0000] {processor.py:186} INFO - Started process (PID=264) to work on /opt/conda/lib/python3.12/site-packages/airflow/example_dags/example_sensor_decorator.py
[2025-02-06T09:06:28.113+0000] {processor.py:914} INFO - Processing file /opt/conda/lib/python3.12/site-packages/airflow/example_dags/example_sensor_decorator.py for tasks to queue
[2025-02-06T09:06:28.115+0000] {logging_mixin.py:190} INFO - [2025-02-06T09:06:28.115+0000] {dagbag.py:588} INFO - Filling up the DagBag from /opt/conda/lib/python3.12/site-packages/airflow/example_dags/example_sensor_decorator.py
[2025-02-06T09:06:28.120+0000] {processor.py:925} INFO - DAG(s) 'example_sensor_decorator' retrieved from /opt/conda/lib/python3.12/site-packages/airflow/example_dags/example_sensor_decorator.py
[2025-02-06T09:06:28.141+0000] {logging_mixin.py:190} INFO - [2025-02-06T09:06:28.140+0000] {dag.py:3239} INFO - Sync 1 DAGs
[2025-02-06T09:06:28.153+0000] {logging_mixin.py:190} INFO - [2025-02-06T09:06:28.153+0000] {dag.py:4180} INFO - Setting next_dagrun for example_sensor_decorator to None, run_after=None
[2025-02-06T09:06:28.202+0000] {processor.py:208} INFO - Processing /opt/conda/lib/python3.12/site-packages/airflow/example_dags/example_sensor_decorator.py took 0.094 seconds
[2025-02-06T09:11:13.489+0000] {processor.py:186} INFO - Started process (PID=802) to work on /opt/conda/lib/python3.12/site-packages/airflow/example_dags/example_sensor_decorator.py
[2025-02-06T09:11:13.490+0000] {processor.py:914} INFO - Processing file /opt/conda/lib/python3.12/site-packages/airflow/example_dags/example_sensor_decorator.py for tasks to queue
[2025-02-06T09:11:13.494+0000] {logging_mixin.py:190} INFO - [2025-02-06T09:11:13.493+0000] {dagbag.py:588} INFO - Filling up the DagBag from /opt/conda/lib/python3.12/site-packages/airflow/example_dags/example_sensor_decorator.py
[2025-02-06T09:11:13.500+0000] {processor.py:925} INFO - DAG(s) 'example_sensor_decorator' retrieved from /opt/conda/lib/python3.12/site-packages/airflow/example_dags/example_sensor_decorator.py
[2025-02-06T09:11:13.523+0000] {logging_mixin.py:190} INFO - [2025-02-06T09:11:13.523+0000] {dag.py:3239} INFO - Sync 1 DAGs
[2025-02-06T09:11:13.536+0000] {logging_mixin.py:190} INFO - [2025-02-06T09:11:13.536+0000] {dag.py:4180} INFO - Setting next_dagrun for example_sensor_decorator to None, run_after=None
[2025-02-06T09:11:13.587+0000] {processor.py:208} INFO - Processing /opt/conda/lib/python3.12/site-packages/airflow/example_dags/example_sensor_decorator.py took 0.102 seconds
[2025-02-06T09:16:06.966+0000] {processor.py:186} INFO - Started process (PID=1340) to work on /opt/conda/lib/python3.12/site-packages/airflow/example_dags/example_sensor_decorator.py
[2025-02-06T09:16:06.967+0000] {processor.py:914} INFO - Processing file /opt/conda/lib/python3.12/site-packages/airflow/example_dags/example_sensor_decorator.py for tasks to queue
[2025-02-06T09:16:06.969+0000] {logging_mixin.py:190} INFO - [2025-02-06T09:16:06.969+0000] {dagbag.py:588} INFO - Filling up the DagBag from /opt/conda/lib/python3.12/site-packages/airflow/example_dags/example_sensor_decorator.py
[2025-02-06T09:16:06.976+0000] {processor.py:925} INFO - DAG(s) 'example_sensor_decorator' retrieved from /opt/conda/lib/python3.12/site-packages/airflow/example_dags/example_sensor_decorator.py
[2025-02-06T09:16:07.001+0000] {logging_mixin.py:190} INFO - [2025-02-06T09:16:07.001+0000] {dag.py:3239} INFO - Sync 1 DAGs
[2025-02-06T09:16:07.014+0000] {logging_mixin.py:190} INFO - [2025-02-06T09:16:07.014+0000] {dag.py:4180} INFO - Setting next_dagrun for example_sensor_decorator to None, run_after=None
[2025-02-06T09:16:07.075+0000] {processor.py:208} INFO - Processing /opt/conda/lib/python3.12/site-packages/airflow/example_dags/example_sensor_decorator.py took 0.113 seconds
[2025-02-06T09:20:52.914+0000] {processor.py:186} INFO - Started process (PID=1848) to work on /opt/conda/lib/python3.12/site-packages/airflow/example_dags/example_sensor_decorator.py
[2025-02-06T09:20:52.915+0000] {processor.py:914} INFO - Processing file /opt/conda/lib/python3.12/site-packages/airflow/example_dags/example_sensor_decorator.py for tasks to queue
[2025-02-06T09:20:52.917+0000] {logging_mixin.py:190} INFO - [2025-02-06T09:20:52.917+0000] {dagbag.py:588} INFO - Filling up the DagBag from /opt/conda/lib/python3.12/site-packages/airflow/example_dags/example_sensor_decorator.py
[2025-02-06T09:20:52.925+0000] {processor.py:925} INFO - DAG(s) 'example_sensor_decorator' retrieved from /opt/conda/lib/python3.12/site-packages/airflow/example_dags/example_sensor_decorator.py
[2025-02-06T09:20:52.949+0000] {logging_mixin.py:190} INFO - [2025-02-06T09:20:52.949+0000] {dag.py:3239} INFO - Sync 1 DAGs
[2025-02-06T09:20:52.966+0000] {logging_mixin.py:190} INFO - [2025-02-06T09:20:52.966+0000] {dag.py:4180} INFO - Setting next_dagrun for example_sensor_decorator to None, run_after=None
[2025-02-06T09:20:53.019+0000] {processor.py:208} INFO - Processing /opt/conda/lib/python3.12/site-packages/airflow/example_dags/example_sensor_decorator.py took 0.111 seconds
[2025-02-06T09:34:41.413+0000] {processor.py:186} INFO - Started process (PID=634) to work on /opt/conda/lib/python3.12/site-packages/airflow/example_dags/example_sensor_decorator.py
[2025-02-06T09:34:41.414+0000] {processor.py:914} INFO - Processing file /opt/conda/lib/python3.12/site-packages/airflow/example_dags/example_sensor_decorator.py for tasks to queue
[2025-02-06T09:34:41.416+0000] {logging_mixin.py:190} INFO - [2025-02-06T09:34:41.415+0000] {dagbag.py:588} INFO - Filling up the DagBag from /opt/conda/lib/python3.12/site-packages/airflow/example_dags/example_sensor_decorator.py
[2025-02-06T09:34:41.426+0000] {processor.py:925} INFO - DAG(s) 'example_sensor_decorator' retrieved from /opt/conda/lib/python3.12/site-packages/airflow/example_dags/example_sensor_decorator.py
[2025-02-06T09:34:41.450+0000] {logging_mixin.py:190} INFO - [2025-02-06T09:34:41.450+0000] {dag.py:3239} INFO - Sync 1 DAGs
[2025-02-06T09:34:41.465+0000] {logging_mixin.py:190} INFO - [2025-02-06T09:34:41.465+0000] {dag.py:4180} INFO - Setting next_dagrun for example_sensor_decorator to None, run_after=None
[2025-02-06T09:34:41.528+0000] {processor.py:208} INFO - Processing /opt/conda/lib/python3.12/site-packages/airflow/example_dags/example_sensor_decorator.py took 0.120 seconds
[2025-02-06T09:43:19.055+0000] {processor.py:186} INFO - Started process (PID=1527) to work on /opt/conda/lib/python3.12/site-packages/airflow/example_dags/example_sensor_decorator.py
[2025-02-06T09:43:19.056+0000] {processor.py:914} INFO - Processing file /opt/conda/lib/python3.12/site-packages/airflow/example_dags/example_sensor_decorator.py for tasks to queue
[2025-02-06T09:43:19.057+0000] {logging_mixin.py:190} INFO - [2025-02-06T09:43:19.057+0000] {dagbag.py:588} INFO - Filling up the DagBag from /opt/conda/lib/python3.12/site-packages/airflow/example_dags/example_sensor_decorator.py
[2025-02-06T09:43:19.064+0000] {processor.py:925} INFO - DAG(s) 'example_sensor_decorator' retrieved from /opt/conda/lib/python3.12/site-packages/airflow/example_dags/example_sensor_decorator.py
[2025-02-06T09:43:19.087+0000] {logging_mixin.py:190} INFO - [2025-02-06T09:43:19.086+0000] {dag.py:3239} INFO - Sync 1 DAGs
[2025-02-06T09:43:19.100+0000] {logging_mixin.py:190} INFO - [2025-02-06T09:43:19.099+0000] {dag.py:4180} INFO - Setting next_dagrun for example_sensor_decorator to None, run_after=None
[2025-02-06T09:43:19.156+0000] {processor.py:208} INFO - Processing /opt/conda/lib/python3.12/site-packages/airflow/example_dags/example_sensor_decorator.py took 0.106 seconds
[2025-02-06T09:52:04.819+0000] {processor.py:186} INFO - Started process (PID=599) to work on /opt/conda/lib/python3.12/site-packages/airflow/example_dags/example_sensor_decorator.py
[2025-02-06T09:52:04.820+0000] {processor.py:914} INFO - Processing file /opt/conda/lib/python3.12/site-packages/airflow/example_dags/example_sensor_decorator.py for tasks to queue
[2025-02-06T09:52:04.821+0000] {logging_mixin.py:190} INFO - [2025-02-06T09:52:04.821+0000] {dagbag.py:588} INFO - Filling up the DagBag from /opt/conda/lib/python3.12/site-packages/airflow/example_dags/example_sensor_decorator.py
[2025-02-06T09:52:04.827+0000] {processor.py:925} INFO - DAG(s) 'example_sensor_decorator' retrieved from /opt/conda/lib/python3.12/site-packages/airflow/example_dags/example_sensor_decorator.py
[2025-02-06T09:52:04.849+0000] {logging_mixin.py:190} INFO - [2025-02-06T09:52:04.848+0000] {dag.py:3239} INFO - Sync 1 DAGs
[2025-02-06T09:52:04.861+0000] {logging_mixin.py:190} INFO - [2025-02-06T09:52:04.861+0000] {dag.py:4180} INFO - Setting next_dagrun for example_sensor_decorator to None, run_after=None
[2025-02-06T09:52:04.923+0000] {processor.py:208} INFO - Processing /opt/conda/lib/python3.12/site-packages/airflow/example_dags/example_sensor_decorator.py took 0.109 seconds
[2025-02-06T10:01:07.936+0000] {processor.py:186} INFO - Started process (PID=1599) to work on /opt/conda/lib/python3.12/site-packages/airflow/example_dags/example_sensor_decorator.py
[2025-02-06T10:01:07.937+0000] {processor.py:914} INFO - Processing file /opt/conda/lib/python3.12/site-packages/airflow/example_dags/example_sensor_decorator.py for tasks to queue
[2025-02-06T10:01:07.938+0000] {logging_mixin.py:190} INFO - [2025-02-06T10:01:07.938+0000] {dagbag.py:588} INFO - Filling up the DagBag from /opt/conda/lib/python3.12/site-packages/airflow/example_dags/example_sensor_decorator.py
[2025-02-06T10:01:07.945+0000] {processor.py:925} INFO - DAG(s) 'example_sensor_decorator' retrieved from /opt/conda/lib/python3.12/site-packages/airflow/example_dags/example_sensor_decorator.py
[2025-02-06T10:01:07.969+0000] {logging_mixin.py:190} INFO - [2025-02-06T10:01:07.969+0000] {dag.py:3239} INFO - Sync 1 DAGs
[2025-02-06T10:01:07.982+0000] {logging_mixin.py:190} INFO - [2025-02-06T10:01:07.982+0000] {dag.py:4180} INFO - Setting next_dagrun for example_sensor_decorator to None, run_after=None
[2025-02-06T10:01:08.036+0000] {processor.py:208} INFO - Processing /opt/conda/lib/python3.12/site-packages/airflow/example_dags/example_sensor_decorator.py took 0.105 seconds
[2025-02-06T10:06:27.815+0000] {processor.py:186} INFO - Started process (PID=2085) to work on /opt/conda/lib/python3.12/site-packages/airflow/example_dags/example_sensor_decorator.py
[2025-02-06T10:06:27.816+0000] {processor.py:914} INFO - Processing file /opt/conda/lib/python3.12/site-packages/airflow/example_dags/example_sensor_decorator.py for tasks to queue
[2025-02-06T10:06:27.817+0000] {logging_mixin.py:190} INFO - [2025-02-06T10:06:27.817+0000] {dagbag.py:588} INFO - Filling up the DagBag from /opt/conda/lib/python3.12/site-packages/airflow/example_dags/example_sensor_decorator.py
[2025-02-06T10:06:27.824+0000] {processor.py:925} INFO - DAG(s) 'example_sensor_decorator' retrieved from /opt/conda/lib/python3.12/site-packages/airflow/example_dags/example_sensor_decorator.py
[2025-02-06T10:06:27.845+0000] {logging_mixin.py:190} INFO - [2025-02-06T10:06:27.845+0000] {dag.py:3239} INFO - Sync 1 DAGs
[2025-02-06T10:06:27.857+0000] {logging_mixin.py:190} INFO - [2025-02-06T10:06:27.856+0000] {dag.py:4180} INFO - Setting next_dagrun for example_sensor_decorator to None, run_after=None
[2025-02-06T10:06:27.915+0000] {processor.py:208} INFO - Processing /opt/conda/lib/python3.12/site-packages/airflow/example_dags/example_sensor_decorator.py took 0.105 seconds
[2025-02-06T10:16:37.085+0000] {processor.py:186} INFO - Started process (PID=3132) to work on /opt/conda/lib/python3.12/site-packages/airflow/example_dags/example_sensor_decorator.py
[2025-02-06T10:16:37.086+0000] {processor.py:914} INFO - Processing file /opt/conda/lib/python3.12/site-packages/airflow/example_dags/example_sensor_decorator.py for tasks to queue
[2025-02-06T10:16:37.087+0000] {logging_mixin.py:190} INFO - [2025-02-06T10:16:37.087+0000] {dagbag.py:588} INFO - Filling up the DagBag from /opt/conda/lib/python3.12/site-packages/airflow/example_dags/example_sensor_decorator.py
[2025-02-06T10:16:37.095+0000] {processor.py:925} INFO - DAG(s) 'example_sensor_decorator' retrieved from /opt/conda/lib/python3.12/site-packages/airflow/example_dags/example_sensor_decorator.py
[2025-02-06T10:16:37.114+0000] {logging_mixin.py:190} INFO - [2025-02-06T10:16:37.113+0000] {dag.py:3239} INFO - Sync 1 DAGs
[2025-02-06T10:16:37.127+0000] {logging_mixin.py:190} INFO - [2025-02-06T10:16:37.127+0000] {dag.py:4180} INFO - Setting next_dagrun for example_sensor_decorator to None, run_after=None
[2025-02-06T10:16:37.223+0000] {processor.py:208} INFO - Processing /opt/conda/lib/python3.12/site-packages/airflow/example_dags/example_sensor_decorator.py took 0.142 seconds
[2025-02-06T10:23:18.314+0000] {processor.py:186} INFO - Started process (PID=3820) to work on /opt/conda/lib/python3.12/site-packages/airflow/example_dags/example_sensor_decorator.py
[2025-02-06T10:23:18.316+0000] {processor.py:914} INFO - Processing file /opt/conda/lib/python3.12/site-packages/airflow/example_dags/example_sensor_decorator.py for tasks to queue
[2025-02-06T10:23:18.317+0000] {logging_mixin.py:190} INFO - [2025-02-06T10:23:18.317+0000] {dagbag.py:588} INFO - Filling up the DagBag from /opt/conda/lib/python3.12/site-packages/airflow/example_dags/example_sensor_decorator.py
[2025-02-06T10:23:18.323+0000] {processor.py:925} INFO - DAG(s) 'example_sensor_decorator' retrieved from /opt/conda/lib/python3.12/site-packages/airflow/example_dags/example_sensor_decorator.py
[2025-02-06T10:23:18.349+0000] {logging_mixin.py:190} INFO - [2025-02-06T10:23:18.348+0000] {dag.py:3239} INFO - Sync 1 DAGs
[2025-02-06T10:23:18.365+0000] {logging_mixin.py:190} INFO - [2025-02-06T10:23:18.365+0000] {dag.py:4180} INFO - Setting next_dagrun for example_sensor_decorator to None, run_after=None
[2025-02-06T10:23:18.436+0000] {processor.py:208} INFO - Processing /opt/conda/lib/python3.12/site-packages/airflow/example_dags/example_sensor_decorator.py took 0.128 seconds
[2025-02-06T10:25:59.138+0000] {processor.py:186} INFO - Started process (PID=4057) to work on /opt/conda/lib/python3.12/site-packages/airflow/example_dags/example_sensor_decorator.py
[2025-02-06T10:25:59.139+0000] {processor.py:914} INFO - Processing file /opt/conda/lib/python3.12/site-packages/airflow/example_dags/example_sensor_decorator.py for tasks to queue
[2025-02-06T10:25:59.140+0000] {logging_mixin.py:190} INFO - [2025-02-06T10:25:59.140+0000] {dagbag.py:588} INFO - Filling up the DagBag from /opt/conda/lib/python3.12/site-packages/airflow/example_dags/example_sensor_decorator.py
[2025-02-06T10:25:59.148+0000] {processor.py:925} INFO - DAG(s) 'example_sensor_decorator' retrieved from /opt/conda/lib/python3.12/site-packages/airflow/example_dags/example_sensor_decorator.py
[2025-02-06T10:25:59.178+0000] {logging_mixin.py:190} INFO - [2025-02-06T10:25:59.177+0000] {dag.py:3239} INFO - Sync 1 DAGs
[2025-02-06T10:25:59.193+0000] {logging_mixin.py:190} INFO - [2025-02-06T10:25:59.192+0000] {dag.py:4180} INFO - Setting next_dagrun for example_sensor_decorator to None, run_after=None
[2025-02-06T10:25:59.306+0000] {processor.py:208} INFO - Processing /opt/conda/lib/python3.12/site-packages/airflow/example_dags/example_sensor_decorator.py took 0.172 seconds
[2025-02-06T11:41:13.850+0000] {processor.py:186} INFO - Started process (PID=561) to work on /opt/conda/lib/python3.12/site-packages/airflow/example_dags/example_sensor_decorator.py
[2025-02-06T11:41:13.859+0000] {processor.py:914} INFO - Processing file /opt/conda/lib/python3.12/site-packages/airflow/example_dags/example_sensor_decorator.py for tasks to queue
[2025-02-06T11:41:13.861+0000] {logging_mixin.py:190} INFO - [2025-02-06T11:41:13.861+0000] {dagbag.py:588} INFO - Filling up the DagBag from /opt/conda/lib/python3.12/site-packages/airflow/example_dags/example_sensor_decorator.py
[2025-02-06T11:41:13.869+0000] {processor.py:925} INFO - DAG(s) 'example_sensor_decorator' retrieved from /opt/conda/lib/python3.12/site-packages/airflow/example_dags/example_sensor_decorator.py
[2025-02-06T11:41:13.900+0000] {logging_mixin.py:190} INFO - [2025-02-06T11:41:13.899+0000] {dag.py:3239} INFO - Sync 1 DAGs
[2025-02-06T11:41:13.915+0000] {logging_mixin.py:190} INFO - [2025-02-06T11:41:13.915+0000] {dag.py:4180} INFO - Setting next_dagrun for example_sensor_decorator to None, run_after=None
[2025-02-06T11:41:13.999+0000] {processor.py:208} INFO - Processing /opt/conda/lib/python3.12/site-packages/airflow/example_dags/example_sensor_decorator.py took 0.153 seconds
[2025-02-06T11:45:20.741+0000] {processor.py:186} INFO - Started process (PID=1556) to work on /opt/conda/lib/python3.12/site-packages/airflow/example_dags/example_sensor_decorator.py
[2025-02-06T11:45:20.747+0000] {processor.py:914} INFO - Processing file /opt/conda/lib/python3.12/site-packages/airflow/example_dags/example_sensor_decorator.py for tasks to queue
[2025-02-06T11:45:20.762+0000] {logging_mixin.py:190} INFO - [2025-02-06T11:45:20.760+0000] {dagbag.py:588} INFO - Filling up the DagBag from /opt/conda/lib/python3.12/site-packages/airflow/example_dags/example_sensor_decorator.py
[2025-02-06T11:45:20.828+0000] {processor.py:925} INFO - DAG(s) 'example_sensor_decorator' retrieved from /opt/conda/lib/python3.12/site-packages/airflow/example_dags/example_sensor_decorator.py
[2025-02-06T11:45:20.974+0000] {logging_mixin.py:190} INFO - [2025-02-06T11:45:20.973+0000] {dag.py:3239} INFO - Sync 1 DAGs
[2025-02-06T11:45:21.047+0000] {logging_mixin.py:190} INFO - [2025-02-06T11:45:21.045+0000] {dag.py:4180} INFO - Setting next_dagrun for example_sensor_decorator to None, run_after=None
[2025-02-06T11:45:21.307+0000] {processor.py:208} INFO - Processing /opt/conda/lib/python3.12/site-packages/airflow/example_dags/example_sensor_decorator.py took 0.606 seconds
[2025-02-06T11:49:31.495+0000] {processor.py:186} INFO - Started process (PID=2469) to work on /opt/conda/lib/python3.12/site-packages/airflow/example_dags/example_sensor_decorator.py
[2025-02-06T11:49:31.496+0000] {processor.py:914} INFO - Processing file /opt/conda/lib/python3.12/site-packages/airflow/example_dags/example_sensor_decorator.py for tasks to queue
[2025-02-06T11:49:31.498+0000] {logging_mixin.py:190} INFO - [2025-02-06T11:49:31.497+0000] {dagbag.py:588} INFO - Filling up the DagBag from /opt/conda/lib/python3.12/site-packages/airflow/example_dags/example_sensor_decorator.py
[2025-02-06T11:49:31.507+0000] {processor.py:925} INFO - DAG(s) 'example_sensor_decorator' retrieved from /opt/conda/lib/python3.12/site-packages/airflow/example_dags/example_sensor_decorator.py
[2025-02-06T11:49:31.539+0000] {logging_mixin.py:190} INFO - [2025-02-06T11:49:31.539+0000] {dag.py:3239} INFO - Sync 1 DAGs
[2025-02-06T11:49:31.559+0000] {logging_mixin.py:190} INFO - [2025-02-06T11:49:31.558+0000] {dag.py:4180} INFO - Setting next_dagrun for example_sensor_decorator to None, run_after=None
[2025-02-06T11:49:31.624+0000] {processor.py:208} INFO - Processing /opt/conda/lib/python3.12/site-packages/airflow/example_dags/example_sensor_decorator.py took 0.136 seconds
[2025-02-06T11:53:00.497+0000] {processor.py:186} INFO - Started process (PID=3423) to work on /opt/conda/lib/python3.12/site-packages/airflow/example_dags/example_sensor_decorator.py
[2025-02-06T11:53:00.498+0000] {processor.py:914} INFO - Processing file /opt/conda/lib/python3.12/site-packages/airflow/example_dags/example_sensor_decorator.py for tasks to queue
[2025-02-06T11:53:00.499+0000] {logging_mixin.py:190} INFO - [2025-02-06T11:53:00.499+0000] {dagbag.py:588} INFO - Filling up the DagBag from /opt/conda/lib/python3.12/site-packages/airflow/example_dags/example_sensor_decorator.py
[2025-02-06T11:53:00.506+0000] {processor.py:925} INFO - DAG(s) 'example_sensor_decorator' retrieved from /opt/conda/lib/python3.12/site-packages/airflow/example_dags/example_sensor_decorator.py
[2025-02-06T11:53:00.529+0000] {logging_mixin.py:190} INFO - [2025-02-06T11:53:00.529+0000] {dag.py:3239} INFO - Sync 1 DAGs
[2025-02-06T11:53:00.548+0000] {logging_mixin.py:190} INFO - [2025-02-06T11:53:00.548+0000] {dag.py:4180} INFO - Setting next_dagrun for example_sensor_decorator to None, run_after=None
[2025-02-06T11:53:00.618+0000] {processor.py:208} INFO - Processing /opt/conda/lib/python3.12/site-packages/airflow/example_dags/example_sensor_decorator.py took 0.126 seconds
[2025-02-06T12:04:59.009+0000] {processor.py:186} INFO - Started process (PID=579) to work on /opt/conda/lib/python3.12/site-packages/airflow/example_dags/example_sensor_decorator.py
[2025-02-06T12:04:59.011+0000] {processor.py:914} INFO - Processing file /opt/conda/lib/python3.12/site-packages/airflow/example_dags/example_sensor_decorator.py for tasks to queue
[2025-02-06T12:04:59.012+0000] {logging_mixin.py:190} INFO - [2025-02-06T12:04:59.012+0000] {dagbag.py:588} INFO - Filling up the DagBag from /opt/conda/lib/python3.12/site-packages/airflow/example_dags/example_sensor_decorator.py
[2025-02-06T12:04:59.021+0000] {processor.py:925} INFO - DAG(s) 'example_sensor_decorator' retrieved from /opt/conda/lib/python3.12/site-packages/airflow/example_dags/example_sensor_decorator.py
[2025-02-06T12:04:59.042+0000] {logging_mixin.py:190} INFO - [2025-02-06T12:04:59.042+0000] {dag.py:3239} INFO - Sync 1 DAGs
[2025-02-06T12:04:59.055+0000] {logging_mixin.py:190} INFO - [2025-02-06T12:04:59.054+0000] {dag.py:4180} INFO - Setting next_dagrun for example_sensor_decorator to None, run_after=None
[2025-02-06T12:04:59.106+0000] {processor.py:208} INFO - Processing /opt/conda/lib/python3.12/site-packages/airflow/example_dags/example_sensor_decorator.py took 0.101 seconds
[2025-02-06T12:07:49.696+0000] {processor.py:186} INFO - Started process (PID=1594) to work on /opt/conda/lib/python3.12/site-packages/airflow/example_dags/example_sensor_decorator.py
[2025-02-06T12:07:49.697+0000] {processor.py:914} INFO - Processing file /opt/conda/lib/python3.12/site-packages/airflow/example_dags/example_sensor_decorator.py for tasks to queue
[2025-02-06T12:07:49.699+0000] {logging_mixin.py:190} INFO - [2025-02-06T12:07:49.698+0000] {dagbag.py:588} INFO - Filling up the DagBag from /opt/conda/lib/python3.12/site-packages/airflow/example_dags/example_sensor_decorator.py
[2025-02-06T12:07:49.706+0000] {processor.py:925} INFO - DAG(s) 'example_sensor_decorator' retrieved from /opt/conda/lib/python3.12/site-packages/airflow/example_dags/example_sensor_decorator.py
[2025-02-06T12:07:49.729+0000] {logging_mixin.py:190} INFO - [2025-02-06T12:07:49.728+0000] {dag.py:3239} INFO - Sync 1 DAGs
[2025-02-06T12:07:49.741+0000] {logging_mixin.py:190} INFO - [2025-02-06T12:07:49.741+0000] {dag.py:4180} INFO - Setting next_dagrun for example_sensor_decorator to None, run_after=None
[2025-02-06T12:07:49.804+0000] {processor.py:208} INFO - Processing /opt/conda/lib/python3.12/site-packages/airflow/example_dags/example_sensor_decorator.py took 0.112 seconds
[2025-02-06T12:25:40.065+0000] {processor.py:186} INFO - Started process (PID=1667) to work on /opt/conda/lib/python3.12/site-packages/airflow/example_dags/example_sensor_decorator.py
[2025-02-06T12:25:40.066+0000] {processor.py:914} INFO - Processing file /opt/conda/lib/python3.12/site-packages/airflow/example_dags/example_sensor_decorator.py for tasks to queue
[2025-02-06T12:25:40.068+0000] {logging_mixin.py:190} INFO - [2025-02-06T12:25:40.067+0000] {dagbag.py:588} INFO - Filling up the DagBag from /opt/conda/lib/python3.12/site-packages/airflow/example_dags/example_sensor_decorator.py
[2025-02-06T12:25:40.074+0000] {processor.py:925} INFO - DAG(s) 'example_sensor_decorator' retrieved from /opt/conda/lib/python3.12/site-packages/airflow/example_dags/example_sensor_decorator.py
[2025-02-06T12:25:40.096+0000] {logging_mixin.py:190} INFO - [2025-02-06T12:25:40.096+0000] {dag.py:3239} INFO - Sync 1 DAGs
[2025-02-06T12:25:40.107+0000] {logging_mixin.py:190} INFO - [2025-02-06T12:25:40.107+0000] {dag.py:4180} INFO - Setting next_dagrun for example_sensor_decorator to None, run_after=None
[2025-02-06T12:25:40.161+0000] {processor.py:208} INFO - Processing /opt/conda/lib/python3.12/site-packages/airflow/example_dags/example_sensor_decorator.py took 0.100 seconds
[2025-02-06T12:29:47.070+0000] {processor.py:186} INFO - Started process (PID=3770) to work on /opt/conda/lib/python3.12/site-packages/airflow/example_dags/example_sensor_decorator.py
[2025-02-06T12:29:47.071+0000] {processor.py:914} INFO - Processing file /opt/conda/lib/python3.12/site-packages/airflow/example_dags/example_sensor_decorator.py for tasks to queue
[2025-02-06T12:29:47.073+0000] {logging_mixin.py:190} INFO - [2025-02-06T12:29:47.072+0000] {dagbag.py:588} INFO - Filling up the DagBag from /opt/conda/lib/python3.12/site-packages/airflow/example_dags/example_sensor_decorator.py
[2025-02-06T12:29:47.080+0000] {processor.py:925} INFO - DAG(s) 'example_sensor_decorator' retrieved from /opt/conda/lib/python3.12/site-packages/airflow/example_dags/example_sensor_decorator.py
[2025-02-06T12:29:47.102+0000] {logging_mixin.py:190} INFO - [2025-02-06T12:29:47.102+0000] {dag.py:3239} INFO - Sync 1 DAGs
[2025-02-06T12:29:47.115+0000] {logging_mixin.py:190} INFO - [2025-02-06T12:29:47.115+0000] {dag.py:4180} INFO - Setting next_dagrun for example_sensor_decorator to None, run_after=None
[2025-02-06T12:29:47.184+0000] {processor.py:208} INFO - Processing /opt/conda/lib/python3.12/site-packages/airflow/example_dags/example_sensor_decorator.py took 0.118 seconds
[2025-02-06T12:37:52.423+0000] {processor.py:186} INFO - Started process (PID=7939) to work on /opt/conda/lib/python3.12/site-packages/airflow/example_dags/example_sensor_decorator.py
[2025-02-06T12:37:52.424+0000] {processor.py:914} INFO - Processing file /opt/conda/lib/python3.12/site-packages/airflow/example_dags/example_sensor_decorator.py for tasks to queue
[2025-02-06T12:37:52.426+0000] {logging_mixin.py:190} INFO - [2025-02-06T12:37:52.425+0000] {dagbag.py:588} INFO - Filling up the DagBag from /opt/conda/lib/python3.12/site-packages/airflow/example_dags/example_sensor_decorator.py
[2025-02-06T12:37:52.431+0000] {processor.py:925} INFO - DAG(s) 'example_sensor_decorator' retrieved from /opt/conda/lib/python3.12/site-packages/airflow/example_dags/example_sensor_decorator.py
[2025-02-06T12:37:52.451+0000] {logging_mixin.py:190} INFO - [2025-02-06T12:37:52.451+0000] {dag.py:3239} INFO - Sync 1 DAGs
[2025-02-06T12:37:52.463+0000] {logging_mixin.py:190} INFO - [2025-02-06T12:37:52.463+0000] {dag.py:4180} INFO - Setting next_dagrun for example_sensor_decorator to None, run_after=None
[2025-02-06T12:37:52.503+0000] {processor.py:208} INFO - Processing /opt/conda/lib/python3.12/site-packages/airflow/example_dags/example_sensor_decorator.py took 0.084 seconds
[2025-02-06T12:41:59.682+0000] {processor.py:186} INFO - Started process (PID=10059) to work on /opt/conda/lib/python3.12/site-packages/airflow/example_dags/example_sensor_decorator.py
[2025-02-06T12:41:59.683+0000] {processor.py:914} INFO - Processing file /opt/conda/lib/python3.12/site-packages/airflow/example_dags/example_sensor_decorator.py for tasks to queue
[2025-02-06T12:41:59.685+0000] {logging_mixin.py:190} INFO - [2025-02-06T12:41:59.685+0000] {dagbag.py:588} INFO - Filling up the DagBag from /opt/conda/lib/python3.12/site-packages/airflow/example_dags/example_sensor_decorator.py
[2025-02-06T12:41:59.695+0000] {processor.py:925} INFO - DAG(s) 'example_sensor_decorator' retrieved from /opt/conda/lib/python3.12/site-packages/airflow/example_dags/example_sensor_decorator.py
[2025-02-06T12:41:59.716+0000] {logging_mixin.py:190} INFO - [2025-02-06T12:41:59.716+0000] {dag.py:3239} INFO - Sync 1 DAGs
[2025-02-06T12:41:59.729+0000] {logging_mixin.py:190} INFO - [2025-02-06T12:41:59.728+0000] {dag.py:4180} INFO - Setting next_dagrun for example_sensor_decorator to None, run_after=None
[2025-02-06T12:41:59.778+0000] {processor.py:208} INFO - Processing /opt/conda/lib/python3.12/site-packages/airflow/example_dags/example_sensor_decorator.py took 0.100 seconds
[2025-02-06T12:46:04.014+0000] {processor.py:186} INFO - Started process (PID=12141) to work on /opt/conda/lib/python3.12/site-packages/airflow/example_dags/example_sensor_decorator.py
[2025-02-06T12:46:04.015+0000] {processor.py:914} INFO - Processing file /opt/conda/lib/python3.12/site-packages/airflow/example_dags/example_sensor_decorator.py for tasks to queue
[2025-02-06T12:46:04.017+0000] {logging_mixin.py:190} INFO - [2025-02-06T12:46:04.017+0000] {dagbag.py:588} INFO - Filling up the DagBag from /opt/conda/lib/python3.12/site-packages/airflow/example_dags/example_sensor_decorator.py
[2025-02-06T12:46:04.024+0000] {processor.py:925} INFO - DAG(s) 'example_sensor_decorator' retrieved from /opt/conda/lib/python3.12/site-packages/airflow/example_dags/example_sensor_decorator.py
[2025-02-06T12:46:04.047+0000] {logging_mixin.py:190} INFO - [2025-02-06T12:46:04.047+0000] {dag.py:3239} INFO - Sync 1 DAGs
[2025-02-06T12:46:04.058+0000] {logging_mixin.py:190} INFO - [2025-02-06T12:46:04.058+0000] {dag.py:4180} INFO - Setting next_dagrun for example_sensor_decorator to None, run_after=None
[2025-02-06T12:46:04.118+0000] {processor.py:208} INFO - Processing /opt/conda/lib/python3.12/site-packages/airflow/example_dags/example_sensor_decorator.py took 0.108 seconds
[2025-02-06T12:51:56.802+0000] {processor.py:186} INFO - Started process (PID=14785) to work on /opt/conda/lib/python3.12/site-packages/airflow/example_dags/example_sensor_decorator.py
[2025-02-06T12:51:56.804+0000] {processor.py:914} INFO - Processing file /opt/conda/lib/python3.12/site-packages/airflow/example_dags/example_sensor_decorator.py for tasks to queue
[2025-02-06T12:51:56.808+0000] {logging_mixin.py:190} INFO - [2025-02-06T12:51:56.807+0000] {dagbag.py:588} INFO - Filling up the DagBag from /opt/conda/lib/python3.12/site-packages/airflow/example_dags/example_sensor_decorator.py
[2025-02-06T12:51:56.819+0000] {processor.py:925} INFO - DAG(s) 'example_sensor_decorator' retrieved from /opt/conda/lib/python3.12/site-packages/airflow/example_dags/example_sensor_decorator.py
[2025-02-06T12:51:56.855+0000] {logging_mixin.py:190} INFO - [2025-02-06T12:51:56.854+0000] {dag.py:3239} INFO - Sync 1 DAGs
[2025-02-06T12:51:56.874+0000] {logging_mixin.py:190} INFO - [2025-02-06T12:51:56.874+0000] {dag.py:4180} INFO - Setting next_dagrun for example_sensor_decorator to None, run_after=None
[2025-02-06T12:51:56.971+0000] {processor.py:208} INFO - Processing /opt/conda/lib/python3.12/site-packages/airflow/example_dags/example_sensor_decorator.py took 0.175 seconds
[2025-02-06T13:00:50.929+0000] {processor.py:186} INFO - Started process (PID=888) to work on /opt/conda/lib/python3.12/site-packages/airflow/example_dags/example_sensor_decorator.py
[2025-02-06T13:00:50.930+0000] {processor.py:914} INFO - Processing file /opt/conda/lib/python3.12/site-packages/airflow/example_dags/example_sensor_decorator.py for tasks to queue
[2025-02-06T13:00:50.932+0000] {logging_mixin.py:190} INFO - [2025-02-06T13:00:50.932+0000] {dagbag.py:588} INFO - Filling up the DagBag from /opt/conda/lib/python3.12/site-packages/airflow/example_dags/example_sensor_decorator.py
[2025-02-06T13:00:50.939+0000] {processor.py:925} INFO - DAG(s) 'example_sensor_decorator' retrieved from /opt/conda/lib/python3.12/site-packages/airflow/example_dags/example_sensor_decorator.py
[2025-02-06T13:00:50.961+0000] {logging_mixin.py:190} INFO - [2025-02-06T13:00:50.961+0000] {dag.py:3239} INFO - Sync 1 DAGs
[2025-02-06T13:00:50.974+0000] {logging_mixin.py:190} INFO - [2025-02-06T13:00:50.974+0000] {dag.py:4180} INFO - Setting next_dagrun for example_sensor_decorator to None, run_after=None
[2025-02-06T13:00:51.161+0000] {processor.py:208} INFO - Processing /opt/conda/lib/python3.12/site-packages/airflow/example_dags/example_sensor_decorator.py took 0.237 seconds
[2025-02-06T13:05:40.887+0000] {processor.py:186} INFO - Started process (PID=2457) to work on /opt/conda/lib/python3.12/site-packages/airflow/example_dags/example_sensor_decorator.py
[2025-02-06T13:05:40.888+0000] {processor.py:914} INFO - Processing file /opt/conda/lib/python3.12/site-packages/airflow/example_dags/example_sensor_decorator.py for tasks to queue
[2025-02-06T13:05:40.890+0000] {logging_mixin.py:190} INFO - [2025-02-06T13:05:40.890+0000] {dagbag.py:588} INFO - Filling up the DagBag from /opt/conda/lib/python3.12/site-packages/airflow/example_dags/example_sensor_decorator.py
[2025-02-06T13:05:40.900+0000] {processor.py:925} INFO - DAG(s) 'example_sensor_decorator' retrieved from /opt/conda/lib/python3.12/site-packages/airflow/example_dags/example_sensor_decorator.py
[2025-02-06T13:05:40.930+0000] {logging_mixin.py:190} INFO - [2025-02-06T13:05:40.929+0000] {dag.py:3239} INFO - Sync 1 DAGs
[2025-02-06T13:05:40.947+0000] {logging_mixin.py:190} INFO - [2025-02-06T13:05:40.947+0000] {dag.py:4180} INFO - Setting next_dagrun for example_sensor_decorator to None, run_after=None
[2025-02-06T13:05:41.009+0000] {processor.py:208} INFO - Processing /opt/conda/lib/python3.12/site-packages/airflow/example_dags/example_sensor_decorator.py took 0.129 seconds
[2025-02-06T13:21:20.848+0000] {processor.py:186} INFO - Started process (PID=1027) to work on /opt/conda/lib/python3.12/site-packages/airflow/example_dags/example_sensor_decorator.py
[2025-02-06T13:21:20.849+0000] {processor.py:914} INFO - Processing file /opt/conda/lib/python3.12/site-packages/airflow/example_dags/example_sensor_decorator.py for tasks to queue
[2025-02-06T13:21:20.851+0000] {logging_mixin.py:190} INFO - [2025-02-06T13:21:20.850+0000] {dagbag.py:588} INFO - Filling up the DagBag from /opt/conda/lib/python3.12/site-packages/airflow/example_dags/example_sensor_decorator.py
[2025-02-06T13:21:20.858+0000] {processor.py:925} INFO - DAG(s) 'example_sensor_decorator' retrieved from /opt/conda/lib/python3.12/site-packages/airflow/example_dags/example_sensor_decorator.py
[2025-02-06T13:21:20.880+0000] {logging_mixin.py:190} INFO - [2025-02-06T13:21:20.879+0000] {dag.py:3239} INFO - Sync 1 DAGs
[2025-02-06T13:21:20.897+0000] {logging_mixin.py:190} INFO - [2025-02-06T13:21:20.896+0000] {dag.py:4180} INFO - Setting next_dagrun for example_sensor_decorator to None, run_after=None
[2025-02-06T13:21:20.955+0000] {processor.py:208} INFO - Processing /opt/conda/lib/python3.12/site-packages/airflow/example_dags/example_sensor_decorator.py took 0.114 seconds
[2025-02-06T13:26:13.346+0000] {processor.py:186} INFO - Started process (PID=3091) to work on /opt/conda/lib/python3.12/site-packages/airflow/example_dags/example_sensor_decorator.py
[2025-02-06T13:26:13.347+0000] {processor.py:914} INFO - Processing file /opt/conda/lib/python3.12/site-packages/airflow/example_dags/example_sensor_decorator.py for tasks to queue
[2025-02-06T13:26:13.349+0000] {logging_mixin.py:190} INFO - [2025-02-06T13:26:13.349+0000] {dagbag.py:588} INFO - Filling up the DagBag from /opt/conda/lib/python3.12/site-packages/airflow/example_dags/example_sensor_decorator.py
[2025-02-06T13:26:13.357+0000] {processor.py:925} INFO - DAG(s) 'example_sensor_decorator' retrieved from /opt/conda/lib/python3.12/site-packages/airflow/example_dags/example_sensor_decorator.py
[2025-02-06T13:26:13.378+0000] {logging_mixin.py:190} INFO - [2025-02-06T13:26:13.378+0000] {dag.py:3239} INFO - Sync 1 DAGs
[2025-02-06T13:26:13.391+0000] {logging_mixin.py:190} INFO - [2025-02-06T13:26:13.391+0000] {dag.py:4180} INFO - Setting next_dagrun for example_sensor_decorator to None, run_after=None
[2025-02-06T13:26:13.449+0000] {processor.py:208} INFO - Processing /opt/conda/lib/python3.12/site-packages/airflow/example_dags/example_sensor_decorator.py took 0.107 seconds
[2025-02-06T13:33:45.700+0000] {processor.py:186} INFO - Started process (PID=6022) to work on /opt/conda/lib/python3.12/site-packages/airflow/example_dags/example_sensor_decorator.py
[2025-02-06T13:33:45.701+0000] {processor.py:914} INFO - Processing file /opt/conda/lib/python3.12/site-packages/airflow/example_dags/example_sensor_decorator.py for tasks to queue
[2025-02-06T13:33:45.702+0000] {logging_mixin.py:190} INFO - [2025-02-06T13:33:45.702+0000] {dagbag.py:588} INFO - Filling up the DagBag from /opt/conda/lib/python3.12/site-packages/airflow/example_dags/example_sensor_decorator.py
[2025-02-06T13:33:45.710+0000] {processor.py:925} INFO - DAG(s) 'example_sensor_decorator' retrieved from /opt/conda/lib/python3.12/site-packages/airflow/example_dags/example_sensor_decorator.py
[2025-02-06T13:33:45.734+0000] {logging_mixin.py:190} INFO - [2025-02-06T13:33:45.734+0000] {dag.py:3239} INFO - Sync 1 DAGs
[2025-02-06T13:33:45.748+0000] {logging_mixin.py:190} INFO - [2025-02-06T13:33:45.747+0000] {dag.py:4180} INFO - Setting next_dagrun for example_sensor_decorator to None, run_after=None
[2025-02-06T13:33:45.799+0000] {processor.py:208} INFO - Processing /opt/conda/lib/python3.12/site-packages/airflow/example_dags/example_sensor_decorator.py took 0.105 seconds
