[2025-02-06T08:27:18.849+0000] {processor.py:186} INFO - Started process (PID=71) to work on /opt/conda/lib/python3.12/site-packages/airflow/example_dags/example_params_trigger_ui.py
[2025-02-06T08:27:18.850+0000] {processor.py:914} INFO - Processing file /opt/conda/lib/python3.12/site-packages/airflow/example_dags/example_params_trigger_ui.py for tasks to queue
[2025-02-06T08:27:18.853+0000] {logging_mixin.py:190} INFO - [2025-02-06T08:27:18.852+0000] {dagbag.py:588} INFO - Filling up the DagBag from /opt/conda/lib/python3.12/site-packages/airflow/example_dags/example_params_trigger_ui.py
[2025-02-06T08:27:18.864+0000] {processor.py:925} INFO - DAG(s) 'example_params_trigger_ui' retrieved from /opt/conda/lib/python3.12/site-packages/airflow/example_dags/example_params_trigger_ui.py
[2025-02-06T08:27:19.017+0000] {logging_mixin.py:190} INFO - [2025-02-06T08:27:19.016+0000] {override.py:1912} INFO - Created Permission View: can delete on DAG:example_params_trigger_ui
[2025-02-06T08:27:19.057+0000] {logging_mixin.py:190} INFO - [2025-02-06T08:27:19.057+0000] {override.py:1912} INFO - Created Permission View: can read on DAG:example_params_trigger_ui
[2025-02-06T08:27:19.094+0000] {logging_mixin.py:190} INFO - [2025-02-06T08:27:19.094+0000] {override.py:1912} INFO - Created Permission View: can edit on DAG:example_params_trigger_ui
[2025-02-06T08:27:19.163+0000] {logging_mixin.py:190} INFO - [2025-02-06T08:27:19.162+0000] {override.py:1912} INFO - Created Permission View: menu access on DAG Run:example_params_trigger_ui
[2025-02-06T08:27:19.195+0000] {logging_mixin.py:190} INFO - [2025-02-06T08:27:19.195+0000] {override.py:1912} INFO - Created Permission View: can create on DAG Run:example_params_trigger_ui
[2025-02-06T08:27:19.232+0000] {logging_mixin.py:190} INFO - [2025-02-06T08:27:19.231+0000] {override.py:1912} INFO - Created Permission View: can read on DAG Run:example_params_trigger_ui
[2025-02-06T08:27:19.268+0000] {logging_mixin.py:190} INFO - [2025-02-06T08:27:19.267+0000] {override.py:1912} INFO - Created Permission View: can delete on DAG Run:example_params_trigger_ui
[2025-02-06T08:27:19.269+0000] {logging_mixin.py:190} INFO - [2025-02-06T08:27:19.268+0000] {dag.py:3239} INFO - Sync 1 DAGs
[2025-02-06T08:27:19.284+0000] {logging_mixin.py:190} INFO - [2025-02-06T08:27:19.284+0000] {dag.py:3262} INFO - Creating ORM DAG for example_params_trigger_ui
[2025-02-06T08:27:19.285+0000] {logging_mixin.py:190} INFO - [2025-02-06T08:27:19.285+0000] {dag.py:4180} INFO - Setting next_dagrun for example_params_trigger_ui to None, run_after=None
[2025-02-06T08:27:19.345+0000] {processor.py:208} INFO - Processing /opt/conda/lib/python3.12/site-packages/airflow/example_dags/example_params_trigger_ui.py took 0.501 seconds
[2025-02-06T08:30:56.213+0000] {processor.py:186} INFO - Started process (PID=71) to work on /opt/conda/lib/python3.12/site-packages/airflow/example_dags/example_params_trigger_ui.py
[2025-02-06T08:30:56.214+0000] {processor.py:914} INFO - Processing file /opt/conda/lib/python3.12/site-packages/airflow/example_dags/example_params_trigger_ui.py for tasks to queue
[2025-02-06T08:30:56.215+0000] {logging_mixin.py:190} INFO - [2025-02-06T08:30:56.215+0000] {dagbag.py:588} INFO - Filling up the DagBag from /opt/conda/lib/python3.12/site-packages/airflow/example_dags/example_params_trigger_ui.py
[2025-02-06T08:30:56.225+0000] {processor.py:925} INFO - DAG(s) 'example_params_trigger_ui' retrieved from /opt/conda/lib/python3.12/site-packages/airflow/example_dags/example_params_trigger_ui.py
[2025-02-06T08:30:56.266+0000] {logging_mixin.py:190} INFO - [2025-02-06T08:30:56.266+0000] {dag.py:3239} INFO - Sync 1 DAGs
[2025-02-06T08:30:56.284+0000] {logging_mixin.py:190} INFO - [2025-02-06T08:30:56.283+0000] {dag.py:4180} INFO - Setting next_dagrun for example_params_trigger_ui to None, run_after=None
[2025-02-06T08:30:56.310+0000] {processor.py:211} ERROR - Got an exception! Propagating...
Traceback (most recent call last):
  File "/opt/conda/lib/python3.12/site-packages/sqlalchemy/engine/base.py", line 1094, in _commit_impl
    self.engine.dialect.do_commit(self.connection)
  File "/opt/conda/lib/python3.12/site-packages/sqlalchemy/engine/default.py", line 686, in do_commit
    dbapi_connection.commit()
sqlite3.OperationalError: disk I/O error

The above exception was the direct cause of the following exception:

Traceback (most recent call last):
  File "/opt/conda/lib/python3.12/site-packages/airflow/dag_processing/processor.py", line 207, in _run_file_processor
    _handle_dag_file_processing()
  File "/opt/conda/lib/python3.12/site-packages/airflow/dag_processing/processor.py", line 188, in _handle_dag_file_processing
    result: tuple[int, int, int] = dag_file_processor.process_file(
                                   ^^^^^^^^^^^^^^^^^^^^^^^^^^^^^^^^
  File "/opt/conda/lib/python3.12/site-packages/airflow/utils/session.py", line 97, in wrapper
    return func(*args, session=session, **kwargs)
           ^^^^^^^^^^^^^^^^^^^^^^^^^^^^^^^^^^^^^^
  File "/opt/conda/lib/python3.12/site-packages/airflow/dag_processing/processor.py", line 942, in process_file
    serialize_errors = DagFileProcessor.save_dag_to_db(
                       ^^^^^^^^^^^^^^^^^^^^^^^^^^^^^^^^
  File "/opt/conda/lib/python3.12/site-packages/airflow/api_internal/internal_api_call.py", line 166, in wrapper
    return func(*args, **kwargs)
           ^^^^^^^^^^^^^^^^^^^^^
  File "/opt/conda/lib/python3.12/site-packages/airflow/utils/session.py", line 97, in wrapper
    return func(*args, session=session, **kwargs)
           ^^^^^^^^^^^^^^^^^^^^^^^^^^^^^^^^^^^^^^
  File "/opt/conda/lib/python3.12/site-packages/airflow/dag_processing/processor.py", line 983, in save_dag_to_db
    session.commit()
  File "/opt/conda/lib/python3.12/site-packages/sqlalchemy/orm/session.py", line 1454, in commit
    self._transaction.commit(_to_root=self.future)
  File "/opt/conda/lib/python3.12/site-packages/sqlalchemy/orm/session.py", line 839, in commit
    trans.commit()
  File "/opt/conda/lib/python3.12/site-packages/sqlalchemy/engine/base.py", line 2469, in commit
    self._do_commit()
  File "/opt/conda/lib/python3.12/site-packages/sqlalchemy/engine/base.py", line 2659, in _do_commit
    self._connection_commit_impl()
  File "/opt/conda/lib/python3.12/site-packages/sqlalchemy/engine/base.py", line 2630, in _connection_commit_impl
    self.connection._commit_impl()
  File "/opt/conda/lib/python3.12/site-packages/sqlalchemy/engine/base.py", line 1096, in _commit_impl
    self._handle_dbapi_exception(e, None, None, None, None)
  File "/opt/conda/lib/python3.12/site-packages/sqlalchemy/engine/base.py", line 2134, in _handle_dbapi_exception
    util.raise_(
  File "/opt/conda/lib/python3.12/site-packages/sqlalchemy/util/compat.py", line 211, in raise_
    raise exception
  File "/opt/conda/lib/python3.12/site-packages/sqlalchemy/engine/base.py", line 1094, in _commit_impl
    self.engine.dialect.do_commit(self.connection)
  File "/opt/conda/lib/python3.12/site-packages/sqlalchemy/engine/default.py", line 686, in do_commit
    dbapi_connection.commit()
sqlalchemy.exc.OperationalError: (sqlite3.OperationalError) disk I/O error
(Background on this error at: https://sqlalche.me/e/14/e3q8)
[2025-02-06T08:32:09.804+0000] {processor.py:186} INFO - Started process (PID=135) to work on /opt/conda/lib/python3.12/site-packages/airflow/example_dags/example_params_trigger_ui.py
[2025-02-06T08:32:09.805+0000] {processor.py:914} INFO - Processing file /opt/conda/lib/python3.12/site-packages/airflow/example_dags/example_params_trigger_ui.py for tasks to queue
[2025-02-06T08:32:09.806+0000] {logging_mixin.py:190} INFO - [2025-02-06T08:32:09.805+0000] {dagbag.py:588} INFO - Filling up the DagBag from /opt/conda/lib/python3.12/site-packages/airflow/example_dags/example_params_trigger_ui.py
[2025-02-06T08:32:09.814+0000] {processor.py:925} INFO - DAG(s) 'example_params_trigger_ui' retrieved from /opt/conda/lib/python3.12/site-packages/airflow/example_dags/example_params_trigger_ui.py
[2025-02-06T08:32:09.928+0000] {logging_mixin.py:190} INFO - [2025-02-06T08:32:09.927+0000] {dag.py:3239} INFO - Sync 1 DAGs
[2025-02-06T08:32:09.938+0000] {logging_mixin.py:190} INFO - [2025-02-06T08:32:09.938+0000] {dag.py:4180} INFO - Setting next_dagrun for example_params_trigger_ui to None, run_after=None
[2025-02-06T08:32:10.003+0000] {processor.py:208} INFO - Processing /opt/conda/lib/python3.12/site-packages/airflow/example_dags/example_params_trigger_ui.py took 0.204 seconds
[2025-02-06T08:33:18.402+0000] {processor.py:186} INFO - Started process (PID=196) to work on /opt/conda/lib/python3.12/site-packages/airflow/example_dags/example_params_trigger_ui.py
[2025-02-06T08:33:18.403+0000] {processor.py:914} INFO - Processing file /opt/conda/lib/python3.12/site-packages/airflow/example_dags/example_params_trigger_ui.py for tasks to queue
[2025-02-06T08:33:18.404+0000] {logging_mixin.py:190} INFO - [2025-02-06T08:33:18.404+0000] {dagbag.py:588} INFO - Filling up the DagBag from /opt/conda/lib/python3.12/site-packages/airflow/example_dags/example_params_trigger_ui.py
[2025-02-06T08:33:18.411+0000] {processor.py:925} INFO - DAG(s) 'example_params_trigger_ui' retrieved from /opt/conda/lib/python3.12/site-packages/airflow/example_dags/example_params_trigger_ui.py
[2025-02-06T08:33:18.442+0000] {logging_mixin.py:190} INFO - [2025-02-06T08:33:18.442+0000] {dag.py:3239} INFO - Sync 1 DAGs
[2025-02-06T08:33:18.457+0000] {logging_mixin.py:190} INFO - [2025-02-06T08:33:18.457+0000] {dag.py:4180} INFO - Setting next_dagrun for example_params_trigger_ui to None, run_after=None
[2025-02-06T08:33:18.510+0000] {processor.py:208} INFO - Processing /opt/conda/lib/python3.12/site-packages/airflow/example_dags/example_params_trigger_ui.py took 0.112 seconds
[2025-02-06T08:34:33.485+0000] {processor.py:186} INFO - Started process (PID=259) to work on /opt/conda/lib/python3.12/site-packages/airflow/example_dags/example_params_trigger_ui.py
[2025-02-06T08:34:33.487+0000] {processor.py:914} INFO - Processing file /opt/conda/lib/python3.12/site-packages/airflow/example_dags/example_params_trigger_ui.py for tasks to queue
[2025-02-06T08:34:33.489+0000] {logging_mixin.py:190} INFO - [2025-02-06T08:34:33.488+0000] {dagbag.py:588} INFO - Filling up the DagBag from /opt/conda/lib/python3.12/site-packages/airflow/example_dags/example_params_trigger_ui.py
[2025-02-06T08:34:33.497+0000] {processor.py:925} INFO - DAG(s) 'example_params_trigger_ui' retrieved from /opt/conda/lib/python3.12/site-packages/airflow/example_dags/example_params_trigger_ui.py
[2025-02-06T08:34:33.544+0000] {logging_mixin.py:190} INFO - [2025-02-06T08:34:33.544+0000] {dag.py:3239} INFO - Sync 1 DAGs
[2025-02-06T08:34:33.561+0000] {logging_mixin.py:190} INFO - [2025-02-06T08:34:33.561+0000] {dag.py:4180} INFO - Setting next_dagrun for example_params_trigger_ui to None, run_after=None
[2025-02-06T08:34:33.627+0000] {processor.py:208} INFO - Processing /opt/conda/lib/python3.12/site-packages/airflow/example_dags/example_params_trigger_ui.py took 0.146 seconds
[2025-02-06T08:35:50.585+0000] {processor.py:186} INFO - Started process (PID=325) to work on /opt/conda/lib/python3.12/site-packages/airflow/example_dags/example_params_trigger_ui.py
[2025-02-06T08:35:50.588+0000] {processor.py:914} INFO - Processing file /opt/conda/lib/python3.12/site-packages/airflow/example_dags/example_params_trigger_ui.py for tasks to queue
[2025-02-06T08:35:50.591+0000] {logging_mixin.py:190} INFO - [2025-02-06T08:35:50.590+0000] {dagbag.py:588} INFO - Filling up the DagBag from /opt/conda/lib/python3.12/site-packages/airflow/example_dags/example_params_trigger_ui.py
[2025-02-06T08:35:50.606+0000] {processor.py:925} INFO - DAG(s) 'example_params_trigger_ui' retrieved from /opt/conda/lib/python3.12/site-packages/airflow/example_dags/example_params_trigger_ui.py
[2025-02-06T08:35:50.676+0000] {logging_mixin.py:190} INFO - [2025-02-06T08:35:50.675+0000] {dag.py:3239} INFO - Sync 1 DAGs
[2025-02-06T08:35:50.711+0000] {logging_mixin.py:190} INFO - [2025-02-06T08:35:50.711+0000] {dag.py:4180} INFO - Setting next_dagrun for example_params_trigger_ui to None, run_after=None
[2025-02-06T08:35:50.824+0000] {processor.py:208} INFO - Processing /opt/conda/lib/python3.12/site-packages/airflow/example_dags/example_params_trigger_ui.py took 0.248 seconds
[2025-02-06T08:37:13.171+0000] {processor.py:186} INFO - Started process (PID=392) to work on /opt/conda/lib/python3.12/site-packages/airflow/example_dags/example_params_trigger_ui.py
[2025-02-06T08:37:13.171+0000] {processor.py:914} INFO - Processing file /opt/conda/lib/python3.12/site-packages/airflow/example_dags/example_params_trigger_ui.py for tasks to queue
[2025-02-06T08:37:13.173+0000] {logging_mixin.py:190} INFO - [2025-02-06T08:37:13.172+0000] {dagbag.py:588} INFO - Filling up the DagBag from /opt/conda/lib/python3.12/site-packages/airflow/example_dags/example_params_trigger_ui.py
[2025-02-06T08:37:13.180+0000] {processor.py:925} INFO - DAG(s) 'example_params_trigger_ui' retrieved from /opt/conda/lib/python3.12/site-packages/airflow/example_dags/example_params_trigger_ui.py
[2025-02-06T08:37:13.212+0000] {logging_mixin.py:190} INFO - [2025-02-06T08:37:13.211+0000] {dag.py:3239} INFO - Sync 1 DAGs
[2025-02-06T08:37:13.227+0000] {logging_mixin.py:190} INFO - [2025-02-06T08:37:13.227+0000] {dag.py:4180} INFO - Setting next_dagrun for example_params_trigger_ui to None, run_after=None
[2025-02-06T08:37:13.287+0000] {processor.py:208} INFO - Processing /opt/conda/lib/python3.12/site-packages/airflow/example_dags/example_params_trigger_ui.py took 0.120 seconds
[2025-02-06T08:38:27.700+0000] {processor.py:186} INFO - Started process (PID=457) to work on /opt/conda/lib/python3.12/site-packages/airflow/example_dags/example_params_trigger_ui.py
[2025-02-06T08:38:27.702+0000] {processor.py:914} INFO - Processing file /opt/conda/lib/python3.12/site-packages/airflow/example_dags/example_params_trigger_ui.py for tasks to queue
[2025-02-06T08:38:27.705+0000] {logging_mixin.py:190} INFO - [2025-02-06T08:38:27.704+0000] {dagbag.py:588} INFO - Filling up the DagBag from /opt/conda/lib/python3.12/site-packages/airflow/example_dags/example_params_trigger_ui.py
[2025-02-06T08:38:27.714+0000] {processor.py:925} INFO - DAG(s) 'example_params_trigger_ui' retrieved from /opt/conda/lib/python3.12/site-packages/airflow/example_dags/example_params_trigger_ui.py
[2025-02-06T08:38:27.750+0000] {logging_mixin.py:190} INFO - [2025-02-06T08:38:27.749+0000] {dag.py:3239} INFO - Sync 1 DAGs
[2025-02-06T08:38:27.766+0000] {logging_mixin.py:190} INFO - [2025-02-06T08:38:27.765+0000] {dag.py:4180} INFO - Setting next_dagrun for example_params_trigger_ui to None, run_after=None
[2025-02-06T08:38:27.826+0000] {processor.py:208} INFO - Processing /opt/conda/lib/python3.12/site-packages/airflow/example_dags/example_params_trigger_ui.py took 0.130 seconds
[2025-02-06T08:39:45.528+0000] {processor.py:186} INFO - Started process (PID=523) to work on /opt/conda/lib/python3.12/site-packages/airflow/example_dags/example_params_trigger_ui.py
[2025-02-06T08:39:45.529+0000] {processor.py:914} INFO - Processing file /opt/conda/lib/python3.12/site-packages/airflow/example_dags/example_params_trigger_ui.py for tasks to queue
[2025-02-06T08:39:45.530+0000] {logging_mixin.py:190} INFO - [2025-02-06T08:39:45.530+0000] {dagbag.py:588} INFO - Filling up the DagBag from /opt/conda/lib/python3.12/site-packages/airflow/example_dags/example_params_trigger_ui.py
[2025-02-06T08:39:45.540+0000] {processor.py:925} INFO - DAG(s) 'example_params_trigger_ui' retrieved from /opt/conda/lib/python3.12/site-packages/airflow/example_dags/example_params_trigger_ui.py
[2025-02-06T08:39:45.578+0000] {logging_mixin.py:190} INFO - [2025-02-06T08:39:45.578+0000] {dag.py:3239} INFO - Sync 1 DAGs
[2025-02-06T08:39:45.591+0000] {logging_mixin.py:190} INFO - [2025-02-06T08:39:45.591+0000] {dag.py:4180} INFO - Setting next_dagrun for example_params_trigger_ui to None, run_after=None
[2025-02-06T08:39:45.648+0000] {processor.py:208} INFO - Processing /opt/conda/lib/python3.12/site-packages/airflow/example_dags/example_params_trigger_ui.py took 0.124 seconds
[2025-02-06T08:41:03.469+0000] {processor.py:186} INFO - Started process (PID=589) to work on /opt/conda/lib/python3.12/site-packages/airflow/example_dags/example_params_trigger_ui.py
[2025-02-06T08:41:03.470+0000] {processor.py:914} INFO - Processing file /opt/conda/lib/python3.12/site-packages/airflow/example_dags/example_params_trigger_ui.py for tasks to queue
[2025-02-06T08:41:03.472+0000] {logging_mixin.py:190} INFO - [2025-02-06T08:41:03.472+0000] {dagbag.py:588} INFO - Filling up the DagBag from /opt/conda/lib/python3.12/site-packages/airflow/example_dags/example_params_trigger_ui.py
[2025-02-06T08:41:03.483+0000] {processor.py:925} INFO - DAG(s) 'example_params_trigger_ui' retrieved from /opt/conda/lib/python3.12/site-packages/airflow/example_dags/example_params_trigger_ui.py
[2025-02-06T08:41:03.522+0000] {logging_mixin.py:190} INFO - [2025-02-06T08:41:03.522+0000] {dag.py:3239} INFO - Sync 1 DAGs
[2025-02-06T08:41:03.536+0000] {logging_mixin.py:190} INFO - [2025-02-06T08:41:03.536+0000] {dag.py:4180} INFO - Setting next_dagrun for example_params_trigger_ui to None, run_after=None
[2025-02-06T08:41:03.590+0000] {processor.py:208} INFO - Processing /opt/conda/lib/python3.12/site-packages/airflow/example_dags/example_params_trigger_ui.py took 0.126 seconds
[2025-02-06T08:42:18.177+0000] {processor.py:186} INFO - Started process (PID=653) to work on /opt/conda/lib/python3.12/site-packages/airflow/example_dags/example_params_trigger_ui.py
[2025-02-06T08:42:18.178+0000] {processor.py:914} INFO - Processing file /opt/conda/lib/python3.12/site-packages/airflow/example_dags/example_params_trigger_ui.py for tasks to queue
[2025-02-06T08:42:18.180+0000] {logging_mixin.py:190} INFO - [2025-02-06T08:42:18.179+0000] {dagbag.py:588} INFO - Filling up the DagBag from /opt/conda/lib/python3.12/site-packages/airflow/example_dags/example_params_trigger_ui.py
[2025-02-06T08:42:18.191+0000] {processor.py:925} INFO - DAG(s) 'example_params_trigger_ui' retrieved from /opt/conda/lib/python3.12/site-packages/airflow/example_dags/example_params_trigger_ui.py
[2025-02-06T08:42:18.227+0000] {logging_mixin.py:190} INFO - [2025-02-06T08:42:18.227+0000] {dag.py:3239} INFO - Sync 1 DAGs
[2025-02-06T08:42:18.242+0000] {logging_mixin.py:190} INFO - [2025-02-06T08:42:18.242+0000] {dag.py:4180} INFO - Setting next_dagrun for example_params_trigger_ui to None, run_after=None
[2025-02-06T08:42:18.304+0000] {processor.py:208} INFO - Processing /opt/conda/lib/python3.12/site-packages/airflow/example_dags/example_params_trigger_ui.py took 0.135 seconds
[2025-02-06T08:43:50.030+0000] {processor.py:186} INFO - Started process (PID=72) to work on /opt/conda/lib/python3.12/site-packages/airflow/example_dags/example_params_trigger_ui.py
[2025-02-06T08:43:50.032+0000] {processor.py:914} INFO - Processing file /opt/conda/lib/python3.12/site-packages/airflow/example_dags/example_params_trigger_ui.py for tasks to queue
[2025-02-06T08:43:50.034+0000] {logging_mixin.py:190} INFO - [2025-02-06T08:43:50.033+0000] {dagbag.py:588} INFO - Filling up the DagBag from /opt/conda/lib/python3.12/site-packages/airflow/example_dags/example_params_trigger_ui.py
[2025-02-06T08:43:50.043+0000] {processor.py:925} INFO - DAG(s) 'example_params_trigger_ui' retrieved from /opt/conda/lib/python3.12/site-packages/airflow/example_dags/example_params_trigger_ui.py
[2025-02-06T08:43:50.083+0000] {logging_mixin.py:190} INFO - [2025-02-06T08:43:50.082+0000] {dag.py:3239} INFO - Sync 1 DAGs
[2025-02-06T08:43:50.097+0000] {logging_mixin.py:190} INFO - [2025-02-06T08:43:50.097+0000] {dag.py:4180} INFO - Setting next_dagrun for example_params_trigger_ui to None, run_after=None
[2025-02-06T08:43:50.153+0000] {processor.py:208} INFO - Processing /opt/conda/lib/python3.12/site-packages/airflow/example_dags/example_params_trigger_ui.py took 0.127 seconds
[2025-02-06T08:45:07.101+0000] {processor.py:186} INFO - Started process (PID=138) to work on /opt/conda/lib/python3.12/site-packages/airflow/example_dags/example_params_trigger_ui.py
[2025-02-06T08:45:07.102+0000] {processor.py:914} INFO - Processing file /opt/conda/lib/python3.12/site-packages/airflow/example_dags/example_params_trigger_ui.py for tasks to queue
[2025-02-06T08:45:07.105+0000] {logging_mixin.py:190} INFO - [2025-02-06T08:45:07.104+0000] {dagbag.py:588} INFO - Filling up the DagBag from /opt/conda/lib/python3.12/site-packages/airflow/example_dags/example_params_trigger_ui.py
[2025-02-06T08:45:07.116+0000] {processor.py:925} INFO - DAG(s) 'example_params_trigger_ui' retrieved from /opt/conda/lib/python3.12/site-packages/airflow/example_dags/example_params_trigger_ui.py
[2025-02-06T08:45:07.154+0000] {logging_mixin.py:190} INFO - [2025-02-06T08:45:07.154+0000] {dag.py:3239} INFO - Sync 1 DAGs
[2025-02-06T08:45:07.165+0000] {logging_mixin.py:190} INFO - [2025-02-06T08:45:07.165+0000] {dag.py:4180} INFO - Setting next_dagrun for example_params_trigger_ui to None, run_after=None
[2025-02-06T08:45:07.229+0000] {processor.py:208} INFO - Processing /opt/conda/lib/python3.12/site-packages/airflow/example_dags/example_params_trigger_ui.py took 0.132 seconds
[2025-02-06T08:47:33.424+0000] {processor.py:186} INFO - Started process (PID=367) to work on /opt/conda/lib/python3.12/site-packages/airflow/example_dags/example_params_trigger_ui.py
[2025-02-06T08:47:33.424+0000] {processor.py:914} INFO - Processing file /opt/conda/lib/python3.12/site-packages/airflow/example_dags/example_params_trigger_ui.py for tasks to queue
[2025-02-06T08:47:33.426+0000] {logging_mixin.py:190} INFO - [2025-02-06T08:47:33.426+0000] {dagbag.py:588} INFO - Filling up the DagBag from /opt/conda/lib/python3.12/site-packages/airflow/example_dags/example_params_trigger_ui.py
[2025-02-06T08:47:33.435+0000] {processor.py:925} INFO - DAG(s) 'example_params_trigger_ui' retrieved from /opt/conda/lib/python3.12/site-packages/airflow/example_dags/example_params_trigger_ui.py
[2025-02-06T08:47:33.470+0000] {logging_mixin.py:190} INFO - [2025-02-06T08:47:33.470+0000] {dag.py:3239} INFO - Sync 1 DAGs
[2025-02-06T08:47:33.484+0000] {logging_mixin.py:190} INFO - [2025-02-06T08:47:33.484+0000] {dag.py:4180} INFO - Setting next_dagrun for example_params_trigger_ui to None, run_after=None
[2025-02-06T08:47:33.531+0000] {processor.py:208} INFO - Processing /opt/conda/lib/python3.12/site-packages/airflow/example_dags/example_params_trigger_ui.py took 0.112 seconds
[2025-02-06T08:49:49.640+0000] {processor.py:186} INFO - Started process (PID=252) to work on /opt/conda/lib/python3.12/site-packages/airflow/example_dags/example_params_trigger_ui.py
[2025-02-06T08:49:49.641+0000] {processor.py:914} INFO - Processing file /opt/conda/lib/python3.12/site-packages/airflow/example_dags/example_params_trigger_ui.py for tasks to queue
[2025-02-06T08:49:49.643+0000] {logging_mixin.py:190} INFO - [2025-02-06T08:49:49.643+0000] {dagbag.py:588} INFO - Filling up the DagBag from /opt/conda/lib/python3.12/site-packages/airflow/example_dags/example_params_trigger_ui.py
[2025-02-06T08:49:49.655+0000] {processor.py:925} INFO - DAG(s) 'example_params_trigger_ui' retrieved from /opt/conda/lib/python3.12/site-packages/airflow/example_dags/example_params_trigger_ui.py
[2025-02-06T08:49:49.696+0000] {logging_mixin.py:190} INFO - [2025-02-06T08:49:49.696+0000] {dag.py:3239} INFO - Sync 1 DAGs
[2025-02-06T08:49:49.710+0000] {logging_mixin.py:190} INFO - [2025-02-06T08:49:49.710+0000] {dag.py:4180} INFO - Setting next_dagrun for example_params_trigger_ui to None, run_after=None
[2025-02-06T08:49:49.764+0000] {processor.py:208} INFO - Processing /opt/conda/lib/python3.12/site-packages/airflow/example_dags/example_params_trigger_ui.py took 0.128 seconds
[2025-02-06T08:52:51.816+0000] {processor.py:186} INFO - Started process (PID=588) to work on /opt/conda/lib/python3.12/site-packages/airflow/example_dags/example_params_trigger_ui.py
[2025-02-06T08:52:51.817+0000] {processor.py:914} INFO - Processing file /opt/conda/lib/python3.12/site-packages/airflow/example_dags/example_params_trigger_ui.py for tasks to queue
[2025-02-06T08:52:51.819+0000] {logging_mixin.py:190} INFO - [2025-02-06T08:52:51.819+0000] {dagbag.py:588} INFO - Filling up the DagBag from /opt/conda/lib/python3.12/site-packages/airflow/example_dags/example_params_trigger_ui.py
[2025-02-06T08:52:51.831+0000] {processor.py:925} INFO - DAG(s) 'example_params_trigger_ui' retrieved from /opt/conda/lib/python3.12/site-packages/airflow/example_dags/example_params_trigger_ui.py
[2025-02-06T08:52:51.867+0000] {logging_mixin.py:190} INFO - [2025-02-06T08:52:51.867+0000] {dag.py:3239} INFO - Sync 1 DAGs
[2025-02-06T08:52:51.878+0000] {logging_mixin.py:190} INFO - [2025-02-06T08:52:51.878+0000] {dag.py:4180} INFO - Setting next_dagrun for example_params_trigger_ui to None, run_after=None
[2025-02-06T08:52:51.938+0000] {processor.py:208} INFO - Processing /opt/conda/lib/python3.12/site-packages/airflow/example_dags/example_params_trigger_ui.py took 0.126 seconds
[2025-02-06T08:55:28.034+0000] {processor.py:186} INFO - Started process (PID=884) to work on /opt/conda/lib/python3.12/site-packages/airflow/example_dags/example_params_trigger_ui.py
[2025-02-06T08:55:28.035+0000] {processor.py:914} INFO - Processing file /opt/conda/lib/python3.12/site-packages/airflow/example_dags/example_params_trigger_ui.py for tasks to queue
[2025-02-06T08:55:28.037+0000] {logging_mixin.py:190} INFO - [2025-02-06T08:55:28.036+0000] {dagbag.py:588} INFO - Filling up the DagBag from /opt/conda/lib/python3.12/site-packages/airflow/example_dags/example_params_trigger_ui.py
[2025-02-06T08:55:28.044+0000] {processor.py:925} INFO - DAG(s) 'example_params_trigger_ui' retrieved from /opt/conda/lib/python3.12/site-packages/airflow/example_dags/example_params_trigger_ui.py
[2025-02-06T08:55:28.079+0000] {logging_mixin.py:190} INFO - [2025-02-06T08:55:28.079+0000] {dag.py:3239} INFO - Sync 1 DAGs
[2025-02-06T08:55:28.092+0000] {logging_mixin.py:190} INFO - [2025-02-06T08:55:28.092+0000] {dag.py:4180} INFO - Setting next_dagrun for example_params_trigger_ui to None, run_after=None
[2025-02-06T08:55:28.142+0000] {processor.py:208} INFO - Processing /opt/conda/lib/python3.12/site-packages/airflow/example_dags/example_params_trigger_ui.py took 0.113 seconds
[2025-02-06T08:58:01.303+0000] {processor.py:186} INFO - Started process (PID=1143) to work on /opt/conda/lib/python3.12/site-packages/airflow/example_dags/example_params_trigger_ui.py
[2025-02-06T08:58:01.304+0000] {processor.py:914} INFO - Processing file /opt/conda/lib/python3.12/site-packages/airflow/example_dags/example_params_trigger_ui.py for tasks to queue
[2025-02-06T08:58:01.306+0000] {logging_mixin.py:190} INFO - [2025-02-06T08:58:01.305+0000] {dagbag.py:588} INFO - Filling up the DagBag from /opt/conda/lib/python3.12/site-packages/airflow/example_dags/example_params_trigger_ui.py
[2025-02-06T08:58:01.314+0000] {processor.py:925} INFO - DAG(s) 'example_params_trigger_ui' retrieved from /opt/conda/lib/python3.12/site-packages/airflow/example_dags/example_params_trigger_ui.py
[2025-02-06T08:58:01.348+0000] {logging_mixin.py:190} INFO - [2025-02-06T08:58:01.348+0000] {dag.py:3239} INFO - Sync 1 DAGs
[2025-02-06T08:58:01.363+0000] {logging_mixin.py:190} INFO - [2025-02-06T08:58:01.363+0000] {dag.py:4180} INFO - Setting next_dagrun for example_params_trigger_ui to None, run_after=None
[2025-02-06T08:58:01.416+0000] {processor.py:208} INFO - Processing /opt/conda/lib/python3.12/site-packages/airflow/example_dags/example_params_trigger_ui.py took 0.117 seconds
[2025-02-06T09:05:39.627+0000] {processor.py:186} INFO - Started process (PID=176) to work on /opt/conda/lib/python3.12/site-packages/airflow/example_dags/example_params_trigger_ui.py
[2025-02-06T09:05:39.628+0000] {processor.py:914} INFO - Processing file /opt/conda/lib/python3.12/site-packages/airflow/example_dags/example_params_trigger_ui.py for tasks to queue
[2025-02-06T09:05:39.630+0000] {logging_mixin.py:190} INFO - [2025-02-06T09:05:39.630+0000] {dagbag.py:588} INFO - Filling up the DagBag from /opt/conda/lib/python3.12/site-packages/airflow/example_dags/example_params_trigger_ui.py
[2025-02-06T09:05:39.640+0000] {processor.py:925} INFO - DAG(s) 'example_params_trigger_ui' retrieved from /opt/conda/lib/python3.12/site-packages/airflow/example_dags/example_params_trigger_ui.py
[2025-02-06T09:05:39.677+0000] {logging_mixin.py:190} INFO - [2025-02-06T09:05:39.677+0000] {dag.py:3239} INFO - Sync 1 DAGs
[2025-02-06T09:05:39.692+0000] {logging_mixin.py:190} INFO - [2025-02-06T09:05:39.692+0000] {dag.py:4180} INFO - Setting next_dagrun for example_params_trigger_ui to None, run_after=None
[2025-02-06T09:05:39.744+0000] {processor.py:208} INFO - Processing /opt/conda/lib/python3.12/site-packages/airflow/example_dags/example_params_trigger_ui.py took 0.122 seconds
[2025-02-06T09:08:40.100+0000] {processor.py:186} INFO - Started process (PID=510) to work on /opt/conda/lib/python3.12/site-packages/airflow/example_dags/example_params_trigger_ui.py
[2025-02-06T09:08:40.102+0000] {processor.py:914} INFO - Processing file /opt/conda/lib/python3.12/site-packages/airflow/example_dags/example_params_trigger_ui.py for tasks to queue
[2025-02-06T09:08:40.104+0000] {logging_mixin.py:190} INFO - [2025-02-06T09:08:40.103+0000] {dagbag.py:588} INFO - Filling up the DagBag from /opt/conda/lib/python3.12/site-packages/airflow/example_dags/example_params_trigger_ui.py
[2025-02-06T09:08:40.115+0000] {processor.py:925} INFO - DAG(s) 'example_params_trigger_ui' retrieved from /opt/conda/lib/python3.12/site-packages/airflow/example_dags/example_params_trigger_ui.py
[2025-02-06T09:08:40.148+0000] {logging_mixin.py:190} INFO - [2025-02-06T09:08:40.147+0000] {dag.py:3239} INFO - Sync 1 DAGs
[2025-02-06T09:08:40.158+0000] {logging_mixin.py:190} INFO - [2025-02-06T09:08:40.158+0000] {dag.py:4180} INFO - Setting next_dagrun for example_params_trigger_ui to None, run_after=None
[2025-02-06T09:08:40.207+0000] {processor.py:208} INFO - Processing /opt/conda/lib/python3.12/site-packages/airflow/example_dags/example_params_trigger_ui.py took 0.110 seconds
[2025-02-06T09:10:55.363+0000] {processor.py:186} INFO - Started process (PID=767) to work on /opt/conda/lib/python3.12/site-packages/airflow/example_dags/example_params_trigger_ui.py
[2025-02-06T09:10:55.365+0000] {processor.py:914} INFO - Processing file /opt/conda/lib/python3.12/site-packages/airflow/example_dags/example_params_trigger_ui.py for tasks to queue
[2025-02-06T09:10:55.369+0000] {logging_mixin.py:190} INFO - [2025-02-06T09:10:55.369+0000] {dagbag.py:588} INFO - Filling up the DagBag from /opt/conda/lib/python3.12/site-packages/airflow/example_dags/example_params_trigger_ui.py
[2025-02-06T09:10:55.381+0000] {processor.py:925} INFO - DAG(s) 'example_params_trigger_ui' retrieved from /opt/conda/lib/python3.12/site-packages/airflow/example_dags/example_params_trigger_ui.py
[2025-02-06T09:10:55.423+0000] {logging_mixin.py:190} INFO - [2025-02-06T09:10:55.423+0000] {dag.py:3239} INFO - Sync 1 DAGs
[2025-02-06T09:10:55.437+0000] {logging_mixin.py:190} INFO - [2025-02-06T09:10:55.436+0000] {dag.py:4180} INFO - Setting next_dagrun for example_params_trigger_ui to None, run_after=None
[2025-02-06T09:10:55.504+0000] {processor.py:208} INFO - Processing /opt/conda/lib/python3.12/site-packages/airflow/example_dags/example_params_trigger_ui.py took 0.149 seconds
[2025-02-06T09:13:25.647+0000] {processor.py:186} INFO - Started process (PID=1046) to work on /opt/conda/lib/python3.12/site-packages/airflow/example_dags/example_params_trigger_ui.py
[2025-02-06T09:13:25.648+0000] {processor.py:914} INFO - Processing file /opt/conda/lib/python3.12/site-packages/airflow/example_dags/example_params_trigger_ui.py for tasks to queue
[2025-02-06T09:13:25.651+0000] {logging_mixin.py:190} INFO - [2025-02-06T09:13:25.650+0000] {dagbag.py:588} INFO - Filling up the DagBag from /opt/conda/lib/python3.12/site-packages/airflow/example_dags/example_params_trigger_ui.py
[2025-02-06T09:13:25.658+0000] {processor.py:925} INFO - DAG(s) 'example_params_trigger_ui' retrieved from /opt/conda/lib/python3.12/site-packages/airflow/example_dags/example_params_trigger_ui.py
[2025-02-06T09:13:25.698+0000] {logging_mixin.py:190} INFO - [2025-02-06T09:13:25.698+0000] {dag.py:3239} INFO - Sync 1 DAGs
[2025-02-06T09:13:25.717+0000] {logging_mixin.py:190} INFO - [2025-02-06T09:13:25.717+0000] {dag.py:4180} INFO - Setting next_dagrun for example_params_trigger_ui to None, run_after=None
[2025-02-06T09:13:25.797+0000] {processor.py:208} INFO - Processing /opt/conda/lib/python3.12/site-packages/airflow/example_dags/example_params_trigger_ui.py took 0.154 seconds
[2025-02-06T09:15:49.044+0000] {processor.py:186} INFO - Started process (PID=1305) to work on /opt/conda/lib/python3.12/site-packages/airflow/example_dags/example_params_trigger_ui.py
[2025-02-06T09:15:49.045+0000] {processor.py:914} INFO - Processing file /opt/conda/lib/python3.12/site-packages/airflow/example_dags/example_params_trigger_ui.py for tasks to queue
[2025-02-06T09:15:49.047+0000] {logging_mixin.py:190} INFO - [2025-02-06T09:15:49.046+0000] {dagbag.py:588} INFO - Filling up the DagBag from /opt/conda/lib/python3.12/site-packages/airflow/example_dags/example_params_trigger_ui.py
[2025-02-06T09:15:49.054+0000] {processor.py:925} INFO - DAG(s) 'example_params_trigger_ui' retrieved from /opt/conda/lib/python3.12/site-packages/airflow/example_dags/example_params_trigger_ui.py
[2025-02-06T09:15:49.088+0000] {logging_mixin.py:190} INFO - [2025-02-06T09:15:49.088+0000] {dag.py:3239} INFO - Sync 1 DAGs
[2025-02-06T09:15:49.101+0000] {logging_mixin.py:190} INFO - [2025-02-06T09:15:49.101+0000] {dag.py:4180} INFO - Setting next_dagrun for example_params_trigger_ui to None, run_after=None
[2025-02-06T09:15:49.163+0000] {processor.py:208} INFO - Processing /opt/conda/lib/python3.12/site-packages/airflow/example_dags/example_params_trigger_ui.py took 0.123 seconds
[2025-02-06T09:17:55.488+0000] {processor.py:186} INFO - Started process (PID=1550) to work on /opt/conda/lib/python3.12/site-packages/airflow/example_dags/example_params_trigger_ui.py
[2025-02-06T09:17:55.489+0000] {processor.py:914} INFO - Processing file /opt/conda/lib/python3.12/site-packages/airflow/example_dags/example_params_trigger_ui.py for tasks to queue
[2025-02-06T09:17:55.492+0000] {logging_mixin.py:190} INFO - [2025-02-06T09:17:55.491+0000] {dagbag.py:588} INFO - Filling up the DagBag from /opt/conda/lib/python3.12/site-packages/airflow/example_dags/example_params_trigger_ui.py
[2025-02-06T09:17:55.501+0000] {processor.py:925} INFO - DAG(s) 'example_params_trigger_ui' retrieved from /opt/conda/lib/python3.12/site-packages/airflow/example_dags/example_params_trigger_ui.py
[2025-02-06T09:17:55.537+0000] {logging_mixin.py:190} INFO - [2025-02-06T09:17:55.537+0000] {dag.py:3239} INFO - Sync 1 DAGs
[2025-02-06T09:17:55.631+0000] {logging_mixin.py:190} INFO - [2025-02-06T09:17:55.630+0000] {dag.py:4180} INFO - Setting next_dagrun for example_params_trigger_ui to None, run_after=None
[2025-02-06T09:17:55.691+0000] {processor.py:208} INFO - Processing /opt/conda/lib/python3.12/site-packages/airflow/example_dags/example_params_trigger_ui.py took 0.207 seconds
[2025-02-06T09:23:19.157+0000] {processor.py:186} INFO - Started process (PID=2090) to work on /opt/conda/lib/python3.12/site-packages/airflow/example_dags/example_params_trigger_ui.py
[2025-02-06T09:23:19.158+0000] {processor.py:914} INFO - Processing file /opt/conda/lib/python3.12/site-packages/airflow/example_dags/example_params_trigger_ui.py for tasks to queue
[2025-02-06T09:23:19.160+0000] {logging_mixin.py:190} INFO - [2025-02-06T09:23:19.160+0000] {dagbag.py:588} INFO - Filling up the DagBag from /opt/conda/lib/python3.12/site-packages/airflow/example_dags/example_params_trigger_ui.py
[2025-02-06T09:23:19.170+0000] {processor.py:925} INFO - DAG(s) 'example_params_trigger_ui' retrieved from /opt/conda/lib/python3.12/site-packages/airflow/example_dags/example_params_trigger_ui.py
[2025-02-06T09:23:19.206+0000] {logging_mixin.py:190} INFO - [2025-02-06T09:23:19.206+0000] {dag.py:3239} INFO - Sync 1 DAGs
[2025-02-06T09:23:19.219+0000] {logging_mixin.py:190} INFO - [2025-02-06T09:23:19.219+0000] {dag.py:4180} INFO - Setting next_dagrun for example_params_trigger_ui to None, run_after=None
[2025-02-06T09:23:19.290+0000] {processor.py:208} INFO - Processing /opt/conda/lib/python3.12/site-packages/airflow/example_dags/example_params_trigger_ui.py took 0.139 seconds
[2025-02-06T09:26:31.464+0000] {processor.py:186} INFO - Started process (PID=258) to work on /opt/conda/lib/python3.12/site-packages/airflow/example_dags/example_params_trigger_ui.py
[2025-02-06T09:26:31.465+0000] {processor.py:914} INFO - Processing file /opt/conda/lib/python3.12/site-packages/airflow/example_dags/example_params_trigger_ui.py for tasks to queue
[2025-02-06T09:26:31.467+0000] {logging_mixin.py:190} INFO - [2025-02-06T09:26:31.466+0000] {dagbag.py:588} INFO - Filling up the DagBag from /opt/conda/lib/python3.12/site-packages/airflow/example_dags/example_params_trigger_ui.py
[2025-02-06T09:26:31.475+0000] {processor.py:925} INFO - DAG(s) 'example_params_trigger_ui' retrieved from /opt/conda/lib/python3.12/site-packages/airflow/example_dags/example_params_trigger_ui.py
[2025-02-06T09:26:31.515+0000] {logging_mixin.py:190} INFO - [2025-02-06T09:26:31.515+0000] {dag.py:3239} INFO - Sync 1 DAGs
[2025-02-06T09:26:31.529+0000] {logging_mixin.py:190} INFO - [2025-02-06T09:26:31.528+0000] {dag.py:4180} INFO - Setting next_dagrun for example_params_trigger_ui to None, run_after=None
[2025-02-06T09:26:31.607+0000] {processor.py:208} INFO - Processing /opt/conda/lib/python3.12/site-packages/airflow/example_dags/example_params_trigger_ui.py took 0.147 seconds
[2025-02-06T09:32:54.412+0000] {processor.py:186} INFO - Started process (PID=438) to work on /opt/conda/lib/python3.12/site-packages/airflow/example_dags/example_params_trigger_ui.py
[2025-02-06T09:32:54.413+0000] {processor.py:914} INFO - Processing file /opt/conda/lib/python3.12/site-packages/airflow/example_dags/example_params_trigger_ui.py for tasks to queue
[2025-02-06T09:32:54.415+0000] {logging_mixin.py:190} INFO - [2025-02-06T09:32:54.415+0000] {dagbag.py:588} INFO - Filling up the DagBag from /opt/conda/lib/python3.12/site-packages/airflow/example_dags/example_params_trigger_ui.py
[2025-02-06T09:32:54.427+0000] {processor.py:925} INFO - DAG(s) 'example_params_trigger_ui' retrieved from /opt/conda/lib/python3.12/site-packages/airflow/example_dags/example_params_trigger_ui.py
[2025-02-06T09:32:54.467+0000] {logging_mixin.py:190} INFO - [2025-02-06T09:32:54.467+0000] {dag.py:3239} INFO - Sync 1 DAGs
[2025-02-06T09:32:54.486+0000] {logging_mixin.py:190} INFO - [2025-02-06T09:32:54.485+0000] {dag.py:4180} INFO - Setting next_dagrun for example_params_trigger_ui to None, run_after=None
[2025-02-06T09:32:54.545+0000] {processor.py:208} INFO - Processing /opt/conda/lib/python3.12/site-packages/airflow/example_dags/example_params_trigger_ui.py took 0.138 seconds
[2025-02-06T09:38:14.878+0000] {processor.py:186} INFO - Started process (PID=1015) to work on /opt/conda/lib/python3.12/site-packages/airflow/example_dags/example_params_trigger_ui.py
[2025-02-06T09:38:14.879+0000] {processor.py:914} INFO - Processing file /opt/conda/lib/python3.12/site-packages/airflow/example_dags/example_params_trigger_ui.py for tasks to queue
[2025-02-06T09:38:14.881+0000] {logging_mixin.py:190} INFO - [2025-02-06T09:38:14.880+0000] {dagbag.py:588} INFO - Filling up the DagBag from /opt/conda/lib/python3.12/site-packages/airflow/example_dags/example_params_trigger_ui.py
[2025-02-06T09:38:14.890+0000] {processor.py:925} INFO - DAG(s) 'example_params_trigger_ui' retrieved from /opt/conda/lib/python3.12/site-packages/airflow/example_dags/example_params_trigger_ui.py
[2025-02-06T09:38:14.932+0000] {logging_mixin.py:190} INFO - [2025-02-06T09:38:14.931+0000] {dag.py:3239} INFO - Sync 1 DAGs
[2025-02-06T09:38:14.944+0000] {logging_mixin.py:190} INFO - [2025-02-06T09:38:14.944+0000] {dag.py:4180} INFO - Setting next_dagrun for example_params_trigger_ui to None, run_after=None
[2025-02-06T09:38:14.998+0000] {processor.py:208} INFO - Processing /opt/conda/lib/python3.12/site-packages/airflow/example_dags/example_params_trigger_ui.py took 0.124 seconds
[2025-02-06T09:42:51.597+0000] {processor.py:186} INFO - Started process (PID=1489) to work on /opt/conda/lib/python3.12/site-packages/airflow/example_dags/example_params_trigger_ui.py
[2025-02-06T09:42:51.599+0000] {processor.py:914} INFO - Processing file /opt/conda/lib/python3.12/site-packages/airflow/example_dags/example_params_trigger_ui.py for tasks to queue
[2025-02-06T09:42:51.604+0000] {logging_mixin.py:190} INFO - [2025-02-06T09:42:51.603+0000] {dagbag.py:588} INFO - Filling up the DagBag from /opt/conda/lib/python3.12/site-packages/airflow/example_dags/example_params_trigger_ui.py
[2025-02-06T09:42:51.621+0000] {processor.py:925} INFO - DAG(s) 'example_params_trigger_ui' retrieved from /opt/conda/lib/python3.12/site-packages/airflow/example_dags/example_params_trigger_ui.py
[2025-02-06T09:42:51.660+0000] {logging_mixin.py:190} INFO - [2025-02-06T09:42:51.660+0000] {dag.py:3239} INFO - Sync 1 DAGs
[2025-02-06T09:42:51.675+0000] {logging_mixin.py:190} INFO - [2025-02-06T09:42:51.675+0000] {dag.py:4180} INFO - Setting next_dagrun for example_params_trigger_ui to None, run_after=None
[2025-02-06T09:42:51.732+0000] {processor.py:208} INFO - Processing /opt/conda/lib/python3.12/site-packages/airflow/example_dags/example_params_trigger_ui.py took 0.145 seconds
[2025-02-06T09:50:24.128+0000] {processor.py:186} INFO - Started process (PID=421) to work on /opt/conda/lib/python3.12/site-packages/airflow/example_dags/example_params_trigger_ui.py
[2025-02-06T09:50:24.128+0000] {processor.py:914} INFO - Processing file /opt/conda/lib/python3.12/site-packages/airflow/example_dags/example_params_trigger_ui.py for tasks to queue
[2025-02-06T09:50:24.130+0000] {logging_mixin.py:190} INFO - [2025-02-06T09:50:24.130+0000] {dagbag.py:588} INFO - Filling up the DagBag from /opt/conda/lib/python3.12/site-packages/airflow/example_dags/example_params_trigger_ui.py
[2025-02-06T09:50:24.140+0000] {processor.py:925} INFO - DAG(s) 'example_params_trigger_ui' retrieved from /opt/conda/lib/python3.12/site-packages/airflow/example_dags/example_params_trigger_ui.py
[2025-02-06T09:50:24.175+0000] {logging_mixin.py:190} INFO - [2025-02-06T09:50:24.174+0000] {dag.py:3239} INFO - Sync 1 DAGs
[2025-02-06T09:50:24.189+0000] {logging_mixin.py:190} INFO - [2025-02-06T09:50:24.188+0000] {dag.py:4180} INFO - Setting next_dagrun for example_params_trigger_ui to None, run_after=None
[2025-02-06T09:50:24.315+0000] {processor.py:208} INFO - Processing /opt/conda/lib/python3.12/site-packages/airflow/example_dags/example_params_trigger_ui.py took 0.191 seconds
[2025-02-06T09:55:42.320+0000] {processor.py:186} INFO - Started process (PID=986) to work on /opt/conda/lib/python3.12/site-packages/airflow/example_dags/example_params_trigger_ui.py
[2025-02-06T09:55:42.321+0000] {processor.py:914} INFO - Processing file /opt/conda/lib/python3.12/site-packages/airflow/example_dags/example_params_trigger_ui.py for tasks to queue
[2025-02-06T09:55:42.324+0000] {logging_mixin.py:190} INFO - [2025-02-06T09:55:42.323+0000] {dagbag.py:588} INFO - Filling up the DagBag from /opt/conda/lib/python3.12/site-packages/airflow/example_dags/example_params_trigger_ui.py
[2025-02-06T09:55:42.332+0000] {processor.py:925} INFO - DAG(s) 'example_params_trigger_ui' retrieved from /opt/conda/lib/python3.12/site-packages/airflow/example_dags/example_params_trigger_ui.py
[2025-02-06T09:55:42.369+0000] {logging_mixin.py:190} INFO - [2025-02-06T09:55:42.369+0000] {dag.py:3239} INFO - Sync 1 DAGs
[2025-02-06T09:55:42.380+0000] {logging_mixin.py:190} INFO - [2025-02-06T09:55:42.380+0000] {dag.py:4180} INFO - Setting next_dagrun for example_params_trigger_ui to None, run_after=None
[2025-02-06T09:55:42.438+0000] {processor.py:208} INFO - Processing /opt/conda/lib/python3.12/site-packages/airflow/example_dags/example_params_trigger_ui.py took 0.122 seconds
[2025-02-06T10:00:04.068+0000] {processor.py:186} INFO - Started process (PID=1488) to work on /opt/conda/lib/python3.12/site-packages/airflow/example_dags/example_params_trigger_ui.py
[2025-02-06T10:00:04.069+0000] {processor.py:914} INFO - Processing file /opt/conda/lib/python3.12/site-packages/airflow/example_dags/example_params_trigger_ui.py for tasks to queue
[2025-02-06T10:00:04.071+0000] {logging_mixin.py:190} INFO - [2025-02-06T10:00:04.071+0000] {dagbag.py:588} INFO - Filling up the DagBag from /opt/conda/lib/python3.12/site-packages/airflow/example_dags/example_params_trigger_ui.py
[2025-02-06T10:00:04.079+0000] {processor.py:925} INFO - DAG(s) 'example_params_trigger_ui' retrieved from /opt/conda/lib/python3.12/site-packages/airflow/example_dags/example_params_trigger_ui.py
[2025-02-06T10:00:04.114+0000] {logging_mixin.py:190} INFO - [2025-02-06T10:00:04.114+0000] {dag.py:3239} INFO - Sync 1 DAGs
[2025-02-06T10:00:04.127+0000] {logging_mixin.py:190} INFO - [2025-02-06T10:00:04.127+0000] {dag.py:4180} INFO - Setting next_dagrun for example_params_trigger_ui to None, run_after=None
[2025-02-06T10:00:04.180+0000] {processor.py:208} INFO - Processing /opt/conda/lib/python3.12/site-packages/airflow/example_dags/example_params_trigger_ui.py took 0.115 seconds
[2025-02-06T10:04:30.986+0000] {processor.py:186} INFO - Started process (PID=1946) to work on /opt/conda/lib/python3.12/site-packages/airflow/example_dags/example_params_trigger_ui.py
[2025-02-06T10:04:30.987+0000] {processor.py:914} INFO - Processing file /opt/conda/lib/python3.12/site-packages/airflow/example_dags/example_params_trigger_ui.py for tasks to queue
[2025-02-06T10:04:30.989+0000] {logging_mixin.py:190} INFO - [2025-02-06T10:04:30.989+0000] {dagbag.py:588} INFO - Filling up the DagBag from /opt/conda/lib/python3.12/site-packages/airflow/example_dags/example_params_trigger_ui.py
[2025-02-06T10:04:30.999+0000] {processor.py:925} INFO - DAG(s) 'example_params_trigger_ui' retrieved from /opt/conda/lib/python3.12/site-packages/airflow/example_dags/example_params_trigger_ui.py
[2025-02-06T10:04:31.037+0000] {logging_mixin.py:190} INFO - [2025-02-06T10:04:31.037+0000] {dag.py:3239} INFO - Sync 1 DAGs
[2025-02-06T10:04:31.051+0000] {logging_mixin.py:190} INFO - [2025-02-06T10:04:31.051+0000] {dag.py:4180} INFO - Setting next_dagrun for example_params_trigger_ui to None, run_after=None
[2025-02-06T10:04:31.109+0000] {processor.py:208} INFO - Processing /opt/conda/lib/python3.12/site-packages/airflow/example_dags/example_params_trigger_ui.py took 0.128 seconds
[2025-02-06T10:06:21.327+0000] {processor.py:186} INFO - Started process (PID=2080) to work on /opt/conda/lib/python3.12/site-packages/airflow/example_dags/example_params_trigger_ui.py
[2025-02-06T10:06:21.328+0000] {processor.py:914} INFO - Processing file /opt/conda/lib/python3.12/site-packages/airflow/example_dags/example_params_trigger_ui.py for tasks to queue
[2025-02-06T10:06:21.329+0000] {logging_mixin.py:190} INFO - [2025-02-06T10:06:21.329+0000] {dagbag.py:588} INFO - Filling up the DagBag from /opt/conda/lib/python3.12/site-packages/airflow/example_dags/example_params_trigger_ui.py
[2025-02-06T10:06:21.338+0000] {processor.py:925} INFO - DAG(s) 'example_params_trigger_ui' retrieved from /opt/conda/lib/python3.12/site-packages/airflow/example_dags/example_params_trigger_ui.py
[2025-02-06T10:06:21.374+0000] {logging_mixin.py:190} INFO - [2025-02-06T10:06:21.374+0000] {dag.py:3239} INFO - Sync 1 DAGs
[2025-02-06T10:06:21.386+0000] {logging_mixin.py:190} INFO - [2025-02-06T10:06:21.386+0000] {dag.py:4180} INFO - Setting next_dagrun for example_params_trigger_ui to None, run_after=None
[2025-02-06T10:06:21.448+0000] {processor.py:208} INFO - Processing /opt/conda/lib/python3.12/site-packages/airflow/example_dags/example_params_trigger_ui.py took 0.125 seconds
[2025-02-06T10:15:19.833+0000] {processor.py:186} INFO - Started process (PID=2996) to work on /opt/conda/lib/python3.12/site-packages/airflow/example_dags/example_params_trigger_ui.py
[2025-02-06T10:15:19.834+0000] {processor.py:914} INFO - Processing file /opt/conda/lib/python3.12/site-packages/airflow/example_dags/example_params_trigger_ui.py for tasks to queue
[2025-02-06T10:15:19.835+0000] {logging_mixin.py:190} INFO - [2025-02-06T10:15:19.835+0000] {dagbag.py:588} INFO - Filling up the DagBag from /opt/conda/lib/python3.12/site-packages/airflow/example_dags/example_params_trigger_ui.py
[2025-02-06T10:15:19.845+0000] {processor.py:925} INFO - DAG(s) 'example_params_trigger_ui' retrieved from /opt/conda/lib/python3.12/site-packages/airflow/example_dags/example_params_trigger_ui.py
[2025-02-06T10:15:19.892+0000] {logging_mixin.py:190} INFO - [2025-02-06T10:15:19.891+0000] {dag.py:3239} INFO - Sync 1 DAGs
[2025-02-06T10:15:19.915+0000] {logging_mixin.py:190} INFO - [2025-02-06T10:15:19.914+0000] {dag.py:4180} INFO - Setting next_dagrun for example_params_trigger_ui to None, run_after=None
[2025-02-06T10:15:19.985+0000] {processor.py:208} INFO - Processing /opt/conda/lib/python3.12/site-packages/airflow/example_dags/example_params_trigger_ui.py took 0.157 seconds
[2025-02-06T10:20:56.323+0000] {processor.py:186} INFO - Started process (PID=3582) to work on /opt/conda/lib/python3.12/site-packages/airflow/example_dags/example_params_trigger_ui.py
[2025-02-06T10:20:56.325+0000] {processor.py:914} INFO - Processing file /opt/conda/lib/python3.12/site-packages/airflow/example_dags/example_params_trigger_ui.py for tasks to queue
[2025-02-06T10:20:56.326+0000] {logging_mixin.py:190} INFO - [2025-02-06T10:20:56.326+0000] {dagbag.py:588} INFO - Filling up the DagBag from /opt/conda/lib/python3.12/site-packages/airflow/example_dags/example_params_trigger_ui.py
[2025-02-06T10:20:56.334+0000] {processor.py:925} INFO - DAG(s) 'example_params_trigger_ui' retrieved from /opt/conda/lib/python3.12/site-packages/airflow/example_dags/example_params_trigger_ui.py
[2025-02-06T10:20:56.371+0000] {logging_mixin.py:190} INFO - [2025-02-06T10:20:56.371+0000] {dag.py:3239} INFO - Sync 1 DAGs
[2025-02-06T10:20:56.385+0000] {logging_mixin.py:190} INFO - [2025-02-06T10:20:56.384+0000] {dag.py:4180} INFO - Setting next_dagrun for example_params_trigger_ui to None, run_after=None
[2025-02-06T10:20:56.436+0000] {processor.py:208} INFO - Processing /opt/conda/lib/python3.12/site-packages/airflow/example_dags/example_params_trigger_ui.py took 0.118 seconds
[2025-02-06T10:24:19.755+0000] {processor.py:186} INFO - Started process (PID=3900) to work on /opt/conda/lib/python3.12/site-packages/airflow/example_dags/example_params_trigger_ui.py
[2025-02-06T10:24:19.756+0000] {processor.py:914} INFO - Processing file /opt/conda/lib/python3.12/site-packages/airflow/example_dags/example_params_trigger_ui.py for tasks to queue
[2025-02-06T10:24:19.758+0000] {logging_mixin.py:190} INFO - [2025-02-06T10:24:19.757+0000] {dagbag.py:588} INFO - Filling up the DagBag from /opt/conda/lib/python3.12/site-packages/airflow/example_dags/example_params_trigger_ui.py
[2025-02-06T10:24:19.768+0000] {processor.py:925} INFO - DAG(s) 'example_params_trigger_ui' retrieved from /opt/conda/lib/python3.12/site-packages/airflow/example_dags/example_params_trigger_ui.py
[2025-02-06T10:24:19.803+0000] {logging_mixin.py:190} INFO - [2025-02-06T10:24:19.803+0000] {dag.py:3239} INFO - Sync 1 DAGs
[2025-02-06T10:24:19.818+0000] {logging_mixin.py:190} INFO - [2025-02-06T10:24:19.818+0000] {dag.py:4180} INFO - Setting next_dagrun for example_params_trigger_ui to None, run_after=None
[2025-02-06T10:24:19.876+0000] {processor.py:208} INFO - Processing /opt/conda/lib/python3.12/site-packages/airflow/example_dags/example_params_trigger_ui.py took 0.125 seconds
[2025-02-06T11:40:13.677+0000] {processor.py:186} INFO - Started process (PID=293) to work on /opt/conda/lib/python3.12/site-packages/airflow/example_dags/example_params_trigger_ui.py
[2025-02-06T11:40:13.680+0000] {processor.py:914} INFO - Processing file /opt/conda/lib/python3.12/site-packages/airflow/example_dags/example_params_trigger_ui.py for tasks to queue
[2025-02-06T11:40:13.682+0000] {logging_mixin.py:190} INFO - [2025-02-06T11:40:13.682+0000] {dagbag.py:588} INFO - Filling up the DagBag from /opt/conda/lib/python3.12/site-packages/airflow/example_dags/example_params_trigger_ui.py
[2025-02-06T11:40:13.694+0000] {processor.py:925} INFO - DAG(s) 'example_params_trigger_ui' retrieved from /opt/conda/lib/python3.12/site-packages/airflow/example_dags/example_params_trigger_ui.py
[2025-02-06T11:40:13.756+0000] {logging_mixin.py:190} INFO - [2025-02-06T11:40:13.756+0000] {dag.py:3239} INFO - Sync 1 DAGs
[2025-02-06T11:40:13.777+0000] {logging_mixin.py:190} INFO - [2025-02-06T11:40:13.777+0000] {dag.py:4180} INFO - Setting next_dagrun for example_params_trigger_ui to None, run_after=None
[2025-02-06T11:40:13.867+0000] {processor.py:208} INFO - Processing /opt/conda/lib/python3.12/site-packages/airflow/example_dags/example_params_trigger_ui.py took 0.195 seconds
[2025-02-06T11:43:58.709+0000] {processor.py:186} INFO - Started process (PID=1270) to work on /opt/conda/lib/python3.12/site-packages/airflow/example_dags/example_params_trigger_ui.py
[2025-02-06T11:43:58.710+0000] {processor.py:914} INFO - Processing file /opt/conda/lib/python3.12/site-packages/airflow/example_dags/example_params_trigger_ui.py for tasks to queue
[2025-02-06T11:43:58.712+0000] {logging_mixin.py:190} INFO - [2025-02-06T11:43:58.712+0000] {dagbag.py:588} INFO - Filling up the DagBag from /opt/conda/lib/python3.12/site-packages/airflow/example_dags/example_params_trigger_ui.py
[2025-02-06T11:43:58.723+0000] {processor.py:925} INFO - DAG(s) 'example_params_trigger_ui' retrieved from /opt/conda/lib/python3.12/site-packages/airflow/example_dags/example_params_trigger_ui.py
[2025-02-06T11:43:58.770+0000] {logging_mixin.py:190} INFO - [2025-02-06T11:43:58.769+0000] {dag.py:3239} INFO - Sync 1 DAGs
[2025-02-06T11:43:58.786+0000] {logging_mixin.py:190} INFO - [2025-02-06T11:43:58.786+0000] {dag.py:4180} INFO - Setting next_dagrun for example_params_trigger_ui to None, run_after=None
[2025-02-06T11:43:58.856+0000] {processor.py:208} INFO - Processing /opt/conda/lib/python3.12/site-packages/airflow/example_dags/example_params_trigger_ui.py took 0.152 seconds
[2025-02-06T11:48:26.048+0000] {processor.py:186} INFO - Started process (PID=2183) to work on /opt/conda/lib/python3.12/site-packages/airflow/example_dags/example_params_trigger_ui.py
[2025-02-06T11:48:26.049+0000] {processor.py:914} INFO - Processing file /opt/conda/lib/python3.12/site-packages/airflow/example_dags/example_params_trigger_ui.py for tasks to queue
[2025-02-06T11:48:26.051+0000] {logging_mixin.py:190} INFO - [2025-02-06T11:48:26.051+0000] {dagbag.py:588} INFO - Filling up the DagBag from /opt/conda/lib/python3.12/site-packages/airflow/example_dags/example_params_trigger_ui.py
[2025-02-06T11:48:26.067+0000] {processor.py:925} INFO - DAG(s) 'example_params_trigger_ui' retrieved from /opt/conda/lib/python3.12/site-packages/airflow/example_dags/example_params_trigger_ui.py
[2025-02-06T11:48:26.128+0000] {logging_mixin.py:190} INFO - [2025-02-06T11:48:26.128+0000] {dag.py:3239} INFO - Sync 1 DAGs
[2025-02-06T11:48:26.149+0000] {logging_mixin.py:190} INFO - [2025-02-06T11:48:26.149+0000] {dag.py:4180} INFO - Setting next_dagrun for example_params_trigger_ui to None, run_after=None
[2025-02-06T11:48:26.234+0000] {processor.py:208} INFO - Processing /opt/conda/lib/python3.12/site-packages/airflow/example_dags/example_params_trigger_ui.py took 0.193 seconds
[2025-02-06T11:51:55.131+0000] {processor.py:186} INFO - Started process (PID=3137) to work on /opt/conda/lib/python3.12/site-packages/airflow/example_dags/example_params_trigger_ui.py
[2025-02-06T11:51:55.132+0000] {processor.py:914} INFO - Processing file /opt/conda/lib/python3.12/site-packages/airflow/example_dags/example_params_trigger_ui.py for tasks to queue
[2025-02-06T11:51:55.133+0000] {logging_mixin.py:190} INFO - [2025-02-06T11:51:55.133+0000] {dagbag.py:588} INFO - Filling up the DagBag from /opt/conda/lib/python3.12/site-packages/airflow/example_dags/example_params_trigger_ui.py
[2025-02-06T11:51:55.146+0000] {processor.py:925} INFO - DAG(s) 'example_params_trigger_ui' retrieved from /opt/conda/lib/python3.12/site-packages/airflow/example_dags/example_params_trigger_ui.py
[2025-02-06T11:51:55.191+0000] {logging_mixin.py:190} INFO - [2025-02-06T11:51:55.191+0000] {dag.py:3239} INFO - Sync 1 DAGs
[2025-02-06T11:51:55.213+0000] {logging_mixin.py:190} INFO - [2025-02-06T11:51:55.213+0000] {dag.py:4180} INFO - Setting next_dagrun for example_params_trigger_ui to None, run_after=None
[2025-02-06T11:51:55.287+0000] {processor.py:208} INFO - Processing /opt/conda/lib/python3.12/site-packages/airflow/example_dags/example_params_trigger_ui.py took 0.161 seconds
[2025-02-06T11:54:52.868+0000] {processor.py:186} INFO - Started process (PID=121) to work on /opt/conda/lib/python3.12/site-packages/airflow/example_dags/example_params_trigger_ui.py
[2025-02-06T11:54:52.869+0000] {processor.py:914} INFO - Processing file /opt/conda/lib/python3.12/site-packages/airflow/example_dags/example_params_trigger_ui.py for tasks to queue
[2025-02-06T11:54:52.872+0000] {logging_mixin.py:190} INFO - [2025-02-06T11:54:52.872+0000] {dagbag.py:588} INFO - Filling up the DagBag from /opt/conda/lib/python3.12/site-packages/airflow/example_dags/example_params_trigger_ui.py
[2025-02-06T11:54:52.882+0000] {processor.py:925} INFO - DAG(s) 'example_params_trigger_ui' retrieved from /opt/conda/lib/python3.12/site-packages/airflow/example_dags/example_params_trigger_ui.py
[2025-02-06T11:54:52.926+0000] {logging_mixin.py:190} INFO - [2025-02-06T11:54:52.925+0000] {dag.py:3239} INFO - Sync 1 DAGs
[2025-02-06T11:54:52.942+0000] {logging_mixin.py:190} INFO - [2025-02-06T11:54:52.942+0000] {dag.py:4180} INFO - Setting next_dagrun for example_params_trigger_ui to None, run_after=None
[2025-02-06T11:54:53.014+0000] {processor.py:208} INFO - Processing /opt/conda/lib/python3.12/site-packages/airflow/example_dags/example_params_trigger_ui.py took 0.151 seconds
[2025-02-06T11:58:49.705+0000] {processor.py:186} INFO - Started process (PID=294) to work on /opt/conda/lib/python3.12/site-packages/airflow/example_dags/example_params_trigger_ui.py
[2025-02-06T11:58:49.708+0000] {processor.py:914} INFO - Processing file /opt/conda/lib/python3.12/site-packages/airflow/example_dags/example_params_trigger_ui.py for tasks to queue
[2025-02-06T11:58:49.713+0000] {logging_mixin.py:190} INFO - [2025-02-06T11:58:49.712+0000] {dagbag.py:588} INFO - Filling up the DagBag from /opt/conda/lib/python3.12/site-packages/airflow/example_dags/example_params_trigger_ui.py
[2025-02-06T11:58:49.736+0000] {processor.py:925} INFO - DAG(s) 'example_params_trigger_ui' retrieved from /opt/conda/lib/python3.12/site-packages/airflow/example_dags/example_params_trigger_ui.py
[2025-02-06T11:58:49.833+0000] {logging_mixin.py:190} INFO - [2025-02-06T11:58:49.832+0000] {dag.py:3239} INFO - Sync 1 DAGs
[2025-02-06T11:58:49.864+0000] {logging_mixin.py:190} INFO - [2025-02-06T11:58:49.863+0000] {dag.py:4180} INFO - Setting next_dagrun for example_params_trigger_ui to None, run_after=None
[2025-02-06T11:58:50.029+0000] {processor.py:208} INFO - Processing /opt/conda/lib/python3.12/site-packages/airflow/example_dags/example_params_trigger_ui.py took 0.336 seconds
[2025-02-06T12:04:09.012+0000] {processor.py:186} INFO - Started process (PID=294) to work on /opt/conda/lib/python3.12/site-packages/airflow/example_dags/example_params_trigger_ui.py
[2025-02-06T12:04:09.013+0000] {processor.py:914} INFO - Processing file /opt/conda/lib/python3.12/site-packages/airflow/example_dags/example_params_trigger_ui.py for tasks to queue
[2025-02-06T12:04:09.015+0000] {logging_mixin.py:190} INFO - [2025-02-06T12:04:09.014+0000] {dagbag.py:588} INFO - Filling up the DagBag from /opt/conda/lib/python3.12/site-packages/airflow/example_dags/example_params_trigger_ui.py
[2025-02-06T12:04:09.023+0000] {processor.py:925} INFO - DAG(s) 'example_params_trigger_ui' retrieved from /opt/conda/lib/python3.12/site-packages/airflow/example_dags/example_params_trigger_ui.py
[2025-02-06T12:04:09.061+0000] {logging_mixin.py:190} INFO - [2025-02-06T12:04:09.061+0000] {dag.py:3239} INFO - Sync 1 DAGs
[2025-02-06T12:04:09.073+0000] {logging_mixin.py:190} INFO - [2025-02-06T12:04:09.073+0000] {dag.py:4180} INFO - Setting next_dagrun for example_params_trigger_ui to None, run_after=None
[2025-02-06T12:04:09.135+0000] {processor.py:208} INFO - Processing /opt/conda/lib/python3.12/site-packages/airflow/example_dags/example_params_trigger_ui.py took 0.127 seconds
[2025-02-06T12:07:00.344+0000] {processor.py:186} INFO - Started process (PID=1308) to work on /opt/conda/lib/python3.12/site-packages/airflow/example_dags/example_params_trigger_ui.py
[2025-02-06T12:07:00.346+0000] {processor.py:914} INFO - Processing file /opt/conda/lib/python3.12/site-packages/airflow/example_dags/example_params_trigger_ui.py for tasks to queue
[2025-02-06T12:07:00.347+0000] {logging_mixin.py:190} INFO - [2025-02-06T12:07:00.347+0000] {dagbag.py:588} INFO - Filling up the DagBag from /opt/conda/lib/python3.12/site-packages/airflow/example_dags/example_params_trigger_ui.py
[2025-02-06T12:07:00.356+0000] {processor.py:925} INFO - DAG(s) 'example_params_trigger_ui' retrieved from /opt/conda/lib/python3.12/site-packages/airflow/example_dags/example_params_trigger_ui.py
[2025-02-06T12:07:00.399+0000] {logging_mixin.py:190} INFO - [2025-02-06T12:07:00.399+0000] {dag.py:3239} INFO - Sync 1 DAGs
[2025-02-06T12:07:00.414+0000] {logging_mixin.py:190} INFO - [2025-02-06T12:07:00.413+0000] {dag.py:4180} INFO - Setting next_dagrun for example_params_trigger_ui to None, run_after=None
[2025-02-06T12:07:00.576+0000] {processor.py:208} INFO - Processing /opt/conda/lib/python3.12/site-packages/airflow/example_dags/example_params_trigger_ui.py took 0.235 seconds
[2025-02-06T12:09:33.008+0000] {processor.py:186} INFO - Started process (PID=2160) to work on /opt/conda/lib/python3.12/site-packages/airflow/example_dags/example_params_trigger_ui.py
[2025-02-06T12:09:33.009+0000] {processor.py:914} INFO - Processing file /opt/conda/lib/python3.12/site-packages/airflow/example_dags/example_params_trigger_ui.py for tasks to queue
[2025-02-06T12:09:33.011+0000] {logging_mixin.py:190} INFO - [2025-02-06T12:09:33.011+0000] {dagbag.py:588} INFO - Filling up the DagBag from /opt/conda/lib/python3.12/site-packages/airflow/example_dags/example_params_trigger_ui.py
[2025-02-06T12:09:33.021+0000] {processor.py:925} INFO - DAG(s) 'example_params_trigger_ui' retrieved from /opt/conda/lib/python3.12/site-packages/airflow/example_dags/example_params_trigger_ui.py
[2025-02-06T12:09:33.062+0000] {logging_mixin.py:190} INFO - [2025-02-06T12:09:33.062+0000] {dag.py:3239} INFO - Sync 1 DAGs
[2025-02-06T12:09:33.076+0000] {logging_mixin.py:190} INFO - [2025-02-06T12:09:33.076+0000] {dag.py:4180} INFO - Setting next_dagrun for example_params_trigger_ui to None, run_after=None
[2025-02-06T12:09:33.144+0000] {processor.py:208} INFO - Processing /opt/conda/lib/python3.12/site-packages/airflow/example_dags/example_params_trigger_ui.py took 0.145 seconds
[2025-02-06T12:11:38.331+0000] {processor.py:186} INFO - Started process (PID=300) to work on /opt/conda/lib/python3.12/site-packages/airflow/example_dags/example_params_trigger_ui.py
[2025-02-06T12:11:38.332+0000] {processor.py:914} INFO - Processing file /opt/conda/lib/python3.12/site-packages/airflow/example_dags/example_params_trigger_ui.py for tasks to queue
[2025-02-06T12:11:38.335+0000] {logging_mixin.py:190} INFO - [2025-02-06T12:11:38.335+0000] {dagbag.py:588} INFO - Filling up the DagBag from /opt/conda/lib/python3.12/site-packages/airflow/example_dags/example_params_trigger_ui.py
[2025-02-06T12:11:38.343+0000] {processor.py:925} INFO - DAG(s) 'example_params_trigger_ui' retrieved from /opt/conda/lib/python3.12/site-packages/airflow/example_dags/example_params_trigger_ui.py
[2025-02-06T12:11:38.385+0000] {logging_mixin.py:190} INFO - [2025-02-06T12:11:38.384+0000] {dag.py:3239} INFO - Sync 1 DAGs
[2025-02-06T12:11:38.403+0000] {logging_mixin.py:190} INFO - [2025-02-06T12:11:38.402+0000] {dag.py:4180} INFO - Setting next_dagrun for example_params_trigger_ui to None, run_after=None
[2025-02-06T12:11:38.460+0000] {processor.py:208} INFO - Processing /opt/conda/lib/python3.12/site-packages/airflow/example_dags/example_params_trigger_ui.py took 0.133 seconds
[2025-02-06T12:14:37.441+0000] {processor.py:186} INFO - Started process (PID=290) to work on /opt/conda/lib/python3.12/site-packages/airflow/example_dags/example_params_trigger_ui.py
[2025-02-06T12:14:37.443+0000] {processor.py:914} INFO - Processing file /opt/conda/lib/python3.12/site-packages/airflow/example_dags/example_params_trigger_ui.py for tasks to queue
[2025-02-06T12:14:37.444+0000] {logging_mixin.py:190} INFO - [2025-02-06T12:14:37.444+0000] {dagbag.py:588} INFO - Filling up the DagBag from /opt/conda/lib/python3.12/site-packages/airflow/example_dags/example_params_trigger_ui.py
[2025-02-06T12:14:37.454+0000] {processor.py:925} INFO - DAG(s) 'example_params_trigger_ui' retrieved from /opt/conda/lib/python3.12/site-packages/airflow/example_dags/example_params_trigger_ui.py
[2025-02-06T12:14:37.495+0000] {logging_mixin.py:190} INFO - [2025-02-06T12:14:37.494+0000] {dag.py:3239} INFO - Sync 1 DAGs
[2025-02-06T12:14:37.508+0000] {logging_mixin.py:190} INFO - [2025-02-06T12:14:37.507+0000] {dag.py:4180} INFO - Setting next_dagrun for example_params_trigger_ui to None, run_after=None
[2025-02-06T12:14:37.573+0000] {processor.py:208} INFO - Processing /opt/conda/lib/python3.12/site-packages/airflow/example_dags/example_params_trigger_ui.py took 0.136 seconds
[2025-02-06T12:22:27.259+0000] {processor.py:186} INFO - Started process (PID=453) to work on /opt/conda/lib/python3.12/site-packages/airflow/example_dags/example_params_trigger_ui.py
[2025-02-06T12:22:27.261+0000] {processor.py:914} INFO - Processing file /opt/conda/lib/python3.12/site-packages/airflow/example_dags/example_params_trigger_ui.py for tasks to queue
[2025-02-06T12:22:27.262+0000] {logging_mixin.py:190} INFO - [2025-02-06T12:22:27.262+0000] {dagbag.py:588} INFO - Filling up the DagBag from /opt/conda/lib/python3.12/site-packages/airflow/example_dags/example_params_trigger_ui.py
[2025-02-06T12:22:27.270+0000] {processor.py:925} INFO - DAG(s) 'example_params_trigger_ui' retrieved from /opt/conda/lib/python3.12/site-packages/airflow/example_dags/example_params_trigger_ui.py
[2025-02-06T12:22:27.306+0000] {logging_mixin.py:190} INFO - [2025-02-06T12:22:27.306+0000] {dag.py:3239} INFO - Sync 1 DAGs
[2025-02-06T12:22:27.320+0000] {logging_mixin.py:190} INFO - [2025-02-06T12:22:27.319+0000] {dag.py:4180} INFO - Setting next_dagrun for example_params_trigger_ui to None, run_after=None
[2025-02-06T12:22:27.391+0000] {processor.py:208} INFO - Processing /opt/conda/lib/python3.12/site-packages/airflow/example_dags/example_params_trigger_ui.py took 0.136 seconds
[2025-02-06T12:24:33.627+0000] {processor.py:186} INFO - Started process (PID=1239) to work on /opt/conda/lib/python3.12/site-packages/airflow/example_dags/example_params_trigger_ui.py
[2025-02-06T12:24:33.628+0000] {processor.py:914} INFO - Processing file /opt/conda/lib/python3.12/site-packages/airflow/example_dags/example_params_trigger_ui.py for tasks to queue
[2025-02-06T12:24:33.630+0000] {logging_mixin.py:190} INFO - [2025-02-06T12:24:33.630+0000] {dagbag.py:588} INFO - Filling up the DagBag from /opt/conda/lib/python3.12/site-packages/airflow/example_dags/example_params_trigger_ui.py
[2025-02-06T12:24:33.639+0000] {processor.py:925} INFO - DAG(s) 'example_params_trigger_ui' retrieved from /opt/conda/lib/python3.12/site-packages/airflow/example_dags/example_params_trigger_ui.py
[2025-02-06T12:24:33.674+0000] {logging_mixin.py:190} INFO - [2025-02-06T12:24:33.674+0000] {dag.py:3239} INFO - Sync 1 DAGs
[2025-02-06T12:24:33.686+0000] {logging_mixin.py:190} INFO - [2025-02-06T12:24:33.686+0000] {dag.py:4180} INFO - Setting next_dagrun for example_params_trigger_ui to None, run_after=None
[2025-02-06T12:24:33.740+0000] {processor.py:208} INFO - Processing /opt/conda/lib/python3.12/site-packages/airflow/example_dags/example_params_trigger_ui.py took 0.116 seconds
[2025-02-06T12:27:55.684+0000] {processor.py:186} INFO - Started process (PID=2797) to work on /opt/conda/lib/python3.12/site-packages/airflow/example_dags/example_params_trigger_ui.py
[2025-02-06T12:27:55.685+0000] {processor.py:914} INFO - Processing file /opt/conda/lib/python3.12/site-packages/airflow/example_dags/example_params_trigger_ui.py for tasks to queue
[2025-02-06T12:27:55.687+0000] {logging_mixin.py:190} INFO - [2025-02-06T12:27:55.687+0000] {dagbag.py:588} INFO - Filling up the DagBag from /opt/conda/lib/python3.12/site-packages/airflow/example_dags/example_params_trigger_ui.py
[2025-02-06T12:27:55.698+0000] {processor.py:925} INFO - DAG(s) 'example_params_trigger_ui' retrieved from /opt/conda/lib/python3.12/site-packages/airflow/example_dags/example_params_trigger_ui.py
[2025-02-06T12:27:55.735+0000] {logging_mixin.py:190} INFO - [2025-02-06T12:27:55.735+0000] {dag.py:3239} INFO - Sync 1 DAGs
[2025-02-06T12:27:55.747+0000] {logging_mixin.py:190} INFO - [2025-02-06T12:27:55.747+0000] {dag.py:4180} INFO - Setting next_dagrun for example_params_trigger_ui to None, run_after=None
[2025-02-06T12:27:55.795+0000] {processor.py:208} INFO - Processing /opt/conda/lib/python3.12/site-packages/airflow/example_dags/example_params_trigger_ui.py took 0.116 seconds
[2025-02-06T12:31:48.660+0000] {processor.py:186} INFO - Started process (PID=4830) to work on /opt/conda/lib/python3.12/site-packages/airflow/example_dags/example_params_trigger_ui.py
[2025-02-06T12:31:48.660+0000] {processor.py:914} INFO - Processing file /opt/conda/lib/python3.12/site-packages/airflow/example_dags/example_params_trigger_ui.py for tasks to queue
[2025-02-06T12:31:48.662+0000] {logging_mixin.py:190} INFO - [2025-02-06T12:31:48.662+0000] {dagbag.py:588} INFO - Filling up the DagBag from /opt/conda/lib/python3.12/site-packages/airflow/example_dags/example_params_trigger_ui.py
[2025-02-06T12:31:48.670+0000] {processor.py:925} INFO - DAG(s) 'example_params_trigger_ui' retrieved from /opt/conda/lib/python3.12/site-packages/airflow/example_dags/example_params_trigger_ui.py
[2025-02-06T12:31:48.708+0000] {logging_mixin.py:190} INFO - [2025-02-06T12:31:48.707+0000] {dag.py:3239} INFO - Sync 1 DAGs
[2025-02-06T12:31:48.719+0000] {logging_mixin.py:190} INFO - [2025-02-06T12:31:48.719+0000] {dag.py:4180} INFO - Setting next_dagrun for example_params_trigger_ui to None, run_after=None
[2025-02-06T12:31:48.779+0000] {processor.py:208} INFO - Processing /opt/conda/lib/python3.12/site-packages/airflow/example_dags/example_params_trigger_ui.py took 0.123 seconds
[2025-02-06T12:35:52.791+0000] {processor.py:186} INFO - Started process (PID=6933) to work on /opt/conda/lib/python3.12/site-packages/airflow/example_dags/example_params_trigger_ui.py
[2025-02-06T12:35:52.793+0000] {processor.py:914} INFO - Processing file /opt/conda/lib/python3.12/site-packages/airflow/example_dags/example_params_trigger_ui.py for tasks to queue
[2025-02-06T12:35:52.795+0000] {logging_mixin.py:190} INFO - [2025-02-06T12:35:52.795+0000] {dagbag.py:588} INFO - Filling up the DagBag from /opt/conda/lib/python3.12/site-packages/airflow/example_dags/example_params_trigger_ui.py
[2025-02-06T12:35:52.803+0000] {processor.py:925} INFO - DAG(s) 'example_params_trigger_ui' retrieved from /opt/conda/lib/python3.12/site-packages/airflow/example_dags/example_params_trigger_ui.py
[2025-02-06T12:35:52.837+0000] {logging_mixin.py:190} INFO - [2025-02-06T12:35:52.837+0000] {dag.py:3239} INFO - Sync 1 DAGs
[2025-02-06T12:35:52.852+0000] {logging_mixin.py:190} INFO - [2025-02-06T12:35:52.852+0000] {dag.py:4180} INFO - Setting next_dagrun for example_params_trigger_ui to None, run_after=None
[2025-02-06T12:35:53.024+0000] {processor.py:208} INFO - Processing /opt/conda/lib/python3.12/site-packages/airflow/example_dags/example_params_trigger_ui.py took 0.237 seconds
[2025-02-06T12:40:03.642+0000] {processor.py:186} INFO - Started process (PID=9053) to work on /opt/conda/lib/python3.12/site-packages/airflow/example_dags/example_params_trigger_ui.py
[2025-02-06T12:40:03.643+0000] {processor.py:914} INFO - Processing file /opt/conda/lib/python3.12/site-packages/airflow/example_dags/example_params_trigger_ui.py for tasks to queue
[2025-02-06T12:40:03.646+0000] {logging_mixin.py:190} INFO - [2025-02-06T12:40:03.645+0000] {dagbag.py:588} INFO - Filling up the DagBag from /opt/conda/lib/python3.12/site-packages/airflow/example_dags/example_params_trigger_ui.py
[2025-02-06T12:40:03.655+0000] {processor.py:925} INFO - DAG(s) 'example_params_trigger_ui' retrieved from /opt/conda/lib/python3.12/site-packages/airflow/example_dags/example_params_trigger_ui.py
[2025-02-06T12:40:03.687+0000] {logging_mixin.py:190} INFO - [2025-02-06T12:40:03.687+0000] {dag.py:3239} INFO - Sync 1 DAGs
[2025-02-06T12:40:03.702+0000] {logging_mixin.py:190} INFO - [2025-02-06T12:40:03.702+0000] {dag.py:4180} INFO - Setting next_dagrun for example_params_trigger_ui to None, run_after=None
[2025-02-06T12:40:03.804+0000] {processor.py:208} INFO - Processing /opt/conda/lib/python3.12/site-packages/airflow/example_dags/example_params_trigger_ui.py took 0.166 seconds
[2025-02-06T12:44:08.137+0000] {processor.py:186} INFO - Started process (PID=11155) to work on /opt/conda/lib/python3.12/site-packages/airflow/example_dags/example_params_trigger_ui.py
[2025-02-06T12:44:08.138+0000] {processor.py:914} INFO - Processing file /opt/conda/lib/python3.12/site-packages/airflow/example_dags/example_params_trigger_ui.py for tasks to queue
[2025-02-06T12:44:08.140+0000] {logging_mixin.py:190} INFO - [2025-02-06T12:44:08.140+0000] {dagbag.py:588} INFO - Filling up the DagBag from /opt/conda/lib/python3.12/site-packages/airflow/example_dags/example_params_trigger_ui.py
[2025-02-06T12:44:08.149+0000] {processor.py:925} INFO - DAG(s) 'example_params_trigger_ui' retrieved from /opt/conda/lib/python3.12/site-packages/airflow/example_dags/example_params_trigger_ui.py
[2025-02-06T12:44:08.184+0000] {logging_mixin.py:190} INFO - [2025-02-06T12:44:08.184+0000] {dag.py:3239} INFO - Sync 1 DAGs
[2025-02-06T12:44:08.196+0000] {logging_mixin.py:190} INFO - [2025-02-06T12:44:08.196+0000] {dag.py:4180} INFO - Setting next_dagrun for example_params_trigger_ui to None, run_after=None
[2025-02-06T12:44:08.289+0000] {processor.py:208} INFO - Processing /opt/conda/lib/python3.12/site-packages/airflow/example_dags/example_params_trigger_ui.py took 0.155 seconds
[2025-02-06T12:48:43.370+0000] {processor.py:186} INFO - Started process (PID=13324) to work on /opt/conda/lib/python3.12/site-packages/airflow/example_dags/example_params_trigger_ui.py
[2025-02-06T12:48:43.371+0000] {processor.py:914} INFO - Processing file /opt/conda/lib/python3.12/site-packages/airflow/example_dags/example_params_trigger_ui.py for tasks to queue
[2025-02-06T12:48:43.375+0000] {logging_mixin.py:190} INFO - [2025-02-06T12:48:43.375+0000] {dagbag.py:588} INFO - Filling up the DagBag from /opt/conda/lib/python3.12/site-packages/airflow/example_dags/example_params_trigger_ui.py
[2025-02-06T12:48:43.384+0000] {processor.py:925} INFO - DAG(s) 'example_params_trigger_ui' retrieved from /opt/conda/lib/python3.12/site-packages/airflow/example_dags/example_params_trigger_ui.py
[2025-02-06T12:48:43.424+0000] {logging_mixin.py:190} INFO - [2025-02-06T12:48:43.423+0000] {dag.py:3239} INFO - Sync 1 DAGs
[2025-02-06T12:48:43.436+0000] {logging_mixin.py:190} INFO - [2025-02-06T12:48:43.436+0000] {dag.py:4180} INFO - Setting next_dagrun for example_params_trigger_ui to None, run_after=None
[2025-02-06T12:48:43.492+0000] {processor.py:208} INFO - Processing /opt/conda/lib/python3.12/site-packages/airflow/example_dags/example_params_trigger_ui.py took 0.126 seconds
[2025-02-06T12:59:07.251+0000] {processor.py:186} INFO - Started process (PID=477) to work on /opt/conda/lib/python3.12/site-packages/airflow/example_dags/example_params_trigger_ui.py
[2025-02-06T12:59:07.253+0000] {processor.py:914} INFO - Processing file /opt/conda/lib/python3.12/site-packages/airflow/example_dags/example_params_trigger_ui.py for tasks to queue
[2025-02-06T12:59:07.260+0000] {logging_mixin.py:190} INFO - [2025-02-06T12:59:07.259+0000] {dagbag.py:588} INFO - Filling up the DagBag from /opt/conda/lib/python3.12/site-packages/airflow/example_dags/example_params_trigger_ui.py
[2025-02-06T12:59:07.270+0000] {processor.py:925} INFO - DAG(s) 'example_params_trigger_ui' retrieved from /opt/conda/lib/python3.12/site-packages/airflow/example_dags/example_params_trigger_ui.py
[2025-02-06T12:59:07.351+0000] {logging_mixin.py:190} INFO - [2025-02-06T12:59:07.351+0000] {dag.py:3239} INFO - Sync 1 DAGs
[2025-02-06T12:59:07.379+0000] {logging_mixin.py:190} INFO - [2025-02-06T12:59:07.379+0000] {dag.py:4180} INFO - Setting next_dagrun for example_params_trigger_ui to None, run_after=None
[2025-02-06T12:59:07.478+0000] {processor.py:208} INFO - Processing /opt/conda/lib/python3.12/site-packages/airflow/example_dags/example_params_trigger_ui.py took 0.231 seconds
[2025-02-06T13:02:34.562+0000] {processor.py:186} INFO - Started process (PID=1473) to work on /opt/conda/lib/python3.12/site-packages/airflow/example_dags/example_params_trigger_ui.py
[2025-02-06T13:02:34.564+0000] {processor.py:914} INFO - Processing file /opt/conda/lib/python3.12/site-packages/airflow/example_dags/example_params_trigger_ui.py for tasks to queue
[2025-02-06T13:02:34.571+0000] {logging_mixin.py:190} INFO - [2025-02-06T13:02:34.569+0000] {dagbag.py:588} INFO - Filling up the DagBag from /opt/conda/lib/python3.12/site-packages/airflow/example_dags/example_params_trigger_ui.py
[2025-02-06T13:02:34.625+0000] {processor.py:925} INFO - DAG(s) 'example_params_trigger_ui' retrieved from /opt/conda/lib/python3.12/site-packages/airflow/example_dags/example_params_trigger_ui.py
[2025-02-06T13:02:34.725+0000] {logging_mixin.py:190} INFO - [2025-02-06T13:02:34.725+0000] {dag.py:3239} INFO - Sync 1 DAGs
[2025-02-06T13:02:34.764+0000] {logging_mixin.py:190} INFO - [2025-02-06T13:02:34.763+0000] {dag.py:4180} INFO - Setting next_dagrun for example_params_trigger_ui to None, run_after=None
[2025-02-06T13:02:34.851+0000] {processor.py:208} INFO - Processing /opt/conda/lib/python3.12/site-packages/airflow/example_dags/example_params_trigger_ui.py took 0.295 seconds
[2025-02-06T13:05:00.902+0000] {processor.py:186} INFO - Started process (PID=2266) to work on /opt/conda/lib/python3.12/site-packages/airflow/example_dags/example_params_trigger_ui.py
[2025-02-06T13:05:00.903+0000] {processor.py:914} INFO - Processing file /opt/conda/lib/python3.12/site-packages/airflow/example_dags/example_params_trigger_ui.py for tasks to queue
[2025-02-06T13:05:00.905+0000] {logging_mixin.py:190} INFO - [2025-02-06T13:05:00.905+0000] {dagbag.py:588} INFO - Filling up the DagBag from /opt/conda/lib/python3.12/site-packages/airflow/example_dags/example_params_trigger_ui.py
[2025-02-06T13:05:00.919+0000] {processor.py:925} INFO - DAG(s) 'example_params_trigger_ui' retrieved from /opt/conda/lib/python3.12/site-packages/airflow/example_dags/example_params_trigger_ui.py
[2025-02-06T13:05:00.959+0000] {logging_mixin.py:190} INFO - [2025-02-06T13:05:00.959+0000] {dag.py:3239} INFO - Sync 1 DAGs
[2025-02-06T13:05:00.972+0000] {logging_mixin.py:190} INFO - [2025-02-06T13:05:00.971+0000] {dag.py:4180} INFO - Setting next_dagrun for example_params_trigger_ui to None, run_after=None
[2025-02-06T13:05:01.034+0000] {processor.py:208} INFO - Processing /opt/conda/lib/python3.12/site-packages/airflow/example_dags/example_params_trigger_ui.py took 0.136 seconds
[2025-02-06T13:19:57.346+0000] {processor.py:186} INFO - Started process (PID=565) to work on /opt/conda/lib/python3.12/site-packages/airflow/example_dags/example_params_trigger_ui.py
[2025-02-06T13:19:57.347+0000] {processor.py:914} INFO - Processing file /opt/conda/lib/python3.12/site-packages/airflow/example_dags/example_params_trigger_ui.py for tasks to queue
[2025-02-06T13:19:57.350+0000] {logging_mixin.py:190} INFO - [2025-02-06T13:19:57.349+0000] {dagbag.py:588} INFO - Filling up the DagBag from /opt/conda/lib/python3.12/site-packages/airflow/example_dags/example_params_trigger_ui.py
[2025-02-06T13:19:57.359+0000] {processor.py:925} INFO - DAG(s) 'example_params_trigger_ui' retrieved from /opt/conda/lib/python3.12/site-packages/airflow/example_dags/example_params_trigger_ui.py
[2025-02-06T13:19:57.394+0000] {logging_mixin.py:190} INFO - [2025-02-06T13:19:57.394+0000] {dag.py:3239} INFO - Sync 1 DAGs
[2025-02-06T13:19:57.406+0000] {logging_mixin.py:190} INFO - [2025-02-06T13:19:57.406+0000] {dag.py:4180} INFO - Setting next_dagrun for example_params_trigger_ui to None, run_after=None
[2025-02-06T13:19:57.528+0000] {processor.py:208} INFO - Processing /opt/conda/lib/python3.12/site-packages/airflow/example_dags/example_params_trigger_ui.py took 0.186 seconds
[2025-02-06T13:23:59.766+0000] {processor.py:186} INFO - Started process (PID=2123) to work on /opt/conda/lib/python3.12/site-packages/airflow/example_dags/example_params_trigger_ui.py
[2025-02-06T13:23:59.767+0000] {processor.py:914} INFO - Processing file /opt/conda/lib/python3.12/site-packages/airflow/example_dags/example_params_trigger_ui.py for tasks to queue
[2025-02-06T13:23:59.769+0000] {logging_mixin.py:190} INFO - [2025-02-06T13:23:59.768+0000] {dagbag.py:588} INFO - Filling up the DagBag from /opt/conda/lib/python3.12/site-packages/airflow/example_dags/example_params_trigger_ui.py
[2025-02-06T13:23:59.779+0000] {processor.py:925} INFO - DAG(s) 'example_params_trigger_ui' retrieved from /opt/conda/lib/python3.12/site-packages/airflow/example_dags/example_params_trigger_ui.py
[2025-02-06T13:23:59.820+0000] {logging_mixin.py:190} INFO - [2025-02-06T13:23:59.820+0000] {dag.py:3239} INFO - Sync 1 DAGs
[2025-02-06T13:23:59.835+0000] {logging_mixin.py:190} INFO - [2025-02-06T13:23:59.835+0000] {dag.py:4180} INFO - Setting next_dagrun for example_params_trigger_ui to None, run_after=None
[2025-02-06T13:23:59.893+0000] {processor.py:208} INFO - Processing /opt/conda/lib/python3.12/site-packages/airflow/example_dags/example_params_trigger_ui.py took 0.131 seconds
[2025-02-06T13:28:25.780+0000] {processor.py:186} INFO - Started process (PID=4058) to work on /opt/conda/lib/python3.12/site-packages/airflow/example_dags/example_params_trigger_ui.py
[2025-02-06T13:28:25.781+0000] {processor.py:914} INFO - Processing file /opt/conda/lib/python3.12/site-packages/airflow/example_dags/example_params_trigger_ui.py for tasks to queue
[2025-02-06T13:28:25.783+0000] {logging_mixin.py:190} INFO - [2025-02-06T13:28:25.783+0000] {dagbag.py:588} INFO - Filling up the DagBag from /opt/conda/lib/python3.12/site-packages/airflow/example_dags/example_params_trigger_ui.py
[2025-02-06T13:28:25.791+0000] {processor.py:925} INFO - DAG(s) 'example_params_trigger_ui' retrieved from /opt/conda/lib/python3.12/site-packages/airflow/example_dags/example_params_trigger_ui.py
[2025-02-06T13:28:25.827+0000] {logging_mixin.py:190} INFO - [2025-02-06T13:28:25.827+0000] {dag.py:3239} INFO - Sync 1 DAGs
[2025-02-06T13:28:25.841+0000] {logging_mixin.py:190} INFO - [2025-02-06T13:28:25.841+0000] {dag.py:4180} INFO - Setting next_dagrun for example_params_trigger_ui to None, run_after=None
[2025-02-06T13:28:25.894+0000] {processor.py:208} INFO - Processing /opt/conda/lib/python3.12/site-packages/airflow/example_dags/example_params_trigger_ui.py took 0.118 seconds
[2025-02-06T13:32:20.358+0000] {processor.py:186} INFO - Started process (PID=5594) to work on /opt/conda/lib/python3.12/site-packages/airflow/example_dags/example_params_trigger_ui.py
[2025-02-06T13:32:20.359+0000] {processor.py:914} INFO - Processing file /opt/conda/lib/python3.12/site-packages/airflow/example_dags/example_params_trigger_ui.py for tasks to queue
[2025-02-06T13:32:20.361+0000] {logging_mixin.py:190} INFO - [2025-02-06T13:32:20.361+0000] {dagbag.py:588} INFO - Filling up the DagBag from /opt/conda/lib/python3.12/site-packages/airflow/example_dags/example_params_trigger_ui.py
[2025-02-06T13:32:20.373+0000] {processor.py:925} INFO - DAG(s) 'example_params_trigger_ui' retrieved from /opt/conda/lib/python3.12/site-packages/airflow/example_dags/example_params_trigger_ui.py
[2025-02-06T13:32:20.423+0000] {logging_mixin.py:190} INFO - [2025-02-06T13:32:20.423+0000] {dag.py:3239} INFO - Sync 1 DAGs
[2025-02-06T13:32:20.445+0000] {logging_mixin.py:190} INFO - [2025-02-06T13:32:20.445+0000] {dag.py:4180} INFO - Setting next_dagrun for example_params_trigger_ui to None, run_after=None
[2025-02-06T13:32:20.538+0000] {processor.py:208} INFO - Processing /opt/conda/lib/python3.12/site-packages/airflow/example_dags/example_params_trigger_ui.py took 0.186 seconds
