[2025-02-06T08:26:58.929+0000] {processor.py:186} INFO - Started process (PID=61) to work on /opt/conda/lib/python3.12/site-packages/airflow/example_dags/example_bash_operator.py
[2025-02-06T08:26:58.930+0000] {processor.py:914} INFO - Processing file /opt/conda/lib/python3.12/site-packages/airflow/example_dags/example_bash_operator.py for tasks to queue
[2025-02-06T08:26:58.932+0000] {logging_mixin.py:190} INFO - [2025-02-06T08:26:58.931+0000] {dagbag.py:588} INFO - Filling up the DagBag from /opt/conda/lib/python3.12/site-packages/airflow/example_dags/example_bash_operator.py
[2025-02-06T08:26:58.952+0000] {processor.py:925} INFO - DAG(s) 'example_bash_operator' retrieved from /opt/conda/lib/python3.12/site-packages/airflow/example_dags/example_bash_operator.py
[2025-02-06T08:26:59.097+0000] {logging_mixin.py:190} INFO - [2025-02-06T08:26:59.094+0000] {override.py:1912} INFO - Created Permission View: can delete on DAG:example_bash_operator
[2025-02-06T08:26:59.143+0000] {logging_mixin.py:190} INFO - [2025-02-06T08:26:59.143+0000] {override.py:1912} INFO - Created Permission View: can read on DAG:example_bash_operator
[2025-02-06T08:26:59.178+0000] {logging_mixin.py:190} INFO - [2025-02-06T08:26:59.178+0000] {override.py:1912} INFO - Created Permission View: can edit on DAG:example_bash_operator
[2025-02-06T08:26:59.238+0000] {logging_mixin.py:190} INFO - [2025-02-06T08:26:59.237+0000] {override.py:1912} INFO - Created Permission View: menu access on DAG Run:example_bash_operator
[2025-02-06T08:26:59.272+0000] {logging_mixin.py:190} INFO - [2025-02-06T08:26:59.272+0000] {override.py:1912} INFO - Created Permission View: can create on DAG Run:example_bash_operator
[2025-02-06T08:26:59.309+0000] {logging_mixin.py:190} INFO - [2025-02-06T08:26:59.308+0000] {override.py:1912} INFO - Created Permission View: can read on DAG Run:example_bash_operator
[2025-02-06T08:26:59.340+0000] {logging_mixin.py:190} INFO - [2025-02-06T08:26:59.340+0000] {override.py:1912} INFO - Created Permission View: can delete on DAG Run:example_bash_operator
[2025-02-06T08:26:59.341+0000] {logging_mixin.py:190} INFO - [2025-02-06T08:26:59.341+0000] {dag.py:3239} INFO - Sync 1 DAGs
[2025-02-06T08:26:59.365+0000] {logging_mixin.py:190} INFO - [2025-02-06T08:26:59.365+0000] {dag.py:3262} INFO - Creating ORM DAG for example_bash_operator
[2025-02-06T08:26:59.378+0000] {logging_mixin.py:190} INFO - [2025-02-06T08:26:59.378+0000] {dag.py:4180} INFO - Setting next_dagrun for example_bash_operator to 2025-02-05 00:00:00+00:00, run_after=2025-02-06 00:00:00+00:00
[2025-02-06T08:26:59.449+0000] {processor.py:208} INFO - Processing /opt/conda/lib/python3.12/site-packages/airflow/example_dags/example_bash_operator.py took 0.527 seconds
[2025-02-06T08:30:45.213+0000] {processor.py:186} INFO - Started process (PID=61) to work on /opt/conda/lib/python3.12/site-packages/airflow/example_dags/example_bash_operator.py
[2025-02-06T08:30:45.215+0000] {processor.py:914} INFO - Processing file /opt/conda/lib/python3.12/site-packages/airflow/example_dags/example_bash_operator.py for tasks to queue
[2025-02-06T08:30:45.217+0000] {logging_mixin.py:190} INFO - [2025-02-06T08:30:45.217+0000] {dagbag.py:588} INFO - Filling up the DagBag from /opt/conda/lib/python3.12/site-packages/airflow/example_dags/example_bash_operator.py
[2025-02-06T08:30:45.233+0000] {processor.py:925} INFO - DAG(s) 'example_bash_operator' retrieved from /opt/conda/lib/python3.12/site-packages/airflow/example_dags/example_bash_operator.py
[2025-02-06T08:30:45.269+0000] {logging_mixin.py:190} INFO - [2025-02-06T08:30:45.268+0000] {dag.py:3239} INFO - Sync 1 DAGs
[2025-02-06T08:30:45.301+0000] {logging_mixin.py:190} INFO - [2025-02-06T08:30:45.300+0000] {dag.py:4180} INFO - Setting next_dagrun for example_bash_operator to 2025-02-05 00:00:00+00:00, run_after=2025-02-06 00:00:00+00:00
[2025-02-06T08:30:45.406+0000] {processor.py:208} INFO - Processing /opt/conda/lib/python3.12/site-packages/airflow/example_dags/example_bash_operator.py took 0.200 seconds
[2025-02-06T08:31:50.451+0000] {processor.py:186} INFO - Started process (PID=119) to work on /opt/conda/lib/python3.12/site-packages/airflow/example_dags/example_bash_operator.py
[2025-02-06T08:31:50.452+0000] {processor.py:914} INFO - Processing file /opt/conda/lib/python3.12/site-packages/airflow/example_dags/example_bash_operator.py for tasks to queue
[2025-02-06T08:31:50.453+0000] {logging_mixin.py:190} INFO - [2025-02-06T08:31:50.453+0000] {dagbag.py:588} INFO - Filling up the DagBag from /opt/conda/lib/python3.12/site-packages/airflow/example_dags/example_bash_operator.py
[2025-02-06T08:31:50.462+0000] {processor.py:925} INFO - DAG(s) 'example_bash_operator' retrieved from /opt/conda/lib/python3.12/site-packages/airflow/example_dags/example_bash_operator.py
[2025-02-06T08:31:50.495+0000] {logging_mixin.py:190} INFO - [2025-02-06T08:31:50.495+0000] {dag.py:3239} INFO - Sync 1 DAGs
[2025-02-06T08:31:50.521+0000] {logging_mixin.py:190} INFO - [2025-02-06T08:31:50.521+0000] {dag.py:4180} INFO - Setting next_dagrun for example_bash_operator to 2025-02-05 00:00:00+00:00, run_after=2025-02-06 00:00:00+00:00
[2025-02-06T08:31:50.583+0000] {processor.py:208} INFO - Processing /opt/conda/lib/python3.12/site-packages/airflow/example_dags/example_bash_operator.py took 0.137 seconds
[2025-02-06T08:32:59.835+0000] {processor.py:186} INFO - Started process (PID=180) to work on /opt/conda/lib/python3.12/site-packages/airflow/example_dags/example_bash_operator.py
[2025-02-06T08:32:59.836+0000] {processor.py:914} INFO - Processing file /opt/conda/lib/python3.12/site-packages/airflow/example_dags/example_bash_operator.py for tasks to queue
[2025-02-06T08:32:59.837+0000] {logging_mixin.py:190} INFO - [2025-02-06T08:32:59.837+0000] {dagbag.py:588} INFO - Filling up the DagBag from /opt/conda/lib/python3.12/site-packages/airflow/example_dags/example_bash_operator.py
[2025-02-06T08:32:59.849+0000] {processor.py:925} INFO - DAG(s) 'example_bash_operator' retrieved from /opt/conda/lib/python3.12/site-packages/airflow/example_dags/example_bash_operator.py
[2025-02-06T08:32:59.882+0000] {logging_mixin.py:190} INFO - [2025-02-06T08:32:59.881+0000] {dag.py:3239} INFO - Sync 1 DAGs
[2025-02-06T08:32:59.905+0000] {logging_mixin.py:190} INFO - [2025-02-06T08:32:59.905+0000] {dag.py:4180} INFO - Setting next_dagrun for example_bash_operator to 2025-02-05 00:00:00+00:00, run_after=2025-02-06 00:00:00+00:00
[2025-02-06T08:32:59.968+0000] {processor.py:208} INFO - Processing /opt/conda/lib/python3.12/site-packages/airflow/example_dags/example_bash_operator.py took 0.140 seconds
[2025-02-06T08:34:11.512+0000] {processor.py:186} INFO - Started process (PID=242) to work on /opt/conda/lib/python3.12/site-packages/airflow/example_dags/example_bash_operator.py
[2025-02-06T08:34:11.513+0000] {processor.py:914} INFO - Processing file /opt/conda/lib/python3.12/site-packages/airflow/example_dags/example_bash_operator.py for tasks to queue
[2025-02-06T08:34:11.514+0000] {logging_mixin.py:190} INFO - [2025-02-06T08:34:11.514+0000] {dagbag.py:588} INFO - Filling up the DagBag from /opt/conda/lib/python3.12/site-packages/airflow/example_dags/example_bash_operator.py
[2025-02-06T08:34:11.523+0000] {processor.py:925} INFO - DAG(s) 'example_bash_operator' retrieved from /opt/conda/lib/python3.12/site-packages/airflow/example_dags/example_bash_operator.py
[2025-02-06T08:34:11.548+0000] {logging_mixin.py:190} INFO - [2025-02-06T08:34:11.548+0000] {dag.py:3239} INFO - Sync 1 DAGs
[2025-02-06T08:34:11.567+0000] {logging_mixin.py:190} INFO - [2025-02-06T08:34:11.567+0000] {dag.py:4180} INFO - Setting next_dagrun for example_bash_operator to 2025-02-05 00:00:00+00:00, run_after=2025-02-06 00:00:00+00:00
[2025-02-06T08:34:11.626+0000] {processor.py:208} INFO - Processing /opt/conda/lib/python3.12/site-packages/airflow/example_dags/example_bash_operator.py took 0.119 seconds
[2025-02-06T08:35:29.514+0000] {processor.py:186} INFO - Started process (PID=307) to work on /opt/conda/lib/python3.12/site-packages/airflow/example_dags/example_bash_operator.py
[2025-02-06T08:35:29.515+0000] {processor.py:914} INFO - Processing file /opt/conda/lib/python3.12/site-packages/airflow/example_dags/example_bash_operator.py for tasks to queue
[2025-02-06T08:35:29.517+0000] {logging_mixin.py:190} INFO - [2025-02-06T08:35:29.516+0000] {dagbag.py:588} INFO - Filling up the DagBag from /opt/conda/lib/python3.12/site-packages/airflow/example_dags/example_bash_operator.py
[2025-02-06T08:35:29.528+0000] {processor.py:925} INFO - DAG(s) 'example_bash_operator' retrieved from /opt/conda/lib/python3.12/site-packages/airflow/example_dags/example_bash_operator.py
[2025-02-06T08:35:29.557+0000] {logging_mixin.py:190} INFO - [2025-02-06T08:35:29.556+0000] {dag.py:3239} INFO - Sync 1 DAGs
[2025-02-06T08:35:29.584+0000] {logging_mixin.py:190} INFO - [2025-02-06T08:35:29.584+0000] {dag.py:4180} INFO - Setting next_dagrun for example_bash_operator to 2025-02-05 00:00:00+00:00, run_after=2025-02-06 00:00:00+00:00
[2025-02-06T08:35:29.651+0000] {processor.py:208} INFO - Processing /opt/conda/lib/python3.12/site-packages/airflow/example_dags/example_bash_operator.py took 0.141 seconds
[2025-02-06T08:36:47.068+0000] {processor.py:186} INFO - Started process (PID=372) to work on /opt/conda/lib/python3.12/site-packages/airflow/example_dags/example_bash_operator.py
[2025-02-06T08:36:47.070+0000] {processor.py:914} INFO - Processing file /opt/conda/lib/python3.12/site-packages/airflow/example_dags/example_bash_operator.py for tasks to queue
[2025-02-06T08:36:47.071+0000] {logging_mixin.py:190} INFO - [2025-02-06T08:36:47.070+0000] {dagbag.py:588} INFO - Filling up the DagBag from /opt/conda/lib/python3.12/site-packages/airflow/example_dags/example_bash_operator.py
[2025-02-06T08:36:47.082+0000] {processor.py:925} INFO - DAG(s) 'example_bash_operator' retrieved from /opt/conda/lib/python3.12/site-packages/airflow/example_dags/example_bash_operator.py
[2025-02-06T08:36:47.192+0000] {logging_mixin.py:190} INFO - [2025-02-06T08:36:47.191+0000] {dag.py:3239} INFO - Sync 1 DAGs
[2025-02-06T08:36:47.211+0000] {logging_mixin.py:190} INFO - [2025-02-06T08:36:47.211+0000] {dag.py:4180} INFO - Setting next_dagrun for example_bash_operator to 2025-02-05 00:00:00+00:00, run_after=2025-02-06 00:00:00+00:00
[2025-02-06T08:36:47.262+0000] {processor.py:208} INFO - Processing /opt/conda/lib/python3.12/site-packages/airflow/example_dags/example_bash_operator.py took 0.198 seconds
[2025-02-06T08:38:08.388+0000] {processor.py:186} INFO - Started process (PID=439) to work on /opt/conda/lib/python3.12/site-packages/airflow/example_dags/example_bash_operator.py
[2025-02-06T08:38:08.390+0000] {processor.py:914} INFO - Processing file /opt/conda/lib/python3.12/site-packages/airflow/example_dags/example_bash_operator.py for tasks to queue
[2025-02-06T08:38:08.392+0000] {logging_mixin.py:190} INFO - [2025-02-06T08:38:08.391+0000] {dagbag.py:588} INFO - Filling up the DagBag from /opt/conda/lib/python3.12/site-packages/airflow/example_dags/example_bash_operator.py
[2025-02-06T08:38:08.410+0000] {processor.py:925} INFO - DAG(s) 'example_bash_operator' retrieved from /opt/conda/lib/python3.12/site-packages/airflow/example_dags/example_bash_operator.py
[2025-02-06T08:38:08.456+0000] {logging_mixin.py:190} INFO - [2025-02-06T08:38:08.455+0000] {dag.py:3239} INFO - Sync 1 DAGs
[2025-02-06T08:38:08.491+0000] {logging_mixin.py:190} INFO - [2025-02-06T08:38:08.491+0000] {dag.py:4180} INFO - Setting next_dagrun for example_bash_operator to 2025-02-05 00:00:00+00:00, run_after=2025-02-06 00:00:00+00:00
[2025-02-06T08:38:08.574+0000] {processor.py:208} INFO - Processing /opt/conda/lib/python3.12/site-packages/airflow/example_dags/example_bash_operator.py took 0.196 seconds
[2025-02-06T08:39:23.089+0000] {processor.py:186} INFO - Started process (PID=504) to work on /opt/conda/lib/python3.12/site-packages/airflow/example_dags/example_bash_operator.py
[2025-02-06T08:39:23.090+0000] {processor.py:914} INFO - Processing file /opt/conda/lib/python3.12/site-packages/airflow/example_dags/example_bash_operator.py for tasks to queue
[2025-02-06T08:39:23.092+0000] {logging_mixin.py:190} INFO - [2025-02-06T08:39:23.091+0000] {dagbag.py:588} INFO - Filling up the DagBag from /opt/conda/lib/python3.12/site-packages/airflow/example_dags/example_bash_operator.py
[2025-02-06T08:39:23.102+0000] {processor.py:925} INFO - DAG(s) 'example_bash_operator' retrieved from /opt/conda/lib/python3.12/site-packages/airflow/example_dags/example_bash_operator.py
[2025-02-06T08:39:23.127+0000] {logging_mixin.py:190} INFO - [2025-02-06T08:39:23.127+0000] {dag.py:3239} INFO - Sync 1 DAGs
[2025-02-06T08:39:23.150+0000] {logging_mixin.py:190} INFO - [2025-02-06T08:39:23.149+0000] {dag.py:4180} INFO - Setting next_dagrun for example_bash_operator to 2025-02-05 00:00:00+00:00, run_after=2025-02-06 00:00:00+00:00
[2025-02-06T08:39:23.208+0000] {processor.py:208} INFO - Processing /opt/conda/lib/python3.12/site-packages/airflow/example_dags/example_bash_operator.py took 0.124 seconds
[2025-02-06T08:40:42.497+0000] {processor.py:186} INFO - Started process (PID=571) to work on /opt/conda/lib/python3.12/site-packages/airflow/example_dags/example_bash_operator.py
[2025-02-06T08:40:42.498+0000] {processor.py:914} INFO - Processing file /opt/conda/lib/python3.12/site-packages/airflow/example_dags/example_bash_operator.py for tasks to queue
[2025-02-06T08:40:42.500+0000] {logging_mixin.py:190} INFO - [2025-02-06T08:40:42.499+0000] {dagbag.py:588} INFO - Filling up the DagBag from /opt/conda/lib/python3.12/site-packages/airflow/example_dags/example_bash_operator.py
[2025-02-06T08:40:42.511+0000] {processor.py:925} INFO - DAG(s) 'example_bash_operator' retrieved from /opt/conda/lib/python3.12/site-packages/airflow/example_dags/example_bash_operator.py
[2025-02-06T08:40:42.536+0000] {logging_mixin.py:190} INFO - [2025-02-06T08:40:42.536+0000] {dag.py:3239} INFO - Sync 1 DAGs
[2025-02-06T08:40:42.560+0000] {logging_mixin.py:190} INFO - [2025-02-06T08:40:42.560+0000] {dag.py:4180} INFO - Setting next_dagrun for example_bash_operator to 2025-02-05 00:00:00+00:00, run_after=2025-02-06 00:00:00+00:00
[2025-02-06T08:40:42.613+0000] {processor.py:208} INFO - Processing /opt/conda/lib/python3.12/site-packages/airflow/example_dags/example_bash_operator.py took 0.120 seconds
[2025-02-06T08:41:54.931+0000] {processor.py:186} INFO - Started process (PID=634) to work on /opt/conda/lib/python3.12/site-packages/airflow/example_dags/example_bash_operator.py
[2025-02-06T08:41:54.933+0000] {processor.py:914} INFO - Processing file /opt/conda/lib/python3.12/site-packages/airflow/example_dags/example_bash_operator.py for tasks to queue
[2025-02-06T08:41:54.934+0000] {logging_mixin.py:190} INFO - [2025-02-06T08:41:54.934+0000] {dagbag.py:588} INFO - Filling up the DagBag from /opt/conda/lib/python3.12/site-packages/airflow/example_dags/example_bash_operator.py
[2025-02-06T08:41:54.946+0000] {processor.py:925} INFO - DAG(s) 'example_bash_operator' retrieved from /opt/conda/lib/python3.12/site-packages/airflow/example_dags/example_bash_operator.py
[2025-02-06T08:41:54.971+0000] {logging_mixin.py:190} INFO - [2025-02-06T08:41:54.971+0000] {dag.py:3239} INFO - Sync 1 DAGs
[2025-02-06T08:41:54.996+0000] {logging_mixin.py:190} INFO - [2025-02-06T08:41:54.995+0000] {dag.py:4180} INFO - Setting next_dagrun for example_bash_operator to 2025-02-05 00:00:00+00:00, run_after=2025-02-06 00:00:00+00:00
[2025-02-06T08:41:55.055+0000] {processor.py:208} INFO - Processing /opt/conda/lib/python3.12/site-packages/airflow/example_dags/example_bash_operator.py took 0.129 seconds
[2025-02-06T08:43:37.238+0000] {processor.py:186} INFO - Started process (PID=62) to work on /opt/conda/lib/python3.12/site-packages/airflow/example_dags/example_bash_operator.py
[2025-02-06T08:43:37.239+0000] {processor.py:914} INFO - Processing file /opt/conda/lib/python3.12/site-packages/airflow/example_dags/example_bash_operator.py for tasks to queue
[2025-02-06T08:43:37.244+0000] {logging_mixin.py:190} INFO - [2025-02-06T08:43:37.242+0000] {dagbag.py:588} INFO - Filling up the DagBag from /opt/conda/lib/python3.12/site-packages/airflow/example_dags/example_bash_operator.py
[2025-02-06T08:43:37.259+0000] {processor.py:925} INFO - DAG(s) 'example_bash_operator' retrieved from /opt/conda/lib/python3.12/site-packages/airflow/example_dags/example_bash_operator.py
[2025-02-06T08:43:37.290+0000] {logging_mixin.py:190} INFO - [2025-02-06T08:43:37.290+0000] {dag.py:3239} INFO - Sync 1 DAGs
[2025-02-06T08:43:37.313+0000] {logging_mixin.py:190} INFO - [2025-02-06T08:43:37.313+0000] {dag.py:4180} INFO - Setting next_dagrun for example_bash_operator to 2025-02-05 00:00:00+00:00, run_after=2025-02-06 00:00:00+00:00
[2025-02-06T08:43:37.368+0000] {processor.py:208} INFO - Processing /opt/conda/lib/python3.12/site-packages/airflow/example_dags/example_bash_operator.py took 0.134 seconds
[2025-02-06T08:44:47.281+0000] {processor.py:186} INFO - Started process (PID=120) to work on /opt/conda/lib/python3.12/site-packages/airflow/example_dags/example_bash_operator.py
[2025-02-06T08:44:47.282+0000] {processor.py:914} INFO - Processing file /opt/conda/lib/python3.12/site-packages/airflow/example_dags/example_bash_operator.py for tasks to queue
[2025-02-06T08:44:47.284+0000] {logging_mixin.py:190} INFO - [2025-02-06T08:44:47.283+0000] {dagbag.py:588} INFO - Filling up the DagBag from /opt/conda/lib/python3.12/site-packages/airflow/example_dags/example_bash_operator.py
[2025-02-06T08:44:47.299+0000] {processor.py:925} INFO - DAG(s) 'example_bash_operator' retrieved from /opt/conda/lib/python3.12/site-packages/airflow/example_dags/example_bash_operator.py
[2025-02-06T08:44:47.326+0000] {logging_mixin.py:190} INFO - [2025-02-06T08:44:47.326+0000] {dag.py:3239} INFO - Sync 1 DAGs
[2025-02-06T08:44:47.347+0000] {logging_mixin.py:190} INFO - [2025-02-06T08:44:47.347+0000] {dag.py:4180} INFO - Setting next_dagrun for example_bash_operator to 2025-02-05 00:00:00+00:00, run_after=2025-02-06 00:00:00+00:00
[2025-02-06T08:44:47.413+0000] {processor.py:208} INFO - Processing /opt/conda/lib/python3.12/site-packages/airflow/example_dags/example_bash_operator.py took 0.135 seconds
[2025-02-06T08:46:25.417+0000] {processor.py:186} INFO - Started process (PID=249) to work on /opt/conda/lib/python3.12/site-packages/airflow/example_dags/example_bash_operator.py
[2025-02-06T08:46:25.418+0000] {processor.py:914} INFO - Processing file /opt/conda/lib/python3.12/site-packages/airflow/example_dags/example_bash_operator.py for tasks to queue
[2025-02-06T08:46:25.421+0000] {logging_mixin.py:190} INFO - [2025-02-06T08:46:25.421+0000] {dagbag.py:588} INFO - Filling up the DagBag from /opt/conda/lib/python3.12/site-packages/airflow/example_dags/example_bash_operator.py
[2025-02-06T08:46:25.431+0000] {processor.py:925} INFO - DAG(s) 'example_bash_operator' retrieved from /opt/conda/lib/python3.12/site-packages/airflow/example_dags/example_bash_operator.py
[2025-02-06T08:46:25.459+0000] {logging_mixin.py:190} INFO - [2025-02-06T08:46:25.459+0000] {dag.py:3239} INFO - Sync 1 DAGs
[2025-02-06T08:46:25.481+0000] {logging_mixin.py:190} INFO - [2025-02-06T08:46:25.481+0000] {dag.py:4180} INFO - Setting next_dagrun for example_bash_operator to 2025-02-05 00:00:00+00:00, run_after=2025-02-06 00:00:00+00:00
[2025-02-06T08:46:25.543+0000] {processor.py:208} INFO - Processing /opt/conda/lib/python3.12/site-packages/airflow/example_dags/example_bash_operator.py took 0.131 seconds
[2025-02-06T08:49:18.703+0000] {processor.py:186} INFO - Started process (PID=194) to work on /opt/conda/lib/python3.12/site-packages/airflow/example_dags/example_bash_operator.py
[2025-02-06T08:49:18.704+0000] {processor.py:914} INFO - Processing file /opt/conda/lib/python3.12/site-packages/airflow/example_dags/example_bash_operator.py for tasks to queue
[2025-02-06T08:49:18.705+0000] {logging_mixin.py:190} INFO - [2025-02-06T08:49:18.705+0000] {dagbag.py:588} INFO - Filling up the DagBag from /opt/conda/lib/python3.12/site-packages/airflow/example_dags/example_bash_operator.py
[2025-02-06T08:49:18.716+0000] {processor.py:925} INFO - DAG(s) 'example_bash_operator' retrieved from /opt/conda/lib/python3.12/site-packages/airflow/example_dags/example_bash_operator.py
[2025-02-06T08:49:18.743+0000] {logging_mixin.py:190} INFO - [2025-02-06T08:49:18.742+0000] {dag.py:3239} INFO - Sync 1 DAGs
[2025-02-06T08:49:18.764+0000] {logging_mixin.py:190} INFO - [2025-02-06T08:49:18.764+0000] {dag.py:4180} INFO - Setting next_dagrun for example_bash_operator to 2025-02-05 00:00:00+00:00, run_after=2025-02-06 00:00:00+00:00
[2025-02-06T08:49:18.812+0000] {processor.py:208} INFO - Processing /opt/conda/lib/python3.12/site-packages/airflow/example_dags/example_bash_operator.py took 0.113 seconds
[2025-02-06T08:52:22.775+0000] {processor.py:186} INFO - Started process (PID=536) to work on /opt/conda/lib/python3.12/site-packages/airflow/example_dags/example_bash_operator.py
[2025-02-06T08:52:22.776+0000] {processor.py:914} INFO - Processing file /opt/conda/lib/python3.12/site-packages/airflow/example_dags/example_bash_operator.py for tasks to queue
[2025-02-06T08:52:22.778+0000] {logging_mixin.py:190} INFO - [2025-02-06T08:52:22.777+0000] {dagbag.py:588} INFO - Filling up the DagBag from /opt/conda/lib/python3.12/site-packages/airflow/example_dags/example_bash_operator.py
[2025-02-06T08:52:22.787+0000] {processor.py:925} INFO - DAG(s) 'example_bash_operator' retrieved from /opt/conda/lib/python3.12/site-packages/airflow/example_dags/example_bash_operator.py
[2025-02-06T08:52:22.814+0000] {logging_mixin.py:190} INFO - [2025-02-06T08:52:22.814+0000] {dag.py:3239} INFO - Sync 1 DAGs
[2025-02-06T08:52:22.835+0000] {logging_mixin.py:190} INFO - [2025-02-06T08:52:22.835+0000] {dag.py:4180} INFO - Setting next_dagrun for example_bash_operator to 2025-02-05 00:00:00+00:00, run_after=2025-02-06 00:00:00+00:00
[2025-02-06T08:52:22.895+0000] {processor.py:208} INFO - Processing /opt/conda/lib/python3.12/site-packages/airflow/example_dags/example_bash_operator.py took 0.125 seconds
[2025-02-06T08:54:57.819+0000] {processor.py:186} INFO - Started process (PID=826) to work on /opt/conda/lib/python3.12/site-packages/airflow/example_dags/example_bash_operator.py
[2025-02-06T08:54:57.820+0000] {processor.py:914} INFO - Processing file /opt/conda/lib/python3.12/site-packages/airflow/example_dags/example_bash_operator.py for tasks to queue
[2025-02-06T08:54:57.822+0000] {logging_mixin.py:190} INFO - [2025-02-06T08:54:57.822+0000] {dagbag.py:588} INFO - Filling up the DagBag from /opt/conda/lib/python3.12/site-packages/airflow/example_dags/example_bash_operator.py
[2025-02-06T08:54:57.831+0000] {processor.py:925} INFO - DAG(s) 'example_bash_operator' retrieved from /opt/conda/lib/python3.12/site-packages/airflow/example_dags/example_bash_operator.py
[2025-02-06T08:54:57.861+0000] {logging_mixin.py:190} INFO - [2025-02-06T08:54:57.861+0000] {dag.py:3239} INFO - Sync 1 DAGs
[2025-02-06T08:54:57.882+0000] {logging_mixin.py:190} INFO - [2025-02-06T08:54:57.882+0000] {dag.py:4180} INFO - Setting next_dagrun for example_bash_operator to 2025-02-05 00:00:00+00:00, run_after=2025-02-06 00:00:00+00:00
[2025-02-06T08:54:57.940+0000] {processor.py:208} INFO - Processing /opt/conda/lib/python3.12/site-packages/airflow/example_dags/example_bash_operator.py took 0.126 seconds
[2025-02-06T08:57:28.621+0000] {processor.py:186} INFO - Started process (PID=1087) to work on /opt/conda/lib/python3.12/site-packages/airflow/example_dags/example_bash_operator.py
[2025-02-06T08:57:28.622+0000] {processor.py:914} INFO - Processing file /opt/conda/lib/python3.12/site-packages/airflow/example_dags/example_bash_operator.py for tasks to queue
[2025-02-06T08:57:28.624+0000] {logging_mixin.py:190} INFO - [2025-02-06T08:57:28.624+0000] {dagbag.py:588} INFO - Filling up the DagBag from /opt/conda/lib/python3.12/site-packages/airflow/example_dags/example_bash_operator.py
[2025-02-06T08:57:28.640+0000] {processor.py:925} INFO - DAG(s) 'example_bash_operator' retrieved from /opt/conda/lib/python3.12/site-packages/airflow/example_dags/example_bash_operator.py
[2025-02-06T08:57:28.675+0000] {logging_mixin.py:190} INFO - [2025-02-06T08:57:28.675+0000] {dag.py:3239} INFO - Sync 1 DAGs
[2025-02-06T08:57:28.697+0000] {logging_mixin.py:190} INFO - [2025-02-06T08:57:28.697+0000] {dag.py:4180} INFO - Setting next_dagrun for example_bash_operator to 2025-02-05 00:00:00+00:00, run_after=2025-02-06 00:00:00+00:00
[2025-02-06T08:57:28.746+0000] {processor.py:208} INFO - Processing /opt/conda/lib/python3.12/site-packages/airflow/example_dags/example_bash_operator.py took 0.129 seconds
[2025-02-06T09:02:21.722+0000] {processor.py:186} INFO - Started process (PID=227) to work on /opt/conda/lib/python3.12/site-packages/airflow/example_dags/example_bash_operator.py
[2025-02-06T09:02:21.723+0000] {processor.py:914} INFO - Processing file /opt/conda/lib/python3.12/site-packages/airflow/example_dags/example_bash_operator.py for tasks to queue
[2025-02-06T09:02:21.724+0000] {logging_mixin.py:190} INFO - [2025-02-06T09:02:21.724+0000] {dagbag.py:588} INFO - Filling up the DagBag from /opt/conda/lib/python3.12/site-packages/airflow/example_dags/example_bash_operator.py
[2025-02-06T09:02:21.736+0000] {processor.py:925} INFO - DAG(s) 'example_bash_operator' retrieved from /opt/conda/lib/python3.12/site-packages/airflow/example_dags/example_bash_operator.py
[2025-02-06T09:02:21.768+0000] {logging_mixin.py:190} INFO - [2025-02-06T09:02:21.768+0000] {dag.py:3239} INFO - Sync 1 DAGs
[2025-02-06T09:02:21.793+0000] {logging_mixin.py:190} INFO - [2025-02-06T09:02:21.793+0000] {dag.py:4180} INFO - Setting next_dagrun for example_bash_operator to 2025-02-05 00:00:00+00:00, run_after=2025-02-06 00:00:00+00:00
[2025-02-06T09:02:21.840+0000] {processor.py:208} INFO - Processing /opt/conda/lib/python3.12/site-packages/airflow/example_dags/example_bash_operator.py took 0.123 seconds
[2025-02-06T09:03:58.766+0000] {processor.py:186} INFO - Started process (PID=58) to work on /opt/conda/lib/python3.12/site-packages/airflow/example_dags/example_bash_operator.py
[2025-02-06T09:03:58.767+0000] {processor.py:914} INFO - Processing file /opt/conda/lib/python3.12/site-packages/airflow/example_dags/example_bash_operator.py for tasks to queue
[2025-02-06T09:03:58.769+0000] {logging_mixin.py:190} INFO - [2025-02-06T09:03:58.769+0000] {dagbag.py:588} INFO - Filling up the DagBag from /opt/conda/lib/python3.12/site-packages/airflow/example_dags/example_bash_operator.py
[2025-02-06T09:03:58.778+0000] {processor.py:925} INFO - DAG(s) 'example_bash_operator' retrieved from /opt/conda/lib/python3.12/site-packages/airflow/example_dags/example_bash_operator.py
[2025-02-06T09:03:58.801+0000] {logging_mixin.py:190} INFO - [2025-02-06T09:03:58.801+0000] {dag.py:3239} INFO - Sync 1 DAGs
[2025-02-06T09:03:58.823+0000] {logging_mixin.py:190} INFO - [2025-02-06T09:03:58.822+0000] {dag.py:4180} INFO - Setting next_dagrun for example_bash_operator to 2025-02-05 00:00:00+00:00, run_after=2025-02-06 00:00:00+00:00
[2025-02-06T09:03:58.872+0000] {processor.py:208} INFO - Processing /opt/conda/lib/python3.12/site-packages/airflow/example_dags/example_bash_operator.py took 0.109 seconds
[2025-02-06T09:05:07.970+0000] {processor.py:186} INFO - Started process (PID=118) to work on /opt/conda/lib/python3.12/site-packages/airflow/example_dags/example_bash_operator.py
[2025-02-06T09:05:07.971+0000] {processor.py:914} INFO - Processing file /opt/conda/lib/python3.12/site-packages/airflow/example_dags/example_bash_operator.py for tasks to queue
[2025-02-06T09:05:07.972+0000] {logging_mixin.py:190} INFO - [2025-02-06T09:05:07.972+0000] {dagbag.py:588} INFO - Filling up the DagBag from /opt/conda/lib/python3.12/site-packages/airflow/example_dags/example_bash_operator.py
[2025-02-06T09:05:07.981+0000] {processor.py:925} INFO - DAG(s) 'example_bash_operator' retrieved from /opt/conda/lib/python3.12/site-packages/airflow/example_dags/example_bash_operator.py
[2025-02-06T09:05:08.007+0000] {logging_mixin.py:190} INFO - [2025-02-06T09:05:08.006+0000] {dag.py:3239} INFO - Sync 1 DAGs
[2025-02-06T09:05:08.030+0000] {logging_mixin.py:190} INFO - [2025-02-06T09:05:08.030+0000] {dag.py:4180} INFO - Setting next_dagrun for example_bash_operator to 2025-02-05 00:00:00+00:00, run_after=2025-02-06 00:00:00+00:00
[2025-02-06T09:05:08.081+0000] {processor.py:208} INFO - Processing /opt/conda/lib/python3.12/site-packages/airflow/example_dags/example_bash_operator.py took 0.115 seconds
[2025-02-06T09:08:09.003+0000] {processor.py:186} INFO - Started process (PID=452) to work on /opt/conda/lib/python3.12/site-packages/airflow/example_dags/example_bash_operator.py
[2025-02-06T09:08:09.005+0000] {processor.py:914} INFO - Processing file /opt/conda/lib/python3.12/site-packages/airflow/example_dags/example_bash_operator.py for tasks to queue
[2025-02-06T09:08:09.007+0000] {logging_mixin.py:190} INFO - [2025-02-06T09:08:09.006+0000] {dagbag.py:588} INFO - Filling up the DagBag from /opt/conda/lib/python3.12/site-packages/airflow/example_dags/example_bash_operator.py
[2025-02-06T09:08:09.019+0000] {processor.py:925} INFO - DAG(s) 'example_bash_operator' retrieved from /opt/conda/lib/python3.12/site-packages/airflow/example_dags/example_bash_operator.py
[2025-02-06T09:08:09.047+0000] {logging_mixin.py:190} INFO - [2025-02-06T09:08:09.047+0000] {dag.py:3239} INFO - Sync 1 DAGs
[2025-02-06T09:08:09.069+0000] {logging_mixin.py:190} INFO - [2025-02-06T09:08:09.069+0000] {dag.py:4180} INFO - Setting next_dagrun for example_bash_operator to 2025-02-05 00:00:00+00:00, run_after=2025-02-06 00:00:00+00:00
[2025-02-06T09:08:09.131+0000] {processor.py:208} INFO - Processing /opt/conda/lib/python3.12/site-packages/airflow/example_dags/example_bash_operator.py took 0.133 seconds
[2025-02-06T09:10:29.149+0000] {processor.py:186} INFO - Started process (PID=717) to work on /opt/conda/lib/python3.12/site-packages/airflow/example_dags/example_bash_operator.py
[2025-02-06T09:10:29.151+0000] {processor.py:914} INFO - Processing file /opt/conda/lib/python3.12/site-packages/airflow/example_dags/example_bash_operator.py for tasks to queue
[2025-02-06T09:10:29.154+0000] {logging_mixin.py:190} INFO - [2025-02-06T09:10:29.153+0000] {dagbag.py:588} INFO - Filling up the DagBag from /opt/conda/lib/python3.12/site-packages/airflow/example_dags/example_bash_operator.py
[2025-02-06T09:10:29.166+0000] {processor.py:925} INFO - DAG(s) 'example_bash_operator' retrieved from /opt/conda/lib/python3.12/site-packages/airflow/example_dags/example_bash_operator.py
[2025-02-06T09:10:29.193+0000] {logging_mixin.py:190} INFO - [2025-02-06T09:10:29.193+0000] {dag.py:3239} INFO - Sync 1 DAGs
[2025-02-06T09:10:29.216+0000] {logging_mixin.py:190} INFO - [2025-02-06T09:10:29.216+0000] {dag.py:4180} INFO - Setting next_dagrun for example_bash_operator to 2025-02-05 00:00:00+00:00, run_after=2025-02-06 00:00:00+00:00
[2025-02-06T09:10:29.268+0000] {processor.py:208} INFO - Processing /opt/conda/lib/python3.12/site-packages/airflow/example_dags/example_bash_operator.py took 0.124 seconds
[2025-02-06T09:12:54.205+0000] {processor.py:186} INFO - Started process (PID=988) to work on /opt/conda/lib/python3.12/site-packages/airflow/example_dags/example_bash_operator.py
[2025-02-06T09:12:54.206+0000] {processor.py:914} INFO - Processing file /opt/conda/lib/python3.12/site-packages/airflow/example_dags/example_bash_operator.py for tasks to queue
[2025-02-06T09:12:54.208+0000] {logging_mixin.py:190} INFO - [2025-02-06T09:12:54.207+0000] {dagbag.py:588} INFO - Filling up the DagBag from /opt/conda/lib/python3.12/site-packages/airflow/example_dags/example_bash_operator.py
[2025-02-06T09:12:54.217+0000] {processor.py:925} INFO - DAG(s) 'example_bash_operator' retrieved from /opt/conda/lib/python3.12/site-packages/airflow/example_dags/example_bash_operator.py
[2025-02-06T09:12:54.246+0000] {logging_mixin.py:190} INFO - [2025-02-06T09:12:54.246+0000] {dag.py:3239} INFO - Sync 1 DAGs
[2025-02-06T09:12:54.270+0000] {logging_mixin.py:190} INFO - [2025-02-06T09:12:54.269+0000] {dag.py:4180} INFO - Setting next_dagrun for example_bash_operator to 2025-02-05 00:00:00+00:00, run_after=2025-02-06 00:00:00+00:00
[2025-02-06T09:12:54.323+0000] {processor.py:208} INFO - Processing /opt/conda/lib/python3.12/site-packages/airflow/example_dags/example_bash_operator.py took 0.122 seconds
[2025-02-06T09:15:24.020+0000] {processor.py:186} INFO - Started process (PID=1261) to work on /opt/conda/lib/python3.12/site-packages/airflow/example_dags/example_bash_operator.py
[2025-02-06T09:15:24.021+0000] {processor.py:914} INFO - Processing file /opt/conda/lib/python3.12/site-packages/airflow/example_dags/example_bash_operator.py for tasks to queue
[2025-02-06T09:15:24.023+0000] {logging_mixin.py:190} INFO - [2025-02-06T09:15:24.022+0000] {dagbag.py:588} INFO - Filling up the DagBag from /opt/conda/lib/python3.12/site-packages/airflow/example_dags/example_bash_operator.py
[2025-02-06T09:15:24.032+0000] {processor.py:925} INFO - DAG(s) 'example_bash_operator' retrieved from /opt/conda/lib/python3.12/site-packages/airflow/example_dags/example_bash_operator.py
[2025-02-06T09:15:24.056+0000] {logging_mixin.py:190} INFO - [2025-02-06T09:15:24.056+0000] {dag.py:3239} INFO - Sync 1 DAGs
[2025-02-06T09:15:24.076+0000] {logging_mixin.py:190} INFO - [2025-02-06T09:15:24.076+0000] {dag.py:4180} INFO - Setting next_dagrun for example_bash_operator to 2025-02-05 00:00:00+00:00, run_after=2025-02-06 00:00:00+00:00
[2025-02-06T09:15:24.129+0000] {processor.py:208} INFO - Processing /opt/conda/lib/python3.12/site-packages/airflow/example_dags/example_bash_operator.py took 0.114 seconds
[2025-02-06T09:17:28.895+0000] {processor.py:186} INFO - Started process (PID=1500) to work on /opt/conda/lib/python3.12/site-packages/airflow/example_dags/example_bash_operator.py
[2025-02-06T09:17:28.897+0000] {processor.py:914} INFO - Processing file /opt/conda/lib/python3.12/site-packages/airflow/example_dags/example_bash_operator.py for tasks to queue
[2025-02-06T09:17:28.899+0000] {logging_mixin.py:190} INFO - [2025-02-06T09:17:28.898+0000] {dagbag.py:588} INFO - Filling up the DagBag from /opt/conda/lib/python3.12/site-packages/airflow/example_dags/example_bash_operator.py
[2025-02-06T09:17:28.909+0000] {processor.py:925} INFO - DAG(s) 'example_bash_operator' retrieved from /opt/conda/lib/python3.12/site-packages/airflow/example_dags/example_bash_operator.py
[2025-02-06T09:17:28.934+0000] {logging_mixin.py:190} INFO - [2025-02-06T09:17:28.933+0000] {dag.py:3239} INFO - Sync 1 DAGs
[2025-02-06T09:17:28.959+0000] {logging_mixin.py:190} INFO - [2025-02-06T09:17:28.959+0000] {dag.py:4180} INFO - Setting next_dagrun for example_bash_operator to 2025-02-05 00:00:00+00:00, run_after=2025-02-06 00:00:00+00:00
[2025-02-06T09:17:29.089+0000] {processor.py:208} INFO - Processing /opt/conda/lib/python3.12/site-packages/airflow/example_dags/example_bash_operator.py took 0.198 seconds
[2025-02-06T09:20:02.576+0000] {processor.py:186} INFO - Started process (PID=1761) to work on /opt/conda/lib/python3.12/site-packages/airflow/example_dags/example_bash_operator.py
[2025-02-06T09:20:02.577+0000] {processor.py:914} INFO - Processing file /opt/conda/lib/python3.12/site-packages/airflow/example_dags/example_bash_operator.py for tasks to queue
[2025-02-06T09:20:02.579+0000] {logging_mixin.py:190} INFO - [2025-02-06T09:20:02.579+0000] {dagbag.py:588} INFO - Filling up the DagBag from /opt/conda/lib/python3.12/site-packages/airflow/example_dags/example_bash_operator.py
[2025-02-06T09:20:02.588+0000] {processor.py:925} INFO - DAG(s) 'example_bash_operator' retrieved from /opt/conda/lib/python3.12/site-packages/airflow/example_dags/example_bash_operator.py
[2025-02-06T09:20:02.620+0000] {logging_mixin.py:190} INFO - [2025-02-06T09:20:02.620+0000] {dag.py:3239} INFO - Sync 1 DAGs
[2025-02-06T09:20:02.646+0000] {logging_mixin.py:190} INFO - [2025-02-06T09:20:02.646+0000] {dag.py:4180} INFO - Setting next_dagrun for example_bash_operator to 2025-02-05 00:00:00+00:00, run_after=2025-02-06 00:00:00+00:00
[2025-02-06T09:20:02.704+0000] {processor.py:208} INFO - Processing /opt/conda/lib/python3.12/site-packages/airflow/example_dags/example_bash_operator.py took 0.136 seconds
[2025-02-06T09:22:45.951+0000] {processor.py:186} INFO - Started process (PID=2032) to work on /opt/conda/lib/python3.12/site-packages/airflow/example_dags/example_bash_operator.py
[2025-02-06T09:22:45.952+0000] {processor.py:914} INFO - Processing file /opt/conda/lib/python3.12/site-packages/airflow/example_dags/example_bash_operator.py for tasks to queue
[2025-02-06T09:22:45.954+0000] {logging_mixin.py:190} INFO - [2025-02-06T09:22:45.954+0000] {dagbag.py:588} INFO - Filling up the DagBag from /opt/conda/lib/python3.12/site-packages/airflow/example_dags/example_bash_operator.py
[2025-02-06T09:22:45.965+0000] {processor.py:925} INFO - DAG(s) 'example_bash_operator' retrieved from /opt/conda/lib/python3.12/site-packages/airflow/example_dags/example_bash_operator.py
[2025-02-06T09:22:45.995+0000] {logging_mixin.py:190} INFO - [2025-02-06T09:22:45.995+0000] {dag.py:3239} INFO - Sync 1 DAGs
[2025-02-06T09:22:46.019+0000] {logging_mixin.py:190} INFO - [2025-02-06T09:22:46.019+0000] {dag.py:4180} INFO - Setting next_dagrun for example_bash_operator to 2025-02-05 00:00:00+00:00, run_after=2025-02-06 00:00:00+00:00
[2025-02-06T09:22:46.082+0000] {processor.py:208} INFO - Processing /opt/conda/lib/python3.12/site-packages/airflow/example_dags/example_bash_operator.py took 0.136 seconds
[2025-02-06T09:25:39.835+0000] {processor.py:186} INFO - Started process (PID=168) to work on /opt/conda/lib/python3.12/site-packages/airflow/example_dags/example_bash_operator.py
[2025-02-06T09:25:39.836+0000] {processor.py:914} INFO - Processing file /opt/conda/lib/python3.12/site-packages/airflow/example_dags/example_bash_operator.py for tasks to queue
[2025-02-06T09:25:39.838+0000] {logging_mixin.py:190} INFO - [2025-02-06T09:25:39.838+0000] {dagbag.py:588} INFO - Filling up the DagBag from /opt/conda/lib/python3.12/site-packages/airflow/example_dags/example_bash_operator.py
[2025-02-06T09:25:39.848+0000] {processor.py:925} INFO - DAG(s) 'example_bash_operator' retrieved from /opt/conda/lib/python3.12/site-packages/airflow/example_dags/example_bash_operator.py
[2025-02-06T09:25:39.873+0000] {logging_mixin.py:190} INFO - [2025-02-06T09:25:39.873+0000] {dag.py:3239} INFO - Sync 1 DAGs
[2025-02-06T09:25:39.898+0000] {logging_mixin.py:190} INFO - [2025-02-06T09:25:39.898+0000] {dag.py:4180} INFO - Setting next_dagrun for example_bash_operator to 2025-02-05 00:00:00+00:00, run_after=2025-02-06 00:00:00+00:00
[2025-02-06T09:25:39.953+0000] {processor.py:208} INFO - Processing /opt/conda/lib/python3.12/site-packages/airflow/example_dags/example_bash_operator.py took 0.123 seconds
[2025-02-06T09:31:59.345+0000] {processor.py:186} INFO - Started process (PID=334) to work on /opt/conda/lib/python3.12/site-packages/airflow/example_dags/example_bash_operator.py
[2025-02-06T09:31:59.346+0000] {processor.py:914} INFO - Processing file /opt/conda/lib/python3.12/site-packages/airflow/example_dags/example_bash_operator.py for tasks to queue
[2025-02-06T09:31:59.348+0000] {logging_mixin.py:190} INFO - [2025-02-06T09:31:59.348+0000] {dagbag.py:588} INFO - Filling up the DagBag from /opt/conda/lib/python3.12/site-packages/airflow/example_dags/example_bash_operator.py
[2025-02-06T09:31:59.359+0000] {processor.py:925} INFO - DAG(s) 'example_bash_operator' retrieved from /opt/conda/lib/python3.12/site-packages/airflow/example_dags/example_bash_operator.py
[2025-02-06T09:31:59.384+0000] {logging_mixin.py:190} INFO - [2025-02-06T09:31:59.384+0000] {dag.py:3239} INFO - Sync 1 DAGs
[2025-02-06T09:31:59.406+0000] {logging_mixin.py:190} INFO - [2025-02-06T09:31:59.405+0000] {dag.py:4180} INFO - Setting next_dagrun for example_bash_operator to 2025-02-05 00:00:00+00:00, run_after=2025-02-06 00:00:00+00:00
[2025-02-06T09:31:59.468+0000] {processor.py:208} INFO - Processing /opt/conda/lib/python3.12/site-packages/airflow/example_dags/example_bash_operator.py took 0.127 seconds
[2025-02-06T09:37:18.043+0000] {processor.py:186} INFO - Started process (PID=915) to work on /opt/conda/lib/python3.12/site-packages/airflow/example_dags/example_bash_operator.py
[2025-02-06T09:37:18.044+0000] {processor.py:914} INFO - Processing file /opt/conda/lib/python3.12/site-packages/airflow/example_dags/example_bash_operator.py for tasks to queue
[2025-02-06T09:37:18.045+0000] {logging_mixin.py:190} INFO - [2025-02-06T09:37:18.045+0000] {dagbag.py:588} INFO - Filling up the DagBag from /opt/conda/lib/python3.12/site-packages/airflow/example_dags/example_bash_operator.py
[2025-02-06T09:37:18.055+0000] {processor.py:925} INFO - DAG(s) 'example_bash_operator' retrieved from /opt/conda/lib/python3.12/site-packages/airflow/example_dags/example_bash_operator.py
[2025-02-06T09:37:18.080+0000] {logging_mixin.py:190} INFO - [2025-02-06T09:37:18.080+0000] {dag.py:3239} INFO - Sync 1 DAGs
[2025-02-06T09:37:18.104+0000] {logging_mixin.py:190} INFO - [2025-02-06T09:37:18.104+0000] {dag.py:4180} INFO - Setting next_dagrun for example_bash_operator to 2025-02-05 00:00:00+00:00, run_after=2025-02-06 00:00:00+00:00
[2025-02-06T09:37:18.164+0000] {processor.py:208} INFO - Processing /opt/conda/lib/python3.12/site-packages/airflow/example_dags/example_bash_operator.py took 0.126 seconds
[2025-02-06T09:42:19.577+0000] {processor.py:186} INFO - Started process (PID=1444) to work on /opt/conda/lib/python3.12/site-packages/airflow/example_dags/example_bash_operator.py
[2025-02-06T09:42:19.578+0000] {processor.py:914} INFO - Processing file /opt/conda/lib/python3.12/site-packages/airflow/example_dags/example_bash_operator.py for tasks to queue
[2025-02-06T09:42:19.580+0000] {logging_mixin.py:190} INFO - [2025-02-06T09:42:19.579+0000] {dagbag.py:588} INFO - Filling up the DagBag from /opt/conda/lib/python3.12/site-packages/airflow/example_dags/example_bash_operator.py
[2025-02-06T09:42:19.589+0000] {processor.py:925} INFO - DAG(s) 'example_bash_operator' retrieved from /opt/conda/lib/python3.12/site-packages/airflow/example_dags/example_bash_operator.py
[2025-02-06T09:42:19.618+0000] {logging_mixin.py:190} INFO - [2025-02-06T09:42:19.618+0000] {dag.py:3239} INFO - Sync 1 DAGs
[2025-02-06T09:42:19.642+0000] {logging_mixin.py:190} INFO - [2025-02-06T09:42:19.642+0000] {dag.py:4180} INFO - Setting next_dagrun for example_bash_operator to 2025-02-05 00:00:00+00:00, run_after=2025-02-06 00:00:00+00:00
[2025-02-06T09:42:19.698+0000] {processor.py:208} INFO - Processing /opt/conda/lib/python3.12/site-packages/airflow/example_dags/example_bash_operator.py took 0.126 seconds
[2025-02-06T09:49:26.316+0000] {processor.py:186} INFO - Started process (PID=317) to work on /opt/conda/lib/python3.12/site-packages/airflow/example_dags/example_bash_operator.py
[2025-02-06T09:49:26.317+0000] {processor.py:914} INFO - Processing file /opt/conda/lib/python3.12/site-packages/airflow/example_dags/example_bash_operator.py for tasks to queue
[2025-02-06T09:49:26.319+0000] {logging_mixin.py:190} INFO - [2025-02-06T09:49:26.318+0000] {dagbag.py:588} INFO - Filling up the DagBag from /opt/conda/lib/python3.12/site-packages/airflow/example_dags/example_bash_operator.py
[2025-02-06T09:49:26.328+0000] {processor.py:925} INFO - DAG(s) 'example_bash_operator' retrieved from /opt/conda/lib/python3.12/site-packages/airflow/example_dags/example_bash_operator.py
[2025-02-06T09:49:26.354+0000] {logging_mixin.py:190} INFO - [2025-02-06T09:49:26.354+0000] {dag.py:3239} INFO - Sync 1 DAGs
[2025-02-06T09:49:26.376+0000] {logging_mixin.py:190} INFO - [2025-02-06T09:49:26.375+0000] {dag.py:4180} INFO - Setting next_dagrun for example_bash_operator to 2025-02-05 00:00:00+00:00, run_after=2025-02-06 00:00:00+00:00
[2025-02-06T09:49:26.427+0000] {processor.py:208} INFO - Processing /opt/conda/lib/python3.12/site-packages/airflow/example_dags/example_bash_operator.py took 0.116 seconds
[2025-02-06T09:54:52.566+0000] {processor.py:186} INFO - Started process (PID=891) to work on /opt/conda/lib/python3.12/site-packages/airflow/example_dags/example_bash_operator.py
[2025-02-06T09:54:52.567+0000] {processor.py:914} INFO - Processing file /opt/conda/lib/python3.12/site-packages/airflow/example_dags/example_bash_operator.py for tasks to queue
[2025-02-06T09:54:52.569+0000] {logging_mixin.py:190} INFO - [2025-02-06T09:54:52.569+0000] {dagbag.py:588} INFO - Filling up the DagBag from /opt/conda/lib/python3.12/site-packages/airflow/example_dags/example_bash_operator.py
[2025-02-06T09:54:52.581+0000] {processor.py:925} INFO - DAG(s) 'example_bash_operator' retrieved from /opt/conda/lib/python3.12/site-packages/airflow/example_dags/example_bash_operator.py
[2025-02-06T09:54:52.610+0000] {logging_mixin.py:190} INFO - [2025-02-06T09:54:52.609+0000] {dag.py:3239} INFO - Sync 1 DAGs
[2025-02-06T09:54:52.638+0000] {logging_mixin.py:190} INFO - [2025-02-06T09:54:52.637+0000] {dag.py:4180} INFO - Setting next_dagrun for example_bash_operator to 2025-02-05 00:00:00+00:00, run_after=2025-02-06 00:00:00+00:00
[2025-02-06T09:54:52.759+0000] {processor.py:208} INFO - Processing /opt/conda/lib/python3.12/site-packages/airflow/example_dags/example_bash_operator.py took 0.200 seconds
[2025-02-06T09:58:52.986+0000] {processor.py:186} INFO - Started process (PID=1359) to work on /opt/conda/lib/python3.12/site-packages/airflow/example_dags/example_bash_operator.py
[2025-02-06T09:58:52.987+0000] {processor.py:914} INFO - Processing file /opt/conda/lib/python3.12/site-packages/airflow/example_dags/example_bash_operator.py for tasks to queue
[2025-02-06T09:58:52.988+0000] {logging_mixin.py:190} INFO - [2025-02-06T09:58:52.988+0000] {dagbag.py:588} INFO - Filling up the DagBag from /opt/conda/lib/python3.12/site-packages/airflow/example_dags/example_bash_operator.py
[2025-02-06T09:58:52.999+0000] {processor.py:925} INFO - DAG(s) 'example_bash_operator' retrieved from /opt/conda/lib/python3.12/site-packages/airflow/example_dags/example_bash_operator.py
[2025-02-06T09:58:53.024+0000] {logging_mixin.py:190} INFO - [2025-02-06T09:58:53.024+0000] {dag.py:3239} INFO - Sync 1 DAGs
[2025-02-06T09:58:53.047+0000] {logging_mixin.py:190} INFO - [2025-02-06T09:58:53.046+0000] {dag.py:4180} INFO - Setting next_dagrun for example_bash_operator to 2025-02-05 00:00:00+00:00, run_after=2025-02-06 00:00:00+00:00
[2025-02-06T09:58:53.095+0000] {processor.py:208} INFO - Processing /opt/conda/lib/python3.12/site-packages/airflow/example_dags/example_bash_operator.py took 0.114 seconds
[2025-02-06T10:03:38.780+0000] {processor.py:186} INFO - Started process (PID=1856) to work on /opt/conda/lib/python3.12/site-packages/airflow/example_dags/example_bash_operator.py
[2025-02-06T10:03:38.781+0000] {processor.py:914} INFO - Processing file /opt/conda/lib/python3.12/site-packages/airflow/example_dags/example_bash_operator.py for tasks to queue
[2025-02-06T10:03:38.783+0000] {logging_mixin.py:190} INFO - [2025-02-06T10:03:38.783+0000] {dagbag.py:588} INFO - Filling up the DagBag from /opt/conda/lib/python3.12/site-packages/airflow/example_dags/example_bash_operator.py
[2025-02-06T10:03:38.798+0000] {processor.py:925} INFO - DAG(s) 'example_bash_operator' retrieved from /opt/conda/lib/python3.12/site-packages/airflow/example_dags/example_bash_operator.py
[2025-02-06T10:03:38.826+0000] {logging_mixin.py:190} INFO - [2025-02-06T10:03:38.825+0000] {dag.py:3239} INFO - Sync 1 DAGs
[2025-02-06T10:03:38.853+0000] {logging_mixin.py:190} INFO - [2025-02-06T10:03:38.852+0000] {dag.py:4180} INFO - Setting next_dagrun for example_bash_operator to 2025-02-05 00:00:00+00:00, run_after=2025-02-06 00:00:00+00:00
[2025-02-06T10:03:38.907+0000] {processor.py:208} INFO - Processing /opt/conda/lib/python3.12/site-packages/airflow/example_dags/example_bash_operator.py took 0.132 seconds
[2025-02-06T10:06:08.062+0000] {processor.py:186} INFO - Started process (PID=2070) to work on /opt/conda/lib/python3.12/site-packages/airflow/example_dags/example_bash_operator.py
[2025-02-06T10:06:08.064+0000] {processor.py:914} INFO - Processing file /opt/conda/lib/python3.12/site-packages/airflow/example_dags/example_bash_operator.py for tasks to queue
[2025-02-06T10:06:08.065+0000] {logging_mixin.py:190} INFO - [2025-02-06T10:06:08.065+0000] {dagbag.py:588} INFO - Filling up the DagBag from /opt/conda/lib/python3.12/site-packages/airflow/example_dags/example_bash_operator.py
[2025-02-06T10:06:08.076+0000] {processor.py:925} INFO - DAG(s) 'example_bash_operator' retrieved from /opt/conda/lib/python3.12/site-packages/airflow/example_dags/example_bash_operator.py
[2025-02-06T10:06:08.102+0000] {logging_mixin.py:190} INFO - [2025-02-06T10:06:08.102+0000] {dag.py:3239} INFO - Sync 1 DAGs
[2025-02-06T10:06:08.128+0000] {logging_mixin.py:190} INFO - [2025-02-06T10:06:08.127+0000] {dag.py:4180} INFO - Setting next_dagrun for example_bash_operator to 2025-02-05 00:00:00+00:00, run_after=2025-02-06 00:00:00+00:00
[2025-02-06T10:06:08.247+0000] {processor.py:208} INFO - Processing /opt/conda/lib/python3.12/site-packages/airflow/example_dags/example_bash_operator.py took 0.190 seconds
[2025-02-06T10:14:09.277+0000] {processor.py:186} INFO - Started process (PID=2877) to work on /opt/conda/lib/python3.12/site-packages/airflow/example_dags/example_bash_operator.py
[2025-02-06T10:14:09.278+0000] {processor.py:914} INFO - Processing file /opt/conda/lib/python3.12/site-packages/airflow/example_dags/example_bash_operator.py for tasks to queue
[2025-02-06T10:14:09.280+0000] {logging_mixin.py:190} INFO - [2025-02-06T10:14:09.279+0000] {dagbag.py:588} INFO - Filling up the DagBag from /opt/conda/lib/python3.12/site-packages/airflow/example_dags/example_bash_operator.py
[2025-02-06T10:14:09.290+0000] {processor.py:925} INFO - DAG(s) 'example_bash_operator' retrieved from /opt/conda/lib/python3.12/site-packages/airflow/example_dags/example_bash_operator.py
[2025-02-06T10:14:09.438+0000] {logging_mixin.py:190} INFO - [2025-02-06T10:14:09.438+0000] {dag.py:3239} INFO - Sync 1 DAGs
[2025-02-06T10:14:09.464+0000] {logging_mixin.py:190} INFO - [2025-02-06T10:14:09.463+0000] {dag.py:4180} INFO - Setting next_dagrun for example_bash_operator to 2025-02-05 00:00:00+00:00, run_after=2025-02-06 00:00:00+00:00
[2025-02-06T10:14:09.534+0000] {processor.py:208} INFO - Processing /opt/conda/lib/python3.12/site-packages/airflow/example_dags/example_bash_operator.py took 0.262 seconds
[2025-02-06T10:19:54.448+0000] {processor.py:186} INFO - Started process (PID=3471) to work on /opt/conda/lib/python3.12/site-packages/airflow/example_dags/example_bash_operator.py
[2025-02-06T10:19:54.449+0000] {processor.py:914} INFO - Processing file /opt/conda/lib/python3.12/site-packages/airflow/example_dags/example_bash_operator.py for tasks to queue
[2025-02-06T10:19:54.451+0000] {logging_mixin.py:190} INFO - [2025-02-06T10:19:54.450+0000] {dagbag.py:588} INFO - Filling up the DagBag from /opt/conda/lib/python3.12/site-packages/airflow/example_dags/example_bash_operator.py
[2025-02-06T10:19:54.462+0000] {processor.py:925} INFO - DAG(s) 'example_bash_operator' retrieved from /opt/conda/lib/python3.12/site-packages/airflow/example_dags/example_bash_operator.py
[2025-02-06T10:19:54.491+0000] {logging_mixin.py:190} INFO - [2025-02-06T10:19:54.491+0000] {dag.py:3239} INFO - Sync 1 DAGs
[2025-02-06T10:19:54.520+0000] {logging_mixin.py:190} INFO - [2025-02-06T10:19:54.520+0000] {dag.py:4180} INFO - Setting next_dagrun for example_bash_operator to 2025-02-05 00:00:00+00:00, run_after=2025-02-06 00:00:00+00:00
[2025-02-06T10:19:54.572+0000] {processor.py:208} INFO - Processing /opt/conda/lib/python3.12/site-packages/airflow/example_dags/example_bash_operator.py took 0.131 seconds
[2025-02-06T10:24:09.096+0000] {processor.py:186} INFO - Started process (PID=3890) to work on /opt/conda/lib/python3.12/site-packages/airflow/example_dags/example_bash_operator.py
[2025-02-06T10:24:09.097+0000] {processor.py:914} INFO - Processing file /opt/conda/lib/python3.12/site-packages/airflow/example_dags/example_bash_operator.py for tasks to queue
[2025-02-06T10:24:09.099+0000] {logging_mixin.py:190} INFO - [2025-02-06T10:24:09.098+0000] {dagbag.py:588} INFO - Filling up the DagBag from /opt/conda/lib/python3.12/site-packages/airflow/example_dags/example_bash_operator.py
[2025-02-06T10:24:09.109+0000] {processor.py:925} INFO - DAG(s) 'example_bash_operator' retrieved from /opt/conda/lib/python3.12/site-packages/airflow/example_dags/example_bash_operator.py
[2025-02-06T10:24:09.133+0000] {logging_mixin.py:190} INFO - [2025-02-06T10:24:09.133+0000] {dag.py:3239} INFO - Sync 1 DAGs
[2025-02-06T10:24:09.155+0000] {logging_mixin.py:190} INFO - [2025-02-06T10:24:09.155+0000] {dag.py:4180} INFO - Setting next_dagrun for example_bash_operator to 2025-02-05 00:00:00+00:00, run_after=2025-02-06 00:00:00+00:00
[2025-02-06T10:24:09.315+0000] {processor.py:208} INFO - Processing /opt/conda/lib/python3.12/site-packages/airflow/example_dags/example_bash_operator.py took 0.224 seconds
[2025-02-06T10:25:49.468+0000] {processor.py:186} INFO - Started process (PID=4041) to work on /opt/conda/lib/python3.12/site-packages/airflow/example_dags/example_bash_operator.py
[2025-02-06T10:25:49.469+0000] {processor.py:914} INFO - Processing file /opt/conda/lib/python3.12/site-packages/airflow/example_dags/example_bash_operator.py for tasks to queue
[2025-02-06T10:25:49.471+0000] {logging_mixin.py:190} INFO - [2025-02-06T10:25:49.471+0000] {dagbag.py:588} INFO - Filling up the DagBag from /opt/conda/lib/python3.12/site-packages/airflow/example_dags/example_bash_operator.py
[2025-02-06T10:25:49.487+0000] {processor.py:925} INFO - DAG(s) 'example_bash_operator' retrieved from /opt/conda/lib/python3.12/site-packages/airflow/example_dags/example_bash_operator.py
[2025-02-06T10:25:49.519+0000] {logging_mixin.py:190} INFO - [2025-02-06T10:25:49.518+0000] {dag.py:3239} INFO - Sync 1 DAGs
[2025-02-06T10:25:49.548+0000] {logging_mixin.py:190} INFO - [2025-02-06T10:25:49.548+0000] {dag.py:4180} INFO - Setting next_dagrun for example_bash_operator to 2025-02-05 00:00:00+00:00, run_after=2025-02-06 00:00:00+00:00
[2025-02-06T10:25:49.603+0000] {processor.py:208} INFO - Processing /opt/conda/lib/python3.12/site-packages/airflow/example_dags/example_bash_operator.py took 0.142 seconds
[2025-02-06T11:42:00.718+0000] {processor.py:186} INFO - Started process (PID=786) to work on /opt/conda/lib/python3.12/site-packages/airflow/example_dags/example_bash_operator.py
[2025-02-06T11:42:00.721+0000] {processor.py:914} INFO - Processing file /opt/conda/lib/python3.12/site-packages/airflow/example_dags/example_bash_operator.py for tasks to queue
[2025-02-06T11:42:00.726+0000] {logging_mixin.py:190} INFO - [2025-02-06T11:42:00.724+0000] {dagbag.py:588} INFO - Filling up the DagBag from /opt/conda/lib/python3.12/site-packages/airflow/example_dags/example_bash_operator.py
[2025-02-06T11:42:00.745+0000] {processor.py:925} INFO - DAG(s) 'example_bash_operator' retrieved from /opt/conda/lib/python3.12/site-packages/airflow/example_dags/example_bash_operator.py
[2025-02-06T11:42:00.787+0000] {logging_mixin.py:190} INFO - [2025-02-06T11:42:00.787+0000] {dag.py:3239} INFO - Sync 1 DAGs
[2025-02-06T11:42:00.832+0000] {logging_mixin.py:190} INFO - [2025-02-06T11:42:00.832+0000] {dag.py:4180} INFO - Setting next_dagrun for example_bash_operator to 2025-02-05 00:00:00+00:00, run_after=2025-02-06 00:00:00+00:00
[2025-02-06T11:42:00.922+0000] {processor.py:208} INFO - Processing /opt/conda/lib/python3.12/site-packages/airflow/example_dags/example_bash_operator.py took 0.210 seconds
[2025-02-06T11:46:28.526+0000] {processor.py:186} INFO - Started process (PID=1780) to work on /opt/conda/lib/python3.12/site-packages/airflow/example_dags/example_bash_operator.py
[2025-02-06T11:46:28.528+0000] {processor.py:914} INFO - Processing file /opt/conda/lib/python3.12/site-packages/airflow/example_dags/example_bash_operator.py for tasks to queue
[2025-02-06T11:46:28.535+0000] {logging_mixin.py:190} INFO - [2025-02-06T11:46:28.534+0000] {dagbag.py:588} INFO - Filling up the DagBag from /opt/conda/lib/python3.12/site-packages/airflow/example_dags/example_bash_operator.py
[2025-02-06T11:46:28.566+0000] {processor.py:925} INFO - DAG(s) 'example_bash_operator' retrieved from /opt/conda/lib/python3.12/site-packages/airflow/example_dags/example_bash_operator.py
[2025-02-06T11:46:28.641+0000] {logging_mixin.py:190} INFO - [2025-02-06T11:46:28.641+0000] {dag.py:3239} INFO - Sync 1 DAGs
[2025-02-06T11:46:28.692+0000] {logging_mixin.py:190} INFO - [2025-02-06T11:46:28.692+0000] {dag.py:4180} INFO - Setting next_dagrun for example_bash_operator to 2025-02-05 00:00:00+00:00, run_after=2025-02-06 00:00:00+00:00
[2025-02-06T11:46:28.814+0000] {processor.py:208} INFO - Processing /opt/conda/lib/python3.12/site-packages/airflow/example_dags/example_bash_operator.py took 0.296 seconds
[2025-02-06T11:50:20.289+0000] {processor.py:186} INFO - Started process (PID=2693) to work on /opt/conda/lib/python3.12/site-packages/airflow/example_dags/example_bash_operator.py
[2025-02-06T11:50:20.291+0000] {processor.py:914} INFO - Processing file /opt/conda/lib/python3.12/site-packages/airflow/example_dags/example_bash_operator.py for tasks to queue
[2025-02-06T11:50:20.293+0000] {logging_mixin.py:190} INFO - [2025-02-06T11:50:20.293+0000] {dagbag.py:588} INFO - Filling up the DagBag from /opt/conda/lib/python3.12/site-packages/airflow/example_dags/example_bash_operator.py
[2025-02-06T11:50:20.312+0000] {processor.py:925} INFO - DAG(s) 'example_bash_operator' retrieved from /opt/conda/lib/python3.12/site-packages/airflow/example_dags/example_bash_operator.py
[2025-02-06T11:50:20.355+0000] {logging_mixin.py:190} INFO - [2025-02-06T11:50:20.355+0000] {dag.py:3239} INFO - Sync 1 DAGs
[2025-02-06T11:50:20.392+0000] {logging_mixin.py:190} INFO - [2025-02-06T11:50:20.392+0000] {dag.py:4180} INFO - Setting next_dagrun for example_bash_operator to 2025-02-05 00:00:00+00:00, run_after=2025-02-06 00:00:00+00:00
[2025-02-06T11:50:20.496+0000] {processor.py:208} INFO - Processing /opt/conda/lib/python3.12/site-packages/airflow/example_dags/example_bash_operator.py took 0.213 seconds
[2025-02-06T11:54:02.887+0000] {processor.py:186} INFO - Started process (PID=3647) to work on /opt/conda/lib/python3.12/site-packages/airflow/example_dags/example_bash_operator.py
[2025-02-06T11:54:02.891+0000] {processor.py:914} INFO - Processing file /opt/conda/lib/python3.12/site-packages/airflow/example_dags/example_bash_operator.py for tasks to queue
[2025-02-06T11:54:02.896+0000] {logging_mixin.py:190} INFO - [2025-02-06T11:54:02.895+0000] {dagbag.py:588} INFO - Filling up the DagBag from /opt/conda/lib/python3.12/site-packages/airflow/example_dags/example_bash_operator.py
[2025-02-06T11:54:02.924+0000] {processor.py:925} INFO - DAG(s) 'example_bash_operator' retrieved from /opt/conda/lib/python3.12/site-packages/airflow/example_dags/example_bash_operator.py
[2025-02-06T11:54:02.998+0000] {logging_mixin.py:190} INFO - [2025-02-06T11:54:02.997+0000] {dag.py:3239} INFO - Sync 1 DAGs
[2025-02-06T11:54:03.083+0000] {logging_mixin.py:190} INFO - [2025-02-06T11:54:03.083+0000] {dag.py:4180} INFO - Setting next_dagrun for example_bash_operator to 2025-02-05 00:00:00+00:00, run_after=2025-02-06 00:00:00+00:00
[2025-02-06T11:54:03.245+0000] {processor.py:208} INFO - Processing /opt/conda/lib/python3.12/site-packages/airflow/example_dags/example_bash_operator.py took 0.369 seconds
[2025-02-06T12:05:36.604+0000] {processor.py:186} INFO - Started process (PID=804) to work on /opt/conda/lib/python3.12/site-packages/airflow/example_dags/example_bash_operator.py
[2025-02-06T12:05:36.606+0000] {processor.py:914} INFO - Processing file /opt/conda/lib/python3.12/site-packages/airflow/example_dags/example_bash_operator.py for tasks to queue
[2025-02-06T12:05:36.608+0000] {logging_mixin.py:190} INFO - [2025-02-06T12:05:36.608+0000] {dagbag.py:588} INFO - Filling up the DagBag from /opt/conda/lib/python3.12/site-packages/airflow/example_dags/example_bash_operator.py
[2025-02-06T12:05:36.619+0000] {processor.py:925} INFO - DAG(s) 'example_bash_operator' retrieved from /opt/conda/lib/python3.12/site-packages/airflow/example_dags/example_bash_operator.py
[2025-02-06T12:05:36.653+0000] {logging_mixin.py:190} INFO - [2025-02-06T12:05:36.653+0000] {dag.py:3239} INFO - Sync 1 DAGs
[2025-02-06T12:05:36.678+0000] {logging_mixin.py:190} INFO - [2025-02-06T12:05:36.678+0000] {dag.py:4180} INFO - Setting next_dagrun for example_bash_operator to 2025-02-05 00:00:00+00:00, run_after=2025-02-06 00:00:00+00:00
[2025-02-06T12:05:36.863+0000] {processor.py:208} INFO - Processing /opt/conda/lib/python3.12/site-packages/airflow/example_dags/example_bash_operator.py took 0.264 seconds
[2025-02-06T12:08:25.706+0000] {processor.py:186} INFO - Started process (PID=1818) to work on /opt/conda/lib/python3.12/site-packages/airflow/example_dags/example_bash_operator.py
[2025-02-06T12:08:25.707+0000] {processor.py:914} INFO - Processing file /opt/conda/lib/python3.12/site-packages/airflow/example_dags/example_bash_operator.py for tasks to queue
[2025-02-06T12:08:25.709+0000] {logging_mixin.py:190} INFO - [2025-02-06T12:08:25.709+0000] {dagbag.py:588} INFO - Filling up the DagBag from /opt/conda/lib/python3.12/site-packages/airflow/example_dags/example_bash_operator.py
[2025-02-06T12:08:25.720+0000] {processor.py:925} INFO - DAG(s) 'example_bash_operator' retrieved from /opt/conda/lib/python3.12/site-packages/airflow/example_dags/example_bash_operator.py
[2025-02-06T12:08:25.746+0000] {logging_mixin.py:190} INFO - [2025-02-06T12:08:25.746+0000] {dag.py:3239} INFO - Sync 1 DAGs
[2025-02-06T12:08:25.768+0000] {logging_mixin.py:190} INFO - [2025-02-06T12:08:25.768+0000] {dag.py:4180} INFO - Setting next_dagrun for example_bash_operator to 2025-02-05 00:00:00+00:00, run_after=2025-02-06 00:00:00+00:00
[2025-02-06T12:08:25.821+0000] {processor.py:208} INFO - Processing /opt/conda/lib/python3.12/site-packages/airflow/example_dags/example_bash_operator.py took 0.120 seconds
[2025-02-06T12:17:37.229+0000] {processor.py:186} INFO - Started process (PID=233) to work on /opt/conda/lib/python3.12/site-packages/airflow/example_dags/example_bash_operator.py
[2025-02-06T12:17:37.231+0000] {processor.py:914} INFO - Processing file /opt/conda/lib/python3.12/site-packages/airflow/example_dags/example_bash_operator.py for tasks to queue
[2025-02-06T12:17:37.233+0000] {logging_mixin.py:190} INFO - [2025-02-06T12:17:37.232+0000] {dagbag.py:588} INFO - Filling up the DagBag from /opt/conda/lib/python3.12/site-packages/airflow/example_dags/example_bash_operator.py
[2025-02-06T12:17:37.243+0000] {processor.py:925} INFO - DAG(s) 'example_bash_operator' retrieved from /opt/conda/lib/python3.12/site-packages/airflow/example_dags/example_bash_operator.py
[2025-02-06T12:17:37.270+0000] {logging_mixin.py:190} INFO - [2025-02-06T12:17:37.270+0000] {dag.py:3239} INFO - Sync 1 DAGs
[2025-02-06T12:17:37.300+0000] {logging_mixin.py:190} INFO - [2025-02-06T12:17:37.299+0000] {dag.py:4180} INFO - Setting next_dagrun for example_bash_operator to 2025-02-05 00:00:00+00:00, run_after=2025-02-06 00:00:00+00:00
[2025-02-06T12:17:37.368+0000] {processor.py:208} INFO - Processing /opt/conda/lib/python3.12/site-packages/airflow/example_dags/example_bash_operator.py took 0.143 seconds
[2025-02-06T12:18:01.601+0000] {processor.py:186} INFO - Started process (PID=99) to work on /opt/conda/lib/python3.12/site-packages/airflow/example_dags/example_bash_operator.py
[2025-02-06T12:18:01.604+0000] {processor.py:914} INFO - Processing file /opt/conda/lib/python3.12/site-packages/airflow/example_dags/example_bash_operator.py for tasks to queue
[2025-02-06T12:18:01.607+0000] {logging_mixin.py:190} INFO - [2025-02-06T12:18:01.606+0000] {dagbag.py:588} INFO - Filling up the DagBag from /opt/conda/lib/python3.12/site-packages/airflow/example_dags/example_bash_operator.py
[2025-02-06T12:18:01.624+0000] {processor.py:925} INFO - DAG(s) 'example_bash_operator' retrieved from /opt/conda/lib/python3.12/site-packages/airflow/example_dags/example_bash_operator.py
[2025-02-06T12:18:01.657+0000] {logging_mixin.py:190} INFO - [2025-02-06T12:18:01.657+0000] {dag.py:3239} INFO - Sync 1 DAGs
[2025-02-06T12:18:01.693+0000] {logging_mixin.py:190} INFO - [2025-02-06T12:18:01.692+0000] {dag.py:4180} INFO - Setting next_dagrun for example_bash_operator to 2025-02-05 00:00:00+00:00, run_after=2025-02-06 00:00:00+00:00
[2025-02-06T12:18:01.763+0000] {processor.py:208} INFO - Processing /opt/conda/lib/python3.12/site-packages/airflow/example_dags/example_bash_operator.py took 0.169 seconds
[2025-02-06T12:21:47.276+0000] {processor.py:186} INFO - Started process (PID=229) to work on /opt/conda/lib/python3.12/site-packages/airflow/example_dags/example_bash_operator.py
[2025-02-06T12:21:47.277+0000] {processor.py:914} INFO - Processing file /opt/conda/lib/python3.12/site-packages/airflow/example_dags/example_bash_operator.py for tasks to queue
[2025-02-06T12:21:47.279+0000] {logging_mixin.py:190} INFO - [2025-02-06T12:21:47.279+0000] {dagbag.py:588} INFO - Filling up the DagBag from /opt/conda/lib/python3.12/site-packages/airflow/example_dags/example_bash_operator.py
[2025-02-06T12:21:47.288+0000] {processor.py:925} INFO - DAG(s) 'example_bash_operator' retrieved from /opt/conda/lib/python3.12/site-packages/airflow/example_dags/example_bash_operator.py
[2025-02-06T12:21:47.319+0000] {logging_mixin.py:190} INFO - [2025-02-06T12:21:47.319+0000] {dag.py:3239} INFO - Sync 1 DAGs
[2025-02-06T12:21:47.344+0000] {logging_mixin.py:190} INFO - [2025-02-06T12:21:47.344+0000] {dag.py:4180} INFO - Setting next_dagrun for example_bash_operator to 2025-02-05 00:00:00+00:00, run_after=2025-02-06 00:00:00+00:00
[2025-02-06T12:21:47.408+0000] {processor.py:208} INFO - Processing /opt/conda/lib/python3.12/site-packages/airflow/example_dags/example_bash_operator.py took 0.137 seconds
[2025-02-06T12:23:27.712+0000] {processor.py:186} INFO - Started process (PID=821) to work on /opt/conda/lib/python3.12/site-packages/airflow/example_dags/example_bash_operator.py
[2025-02-06T12:23:27.715+0000] {processor.py:914} INFO - Processing file /opt/conda/lib/python3.12/site-packages/airflow/example_dags/example_bash_operator.py for tasks to queue
[2025-02-06T12:23:27.719+0000] {logging_mixin.py:190} INFO - [2025-02-06T12:23:27.719+0000] {dagbag.py:588} INFO - Filling up the DagBag from /opt/conda/lib/python3.12/site-packages/airflow/example_dags/example_bash_operator.py
[2025-02-06T12:23:27.730+0000] {processor.py:925} INFO - DAG(s) 'example_bash_operator' retrieved from /opt/conda/lib/python3.12/site-packages/airflow/example_dags/example_bash_operator.py
[2025-02-06T12:23:27.764+0000] {logging_mixin.py:190} INFO - [2025-02-06T12:23:27.763+0000] {dag.py:3239} INFO - Sync 1 DAGs
[2025-02-06T12:23:27.786+0000] {logging_mixin.py:190} INFO - [2025-02-06T12:23:27.786+0000] {dag.py:4180} INFO - Setting next_dagrun for example_bash_operator to 2025-02-05 00:00:00+00:00, run_after=2025-02-06 00:00:00+00:00
[2025-02-06T12:23:27.853+0000] {processor.py:208} INFO - Processing /opt/conda/lib/python3.12/site-packages/airflow/example_dags/example_bash_operator.py took 0.144 seconds
[2025-02-06T12:24:00.232+0000] {processor.py:186} INFO - Started process (PID=1035) to work on /opt/conda/lib/python3.12/site-packages/airflow/example_dags/example_bash_operator.py
[2025-02-06T12:24:00.233+0000] {processor.py:914} INFO - Processing file /opt/conda/lib/python3.12/site-packages/airflow/example_dags/example_bash_operator.py for tasks to queue
[2025-02-06T12:24:00.235+0000] {logging_mixin.py:190} INFO - [2025-02-06T12:24:00.235+0000] {dagbag.py:588} INFO - Filling up the DagBag from /opt/conda/lib/python3.12/site-packages/airflow/example_dags/example_bash_operator.py
[2025-02-06T12:24:00.244+0000] {processor.py:925} INFO - DAG(s) 'example_bash_operator' retrieved from /opt/conda/lib/python3.12/site-packages/airflow/example_dags/example_bash_operator.py
[2025-02-06T12:24:00.274+0000] {logging_mixin.py:190} INFO - [2025-02-06T12:24:00.274+0000] {dag.py:3239} INFO - Sync 1 DAGs
[2025-02-06T12:24:00.304+0000] {logging_mixin.py:190} INFO - [2025-02-06T12:24:00.303+0000] {dag.py:4180} INFO - Setting next_dagrun for example_bash_operator to 2025-02-05 00:00:00+00:00, run_after=2025-02-06 00:00:00+00:00
[2025-02-06T12:24:00.369+0000] {processor.py:208} INFO - Processing /opt/conda/lib/python3.12/site-packages/airflow/example_dags/example_bash_operator.py took 0.142 seconds
[2025-02-06T12:26:55.008+0000] {processor.py:186} INFO - Started process (PID=2267) to work on /opt/conda/lib/python3.12/site-packages/airflow/example_dags/example_bash_operator.py
[2025-02-06T12:26:55.009+0000] {processor.py:914} INFO - Processing file /opt/conda/lib/python3.12/site-packages/airflow/example_dags/example_bash_operator.py for tasks to queue
[2025-02-06T12:26:55.010+0000] {logging_mixin.py:190} INFO - [2025-02-06T12:26:55.010+0000] {dagbag.py:588} INFO - Filling up the DagBag from /opt/conda/lib/python3.12/site-packages/airflow/example_dags/example_bash_operator.py
[2025-02-06T12:26:55.020+0000] {processor.py:925} INFO - DAG(s) 'example_bash_operator' retrieved from /opt/conda/lib/python3.12/site-packages/airflow/example_dags/example_bash_operator.py
[2025-02-06T12:26:55.058+0000] {logging_mixin.py:190} INFO - [2025-02-06T12:26:55.058+0000] {dag.py:3239} INFO - Sync 1 DAGs
[2025-02-06T12:26:55.081+0000] {logging_mixin.py:190} INFO - [2025-02-06T12:26:55.081+0000] {dag.py:4180} INFO - Setting next_dagrun for example_bash_operator to 2025-02-05 00:00:00+00:00, run_after=2025-02-06 00:00:00+00:00
[2025-02-06T12:26:55.128+0000] {processor.py:208} INFO - Processing /opt/conda/lib/python3.12/site-packages/airflow/example_dags/example_bash_operator.py took 0.125 seconds
[2025-02-06T12:30:48.093+0000] {processor.py:186} INFO - Started process (PID=4300) to work on /opt/conda/lib/python3.12/site-packages/airflow/example_dags/example_bash_operator.py
[2025-02-06T12:30:48.094+0000] {processor.py:914} INFO - Processing file /opt/conda/lib/python3.12/site-packages/airflow/example_dags/example_bash_operator.py for tasks to queue
[2025-02-06T12:30:48.096+0000] {logging_mixin.py:190} INFO - [2025-02-06T12:30:48.096+0000] {dagbag.py:588} INFO - Filling up the DagBag from /opt/conda/lib/python3.12/site-packages/airflow/example_dags/example_bash_operator.py
[2025-02-06T12:30:48.105+0000] {processor.py:925} INFO - DAG(s) 'example_bash_operator' retrieved from /opt/conda/lib/python3.12/site-packages/airflow/example_dags/example_bash_operator.py
[2025-02-06T12:30:48.128+0000] {logging_mixin.py:190} INFO - [2025-02-06T12:30:48.128+0000] {dag.py:3239} INFO - Sync 1 DAGs
[2025-02-06T12:30:48.154+0000] {logging_mixin.py:190} INFO - [2025-02-06T12:30:48.154+0000] {dag.py:4180} INFO - Setting next_dagrun for example_bash_operator to 2025-02-05 00:00:00+00:00, run_after=2025-02-06 00:00:00+00:00
[2025-02-06T12:30:48.206+0000] {processor.py:208} INFO - Processing /opt/conda/lib/python3.12/site-packages/airflow/example_dags/example_bash_operator.py took 0.117 seconds
[2025-02-06T12:34:53.518+0000] {processor.py:186} INFO - Started process (PID=6437) to work on /opt/conda/lib/python3.12/site-packages/airflow/example_dags/example_bash_operator.py
[2025-02-06T12:34:53.519+0000] {processor.py:914} INFO - Processing file /opt/conda/lib/python3.12/site-packages/airflow/example_dags/example_bash_operator.py for tasks to queue
[2025-02-06T12:34:53.521+0000] {logging_mixin.py:190} INFO - [2025-02-06T12:34:53.521+0000] {dagbag.py:588} INFO - Filling up the DagBag from /opt/conda/lib/python3.12/site-packages/airflow/example_dags/example_bash_operator.py
[2025-02-06T12:34:53.532+0000] {processor.py:925} INFO - DAG(s) 'example_bash_operator' retrieved from /opt/conda/lib/python3.12/site-packages/airflow/example_dags/example_bash_operator.py
[2025-02-06T12:34:53.564+0000] {logging_mixin.py:190} INFO - [2025-02-06T12:34:53.563+0000] {dag.py:3239} INFO - Sync 1 DAGs
[2025-02-06T12:34:53.589+0000] {logging_mixin.py:190} INFO - [2025-02-06T12:34:53.589+0000] {dag.py:4180} INFO - Setting next_dagrun for example_bash_operator to 2025-02-05 00:00:00+00:00, run_after=2025-02-06 00:00:00+00:00
[2025-02-06T12:34:53.643+0000] {processor.py:208} INFO - Processing /opt/conda/lib/python3.12/site-packages/airflow/example_dags/example_bash_operator.py took 0.132 seconds
[2025-02-06T12:39:03.437+0000] {processor.py:186} INFO - Started process (PID=8522) to work on /opt/conda/lib/python3.12/site-packages/airflow/example_dags/example_bash_operator.py
[2025-02-06T12:39:03.438+0000] {processor.py:914} INFO - Processing file /opt/conda/lib/python3.12/site-packages/airflow/example_dags/example_bash_operator.py for tasks to queue
[2025-02-06T12:39:03.440+0000] {logging_mixin.py:190} INFO - [2025-02-06T12:39:03.440+0000] {dagbag.py:588} INFO - Filling up the DagBag from /opt/conda/lib/python3.12/site-packages/airflow/example_dags/example_bash_operator.py
[2025-02-06T12:39:03.449+0000] {processor.py:925} INFO - DAG(s) 'example_bash_operator' retrieved from /opt/conda/lib/python3.12/site-packages/airflow/example_dags/example_bash_operator.py
[2025-02-06T12:39:03.474+0000] {logging_mixin.py:190} INFO - [2025-02-06T12:39:03.473+0000] {dag.py:3239} INFO - Sync 1 DAGs
[2025-02-06T12:39:03.492+0000] {logging_mixin.py:190} INFO - [2025-02-06T12:39:03.492+0000] {dag.py:4180} INFO - Setting next_dagrun for example_bash_operator to 2025-02-05 00:00:00+00:00, run_after=2025-02-06 00:00:00+00:00
[2025-02-06T12:39:03.569+0000] {processor.py:208} INFO - Processing /opt/conda/lib/python3.12/site-packages/airflow/example_dags/example_bash_operator.py took 0.135 seconds
[2025-02-06T12:43:09.009+0000] {processor.py:186} INFO - Started process (PID=10659) to work on /opt/conda/lib/python3.12/site-packages/airflow/example_dags/example_bash_operator.py
[2025-02-06T12:43:09.010+0000] {processor.py:914} INFO - Processing file /opt/conda/lib/python3.12/site-packages/airflow/example_dags/example_bash_operator.py for tasks to queue
[2025-02-06T12:43:09.012+0000] {logging_mixin.py:190} INFO - [2025-02-06T12:43:09.012+0000] {dagbag.py:588} INFO - Filling up the DagBag from /opt/conda/lib/python3.12/site-packages/airflow/example_dags/example_bash_operator.py
[2025-02-06T12:43:09.021+0000] {processor.py:925} INFO - DAG(s) 'example_bash_operator' retrieved from /opt/conda/lib/python3.12/site-packages/airflow/example_dags/example_bash_operator.py
[2025-02-06T12:43:09.044+0000] {logging_mixin.py:190} INFO - [2025-02-06T12:43:09.044+0000] {dag.py:3239} INFO - Sync 1 DAGs
[2025-02-06T12:43:09.065+0000] {logging_mixin.py:190} INFO - [2025-02-06T12:43:09.065+0000] {dag.py:4180} INFO - Setting next_dagrun for example_bash_operator to 2025-02-05 00:00:00+00:00, run_after=2025-02-06 00:00:00+00:00
[2025-02-06T12:43:09.222+0000] {processor.py:208} INFO - Processing /opt/conda/lib/python3.12/site-packages/airflow/example_dags/example_bash_operator.py took 0.216 seconds
[2025-02-06T12:47:24.650+0000] {processor.py:186} INFO - Started process (PID=12760) to work on /opt/conda/lib/python3.12/site-packages/airflow/example_dags/example_bash_operator.py
[2025-02-06T12:47:24.651+0000] {processor.py:914} INFO - Processing file /opt/conda/lib/python3.12/site-packages/airflow/example_dags/example_bash_operator.py for tasks to queue
[2025-02-06T12:47:24.653+0000] {logging_mixin.py:190} INFO - [2025-02-06T12:47:24.652+0000] {dagbag.py:588} INFO - Filling up the DagBag from /opt/conda/lib/python3.12/site-packages/airflow/example_dags/example_bash_operator.py
[2025-02-06T12:47:24.662+0000] {processor.py:925} INFO - DAG(s) 'example_bash_operator' retrieved from /opt/conda/lib/python3.12/site-packages/airflow/example_dags/example_bash_operator.py
[2025-02-06T12:47:24.692+0000] {logging_mixin.py:190} INFO - [2025-02-06T12:47:24.692+0000] {dag.py:3239} INFO - Sync 1 DAGs
[2025-02-06T12:47:24.716+0000] {logging_mixin.py:190} INFO - [2025-02-06T12:47:24.716+0000] {dag.py:4180} INFO - Setting next_dagrun for example_bash_operator to 2025-02-05 00:00:00+00:00, run_after=2025-02-06 00:00:00+00:00
[2025-02-06T12:47:24.769+0000] {processor.py:208} INFO - Processing /opt/conda/lib/python3.12/site-packages/airflow/example_dags/example_bash_operator.py took 0.124 seconds
[2025-02-06T12:53:21.337+0000] {processor.py:186} INFO - Started process (PID=15387) to work on /opt/conda/lib/python3.12/site-packages/airflow/example_dags/example_bash_operator.py
[2025-02-06T12:53:21.338+0000] {processor.py:914} INFO - Processing file /opt/conda/lib/python3.12/site-packages/airflow/example_dags/example_bash_operator.py for tasks to queue
[2025-02-06T12:53:21.340+0000] {logging_mixin.py:190} INFO - [2025-02-06T12:53:21.340+0000] {dagbag.py:588} INFO - Filling up the DagBag from /opt/conda/lib/python3.12/site-packages/airflow/example_dags/example_bash_operator.py
[2025-02-06T12:53:21.349+0000] {processor.py:925} INFO - DAG(s) 'example_bash_operator' retrieved from /opt/conda/lib/python3.12/site-packages/airflow/example_dags/example_bash_operator.py
[2025-02-06T12:53:21.374+0000] {logging_mixin.py:190} INFO - [2025-02-06T12:53:21.374+0000] {dag.py:3239} INFO - Sync 1 DAGs
[2025-02-06T12:53:21.397+0000] {logging_mixin.py:190} INFO - [2025-02-06T12:53:21.397+0000] {dag.py:4180} INFO - Setting next_dagrun for example_bash_operator to 2025-02-05 00:00:00+00:00, run_after=2025-02-06 00:00:00+00:00
[2025-02-06T12:53:21.605+0000] {processor.py:208} INFO - Processing /opt/conda/lib/python3.12/site-packages/airflow/example_dags/example_bash_operator.py took 0.272 seconds
[2025-02-06T12:58:03.686+0000] {processor.py:186} INFO - Started process (PID=253) to work on /opt/conda/lib/python3.12/site-packages/airflow/example_dags/example_bash_operator.py
[2025-02-06T12:58:03.687+0000] {processor.py:914} INFO - Processing file /opt/conda/lib/python3.12/site-packages/airflow/example_dags/example_bash_operator.py for tasks to queue
[2025-02-06T12:58:03.689+0000] {logging_mixin.py:190} INFO - [2025-02-06T12:58:03.689+0000] {dagbag.py:588} INFO - Filling up the DagBag from /opt/conda/lib/python3.12/site-packages/airflow/example_dags/example_bash_operator.py
[2025-02-06T12:58:03.700+0000] {processor.py:925} INFO - DAG(s) 'example_bash_operator' retrieved from /opt/conda/lib/python3.12/site-packages/airflow/example_dags/example_bash_operator.py
[2025-02-06T12:58:03.728+0000] {logging_mixin.py:190} INFO - [2025-02-06T12:58:03.728+0000] {dag.py:3239} INFO - Sync 1 DAGs
[2025-02-06T12:58:03.752+0000] {logging_mixin.py:190} INFO - [2025-02-06T12:58:03.752+0000] {dag.py:4180} INFO - Setting next_dagrun for example_bash_operator to 2025-02-05 00:00:00+00:00, run_after=2025-02-06 00:00:00+00:00
[2025-02-06T12:58:03.816+0000] {processor.py:208} INFO - Processing /opt/conda/lib/python3.12/site-packages/airflow/example_dags/example_bash_operator.py took 0.135 seconds
[2025-02-06T13:01:52.921+0000] {processor.py:186} INFO - Started process (PID=1249) to work on /opt/conda/lib/python3.12/site-packages/airflow/example_dags/example_bash_operator.py
[2025-02-06T13:01:52.923+0000] {processor.py:914} INFO - Processing file /opt/conda/lib/python3.12/site-packages/airflow/example_dags/example_bash_operator.py for tasks to queue
[2025-02-06T13:01:52.925+0000] {logging_mixin.py:190} INFO - [2025-02-06T13:01:52.924+0000] {dagbag.py:588} INFO - Filling up the DagBag from /opt/conda/lib/python3.12/site-packages/airflow/example_dags/example_bash_operator.py
[2025-02-06T13:01:52.943+0000] {processor.py:925} INFO - DAG(s) 'example_bash_operator' retrieved from /opt/conda/lib/python3.12/site-packages/airflow/example_dags/example_bash_operator.py
[2025-02-06T13:01:53.006+0000] {logging_mixin.py:190} INFO - [2025-02-06T13:01:53.006+0000] {dag.py:3239} INFO - Sync 1 DAGs
[2025-02-06T13:01:53.052+0000] {logging_mixin.py:190} INFO - [2025-02-06T13:01:53.051+0000] {dag.py:4180} INFO - Setting next_dagrun for example_bash_operator to 2025-02-05 00:00:00+00:00, run_after=2025-02-06 00:00:00+00:00
[2025-02-06T13:01:53.240+0000] {processor.py:208} INFO - Processing /opt/conda/lib/python3.12/site-packages/airflow/example_dags/example_bash_operator.py took 0.330 seconds
[2025-02-06T13:04:23.588+0000] {processor.py:186} INFO - Started process (PID=2080) to work on /opt/conda/lib/python3.12/site-packages/airflow/example_dags/example_bash_operator.py
[2025-02-06T13:04:23.589+0000] {processor.py:914} INFO - Processing file /opt/conda/lib/python3.12/site-packages/airflow/example_dags/example_bash_operator.py for tasks to queue
[2025-02-06T13:04:23.591+0000] {logging_mixin.py:190} INFO - [2025-02-06T13:04:23.591+0000] {dagbag.py:588} INFO - Filling up the DagBag from /opt/conda/lib/python3.12/site-packages/airflow/example_dags/example_bash_operator.py
[2025-02-06T13:04:23.604+0000] {processor.py:925} INFO - DAG(s) 'example_bash_operator' retrieved from /opt/conda/lib/python3.12/site-packages/airflow/example_dags/example_bash_operator.py
[2025-02-06T13:04:23.631+0000] {logging_mixin.py:190} INFO - [2025-02-06T13:04:23.631+0000] {dag.py:3239} INFO - Sync 1 DAGs
[2025-02-06T13:04:23.652+0000] {logging_mixin.py:190} INFO - [2025-02-06T13:04:23.652+0000] {dag.py:4180} INFO - Setting next_dagrun for example_bash_operator to 2025-02-05 00:00:00+00:00, run_after=2025-02-06 00:00:00+00:00
[2025-02-06T13:04:23.705+0000] {processor.py:208} INFO - Processing /opt/conda/lib/python3.12/site-packages/airflow/example_dags/example_bash_operator.py took 0.122 seconds
[2025-02-06T13:06:40.185+0000] {processor.py:186} INFO - Started process (PID=2799) to work on /opt/conda/lib/python3.12/site-packages/airflow/example_dags/example_bash_operator.py
[2025-02-06T13:06:40.186+0000] {processor.py:914} INFO - Processing file /opt/conda/lib/python3.12/site-packages/airflow/example_dags/example_bash_operator.py for tasks to queue
[2025-02-06T13:06:40.188+0000] {logging_mixin.py:190} INFO - [2025-02-06T13:06:40.188+0000] {dagbag.py:588} INFO - Filling up the DagBag from /opt/conda/lib/python3.12/site-packages/airflow/example_dags/example_bash_operator.py
[2025-02-06T13:06:40.203+0000] {processor.py:925} INFO - DAG(s) 'example_bash_operator' retrieved from /opt/conda/lib/python3.12/site-packages/airflow/example_dags/example_bash_operator.py
[2025-02-06T13:06:40.233+0000] {logging_mixin.py:190} INFO - [2025-02-06T13:06:40.232+0000] {dag.py:3239} INFO - Sync 1 DAGs
[2025-02-06T13:06:40.255+0000] {logging_mixin.py:190} INFO - [2025-02-06T13:06:40.254+0000] {dag.py:4180} INFO - Setting next_dagrun for example_bash_operator to 2025-02-05 00:00:00+00:00, run_after=2025-02-06 00:00:00+00:00
[2025-02-06T13:06:40.342+0000] {processor.py:208} INFO - Processing /opt/conda/lib/python3.12/site-packages/airflow/example_dags/example_bash_operator.py took 0.162 seconds
[2025-02-06T13:19:02.085+0000] {processor.py:186} INFO - Started process (PID=307) to work on /opt/conda/lib/python3.12/site-packages/airflow/example_dags/example_bash_operator.py
[2025-02-06T13:19:02.087+0000] {processor.py:914} INFO - Processing file /opt/conda/lib/python3.12/site-packages/airflow/example_dags/example_bash_operator.py for tasks to queue
[2025-02-06T13:19:02.090+0000] {logging_mixin.py:190} INFO - [2025-02-06T13:19:02.090+0000] {dagbag.py:588} INFO - Filling up the DagBag from /opt/conda/lib/python3.12/site-packages/airflow/example_dags/example_bash_operator.py
[2025-02-06T13:19:02.109+0000] {processor.py:925} INFO - DAG(s) 'example_bash_operator' retrieved from /opt/conda/lib/python3.12/site-packages/airflow/example_dags/example_bash_operator.py
[2025-02-06T13:19:02.154+0000] {logging_mixin.py:190} INFO - [2025-02-06T13:19:02.154+0000] {dag.py:3239} INFO - Sync 1 DAGs
[2025-02-06T13:19:02.205+0000] {logging_mixin.py:190} INFO - [2025-02-06T13:19:02.204+0000] {dag.py:4180} INFO - Setting next_dagrun for example_bash_operator to 2025-02-05 00:00:00+00:00, run_after=2025-02-06 00:00:00+00:00
[2025-02-06T13:19:02.289+0000] {processor.py:208} INFO - Processing /opt/conda/lib/python3.12/site-packages/airflow/example_dags/example_bash_operator.py took 0.213 seconds
[2025-02-06T13:22:45.132+0000] {processor.py:186} INFO - Started process (PID=1594) to work on /opt/conda/lib/python3.12/site-packages/airflow/example_dags/example_bash_operator.py
[2025-02-06T13:22:45.134+0000] {processor.py:914} INFO - Processing file /opt/conda/lib/python3.12/site-packages/airflow/example_dags/example_bash_operator.py for tasks to queue
[2025-02-06T13:22:45.136+0000] {logging_mixin.py:190} INFO - [2025-02-06T13:22:45.136+0000] {dagbag.py:588} INFO - Filling up the DagBag from /opt/conda/lib/python3.12/site-packages/airflow/example_dags/example_bash_operator.py
[2025-02-06T13:22:45.151+0000] {processor.py:925} INFO - DAG(s) 'example_bash_operator' retrieved from /opt/conda/lib/python3.12/site-packages/airflow/example_dags/example_bash_operator.py
[2025-02-06T13:22:45.180+0000] {logging_mixin.py:190} INFO - [2025-02-06T13:22:45.179+0000] {dag.py:3239} INFO - Sync 1 DAGs
[2025-02-06T13:22:45.204+0000] {logging_mixin.py:190} INFO - [2025-02-06T13:22:45.203+0000] {dag.py:4180} INFO - Setting next_dagrun for example_bash_operator to 2025-02-05 00:00:00+00:00, run_after=2025-02-06 00:00:00+00:00
[2025-02-06T13:22:45.275+0000] {processor.py:208} INFO - Processing /opt/conda/lib/python3.12/site-packages/airflow/example_dags/example_bash_operator.py took 0.148 seconds
[2025-02-06T13:27:12.115+0000] {processor.py:186} INFO - Started process (PID=3563) to work on /opt/conda/lib/python3.12/site-packages/airflow/example_dags/example_bash_operator.py
[2025-02-06T13:27:12.117+0000] {processor.py:914} INFO - Processing file /opt/conda/lib/python3.12/site-packages/airflow/example_dags/example_bash_operator.py for tasks to queue
[2025-02-06T13:27:12.120+0000] {logging_mixin.py:190} INFO - [2025-02-06T13:27:12.120+0000] {dagbag.py:588} INFO - Filling up the DagBag from /opt/conda/lib/python3.12/site-packages/airflow/example_dags/example_bash_operator.py
[2025-02-06T13:27:12.143+0000] {processor.py:925} INFO - DAG(s) 'example_bash_operator' retrieved from /opt/conda/lib/python3.12/site-packages/airflow/example_dags/example_bash_operator.py
[2025-02-06T13:27:12.193+0000] {logging_mixin.py:190} INFO - [2025-02-06T13:27:12.193+0000] {dag.py:3239} INFO - Sync 1 DAGs
[2025-02-06T13:27:12.231+0000] {logging_mixin.py:190} INFO - [2025-02-06T13:27:12.231+0000] {dag.py:4180} INFO - Setting next_dagrun for example_bash_operator to 2025-02-05 00:00:00+00:00, run_after=2025-02-06 00:00:00+00:00
[2025-02-06T13:27:12.340+0000] {processor.py:208} INFO - Processing /opt/conda/lib/python3.12/site-packages/airflow/example_dags/example_bash_operator.py took 0.231 seconds
[2025-02-06T13:31:40.310+0000] {processor.py:186} INFO - Started process (PID=5389) to work on /opt/conda/lib/python3.12/site-packages/airflow/example_dags/example_bash_operator.py
[2025-02-06T13:31:40.311+0000] {processor.py:914} INFO - Processing file /opt/conda/lib/python3.12/site-packages/airflow/example_dags/example_bash_operator.py for tasks to queue
[2025-02-06T13:31:40.313+0000] {logging_mixin.py:190} INFO - [2025-02-06T13:31:40.313+0000] {dagbag.py:588} INFO - Filling up the DagBag from /opt/conda/lib/python3.12/site-packages/airflow/example_dags/example_bash_operator.py
[2025-02-06T13:31:40.323+0000] {processor.py:925} INFO - DAG(s) 'example_bash_operator' retrieved from /opt/conda/lib/python3.12/site-packages/airflow/example_dags/example_bash_operator.py
[2025-02-06T13:31:40.349+0000] {logging_mixin.py:190} INFO - [2025-02-06T13:31:40.349+0000] {dag.py:3239} INFO - Sync 1 DAGs
[2025-02-06T13:31:40.377+0000] {logging_mixin.py:190} INFO - [2025-02-06T13:31:40.377+0000] {dag.py:4180} INFO - Setting next_dagrun for example_bash_operator to 2025-02-05 00:00:00+00:00, run_after=2025-02-06 00:00:00+00:00
[2025-02-06T13:31:40.441+0000] {processor.py:208} INFO - Processing /opt/conda/lib/python3.12/site-packages/airflow/example_dags/example_bash_operator.py took 0.137 seconds
