[2025-02-06T08:26:53.314+0000] {processor.py:186} INFO - Started process (PID=58) to work on /opt/conda/lib/python3.12/site-packages/airflow/example_dags/example_complex.py
[2025-02-06T08:26:53.316+0000] {processor.py:914} INFO - Processing file /opt/conda/lib/python3.12/site-packages/airflow/example_dags/example_complex.py for tasks to queue
[2025-02-06T08:26:53.319+0000] {logging_mixin.py:190} INFO - [2025-02-06T08:26:53.318+0000] {dagbag.py:588} INFO - Filling up the DagBag from /opt/conda/lib/python3.12/site-packages/airflow/example_dags/example_complex.py
[2025-02-06T08:26:53.335+0000] {processor.py:925} INFO - DAG(s) 'example_complex' retrieved from /opt/conda/lib/python3.12/site-packages/airflow/example_dags/example_complex.py
[2025-02-06T08:26:53.480+0000] {logging_mixin.py:190} INFO - [2025-02-06T08:26:53.479+0000] {override.py:1912} INFO - Created Permission View: can delete on DAG:example_complex
[2025-02-06T08:26:53.528+0000] {logging_mixin.py:190} INFO - [2025-02-06T08:26:53.527+0000] {override.py:1912} INFO - Created Permission View: can read on DAG:example_complex
[2025-02-06T08:26:53.566+0000] {logging_mixin.py:190} INFO - [2025-02-06T08:26:53.566+0000] {override.py:1912} INFO - Created Permission View: can edit on DAG:example_complex
[2025-02-06T08:26:53.629+0000] {logging_mixin.py:190} INFO - [2025-02-06T08:26:53.628+0000] {override.py:1912} INFO - Created Permission View: menu access on DAG Run:example_complex
[2025-02-06T08:26:53.666+0000] {logging_mixin.py:190} INFO - [2025-02-06T08:26:53.666+0000] {override.py:1912} INFO - Created Permission View: can create on DAG Run:example_complex
[2025-02-06T08:26:53.705+0000] {logging_mixin.py:190} INFO - [2025-02-06T08:26:53.705+0000] {override.py:1912} INFO - Created Permission View: can read on DAG Run:example_complex
[2025-02-06T08:26:53.739+0000] {logging_mixin.py:190} INFO - [2025-02-06T08:26:53.739+0000] {override.py:1912} INFO - Created Permission View: can delete on DAG Run:example_complex
[2025-02-06T08:26:53.740+0000] {logging_mixin.py:190} INFO - [2025-02-06T08:26:53.740+0000] {dag.py:3239} INFO - Sync 1 DAGs
[2025-02-06T08:26:53.756+0000] {logging_mixin.py:190} INFO - [2025-02-06T08:26:53.756+0000] {dag.py:3262} INFO - Creating ORM DAG for example_complex
[2025-02-06T08:26:53.757+0000] {logging_mixin.py:190} INFO - [2025-02-06T08:26:53.757+0000] {dag.py:4180} INFO - Setting next_dagrun for example_complex to None, run_after=None
[2025-02-06T08:26:53.825+0000] {processor.py:208} INFO - Processing /opt/conda/lib/python3.12/site-packages/airflow/example_dags/example_complex.py took 0.515 seconds
[2025-02-06T08:30:41.271+0000] {processor.py:186} INFO - Started process (PID=58) to work on /opt/conda/lib/python3.12/site-packages/airflow/example_dags/example_complex.py
[2025-02-06T08:30:41.272+0000] {processor.py:914} INFO - Processing file /opt/conda/lib/python3.12/site-packages/airflow/example_dags/example_complex.py for tasks to queue
[2025-02-06T08:30:41.274+0000] {logging_mixin.py:190} INFO - [2025-02-06T08:30:41.274+0000] {dagbag.py:588} INFO - Filling up the DagBag from /opt/conda/lib/python3.12/site-packages/airflow/example_dags/example_complex.py
[2025-02-06T08:30:41.284+0000] {processor.py:925} INFO - DAG(s) 'example_complex' retrieved from /opt/conda/lib/python3.12/site-packages/airflow/example_dags/example_complex.py
[2025-02-06T08:30:41.329+0000] {logging_mixin.py:190} INFO - [2025-02-06T08:30:41.329+0000] {dag.py:3239} INFO - Sync 1 DAGs
[2025-02-06T08:30:41.342+0000] {logging_mixin.py:190} INFO - [2025-02-06T08:30:41.342+0000] {dag.py:4180} INFO - Setting next_dagrun for example_complex to None, run_after=None
[2025-02-06T08:30:41.385+0000] {processor.py:208} INFO - Processing /opt/conda/lib/python3.12/site-packages/airflow/example_dags/example_complex.py took 0.118 seconds
[2025-02-06T08:31:46.521+0000] {processor.py:186} INFO - Started process (PID=116) to work on /opt/conda/lib/python3.12/site-packages/airflow/example_dags/example_complex.py
[2025-02-06T08:31:46.522+0000] {processor.py:914} INFO - Processing file /opt/conda/lib/python3.12/site-packages/airflow/example_dags/example_complex.py for tasks to queue
[2025-02-06T08:31:46.524+0000] {logging_mixin.py:190} INFO - [2025-02-06T08:31:46.523+0000] {dagbag.py:588} INFO - Filling up the DagBag from /opt/conda/lib/python3.12/site-packages/airflow/example_dags/example_complex.py
[2025-02-06T08:31:46.532+0000] {processor.py:925} INFO - DAG(s) 'example_complex' retrieved from /opt/conda/lib/python3.12/site-packages/airflow/example_dags/example_complex.py
[2025-02-06T08:31:46.568+0000] {logging_mixin.py:190} INFO - [2025-02-06T08:31:46.568+0000] {dag.py:3239} INFO - Sync 1 DAGs
[2025-02-06T08:31:46.582+0000] {logging_mixin.py:190} INFO - [2025-02-06T08:31:46.582+0000] {dag.py:4180} INFO - Setting next_dagrun for example_complex to None, run_after=None
[2025-02-06T08:31:46.650+0000] {processor.py:208} INFO - Processing /opt/conda/lib/python3.12/site-packages/airflow/example_dags/example_complex.py took 0.134 seconds
[2025-02-06T08:32:56.187+0000] {processor.py:186} INFO - Started process (PID=177) to work on /opt/conda/lib/python3.12/site-packages/airflow/example_dags/example_complex.py
[2025-02-06T08:32:56.188+0000] {processor.py:914} INFO - Processing file /opt/conda/lib/python3.12/site-packages/airflow/example_dags/example_complex.py for tasks to queue
[2025-02-06T08:32:56.189+0000] {logging_mixin.py:190} INFO - [2025-02-06T08:32:56.189+0000] {dagbag.py:588} INFO - Filling up the DagBag from /opt/conda/lib/python3.12/site-packages/airflow/example_dags/example_complex.py
[2025-02-06T08:32:56.199+0000] {processor.py:925} INFO - DAG(s) 'example_complex' retrieved from /opt/conda/lib/python3.12/site-packages/airflow/example_dags/example_complex.py
[2025-02-06T08:32:56.225+0000] {logging_mixin.py:190} INFO - [2025-02-06T08:32:56.225+0000] {dag.py:3239} INFO - Sync 1 DAGs
[2025-02-06T08:32:56.236+0000] {logging_mixin.py:190} INFO - [2025-02-06T08:32:56.236+0000] {dag.py:4180} INFO - Setting next_dagrun for example_complex to None, run_after=None
[2025-02-06T08:32:56.304+0000] {processor.py:208} INFO - Processing /opt/conda/lib/python3.12/site-packages/airflow/example_dags/example_complex.py took 0.120 seconds
[2025-02-06T08:34:07.584+0000] {processor.py:186} INFO - Started process (PID=239) to work on /opt/conda/lib/python3.12/site-packages/airflow/example_dags/example_complex.py
[2025-02-06T08:34:07.585+0000] {processor.py:914} INFO - Processing file /opt/conda/lib/python3.12/site-packages/airflow/example_dags/example_complex.py for tasks to queue
[2025-02-06T08:34:07.586+0000] {logging_mixin.py:190} INFO - [2025-02-06T08:34:07.586+0000] {dagbag.py:588} INFO - Filling up the DagBag from /opt/conda/lib/python3.12/site-packages/airflow/example_dags/example_complex.py
[2025-02-06T08:34:07.594+0000] {processor.py:925} INFO - DAG(s) 'example_complex' retrieved from /opt/conda/lib/python3.12/site-packages/airflow/example_dags/example_complex.py
[2025-02-06T08:34:07.623+0000] {logging_mixin.py:190} INFO - [2025-02-06T08:34:07.622+0000] {dag.py:3239} INFO - Sync 1 DAGs
[2025-02-06T08:34:07.635+0000] {logging_mixin.py:190} INFO - [2025-02-06T08:34:07.635+0000] {dag.py:4180} INFO - Setting next_dagrun for example_complex to None, run_after=None
[2025-02-06T08:34:07.687+0000] {processor.py:208} INFO - Processing /opt/conda/lib/python3.12/site-packages/airflow/example_dags/example_complex.py took 0.106 seconds
[2025-02-06T08:35:26.298+0000] {processor.py:186} INFO - Started process (PID=304) to work on /opt/conda/lib/python3.12/site-packages/airflow/example_dags/example_complex.py
[2025-02-06T08:35:26.300+0000] {processor.py:914} INFO - Processing file /opt/conda/lib/python3.12/site-packages/airflow/example_dags/example_complex.py for tasks to queue
[2025-02-06T08:35:26.303+0000] {logging_mixin.py:190} INFO - [2025-02-06T08:35:26.302+0000] {dagbag.py:588} INFO - Filling up the DagBag from /opt/conda/lib/python3.12/site-packages/airflow/example_dags/example_complex.py
[2025-02-06T08:35:26.311+0000] {processor.py:925} INFO - DAG(s) 'example_complex' retrieved from /opt/conda/lib/python3.12/site-packages/airflow/example_dags/example_complex.py
[2025-02-06T08:35:26.340+0000] {logging_mixin.py:190} INFO - [2025-02-06T08:35:26.339+0000] {dag.py:3239} INFO - Sync 1 DAGs
[2025-02-06T08:35:26.359+0000] {logging_mixin.py:190} INFO - [2025-02-06T08:35:26.358+0000] {dag.py:4180} INFO - Setting next_dagrun for example_complex to None, run_after=None
[2025-02-06T08:35:26.423+0000] {processor.py:208} INFO - Processing /opt/conda/lib/python3.12/site-packages/airflow/example_dags/example_complex.py took 0.129 seconds
[2025-02-06T08:36:43.060+0000] {processor.py:186} INFO - Started process (PID=369) to work on /opt/conda/lib/python3.12/site-packages/airflow/example_dags/example_complex.py
[2025-02-06T08:36:43.061+0000] {processor.py:914} INFO - Processing file /opt/conda/lib/python3.12/site-packages/airflow/example_dags/example_complex.py for tasks to queue
[2025-02-06T08:36:43.062+0000] {logging_mixin.py:190} INFO - [2025-02-06T08:36:43.062+0000] {dagbag.py:588} INFO - Filling up the DagBag from /opt/conda/lib/python3.12/site-packages/airflow/example_dags/example_complex.py
[2025-02-06T08:36:43.075+0000] {processor.py:925} INFO - DAG(s) 'example_complex' retrieved from /opt/conda/lib/python3.12/site-packages/airflow/example_dags/example_complex.py
[2025-02-06T08:36:43.193+0000] {logging_mixin.py:190} INFO - [2025-02-06T08:36:43.193+0000] {dag.py:3239} INFO - Sync 1 DAGs
[2025-02-06T08:36:43.203+0000] {logging_mixin.py:190} INFO - [2025-02-06T08:36:43.203+0000] {dag.py:4180} INFO - Setting next_dagrun for example_complex to None, run_after=None
[2025-02-06T08:36:43.265+0000] {processor.py:208} INFO - Processing /opt/conda/lib/python3.12/site-packages/airflow/example_dags/example_complex.py took 0.209 seconds
[2025-02-06T08:38:04.982+0000] {processor.py:186} INFO - Started process (PID=436) to work on /opt/conda/lib/python3.12/site-packages/airflow/example_dags/example_complex.py
[2025-02-06T08:38:04.985+0000] {processor.py:914} INFO - Processing file /opt/conda/lib/python3.12/site-packages/airflow/example_dags/example_complex.py for tasks to queue
[2025-02-06T08:38:04.987+0000] {logging_mixin.py:190} INFO - [2025-02-06T08:38:04.987+0000] {dagbag.py:588} INFO - Filling up the DagBag from /opt/conda/lib/python3.12/site-packages/airflow/example_dags/example_complex.py
[2025-02-06T08:38:04.999+0000] {processor.py:925} INFO - DAG(s) 'example_complex' retrieved from /opt/conda/lib/python3.12/site-packages/airflow/example_dags/example_complex.py
[2025-02-06T08:38:05.038+0000] {logging_mixin.py:190} INFO - [2025-02-06T08:38:05.038+0000] {dag.py:3239} INFO - Sync 1 DAGs
[2025-02-06T08:38:05.058+0000] {logging_mixin.py:190} INFO - [2025-02-06T08:38:05.057+0000] {dag.py:4180} INFO - Setting next_dagrun for example_complex to None, run_after=None
[2025-02-06T08:38:05.133+0000] {processor.py:208} INFO - Processing /opt/conda/lib/python3.12/site-packages/airflow/example_dags/example_complex.py took 0.158 seconds
[2025-02-06T08:39:19.126+0000] {processor.py:186} INFO - Started process (PID=501) to work on /opt/conda/lib/python3.12/site-packages/airflow/example_dags/example_complex.py
[2025-02-06T08:39:19.127+0000] {processor.py:914} INFO - Processing file /opt/conda/lib/python3.12/site-packages/airflow/example_dags/example_complex.py for tasks to queue
[2025-02-06T08:39:19.129+0000] {logging_mixin.py:190} INFO - [2025-02-06T08:39:19.128+0000] {dagbag.py:588} INFO - Filling up the DagBag from /opt/conda/lib/python3.12/site-packages/airflow/example_dags/example_complex.py
[2025-02-06T08:39:19.138+0000] {processor.py:925} INFO - DAG(s) 'example_complex' retrieved from /opt/conda/lib/python3.12/site-packages/airflow/example_dags/example_complex.py
[2025-02-06T08:39:19.169+0000] {logging_mixin.py:190} INFO - [2025-02-06T08:39:19.168+0000] {dag.py:3239} INFO - Sync 1 DAGs
[2025-02-06T08:39:19.185+0000] {logging_mixin.py:190} INFO - [2025-02-06T08:39:19.185+0000] {dag.py:4180} INFO - Setting next_dagrun for example_complex to None, run_after=None
[2025-02-06T08:39:19.260+0000] {processor.py:208} INFO - Processing /opt/conda/lib/python3.12/site-packages/airflow/example_dags/example_complex.py took 0.139 seconds
[2025-02-06T08:40:38.544+0000] {processor.py:186} INFO - Started process (PID=568) to work on /opt/conda/lib/python3.12/site-packages/airflow/example_dags/example_complex.py
[2025-02-06T08:40:38.545+0000] {processor.py:914} INFO - Processing file /opt/conda/lib/python3.12/site-packages/airflow/example_dags/example_complex.py for tasks to queue
[2025-02-06T08:40:38.547+0000] {logging_mixin.py:190} INFO - [2025-02-06T08:40:38.546+0000] {dagbag.py:588} INFO - Filling up the DagBag from /opt/conda/lib/python3.12/site-packages/airflow/example_dags/example_complex.py
[2025-02-06T08:40:38.557+0000] {processor.py:925} INFO - DAG(s) 'example_complex' retrieved from /opt/conda/lib/python3.12/site-packages/airflow/example_dags/example_complex.py
[2025-02-06T08:40:38.592+0000] {logging_mixin.py:190} INFO - [2025-02-06T08:40:38.591+0000] {dag.py:3239} INFO - Sync 1 DAGs
[2025-02-06T08:40:38.606+0000] {logging_mixin.py:190} INFO - [2025-02-06T08:40:38.606+0000] {dag.py:4180} INFO - Setting next_dagrun for example_complex to None, run_after=None
[2025-02-06T08:40:38.663+0000] {processor.py:208} INFO - Processing /opt/conda/lib/python3.12/site-packages/airflow/example_dags/example_complex.py took 0.123 seconds
[2025-02-06T08:41:51.992+0000] {processor.py:186} INFO - Started process (PID=631) to work on /opt/conda/lib/python3.12/site-packages/airflow/example_dags/example_complex.py
[2025-02-06T08:41:51.993+0000] {processor.py:914} INFO - Processing file /opt/conda/lib/python3.12/site-packages/airflow/example_dags/example_complex.py for tasks to queue
[2025-02-06T08:41:51.994+0000] {logging_mixin.py:190} INFO - [2025-02-06T08:41:51.993+0000] {dagbag.py:588} INFO - Filling up the DagBag from /opt/conda/lib/python3.12/site-packages/airflow/example_dags/example_complex.py
[2025-02-06T08:41:52.002+0000] {processor.py:925} INFO - DAG(s) 'example_complex' retrieved from /opt/conda/lib/python3.12/site-packages/airflow/example_dags/example_complex.py
[2025-02-06T08:41:52.032+0000] {logging_mixin.py:190} INFO - [2025-02-06T08:41:52.032+0000] {dag.py:3239} INFO - Sync 1 DAGs
[2025-02-06T08:41:52.051+0000] {logging_mixin.py:190} INFO - [2025-02-06T08:41:52.051+0000] {dag.py:4180} INFO - Setting next_dagrun for example_complex to None, run_after=None
[2025-02-06T08:41:52.114+0000] {processor.py:208} INFO - Processing /opt/conda/lib/python3.12/site-packages/airflow/example_dags/example_complex.py took 0.127 seconds
[2025-02-06T08:43:34.292+0000] {processor.py:186} INFO - Started process (PID=59) to work on /opt/conda/lib/python3.12/site-packages/airflow/example_dags/example_complex.py
[2025-02-06T08:43:34.293+0000] {processor.py:914} INFO - Processing file /opt/conda/lib/python3.12/site-packages/airflow/example_dags/example_complex.py for tasks to queue
[2025-02-06T08:43:34.295+0000] {logging_mixin.py:190} INFO - [2025-02-06T08:43:34.295+0000] {dagbag.py:588} INFO - Filling up the DagBag from /opt/conda/lib/python3.12/site-packages/airflow/example_dags/example_complex.py
[2025-02-06T08:43:34.303+0000] {processor.py:925} INFO - DAG(s) 'example_complex' retrieved from /opt/conda/lib/python3.12/site-packages/airflow/example_dags/example_complex.py
[2025-02-06T08:43:34.334+0000] {logging_mixin.py:190} INFO - [2025-02-06T08:43:34.333+0000] {dag.py:3239} INFO - Sync 1 DAGs
[2025-02-06T08:43:34.348+0000] {logging_mixin.py:190} INFO - [2025-02-06T08:43:34.347+0000] {dag.py:4180} INFO - Setting next_dagrun for example_complex to None, run_after=None
[2025-02-06T08:43:34.413+0000] {processor.py:208} INFO - Processing /opt/conda/lib/python3.12/site-packages/airflow/example_dags/example_complex.py took 0.124 seconds
[2025-02-06T08:44:43.332+0000] {processor.py:186} INFO - Started process (PID=117) to work on /opt/conda/lib/python3.12/site-packages/airflow/example_dags/example_complex.py
[2025-02-06T08:44:43.334+0000] {processor.py:914} INFO - Processing file /opt/conda/lib/python3.12/site-packages/airflow/example_dags/example_complex.py for tasks to queue
[2025-02-06T08:44:43.336+0000] {logging_mixin.py:190} INFO - [2025-02-06T08:44:43.335+0000] {dagbag.py:588} INFO - Filling up the DagBag from /opt/conda/lib/python3.12/site-packages/airflow/example_dags/example_complex.py
[2025-02-06T08:44:43.344+0000] {processor.py:925} INFO - DAG(s) 'example_complex' retrieved from /opt/conda/lib/python3.12/site-packages/airflow/example_dags/example_complex.py
[2025-02-06T08:44:43.375+0000] {logging_mixin.py:190} INFO - [2025-02-06T08:44:43.375+0000] {dag.py:3239} INFO - Sync 1 DAGs
[2025-02-06T08:44:43.387+0000] {logging_mixin.py:190} INFO - [2025-02-06T08:44:43.387+0000] {dag.py:4180} INFO - Setting next_dagrun for example_complex to None, run_after=None
[2025-02-06T08:44:43.443+0000] {processor.py:208} INFO - Processing /opt/conda/lib/python3.12/site-packages/airflow/example_dags/example_complex.py took 0.115 seconds
[2025-02-06T08:46:18.401+0000] {processor.py:186} INFO - Started process (PID=238) to work on /opt/conda/lib/python3.12/site-packages/airflow/example_dags/example_complex.py
[2025-02-06T08:46:18.402+0000] {processor.py:914} INFO - Processing file /opt/conda/lib/python3.12/site-packages/airflow/example_dags/example_complex.py for tasks to queue
[2025-02-06T08:46:18.403+0000] {logging_mixin.py:190} INFO - [2025-02-06T08:46:18.403+0000] {dagbag.py:588} INFO - Filling up the DagBag from /opt/conda/lib/python3.12/site-packages/airflow/example_dags/example_complex.py
[2025-02-06T08:46:18.412+0000] {processor.py:925} INFO - DAG(s) 'example_complex' retrieved from /opt/conda/lib/python3.12/site-packages/airflow/example_dags/example_complex.py
[2025-02-06T08:46:18.442+0000] {logging_mixin.py:190} INFO - [2025-02-06T08:46:18.442+0000] {dag.py:3239} INFO - Sync 1 DAGs
[2025-02-06T08:46:18.454+0000] {logging_mixin.py:190} INFO - [2025-02-06T08:46:18.453+0000] {dag.py:4180} INFO - Setting next_dagrun for example_complex to None, run_after=None
[2025-02-06T08:46:18.516+0000] {processor.py:208} INFO - Processing /opt/conda/lib/python3.12/site-packages/airflow/example_dags/example_complex.py took 0.120 seconds
[2025-02-06T08:49:10.458+0000] {processor.py:186} INFO - Started process (PID=179) to work on /opt/conda/lib/python3.12/site-packages/airflow/example_dags/example_complex.py
[2025-02-06T08:49:10.459+0000] {processor.py:914} INFO - Processing file /opt/conda/lib/python3.12/site-packages/airflow/example_dags/example_complex.py for tasks to queue
[2025-02-06T08:49:10.461+0000] {logging_mixin.py:190} INFO - [2025-02-06T08:49:10.461+0000] {dagbag.py:588} INFO - Filling up the DagBag from /opt/conda/lib/python3.12/site-packages/airflow/example_dags/example_complex.py
[2025-02-06T08:49:10.470+0000] {processor.py:925} INFO - DAG(s) 'example_complex' retrieved from /opt/conda/lib/python3.12/site-packages/airflow/example_dags/example_complex.py
[2025-02-06T08:49:10.499+0000] {logging_mixin.py:190} INFO - [2025-02-06T08:49:10.499+0000] {dag.py:3239} INFO - Sync 1 DAGs
[2025-02-06T08:49:10.510+0000] {logging_mixin.py:190} INFO - [2025-02-06T08:49:10.510+0000] {dag.py:4180} INFO - Setting next_dagrun for example_complex to None, run_after=None
[2025-02-06T08:49:10.559+0000] {processor.py:208} INFO - Processing /opt/conda/lib/python3.12/site-packages/airflow/example_dags/example_complex.py took 0.105 seconds
[2025-02-06T08:52:11.350+0000] {processor.py:186} INFO - Started process (PID=513) to work on /opt/conda/lib/python3.12/site-packages/airflow/example_dags/example_complex.py
[2025-02-06T08:52:11.351+0000] {processor.py:914} INFO - Processing file /opt/conda/lib/python3.12/site-packages/airflow/example_dags/example_complex.py for tasks to queue
[2025-02-06T08:52:11.353+0000] {logging_mixin.py:190} INFO - [2025-02-06T08:52:11.352+0000] {dagbag.py:588} INFO - Filling up the DagBag from /opt/conda/lib/python3.12/site-packages/airflow/example_dags/example_complex.py
[2025-02-06T08:52:11.360+0000] {processor.py:925} INFO - DAG(s) 'example_complex' retrieved from /opt/conda/lib/python3.12/site-packages/airflow/example_dags/example_complex.py
[2025-02-06T08:52:11.387+0000] {logging_mixin.py:190} INFO - [2025-02-06T08:52:11.387+0000] {dag.py:3239} INFO - Sync 1 DAGs
[2025-02-06T08:52:11.398+0000] {logging_mixin.py:190} INFO - [2025-02-06T08:52:11.398+0000] {dag.py:4180} INFO - Setting next_dagrun for example_complex to None, run_after=None
[2025-02-06T08:52:11.447+0000] {processor.py:208} INFO - Processing /opt/conda/lib/python3.12/site-packages/airflow/example_dags/example_complex.py took 0.101 seconds
[2025-02-06T08:54:46.256+0000] {processor.py:186} INFO - Started process (PID=803) to work on /opt/conda/lib/python3.12/site-packages/airflow/example_dags/example_complex.py
[2025-02-06T08:54:46.257+0000] {processor.py:914} INFO - Processing file /opt/conda/lib/python3.12/site-packages/airflow/example_dags/example_complex.py for tasks to queue
[2025-02-06T08:54:46.258+0000] {logging_mixin.py:190} INFO - [2025-02-06T08:54:46.258+0000] {dagbag.py:588} INFO - Filling up the DagBag from /opt/conda/lib/python3.12/site-packages/airflow/example_dags/example_complex.py
[2025-02-06T08:54:46.268+0000] {processor.py:925} INFO - DAG(s) 'example_complex' retrieved from /opt/conda/lib/python3.12/site-packages/airflow/example_dags/example_complex.py
[2025-02-06T08:54:46.301+0000] {logging_mixin.py:190} INFO - [2025-02-06T08:54:46.301+0000] {dag.py:3239} INFO - Sync 1 DAGs
[2025-02-06T08:54:46.313+0000] {logging_mixin.py:190} INFO - [2025-02-06T08:54:46.313+0000] {dag.py:4180} INFO - Setting next_dagrun for example_complex to None, run_after=None
[2025-02-06T08:54:46.364+0000] {processor.py:208} INFO - Processing /opt/conda/lib/python3.12/site-packages/airflow/example_dags/example_complex.py took 0.113 seconds
[2025-02-06T08:57:16.208+0000] {processor.py:186} INFO - Started process (PID=1064) to work on /opt/conda/lib/python3.12/site-packages/airflow/example_dags/example_complex.py
[2025-02-06T08:57:16.209+0000] {processor.py:914} INFO - Processing file /opt/conda/lib/python3.12/site-packages/airflow/example_dags/example_complex.py for tasks to queue
[2025-02-06T08:57:16.211+0000] {logging_mixin.py:190} INFO - [2025-02-06T08:57:16.211+0000] {dagbag.py:588} INFO - Filling up the DagBag from /opt/conda/lib/python3.12/site-packages/airflow/example_dags/example_complex.py
[2025-02-06T08:57:16.219+0000] {processor.py:925} INFO - DAG(s) 'example_complex' retrieved from /opt/conda/lib/python3.12/site-packages/airflow/example_dags/example_complex.py
[2025-02-06T08:57:16.251+0000] {logging_mixin.py:190} INFO - [2025-02-06T08:57:16.251+0000] {dag.py:3239} INFO - Sync 1 DAGs
[2025-02-06T08:57:16.263+0000] {logging_mixin.py:190} INFO - [2025-02-06T08:57:16.263+0000] {dag.py:4180} INFO - Setting next_dagrun for example_complex to None, run_after=None
[2025-02-06T08:57:16.326+0000] {processor.py:208} INFO - Processing /opt/conda/lib/python3.12/site-packages/airflow/example_dags/example_complex.py took 0.121 seconds
[2025-02-06T09:02:04.529+0000] {processor.py:186} INFO - Started process (PID=198) to work on /opt/conda/lib/python3.12/site-packages/airflow/example_dags/example_complex.py
[2025-02-06T09:02:04.530+0000] {processor.py:914} INFO - Processing file /opt/conda/lib/python3.12/site-packages/airflow/example_dags/example_complex.py for tasks to queue
[2025-02-06T09:02:04.532+0000] {logging_mixin.py:190} INFO - [2025-02-06T09:02:04.532+0000] {dagbag.py:588} INFO - Filling up the DagBag from /opt/conda/lib/python3.12/site-packages/airflow/example_dags/example_complex.py
[2025-02-06T09:02:04.539+0000] {processor.py:925} INFO - DAG(s) 'example_complex' retrieved from /opt/conda/lib/python3.12/site-packages/airflow/example_dags/example_complex.py
[2025-02-06T09:02:04.565+0000] {logging_mixin.py:190} INFO - [2025-02-06T09:02:04.565+0000] {dag.py:3239} INFO - Sync 1 DAGs
[2025-02-06T09:02:04.577+0000] {logging_mixin.py:190} INFO - [2025-02-06T09:02:04.577+0000] {dag.py:4180} INFO - Setting next_dagrun for example_complex to None, run_after=None
[2025-02-06T09:02:04.637+0000] {processor.py:208} INFO - Processing /opt/conda/lib/python3.12/site-packages/airflow/example_dags/example_complex.py took 0.111 seconds
[2025-02-06T09:03:19.951+0000] {processor.py:186} INFO - Started process (PID=59) to work on /opt/conda/lib/python3.12/site-packages/airflow/example_dags/example_complex.py
[2025-02-06T09:03:19.953+0000] {processor.py:914} INFO - Processing file /opt/conda/lib/python3.12/site-packages/airflow/example_dags/example_complex.py for tasks to queue
[2025-02-06T09:03:19.954+0000] {logging_mixin.py:190} INFO - [2025-02-06T09:03:19.954+0000] {dagbag.py:588} INFO - Filling up the DagBag from /opt/conda/lib/python3.12/site-packages/airflow/example_dags/example_complex.py
[2025-02-06T09:03:19.964+0000] {processor.py:925} INFO - DAG(s) 'example_complex' retrieved from /opt/conda/lib/python3.12/site-packages/airflow/example_dags/example_complex.py
[2025-02-06T09:03:19.991+0000] {logging_mixin.py:190} INFO - [2025-02-06T09:03:19.990+0000] {dag.py:3239} INFO - Sync 1 DAGs
[2025-02-06T09:03:20.003+0000] {logging_mixin.py:190} INFO - [2025-02-06T09:03:20.003+0000] {dag.py:4180} INFO - Setting next_dagrun for example_complex to None, run_after=None
[2025-02-06T09:03:20.054+0000] {processor.py:208} INFO - Processing /opt/conda/lib/python3.12/site-packages/airflow/example_dags/example_complex.py took 0.107 seconds
[2025-02-06T09:03:54.766+0000] {processor.py:186} INFO - Started process (PID=55) to work on /opt/conda/lib/python3.12/site-packages/airflow/example_dags/example_complex.py
[2025-02-06T09:03:54.767+0000] {processor.py:914} INFO - Processing file /opt/conda/lib/python3.12/site-packages/airflow/example_dags/example_complex.py for tasks to queue
[2025-02-06T09:03:54.770+0000] {logging_mixin.py:190} INFO - [2025-02-06T09:03:54.769+0000] {dagbag.py:588} INFO - Filling up the DagBag from /opt/conda/lib/python3.12/site-packages/airflow/example_dags/example_complex.py
[2025-02-06T09:03:54.779+0000] {processor.py:925} INFO - DAG(s) 'example_complex' retrieved from /opt/conda/lib/python3.12/site-packages/airflow/example_dags/example_complex.py
[2025-02-06T09:03:54.810+0000] {logging_mixin.py:190} INFO - [2025-02-06T09:03:54.809+0000] {dag.py:3239} INFO - Sync 1 DAGs
[2025-02-06T09:03:54.830+0000] {logging_mixin.py:190} INFO - [2025-02-06T09:03:54.830+0000] {dag.py:4180} INFO - Setting next_dagrun for example_complex to None, run_after=None
[2025-02-06T09:03:54.876+0000] {processor.py:208} INFO - Processing /opt/conda/lib/python3.12/site-packages/airflow/example_dags/example_complex.py took 0.115 seconds
[2025-02-06T09:04:56.208+0000] {processor.py:186} INFO - Started process (PID=95) to work on /opt/conda/lib/python3.12/site-packages/airflow/example_dags/example_complex.py
[2025-02-06T09:04:56.209+0000] {processor.py:914} INFO - Processing file /opt/conda/lib/python3.12/site-packages/airflow/example_dags/example_complex.py for tasks to queue
[2025-02-06T09:04:56.211+0000] {logging_mixin.py:190} INFO - [2025-02-06T09:04:56.210+0000] {dagbag.py:588} INFO - Filling up the DagBag from /opt/conda/lib/python3.12/site-packages/airflow/example_dags/example_complex.py
[2025-02-06T09:04:56.218+0000] {processor.py:925} INFO - DAG(s) 'example_complex' retrieved from /opt/conda/lib/python3.12/site-packages/airflow/example_dags/example_complex.py
[2025-02-06T09:04:56.246+0000] {logging_mixin.py:190} INFO - [2025-02-06T09:04:56.246+0000] {dag.py:3239} INFO - Sync 1 DAGs
[2025-02-06T09:04:56.259+0000] {logging_mixin.py:190} INFO - [2025-02-06T09:04:56.258+0000] {dag.py:4180} INFO - Setting next_dagrun for example_complex to None, run_after=None
[2025-02-06T09:04:56.320+0000] {processor.py:208} INFO - Processing /opt/conda/lib/python3.12/site-packages/airflow/example_dags/example_complex.py took 0.116 seconds
[2025-02-06T09:08:00.450+0000] {processor.py:186} INFO - Started process (PID=437) to work on /opt/conda/lib/python3.12/site-packages/airflow/example_dags/example_complex.py
[2025-02-06T09:08:00.452+0000] {processor.py:914} INFO - Processing file /opt/conda/lib/python3.12/site-packages/airflow/example_dags/example_complex.py for tasks to queue
[2025-02-06T09:08:00.454+0000] {logging_mixin.py:190} INFO - [2025-02-06T09:08:00.453+0000] {dagbag.py:588} INFO - Filling up the DagBag from /opt/conda/lib/python3.12/site-packages/airflow/example_dags/example_complex.py
[2025-02-06T09:08:00.466+0000] {processor.py:925} INFO - DAG(s) 'example_complex' retrieved from /opt/conda/lib/python3.12/site-packages/airflow/example_dags/example_complex.py
[2025-02-06T09:08:00.497+0000] {logging_mixin.py:190} INFO - [2025-02-06T09:08:00.497+0000] {dag.py:3239} INFO - Sync 1 DAGs
[2025-02-06T09:08:00.510+0000] {logging_mixin.py:190} INFO - [2025-02-06T09:08:00.510+0000] {dag.py:4180} INFO - Setting next_dagrun for example_complex to None, run_after=None
[2025-02-06T09:08:00.564+0000] {processor.py:208} INFO - Processing /opt/conda/lib/python3.12/site-packages/airflow/example_dags/example_complex.py took 0.118 seconds
[2025-02-06T09:10:21.288+0000] {processor.py:186} INFO - Started process (PID=702) to work on /opt/conda/lib/python3.12/site-packages/airflow/example_dags/example_complex.py
[2025-02-06T09:10:21.289+0000] {processor.py:914} INFO - Processing file /opt/conda/lib/python3.12/site-packages/airflow/example_dags/example_complex.py for tasks to queue
[2025-02-06T09:10:21.292+0000] {logging_mixin.py:190} INFO - [2025-02-06T09:10:21.291+0000] {dagbag.py:588} INFO - Filling up the DagBag from /opt/conda/lib/python3.12/site-packages/airflow/example_dags/example_complex.py
[2025-02-06T09:10:21.304+0000] {processor.py:925} INFO - DAG(s) 'example_complex' retrieved from /opt/conda/lib/python3.12/site-packages/airflow/example_dags/example_complex.py
[2025-02-06T09:10:21.343+0000] {logging_mixin.py:190} INFO - [2025-02-06T09:10:21.343+0000] {dag.py:3239} INFO - Sync 1 DAGs
[2025-02-06T09:10:21.361+0000] {logging_mixin.py:190} INFO - [2025-02-06T09:10:21.360+0000] {dag.py:4180} INFO - Setting next_dagrun for example_complex to None, run_after=None
[2025-02-06T09:10:21.426+0000] {processor.py:208} INFO - Processing /opt/conda/lib/python3.12/site-packages/airflow/example_dags/example_complex.py took 0.143 seconds
[2025-02-06T09:12:41.977+0000] {processor.py:186} INFO - Started process (PID=965) to work on /opt/conda/lib/python3.12/site-packages/airflow/example_dags/example_complex.py
[2025-02-06T09:12:41.979+0000] {processor.py:914} INFO - Processing file /opt/conda/lib/python3.12/site-packages/airflow/example_dags/example_complex.py for tasks to queue
[2025-02-06T09:12:41.981+0000] {logging_mixin.py:190} INFO - [2025-02-06T09:12:41.981+0000] {dagbag.py:588} INFO - Filling up the DagBag from /opt/conda/lib/python3.12/site-packages/airflow/example_dags/example_complex.py
[2025-02-06T09:12:41.990+0000] {processor.py:925} INFO - DAG(s) 'example_complex' retrieved from /opt/conda/lib/python3.12/site-packages/airflow/example_dags/example_complex.py
[2025-02-06T09:12:42.019+0000] {logging_mixin.py:190} INFO - [2025-02-06T09:12:42.019+0000] {dag.py:3239} INFO - Sync 1 DAGs
[2025-02-06T09:12:42.030+0000] {logging_mixin.py:190} INFO - [2025-02-06T09:12:42.030+0000] {dag.py:4180} INFO - Setting next_dagrun for example_complex to None, run_after=None
[2025-02-06T09:12:42.088+0000] {processor.py:208} INFO - Processing /opt/conda/lib/python3.12/site-packages/airflow/example_dags/example_complex.py took 0.115 seconds
[2025-02-06T09:15:12.106+0000] {processor.py:186} INFO - Started process (PID=1238) to work on /opt/conda/lib/python3.12/site-packages/airflow/example_dags/example_complex.py
[2025-02-06T09:15:12.107+0000] {processor.py:914} INFO - Processing file /opt/conda/lib/python3.12/site-packages/airflow/example_dags/example_complex.py for tasks to queue
[2025-02-06T09:15:12.109+0000] {logging_mixin.py:190} INFO - [2025-02-06T09:15:12.108+0000] {dagbag.py:588} INFO - Filling up the DagBag from /opt/conda/lib/python3.12/site-packages/airflow/example_dags/example_complex.py
[2025-02-06T09:15:12.118+0000] {processor.py:925} INFO - DAG(s) 'example_complex' retrieved from /opt/conda/lib/python3.12/site-packages/airflow/example_dags/example_complex.py
[2025-02-06T09:15:12.146+0000] {logging_mixin.py:190} INFO - [2025-02-06T09:15:12.146+0000] {dag.py:3239} INFO - Sync 1 DAGs
[2025-02-06T09:15:12.158+0000] {logging_mixin.py:190} INFO - [2025-02-06T09:15:12.158+0000] {dag.py:4180} INFO - Setting next_dagrun for example_complex to None, run_after=None
[2025-02-06T09:15:12.223+0000] {processor.py:208} INFO - Processing /opt/conda/lib/python3.12/site-packages/airflow/example_dags/example_complex.py took 0.121 seconds
[2025-02-06T09:17:20.968+0000] {processor.py:186} INFO - Started process (PID=1485) to work on /opt/conda/lib/python3.12/site-packages/airflow/example_dags/example_complex.py
[2025-02-06T09:17:20.969+0000] {processor.py:914} INFO - Processing file /opt/conda/lib/python3.12/site-packages/airflow/example_dags/example_complex.py for tasks to queue
[2025-02-06T09:17:20.970+0000] {logging_mixin.py:190} INFO - [2025-02-06T09:17:20.970+0000] {dagbag.py:588} INFO - Filling up the DagBag from /opt/conda/lib/python3.12/site-packages/airflow/example_dags/example_complex.py
[2025-02-06T09:17:20.978+0000] {processor.py:925} INFO - DAG(s) 'example_complex' retrieved from /opt/conda/lib/python3.12/site-packages/airflow/example_dags/example_complex.py
[2025-02-06T09:17:21.008+0000] {logging_mixin.py:190} INFO - [2025-02-06T09:17:21.008+0000] {dag.py:3239} INFO - Sync 1 DAGs
[2025-02-06T09:17:21.022+0000] {logging_mixin.py:190} INFO - [2025-02-06T09:17:21.022+0000] {dag.py:4180} INFO - Setting next_dagrun for example_complex to None, run_after=None
[2025-02-06T09:17:21.085+0000] {processor.py:208} INFO - Processing /opt/conda/lib/python3.12/site-packages/airflow/example_dags/example_complex.py took 0.121 seconds
[2025-02-06T09:19:49.206+0000] {processor.py:186} INFO - Started process (PID=1738) to work on /opt/conda/lib/python3.12/site-packages/airflow/example_dags/example_complex.py
[2025-02-06T09:19:49.207+0000] {processor.py:914} INFO - Processing file /opt/conda/lib/python3.12/site-packages/airflow/example_dags/example_complex.py for tasks to queue
[2025-02-06T09:19:49.209+0000] {logging_mixin.py:190} INFO - [2025-02-06T09:19:49.209+0000] {dagbag.py:588} INFO - Filling up the DagBag from /opt/conda/lib/python3.12/site-packages/airflow/example_dags/example_complex.py
[2025-02-06T09:19:49.218+0000] {processor.py:925} INFO - DAG(s) 'example_complex' retrieved from /opt/conda/lib/python3.12/site-packages/airflow/example_dags/example_complex.py
[2025-02-06T09:19:49.247+0000] {logging_mixin.py:190} INFO - [2025-02-06T09:19:49.246+0000] {dag.py:3239} INFO - Sync 1 DAGs
[2025-02-06T09:19:49.259+0000] {logging_mixin.py:190} INFO - [2025-02-06T09:19:49.259+0000] {dag.py:4180} INFO - Setting next_dagrun for example_complex to None, run_after=None
[2025-02-06T09:19:49.312+0000] {processor.py:208} INFO - Processing /opt/conda/lib/python3.12/site-packages/airflow/example_dags/example_complex.py took 0.111 seconds
[2025-02-06T09:22:32.208+0000] {processor.py:186} INFO - Started process (PID=2009) to work on /opt/conda/lib/python3.12/site-packages/airflow/example_dags/example_complex.py
[2025-02-06T09:22:32.209+0000] {processor.py:914} INFO - Processing file /opt/conda/lib/python3.12/site-packages/airflow/example_dags/example_complex.py for tasks to queue
[2025-02-06T09:22:32.211+0000] {logging_mixin.py:190} INFO - [2025-02-06T09:22:32.211+0000] {dagbag.py:588} INFO - Filling up the DagBag from /opt/conda/lib/python3.12/site-packages/airflow/example_dags/example_complex.py
[2025-02-06T09:22:32.220+0000] {processor.py:925} INFO - DAG(s) 'example_complex' retrieved from /opt/conda/lib/python3.12/site-packages/airflow/example_dags/example_complex.py
[2025-02-06T09:22:32.265+0000] {logging_mixin.py:190} INFO - [2025-02-06T09:22:32.264+0000] {dag.py:3239} INFO - Sync 1 DAGs
[2025-02-06T09:22:32.277+0000] {logging_mixin.py:190} INFO - [2025-02-06T09:22:32.277+0000] {dag.py:4180} INFO - Setting next_dagrun for example_complex to None, run_after=None
[2025-02-06T09:22:32.333+0000] {processor.py:208} INFO - Processing /opt/conda/lib/python3.12/site-packages/airflow/example_dags/example_complex.py took 0.130 seconds
[2025-02-06T09:25:35.500+0000] {processor.py:186} INFO - Started process (PID=161) to work on /opt/conda/lib/python3.12/site-packages/airflow/example_dags/example_complex.py
[2025-02-06T09:25:35.501+0000] {processor.py:914} INFO - Processing file /opt/conda/lib/python3.12/site-packages/airflow/example_dags/example_complex.py for tasks to queue
[2025-02-06T09:25:35.503+0000] {logging_mixin.py:190} INFO - [2025-02-06T09:25:35.503+0000] {dagbag.py:588} INFO - Filling up the DagBag from /opt/conda/lib/python3.12/site-packages/airflow/example_dags/example_complex.py
[2025-02-06T09:25:35.511+0000] {processor.py:925} INFO - DAG(s) 'example_complex' retrieved from /opt/conda/lib/python3.12/site-packages/airflow/example_dags/example_complex.py
[2025-02-06T09:25:35.537+0000] {logging_mixin.py:190} INFO - [2025-02-06T09:25:35.536+0000] {dag.py:3239} INFO - Sync 1 DAGs
[2025-02-06T09:25:35.553+0000] {logging_mixin.py:190} INFO - [2025-02-06T09:25:35.552+0000] {dag.py:4180} INFO - Setting next_dagrun for example_complex to None, run_after=None
[2025-02-06T09:25:35.609+0000] {processor.py:208} INFO - Processing /opt/conda/lib/python3.12/site-packages/airflow/example_dags/example_complex.py took 0.113 seconds
[2025-02-06T09:31:52.540+0000] {processor.py:186} INFO - Started process (PID=322) to work on /opt/conda/lib/python3.12/site-packages/airflow/example_dags/example_complex.py
[2025-02-06T09:31:52.541+0000] {processor.py:914} INFO - Processing file /opt/conda/lib/python3.12/site-packages/airflow/example_dags/example_complex.py for tasks to queue
[2025-02-06T09:31:52.543+0000] {logging_mixin.py:190} INFO - [2025-02-06T09:31:52.543+0000] {dagbag.py:588} INFO - Filling up the DagBag from /opt/conda/lib/python3.12/site-packages/airflow/example_dags/example_complex.py
[2025-02-06T09:31:52.551+0000] {processor.py:925} INFO - DAG(s) 'example_complex' retrieved from /opt/conda/lib/python3.12/site-packages/airflow/example_dags/example_complex.py
[2025-02-06T09:31:52.588+0000] {logging_mixin.py:190} INFO - [2025-02-06T09:31:52.588+0000] {dag.py:3239} INFO - Sync 1 DAGs
[2025-02-06T09:31:52.604+0000] {logging_mixin.py:190} INFO - [2025-02-06T09:31:52.603+0000] {dag.py:4180} INFO - Setting next_dagrun for example_complex to None, run_after=None
[2025-02-06T09:31:52.682+0000] {processor.py:208} INFO - Processing /opt/conda/lib/python3.12/site-packages/airflow/example_dags/example_complex.py took 0.147 seconds
[2025-02-06T09:37:11.642+0000] {processor.py:186} INFO - Started process (PID=906) to work on /opt/conda/lib/python3.12/site-packages/airflow/example_dags/example_complex.py
[2025-02-06T09:37:11.643+0000] {processor.py:914} INFO - Processing file /opt/conda/lib/python3.12/site-packages/airflow/example_dags/example_complex.py for tasks to queue
[2025-02-06T09:37:11.645+0000] {logging_mixin.py:190} INFO - [2025-02-06T09:37:11.645+0000] {dagbag.py:588} INFO - Filling up the DagBag from /opt/conda/lib/python3.12/site-packages/airflow/example_dags/example_complex.py
[2025-02-06T09:37:11.654+0000] {processor.py:925} INFO - DAG(s) 'example_complex' retrieved from /opt/conda/lib/python3.12/site-packages/airflow/example_dags/example_complex.py
[2025-02-06T09:37:11.682+0000] {logging_mixin.py:190} INFO - [2025-02-06T09:37:11.682+0000] {dag.py:3239} INFO - Sync 1 DAGs
[2025-02-06T09:37:11.695+0000] {logging_mixin.py:190} INFO - [2025-02-06T09:37:11.695+0000] {dag.py:4180} INFO - Setting next_dagrun for example_complex to None, run_after=None
[2025-02-06T09:37:11.743+0000] {processor.py:208} INFO - Processing /opt/conda/lib/python3.12/site-packages/airflow/example_dags/example_complex.py took 0.104 seconds
[2025-02-06T09:41:59.507+0000] {processor.py:186} INFO - Started process (PID=1409) to work on /opt/conda/lib/python3.12/site-packages/airflow/example_dags/example_complex.py
[2025-02-06T09:41:59.509+0000] {processor.py:914} INFO - Processing file /opt/conda/lib/python3.12/site-packages/airflow/example_dags/example_complex.py for tasks to queue
[2025-02-06T09:41:59.510+0000] {logging_mixin.py:190} INFO - [2025-02-06T09:41:59.510+0000] {dagbag.py:588} INFO - Filling up the DagBag from /opt/conda/lib/python3.12/site-packages/airflow/example_dags/example_complex.py
[2025-02-06T09:41:59.519+0000] {processor.py:925} INFO - DAG(s) 'example_complex' retrieved from /opt/conda/lib/python3.12/site-packages/airflow/example_dags/example_complex.py
[2025-02-06T09:41:59.549+0000] {logging_mixin.py:190} INFO - [2025-02-06T09:41:59.549+0000] {dag.py:3239} INFO - Sync 1 DAGs
[2025-02-06T09:41:59.560+0000] {logging_mixin.py:190} INFO - [2025-02-06T09:41:59.560+0000] {dag.py:4180} INFO - Setting next_dagrun for example_complex to None, run_after=None
[2025-02-06T09:41:59.625+0000] {processor.py:208} INFO - Processing /opt/conda/lib/python3.12/site-packages/airflow/example_dags/example_complex.py took 0.122 seconds
[2025-02-06T09:49:19.045+0000] {processor.py:186} INFO - Started process (PID=305) to work on /opt/conda/lib/python3.12/site-packages/airflow/example_dags/example_complex.py
[2025-02-06T09:49:19.046+0000] {processor.py:914} INFO - Processing file /opt/conda/lib/python3.12/site-packages/airflow/example_dags/example_complex.py for tasks to queue
[2025-02-06T09:49:19.047+0000] {logging_mixin.py:190} INFO - [2025-02-06T09:49:19.047+0000] {dagbag.py:588} INFO - Filling up the DagBag from /opt/conda/lib/python3.12/site-packages/airflow/example_dags/example_complex.py
[2025-02-06T09:49:19.055+0000] {processor.py:925} INFO - DAG(s) 'example_complex' retrieved from /opt/conda/lib/python3.12/site-packages/airflow/example_dags/example_complex.py
[2025-02-06T09:49:19.082+0000] {logging_mixin.py:190} INFO - [2025-02-06T09:49:19.082+0000] {dag.py:3239} INFO - Sync 1 DAGs
[2025-02-06T09:49:19.094+0000] {logging_mixin.py:190} INFO - [2025-02-06T09:49:19.094+0000] {dag.py:4180} INFO - Setting next_dagrun for example_complex to None, run_after=None
[2025-02-06T09:49:19.160+0000] {processor.py:208} INFO - Processing /opt/conda/lib/python3.12/site-packages/airflow/example_dags/example_complex.py took 0.119 seconds
[2025-02-06T09:54:36.898+0000] {processor.py:186} INFO - Started process (PID=864) to work on /opt/conda/lib/python3.12/site-packages/airflow/example_dags/example_complex.py
[2025-02-06T09:54:36.900+0000] {processor.py:914} INFO - Processing file /opt/conda/lib/python3.12/site-packages/airflow/example_dags/example_complex.py for tasks to queue
[2025-02-06T09:54:36.902+0000] {logging_mixin.py:190} INFO - [2025-02-06T09:54:36.901+0000] {dagbag.py:588} INFO - Filling up the DagBag from /opt/conda/lib/python3.12/site-packages/airflow/example_dags/example_complex.py
[2025-02-06T09:54:36.912+0000] {processor.py:925} INFO - DAG(s) 'example_complex' retrieved from /opt/conda/lib/python3.12/site-packages/airflow/example_dags/example_complex.py
[2025-02-06T09:54:36.953+0000] {logging_mixin.py:190} INFO - [2025-02-06T09:54:36.952+0000] {dag.py:3239} INFO - Sync 1 DAGs
[2025-02-06T09:54:36.972+0000] {logging_mixin.py:190} INFO - [2025-02-06T09:54:36.972+0000] {dag.py:4180} INFO - Setting next_dagrun for example_complex to None, run_after=None
[2025-02-06T09:54:37.037+0000] {processor.py:208} INFO - Processing /opt/conda/lib/python3.12/site-packages/airflow/example_dags/example_complex.py took 0.144 seconds
[2025-02-06T09:58:38.431+0000] {processor.py:186} INFO - Started process (PID=1329) to work on /opt/conda/lib/python3.12/site-packages/airflow/example_dags/example_complex.py
[2025-02-06T09:58:38.432+0000] {processor.py:914} INFO - Processing file /opt/conda/lib/python3.12/site-packages/airflow/example_dags/example_complex.py for tasks to queue
[2025-02-06T09:58:38.434+0000] {logging_mixin.py:190} INFO - [2025-02-06T09:58:38.433+0000] {dagbag.py:588} INFO - Filling up the DagBag from /opt/conda/lib/python3.12/site-packages/airflow/example_dags/example_complex.py
[2025-02-06T09:58:38.443+0000] {processor.py:925} INFO - DAG(s) 'example_complex' retrieved from /opt/conda/lib/python3.12/site-packages/airflow/example_dags/example_complex.py
[2025-02-06T09:58:38.478+0000] {logging_mixin.py:190} INFO - [2025-02-06T09:58:38.477+0000] {dag.py:3239} INFO - Sync 1 DAGs
[2025-02-06T09:58:38.508+0000] {logging_mixin.py:190} INFO - [2025-02-06T09:58:38.507+0000] {dag.py:4180} INFO - Setting next_dagrun for example_complex to None, run_after=None
[2025-02-06T09:58:38.586+0000] {processor.py:208} INFO - Processing /opt/conda/lib/python3.12/site-packages/airflow/example_dags/example_complex.py took 0.160 seconds
[2025-02-06T10:03:34.592+0000] {processor.py:186} INFO - Started process (PID=1853) to work on /opt/conda/lib/python3.12/site-packages/airflow/example_dags/example_complex.py
[2025-02-06T10:03:34.593+0000] {processor.py:914} INFO - Processing file /opt/conda/lib/python3.12/site-packages/airflow/example_dags/example_complex.py for tasks to queue
[2025-02-06T10:03:34.595+0000] {logging_mixin.py:190} INFO - [2025-02-06T10:03:34.595+0000] {dagbag.py:588} INFO - Filling up the DagBag from /opt/conda/lib/python3.12/site-packages/airflow/example_dags/example_complex.py
[2025-02-06T10:03:34.606+0000] {processor.py:925} INFO - DAG(s) 'example_complex' retrieved from /opt/conda/lib/python3.12/site-packages/airflow/example_dags/example_complex.py
[2025-02-06T10:03:34.638+0000] {logging_mixin.py:190} INFO - [2025-02-06T10:03:34.638+0000] {dag.py:3239} INFO - Sync 1 DAGs
[2025-02-06T10:03:34.653+0000] {logging_mixin.py:190} INFO - [2025-02-06T10:03:34.652+0000] {dag.py:4180} INFO - Setting next_dagrun for example_complex to None, run_after=None
[2025-02-06T10:03:34.707+0000] {processor.py:208} INFO - Processing /opt/conda/lib/python3.12/site-packages/airflow/example_dags/example_complex.py took 0.119 seconds
[2025-02-06T10:06:04.812+0000] {processor.py:186} INFO - Started process (PID=2067) to work on /opt/conda/lib/python3.12/site-packages/airflow/example_dags/example_complex.py
[2025-02-06T10:06:04.817+0000] {processor.py:914} INFO - Processing file /opt/conda/lib/python3.12/site-packages/airflow/example_dags/example_complex.py for tasks to queue
[2025-02-06T10:06:04.821+0000] {logging_mixin.py:190} INFO - [2025-02-06T10:06:04.819+0000] {dagbag.py:588} INFO - Filling up the DagBag from /opt/conda/lib/python3.12/site-packages/airflow/example_dags/example_complex.py
[2025-02-06T10:06:04.863+0000] {processor.py:925} INFO - DAG(s) 'example_complex' retrieved from /opt/conda/lib/python3.12/site-packages/airflow/example_dags/example_complex.py
[2025-02-06T10:06:04.919+0000] {logging_mixin.py:190} INFO - [2025-02-06T10:06:04.919+0000] {dag.py:3239} INFO - Sync 1 DAGs
[2025-02-06T10:06:04.935+0000] {logging_mixin.py:190} INFO - [2025-02-06T10:06:04.934+0000] {dag.py:4180} INFO - Setting next_dagrun for example_complex to None, run_after=None
[2025-02-06T10:06:04.998+0000] {processor.py:208} INFO - Processing /opt/conda/lib/python3.12/site-packages/airflow/example_dags/example_complex.py took 0.204 seconds
[2025-02-06T10:13:32.945+0000] {processor.py:186} INFO - Started process (PID=2815) to work on /opt/conda/lib/python3.12/site-packages/airflow/example_dags/example_complex.py
[2025-02-06T10:13:32.947+0000] {processor.py:914} INFO - Processing file /opt/conda/lib/python3.12/site-packages/airflow/example_dags/example_complex.py for tasks to queue
[2025-02-06T10:13:32.948+0000] {logging_mixin.py:190} INFO - [2025-02-06T10:13:32.948+0000] {dagbag.py:588} INFO - Filling up the DagBag from /opt/conda/lib/python3.12/site-packages/airflow/example_dags/example_complex.py
[2025-02-06T10:13:32.957+0000] {processor.py:925} INFO - DAG(s) 'example_complex' retrieved from /opt/conda/lib/python3.12/site-packages/airflow/example_dags/example_complex.py
[2025-02-06T10:13:33.079+0000] {logging_mixin.py:190} INFO - [2025-02-06T10:13:33.078+0000] {dag.py:3239} INFO - Sync 1 DAGs
[2025-02-06T10:13:33.090+0000] {logging_mixin.py:190} INFO - [2025-02-06T10:13:33.090+0000] {dag.py:4180} INFO - Setting next_dagrun for example_complex to None, run_after=None
[2025-02-06T10:13:33.149+0000] {processor.py:208} INFO - Processing /opt/conda/lib/python3.12/site-packages/airflow/example_dags/example_complex.py took 0.208 seconds
[2025-02-06T10:19:28.690+0000] {processor.py:186} INFO - Started process (PID=3429) to work on /opt/conda/lib/python3.12/site-packages/airflow/example_dags/example_complex.py
[2025-02-06T10:19:28.692+0000] {processor.py:914} INFO - Processing file /opt/conda/lib/python3.12/site-packages/airflow/example_dags/example_complex.py for tasks to queue
[2025-02-06T10:19:28.693+0000] {logging_mixin.py:190} INFO - [2025-02-06T10:19:28.693+0000] {dagbag.py:588} INFO - Filling up the DagBag from /opt/conda/lib/python3.12/site-packages/airflow/example_dags/example_complex.py
[2025-02-06T10:19:28.701+0000] {processor.py:925} INFO - DAG(s) 'example_complex' retrieved from /opt/conda/lib/python3.12/site-packages/airflow/example_dags/example_complex.py
[2025-02-06T10:19:28.731+0000] {logging_mixin.py:190} INFO - [2025-02-06T10:19:28.730+0000] {dag.py:3239} INFO - Sync 1 DAGs
[2025-02-06T10:19:28.745+0000] {logging_mixin.py:190} INFO - [2025-02-06T10:19:28.745+0000] {dag.py:4180} INFO - Setting next_dagrun for example_complex to None, run_after=None
[2025-02-06T10:19:28.797+0000] {processor.py:208} INFO - Processing /opt/conda/lib/python3.12/site-packages/airflow/example_dags/example_complex.py took 0.111 seconds
[2025-02-06T10:24:05.162+0000] {processor.py:186} INFO - Started process (PID=3887) to work on /opt/conda/lib/python3.12/site-packages/airflow/example_dags/example_complex.py
[2025-02-06T10:24:05.163+0000] {processor.py:914} INFO - Processing file /opt/conda/lib/python3.12/site-packages/airflow/example_dags/example_complex.py for tasks to queue
[2025-02-06T10:24:05.165+0000] {logging_mixin.py:190} INFO - [2025-02-06T10:24:05.165+0000] {dagbag.py:588} INFO - Filling up the DagBag from /opt/conda/lib/python3.12/site-packages/airflow/example_dags/example_complex.py
[2025-02-06T10:24:05.174+0000] {processor.py:925} INFO - DAG(s) 'example_complex' retrieved from /opt/conda/lib/python3.12/site-packages/airflow/example_dags/example_complex.py
[2025-02-06T10:24:05.202+0000] {logging_mixin.py:190} INFO - [2025-02-06T10:24:05.202+0000] {dag.py:3239} INFO - Sync 1 DAGs
[2025-02-06T10:24:05.216+0000] {logging_mixin.py:190} INFO - [2025-02-06T10:24:05.216+0000] {dag.py:4180} INFO - Setting next_dagrun for example_complex to None, run_after=None
[2025-02-06T10:24:05.267+0000] {processor.py:208} INFO - Processing /opt/conda/lib/python3.12/site-packages/airflow/example_dags/example_complex.py took 0.109 seconds
[2025-02-06T10:25:40.923+0000] {processor.py:186} INFO - Started process (PID=4025) to work on /opt/conda/lib/python3.12/site-packages/airflow/example_dags/example_complex.py
[2025-02-06T10:25:40.924+0000] {processor.py:914} INFO - Processing file /opt/conda/lib/python3.12/site-packages/airflow/example_dags/example_complex.py for tasks to queue
[2025-02-06T10:25:40.925+0000] {logging_mixin.py:190} INFO - [2025-02-06T10:25:40.925+0000] {dagbag.py:588} INFO - Filling up the DagBag from /opt/conda/lib/python3.12/site-packages/airflow/example_dags/example_complex.py
[2025-02-06T10:25:40.933+0000] {processor.py:925} INFO - DAG(s) 'example_complex' retrieved from /opt/conda/lib/python3.12/site-packages/airflow/example_dags/example_complex.py
[2025-02-06T10:25:40.963+0000] {logging_mixin.py:190} INFO - [2025-02-06T10:25:40.962+0000] {dag.py:3239} INFO - Sync 1 DAGs
[2025-02-06T10:25:40.976+0000] {logging_mixin.py:190} INFO - [2025-02-06T10:25:40.976+0000] {dag.py:4180} INFO - Setting next_dagrun for example_complex to None, run_after=None
[2025-02-06T10:25:41.026+0000] {processor.py:208} INFO - Processing /opt/conda/lib/python3.12/site-packages/airflow/example_dags/example_complex.py took 0.107 seconds
[2025-02-06T11:41:50.941+0000] {processor.py:186} INFO - Started process (PID=744) to work on /opt/conda/lib/python3.12/site-packages/airflow/example_dags/example_complex.py
[2025-02-06T11:41:50.943+0000] {processor.py:914} INFO - Processing file /opt/conda/lib/python3.12/site-packages/airflow/example_dags/example_complex.py for tasks to queue
[2025-02-06T11:41:50.945+0000] {logging_mixin.py:190} INFO - [2025-02-06T11:41:50.944+0000] {dagbag.py:588} INFO - Filling up the DagBag from /opt/conda/lib/python3.12/site-packages/airflow/example_dags/example_complex.py
[2025-02-06T11:41:50.957+0000] {processor.py:925} INFO - DAG(s) 'example_complex' retrieved from /opt/conda/lib/python3.12/site-packages/airflow/example_dags/example_complex.py
[2025-02-06T11:41:50.998+0000] {logging_mixin.py:190} INFO - [2025-02-06T11:41:50.997+0000] {dag.py:3239} INFO - Sync 1 DAGs
[2025-02-06T11:41:51.023+0000] {logging_mixin.py:190} INFO - [2025-02-06T11:41:51.023+0000] {dag.py:4180} INFO - Setting next_dagrun for example_complex to None, run_after=None
[2025-02-06T11:41:51.118+0000] {processor.py:208} INFO - Processing /opt/conda/lib/python3.12/site-packages/airflow/example_dags/example_complex.py took 0.183 seconds
[2025-02-06T11:46:10.995+0000] {processor.py:186} INFO - Started process (PID=1720) to work on /opt/conda/lib/python3.12/site-packages/airflow/example_dags/example_complex.py
[2025-02-06T11:46:10.997+0000] {processor.py:914} INFO - Processing file /opt/conda/lib/python3.12/site-packages/airflow/example_dags/example_complex.py for tasks to queue
[2025-02-06T11:46:11.000+0000] {logging_mixin.py:190} INFO - [2025-02-06T11:46:11.000+0000] {dagbag.py:588} INFO - Filling up the DagBag from /opt/conda/lib/python3.12/site-packages/airflow/example_dags/example_complex.py
[2025-02-06T11:46:11.012+0000] {processor.py:925} INFO - DAG(s) 'example_complex' retrieved from /opt/conda/lib/python3.12/site-packages/airflow/example_dags/example_complex.py
[2025-02-06T11:46:11.059+0000] {logging_mixin.py:190} INFO - [2025-02-06T11:46:11.058+0000] {dag.py:3239} INFO - Sync 1 DAGs
[2025-02-06T11:46:11.077+0000] {logging_mixin.py:190} INFO - [2025-02-06T11:46:11.077+0000] {dag.py:4180} INFO - Setting next_dagrun for example_complex to None, run_after=None
[2025-02-06T11:46:11.157+0000] {processor.py:208} INFO - Processing /opt/conda/lib/python3.12/site-packages/airflow/example_dags/example_complex.py took 0.167 seconds
[2025-02-06T11:50:07.639+0000] {processor.py:186} INFO - Started process (PID=2633) to work on /opt/conda/lib/python3.12/site-packages/airflow/example_dags/example_complex.py
[2025-02-06T11:50:07.641+0000] {processor.py:914} INFO - Processing file /opt/conda/lib/python3.12/site-packages/airflow/example_dags/example_complex.py for tasks to queue
[2025-02-06T11:50:07.643+0000] {logging_mixin.py:190} INFO - [2025-02-06T11:50:07.642+0000] {dagbag.py:588} INFO - Filling up the DagBag from /opt/conda/lib/python3.12/site-packages/airflow/example_dags/example_complex.py
[2025-02-06T11:50:07.657+0000] {processor.py:925} INFO - DAG(s) 'example_complex' retrieved from /opt/conda/lib/python3.12/site-packages/airflow/example_dags/example_complex.py
[2025-02-06T11:50:07.703+0000] {logging_mixin.py:190} INFO - [2025-02-06T11:50:07.703+0000] {dag.py:3239} INFO - Sync 1 DAGs
[2025-02-06T11:50:07.725+0000] {logging_mixin.py:190} INFO - [2025-02-06T11:50:07.725+0000] {dag.py:4180} INFO - Setting next_dagrun for example_complex to None, run_after=None
[2025-02-06T11:50:07.806+0000] {processor.py:208} INFO - Processing /opt/conda/lib/python3.12/site-packages/airflow/example_dags/example_complex.py took 0.173 seconds
[2025-02-06T11:53:46.760+0000] {processor.py:186} INFO - Started process (PID=3606) to work on /opt/conda/lib/python3.12/site-packages/airflow/example_dags/example_complex.py
[2025-02-06T11:53:46.761+0000] {processor.py:914} INFO - Processing file /opt/conda/lib/python3.12/site-packages/airflow/example_dags/example_complex.py for tasks to queue
[2025-02-06T11:53:46.763+0000] {logging_mixin.py:190} INFO - [2025-02-06T11:53:46.763+0000] {dagbag.py:588} INFO - Filling up the DagBag from /opt/conda/lib/python3.12/site-packages/airflow/example_dags/example_complex.py
[2025-02-06T11:53:46.779+0000] {processor.py:925} INFO - DAG(s) 'example_complex' retrieved from /opt/conda/lib/python3.12/site-packages/airflow/example_dags/example_complex.py
[2025-02-06T11:53:46.829+0000] {logging_mixin.py:190} INFO - [2025-02-06T11:53:46.829+0000] {dag.py:3239} INFO - Sync 1 DAGs
[2025-02-06T11:53:46.852+0000] {logging_mixin.py:190} INFO - [2025-02-06T11:53:46.852+0000] {dag.py:4180} INFO - Setting next_dagrun for example_complex to None, run_after=None
[2025-02-06T11:53:46.952+0000] {processor.py:208} INFO - Processing /opt/conda/lib/python3.12/site-packages/airflow/example_dags/example_complex.py took 0.200 seconds
[2025-02-06T12:05:28.463+0000] {processor.py:186} INFO - Started process (PID=762) to work on /opt/conda/lib/python3.12/site-packages/airflow/example_dags/example_complex.py
[2025-02-06T12:05:28.464+0000] {processor.py:914} INFO - Processing file /opt/conda/lib/python3.12/site-packages/airflow/example_dags/example_complex.py for tasks to queue
[2025-02-06T12:05:28.466+0000] {logging_mixin.py:190} INFO - [2025-02-06T12:05:28.465+0000] {dagbag.py:588} INFO - Filling up the DagBag from /opt/conda/lib/python3.12/site-packages/airflow/example_dags/example_complex.py
[2025-02-06T12:05:28.475+0000] {processor.py:925} INFO - DAG(s) 'example_complex' retrieved from /opt/conda/lib/python3.12/site-packages/airflow/example_dags/example_complex.py
[2025-02-06T12:05:28.503+0000] {logging_mixin.py:190} INFO - [2025-02-06T12:05:28.503+0000] {dag.py:3239} INFO - Sync 1 DAGs
[2025-02-06T12:05:28.516+0000] {logging_mixin.py:190} INFO - [2025-02-06T12:05:28.515+0000] {dag.py:4180} INFO - Setting next_dagrun for example_complex to None, run_after=None
[2025-02-06T12:05:28.571+0000] {processor.py:208} INFO - Processing /opt/conda/lib/python3.12/site-packages/airflow/example_dags/example_complex.py took 0.114 seconds
[2025-02-06T12:08:17.991+0000] {processor.py:186} INFO - Started process (PID=1777) to work on /opt/conda/lib/python3.12/site-packages/airflow/example_dags/example_complex.py
[2025-02-06T12:08:17.993+0000] {processor.py:914} INFO - Processing file /opt/conda/lib/python3.12/site-packages/airflow/example_dags/example_complex.py for tasks to queue
[2025-02-06T12:08:17.994+0000] {logging_mixin.py:190} INFO - [2025-02-06T12:08:17.994+0000] {dagbag.py:588} INFO - Filling up the DagBag from /opt/conda/lib/python3.12/site-packages/airflow/example_dags/example_complex.py
[2025-02-06T12:08:18.003+0000] {processor.py:925} INFO - DAG(s) 'example_complex' retrieved from /opt/conda/lib/python3.12/site-packages/airflow/example_dags/example_complex.py
[2025-02-06T12:08:18.032+0000] {logging_mixin.py:190} INFO - [2025-02-06T12:08:18.032+0000] {dag.py:3239} INFO - Sync 1 DAGs
[2025-02-06T12:08:18.045+0000] {logging_mixin.py:190} INFO - [2025-02-06T12:08:18.045+0000] {dag.py:4180} INFO - Setting next_dagrun for example_complex to None, run_after=None
[2025-02-06T12:08:18.199+0000] {processor.py:208} INFO - Processing /opt/conda/lib/python3.12/site-packages/airflow/example_dags/example_complex.py took 0.212 seconds
[2025-02-06T12:16:12.579+0000] {processor.py:186} INFO - Started process (PID=152) to work on /opt/conda/lib/python3.12/site-packages/airflow/example_dags/example_complex.py
[2025-02-06T12:16:12.582+0000] {processor.py:914} INFO - Processing file /opt/conda/lib/python3.12/site-packages/airflow/example_dags/example_complex.py for tasks to queue
[2025-02-06T12:16:12.590+0000] {logging_mixin.py:190} INFO - [2025-02-06T12:16:12.588+0000] {dagbag.py:588} INFO - Filling up the DagBag from /opt/conda/lib/python3.12/site-packages/airflow/example_dags/example_complex.py
[2025-02-06T12:16:12.610+0000] {processor.py:925} INFO - DAG(s) 'example_complex' retrieved from /opt/conda/lib/python3.12/site-packages/airflow/example_dags/example_complex.py
[2025-02-06T12:16:12.693+0000] {logging_mixin.py:190} INFO - [2025-02-06T12:16:12.693+0000] {dag.py:3239} INFO - Sync 1 DAGs
[2025-02-06T12:16:12.731+0000] {logging_mixin.py:190} INFO - [2025-02-06T12:16:12.731+0000] {dag.py:4180} INFO - Setting next_dagrun for example_complex to None, run_after=None
[2025-02-06T12:16:12.948+0000] {processor.py:208} INFO - Processing /opt/conda/lib/python3.12/site-packages/airflow/example_dags/example_complex.py took 0.374 seconds
[2025-02-06T12:17:23.851+0000] {processor.py:186} INFO - Started process (PID=152) to work on /opt/conda/lib/python3.12/site-packages/airflow/example_dags/example_complex.py
[2025-02-06T12:17:23.853+0000] {processor.py:914} INFO - Processing file /opt/conda/lib/python3.12/site-packages/airflow/example_dags/example_complex.py for tasks to queue
[2025-02-06T12:17:23.854+0000] {logging_mixin.py:190} INFO - [2025-02-06T12:17:23.854+0000] {dagbag.py:588} INFO - Filling up the DagBag from /opt/conda/lib/python3.12/site-packages/airflow/example_dags/example_complex.py
[2025-02-06T12:17:23.862+0000] {processor.py:925} INFO - DAG(s) 'example_complex' retrieved from /opt/conda/lib/python3.12/site-packages/airflow/example_dags/example_complex.py
[2025-02-06T12:17:23.888+0000] {logging_mixin.py:190} INFO - [2025-02-06T12:17:23.888+0000] {dag.py:3239} INFO - Sync 1 DAGs
[2025-02-06T12:17:23.901+0000] {logging_mixin.py:190} INFO - [2025-02-06T12:17:23.901+0000] {dag.py:4180} INFO - Setting next_dagrun for example_complex to None, run_after=None
[2025-02-06T12:17:23.961+0000] {processor.py:208} INFO - Processing /opt/conda/lib/python3.12/site-packages/airflow/example_dags/example_complex.py took 0.113 seconds
[2025-02-06T12:17:56.588+0000] {processor.py:186} INFO - Started process (PID=95) to work on /opt/conda/lib/python3.12/site-packages/airflow/example_dags/example_complex.py
[2025-02-06T12:17:56.589+0000] {processor.py:914} INFO - Processing file /opt/conda/lib/python3.12/site-packages/airflow/example_dags/example_complex.py for tasks to queue
[2025-02-06T12:17:56.591+0000] {logging_mixin.py:190} INFO - [2025-02-06T12:17:56.591+0000] {dagbag.py:588} INFO - Filling up the DagBag from /opt/conda/lib/python3.12/site-packages/airflow/example_dags/example_complex.py
[2025-02-06T12:17:56.600+0000] {processor.py:925} INFO - DAG(s) 'example_complex' retrieved from /opt/conda/lib/python3.12/site-packages/airflow/example_dags/example_complex.py
[2025-02-06T12:17:56.625+0000] {logging_mixin.py:190} INFO - [2025-02-06T12:17:56.625+0000] {dag.py:3239} INFO - Sync 1 DAGs
[2025-02-06T12:17:56.638+0000] {logging_mixin.py:190} INFO - [2025-02-06T12:17:56.638+0000] {dag.py:4180} INFO - Setting next_dagrun for example_complex to None, run_after=None
[2025-02-06T12:17:56.704+0000] {processor.py:208} INFO - Processing /opt/conda/lib/python3.12/site-packages/airflow/example_dags/example_complex.py took 0.121 seconds
[2025-02-06T12:18:49.692+0000] {processor.py:186} INFO - Started process (PID=176) to work on /opt/conda/lib/python3.12/site-packages/airflow/example_dags/example_complex.py
[2025-02-06T12:18:49.693+0000] {processor.py:914} INFO - Processing file /opt/conda/lib/python3.12/site-packages/airflow/example_dags/example_complex.py for tasks to queue
[2025-02-06T12:18:49.695+0000] {logging_mixin.py:190} INFO - [2025-02-06T12:18:49.695+0000] {dagbag.py:588} INFO - Filling up the DagBag from /opt/conda/lib/python3.12/site-packages/airflow/example_dags/example_complex.py
[2025-02-06T12:18:49.705+0000] {processor.py:925} INFO - DAG(s) 'example_complex' retrieved from /opt/conda/lib/python3.12/site-packages/airflow/example_dags/example_complex.py
[2025-02-06T12:18:49.735+0000] {logging_mixin.py:190} INFO - [2025-02-06T12:18:49.734+0000] {dag.py:3239} INFO - Sync 1 DAGs
[2025-02-06T12:18:49.749+0000] {logging_mixin.py:190} INFO - [2025-02-06T12:18:49.749+0000] {dag.py:4180} INFO - Setting next_dagrun for example_complex to None, run_after=None
[2025-02-06T12:18:49.800+0000] {processor.py:208} INFO - Processing /opt/conda/lib/python3.12/site-packages/airflow/example_dags/example_complex.py took 0.112 seconds
[2025-02-06T12:21:37.279+0000] {processor.py:186} INFO - Started process (PID=168) to work on /opt/conda/lib/python3.12/site-packages/airflow/example_dags/example_complex.py
[2025-02-06T12:21:37.281+0000] {processor.py:914} INFO - Processing file /opt/conda/lib/python3.12/site-packages/airflow/example_dags/example_complex.py for tasks to queue
[2025-02-06T12:21:37.283+0000] {logging_mixin.py:190} INFO - [2025-02-06T12:21:37.282+0000] {dagbag.py:588} INFO - Filling up the DagBag from /opt/conda/lib/python3.12/site-packages/airflow/example_dags/example_complex.py
[2025-02-06T12:21:37.291+0000] {processor.py:925} INFO - DAG(s) 'example_complex' retrieved from /opt/conda/lib/python3.12/site-packages/airflow/example_dags/example_complex.py
[2025-02-06T12:21:37.321+0000] {logging_mixin.py:190} INFO - [2025-02-06T12:21:37.321+0000] {dag.py:3239} INFO - Sync 1 DAGs
[2025-02-06T12:21:37.335+0000] {logging_mixin.py:190} INFO - [2025-02-06T12:21:37.334+0000] {dag.py:4180} INFO - Setting next_dagrun for example_complex to None, run_after=None
[2025-02-06T12:21:37.394+0000] {processor.py:208} INFO - Processing /opt/conda/lib/python3.12/site-packages/airflow/example_dags/example_complex.py took 0.119 seconds
[2025-02-06T12:23:17.670+0000] {processor.py:186} INFO - Started process (PID=779) to work on /opt/conda/lib/python3.12/site-packages/airflow/example_dags/example_complex.py
[2025-02-06T12:23:17.671+0000] {processor.py:914} INFO - Processing file /opt/conda/lib/python3.12/site-packages/airflow/example_dags/example_complex.py for tasks to queue
[2025-02-06T12:23:17.673+0000] {logging_mixin.py:190} INFO - [2025-02-06T12:23:17.672+0000] {dagbag.py:588} INFO - Filling up the DagBag from /opt/conda/lib/python3.12/site-packages/airflow/example_dags/example_complex.py
[2025-02-06T12:23:17.680+0000] {processor.py:925} INFO - DAG(s) 'example_complex' retrieved from /opt/conda/lib/python3.12/site-packages/airflow/example_dags/example_complex.py
[2025-02-06T12:23:17.710+0000] {logging_mixin.py:190} INFO - [2025-02-06T12:23:17.709+0000] {dag.py:3239} INFO - Sync 1 DAGs
[2025-02-06T12:23:17.727+0000] {logging_mixin.py:190} INFO - [2025-02-06T12:23:17.727+0000] {dag.py:4180} INFO - Setting next_dagrun for example_complex to None, run_after=None
[2025-02-06T12:23:17.777+0000] {processor.py:208} INFO - Processing /opt/conda/lib/python3.12/site-packages/airflow/example_dags/example_complex.py took 0.114 seconds
[2025-02-06T12:23:49.690+0000] {processor.py:186} INFO - Started process (PID=974) to work on /opt/conda/lib/python3.12/site-packages/airflow/example_dags/example_complex.py
[2025-02-06T12:23:49.692+0000] {processor.py:914} INFO - Processing file /opt/conda/lib/python3.12/site-packages/airflow/example_dags/example_complex.py for tasks to queue
[2025-02-06T12:23:49.693+0000] {logging_mixin.py:190} INFO - [2025-02-06T12:23:49.693+0000] {dagbag.py:588} INFO - Filling up the DagBag from /opt/conda/lib/python3.12/site-packages/airflow/example_dags/example_complex.py
[2025-02-06T12:23:49.706+0000] {processor.py:925} INFO - DAG(s) 'example_complex' retrieved from /opt/conda/lib/python3.12/site-packages/airflow/example_dags/example_complex.py
[2025-02-06T12:23:49.747+0000] {logging_mixin.py:190} INFO - [2025-02-06T12:23:49.746+0000] {dag.py:3239} INFO - Sync 1 DAGs
[2025-02-06T12:23:49.781+0000] {logging_mixin.py:190} INFO - [2025-02-06T12:23:49.780+0000] {dag.py:4180} INFO - Setting next_dagrun for example_complex to None, run_after=None
[2025-02-06T12:23:49.834+0000] {processor.py:208} INFO - Processing /opt/conda/lib/python3.12/site-packages/airflow/example_dags/example_complex.py took 0.147 seconds
[2025-02-06T12:26:36.545+0000] {processor.py:186} INFO - Started process (PID=2104) to work on /opt/conda/lib/python3.12/site-packages/airflow/example_dags/example_complex.py
[2025-02-06T12:26:36.547+0000] {processor.py:914} INFO - Processing file /opt/conda/lib/python3.12/site-packages/airflow/example_dags/example_complex.py for tasks to queue
[2025-02-06T12:26:36.550+0000] {logging_mixin.py:190} INFO - [2025-02-06T12:26:36.549+0000] {dagbag.py:588} INFO - Filling up the DagBag from /opt/conda/lib/python3.12/site-packages/airflow/example_dags/example_complex.py
[2025-02-06T12:26:36.559+0000] {processor.py:925} INFO - DAG(s) 'example_complex' retrieved from /opt/conda/lib/python3.12/site-packages/airflow/example_dags/example_complex.py
[2025-02-06T12:26:36.592+0000] {logging_mixin.py:190} INFO - [2025-02-06T12:26:36.591+0000] {dag.py:3239} INFO - Sync 1 DAGs
[2025-02-06T12:26:36.603+0000] {logging_mixin.py:190} INFO - [2025-02-06T12:26:36.603+0000] {dag.py:4180} INFO - Setting next_dagrun for example_complex to None, run_after=None
[2025-02-06T12:26:36.669+0000] {processor.py:208} INFO - Processing /opt/conda/lib/python3.12/site-packages/airflow/example_dags/example_complex.py took 0.128 seconds
[2025-02-06T12:30:29.423+0000] {processor.py:186} INFO - Started process (PID=4136) to work on /opt/conda/lib/python3.12/site-packages/airflow/example_dags/example_complex.py
[2025-02-06T12:30:29.424+0000] {processor.py:914} INFO - Processing file /opt/conda/lib/python3.12/site-packages/airflow/example_dags/example_complex.py for tasks to queue
[2025-02-06T12:30:29.426+0000] {logging_mixin.py:190} INFO - [2025-02-06T12:30:29.426+0000] {dagbag.py:588} INFO - Filling up the DagBag from /opt/conda/lib/python3.12/site-packages/airflow/example_dags/example_complex.py
[2025-02-06T12:30:29.435+0000] {processor.py:925} INFO - DAG(s) 'example_complex' retrieved from /opt/conda/lib/python3.12/site-packages/airflow/example_dags/example_complex.py
[2025-02-06T12:30:29.466+0000] {logging_mixin.py:190} INFO - [2025-02-06T12:30:29.466+0000] {dag.py:3239} INFO - Sync 1 DAGs
[2025-02-06T12:30:29.483+0000] {logging_mixin.py:190} INFO - [2025-02-06T12:30:29.483+0000] {dag.py:4180} INFO - Setting next_dagrun for example_complex to None, run_after=None
[2025-02-06T12:30:29.553+0000] {processor.py:208} INFO - Processing /opt/conda/lib/python3.12/site-packages/airflow/example_dags/example_complex.py took 0.134 seconds
[2025-02-06T12:34:34.447+0000] {processor.py:186} INFO - Started process (PID=6273) to work on /opt/conda/lib/python3.12/site-packages/airflow/example_dags/example_complex.py
[2025-02-06T12:34:34.448+0000] {processor.py:914} INFO - Processing file /opt/conda/lib/python3.12/site-packages/airflow/example_dags/example_complex.py for tasks to queue
[2025-02-06T12:34:34.450+0000] {logging_mixin.py:190} INFO - [2025-02-06T12:34:34.449+0000] {dagbag.py:588} INFO - Filling up the DagBag from /opt/conda/lib/python3.12/site-packages/airflow/example_dags/example_complex.py
[2025-02-06T12:34:34.460+0000] {processor.py:925} INFO - DAG(s) 'example_complex' retrieved from /opt/conda/lib/python3.12/site-packages/airflow/example_dags/example_complex.py
[2025-02-06T12:34:34.488+0000] {logging_mixin.py:190} INFO - [2025-02-06T12:34:34.488+0000] {dag.py:3239} INFO - Sync 1 DAGs
[2025-02-06T12:34:34.500+0000] {logging_mixin.py:190} INFO - [2025-02-06T12:34:34.500+0000] {dag.py:4180} INFO - Setting next_dagrun for example_complex to None, run_after=None
[2025-02-06T12:34:34.542+0000] {processor.py:208} INFO - Processing /opt/conda/lib/python3.12/site-packages/airflow/example_dags/example_complex.py took 0.100 seconds
[2025-02-06T12:38:43.943+0000] {processor.py:186} INFO - Started process (PID=8361) to work on /opt/conda/lib/python3.12/site-packages/airflow/example_dags/example_complex.py
[2025-02-06T12:38:43.944+0000] {processor.py:914} INFO - Processing file /opt/conda/lib/python3.12/site-packages/airflow/example_dags/example_complex.py for tasks to queue
[2025-02-06T12:38:43.946+0000] {logging_mixin.py:190} INFO - [2025-02-06T12:38:43.946+0000] {dagbag.py:588} INFO - Filling up the DagBag from /opt/conda/lib/python3.12/site-packages/airflow/example_dags/example_complex.py
[2025-02-06T12:38:43.954+0000] {processor.py:925} INFO - DAG(s) 'example_complex' retrieved from /opt/conda/lib/python3.12/site-packages/airflow/example_dags/example_complex.py
[2025-02-06T12:38:43.985+0000] {logging_mixin.py:190} INFO - [2025-02-06T12:38:43.985+0000] {dag.py:3239} INFO - Sync 1 DAGs
[2025-02-06T12:38:43.996+0000] {logging_mixin.py:190} INFO - [2025-02-06T12:38:43.996+0000] {dag.py:4180} INFO - Setting next_dagrun for example_complex to None, run_after=None
[2025-02-06T12:38:44.073+0000] {processor.py:208} INFO - Processing /opt/conda/lib/python3.12/site-packages/airflow/example_dags/example_complex.py took 0.134 seconds
[2025-02-06T12:42:50.105+0000] {processor.py:186} INFO - Started process (PID=10496) to work on /opt/conda/lib/python3.12/site-packages/airflow/example_dags/example_complex.py
[2025-02-06T12:42:50.106+0000] {processor.py:914} INFO - Processing file /opt/conda/lib/python3.12/site-packages/airflow/example_dags/example_complex.py for tasks to queue
[2025-02-06T12:42:50.108+0000] {logging_mixin.py:190} INFO - [2025-02-06T12:42:50.107+0000] {dagbag.py:588} INFO - Filling up the DagBag from /opt/conda/lib/python3.12/site-packages/airflow/example_dags/example_complex.py
[2025-02-06T12:42:50.118+0000] {processor.py:925} INFO - DAG(s) 'example_complex' retrieved from /opt/conda/lib/python3.12/site-packages/airflow/example_dags/example_complex.py
[2025-02-06T12:42:50.150+0000] {logging_mixin.py:190} INFO - [2025-02-06T12:42:50.149+0000] {dag.py:3239} INFO - Sync 1 DAGs
[2025-02-06T12:42:50.165+0000] {logging_mixin.py:190} INFO - [2025-02-06T12:42:50.165+0000] {dag.py:4180} INFO - Setting next_dagrun for example_complex to None, run_after=None
[2025-02-06T12:42:50.343+0000] {processor.py:208} INFO - Processing /opt/conda/lib/python3.12/site-packages/airflow/example_dags/example_complex.py took 0.242 seconds
[2025-02-06T12:46:58.917+0000] {processor.py:186} INFO - Started process (PID=12563) to work on /opt/conda/lib/python3.12/site-packages/airflow/example_dags/example_complex.py
[2025-02-06T12:46:58.918+0000] {processor.py:914} INFO - Processing file /opt/conda/lib/python3.12/site-packages/airflow/example_dags/example_complex.py for tasks to queue
[2025-02-06T12:46:58.920+0000] {logging_mixin.py:190} INFO - [2025-02-06T12:46:58.920+0000] {dagbag.py:588} INFO - Filling up the DagBag from /opt/conda/lib/python3.12/site-packages/airflow/example_dags/example_complex.py
[2025-02-06T12:46:58.930+0000] {processor.py:925} INFO - DAG(s) 'example_complex' retrieved from /opt/conda/lib/python3.12/site-packages/airflow/example_dags/example_complex.py
[2025-02-06T12:46:58.965+0000] {logging_mixin.py:190} INFO - [2025-02-06T12:46:58.965+0000] {dag.py:3239} INFO - Sync 1 DAGs
[2025-02-06T12:46:58.983+0000] {logging_mixin.py:190} INFO - [2025-02-06T12:46:58.983+0000] {dag.py:4180} INFO - Setting next_dagrun for example_complex to None, run_after=None
[2025-02-06T12:46:59.047+0000] {processor.py:208} INFO - Processing /opt/conda/lib/python3.12/site-packages/airflow/example_dags/example_complex.py took 0.134 seconds
[2025-02-06T12:53:04.964+0000] {processor.py:186} INFO - Started process (PID=15272) to work on /opt/conda/lib/python3.12/site-packages/airflow/example_dags/example_complex.py
[2025-02-06T12:53:04.965+0000] {processor.py:914} INFO - Processing file /opt/conda/lib/python3.12/site-packages/airflow/example_dags/example_complex.py for tasks to queue
[2025-02-06T12:53:04.967+0000] {logging_mixin.py:190} INFO - [2025-02-06T12:53:04.967+0000] {dagbag.py:588} INFO - Filling up the DagBag from /opt/conda/lib/python3.12/site-packages/airflow/example_dags/example_complex.py
[2025-02-06T12:53:04.977+0000] {processor.py:925} INFO - DAG(s) 'example_complex' retrieved from /opt/conda/lib/python3.12/site-packages/airflow/example_dags/example_complex.py
[2025-02-06T12:53:05.010+0000] {logging_mixin.py:190} INFO - [2025-02-06T12:53:05.009+0000] {dag.py:3239} INFO - Sync 1 DAGs
[2025-02-06T12:53:05.023+0000] {logging_mixin.py:190} INFO - [2025-02-06T12:53:05.023+0000] {dag.py:4180} INFO - Setting next_dagrun for example_complex to None, run_after=None
[2025-02-06T12:53:05.074+0000] {processor.py:208} INFO - Processing /opt/conda/lib/python3.12/site-packages/airflow/example_dags/example_complex.py took 0.115 seconds
[2025-02-06T12:57:51.569+0000] {processor.py:186} INFO - Started process (PID=192) to work on /opt/conda/lib/python3.12/site-packages/airflow/example_dags/example_complex.py
[2025-02-06T12:57:51.570+0000] {processor.py:914} INFO - Processing file /opt/conda/lib/python3.12/site-packages/airflow/example_dags/example_complex.py for tasks to queue
[2025-02-06T12:57:51.573+0000] {logging_mixin.py:190} INFO - [2025-02-06T12:57:51.572+0000] {dagbag.py:588} INFO - Filling up the DagBag from /opt/conda/lib/python3.12/site-packages/airflow/example_dags/example_complex.py
[2025-02-06T12:57:51.581+0000] {processor.py:925} INFO - DAG(s) 'example_complex' retrieved from /opt/conda/lib/python3.12/site-packages/airflow/example_dags/example_complex.py
[2025-02-06T12:57:51.609+0000] {logging_mixin.py:190} INFO - [2025-02-06T12:57:51.608+0000] {dag.py:3239} INFO - Sync 1 DAGs
[2025-02-06T12:57:51.622+0000] {logging_mixin.py:190} INFO - [2025-02-06T12:57:51.621+0000] {dag.py:4180} INFO - Setting next_dagrun for example_complex to None, run_after=None
[2025-02-06T12:57:51.691+0000] {processor.py:208} INFO - Processing /opt/conda/lib/python3.12/site-packages/airflow/example_dags/example_complex.py took 0.126 seconds
[2025-02-06T13:01:35.082+0000] {processor.py:186} INFO - Started process (PID=1168) to work on /opt/conda/lib/python3.12/site-packages/airflow/example_dags/example_complex.py
[2025-02-06T13:01:35.083+0000] {processor.py:914} INFO - Processing file /opt/conda/lib/python3.12/site-packages/airflow/example_dags/example_complex.py for tasks to queue
[2025-02-06T13:01:35.085+0000] {logging_mixin.py:190} INFO - [2025-02-06T13:01:35.085+0000] {dagbag.py:588} INFO - Filling up the DagBag from /opt/conda/lib/python3.12/site-packages/airflow/example_dags/example_complex.py
[2025-02-06T13:01:35.094+0000] {processor.py:925} INFO - DAG(s) 'example_complex' retrieved from /opt/conda/lib/python3.12/site-packages/airflow/example_dags/example_complex.py
[2025-02-06T13:01:35.135+0000] {logging_mixin.py:190} INFO - [2025-02-06T13:01:35.135+0000] {dag.py:3239} INFO - Sync 1 DAGs
[2025-02-06T13:01:35.151+0000] {logging_mixin.py:190} INFO - [2025-02-06T13:01:35.151+0000] {dag.py:4180} INFO - Setting next_dagrun for example_complex to None, run_after=None
[2025-02-06T13:01:35.216+0000] {processor.py:208} INFO - Processing /opt/conda/lib/python3.12/site-packages/airflow/example_dags/example_complex.py took 0.138 seconds
[2025-02-06T13:04:10.627+0000] {processor.py:186} INFO - Started process (PID=1999) to work on /opt/conda/lib/python3.12/site-packages/airflow/example_dags/example_complex.py
[2025-02-06T13:04:10.628+0000] {processor.py:914} INFO - Processing file /opt/conda/lib/python3.12/site-packages/airflow/example_dags/example_complex.py for tasks to queue
[2025-02-06T13:04:10.630+0000] {logging_mixin.py:190} INFO - [2025-02-06T13:04:10.630+0000] {dagbag.py:588} INFO - Filling up the DagBag from /opt/conda/lib/python3.12/site-packages/airflow/example_dags/example_complex.py
[2025-02-06T13:04:10.639+0000] {processor.py:925} INFO - DAG(s) 'example_complex' retrieved from /opt/conda/lib/python3.12/site-packages/airflow/example_dags/example_complex.py
[2025-02-06T13:04:10.666+0000] {logging_mixin.py:190} INFO - [2025-02-06T13:04:10.666+0000] {dag.py:3239} INFO - Sync 1 DAGs
[2025-02-06T13:04:10.677+0000] {logging_mixin.py:190} INFO - [2025-02-06T13:04:10.677+0000] {dag.py:4180} INFO - Setting next_dagrun for example_complex to None, run_after=None
[2025-02-06T13:04:10.743+0000] {processor.py:208} INFO - Processing /opt/conda/lib/python3.12/site-packages/airflow/example_dags/example_complex.py took 0.120 seconds
[2025-02-06T13:06:28.759+0000] {processor.py:186} INFO - Started process (PID=2738) to work on /opt/conda/lib/python3.12/site-packages/airflow/example_dags/example_complex.py
[2025-02-06T13:06:28.760+0000] {processor.py:914} INFO - Processing file /opt/conda/lib/python3.12/site-packages/airflow/example_dags/example_complex.py for tasks to queue
[2025-02-06T13:06:28.762+0000] {logging_mixin.py:190} INFO - [2025-02-06T13:06:28.762+0000] {dagbag.py:588} INFO - Filling up the DagBag from /opt/conda/lib/python3.12/site-packages/airflow/example_dags/example_complex.py
[2025-02-06T13:06:28.772+0000] {processor.py:925} INFO - DAG(s) 'example_complex' retrieved from /opt/conda/lib/python3.12/site-packages/airflow/example_dags/example_complex.py
[2025-02-06T13:06:28.805+0000] {logging_mixin.py:190} INFO - [2025-02-06T13:06:28.805+0000] {dag.py:3239} INFO - Sync 1 DAGs
[2025-02-06T13:06:28.819+0000] {logging_mixin.py:190} INFO - [2025-02-06T13:06:28.819+0000] {dag.py:4180} INFO - Setting next_dagrun for example_complex to None, run_after=None
[2025-02-06T13:06:28.886+0000] {processor.py:208} INFO - Processing /opt/conda/lib/python3.12/site-packages/airflow/example_dags/example_complex.py took 0.131 seconds
