[2025-02-06T08:27:21.195+0000] {processor.py:186} INFO - Started process (PID=73) to work on /opt/conda/lib/python3.12/site-packages/airflow/example_dags/example_bash_decorator.py
[2025-02-06T08:27:21.196+0000] {processor.py:914} INFO - Processing file /opt/conda/lib/python3.12/site-packages/airflow/example_dags/example_bash_decorator.py for tasks to queue
[2025-02-06T08:27:21.198+0000] {logging_mixin.py:190} INFO - [2025-02-06T08:27:21.198+0000] {dagbag.py:588} INFO - Filling up the DagBag from /opt/conda/lib/python3.12/site-packages/airflow/example_dags/example_bash_decorator.py
[2025-02-06T08:27:21.209+0000] {processor.py:925} INFO - DAG(s) 'example_bash_decorator' retrieved from /opt/conda/lib/python3.12/site-packages/airflow/example_dags/example_bash_decorator.py
[2025-02-06T08:27:21.345+0000] {logging_mixin.py:190} INFO - [2025-02-06T08:27:21.345+0000] {override.py:1912} INFO - Created Permission View: can delete on DAG:example_bash_decorator
[2025-02-06T08:27:21.386+0000] {logging_mixin.py:190} INFO - [2025-02-06T08:27:21.385+0000] {override.py:1912} INFO - Created Permission View: can read on DAG:example_bash_decorator
[2025-02-06T08:27:21.425+0000] {logging_mixin.py:190} INFO - [2025-02-06T08:27:21.425+0000] {override.py:1912} INFO - Created Permission View: can edit on DAG:example_bash_decorator
[2025-02-06T08:27:21.485+0000] {logging_mixin.py:190} INFO - [2025-02-06T08:27:21.485+0000] {override.py:1912} INFO - Created Permission View: menu access on DAG Run:example_bash_decorator
[2025-02-06T08:27:21.521+0000] {logging_mixin.py:190} INFO - [2025-02-06T08:27:21.521+0000] {override.py:1912} INFO - Created Permission View: can create on DAG Run:example_bash_decorator
[2025-02-06T08:27:21.556+0000] {logging_mixin.py:190} INFO - [2025-02-06T08:27:21.555+0000] {override.py:1912} INFO - Created Permission View: can read on DAG Run:example_bash_decorator
[2025-02-06T08:27:21.595+0000] {logging_mixin.py:190} INFO - [2025-02-06T08:27:21.594+0000] {override.py:1912} INFO - Created Permission View: can delete on DAG Run:example_bash_decorator
[2025-02-06T08:27:21.596+0000] {logging_mixin.py:190} INFO - [2025-02-06T08:27:21.595+0000] {dag.py:3239} INFO - Sync 1 DAGs
[2025-02-06T08:27:21.613+0000] {logging_mixin.py:190} INFO - [2025-02-06T08:27:21.612+0000] {dag.py:3262} INFO - Creating ORM DAG for example_bash_decorator
[2025-02-06T08:27:21.614+0000] {logging_mixin.py:190} INFO - [2025-02-06T08:27:21.614+0000] {dag.py:4180} INFO - Setting next_dagrun for example_bash_decorator to None, run_after=None
[2025-02-06T08:27:21.668+0000] {processor.py:208} INFO - Processing /opt/conda/lib/python3.12/site-packages/airflow/example_dags/example_bash_decorator.py took 0.478 seconds
[2025-02-06T08:30:58.678+0000] {processor.py:186} INFO - Started process (PID=73) to work on /opt/conda/lib/python3.12/site-packages/airflow/example_dags/example_bash_decorator.py
[2025-02-06T08:30:58.679+0000] {processor.py:914} INFO - Processing file /opt/conda/lib/python3.12/site-packages/airflow/example_dags/example_bash_decorator.py for tasks to queue
[2025-02-06T08:30:58.681+0000] {logging_mixin.py:190} INFO - [2025-02-06T08:30:58.680+0000] {dagbag.py:588} INFO - Filling up the DagBag from /opt/conda/lib/python3.12/site-packages/airflow/example_dags/example_bash_decorator.py
[2025-02-06T08:30:58.692+0000] {processor.py:925} INFO - DAG(s) 'example_bash_decorator' retrieved from /opt/conda/lib/python3.12/site-packages/airflow/example_dags/example_bash_decorator.py
[2025-02-06T08:30:58.794+0000] {logging_mixin.py:190} INFO - [2025-02-06T08:30:58.794+0000] {dag.py:3239} INFO - Sync 1 DAGs
[2025-02-06T08:30:58.805+0000] {logging_mixin.py:190} INFO - [2025-02-06T08:30:58.805+0000] {dag.py:4180} INFO - Setting next_dagrun for example_bash_decorator to None, run_after=None
[2025-02-06T08:30:58.878+0000] {processor.py:208} INFO - Processing /opt/conda/lib/python3.12/site-packages/airflow/example_dags/example_bash_decorator.py took 0.204 seconds
[2025-02-06T08:32:12.675+0000] {processor.py:186} INFO - Started process (PID=137) to work on /opt/conda/lib/python3.12/site-packages/airflow/example_dags/example_bash_decorator.py
[2025-02-06T08:32:12.676+0000] {processor.py:914} INFO - Processing file /opt/conda/lib/python3.12/site-packages/airflow/example_dags/example_bash_decorator.py for tasks to queue
[2025-02-06T08:32:12.677+0000] {logging_mixin.py:190} INFO - [2025-02-06T08:32:12.677+0000] {dagbag.py:588} INFO - Filling up the DagBag from /opt/conda/lib/python3.12/site-packages/airflow/example_dags/example_bash_decorator.py
[2025-02-06T08:32:12.689+0000] {processor.py:925} INFO - DAG(s) 'example_bash_decorator' retrieved from /opt/conda/lib/python3.12/site-packages/airflow/example_dags/example_bash_decorator.py
[2025-02-06T08:32:12.714+0000] {logging_mixin.py:190} INFO - [2025-02-06T08:32:12.714+0000] {dag.py:3239} INFO - Sync 1 DAGs
[2025-02-06T08:32:12.726+0000] {logging_mixin.py:190} INFO - [2025-02-06T08:32:12.726+0000] {dag.py:4180} INFO - Setting next_dagrun for example_bash_decorator to None, run_after=None
[2025-02-06T08:32:12.782+0000] {processor.py:208} INFO - Processing /opt/conda/lib/python3.12/site-packages/airflow/example_dags/example_bash_decorator.py took 0.111 seconds
[2025-02-06T08:33:20.147+0000] {processor.py:186} INFO - Started process (PID=198) to work on /opt/conda/lib/python3.12/site-packages/airflow/example_dags/example_bash_decorator.py
[2025-02-06T08:33:20.149+0000] {processor.py:914} INFO - Processing file /opt/conda/lib/python3.12/site-packages/airflow/example_dags/example_bash_decorator.py for tasks to queue
[2025-02-06T08:33:20.150+0000] {logging_mixin.py:190} INFO - [2025-02-06T08:33:20.150+0000] {dagbag.py:588} INFO - Filling up the DagBag from /opt/conda/lib/python3.12/site-packages/airflow/example_dags/example_bash_decorator.py
[2025-02-06T08:33:20.161+0000] {processor.py:925} INFO - DAG(s) 'example_bash_decorator' retrieved from /opt/conda/lib/python3.12/site-packages/airflow/example_dags/example_bash_decorator.py
[2025-02-06T08:33:20.189+0000] {logging_mixin.py:190} INFO - [2025-02-06T08:33:20.189+0000] {dag.py:3239} INFO - Sync 1 DAGs
[2025-02-06T08:33:20.201+0000] {logging_mixin.py:190} INFO - [2025-02-06T08:33:20.200+0000] {dag.py:4180} INFO - Setting next_dagrun for example_bash_decorator to None, run_after=None
[2025-02-06T08:33:20.265+0000] {processor.py:208} INFO - Processing /opt/conda/lib/python3.12/site-packages/airflow/example_dags/example_bash_decorator.py took 0.124 seconds
[2025-02-06T08:34:36.226+0000] {processor.py:186} INFO - Started process (PID=261) to work on /opt/conda/lib/python3.12/site-packages/airflow/example_dags/example_bash_decorator.py
[2025-02-06T08:34:36.227+0000] {processor.py:914} INFO - Processing file /opt/conda/lib/python3.12/site-packages/airflow/example_dags/example_bash_decorator.py for tasks to queue
[2025-02-06T08:34:36.228+0000] {logging_mixin.py:190} INFO - [2025-02-06T08:34:36.228+0000] {dagbag.py:588} INFO - Filling up the DagBag from /opt/conda/lib/python3.12/site-packages/airflow/example_dags/example_bash_decorator.py
[2025-02-06T08:34:36.239+0000] {processor.py:925} INFO - DAG(s) 'example_bash_decorator' retrieved from /opt/conda/lib/python3.12/site-packages/airflow/example_dags/example_bash_decorator.py
[2025-02-06T08:34:36.268+0000] {logging_mixin.py:190} INFO - [2025-02-06T08:34:36.267+0000] {dag.py:3239} INFO - Sync 1 DAGs
[2025-02-06T08:34:36.284+0000] {logging_mixin.py:190} INFO - [2025-02-06T08:34:36.284+0000] {dag.py:4180} INFO - Setting next_dagrun for example_bash_decorator to None, run_after=None
[2025-02-06T08:34:36.360+0000] {processor.py:208} INFO - Processing /opt/conda/lib/python3.12/site-packages/airflow/example_dags/example_bash_decorator.py took 0.139 seconds
[2025-02-06T08:35:52.873+0000] {processor.py:186} INFO - Started process (PID=327) to work on /opt/conda/lib/python3.12/site-packages/airflow/example_dags/example_bash_decorator.py
[2025-02-06T08:35:52.874+0000] {processor.py:914} INFO - Processing file /opt/conda/lib/python3.12/site-packages/airflow/example_dags/example_bash_decorator.py for tasks to queue
[2025-02-06T08:35:52.875+0000] {logging_mixin.py:190} INFO - [2025-02-06T08:35:52.874+0000] {dagbag.py:588} INFO - Filling up the DagBag from /opt/conda/lib/python3.12/site-packages/airflow/example_dags/example_bash_decorator.py
[2025-02-06T08:35:52.886+0000] {processor.py:925} INFO - DAG(s) 'example_bash_decorator' retrieved from /opt/conda/lib/python3.12/site-packages/airflow/example_dags/example_bash_decorator.py
[2025-02-06T08:35:52.910+0000] {logging_mixin.py:190} INFO - [2025-02-06T08:35:52.909+0000] {dag.py:3239} INFO - Sync 1 DAGs
[2025-02-06T08:35:52.922+0000] {logging_mixin.py:190} INFO - [2025-02-06T08:35:52.922+0000] {dag.py:4180} INFO - Setting next_dagrun for example_bash_decorator to None, run_after=None
[2025-02-06T08:35:52.985+0000] {processor.py:208} INFO - Processing /opt/conda/lib/python3.12/site-packages/airflow/example_dags/example_bash_decorator.py took 0.117 seconds
[2025-02-06T08:37:15.934+0000] {processor.py:186} INFO - Started process (PID=394) to work on /opt/conda/lib/python3.12/site-packages/airflow/example_dags/example_bash_decorator.py
[2025-02-06T08:37:15.937+0000] {processor.py:914} INFO - Processing file /opt/conda/lib/python3.12/site-packages/airflow/example_dags/example_bash_decorator.py for tasks to queue
[2025-02-06T08:37:15.938+0000] {logging_mixin.py:190} INFO - [2025-02-06T08:37:15.938+0000] {dagbag.py:588} INFO - Filling up the DagBag from /opt/conda/lib/python3.12/site-packages/airflow/example_dags/example_bash_decorator.py
[2025-02-06T08:37:15.949+0000] {processor.py:925} INFO - DAG(s) 'example_bash_decorator' retrieved from /opt/conda/lib/python3.12/site-packages/airflow/example_dags/example_bash_decorator.py
[2025-02-06T08:37:15.974+0000] {logging_mixin.py:190} INFO - [2025-02-06T08:37:15.974+0000] {dag.py:3239} INFO - Sync 1 DAGs
[2025-02-06T08:37:15.986+0000] {logging_mixin.py:190} INFO - [2025-02-06T08:37:15.986+0000] {dag.py:4180} INFO - Setting next_dagrun for example_bash_decorator to None, run_after=None
[2025-02-06T08:37:16.051+0000] {processor.py:208} INFO - Processing /opt/conda/lib/python3.12/site-packages/airflow/example_dags/example_bash_decorator.py took 0.121 seconds
[2025-02-06T08:38:30.465+0000] {processor.py:186} INFO - Started process (PID=459) to work on /opt/conda/lib/python3.12/site-packages/airflow/example_dags/example_bash_decorator.py
[2025-02-06T08:38:30.466+0000] {processor.py:914} INFO - Processing file /opt/conda/lib/python3.12/site-packages/airflow/example_dags/example_bash_decorator.py for tasks to queue
[2025-02-06T08:38:30.468+0000] {logging_mixin.py:190} INFO - [2025-02-06T08:38:30.468+0000] {dagbag.py:588} INFO - Filling up the DagBag from /opt/conda/lib/python3.12/site-packages/airflow/example_dags/example_bash_decorator.py
[2025-02-06T08:38:30.479+0000] {processor.py:925} INFO - DAG(s) 'example_bash_decorator' retrieved from /opt/conda/lib/python3.12/site-packages/airflow/example_dags/example_bash_decorator.py
[2025-02-06T08:38:30.509+0000] {logging_mixin.py:190} INFO - [2025-02-06T08:38:30.509+0000] {dag.py:3239} INFO - Sync 1 DAGs
[2025-02-06T08:38:30.524+0000] {logging_mixin.py:190} INFO - [2025-02-06T08:38:30.524+0000] {dag.py:4180} INFO - Setting next_dagrun for example_bash_decorator to None, run_after=None
[2025-02-06T08:38:30.577+0000] {processor.py:208} INFO - Processing /opt/conda/lib/python3.12/site-packages/airflow/example_dags/example_bash_decorator.py took 0.116 seconds
[2025-02-06T08:39:48.248+0000] {processor.py:186} INFO - Started process (PID=525) to work on /opt/conda/lib/python3.12/site-packages/airflow/example_dags/example_bash_decorator.py
[2025-02-06T08:39:48.250+0000] {processor.py:914} INFO - Processing file /opt/conda/lib/python3.12/site-packages/airflow/example_dags/example_bash_decorator.py for tasks to queue
[2025-02-06T08:39:48.254+0000] {logging_mixin.py:190} INFO - [2025-02-06T08:39:48.252+0000] {dagbag.py:588} INFO - Filling up the DagBag from /opt/conda/lib/python3.12/site-packages/airflow/example_dags/example_bash_decorator.py
[2025-02-06T08:39:48.269+0000] {processor.py:925} INFO - DAG(s) 'example_bash_decorator' retrieved from /opt/conda/lib/python3.12/site-packages/airflow/example_dags/example_bash_decorator.py
[2025-02-06T08:39:48.296+0000] {logging_mixin.py:190} INFO - [2025-02-06T08:39:48.295+0000] {dag.py:3239} INFO - Sync 1 DAGs
[2025-02-06T08:39:48.313+0000] {logging_mixin.py:190} INFO - [2025-02-06T08:39:48.313+0000] {dag.py:4180} INFO - Setting next_dagrun for example_bash_decorator to None, run_after=None
[2025-02-06T08:39:48.381+0000] {processor.py:208} INFO - Processing /opt/conda/lib/python3.12/site-packages/airflow/example_dags/example_bash_decorator.py took 0.137 seconds
[2025-02-06T08:41:06.190+0000] {processor.py:186} INFO - Started process (PID=591) to work on /opt/conda/lib/python3.12/site-packages/airflow/example_dags/example_bash_decorator.py
[2025-02-06T08:41:06.191+0000] {processor.py:914} INFO - Processing file /opt/conda/lib/python3.12/site-packages/airflow/example_dags/example_bash_decorator.py for tasks to queue
[2025-02-06T08:41:06.193+0000] {logging_mixin.py:190} INFO - [2025-02-06T08:41:06.192+0000] {dagbag.py:588} INFO - Filling up the DagBag from /opt/conda/lib/python3.12/site-packages/airflow/example_dags/example_bash_decorator.py
[2025-02-06T08:41:06.206+0000] {processor.py:925} INFO - DAG(s) 'example_bash_decorator' retrieved from /opt/conda/lib/python3.12/site-packages/airflow/example_dags/example_bash_decorator.py
[2025-02-06T08:41:06.233+0000] {logging_mixin.py:190} INFO - [2025-02-06T08:41:06.233+0000] {dag.py:3239} INFO - Sync 1 DAGs
[2025-02-06T08:41:06.246+0000] {logging_mixin.py:190} INFO - [2025-02-06T08:41:06.246+0000] {dag.py:4180} INFO - Setting next_dagrun for example_bash_decorator to None, run_after=None
[2025-02-06T08:41:06.314+0000] {processor.py:208} INFO - Processing /opt/conda/lib/python3.12/site-packages/airflow/example_dags/example_bash_decorator.py took 0.128 seconds
[2025-02-06T08:42:21.008+0000] {processor.py:186} INFO - Started process (PID=655) to work on /opt/conda/lib/python3.12/site-packages/airflow/example_dags/example_bash_decorator.py
[2025-02-06T08:42:21.017+0000] {processor.py:914} INFO - Processing file /opt/conda/lib/python3.12/site-packages/airflow/example_dags/example_bash_decorator.py for tasks to queue
[2025-02-06T08:42:21.024+0000] {logging_mixin.py:190} INFO - [2025-02-06T08:42:21.022+0000] {dagbag.py:588} INFO - Filling up the DagBag from /opt/conda/lib/python3.12/site-packages/airflow/example_dags/example_bash_decorator.py
[2025-02-06T08:42:21.059+0000] {processor.py:925} INFO - DAG(s) 'example_bash_decorator' retrieved from /opt/conda/lib/python3.12/site-packages/airflow/example_dags/example_bash_decorator.py
[2025-02-06T08:42:21.105+0000] {logging_mixin.py:190} INFO - [2025-02-06T08:42:21.104+0000] {dag.py:3239} INFO - Sync 1 DAGs
[2025-02-06T08:42:21.135+0000] {logging_mixin.py:190} INFO - [2025-02-06T08:42:21.134+0000] {dag.py:4180} INFO - Setting next_dagrun for example_bash_decorator to None, run_after=None
[2025-02-06T08:42:21.232+0000] {processor.py:208} INFO - Processing /opt/conda/lib/python3.12/site-packages/airflow/example_dags/example_bash_decorator.py took 0.234 seconds
[2025-02-06T08:43:52.552+0000] {processor.py:186} INFO - Started process (PID=74) to work on /opt/conda/lib/python3.12/site-packages/airflow/example_dags/example_bash_decorator.py
[2025-02-06T08:43:52.553+0000] {processor.py:914} INFO - Processing file /opt/conda/lib/python3.12/site-packages/airflow/example_dags/example_bash_decorator.py for tasks to queue
[2025-02-06T08:43:52.555+0000] {logging_mixin.py:190} INFO - [2025-02-06T08:43:52.555+0000] {dagbag.py:588} INFO - Filling up the DagBag from /opt/conda/lib/python3.12/site-packages/airflow/example_dags/example_bash_decorator.py
[2025-02-06T08:43:52.567+0000] {processor.py:925} INFO - DAG(s) 'example_bash_decorator' retrieved from /opt/conda/lib/python3.12/site-packages/airflow/example_dags/example_bash_decorator.py
[2025-02-06T08:43:52.676+0000] {logging_mixin.py:190} INFO - [2025-02-06T08:43:52.676+0000] {dag.py:3239} INFO - Sync 1 DAGs
[2025-02-06T08:43:52.687+0000] {logging_mixin.py:190} INFO - [2025-02-06T08:43:52.687+0000] {dag.py:4180} INFO - Setting next_dagrun for example_bash_decorator to None, run_after=None
[2025-02-06T08:43:52.756+0000] {processor.py:208} INFO - Processing /opt/conda/lib/python3.12/site-packages/airflow/example_dags/example_bash_decorator.py took 0.208 seconds
[2025-02-06T08:45:09.057+0000] {processor.py:186} INFO - Started process (PID=140) to work on /opt/conda/lib/python3.12/site-packages/airflow/example_dags/example_bash_decorator.py
[2025-02-06T08:45:09.058+0000] {processor.py:914} INFO - Processing file /opt/conda/lib/python3.12/site-packages/airflow/example_dags/example_bash_decorator.py for tasks to queue
[2025-02-06T08:45:09.061+0000] {logging_mixin.py:190} INFO - [2025-02-06T08:45:09.061+0000] {dagbag.py:588} INFO - Filling up the DagBag from /opt/conda/lib/python3.12/site-packages/airflow/example_dags/example_bash_decorator.py
[2025-02-06T08:45:09.077+0000] {processor.py:925} INFO - DAG(s) 'example_bash_decorator' retrieved from /opt/conda/lib/python3.12/site-packages/airflow/example_dags/example_bash_decorator.py
[2025-02-06T08:45:09.107+0000] {logging_mixin.py:190} INFO - [2025-02-06T08:45:09.107+0000] {dag.py:3239} INFO - Sync 1 DAGs
[2025-02-06T08:45:09.125+0000] {logging_mixin.py:190} INFO - [2025-02-06T08:45:09.125+0000] {dag.py:4180} INFO - Setting next_dagrun for example_bash_decorator to None, run_after=None
[2025-02-06T08:45:09.192+0000] {processor.py:208} INFO - Processing /opt/conda/lib/python3.12/site-packages/airflow/example_dags/example_bash_decorator.py took 0.143 seconds
[2025-02-06T08:47:37.560+0000] {processor.py:186} INFO - Started process (PID=373) to work on /opt/conda/lib/python3.12/site-packages/airflow/example_dags/example_bash_decorator.py
[2025-02-06T08:47:37.561+0000] {processor.py:914} INFO - Processing file /opt/conda/lib/python3.12/site-packages/airflow/example_dags/example_bash_decorator.py for tasks to queue
[2025-02-06T08:47:37.563+0000] {logging_mixin.py:190} INFO - [2025-02-06T08:47:37.563+0000] {dagbag.py:588} INFO - Filling up the DagBag from /opt/conda/lib/python3.12/site-packages/airflow/example_dags/example_bash_decorator.py
[2025-02-06T08:47:37.573+0000] {processor.py:925} INFO - DAG(s) 'example_bash_decorator' retrieved from /opt/conda/lib/python3.12/site-packages/airflow/example_dags/example_bash_decorator.py
[2025-02-06T08:47:37.595+0000] {logging_mixin.py:190} INFO - [2025-02-06T08:47:37.595+0000] {dag.py:3239} INFO - Sync 1 DAGs
[2025-02-06T08:47:37.608+0000] {logging_mixin.py:190} INFO - [2025-02-06T08:47:37.608+0000] {dag.py:4180} INFO - Setting next_dagrun for example_bash_decorator to None, run_after=None
[2025-02-06T08:47:37.674+0000] {processor.py:208} INFO - Processing /opt/conda/lib/python3.12/site-packages/airflow/example_dags/example_bash_decorator.py took 0.119 seconds
[2025-02-06T08:49:56.865+0000] {processor.py:186} INFO - Started process (PID=266) to work on /opt/conda/lib/python3.12/site-packages/airflow/example_dags/example_bash_decorator.py
[2025-02-06T08:49:56.866+0000] {processor.py:914} INFO - Processing file /opt/conda/lib/python3.12/site-packages/airflow/example_dags/example_bash_decorator.py for tasks to queue
[2025-02-06T08:49:56.868+0000] {logging_mixin.py:190} INFO - [2025-02-06T08:49:56.868+0000] {dagbag.py:588} INFO - Filling up the DagBag from /opt/conda/lib/python3.12/site-packages/airflow/example_dags/example_bash_decorator.py
[2025-02-06T08:49:56.879+0000] {processor.py:925} INFO - DAG(s) 'example_bash_decorator' retrieved from /opt/conda/lib/python3.12/site-packages/airflow/example_dags/example_bash_decorator.py
[2025-02-06T08:49:56.994+0000] {logging_mixin.py:190} INFO - [2025-02-06T08:49:56.994+0000] {dag.py:3239} INFO - Sync 1 DAGs
[2025-02-06T08:49:57.006+0000] {logging_mixin.py:190} INFO - [2025-02-06T08:49:57.005+0000] {dag.py:4180} INFO - Setting next_dagrun for example_bash_decorator to None, run_after=None
[2025-02-06T08:49:57.071+0000] {processor.py:208} INFO - Processing /opt/conda/lib/python3.12/site-packages/airflow/example_dags/example_bash_decorator.py took 0.210 seconds
[2025-02-06T08:52:55.876+0000] {processor.py:186} INFO - Started process (PID=594) to work on /opt/conda/lib/python3.12/site-packages/airflow/example_dags/example_bash_decorator.py
[2025-02-06T08:52:55.877+0000] {processor.py:914} INFO - Processing file /opt/conda/lib/python3.12/site-packages/airflow/example_dags/example_bash_decorator.py for tasks to queue
[2025-02-06T08:52:55.879+0000] {logging_mixin.py:190} INFO - [2025-02-06T08:52:55.878+0000] {dagbag.py:588} INFO - Filling up the DagBag from /opt/conda/lib/python3.12/site-packages/airflow/example_dags/example_bash_decorator.py
[2025-02-06T08:52:55.888+0000] {processor.py:925} INFO - DAG(s) 'example_bash_decorator' retrieved from /opt/conda/lib/python3.12/site-packages/airflow/example_dags/example_bash_decorator.py
[2025-02-06T08:52:55.909+0000] {logging_mixin.py:190} INFO - [2025-02-06T08:52:55.908+0000] {dag.py:3239} INFO - Sync 1 DAGs
[2025-02-06T08:52:55.919+0000] {logging_mixin.py:190} INFO - [2025-02-06T08:52:55.919+0000] {dag.py:4180} INFO - Setting next_dagrun for example_bash_decorator to None, run_after=None
[2025-02-06T08:52:55.969+0000] {processor.py:208} INFO - Processing /opt/conda/lib/python3.12/site-packages/airflow/example_dags/example_bash_decorator.py took 0.097 seconds
[2025-02-06T08:55:31.979+0000] {processor.py:186} INFO - Started process (PID=890) to work on /opt/conda/lib/python3.12/site-packages/airflow/example_dags/example_bash_decorator.py
[2025-02-06T08:55:31.979+0000] {processor.py:914} INFO - Processing file /opt/conda/lib/python3.12/site-packages/airflow/example_dags/example_bash_decorator.py for tasks to queue
[2025-02-06T08:55:31.981+0000] {logging_mixin.py:190} INFO - [2025-02-06T08:55:31.981+0000] {dagbag.py:588} INFO - Filling up the DagBag from /opt/conda/lib/python3.12/site-packages/airflow/example_dags/example_bash_decorator.py
[2025-02-06T08:55:31.993+0000] {processor.py:925} INFO - DAG(s) 'example_bash_decorator' retrieved from /opt/conda/lib/python3.12/site-packages/airflow/example_dags/example_bash_decorator.py
[2025-02-06T08:55:32.015+0000] {logging_mixin.py:190} INFO - [2025-02-06T08:55:32.015+0000] {dag.py:3239} INFO - Sync 1 DAGs
[2025-02-06T08:55:32.026+0000] {logging_mixin.py:190} INFO - [2025-02-06T08:55:32.026+0000] {dag.py:4180} INFO - Setting next_dagrun for example_bash_decorator to None, run_after=None
[2025-02-06T08:55:32.077+0000] {processor.py:208} INFO - Processing /opt/conda/lib/python3.12/site-packages/airflow/example_dags/example_bash_decorator.py took 0.102 seconds
[2025-02-06T08:58:05.248+0000] {processor.py:186} INFO - Started process (PID=1147) to work on /opt/conda/lib/python3.12/site-packages/airflow/example_dags/example_bash_decorator.py
[2025-02-06T08:58:05.249+0000] {processor.py:914} INFO - Processing file /opt/conda/lib/python3.12/site-packages/airflow/example_dags/example_bash_decorator.py for tasks to queue
[2025-02-06T08:58:05.253+0000] {logging_mixin.py:190} INFO - [2025-02-06T08:58:05.252+0000] {dagbag.py:588} INFO - Filling up the DagBag from /opt/conda/lib/python3.12/site-packages/airflow/example_dags/example_bash_decorator.py
[2025-02-06T08:58:05.266+0000] {processor.py:925} INFO - DAG(s) 'example_bash_decorator' retrieved from /opt/conda/lib/python3.12/site-packages/airflow/example_dags/example_bash_decorator.py
[2025-02-06T08:58:05.295+0000] {logging_mixin.py:190} INFO - [2025-02-06T08:58:05.295+0000] {dag.py:3239} INFO - Sync 1 DAGs
[2025-02-06T08:58:05.309+0000] {logging_mixin.py:190} INFO - [2025-02-06T08:58:05.309+0000] {dag.py:4180} INFO - Setting next_dagrun for example_bash_decorator to None, run_after=None
[2025-02-06T08:58:05.382+0000] {processor.py:208} INFO - Processing /opt/conda/lib/python3.12/site-packages/airflow/example_dags/example_bash_decorator.py took 0.139 seconds
[2025-02-06T09:05:43.581+0000] {processor.py:186} INFO - Started process (PID=182) to work on /opt/conda/lib/python3.12/site-packages/airflow/example_dags/example_bash_decorator.py
[2025-02-06T09:05:43.583+0000] {processor.py:914} INFO - Processing file /opt/conda/lib/python3.12/site-packages/airflow/example_dags/example_bash_decorator.py for tasks to queue
[2025-02-06T09:05:43.586+0000] {logging_mixin.py:190} INFO - [2025-02-06T09:05:43.586+0000] {dagbag.py:588} INFO - Filling up the DagBag from /opt/conda/lib/python3.12/site-packages/airflow/example_dags/example_bash_decorator.py
[2025-02-06T09:05:43.597+0000] {processor.py:925} INFO - DAG(s) 'example_bash_decorator' retrieved from /opt/conda/lib/python3.12/site-packages/airflow/example_dags/example_bash_decorator.py
[2025-02-06T09:05:43.704+0000] {logging_mixin.py:190} INFO - [2025-02-06T09:05:43.703+0000] {dag.py:3239} INFO - Sync 1 DAGs
[2025-02-06T09:05:43.712+0000] {logging_mixin.py:190} INFO - [2025-02-06T09:05:43.712+0000] {dag.py:4180} INFO - Setting next_dagrun for example_bash_decorator to None, run_after=None
[2025-02-06T09:05:43.767+0000] {processor.py:208} INFO - Processing /opt/conda/lib/python3.12/site-packages/airflow/example_dags/example_bash_decorator.py took 0.191 seconds
[2025-02-06T09:08:47.318+0000] {processor.py:186} INFO - Started process (PID=524) to work on /opt/conda/lib/python3.12/site-packages/airflow/example_dags/example_bash_decorator.py
[2025-02-06T09:08:47.319+0000] {processor.py:914} INFO - Processing file /opt/conda/lib/python3.12/site-packages/airflow/example_dags/example_bash_decorator.py for tasks to queue
[2025-02-06T09:08:47.322+0000] {logging_mixin.py:190} INFO - [2025-02-06T09:08:47.322+0000] {dagbag.py:588} INFO - Filling up the DagBag from /opt/conda/lib/python3.12/site-packages/airflow/example_dags/example_bash_decorator.py
[2025-02-06T09:08:47.333+0000] {processor.py:925} INFO - DAG(s) 'example_bash_decorator' retrieved from /opt/conda/lib/python3.12/site-packages/airflow/example_dags/example_bash_decorator.py
[2025-02-06T09:08:47.357+0000] {logging_mixin.py:190} INFO - [2025-02-06T09:08:47.357+0000] {dag.py:3239} INFO - Sync 1 DAGs
[2025-02-06T09:08:47.370+0000] {logging_mixin.py:190} INFO - [2025-02-06T09:08:47.369+0000] {dag.py:4180} INFO - Setting next_dagrun for example_bash_decorator to None, run_after=None
[2025-02-06T09:08:47.420+0000] {processor.py:208} INFO - Processing /opt/conda/lib/python3.12/site-packages/airflow/example_dags/example_bash_decorator.py took 0.107 seconds
[2025-02-06T09:11:00.658+0000] {processor.py:186} INFO - Started process (PID=777) to work on /opt/conda/lib/python3.12/site-packages/airflow/example_dags/example_bash_decorator.py
[2025-02-06T09:11:00.659+0000] {processor.py:914} INFO - Processing file /opt/conda/lib/python3.12/site-packages/airflow/example_dags/example_bash_decorator.py for tasks to queue
[2025-02-06T09:11:00.662+0000] {logging_mixin.py:190} INFO - [2025-02-06T09:11:00.661+0000] {dagbag.py:588} INFO - Filling up the DagBag from /opt/conda/lib/python3.12/site-packages/airflow/example_dags/example_bash_decorator.py
[2025-02-06T09:11:00.674+0000] {processor.py:925} INFO - DAG(s) 'example_bash_decorator' retrieved from /opt/conda/lib/python3.12/site-packages/airflow/example_dags/example_bash_decorator.py
[2025-02-06T09:11:00.704+0000] {logging_mixin.py:190} INFO - [2025-02-06T09:11:00.704+0000] {dag.py:3239} INFO - Sync 1 DAGs
[2025-02-06T09:11:00.717+0000] {logging_mixin.py:190} INFO - [2025-02-06T09:11:00.717+0000] {dag.py:4180} INFO - Setting next_dagrun for example_bash_decorator to None, run_after=None
[2025-02-06T09:11:00.768+0000] {processor.py:208} INFO - Processing /opt/conda/lib/python3.12/site-packages/airflow/example_dags/example_bash_decorator.py took 0.114 seconds
[2025-02-06T09:15:54.249+0000] {processor.py:186} INFO - Started process (PID=1315) to work on /opt/conda/lib/python3.12/site-packages/airflow/example_dags/example_bash_decorator.py
[2025-02-06T09:15:54.250+0000] {processor.py:914} INFO - Processing file /opt/conda/lib/python3.12/site-packages/airflow/example_dags/example_bash_decorator.py for tasks to queue
[2025-02-06T09:15:54.253+0000] {logging_mixin.py:190} INFO - [2025-02-06T09:15:54.253+0000] {dagbag.py:588} INFO - Filling up the DagBag from /opt/conda/lib/python3.12/site-packages/airflow/example_dags/example_bash_decorator.py
[2025-02-06T09:15:54.264+0000] {processor.py:925} INFO - DAG(s) 'example_bash_decorator' retrieved from /opt/conda/lib/python3.12/site-packages/airflow/example_dags/example_bash_decorator.py
[2025-02-06T09:15:54.288+0000] {logging_mixin.py:190} INFO - [2025-02-06T09:15:54.288+0000] {dag.py:3239} INFO - Sync 1 DAGs
[2025-02-06T09:15:54.303+0000] {logging_mixin.py:190} INFO - [2025-02-06T09:15:54.302+0000] {dag.py:4180} INFO - Setting next_dagrun for example_bash_decorator to None, run_after=None
[2025-02-06T09:15:54.366+0000] {processor.py:208} INFO - Processing /opt/conda/lib/python3.12/site-packages/airflow/example_dags/example_bash_decorator.py took 0.120 seconds
[2025-02-06T09:20:36.596+0000] {processor.py:186} INFO - Started process (PID=1819) to work on /opt/conda/lib/python3.12/site-packages/airflow/example_dags/example_bash_decorator.py
[2025-02-06T09:20:36.597+0000] {processor.py:914} INFO - Processing file /opt/conda/lib/python3.12/site-packages/airflow/example_dags/example_bash_decorator.py for tasks to queue
[2025-02-06T09:20:36.599+0000] {logging_mixin.py:190} INFO - [2025-02-06T09:20:36.599+0000] {dagbag.py:588} INFO - Filling up the DagBag from /opt/conda/lib/python3.12/site-packages/airflow/example_dags/example_bash_decorator.py
[2025-02-06T09:20:36.609+0000] {processor.py:925} INFO - DAG(s) 'example_bash_decorator' retrieved from /opt/conda/lib/python3.12/site-packages/airflow/example_dags/example_bash_decorator.py
[2025-02-06T09:20:36.633+0000] {logging_mixin.py:190} INFO - [2025-02-06T09:20:36.633+0000] {dag.py:3239} INFO - Sync 1 DAGs
[2025-02-06T09:20:36.645+0000] {logging_mixin.py:190} INFO - [2025-02-06T09:20:36.645+0000] {dag.py:4180} INFO - Setting next_dagrun for example_bash_decorator to None, run_after=None
[2025-02-06T09:20:36.705+0000] {processor.py:208} INFO - Processing /opt/conda/lib/python3.12/site-packages/airflow/example_dags/example_bash_decorator.py took 0.114 seconds
[2025-02-06T09:23:23.664+0000] {processor.py:186} INFO - Started process (PID=2096) to work on /opt/conda/lib/python3.12/site-packages/airflow/example_dags/example_bash_decorator.py
[2025-02-06T09:23:23.665+0000] {processor.py:914} INFO - Processing file /opt/conda/lib/python3.12/site-packages/airflow/example_dags/example_bash_decorator.py for tasks to queue
[2025-02-06T09:23:23.667+0000] {logging_mixin.py:190} INFO - [2025-02-06T09:23:23.667+0000] {dagbag.py:588} INFO - Filling up the DagBag from /opt/conda/lib/python3.12/site-packages/airflow/example_dags/example_bash_decorator.py
[2025-02-06T09:23:23.679+0000] {processor.py:925} INFO - DAG(s) 'example_bash_decorator' retrieved from /opt/conda/lib/python3.12/site-packages/airflow/example_dags/example_bash_decorator.py
[2025-02-06T09:23:23.703+0000] {logging_mixin.py:190} INFO - [2025-02-06T09:23:23.703+0000] {dag.py:3239} INFO - Sync 1 DAGs
[2025-02-06T09:23:23.715+0000] {logging_mixin.py:190} INFO - [2025-02-06T09:23:23.715+0000] {dag.py:4180} INFO - Setting next_dagrun for example_bash_decorator to None, run_after=None
[2025-02-06T09:23:23.767+0000] {processor.py:208} INFO - Processing /opt/conda/lib/python3.12/site-packages/airflow/example_dags/example_bash_decorator.py took 0.107 seconds
[2025-02-06T09:26:39.466+0000] {processor.py:186} INFO - Started process (PID=272) to work on /opt/conda/lib/python3.12/site-packages/airflow/example_dags/example_bash_decorator.py
[2025-02-06T09:26:39.468+0000] {processor.py:914} INFO - Processing file /opt/conda/lib/python3.12/site-packages/airflow/example_dags/example_bash_decorator.py for tasks to queue
[2025-02-06T09:26:39.470+0000] {logging_mixin.py:190} INFO - [2025-02-06T09:26:39.470+0000] {dagbag.py:588} INFO - Filling up the DagBag from /opt/conda/lib/python3.12/site-packages/airflow/example_dags/example_bash_decorator.py
[2025-02-06T09:26:39.485+0000] {processor.py:925} INFO - DAG(s) 'example_bash_decorator' retrieved from /opt/conda/lib/python3.12/site-packages/airflow/example_dags/example_bash_decorator.py
[2025-02-06T09:26:39.606+0000] {logging_mixin.py:190} INFO - [2025-02-06T09:26:39.605+0000] {dag.py:3239} INFO - Sync 1 DAGs
[2025-02-06T09:26:39.618+0000] {logging_mixin.py:190} INFO - [2025-02-06T09:26:39.618+0000] {dag.py:4180} INFO - Setting next_dagrun for example_bash_decorator to None, run_after=None
[2025-02-06T09:26:39.679+0000] {processor.py:208} INFO - Processing /opt/conda/lib/python3.12/site-packages/airflow/example_dags/example_bash_decorator.py took 0.218 seconds
[2025-02-06T09:33:11.932+0000] {processor.py:186} INFO - Started process (PID=470) to work on /opt/conda/lib/python3.12/site-packages/airflow/example_dags/example_bash_decorator.py
[2025-02-06T09:33:11.933+0000] {processor.py:914} INFO - Processing file /opt/conda/lib/python3.12/site-packages/airflow/example_dags/example_bash_decorator.py for tasks to queue
[2025-02-06T09:33:11.936+0000] {logging_mixin.py:190} INFO - [2025-02-06T09:33:11.935+0000] {dagbag.py:588} INFO - Filling up the DagBag from /opt/conda/lib/python3.12/site-packages/airflow/example_dags/example_bash_decorator.py
[2025-02-06T09:33:11.948+0000] {processor.py:925} INFO - DAG(s) 'example_bash_decorator' retrieved from /opt/conda/lib/python3.12/site-packages/airflow/example_dags/example_bash_decorator.py
[2025-02-06T09:33:12.077+0000] {logging_mixin.py:190} INFO - [2025-02-06T09:33:12.077+0000] {dag.py:3239} INFO - Sync 1 DAGs
[2025-02-06T09:33:12.089+0000] {logging_mixin.py:190} INFO - [2025-02-06T09:33:12.089+0000] {dag.py:4180} INFO - Setting next_dagrun for example_bash_decorator to None, run_after=None
[2025-02-06T09:33:12.149+0000] {processor.py:208} INFO - Processing /opt/conda/lib/python3.12/site-packages/airflow/example_dags/example_bash_decorator.py took 0.220 seconds
[2025-02-06T09:38:28.262+0000] {processor.py:186} INFO - Started process (PID=1039) to work on /opt/conda/lib/python3.12/site-packages/airflow/example_dags/example_bash_decorator.py
[2025-02-06T09:38:28.263+0000] {processor.py:914} INFO - Processing file /opt/conda/lib/python3.12/site-packages/airflow/example_dags/example_bash_decorator.py for tasks to queue
[2025-02-06T09:38:28.265+0000] {logging_mixin.py:190} INFO - [2025-02-06T09:38:28.264+0000] {dagbag.py:588} INFO - Filling up the DagBag from /opt/conda/lib/python3.12/site-packages/airflow/example_dags/example_bash_decorator.py
[2025-02-06T09:38:28.275+0000] {processor.py:925} INFO - DAG(s) 'example_bash_decorator' retrieved from /opt/conda/lib/python3.12/site-packages/airflow/example_dags/example_bash_decorator.py
[2025-02-06T09:38:28.299+0000] {logging_mixin.py:190} INFO - [2025-02-06T09:38:28.299+0000] {dag.py:3239} INFO - Sync 1 DAGs
[2025-02-06T09:38:28.310+0000] {logging_mixin.py:190} INFO - [2025-02-06T09:38:28.310+0000] {dag.py:4180} INFO - Setting next_dagrun for example_bash_decorator to None, run_after=None
[2025-02-06T09:38:28.364+0000] {processor.py:208} INFO - Processing /opt/conda/lib/python3.12/site-packages/airflow/example_dags/example_bash_decorator.py took 0.106 seconds
[2025-02-06T09:42:53.801+0000] {processor.py:186} INFO - Started process (PID=1491) to work on /opt/conda/lib/python3.12/site-packages/airflow/example_dags/example_bash_decorator.py
[2025-02-06T09:42:53.802+0000] {processor.py:914} INFO - Processing file /opt/conda/lib/python3.12/site-packages/airflow/example_dags/example_bash_decorator.py for tasks to queue
[2025-02-06T09:42:53.803+0000] {logging_mixin.py:190} INFO - [2025-02-06T09:42:53.803+0000] {dagbag.py:588} INFO - Filling up the DagBag from /opt/conda/lib/python3.12/site-packages/airflow/example_dags/example_bash_decorator.py
[2025-02-06T09:42:53.814+0000] {processor.py:925} INFO - DAG(s) 'example_bash_decorator' retrieved from /opt/conda/lib/python3.12/site-packages/airflow/example_dags/example_bash_decorator.py
[2025-02-06T09:42:53.837+0000] {logging_mixin.py:190} INFO - [2025-02-06T09:42:53.837+0000] {dag.py:3239} INFO - Sync 1 DAGs
[2025-02-06T09:42:53.848+0000] {logging_mixin.py:190} INFO - [2025-02-06T09:42:53.848+0000] {dag.py:4180} INFO - Setting next_dagrun for example_bash_decorator to None, run_after=None
[2025-02-06T09:42:53.896+0000] {processor.py:208} INFO - Processing /opt/conda/lib/python3.12/site-packages/airflow/example_dags/example_bash_decorator.py took 0.099 seconds
[2025-02-06T09:50:41.112+0000] {processor.py:186} INFO - Started process (PID=453) to work on /opt/conda/lib/python3.12/site-packages/airflow/example_dags/example_bash_decorator.py
[2025-02-06T09:50:41.114+0000] {processor.py:914} INFO - Processing file /opt/conda/lib/python3.12/site-packages/airflow/example_dags/example_bash_decorator.py for tasks to queue
[2025-02-06T09:50:41.117+0000] {logging_mixin.py:190} INFO - [2025-02-06T09:50:41.116+0000] {dagbag.py:588} INFO - Filling up the DagBag from /opt/conda/lib/python3.12/site-packages/airflow/example_dags/example_bash_decorator.py
[2025-02-06T09:50:41.129+0000] {processor.py:925} INFO - DAG(s) 'example_bash_decorator' retrieved from /opt/conda/lib/python3.12/site-packages/airflow/example_dags/example_bash_decorator.py
[2025-02-06T09:50:41.255+0000] {logging_mixin.py:190} INFO - [2025-02-06T09:50:41.255+0000] {dag.py:3239} INFO - Sync 1 DAGs
[2025-02-06T09:50:41.266+0000] {logging_mixin.py:190} INFO - [2025-02-06T09:50:41.265+0000] {dag.py:4180} INFO - Setting next_dagrun for example_bash_decorator to None, run_after=None
[2025-02-06T09:50:41.323+0000] {processor.py:208} INFO - Processing /opt/conda/lib/python3.12/site-packages/airflow/example_dags/example_bash_decorator.py took 0.215 seconds
[2025-02-06T09:55:49.812+0000] {processor.py:186} INFO - Started process (PID=1002) to work on /opt/conda/lib/python3.12/site-packages/airflow/example_dags/example_bash_decorator.py
[2025-02-06T09:55:49.814+0000] {processor.py:914} INFO - Processing file /opt/conda/lib/python3.12/site-packages/airflow/example_dags/example_bash_decorator.py for tasks to queue
[2025-02-06T09:55:49.815+0000] {logging_mixin.py:190} INFO - [2025-02-06T09:55:49.815+0000] {dagbag.py:588} INFO - Filling up the DagBag from /opt/conda/lib/python3.12/site-packages/airflow/example_dags/example_bash_decorator.py
[2025-02-06T09:55:49.825+0000] {processor.py:925} INFO - DAG(s) 'example_bash_decorator' retrieved from /opt/conda/lib/python3.12/site-packages/airflow/example_dags/example_bash_decorator.py
[2025-02-06T09:55:49.850+0000] {logging_mixin.py:190} INFO - [2025-02-06T09:55:49.850+0000] {dag.py:3239} INFO - Sync 1 DAGs
[2025-02-06T09:55:49.862+0000] {logging_mixin.py:190} INFO - [2025-02-06T09:55:49.862+0000] {dag.py:4180} INFO - Setting next_dagrun for example_bash_decorator to None, run_after=None
[2025-02-06T09:55:49.936+0000] {processor.py:208} INFO - Processing /opt/conda/lib/python3.12/site-packages/airflow/example_dags/example_bash_decorator.py took 0.128 seconds
[2025-02-06T10:00:23.255+0000] {processor.py:186} INFO - Started process (PID=1519) to work on /opt/conda/lib/python3.12/site-packages/airflow/example_dags/example_bash_decorator.py
[2025-02-06T10:00:23.257+0000] {processor.py:914} INFO - Processing file /opt/conda/lib/python3.12/site-packages/airflow/example_dags/example_bash_decorator.py for tasks to queue
[2025-02-06T10:00:23.259+0000] {logging_mixin.py:190} INFO - [2025-02-06T10:00:23.258+0000] {dagbag.py:588} INFO - Filling up the DagBag from /opt/conda/lib/python3.12/site-packages/airflow/example_dags/example_bash_decorator.py
[2025-02-06T10:00:23.270+0000] {processor.py:925} INFO - DAG(s) 'example_bash_decorator' retrieved from /opt/conda/lib/python3.12/site-packages/airflow/example_dags/example_bash_decorator.py
[2025-02-06T10:00:23.296+0000] {logging_mixin.py:190} INFO - [2025-02-06T10:00:23.296+0000] {dag.py:3239} INFO - Sync 1 DAGs
[2025-02-06T10:00:23.308+0000] {logging_mixin.py:190} INFO - [2025-02-06T10:00:23.308+0000] {dag.py:4180} INFO - Setting next_dagrun for example_bash_decorator to None, run_after=None
[2025-02-06T10:00:23.366+0000] {processor.py:208} INFO - Processing /opt/conda/lib/python3.12/site-packages/airflow/example_dags/example_bash_decorator.py took 0.115 seconds
[2025-02-06T10:04:44.961+0000] {processor.py:186} INFO - Started process (PID=1970) to work on /opt/conda/lib/python3.12/site-packages/airflow/example_dags/example_bash_decorator.py
[2025-02-06T10:04:44.962+0000] {processor.py:914} INFO - Processing file /opt/conda/lib/python3.12/site-packages/airflow/example_dags/example_bash_decorator.py for tasks to queue
[2025-02-06T10:04:44.964+0000] {logging_mixin.py:190} INFO - [2025-02-06T10:04:44.964+0000] {dagbag.py:588} INFO - Filling up the DagBag from /opt/conda/lib/python3.12/site-packages/airflow/example_dags/example_bash_decorator.py
[2025-02-06T10:04:44.980+0000] {processor.py:925} INFO - DAG(s) 'example_bash_decorator' retrieved from /opt/conda/lib/python3.12/site-packages/airflow/example_dags/example_bash_decorator.py
[2025-02-06T10:04:45.016+0000] {logging_mixin.py:190} INFO - [2025-02-06T10:04:45.016+0000] {dag.py:3239} INFO - Sync 1 DAGs
[2025-02-06T10:04:45.032+0000] {logging_mixin.py:190} INFO - [2025-02-06T10:04:45.032+0000] {dag.py:4180} INFO - Setting next_dagrun for example_bash_decorator to None, run_after=None
[2025-02-06T10:04:45.096+0000] {processor.py:208} INFO - Processing /opt/conda/lib/python3.12/site-packages/airflow/example_dags/example_bash_decorator.py took 0.140 seconds
[2025-02-06T10:06:24.180+0000] {processor.py:186} INFO - Started process (PID=2082) to work on /opt/conda/lib/python3.12/site-packages/airflow/example_dags/example_bash_decorator.py
[2025-02-06T10:06:24.181+0000] {processor.py:914} INFO - Processing file /opt/conda/lib/python3.12/site-packages/airflow/example_dags/example_bash_decorator.py for tasks to queue
[2025-02-06T10:06:24.182+0000] {logging_mixin.py:190} INFO - [2025-02-06T10:06:24.182+0000] {dagbag.py:588} INFO - Filling up the DagBag from /opt/conda/lib/python3.12/site-packages/airflow/example_dags/example_bash_decorator.py
[2025-02-06T10:06:24.192+0000] {processor.py:925} INFO - DAG(s) 'example_bash_decorator' retrieved from /opt/conda/lib/python3.12/site-packages/airflow/example_dags/example_bash_decorator.py
[2025-02-06T10:06:24.214+0000] {logging_mixin.py:190} INFO - [2025-02-06T10:06:24.214+0000] {dag.py:3239} INFO - Sync 1 DAGs
[2025-02-06T10:06:24.225+0000] {logging_mixin.py:190} INFO - [2025-02-06T10:06:24.225+0000] {dag.py:4180} INFO - Setting next_dagrun for example_bash_decorator to None, run_after=None
[2025-02-06T10:06:24.288+0000] {processor.py:208} INFO - Processing /opt/conda/lib/python3.12/site-packages/airflow/example_dags/example_bash_decorator.py took 0.112 seconds
[2025-02-06T10:15:42.702+0000] {processor.py:186} INFO - Started process (PID=3036) to work on /opt/conda/lib/python3.12/site-packages/airflow/example_dags/example_bash_decorator.py
[2025-02-06T10:15:42.703+0000] {processor.py:914} INFO - Processing file /opt/conda/lib/python3.12/site-packages/airflow/example_dags/example_bash_decorator.py for tasks to queue
[2025-02-06T10:15:42.705+0000] {logging_mixin.py:190} INFO - [2025-02-06T10:15:42.704+0000] {dagbag.py:588} INFO - Filling up the DagBag from /opt/conda/lib/python3.12/site-packages/airflow/example_dags/example_bash_decorator.py
[2025-02-06T10:15:42.718+0000] {processor.py:925} INFO - DAG(s) 'example_bash_decorator' retrieved from /opt/conda/lib/python3.12/site-packages/airflow/example_dags/example_bash_decorator.py
[2025-02-06T10:15:42.749+0000] {logging_mixin.py:190} INFO - [2025-02-06T10:15:42.749+0000] {dag.py:3239} INFO - Sync 1 DAGs
[2025-02-06T10:15:42.765+0000] {logging_mixin.py:190} INFO - [2025-02-06T10:15:42.764+0000] {dag.py:4180} INFO - Setting next_dagrun for example_bash_decorator to None, run_after=None
[2025-02-06T10:15:42.835+0000] {processor.py:208} INFO - Processing /opt/conda/lib/python3.12/site-packages/airflow/example_dags/example_bash_decorator.py took 0.137 seconds
[2025-02-06T10:21:21.253+0000] {processor.py:186} INFO - Started process (PID=3626) to work on /opt/conda/lib/python3.12/site-packages/airflow/example_dags/example_bash_decorator.py
[2025-02-06T10:21:21.255+0000] {processor.py:914} INFO - Processing file /opt/conda/lib/python3.12/site-packages/airflow/example_dags/example_bash_decorator.py for tasks to queue
[2025-02-06T10:21:21.257+0000] {logging_mixin.py:190} INFO - [2025-02-06T10:21:21.256+0000] {dagbag.py:588} INFO - Filling up the DagBag from /opt/conda/lib/python3.12/site-packages/airflow/example_dags/example_bash_decorator.py
[2025-02-06T10:21:21.267+0000] {processor.py:925} INFO - DAG(s) 'example_bash_decorator' retrieved from /opt/conda/lib/python3.12/site-packages/airflow/example_dags/example_bash_decorator.py
[2025-02-06T10:21:21.292+0000] {logging_mixin.py:190} INFO - [2025-02-06T10:21:21.292+0000] {dag.py:3239} INFO - Sync 1 DAGs
[2025-02-06T10:21:21.304+0000] {logging_mixin.py:190} INFO - [2025-02-06T10:21:21.304+0000] {dag.py:4180} INFO - Setting next_dagrun for example_bash_decorator to None, run_after=None
[2025-02-06T10:21:21.359+0000] {processor.py:208} INFO - Processing /opt/conda/lib/python3.12/site-packages/airflow/example_dags/example_bash_decorator.py took 0.111 seconds
[2025-02-06T10:24:22.490+0000] {processor.py:186} INFO - Started process (PID=3902) to work on /opt/conda/lib/python3.12/site-packages/airflow/example_dags/example_bash_decorator.py
[2025-02-06T10:24:22.491+0000] {processor.py:914} INFO - Processing file /opt/conda/lib/python3.12/site-packages/airflow/example_dags/example_bash_decorator.py for tasks to queue
[2025-02-06T10:24:22.492+0000] {logging_mixin.py:190} INFO - [2025-02-06T10:24:22.492+0000] {dagbag.py:588} INFO - Filling up the DagBag from /opt/conda/lib/python3.12/site-packages/airflow/example_dags/example_bash_decorator.py
[2025-02-06T10:24:22.505+0000] {processor.py:925} INFO - DAG(s) 'example_bash_decorator' retrieved from /opt/conda/lib/python3.12/site-packages/airflow/example_dags/example_bash_decorator.py
[2025-02-06T10:24:22.525+0000] {logging_mixin.py:190} INFO - [2025-02-06T10:24:22.525+0000] {dag.py:3239} INFO - Sync 1 DAGs
[2025-02-06T10:24:22.538+0000] {logging_mixin.py:190} INFO - [2025-02-06T10:24:22.537+0000] {dag.py:4180} INFO - Setting next_dagrun for example_bash_decorator to None, run_after=None
[2025-02-06T10:24:22.593+0000] {processor.py:208} INFO - Processing /opt/conda/lib/python3.12/site-packages/airflow/example_dags/example_bash_decorator.py took 0.107 seconds
[2025-02-06T11:42:27.692+0000] {processor.py:186} INFO - Started process (PID=908) to work on /opt/conda/lib/python3.12/site-packages/airflow/example_dags/example_bash_decorator.py
[2025-02-06T11:42:27.695+0000] {processor.py:914} INFO - Processing file /opt/conda/lib/python3.12/site-packages/airflow/example_dags/example_bash_decorator.py for tasks to queue
[2025-02-06T11:42:27.697+0000] {logging_mixin.py:190} INFO - [2025-02-06T11:42:27.697+0000] {dagbag.py:588} INFO - Filling up the DagBag from /opt/conda/lib/python3.12/site-packages/airflow/example_dags/example_bash_decorator.py
[2025-02-06T11:42:27.718+0000] {processor.py:925} INFO - DAG(s) 'example_bash_decorator' retrieved from /opt/conda/lib/python3.12/site-packages/airflow/example_dags/example_bash_decorator.py
[2025-02-06T11:42:27.908+0000] {logging_mixin.py:190} INFO - [2025-02-06T11:42:27.908+0000] {dag.py:3239} INFO - Sync 1 DAGs
[2025-02-06T11:42:27.928+0000] {logging_mixin.py:190} INFO - [2025-02-06T11:42:27.927+0000] {dag.py:4180} INFO - Setting next_dagrun for example_bash_decorator to None, run_after=None
[2025-02-06T11:42:28.063+0000] {processor.py:208} INFO - Processing /opt/conda/lib/python3.12/site-packages/airflow/example_dags/example_bash_decorator.py took 0.382 seconds
[2025-02-06T11:47:00.774+0000] {processor.py:186} INFO - Started process (PID=1883) to work on /opt/conda/lib/python3.12/site-packages/airflow/example_dags/example_bash_decorator.py
[2025-02-06T11:47:00.776+0000] {processor.py:914} INFO - Processing file /opt/conda/lib/python3.12/site-packages/airflow/example_dags/example_bash_decorator.py for tasks to queue
[2025-02-06T11:47:00.780+0000] {logging_mixin.py:190} INFO - [2025-02-06T11:47:00.779+0000] {dagbag.py:588} INFO - Filling up the DagBag from /opt/conda/lib/python3.12/site-packages/airflow/example_dags/example_bash_decorator.py
[2025-02-06T11:47:00.818+0000] {processor.py:925} INFO - DAG(s) 'example_bash_decorator' retrieved from /opt/conda/lib/python3.12/site-packages/airflow/example_dags/example_bash_decorator.py
[2025-02-06T11:47:00.870+0000] {logging_mixin.py:190} INFO - [2025-02-06T11:47:00.869+0000] {dag.py:3239} INFO - Sync 1 DAGs
[2025-02-06T11:47:00.894+0000] {logging_mixin.py:190} INFO - [2025-02-06T11:47:00.894+0000] {dag.py:4180} INFO - Setting next_dagrun for example_bash_decorator to None, run_after=None
[2025-02-06T11:47:00.991+0000] {processor.py:208} INFO - Processing /opt/conda/lib/python3.12/site-packages/airflow/example_dags/example_bash_decorator.py took 0.226 seconds
[2025-02-06T11:50:43.972+0000] {processor.py:186} INFO - Started process (PID=2796) to work on /opt/conda/lib/python3.12/site-packages/airflow/example_dags/example_bash_decorator.py
[2025-02-06T11:50:43.973+0000] {processor.py:914} INFO - Processing file /opt/conda/lib/python3.12/site-packages/airflow/example_dags/example_bash_decorator.py for tasks to queue
[2025-02-06T11:50:43.974+0000] {logging_mixin.py:190} INFO - [2025-02-06T11:50:43.974+0000] {dagbag.py:588} INFO - Filling up the DagBag from /opt/conda/lib/python3.12/site-packages/airflow/example_dags/example_bash_decorator.py
[2025-02-06T11:50:43.987+0000] {processor.py:925} INFO - DAG(s) 'example_bash_decorator' retrieved from /opt/conda/lib/python3.12/site-packages/airflow/example_dags/example_bash_decorator.py
[2025-02-06T11:50:44.012+0000] {logging_mixin.py:190} INFO - [2025-02-06T11:50:44.012+0000] {dag.py:3239} INFO - Sync 1 DAGs
[2025-02-06T11:50:44.026+0000] {logging_mixin.py:190} INFO - [2025-02-06T11:50:44.025+0000] {dag.py:4180} INFO - Setting next_dagrun for example_bash_decorator to None, run_after=None
[2025-02-06T11:50:44.073+0000] {processor.py:208} INFO - Processing /opt/conda/lib/python3.12/site-packages/airflow/example_dags/example_bash_decorator.py took 0.105 seconds
[2025-02-06T12:05:56.460+0000] {processor.py:186} INFO - Started process (PID=926) to work on /opt/conda/lib/python3.12/site-packages/airflow/example_dags/example_bash_decorator.py
[2025-02-06T12:05:56.461+0000] {processor.py:914} INFO - Processing file /opt/conda/lib/python3.12/site-packages/airflow/example_dags/example_bash_decorator.py for tasks to queue
[2025-02-06T12:05:56.463+0000] {logging_mixin.py:190} INFO - [2025-02-06T12:05:56.462+0000] {dagbag.py:588} INFO - Filling up the DagBag from /opt/conda/lib/python3.12/site-packages/airflow/example_dags/example_bash_decorator.py
[2025-02-06T12:05:56.476+0000] {processor.py:925} INFO - DAG(s) 'example_bash_decorator' retrieved from /opt/conda/lib/python3.12/site-packages/airflow/example_dags/example_bash_decorator.py
[2025-02-06T12:05:56.605+0000] {logging_mixin.py:190} INFO - [2025-02-06T12:05:56.605+0000] {dag.py:3239} INFO - Sync 1 DAGs
[2025-02-06T12:05:56.617+0000] {logging_mixin.py:190} INFO - [2025-02-06T12:05:56.617+0000] {dag.py:4180} INFO - Setting next_dagrun for example_bash_decorator to None, run_after=None
[2025-02-06T12:05:56.688+0000] {processor.py:208} INFO - Processing /opt/conda/lib/python3.12/site-packages/airflow/example_dags/example_bash_decorator.py took 0.232 seconds
[2025-02-06T12:08:49.312+0000] {processor.py:186} INFO - Started process (PID=1941) to work on /opt/conda/lib/python3.12/site-packages/airflow/example_dags/example_bash_decorator.py
[2025-02-06T12:08:49.314+0000] {processor.py:914} INFO - Processing file /opt/conda/lib/python3.12/site-packages/airflow/example_dags/example_bash_decorator.py for tasks to queue
[2025-02-06T12:08:49.317+0000] {logging_mixin.py:190} INFO - [2025-02-06T12:08:49.316+0000] {dagbag.py:588} INFO - Filling up the DagBag from /opt/conda/lib/python3.12/site-packages/airflow/example_dags/example_bash_decorator.py
[2025-02-06T12:08:49.332+0000] {processor.py:925} INFO - DAG(s) 'example_bash_decorator' retrieved from /opt/conda/lib/python3.12/site-packages/airflow/example_dags/example_bash_decorator.py
[2025-02-06T12:08:49.364+0000] {logging_mixin.py:190} INFO - [2025-02-06T12:08:49.363+0000] {dag.py:3239} INFO - Sync 1 DAGs
[2025-02-06T12:08:49.379+0000] {logging_mixin.py:190} INFO - [2025-02-06T12:08:49.379+0000] {dag.py:4180} INFO - Setting next_dagrun for example_bash_decorator to None, run_after=None
[2025-02-06T12:08:49.444+0000] {processor.py:208} INFO - Processing /opt/conda/lib/python3.12/site-packages/airflow/example_dags/example_bash_decorator.py took 0.138 seconds
[2025-02-06T12:22:42.533+0000] {processor.py:186} INFO - Started process (PID=534) to work on /opt/conda/lib/python3.12/site-packages/airflow/example_dags/example_bash_decorator.py
[2025-02-06T12:22:42.534+0000] {processor.py:914} INFO - Processing file /opt/conda/lib/python3.12/site-packages/airflow/example_dags/example_bash_decorator.py for tasks to queue
[2025-02-06T12:22:42.536+0000] {logging_mixin.py:190} INFO - [2025-02-06T12:22:42.535+0000] {dagbag.py:588} INFO - Filling up the DagBag from /opt/conda/lib/python3.12/site-packages/airflow/example_dags/example_bash_decorator.py
[2025-02-06T12:22:42.546+0000] {processor.py:925} INFO - DAG(s) 'example_bash_decorator' retrieved from /opt/conda/lib/python3.12/site-packages/airflow/example_dags/example_bash_decorator.py
[2025-02-06T12:22:42.647+0000] {logging_mixin.py:190} INFO - [2025-02-06T12:22:42.647+0000] {dag.py:3239} INFO - Sync 1 DAGs
[2025-02-06T12:22:42.660+0000] {logging_mixin.py:190} INFO - [2025-02-06T12:22:42.660+0000] {dag.py:4180} INFO - Setting next_dagrun for example_bash_decorator to None, run_after=None
[2025-02-06T12:22:42.738+0000] {processor.py:208} INFO - Processing /opt/conda/lib/python3.12/site-packages/airflow/example_dags/example_bash_decorator.py took 0.209 seconds
[2025-02-06T12:24:43.627+0000] {processor.py:186} INFO - Started process (PID=1300) to work on /opt/conda/lib/python3.12/site-packages/airflow/example_dags/example_bash_decorator.py
[2025-02-06T12:24:43.628+0000] {processor.py:914} INFO - Processing file /opt/conda/lib/python3.12/site-packages/airflow/example_dags/example_bash_decorator.py for tasks to queue
[2025-02-06T12:24:43.629+0000] {logging_mixin.py:190} INFO - [2025-02-06T12:24:43.629+0000] {dagbag.py:588} INFO - Filling up the DagBag from /opt/conda/lib/python3.12/site-packages/airflow/example_dags/example_bash_decorator.py
[2025-02-06T12:24:43.640+0000] {processor.py:925} INFO - DAG(s) 'example_bash_decorator' retrieved from /opt/conda/lib/python3.12/site-packages/airflow/example_dags/example_bash_decorator.py
[2025-02-06T12:24:43.736+0000] {logging_mixin.py:190} INFO - [2025-02-06T12:24:43.736+0000] {dag.py:3239} INFO - Sync 1 DAGs
[2025-02-06T12:24:43.746+0000] {logging_mixin.py:190} INFO - [2025-02-06T12:24:43.746+0000] {dag.py:4180} INFO - Setting next_dagrun for example_bash_decorator to None, run_after=None
[2025-02-06T12:24:43.810+0000] {processor.py:208} INFO - Processing /opt/conda/lib/python3.12/site-packages/airflow/example_dags/example_bash_decorator.py took 0.187 seconds
[2025-02-06T12:28:13.597+0000] {processor.py:186} INFO - Started process (PID=2946) to work on /opt/conda/lib/python3.12/site-packages/airflow/example_dags/example_bash_decorator.py
[2025-02-06T12:28:13.598+0000] {processor.py:914} INFO - Processing file /opt/conda/lib/python3.12/site-packages/airflow/example_dags/example_bash_decorator.py for tasks to queue
[2025-02-06T12:28:13.600+0000] {logging_mixin.py:190} INFO - [2025-02-06T12:28:13.600+0000] {dagbag.py:588} INFO - Filling up the DagBag from /opt/conda/lib/python3.12/site-packages/airflow/example_dags/example_bash_decorator.py
[2025-02-06T12:28:13.610+0000] {processor.py:925} INFO - DAG(s) 'example_bash_decorator' retrieved from /opt/conda/lib/python3.12/site-packages/airflow/example_dags/example_bash_decorator.py
[2025-02-06T12:28:13.634+0000] {logging_mixin.py:190} INFO - [2025-02-06T12:28:13.634+0000] {dag.py:3239} INFO - Sync 1 DAGs
[2025-02-06T12:28:13.646+0000] {logging_mixin.py:190} INFO - [2025-02-06T12:28:13.646+0000] {dag.py:4180} INFO - Setting next_dagrun for example_bash_decorator to None, run_after=None
[2025-02-06T12:28:13.711+0000] {processor.py:208} INFO - Processing /opt/conda/lib/python3.12/site-packages/airflow/example_dags/example_bash_decorator.py took 0.119 seconds
[2025-02-06T12:32:04.096+0000] {processor.py:186} INFO - Started process (PID=4960) to work on /opt/conda/lib/python3.12/site-packages/airflow/example_dags/example_bash_decorator.py
[2025-02-06T12:32:04.097+0000] {processor.py:914} INFO - Processing file /opt/conda/lib/python3.12/site-packages/airflow/example_dags/example_bash_decorator.py for tasks to queue
[2025-02-06T12:32:04.098+0000] {logging_mixin.py:190} INFO - [2025-02-06T12:32:04.098+0000] {dagbag.py:588} INFO - Filling up the DagBag from /opt/conda/lib/python3.12/site-packages/airflow/example_dags/example_bash_decorator.py
[2025-02-06T12:32:04.108+0000] {processor.py:925} INFO - DAG(s) 'example_bash_decorator' retrieved from /opt/conda/lib/python3.12/site-packages/airflow/example_dags/example_bash_decorator.py
[2025-02-06T12:32:04.132+0000] {logging_mixin.py:190} INFO - [2025-02-06T12:32:04.132+0000] {dag.py:3239} INFO - Sync 1 DAGs
[2025-02-06T12:32:04.144+0000] {logging_mixin.py:190} INFO - [2025-02-06T12:32:04.143+0000] {dag.py:4180} INFO - Setting next_dagrun for example_bash_decorator to None, run_after=None
[2025-02-06T12:32:04.193+0000] {processor.py:208} INFO - Processing /opt/conda/lib/python3.12/site-packages/airflow/example_dags/example_bash_decorator.py took 0.101 seconds
[2025-02-06T12:36:12.090+0000] {processor.py:186} INFO - Started process (PID=7096) to work on /opt/conda/lib/python3.12/site-packages/airflow/example_dags/example_bash_decorator.py
[2025-02-06T12:36:12.091+0000] {processor.py:914} INFO - Processing file /opt/conda/lib/python3.12/site-packages/airflow/example_dags/example_bash_decorator.py for tasks to queue
[2025-02-06T12:36:12.092+0000] {logging_mixin.py:190} INFO - [2025-02-06T12:36:12.092+0000] {dagbag.py:588} INFO - Filling up the DagBag from /opt/conda/lib/python3.12/site-packages/airflow/example_dags/example_bash_decorator.py
[2025-02-06T12:36:12.104+0000] {processor.py:925} INFO - DAG(s) 'example_bash_decorator' retrieved from /opt/conda/lib/python3.12/site-packages/airflow/example_dags/example_bash_decorator.py
[2025-02-06T12:36:12.129+0000] {logging_mixin.py:190} INFO - [2025-02-06T12:36:12.129+0000] {dag.py:3239} INFO - Sync 1 DAGs
[2025-02-06T12:36:12.141+0000] {logging_mixin.py:190} INFO - [2025-02-06T12:36:12.141+0000] {dag.py:4180} INFO - Setting next_dagrun for example_bash_decorator to None, run_after=None
[2025-02-06T12:36:12.194+0000] {processor.py:208} INFO - Processing /opt/conda/lib/python3.12/site-packages/airflow/example_dags/example_bash_decorator.py took 0.108 seconds
[2025-02-06T12:40:22.224+0000] {processor.py:186} INFO - Started process (PID=9216) to work on /opt/conda/lib/python3.12/site-packages/airflow/example_dags/example_bash_decorator.py
[2025-02-06T12:40:22.225+0000] {processor.py:914} INFO - Processing file /opt/conda/lib/python3.12/site-packages/airflow/example_dags/example_bash_decorator.py for tasks to queue
[2025-02-06T12:40:22.226+0000] {logging_mixin.py:190} INFO - [2025-02-06T12:40:22.226+0000] {dagbag.py:588} INFO - Filling up the DagBag from /opt/conda/lib/python3.12/site-packages/airflow/example_dags/example_bash_decorator.py
[2025-02-06T12:40:22.237+0000] {processor.py:925} INFO - DAG(s) 'example_bash_decorator' retrieved from /opt/conda/lib/python3.12/site-packages/airflow/example_dags/example_bash_decorator.py
[2025-02-06T12:40:22.262+0000] {logging_mixin.py:190} INFO - [2025-02-06T12:40:22.262+0000] {dag.py:3239} INFO - Sync 1 DAGs
[2025-02-06T12:40:22.274+0000] {logging_mixin.py:190} INFO - [2025-02-06T12:40:22.273+0000] {dag.py:4180} INFO - Setting next_dagrun for example_bash_decorator to None, run_after=None
[2025-02-06T12:40:22.336+0000] {processor.py:208} INFO - Processing /opt/conda/lib/python3.12/site-packages/airflow/example_dags/example_bash_decorator.py took 0.116 seconds
[2025-02-06T12:44:25.186+0000] {processor.py:186} INFO - Started process (PID=11300) to work on /opt/conda/lib/python3.12/site-packages/airflow/example_dags/example_bash_decorator.py
[2025-02-06T12:44:25.188+0000] {processor.py:914} INFO - Processing file /opt/conda/lib/python3.12/site-packages/airflow/example_dags/example_bash_decorator.py for tasks to queue
[2025-02-06T12:44:25.189+0000] {logging_mixin.py:190} INFO - [2025-02-06T12:44:25.189+0000] {dagbag.py:588} INFO - Filling up the DagBag from /opt/conda/lib/python3.12/site-packages/airflow/example_dags/example_bash_decorator.py
[2025-02-06T12:44:25.200+0000] {processor.py:925} INFO - DAG(s) 'example_bash_decorator' retrieved from /opt/conda/lib/python3.12/site-packages/airflow/example_dags/example_bash_decorator.py
[2025-02-06T12:44:25.248+0000] {logging_mixin.py:190} INFO - [2025-02-06T12:44:25.247+0000] {dag.py:3239} INFO - Sync 1 DAGs
[2025-02-06T12:44:25.259+0000] {logging_mixin.py:190} INFO - [2025-02-06T12:44:25.259+0000] {dag.py:4180} INFO - Setting next_dagrun for example_bash_decorator to None, run_after=None
[2025-02-06T12:44:25.311+0000] {processor.py:208} INFO - Processing /opt/conda/lib/python3.12/site-packages/airflow/example_dags/example_bash_decorator.py took 0.129 seconds
[2025-02-06T12:49:08.230+0000] {processor.py:186} INFO - Started process (PID=13507) to work on /opt/conda/lib/python3.12/site-packages/airflow/example_dags/example_bash_decorator.py
[2025-02-06T12:49:08.232+0000] {processor.py:914} INFO - Processing file /opt/conda/lib/python3.12/site-packages/airflow/example_dags/example_bash_decorator.py for tasks to queue
[2025-02-06T12:49:08.233+0000] {logging_mixin.py:190} INFO - [2025-02-06T12:49:08.233+0000] {dagbag.py:588} INFO - Filling up the DagBag from /opt/conda/lib/python3.12/site-packages/airflow/example_dags/example_bash_decorator.py
[2025-02-06T12:49:08.248+0000] {processor.py:925} INFO - DAG(s) 'example_bash_decorator' retrieved from /opt/conda/lib/python3.12/site-packages/airflow/example_dags/example_bash_decorator.py
[2025-02-06T12:49:08.287+0000] {logging_mixin.py:190} INFO - [2025-02-06T12:49:08.287+0000] {dag.py:3239} INFO - Sync 1 DAGs
[2025-02-06T12:49:08.311+0000] {logging_mixin.py:190} INFO - [2025-02-06T12:49:08.311+0000] {dag.py:4180} INFO - Setting next_dagrun for example_bash_decorator to None, run_after=None
[2025-02-06T12:49:08.380+0000] {processor.py:208} INFO - Processing /opt/conda/lib/python3.12/site-packages/airflow/example_dags/example_bash_decorator.py took 0.154 seconds
[2025-02-06T12:59:25.331+0000] {processor.py:186} INFO - Started process (PID=558) to work on /opt/conda/lib/python3.12/site-packages/airflow/example_dags/example_bash_decorator.py
[2025-02-06T12:59:25.332+0000] {processor.py:914} INFO - Processing file /opt/conda/lib/python3.12/site-packages/airflow/example_dags/example_bash_decorator.py for tasks to queue
[2025-02-06T12:59:25.334+0000] {logging_mixin.py:190} INFO - [2025-02-06T12:59:25.333+0000] {dagbag.py:588} INFO - Filling up the DagBag from /opt/conda/lib/python3.12/site-packages/airflow/example_dags/example_bash_decorator.py
[2025-02-06T12:59:25.351+0000] {processor.py:925} INFO - DAG(s) 'example_bash_decorator' retrieved from /opt/conda/lib/python3.12/site-packages/airflow/example_dags/example_bash_decorator.py
[2025-02-06T12:59:25.487+0000] {logging_mixin.py:190} INFO - [2025-02-06T12:59:25.486+0000] {dag.py:3239} INFO - Sync 1 DAGs
[2025-02-06T12:59:25.505+0000] {logging_mixin.py:190} INFO - [2025-02-06T12:59:25.505+0000] {dag.py:4180} INFO - Setting next_dagrun for example_bash_decorator to None, run_after=None
[2025-02-06T12:59:25.707+0000] {processor.py:208} INFO - Processing /opt/conda/lib/python3.12/site-packages/airflow/example_dags/example_bash_decorator.py took 0.380 seconds
[2025-02-06T13:02:45.887+0000] {processor.py:186} INFO - Started process (PID=1535) to work on /opt/conda/lib/python3.12/site-packages/airflow/example_dags/example_bash_decorator.py
[2025-02-06T13:02:45.888+0000] {processor.py:914} INFO - Processing file /opt/conda/lib/python3.12/site-packages/airflow/example_dags/example_bash_decorator.py for tasks to queue
[2025-02-06T13:02:45.890+0000] {logging_mixin.py:190} INFO - [2025-02-06T13:02:45.889+0000] {dagbag.py:588} INFO - Filling up the DagBag from /opt/conda/lib/python3.12/site-packages/airflow/example_dags/example_bash_decorator.py
[2025-02-06T13:02:45.901+0000] {processor.py:925} INFO - DAG(s) 'example_bash_decorator' retrieved from /opt/conda/lib/python3.12/site-packages/airflow/example_dags/example_bash_decorator.py
[2025-02-06T13:02:45.931+0000] {logging_mixin.py:190} INFO - [2025-02-06T13:02:45.931+0000] {dag.py:3239} INFO - Sync 1 DAGs
[2025-02-06T13:02:45.944+0000] {logging_mixin.py:190} INFO - [2025-02-06T13:02:45.944+0000] {dag.py:4180} INFO - Setting next_dagrun for example_bash_decorator to None, run_after=None
[2025-02-06T13:02:46.001+0000] {processor.py:208} INFO - Processing /opt/conda/lib/python3.12/site-packages/airflow/example_dags/example_bash_decorator.py took 0.118 seconds
[2025-02-06T13:05:05.985+0000] {processor.py:186} INFO - Started process (PID=2271) to work on /opt/conda/lib/python3.12/site-packages/airflow/example_dags/example_bash_decorator.py
[2025-02-06T13:05:05.987+0000] {processor.py:914} INFO - Processing file /opt/conda/lib/python3.12/site-packages/airflow/example_dags/example_bash_decorator.py for tasks to queue
[2025-02-06T13:05:05.989+0000] {logging_mixin.py:190} INFO - [2025-02-06T13:05:05.989+0000] {dagbag.py:588} INFO - Filling up the DagBag from /opt/conda/lib/python3.12/site-packages/airflow/example_dags/example_bash_decorator.py
[2025-02-06T13:05:06.002+0000] {processor.py:925} INFO - DAG(s) 'example_bash_decorator' retrieved from /opt/conda/lib/python3.12/site-packages/airflow/example_dags/example_bash_decorator.py
[2025-02-06T13:05:06.056+0000] {logging_mixin.py:190} INFO - [2025-02-06T13:05:06.055+0000] {dag.py:3239} INFO - Sync 1 DAGs
[2025-02-06T13:05:06.078+0000] {logging_mixin.py:190} INFO - [2025-02-06T13:05:06.077+0000] {dag.py:4180} INFO - Setting next_dagrun for example_bash_decorator to None, run_after=None
[2025-02-06T13:05:06.143+0000] {processor.py:208} INFO - Processing /opt/conda/lib/python3.12/site-packages/airflow/example_dags/example_bash_decorator.py took 0.162 seconds
