[2025-02-06T08:26:35.389+0000] {processor.py:186} INFO - Started process (PID=45) to work on /opt/conda/lib/python3.12/site-packages/airflow/example_dags/example_task_group.py
[2025-02-06T08:26:35.391+0000] {processor.py:914} INFO - Processing file /opt/conda/lib/python3.12/site-packages/airflow/example_dags/example_task_group.py for tasks to queue
[2025-02-06T08:26:35.393+0000] {logging_mixin.py:190} INFO - [2025-02-06T08:26:35.392+0000] {dagbag.py:588} INFO - Filling up the DagBag from /opt/conda/lib/python3.12/site-packages/airflow/example_dags/example_task_group.py
[2025-02-06T08:26:35.407+0000] {processor.py:925} INFO - DAG(s) 'example_task_group' retrieved from /opt/conda/lib/python3.12/site-packages/airflow/example_dags/example_task_group.py
[2025-02-06T08:26:35.551+0000] {logging_mixin.py:190} INFO - [2025-02-06T08:26:35.550+0000] {override.py:1912} INFO - Created Permission View: can delete on DAG:example_task_group
[2025-02-06T08:26:35.593+0000] {logging_mixin.py:190} INFO - [2025-02-06T08:26:35.593+0000] {override.py:1912} INFO - Created Permission View: can read on DAG:example_task_group
[2025-02-06T08:26:35.627+0000] {logging_mixin.py:190} INFO - [2025-02-06T08:26:35.626+0000] {override.py:1912} INFO - Created Permission View: can edit on DAG:example_task_group
[2025-02-06T08:26:35.695+0000] {logging_mixin.py:190} INFO - [2025-02-06T08:26:35.695+0000] {override.py:1912} INFO - Created Permission View: menu access on DAG Run:example_task_group
[2025-02-06T08:26:35.745+0000] {logging_mixin.py:190} INFO - [2025-02-06T08:26:35.745+0000] {override.py:1912} INFO - Created Permission View: can create on DAG Run:example_task_group
[2025-02-06T08:26:35.789+0000] {logging_mixin.py:190} INFO - [2025-02-06T08:26:35.788+0000] {override.py:1912} INFO - Created Permission View: can read on DAG Run:example_task_group
[2025-02-06T08:26:35.830+0000] {logging_mixin.py:190} INFO - [2025-02-06T08:26:35.829+0000] {override.py:1912} INFO - Created Permission View: can delete on DAG Run:example_task_group
[2025-02-06T08:26:35.830+0000] {logging_mixin.py:190} INFO - [2025-02-06T08:26:35.830+0000] {dag.py:3239} INFO - Sync 1 DAGs
[2025-02-06T08:26:35.850+0000] {logging_mixin.py:190} INFO - [2025-02-06T08:26:35.850+0000] {dag.py:3262} INFO - Creating ORM DAG for example_task_group
[2025-02-06T08:26:35.851+0000] {logging_mixin.py:190} INFO - [2025-02-06T08:26:35.851+0000] {dag.py:4180} INFO - Setting next_dagrun for example_task_group to None, run_after=None
[2025-02-06T08:26:35.922+0000] {processor.py:208} INFO - Processing /opt/conda/lib/python3.12/site-packages/airflow/example_dags/example_task_group.py took 0.538 seconds
[2025-02-06T08:28:03.576+0000] {processor.py:186} INFO - Started process (PID=102) to work on /opt/conda/lib/python3.12/site-packages/airflow/example_dags/example_task_group.py
[2025-02-06T08:28:03.579+0000] {processor.py:914} INFO - Processing file /opt/conda/lib/python3.12/site-packages/airflow/example_dags/example_task_group.py for tasks to queue
[2025-02-06T08:28:03.582+0000] {logging_mixin.py:190} INFO - [2025-02-06T08:28:03.581+0000] {dagbag.py:588} INFO - Filling up the DagBag from /opt/conda/lib/python3.12/site-packages/airflow/example_dags/example_task_group.py
[2025-02-06T08:28:03.595+0000] {processor.py:925} INFO - DAG(s) 'example_task_group' retrieved from /opt/conda/lib/python3.12/site-packages/airflow/example_dags/example_task_group.py
[2025-02-06T08:28:03.630+0000] {logging_mixin.py:190} INFO - [2025-02-06T08:28:03.630+0000] {dag.py:3239} INFO - Sync 1 DAGs
[2025-02-06T08:28:03.648+0000] {logging_mixin.py:190} INFO - [2025-02-06T08:28:03.648+0000] {dag.py:4180} INFO - Setting next_dagrun for example_task_group to None, run_after=None
[2025-02-06T08:28:03.720+0000] {processor.py:208} INFO - Processing /opt/conda/lib/python3.12/site-packages/airflow/example_dags/example_task_group.py took 0.151 seconds
[2025-02-06T08:30:27.988+0000] {processor.py:186} INFO - Started process (PID=45) to work on /opt/conda/lib/python3.12/site-packages/airflow/example_dags/example_task_group.py
[2025-02-06T08:30:27.989+0000] {processor.py:914} INFO - Processing file /opt/conda/lib/python3.12/site-packages/airflow/example_dags/example_task_group.py for tasks to queue
[2025-02-06T08:30:27.991+0000] {logging_mixin.py:190} INFO - [2025-02-06T08:30:27.991+0000] {dagbag.py:588} INFO - Filling up the DagBag from /opt/conda/lib/python3.12/site-packages/airflow/example_dags/example_task_group.py
[2025-02-06T08:30:27.998+0000] {processor.py:925} INFO - DAG(s) 'example_task_group' retrieved from /opt/conda/lib/python3.12/site-packages/airflow/example_dags/example_task_group.py
[2025-02-06T08:30:28.020+0000] {logging_mixin.py:190} INFO - [2025-02-06T08:30:28.020+0000] {dag.py:3239} INFO - Sync 1 DAGs
[2025-02-06T08:30:28.031+0000] {logging_mixin.py:190} INFO - [2025-02-06T08:30:28.031+0000] {dag.py:4180} INFO - Setting next_dagrun for example_task_group to None, run_after=None
[2025-02-06T08:30:28.083+0000] {processor.py:208} INFO - Processing /opt/conda/lib/python3.12/site-packages/airflow/example_dags/example_task_group.py took 0.099 seconds
[2025-02-06T08:31:32.710+0000] {processor.py:186} INFO - Started process (PID=103) to work on /opt/conda/lib/python3.12/site-packages/airflow/example_dags/example_task_group.py
[2025-02-06T08:31:32.711+0000] {processor.py:914} INFO - Processing file /opt/conda/lib/python3.12/site-packages/airflow/example_dags/example_task_group.py for tasks to queue
[2025-02-06T08:31:32.712+0000] {logging_mixin.py:190} INFO - [2025-02-06T08:31:32.712+0000] {dagbag.py:588} INFO - Filling up the DagBag from /opt/conda/lib/python3.12/site-packages/airflow/example_dags/example_task_group.py
[2025-02-06T08:31:32.719+0000] {processor.py:925} INFO - DAG(s) 'example_task_group' retrieved from /opt/conda/lib/python3.12/site-packages/airflow/example_dags/example_task_group.py
[2025-02-06T08:31:32.739+0000] {logging_mixin.py:190} INFO - [2025-02-06T08:31:32.739+0000] {dag.py:3239} INFO - Sync 1 DAGs
[2025-02-06T08:31:32.750+0000] {logging_mixin.py:190} INFO - [2025-02-06T08:31:32.750+0000] {dag.py:4180} INFO - Setting next_dagrun for example_task_group to None, run_after=None
[2025-02-06T08:31:32.814+0000] {processor.py:208} INFO - Processing /opt/conda/lib/python3.12/site-packages/airflow/example_dags/example_task_group.py took 0.107 seconds
[2025-02-06T08:32:42.022+0000] {processor.py:186} INFO - Started process (PID=164) to work on /opt/conda/lib/python3.12/site-packages/airflow/example_dags/example_task_group.py
[2025-02-06T08:32:42.023+0000] {processor.py:914} INFO - Processing file /opt/conda/lib/python3.12/site-packages/airflow/example_dags/example_task_group.py for tasks to queue
[2025-02-06T08:32:42.025+0000] {logging_mixin.py:190} INFO - [2025-02-06T08:32:42.024+0000] {dagbag.py:588} INFO - Filling up the DagBag from /opt/conda/lib/python3.12/site-packages/airflow/example_dags/example_task_group.py
[2025-02-06T08:32:42.030+0000] {processor.py:925} INFO - DAG(s) 'example_task_group' retrieved from /opt/conda/lib/python3.12/site-packages/airflow/example_dags/example_task_group.py
[2025-02-06T08:32:42.067+0000] {logging_mixin.py:190} INFO - [2025-02-06T08:32:42.067+0000] {dag.py:3239} INFO - Sync 1 DAGs
[2025-02-06T08:32:42.080+0000] {logging_mixin.py:190} INFO - [2025-02-06T08:32:42.080+0000] {dag.py:4180} INFO - Setting next_dagrun for example_task_group to None, run_after=None
[2025-02-06T08:32:42.142+0000] {processor.py:208} INFO - Processing /opt/conda/lib/python3.12/site-packages/airflow/example_dags/example_task_group.py took 0.123 seconds
[2025-02-06T08:33:53.118+0000] {processor.py:186} INFO - Started process (PID=226) to work on /opt/conda/lib/python3.12/site-packages/airflow/example_dags/example_task_group.py
[2025-02-06T08:33:53.119+0000] {processor.py:914} INFO - Processing file /opt/conda/lib/python3.12/site-packages/airflow/example_dags/example_task_group.py for tasks to queue
[2025-02-06T08:33:53.121+0000] {logging_mixin.py:190} INFO - [2025-02-06T08:33:53.120+0000] {dagbag.py:588} INFO - Filling up the DagBag from /opt/conda/lib/python3.12/site-packages/airflow/example_dags/example_task_group.py
[2025-02-06T08:33:53.127+0000] {processor.py:925} INFO - DAG(s) 'example_task_group' retrieved from /opt/conda/lib/python3.12/site-packages/airflow/example_dags/example_task_group.py
[2025-02-06T08:33:53.149+0000] {logging_mixin.py:190} INFO - [2025-02-06T08:33:53.149+0000] {dag.py:3239} INFO - Sync 1 DAGs
[2025-02-06T08:33:53.160+0000] {logging_mixin.py:190} INFO - [2025-02-06T08:33:53.160+0000] {dag.py:4180} INFO - Setting next_dagrun for example_task_group to None, run_after=None
[2025-02-06T08:33:53.224+0000] {processor.py:208} INFO - Processing /opt/conda/lib/python3.12/site-packages/airflow/example_dags/example_task_group.py took 0.109 seconds
[2025-02-06T08:35:12.233+0000] {processor.py:186} INFO - Started process (PID=290) to work on /opt/conda/lib/python3.12/site-packages/airflow/example_dags/example_task_group.py
[2025-02-06T08:35:12.235+0000] {processor.py:914} INFO - Processing file /opt/conda/lib/python3.12/site-packages/airflow/example_dags/example_task_group.py for tasks to queue
[2025-02-06T08:35:12.239+0000] {logging_mixin.py:190} INFO - [2025-02-06T08:35:12.238+0000] {dagbag.py:588} INFO - Filling up the DagBag from /opt/conda/lib/python3.12/site-packages/airflow/example_dags/example_task_group.py
[2025-02-06T08:35:12.250+0000] {processor.py:925} INFO - DAG(s) 'example_task_group' retrieved from /opt/conda/lib/python3.12/site-packages/airflow/example_dags/example_task_group.py
[2025-02-06T08:35:12.280+0000] {logging_mixin.py:190} INFO - [2025-02-06T08:35:12.280+0000] {dag.py:3239} INFO - Sync 1 DAGs
[2025-02-06T08:35:12.295+0000] {logging_mixin.py:190} INFO - [2025-02-06T08:35:12.295+0000] {dag.py:4180} INFO - Setting next_dagrun for example_task_group to None, run_after=None
[2025-02-06T08:35:12.361+0000] {processor.py:208} INFO - Processing /opt/conda/lib/python3.12/site-packages/airflow/example_dags/example_task_group.py took 0.136 seconds
[2025-02-06T08:36:28.308+0000] {processor.py:186} INFO - Started process (PID=356) to work on /opt/conda/lib/python3.12/site-packages/airflow/example_dags/example_task_group.py
[2025-02-06T08:36:28.309+0000] {processor.py:914} INFO - Processing file /opt/conda/lib/python3.12/site-packages/airflow/example_dags/example_task_group.py for tasks to queue
[2025-02-06T08:36:28.311+0000] {logging_mixin.py:190} INFO - [2025-02-06T08:36:28.310+0000] {dagbag.py:588} INFO - Filling up the DagBag from /opt/conda/lib/python3.12/site-packages/airflow/example_dags/example_task_group.py
[2025-02-06T08:36:28.318+0000] {processor.py:925} INFO - DAG(s) 'example_task_group' retrieved from /opt/conda/lib/python3.12/site-packages/airflow/example_dags/example_task_group.py
[2025-02-06T08:36:28.340+0000] {logging_mixin.py:190} INFO - [2025-02-06T08:36:28.339+0000] {dag.py:3239} INFO - Sync 1 DAGs
[2025-02-06T08:36:28.467+0000] {logging_mixin.py:190} INFO - [2025-02-06T08:36:28.467+0000] {dag.py:4180} INFO - Setting next_dagrun for example_task_group to None, run_after=None
[2025-02-06T08:36:28.530+0000] {processor.py:208} INFO - Processing /opt/conda/lib/python3.12/site-packages/airflow/example_dags/example_task_group.py took 0.225 seconds
[2025-02-06T08:37:50.280+0000] {processor.py:186} INFO - Started process (PID=423) to work on /opt/conda/lib/python3.12/site-packages/airflow/example_dags/example_task_group.py
[2025-02-06T08:37:50.281+0000] {processor.py:914} INFO - Processing file /opt/conda/lib/python3.12/site-packages/airflow/example_dags/example_task_group.py for tasks to queue
[2025-02-06T08:37:50.282+0000] {logging_mixin.py:190} INFO - [2025-02-06T08:37:50.282+0000] {dagbag.py:588} INFO - Filling up the DagBag from /opt/conda/lib/python3.12/site-packages/airflow/example_dags/example_task_group.py
[2025-02-06T08:37:50.289+0000] {processor.py:925} INFO - DAG(s) 'example_task_group' retrieved from /opt/conda/lib/python3.12/site-packages/airflow/example_dags/example_task_group.py
[2025-02-06T08:37:50.312+0000] {logging_mixin.py:190} INFO - [2025-02-06T08:37:50.311+0000] {dag.py:3239} INFO - Sync 1 DAGs
[2025-02-06T08:37:50.324+0000] {logging_mixin.py:190} INFO - [2025-02-06T08:37:50.324+0000] {dag.py:4180} INFO - Setting next_dagrun for example_task_group to None, run_after=None
[2025-02-06T08:37:50.390+0000] {processor.py:208} INFO - Processing /opt/conda/lib/python3.12/site-packages/airflow/example_dags/example_task_group.py took 0.114 seconds
[2025-02-06T08:39:04.076+0000] {processor.py:186} INFO - Started process (PID=488) to work on /opt/conda/lib/python3.12/site-packages/airflow/example_dags/example_task_group.py
[2025-02-06T08:39:04.077+0000] {processor.py:914} INFO - Processing file /opt/conda/lib/python3.12/site-packages/airflow/example_dags/example_task_group.py for tasks to queue
[2025-02-06T08:39:04.079+0000] {logging_mixin.py:190} INFO - [2025-02-06T08:39:04.078+0000] {dagbag.py:588} INFO - Filling up the DagBag from /opt/conda/lib/python3.12/site-packages/airflow/example_dags/example_task_group.py
[2025-02-06T08:39:04.086+0000] {processor.py:925} INFO - DAG(s) 'example_task_group' retrieved from /opt/conda/lib/python3.12/site-packages/airflow/example_dags/example_task_group.py
[2025-02-06T08:39:04.109+0000] {logging_mixin.py:190} INFO - [2025-02-06T08:39:04.109+0000] {dag.py:3239} INFO - Sync 1 DAGs
[2025-02-06T08:39:04.125+0000] {logging_mixin.py:190} INFO - [2025-02-06T08:39:04.125+0000] {dag.py:4180} INFO - Setting next_dagrun for example_task_group to None, run_after=None
[2025-02-06T08:39:04.189+0000] {processor.py:208} INFO - Processing /opt/conda/lib/python3.12/site-packages/airflow/example_dags/example_task_group.py took 0.118 seconds
[2025-02-06T08:40:24.115+0000] {processor.py:186} INFO - Started process (PID=555) to work on /opt/conda/lib/python3.12/site-packages/airflow/example_dags/example_task_group.py
[2025-02-06T08:40:24.116+0000] {processor.py:914} INFO - Processing file /opt/conda/lib/python3.12/site-packages/airflow/example_dags/example_task_group.py for tasks to queue
[2025-02-06T08:40:24.117+0000] {logging_mixin.py:190} INFO - [2025-02-06T08:40:24.117+0000] {dagbag.py:588} INFO - Filling up the DagBag from /opt/conda/lib/python3.12/site-packages/airflow/example_dags/example_task_group.py
[2025-02-06T08:40:24.124+0000] {processor.py:925} INFO - DAG(s) 'example_task_group' retrieved from /opt/conda/lib/python3.12/site-packages/airflow/example_dags/example_task_group.py
[2025-02-06T08:40:24.146+0000] {logging_mixin.py:190} INFO - [2025-02-06T08:40:24.146+0000] {dag.py:3239} INFO - Sync 1 DAGs
[2025-02-06T08:40:24.158+0000] {logging_mixin.py:190} INFO - [2025-02-06T08:40:24.158+0000] {dag.py:4180} INFO - Setting next_dagrun for example_task_group to None, run_after=None
[2025-02-06T08:40:24.224+0000] {processor.py:208} INFO - Processing /opt/conda/lib/python3.12/site-packages/airflow/example_dags/example_task_group.py took 0.113 seconds
[2025-02-06T08:41:37.033+0000] {processor.py:186} INFO - Started process (PID=618) to work on /opt/conda/lib/python3.12/site-packages/airflow/example_dags/example_task_group.py
[2025-02-06T08:41:37.034+0000] {processor.py:914} INFO - Processing file /opt/conda/lib/python3.12/site-packages/airflow/example_dags/example_task_group.py for tasks to queue
[2025-02-06T08:41:37.036+0000] {logging_mixin.py:190} INFO - [2025-02-06T08:41:37.036+0000] {dagbag.py:588} INFO - Filling up the DagBag from /opt/conda/lib/python3.12/site-packages/airflow/example_dags/example_task_group.py
[2025-02-06T08:41:37.042+0000] {processor.py:925} INFO - DAG(s) 'example_task_group' retrieved from /opt/conda/lib/python3.12/site-packages/airflow/example_dags/example_task_group.py
[2025-02-06T08:41:37.068+0000] {logging_mixin.py:190} INFO - [2025-02-06T08:41:37.068+0000] {dag.py:3239} INFO - Sync 1 DAGs
[2025-02-06T08:41:37.082+0000] {logging_mixin.py:190} INFO - [2025-02-06T08:41:37.081+0000] {dag.py:4180} INFO - Setting next_dagrun for example_task_group to None, run_after=None
[2025-02-06T08:41:37.132+0000] {processor.py:208} INFO - Processing /opt/conda/lib/python3.12/site-packages/airflow/example_dags/example_task_group.py took 0.104 seconds
[2025-02-06T08:42:55.651+0000] {processor.py:186} INFO - Started process (PID=684) to work on /opt/conda/lib/python3.12/site-packages/airflow/example_dags/example_task_group.py
[2025-02-06T08:42:55.652+0000] {processor.py:914} INFO - Processing file /opt/conda/lib/python3.12/site-packages/airflow/example_dags/example_task_group.py for tasks to queue
[2025-02-06T08:42:55.653+0000] {logging_mixin.py:190} INFO - [2025-02-06T08:42:55.653+0000] {dagbag.py:588} INFO - Filling up the DagBag from /opt/conda/lib/python3.12/site-packages/airflow/example_dags/example_task_group.py
[2025-02-06T08:42:55.663+0000] {processor.py:925} INFO - DAG(s) 'example_task_group' retrieved from /opt/conda/lib/python3.12/site-packages/airflow/example_dags/example_task_group.py
[2025-02-06T08:42:55.690+0000] {logging_mixin.py:190} INFO - [2025-02-06T08:42:55.690+0000] {dag.py:3239} INFO - Sync 1 DAGs
[2025-02-06T08:42:55.704+0000] {logging_mixin.py:190} INFO - [2025-02-06T08:42:55.704+0000] {dag.py:4180} INFO - Setting next_dagrun for example_task_group to None, run_after=None
[2025-02-06T08:42:55.766+0000] {processor.py:208} INFO - Processing /opt/conda/lib/python3.12/site-packages/airflow/example_dags/example_task_group.py took 0.120 seconds
[2025-02-06T08:43:21.193+0000] {processor.py:186} INFO - Started process (PID=46) to work on /opt/conda/lib/python3.12/site-packages/airflow/example_dags/example_task_group.py
[2025-02-06T08:43:21.194+0000] {processor.py:914} INFO - Processing file /opt/conda/lib/python3.12/site-packages/airflow/example_dags/example_task_group.py for tasks to queue
[2025-02-06T08:43:21.196+0000] {logging_mixin.py:190} INFO - [2025-02-06T08:43:21.196+0000] {dagbag.py:588} INFO - Filling up the DagBag from /opt/conda/lib/python3.12/site-packages/airflow/example_dags/example_task_group.py
[2025-02-06T08:43:21.208+0000] {processor.py:925} INFO - DAG(s) 'example_task_group' retrieved from /opt/conda/lib/python3.12/site-packages/airflow/example_dags/example_task_group.py
[2025-02-06T08:43:21.243+0000] {logging_mixin.py:190} INFO - [2025-02-06T08:43:21.243+0000] {dag.py:3239} INFO - Sync 1 DAGs
[2025-02-06T08:43:21.259+0000] {logging_mixin.py:190} INFO - [2025-02-06T08:43:21.259+0000] {dag.py:4180} INFO - Setting next_dagrun for example_task_group to None, run_after=None
[2025-02-06T08:43:21.359+0000] {processor.py:208} INFO - Processing /opt/conda/lib/python3.12/site-packages/airflow/example_dags/example_task_group.py took 0.170 seconds
[2025-02-06T08:44:29.948+0000] {processor.py:186} INFO - Started process (PID=104) to work on /opt/conda/lib/python3.12/site-packages/airflow/example_dags/example_task_group.py
[2025-02-06T08:44:29.949+0000] {processor.py:914} INFO - Processing file /opt/conda/lib/python3.12/site-packages/airflow/example_dags/example_task_group.py for tasks to queue
[2025-02-06T08:44:29.952+0000] {logging_mixin.py:190} INFO - [2025-02-06T08:44:29.952+0000] {dagbag.py:588} INFO - Filling up the DagBag from /opt/conda/lib/python3.12/site-packages/airflow/example_dags/example_task_group.py
[2025-02-06T08:44:29.958+0000] {processor.py:925} INFO - DAG(s) 'example_task_group' retrieved from /opt/conda/lib/python3.12/site-packages/airflow/example_dags/example_task_group.py
[2025-02-06T08:44:29.978+0000] {logging_mixin.py:190} INFO - [2025-02-06T08:44:29.978+0000] {dag.py:3239} INFO - Sync 1 DAGs
[2025-02-06T08:44:29.991+0000] {logging_mixin.py:190} INFO - [2025-02-06T08:44:29.991+0000] {dag.py:4180} INFO - Setting next_dagrun for example_task_group to None, run_after=None
[2025-02-06T08:44:30.052+0000] {processor.py:208} INFO - Processing /opt/conda/lib/python3.12/site-packages/airflow/example_dags/example_task_group.py took 0.107 seconds
[2025-02-06T08:45:50.024+0000] {processor.py:186} INFO - Started process (PID=189) to work on /opt/conda/lib/python3.12/site-packages/airflow/example_dags/example_task_group.py
[2025-02-06T08:45:50.025+0000] {processor.py:914} INFO - Processing file /opt/conda/lib/python3.12/site-packages/airflow/example_dags/example_task_group.py for tasks to queue
[2025-02-06T08:45:50.027+0000] {logging_mixin.py:190} INFO - [2025-02-06T08:45:50.027+0000] {dagbag.py:588} INFO - Filling up the DagBag from /opt/conda/lib/python3.12/site-packages/airflow/example_dags/example_task_group.py
[2025-02-06T08:45:50.034+0000] {processor.py:925} INFO - DAG(s) 'example_task_group' retrieved from /opt/conda/lib/python3.12/site-packages/airflow/example_dags/example_task_group.py
[2025-02-06T08:45:50.059+0000] {logging_mixin.py:190} INFO - [2025-02-06T08:45:50.059+0000] {dag.py:3239} INFO - Sync 1 DAGs
[2025-02-06T08:45:50.074+0000] {logging_mixin.py:190} INFO - [2025-02-06T08:45:50.074+0000] {dag.py:4180} INFO - Setting next_dagrun for example_task_group to None, run_after=None
[2025-02-06T08:45:50.133+0000] {processor.py:208} INFO - Processing /opt/conda/lib/python3.12/site-packages/airflow/example_dags/example_task_group.py took 0.113 seconds
[2025-02-06T08:47:05.965+0000] {processor.py:186} INFO - Started process (PID=320) to work on /opt/conda/lib/python3.12/site-packages/airflow/example_dags/example_task_group.py
[2025-02-06T08:47:05.966+0000] {processor.py:914} INFO - Processing file /opt/conda/lib/python3.12/site-packages/airflow/example_dags/example_task_group.py for tasks to queue
[2025-02-06T08:47:05.969+0000] {logging_mixin.py:190} INFO - [2025-02-06T08:47:05.968+0000] {dagbag.py:588} INFO - Filling up the DagBag from /opt/conda/lib/python3.12/site-packages/airflow/example_dags/example_task_group.py
[2025-02-06T08:47:05.976+0000] {processor.py:925} INFO - DAG(s) 'example_task_group' retrieved from /opt/conda/lib/python3.12/site-packages/airflow/example_dags/example_task_group.py
[2025-02-06T08:47:05.998+0000] {logging_mixin.py:190} INFO - [2025-02-06T08:47:05.998+0000] {dag.py:3239} INFO - Sync 1 DAGs
[2025-02-06T08:47:06.010+0000] {logging_mixin.py:190} INFO - [2025-02-06T08:47:06.010+0000] {dag.py:4180} INFO - Setting next_dagrun for example_task_group to None, run_after=None
[2025-02-06T08:47:06.057+0000] {processor.py:208} INFO - Processing /opt/conda/lib/python3.12/site-packages/airflow/example_dags/example_task_group.py took 0.096 seconds
[2025-02-06T08:48:28.388+0000] {processor.py:186} INFO - Started process (PID=98) to work on /opt/conda/lib/python3.12/site-packages/airflow/example_dags/example_task_group.py
[2025-02-06T08:48:28.389+0000] {processor.py:914} INFO - Processing file /opt/conda/lib/python3.12/site-packages/airflow/example_dags/example_task_group.py for tasks to queue
[2025-02-06T08:48:28.391+0000] {logging_mixin.py:190} INFO - [2025-02-06T08:48:28.391+0000] {dagbag.py:588} INFO - Filling up the DagBag from /opt/conda/lib/python3.12/site-packages/airflow/example_dags/example_task_group.py
[2025-02-06T08:48:28.401+0000] {processor.py:925} INFO - DAG(s) 'example_task_group' retrieved from /opt/conda/lib/python3.12/site-packages/airflow/example_dags/example_task_group.py
[2025-02-06T08:48:28.424+0000] {logging_mixin.py:190} INFO - [2025-02-06T08:48:28.424+0000] {dag.py:3239} INFO - Sync 1 DAGs
[2025-02-06T08:48:28.435+0000] {logging_mixin.py:190} INFO - [2025-02-06T08:48:28.435+0000] {dag.py:4180} INFO - Setting next_dagrun for example_task_group to None, run_after=None
[2025-02-06T08:48:28.495+0000] {processor.py:208} INFO - Processing /opt/conda/lib/python3.12/site-packages/airflow/example_dags/example_task_group.py took 0.110 seconds
[2025-02-06T08:51:35.085+0000] {processor.py:186} INFO - Started process (PID=444) to work on /opt/conda/lib/python3.12/site-packages/airflow/example_dags/example_task_group.py
[2025-02-06T08:51:35.087+0000] {processor.py:914} INFO - Processing file /opt/conda/lib/python3.12/site-packages/airflow/example_dags/example_task_group.py for tasks to queue
[2025-02-06T08:51:35.089+0000] {logging_mixin.py:190} INFO - [2025-02-06T08:51:35.088+0000] {dagbag.py:588} INFO - Filling up the DagBag from /opt/conda/lib/python3.12/site-packages/airflow/example_dags/example_task_group.py
[2025-02-06T08:51:35.095+0000] {processor.py:925} INFO - DAG(s) 'example_task_group' retrieved from /opt/conda/lib/python3.12/site-packages/airflow/example_dags/example_task_group.py
[2025-02-06T08:51:35.117+0000] {logging_mixin.py:190} INFO - [2025-02-06T08:51:35.116+0000] {dag.py:3239} INFO - Sync 1 DAGs
[2025-02-06T08:51:35.128+0000] {logging_mixin.py:190} INFO - [2025-02-06T08:51:35.128+0000] {dag.py:4180} INFO - Setting next_dagrun for example_task_group to None, run_after=None
[2025-02-06T08:51:35.177+0000] {processor.py:208} INFO - Processing /opt/conda/lib/python3.12/site-packages/airflow/example_dags/example_task_group.py took 0.098 seconds
[2025-02-06T08:54:09.683+0000] {processor.py:186} INFO - Started process (PID=734) to work on /opt/conda/lib/python3.12/site-packages/airflow/example_dags/example_task_group.py
[2025-02-06T08:54:09.684+0000] {processor.py:914} INFO - Processing file /opt/conda/lib/python3.12/site-packages/airflow/example_dags/example_task_group.py for tasks to queue
[2025-02-06T08:54:09.687+0000] {logging_mixin.py:190} INFO - [2025-02-06T08:54:09.686+0000] {dagbag.py:588} INFO - Filling up the DagBag from /opt/conda/lib/python3.12/site-packages/airflow/example_dags/example_task_group.py
[2025-02-06T08:54:09.694+0000] {processor.py:925} INFO - DAG(s) 'example_task_group' retrieved from /opt/conda/lib/python3.12/site-packages/airflow/example_dags/example_task_group.py
[2025-02-06T08:54:09.717+0000] {logging_mixin.py:190} INFO - [2025-02-06T08:54:09.717+0000] {dag.py:3239} INFO - Sync 1 DAGs
[2025-02-06T08:54:09.728+0000] {logging_mixin.py:190} INFO - [2025-02-06T08:54:09.728+0000] {dag.py:4180} INFO - Setting next_dagrun for example_task_group to None, run_after=None
[2025-02-06T08:54:09.792+0000] {processor.py:208} INFO - Processing /opt/conda/lib/python3.12/site-packages/airflow/example_dags/example_task_group.py took 0.112 seconds
[2025-02-06T08:56:41.669+0000] {processor.py:186} INFO - Started process (PID=1013) to work on /opt/conda/lib/python3.12/site-packages/airflow/example_dags/example_task_group.py
[2025-02-06T08:56:41.670+0000] {processor.py:914} INFO - Processing file /opt/conda/lib/python3.12/site-packages/airflow/example_dags/example_task_group.py for tasks to queue
[2025-02-06T08:56:41.672+0000] {logging_mixin.py:190} INFO - [2025-02-06T08:56:41.672+0000] {dagbag.py:588} INFO - Filling up the DagBag from /opt/conda/lib/python3.12/site-packages/airflow/example_dags/example_task_group.py
[2025-02-06T08:56:41.679+0000] {processor.py:925} INFO - DAG(s) 'example_task_group' retrieved from /opt/conda/lib/python3.12/site-packages/airflow/example_dags/example_task_group.py
[2025-02-06T08:56:41.703+0000] {logging_mixin.py:190} INFO - [2025-02-06T08:56:41.703+0000] {dag.py:3239} INFO - Sync 1 DAGs
[2025-02-06T08:56:41.715+0000] {logging_mixin.py:190} INFO - [2025-02-06T08:56:41.715+0000] {dag.py:4180} INFO - Setting next_dagrun for example_task_group to None, run_after=None
[2025-02-06T08:56:41.763+0000] {processor.py:208} INFO - Processing /opt/conda/lib/python3.12/site-packages/airflow/example_dags/example_task_group.py took 0.098 seconds
[2025-02-06T08:59:15.074+0000] {processor.py:186} INFO - Started process (PID=1254) to work on /opt/conda/lib/python3.12/site-packages/airflow/example_dags/example_task_group.py
[2025-02-06T08:59:15.075+0000] {processor.py:914} INFO - Processing file /opt/conda/lib/python3.12/site-packages/airflow/example_dags/example_task_group.py for tasks to queue
[2025-02-06T08:59:15.077+0000] {logging_mixin.py:190} INFO - [2025-02-06T08:59:15.077+0000] {dagbag.py:588} INFO - Filling up the DagBag from /opt/conda/lib/python3.12/site-packages/airflow/example_dags/example_task_group.py
[2025-02-06T08:59:15.085+0000] {processor.py:925} INFO - DAG(s) 'example_task_group' retrieved from /opt/conda/lib/python3.12/site-packages/airflow/example_dags/example_task_group.py
[2025-02-06T08:59:15.107+0000] {logging_mixin.py:190} INFO - [2025-02-06T08:59:15.106+0000] {dag.py:3239} INFO - Sync 1 DAGs
[2025-02-06T08:59:15.121+0000] {logging_mixin.py:190} INFO - [2025-02-06T08:59:15.120+0000] {dag.py:4180} INFO - Setting next_dagrun for example_task_group to None, run_after=None
[2025-02-06T08:59:15.174+0000] {processor.py:208} INFO - Processing /opt/conda/lib/python3.12/site-packages/airflow/example_dags/example_task_group.py took 0.104 seconds
[2025-02-06T09:01:20.587+0000] {processor.py:186} INFO - Started process (PID=139) to work on /opt/conda/lib/python3.12/site-packages/airflow/example_dags/example_task_group.py
[2025-02-06T09:01:20.588+0000] {processor.py:914} INFO - Processing file /opt/conda/lib/python3.12/site-packages/airflow/example_dags/example_task_group.py for tasks to queue
[2025-02-06T09:01:20.590+0000] {logging_mixin.py:190} INFO - [2025-02-06T09:01:20.589+0000] {dagbag.py:588} INFO - Filling up the DagBag from /opt/conda/lib/python3.12/site-packages/airflow/example_dags/example_task_group.py
[2025-02-06T09:01:20.598+0000] {processor.py:925} INFO - DAG(s) 'example_task_group' retrieved from /opt/conda/lib/python3.12/site-packages/airflow/example_dags/example_task_group.py
[2025-02-06T09:01:20.626+0000] {logging_mixin.py:190} INFO - [2025-02-06T09:01:20.626+0000] {dag.py:3239} INFO - Sync 1 DAGs
[2025-02-06T09:01:20.643+0000] {logging_mixin.py:190} INFO - [2025-02-06T09:01:20.643+0000] {dag.py:4180} INFO - Setting next_dagrun for example_task_group to None, run_after=None
[2025-02-06T09:01:20.706+0000] {processor.py:208} INFO - Processing /opt/conda/lib/python3.12/site-packages/airflow/example_dags/example_task_group.py took 0.123 seconds
[2025-02-06T09:03:06.639+0000] {processor.py:186} INFO - Started process (PID=46) to work on /opt/conda/lib/python3.12/site-packages/airflow/example_dags/example_task_group.py
[2025-02-06T09:03:06.640+0000] {processor.py:914} INFO - Processing file /opt/conda/lib/python3.12/site-packages/airflow/example_dags/example_task_group.py for tasks to queue
[2025-02-06T09:03:06.642+0000] {logging_mixin.py:190} INFO - [2025-02-06T09:03:06.642+0000] {dagbag.py:588} INFO - Filling up the DagBag from /opt/conda/lib/python3.12/site-packages/airflow/example_dags/example_task_group.py
[2025-02-06T09:03:06.649+0000] {processor.py:925} INFO - DAG(s) 'example_task_group' retrieved from /opt/conda/lib/python3.12/site-packages/airflow/example_dags/example_task_group.py
[2025-02-06T09:03:06.675+0000] {logging_mixin.py:190} INFO - [2025-02-06T09:03:06.674+0000] {dag.py:3239} INFO - Sync 1 DAGs
[2025-02-06T09:03:06.687+0000] {logging_mixin.py:190} INFO - [2025-02-06T09:03:06.687+0000] {dag.py:4180} INFO - Setting next_dagrun for example_task_group to None, run_after=None
[2025-02-06T09:03:06.748+0000] {processor.py:208} INFO - Processing /opt/conda/lib/python3.12/site-packages/airflow/example_dags/example_task_group.py took 0.113 seconds
[2025-02-06T09:03:41.526+0000] {processor.py:186} INFO - Started process (PID=42) to work on /opt/conda/lib/python3.12/site-packages/airflow/example_dags/example_task_group.py
[2025-02-06T09:03:41.527+0000] {processor.py:914} INFO - Processing file /opt/conda/lib/python3.12/site-packages/airflow/example_dags/example_task_group.py for tasks to queue
[2025-02-06T09:03:41.529+0000] {logging_mixin.py:190} INFO - [2025-02-06T09:03:41.529+0000] {dagbag.py:588} INFO - Filling up the DagBag from /opt/conda/lib/python3.12/site-packages/airflow/example_dags/example_task_group.py
[2025-02-06T09:03:41.535+0000] {processor.py:925} INFO - DAG(s) 'example_task_group' retrieved from /opt/conda/lib/python3.12/site-packages/airflow/example_dags/example_task_group.py
[2025-02-06T09:03:41.559+0000] {logging_mixin.py:190} INFO - [2025-02-06T09:03:41.559+0000] {dag.py:3239} INFO - Sync 1 DAGs
[2025-02-06T09:03:41.572+0000] {logging_mixin.py:190} INFO - [2025-02-06T09:03:41.572+0000] {dag.py:4180} INFO - Setting next_dagrun for example_task_group to None, run_after=None
[2025-02-06T09:03:41.625+0000] {processor.py:208} INFO - Processing /opt/conda/lib/python3.12/site-packages/airflow/example_dags/example_task_group.py took 0.102 seconds
[2025-02-06T09:04:25.422+0000] {processor.py:186} INFO - Started process (PID=46) to work on /opt/conda/lib/python3.12/site-packages/airflow/example_dags/example_task_group.py
[2025-02-06T09:04:25.423+0000] {processor.py:914} INFO - Processing file /opt/conda/lib/python3.12/site-packages/airflow/example_dags/example_task_group.py for tasks to queue
[2025-02-06T09:04:25.425+0000] {logging_mixin.py:190} INFO - [2025-02-06T09:04:25.424+0000] {dagbag.py:588} INFO - Filling up the DagBag from /opt/conda/lib/python3.12/site-packages/airflow/example_dags/example_task_group.py
[2025-02-06T09:04:25.431+0000] {processor.py:925} INFO - DAG(s) 'example_task_group' retrieved from /opt/conda/lib/python3.12/site-packages/airflow/example_dags/example_task_group.py
[2025-02-06T09:04:25.455+0000] {logging_mixin.py:190} INFO - [2025-02-06T09:04:25.455+0000] {dag.py:3239} INFO - Sync 1 DAGs
[2025-02-06T09:04:25.470+0000] {logging_mixin.py:190} INFO - [2025-02-06T09:04:25.470+0000] {dag.py:4180} INFO - Setting next_dagrun for example_task_group to None, run_after=None
[2025-02-06T09:04:25.532+0000] {processor.py:208} INFO - Processing /opt/conda/lib/python3.12/site-packages/airflow/example_dags/example_task_group.py took 0.114 seconds
[2025-02-06T09:07:17.715+0000] {processor.py:186} INFO - Started process (PID=356) to work on /opt/conda/lib/python3.12/site-packages/airflow/example_dags/example_task_group.py
[2025-02-06T09:07:17.716+0000] {processor.py:914} INFO - Processing file /opt/conda/lib/python3.12/site-packages/airflow/example_dags/example_task_group.py for tasks to queue
[2025-02-06T09:07:17.718+0000] {logging_mixin.py:190} INFO - [2025-02-06T09:07:17.717+0000] {dagbag.py:588} INFO - Filling up the DagBag from /opt/conda/lib/python3.12/site-packages/airflow/example_dags/example_task_group.py
[2025-02-06T09:07:17.725+0000] {processor.py:925} INFO - DAG(s) 'example_task_group' retrieved from /opt/conda/lib/python3.12/site-packages/airflow/example_dags/example_task_group.py
[2025-02-06T09:07:17.748+0000] {logging_mixin.py:190} INFO - [2025-02-06T09:07:17.747+0000] {dag.py:3239} INFO - Sync 1 DAGs
[2025-02-06T09:07:17.763+0000] {logging_mixin.py:190} INFO - [2025-02-06T09:07:17.763+0000] {dag.py:4180} INFO - Setting next_dagrun for example_task_group to None, run_after=None
[2025-02-06T09:07:17.814+0000] {processor.py:208} INFO - Processing /opt/conda/lib/python3.12/site-packages/airflow/example_dags/example_task_group.py took 0.103 seconds
[2025-02-06T09:09:47.888+0000] {processor.py:186} INFO - Started process (PID=637) to work on /opt/conda/lib/python3.12/site-packages/airflow/example_dags/example_task_group.py
[2025-02-06T09:09:47.890+0000] {processor.py:914} INFO - Processing file /opt/conda/lib/python3.12/site-packages/airflow/example_dags/example_task_group.py for tasks to queue
[2025-02-06T09:09:47.892+0000] {logging_mixin.py:190} INFO - [2025-02-06T09:09:47.892+0000] {dagbag.py:588} INFO - Filling up the DagBag from /opt/conda/lib/python3.12/site-packages/airflow/example_dags/example_task_group.py
[2025-02-06T09:09:47.899+0000] {processor.py:925} INFO - DAG(s) 'example_task_group' retrieved from /opt/conda/lib/python3.12/site-packages/airflow/example_dags/example_task_group.py
[2025-02-06T09:09:47.924+0000] {logging_mixin.py:190} INFO - [2025-02-06T09:09:47.924+0000] {dag.py:3239} INFO - Sync 1 DAGs
[2025-02-06T09:09:47.939+0000] {logging_mixin.py:190} INFO - [2025-02-06T09:09:47.939+0000] {dag.py:4180} INFO - Setting next_dagrun for example_task_group to None, run_after=None
[2025-02-06T09:09:47.989+0000] {processor.py:208} INFO - Processing /opt/conda/lib/python3.12/site-packages/airflow/example_dags/example_task_group.py took 0.105 seconds
[2025-02-06T09:12:02.807+0000] {processor.py:186} INFO - Started process (PID=892) to work on /opt/conda/lib/python3.12/site-packages/airflow/example_dags/example_task_group.py
[2025-02-06T09:12:02.808+0000] {processor.py:914} INFO - Processing file /opt/conda/lib/python3.12/site-packages/airflow/example_dags/example_task_group.py for tasks to queue
[2025-02-06T09:12:02.810+0000] {logging_mixin.py:190} INFO - [2025-02-06T09:12:02.810+0000] {dagbag.py:588} INFO - Filling up the DagBag from /opt/conda/lib/python3.12/site-packages/airflow/example_dags/example_task_group.py
[2025-02-06T09:12:02.817+0000] {processor.py:925} INFO - DAG(s) 'example_task_group' retrieved from /opt/conda/lib/python3.12/site-packages/airflow/example_dags/example_task_group.py
[2025-02-06T09:12:02.847+0000] {logging_mixin.py:190} INFO - [2025-02-06T09:12:02.847+0000] {dag.py:3239} INFO - Sync 1 DAGs
[2025-02-06T09:12:02.859+0000] {logging_mixin.py:190} INFO - [2025-02-06T09:12:02.858+0000] {dag.py:4180} INFO - Setting next_dagrun for example_task_group to None, run_after=None
[2025-02-06T09:12:02.920+0000] {processor.py:208} INFO - Processing /opt/conda/lib/python3.12/site-packages/airflow/example_dags/example_task_group.py took 0.117 seconds
[2025-02-06T09:14:34.464+0000] {processor.py:186} INFO - Started process (PID=1169) to work on /opt/conda/lib/python3.12/site-packages/airflow/example_dags/example_task_group.py
[2025-02-06T09:14:34.465+0000] {processor.py:914} INFO - Processing file /opt/conda/lib/python3.12/site-packages/airflow/example_dags/example_task_group.py for tasks to queue
[2025-02-06T09:14:34.467+0000] {logging_mixin.py:190} INFO - [2025-02-06T09:14:34.467+0000] {dagbag.py:588} INFO - Filling up the DagBag from /opt/conda/lib/python3.12/site-packages/airflow/example_dags/example_task_group.py
[2025-02-06T09:14:34.474+0000] {processor.py:925} INFO - DAG(s) 'example_task_group' retrieved from /opt/conda/lib/python3.12/site-packages/airflow/example_dags/example_task_group.py
[2025-02-06T09:14:34.496+0000] {logging_mixin.py:190} INFO - [2025-02-06T09:14:34.496+0000] {dag.py:3239} INFO - Sync 1 DAGs
[2025-02-06T09:14:34.509+0000] {logging_mixin.py:190} INFO - [2025-02-06T09:14:34.508+0000] {dag.py:4180} INFO - Setting next_dagrun for example_task_group to None, run_after=None
[2025-02-06T09:14:34.565+0000] {processor.py:208} INFO - Processing /opt/conda/lib/python3.12/site-packages/airflow/example_dags/example_task_group.py took 0.105 seconds
[2025-02-06T09:16:48.148+0000] {processor.py:186} INFO - Started process (PID=1420) to work on /opt/conda/lib/python3.12/site-packages/airflow/example_dags/example_task_group.py
[2025-02-06T09:16:48.149+0000] {processor.py:914} INFO - Processing file /opt/conda/lib/python3.12/site-packages/airflow/example_dags/example_task_group.py for tasks to queue
[2025-02-06T09:16:48.151+0000] {logging_mixin.py:190} INFO - [2025-02-06T09:16:48.150+0000] {dagbag.py:588} INFO - Filling up the DagBag from /opt/conda/lib/python3.12/site-packages/airflow/example_dags/example_task_group.py
[2025-02-06T09:16:48.157+0000] {processor.py:925} INFO - DAG(s) 'example_task_group' retrieved from /opt/conda/lib/python3.12/site-packages/airflow/example_dags/example_task_group.py
[2025-02-06T09:16:48.178+0000] {logging_mixin.py:190} INFO - [2025-02-06T09:16:48.178+0000] {dag.py:3239} INFO - Sync 1 DAGs
[2025-02-06T09:16:48.190+0000] {logging_mixin.py:190} INFO - [2025-02-06T09:16:48.190+0000] {dag.py:4180} INFO - Setting next_dagrun for example_task_group to None, run_after=None
[2025-02-06T09:16:48.243+0000] {processor.py:208} INFO - Processing /opt/conda/lib/python3.12/site-packages/airflow/example_dags/example_task_group.py took 0.099 seconds
[2025-02-06T09:19:00.342+0000] {processor.py:186} INFO - Started process (PID=1665) to work on /opt/conda/lib/python3.12/site-packages/airflow/example_dags/example_task_group.py
[2025-02-06T09:19:00.343+0000] {processor.py:914} INFO - Processing file /opt/conda/lib/python3.12/site-packages/airflow/example_dags/example_task_group.py for tasks to queue
[2025-02-06T09:19:00.345+0000] {logging_mixin.py:190} INFO - [2025-02-06T09:19:00.345+0000] {dagbag.py:588} INFO - Filling up the DagBag from /opt/conda/lib/python3.12/site-packages/airflow/example_dags/example_task_group.py
[2025-02-06T09:19:00.353+0000] {processor.py:925} INFO - DAG(s) 'example_task_group' retrieved from /opt/conda/lib/python3.12/site-packages/airflow/example_dags/example_task_group.py
[2025-02-06T09:19:00.473+0000] {logging_mixin.py:190} INFO - [2025-02-06T09:19:00.473+0000] {dag.py:3239} INFO - Sync 1 DAGs
[2025-02-06T09:19:00.484+0000] {logging_mixin.py:190} INFO - [2025-02-06T09:19:00.484+0000] {dag.py:4180} INFO - Setting next_dagrun for example_task_group to None, run_after=None
[2025-02-06T09:19:00.544+0000] {processor.py:208} INFO - Processing /opt/conda/lib/python3.12/site-packages/airflow/example_dags/example_task_group.py took 0.207 seconds
[2025-02-06T09:21:51.217+0000] {processor.py:186} INFO - Started process (PID=1944) to work on /opt/conda/lib/python3.12/site-packages/airflow/example_dags/example_task_group.py
[2025-02-06T09:21:51.218+0000] {processor.py:914} INFO - Processing file /opt/conda/lib/python3.12/site-packages/airflow/example_dags/example_task_group.py for tasks to queue
[2025-02-06T09:21:51.220+0000] {logging_mixin.py:190} INFO - [2025-02-06T09:21:51.220+0000] {dagbag.py:588} INFO - Filling up the DagBag from /opt/conda/lib/python3.12/site-packages/airflow/example_dags/example_task_group.py
[2025-02-06T09:21:51.229+0000] {processor.py:925} INFO - DAG(s) 'example_task_group' retrieved from /opt/conda/lib/python3.12/site-packages/airflow/example_dags/example_task_group.py
[2025-02-06T09:21:51.254+0000] {logging_mixin.py:190} INFO - [2025-02-06T09:21:51.254+0000] {dag.py:3239} INFO - Sync 1 DAGs
[2025-02-06T09:21:51.269+0000] {logging_mixin.py:190} INFO - [2025-02-06T09:21:51.268+0000] {dag.py:4180} INFO - Setting next_dagrun for example_task_group to None, run_after=None
[2025-02-06T09:21:51.325+0000] {processor.py:208} INFO - Processing /opt/conda/lib/python3.12/site-packages/airflow/example_dags/example_task_group.py took 0.113 seconds
[2025-02-06T09:24:50.903+0000] {processor.py:186} INFO - Started process (PID=94) to work on /opt/conda/lib/python3.12/site-packages/airflow/example_dags/example_task_group.py
[2025-02-06T09:24:50.904+0000] {processor.py:914} INFO - Processing file /opt/conda/lib/python3.12/site-packages/airflow/example_dags/example_task_group.py for tasks to queue
[2025-02-06T09:24:50.906+0000] {logging_mixin.py:190} INFO - [2025-02-06T09:24:50.906+0000] {dagbag.py:588} INFO - Filling up the DagBag from /opt/conda/lib/python3.12/site-packages/airflow/example_dags/example_task_group.py
[2025-02-06T09:24:50.913+0000] {processor.py:925} INFO - DAG(s) 'example_task_group' retrieved from /opt/conda/lib/python3.12/site-packages/airflow/example_dags/example_task_group.py
[2025-02-06T09:24:50.936+0000] {logging_mixin.py:190} INFO - [2025-02-06T09:24:50.936+0000] {dag.py:3239} INFO - Sync 1 DAGs
[2025-02-06T09:24:50.948+0000] {logging_mixin.py:190} INFO - [2025-02-06T09:24:50.948+0000] {dag.py:4180} INFO - Setting next_dagrun for example_task_group to None, run_after=None
[2025-02-06T09:24:51.007+0000] {processor.py:208} INFO - Processing /opt/conda/lib/python3.12/site-packages/airflow/example_dags/example_task_group.py took 0.109 seconds
[2025-02-06T09:28:22.042+0000] {processor.py:186} INFO - Started process (PID=105) to work on /opt/conda/lib/python3.12/site-packages/airflow/example_dags/example_task_group.py
[2025-02-06T09:28:22.043+0000] {processor.py:914} INFO - Processing file /opt/conda/lib/python3.12/site-packages/airflow/example_dags/example_task_group.py for tasks to queue
[2025-02-06T09:28:22.045+0000] {logging_mixin.py:190} INFO - [2025-02-06T09:28:22.045+0000] {dagbag.py:588} INFO - Filling up the DagBag from /opt/conda/lib/python3.12/site-packages/airflow/example_dags/example_task_group.py
[2025-02-06T09:28:22.052+0000] {processor.py:925} INFO - DAG(s) 'example_task_group' retrieved from /opt/conda/lib/python3.12/site-packages/airflow/example_dags/example_task_group.py
[2025-02-06T09:28:22.075+0000] {logging_mixin.py:190} INFO - [2025-02-06T09:28:22.075+0000] {dag.py:3239} INFO - Sync 1 DAGs
[2025-02-06T09:28:22.085+0000] {logging_mixin.py:190} INFO - [2025-02-06T09:28:22.085+0000] {dag.py:4180} INFO - Setting next_dagrun for example_task_group to None, run_after=None
[2025-02-06T09:28:22.136+0000] {processor.py:208} INFO - Processing /opt/conda/lib/python3.12/site-packages/airflow/example_dags/example_task_group.py took 0.098 seconds
[2025-02-06T09:30:30.567+0000] {processor.py:186} INFO - Started process (PID=170) to work on /opt/conda/lib/python3.12/site-packages/airflow/example_dags/example_task_group.py
[2025-02-06T09:30:30.568+0000] {processor.py:914} INFO - Processing file /opt/conda/lib/python3.12/site-packages/airflow/example_dags/example_task_group.py for tasks to queue
[2025-02-06T09:30:30.570+0000] {logging_mixin.py:190} INFO - [2025-02-06T09:30:30.569+0000] {dagbag.py:588} INFO - Filling up the DagBag from /opt/conda/lib/python3.12/site-packages/airflow/example_dags/example_task_group.py
[2025-02-06T09:30:30.576+0000] {processor.py:925} INFO - DAG(s) 'example_task_group' retrieved from /opt/conda/lib/python3.12/site-packages/airflow/example_dags/example_task_group.py
[2025-02-06T09:30:30.600+0000] {logging_mixin.py:190} INFO - [2025-02-06T09:30:30.600+0000] {dag.py:3239} INFO - Sync 1 DAGs
[2025-02-06T09:30:30.614+0000] {logging_mixin.py:190} INFO - [2025-02-06T09:30:30.614+0000] {dag.py:4180} INFO - Setting next_dagrun for example_task_group to None, run_after=None
[2025-02-06T09:30:30.664+0000] {processor.py:208} INFO - Processing /opt/conda/lib/python3.12/site-packages/airflow/example_dags/example_task_group.py took 0.101 seconds
[2025-02-06T09:35:45.699+0000] {processor.py:186} INFO - Started process (PID=749) to work on /opt/conda/lib/python3.12/site-packages/airflow/example_dags/example_task_group.py
[2025-02-06T09:35:45.700+0000] {processor.py:914} INFO - Processing file /opt/conda/lib/python3.12/site-packages/airflow/example_dags/example_task_group.py for tasks to queue
[2025-02-06T09:35:45.702+0000] {logging_mixin.py:190} INFO - [2025-02-06T09:35:45.702+0000] {dagbag.py:588} INFO - Filling up the DagBag from /opt/conda/lib/python3.12/site-packages/airflow/example_dags/example_task_group.py
[2025-02-06T09:35:45.708+0000] {processor.py:925} INFO - DAG(s) 'example_task_group' retrieved from /opt/conda/lib/python3.12/site-packages/airflow/example_dags/example_task_group.py
[2025-02-06T09:35:45.739+0000] {logging_mixin.py:190} INFO - [2025-02-06T09:35:45.739+0000] {dag.py:3239} INFO - Sync 1 DAGs
[2025-02-06T09:35:45.755+0000] {logging_mixin.py:190} INFO - [2025-02-06T09:35:45.755+0000] {dag.py:4180} INFO - Setting next_dagrun for example_task_group to None, run_after=None
[2025-02-06T09:35:45.808+0000] {processor.py:208} INFO - Processing /opt/conda/lib/python3.12/site-packages/airflow/example_dags/example_task_group.py took 0.113 seconds
[2025-02-06T09:40:54.009+0000] {processor.py:186} INFO - Started process (PID=1294) to work on /opt/conda/lib/python3.12/site-packages/airflow/example_dags/example_task_group.py
[2025-02-06T09:40:54.011+0000] {processor.py:914} INFO - Processing file /opt/conda/lib/python3.12/site-packages/airflow/example_dags/example_task_group.py for tasks to queue
[2025-02-06T09:40:54.013+0000] {logging_mixin.py:190} INFO - [2025-02-06T09:40:54.013+0000] {dagbag.py:588} INFO - Filling up the DagBag from /opt/conda/lib/python3.12/site-packages/airflow/example_dags/example_task_group.py
[2025-02-06T09:40:54.021+0000] {processor.py:925} INFO - DAG(s) 'example_task_group' retrieved from /opt/conda/lib/python3.12/site-packages/airflow/example_dags/example_task_group.py
[2025-02-06T09:40:54.048+0000] {logging_mixin.py:190} INFO - [2025-02-06T09:40:54.047+0000] {dag.py:3239} INFO - Sync 1 DAGs
[2025-02-06T09:40:54.064+0000] {logging_mixin.py:190} INFO - [2025-02-06T09:40:54.064+0000] {dag.py:4180} INFO - Setting next_dagrun for example_task_group to None, run_after=None
[2025-02-06T09:40:54.127+0000] {processor.py:208} INFO - Processing /opt/conda/lib/python3.12/site-packages/airflow/example_dags/example_task_group.py took 0.121 seconds
[2025-02-06T09:47:47.489+0000] {processor.py:186} INFO - Started process (PID=153) to work on /opt/conda/lib/python3.12/site-packages/airflow/example_dags/example_task_group.py
[2025-02-06T09:47:47.490+0000] {processor.py:914} INFO - Processing file /opt/conda/lib/python3.12/site-packages/airflow/example_dags/example_task_group.py for tasks to queue
[2025-02-06T09:47:47.493+0000] {logging_mixin.py:190} INFO - [2025-02-06T09:47:47.492+0000] {dagbag.py:588} INFO - Filling up the DagBag from /opt/conda/lib/python3.12/site-packages/airflow/example_dags/example_task_group.py
[2025-02-06T09:47:47.499+0000] {processor.py:925} INFO - DAG(s) 'example_task_group' retrieved from /opt/conda/lib/python3.12/site-packages/airflow/example_dags/example_task_group.py
[2025-02-06T09:47:47.526+0000] {logging_mixin.py:190} INFO - [2025-02-06T09:47:47.526+0000] {dag.py:3239} INFO - Sync 1 DAGs
[2025-02-06T09:47:47.539+0000] {logging_mixin.py:190} INFO - [2025-02-06T09:47:47.538+0000] {dag.py:4180} INFO - Setting next_dagrun for example_task_group to None, run_after=None
[2025-02-06T09:47:47.594+0000] {processor.py:208} INFO - Processing /opt/conda/lib/python3.12/site-packages/airflow/example_dags/example_task_group.py took 0.109 seconds
[2025-02-06T09:53:02.161+0000] {processor.py:186} INFO - Started process (PID=698) to work on /opt/conda/lib/python3.12/site-packages/airflow/example_dags/example_task_group.py
[2025-02-06T09:53:02.162+0000] {processor.py:914} INFO - Processing file /opt/conda/lib/python3.12/site-packages/airflow/example_dags/example_task_group.py for tasks to queue
[2025-02-06T09:53:02.165+0000] {logging_mixin.py:190} INFO - [2025-02-06T09:53:02.165+0000] {dagbag.py:588} INFO - Filling up the DagBag from /opt/conda/lib/python3.12/site-packages/airflow/example_dags/example_task_group.py
[2025-02-06T09:53:02.171+0000] {processor.py:925} INFO - DAG(s) 'example_task_group' retrieved from /opt/conda/lib/python3.12/site-packages/airflow/example_dags/example_task_group.py
[2025-02-06T09:53:02.193+0000] {logging_mixin.py:190} INFO - [2025-02-06T09:53:02.193+0000] {dag.py:3239} INFO - Sync 1 DAGs
[2025-02-06T09:53:02.205+0000] {logging_mixin.py:190} INFO - [2025-02-06T09:53:02.205+0000] {dag.py:4180} INFO - Setting next_dagrun for example_task_group to None, run_after=None
[2025-02-06T09:53:02.259+0000] {processor.py:208} INFO - Processing /opt/conda/lib/python3.12/site-packages/airflow/example_dags/example_task_group.py took 0.101 seconds
[2025-02-06T09:57:38.761+0000] {processor.py:186} INFO - Started process (PID=1213) to work on /opt/conda/lib/python3.12/site-packages/airflow/example_dags/example_task_group.py
[2025-02-06T09:57:38.763+0000] {processor.py:914} INFO - Processing file /opt/conda/lib/python3.12/site-packages/airflow/example_dags/example_task_group.py for tasks to queue
[2025-02-06T09:57:38.766+0000] {logging_mixin.py:190} INFO - [2025-02-06T09:57:38.765+0000] {dagbag.py:588} INFO - Filling up the DagBag from /opt/conda/lib/python3.12/site-packages/airflow/example_dags/example_task_group.py
[2025-02-06T09:57:38.776+0000] {processor.py:925} INFO - DAG(s) 'example_task_group' retrieved from /opt/conda/lib/python3.12/site-packages/airflow/example_dags/example_task_group.py
[2025-02-06T09:57:38.803+0000] {logging_mixin.py:190} INFO - [2025-02-06T09:57:38.803+0000] {dag.py:3239} INFO - Sync 1 DAGs
[2025-02-06T09:57:38.814+0000] {logging_mixin.py:190} INFO - [2025-02-06T09:57:38.814+0000] {dag.py:4180} INFO - Setting next_dagrun for example_task_group to None, run_after=None
[2025-02-06T09:57:38.864+0000] {processor.py:208} INFO - Processing /opt/conda/lib/python3.12/site-packages/airflow/example_dags/example_task_group.py took 0.106 seconds
[2025-02-06T10:02:23.913+0000] {processor.py:186} INFO - Started process (PID=1730) to work on /opt/conda/lib/python3.12/site-packages/airflow/example_dags/example_task_group.py
[2025-02-06T10:02:23.914+0000] {processor.py:914} INFO - Processing file /opt/conda/lib/python3.12/site-packages/airflow/example_dags/example_task_group.py for tasks to queue
[2025-02-06T10:02:23.915+0000] {logging_mixin.py:190} INFO - [2025-02-06T10:02:23.915+0000] {dagbag.py:588} INFO - Filling up the DagBag from /opt/conda/lib/python3.12/site-packages/airflow/example_dags/example_task_group.py
[2025-02-06T10:02:23.923+0000] {processor.py:925} INFO - DAG(s) 'example_task_group' retrieved from /opt/conda/lib/python3.12/site-packages/airflow/example_dags/example_task_group.py
[2025-02-06T10:02:23.945+0000] {logging_mixin.py:190} INFO - [2025-02-06T10:02:23.945+0000] {dag.py:3239} INFO - Sync 1 DAGs
[2025-02-06T10:02:23.957+0000] {logging_mixin.py:190} INFO - [2025-02-06T10:02:23.957+0000] {dag.py:4180} INFO - Setting next_dagrun for example_task_group to None, run_after=None
[2025-02-06T10:02:24.007+0000] {processor.py:208} INFO - Processing /opt/conda/lib/python3.12/site-packages/airflow/example_dags/example_task_group.py took 0.099 seconds
[2025-02-06T10:05:50.645+0000] {processor.py:186} INFO - Started process (PID=2054) to work on /opt/conda/lib/python3.12/site-packages/airflow/example_dags/example_task_group.py
[2025-02-06T10:05:50.646+0000] {processor.py:914} INFO - Processing file /opt/conda/lib/python3.12/site-packages/airflow/example_dags/example_task_group.py for tasks to queue
[2025-02-06T10:05:50.648+0000] {logging_mixin.py:190} INFO - [2025-02-06T10:05:50.648+0000] {dagbag.py:588} INFO - Filling up the DagBag from /opt/conda/lib/python3.12/site-packages/airflow/example_dags/example_task_group.py
[2025-02-06T10:05:50.656+0000] {processor.py:925} INFO - DAG(s) 'example_task_group' retrieved from /opt/conda/lib/python3.12/site-packages/airflow/example_dags/example_task_group.py
[2025-02-06T10:05:50.681+0000] {logging_mixin.py:190} INFO - [2025-02-06T10:05:50.681+0000] {dag.py:3239} INFO - Sync 1 DAGs
[2025-02-06T10:05:50.698+0000] {logging_mixin.py:190} INFO - [2025-02-06T10:05:50.698+0000] {dag.py:4180} INFO - Setting next_dagrun for example_task_group to None, run_after=None
[2025-02-06T10:05:50.751+0000] {processor.py:208} INFO - Processing /opt/conda/lib/python3.12/site-packages/airflow/example_dags/example_task_group.py took 0.111 seconds
[2025-02-06T10:07:55.419+0000] {processor.py:186} INFO - Started process (PID=2227) to work on /opt/conda/lib/python3.12/site-packages/airflow/example_dags/example_task_group.py
[2025-02-06T10:07:55.420+0000] {processor.py:914} INFO - Processing file /opt/conda/lib/python3.12/site-packages/airflow/example_dags/example_task_group.py for tasks to queue
[2025-02-06T10:07:55.422+0000] {logging_mixin.py:190} INFO - [2025-02-06T10:07:55.421+0000] {dagbag.py:588} INFO - Filling up the DagBag from /opt/conda/lib/python3.12/site-packages/airflow/example_dags/example_task_group.py
[2025-02-06T10:07:55.429+0000] {processor.py:925} INFO - DAG(s) 'example_task_group' retrieved from /opt/conda/lib/python3.12/site-packages/airflow/example_dags/example_task_group.py
[2025-02-06T10:07:55.451+0000] {logging_mixin.py:190} INFO - [2025-02-06T10:07:55.451+0000] {dag.py:3239} INFO - Sync 1 DAGs
[2025-02-06T10:07:55.471+0000] {logging_mixin.py:190} INFO - [2025-02-06T10:07:55.471+0000] {dag.py:4180} INFO - Setting next_dagrun for example_task_group to None, run_after=None
[2025-02-06T10:07:55.529+0000] {processor.py:208} INFO - Processing /opt/conda/lib/python3.12/site-packages/airflow/example_dags/example_task_group.py took 0.114 seconds
[2025-02-06T10:11:55.923+0000] {processor.py:186} INFO - Started process (PID=2646) to work on /opt/conda/lib/python3.12/site-packages/airflow/example_dags/example_task_group.py
[2025-02-06T10:11:55.925+0000] {processor.py:914} INFO - Processing file /opt/conda/lib/python3.12/site-packages/airflow/example_dags/example_task_group.py for tasks to queue
[2025-02-06T10:11:55.927+0000] {logging_mixin.py:190} INFO - [2025-02-06T10:11:55.926+0000] {dagbag.py:588} INFO - Filling up the DagBag from /opt/conda/lib/python3.12/site-packages/airflow/example_dags/example_task_group.py
[2025-02-06T10:11:55.934+0000] {processor.py:925} INFO - DAG(s) 'example_task_group' retrieved from /opt/conda/lib/python3.12/site-packages/airflow/example_dags/example_task_group.py
[2025-02-06T10:11:55.964+0000] {logging_mixin.py:190} INFO - [2025-02-06T10:11:55.964+0000] {dag.py:3239} INFO - Sync 1 DAGs
[2025-02-06T10:11:55.988+0000] {logging_mixin.py:190} INFO - [2025-02-06T10:11:55.987+0000] {dag.py:4180} INFO - Setting next_dagrun for example_task_group to None, run_after=None
[2025-02-06T10:11:56.422+0000] {processor.py:208} INFO - Processing /opt/conda/lib/python3.12/site-packages/airflow/example_dags/example_task_group.py took 0.503 seconds
[2025-02-06T10:18:10.683+0000] {processor.py:186} INFO - Started process (PID=3296) to work on /opt/conda/lib/python3.12/site-packages/airflow/example_dags/example_task_group.py
[2025-02-06T10:18:10.684+0000] {processor.py:914} INFO - Processing file /opt/conda/lib/python3.12/site-packages/airflow/example_dags/example_task_group.py for tasks to queue
[2025-02-06T10:18:10.686+0000] {logging_mixin.py:190} INFO - [2025-02-06T10:18:10.685+0000] {dagbag.py:588} INFO - Filling up the DagBag from /opt/conda/lib/python3.12/site-packages/airflow/example_dags/example_task_group.py
[2025-02-06T10:18:10.691+0000] {processor.py:925} INFO - DAG(s) 'example_task_group' retrieved from /opt/conda/lib/python3.12/site-packages/airflow/example_dags/example_task_group.py
[2025-02-06T10:18:10.712+0000] {logging_mixin.py:190} INFO - [2025-02-06T10:18:10.712+0000] {dag.py:3239} INFO - Sync 1 DAGs
[2025-02-06T10:18:10.723+0000] {logging_mixin.py:190} INFO - [2025-02-06T10:18:10.723+0000] {dag.py:4180} INFO - Setting next_dagrun for example_task_group to None, run_after=None
[2025-02-06T10:18:10.785+0000] {processor.py:208} INFO - Processing /opt/conda/lib/python3.12/site-packages/airflow/example_dags/example_task_group.py took 0.107 seconds
[2025-02-06T10:23:49.532+0000] {processor.py:186} INFO - Started process (PID=3870) to work on /opt/conda/lib/python3.12/site-packages/airflow/example_dags/example_task_group.py
[2025-02-06T10:23:49.533+0000] {processor.py:914} INFO - Processing file /opt/conda/lib/python3.12/site-packages/airflow/example_dags/example_task_group.py for tasks to queue
[2025-02-06T10:23:49.535+0000] {logging_mixin.py:190} INFO - [2025-02-06T10:23:49.535+0000] {dagbag.py:588} INFO - Filling up the DagBag from /opt/conda/lib/python3.12/site-packages/airflow/example_dags/example_task_group.py
[2025-02-06T10:23:49.543+0000] {processor.py:925} INFO - DAG(s) 'example_task_group' retrieved from /opt/conda/lib/python3.12/site-packages/airflow/example_dags/example_task_group.py
[2025-02-06T10:23:49.566+0000] {logging_mixin.py:190} INFO - [2025-02-06T10:23:49.566+0000] {dag.py:3239} INFO - Sync 1 DAGs
[2025-02-06T10:23:49.584+0000] {logging_mixin.py:190} INFO - [2025-02-06T10:23:49.584+0000] {dag.py:4180} INFO - Setting next_dagrun for example_task_group to None, run_after=None
[2025-02-06T10:23:49.638+0000] {processor.py:208} INFO - Processing /opt/conda/lib/python3.12/site-packages/airflow/example_dags/example_task_group.py took 0.111 seconds
[2025-02-06T10:25:09.913+0000] {processor.py:186} INFO - Started process (PID=3970) to work on /opt/conda/lib/python3.12/site-packages/airflow/example_dags/example_task_group.py
[2025-02-06T10:25:09.914+0000] {processor.py:914} INFO - Processing file /opt/conda/lib/python3.12/site-packages/airflow/example_dags/example_task_group.py for tasks to queue
[2025-02-06T10:25:09.916+0000] {logging_mixin.py:190} INFO - [2025-02-06T10:25:09.916+0000] {dagbag.py:588} INFO - Filling up the DagBag from /opt/conda/lib/python3.12/site-packages/airflow/example_dags/example_task_group.py
[2025-02-06T10:25:09.923+0000] {processor.py:925} INFO - DAG(s) 'example_task_group' retrieved from /opt/conda/lib/python3.12/site-packages/airflow/example_dags/example_task_group.py
[2025-02-06T10:25:09.946+0000] {logging_mixin.py:190} INFO - [2025-02-06T10:25:09.946+0000] {dag.py:3239} INFO - Sync 1 DAGs
[2025-02-06T10:25:09.960+0000] {logging_mixin.py:190} INFO - [2025-02-06T10:25:09.959+0000] {dag.py:4180} INFO - Setting next_dagrun for example_task_group to None, run_after=None
[2025-02-06T10:25:10.020+0000] {processor.py:208} INFO - Processing /opt/conda/lib/python3.12/site-packages/airflow/example_dags/example_task_group.py took 0.113 seconds
[2025-02-06T10:26:29.464+0000] {processor.py:186} INFO - Started process (PID=4111) to work on /opt/conda/lib/python3.12/site-packages/airflow/example_dags/example_task_group.py
[2025-02-06T10:26:29.466+0000] {processor.py:914} INFO - Processing file /opt/conda/lib/python3.12/site-packages/airflow/example_dags/example_task_group.py for tasks to queue
[2025-02-06T10:26:29.467+0000] {logging_mixin.py:190} INFO - [2025-02-06T10:26:29.467+0000] {dagbag.py:588} INFO - Filling up the DagBag from /opt/conda/lib/python3.12/site-packages/airflow/example_dags/example_task_group.py
[2025-02-06T10:26:29.478+0000] {processor.py:925} INFO - DAG(s) 'example_task_group' retrieved from /opt/conda/lib/python3.12/site-packages/airflow/example_dags/example_task_group.py
[2025-02-06T10:26:29.512+0000] {logging_mixin.py:190} INFO - [2025-02-06T10:26:29.512+0000] {dag.py:3239} INFO - Sync 1 DAGs
[2025-02-06T10:26:29.533+0000] {logging_mixin.py:190} INFO - [2025-02-06T10:26:29.532+0000] {dag.py:4180} INFO - Setting next_dagrun for example_task_group to None, run_after=None
[2025-02-06T10:26:29.589+0000] {processor.py:208} INFO - Processing /opt/conda/lib/python3.12/site-packages/airflow/example_dags/example_task_group.py took 0.130 seconds
[2025-02-06T11:40:42.598+0000] {processor.py:186} INFO - Started process (PID=416) to work on /opt/conda/lib/python3.12/site-packages/airflow/example_dags/example_task_group.py
[2025-02-06T11:40:42.600+0000] {processor.py:914} INFO - Processing file /opt/conda/lib/python3.12/site-packages/airflow/example_dags/example_task_group.py for tasks to queue
[2025-02-06T11:40:42.602+0000] {logging_mixin.py:190} INFO - [2025-02-06T11:40:42.602+0000] {dagbag.py:588} INFO - Filling up the DagBag from /opt/conda/lib/python3.12/site-packages/airflow/example_dags/example_task_group.py
[2025-02-06T11:40:42.612+0000] {processor.py:925} INFO - DAG(s) 'example_task_group' retrieved from /opt/conda/lib/python3.12/site-packages/airflow/example_dags/example_task_group.py
[2025-02-06T11:40:42.652+0000] {logging_mixin.py:190} INFO - [2025-02-06T11:40:42.652+0000] {dag.py:3239} INFO - Sync 1 DAGs
[2025-02-06T11:40:42.674+0000] {logging_mixin.py:190} INFO - [2025-02-06T11:40:42.674+0000] {dag.py:4180} INFO - Setting next_dagrun for example_task_group to None, run_after=None
[2025-02-06T11:40:42.748+0000] {processor.py:208} INFO - Processing /opt/conda/lib/python3.12/site-packages/airflow/example_dags/example_task_group.py took 0.156 seconds
[2025-02-06T11:44:23.684+0000] {processor.py:186} INFO - Started process (PID=1373) to work on /opt/conda/lib/python3.12/site-packages/airflow/example_dags/example_task_group.py
[2025-02-06T11:44:23.685+0000] {processor.py:914} INFO - Processing file /opt/conda/lib/python3.12/site-packages/airflow/example_dags/example_task_group.py for tasks to queue
[2025-02-06T11:44:23.687+0000] {logging_mixin.py:190} INFO - [2025-02-06T11:44:23.687+0000] {dagbag.py:588} INFO - Filling up the DagBag from /opt/conda/lib/python3.12/site-packages/airflow/example_dags/example_task_group.py
[2025-02-06T11:44:23.694+0000] {processor.py:925} INFO - DAG(s) 'example_task_group' retrieved from /opt/conda/lib/python3.12/site-packages/airflow/example_dags/example_task_group.py
[2025-02-06T11:44:23.716+0000] {logging_mixin.py:190} INFO - [2025-02-06T11:44:23.716+0000] {dag.py:3239} INFO - Sync 1 DAGs
[2025-02-06T11:44:23.729+0000] {logging_mixin.py:190} INFO - [2025-02-06T11:44:23.729+0000] {dag.py:4180} INFO - Setting next_dagrun for example_task_group to None, run_after=None
[2025-02-06T11:44:23.799+0000] {processor.py:208} INFO - Processing /opt/conda/lib/python3.12/site-packages/airflow/example_dags/example_task_group.py took 0.120 seconds
[2025-02-06T11:48:50.611+0000] {processor.py:186} INFO - Started process (PID=2286) to work on /opt/conda/lib/python3.12/site-packages/airflow/example_dags/example_task_group.py
[2025-02-06T11:48:50.612+0000] {processor.py:914} INFO - Processing file /opt/conda/lib/python3.12/site-packages/airflow/example_dags/example_task_group.py for tasks to queue
[2025-02-06T11:48:50.614+0000] {logging_mixin.py:190} INFO - [2025-02-06T11:48:50.613+0000] {dagbag.py:588} INFO - Filling up the DagBag from /opt/conda/lib/python3.12/site-packages/airflow/example_dags/example_task_group.py
[2025-02-06T11:48:50.623+0000] {processor.py:925} INFO - DAG(s) 'example_task_group' retrieved from /opt/conda/lib/python3.12/site-packages/airflow/example_dags/example_task_group.py
[2025-02-06T11:48:50.659+0000] {logging_mixin.py:190} INFO - [2025-02-06T11:48:50.658+0000] {dag.py:3239} INFO - Sync 1 DAGs
[2025-02-06T11:48:50.677+0000] {logging_mixin.py:190} INFO - [2025-02-06T11:48:50.676+0000] {dag.py:4180} INFO - Setting next_dagrun for example_task_group to None, run_after=None
[2025-02-06T11:48:50.857+0000] {processor.py:208} INFO - Processing /opt/conda/lib/python3.12/site-packages/airflow/example_dags/example_task_group.py took 0.252 seconds
[2025-02-06T11:52:22.215+0000] {processor.py:186} INFO - Started process (PID=3260) to work on /opt/conda/lib/python3.12/site-packages/airflow/example_dags/example_task_group.py
[2025-02-06T11:52:22.217+0000] {processor.py:914} INFO - Processing file /opt/conda/lib/python3.12/site-packages/airflow/example_dags/example_task_group.py for tasks to queue
[2025-02-06T11:52:22.219+0000] {logging_mixin.py:190} INFO - [2025-02-06T11:52:22.218+0000] {dagbag.py:588} INFO - Filling up the DagBag from /opt/conda/lib/python3.12/site-packages/airflow/example_dags/example_task_group.py
[2025-02-06T11:52:22.231+0000] {processor.py:925} INFO - DAG(s) 'example_task_group' retrieved from /opt/conda/lib/python3.12/site-packages/airflow/example_dags/example_task_group.py
[2025-02-06T11:52:22.262+0000] {logging_mixin.py:190} INFO - [2025-02-06T11:52:22.261+0000] {dag.py:3239} INFO - Sync 1 DAGs
[2025-02-06T11:52:22.279+0000] {logging_mixin.py:190} INFO - [2025-02-06T11:52:22.279+0000] {dag.py:4180} INFO - Setting next_dagrun for example_task_group to None, run_after=None
[2025-02-06T11:52:22.350+0000] {processor.py:208} INFO - Processing /opt/conda/lib/python3.12/site-packages/airflow/example_dags/example_task_group.py took 0.141 seconds
[2025-02-06T11:55:02.640+0000] {processor.py:186} INFO - Started process (PID=128) to work on /opt/conda/lib/python3.12/site-packages/airflow/example_dags/example_task_group.py
[2025-02-06T11:55:02.641+0000] {processor.py:914} INFO - Processing file /opt/conda/lib/python3.12/site-packages/airflow/example_dags/example_task_group.py for tasks to queue
[2025-02-06T11:55:02.644+0000] {logging_mixin.py:190} INFO - [2025-02-06T11:55:02.643+0000] {dagbag.py:588} INFO - Filling up the DagBag from /opt/conda/lib/python3.12/site-packages/airflow/example_dags/example_task_group.py
[2025-02-06T11:55:02.657+0000] {processor.py:925} INFO - DAG(s) 'example_task_group' retrieved from /opt/conda/lib/python3.12/site-packages/airflow/example_dags/example_task_group.py
[2025-02-06T11:55:02.708+0000] {logging_mixin.py:190} INFO - [2025-02-06T11:55:02.708+0000] {dag.py:3239} INFO - Sync 1 DAGs
[2025-02-06T11:55:02.733+0000] {logging_mixin.py:190} INFO - [2025-02-06T11:55:02.732+0000] {dag.py:4180} INFO - Setting next_dagrun for example_task_group to None, run_after=None
[2025-02-06T11:55:02.821+0000] {processor.py:208} INFO - Processing /opt/conda/lib/python3.12/site-packages/airflow/example_dags/example_task_group.py took 0.187 seconds
[2025-02-06T11:59:22.411+0000] {processor.py:186} INFO - Started process (PID=416) to work on /opt/conda/lib/python3.12/site-packages/airflow/example_dags/example_task_group.py
[2025-02-06T11:59:22.413+0000] {processor.py:914} INFO - Processing file /opt/conda/lib/python3.12/site-packages/airflow/example_dags/example_task_group.py for tasks to queue
[2025-02-06T11:59:22.417+0000] {logging_mixin.py:190} INFO - [2025-02-06T11:59:22.417+0000] {dagbag.py:588} INFO - Filling up the DagBag from /opt/conda/lib/python3.12/site-packages/airflow/example_dags/example_task_group.py
[2025-02-06T11:59:22.432+0000] {processor.py:925} INFO - DAG(s) 'example_task_group' retrieved from /opt/conda/lib/python3.12/site-packages/airflow/example_dags/example_task_group.py
[2025-02-06T11:59:22.474+0000] {logging_mixin.py:190} INFO - [2025-02-06T11:59:22.474+0000] {dag.py:3239} INFO - Sync 1 DAGs
[2025-02-06T11:59:22.496+0000] {logging_mixin.py:190} INFO - [2025-02-06T11:59:22.496+0000] {dag.py:4180} INFO - Setting next_dagrun for example_task_group to None, run_after=None
[2025-02-06T11:59:22.697+0000] {processor.py:208} INFO - Processing /opt/conda/lib/python3.12/site-packages/airflow/example_dags/example_task_group.py took 0.292 seconds
[2025-02-06T12:04:28.928+0000] {processor.py:186} INFO - Started process (PID=416) to work on /opt/conda/lib/python3.12/site-packages/airflow/example_dags/example_task_group.py
[2025-02-06T12:04:28.928+0000] {processor.py:914} INFO - Processing file /opt/conda/lib/python3.12/site-packages/airflow/example_dags/example_task_group.py for tasks to queue
[2025-02-06T12:04:28.930+0000] {logging_mixin.py:190} INFO - [2025-02-06T12:04:28.930+0000] {dagbag.py:588} INFO - Filling up the DagBag from /opt/conda/lib/python3.12/site-packages/airflow/example_dags/example_task_group.py
[2025-02-06T12:04:28.937+0000] {processor.py:925} INFO - DAG(s) 'example_task_group' retrieved from /opt/conda/lib/python3.12/site-packages/airflow/example_dags/example_task_group.py
[2025-02-06T12:04:28.963+0000] {logging_mixin.py:190} INFO - [2025-02-06T12:04:28.963+0000] {dag.py:3239} INFO - Sync 1 DAGs
[2025-02-06T12:04:28.975+0000] {logging_mixin.py:190} INFO - [2025-02-06T12:04:28.974+0000] {dag.py:4180} INFO - Setting next_dagrun for example_task_group to None, run_after=None
[2025-02-06T12:04:29.061+0000] {processor.py:208} INFO - Processing /opt/conda/lib/python3.12/site-packages/airflow/example_dags/example_task_group.py took 0.137 seconds
[2025-02-06T12:07:22.514+0000] {processor.py:186} INFO - Started process (PID=1431) to work on /opt/conda/lib/python3.12/site-packages/airflow/example_dags/example_task_group.py
[2025-02-06T12:07:22.516+0000] {processor.py:914} INFO - Processing file /opt/conda/lib/python3.12/site-packages/airflow/example_dags/example_task_group.py for tasks to queue
[2025-02-06T12:07:22.518+0000] {logging_mixin.py:190} INFO - [2025-02-06T12:07:22.518+0000] {dagbag.py:588} INFO - Filling up the DagBag from /opt/conda/lib/python3.12/site-packages/airflow/example_dags/example_task_group.py
[2025-02-06T12:07:22.525+0000] {processor.py:925} INFO - DAG(s) 'example_task_group' retrieved from /opt/conda/lib/python3.12/site-packages/airflow/example_dags/example_task_group.py
[2025-02-06T12:07:22.547+0000] {logging_mixin.py:190} INFO - [2025-02-06T12:07:22.547+0000] {dag.py:3239} INFO - Sync 1 DAGs
[2025-02-06T12:07:22.560+0000] {logging_mixin.py:190} INFO - [2025-02-06T12:07:22.559+0000] {dag.py:4180} INFO - Setting next_dagrun for example_task_group to None, run_after=None
[2025-02-06T12:07:22.628+0000] {processor.py:208} INFO - Processing /opt/conda/lib/python3.12/site-packages/airflow/example_dags/example_task_group.py took 0.118 seconds
[2025-02-06T12:24:59.739+0000] {processor.py:186} INFO - Started process (PID=1402) to work on /opt/conda/lib/python3.12/site-packages/airflow/example_dags/example_task_group.py
[2025-02-06T12:24:59.740+0000] {processor.py:914} INFO - Processing file /opt/conda/lib/python3.12/site-packages/airflow/example_dags/example_task_group.py for tasks to queue
[2025-02-06T12:24:59.741+0000] {logging_mixin.py:190} INFO - [2025-02-06T12:24:59.741+0000] {dagbag.py:588} INFO - Filling up the DagBag from /opt/conda/lib/python3.12/site-packages/airflow/example_dags/example_task_group.py
[2025-02-06T12:24:59.747+0000] {processor.py:925} INFO - DAG(s) 'example_task_group' retrieved from /opt/conda/lib/python3.12/site-packages/airflow/example_dags/example_task_group.py
[2025-02-06T12:24:59.767+0000] {logging_mixin.py:190} INFO - [2025-02-06T12:24:59.767+0000] {dag.py:3239} INFO - Sync 1 DAGs
[2025-02-06T12:24:59.777+0000] {logging_mixin.py:190} INFO - [2025-02-06T12:24:59.777+0000] {dag.py:4180} INFO - Setting next_dagrun for example_task_group to None, run_after=None
[2025-02-06T12:24:59.819+0000] {processor.py:208} INFO - Processing /opt/conda/lib/python3.12/site-packages/airflow/example_dags/example_task_group.py took 0.083 seconds
[2025-02-06T12:28:40.497+0000] {processor.py:186} INFO - Started process (PID=3184) to work on /opt/conda/lib/python3.12/site-packages/airflow/example_dags/example_task_group.py
[2025-02-06T12:28:40.498+0000] {processor.py:914} INFO - Processing file /opt/conda/lib/python3.12/site-packages/airflow/example_dags/example_task_group.py for tasks to queue
[2025-02-06T12:28:40.500+0000] {logging_mixin.py:190} INFO - [2025-02-06T12:28:40.500+0000] {dagbag.py:588} INFO - Filling up the DagBag from /opt/conda/lib/python3.12/site-packages/airflow/example_dags/example_task_group.py
[2025-02-06T12:28:40.507+0000] {processor.py:925} INFO - DAG(s) 'example_task_group' retrieved from /opt/conda/lib/python3.12/site-packages/airflow/example_dags/example_task_group.py
[2025-02-06T12:28:40.534+0000] {logging_mixin.py:190} INFO - [2025-02-06T12:28:40.534+0000] {dag.py:3239} INFO - Sync 1 DAGs
[2025-02-06T12:28:40.547+0000] {logging_mixin.py:190} INFO - [2025-02-06T12:28:40.547+0000] {dag.py:4180} INFO - Setting next_dagrun for example_task_group to None, run_after=None
[2025-02-06T12:28:40.617+0000] {processor.py:208} INFO - Processing /opt/conda/lib/python3.12/site-packages/airflow/example_dags/example_task_group.py took 0.126 seconds
[2025-02-06T12:32:31.480+0000] {processor.py:186} INFO - Started process (PID=5198) to work on /opt/conda/lib/python3.12/site-packages/airflow/example_dags/example_task_group.py
[2025-02-06T12:32:31.481+0000] {processor.py:914} INFO - Processing file /opt/conda/lib/python3.12/site-packages/airflow/example_dags/example_task_group.py for tasks to queue
[2025-02-06T12:32:31.483+0000] {logging_mixin.py:190} INFO - [2025-02-06T12:32:31.483+0000] {dagbag.py:588} INFO - Filling up the DagBag from /opt/conda/lib/python3.12/site-packages/airflow/example_dags/example_task_group.py
[2025-02-06T12:32:31.489+0000] {processor.py:925} INFO - DAG(s) 'example_task_group' retrieved from /opt/conda/lib/python3.12/site-packages/airflow/example_dags/example_task_group.py
[2025-02-06T12:32:31.525+0000] {logging_mixin.py:190} INFO - [2025-02-06T12:32:31.525+0000] {dag.py:3239} INFO - Sync 1 DAGs
[2025-02-06T12:32:31.541+0000] {logging_mixin.py:190} INFO - [2025-02-06T12:32:31.540+0000] {dag.py:4180} INFO - Setting next_dagrun for example_task_group to None, run_after=None
[2025-02-06T12:32:31.602+0000] {processor.py:208} INFO - Processing /opt/conda/lib/python3.12/site-packages/airflow/example_dags/example_task_group.py took 0.126 seconds
[2025-02-06T12:36:40.768+0000] {processor.py:186} INFO - Started process (PID=7334) to work on /opt/conda/lib/python3.12/site-packages/airflow/example_dags/example_task_group.py
[2025-02-06T12:36:40.769+0000] {processor.py:914} INFO - Processing file /opt/conda/lib/python3.12/site-packages/airflow/example_dags/example_task_group.py for tasks to queue
[2025-02-06T12:36:40.771+0000] {logging_mixin.py:190} INFO - [2025-02-06T12:36:40.771+0000] {dagbag.py:588} INFO - Filling up the DagBag from /opt/conda/lib/python3.12/site-packages/airflow/example_dags/example_task_group.py
[2025-02-06T12:36:40.777+0000] {processor.py:925} INFO - DAG(s) 'example_task_group' retrieved from /opt/conda/lib/python3.12/site-packages/airflow/example_dags/example_task_group.py
[2025-02-06T12:36:40.812+0000] {logging_mixin.py:190} INFO - [2025-02-06T12:36:40.811+0000] {dag.py:3239} INFO - Sync 1 DAGs
[2025-02-06T12:36:40.826+0000] {logging_mixin.py:190} INFO - [2025-02-06T12:36:40.826+0000] {dag.py:4180} INFO - Setting next_dagrun for example_task_group to None, run_after=None
[2025-02-06T12:36:40.876+0000] {processor.py:208} INFO - Processing /opt/conda/lib/python3.12/site-packages/airflow/example_dags/example_task_group.py took 0.112 seconds
[2025-02-06T12:40:49.911+0000] {processor.py:186} INFO - Started process (PID=9454) to work on /opt/conda/lib/python3.12/site-packages/airflow/example_dags/example_task_group.py
[2025-02-06T12:40:49.913+0000] {processor.py:914} INFO - Processing file /opt/conda/lib/python3.12/site-packages/airflow/example_dags/example_task_group.py for tasks to queue
[2025-02-06T12:40:49.918+0000] {logging_mixin.py:190} INFO - [2025-02-06T12:40:49.917+0000] {dagbag.py:588} INFO - Filling up the DagBag from /opt/conda/lib/python3.12/site-packages/airflow/example_dags/example_task_group.py
[2025-02-06T12:40:49.926+0000] {processor.py:925} INFO - DAG(s) 'example_task_group' retrieved from /opt/conda/lib/python3.12/site-packages/airflow/example_dags/example_task_group.py
[2025-02-06T12:40:49.955+0000] {logging_mixin.py:190} INFO - [2025-02-06T12:40:49.955+0000] {dag.py:3239} INFO - Sync 1 DAGs
[2025-02-06T12:40:49.969+0000] {logging_mixin.py:190} INFO - [2025-02-06T12:40:49.969+0000] {dag.py:4180} INFO - Setting next_dagrun for example_task_group to None, run_after=None
[2025-02-06T12:40:50.024+0000] {processor.py:208} INFO - Processing /opt/conda/lib/python3.12/site-packages/airflow/example_dags/example_task_group.py took 0.121 seconds
[2025-02-06T12:44:53.171+0000] {processor.py:186} INFO - Started process (PID=11538) to work on /opt/conda/lib/python3.12/site-packages/airflow/example_dags/example_task_group.py
[2025-02-06T12:44:53.172+0000] {processor.py:914} INFO - Processing file /opt/conda/lib/python3.12/site-packages/airflow/example_dags/example_task_group.py for tasks to queue
[2025-02-06T12:44:53.175+0000] {logging_mixin.py:190} INFO - [2025-02-06T12:44:53.175+0000] {dagbag.py:588} INFO - Filling up the DagBag from /opt/conda/lib/python3.12/site-packages/airflow/example_dags/example_task_group.py
[2025-02-06T12:44:53.182+0000] {processor.py:925} INFO - DAG(s) 'example_task_group' retrieved from /opt/conda/lib/python3.12/site-packages/airflow/example_dags/example_task_group.py
[2025-02-06T12:44:53.203+0000] {logging_mixin.py:190} INFO - [2025-02-06T12:44:53.203+0000] {dag.py:3239} INFO - Sync 1 DAGs
[2025-02-06T12:44:53.215+0000] {logging_mixin.py:190} INFO - [2025-02-06T12:44:53.215+0000] {dag.py:4180} INFO - Setting next_dagrun for example_task_group to None, run_after=None
[2025-02-06T12:44:53.266+0000] {processor.py:208} INFO - Processing /opt/conda/lib/python3.12/site-packages/airflow/example_dags/example_task_group.py took 0.099 seconds
[2025-02-06T12:49:56.634+0000] {processor.py:186} INFO - Started process (PID=13881) to work on /opt/conda/lib/python3.12/site-packages/airflow/example_dags/example_task_group.py
[2025-02-06T12:49:56.635+0000] {processor.py:914} INFO - Processing file /opt/conda/lib/python3.12/site-packages/airflow/example_dags/example_task_group.py for tasks to queue
[2025-02-06T12:49:56.638+0000] {logging_mixin.py:190} INFO - [2025-02-06T12:49:56.637+0000] {dagbag.py:588} INFO - Filling up the DagBag from /opt/conda/lib/python3.12/site-packages/airflow/example_dags/example_task_group.py
[2025-02-06T12:49:56.647+0000] {processor.py:925} INFO - DAG(s) 'example_task_group' retrieved from /opt/conda/lib/python3.12/site-packages/airflow/example_dags/example_task_group.py
[2025-02-06T12:49:56.674+0000] {logging_mixin.py:190} INFO - [2025-02-06T12:49:56.673+0000] {dag.py:3239} INFO - Sync 1 DAGs
[2025-02-06T12:49:56.687+0000] {logging_mixin.py:190} INFO - [2025-02-06T12:49:56.687+0000] {dag.py:4180} INFO - Setting next_dagrun for example_task_group to None, run_after=None
[2025-02-06T12:49:56.746+0000] {processor.py:208} INFO - Processing /opt/conda/lib/python3.12/site-packages/airflow/example_dags/example_task_group.py took 0.115 seconds
[2025-02-06T12:59:55.980+0000] {processor.py:186} INFO - Started process (PID=660) to work on /opt/conda/lib/python3.12/site-packages/airflow/example_dags/example_task_group.py
[2025-02-06T12:59:55.982+0000] {processor.py:914} INFO - Processing file /opt/conda/lib/python3.12/site-packages/airflow/example_dags/example_task_group.py for tasks to queue
[2025-02-06T12:59:55.986+0000] {logging_mixin.py:190} INFO - [2025-02-06T12:59:55.985+0000] {dagbag.py:588} INFO - Filling up the DagBag from /opt/conda/lib/python3.12/site-packages/airflow/example_dags/example_task_group.py
[2025-02-06T12:59:56.005+0000] {processor.py:925} INFO - DAG(s) 'example_task_group' retrieved from /opt/conda/lib/python3.12/site-packages/airflow/example_dags/example_task_group.py
[2025-02-06T12:59:56.060+0000] {logging_mixin.py:190} INFO - [2025-02-06T12:59:56.058+0000] {dag.py:3239} INFO - Sync 1 DAGs
[2025-02-06T12:59:56.084+0000] {logging_mixin.py:190} INFO - [2025-02-06T12:59:56.084+0000] {dag.py:4180} INFO - Setting next_dagrun for example_task_group to None, run_after=None
[2025-02-06T12:59:56.192+0000] {processor.py:208} INFO - Processing /opt/conda/lib/python3.12/site-packages/airflow/example_dags/example_task_group.py took 0.222 seconds
[2025-02-06T13:03:04.394+0000] {processor.py:186} INFO - Started process (PID=1637) to work on /opt/conda/lib/python3.12/site-packages/airflow/example_dags/example_task_group.py
[2025-02-06T13:03:04.395+0000] {processor.py:914} INFO - Processing file /opt/conda/lib/python3.12/site-packages/airflow/example_dags/example_task_group.py for tasks to queue
[2025-02-06T13:03:04.398+0000] {logging_mixin.py:190} INFO - [2025-02-06T13:03:04.398+0000] {dagbag.py:588} INFO - Filling up the DagBag from /opt/conda/lib/python3.12/site-packages/airflow/example_dags/example_task_group.py
[2025-02-06T13:03:04.406+0000] {processor.py:925} INFO - DAG(s) 'example_task_group' retrieved from /opt/conda/lib/python3.12/site-packages/airflow/example_dags/example_task_group.py
[2025-02-06T13:03:04.430+0000] {logging_mixin.py:190} INFO - [2025-02-06T13:03:04.430+0000] {dag.py:3239} INFO - Sync 1 DAGs
[2025-02-06T13:03:04.442+0000] {logging_mixin.py:190} INFO - [2025-02-06T13:03:04.442+0000] {dag.py:4180} INFO - Setting next_dagrun for example_task_group to None, run_after=None
[2025-02-06T13:03:04.511+0000] {processor.py:208} INFO - Processing /opt/conda/lib/python3.12/site-packages/airflow/example_dags/example_task_group.py took 0.120 seconds
[2025-02-06T13:05:18.641+0000] {processor.py:186} INFO - Started process (PID=2335) to work on /opt/conda/lib/python3.12/site-packages/airflow/example_dags/example_task_group.py
[2025-02-06T13:05:18.642+0000] {processor.py:914} INFO - Processing file /opt/conda/lib/python3.12/site-packages/airflow/example_dags/example_task_group.py for tasks to queue
[2025-02-06T13:05:18.644+0000] {logging_mixin.py:190} INFO - [2025-02-06T13:05:18.643+0000] {dagbag.py:588} INFO - Filling up the DagBag from /opt/conda/lib/python3.12/site-packages/airflow/example_dags/example_task_group.py
[2025-02-06T13:05:18.652+0000] {processor.py:925} INFO - DAG(s) 'example_task_group' retrieved from /opt/conda/lib/python3.12/site-packages/airflow/example_dags/example_task_group.py
[2025-02-06T13:05:18.673+0000] {logging_mixin.py:190} INFO - [2025-02-06T13:05:18.673+0000] {dag.py:3239} INFO - Sync 1 DAGs
[2025-02-06T13:05:18.684+0000] {logging_mixin.py:190} INFO - [2025-02-06T13:05:18.684+0000] {dag.py:4180} INFO - Setting next_dagrun for example_task_group to None, run_after=None
[2025-02-06T13:05:18.848+0000] {processor.py:208} INFO - Processing /opt/conda/lib/python3.12/site-packages/airflow/example_dags/example_task_group.py took 0.212 seconds
