[2025-02-06T08:27:37.945+0000] {processor.py:186} INFO - Started process (PID=83) to work on /opt/conda/lib/python3.12/site-packages/airflow/example_dags/example_branch_operator.py
[2025-02-06T08:27:37.946+0000] {processor.py:914} INFO - Processing file /opt/conda/lib/python3.12/site-packages/airflow/example_dags/example_branch_operator.py for tasks to queue
[2025-02-06T08:27:37.948+0000] {logging_mixin.py:190} INFO - [2025-02-06T08:27:37.948+0000] {dagbag.py:588} INFO - Filling up the DagBag from /opt/conda/lib/python3.12/site-packages/airflow/example_dags/example_branch_operator.py
[2025-02-06T08:27:37.962+0000] {processor.py:927} WARNING - No viable dags retrieved from /opt/conda/lib/python3.12/site-packages/airflow/example_dags/example_branch_operator.py
[2025-02-06T08:27:37.987+0000] {processor.py:208} INFO - Processing /opt/conda/lib/python3.12/site-packages/airflow/example_dags/example_branch_operator.py took 0.047 seconds
[2025-02-06T08:31:10.541+0000] {processor.py:186} INFO - Started process (PID=84) to work on /opt/conda/lib/python3.12/site-packages/airflow/example_dags/example_branch_operator.py
[2025-02-06T08:31:10.542+0000] {processor.py:914} INFO - Processing file /opt/conda/lib/python3.12/site-packages/airflow/example_dags/example_branch_operator.py for tasks to queue
[2025-02-06T08:31:10.544+0000] {logging_mixin.py:190} INFO - [2025-02-06T08:31:10.544+0000] {dagbag.py:588} INFO - Filling up the DagBag from /opt/conda/lib/python3.12/site-packages/airflow/example_dags/example_branch_operator.py
[2025-02-06T08:31:10.547+0000] {processor.py:927} WARNING - No viable dags retrieved from /opt/conda/lib/python3.12/site-packages/airflow/example_dags/example_branch_operator.py
[2025-02-06T08:31:10.575+0000] {processor.py:208} INFO - Processing /opt/conda/lib/python3.12/site-packages/airflow/example_dags/example_branch_operator.py took 0.037 seconds
[2025-02-06T08:32:22.016+0000] {processor.py:186} INFO - Started process (PID=147) to work on /opt/conda/lib/python3.12/site-packages/airflow/example_dags/example_branch_operator.py
[2025-02-06T08:32:22.018+0000] {processor.py:914} INFO - Processing file /opt/conda/lib/python3.12/site-packages/airflow/example_dags/example_branch_operator.py for tasks to queue
[2025-02-06T08:32:22.019+0000] {logging_mixin.py:190} INFO - [2025-02-06T08:32:22.018+0000] {dagbag.py:588} INFO - Filling up the DagBag from /opt/conda/lib/python3.12/site-packages/airflow/example_dags/example_branch_operator.py
[2025-02-06T08:32:22.022+0000] {processor.py:927} WARNING - No viable dags retrieved from /opt/conda/lib/python3.12/site-packages/airflow/example_dags/example_branch_operator.py
[2025-02-06T08:32:22.040+0000] {processor.py:208} INFO - Processing /opt/conda/lib/python3.12/site-packages/airflow/example_dags/example_branch_operator.py took 0.028 seconds
[2025-02-06T08:33:33.155+0000] {processor.py:186} INFO - Started process (PID=208) to work on /opt/conda/lib/python3.12/site-packages/airflow/example_dags/example_branch_operator.py
[2025-02-06T08:33:33.156+0000] {processor.py:914} INFO - Processing file /opt/conda/lib/python3.12/site-packages/airflow/example_dags/example_branch_operator.py for tasks to queue
[2025-02-06T08:33:33.157+0000] {logging_mixin.py:190} INFO - [2025-02-06T08:33:33.157+0000] {dagbag.py:588} INFO - Filling up the DagBag from /opt/conda/lib/python3.12/site-packages/airflow/example_dags/example_branch_operator.py
[2025-02-06T08:33:33.160+0000] {processor.py:927} WARNING - No viable dags retrieved from /opt/conda/lib/python3.12/site-packages/airflow/example_dags/example_branch_operator.py
[2025-02-06T08:33:33.178+0000] {processor.py:208} INFO - Processing /opt/conda/lib/python3.12/site-packages/airflow/example_dags/example_branch_operator.py took 0.027 seconds
[2025-02-06T08:34:48.357+0000] {processor.py:186} INFO - Started process (PID=271) to work on /opt/conda/lib/python3.12/site-packages/airflow/example_dags/example_branch_operator.py
[2025-02-06T08:34:48.361+0000] {processor.py:914} INFO - Processing file /opt/conda/lib/python3.12/site-packages/airflow/example_dags/example_branch_operator.py for tasks to queue
[2025-02-06T08:34:48.366+0000] {logging_mixin.py:190} INFO - [2025-02-06T08:34:48.366+0000] {dagbag.py:588} INFO - Filling up the DagBag from /opt/conda/lib/python3.12/site-packages/airflow/example_dags/example_branch_operator.py
[2025-02-06T08:34:48.383+0000] {processor.py:927} WARNING - No viable dags retrieved from /opt/conda/lib/python3.12/site-packages/airflow/example_dags/example_branch_operator.py
[2025-02-06T08:34:48.430+0000] {processor.py:208} INFO - Processing /opt/conda/lib/python3.12/site-packages/airflow/example_dags/example_branch_operator.py took 0.085 seconds
[2025-02-06T08:36:04.965+0000] {processor.py:186} INFO - Started process (PID=337) to work on /opt/conda/lib/python3.12/site-packages/airflow/example_dags/example_branch_operator.py
[2025-02-06T08:36:04.966+0000] {processor.py:914} INFO - Processing file /opt/conda/lib/python3.12/site-packages/airflow/example_dags/example_branch_operator.py for tasks to queue
[2025-02-06T08:36:04.967+0000] {logging_mixin.py:190} INFO - [2025-02-06T08:36:04.967+0000] {dagbag.py:588} INFO - Filling up the DagBag from /opt/conda/lib/python3.12/site-packages/airflow/example_dags/example_branch_operator.py
[2025-02-06T08:36:04.973+0000] {processor.py:927} WARNING - No viable dags retrieved from /opt/conda/lib/python3.12/site-packages/airflow/example_dags/example_branch_operator.py
[2025-02-06T08:36:04.992+0000] {processor.py:208} INFO - Processing /opt/conda/lib/python3.12/site-packages/airflow/example_dags/example_branch_operator.py took 0.031 seconds
[2025-02-06T08:37:27.409+0000] {processor.py:186} INFO - Started process (PID=404) to work on /opt/conda/lib/python3.12/site-packages/airflow/example_dags/example_branch_operator.py
[2025-02-06T08:37:27.412+0000] {processor.py:914} INFO - Processing file /opt/conda/lib/python3.12/site-packages/airflow/example_dags/example_branch_operator.py for tasks to queue
[2025-02-06T08:37:27.413+0000] {logging_mixin.py:190} INFO - [2025-02-06T08:37:27.413+0000] {dagbag.py:588} INFO - Filling up the DagBag from /opt/conda/lib/python3.12/site-packages/airflow/example_dags/example_branch_operator.py
[2025-02-06T08:37:27.420+0000] {processor.py:927} WARNING - No viable dags retrieved from /opt/conda/lib/python3.12/site-packages/airflow/example_dags/example_branch_operator.py
[2025-02-06T08:37:27.444+0000] {processor.py:208} INFO - Processing /opt/conda/lib/python3.12/site-packages/airflow/example_dags/example_branch_operator.py took 0.041 seconds
[2025-02-06T08:38:42.612+0000] {processor.py:186} INFO - Started process (PID=469) to work on /opt/conda/lib/python3.12/site-packages/airflow/example_dags/example_branch_operator.py
[2025-02-06T08:38:42.613+0000] {processor.py:914} INFO - Processing file /opt/conda/lib/python3.12/site-packages/airflow/example_dags/example_branch_operator.py for tasks to queue
[2025-02-06T08:38:42.615+0000] {logging_mixin.py:190} INFO - [2025-02-06T08:38:42.614+0000] {dagbag.py:588} INFO - Filling up the DagBag from /opt/conda/lib/python3.12/site-packages/airflow/example_dags/example_branch_operator.py
[2025-02-06T08:38:42.620+0000] {processor.py:927} WARNING - No viable dags retrieved from /opt/conda/lib/python3.12/site-packages/airflow/example_dags/example_branch_operator.py
[2025-02-06T08:38:42.638+0000] {processor.py:208} INFO - Processing /opt/conda/lib/python3.12/site-packages/airflow/example_dags/example_branch_operator.py took 0.030 seconds
[2025-02-06T08:40:00.261+0000] {processor.py:186} INFO - Started process (PID=535) to work on /opt/conda/lib/python3.12/site-packages/airflow/example_dags/example_branch_operator.py
[2025-02-06T08:40:00.263+0000] {processor.py:914} INFO - Processing file /opt/conda/lib/python3.12/site-packages/airflow/example_dags/example_branch_operator.py for tasks to queue
[2025-02-06T08:40:00.264+0000] {logging_mixin.py:190} INFO - [2025-02-06T08:40:00.263+0000] {dagbag.py:588} INFO - Filling up the DagBag from /opt/conda/lib/python3.12/site-packages/airflow/example_dags/example_branch_operator.py
[2025-02-06T08:40:00.268+0000] {processor.py:927} WARNING - No viable dags retrieved from /opt/conda/lib/python3.12/site-packages/airflow/example_dags/example_branch_operator.py
[2025-02-06T08:40:00.288+0000] {processor.py:208} INFO - Processing /opt/conda/lib/python3.12/site-packages/airflow/example_dags/example_branch_operator.py took 0.031 seconds
[2025-02-06T08:41:17.908+0000] {processor.py:186} INFO - Started process (PID=601) to work on /opt/conda/lib/python3.12/site-packages/airflow/example_dags/example_branch_operator.py
[2025-02-06T08:41:17.909+0000] {processor.py:914} INFO - Processing file /opt/conda/lib/python3.12/site-packages/airflow/example_dags/example_branch_operator.py for tasks to queue
[2025-02-06T08:41:17.910+0000] {logging_mixin.py:190} INFO - [2025-02-06T08:41:17.910+0000] {dagbag.py:588} INFO - Filling up the DagBag from /opt/conda/lib/python3.12/site-packages/airflow/example_dags/example_branch_operator.py
[2025-02-06T08:41:17.916+0000] {processor.py:927} WARNING - No viable dags retrieved from /opt/conda/lib/python3.12/site-packages/airflow/example_dags/example_branch_operator.py
[2025-02-06T08:41:17.936+0000] {processor.py:208} INFO - Processing /opt/conda/lib/python3.12/site-packages/airflow/example_dags/example_branch_operator.py took 0.032 seconds
[2025-02-06T08:42:33.063+0000] {processor.py:186} INFO - Started process (PID=665) to work on /opt/conda/lib/python3.12/site-packages/airflow/example_dags/example_branch_operator.py
[2025-02-06T08:42:33.064+0000] {processor.py:914} INFO - Processing file /opt/conda/lib/python3.12/site-packages/airflow/example_dags/example_branch_operator.py for tasks to queue
[2025-02-06T08:42:33.067+0000] {logging_mixin.py:190} INFO - [2025-02-06T08:42:33.066+0000] {dagbag.py:588} INFO - Filling up the DagBag from /opt/conda/lib/python3.12/site-packages/airflow/example_dags/example_branch_operator.py
[2025-02-06T08:42:33.075+0000] {processor.py:927} WARNING - No viable dags retrieved from /opt/conda/lib/python3.12/site-packages/airflow/example_dags/example_branch_operator.py
[2025-02-06T08:42:33.096+0000] {processor.py:208} INFO - Processing /opt/conda/lib/python3.12/site-packages/airflow/example_dags/example_branch_operator.py took 0.038 seconds
[2025-02-06T08:44:05.634+0000] {processor.py:186} INFO - Started process (PID=84) to work on /opt/conda/lib/python3.12/site-packages/airflow/example_dags/example_branch_operator.py
[2025-02-06T08:44:05.636+0000] {processor.py:914} INFO - Processing file /opt/conda/lib/python3.12/site-packages/airflow/example_dags/example_branch_operator.py for tasks to queue
[2025-02-06T08:44:05.638+0000] {logging_mixin.py:190} INFO - [2025-02-06T08:44:05.637+0000] {dagbag.py:588} INFO - Filling up the DagBag from /opt/conda/lib/python3.12/site-packages/airflow/example_dags/example_branch_operator.py
[2025-02-06T08:44:05.641+0000] {processor.py:927} WARNING - No viable dags retrieved from /opt/conda/lib/python3.12/site-packages/airflow/example_dags/example_branch_operator.py
[2025-02-06T08:44:05.663+0000] {processor.py:208} INFO - Processing /opt/conda/lib/python3.12/site-packages/airflow/example_dags/example_branch_operator.py took 0.033 seconds
[2025-02-06T08:45:21.337+0000] {processor.py:186} INFO - Started process (PID=150) to work on /opt/conda/lib/python3.12/site-packages/airflow/example_dags/example_branch_operator.py
[2025-02-06T08:45:21.338+0000] {processor.py:914} INFO - Processing file /opt/conda/lib/python3.12/site-packages/airflow/example_dags/example_branch_operator.py for tasks to queue
[2025-02-06T08:45:21.340+0000] {logging_mixin.py:190} INFO - [2025-02-06T08:45:21.339+0000] {dagbag.py:588} INFO - Filling up the DagBag from /opt/conda/lib/python3.12/site-packages/airflow/example_dags/example_branch_operator.py
[2025-02-06T08:45:21.343+0000] {processor.py:927} WARNING - No viable dags retrieved from /opt/conda/lib/python3.12/site-packages/airflow/example_dags/example_branch_operator.py
[2025-02-06T08:45:21.358+0000] {processor.py:208} INFO - Processing /opt/conda/lib/python3.12/site-packages/airflow/example_dags/example_branch_operator.py took 0.026 seconds
[2025-02-06T08:50:28.224+0000] {processor.py:186} INFO - Started process (PID=324) to work on /opt/conda/lib/python3.12/site-packages/airflow/example_dags/example_branch_operator.py
[2025-02-06T08:50:28.225+0000] {processor.py:914} INFO - Processing file /opt/conda/lib/python3.12/site-packages/airflow/example_dags/example_branch_operator.py for tasks to queue
[2025-02-06T08:50:28.227+0000] {logging_mixin.py:190} INFO - [2025-02-06T08:50:28.226+0000] {dagbag.py:588} INFO - Filling up the DagBag from /opt/conda/lib/python3.12/site-packages/airflow/example_dags/example_branch_operator.py
[2025-02-06T08:50:28.231+0000] {processor.py:927} WARNING - No viable dags retrieved from /opt/conda/lib/python3.12/site-packages/airflow/example_dags/example_branch_operator.py
[2025-02-06T08:50:28.250+0000] {processor.py:208} INFO - Processing /opt/conda/lib/python3.12/site-packages/airflow/example_dags/example_branch_operator.py took 0.030 seconds
[2025-02-06T08:53:30.432+0000] {processor.py:186} INFO - Started process (PID=658) to work on /opt/conda/lib/python3.12/site-packages/airflow/example_dags/example_branch_operator.py
[2025-02-06T08:53:30.434+0000] {processor.py:914} INFO - Processing file /opt/conda/lib/python3.12/site-packages/airflow/example_dags/example_branch_operator.py for tasks to queue
[2025-02-06T08:53:30.436+0000] {logging_mixin.py:190} INFO - [2025-02-06T08:53:30.435+0000] {dagbag.py:588} INFO - Filling up the DagBag from /opt/conda/lib/python3.12/site-packages/airflow/example_dags/example_branch_operator.py
[2025-02-06T08:53:30.439+0000] {processor.py:927} WARNING - No viable dags retrieved from /opt/conda/lib/python3.12/site-packages/airflow/example_dags/example_branch_operator.py
[2025-02-06T08:53:30.467+0000] {processor.py:208} INFO - Processing /opt/conda/lib/python3.12/site-packages/airflow/example_dags/example_branch_operator.py took 0.040 seconds
[2025-02-06T08:58:28.500+0000] {processor.py:186} INFO - Started process (PID=1180) to work on /opt/conda/lib/python3.12/site-packages/airflow/example_dags/example_branch_operator.py
[2025-02-06T08:58:28.501+0000] {processor.py:914} INFO - Processing file /opt/conda/lib/python3.12/site-packages/airflow/example_dags/example_branch_operator.py for tasks to queue
[2025-02-06T08:58:28.503+0000] {logging_mixin.py:190} INFO - [2025-02-06T08:58:28.503+0000] {dagbag.py:588} INFO - Filling up the DagBag from /opt/conda/lib/python3.12/site-packages/airflow/example_dags/example_branch_operator.py
[2025-02-06T08:58:28.510+0000] {processor.py:927} WARNING - No viable dags retrieved from /opt/conda/lib/python3.12/site-packages/airflow/example_dags/example_branch_operator.py
[2025-02-06T08:58:28.537+0000] {processor.py:208} INFO - Processing /opt/conda/lib/python3.12/site-packages/airflow/example_dags/example_branch_operator.py took 0.042 seconds
[2025-02-06T09:06:15.081+0000] {processor.py:186} INFO - Started process (PID=240) to work on /opt/conda/lib/python3.12/site-packages/airflow/example_dags/example_branch_operator.py
[2025-02-06T09:06:15.082+0000] {processor.py:914} INFO - Processing file /opt/conda/lib/python3.12/site-packages/airflow/example_dags/example_branch_operator.py for tasks to queue
[2025-02-06T09:06:15.084+0000] {logging_mixin.py:190} INFO - [2025-02-06T09:06:15.083+0000] {dagbag.py:588} INFO - Filling up the DagBag from /opt/conda/lib/python3.12/site-packages/airflow/example_dags/example_branch_operator.py
[2025-02-06T09:06:15.087+0000] {processor.py:927} WARNING - No viable dags retrieved from /opt/conda/lib/python3.12/site-packages/airflow/example_dags/example_branch_operator.py
[2025-02-06T09:06:15.110+0000] {processor.py:208} INFO - Processing /opt/conda/lib/python3.12/site-packages/airflow/example_dags/example_branch_operator.py took 0.033 seconds
[2025-02-06T09:11:03.154+0000] {processor.py:186} INFO - Started process (PID=782) to work on /opt/conda/lib/python3.12/site-packages/airflow/example_dags/example_branch_operator.py
[2025-02-06T09:11:03.155+0000] {processor.py:914} INFO - Processing file /opt/conda/lib/python3.12/site-packages/airflow/example_dags/example_branch_operator.py for tasks to queue
[2025-02-06T09:11:03.157+0000] {logging_mixin.py:190} INFO - [2025-02-06T09:11:03.156+0000] {dagbag.py:588} INFO - Filling up the DagBag from /opt/conda/lib/python3.12/site-packages/airflow/example_dags/example_branch_operator.py
[2025-02-06T09:11:03.160+0000] {processor.py:927} WARNING - No viable dags retrieved from /opt/conda/lib/python3.12/site-packages/airflow/example_dags/example_branch_operator.py
[2025-02-06T09:11:03.178+0000] {processor.py:208} INFO - Processing /opt/conda/lib/python3.12/site-packages/airflow/example_dags/example_branch_operator.py took 0.028 seconds
[2025-02-06T09:15:56.919+0000] {processor.py:186} INFO - Started process (PID=1320) to work on /opt/conda/lib/python3.12/site-packages/airflow/example_dags/example_branch_operator.py
[2025-02-06T09:15:56.920+0000] {processor.py:914} INFO - Processing file /opt/conda/lib/python3.12/site-packages/airflow/example_dags/example_branch_operator.py for tasks to queue
[2025-02-06T09:15:56.922+0000] {logging_mixin.py:190} INFO - [2025-02-06T09:15:56.921+0000] {dagbag.py:588} INFO - Filling up the DagBag from /opt/conda/lib/python3.12/site-packages/airflow/example_dags/example_branch_operator.py
[2025-02-06T09:15:56.925+0000] {processor.py:927} WARNING - No viable dags retrieved from /opt/conda/lib/python3.12/site-packages/airflow/example_dags/example_branch_operator.py
[2025-02-06T09:15:56.945+0000] {processor.py:208} INFO - Processing /opt/conda/lib/python3.12/site-packages/airflow/example_dags/example_branch_operator.py took 0.030 seconds
[2025-02-06T09:20:39.110+0000] {processor.py:186} INFO - Started process (PID=1824) to work on /opt/conda/lib/python3.12/site-packages/airflow/example_dags/example_branch_operator.py
[2025-02-06T09:20:39.111+0000] {processor.py:914} INFO - Processing file /opt/conda/lib/python3.12/site-packages/airflow/example_dags/example_branch_operator.py for tasks to queue
[2025-02-06T09:20:39.113+0000] {logging_mixin.py:190} INFO - [2025-02-06T09:20:39.112+0000] {dagbag.py:588} INFO - Filling up the DagBag from /opt/conda/lib/python3.12/site-packages/airflow/example_dags/example_branch_operator.py
[2025-02-06T09:20:39.116+0000] {processor.py:927} WARNING - No viable dags retrieved from /opt/conda/lib/python3.12/site-packages/airflow/example_dags/example_branch_operator.py
[2025-02-06T09:20:39.136+0000] {processor.py:208} INFO - Processing /opt/conda/lib/python3.12/site-packages/airflow/example_dags/example_branch_operator.py took 0.030 seconds
[2025-02-06T09:23:57.955+0000] {processor.py:186} INFO - Started process (PID=2154) to work on /opt/conda/lib/python3.12/site-packages/airflow/example_dags/example_branch_operator.py
[2025-02-06T09:23:57.959+0000] {processor.py:914} INFO - Processing file /opt/conda/lib/python3.12/site-packages/airflow/example_dags/example_branch_operator.py for tasks to queue
[2025-02-06T09:23:57.966+0000] {logging_mixin.py:190} INFO - [2025-02-06T09:23:57.963+0000] {dagbag.py:588} INFO - Filling up the DagBag from /opt/conda/lib/python3.12/site-packages/airflow/example_dags/example_branch_operator.py
[2025-02-06T09:23:57.971+0000] {processor.py:927} WARNING - No viable dags retrieved from /opt/conda/lib/python3.12/site-packages/airflow/example_dags/example_branch_operator.py
[2025-02-06T09:23:58.031+0000] {processor.py:208} INFO - Processing /opt/conda/lib/python3.12/site-packages/airflow/example_dags/example_branch_operator.py took 0.087 seconds
[2025-02-06T09:34:13.372+0000] {processor.py:186} INFO - Started process (PID=582) to work on /opt/conda/lib/python3.12/site-packages/airflow/example_dags/example_branch_operator.py
[2025-02-06T09:34:13.373+0000] {processor.py:914} INFO - Processing file /opt/conda/lib/python3.12/site-packages/airflow/example_dags/example_branch_operator.py for tasks to queue
[2025-02-06T09:34:13.374+0000] {logging_mixin.py:190} INFO - [2025-02-06T09:34:13.374+0000] {dagbag.py:588} INFO - Filling up the DagBag from /opt/conda/lib/python3.12/site-packages/airflow/example_dags/example_branch_operator.py
[2025-02-06T09:34:13.378+0000] {processor.py:927} WARNING - No viable dags retrieved from /opt/conda/lib/python3.12/site-packages/airflow/example_dags/example_branch_operator.py
[2025-02-06T09:34:13.407+0000] {processor.py:208} INFO - Processing /opt/conda/lib/python3.12/site-packages/airflow/example_dags/example_branch_operator.py took 0.039 seconds
[2025-02-06T09:39:32.437+0000] {processor.py:186} INFO - Started process (PID=1151) to work on /opt/conda/lib/python3.12/site-packages/airflow/example_dags/example_branch_operator.py
[2025-02-06T09:39:32.438+0000] {processor.py:914} INFO - Processing file /opt/conda/lib/python3.12/site-packages/airflow/example_dags/example_branch_operator.py for tasks to queue
[2025-02-06T09:39:32.440+0000] {logging_mixin.py:190} INFO - [2025-02-06T09:39:32.439+0000] {dagbag.py:588} INFO - Filling up the DagBag from /opt/conda/lib/python3.12/site-packages/airflow/example_dags/example_branch_operator.py
[2025-02-06T09:39:32.443+0000] {processor.py:927} WARNING - No viable dags retrieved from /opt/conda/lib/python3.12/site-packages/airflow/example_dags/example_branch_operator.py
[2025-02-06T09:39:32.461+0000] {processor.py:208} INFO - Processing /opt/conda/lib/python3.12/site-packages/airflow/example_dags/example_branch_operator.py took 0.029 seconds
[2025-02-06T09:51:42.536+0000] {processor.py:186} INFO - Started process (PID=565) to work on /opt/conda/lib/python3.12/site-packages/airflow/example_dags/example_branch_operator.py
[2025-02-06T09:51:42.537+0000] {processor.py:914} INFO - Processing file /opt/conda/lib/python3.12/site-packages/airflow/example_dags/example_branch_operator.py for tasks to queue
[2025-02-06T09:51:42.539+0000] {logging_mixin.py:190} INFO - [2025-02-06T09:51:42.539+0000] {dagbag.py:588} INFO - Filling up the DagBag from /opt/conda/lib/python3.12/site-packages/airflow/example_dags/example_branch_operator.py
[2025-02-06T09:51:42.542+0000] {processor.py:927} WARNING - No viable dags retrieved from /opt/conda/lib/python3.12/site-packages/airflow/example_dags/example_branch_operator.py
[2025-02-06T09:51:42.560+0000] {processor.py:208} INFO - Processing /opt/conda/lib/python3.12/site-packages/airflow/example_dags/example_branch_operator.py took 0.028 seconds
[2025-02-06T10:00:32.327+0000] {processor.py:186} INFO - Started process (PID=1534) to work on /opt/conda/lib/python3.12/site-packages/airflow/example_dags/example_branch_operator.py
[2025-02-06T10:00:32.328+0000] {processor.py:914} INFO - Processing file /opt/conda/lib/python3.12/site-packages/airflow/example_dags/example_branch_operator.py for tasks to queue
[2025-02-06T10:00:32.331+0000] {logging_mixin.py:190} INFO - [2025-02-06T10:00:32.331+0000] {dagbag.py:588} INFO - Filling up the DagBag from /opt/conda/lib/python3.12/site-packages/airflow/example_dags/example_branch_operator.py
[2025-02-06T10:00:32.337+0000] {processor.py:927} WARNING - No viable dags retrieved from /opt/conda/lib/python3.12/site-packages/airflow/example_dags/example_branch_operator.py
[2025-02-06T10:00:32.361+0000] {processor.py:208} INFO - Processing /opt/conda/lib/python3.12/site-packages/airflow/example_dags/example_branch_operator.py took 0.039 seconds
[2025-02-06T10:05:31.839+0000] {processor.py:186} INFO - Started process (PID=2037) to work on /opt/conda/lib/python3.12/site-packages/airflow/example_dags/example_branch_operator.py
[2025-02-06T10:05:31.841+0000] {processor.py:914} INFO - Processing file /opt/conda/lib/python3.12/site-packages/airflow/example_dags/example_branch_operator.py for tasks to queue
[2025-02-06T10:05:31.843+0000] {logging_mixin.py:190} INFO - [2025-02-06T10:05:31.842+0000] {dagbag.py:588} INFO - Filling up the DagBag from /opt/conda/lib/python3.12/site-packages/airflow/example_dags/example_branch_operator.py
[2025-02-06T10:05:31.846+0000] {processor.py:927} WARNING - No viable dags retrieved from /opt/conda/lib/python3.12/site-packages/airflow/example_dags/example_branch_operator.py
[2025-02-06T10:05:31.869+0000] {processor.py:208} INFO - Processing /opt/conda/lib/python3.12/site-packages/airflow/example_dags/example_branch_operator.py took 0.034 seconds
[2025-02-06T10:10:12.217+0000] {processor.py:186} INFO - Started process (PID=2467) to work on /opt/conda/lib/python3.12/site-packages/airflow/example_dags/example_branch_operator.py
[2025-02-06T10:10:12.218+0000] {processor.py:914} INFO - Processing file /opt/conda/lib/python3.12/site-packages/airflow/example_dags/example_branch_operator.py for tasks to queue
[2025-02-06T10:10:12.219+0000] {logging_mixin.py:190} INFO - [2025-02-06T10:10:12.218+0000] {dagbag.py:588} INFO - Filling up the DagBag from /opt/conda/lib/python3.12/site-packages/airflow/example_dags/example_branch_operator.py
[2025-02-06T10:10:12.221+0000] {processor.py:927} WARNING - No viable dags retrieved from /opt/conda/lib/python3.12/site-packages/airflow/example_dags/example_branch_operator.py
[2025-02-06T10:10:12.240+0000] {processor.py:208} INFO - Processing /opt/conda/lib/python3.12/site-packages/airflow/example_dags/example_branch_operator.py took 0.027 seconds
[2025-02-06T10:22:41.990+0000] {processor.py:186} INFO - Started process (PID=3762) to work on /opt/conda/lib/python3.12/site-packages/airflow/example_dags/example_branch_operator.py
[2025-02-06T10:22:41.991+0000] {processor.py:914} INFO - Processing file /opt/conda/lib/python3.12/site-packages/airflow/example_dags/example_branch_operator.py for tasks to queue
[2025-02-06T10:22:41.993+0000] {logging_mixin.py:190} INFO - [2025-02-06T10:22:41.992+0000] {dagbag.py:588} INFO - Filling up the DagBag from /opt/conda/lib/python3.12/site-packages/airflow/example_dags/example_branch_operator.py
[2025-02-06T10:22:41.997+0000] {processor.py:927} WARNING - No viable dags retrieved from /opt/conda/lib/python3.12/site-packages/airflow/example_dags/example_branch_operator.py
[2025-02-06T10:22:42.019+0000] {processor.py:208} INFO - Processing /opt/conda/lib/python3.12/site-packages/airflow/example_dags/example_branch_operator.py took 0.034 seconds
[2025-02-06T10:24:34.293+0000] {processor.py:186} INFO - Started process (PID=3912) to work on /opt/conda/lib/python3.12/site-packages/airflow/example_dags/example_branch_operator.py
[2025-02-06T10:24:34.294+0000] {processor.py:914} INFO - Processing file /opt/conda/lib/python3.12/site-packages/airflow/example_dags/example_branch_operator.py for tasks to queue
[2025-02-06T10:24:34.295+0000] {logging_mixin.py:190} INFO - [2025-02-06T10:24:34.295+0000] {dagbag.py:588} INFO - Filling up the DagBag from /opt/conda/lib/python3.12/site-packages/airflow/example_dags/example_branch_operator.py
[2025-02-06T10:24:34.298+0000] {processor.py:927} WARNING - No viable dags retrieved from /opt/conda/lib/python3.12/site-packages/airflow/example_dags/example_branch_operator.py
[2025-02-06T10:24:34.317+0000] {processor.py:208} INFO - Processing /opt/conda/lib/python3.12/site-packages/airflow/example_dags/example_branch_operator.py took 0.028 seconds
[2025-02-06T11:42:52.030+0000] {processor.py:186} INFO - Started process (PID=1010) to work on /opt/conda/lib/python3.12/site-packages/airflow/example_dags/example_branch_operator.py
[2025-02-06T11:42:52.040+0000] {processor.py:914} INFO - Processing file /opt/conda/lib/python3.12/site-packages/airflow/example_dags/example_branch_operator.py for tasks to queue
[2025-02-06T11:42:52.045+0000] {logging_mixin.py:190} INFO - [2025-02-06T11:42:52.045+0000] {dagbag.py:588} INFO - Filling up the DagBag from /opt/conda/lib/python3.12/site-packages/airflow/example_dags/example_branch_operator.py
[2025-02-06T11:42:52.059+0000] {processor.py:927} WARNING - No viable dags retrieved from /opt/conda/lib/python3.12/site-packages/airflow/example_dags/example_branch_operator.py
[2025-02-06T11:42:52.124+0000] {processor.py:208} INFO - Processing /opt/conda/lib/python3.12/site-packages/airflow/example_dags/example_branch_operator.py took 0.108 seconds
[2025-02-06T11:51:00.773+0000] {processor.py:186} INFO - Started process (PID=2877) to work on /opt/conda/lib/python3.12/site-packages/airflow/example_dags/example_branch_operator.py
[2025-02-06T11:51:00.775+0000] {processor.py:914} INFO - Processing file /opt/conda/lib/python3.12/site-packages/airflow/example_dags/example_branch_operator.py for tasks to queue
[2025-02-06T11:51:00.776+0000] {logging_mixin.py:190} INFO - [2025-02-06T11:51:00.776+0000] {dagbag.py:588} INFO - Filling up the DagBag from /opt/conda/lib/python3.12/site-packages/airflow/example_dags/example_branch_operator.py
[2025-02-06T11:51:00.784+0000] {processor.py:927} WARNING - No viable dags retrieved from /opt/conda/lib/python3.12/site-packages/airflow/example_dags/example_branch_operator.py
[2025-02-06T11:51:00.808+0000] {processor.py:208} INFO - Processing /opt/conda/lib/python3.12/site-packages/airflow/example_dags/example_branch_operator.py took 0.041 seconds
[2025-02-06T12:06:15.183+0000] {processor.py:186} INFO - Started process (PID=1028) to work on /opt/conda/lib/python3.12/site-packages/airflow/example_dags/example_branch_operator.py
[2025-02-06T12:06:15.184+0000] {processor.py:914} INFO - Processing file /opt/conda/lib/python3.12/site-packages/airflow/example_dags/example_branch_operator.py for tasks to queue
[2025-02-06T12:06:15.186+0000] {logging_mixin.py:190} INFO - [2025-02-06T12:06:15.186+0000] {dagbag.py:588} INFO - Filling up the DagBag from /opt/conda/lib/python3.12/site-packages/airflow/example_dags/example_branch_operator.py
[2025-02-06T12:06:15.191+0000] {processor.py:927} WARNING - No viable dags retrieved from /opt/conda/lib/python3.12/site-packages/airflow/example_dags/example_branch_operator.py
[2025-02-06T12:06:15.210+0000] {processor.py:208} INFO - Processing /opt/conda/lib/python3.12/site-packages/airflow/example_dags/example_branch_operator.py took 0.031 seconds
[2025-02-06T12:25:30.207+0000] {processor.py:186} INFO - Started process (PID=1605) to work on /opt/conda/lib/python3.12/site-packages/airflow/example_dags/example_branch_operator.py
[2025-02-06T12:25:30.208+0000] {processor.py:914} INFO - Processing file /opt/conda/lib/python3.12/site-packages/airflow/example_dags/example_branch_operator.py for tasks to queue
[2025-02-06T12:25:30.209+0000] {logging_mixin.py:190} INFO - [2025-02-06T12:25:30.209+0000] {dagbag.py:588} INFO - Filling up the DagBag from /opt/conda/lib/python3.12/site-packages/airflow/example_dags/example_branch_operator.py
[2025-02-06T12:25:30.213+0000] {processor.py:927} WARNING - No viable dags retrieved from /opt/conda/lib/python3.12/site-packages/airflow/example_dags/example_branch_operator.py
[2025-02-06T12:25:30.229+0000] {processor.py:208} INFO - Processing /opt/conda/lib/python3.12/site-packages/airflow/example_dags/example_branch_operator.py took 0.026 seconds
[2025-02-06T12:29:32.264+0000] {processor.py:186} INFO - Started process (PID=3640) to work on /opt/conda/lib/python3.12/site-packages/airflow/example_dags/example_branch_operator.py
[2025-02-06T12:29:32.265+0000] {processor.py:914} INFO - Processing file /opt/conda/lib/python3.12/site-packages/airflow/example_dags/example_branch_operator.py for tasks to queue
[2025-02-06T12:29:32.267+0000] {logging_mixin.py:190} INFO - [2025-02-06T12:29:32.266+0000] {dagbag.py:588} INFO - Filling up the DagBag from /opt/conda/lib/python3.12/site-packages/airflow/example_dags/example_branch_operator.py
[2025-02-06T12:29:32.270+0000] {processor.py:927} WARNING - No viable dags retrieved from /opt/conda/lib/python3.12/site-packages/airflow/example_dags/example_branch_operator.py
[2025-02-06T12:29:32.287+0000] {processor.py:208} INFO - Processing /opt/conda/lib/python3.12/site-packages/airflow/example_dags/example_branch_operator.py took 0.026 seconds
[2025-02-06T12:33:23.089+0000] {processor.py:186} INFO - Started process (PID=5653) to work on /opt/conda/lib/python3.12/site-packages/airflow/example_dags/example_branch_operator.py
[2025-02-06T12:33:23.090+0000] {processor.py:914} INFO - Processing file /opt/conda/lib/python3.12/site-packages/airflow/example_dags/example_branch_operator.py for tasks to queue
[2025-02-06T12:33:23.091+0000] {logging_mixin.py:190} INFO - [2025-02-06T12:33:23.091+0000] {dagbag.py:588} INFO - Filling up the DagBag from /opt/conda/lib/python3.12/site-packages/airflow/example_dags/example_branch_operator.py
[2025-02-06T12:33:23.095+0000] {processor.py:927} WARNING - No viable dags retrieved from /opt/conda/lib/python3.12/site-packages/airflow/example_dags/example_branch_operator.py
[2025-02-06T12:33:23.113+0000] {processor.py:208} INFO - Processing /opt/conda/lib/python3.12/site-packages/airflow/example_dags/example_branch_operator.py took 0.028 seconds
[2025-02-06T12:37:31.468+0000] {processor.py:186} INFO - Started process (PID=7756) to work on /opt/conda/lib/python3.12/site-packages/airflow/example_dags/example_branch_operator.py
[2025-02-06T12:37:31.469+0000] {processor.py:914} INFO - Processing file /opt/conda/lib/python3.12/site-packages/airflow/example_dags/example_branch_operator.py for tasks to queue
[2025-02-06T12:37:31.470+0000] {logging_mixin.py:190} INFO - [2025-02-06T12:37:31.470+0000] {dagbag.py:588} INFO - Filling up the DagBag from /opt/conda/lib/python3.12/site-packages/airflow/example_dags/example_branch_operator.py
[2025-02-06T12:37:31.474+0000] {processor.py:927} WARNING - No viable dags retrieved from /opt/conda/lib/python3.12/site-packages/airflow/example_dags/example_branch_operator.py
[2025-02-06T12:37:31.493+0000] {processor.py:208} INFO - Processing /opt/conda/lib/python3.12/site-packages/airflow/example_dags/example_branch_operator.py took 0.029 seconds
[2025-02-06T12:41:40.954+0000] {processor.py:186} INFO - Started process (PID=9895) to work on /opt/conda/lib/python3.12/site-packages/airflow/example_dags/example_branch_operator.py
[2025-02-06T12:41:40.955+0000] {processor.py:914} INFO - Processing file /opt/conda/lib/python3.12/site-packages/airflow/example_dags/example_branch_operator.py for tasks to queue
[2025-02-06T12:41:40.958+0000] {logging_mixin.py:190} INFO - [2025-02-06T12:41:40.957+0000] {dagbag.py:588} INFO - Filling up the DagBag from /opt/conda/lib/python3.12/site-packages/airflow/example_dags/example_branch_operator.py
[2025-02-06T12:41:40.961+0000] {processor.py:927} WARNING - No viable dags retrieved from /opt/conda/lib/python3.12/site-packages/airflow/example_dags/example_branch_operator.py
[2025-02-06T12:41:40.977+0000] {processor.py:208} INFO - Processing /opt/conda/lib/python3.12/site-packages/airflow/example_dags/example_branch_operator.py took 0.027 seconds
[2025-02-06T12:45:45.277+0000] {processor.py:186} INFO - Started process (PID=11977) to work on /opt/conda/lib/python3.12/site-packages/airflow/example_dags/example_branch_operator.py
[2025-02-06T12:45:45.278+0000] {processor.py:914} INFO - Processing file /opt/conda/lib/python3.12/site-packages/airflow/example_dags/example_branch_operator.py for tasks to queue
[2025-02-06T12:45:45.280+0000] {logging_mixin.py:190} INFO - [2025-02-06T12:45:45.280+0000] {dagbag.py:588} INFO - Filling up the DagBag from /opt/conda/lib/python3.12/site-packages/airflow/example_dags/example_branch_operator.py
[2025-02-06T12:45:45.283+0000] {processor.py:927} WARNING - No viable dags retrieved from /opt/conda/lib/python3.12/site-packages/airflow/example_dags/example_branch_operator.py
[2025-02-06T12:45:45.309+0000] {processor.py:208} INFO - Processing /opt/conda/lib/python3.12/site-packages/airflow/example_dags/example_branch_operator.py took 0.036 seconds
[2025-02-06T12:51:21.505+0000] {processor.py:186} INFO - Started process (PID=14485) to work on /opt/conda/lib/python3.12/site-packages/airflow/example_dags/example_branch_operator.py
[2025-02-06T12:51:21.506+0000] {processor.py:914} INFO - Processing file /opt/conda/lib/python3.12/site-packages/airflow/example_dags/example_branch_operator.py for tasks to queue
[2025-02-06T12:51:21.509+0000] {logging_mixin.py:190} INFO - [2025-02-06T12:51:21.508+0000] {dagbag.py:588} INFO - Filling up the DagBag from /opt/conda/lib/python3.12/site-packages/airflow/example_dags/example_branch_operator.py
[2025-02-06T12:51:21.514+0000] {processor.py:927} WARNING - No viable dags retrieved from /opt/conda/lib/python3.12/site-packages/airflow/example_dags/example_branch_operator.py
[2025-02-06T12:51:21.539+0000] {processor.py:208} INFO - Processing /opt/conda/lib/python3.12/site-packages/airflow/example_dags/example_branch_operator.py took 0.039 seconds
[2025-02-06T13:00:40.541+0000] {processor.py:186} INFO - Started process (PID=826) to work on /opt/conda/lib/python3.12/site-packages/airflow/example_dags/example_branch_operator.py
[2025-02-06T13:00:40.542+0000] {processor.py:914} INFO - Processing file /opt/conda/lib/python3.12/site-packages/airflow/example_dags/example_branch_operator.py for tasks to queue
[2025-02-06T13:00:40.544+0000] {logging_mixin.py:190} INFO - [2025-02-06T13:00:40.544+0000] {dagbag.py:588} INFO - Filling up the DagBag from /opt/conda/lib/python3.12/site-packages/airflow/example_dags/example_branch_operator.py
[2025-02-06T13:00:40.551+0000] {processor.py:927} WARNING - No viable dags retrieved from /opt/conda/lib/python3.12/site-packages/airflow/example_dags/example_branch_operator.py
[2025-02-06T13:00:40.571+0000] {processor.py:208} INFO - Processing /opt/conda/lib/python3.12/site-packages/airflow/example_dags/example_branch_operator.py took 0.034 seconds
[2025-02-06T13:03:39.887+0000] {processor.py:186} INFO - Started process (PID=1821) to work on /opt/conda/lib/python3.12/site-packages/airflow/example_dags/example_branch_operator.py
[2025-02-06T13:03:39.888+0000] {processor.py:914} INFO - Processing file /opt/conda/lib/python3.12/site-packages/airflow/example_dags/example_branch_operator.py for tasks to queue
[2025-02-06T13:03:39.890+0000] {logging_mixin.py:190} INFO - [2025-02-06T13:03:39.890+0000] {dagbag.py:588} INFO - Filling up the DagBag from /opt/conda/lib/python3.12/site-packages/airflow/example_dags/example_branch_operator.py
[2025-02-06T13:03:39.894+0000] {processor.py:927} WARNING - No viable dags retrieved from /opt/conda/lib/python3.12/site-packages/airflow/example_dags/example_branch_operator.py
[2025-02-06T13:03:39.916+0000] {processor.py:208} INFO - Processing /opt/conda/lib/python3.12/site-packages/airflow/example_dags/example_branch_operator.py took 0.034 seconds
