[2025-02-06T08:26:42.383+0000] {processor.py:186} INFO - Started process (PID=49) to work on /opt/conda/lib/python3.12/site-packages/airflow/example_dags/tutorial_taskflow_api_virtualenv.py
[2025-02-06T08:26:42.384+0000] {processor.py:914} INFO - Processing file /opt/conda/lib/python3.12/site-packages/airflow/example_dags/tutorial_taskflow_api_virtualenv.py for tasks to queue
[2025-02-06T08:26:42.386+0000] {logging_mixin.py:190} INFO - [2025-02-06T08:26:42.386+0000] {dagbag.py:588} INFO - Filling up the DagBag from /opt/conda/lib/python3.12/site-packages/airflow/example_dags/tutorial_taskflow_api_virtualenv.py
[2025-02-06T08:26:42.400+0000] {logging_mixin.py:190} INFO - [2025-02-06T08:26:42.399+0000] {tutorial_taskflow_api_virtualenv.py:29} WARNING - The tutorial_taskflow_api_virtualenv example DAG requires virtualenv, please install it.
[2025-02-06T08:26:42.401+0000] {processor.py:927} WARNING - No viable dags retrieved from /opt/conda/lib/python3.12/site-packages/airflow/example_dags/tutorial_taskflow_api_virtualenv.py
[2025-02-06T08:26:42.428+0000] {processor.py:208} INFO - Processing /opt/conda/lib/python3.12/site-packages/airflow/example_dags/tutorial_taskflow_api_virtualenv.py took 0.049 seconds
[2025-02-06T08:28:08.580+0000] {processor.py:186} INFO - Started process (PID=106) to work on /opt/conda/lib/python3.12/site-packages/airflow/example_dags/tutorial_taskflow_api_virtualenv.py
[2025-02-06T08:28:08.581+0000] {processor.py:914} INFO - Processing file /opt/conda/lib/python3.12/site-packages/airflow/example_dags/tutorial_taskflow_api_virtualenv.py for tasks to queue
[2025-02-06T08:28:08.583+0000] {logging_mixin.py:190} INFO - [2025-02-06T08:28:08.583+0000] {dagbag.py:588} INFO - Filling up the DagBag from /opt/conda/lib/python3.12/site-packages/airflow/example_dags/tutorial_taskflow_api_virtualenv.py
[2025-02-06T08:28:08.586+0000] {logging_mixin.py:190} INFO - [2025-02-06T08:28:08.586+0000] {tutorial_taskflow_api_virtualenv.py:29} WARNING - The tutorial_taskflow_api_virtualenv example DAG requires virtualenv, please install it.
[2025-02-06T08:28:08.586+0000] {processor.py:927} WARNING - No viable dags retrieved from /opt/conda/lib/python3.12/site-packages/airflow/example_dags/tutorial_taskflow_api_virtualenv.py
[2025-02-06T08:28:08.602+0000] {processor.py:208} INFO - Processing /opt/conda/lib/python3.12/site-packages/airflow/example_dags/tutorial_taskflow_api_virtualenv.py took 0.026 seconds
[2025-02-06T08:30:32.019+0000] {processor.py:186} INFO - Started process (PID=49) to work on /opt/conda/lib/python3.12/site-packages/airflow/example_dags/tutorial_taskflow_api_virtualenv.py
[2025-02-06T08:30:32.020+0000] {processor.py:914} INFO - Processing file /opt/conda/lib/python3.12/site-packages/airflow/example_dags/tutorial_taskflow_api_virtualenv.py for tasks to queue
[2025-02-06T08:30:32.022+0000] {logging_mixin.py:190} INFO - [2025-02-06T08:30:32.022+0000] {dagbag.py:588} INFO - Filling up the DagBag from /opt/conda/lib/python3.12/site-packages/airflow/example_dags/tutorial_taskflow_api_virtualenv.py
[2025-02-06T08:30:32.025+0000] {logging_mixin.py:190} INFO - [2025-02-06T08:30:32.025+0000] {tutorial_taskflow_api_virtualenv.py:29} WARNING - The tutorial_taskflow_api_virtualenv example DAG requires virtualenv, please install it.
[2025-02-06T08:30:32.026+0000] {processor.py:927} WARNING - No viable dags retrieved from /opt/conda/lib/python3.12/site-packages/airflow/example_dags/tutorial_taskflow_api_virtualenv.py
[2025-02-06T08:30:32.042+0000] {processor.py:208} INFO - Processing /opt/conda/lib/python3.12/site-packages/airflow/example_dags/tutorial_taskflow_api_virtualenv.py took 0.028 seconds
[2025-02-06T08:31:37.063+0000] {processor.py:186} INFO - Started process (PID=107) to work on /opt/conda/lib/python3.12/site-packages/airflow/example_dags/tutorial_taskflow_api_virtualenv.py
[2025-02-06T08:31:37.064+0000] {processor.py:914} INFO - Processing file /opt/conda/lib/python3.12/site-packages/airflow/example_dags/tutorial_taskflow_api_virtualenv.py for tasks to queue
[2025-02-06T08:31:37.066+0000] {logging_mixin.py:190} INFO - [2025-02-06T08:31:37.065+0000] {dagbag.py:588} INFO - Filling up the DagBag from /opt/conda/lib/python3.12/site-packages/airflow/example_dags/tutorial_taskflow_api_virtualenv.py
[2025-02-06T08:31:37.069+0000] {logging_mixin.py:190} INFO - [2025-02-06T08:31:37.069+0000] {tutorial_taskflow_api_virtualenv.py:29} WARNING - The tutorial_taskflow_api_virtualenv example DAG requires virtualenv, please install it.
[2025-02-06T08:31:37.070+0000] {processor.py:927} WARNING - No viable dags retrieved from /opt/conda/lib/python3.12/site-packages/airflow/example_dags/tutorial_taskflow_api_virtualenv.py
[2025-02-06T08:31:37.088+0000] {processor.py:208} INFO - Processing /opt/conda/lib/python3.12/site-packages/airflow/example_dags/tutorial_taskflow_api_virtualenv.py took 0.029 seconds
[2025-02-06T08:32:46.944+0000] {processor.py:186} INFO - Started process (PID=168) to work on /opt/conda/lib/python3.12/site-packages/airflow/example_dags/tutorial_taskflow_api_virtualenv.py
[2025-02-06T08:32:46.945+0000] {processor.py:914} INFO - Processing file /opt/conda/lib/python3.12/site-packages/airflow/example_dags/tutorial_taskflow_api_virtualenv.py for tasks to queue
[2025-02-06T08:32:46.946+0000] {logging_mixin.py:190} INFO - [2025-02-06T08:32:46.946+0000] {dagbag.py:588} INFO - Filling up the DagBag from /opt/conda/lib/python3.12/site-packages/airflow/example_dags/tutorial_taskflow_api_virtualenv.py
[2025-02-06T08:32:46.949+0000] {logging_mixin.py:190} INFO - [2025-02-06T08:32:46.949+0000] {tutorial_taskflow_api_virtualenv.py:29} WARNING - The tutorial_taskflow_api_virtualenv example DAG requires virtualenv, please install it.
[2025-02-06T08:32:46.950+0000] {processor.py:927} WARNING - No viable dags retrieved from /opt/conda/lib/python3.12/site-packages/airflow/example_dags/tutorial_taskflow_api_virtualenv.py
[2025-02-06T08:32:46.970+0000] {processor.py:208} INFO - Processing /opt/conda/lib/python3.12/site-packages/airflow/example_dags/tutorial_taskflow_api_virtualenv.py took 0.031 seconds
[2025-02-06T08:33:58.356+0000] {processor.py:186} INFO - Started process (PID=230) to work on /opt/conda/lib/python3.12/site-packages/airflow/example_dags/tutorial_taskflow_api_virtualenv.py
[2025-02-06T08:33:58.357+0000] {processor.py:914} INFO - Processing file /opt/conda/lib/python3.12/site-packages/airflow/example_dags/tutorial_taskflow_api_virtualenv.py for tasks to queue
[2025-02-06T08:33:58.358+0000] {logging_mixin.py:190} INFO - [2025-02-06T08:33:58.358+0000] {dagbag.py:588} INFO - Filling up the DagBag from /opt/conda/lib/python3.12/site-packages/airflow/example_dags/tutorial_taskflow_api_virtualenv.py
[2025-02-06T08:33:58.361+0000] {logging_mixin.py:190} INFO - [2025-02-06T08:33:58.361+0000] {tutorial_taskflow_api_virtualenv.py:29} WARNING - The tutorial_taskflow_api_virtualenv example DAG requires virtualenv, please install it.
[2025-02-06T08:33:58.362+0000] {processor.py:927} WARNING - No viable dags retrieved from /opt/conda/lib/python3.12/site-packages/airflow/example_dags/tutorial_taskflow_api_virtualenv.py
[2025-02-06T08:33:58.383+0000] {processor.py:208} INFO - Processing /opt/conda/lib/python3.12/site-packages/airflow/example_dags/tutorial_taskflow_api_virtualenv.py took 0.031 seconds
[2025-02-06T08:35:16.790+0000] {processor.py:186} INFO - Started process (PID=295) to work on /opt/conda/lib/python3.12/site-packages/airflow/example_dags/tutorial_taskflow_api_virtualenv.py
[2025-02-06T08:35:16.791+0000] {processor.py:914} INFO - Processing file /opt/conda/lib/python3.12/site-packages/airflow/example_dags/tutorial_taskflow_api_virtualenv.py for tasks to queue
[2025-02-06T08:35:16.792+0000] {logging_mixin.py:190} INFO - [2025-02-06T08:35:16.792+0000] {dagbag.py:588} INFO - Filling up the DagBag from /opt/conda/lib/python3.12/site-packages/airflow/example_dags/tutorial_taskflow_api_virtualenv.py
[2025-02-06T08:35:16.798+0000] {logging_mixin.py:190} INFO - [2025-02-06T08:35:16.798+0000] {tutorial_taskflow_api_virtualenv.py:29} WARNING - The tutorial_taskflow_api_virtualenv example DAG requires virtualenv, please install it.
[2025-02-06T08:35:16.799+0000] {processor.py:927} WARNING - No viable dags retrieved from /opt/conda/lib/python3.12/site-packages/airflow/example_dags/tutorial_taskflow_api_virtualenv.py
[2025-02-06T08:35:16.818+0000] {processor.py:208} INFO - Processing /opt/conda/lib/python3.12/site-packages/airflow/example_dags/tutorial_taskflow_api_virtualenv.py took 0.032 seconds
[2025-02-06T08:36:33.767+0000] {processor.py:186} INFO - Started process (PID=360) to work on /opt/conda/lib/python3.12/site-packages/airflow/example_dags/tutorial_taskflow_api_virtualenv.py
[2025-02-06T08:36:33.768+0000] {processor.py:914} INFO - Processing file /opt/conda/lib/python3.12/site-packages/airflow/example_dags/tutorial_taskflow_api_virtualenv.py for tasks to queue
[2025-02-06T08:36:33.770+0000] {logging_mixin.py:190} INFO - [2025-02-06T08:36:33.769+0000] {dagbag.py:588} INFO - Filling up the DagBag from /opt/conda/lib/python3.12/site-packages/airflow/example_dags/tutorial_taskflow_api_virtualenv.py
[2025-02-06T08:36:33.775+0000] {logging_mixin.py:190} INFO - [2025-02-06T08:36:33.774+0000] {tutorial_taskflow_api_virtualenv.py:29} WARNING - The tutorial_taskflow_api_virtualenv example DAG requires virtualenv, please install it.
[2025-02-06T08:36:33.775+0000] {processor.py:927} WARNING - No viable dags retrieved from /opt/conda/lib/python3.12/site-packages/airflow/example_dags/tutorial_taskflow_api_virtualenv.py
[2025-02-06T08:36:33.797+0000] {processor.py:208} INFO - Processing /opt/conda/lib/python3.12/site-packages/airflow/example_dags/tutorial_taskflow_api_virtualenv.py took 0.033 seconds
[2025-02-06T08:37:55.392+0000] {processor.py:186} INFO - Started process (PID=427) to work on /opt/conda/lib/python3.12/site-packages/airflow/example_dags/tutorial_taskflow_api_virtualenv.py
[2025-02-06T08:37:55.395+0000] {processor.py:914} INFO - Processing file /opt/conda/lib/python3.12/site-packages/airflow/example_dags/tutorial_taskflow_api_virtualenv.py for tasks to queue
[2025-02-06T08:37:55.396+0000] {logging_mixin.py:190} INFO - [2025-02-06T08:37:55.396+0000] {dagbag.py:588} INFO - Filling up the DagBag from /opt/conda/lib/python3.12/site-packages/airflow/example_dags/tutorial_taskflow_api_virtualenv.py
[2025-02-06T08:37:55.404+0000] {logging_mixin.py:190} INFO - [2025-02-06T08:37:55.404+0000] {tutorial_taskflow_api_virtualenv.py:29} WARNING - The tutorial_taskflow_api_virtualenv example DAG requires virtualenv, please install it.
[2025-02-06T08:37:55.405+0000] {processor.py:927} WARNING - No viable dags retrieved from /opt/conda/lib/python3.12/site-packages/airflow/example_dags/tutorial_taskflow_api_virtualenv.py
[2025-02-06T08:37:55.431+0000] {processor.py:208} INFO - Processing /opt/conda/lib/python3.12/site-packages/airflow/example_dags/tutorial_taskflow_api_virtualenv.py took 0.045 seconds
[2025-02-06T08:39:09.025+0000] {processor.py:186} INFO - Started process (PID=492) to work on /opt/conda/lib/python3.12/site-packages/airflow/example_dags/tutorial_taskflow_api_virtualenv.py
[2025-02-06T08:39:09.026+0000] {processor.py:914} INFO - Processing file /opt/conda/lib/python3.12/site-packages/airflow/example_dags/tutorial_taskflow_api_virtualenv.py for tasks to queue
[2025-02-06T08:39:09.028+0000] {logging_mixin.py:190} INFO - [2025-02-06T08:39:09.027+0000] {dagbag.py:588} INFO - Filling up the DagBag from /opt/conda/lib/python3.12/site-packages/airflow/example_dags/tutorial_taskflow_api_virtualenv.py
[2025-02-06T08:39:09.033+0000] {logging_mixin.py:190} INFO - [2025-02-06T08:39:09.032+0000] {tutorial_taskflow_api_virtualenv.py:29} WARNING - The tutorial_taskflow_api_virtualenv example DAG requires virtualenv, please install it.
[2025-02-06T08:39:09.033+0000] {processor.py:927} WARNING - No viable dags retrieved from /opt/conda/lib/python3.12/site-packages/airflow/example_dags/tutorial_taskflow_api_virtualenv.py
[2025-02-06T08:39:09.053+0000] {processor.py:208} INFO - Processing /opt/conda/lib/python3.12/site-packages/airflow/example_dags/tutorial_taskflow_api_virtualenv.py took 0.032 seconds
[2025-02-06T08:40:28.592+0000] {processor.py:186} INFO - Started process (PID=559) to work on /opt/conda/lib/python3.12/site-packages/airflow/example_dags/tutorial_taskflow_api_virtualenv.py
[2025-02-06T08:40:28.593+0000] {processor.py:914} INFO - Processing file /opt/conda/lib/python3.12/site-packages/airflow/example_dags/tutorial_taskflow_api_virtualenv.py for tasks to queue
[2025-02-06T08:40:28.594+0000] {logging_mixin.py:190} INFO - [2025-02-06T08:40:28.594+0000] {dagbag.py:588} INFO - Filling up the DagBag from /opt/conda/lib/python3.12/site-packages/airflow/example_dags/tutorial_taskflow_api_virtualenv.py
[2025-02-06T08:40:28.600+0000] {logging_mixin.py:190} INFO - [2025-02-06T08:40:28.600+0000] {tutorial_taskflow_api_virtualenv.py:29} WARNING - The tutorial_taskflow_api_virtualenv example DAG requires virtualenv, please install it.
[2025-02-06T08:40:28.601+0000] {processor.py:927} WARNING - No viable dags retrieved from /opt/conda/lib/python3.12/site-packages/airflow/example_dags/tutorial_taskflow_api_virtualenv.py
[2025-02-06T08:40:28.642+0000] {processor.py:208} INFO - Processing /opt/conda/lib/python3.12/site-packages/airflow/example_dags/tutorial_taskflow_api_virtualenv.py took 0.054 seconds
[2025-02-06T08:41:41.664+0000] {processor.py:186} INFO - Started process (PID=622) to work on /opt/conda/lib/python3.12/site-packages/airflow/example_dags/tutorial_taskflow_api_virtualenv.py
[2025-02-06T08:41:41.665+0000] {processor.py:914} INFO - Processing file /opt/conda/lib/python3.12/site-packages/airflow/example_dags/tutorial_taskflow_api_virtualenv.py for tasks to queue
[2025-02-06T08:41:41.666+0000] {logging_mixin.py:190} INFO - [2025-02-06T08:41:41.665+0000] {dagbag.py:588} INFO - Filling up the DagBag from /opt/conda/lib/python3.12/site-packages/airflow/example_dags/tutorial_taskflow_api_virtualenv.py
[2025-02-06T08:41:41.671+0000] {logging_mixin.py:190} INFO - [2025-02-06T08:41:41.671+0000] {tutorial_taskflow_api_virtualenv.py:29} WARNING - The tutorial_taskflow_api_virtualenv example DAG requires virtualenv, please install it.
[2025-02-06T08:41:41.672+0000] {processor.py:927} WARNING - No viable dags retrieved from /opt/conda/lib/python3.12/site-packages/airflow/example_dags/tutorial_taskflow_api_virtualenv.py
[2025-02-06T08:41:41.690+0000] {processor.py:208} INFO - Processing /opt/conda/lib/python3.12/site-packages/airflow/example_dags/tutorial_taskflow_api_virtualenv.py took 0.031 seconds
[2025-02-06T08:43:25.032+0000] {processor.py:186} INFO - Started process (PID=50) to work on /opt/conda/lib/python3.12/site-packages/airflow/example_dags/tutorial_taskflow_api_virtualenv.py
[2025-02-06T08:43:25.034+0000] {processor.py:914} INFO - Processing file /opt/conda/lib/python3.12/site-packages/airflow/example_dags/tutorial_taskflow_api_virtualenv.py for tasks to queue
[2025-02-06T08:43:25.037+0000] {logging_mixin.py:190} INFO - [2025-02-06T08:43:25.036+0000] {dagbag.py:588} INFO - Filling up the DagBag from /opt/conda/lib/python3.12/site-packages/airflow/example_dags/tutorial_taskflow_api_virtualenv.py
[2025-02-06T08:43:25.041+0000] {logging_mixin.py:190} INFO - [2025-02-06T08:43:25.041+0000] {tutorial_taskflow_api_virtualenv.py:29} WARNING - The tutorial_taskflow_api_virtualenv example DAG requires virtualenv, please install it.
[2025-02-06T08:43:25.042+0000] {processor.py:927} WARNING - No viable dags retrieved from /opt/conda/lib/python3.12/site-packages/airflow/example_dags/tutorial_taskflow_api_virtualenv.py
[2025-02-06T08:43:25.071+0000] {processor.py:208} INFO - Processing /opt/conda/lib/python3.12/site-packages/airflow/example_dags/tutorial_taskflow_api_virtualenv.py took 0.044 seconds
[2025-02-06T08:44:34.236+0000] {processor.py:186} INFO - Started process (PID=108) to work on /opt/conda/lib/python3.12/site-packages/airflow/example_dags/tutorial_taskflow_api_virtualenv.py
[2025-02-06T08:44:34.237+0000] {processor.py:914} INFO - Processing file /opt/conda/lib/python3.12/site-packages/airflow/example_dags/tutorial_taskflow_api_virtualenv.py for tasks to queue
[2025-02-06T08:44:34.238+0000] {logging_mixin.py:190} INFO - [2025-02-06T08:44:34.238+0000] {dagbag.py:588} INFO - Filling up the DagBag from /opt/conda/lib/python3.12/site-packages/airflow/example_dags/tutorial_taskflow_api_virtualenv.py
[2025-02-06T08:44:34.242+0000] {logging_mixin.py:190} INFO - [2025-02-06T08:44:34.242+0000] {tutorial_taskflow_api_virtualenv.py:29} WARNING - The tutorial_taskflow_api_virtualenv example DAG requires virtualenv, please install it.
[2025-02-06T08:44:34.242+0000] {processor.py:927} WARNING - No viable dags retrieved from /opt/conda/lib/python3.12/site-packages/airflow/example_dags/tutorial_taskflow_api_virtualenv.py
[2025-02-06T08:44:34.261+0000] {processor.py:208} INFO - Processing /opt/conda/lib/python3.12/site-packages/airflow/example_dags/tutorial_taskflow_api_virtualenv.py took 0.029 seconds
[2025-02-06T08:45:57.532+0000] {processor.py:186} INFO - Started process (PID=201) to work on /opt/conda/lib/python3.12/site-packages/airflow/example_dags/tutorial_taskflow_api_virtualenv.py
[2025-02-06T08:45:57.533+0000] {processor.py:914} INFO - Processing file /opt/conda/lib/python3.12/site-packages/airflow/example_dags/tutorial_taskflow_api_virtualenv.py for tasks to queue
[2025-02-06T08:45:57.535+0000] {logging_mixin.py:190} INFO - [2025-02-06T08:45:57.535+0000] {dagbag.py:588} INFO - Filling up the DagBag from /opt/conda/lib/python3.12/site-packages/airflow/example_dags/tutorial_taskflow_api_virtualenv.py
[2025-02-06T08:45:57.539+0000] {logging_mixin.py:190} INFO - [2025-02-06T08:45:57.538+0000] {tutorial_taskflow_api_virtualenv.py:29} WARNING - The tutorial_taskflow_api_virtualenv example DAG requires virtualenv, please install it.
[2025-02-06T08:45:57.539+0000] {processor.py:927} WARNING - No viable dags retrieved from /opt/conda/lib/python3.12/site-packages/airflow/example_dags/tutorial_taskflow_api_virtualenv.py
[2025-02-06T08:45:57.558+0000] {processor.py:208} INFO - Processing /opt/conda/lib/python3.12/site-packages/airflow/example_dags/tutorial_taskflow_api_virtualenv.py took 0.031 seconds
[2025-02-06T08:47:15.228+0000] {processor.py:186} INFO - Started process (PID=336) to work on /opt/conda/lib/python3.12/site-packages/airflow/example_dags/tutorial_taskflow_api_virtualenv.py
[2025-02-06T08:47:15.229+0000] {processor.py:914} INFO - Processing file /opt/conda/lib/python3.12/site-packages/airflow/example_dags/tutorial_taskflow_api_virtualenv.py for tasks to queue
[2025-02-06T08:47:15.231+0000] {logging_mixin.py:190} INFO - [2025-02-06T08:47:15.231+0000] {dagbag.py:588} INFO - Filling up the DagBag from /opt/conda/lib/python3.12/site-packages/airflow/example_dags/tutorial_taskflow_api_virtualenv.py
[2025-02-06T08:47:15.236+0000] {logging_mixin.py:190} INFO - [2025-02-06T08:47:15.236+0000] {tutorial_taskflow_api_virtualenv.py:29} WARNING - The tutorial_taskflow_api_virtualenv example DAG requires virtualenv, please install it.
[2025-02-06T08:47:15.236+0000] {processor.py:927} WARNING - No viable dags retrieved from /opt/conda/lib/python3.12/site-packages/airflow/example_dags/tutorial_taskflow_api_virtualenv.py
[2025-02-06T08:47:15.257+0000] {processor.py:208} INFO - Processing /opt/conda/lib/python3.12/site-packages/airflow/example_dags/tutorial_taskflow_api_virtualenv.py took 0.034 seconds
[2025-02-06T08:48:41.592+0000] {processor.py:186} INFO - Started process (PID=122) to work on /opt/conda/lib/python3.12/site-packages/airflow/example_dags/tutorial_taskflow_api_virtualenv.py
[2025-02-06T08:48:41.593+0000] {processor.py:914} INFO - Processing file /opt/conda/lib/python3.12/site-packages/airflow/example_dags/tutorial_taskflow_api_virtualenv.py for tasks to queue
[2025-02-06T08:48:41.595+0000] {logging_mixin.py:190} INFO - [2025-02-06T08:48:41.594+0000] {dagbag.py:588} INFO - Filling up the DagBag from /opt/conda/lib/python3.12/site-packages/airflow/example_dags/tutorial_taskflow_api_virtualenv.py
[2025-02-06T08:48:41.598+0000] {logging_mixin.py:190} INFO - [2025-02-06T08:48:41.598+0000] {tutorial_taskflow_api_virtualenv.py:29} WARNING - The tutorial_taskflow_api_virtualenv example DAG requires virtualenv, please install it.
[2025-02-06T08:48:41.598+0000] {processor.py:927} WARNING - No viable dags retrieved from /opt/conda/lib/python3.12/site-packages/airflow/example_dags/tutorial_taskflow_api_virtualenv.py
[2025-02-06T08:48:41.618+0000] {processor.py:208} INFO - Processing /opt/conda/lib/python3.12/site-packages/airflow/example_dags/tutorial_taskflow_api_virtualenv.py took 0.032 seconds
[2025-02-06T08:51:45.784+0000] {processor.py:186} INFO - Started process (PID=464) to work on /opt/conda/lib/python3.12/site-packages/airflow/example_dags/tutorial_taskflow_api_virtualenv.py
[2025-02-06T08:51:45.785+0000] {processor.py:914} INFO - Processing file /opt/conda/lib/python3.12/site-packages/airflow/example_dags/tutorial_taskflow_api_virtualenv.py for tasks to queue
[2025-02-06T08:51:45.787+0000] {logging_mixin.py:190} INFO - [2025-02-06T08:51:45.786+0000] {dagbag.py:588} INFO - Filling up the DagBag from /opt/conda/lib/python3.12/site-packages/airflow/example_dags/tutorial_taskflow_api_virtualenv.py
[2025-02-06T08:51:45.790+0000] {logging_mixin.py:190} INFO - [2025-02-06T08:51:45.790+0000] {tutorial_taskflow_api_virtualenv.py:29} WARNING - The tutorial_taskflow_api_virtualenv example DAG requires virtualenv, please install it.
[2025-02-06T08:51:45.790+0000] {processor.py:927} WARNING - No viable dags retrieved from /opt/conda/lib/python3.12/site-packages/airflow/example_dags/tutorial_taskflow_api_virtualenv.py
[2025-02-06T08:51:45.808+0000] {processor.py:208} INFO - Processing /opt/conda/lib/python3.12/site-packages/airflow/example_dags/tutorial_taskflow_api_virtualenv.py took 0.028 seconds
[2025-02-06T08:54:20.528+0000] {processor.py:186} INFO - Started process (PID=754) to work on /opt/conda/lib/python3.12/site-packages/airflow/example_dags/tutorial_taskflow_api_virtualenv.py
[2025-02-06T08:54:20.529+0000] {processor.py:914} INFO - Processing file /opt/conda/lib/python3.12/site-packages/airflow/example_dags/tutorial_taskflow_api_virtualenv.py for tasks to queue
[2025-02-06T08:54:20.531+0000] {logging_mixin.py:190} INFO - [2025-02-06T08:54:20.530+0000] {dagbag.py:588} INFO - Filling up the DagBag from /opt/conda/lib/python3.12/site-packages/airflow/example_dags/tutorial_taskflow_api_virtualenv.py
[2025-02-06T08:54:20.534+0000] {logging_mixin.py:190} INFO - [2025-02-06T08:54:20.534+0000] {tutorial_taskflow_api_virtualenv.py:29} WARNING - The tutorial_taskflow_api_virtualenv example DAG requires virtualenv, please install it.
[2025-02-06T08:54:20.534+0000] {processor.py:927} WARNING - No viable dags retrieved from /opt/conda/lib/python3.12/site-packages/airflow/example_dags/tutorial_taskflow_api_virtualenv.py
[2025-02-06T08:54:20.553+0000] {processor.py:208} INFO - Processing /opt/conda/lib/python3.12/site-packages/airflow/example_dags/tutorial_taskflow_api_virtualenv.py took 0.029 seconds
[2025-02-06T08:56:52.589+0000] {processor.py:186} INFO - Started process (PID=1027) to work on /opt/conda/lib/python3.12/site-packages/airflow/example_dags/tutorial_taskflow_api_virtualenv.py
[2025-02-06T08:56:52.590+0000] {processor.py:914} INFO - Processing file /opt/conda/lib/python3.12/site-packages/airflow/example_dags/tutorial_taskflow_api_virtualenv.py for tasks to queue
[2025-02-06T08:56:52.592+0000] {logging_mixin.py:190} INFO - [2025-02-06T08:56:52.592+0000] {dagbag.py:588} INFO - Filling up the DagBag from /opt/conda/lib/python3.12/site-packages/airflow/example_dags/tutorial_taskflow_api_virtualenv.py
[2025-02-06T08:56:52.595+0000] {logging_mixin.py:190} INFO - [2025-02-06T08:56:52.595+0000] {tutorial_taskflow_api_virtualenv.py:29} WARNING - The tutorial_taskflow_api_virtualenv example DAG requires virtualenv, please install it.
[2025-02-06T08:56:52.596+0000] {processor.py:927} WARNING - No viable dags retrieved from /opt/conda/lib/python3.12/site-packages/airflow/example_dags/tutorial_taskflow_api_virtualenv.py
[2025-02-06T08:56:52.618+0000] {processor.py:208} INFO - Processing /opt/conda/lib/python3.12/site-packages/airflow/example_dags/tutorial_taskflow_api_virtualenv.py took 0.033 seconds
[2025-02-06T09:01:36.143+0000] {processor.py:186} INFO - Started process (PID=161) to work on /opt/conda/lib/python3.12/site-packages/airflow/example_dags/tutorial_taskflow_api_virtualenv.py
[2025-02-06T09:01:36.144+0000] {processor.py:914} INFO - Processing file /opt/conda/lib/python3.12/site-packages/airflow/example_dags/tutorial_taskflow_api_virtualenv.py for tasks to queue
[2025-02-06T09:01:36.146+0000] {logging_mixin.py:190} INFO - [2025-02-06T09:01:36.146+0000] {dagbag.py:588} INFO - Filling up the DagBag from /opt/conda/lib/python3.12/site-packages/airflow/example_dags/tutorial_taskflow_api_virtualenv.py
[2025-02-06T09:01:36.150+0000] {logging_mixin.py:190} INFO - [2025-02-06T09:01:36.150+0000] {tutorial_taskflow_api_virtualenv.py:29} WARNING - The tutorial_taskflow_api_virtualenv example DAG requires virtualenv, please install it.
[2025-02-06T09:01:36.150+0000] {processor.py:927} WARNING - No viable dags retrieved from /opt/conda/lib/python3.12/site-packages/airflow/example_dags/tutorial_taskflow_api_virtualenv.py
[2025-02-06T09:01:36.171+0000] {processor.py:208} INFO - Processing /opt/conda/lib/python3.12/site-packages/airflow/example_dags/tutorial_taskflow_api_virtualenv.py took 0.032 seconds
[2025-02-06T09:03:10.687+0000] {processor.py:186} INFO - Started process (PID=50) to work on /opt/conda/lib/python3.12/site-packages/airflow/example_dags/tutorial_taskflow_api_virtualenv.py
[2025-02-06T09:03:10.688+0000] {processor.py:914} INFO - Processing file /opt/conda/lib/python3.12/site-packages/airflow/example_dags/tutorial_taskflow_api_virtualenv.py for tasks to queue
[2025-02-06T09:03:10.690+0000] {logging_mixin.py:190} INFO - [2025-02-06T09:03:10.690+0000] {dagbag.py:588} INFO - Filling up the DagBag from /opt/conda/lib/python3.12/site-packages/airflow/example_dags/tutorial_taskflow_api_virtualenv.py
[2025-02-06T09:03:10.693+0000] {logging_mixin.py:190} INFO - [2025-02-06T09:03:10.693+0000] {tutorial_taskflow_api_virtualenv.py:29} WARNING - The tutorial_taskflow_api_virtualenv example DAG requires virtualenv, please install it.
[2025-02-06T09:03:10.694+0000] {processor.py:927} WARNING - No viable dags retrieved from /opt/conda/lib/python3.12/site-packages/airflow/example_dags/tutorial_taskflow_api_virtualenv.py
[2025-02-06T09:03:10.713+0000] {processor.py:208} INFO - Processing /opt/conda/lib/python3.12/site-packages/airflow/example_dags/tutorial_taskflow_api_virtualenv.py took 0.030 seconds
[2025-02-06T09:03:45.525+0000] {processor.py:186} INFO - Started process (PID=46) to work on /opt/conda/lib/python3.12/site-packages/airflow/example_dags/tutorial_taskflow_api_virtualenv.py
[2025-02-06T09:03:45.526+0000] {processor.py:914} INFO - Processing file /opt/conda/lib/python3.12/site-packages/airflow/example_dags/tutorial_taskflow_api_virtualenv.py for tasks to queue
[2025-02-06T09:03:45.528+0000] {logging_mixin.py:190} INFO - [2025-02-06T09:03:45.528+0000] {dagbag.py:588} INFO - Filling up the DagBag from /opt/conda/lib/python3.12/site-packages/airflow/example_dags/tutorial_taskflow_api_virtualenv.py
[2025-02-06T09:03:45.531+0000] {logging_mixin.py:190} INFO - [2025-02-06T09:03:45.531+0000] {tutorial_taskflow_api_virtualenv.py:29} WARNING - The tutorial_taskflow_api_virtualenv example DAG requires virtualenv, please install it.
[2025-02-06T09:03:45.532+0000] {processor.py:927} WARNING - No viable dags retrieved from /opt/conda/lib/python3.12/site-packages/airflow/example_dags/tutorial_taskflow_api_virtualenv.py
[2025-02-06T09:03:45.547+0000] {processor.py:208} INFO - Processing /opt/conda/lib/python3.12/site-packages/airflow/example_dags/tutorial_taskflow_api_virtualenv.py took 0.025 seconds
[2025-02-06T09:04:29.488+0000] {processor.py:186} INFO - Started process (PID=50) to work on /opt/conda/lib/python3.12/site-packages/airflow/example_dags/tutorial_taskflow_api_virtualenv.py
[2025-02-06T09:04:29.489+0000] {processor.py:914} INFO - Processing file /opt/conda/lib/python3.12/site-packages/airflow/example_dags/tutorial_taskflow_api_virtualenv.py for tasks to queue
[2025-02-06T09:04:29.491+0000] {logging_mixin.py:190} INFO - [2025-02-06T09:04:29.491+0000] {dagbag.py:588} INFO - Filling up the DagBag from /opt/conda/lib/python3.12/site-packages/airflow/example_dags/tutorial_taskflow_api_virtualenv.py
[2025-02-06T09:04:29.495+0000] {logging_mixin.py:190} INFO - [2025-02-06T09:04:29.495+0000] {tutorial_taskflow_api_virtualenv.py:29} WARNING - The tutorial_taskflow_api_virtualenv example DAG requires virtualenv, please install it.
[2025-02-06T09:04:29.495+0000] {processor.py:927} WARNING - No viable dags retrieved from /opt/conda/lib/python3.12/site-packages/airflow/example_dags/tutorial_taskflow_api_virtualenv.py
[2025-02-06T09:04:29.514+0000] {processor.py:208} INFO - Processing /opt/conda/lib/python3.12/site-packages/airflow/example_dags/tutorial_taskflow_api_virtualenv.py took 0.029 seconds
[2025-02-06T09:07:30.933+0000] {processor.py:186} INFO - Started process (PID=380) to work on /opt/conda/lib/python3.12/site-packages/airflow/example_dags/tutorial_taskflow_api_virtualenv.py
[2025-02-06T09:07:30.935+0000] {processor.py:914} INFO - Processing file /opt/conda/lib/python3.12/site-packages/airflow/example_dags/tutorial_taskflow_api_virtualenv.py for tasks to queue
[2025-02-06T09:07:30.936+0000] {logging_mixin.py:190} INFO - [2025-02-06T09:07:30.936+0000] {dagbag.py:588} INFO - Filling up the DagBag from /opt/conda/lib/python3.12/site-packages/airflow/example_dags/tutorial_taskflow_api_virtualenv.py
[2025-02-06T09:07:30.940+0000] {logging_mixin.py:190} INFO - [2025-02-06T09:07:30.939+0000] {tutorial_taskflow_api_virtualenv.py:29} WARNING - The tutorial_taskflow_api_virtualenv example DAG requires virtualenv, please install it.
[2025-02-06T09:07:30.940+0000] {processor.py:927} WARNING - No viable dags retrieved from /opt/conda/lib/python3.12/site-packages/airflow/example_dags/tutorial_taskflow_api_virtualenv.py
[2025-02-06T09:07:30.956+0000] {processor.py:208} INFO - Processing /opt/conda/lib/python3.12/site-packages/airflow/example_dags/tutorial_taskflow_api_virtualenv.py took 0.027 seconds
[2025-02-06T09:09:58.452+0000] {processor.py:186} INFO - Started process (PID=657) to work on /opt/conda/lib/python3.12/site-packages/airflow/example_dags/tutorial_taskflow_api_virtualenv.py
[2025-02-06T09:09:58.453+0000] {processor.py:914} INFO - Processing file /opt/conda/lib/python3.12/site-packages/airflow/example_dags/tutorial_taskflow_api_virtualenv.py for tasks to queue
[2025-02-06T09:09:58.454+0000] {logging_mixin.py:190} INFO - [2025-02-06T09:09:58.454+0000] {dagbag.py:588} INFO - Filling up the DagBag from /opt/conda/lib/python3.12/site-packages/airflow/example_dags/tutorial_taskflow_api_virtualenv.py
[2025-02-06T09:09:58.458+0000] {logging_mixin.py:190} INFO - [2025-02-06T09:09:58.457+0000] {tutorial_taskflow_api_virtualenv.py:29} WARNING - The tutorial_taskflow_api_virtualenv example DAG requires virtualenv, please install it.
[2025-02-06T09:09:58.459+0000] {processor.py:927} WARNING - No viable dags retrieved from /opt/conda/lib/python3.12/site-packages/airflow/example_dags/tutorial_taskflow_api_virtualenv.py
[2025-02-06T09:09:58.477+0000] {processor.py:208} INFO - Processing /opt/conda/lib/python3.12/site-packages/airflow/example_dags/tutorial_taskflow_api_virtualenv.py took 0.030 seconds
[2025-02-06T09:12:13.886+0000] {processor.py:186} INFO - Started process (PID=912) to work on /opt/conda/lib/python3.12/site-packages/airflow/example_dags/tutorial_taskflow_api_virtualenv.py
[2025-02-06T09:12:13.887+0000] {processor.py:914} INFO - Processing file /opt/conda/lib/python3.12/site-packages/airflow/example_dags/tutorial_taskflow_api_virtualenv.py for tasks to queue
[2025-02-06T09:12:13.889+0000] {logging_mixin.py:190} INFO - [2025-02-06T09:12:13.888+0000] {dagbag.py:588} INFO - Filling up the DagBag from /opt/conda/lib/python3.12/site-packages/airflow/example_dags/tutorial_taskflow_api_virtualenv.py
[2025-02-06T09:12:13.892+0000] {logging_mixin.py:190} INFO - [2025-02-06T09:12:13.892+0000] {tutorial_taskflow_api_virtualenv.py:29} WARNING - The tutorial_taskflow_api_virtualenv example DAG requires virtualenv, please install it.
[2025-02-06T09:12:13.893+0000] {processor.py:927} WARNING - No viable dags retrieved from /opt/conda/lib/python3.12/site-packages/airflow/example_dags/tutorial_taskflow_api_virtualenv.py
[2025-02-06T09:12:13.914+0000] {processor.py:208} INFO - Processing /opt/conda/lib/python3.12/site-packages/airflow/example_dags/tutorial_taskflow_api_virtualenv.py took 0.031 seconds
[2025-02-06T09:14:45.609+0000] {processor.py:186} INFO - Started process (PID=1189) to work on /opt/conda/lib/python3.12/site-packages/airflow/example_dags/tutorial_taskflow_api_virtualenv.py
[2025-02-06T09:14:45.610+0000] {processor.py:914} INFO - Processing file /opt/conda/lib/python3.12/site-packages/airflow/example_dags/tutorial_taskflow_api_virtualenv.py for tasks to queue
[2025-02-06T09:14:45.612+0000] {logging_mixin.py:190} INFO - [2025-02-06T09:14:45.611+0000] {dagbag.py:588} INFO - Filling up the DagBag from /opt/conda/lib/python3.12/site-packages/airflow/example_dags/tutorial_taskflow_api_virtualenv.py
[2025-02-06T09:14:45.615+0000] {logging_mixin.py:190} INFO - [2025-02-06T09:14:45.615+0000] {tutorial_taskflow_api_virtualenv.py:29} WARNING - The tutorial_taskflow_api_virtualenv example DAG requires virtualenv, please install it.
[2025-02-06T09:14:45.615+0000] {processor.py:927} WARNING - No viable dags retrieved from /opt/conda/lib/python3.12/site-packages/airflow/example_dags/tutorial_taskflow_api_virtualenv.py
[2025-02-06T09:14:45.634+0000] {processor.py:208} INFO - Processing /opt/conda/lib/python3.12/site-packages/airflow/example_dags/tutorial_taskflow_api_virtualenv.py took 0.029 seconds
[2025-02-06T09:16:58.411+0000] {processor.py:186} INFO - Started process (PID=1440) to work on /opt/conda/lib/python3.12/site-packages/airflow/example_dags/tutorial_taskflow_api_virtualenv.py
[2025-02-06T09:16:58.412+0000] {processor.py:914} INFO - Processing file /opt/conda/lib/python3.12/site-packages/airflow/example_dags/tutorial_taskflow_api_virtualenv.py for tasks to queue
[2025-02-06T09:16:58.417+0000] {logging_mixin.py:190} INFO - [2025-02-06T09:16:58.416+0000] {dagbag.py:588} INFO - Filling up the DagBag from /opt/conda/lib/python3.12/site-packages/airflow/example_dags/tutorial_taskflow_api_virtualenv.py
[2025-02-06T09:16:58.422+0000] {logging_mixin.py:190} INFO - [2025-02-06T09:16:58.421+0000] {tutorial_taskflow_api_virtualenv.py:29} WARNING - The tutorial_taskflow_api_virtualenv example DAG requires virtualenv, please install it.
[2025-02-06T09:16:58.422+0000] {processor.py:927} WARNING - No viable dags retrieved from /opt/conda/lib/python3.12/site-packages/airflow/example_dags/tutorial_taskflow_api_virtualenv.py
[2025-02-06T09:16:58.443+0000] {processor.py:208} INFO - Processing /opt/conda/lib/python3.12/site-packages/airflow/example_dags/tutorial_taskflow_api_virtualenv.py took 0.038 seconds
[2025-02-06T09:19:12.997+0000] {processor.py:186} INFO - Started process (PID=1685) to work on /opt/conda/lib/python3.12/site-packages/airflow/example_dags/tutorial_taskflow_api_virtualenv.py
[2025-02-06T09:19:12.998+0000] {processor.py:914} INFO - Processing file /opt/conda/lib/python3.12/site-packages/airflow/example_dags/tutorial_taskflow_api_virtualenv.py for tasks to queue
[2025-02-06T09:19:13.000+0000] {logging_mixin.py:190} INFO - [2025-02-06T09:19:13.000+0000] {dagbag.py:588} INFO - Filling up the DagBag from /opt/conda/lib/python3.12/site-packages/airflow/example_dags/tutorial_taskflow_api_virtualenv.py
[2025-02-06T09:19:13.004+0000] {logging_mixin.py:190} INFO - [2025-02-06T09:19:13.004+0000] {tutorial_taskflow_api_virtualenv.py:29} WARNING - The tutorial_taskflow_api_virtualenv example DAG requires virtualenv, please install it.
[2025-02-06T09:19:13.005+0000] {processor.py:927} WARNING - No viable dags retrieved from /opt/conda/lib/python3.12/site-packages/airflow/example_dags/tutorial_taskflow_api_virtualenv.py
[2025-02-06T09:19:13.027+0000] {processor.py:208} INFO - Processing /opt/conda/lib/python3.12/site-packages/airflow/example_dags/tutorial_taskflow_api_virtualenv.py took 0.033 seconds
[2025-02-06T09:22:02.950+0000] {processor.py:186} INFO - Started process (PID=1962) to work on /opt/conda/lib/python3.12/site-packages/airflow/example_dags/tutorial_taskflow_api_virtualenv.py
[2025-02-06T09:22:02.951+0000] {processor.py:914} INFO - Processing file /opt/conda/lib/python3.12/site-packages/airflow/example_dags/tutorial_taskflow_api_virtualenv.py for tasks to queue
[2025-02-06T09:22:02.953+0000] {logging_mixin.py:190} INFO - [2025-02-06T09:22:02.953+0000] {dagbag.py:588} INFO - Filling up the DagBag from /opt/conda/lib/python3.12/site-packages/airflow/example_dags/tutorial_taskflow_api_virtualenv.py
[2025-02-06T09:22:02.958+0000] {logging_mixin.py:190} INFO - [2025-02-06T09:22:02.957+0000] {tutorial_taskflow_api_virtualenv.py:29} WARNING - The tutorial_taskflow_api_virtualenv example DAG requires virtualenv, please install it.
[2025-02-06T09:22:02.958+0000] {processor.py:927} WARNING - No viable dags retrieved from /opt/conda/lib/python3.12/site-packages/airflow/example_dags/tutorial_taskflow_api_virtualenv.py
[2025-02-06T09:22:02.977+0000] {processor.py:208} INFO - Processing /opt/conda/lib/python3.12/site-packages/airflow/example_dags/tutorial_taskflow_api_virtualenv.py took 0.031 seconds
[2025-02-06T09:25:01.977+0000] {processor.py:186} INFO - Started process (PID=112) to work on /opt/conda/lib/python3.12/site-packages/airflow/example_dags/tutorial_taskflow_api_virtualenv.py
[2025-02-06T09:25:01.978+0000] {processor.py:914} INFO - Processing file /opt/conda/lib/python3.12/site-packages/airflow/example_dags/tutorial_taskflow_api_virtualenv.py for tasks to queue
[2025-02-06T09:25:01.980+0000] {logging_mixin.py:190} INFO - [2025-02-06T09:25:01.980+0000] {dagbag.py:588} INFO - Filling up the DagBag from /opt/conda/lib/python3.12/site-packages/airflow/example_dags/tutorial_taskflow_api_virtualenv.py
[2025-02-06T09:25:01.984+0000] {logging_mixin.py:190} INFO - [2025-02-06T09:25:01.983+0000] {tutorial_taskflow_api_virtualenv.py:29} WARNING - The tutorial_taskflow_api_virtualenv example DAG requires virtualenv, please install it.
[2025-02-06T09:25:01.984+0000] {processor.py:927} WARNING - No viable dags retrieved from /opt/conda/lib/python3.12/site-packages/airflow/example_dags/tutorial_taskflow_api_virtualenv.py
[2025-02-06T09:25:02.005+0000] {processor.py:208} INFO - Processing /opt/conda/lib/python3.12/site-packages/airflow/example_dags/tutorial_taskflow_api_virtualenv.py took 0.032 seconds
[2025-02-06T09:31:02.572+0000] {processor.py:186} INFO - Started process (PID=228) to work on /opt/conda/lib/python3.12/site-packages/airflow/example_dags/tutorial_taskflow_api_virtualenv.py
[2025-02-06T09:31:02.573+0000] {processor.py:914} INFO - Processing file /opt/conda/lib/python3.12/site-packages/airflow/example_dags/tutorial_taskflow_api_virtualenv.py for tasks to queue
[2025-02-06T09:31:02.574+0000] {logging_mixin.py:190} INFO - [2025-02-06T09:31:02.574+0000] {dagbag.py:588} INFO - Filling up the DagBag from /opt/conda/lib/python3.12/site-packages/airflow/example_dags/tutorial_taskflow_api_virtualenv.py
[2025-02-06T09:31:02.578+0000] {logging_mixin.py:190} INFO - [2025-02-06T09:31:02.578+0000] {tutorial_taskflow_api_virtualenv.py:29} WARNING - The tutorial_taskflow_api_virtualenv example DAG requires virtualenv, please install it.
[2025-02-06T09:31:02.578+0000] {processor.py:927} WARNING - No viable dags retrieved from /opt/conda/lib/python3.12/site-packages/airflow/example_dags/tutorial_taskflow_api_virtualenv.py
[2025-02-06T09:31:02.598+0000] {processor.py:208} INFO - Processing /opt/conda/lib/python3.12/site-packages/airflow/example_dags/tutorial_taskflow_api_virtualenv.py took 0.030 seconds
[2025-02-06T09:36:20.210+0000] {processor.py:186} INFO - Started process (PID=812) to work on /opt/conda/lib/python3.12/site-packages/airflow/example_dags/tutorial_taskflow_api_virtualenv.py
[2025-02-06T09:36:20.212+0000] {processor.py:914} INFO - Processing file /opt/conda/lib/python3.12/site-packages/airflow/example_dags/tutorial_taskflow_api_virtualenv.py for tasks to queue
[2025-02-06T09:36:20.215+0000] {logging_mixin.py:190} INFO - [2025-02-06T09:36:20.214+0000] {dagbag.py:588} INFO - Filling up the DagBag from /opt/conda/lib/python3.12/site-packages/airflow/example_dags/tutorial_taskflow_api_virtualenv.py
[2025-02-06T09:36:20.219+0000] {logging_mixin.py:190} INFO - [2025-02-06T09:36:20.219+0000] {tutorial_taskflow_api_virtualenv.py:29} WARNING - The tutorial_taskflow_api_virtualenv example DAG requires virtualenv, please install it.
[2025-02-06T09:36:20.220+0000] {processor.py:927} WARNING - No viable dags retrieved from /opt/conda/lib/python3.12/site-packages/airflow/example_dags/tutorial_taskflow_api_virtualenv.py
[2025-02-06T09:36:20.243+0000] {processor.py:208} INFO - Processing /opt/conda/lib/python3.12/site-packages/airflow/example_dags/tutorial_taskflow_api_virtualenv.py took 0.043 seconds
[2025-02-06T09:41:06.126+0000] {processor.py:186} INFO - Started process (PID=1315) to work on /opt/conda/lib/python3.12/site-packages/airflow/example_dags/tutorial_taskflow_api_virtualenv.py
[2025-02-06T09:41:06.127+0000] {processor.py:914} INFO - Processing file /opt/conda/lib/python3.12/site-packages/airflow/example_dags/tutorial_taskflow_api_virtualenv.py for tasks to queue
[2025-02-06T09:41:06.129+0000] {logging_mixin.py:190} INFO - [2025-02-06T09:41:06.129+0000] {dagbag.py:588} INFO - Filling up the DagBag from /opt/conda/lib/python3.12/site-packages/airflow/example_dags/tutorial_taskflow_api_virtualenv.py
[2025-02-06T09:41:06.133+0000] {logging_mixin.py:190} INFO - [2025-02-06T09:41:06.133+0000] {tutorial_taskflow_api_virtualenv.py:29} WARNING - The tutorial_taskflow_api_virtualenv example DAG requires virtualenv, please install it.
[2025-02-06T09:41:06.133+0000] {processor.py:927} WARNING - No viable dags retrieved from /opt/conda/lib/python3.12/site-packages/airflow/example_dags/tutorial_taskflow_api_virtualenv.py
[2025-02-06T09:41:06.154+0000] {processor.py:208} INFO - Processing /opt/conda/lib/python3.12/site-packages/airflow/example_dags/tutorial_taskflow_api_virtualenv.py took 0.033 seconds
[2025-02-06T09:48:24.819+0000] {processor.py:186} INFO - Started process (PID=211) to work on /opt/conda/lib/python3.12/site-packages/airflow/example_dags/tutorial_taskflow_api_virtualenv.py
[2025-02-06T09:48:24.820+0000] {processor.py:914} INFO - Processing file /opt/conda/lib/python3.12/site-packages/airflow/example_dags/tutorial_taskflow_api_virtualenv.py for tasks to queue
[2025-02-06T09:48:24.822+0000] {logging_mixin.py:190} INFO - [2025-02-06T09:48:24.822+0000] {dagbag.py:588} INFO - Filling up the DagBag from /opt/conda/lib/python3.12/site-packages/airflow/example_dags/tutorial_taskflow_api_virtualenv.py
[2025-02-06T09:48:24.825+0000] {logging_mixin.py:190} INFO - [2025-02-06T09:48:24.825+0000] {tutorial_taskflow_api_virtualenv.py:29} WARNING - The tutorial_taskflow_api_virtualenv example DAG requires virtualenv, please install it.
[2025-02-06T09:48:24.826+0000] {processor.py:927} WARNING - No viable dags retrieved from /opt/conda/lib/python3.12/site-packages/airflow/example_dags/tutorial_taskflow_api_virtualenv.py
[2025-02-06T09:48:24.844+0000] {processor.py:208} INFO - Processing /opt/conda/lib/python3.12/site-packages/airflow/example_dags/tutorial_taskflow_api_virtualenv.py took 0.029 seconds
[2025-02-06T09:53:41.086+0000] {processor.py:186} INFO - Started process (PID=768) to work on /opt/conda/lib/python3.12/site-packages/airflow/example_dags/tutorial_taskflow_api_virtualenv.py
[2025-02-06T09:53:41.088+0000] {processor.py:914} INFO - Processing file /opt/conda/lib/python3.12/site-packages/airflow/example_dags/tutorial_taskflow_api_virtualenv.py for tasks to queue
[2025-02-06T09:53:41.089+0000] {logging_mixin.py:190} INFO - [2025-02-06T09:53:41.089+0000] {dagbag.py:588} INFO - Filling up the DagBag from /opt/conda/lib/python3.12/site-packages/airflow/example_dags/tutorial_taskflow_api_virtualenv.py
[2025-02-06T09:53:41.093+0000] {logging_mixin.py:190} INFO - [2025-02-06T09:53:41.093+0000] {tutorial_taskflow_api_virtualenv.py:29} WARNING - The tutorial_taskflow_api_virtualenv example DAG requires virtualenv, please install it.
[2025-02-06T09:53:41.094+0000] {processor.py:927} WARNING - No viable dags retrieved from /opt/conda/lib/python3.12/site-packages/airflow/example_dags/tutorial_taskflow_api_virtualenv.py
[2025-02-06T09:53:41.113+0000] {processor.py:208} INFO - Processing /opt/conda/lib/python3.12/site-packages/airflow/example_dags/tutorial_taskflow_api_virtualenv.py took 0.031 seconds
[2025-02-06T09:57:53.690+0000] {processor.py:186} INFO - Started process (PID=1241) to work on /opt/conda/lib/python3.12/site-packages/airflow/example_dags/tutorial_taskflow_api_virtualenv.py
[2025-02-06T09:57:53.691+0000] {processor.py:914} INFO - Processing file /opt/conda/lib/python3.12/site-packages/airflow/example_dags/tutorial_taskflow_api_virtualenv.py for tasks to queue
[2025-02-06T09:57:53.692+0000] {logging_mixin.py:190} INFO - [2025-02-06T09:57:53.692+0000] {dagbag.py:588} INFO - Filling up the DagBag from /opt/conda/lib/python3.12/site-packages/airflow/example_dags/tutorial_taskflow_api_virtualenv.py
[2025-02-06T09:57:53.695+0000] {logging_mixin.py:190} INFO - [2025-02-06T09:57:53.695+0000] {tutorial_taskflow_api_virtualenv.py:29} WARNING - The tutorial_taskflow_api_virtualenv example DAG requires virtualenv, please install it.
[2025-02-06T09:57:53.696+0000] {processor.py:927} WARNING - No viable dags retrieved from /opt/conda/lib/python3.12/site-packages/airflow/example_dags/tutorial_taskflow_api_virtualenv.py
[2025-02-06T09:57:53.712+0000] {processor.py:208} INFO - Processing /opt/conda/lib/python3.12/site-packages/airflow/example_dags/tutorial_taskflow_api_virtualenv.py took 0.026 seconds
[2025-02-06T10:02:58.926+0000] {processor.py:186} INFO - Started process (PID=1791) to work on /opt/conda/lib/python3.12/site-packages/airflow/example_dags/tutorial_taskflow_api_virtualenv.py
[2025-02-06T10:02:58.927+0000] {processor.py:914} INFO - Processing file /opt/conda/lib/python3.12/site-packages/airflow/example_dags/tutorial_taskflow_api_virtualenv.py for tasks to queue
[2025-02-06T10:02:58.929+0000] {logging_mixin.py:190} INFO - [2025-02-06T10:02:58.929+0000] {dagbag.py:588} INFO - Filling up the DagBag from /opt/conda/lib/python3.12/site-packages/airflow/example_dags/tutorial_taskflow_api_virtualenv.py
[2025-02-06T10:02:58.932+0000] {logging_mixin.py:190} INFO - [2025-02-06T10:02:58.932+0000] {tutorial_taskflow_api_virtualenv.py:29} WARNING - The tutorial_taskflow_api_virtualenv example DAG requires virtualenv, please install it.
[2025-02-06T10:02:58.932+0000] {processor.py:927} WARNING - No viable dags retrieved from /opt/conda/lib/python3.12/site-packages/airflow/example_dags/tutorial_taskflow_api_virtualenv.py
[2025-02-06T10:02:58.967+0000] {processor.py:208} INFO - Processing /opt/conda/lib/python3.12/site-packages/airflow/example_dags/tutorial_taskflow_api_virtualenv.py took 0.046 seconds
[2025-02-06T10:05:55.086+0000] {processor.py:186} INFO - Started process (PID=2058) to work on /opt/conda/lib/python3.12/site-packages/airflow/example_dags/tutorial_taskflow_api_virtualenv.py
[2025-02-06T10:05:55.087+0000] {processor.py:914} INFO - Processing file /opt/conda/lib/python3.12/site-packages/airflow/example_dags/tutorial_taskflow_api_virtualenv.py for tasks to queue
[2025-02-06T10:05:55.089+0000] {logging_mixin.py:190} INFO - [2025-02-06T10:05:55.089+0000] {dagbag.py:588} INFO - Filling up the DagBag from /opt/conda/lib/python3.12/site-packages/airflow/example_dags/tutorial_taskflow_api_virtualenv.py
[2025-02-06T10:05:55.094+0000] {logging_mixin.py:190} INFO - [2025-02-06T10:05:55.094+0000] {tutorial_taskflow_api_virtualenv.py:29} WARNING - The tutorial_taskflow_api_virtualenv example DAG requires virtualenv, please install it.
[2025-02-06T10:05:55.094+0000] {processor.py:927} WARNING - No viable dags retrieved from /opt/conda/lib/python3.12/site-packages/airflow/example_dags/tutorial_taskflow_api_virtualenv.py
[2025-02-06T10:05:55.113+0000] {processor.py:208} INFO - Processing /opt/conda/lib/python3.12/site-packages/airflow/example_dags/tutorial_taskflow_api_virtualenv.py took 0.031 seconds
[2025-02-06T10:08:20.985+0000] {processor.py:186} INFO - Started process (PID=2274) to work on /opt/conda/lib/python3.12/site-packages/airflow/example_dags/tutorial_taskflow_api_virtualenv.py
[2025-02-06T10:08:20.986+0000] {processor.py:914} INFO - Processing file /opt/conda/lib/python3.12/site-packages/airflow/example_dags/tutorial_taskflow_api_virtualenv.py for tasks to queue
[2025-02-06T10:08:20.987+0000] {logging_mixin.py:190} INFO - [2025-02-06T10:08:20.987+0000] {dagbag.py:588} INFO - Filling up the DagBag from /opt/conda/lib/python3.12/site-packages/airflow/example_dags/tutorial_taskflow_api_virtualenv.py
[2025-02-06T10:08:20.990+0000] {logging_mixin.py:190} INFO - [2025-02-06T10:08:20.990+0000] {tutorial_taskflow_api_virtualenv.py:29} WARNING - The tutorial_taskflow_api_virtualenv example DAG requires virtualenv, please install it.
[2025-02-06T10:08:20.990+0000] {processor.py:927} WARNING - No viable dags retrieved from /opt/conda/lib/python3.12/site-packages/airflow/example_dags/tutorial_taskflow_api_virtualenv.py
[2025-02-06T10:08:21.008+0000] {processor.py:208} INFO - Processing /opt/conda/lib/python3.12/site-packages/airflow/example_dags/tutorial_taskflow_api_virtualenv.py took 0.028 seconds
[2025-02-06T10:12:40.893+0000] {processor.py:186} INFO - Started process (PID=2722) to work on /opt/conda/lib/python3.12/site-packages/airflow/example_dags/tutorial_taskflow_api_virtualenv.py
[2025-02-06T10:12:40.894+0000] {processor.py:914} INFO - Processing file /opt/conda/lib/python3.12/site-packages/airflow/example_dags/tutorial_taskflow_api_virtualenv.py for tasks to queue
[2025-02-06T10:12:40.896+0000] {logging_mixin.py:190} INFO - [2025-02-06T10:12:40.895+0000] {dagbag.py:588} INFO - Filling up the DagBag from /opt/conda/lib/python3.12/site-packages/airflow/example_dags/tutorial_taskflow_api_virtualenv.py
[2025-02-06T10:12:40.898+0000] {logging_mixin.py:190} INFO - [2025-02-06T10:12:40.898+0000] {tutorial_taskflow_api_virtualenv.py:29} WARNING - The tutorial_taskflow_api_virtualenv example DAG requires virtualenv, please install it.
[2025-02-06T10:12:40.899+0000] {processor.py:927} WARNING - No viable dags retrieved from /opt/conda/lib/python3.12/site-packages/airflow/example_dags/tutorial_taskflow_api_virtualenv.py
[2025-02-06T10:12:40.919+0000] {processor.py:208} INFO - Processing /opt/conda/lib/python3.12/site-packages/airflow/example_dags/tutorial_taskflow_api_virtualenv.py took 0.030 seconds
[2025-02-06T10:18:37.819+0000] {processor.py:186} INFO - Started process (PID=3343) to work on /opt/conda/lib/python3.12/site-packages/airflow/example_dags/tutorial_taskflow_api_virtualenv.py
[2025-02-06T10:18:37.820+0000] {processor.py:914} INFO - Processing file /opt/conda/lib/python3.12/site-packages/airflow/example_dags/tutorial_taskflow_api_virtualenv.py for tasks to queue
[2025-02-06T10:18:37.821+0000] {logging_mixin.py:190} INFO - [2025-02-06T10:18:37.821+0000] {dagbag.py:588} INFO - Filling up the DagBag from /opt/conda/lib/python3.12/site-packages/airflow/example_dags/tutorial_taskflow_api_virtualenv.py
[2025-02-06T10:18:37.827+0000] {logging_mixin.py:190} INFO - [2025-02-06T10:18:37.826+0000] {tutorial_taskflow_api_virtualenv.py:29} WARNING - The tutorial_taskflow_api_virtualenv example DAG requires virtualenv, please install it.
[2025-02-06T10:18:37.827+0000] {processor.py:927} WARNING - No viable dags retrieved from /opt/conda/lib/python3.12/site-packages/airflow/example_dags/tutorial_taskflow_api_virtualenv.py
[2025-02-06T10:18:37.851+0000] {processor.py:208} INFO - Processing /opt/conda/lib/python3.12/site-packages/airflow/example_dags/tutorial_taskflow_api_virtualenv.py took 0.040 seconds
[2025-02-06T10:23:55.686+0000] {processor.py:186} INFO - Started process (PID=3878) to work on /opt/conda/lib/python3.12/site-packages/airflow/example_dags/tutorial_taskflow_api_virtualenv.py
[2025-02-06T10:23:55.687+0000] {processor.py:914} INFO - Processing file /opt/conda/lib/python3.12/site-packages/airflow/example_dags/tutorial_taskflow_api_virtualenv.py for tasks to queue
[2025-02-06T10:23:55.688+0000] {logging_mixin.py:190} INFO - [2025-02-06T10:23:55.688+0000] {dagbag.py:588} INFO - Filling up the DagBag from /opt/conda/lib/python3.12/site-packages/airflow/example_dags/tutorial_taskflow_api_virtualenv.py
[2025-02-06T10:23:55.691+0000] {logging_mixin.py:190} INFO - [2025-02-06T10:23:55.691+0000] {tutorial_taskflow_api_virtualenv.py:29} WARNING - The tutorial_taskflow_api_virtualenv example DAG requires virtualenv, please install it.
[2025-02-06T10:23:55.692+0000] {processor.py:927} WARNING - No viable dags retrieved from /opt/conda/lib/python3.12/site-packages/airflow/example_dags/tutorial_taskflow_api_virtualenv.py
[2025-02-06T10:23:55.786+0000] {processor.py:208} INFO - Processing /opt/conda/lib/python3.12/site-packages/airflow/example_dags/tutorial_taskflow_api_virtualenv.py took 0.108 seconds
[2025-02-06T10:25:19.430+0000] {processor.py:186} INFO - Started process (PID=3987) to work on /opt/conda/lib/python3.12/site-packages/airflow/example_dags/tutorial_taskflow_api_virtualenv.py
[2025-02-06T10:25:19.431+0000] {processor.py:914} INFO - Processing file /opt/conda/lib/python3.12/site-packages/airflow/example_dags/tutorial_taskflow_api_virtualenv.py for tasks to queue
[2025-02-06T10:25:19.432+0000] {logging_mixin.py:190} INFO - [2025-02-06T10:25:19.432+0000] {dagbag.py:588} INFO - Filling up the DagBag from /opt/conda/lib/python3.12/site-packages/airflow/example_dags/tutorial_taskflow_api_virtualenv.py
[2025-02-06T10:25:19.435+0000] {logging_mixin.py:190} INFO - [2025-02-06T10:25:19.435+0000] {tutorial_taskflow_api_virtualenv.py:29} WARNING - The tutorial_taskflow_api_virtualenv example DAG requires virtualenv, please install it.
[2025-02-06T10:25:19.435+0000] {processor.py:927} WARNING - No viable dags retrieved from /opt/conda/lib/python3.12/site-packages/airflow/example_dags/tutorial_taskflow_api_virtualenv.py
[2025-02-06T10:25:19.455+0000] {processor.py:208} INFO - Processing /opt/conda/lib/python3.12/site-packages/airflow/example_dags/tutorial_taskflow_api_virtualenv.py took 0.032 seconds
[2025-02-06T10:26:40.005+0000] {processor.py:186} INFO - Started process (PID=4132) to work on /opt/conda/lib/python3.12/site-packages/airflow/example_dags/tutorial_taskflow_api_virtualenv.py
[2025-02-06T10:26:40.006+0000] {processor.py:914} INFO - Processing file /opt/conda/lib/python3.12/site-packages/airflow/example_dags/tutorial_taskflow_api_virtualenv.py for tasks to queue
[2025-02-06T10:26:40.007+0000] {logging_mixin.py:190} INFO - [2025-02-06T10:26:40.007+0000] {dagbag.py:588} INFO - Filling up the DagBag from /opt/conda/lib/python3.12/site-packages/airflow/example_dags/tutorial_taskflow_api_virtualenv.py
[2025-02-06T10:26:40.010+0000] {logging_mixin.py:190} INFO - [2025-02-06T10:26:40.010+0000] {tutorial_taskflow_api_virtualenv.py:29} WARNING - The tutorial_taskflow_api_virtualenv example DAG requires virtualenv, please install it.
[2025-02-06T10:26:40.010+0000] {processor.py:927} WARNING - No viable dags retrieved from /opt/conda/lib/python3.12/site-packages/airflow/example_dags/tutorial_taskflow_api_virtualenv.py
[2025-02-06T10:26:40.032+0000] {processor.py:208} INFO - Processing /opt/conda/lib/python3.12/site-packages/airflow/example_dags/tutorial_taskflow_api_virtualenv.py took 0.032 seconds
[2025-02-06T11:40:59.774+0000] {processor.py:186} INFO - Started process (PID=497) to work on /opt/conda/lib/python3.12/site-packages/airflow/example_dags/tutorial_taskflow_api_virtualenv.py
[2025-02-06T11:40:59.776+0000] {processor.py:914} INFO - Processing file /opt/conda/lib/python3.12/site-packages/airflow/example_dags/tutorial_taskflow_api_virtualenv.py for tasks to queue
[2025-02-06T11:40:59.779+0000] {logging_mixin.py:190} INFO - [2025-02-06T11:40:59.778+0000] {dagbag.py:588} INFO - Filling up the DagBag from /opt/conda/lib/python3.12/site-packages/airflow/example_dags/tutorial_taskflow_api_virtualenv.py
[2025-02-06T11:40:59.782+0000] {logging_mixin.py:190} INFO - [2025-02-06T11:40:59.782+0000] {tutorial_taskflow_api_virtualenv.py:29} WARNING - The tutorial_taskflow_api_virtualenv example DAG requires virtualenv, please install it.
[2025-02-06T11:40:59.783+0000] {processor.py:927} WARNING - No viable dags retrieved from /opt/conda/lib/python3.12/site-packages/airflow/example_dags/tutorial_taskflow_api_virtualenv.py
[2025-02-06T11:40:59.812+0000] {processor.py:208} INFO - Processing /opt/conda/lib/python3.12/site-packages/airflow/example_dags/tutorial_taskflow_api_virtualenv.py took 0.044 seconds
[2025-02-06T11:44:46.945+0000] {processor.py:186} INFO - Started process (PID=1474) to work on /opt/conda/lib/python3.12/site-packages/airflow/example_dags/tutorial_taskflow_api_virtualenv.py
[2025-02-06T11:44:46.948+0000] {processor.py:914} INFO - Processing file /opt/conda/lib/python3.12/site-packages/airflow/example_dags/tutorial_taskflow_api_virtualenv.py for tasks to queue
[2025-02-06T11:44:46.953+0000] {logging_mixin.py:190} INFO - [2025-02-06T11:44:46.951+0000] {dagbag.py:588} INFO - Filling up the DagBag from /opt/conda/lib/python3.12/site-packages/airflow/example_dags/tutorial_taskflow_api_virtualenv.py
[2025-02-06T11:44:46.963+0000] {logging_mixin.py:190} INFO - [2025-02-06T11:44:46.963+0000] {tutorial_taskflow_api_virtualenv.py:29} WARNING - The tutorial_taskflow_api_virtualenv example DAG requires virtualenv, please install it.
[2025-02-06T11:44:46.964+0000] {processor.py:927} WARNING - No viable dags retrieved from /opt/conda/lib/python3.12/site-packages/airflow/example_dags/tutorial_taskflow_api_virtualenv.py
[2025-02-06T11:44:46.998+0000] {processor.py:208} INFO - Processing /opt/conda/lib/python3.12/site-packages/airflow/example_dags/tutorial_taskflow_api_virtualenv.py took 0.065 seconds
[2025-02-06T11:49:11.888+0000] {processor.py:186} INFO - Started process (PID=2387) to work on /opt/conda/lib/python3.12/site-packages/airflow/example_dags/tutorial_taskflow_api_virtualenv.py
[2025-02-06T11:49:11.889+0000] {processor.py:914} INFO - Processing file /opt/conda/lib/python3.12/site-packages/airflow/example_dags/tutorial_taskflow_api_virtualenv.py for tasks to queue
[2025-02-06T11:49:11.891+0000] {logging_mixin.py:190} INFO - [2025-02-06T11:49:11.890+0000] {dagbag.py:588} INFO - Filling up the DagBag from /opt/conda/lib/python3.12/site-packages/airflow/example_dags/tutorial_taskflow_api_virtualenv.py
[2025-02-06T11:49:11.898+0000] {logging_mixin.py:190} INFO - [2025-02-06T11:49:11.897+0000] {tutorial_taskflow_api_virtualenv.py:29} WARNING - The tutorial_taskflow_api_virtualenv example DAG requires virtualenv, please install it.
[2025-02-06T11:49:11.898+0000] {processor.py:927} WARNING - No viable dags retrieved from /opt/conda/lib/python3.12/site-packages/airflow/example_dags/tutorial_taskflow_api_virtualenv.py
[2025-02-06T11:49:11.925+0000] {processor.py:208} INFO - Processing /opt/conda/lib/python3.12/site-packages/airflow/example_dags/tutorial_taskflow_api_virtualenv.py took 0.043 seconds
[2025-02-06T11:52:40.306+0000] {processor.py:186} INFO - Started process (PID=3341) to work on /opt/conda/lib/python3.12/site-packages/airflow/example_dags/tutorial_taskflow_api_virtualenv.py
[2025-02-06T11:52:40.307+0000] {processor.py:914} INFO - Processing file /opt/conda/lib/python3.12/site-packages/airflow/example_dags/tutorial_taskflow_api_virtualenv.py for tasks to queue
[2025-02-06T11:52:40.309+0000] {logging_mixin.py:190} INFO - [2025-02-06T11:52:40.308+0000] {dagbag.py:588} INFO - Filling up the DagBag from /opt/conda/lib/python3.12/site-packages/airflow/example_dags/tutorial_taskflow_api_virtualenv.py
[2025-02-06T11:52:40.318+0000] {logging_mixin.py:190} INFO - [2025-02-06T11:52:40.317+0000] {tutorial_taskflow_api_virtualenv.py:29} WARNING - The tutorial_taskflow_api_virtualenv example DAG requires virtualenv, please install it.
[2025-02-06T11:52:40.318+0000] {processor.py:927} WARNING - No viable dags retrieved from /opt/conda/lib/python3.12/site-packages/airflow/example_dags/tutorial_taskflow_api_virtualenv.py
[2025-02-06T11:52:40.346+0000] {processor.py:208} INFO - Processing /opt/conda/lib/python3.12/site-packages/airflow/example_dags/tutorial_taskflow_api_virtualenv.py took 0.045 seconds
[2025-02-06T11:55:09.440+0000] {processor.py:186} INFO - Started process (PID=133) to work on /opt/conda/lib/python3.12/site-packages/airflow/example_dags/tutorial_taskflow_api_virtualenv.py
[2025-02-06T11:55:09.442+0000] {processor.py:914} INFO - Processing file /opt/conda/lib/python3.12/site-packages/airflow/example_dags/tutorial_taskflow_api_virtualenv.py for tasks to queue
[2025-02-06T11:55:09.445+0000] {logging_mixin.py:190} INFO - [2025-02-06T11:55:09.445+0000] {dagbag.py:588} INFO - Filling up the DagBag from /opt/conda/lib/python3.12/site-packages/airflow/example_dags/tutorial_taskflow_api_virtualenv.py
[2025-02-06T11:55:09.453+0000] {logging_mixin.py:190} INFO - [2025-02-06T11:55:09.452+0000] {tutorial_taskflow_api_virtualenv.py:29} WARNING - The tutorial_taskflow_api_virtualenv example DAG requires virtualenv, please install it.
[2025-02-06T11:55:09.454+0000] {processor.py:927} WARNING - No viable dags retrieved from /opt/conda/lib/python3.12/site-packages/airflow/example_dags/tutorial_taskflow_api_virtualenv.py
[2025-02-06T11:55:09.509+0000] {processor.py:208} INFO - Processing /opt/conda/lib/python3.12/site-packages/airflow/example_dags/tutorial_taskflow_api_virtualenv.py took 0.077 seconds
[2025-02-06T11:59:41.540+0000] {processor.py:186} INFO - Started process (PID=498) to work on /opt/conda/lib/python3.12/site-packages/airflow/example_dags/tutorial_taskflow_api_virtualenv.py
[2025-02-06T11:59:41.541+0000] {processor.py:914} INFO - Processing file /opt/conda/lib/python3.12/site-packages/airflow/example_dags/tutorial_taskflow_api_virtualenv.py for tasks to queue
[2025-02-06T11:59:41.543+0000] {logging_mixin.py:190} INFO - [2025-02-06T11:59:41.543+0000] {dagbag.py:588} INFO - Filling up the DagBag from /opt/conda/lib/python3.12/site-packages/airflow/example_dags/tutorial_taskflow_api_virtualenv.py
[2025-02-06T11:59:41.553+0000] {logging_mixin.py:190} INFO - [2025-02-06T11:59:41.553+0000] {tutorial_taskflow_api_virtualenv.py:29} WARNING - The tutorial_taskflow_api_virtualenv example DAG requires virtualenv, please install it.
[2025-02-06T11:59:41.554+0000] {processor.py:927} WARNING - No viable dags retrieved from /opt/conda/lib/python3.12/site-packages/airflow/example_dags/tutorial_taskflow_api_virtualenv.py
[2025-02-06T11:59:41.581+0000] {processor.py:208} INFO - Processing /opt/conda/lib/python3.12/site-packages/airflow/example_dags/tutorial_taskflow_api_virtualenv.py took 0.046 seconds
[2025-02-06T12:04:43.800+0000] {processor.py:186} INFO - Started process (PID=498) to work on /opt/conda/lib/python3.12/site-packages/airflow/example_dags/tutorial_taskflow_api_virtualenv.py
[2025-02-06T12:04:43.801+0000] {processor.py:914} INFO - Processing file /opt/conda/lib/python3.12/site-packages/airflow/example_dags/tutorial_taskflow_api_virtualenv.py for tasks to queue
[2025-02-06T12:04:43.804+0000] {logging_mixin.py:190} INFO - [2025-02-06T12:04:43.803+0000] {dagbag.py:588} INFO - Filling up the DagBag from /opt/conda/lib/python3.12/site-packages/airflow/example_dags/tutorial_taskflow_api_virtualenv.py
[2025-02-06T12:04:43.808+0000] {logging_mixin.py:190} INFO - [2025-02-06T12:04:43.808+0000] {tutorial_taskflow_api_virtualenv.py:29} WARNING - The tutorial_taskflow_api_virtualenv example DAG requires virtualenv, please install it.
[2025-02-06T12:04:43.809+0000] {processor.py:927} WARNING - No viable dags retrieved from /opt/conda/lib/python3.12/site-packages/airflow/example_dags/tutorial_taskflow_api_virtualenv.py
[2025-02-06T12:04:43.830+0000] {processor.py:208} INFO - Processing /opt/conda/lib/python3.12/site-packages/airflow/example_dags/tutorial_taskflow_api_virtualenv.py took 0.034 seconds
[2025-02-06T12:07:36.609+0000] {processor.py:186} INFO - Started process (PID=1512) to work on /opt/conda/lib/python3.12/site-packages/airflow/example_dags/tutorial_taskflow_api_virtualenv.py
[2025-02-06T12:07:36.610+0000] {processor.py:914} INFO - Processing file /opt/conda/lib/python3.12/site-packages/airflow/example_dags/tutorial_taskflow_api_virtualenv.py for tasks to queue
[2025-02-06T12:07:36.612+0000] {logging_mixin.py:190} INFO - [2025-02-06T12:07:36.611+0000] {dagbag.py:588} INFO - Filling up the DagBag from /opt/conda/lib/python3.12/site-packages/airflow/example_dags/tutorial_taskflow_api_virtualenv.py
[2025-02-06T12:07:36.615+0000] {logging_mixin.py:190} INFO - [2025-02-06T12:07:36.615+0000] {tutorial_taskflow_api_virtualenv.py:29} WARNING - The tutorial_taskflow_api_virtualenv example DAG requires virtualenv, please install it.
[2025-02-06T12:07:36.616+0000] {processor.py:927} WARNING - No viable dags retrieved from /opt/conda/lib/python3.12/site-packages/airflow/example_dags/tutorial_taskflow_api_virtualenv.py
[2025-02-06T12:07:36.635+0000] {processor.py:208} INFO - Processing /opt/conda/lib/python3.12/site-packages/airflow/example_dags/tutorial_taskflow_api_virtualenv.py took 0.030 seconds
[2025-02-06T12:25:21.268+0000] {processor.py:186} INFO - Started process (PID=1545) to work on /opt/conda/lib/python3.12/site-packages/airflow/example_dags/tutorial_taskflow_api_virtualenv.py
[2025-02-06T12:25:21.269+0000] {processor.py:914} INFO - Processing file /opt/conda/lib/python3.12/site-packages/airflow/example_dags/tutorial_taskflow_api_virtualenv.py for tasks to queue
[2025-02-06T12:25:21.270+0000] {logging_mixin.py:190} INFO - [2025-02-06T12:25:21.270+0000] {dagbag.py:588} INFO - Filling up the DagBag from /opt/conda/lib/python3.12/site-packages/airflow/example_dags/tutorial_taskflow_api_virtualenv.py
[2025-02-06T12:25:21.273+0000] {logging_mixin.py:190} INFO - [2025-02-06T12:25:21.273+0000] {tutorial_taskflow_api_virtualenv.py:29} WARNING - The tutorial_taskflow_api_virtualenv example DAG requires virtualenv, please install it.
[2025-02-06T12:25:21.274+0000] {processor.py:927} WARNING - No viable dags retrieved from /opt/conda/lib/python3.12/site-packages/airflow/example_dags/tutorial_taskflow_api_virtualenv.py
[2025-02-06T12:25:21.289+0000] {processor.py:208} INFO - Processing /opt/conda/lib/python3.12/site-packages/airflow/example_dags/tutorial_taskflow_api_virtualenv.py took 0.025 seconds
[2025-02-06T12:29:17.437+0000] {processor.py:186} INFO - Started process (PID=3511) to work on /opt/conda/lib/python3.12/site-packages/airflow/example_dags/tutorial_taskflow_api_virtualenv.py
[2025-02-06T12:29:17.438+0000] {processor.py:914} INFO - Processing file /opt/conda/lib/python3.12/site-packages/airflow/example_dags/tutorial_taskflow_api_virtualenv.py for tasks to queue
[2025-02-06T12:29:17.440+0000] {logging_mixin.py:190} INFO - [2025-02-06T12:29:17.439+0000] {dagbag.py:588} INFO - Filling up the DagBag from /opt/conda/lib/python3.12/site-packages/airflow/example_dags/tutorial_taskflow_api_virtualenv.py
[2025-02-06T12:29:17.443+0000] {logging_mixin.py:190} INFO - [2025-02-06T12:29:17.443+0000] {tutorial_taskflow_api_virtualenv.py:29} WARNING - The tutorial_taskflow_api_virtualenv example DAG requires virtualenv, please install it.
[2025-02-06T12:29:17.444+0000] {processor.py:927} WARNING - No viable dags retrieved from /opt/conda/lib/python3.12/site-packages/airflow/example_dags/tutorial_taskflow_api_virtualenv.py
[2025-02-06T12:29:17.463+0000] {processor.py:208} INFO - Processing /opt/conda/lib/python3.12/site-packages/airflow/example_dags/tutorial_taskflow_api_virtualenv.py took 0.030 seconds
[2025-02-06T12:33:10.803+0000] {processor.py:186} INFO - Started process (PID=5544) to work on /opt/conda/lib/python3.12/site-packages/airflow/example_dags/tutorial_taskflow_api_virtualenv.py
[2025-02-06T12:33:10.804+0000] {processor.py:914} INFO - Processing file /opt/conda/lib/python3.12/site-packages/airflow/example_dags/tutorial_taskflow_api_virtualenv.py for tasks to queue
[2025-02-06T12:33:10.806+0000] {logging_mixin.py:190} INFO - [2025-02-06T12:33:10.806+0000] {dagbag.py:588} INFO - Filling up the DagBag from /opt/conda/lib/python3.12/site-packages/airflow/example_dags/tutorial_taskflow_api_virtualenv.py
[2025-02-06T12:33:10.810+0000] {logging_mixin.py:190} INFO - [2025-02-06T12:33:10.810+0000] {tutorial_taskflow_api_virtualenv.py:29} WARNING - The tutorial_taskflow_api_virtualenv example DAG requires virtualenv, please install it.
[2025-02-06T12:33:10.810+0000] {processor.py:927} WARNING - No viable dags retrieved from /opt/conda/lib/python3.12/site-packages/airflow/example_dags/tutorial_taskflow_api_virtualenv.py
[2025-02-06T12:33:10.829+0000] {processor.py:208} INFO - Processing /opt/conda/lib/python3.12/site-packages/airflow/example_dags/tutorial_taskflow_api_virtualenv.py took 0.030 seconds
[2025-02-06T12:37:18.103+0000] {processor.py:186} INFO - Started process (PID=7647) to work on /opt/conda/lib/python3.12/site-packages/airflow/example_dags/tutorial_taskflow_api_virtualenv.py
[2025-02-06T12:37:18.104+0000] {processor.py:914} INFO - Processing file /opt/conda/lib/python3.12/site-packages/airflow/example_dags/tutorial_taskflow_api_virtualenv.py for tasks to queue
[2025-02-06T12:37:18.106+0000] {logging_mixin.py:190} INFO - [2025-02-06T12:37:18.106+0000] {dagbag.py:588} INFO - Filling up the DagBag from /opt/conda/lib/python3.12/site-packages/airflow/example_dags/tutorial_taskflow_api_virtualenv.py
[2025-02-06T12:37:18.110+0000] {logging_mixin.py:190} INFO - [2025-02-06T12:37:18.109+0000] {tutorial_taskflow_api_virtualenv.py:29} WARNING - The tutorial_taskflow_api_virtualenv example DAG requires virtualenv, please install it.
[2025-02-06T12:37:18.110+0000] {processor.py:927} WARNING - No viable dags retrieved from /opt/conda/lib/python3.12/site-packages/airflow/example_dags/tutorial_taskflow_api_virtualenv.py
[2025-02-06T12:37:18.130+0000] {processor.py:208} INFO - Processing /opt/conda/lib/python3.12/site-packages/airflow/example_dags/tutorial_taskflow_api_virtualenv.py took 0.031 seconds
[2025-02-06T12:41:26.153+0000] {processor.py:186} INFO - Started process (PID=9767) to work on /opt/conda/lib/python3.12/site-packages/airflow/example_dags/tutorial_taskflow_api_virtualenv.py
[2025-02-06T12:41:26.154+0000] {processor.py:914} INFO - Processing file /opt/conda/lib/python3.12/site-packages/airflow/example_dags/tutorial_taskflow_api_virtualenv.py for tasks to queue
[2025-02-06T12:41:26.156+0000] {logging_mixin.py:190} INFO - [2025-02-06T12:41:26.156+0000] {dagbag.py:588} INFO - Filling up the DagBag from /opt/conda/lib/python3.12/site-packages/airflow/example_dags/tutorial_taskflow_api_virtualenv.py
[2025-02-06T12:41:26.160+0000] {logging_mixin.py:190} INFO - [2025-02-06T12:41:26.160+0000] {tutorial_taskflow_api_virtualenv.py:29} WARNING - The tutorial_taskflow_api_virtualenv example DAG requires virtualenv, please install it.
[2025-02-06T12:41:26.160+0000] {processor.py:927} WARNING - No viable dags retrieved from /opt/conda/lib/python3.12/site-packages/airflow/example_dags/tutorial_taskflow_api_virtualenv.py
[2025-02-06T12:41:26.177+0000] {processor.py:208} INFO - Processing /opt/conda/lib/python3.12/site-packages/airflow/example_dags/tutorial_taskflow_api_virtualenv.py took 0.028 seconds
[2025-02-06T12:45:29.902+0000] {processor.py:186} INFO - Started process (PID=11849) to work on /opt/conda/lib/python3.12/site-packages/airflow/example_dags/tutorial_taskflow_api_virtualenv.py
[2025-02-06T12:45:29.903+0000] {processor.py:914} INFO - Processing file /opt/conda/lib/python3.12/site-packages/airflow/example_dags/tutorial_taskflow_api_virtualenv.py for tasks to queue
[2025-02-06T12:45:29.905+0000] {logging_mixin.py:190} INFO - [2025-02-06T12:45:29.904+0000] {dagbag.py:588} INFO - Filling up the DagBag from /opt/conda/lib/python3.12/site-packages/airflow/example_dags/tutorial_taskflow_api_virtualenv.py
[2025-02-06T12:45:29.908+0000] {logging_mixin.py:190} INFO - [2025-02-06T12:45:29.908+0000] {tutorial_taskflow_api_virtualenv.py:29} WARNING - The tutorial_taskflow_api_virtualenv example DAG requires virtualenv, please install it.
[2025-02-06T12:45:29.909+0000] {processor.py:927} WARNING - No viable dags retrieved from /opt/conda/lib/python3.12/site-packages/airflow/example_dags/tutorial_taskflow_api_virtualenv.py
[2025-02-06T12:45:29.925+0000] {processor.py:208} INFO - Processing /opt/conda/lib/python3.12/site-packages/airflow/example_dags/tutorial_taskflow_api_virtualenv.py took 0.027 seconds
[2025-02-06T12:51:00.840+0000] {processor.py:186} INFO - Started process (PID=14326) to work on /opt/conda/lib/python3.12/site-packages/airflow/example_dags/tutorial_taskflow_api_virtualenv.py
[2025-02-06T12:51:00.843+0000] {processor.py:914} INFO - Processing file /opt/conda/lib/python3.12/site-packages/airflow/example_dags/tutorial_taskflow_api_virtualenv.py for tasks to queue
[2025-02-06T12:51:00.848+0000] {logging_mixin.py:190} INFO - [2025-02-06T12:51:00.847+0000] {dagbag.py:588} INFO - Filling up the DagBag from /opt/conda/lib/python3.12/site-packages/airflow/example_dags/tutorial_taskflow_api_virtualenv.py
[2025-02-06T12:51:00.853+0000] {logging_mixin.py:190} INFO - [2025-02-06T12:51:00.853+0000] {tutorial_taskflow_api_virtualenv.py:29} WARNING - The tutorial_taskflow_api_virtualenv example DAG requires virtualenv, please install it.
[2025-02-06T12:51:00.854+0000] {processor.py:927} WARNING - No viable dags retrieved from /opt/conda/lib/python3.12/site-packages/airflow/example_dags/tutorial_taskflow_api_virtualenv.py
[2025-02-06T12:51:00.887+0000] {processor.py:208} INFO - Processing /opt/conda/lib/python3.12/site-packages/airflow/example_dags/tutorial_taskflow_api_virtualenv.py took 0.053 seconds
[2025-02-06T13:00:27.863+0000] {processor.py:186} INFO - Started process (PID=765) to work on /opt/conda/lib/python3.12/site-packages/airflow/example_dags/tutorial_taskflow_api_virtualenv.py
[2025-02-06T13:00:27.864+0000] {processor.py:914} INFO - Processing file /opt/conda/lib/python3.12/site-packages/airflow/example_dags/tutorial_taskflow_api_virtualenv.py for tasks to queue
[2025-02-06T13:00:27.866+0000] {logging_mixin.py:190} INFO - [2025-02-06T13:00:27.866+0000] {dagbag.py:588} INFO - Filling up the DagBag from /opt/conda/lib/python3.12/site-packages/airflow/example_dags/tutorial_taskflow_api_virtualenv.py
[2025-02-06T13:00:27.871+0000] {logging_mixin.py:190} INFO - [2025-02-06T13:00:27.871+0000] {tutorial_taskflow_api_virtualenv.py:29} WARNING - The tutorial_taskflow_api_virtualenv example DAG requires virtualenv, please install it.
[2025-02-06T13:00:27.872+0000] {processor.py:927} WARNING - No viable dags retrieved from /opt/conda/lib/python3.12/site-packages/airflow/example_dags/tutorial_taskflow_api_virtualenv.py
[2025-02-06T13:00:27.895+0000] {processor.py:208} INFO - Processing /opt/conda/lib/python3.12/site-packages/airflow/example_dags/tutorial_taskflow_api_virtualenv.py took 0.037 seconds
[2025-02-06T13:03:31.788+0000] {processor.py:186} INFO - Started process (PID=1779) to work on /opt/conda/lib/python3.12/site-packages/airflow/example_dags/tutorial_taskflow_api_virtualenv.py
[2025-02-06T13:03:31.790+0000] {processor.py:914} INFO - Processing file /opt/conda/lib/python3.12/site-packages/airflow/example_dags/tutorial_taskflow_api_virtualenv.py for tasks to queue
[2025-02-06T13:03:31.791+0000] {logging_mixin.py:190} INFO - [2025-02-06T13:03:31.791+0000] {dagbag.py:588} INFO - Filling up the DagBag from /opt/conda/lib/python3.12/site-packages/airflow/example_dags/tutorial_taskflow_api_virtualenv.py
[2025-02-06T13:03:31.795+0000] {logging_mixin.py:190} INFO - [2025-02-06T13:03:31.795+0000] {tutorial_taskflow_api_virtualenv.py:29} WARNING - The tutorial_taskflow_api_virtualenv example DAG requires virtualenv, please install it.
[2025-02-06T13:03:31.796+0000] {processor.py:927} WARNING - No viable dags retrieved from /opt/conda/lib/python3.12/site-packages/airflow/example_dags/tutorial_taskflow_api_virtualenv.py
[2025-02-06T13:03:31.820+0000] {processor.py:208} INFO - Processing /opt/conda/lib/python3.12/site-packages/airflow/example_dags/tutorial_taskflow_api_virtualenv.py took 0.039 seconds
