[2025-02-06T08:26:37.194+0000] {processor.py:186} INFO - Started process (PID=46) to work on /opt/conda/lib/python3.12/site-packages/airflow/example_dags/tutorial_taskflow_api.py
[2025-02-06T08:26:37.195+0000] {processor.py:914} INFO - Processing file /opt/conda/lib/python3.12/site-packages/airflow/example_dags/tutorial_taskflow_api.py for tasks to queue
[2025-02-06T08:26:37.198+0000] {logging_mixin.py:190} INFO - [2025-02-06T08:26:37.197+0000] {dagbag.py:588} INFO - Filling up the DagBag from /opt/conda/lib/python3.12/site-packages/airflow/example_dags/tutorial_taskflow_api.py
[2025-02-06T08:26:37.215+0000] {processor.py:925} INFO - DAG(s) 'tutorial_taskflow_api' retrieved from /opt/conda/lib/python3.12/site-packages/airflow/example_dags/tutorial_taskflow_api.py
[2025-02-06T08:26:37.355+0000] {logging_mixin.py:190} INFO - [2025-02-06T08:26:37.354+0000] {override.py:1912} INFO - Created Permission View: can delete on DAG:tutorial_taskflow_api
[2025-02-06T08:26:37.400+0000] {logging_mixin.py:190} INFO - [2025-02-06T08:26:37.400+0000] {override.py:1912} INFO - Created Permission View: can read on DAG:tutorial_taskflow_api
[2025-02-06T08:26:37.443+0000] {logging_mixin.py:190} INFO - [2025-02-06T08:26:37.443+0000] {override.py:1912} INFO - Created Permission View: can edit on DAG:tutorial_taskflow_api
[2025-02-06T08:26:37.512+0000] {logging_mixin.py:190} INFO - [2025-02-06T08:26:37.511+0000] {override.py:1912} INFO - Created Permission View: menu access on DAG Run:tutorial_taskflow_api
[2025-02-06T08:26:37.551+0000] {logging_mixin.py:190} INFO - [2025-02-06T08:26:37.551+0000] {override.py:1912} INFO - Created Permission View: can create on DAG Run:tutorial_taskflow_api
[2025-02-06T08:26:37.591+0000] {logging_mixin.py:190} INFO - [2025-02-06T08:26:37.591+0000] {override.py:1912} INFO - Created Permission View: can read on DAG Run:tutorial_taskflow_api
[2025-02-06T08:26:37.635+0000] {logging_mixin.py:190} INFO - [2025-02-06T08:26:37.635+0000] {override.py:1912} INFO - Created Permission View: can delete on DAG Run:tutorial_taskflow_api
[2025-02-06T08:26:37.636+0000] {logging_mixin.py:190} INFO - [2025-02-06T08:26:37.636+0000] {dag.py:3239} INFO - Sync 1 DAGs
[2025-02-06T08:26:37.653+0000] {logging_mixin.py:190} INFO - [2025-02-06T08:26:37.653+0000] {dag.py:3262} INFO - Creating ORM DAG for tutorial_taskflow_api
[2025-02-06T08:26:37.654+0000] {logging_mixin.py:190} INFO - [2025-02-06T08:26:37.654+0000] {dag.py:4180} INFO - Setting next_dagrun for tutorial_taskflow_api to None, run_after=None
[2025-02-06T08:26:37.719+0000] {processor.py:208} INFO - Processing /opt/conda/lib/python3.12/site-packages/airflow/example_dags/tutorial_taskflow_api.py took 0.529 seconds
[2025-02-06T08:28:04.938+0000] {processor.py:186} INFO - Started process (PID=103) to work on /opt/conda/lib/python3.12/site-packages/airflow/example_dags/tutorial_taskflow_api.py
[2025-02-06T08:28:04.939+0000] {processor.py:914} INFO - Processing file /opt/conda/lib/python3.12/site-packages/airflow/example_dags/tutorial_taskflow_api.py for tasks to queue
[2025-02-06T08:28:04.942+0000] {logging_mixin.py:190} INFO - [2025-02-06T08:28:04.942+0000] {dagbag.py:588} INFO - Filling up the DagBag from /opt/conda/lib/python3.12/site-packages/airflow/example_dags/tutorial_taskflow_api.py
[2025-02-06T08:28:04.951+0000] {processor.py:925} INFO - DAG(s) 'tutorial_taskflow_api' retrieved from /opt/conda/lib/python3.12/site-packages/airflow/example_dags/tutorial_taskflow_api.py
[2025-02-06T08:28:04.981+0000] {logging_mixin.py:190} INFO - [2025-02-06T08:28:04.980+0000] {dag.py:3239} INFO - Sync 1 DAGs
[2025-02-06T08:28:04.993+0000] {logging_mixin.py:190} INFO - [2025-02-06T08:28:04.993+0000] {dag.py:4180} INFO - Setting next_dagrun for tutorial_taskflow_api to None, run_after=None
[2025-02-06T08:28:05.051+0000] {processor.py:208} INFO - Processing /opt/conda/lib/python3.12/site-packages/airflow/example_dags/tutorial_taskflow_api.py took 0.119 seconds
[2025-02-06T08:30:29.289+0000] {processor.py:186} INFO - Started process (PID=46) to work on /opt/conda/lib/python3.12/site-packages/airflow/example_dags/tutorial_taskflow_api.py
[2025-02-06T08:30:29.291+0000] {processor.py:914} INFO - Processing file /opt/conda/lib/python3.12/site-packages/airflow/example_dags/tutorial_taskflow_api.py for tasks to queue
[2025-02-06T08:30:29.294+0000] {logging_mixin.py:190} INFO - [2025-02-06T08:30:29.294+0000] {dagbag.py:588} INFO - Filling up the DagBag from /opt/conda/lib/python3.12/site-packages/airflow/example_dags/tutorial_taskflow_api.py
[2025-02-06T08:30:29.301+0000] {processor.py:925} INFO - DAG(s) 'tutorial_taskflow_api' retrieved from /opt/conda/lib/python3.12/site-packages/airflow/example_dags/tutorial_taskflow_api.py
[2025-02-06T08:30:29.328+0000] {logging_mixin.py:190} INFO - [2025-02-06T08:30:29.328+0000] {dag.py:3239} INFO - Sync 1 DAGs
[2025-02-06T08:30:29.343+0000] {logging_mixin.py:190} INFO - [2025-02-06T08:30:29.343+0000] {dag.py:4180} INFO - Setting next_dagrun for tutorial_taskflow_api to None, run_after=None
[2025-02-06T08:30:29.407+0000] {processor.py:208} INFO - Processing /opt/conda/lib/python3.12/site-packages/airflow/example_dags/tutorial_taskflow_api.py took 0.123 seconds
[2025-02-06T08:31:34.005+0000] {processor.py:186} INFO - Started process (PID=104) to work on /opt/conda/lib/python3.12/site-packages/airflow/example_dags/tutorial_taskflow_api.py
[2025-02-06T08:31:34.006+0000] {processor.py:914} INFO - Processing file /opt/conda/lib/python3.12/site-packages/airflow/example_dags/tutorial_taskflow_api.py for tasks to queue
[2025-02-06T08:31:34.007+0000] {logging_mixin.py:190} INFO - [2025-02-06T08:31:34.007+0000] {dagbag.py:588} INFO - Filling up the DagBag from /opt/conda/lib/python3.12/site-packages/airflow/example_dags/tutorial_taskflow_api.py
[2025-02-06T08:31:34.013+0000] {processor.py:925} INFO - DAG(s) 'tutorial_taskflow_api' retrieved from /opt/conda/lib/python3.12/site-packages/airflow/example_dags/tutorial_taskflow_api.py
[2025-02-06T08:31:34.033+0000] {logging_mixin.py:190} INFO - [2025-02-06T08:31:34.033+0000] {dag.py:3239} INFO - Sync 1 DAGs
[2025-02-06T08:31:34.044+0000] {logging_mixin.py:190} INFO - [2025-02-06T08:31:34.044+0000] {dag.py:4180} INFO - Setting next_dagrun for tutorial_taskflow_api to None, run_after=None
[2025-02-06T08:31:34.111+0000] {processor.py:208} INFO - Processing /opt/conda/lib/python3.12/site-packages/airflow/example_dags/tutorial_taskflow_api.py took 0.111 seconds
[2025-02-06T08:32:43.029+0000] {processor.py:186} INFO - Started process (PID=165) to work on /opt/conda/lib/python3.12/site-packages/airflow/example_dags/tutorial_taskflow_api.py
[2025-02-06T08:32:43.030+0000] {processor.py:914} INFO - Processing file /opt/conda/lib/python3.12/site-packages/airflow/example_dags/tutorial_taskflow_api.py for tasks to queue
[2025-02-06T08:32:43.031+0000] {logging_mixin.py:190} INFO - [2025-02-06T08:32:43.031+0000] {dagbag.py:588} INFO - Filling up the DagBag from /opt/conda/lib/python3.12/site-packages/airflow/example_dags/tutorial_taskflow_api.py
[2025-02-06T08:32:43.037+0000] {processor.py:925} INFO - DAG(s) 'tutorial_taskflow_api' retrieved from /opt/conda/lib/python3.12/site-packages/airflow/example_dags/tutorial_taskflow_api.py
[2025-02-06T08:32:43.055+0000] {logging_mixin.py:190} INFO - [2025-02-06T08:32:43.055+0000] {dag.py:3239} INFO - Sync 1 DAGs
[2025-02-06T08:32:43.069+0000] {logging_mixin.py:190} INFO - [2025-02-06T08:32:43.069+0000] {dag.py:4180} INFO - Setting next_dagrun for tutorial_taskflow_api to None, run_after=None
[2025-02-06T08:32:43.122+0000] {processor.py:208} INFO - Processing /opt/conda/lib/python3.12/site-packages/airflow/example_dags/tutorial_taskflow_api.py took 0.097 seconds
[2025-02-06T08:33:54.425+0000] {processor.py:186} INFO - Started process (PID=227) to work on /opt/conda/lib/python3.12/site-packages/airflow/example_dags/tutorial_taskflow_api.py
[2025-02-06T08:33:54.426+0000] {processor.py:914} INFO - Processing file /opt/conda/lib/python3.12/site-packages/airflow/example_dags/tutorial_taskflow_api.py for tasks to queue
[2025-02-06T08:33:54.428+0000] {logging_mixin.py:190} INFO - [2025-02-06T08:33:54.428+0000] {dagbag.py:588} INFO - Filling up the DagBag from /opt/conda/lib/python3.12/site-packages/airflow/example_dags/tutorial_taskflow_api.py
[2025-02-06T08:33:54.434+0000] {processor.py:925} INFO - DAG(s) 'tutorial_taskflow_api' retrieved from /opt/conda/lib/python3.12/site-packages/airflow/example_dags/tutorial_taskflow_api.py
[2025-02-06T08:33:54.460+0000] {logging_mixin.py:190} INFO - [2025-02-06T08:33:54.460+0000] {dag.py:3239} INFO - Sync 1 DAGs
[2025-02-06T08:33:54.473+0000] {logging_mixin.py:190} INFO - [2025-02-06T08:33:54.473+0000] {dag.py:4180} INFO - Setting next_dagrun for tutorial_taskflow_api to None, run_after=None
[2025-02-06T08:33:54.544+0000] {processor.py:208} INFO - Processing /opt/conda/lib/python3.12/site-packages/airflow/example_dags/tutorial_taskflow_api.py took 0.122 seconds
[2025-02-06T08:35:13.302+0000] {processor.py:186} INFO - Started process (PID=291) to work on /opt/conda/lib/python3.12/site-packages/airflow/example_dags/tutorial_taskflow_api.py
[2025-02-06T08:35:13.304+0000] {processor.py:914} INFO - Processing file /opt/conda/lib/python3.12/site-packages/airflow/example_dags/tutorial_taskflow_api.py for tasks to queue
[2025-02-06T08:35:13.306+0000] {logging_mixin.py:190} INFO - [2025-02-06T08:35:13.306+0000] {dagbag.py:588} INFO - Filling up the DagBag from /opt/conda/lib/python3.12/site-packages/airflow/example_dags/tutorial_taskflow_api.py
[2025-02-06T08:35:13.317+0000] {processor.py:925} INFO - DAG(s) 'tutorial_taskflow_api' retrieved from /opt/conda/lib/python3.12/site-packages/airflow/example_dags/tutorial_taskflow_api.py
[2025-02-06T08:35:13.337+0000] {logging_mixin.py:190} INFO - [2025-02-06T08:35:13.337+0000] {dag.py:3239} INFO - Sync 1 DAGs
[2025-02-06T08:35:13.348+0000] {logging_mixin.py:190} INFO - [2025-02-06T08:35:13.348+0000] {dag.py:4180} INFO - Setting next_dagrun for tutorial_taskflow_api to None, run_after=None
[2025-02-06T08:35:13.406+0000] {processor.py:208} INFO - Processing /opt/conda/lib/python3.12/site-packages/airflow/example_dags/tutorial_taskflow_api.py took 0.109 seconds
[2025-02-06T08:36:29.713+0000] {processor.py:186} INFO - Started process (PID=357) to work on /opt/conda/lib/python3.12/site-packages/airflow/example_dags/tutorial_taskflow_api.py
[2025-02-06T08:36:29.714+0000] {processor.py:914} INFO - Processing file /opt/conda/lib/python3.12/site-packages/airflow/example_dags/tutorial_taskflow_api.py for tasks to queue
[2025-02-06T08:36:29.715+0000] {logging_mixin.py:190} INFO - [2025-02-06T08:36:29.715+0000] {dagbag.py:588} INFO - Filling up the DagBag from /opt/conda/lib/python3.12/site-packages/airflow/example_dags/tutorial_taskflow_api.py
[2025-02-06T08:36:29.724+0000] {processor.py:925} INFO - DAG(s) 'tutorial_taskflow_api' retrieved from /opt/conda/lib/python3.12/site-packages/airflow/example_dags/tutorial_taskflow_api.py
[2025-02-06T08:36:29.744+0000] {logging_mixin.py:190} INFO - [2025-02-06T08:36:29.744+0000] {dag.py:3239} INFO - Sync 1 DAGs
[2025-02-06T08:36:29.842+0000] {logging_mixin.py:190} INFO - [2025-02-06T08:36:29.842+0000] {dag.py:4180} INFO - Setting next_dagrun for tutorial_taskflow_api to None, run_after=None
[2025-02-06T08:36:29.916+0000] {processor.py:208} INFO - Processing /opt/conda/lib/python3.12/site-packages/airflow/example_dags/tutorial_taskflow_api.py took 0.210 seconds
[2025-02-06T08:37:51.651+0000] {processor.py:186} INFO - Started process (PID=424) to work on /opt/conda/lib/python3.12/site-packages/airflow/example_dags/tutorial_taskflow_api.py
[2025-02-06T08:37:51.652+0000] {processor.py:914} INFO - Processing file /opt/conda/lib/python3.12/site-packages/airflow/example_dags/tutorial_taskflow_api.py for tasks to queue
[2025-02-06T08:37:51.654+0000] {logging_mixin.py:190} INFO - [2025-02-06T08:37:51.653+0000] {dagbag.py:588} INFO - Filling up the DagBag from /opt/conda/lib/python3.12/site-packages/airflow/example_dags/tutorial_taskflow_api.py
[2025-02-06T08:37:51.661+0000] {processor.py:925} INFO - DAG(s) 'tutorial_taskflow_api' retrieved from /opt/conda/lib/python3.12/site-packages/airflow/example_dags/tutorial_taskflow_api.py
[2025-02-06T08:37:51.683+0000] {logging_mixin.py:190} INFO - [2025-02-06T08:37:51.683+0000] {dag.py:3239} INFO - Sync 1 DAGs
[2025-02-06T08:37:51.696+0000] {logging_mixin.py:190} INFO - [2025-02-06T08:37:51.696+0000] {dag.py:4180} INFO - Setting next_dagrun for tutorial_taskflow_api to None, run_after=None
[2025-02-06T08:37:51.759+0000] {processor.py:208} INFO - Processing /opt/conda/lib/python3.12/site-packages/airflow/example_dags/tutorial_taskflow_api.py took 0.113 seconds
[2025-02-06T08:39:05.101+0000] {processor.py:186} INFO - Started process (PID=489) to work on /opt/conda/lib/python3.12/site-packages/airflow/example_dags/tutorial_taskflow_api.py
[2025-02-06T08:39:05.102+0000] {processor.py:914} INFO - Processing file /opt/conda/lib/python3.12/site-packages/airflow/example_dags/tutorial_taskflow_api.py for tasks to queue
[2025-02-06T08:39:05.104+0000] {logging_mixin.py:190} INFO - [2025-02-06T08:39:05.103+0000] {dagbag.py:588} INFO - Filling up the DagBag from /opt/conda/lib/python3.12/site-packages/airflow/example_dags/tutorial_taskflow_api.py
[2025-02-06T08:39:05.111+0000] {processor.py:925} INFO - DAG(s) 'tutorial_taskflow_api' retrieved from /opt/conda/lib/python3.12/site-packages/airflow/example_dags/tutorial_taskflow_api.py
[2025-02-06T08:39:05.135+0000] {logging_mixin.py:190} INFO - [2025-02-06T08:39:05.134+0000] {dag.py:3239} INFO - Sync 1 DAGs
[2025-02-06T08:39:05.152+0000] {logging_mixin.py:190} INFO - [2025-02-06T08:39:05.151+0000] {dag.py:4180} INFO - Setting next_dagrun for tutorial_taskflow_api to None, run_after=None
[2025-02-06T08:39:05.213+0000] {processor.py:208} INFO - Processing /opt/conda/lib/python3.12/site-packages/airflow/example_dags/tutorial_taskflow_api.py took 0.116 seconds
[2025-02-06T08:40:25.458+0000] {processor.py:186} INFO - Started process (PID=556) to work on /opt/conda/lib/python3.12/site-packages/airflow/example_dags/tutorial_taskflow_api.py
[2025-02-06T08:40:25.460+0000] {processor.py:914} INFO - Processing file /opt/conda/lib/python3.12/site-packages/airflow/example_dags/tutorial_taskflow_api.py for tasks to queue
[2025-02-06T08:40:25.461+0000] {logging_mixin.py:190} INFO - [2025-02-06T08:40:25.461+0000] {dagbag.py:588} INFO - Filling up the DagBag from /opt/conda/lib/python3.12/site-packages/airflow/example_dags/tutorial_taskflow_api.py
[2025-02-06T08:40:25.468+0000] {processor.py:925} INFO - DAG(s) 'tutorial_taskflow_api' retrieved from /opt/conda/lib/python3.12/site-packages/airflow/example_dags/tutorial_taskflow_api.py
[2025-02-06T08:40:25.491+0000] {logging_mixin.py:190} INFO - [2025-02-06T08:40:25.490+0000] {dag.py:3239} INFO - Sync 1 DAGs
[2025-02-06T08:40:25.503+0000] {logging_mixin.py:190} INFO - [2025-02-06T08:40:25.503+0000] {dag.py:4180} INFO - Setting next_dagrun for tutorial_taskflow_api to None, run_after=None
[2025-02-06T08:40:25.560+0000] {processor.py:208} INFO - Processing /opt/conda/lib/python3.12/site-packages/airflow/example_dags/tutorial_taskflow_api.py took 0.106 seconds
[2025-02-06T08:41:37.684+0000] {processor.py:186} INFO - Started process (PID=619) to work on /opt/conda/lib/python3.12/site-packages/airflow/example_dags/tutorial_taskflow_api.py
[2025-02-06T08:41:37.685+0000] {processor.py:914} INFO - Processing file /opt/conda/lib/python3.12/site-packages/airflow/example_dags/tutorial_taskflow_api.py for tasks to queue
[2025-02-06T08:41:37.688+0000] {logging_mixin.py:190} INFO - [2025-02-06T08:41:37.687+0000] {dagbag.py:588} INFO - Filling up the DagBag from /opt/conda/lib/python3.12/site-packages/airflow/example_dags/tutorial_taskflow_api.py
[2025-02-06T08:41:37.696+0000] {processor.py:925} INFO - DAG(s) 'tutorial_taskflow_api' retrieved from /opt/conda/lib/python3.12/site-packages/airflow/example_dags/tutorial_taskflow_api.py
[2025-02-06T08:41:37.720+0000] {logging_mixin.py:190} INFO - [2025-02-06T08:41:37.719+0000] {dag.py:3239} INFO - Sync 1 DAGs
[2025-02-06T08:41:37.734+0000] {logging_mixin.py:190} INFO - [2025-02-06T08:41:37.734+0000] {dag.py:4180} INFO - Setting next_dagrun for tutorial_taskflow_api to None, run_after=None
[2025-02-06T08:41:37.799+0000] {processor.py:208} INFO - Processing /opt/conda/lib/python3.12/site-packages/airflow/example_dags/tutorial_taskflow_api.py took 0.120 seconds
[2025-02-06T08:42:56.667+0000] {processor.py:186} INFO - Started process (PID=685) to work on /opt/conda/lib/python3.12/site-packages/airflow/example_dags/tutorial_taskflow_api.py
[2025-02-06T08:42:56.668+0000] {processor.py:914} INFO - Processing file /opt/conda/lib/python3.12/site-packages/airflow/example_dags/tutorial_taskflow_api.py for tasks to queue
[2025-02-06T08:42:56.671+0000] {logging_mixin.py:190} INFO - [2025-02-06T08:42:56.670+0000] {dagbag.py:588} INFO - Filling up the DagBag from /opt/conda/lib/python3.12/site-packages/airflow/example_dags/tutorial_taskflow_api.py
[2025-02-06T08:42:56.681+0000] {processor.py:925} INFO - DAG(s) 'tutorial_taskflow_api' retrieved from /opt/conda/lib/python3.12/site-packages/airflow/example_dags/tutorial_taskflow_api.py
[2025-02-06T08:42:56.706+0000] {logging_mixin.py:190} INFO - [2025-02-06T08:42:56.706+0000] {dag.py:3239} INFO - Sync 1 DAGs
[2025-02-06T08:42:56.720+0000] {logging_mixin.py:190} INFO - [2025-02-06T08:42:56.720+0000] {dag.py:4180} INFO - Setting next_dagrun for tutorial_taskflow_api to None, run_after=None
[2025-02-06T08:42:56.782+0000] {processor.py:208} INFO - Processing /opt/conda/lib/python3.12/site-packages/airflow/example_dags/tutorial_taskflow_api.py took 0.119 seconds
[2025-02-06T08:43:21.806+0000] {processor.py:186} INFO - Started process (PID=47) to work on /opt/conda/lib/python3.12/site-packages/airflow/example_dags/tutorial_taskflow_api.py
[2025-02-06T08:43:21.808+0000] {processor.py:914} INFO - Processing file /opt/conda/lib/python3.12/site-packages/airflow/example_dags/tutorial_taskflow_api.py for tasks to queue
[2025-02-06T08:43:21.813+0000] {logging_mixin.py:190} INFO - [2025-02-06T08:43:21.811+0000] {dagbag.py:588} INFO - Filling up the DagBag from /opt/conda/lib/python3.12/site-packages/airflow/example_dags/tutorial_taskflow_api.py
[2025-02-06T08:43:21.828+0000] {processor.py:925} INFO - DAG(s) 'tutorial_taskflow_api' retrieved from /opt/conda/lib/python3.12/site-packages/airflow/example_dags/tutorial_taskflow_api.py
[2025-02-06T08:43:21.864+0000] {logging_mixin.py:190} INFO - [2025-02-06T08:43:21.862+0000] {dag.py:3239} INFO - Sync 1 DAGs
[2025-02-06T08:43:21.882+0000] {logging_mixin.py:190} INFO - [2025-02-06T08:43:21.881+0000] {dag.py:4180} INFO - Setting next_dagrun for tutorial_taskflow_api to None, run_after=None
[2025-02-06T08:43:21.993+0000] {processor.py:208} INFO - Processing /opt/conda/lib/python3.12/site-packages/airflow/example_dags/tutorial_taskflow_api.py took 0.193 seconds
[2025-02-06T08:44:30.296+0000] {processor.py:186} INFO - Started process (PID=105) to work on /opt/conda/lib/python3.12/site-packages/airflow/example_dags/tutorial_taskflow_api.py
[2025-02-06T08:44:30.297+0000] {processor.py:914} INFO - Processing file /opt/conda/lib/python3.12/site-packages/airflow/example_dags/tutorial_taskflow_api.py for tasks to queue
[2025-02-06T08:44:30.298+0000] {logging_mixin.py:190} INFO - [2025-02-06T08:44:30.298+0000] {dagbag.py:588} INFO - Filling up the DagBag from /opt/conda/lib/python3.12/site-packages/airflow/example_dags/tutorial_taskflow_api.py
[2025-02-06T08:44:30.305+0000] {processor.py:925} INFO - DAG(s) 'tutorial_taskflow_api' retrieved from /opt/conda/lib/python3.12/site-packages/airflow/example_dags/tutorial_taskflow_api.py
[2025-02-06T08:44:30.324+0000] {logging_mixin.py:190} INFO - [2025-02-06T08:44:30.324+0000] {dag.py:3239} INFO - Sync 1 DAGs
[2025-02-06T08:44:30.336+0000] {logging_mixin.py:190} INFO - [2025-02-06T08:44:30.336+0000] {dag.py:4180} INFO - Setting next_dagrun for tutorial_taskflow_api to None, run_after=None
[2025-02-06T08:44:30.399+0000] {processor.py:208} INFO - Processing /opt/conda/lib/python3.12/site-packages/airflow/example_dags/tutorial_taskflow_api.py took 0.107 seconds
[2025-02-06T08:45:50.962+0000] {processor.py:186} INFO - Started process (PID=190) to work on /opt/conda/lib/python3.12/site-packages/airflow/example_dags/tutorial_taskflow_api.py
[2025-02-06T08:45:50.964+0000] {processor.py:914} INFO - Processing file /opt/conda/lib/python3.12/site-packages/airflow/example_dags/tutorial_taskflow_api.py for tasks to queue
[2025-02-06T08:45:50.967+0000] {logging_mixin.py:190} INFO - [2025-02-06T08:45:50.966+0000] {dagbag.py:588} INFO - Filling up the DagBag from /opt/conda/lib/python3.12/site-packages/airflow/example_dags/tutorial_taskflow_api.py
[2025-02-06T08:45:50.974+0000] {processor.py:925} INFO - DAG(s) 'tutorial_taskflow_api' retrieved from /opt/conda/lib/python3.12/site-packages/airflow/example_dags/tutorial_taskflow_api.py
[2025-02-06T08:45:50.998+0000] {logging_mixin.py:190} INFO - [2025-02-06T08:45:50.998+0000] {dag.py:3239} INFO - Sync 1 DAGs
[2025-02-06T08:45:51.010+0000] {logging_mixin.py:190} INFO - [2025-02-06T08:45:51.010+0000] {dag.py:4180} INFO - Setting next_dagrun for tutorial_taskflow_api to None, run_after=None
[2025-02-06T08:45:51.061+0000] {processor.py:208} INFO - Processing /opt/conda/lib/python3.12/site-packages/airflow/example_dags/tutorial_taskflow_api.py took 0.104 seconds
[2025-02-06T08:47:08.375+0000] {processor.py:186} INFO - Started process (PID=325) to work on /opt/conda/lib/python3.12/site-packages/airflow/example_dags/tutorial_taskflow_api.py
[2025-02-06T08:47:08.376+0000] {processor.py:914} INFO - Processing file /opt/conda/lib/python3.12/site-packages/airflow/example_dags/tutorial_taskflow_api.py for tasks to queue
[2025-02-06T08:47:08.378+0000] {logging_mixin.py:190} INFO - [2025-02-06T08:47:08.378+0000] {dagbag.py:588} INFO - Filling up the DagBag from /opt/conda/lib/python3.12/site-packages/airflow/example_dags/tutorial_taskflow_api.py
[2025-02-06T08:47:08.385+0000] {processor.py:925} INFO - DAG(s) 'tutorial_taskflow_api' retrieved from /opt/conda/lib/python3.12/site-packages/airflow/example_dags/tutorial_taskflow_api.py
[2025-02-06T08:47:08.406+0000] {logging_mixin.py:190} INFO - [2025-02-06T08:47:08.406+0000] {dag.py:3239} INFO - Sync 1 DAGs
[2025-02-06T08:47:08.416+0000] {logging_mixin.py:190} INFO - [2025-02-06T08:47:08.416+0000] {dag.py:4180} INFO - Setting next_dagrun for tutorial_taskflow_api to None, run_after=None
[2025-02-06T08:47:08.463+0000] {processor.py:208} INFO - Processing /opt/conda/lib/python3.12/site-packages/airflow/example_dags/tutorial_taskflow_api.py took 0.092 seconds
[2025-02-06T08:48:33.044+0000] {processor.py:186} INFO - Started process (PID=107) to work on /opt/conda/lib/python3.12/site-packages/airflow/example_dags/tutorial_taskflow_api.py
[2025-02-06T08:48:33.045+0000] {processor.py:914} INFO - Processing file /opt/conda/lib/python3.12/site-packages/airflow/example_dags/tutorial_taskflow_api.py for tasks to queue
[2025-02-06T08:48:33.047+0000] {logging_mixin.py:190} INFO - [2025-02-06T08:48:33.046+0000] {dagbag.py:588} INFO - Filling up the DagBag from /opt/conda/lib/python3.12/site-packages/airflow/example_dags/tutorial_taskflow_api.py
[2025-02-06T08:48:33.055+0000] {processor.py:925} INFO - DAG(s) 'tutorial_taskflow_api' retrieved from /opt/conda/lib/python3.12/site-packages/airflow/example_dags/tutorial_taskflow_api.py
[2025-02-06T08:48:33.076+0000] {logging_mixin.py:190} INFO - [2025-02-06T08:48:33.075+0000] {dag.py:3239} INFO - Sync 1 DAGs
[2025-02-06T08:48:33.087+0000] {logging_mixin.py:190} INFO - [2025-02-06T08:48:33.086+0000] {dag.py:4180} INFO - Setting next_dagrun for tutorial_taskflow_api to None, run_after=None
[2025-02-06T08:48:33.141+0000] {processor.py:208} INFO - Processing /opt/conda/lib/python3.12/site-packages/airflow/example_dags/tutorial_taskflow_api.py took 0.100 seconds
[2025-02-06T08:51:37.455+0000] {processor.py:186} INFO - Started process (PID=449) to work on /opt/conda/lib/python3.12/site-packages/airflow/example_dags/tutorial_taskflow_api.py
[2025-02-06T08:51:37.456+0000] {processor.py:914} INFO - Processing file /opt/conda/lib/python3.12/site-packages/airflow/example_dags/tutorial_taskflow_api.py for tasks to queue
[2025-02-06T08:51:37.457+0000] {logging_mixin.py:190} INFO - [2025-02-06T08:51:37.457+0000] {dagbag.py:588} INFO - Filling up the DagBag from /opt/conda/lib/python3.12/site-packages/airflow/example_dags/tutorial_taskflow_api.py
[2025-02-06T08:51:37.467+0000] {processor.py:925} INFO - DAG(s) 'tutorial_taskflow_api' retrieved from /opt/conda/lib/python3.12/site-packages/airflow/example_dags/tutorial_taskflow_api.py
[2025-02-06T08:51:37.488+0000] {logging_mixin.py:190} INFO - [2025-02-06T08:51:37.488+0000] {dag.py:3239} INFO - Sync 1 DAGs
[2025-02-06T08:51:37.505+0000] {logging_mixin.py:190} INFO - [2025-02-06T08:51:37.505+0000] {dag.py:4180} INFO - Setting next_dagrun for tutorial_taskflow_api to None, run_after=None
[2025-02-06T08:51:37.563+0000] {processor.py:208} INFO - Processing /opt/conda/lib/python3.12/site-packages/airflow/example_dags/tutorial_taskflow_api.py took 0.112 seconds
[2025-02-06T08:54:12.118+0000] {processor.py:186} INFO - Started process (PID=739) to work on /opt/conda/lib/python3.12/site-packages/airflow/example_dags/tutorial_taskflow_api.py
[2025-02-06T08:54:12.119+0000] {processor.py:914} INFO - Processing file /opt/conda/lib/python3.12/site-packages/airflow/example_dags/tutorial_taskflow_api.py for tasks to queue
[2025-02-06T08:54:12.121+0000] {logging_mixin.py:190} INFO - [2025-02-06T08:54:12.121+0000] {dagbag.py:588} INFO - Filling up the DagBag from /opt/conda/lib/python3.12/site-packages/airflow/example_dags/tutorial_taskflow_api.py
[2025-02-06T08:54:12.127+0000] {processor.py:925} INFO - DAG(s) 'tutorial_taskflow_api' retrieved from /opt/conda/lib/python3.12/site-packages/airflow/example_dags/tutorial_taskflow_api.py
[2025-02-06T08:54:12.151+0000] {logging_mixin.py:190} INFO - [2025-02-06T08:54:12.151+0000] {dag.py:3239} INFO - Sync 1 DAGs
[2025-02-06T08:54:12.163+0000] {logging_mixin.py:190} INFO - [2025-02-06T08:54:12.163+0000] {dag.py:4180} INFO - Setting next_dagrun for tutorial_taskflow_api to None, run_after=None
[2025-02-06T08:54:12.223+0000] {processor.py:208} INFO - Processing /opt/conda/lib/python3.12/site-packages/airflow/example_dags/tutorial_taskflow_api.py took 0.111 seconds
[2025-02-06T08:56:46.362+0000] {processor.py:186} INFO - Started process (PID=1020) to work on /opt/conda/lib/python3.12/site-packages/airflow/example_dags/tutorial_taskflow_api.py
[2025-02-06T08:56:46.363+0000] {processor.py:914} INFO - Processing file /opt/conda/lib/python3.12/site-packages/airflow/example_dags/tutorial_taskflow_api.py for tasks to queue
[2025-02-06T08:56:46.366+0000] {logging_mixin.py:190} INFO - [2025-02-06T08:56:46.365+0000] {dagbag.py:588} INFO - Filling up the DagBag from /opt/conda/lib/python3.12/site-packages/airflow/example_dags/tutorial_taskflow_api.py
[2025-02-06T08:56:46.372+0000] {processor.py:925} INFO - DAG(s) 'tutorial_taskflow_api' retrieved from /opt/conda/lib/python3.12/site-packages/airflow/example_dags/tutorial_taskflow_api.py
[2025-02-06T08:56:46.400+0000] {logging_mixin.py:190} INFO - [2025-02-06T08:56:46.399+0000] {dag.py:3239} INFO - Sync 1 DAGs
[2025-02-06T08:56:46.415+0000] {logging_mixin.py:190} INFO - [2025-02-06T08:56:46.415+0000] {dag.py:4180} INFO - Setting next_dagrun for tutorial_taskflow_api to None, run_after=None
[2025-02-06T08:56:46.476+0000] {processor.py:208} INFO - Processing /opt/conda/lib/python3.12/site-packages/airflow/example_dags/tutorial_taskflow_api.py took 0.119 seconds
[2025-02-06T08:59:22.407+0000] {processor.py:186} INFO - Started process (PID=1267) to work on /opt/conda/lib/python3.12/site-packages/airflow/example_dags/tutorial_taskflow_api.py
[2025-02-06T08:59:22.409+0000] {processor.py:914} INFO - Processing file /opt/conda/lib/python3.12/site-packages/airflow/example_dags/tutorial_taskflow_api.py for tasks to queue
[2025-02-06T08:59:22.411+0000] {logging_mixin.py:190} INFO - [2025-02-06T08:59:22.411+0000] {dagbag.py:588} INFO - Filling up the DagBag from /opt/conda/lib/python3.12/site-packages/airflow/example_dags/tutorial_taskflow_api.py
[2025-02-06T08:59:22.418+0000] {processor.py:925} INFO - DAG(s) 'tutorial_taskflow_api' retrieved from /opt/conda/lib/python3.12/site-packages/airflow/example_dags/tutorial_taskflow_api.py
[2025-02-06T08:59:22.441+0000] {logging_mixin.py:190} INFO - [2025-02-06T08:59:22.441+0000] {dag.py:3239} INFO - Sync 1 DAGs
[2025-02-06T08:59:22.454+0000] {logging_mixin.py:190} INFO - [2025-02-06T08:59:22.453+0000] {dag.py:4180} INFO - Setting next_dagrun for tutorial_taskflow_api to None, run_after=None
[2025-02-06T08:59:22.526+0000] {processor.py:208} INFO - Processing /opt/conda/lib/python3.12/site-packages/airflow/example_dags/tutorial_taskflow_api.py took 0.122 seconds
[2025-02-06T09:01:27.855+0000] {processor.py:186} INFO - Started process (PID=152) to work on /opt/conda/lib/python3.12/site-packages/airflow/example_dags/tutorial_taskflow_api.py
[2025-02-06T09:01:27.856+0000] {processor.py:914} INFO - Processing file /opt/conda/lib/python3.12/site-packages/airflow/example_dags/tutorial_taskflow_api.py for tasks to queue
[2025-02-06T09:01:27.858+0000] {logging_mixin.py:190} INFO - [2025-02-06T09:01:27.858+0000] {dagbag.py:588} INFO - Filling up the DagBag from /opt/conda/lib/python3.12/site-packages/airflow/example_dags/tutorial_taskflow_api.py
[2025-02-06T09:01:27.867+0000] {processor.py:925} INFO - DAG(s) 'tutorial_taskflow_api' retrieved from /opt/conda/lib/python3.12/site-packages/airflow/example_dags/tutorial_taskflow_api.py
[2025-02-06T09:01:27.892+0000] {logging_mixin.py:190} INFO - [2025-02-06T09:01:27.892+0000] {dag.py:3239} INFO - Sync 1 DAGs
[2025-02-06T09:01:27.909+0000] {logging_mixin.py:190} INFO - [2025-02-06T09:01:27.909+0000] {dag.py:4180} INFO - Setting next_dagrun for tutorial_taskflow_api to None, run_after=None
[2025-02-06T09:01:27.978+0000] {processor.py:208} INFO - Processing /opt/conda/lib/python3.12/site-packages/airflow/example_dags/tutorial_taskflow_api.py took 0.126 seconds
[2025-02-06T09:03:07.595+0000] {processor.py:186} INFO - Started process (PID=47) to work on /opt/conda/lib/python3.12/site-packages/airflow/example_dags/tutorial_taskflow_api.py
[2025-02-06T09:03:07.596+0000] {processor.py:914} INFO - Processing file /opt/conda/lib/python3.12/site-packages/airflow/example_dags/tutorial_taskflow_api.py for tasks to queue
[2025-02-06T09:03:07.598+0000] {logging_mixin.py:190} INFO - [2025-02-06T09:03:07.597+0000] {dagbag.py:588} INFO - Filling up the DagBag from /opt/conda/lib/python3.12/site-packages/airflow/example_dags/tutorial_taskflow_api.py
[2025-02-06T09:03:07.604+0000] {processor.py:925} INFO - DAG(s) 'tutorial_taskflow_api' retrieved from /opt/conda/lib/python3.12/site-packages/airflow/example_dags/tutorial_taskflow_api.py
[2025-02-06T09:03:07.627+0000] {logging_mixin.py:190} INFO - [2025-02-06T09:03:07.627+0000] {dag.py:3239} INFO - Sync 1 DAGs
[2025-02-06T09:03:07.639+0000] {logging_mixin.py:190} INFO - [2025-02-06T09:03:07.639+0000] {dag.py:4180} INFO - Setting next_dagrun for tutorial_taskflow_api to None, run_after=None
[2025-02-06T09:03:07.692+0000] {processor.py:208} INFO - Processing /opt/conda/lib/python3.12/site-packages/airflow/example_dags/tutorial_taskflow_api.py took 0.102 seconds
[2025-02-06T09:03:42.809+0000] {processor.py:186} INFO - Started process (PID=43) to work on /opt/conda/lib/python3.12/site-packages/airflow/example_dags/tutorial_taskflow_api.py
[2025-02-06T09:03:42.810+0000] {processor.py:914} INFO - Processing file /opt/conda/lib/python3.12/site-packages/airflow/example_dags/tutorial_taskflow_api.py for tasks to queue
[2025-02-06T09:03:42.812+0000] {logging_mixin.py:190} INFO - [2025-02-06T09:03:42.812+0000] {dagbag.py:588} INFO - Filling up the DagBag from /opt/conda/lib/python3.12/site-packages/airflow/example_dags/tutorial_taskflow_api.py
[2025-02-06T09:03:42.819+0000] {processor.py:925} INFO - DAG(s) 'tutorial_taskflow_api' retrieved from /opt/conda/lib/python3.12/site-packages/airflow/example_dags/tutorial_taskflow_api.py
[2025-02-06T09:03:42.842+0000] {logging_mixin.py:190} INFO - [2025-02-06T09:03:42.842+0000] {dag.py:3239} INFO - Sync 1 DAGs
[2025-02-06T09:03:42.854+0000] {logging_mixin.py:190} INFO - [2025-02-06T09:03:42.854+0000] {dag.py:4180} INFO - Setting next_dagrun for tutorial_taskflow_api to None, run_after=None
[2025-02-06T09:03:42.906+0000] {processor.py:208} INFO - Processing /opt/conda/lib/python3.12/site-packages/airflow/example_dags/tutorial_taskflow_api.py took 0.101 seconds
[2025-02-06T09:04:26.721+0000] {processor.py:186} INFO - Started process (PID=47) to work on /opt/conda/lib/python3.12/site-packages/airflow/example_dags/tutorial_taskflow_api.py
[2025-02-06T09:04:26.723+0000] {processor.py:914} INFO - Processing file /opt/conda/lib/python3.12/site-packages/airflow/example_dags/tutorial_taskflow_api.py for tasks to queue
[2025-02-06T09:04:26.725+0000] {logging_mixin.py:190} INFO - [2025-02-06T09:04:26.725+0000] {dagbag.py:588} INFO - Filling up the DagBag from /opt/conda/lib/python3.12/site-packages/airflow/example_dags/tutorial_taskflow_api.py
[2025-02-06T09:04:26.732+0000] {processor.py:925} INFO - DAG(s) 'tutorial_taskflow_api' retrieved from /opt/conda/lib/python3.12/site-packages/airflow/example_dags/tutorial_taskflow_api.py
[2025-02-06T09:04:26.753+0000] {logging_mixin.py:190} INFO - [2025-02-06T09:04:26.753+0000] {dag.py:3239} INFO - Sync 1 DAGs
[2025-02-06T09:04:26.766+0000] {logging_mixin.py:190} INFO - [2025-02-06T09:04:26.765+0000] {dag.py:4180} INFO - Setting next_dagrun for tutorial_taskflow_api to None, run_after=None
[2025-02-06T09:04:26.826+0000] {processor.py:208} INFO - Processing /opt/conda/lib/python3.12/site-packages/airflow/example_dags/tutorial_taskflow_api.py took 0.108 seconds
[2025-02-06T09:07:22.368+0000] {processor.py:186} INFO - Started process (PID=365) to work on /opt/conda/lib/python3.12/site-packages/airflow/example_dags/tutorial_taskflow_api.py
[2025-02-06T09:07:22.370+0000] {processor.py:914} INFO - Processing file /opt/conda/lib/python3.12/site-packages/airflow/example_dags/tutorial_taskflow_api.py for tasks to queue
[2025-02-06T09:07:22.372+0000] {logging_mixin.py:190} INFO - [2025-02-06T09:07:22.372+0000] {dagbag.py:588} INFO - Filling up the DagBag from /opt/conda/lib/python3.12/site-packages/airflow/example_dags/tutorial_taskflow_api.py
[2025-02-06T09:07:22.378+0000] {processor.py:925} INFO - DAG(s) 'tutorial_taskflow_api' retrieved from /opt/conda/lib/python3.12/site-packages/airflow/example_dags/tutorial_taskflow_api.py
[2025-02-06T09:07:22.400+0000] {logging_mixin.py:190} INFO - [2025-02-06T09:07:22.400+0000] {dag.py:3239} INFO - Sync 1 DAGs
[2025-02-06T09:07:22.410+0000] {logging_mixin.py:190} INFO - [2025-02-06T09:07:22.410+0000] {dag.py:4180} INFO - Setting next_dagrun for tutorial_taskflow_api to None, run_after=None
[2025-02-06T09:07:22.459+0000] {processor.py:208} INFO - Processing /opt/conda/lib/python3.12/site-packages/airflow/example_dags/tutorial_taskflow_api.py took 0.095 seconds
[2025-02-06T09:09:50.580+0000] {processor.py:186} INFO - Started process (PID=642) to work on /opt/conda/lib/python3.12/site-packages/airflow/example_dags/tutorial_taskflow_api.py
[2025-02-06T09:09:50.581+0000] {processor.py:914} INFO - Processing file /opt/conda/lib/python3.12/site-packages/airflow/example_dags/tutorial_taskflow_api.py for tasks to queue
[2025-02-06T09:09:50.584+0000] {logging_mixin.py:190} INFO - [2025-02-06T09:09:50.583+0000] {dagbag.py:588} INFO - Filling up the DagBag from /opt/conda/lib/python3.12/site-packages/airflow/example_dags/tutorial_taskflow_api.py
[2025-02-06T09:09:50.590+0000] {processor.py:925} INFO - DAG(s) 'tutorial_taskflow_api' retrieved from /opt/conda/lib/python3.12/site-packages/airflow/example_dags/tutorial_taskflow_api.py
[2025-02-06T09:09:50.610+0000] {logging_mixin.py:190} INFO - [2025-02-06T09:09:50.610+0000] {dag.py:3239} INFO - Sync 1 DAGs
[2025-02-06T09:09:50.626+0000] {logging_mixin.py:190} INFO - [2025-02-06T09:09:50.625+0000] {dag.py:4180} INFO - Setting next_dagrun for tutorial_taskflow_api to None, run_after=None
[2025-02-06T09:09:50.679+0000] {processor.py:208} INFO - Processing /opt/conda/lib/python3.12/site-packages/airflow/example_dags/tutorial_taskflow_api.py took 0.103 seconds
[2025-02-06T09:12:07.516+0000] {processor.py:186} INFO - Started process (PID=901) to work on /opt/conda/lib/python3.12/site-packages/airflow/example_dags/tutorial_taskflow_api.py
[2025-02-06T09:12:07.517+0000] {processor.py:914} INFO - Processing file /opt/conda/lib/python3.12/site-packages/airflow/example_dags/tutorial_taskflow_api.py for tasks to queue
[2025-02-06T09:12:07.519+0000] {logging_mixin.py:190} INFO - [2025-02-06T09:12:07.519+0000] {dagbag.py:588} INFO - Filling up the DagBag from /opt/conda/lib/python3.12/site-packages/airflow/example_dags/tutorial_taskflow_api.py
[2025-02-06T09:12:07.530+0000] {processor.py:925} INFO - DAG(s) 'tutorial_taskflow_api' retrieved from /opt/conda/lib/python3.12/site-packages/airflow/example_dags/tutorial_taskflow_api.py
[2025-02-06T09:12:07.558+0000] {logging_mixin.py:190} INFO - [2025-02-06T09:12:07.558+0000] {dag.py:3239} INFO - Sync 1 DAGs
[2025-02-06T09:12:07.576+0000] {logging_mixin.py:190} INFO - [2025-02-06T09:12:07.576+0000] {dag.py:4180} INFO - Setting next_dagrun for tutorial_taskflow_api to None, run_after=None
[2025-02-06T09:12:07.631+0000] {processor.py:208} INFO - Processing /opt/conda/lib/python3.12/site-packages/airflow/example_dags/tutorial_taskflow_api.py took 0.118 seconds
[2025-02-06T09:14:36.954+0000] {processor.py:186} INFO - Started process (PID=1174) to work on /opt/conda/lib/python3.12/site-packages/airflow/example_dags/tutorial_taskflow_api.py
[2025-02-06T09:14:36.956+0000] {processor.py:914} INFO - Processing file /opt/conda/lib/python3.12/site-packages/airflow/example_dags/tutorial_taskflow_api.py for tasks to queue
[2025-02-06T09:14:36.957+0000] {logging_mixin.py:190} INFO - [2025-02-06T09:14:36.957+0000] {dagbag.py:588} INFO - Filling up the DagBag from /opt/conda/lib/python3.12/site-packages/airflow/example_dags/tutorial_taskflow_api.py
[2025-02-06T09:14:36.965+0000] {processor.py:925} INFO - DAG(s) 'tutorial_taskflow_api' retrieved from /opt/conda/lib/python3.12/site-packages/airflow/example_dags/tutorial_taskflow_api.py
[2025-02-06T09:14:36.987+0000] {logging_mixin.py:190} INFO - [2025-02-06T09:14:36.987+0000] {dag.py:3239} INFO - Sync 1 DAGs
[2025-02-06T09:14:37.001+0000] {logging_mixin.py:190} INFO - [2025-02-06T09:14:37.001+0000] {dag.py:4180} INFO - Setting next_dagrun for tutorial_taskflow_api to None, run_after=None
[2025-02-06T09:14:37.059+0000] {processor.py:208} INFO - Processing /opt/conda/lib/python3.12/site-packages/airflow/example_dags/tutorial_taskflow_api.py took 0.109 seconds
[2025-02-06T09:16:50.668+0000] {processor.py:186} INFO - Started process (PID=1425) to work on /opt/conda/lib/python3.12/site-packages/airflow/example_dags/tutorial_taskflow_api.py
[2025-02-06T09:16:50.669+0000] {processor.py:914} INFO - Processing file /opt/conda/lib/python3.12/site-packages/airflow/example_dags/tutorial_taskflow_api.py for tasks to queue
[2025-02-06T09:16:50.671+0000] {logging_mixin.py:190} INFO - [2025-02-06T09:16:50.670+0000] {dagbag.py:588} INFO - Filling up the DagBag from /opt/conda/lib/python3.12/site-packages/airflow/example_dags/tutorial_taskflow_api.py
[2025-02-06T09:16:50.679+0000] {processor.py:925} INFO - DAG(s) 'tutorial_taskflow_api' retrieved from /opt/conda/lib/python3.12/site-packages/airflow/example_dags/tutorial_taskflow_api.py
[2025-02-06T09:16:50.700+0000] {logging_mixin.py:190} INFO - [2025-02-06T09:16:50.700+0000] {dag.py:3239} INFO - Sync 1 DAGs
[2025-02-06T09:16:50.714+0000] {logging_mixin.py:190} INFO - [2025-02-06T09:16:50.714+0000] {dag.py:4180} INFO - Setting next_dagrun for tutorial_taskflow_api to None, run_after=None
[2025-02-06T09:16:50.764+0000] {processor.py:208} INFO - Processing /opt/conda/lib/python3.12/site-packages/airflow/example_dags/tutorial_taskflow_api.py took 0.100 seconds
[2025-02-06T09:19:05.618+0000] {processor.py:186} INFO - Started process (PID=1674) to work on /opt/conda/lib/python3.12/site-packages/airflow/example_dags/tutorial_taskflow_api.py
[2025-02-06T09:19:05.619+0000] {processor.py:914} INFO - Processing file /opt/conda/lib/python3.12/site-packages/airflow/example_dags/tutorial_taskflow_api.py for tasks to queue
[2025-02-06T09:19:05.621+0000] {logging_mixin.py:190} INFO - [2025-02-06T09:19:05.621+0000] {dagbag.py:588} INFO - Filling up the DagBag from /opt/conda/lib/python3.12/site-packages/airflow/example_dags/tutorial_taskflow_api.py
[2025-02-06T09:19:05.627+0000] {processor.py:925} INFO - DAG(s) 'tutorial_taskflow_api' retrieved from /opt/conda/lib/python3.12/site-packages/airflow/example_dags/tutorial_taskflow_api.py
[2025-02-06T09:19:05.744+0000] {logging_mixin.py:190} INFO - [2025-02-06T09:19:05.744+0000] {dag.py:3239} INFO - Sync 1 DAGs
[2025-02-06T09:19:05.758+0000] {logging_mixin.py:190} INFO - [2025-02-06T09:19:05.758+0000] {dag.py:4180} INFO - Setting next_dagrun for tutorial_taskflow_api to None, run_after=None
[2025-02-06T09:19:05.827+0000] {processor.py:208} INFO - Processing /opt/conda/lib/python3.12/site-packages/airflow/example_dags/tutorial_taskflow_api.py took 0.213 seconds
[2025-02-06T09:21:53.925+0000] {processor.py:186} INFO - Started process (PID=1949) to work on /opt/conda/lib/python3.12/site-packages/airflow/example_dags/tutorial_taskflow_api.py
[2025-02-06T09:21:53.927+0000] {processor.py:914} INFO - Processing file /opt/conda/lib/python3.12/site-packages/airflow/example_dags/tutorial_taskflow_api.py for tasks to queue
[2025-02-06T09:21:53.929+0000] {logging_mixin.py:190} INFO - [2025-02-06T09:21:53.929+0000] {dagbag.py:588} INFO - Filling up the DagBag from /opt/conda/lib/python3.12/site-packages/airflow/example_dags/tutorial_taskflow_api.py
[2025-02-06T09:21:53.936+0000] {processor.py:925} INFO - DAG(s) 'tutorial_taskflow_api' retrieved from /opt/conda/lib/python3.12/site-packages/airflow/example_dags/tutorial_taskflow_api.py
[2025-02-06T09:21:53.959+0000] {logging_mixin.py:190} INFO - [2025-02-06T09:21:53.959+0000] {dag.py:3239} INFO - Sync 1 DAGs
[2025-02-06T09:21:53.973+0000] {logging_mixin.py:190} INFO - [2025-02-06T09:21:53.973+0000] {dag.py:4180} INFO - Setting next_dagrun for tutorial_taskflow_api to None, run_after=None
[2025-02-06T09:21:54.029+0000] {processor.py:208} INFO - Processing /opt/conda/lib/python3.12/site-packages/airflow/example_dags/tutorial_taskflow_api.py took 0.108 seconds
[2025-02-06T09:24:52.310+0000] {processor.py:186} INFO - Started process (PID=95) to work on /opt/conda/lib/python3.12/site-packages/airflow/example_dags/tutorial_taskflow_api.py
[2025-02-06T09:24:52.311+0000] {processor.py:914} INFO - Processing file /opt/conda/lib/python3.12/site-packages/airflow/example_dags/tutorial_taskflow_api.py for tasks to queue
[2025-02-06T09:24:52.313+0000] {logging_mixin.py:190} INFO - [2025-02-06T09:24:52.313+0000] {dagbag.py:588} INFO - Filling up the DagBag from /opt/conda/lib/python3.12/site-packages/airflow/example_dags/tutorial_taskflow_api.py
[2025-02-06T09:24:52.321+0000] {processor.py:925} INFO - DAG(s) 'tutorial_taskflow_api' retrieved from /opt/conda/lib/python3.12/site-packages/airflow/example_dags/tutorial_taskflow_api.py
[2025-02-06T09:24:52.346+0000] {logging_mixin.py:190} INFO - [2025-02-06T09:24:52.345+0000] {dag.py:3239} INFO - Sync 1 DAGs
[2025-02-06T09:24:52.358+0000] {logging_mixin.py:190} INFO - [2025-02-06T09:24:52.358+0000] {dag.py:4180} INFO - Setting next_dagrun for tutorial_taskflow_api to None, run_after=None
[2025-02-06T09:24:52.432+0000] {processor.py:208} INFO - Processing /opt/conda/lib/python3.12/site-packages/airflow/example_dags/tutorial_taskflow_api.py took 0.127 seconds
[2025-02-06T09:28:22.605+0000] {processor.py:186} INFO - Started process (PID=106) to work on /opt/conda/lib/python3.12/site-packages/airflow/example_dags/tutorial_taskflow_api.py
[2025-02-06T09:28:22.606+0000] {processor.py:914} INFO - Processing file /opt/conda/lib/python3.12/site-packages/airflow/example_dags/tutorial_taskflow_api.py for tasks to queue
[2025-02-06T09:28:22.608+0000] {logging_mixin.py:190} INFO - [2025-02-06T09:28:22.607+0000] {dagbag.py:588} INFO - Filling up the DagBag from /opt/conda/lib/python3.12/site-packages/airflow/example_dags/tutorial_taskflow_api.py
[2025-02-06T09:28:22.614+0000] {processor.py:925} INFO - DAG(s) 'tutorial_taskflow_api' retrieved from /opt/conda/lib/python3.12/site-packages/airflow/example_dags/tutorial_taskflow_api.py
[2025-02-06T09:28:22.636+0000] {logging_mixin.py:190} INFO - [2025-02-06T09:28:22.636+0000] {dag.py:3239} INFO - Sync 1 DAGs
[2025-02-06T09:28:22.649+0000] {logging_mixin.py:190} INFO - [2025-02-06T09:28:22.649+0000] {dag.py:4180} INFO - Setting next_dagrun for tutorial_taskflow_api to None, run_after=None
[2025-02-06T09:28:22.697+0000] {processor.py:208} INFO - Processing /opt/conda/lib/python3.12/site-packages/airflow/example_dags/tutorial_taskflow_api.py took 0.097 seconds
[2025-02-06T09:30:40.505+0000] {processor.py:186} INFO - Started process (PID=188) to work on /opt/conda/lib/python3.12/site-packages/airflow/example_dags/tutorial_taskflow_api.py
[2025-02-06T09:30:40.506+0000] {processor.py:914} INFO - Processing file /opt/conda/lib/python3.12/site-packages/airflow/example_dags/tutorial_taskflow_api.py for tasks to queue
[2025-02-06T09:30:40.508+0000] {logging_mixin.py:190} INFO - [2025-02-06T09:30:40.508+0000] {dagbag.py:588} INFO - Filling up the DagBag from /opt/conda/lib/python3.12/site-packages/airflow/example_dags/tutorial_taskflow_api.py
[2025-02-06T09:30:40.514+0000] {processor.py:925} INFO - DAG(s) 'tutorial_taskflow_api' retrieved from /opt/conda/lib/python3.12/site-packages/airflow/example_dags/tutorial_taskflow_api.py
[2025-02-06T09:30:40.536+0000] {logging_mixin.py:190} INFO - [2025-02-06T09:30:40.536+0000] {dag.py:3239} INFO - Sync 1 DAGs
[2025-02-06T09:30:40.547+0000] {logging_mixin.py:190} INFO - [2025-02-06T09:30:40.547+0000] {dag.py:4180} INFO - Setting next_dagrun for tutorial_taskflow_api to None, run_after=None
[2025-02-06T09:30:40.599+0000] {processor.py:208} INFO - Processing /opt/conda/lib/python3.12/site-packages/airflow/example_dags/tutorial_taskflow_api.py took 0.097 seconds
[2025-02-06T09:35:53.123+0000] {processor.py:186} INFO - Started process (PID=763) to work on /opt/conda/lib/python3.12/site-packages/airflow/example_dags/tutorial_taskflow_api.py
[2025-02-06T09:35:53.124+0000] {processor.py:914} INFO - Processing file /opt/conda/lib/python3.12/site-packages/airflow/example_dags/tutorial_taskflow_api.py for tasks to queue
[2025-02-06T09:35:53.127+0000] {logging_mixin.py:190} INFO - [2025-02-06T09:35:53.127+0000] {dagbag.py:588} INFO - Filling up the DagBag from /opt/conda/lib/python3.12/site-packages/airflow/example_dags/tutorial_taskflow_api.py
[2025-02-06T09:35:53.133+0000] {processor.py:925} INFO - DAG(s) 'tutorial_taskflow_api' retrieved from /opt/conda/lib/python3.12/site-packages/airflow/example_dags/tutorial_taskflow_api.py
[2025-02-06T09:35:53.162+0000] {logging_mixin.py:190} INFO - [2025-02-06T09:35:53.162+0000] {dag.py:3239} INFO - Sync 1 DAGs
[2025-02-06T09:35:53.176+0000] {logging_mixin.py:190} INFO - [2025-02-06T09:35:53.176+0000] {dag.py:4180} INFO - Setting next_dagrun for tutorial_taskflow_api to None, run_after=None
[2025-02-06T09:35:53.230+0000] {processor.py:208} INFO - Processing /opt/conda/lib/python3.12/site-packages/airflow/example_dags/tutorial_taskflow_api.py took 0.113 seconds
[2025-02-06T09:40:59.368+0000] {processor.py:186} INFO - Started process (PID=1303) to work on /opt/conda/lib/python3.12/site-packages/airflow/example_dags/tutorial_taskflow_api.py
[2025-02-06T09:40:59.369+0000] {processor.py:914} INFO - Processing file /opt/conda/lib/python3.12/site-packages/airflow/example_dags/tutorial_taskflow_api.py for tasks to queue
[2025-02-06T09:40:59.372+0000] {logging_mixin.py:190} INFO - [2025-02-06T09:40:59.371+0000] {dagbag.py:588} INFO - Filling up the DagBag from /opt/conda/lib/python3.12/site-packages/airflow/example_dags/tutorial_taskflow_api.py
[2025-02-06T09:40:59.379+0000] {processor.py:925} INFO - DAG(s) 'tutorial_taskflow_api' retrieved from /opt/conda/lib/python3.12/site-packages/airflow/example_dags/tutorial_taskflow_api.py
[2025-02-06T09:40:59.402+0000] {logging_mixin.py:190} INFO - [2025-02-06T09:40:59.402+0000] {dag.py:3239} INFO - Sync 1 DAGs
[2025-02-06T09:40:59.415+0000] {logging_mixin.py:190} INFO - [2025-02-06T09:40:59.415+0000] {dag.py:4180} INFO - Setting next_dagrun for tutorial_taskflow_api to None, run_after=None
[2025-02-06T09:40:59.467+0000] {processor.py:208} INFO - Processing /opt/conda/lib/python3.12/site-packages/airflow/example_dags/tutorial_taskflow_api.py took 0.104 seconds
[2025-02-06T09:47:58.486+0000] {processor.py:186} INFO - Started process (PID=171) to work on /opt/conda/lib/python3.12/site-packages/airflow/example_dags/tutorial_taskflow_api.py
[2025-02-06T09:47:58.487+0000] {processor.py:914} INFO - Processing file /opt/conda/lib/python3.12/site-packages/airflow/example_dags/tutorial_taskflow_api.py for tasks to queue
[2025-02-06T09:47:58.490+0000] {logging_mixin.py:190} INFO - [2025-02-06T09:47:58.489+0000] {dagbag.py:588} INFO - Filling up the DagBag from /opt/conda/lib/python3.12/site-packages/airflow/example_dags/tutorial_taskflow_api.py
[2025-02-06T09:47:58.499+0000] {processor.py:925} INFO - DAG(s) 'tutorial_taskflow_api' retrieved from /opt/conda/lib/python3.12/site-packages/airflow/example_dags/tutorial_taskflow_api.py
[2025-02-06T09:47:58.527+0000] {logging_mixin.py:190} INFO - [2025-02-06T09:47:58.527+0000] {dag.py:3239} INFO - Sync 1 DAGs
[2025-02-06T09:47:58.540+0000] {logging_mixin.py:190} INFO - [2025-02-06T09:47:58.540+0000] {dag.py:4180} INFO - Setting next_dagrun for tutorial_taskflow_api to None, run_after=None
[2025-02-06T09:47:58.596+0000] {processor.py:208} INFO - Processing /opt/conda/lib/python3.12/site-packages/airflow/example_dags/tutorial_taskflow_api.py took 0.117 seconds
[2025-02-06T09:53:09.493+0000] {processor.py:186} INFO - Started process (PID=712) to work on /opt/conda/lib/python3.12/site-packages/airflow/example_dags/tutorial_taskflow_api.py
[2025-02-06T09:53:09.494+0000] {processor.py:914} INFO - Processing file /opt/conda/lib/python3.12/site-packages/airflow/example_dags/tutorial_taskflow_api.py for tasks to queue
[2025-02-06T09:53:09.497+0000] {logging_mixin.py:190} INFO - [2025-02-06T09:53:09.496+0000] {dagbag.py:588} INFO - Filling up the DagBag from /opt/conda/lib/python3.12/site-packages/airflow/example_dags/tutorial_taskflow_api.py
[2025-02-06T09:53:09.503+0000] {processor.py:925} INFO - DAG(s) 'tutorial_taskflow_api' retrieved from /opt/conda/lib/python3.12/site-packages/airflow/example_dags/tutorial_taskflow_api.py
[2025-02-06T09:53:09.523+0000] {logging_mixin.py:190} INFO - [2025-02-06T09:53:09.523+0000] {dag.py:3239} INFO - Sync 1 DAGs
[2025-02-06T09:53:09.535+0000] {logging_mixin.py:190} INFO - [2025-02-06T09:53:09.535+0000] {dag.py:4180} INFO - Setting next_dagrun for tutorial_taskflow_api to None, run_after=None
[2025-02-06T09:53:09.595+0000] {processor.py:208} INFO - Processing /opt/conda/lib/python3.12/site-packages/airflow/example_dags/tutorial_taskflow_api.py took 0.105 seconds
[2025-02-06T09:57:45.467+0000] {processor.py:186} INFO - Started process (PID=1226) to work on /opt/conda/lib/python3.12/site-packages/airflow/example_dags/tutorial_taskflow_api.py
[2025-02-06T09:57:45.468+0000] {processor.py:914} INFO - Processing file /opt/conda/lib/python3.12/site-packages/airflow/example_dags/tutorial_taskflow_api.py for tasks to queue
[2025-02-06T09:57:45.470+0000] {logging_mixin.py:190} INFO - [2025-02-06T09:57:45.469+0000] {dagbag.py:588} INFO - Filling up the DagBag from /opt/conda/lib/python3.12/site-packages/airflow/example_dags/tutorial_taskflow_api.py
[2025-02-06T09:57:45.479+0000] {processor.py:925} INFO - DAG(s) 'tutorial_taskflow_api' retrieved from /opt/conda/lib/python3.12/site-packages/airflow/example_dags/tutorial_taskflow_api.py
[2025-02-06T09:57:45.501+0000] {logging_mixin.py:190} INFO - [2025-02-06T09:57:45.501+0000] {dag.py:3239} INFO - Sync 1 DAGs
[2025-02-06T09:57:45.515+0000] {logging_mixin.py:190} INFO - [2025-02-06T09:57:45.515+0000] {dag.py:4180} INFO - Setting next_dagrun for tutorial_taskflow_api to None, run_after=None
[2025-02-06T09:57:45.576+0000] {processor.py:208} INFO - Processing /opt/conda/lib/python3.12/site-packages/airflow/example_dags/tutorial_taskflow_api.py took 0.114 seconds
[2025-02-06T10:02:31.884+0000] {processor.py:186} INFO - Started process (PID=1744) to work on /opt/conda/lib/python3.12/site-packages/airflow/example_dags/tutorial_taskflow_api.py
[2025-02-06T10:02:31.885+0000] {processor.py:914} INFO - Processing file /opt/conda/lib/python3.12/site-packages/airflow/example_dags/tutorial_taskflow_api.py for tasks to queue
[2025-02-06T10:02:31.887+0000] {logging_mixin.py:190} INFO - [2025-02-06T10:02:31.886+0000] {dagbag.py:588} INFO - Filling up the DagBag from /opt/conda/lib/python3.12/site-packages/airflow/example_dags/tutorial_taskflow_api.py
[2025-02-06T10:02:31.896+0000] {processor.py:925} INFO - DAG(s) 'tutorial_taskflow_api' retrieved from /opt/conda/lib/python3.12/site-packages/airflow/example_dags/tutorial_taskflow_api.py
[2025-02-06T10:02:31.922+0000] {logging_mixin.py:190} INFO - [2025-02-06T10:02:31.922+0000] {dag.py:3239} INFO - Sync 1 DAGs
[2025-02-06T10:02:31.936+0000] {logging_mixin.py:190} INFO - [2025-02-06T10:02:31.936+0000] {dag.py:4180} INFO - Setting next_dagrun for tutorial_taskflow_api to None, run_after=None
[2025-02-06T10:02:31.992+0000] {processor.py:208} INFO - Processing /opt/conda/lib/python3.12/site-packages/airflow/example_dags/tutorial_taskflow_api.py took 0.113 seconds
[2025-02-06T10:05:51.987+0000] {processor.py:186} INFO - Started process (PID=2055) to work on /opt/conda/lib/python3.12/site-packages/airflow/example_dags/tutorial_taskflow_api.py
[2025-02-06T10:05:51.988+0000] {processor.py:914} INFO - Processing file /opt/conda/lib/python3.12/site-packages/airflow/example_dags/tutorial_taskflow_api.py for tasks to queue
[2025-02-06T10:05:51.990+0000] {logging_mixin.py:190} INFO - [2025-02-06T10:05:51.990+0000] {dagbag.py:588} INFO - Filling up the DagBag from /opt/conda/lib/python3.12/site-packages/airflow/example_dags/tutorial_taskflow_api.py
[2025-02-06T10:05:51.997+0000] {processor.py:925} INFO - DAG(s) 'tutorial_taskflow_api' retrieved from /opt/conda/lib/python3.12/site-packages/airflow/example_dags/tutorial_taskflow_api.py
[2025-02-06T10:05:52.019+0000] {logging_mixin.py:190} INFO - [2025-02-06T10:05:52.019+0000] {dag.py:3239} INFO - Sync 1 DAGs
[2025-02-06T10:05:52.032+0000] {logging_mixin.py:190} INFO - [2025-02-06T10:05:52.032+0000] {dag.py:4180} INFO - Setting next_dagrun for tutorial_taskflow_api to None, run_after=None
[2025-02-06T10:05:52.086+0000] {processor.py:208} INFO - Processing /opt/conda/lib/python3.12/site-packages/airflow/example_dags/tutorial_taskflow_api.py took 0.103 seconds
[2025-02-06T10:07:58.082+0000] {processor.py:186} INFO - Started process (PID=2232) to work on /opt/conda/lib/python3.12/site-packages/airflow/example_dags/tutorial_taskflow_api.py
[2025-02-06T10:07:58.083+0000] {processor.py:914} INFO - Processing file /opt/conda/lib/python3.12/site-packages/airflow/example_dags/tutorial_taskflow_api.py for tasks to queue
[2025-02-06T10:07:58.084+0000] {logging_mixin.py:190} INFO - [2025-02-06T10:07:58.084+0000] {dagbag.py:588} INFO - Filling up the DagBag from /opt/conda/lib/python3.12/site-packages/airflow/example_dags/tutorial_taskflow_api.py
[2025-02-06T10:07:58.090+0000] {processor.py:925} INFO - DAG(s) 'tutorial_taskflow_api' retrieved from /opt/conda/lib/python3.12/site-packages/airflow/example_dags/tutorial_taskflow_api.py
[2025-02-06T10:07:58.113+0000] {logging_mixin.py:190} INFO - [2025-02-06T10:07:58.113+0000] {dag.py:3239} INFO - Sync 1 DAGs
[2025-02-06T10:07:58.127+0000] {logging_mixin.py:190} INFO - [2025-02-06T10:07:58.127+0000] {dag.py:4180} INFO - Setting next_dagrun for tutorial_taskflow_api to None, run_after=None
[2025-02-06T10:07:58.177+0000] {processor.py:208} INFO - Processing /opt/conda/lib/python3.12/site-packages/airflow/example_dags/tutorial_taskflow_api.py took 0.100 seconds
[2025-02-06T10:12:04.472+0000] {processor.py:186} INFO - Started process (PID=2660) to work on /opt/conda/lib/python3.12/site-packages/airflow/example_dags/tutorial_taskflow_api.py
[2025-02-06T10:12:04.474+0000] {processor.py:914} INFO - Processing file /opt/conda/lib/python3.12/site-packages/airflow/example_dags/tutorial_taskflow_api.py for tasks to queue
[2025-02-06T10:12:04.475+0000] {logging_mixin.py:190} INFO - [2025-02-06T10:12:04.475+0000] {dagbag.py:588} INFO - Filling up the DagBag from /opt/conda/lib/python3.12/site-packages/airflow/example_dags/tutorial_taskflow_api.py
[2025-02-06T10:12:04.482+0000] {processor.py:925} INFO - DAG(s) 'tutorial_taskflow_api' retrieved from /opt/conda/lib/python3.12/site-packages/airflow/example_dags/tutorial_taskflow_api.py
[2025-02-06T10:12:04.503+0000] {logging_mixin.py:190} INFO - [2025-02-06T10:12:04.503+0000] {dag.py:3239} INFO - Sync 1 DAGs
[2025-02-06T10:12:04.516+0000] {logging_mixin.py:190} INFO - [2025-02-06T10:12:04.516+0000] {dag.py:4180} INFO - Setting next_dagrun for tutorial_taskflow_api to None, run_after=None
[2025-02-06T10:12:04.662+0000] {processor.py:208} INFO - Processing /opt/conda/lib/python3.12/site-packages/airflow/example_dags/tutorial_taskflow_api.py took 0.193 seconds
[2025-02-06T10:18:13.623+0000] {processor.py:186} INFO - Started process (PID=3301) to work on /opt/conda/lib/python3.12/site-packages/airflow/example_dags/tutorial_taskflow_api.py
[2025-02-06T10:18:13.624+0000] {processor.py:914} INFO - Processing file /opt/conda/lib/python3.12/site-packages/airflow/example_dags/tutorial_taskflow_api.py for tasks to queue
[2025-02-06T10:18:13.625+0000] {logging_mixin.py:190} INFO - [2025-02-06T10:18:13.625+0000] {dagbag.py:588} INFO - Filling up the DagBag from /opt/conda/lib/python3.12/site-packages/airflow/example_dags/tutorial_taskflow_api.py
[2025-02-06T10:18:13.633+0000] {processor.py:925} INFO - DAG(s) 'tutorial_taskflow_api' retrieved from /opt/conda/lib/python3.12/site-packages/airflow/example_dags/tutorial_taskflow_api.py
[2025-02-06T10:18:13.652+0000] {logging_mixin.py:190} INFO - [2025-02-06T10:18:13.652+0000] {dag.py:3239} INFO - Sync 1 DAGs
[2025-02-06T10:18:13.665+0000] {logging_mixin.py:190} INFO - [2025-02-06T10:18:13.664+0000] {dag.py:4180} INFO - Setting next_dagrun for tutorial_taskflow_api to None, run_after=None
[2025-02-06T10:18:13.719+0000] {processor.py:208} INFO - Processing /opt/conda/lib/python3.12/site-packages/airflow/example_dags/tutorial_taskflow_api.py took 0.100 seconds
[2025-02-06T10:23:52.106+0000] {processor.py:186} INFO - Started process (PID=3875) to work on /opt/conda/lib/python3.12/site-packages/airflow/example_dags/tutorial_taskflow_api.py
[2025-02-06T10:23:52.107+0000] {processor.py:914} INFO - Processing file /opt/conda/lib/python3.12/site-packages/airflow/example_dags/tutorial_taskflow_api.py for tasks to queue
[2025-02-06T10:23:52.109+0000] {logging_mixin.py:190} INFO - [2025-02-06T10:23:52.108+0000] {dagbag.py:588} INFO - Filling up the DagBag from /opt/conda/lib/python3.12/site-packages/airflow/example_dags/tutorial_taskflow_api.py
[2025-02-06T10:23:52.117+0000] {processor.py:925} INFO - DAG(s) 'tutorial_taskflow_api' retrieved from /opt/conda/lib/python3.12/site-packages/airflow/example_dags/tutorial_taskflow_api.py
[2025-02-06T10:23:52.175+0000] {logging_mixin.py:190} INFO - [2025-02-06T10:23:52.175+0000] {dag.py:3239} INFO - Sync 1 DAGs
[2025-02-06T10:23:52.191+0000] {logging_mixin.py:190} INFO - [2025-02-06T10:23:52.190+0000] {dag.py:4180} INFO - Setting next_dagrun for tutorial_taskflow_api to None, run_after=None
[2025-02-06T10:23:52.247+0000] {processor.py:208} INFO - Processing /opt/conda/lib/python3.12/site-packages/airflow/example_dags/tutorial_taskflow_api.py took 0.148 seconds
[2025-02-06T10:25:11.263+0000] {processor.py:186} INFO - Started process (PID=3971) to work on /opt/conda/lib/python3.12/site-packages/airflow/example_dags/tutorial_taskflow_api.py
[2025-02-06T10:25:11.264+0000] {processor.py:914} INFO - Processing file /opt/conda/lib/python3.12/site-packages/airflow/example_dags/tutorial_taskflow_api.py for tasks to queue
[2025-02-06T10:25:11.266+0000] {logging_mixin.py:190} INFO - [2025-02-06T10:25:11.266+0000] {dagbag.py:588} INFO - Filling up the DagBag from /opt/conda/lib/python3.12/site-packages/airflow/example_dags/tutorial_taskflow_api.py
[2025-02-06T10:25:11.273+0000] {processor.py:925} INFO - DAG(s) 'tutorial_taskflow_api' retrieved from /opt/conda/lib/python3.12/site-packages/airflow/example_dags/tutorial_taskflow_api.py
[2025-02-06T10:25:11.297+0000] {logging_mixin.py:190} INFO - [2025-02-06T10:25:11.297+0000] {dag.py:3239} INFO - Sync 1 DAGs
[2025-02-06T10:25:11.311+0000] {logging_mixin.py:190} INFO - [2025-02-06T10:25:11.311+0000] {dag.py:4180} INFO - Setting next_dagrun for tutorial_taskflow_api to None, run_after=None
[2025-02-06T10:25:11.366+0000] {processor.py:208} INFO - Processing /opt/conda/lib/python3.12/site-packages/airflow/example_dags/tutorial_taskflow_api.py took 0.107 seconds
[2025-02-06T10:26:32.071+0000] {processor.py:186} INFO - Started process (PID=4117) to work on /opt/conda/lib/python3.12/site-packages/airflow/example_dags/tutorial_taskflow_api.py
[2025-02-06T10:26:32.072+0000] {processor.py:914} INFO - Processing file /opt/conda/lib/python3.12/site-packages/airflow/example_dags/tutorial_taskflow_api.py for tasks to queue
[2025-02-06T10:26:32.073+0000] {logging_mixin.py:190} INFO - [2025-02-06T10:26:32.073+0000] {dagbag.py:588} INFO - Filling up the DagBag from /opt/conda/lib/python3.12/site-packages/airflow/example_dags/tutorial_taskflow_api.py
[2025-02-06T10:26:32.079+0000] {processor.py:925} INFO - DAG(s) 'tutorial_taskflow_api' retrieved from /opt/conda/lib/python3.12/site-packages/airflow/example_dags/tutorial_taskflow_api.py
[2025-02-06T10:26:32.101+0000] {logging_mixin.py:190} INFO - [2025-02-06T10:26:32.101+0000] {dag.py:3239} INFO - Sync 1 DAGs
[2025-02-06T10:26:32.116+0000] {logging_mixin.py:190} INFO - [2025-02-06T10:26:32.116+0000] {dag.py:4180} INFO - Setting next_dagrun for tutorial_taskflow_api to None, run_after=None
[2025-02-06T10:26:32.170+0000] {processor.py:208} INFO - Processing /opt/conda/lib/python3.12/site-packages/airflow/example_dags/tutorial_taskflow_api.py took 0.104 seconds
[2025-02-06T11:40:46.635+0000] {processor.py:186} INFO - Started process (PID=436) to work on /opt/conda/lib/python3.12/site-packages/airflow/example_dags/tutorial_taskflow_api.py
[2025-02-06T11:40:46.638+0000] {processor.py:914} INFO - Processing file /opt/conda/lib/python3.12/site-packages/airflow/example_dags/tutorial_taskflow_api.py for tasks to queue
[2025-02-06T11:40:46.641+0000] {logging_mixin.py:190} INFO - [2025-02-06T11:40:46.641+0000] {dagbag.py:588} INFO - Filling up the DagBag from /opt/conda/lib/python3.12/site-packages/airflow/example_dags/tutorial_taskflow_api.py
[2025-02-06T11:40:46.650+0000] {processor.py:925} INFO - DAG(s) 'tutorial_taskflow_api' retrieved from /opt/conda/lib/python3.12/site-packages/airflow/example_dags/tutorial_taskflow_api.py
[2025-02-06T11:40:46.681+0000] {logging_mixin.py:190} INFO - [2025-02-06T11:40:46.680+0000] {dag.py:3239} INFO - Sync 1 DAGs
[2025-02-06T11:40:46.698+0000] {logging_mixin.py:190} INFO - [2025-02-06T11:40:46.697+0000] {dag.py:4180} INFO - Setting next_dagrun for tutorial_taskflow_api to None, run_after=None
[2025-02-06T11:40:46.768+0000] {processor.py:208} INFO - Processing /opt/conda/lib/python3.12/site-packages/airflow/example_dags/tutorial_taskflow_api.py took 0.140 seconds
[2025-02-06T11:44:28.162+0000] {processor.py:186} INFO - Started process (PID=1393) to work on /opt/conda/lib/python3.12/site-packages/airflow/example_dags/tutorial_taskflow_api.py
[2025-02-06T11:44:28.163+0000] {processor.py:914} INFO - Processing file /opt/conda/lib/python3.12/site-packages/airflow/example_dags/tutorial_taskflow_api.py for tasks to queue
[2025-02-06T11:44:28.166+0000] {logging_mixin.py:190} INFO - [2025-02-06T11:44:28.166+0000] {dagbag.py:588} INFO - Filling up the DagBag from /opt/conda/lib/python3.12/site-packages/airflow/example_dags/tutorial_taskflow_api.py
[2025-02-06T11:44:28.177+0000] {processor.py:925} INFO - DAG(s) 'tutorial_taskflow_api' retrieved from /opt/conda/lib/python3.12/site-packages/airflow/example_dags/tutorial_taskflow_api.py
[2025-02-06T11:44:28.212+0000] {logging_mixin.py:190} INFO - [2025-02-06T11:44:28.212+0000] {dag.py:3239} INFO - Sync 1 DAGs
[2025-02-06T11:44:28.232+0000] {logging_mixin.py:190} INFO - [2025-02-06T11:44:28.232+0000] {dag.py:4180} INFO - Setting next_dagrun for tutorial_taskflow_api to None, run_after=None
[2025-02-06T11:44:28.317+0000] {processor.py:208} INFO - Processing /opt/conda/lib/python3.12/site-packages/airflow/example_dags/tutorial_taskflow_api.py took 0.163 seconds
[2025-02-06T11:48:55.118+0000] {processor.py:186} INFO - Started process (PID=2306) to work on /opt/conda/lib/python3.12/site-packages/airflow/example_dags/tutorial_taskflow_api.py
[2025-02-06T11:48:55.120+0000] {processor.py:914} INFO - Processing file /opt/conda/lib/python3.12/site-packages/airflow/example_dags/tutorial_taskflow_api.py for tasks to queue
[2025-02-06T11:48:55.121+0000] {logging_mixin.py:190} INFO - [2025-02-06T11:48:55.121+0000] {dagbag.py:588} INFO - Filling up the DagBag from /opt/conda/lib/python3.12/site-packages/airflow/example_dags/tutorial_taskflow_api.py
[2025-02-06T11:48:55.133+0000] {processor.py:925} INFO - DAG(s) 'tutorial_taskflow_api' retrieved from /opt/conda/lib/python3.12/site-packages/airflow/example_dags/tutorial_taskflow_api.py
[2025-02-06T11:48:55.170+0000] {logging_mixin.py:190} INFO - [2025-02-06T11:48:55.169+0000] {dag.py:3239} INFO - Sync 1 DAGs
[2025-02-06T11:48:55.192+0000] {logging_mixin.py:190} INFO - [2025-02-06T11:48:55.192+0000] {dag.py:4180} INFO - Setting next_dagrun for tutorial_taskflow_api to None, run_after=None
[2025-02-06T11:48:55.275+0000] {processor.py:208} INFO - Processing /opt/conda/lib/python3.12/site-packages/airflow/example_dags/tutorial_taskflow_api.py took 0.162 seconds
[2025-02-06T11:52:26.372+0000] {processor.py:186} INFO - Started process (PID=3280) to work on /opt/conda/lib/python3.12/site-packages/airflow/example_dags/tutorial_taskflow_api.py
[2025-02-06T11:52:26.374+0000] {processor.py:914} INFO - Processing file /opt/conda/lib/python3.12/site-packages/airflow/example_dags/tutorial_taskflow_api.py for tasks to queue
[2025-02-06T11:52:26.375+0000] {logging_mixin.py:190} INFO - [2025-02-06T11:52:26.375+0000] {dagbag.py:588} INFO - Filling up the DagBag from /opt/conda/lib/python3.12/site-packages/airflow/example_dags/tutorial_taskflow_api.py
[2025-02-06T11:52:26.385+0000] {processor.py:925} INFO - DAG(s) 'tutorial_taskflow_api' retrieved from /opt/conda/lib/python3.12/site-packages/airflow/example_dags/tutorial_taskflow_api.py
[2025-02-06T11:52:26.417+0000] {logging_mixin.py:190} INFO - [2025-02-06T11:52:26.416+0000] {dag.py:3239} INFO - Sync 1 DAGs
[2025-02-06T11:52:26.438+0000] {logging_mixin.py:190} INFO - [2025-02-06T11:52:26.438+0000] {dag.py:4180} INFO - Setting next_dagrun for tutorial_taskflow_api to None, run_after=None
[2025-02-06T11:52:26.532+0000] {processor.py:208} INFO - Processing /opt/conda/lib/python3.12/site-packages/airflow/example_dags/tutorial_taskflow_api.py took 0.166 seconds
[2025-02-06T11:55:03.857+0000] {processor.py:186} INFO - Started process (PID=129) to work on /opt/conda/lib/python3.12/site-packages/airflow/example_dags/tutorial_taskflow_api.py
[2025-02-06T11:55:03.859+0000] {processor.py:914} INFO - Processing file /opt/conda/lib/python3.12/site-packages/airflow/example_dags/tutorial_taskflow_api.py for tasks to queue
[2025-02-06T11:55:03.863+0000] {logging_mixin.py:190} INFO - [2025-02-06T11:55:03.862+0000] {dagbag.py:588} INFO - Filling up the DagBag from /opt/conda/lib/python3.12/site-packages/airflow/example_dags/tutorial_taskflow_api.py
[2025-02-06T11:55:03.874+0000] {processor.py:925} INFO - DAG(s) 'tutorial_taskflow_api' retrieved from /opt/conda/lib/python3.12/site-packages/airflow/example_dags/tutorial_taskflow_api.py
[2025-02-06T11:55:03.919+0000] {logging_mixin.py:190} INFO - [2025-02-06T11:55:03.918+0000] {dag.py:3239} INFO - Sync 1 DAGs
[2025-02-06T11:55:03.941+0000] {logging_mixin.py:190} INFO - [2025-02-06T11:55:03.941+0000] {dag.py:4180} INFO - Setting next_dagrun for tutorial_taskflow_api to None, run_after=None
[2025-02-06T11:55:04.042+0000] {processor.py:208} INFO - Processing /opt/conda/lib/python3.12/site-packages/airflow/example_dags/tutorial_taskflow_api.py took 0.193 seconds
[2025-02-06T11:59:27.729+0000] {processor.py:186} INFO - Started process (PID=437) to work on /opt/conda/lib/python3.12/site-packages/airflow/example_dags/tutorial_taskflow_api.py
[2025-02-06T11:59:27.731+0000] {processor.py:914} INFO - Processing file /opt/conda/lib/python3.12/site-packages/airflow/example_dags/tutorial_taskflow_api.py for tasks to queue
[2025-02-06T11:59:27.733+0000] {logging_mixin.py:190} INFO - [2025-02-06T11:59:27.733+0000] {dagbag.py:588} INFO - Filling up the DagBag from /opt/conda/lib/python3.12/site-packages/airflow/example_dags/tutorial_taskflow_api.py
[2025-02-06T11:59:27.744+0000] {processor.py:925} INFO - DAG(s) 'tutorial_taskflow_api' retrieved from /opt/conda/lib/python3.12/site-packages/airflow/example_dags/tutorial_taskflow_api.py
[2025-02-06T11:59:27.781+0000] {logging_mixin.py:190} INFO - [2025-02-06T11:59:27.780+0000] {dag.py:3239} INFO - Sync 1 DAGs
[2025-02-06T11:59:27.800+0000] {logging_mixin.py:190} INFO - [2025-02-06T11:59:27.799+0000] {dag.py:4180} INFO - Setting next_dagrun for tutorial_taskflow_api to None, run_after=None
[2025-02-06T11:59:27.899+0000] {processor.py:208} INFO - Processing /opt/conda/lib/python3.12/site-packages/airflow/example_dags/tutorial_taskflow_api.py took 0.176 seconds
[2025-02-06T12:04:32.600+0000] {processor.py:186} INFO - Started process (PID=436) to work on /opt/conda/lib/python3.12/site-packages/airflow/example_dags/tutorial_taskflow_api.py
[2025-02-06T12:04:32.602+0000] {processor.py:914} INFO - Processing file /opt/conda/lib/python3.12/site-packages/airflow/example_dags/tutorial_taskflow_api.py for tasks to queue
[2025-02-06T12:04:32.607+0000] {logging_mixin.py:190} INFO - [2025-02-06T12:04:32.606+0000] {dagbag.py:588} INFO - Filling up the DagBag from /opt/conda/lib/python3.12/site-packages/airflow/example_dags/tutorial_taskflow_api.py
[2025-02-06T12:04:32.614+0000] {processor.py:925} INFO - DAG(s) 'tutorial_taskflow_api' retrieved from /opt/conda/lib/python3.12/site-packages/airflow/example_dags/tutorial_taskflow_api.py
[2025-02-06T12:04:32.647+0000] {logging_mixin.py:190} INFO - [2025-02-06T12:04:32.647+0000] {dag.py:3239} INFO - Sync 1 DAGs
[2025-02-06T12:04:32.663+0000] {logging_mixin.py:190} INFO - [2025-02-06T12:04:32.663+0000] {dag.py:4180} INFO - Setting next_dagrun for tutorial_taskflow_api to None, run_after=None
[2025-02-06T12:04:32.727+0000] {processor.py:208} INFO - Processing /opt/conda/lib/python3.12/site-packages/airflow/example_dags/tutorial_taskflow_api.py took 0.132 seconds
[2025-02-06T12:07:25.804+0000] {processor.py:186} INFO - Started process (PID=1451) to work on /opt/conda/lib/python3.12/site-packages/airflow/example_dags/tutorial_taskflow_api.py
[2025-02-06T12:07:25.805+0000] {processor.py:914} INFO - Processing file /opt/conda/lib/python3.12/site-packages/airflow/example_dags/tutorial_taskflow_api.py for tasks to queue
[2025-02-06T12:07:25.807+0000] {logging_mixin.py:190} INFO - [2025-02-06T12:07:25.807+0000] {dagbag.py:588} INFO - Filling up the DagBag from /opt/conda/lib/python3.12/site-packages/airflow/example_dags/tutorial_taskflow_api.py
[2025-02-06T12:07:25.813+0000] {processor.py:925} INFO - DAG(s) 'tutorial_taskflow_api' retrieved from /opt/conda/lib/python3.12/site-packages/airflow/example_dags/tutorial_taskflow_api.py
[2025-02-06T12:07:25.834+0000] {logging_mixin.py:190} INFO - [2025-02-06T12:07:25.834+0000] {dag.py:3239} INFO - Sync 1 DAGs
[2025-02-06T12:07:25.848+0000] {logging_mixin.py:190} INFO - [2025-02-06T12:07:25.848+0000] {dag.py:4180} INFO - Setting next_dagrun for tutorial_taskflow_api to None, run_after=None
[2025-02-06T12:07:25.907+0000] {processor.py:208} INFO - Processing /opt/conda/lib/python3.12/site-packages/airflow/example_dags/tutorial_taskflow_api.py took 0.107 seconds
[2025-02-06T12:25:02.593+0000] {processor.py:186} INFO - Started process (PID=1422) to work on /opt/conda/lib/python3.12/site-packages/airflow/example_dags/tutorial_taskflow_api.py
[2025-02-06T12:25:02.594+0000] {processor.py:914} INFO - Processing file /opt/conda/lib/python3.12/site-packages/airflow/example_dags/tutorial_taskflow_api.py for tasks to queue
[2025-02-06T12:25:02.597+0000] {logging_mixin.py:190} INFO - [2025-02-06T12:25:02.596+0000] {dagbag.py:588} INFO - Filling up the DagBag from /opt/conda/lib/python3.12/site-packages/airflow/example_dags/tutorial_taskflow_api.py
[2025-02-06T12:25:02.603+0000] {processor.py:925} INFO - DAG(s) 'tutorial_taskflow_api' retrieved from /opt/conda/lib/python3.12/site-packages/airflow/example_dags/tutorial_taskflow_api.py
[2025-02-06T12:25:02.620+0000] {logging_mixin.py:190} INFO - [2025-02-06T12:25:02.620+0000] {dag.py:3239} INFO - Sync 1 DAGs
[2025-02-06T12:25:02.630+0000] {logging_mixin.py:190} INFO - [2025-02-06T12:25:02.629+0000] {dag.py:4180} INFO - Setting next_dagrun for tutorial_taskflow_api to None, run_after=None
[2025-02-06T12:25:02.678+0000] {processor.py:208} INFO - Processing /opt/conda/lib/python3.12/site-packages/airflow/example_dags/tutorial_taskflow_api.py took 0.088 seconds
[2025-02-06T12:28:44.155+0000] {processor.py:186} INFO - Started process (PID=3219) to work on /opt/conda/lib/python3.12/site-packages/airflow/example_dags/tutorial_taskflow_api.py
[2025-02-06T12:28:44.156+0000] {processor.py:914} INFO - Processing file /opt/conda/lib/python3.12/site-packages/airflow/example_dags/tutorial_taskflow_api.py for tasks to queue
[2025-02-06T12:28:44.158+0000] {logging_mixin.py:190} INFO - [2025-02-06T12:28:44.158+0000] {dagbag.py:588} INFO - Filling up the DagBag from /opt/conda/lib/python3.12/site-packages/airflow/example_dags/tutorial_taskflow_api.py
[2025-02-06T12:28:44.165+0000] {processor.py:925} INFO - DAG(s) 'tutorial_taskflow_api' retrieved from /opt/conda/lib/python3.12/site-packages/airflow/example_dags/tutorial_taskflow_api.py
[2025-02-06T12:28:44.185+0000] {logging_mixin.py:190} INFO - [2025-02-06T12:28:44.185+0000] {dag.py:3239} INFO - Sync 1 DAGs
[2025-02-06T12:28:44.197+0000] {logging_mixin.py:190} INFO - [2025-02-06T12:28:44.196+0000] {dag.py:4180} INFO - Setting next_dagrun for tutorial_taskflow_api to None, run_after=None
[2025-02-06T12:28:44.282+0000] {processor.py:208} INFO - Processing /opt/conda/lib/python3.12/site-packages/airflow/example_dags/tutorial_taskflow_api.py took 0.130 seconds
[2025-02-06T12:32:37.343+0000] {processor.py:186} INFO - Started process (PID=5252) to work on /opt/conda/lib/python3.12/site-packages/airflow/example_dags/tutorial_taskflow_api.py
[2025-02-06T12:32:37.344+0000] {processor.py:914} INFO - Processing file /opt/conda/lib/python3.12/site-packages/airflow/example_dags/tutorial_taskflow_api.py for tasks to queue
[2025-02-06T12:32:37.346+0000] {logging_mixin.py:190} INFO - [2025-02-06T12:32:37.346+0000] {dagbag.py:588} INFO - Filling up the DagBag from /opt/conda/lib/python3.12/site-packages/airflow/example_dags/tutorial_taskflow_api.py
[2025-02-06T12:32:37.352+0000] {processor.py:925} INFO - DAG(s) 'tutorial_taskflow_api' retrieved from /opt/conda/lib/python3.12/site-packages/airflow/example_dags/tutorial_taskflow_api.py
[2025-02-06T12:32:37.371+0000] {logging_mixin.py:190} INFO - [2025-02-06T12:32:37.370+0000] {dag.py:3239} INFO - Sync 1 DAGs
[2025-02-06T12:32:37.382+0000] {logging_mixin.py:190} INFO - [2025-02-06T12:32:37.382+0000] {dag.py:4180} INFO - Setting next_dagrun for tutorial_taskflow_api to None, run_after=None
[2025-02-06T12:32:37.429+0000] {processor.py:208} INFO - Processing /opt/conda/lib/python3.12/site-packages/airflow/example_dags/tutorial_taskflow_api.py took 0.090 seconds
[2025-02-06T12:36:46.777+0000] {processor.py:186} INFO - Started process (PID=7389) to work on /opt/conda/lib/python3.12/site-packages/airflow/example_dags/tutorial_taskflow_api.py
[2025-02-06T12:36:46.778+0000] {processor.py:914} INFO - Processing file /opt/conda/lib/python3.12/site-packages/airflow/example_dags/tutorial_taskflow_api.py for tasks to queue
[2025-02-06T12:36:46.780+0000] {logging_mixin.py:190} INFO - [2025-02-06T12:36:46.780+0000] {dagbag.py:588} INFO - Filling up the DagBag from /opt/conda/lib/python3.12/site-packages/airflow/example_dags/tutorial_taskflow_api.py
[2025-02-06T12:36:46.786+0000] {processor.py:925} INFO - DAG(s) 'tutorial_taskflow_api' retrieved from /opt/conda/lib/python3.12/site-packages/airflow/example_dags/tutorial_taskflow_api.py
[2025-02-06T12:36:46.806+0000] {logging_mixin.py:190} INFO - [2025-02-06T12:36:46.805+0000] {dag.py:3239} INFO - Sync 1 DAGs
[2025-02-06T12:36:46.817+0000] {logging_mixin.py:190} INFO - [2025-02-06T12:36:46.817+0000] {dag.py:4180} INFO - Setting next_dagrun for tutorial_taskflow_api to None, run_after=None
[2025-02-06T12:36:46.866+0000] {processor.py:208} INFO - Processing /opt/conda/lib/python3.12/site-packages/airflow/example_dags/tutorial_taskflow_api.py took 0.092 seconds
[2025-02-06T12:40:52.891+0000] {processor.py:186} INFO - Started process (PID=9474) to work on /opt/conda/lib/python3.12/site-packages/airflow/example_dags/tutorial_taskflow_api.py
[2025-02-06T12:40:52.892+0000] {processor.py:914} INFO - Processing file /opt/conda/lib/python3.12/site-packages/airflow/example_dags/tutorial_taskflow_api.py for tasks to queue
[2025-02-06T12:40:52.894+0000] {logging_mixin.py:190} INFO - [2025-02-06T12:40:52.894+0000] {dagbag.py:588} INFO - Filling up the DagBag from /opt/conda/lib/python3.12/site-packages/airflow/example_dags/tutorial_taskflow_api.py
[2025-02-06T12:40:52.900+0000] {processor.py:925} INFO - DAG(s) 'tutorial_taskflow_api' retrieved from /opt/conda/lib/python3.12/site-packages/airflow/example_dags/tutorial_taskflow_api.py
[2025-02-06T12:40:52.924+0000] {logging_mixin.py:190} INFO - [2025-02-06T12:40:52.924+0000] {dag.py:3239} INFO - Sync 1 DAGs
[2025-02-06T12:40:52.936+0000] {logging_mixin.py:190} INFO - [2025-02-06T12:40:52.936+0000] {dag.py:4180} INFO - Setting next_dagrun for tutorial_taskflow_api to None, run_after=None
[2025-02-06T12:40:52.988+0000] {processor.py:208} INFO - Processing /opt/conda/lib/python3.12/site-packages/airflow/example_dags/tutorial_taskflow_api.py took 0.100 seconds
[2025-02-06T12:44:59.278+0000] {processor.py:186} INFO - Started process (PID=11592) to work on /opt/conda/lib/python3.12/site-packages/airflow/example_dags/tutorial_taskflow_api.py
[2025-02-06T12:44:59.279+0000] {processor.py:914} INFO - Processing file /opt/conda/lib/python3.12/site-packages/airflow/example_dags/tutorial_taskflow_api.py for tasks to queue
[2025-02-06T12:44:59.281+0000] {logging_mixin.py:190} INFO - [2025-02-06T12:44:59.281+0000] {dagbag.py:588} INFO - Filling up the DagBag from /opt/conda/lib/python3.12/site-packages/airflow/example_dags/tutorial_taskflow_api.py
[2025-02-06T12:44:59.287+0000] {processor.py:925} INFO - DAG(s) 'tutorial_taskflow_api' retrieved from /opt/conda/lib/python3.12/site-packages/airflow/example_dags/tutorial_taskflow_api.py
[2025-02-06T12:44:59.309+0000] {logging_mixin.py:190} INFO - [2025-02-06T12:44:59.309+0000] {dag.py:3239} INFO - Sync 1 DAGs
[2025-02-06T12:44:59.320+0000] {logging_mixin.py:190} INFO - [2025-02-06T12:44:59.319+0000] {dag.py:4180} INFO - Setting next_dagrun for tutorial_taskflow_api to None, run_after=None
[2025-02-06T12:44:59.371+0000] {processor.py:208} INFO - Processing /opt/conda/lib/python3.12/site-packages/airflow/example_dags/tutorial_taskflow_api.py took 0.097 seconds
[2025-02-06T12:50:04.846+0000] {processor.py:186} INFO - Started process (PID=13950) to work on /opt/conda/lib/python3.12/site-packages/airflow/example_dags/tutorial_taskflow_api.py
[2025-02-06T12:50:04.847+0000] {processor.py:914} INFO - Processing file /opt/conda/lib/python3.12/site-packages/airflow/example_dags/tutorial_taskflow_api.py for tasks to queue
[2025-02-06T12:50:04.849+0000] {logging_mixin.py:190} INFO - [2025-02-06T12:50:04.849+0000] {dagbag.py:588} INFO - Filling up the DagBag from /opt/conda/lib/python3.12/site-packages/airflow/example_dags/tutorial_taskflow_api.py
[2025-02-06T12:50:04.858+0000] {processor.py:925} INFO - DAG(s) 'tutorial_taskflow_api' retrieved from /opt/conda/lib/python3.12/site-packages/airflow/example_dags/tutorial_taskflow_api.py
[2025-02-06T12:50:04.886+0000] {logging_mixin.py:190} INFO - [2025-02-06T12:50:04.886+0000] {dag.py:3239} INFO - Sync 1 DAGs
[2025-02-06T12:50:04.900+0000] {logging_mixin.py:190} INFO - [2025-02-06T12:50:04.900+0000] {dag.py:4180} INFO - Setting next_dagrun for tutorial_taskflow_api to None, run_after=None
[2025-02-06T12:50:04.954+0000] {processor.py:208} INFO - Processing /opt/conda/lib/python3.12/site-packages/airflow/example_dags/tutorial_taskflow_api.py took 0.116 seconds
[2025-02-06T12:59:57.514+0000] {processor.py:186} INFO - Started process (PID=661) to work on /opt/conda/lib/python3.12/site-packages/airflow/example_dags/tutorial_taskflow_api.py
[2025-02-06T12:59:57.515+0000] {processor.py:914} INFO - Processing file /opt/conda/lib/python3.12/site-packages/airflow/example_dags/tutorial_taskflow_api.py for tasks to queue
[2025-02-06T12:59:57.518+0000] {logging_mixin.py:190} INFO - [2025-02-06T12:59:57.517+0000] {dagbag.py:588} INFO - Filling up the DagBag from /opt/conda/lib/python3.12/site-packages/airflow/example_dags/tutorial_taskflow_api.py
[2025-02-06T12:59:57.531+0000] {processor.py:925} INFO - DAG(s) 'tutorial_taskflow_api' retrieved from /opt/conda/lib/python3.12/site-packages/airflow/example_dags/tutorial_taskflow_api.py
[2025-02-06T12:59:57.563+0000] {logging_mixin.py:190} INFO - [2025-02-06T12:59:57.563+0000] {dag.py:3239} INFO - Sync 1 DAGs
[2025-02-06T12:59:57.587+0000] {logging_mixin.py:190} INFO - [2025-02-06T12:59:57.587+0000] {dag.py:4180} INFO - Setting next_dagrun for tutorial_taskflow_api to None, run_after=None
[2025-02-06T12:59:57.680+0000] {processor.py:208} INFO - Processing /opt/conda/lib/python3.12/site-packages/airflow/example_dags/tutorial_taskflow_api.py took 0.171 seconds
[2025-02-06T13:03:07.796+0000] {processor.py:186} INFO - Started process (PID=1657) to work on /opt/conda/lib/python3.12/site-packages/airflow/example_dags/tutorial_taskflow_api.py
[2025-02-06T13:03:07.797+0000] {processor.py:914} INFO - Processing file /opt/conda/lib/python3.12/site-packages/airflow/example_dags/tutorial_taskflow_api.py for tasks to queue
[2025-02-06T13:03:07.799+0000] {logging_mixin.py:190} INFO - [2025-02-06T13:03:07.799+0000] {dagbag.py:588} INFO - Filling up the DagBag from /opt/conda/lib/python3.12/site-packages/airflow/example_dags/tutorial_taskflow_api.py
[2025-02-06T13:03:07.806+0000] {processor.py:925} INFO - DAG(s) 'tutorial_taskflow_api' retrieved from /opt/conda/lib/python3.12/site-packages/airflow/example_dags/tutorial_taskflow_api.py
[2025-02-06T13:03:07.826+0000] {logging_mixin.py:190} INFO - [2025-02-06T13:03:07.826+0000] {dag.py:3239} INFO - Sync 1 DAGs
[2025-02-06T13:03:07.838+0000] {logging_mixin.py:190} INFO - [2025-02-06T13:03:07.838+0000] {dag.py:4180} INFO - Setting next_dagrun for tutorial_taskflow_api to None, run_after=None
[2025-02-06T13:03:07.898+0000] {processor.py:208} INFO - Processing /opt/conda/lib/python3.12/site-packages/airflow/example_dags/tutorial_taskflow_api.py took 0.106 seconds
[2025-02-06T13:05:21.992+0000] {processor.py:186} INFO - Started process (PID=2355) to work on /opt/conda/lib/python3.12/site-packages/airflow/example_dags/tutorial_taskflow_api.py
[2025-02-06T13:05:21.993+0000] {processor.py:914} INFO - Processing file /opt/conda/lib/python3.12/site-packages/airflow/example_dags/tutorial_taskflow_api.py for tasks to queue
[2025-02-06T13:05:21.995+0000] {logging_mixin.py:190} INFO - [2025-02-06T13:05:21.995+0000] {dagbag.py:588} INFO - Filling up the DagBag from /opt/conda/lib/python3.12/site-packages/airflow/example_dags/tutorial_taskflow_api.py
[2025-02-06T13:05:22.003+0000] {processor.py:925} INFO - DAG(s) 'tutorial_taskflow_api' retrieved from /opt/conda/lib/python3.12/site-packages/airflow/example_dags/tutorial_taskflow_api.py
[2025-02-06T13:05:22.031+0000] {logging_mixin.py:190} INFO - [2025-02-06T13:05:22.030+0000] {dag.py:3239} INFO - Sync 1 DAGs
[2025-02-06T13:05:22.044+0000] {logging_mixin.py:190} INFO - [2025-02-06T13:05:22.044+0000] {dag.py:4180} INFO - Setting next_dagrun for tutorial_taskflow_api to None, run_after=None
[2025-02-06T13:05:22.114+0000] {processor.py:208} INFO - Processing /opt/conda/lib/python3.12/site-packages/airflow/example_dags/tutorial_taskflow_api.py took 0.125 seconds
