[2025-02-06T08:26:43.595+0000] {processor.py:186} INFO - Started process (PID=50) to work on /opt/conda/lib/python3.12/site-packages/airflow/example_dags/tutorial_dag.py
[2025-02-06T08:26:43.596+0000] {processor.py:914} INFO - Processing file /opt/conda/lib/python3.12/site-packages/airflow/example_dags/tutorial_dag.py for tasks to queue
[2025-02-06T08:26:43.598+0000] {logging_mixin.py:190} INFO - [2025-02-06T08:26:43.597+0000] {dagbag.py:588} INFO - Filling up the DagBag from /opt/conda/lib/python3.12/site-packages/airflow/example_dags/tutorial_dag.py
[2025-02-06T08:26:43.604+0000] {processor.py:925} INFO - DAG(s) 'tutorial_dag' retrieved from /opt/conda/lib/python3.12/site-packages/airflow/example_dags/tutorial_dag.py
[2025-02-06T08:26:43.752+0000] {logging_mixin.py:190} INFO - [2025-02-06T08:26:43.752+0000] {override.py:1912} INFO - Created Permission View: can delete on DAG:tutorial_dag
[2025-02-06T08:26:43.791+0000] {logging_mixin.py:190} INFO - [2025-02-06T08:26:43.791+0000] {override.py:1912} INFO - Created Permission View: can read on DAG:tutorial_dag
[2025-02-06T08:26:43.830+0000] {logging_mixin.py:190} INFO - [2025-02-06T08:26:43.829+0000] {override.py:1912} INFO - Created Permission View: can edit on DAG:tutorial_dag
[2025-02-06T08:26:43.894+0000] {logging_mixin.py:190} INFO - [2025-02-06T08:26:43.893+0000] {override.py:1912} INFO - Created Permission View: menu access on DAG Run:tutorial_dag
[2025-02-06T08:26:43.937+0000] {logging_mixin.py:190} INFO - [2025-02-06T08:26:43.937+0000] {override.py:1912} INFO - Created Permission View: can create on DAG Run:tutorial_dag
[2025-02-06T08:26:43.977+0000] {logging_mixin.py:190} INFO - [2025-02-06T08:26:43.977+0000] {override.py:1912} INFO - Created Permission View: can read on DAG Run:tutorial_dag
[2025-02-06T08:26:44.016+0000] {logging_mixin.py:190} INFO - [2025-02-06T08:26:44.016+0000] {override.py:1912} INFO - Created Permission View: can delete on DAG Run:tutorial_dag
[2025-02-06T08:26:44.017+0000] {logging_mixin.py:190} INFO - [2025-02-06T08:26:44.017+0000] {dag.py:3239} INFO - Sync 1 DAGs
[2025-02-06T08:26:44.037+0000] {logging_mixin.py:190} INFO - [2025-02-06T08:26:44.037+0000] {dag.py:3262} INFO - Creating ORM DAG for tutorial_dag
[2025-02-06T08:26:44.038+0000] {logging_mixin.py:190} INFO - [2025-02-06T08:26:44.038+0000] {dag.py:4180} INFO - Setting next_dagrun for tutorial_dag to None, run_after=None
[2025-02-06T08:26:44.108+0000] {processor.py:208} INFO - Processing /opt/conda/lib/python3.12/site-packages/airflow/example_dags/tutorial_dag.py took 0.517 seconds
[2025-02-06T08:28:09.791+0000] {processor.py:186} INFO - Started process (PID=107) to work on /opt/conda/lib/python3.12/site-packages/airflow/example_dags/tutorial_dag.py
[2025-02-06T08:28:09.792+0000] {processor.py:914} INFO - Processing file /opt/conda/lib/python3.12/site-packages/airflow/example_dags/tutorial_dag.py for tasks to queue
[2025-02-06T08:28:09.794+0000] {logging_mixin.py:190} INFO - [2025-02-06T08:28:09.794+0000] {dagbag.py:588} INFO - Filling up the DagBag from /opt/conda/lib/python3.12/site-packages/airflow/example_dags/tutorial_dag.py
[2025-02-06T08:28:09.800+0000] {processor.py:925} INFO - DAG(s) 'tutorial_dag' retrieved from /opt/conda/lib/python3.12/site-packages/airflow/example_dags/tutorial_dag.py
[2025-02-06T08:28:09.826+0000] {logging_mixin.py:190} INFO - [2025-02-06T08:28:09.825+0000] {dag.py:3239} INFO - Sync 1 DAGs
[2025-02-06T08:28:09.840+0000] {logging_mixin.py:190} INFO - [2025-02-06T08:28:09.840+0000] {dag.py:4180} INFO - Setting next_dagrun for tutorial_dag to None, run_after=None
[2025-02-06T08:28:09.904+0000] {processor.py:208} INFO - Processing /opt/conda/lib/python3.12/site-packages/airflow/example_dags/tutorial_dag.py took 0.118 seconds
[2025-02-06T08:30:33.212+0000] {processor.py:186} INFO - Started process (PID=50) to work on /opt/conda/lib/python3.12/site-packages/airflow/example_dags/tutorial_dag.py
[2025-02-06T08:30:33.214+0000] {processor.py:914} INFO - Processing file /opt/conda/lib/python3.12/site-packages/airflow/example_dags/tutorial_dag.py for tasks to queue
[2025-02-06T08:30:33.215+0000] {logging_mixin.py:190} INFO - [2025-02-06T08:30:33.215+0000] {dagbag.py:588} INFO - Filling up the DagBag from /opt/conda/lib/python3.12/site-packages/airflow/example_dags/tutorial_dag.py
[2025-02-06T08:30:33.221+0000] {processor.py:925} INFO - DAG(s) 'tutorial_dag' retrieved from /opt/conda/lib/python3.12/site-packages/airflow/example_dags/tutorial_dag.py
[2025-02-06T08:30:33.241+0000] {logging_mixin.py:190} INFO - [2025-02-06T08:30:33.241+0000] {dag.py:3239} INFO - Sync 1 DAGs
[2025-02-06T08:30:33.253+0000] {logging_mixin.py:190} INFO - [2025-02-06T08:30:33.252+0000] {dag.py:4180} INFO - Setting next_dagrun for tutorial_dag to None, run_after=None
[2025-02-06T08:30:33.308+0000] {processor.py:208} INFO - Processing /opt/conda/lib/python3.12/site-packages/airflow/example_dags/tutorial_dag.py took 0.099 seconds
[2025-02-06T08:31:37.675+0000] {processor.py:186} INFO - Started process (PID=108) to work on /opt/conda/lib/python3.12/site-packages/airflow/example_dags/tutorial_dag.py
[2025-02-06T08:31:37.676+0000] {processor.py:914} INFO - Processing file /opt/conda/lib/python3.12/site-packages/airflow/example_dags/tutorial_dag.py for tasks to queue
[2025-02-06T08:31:37.677+0000] {logging_mixin.py:190} INFO - [2025-02-06T08:31:37.677+0000] {dagbag.py:588} INFO - Filling up the DagBag from /opt/conda/lib/python3.12/site-packages/airflow/example_dags/tutorial_dag.py
[2025-02-06T08:31:37.685+0000] {processor.py:925} INFO - DAG(s) 'tutorial_dag' retrieved from /opt/conda/lib/python3.12/site-packages/airflow/example_dags/tutorial_dag.py
[2025-02-06T08:31:37.709+0000] {logging_mixin.py:190} INFO - [2025-02-06T08:31:37.708+0000] {dag.py:3239} INFO - Sync 1 DAGs
[2025-02-06T08:31:37.723+0000] {logging_mixin.py:190} INFO - [2025-02-06T08:31:37.723+0000] {dag.py:4180} INFO - Setting next_dagrun for tutorial_dag to None, run_after=None
[2025-02-06T08:31:37.777+0000] {processor.py:208} INFO - Processing /opt/conda/lib/python3.12/site-packages/airflow/example_dags/tutorial_dag.py took 0.106 seconds
[2025-02-06T08:32:47.782+0000] {processor.py:186} INFO - Started process (PID=169) to work on /opt/conda/lib/python3.12/site-packages/airflow/example_dags/tutorial_dag.py
[2025-02-06T08:32:47.783+0000] {processor.py:914} INFO - Processing file /opt/conda/lib/python3.12/site-packages/airflow/example_dags/tutorial_dag.py for tasks to queue
[2025-02-06T08:32:47.784+0000] {logging_mixin.py:190} INFO - [2025-02-06T08:32:47.784+0000] {dagbag.py:588} INFO - Filling up the DagBag from /opt/conda/lib/python3.12/site-packages/airflow/example_dags/tutorial_dag.py
[2025-02-06T08:32:47.789+0000] {processor.py:925} INFO - DAG(s) 'tutorial_dag' retrieved from /opt/conda/lib/python3.12/site-packages/airflow/example_dags/tutorial_dag.py
[2025-02-06T08:32:47.807+0000] {logging_mixin.py:190} INFO - [2025-02-06T08:32:47.807+0000] {dag.py:3239} INFO - Sync 1 DAGs
[2025-02-06T08:32:47.819+0000] {logging_mixin.py:190} INFO - [2025-02-06T08:32:47.819+0000] {dag.py:4180} INFO - Setting next_dagrun for tutorial_dag to None, run_after=None
[2025-02-06T08:32:47.869+0000] {processor.py:208} INFO - Processing /opt/conda/lib/python3.12/site-packages/airflow/example_dags/tutorial_dag.py took 0.091 seconds
[2025-02-06T08:33:59.548+0000] {processor.py:186} INFO - Started process (PID=231) to work on /opt/conda/lib/python3.12/site-packages/airflow/example_dags/tutorial_dag.py
[2025-02-06T08:33:59.549+0000] {processor.py:914} INFO - Processing file /opt/conda/lib/python3.12/site-packages/airflow/example_dags/tutorial_dag.py for tasks to queue
[2025-02-06T08:33:59.550+0000] {logging_mixin.py:190} INFO - [2025-02-06T08:33:59.550+0000] {dagbag.py:588} INFO - Filling up the DagBag from /opt/conda/lib/python3.12/site-packages/airflow/example_dags/tutorial_dag.py
[2025-02-06T08:33:59.556+0000] {processor.py:925} INFO - DAG(s) 'tutorial_dag' retrieved from /opt/conda/lib/python3.12/site-packages/airflow/example_dags/tutorial_dag.py
[2025-02-06T08:33:59.579+0000] {logging_mixin.py:190} INFO - [2025-02-06T08:33:59.579+0000] {dag.py:3239} INFO - Sync 1 DAGs
[2025-02-06T08:33:59.590+0000] {logging_mixin.py:190} INFO - [2025-02-06T08:33:59.590+0000] {dag.py:4180} INFO - Setting next_dagrun for tutorial_dag to None, run_after=None
[2025-02-06T08:33:59.657+0000] {processor.py:208} INFO - Processing /opt/conda/lib/python3.12/site-packages/airflow/example_dags/tutorial_dag.py took 0.114 seconds
[2025-02-06T08:35:18.029+0000] {processor.py:186} INFO - Started process (PID=296) to work on /opt/conda/lib/python3.12/site-packages/airflow/example_dags/tutorial_dag.py
[2025-02-06T08:35:18.031+0000] {processor.py:914} INFO - Processing file /opt/conda/lib/python3.12/site-packages/airflow/example_dags/tutorial_dag.py for tasks to queue
[2025-02-06T08:35:18.032+0000] {logging_mixin.py:190} INFO - [2025-02-06T08:35:18.032+0000] {dagbag.py:588} INFO - Filling up the DagBag from /opt/conda/lib/python3.12/site-packages/airflow/example_dags/tutorial_dag.py
[2025-02-06T08:35:18.038+0000] {processor.py:925} INFO - DAG(s) 'tutorial_dag' retrieved from /opt/conda/lib/python3.12/site-packages/airflow/example_dags/tutorial_dag.py
[2025-02-06T08:35:18.058+0000] {logging_mixin.py:190} INFO - [2025-02-06T08:35:18.058+0000] {dag.py:3239} INFO - Sync 1 DAGs
[2025-02-06T08:35:18.069+0000] {logging_mixin.py:190} INFO - [2025-02-06T08:35:18.069+0000] {dag.py:4180} INFO - Setting next_dagrun for tutorial_dag to None, run_after=None
[2025-02-06T08:35:18.130+0000] {processor.py:208} INFO - Processing /opt/conda/lib/python3.12/site-packages/airflow/example_dags/tutorial_dag.py took 0.104 seconds
[2025-02-06T08:36:34.955+0000] {processor.py:186} INFO - Started process (PID=361) to work on /opt/conda/lib/python3.12/site-packages/airflow/example_dags/tutorial_dag.py
[2025-02-06T08:36:34.957+0000] {processor.py:914} INFO - Processing file /opt/conda/lib/python3.12/site-packages/airflow/example_dags/tutorial_dag.py for tasks to queue
[2025-02-06T08:36:34.958+0000] {logging_mixin.py:190} INFO - [2025-02-06T08:36:34.957+0000] {dagbag.py:588} INFO - Filling up the DagBag from /opt/conda/lib/python3.12/site-packages/airflow/example_dags/tutorial_dag.py
[2025-02-06T08:36:34.964+0000] {processor.py:925} INFO - DAG(s) 'tutorial_dag' retrieved from /opt/conda/lib/python3.12/site-packages/airflow/example_dags/tutorial_dag.py
[2025-02-06T08:36:34.987+0000] {logging_mixin.py:190} INFO - [2025-02-06T08:36:34.987+0000] {dag.py:3239} INFO - Sync 1 DAGs
[2025-02-06T08:36:35.100+0000] {logging_mixin.py:190} INFO - [2025-02-06T08:36:35.100+0000] {dag.py:4180} INFO - Setting next_dagrun for tutorial_dag to None, run_after=None
[2025-02-06T08:36:35.168+0000] {processor.py:208} INFO - Processing /opt/conda/lib/python3.12/site-packages/airflow/example_dags/tutorial_dag.py took 0.216 seconds
[2025-02-06T08:37:55.639+0000] {processor.py:186} INFO - Started process (PID=428) to work on /opt/conda/lib/python3.12/site-packages/airflow/example_dags/tutorial_dag.py
[2025-02-06T08:37:55.640+0000] {processor.py:914} INFO - Processing file /opt/conda/lib/python3.12/site-packages/airflow/example_dags/tutorial_dag.py for tasks to queue
[2025-02-06T08:37:55.641+0000] {logging_mixin.py:190} INFO - [2025-02-06T08:37:55.641+0000] {dagbag.py:588} INFO - Filling up the DagBag from /opt/conda/lib/python3.12/site-packages/airflow/example_dags/tutorial_dag.py
[2025-02-06T08:37:55.647+0000] {processor.py:925} INFO - DAG(s) 'tutorial_dag' retrieved from /opt/conda/lib/python3.12/site-packages/airflow/example_dags/tutorial_dag.py
[2025-02-06T08:37:55.669+0000] {logging_mixin.py:190} INFO - [2025-02-06T08:37:55.669+0000] {dag.py:3239} INFO - Sync 1 DAGs
[2025-02-06T08:37:55.681+0000] {logging_mixin.py:190} INFO - [2025-02-06T08:37:55.681+0000] {dag.py:4180} INFO - Setting next_dagrun for tutorial_dag to None, run_after=None
[2025-02-06T08:37:55.749+0000] {processor.py:208} INFO - Processing /opt/conda/lib/python3.12/site-packages/airflow/example_dags/tutorial_dag.py took 0.114 seconds
[2025-02-06T08:39:10.222+0000] {processor.py:186} INFO - Started process (PID=493) to work on /opt/conda/lib/python3.12/site-packages/airflow/example_dags/tutorial_dag.py
[2025-02-06T08:39:10.223+0000] {processor.py:914} INFO - Processing file /opt/conda/lib/python3.12/site-packages/airflow/example_dags/tutorial_dag.py for tasks to queue
[2025-02-06T08:39:10.225+0000] {logging_mixin.py:190} INFO - [2025-02-06T08:39:10.225+0000] {dagbag.py:588} INFO - Filling up the DagBag from /opt/conda/lib/python3.12/site-packages/airflow/example_dags/tutorial_dag.py
[2025-02-06T08:39:10.232+0000] {processor.py:925} INFO - DAG(s) 'tutorial_dag' retrieved from /opt/conda/lib/python3.12/site-packages/airflow/example_dags/tutorial_dag.py
[2025-02-06T08:39:10.252+0000] {logging_mixin.py:190} INFO - [2025-02-06T08:39:10.252+0000] {dag.py:3239} INFO - Sync 1 DAGs
[2025-02-06T08:39:10.268+0000] {logging_mixin.py:190} INFO - [2025-02-06T08:39:10.267+0000] {dag.py:4180} INFO - Setting next_dagrun for tutorial_dag to None, run_after=None
[2025-02-06T08:39:10.314+0000] {processor.py:208} INFO - Processing /opt/conda/lib/python3.12/site-packages/airflow/example_dags/tutorial_dag.py took 0.095 seconds
[2025-02-06T08:40:29.454+0000] {processor.py:186} INFO - Started process (PID=560) to work on /opt/conda/lib/python3.12/site-packages/airflow/example_dags/tutorial_dag.py
[2025-02-06T08:40:29.455+0000] {processor.py:914} INFO - Processing file /opt/conda/lib/python3.12/site-packages/airflow/example_dags/tutorial_dag.py for tasks to queue
[2025-02-06T08:40:29.456+0000] {logging_mixin.py:190} INFO - [2025-02-06T08:40:29.456+0000] {dagbag.py:588} INFO - Filling up the DagBag from /opt/conda/lib/python3.12/site-packages/airflow/example_dags/tutorial_dag.py
[2025-02-06T08:40:29.462+0000] {processor.py:925} INFO - DAG(s) 'tutorial_dag' retrieved from /opt/conda/lib/python3.12/site-packages/airflow/example_dags/tutorial_dag.py
[2025-02-06T08:40:29.485+0000] {logging_mixin.py:190} INFO - [2025-02-06T08:40:29.484+0000] {dag.py:3239} INFO - Sync 1 DAGs
[2025-02-06T08:40:29.499+0000] {logging_mixin.py:190} INFO - [2025-02-06T08:40:29.499+0000] {dag.py:4180} INFO - Setting next_dagrun for tutorial_dag to None, run_after=None
[2025-02-06T08:40:29.573+0000] {processor.py:208} INFO - Processing /opt/conda/lib/python3.12/site-packages/airflow/example_dags/tutorial_dag.py took 0.123 seconds
[2025-02-06T08:41:42.885+0000] {processor.py:186} INFO - Started process (PID=623) to work on /opt/conda/lib/python3.12/site-packages/airflow/example_dags/tutorial_dag.py
[2025-02-06T08:41:42.887+0000] {processor.py:914} INFO - Processing file /opt/conda/lib/python3.12/site-packages/airflow/example_dags/tutorial_dag.py for tasks to queue
[2025-02-06T08:41:42.888+0000] {logging_mixin.py:190} INFO - [2025-02-06T08:41:42.888+0000] {dagbag.py:588} INFO - Filling up the DagBag from /opt/conda/lib/python3.12/site-packages/airflow/example_dags/tutorial_dag.py
[2025-02-06T08:41:42.896+0000] {processor.py:925} INFO - DAG(s) 'tutorial_dag' retrieved from /opt/conda/lib/python3.12/site-packages/airflow/example_dags/tutorial_dag.py
[2025-02-06T08:41:42.922+0000] {logging_mixin.py:190} INFO - [2025-02-06T08:41:42.922+0000] {dag.py:3239} INFO - Sync 1 DAGs
[2025-02-06T08:41:42.935+0000] {logging_mixin.py:190} INFO - [2025-02-06T08:41:42.934+0000] {dag.py:4180} INFO - Setting next_dagrun for tutorial_dag to None, run_after=None
[2025-02-06T08:41:42.988+0000] {processor.py:208} INFO - Processing /opt/conda/lib/python3.12/site-packages/airflow/example_dags/tutorial_dag.py took 0.107 seconds
[2025-02-06T08:43:26.252+0000] {processor.py:186} INFO - Started process (PID=51) to work on /opt/conda/lib/python3.12/site-packages/airflow/example_dags/tutorial_dag.py
[2025-02-06T08:43:26.253+0000] {processor.py:914} INFO - Processing file /opt/conda/lib/python3.12/site-packages/airflow/example_dags/tutorial_dag.py for tasks to queue
[2025-02-06T08:43:26.255+0000] {logging_mixin.py:190} INFO - [2025-02-06T08:43:26.255+0000] {dagbag.py:588} INFO - Filling up the DagBag from /opt/conda/lib/python3.12/site-packages/airflow/example_dags/tutorial_dag.py
[2025-02-06T08:43:26.262+0000] {processor.py:925} INFO - DAG(s) 'tutorial_dag' retrieved from /opt/conda/lib/python3.12/site-packages/airflow/example_dags/tutorial_dag.py
[2025-02-06T08:43:26.286+0000] {logging_mixin.py:190} INFO - [2025-02-06T08:43:26.285+0000] {dag.py:3239} INFO - Sync 1 DAGs
[2025-02-06T08:43:26.299+0000] {logging_mixin.py:190} INFO - [2025-02-06T08:43:26.299+0000] {dag.py:4180} INFO - Setting next_dagrun for tutorial_dag to None, run_after=None
[2025-02-06T08:43:26.349+0000] {processor.py:208} INFO - Processing /opt/conda/lib/python3.12/site-packages/airflow/example_dags/tutorial_dag.py took 0.102 seconds
[2025-02-06T08:44:35.427+0000] {processor.py:186} INFO - Started process (PID=109) to work on /opt/conda/lib/python3.12/site-packages/airflow/example_dags/tutorial_dag.py
[2025-02-06T08:44:35.428+0000] {processor.py:914} INFO - Processing file /opt/conda/lib/python3.12/site-packages/airflow/example_dags/tutorial_dag.py for tasks to queue
[2025-02-06T08:44:35.429+0000] {logging_mixin.py:190} INFO - [2025-02-06T08:44:35.429+0000] {dagbag.py:588} INFO - Filling up the DagBag from /opt/conda/lib/python3.12/site-packages/airflow/example_dags/tutorial_dag.py
[2025-02-06T08:44:35.435+0000] {processor.py:925} INFO - DAG(s) 'tutorial_dag' retrieved from /opt/conda/lib/python3.12/site-packages/airflow/example_dags/tutorial_dag.py
[2025-02-06T08:44:35.454+0000] {logging_mixin.py:190} INFO - [2025-02-06T08:44:35.454+0000] {dag.py:3239} INFO - Sync 1 DAGs
[2025-02-06T08:44:35.466+0000] {logging_mixin.py:190} INFO - [2025-02-06T08:44:35.466+0000] {dag.py:4180} INFO - Setting next_dagrun for tutorial_dag to None, run_after=None
[2025-02-06T08:44:35.528+0000] {processor.py:208} INFO - Processing /opt/conda/lib/python3.12/site-packages/airflow/example_dags/tutorial_dag.py took 0.106 seconds
[2025-02-06T08:45:59.943+0000] {processor.py:186} INFO - Started process (PID=206) to work on /opt/conda/lib/python3.12/site-packages/airflow/example_dags/tutorial_dag.py
[2025-02-06T08:45:59.944+0000] {processor.py:914} INFO - Processing file /opt/conda/lib/python3.12/site-packages/airflow/example_dags/tutorial_dag.py for tasks to queue
[2025-02-06T08:45:59.946+0000] {logging_mixin.py:190} INFO - [2025-02-06T08:45:59.946+0000] {dagbag.py:588} INFO - Filling up the DagBag from /opt/conda/lib/python3.12/site-packages/airflow/example_dags/tutorial_dag.py
[2025-02-06T08:45:59.952+0000] {processor.py:925} INFO - DAG(s) 'tutorial_dag' retrieved from /opt/conda/lib/python3.12/site-packages/airflow/example_dags/tutorial_dag.py
[2025-02-06T08:45:59.972+0000] {logging_mixin.py:190} INFO - [2025-02-06T08:45:59.972+0000] {dag.py:3239} INFO - Sync 1 DAGs
[2025-02-06T08:45:59.985+0000] {logging_mixin.py:190} INFO - [2025-02-06T08:45:59.985+0000] {dag.py:4180} INFO - Setting next_dagrun for tutorial_dag to None, run_after=None
[2025-02-06T08:46:00.046+0000] {processor.py:208} INFO - Processing /opt/conda/lib/python3.12/site-packages/airflow/example_dags/tutorial_dag.py took 0.106 seconds
[2025-02-06T08:47:17.745+0000] {processor.py:186} INFO - Started process (PID=341) to work on /opt/conda/lib/python3.12/site-packages/airflow/example_dags/tutorial_dag.py
[2025-02-06T08:47:17.746+0000] {processor.py:914} INFO - Processing file /opt/conda/lib/python3.12/site-packages/airflow/example_dags/tutorial_dag.py for tasks to queue
[2025-02-06T08:47:17.749+0000] {logging_mixin.py:190} INFO - [2025-02-06T08:47:17.748+0000] {dagbag.py:588} INFO - Filling up the DagBag from /opt/conda/lib/python3.12/site-packages/airflow/example_dags/tutorial_dag.py
[2025-02-06T08:47:17.756+0000] {processor.py:925} INFO - DAG(s) 'tutorial_dag' retrieved from /opt/conda/lib/python3.12/site-packages/airflow/example_dags/tutorial_dag.py
[2025-02-06T08:47:17.777+0000] {logging_mixin.py:190} INFO - [2025-02-06T08:47:17.777+0000] {dag.py:3239} INFO - Sync 1 DAGs
[2025-02-06T08:47:17.793+0000] {logging_mixin.py:190} INFO - [2025-02-06T08:47:17.792+0000] {dag.py:4180} INFO - Setting next_dagrun for tutorial_dag to None, run_after=None
[2025-02-06T08:47:17.846+0000] {processor.py:208} INFO - Processing /opt/conda/lib/python3.12/site-packages/airflow/example_dags/tutorial_dag.py took 0.104 seconds
[2025-02-06T08:48:44.045+0000] {processor.py:186} INFO - Started process (PID=127) to work on /opt/conda/lib/python3.12/site-packages/airflow/example_dags/tutorial_dag.py
[2025-02-06T08:48:44.046+0000] {processor.py:914} INFO - Processing file /opt/conda/lib/python3.12/site-packages/airflow/example_dags/tutorial_dag.py for tasks to queue
[2025-02-06T08:48:44.048+0000] {logging_mixin.py:190} INFO - [2025-02-06T08:48:44.048+0000] {dagbag.py:588} INFO - Filling up the DagBag from /opt/conda/lib/python3.12/site-packages/airflow/example_dags/tutorial_dag.py
[2025-02-06T08:48:44.053+0000] {processor.py:925} INFO - DAG(s) 'tutorial_dag' retrieved from /opt/conda/lib/python3.12/site-packages/airflow/example_dags/tutorial_dag.py
[2025-02-06T08:48:44.075+0000] {logging_mixin.py:190} INFO - [2025-02-06T08:48:44.075+0000] {dag.py:3239} INFO - Sync 1 DAGs
[2025-02-06T08:48:44.088+0000] {logging_mixin.py:190} INFO - [2025-02-06T08:48:44.088+0000] {dag.py:4180} INFO - Setting next_dagrun for tutorial_dag to None, run_after=None
[2025-02-06T08:48:44.146+0000] {processor.py:208} INFO - Processing /opt/conda/lib/python3.12/site-packages/airflow/example_dags/tutorial_dag.py took 0.105 seconds
[2025-02-06T08:51:50.370+0000] {processor.py:186} INFO - Started process (PID=473) to work on /opt/conda/lib/python3.12/site-packages/airflow/example_dags/tutorial_dag.py
[2025-02-06T08:51:50.371+0000] {processor.py:914} INFO - Processing file /opt/conda/lib/python3.12/site-packages/airflow/example_dags/tutorial_dag.py for tasks to queue
[2025-02-06T08:51:50.373+0000] {logging_mixin.py:190} INFO - [2025-02-06T08:51:50.373+0000] {dagbag.py:588} INFO - Filling up the DagBag from /opt/conda/lib/python3.12/site-packages/airflow/example_dags/tutorial_dag.py
[2025-02-06T08:51:50.379+0000] {processor.py:925} INFO - DAG(s) 'tutorial_dag' retrieved from /opt/conda/lib/python3.12/site-packages/airflow/example_dags/tutorial_dag.py
[2025-02-06T08:51:50.404+0000] {logging_mixin.py:190} INFO - [2025-02-06T08:51:50.404+0000] {dag.py:3239} INFO - Sync 1 DAGs
[2025-02-06T08:51:50.415+0000] {logging_mixin.py:190} INFO - [2025-02-06T08:51:50.415+0000] {dag.py:4180} INFO - Setting next_dagrun for tutorial_dag to None, run_after=None
[2025-02-06T08:51:50.475+0000] {processor.py:208} INFO - Processing /opt/conda/lib/python3.12/site-packages/airflow/example_dags/tutorial_dag.py took 0.109 seconds
[2025-02-06T08:54:25.230+0000] {processor.py:186} INFO - Started process (PID=763) to work on /opt/conda/lib/python3.12/site-packages/airflow/example_dags/tutorial_dag.py
[2025-02-06T08:54:25.231+0000] {processor.py:914} INFO - Processing file /opt/conda/lib/python3.12/site-packages/airflow/example_dags/tutorial_dag.py for tasks to queue
[2025-02-06T08:54:25.233+0000] {logging_mixin.py:190} INFO - [2025-02-06T08:54:25.233+0000] {dagbag.py:588} INFO - Filling up the DagBag from /opt/conda/lib/python3.12/site-packages/airflow/example_dags/tutorial_dag.py
[2025-02-06T08:54:25.239+0000] {processor.py:925} INFO - DAG(s) 'tutorial_dag' retrieved from /opt/conda/lib/python3.12/site-packages/airflow/example_dags/tutorial_dag.py
[2025-02-06T08:54:25.266+0000] {logging_mixin.py:190} INFO - [2025-02-06T08:54:25.266+0000] {dag.py:3239} INFO - Sync 1 DAGs
[2025-02-06T08:54:25.281+0000] {logging_mixin.py:190} INFO - [2025-02-06T08:54:25.281+0000] {dag.py:4180} INFO - Setting next_dagrun for tutorial_dag to None, run_after=None
[2025-02-06T08:54:25.337+0000] {processor.py:208} INFO - Processing /opt/conda/lib/python3.12/site-packages/airflow/example_dags/tutorial_dag.py took 0.111 seconds
[2025-02-06T08:56:55.029+0000] {processor.py:186} INFO - Started process (PID=1030) to work on /opt/conda/lib/python3.12/site-packages/airflow/example_dags/tutorial_dag.py
[2025-02-06T08:56:55.030+0000] {processor.py:914} INFO - Processing file /opt/conda/lib/python3.12/site-packages/airflow/example_dags/tutorial_dag.py for tasks to queue
[2025-02-06T08:56:55.033+0000] {logging_mixin.py:190} INFO - [2025-02-06T08:56:55.033+0000] {dagbag.py:588} INFO - Filling up the DagBag from /opt/conda/lib/python3.12/site-packages/airflow/example_dags/tutorial_dag.py
[2025-02-06T08:56:55.040+0000] {processor.py:925} INFO - DAG(s) 'tutorial_dag' retrieved from /opt/conda/lib/python3.12/site-packages/airflow/example_dags/tutorial_dag.py
[2025-02-06T08:56:55.070+0000] {logging_mixin.py:190} INFO - [2025-02-06T08:56:55.070+0000] {dag.py:3239} INFO - Sync 1 DAGs
[2025-02-06T08:56:55.083+0000] {logging_mixin.py:190} INFO - [2025-02-06T08:56:55.082+0000] {dag.py:4180} INFO - Setting next_dagrun for tutorial_dag to None, run_after=None
[2025-02-06T08:56:55.140+0000] {processor.py:208} INFO - Processing /opt/conda/lib/python3.12/site-packages/airflow/example_dags/tutorial_dag.py took 0.114 seconds
[2025-02-06T09:01:40.739+0000] {processor.py:186} INFO - Started process (PID=166) to work on /opt/conda/lib/python3.12/site-packages/airflow/example_dags/tutorial_dag.py
[2025-02-06T09:01:40.742+0000] {processor.py:914} INFO - Processing file /opt/conda/lib/python3.12/site-packages/airflow/example_dags/tutorial_dag.py for tasks to queue
[2025-02-06T09:01:40.747+0000] {logging_mixin.py:190} INFO - [2025-02-06T09:01:40.746+0000] {dagbag.py:588} INFO - Filling up the DagBag from /opt/conda/lib/python3.12/site-packages/airflow/example_dags/tutorial_dag.py
[2025-02-06T09:01:40.755+0000] {processor.py:925} INFO - DAG(s) 'tutorial_dag' retrieved from /opt/conda/lib/python3.12/site-packages/airflow/example_dags/tutorial_dag.py
[2025-02-06T09:01:40.780+0000] {logging_mixin.py:190} INFO - [2025-02-06T09:01:40.780+0000] {dag.py:3239} INFO - Sync 1 DAGs
[2025-02-06T09:01:40.794+0000] {logging_mixin.py:190} INFO - [2025-02-06T09:01:40.794+0000] {dag.py:4180} INFO - Setting next_dagrun for tutorial_dag to None, run_after=None
[2025-02-06T09:01:40.853+0000] {processor.py:208} INFO - Processing /opt/conda/lib/python3.12/site-packages/airflow/example_dags/tutorial_dag.py took 0.120 seconds
[2025-02-06T09:03:11.895+0000] {processor.py:186} INFO - Started process (PID=51) to work on /opt/conda/lib/python3.12/site-packages/airflow/example_dags/tutorial_dag.py
[2025-02-06T09:03:11.896+0000] {processor.py:914} INFO - Processing file /opt/conda/lib/python3.12/site-packages/airflow/example_dags/tutorial_dag.py for tasks to queue
[2025-02-06T09:03:11.898+0000] {logging_mixin.py:190} INFO - [2025-02-06T09:03:11.898+0000] {dagbag.py:588} INFO - Filling up the DagBag from /opt/conda/lib/python3.12/site-packages/airflow/example_dags/tutorial_dag.py
[2025-02-06T09:03:11.904+0000] {processor.py:925} INFO - DAG(s) 'tutorial_dag' retrieved from /opt/conda/lib/python3.12/site-packages/airflow/example_dags/tutorial_dag.py
[2025-02-06T09:03:11.924+0000] {logging_mixin.py:190} INFO - [2025-02-06T09:03:11.924+0000] {dag.py:3239} INFO - Sync 1 DAGs
[2025-02-06T09:03:11.935+0000] {logging_mixin.py:190} INFO - [2025-02-06T09:03:11.935+0000] {dag.py:4180} INFO - Setting next_dagrun for tutorial_dag to None, run_after=None
[2025-02-06T09:03:11.985+0000] {processor.py:208} INFO - Processing /opt/conda/lib/python3.12/site-packages/airflow/example_dags/tutorial_dag.py took 0.095 seconds
[2025-02-06T09:03:46.701+0000] {processor.py:186} INFO - Started process (PID=47) to work on /opt/conda/lib/python3.12/site-packages/airflow/example_dags/tutorial_dag.py
[2025-02-06T09:03:46.702+0000] {processor.py:914} INFO - Processing file /opt/conda/lib/python3.12/site-packages/airflow/example_dags/tutorial_dag.py for tasks to queue
[2025-02-06T09:03:46.704+0000] {logging_mixin.py:190} INFO - [2025-02-06T09:03:46.704+0000] {dagbag.py:588} INFO - Filling up the DagBag from /opt/conda/lib/python3.12/site-packages/airflow/example_dags/tutorial_dag.py
[2025-02-06T09:03:46.709+0000] {processor.py:925} INFO - DAG(s) 'tutorial_dag' retrieved from /opt/conda/lib/python3.12/site-packages/airflow/example_dags/tutorial_dag.py
[2025-02-06T09:03:46.728+0000] {logging_mixin.py:190} INFO - [2025-02-06T09:03:46.728+0000] {dag.py:3239} INFO - Sync 1 DAGs
[2025-02-06T09:03:46.739+0000] {logging_mixin.py:190} INFO - [2025-02-06T09:03:46.739+0000] {dag.py:4180} INFO - Setting next_dagrun for tutorial_dag to None, run_after=None
[2025-02-06T09:03:46.784+0000] {processor.py:208} INFO - Processing /opt/conda/lib/python3.12/site-packages/airflow/example_dags/tutorial_dag.py took 0.087 seconds
[2025-02-06T09:04:30.708+0000] {processor.py:186} INFO - Started process (PID=51) to work on /opt/conda/lib/python3.12/site-packages/airflow/example_dags/tutorial_dag.py
[2025-02-06T09:04:30.710+0000] {processor.py:914} INFO - Processing file /opt/conda/lib/python3.12/site-packages/airflow/example_dags/tutorial_dag.py for tasks to queue
[2025-02-06T09:04:30.713+0000] {logging_mixin.py:190} INFO - [2025-02-06T09:04:30.712+0000] {dagbag.py:588} INFO - Filling up the DagBag from /opt/conda/lib/python3.12/site-packages/airflow/example_dags/tutorial_dag.py
[2025-02-06T09:04:30.719+0000] {processor.py:925} INFO - DAG(s) 'tutorial_dag' retrieved from /opt/conda/lib/python3.12/site-packages/airflow/example_dags/tutorial_dag.py
[2025-02-06T09:04:30.742+0000] {logging_mixin.py:190} INFO - [2025-02-06T09:04:30.741+0000] {dag.py:3239} INFO - Sync 1 DAGs
[2025-02-06T09:04:30.753+0000] {logging_mixin.py:190} INFO - [2025-02-06T09:04:30.753+0000] {dag.py:4180} INFO - Setting next_dagrun for tutorial_dag to None, run_after=None
[2025-02-06T09:04:30.806+0000] {processor.py:208} INFO - Processing /opt/conda/lib/python3.12/site-packages/airflow/example_dags/tutorial_dag.py took 0.102 seconds
[2025-02-06T09:07:33.365+0000] {processor.py:186} INFO - Started process (PID=385) to work on /opt/conda/lib/python3.12/site-packages/airflow/example_dags/tutorial_dag.py
[2025-02-06T09:07:33.366+0000] {processor.py:914} INFO - Processing file /opt/conda/lib/python3.12/site-packages/airflow/example_dags/tutorial_dag.py for tasks to queue
[2025-02-06T09:07:33.368+0000] {logging_mixin.py:190} INFO - [2025-02-06T09:07:33.368+0000] {dagbag.py:588} INFO - Filling up the DagBag from /opt/conda/lib/python3.12/site-packages/airflow/example_dags/tutorial_dag.py
[2025-02-06T09:07:33.374+0000] {processor.py:925} INFO - DAG(s) 'tutorial_dag' retrieved from /opt/conda/lib/python3.12/site-packages/airflow/example_dags/tutorial_dag.py
[2025-02-06T09:07:33.396+0000] {logging_mixin.py:190} INFO - [2025-02-06T09:07:33.396+0000] {dag.py:3239} INFO - Sync 1 DAGs
[2025-02-06T09:07:33.407+0000] {logging_mixin.py:190} INFO - [2025-02-06T09:07:33.407+0000] {dag.py:4180} INFO - Setting next_dagrun for tutorial_dag to None, run_after=None
[2025-02-06T09:07:33.480+0000] {processor.py:208} INFO - Processing /opt/conda/lib/python3.12/site-packages/airflow/example_dags/tutorial_dag.py took 0.118 seconds
[2025-02-06T09:10:00.899+0000] {processor.py:186} INFO - Started process (PID=662) to work on /opt/conda/lib/python3.12/site-packages/airflow/example_dags/tutorial_dag.py
[2025-02-06T09:10:00.900+0000] {processor.py:914} INFO - Processing file /opt/conda/lib/python3.12/site-packages/airflow/example_dags/tutorial_dag.py for tasks to queue
[2025-02-06T09:10:00.902+0000] {logging_mixin.py:190} INFO - [2025-02-06T09:10:00.902+0000] {dagbag.py:588} INFO - Filling up the DagBag from /opt/conda/lib/python3.12/site-packages/airflow/example_dags/tutorial_dag.py
[2025-02-06T09:10:00.908+0000] {processor.py:925} INFO - DAG(s) 'tutorial_dag' retrieved from /opt/conda/lib/python3.12/site-packages/airflow/example_dags/tutorial_dag.py
[2025-02-06T09:10:00.928+0000] {logging_mixin.py:190} INFO - [2025-02-06T09:10:00.928+0000] {dag.py:3239} INFO - Sync 1 DAGs
[2025-02-06T09:10:00.941+0000] {logging_mixin.py:190} INFO - [2025-02-06T09:10:00.941+0000] {dag.py:4180} INFO - Setting next_dagrun for tutorial_dag to None, run_after=None
[2025-02-06T09:10:00.997+0000] {processor.py:208} INFO - Processing /opt/conda/lib/python3.12/site-packages/airflow/example_dags/tutorial_dag.py took 0.102 seconds
[2025-02-06T09:12:18.548+0000] {processor.py:186} INFO - Started process (PID=921) to work on /opt/conda/lib/python3.12/site-packages/airflow/example_dags/tutorial_dag.py
[2025-02-06T09:12:18.549+0000] {processor.py:914} INFO - Processing file /opt/conda/lib/python3.12/site-packages/airflow/example_dags/tutorial_dag.py for tasks to queue
[2025-02-06T09:12:18.550+0000] {logging_mixin.py:190} INFO - [2025-02-06T09:12:18.550+0000] {dagbag.py:588} INFO - Filling up the DagBag from /opt/conda/lib/python3.12/site-packages/airflow/example_dags/tutorial_dag.py
[2025-02-06T09:12:18.556+0000] {processor.py:925} INFO - DAG(s) 'tutorial_dag' retrieved from /opt/conda/lib/python3.12/site-packages/airflow/example_dags/tutorial_dag.py
[2025-02-06T09:12:18.574+0000] {logging_mixin.py:190} INFO - [2025-02-06T09:12:18.574+0000] {dag.py:3239} INFO - Sync 1 DAGs
[2025-02-06T09:12:18.588+0000] {logging_mixin.py:190} INFO - [2025-02-06T09:12:18.587+0000] {dag.py:4180} INFO - Setting next_dagrun for tutorial_dag to None, run_after=None
[2025-02-06T09:12:18.637+0000] {processor.py:208} INFO - Processing /opt/conda/lib/python3.12/site-packages/airflow/example_dags/tutorial_dag.py took 0.093 seconds
[2025-02-06T09:14:50.250+0000] {processor.py:186} INFO - Started process (PID=1198) to work on /opt/conda/lib/python3.12/site-packages/airflow/example_dags/tutorial_dag.py
[2025-02-06T09:14:50.251+0000] {processor.py:914} INFO - Processing file /opt/conda/lib/python3.12/site-packages/airflow/example_dags/tutorial_dag.py for tasks to queue
[2025-02-06T09:14:50.253+0000] {logging_mixin.py:190} INFO - [2025-02-06T09:14:50.253+0000] {dagbag.py:588} INFO - Filling up the DagBag from /opt/conda/lib/python3.12/site-packages/airflow/example_dags/tutorial_dag.py
[2025-02-06T09:14:50.259+0000] {processor.py:925} INFO - DAG(s) 'tutorial_dag' retrieved from /opt/conda/lib/python3.12/site-packages/airflow/example_dags/tutorial_dag.py
[2025-02-06T09:14:50.282+0000] {logging_mixin.py:190} INFO - [2025-02-06T09:14:50.281+0000] {dag.py:3239} INFO - Sync 1 DAGs
[2025-02-06T09:14:50.295+0000] {logging_mixin.py:190} INFO - [2025-02-06T09:14:50.294+0000] {dag.py:4180} INFO - Setting next_dagrun for tutorial_dag to None, run_after=None
[2025-02-06T09:14:50.346+0000] {processor.py:208} INFO - Processing /opt/conda/lib/python3.12/site-packages/airflow/example_dags/tutorial_dag.py took 0.100 seconds
[2025-02-06T09:17:00.893+0000] {processor.py:186} INFO - Started process (PID=1445) to work on /opt/conda/lib/python3.12/site-packages/airflow/example_dags/tutorial_dag.py
[2025-02-06T09:17:00.894+0000] {processor.py:914} INFO - Processing file /opt/conda/lib/python3.12/site-packages/airflow/example_dags/tutorial_dag.py for tasks to queue
[2025-02-06T09:17:00.896+0000] {logging_mixin.py:190} INFO - [2025-02-06T09:17:00.895+0000] {dagbag.py:588} INFO - Filling up the DagBag from /opt/conda/lib/python3.12/site-packages/airflow/example_dags/tutorial_dag.py
[2025-02-06T09:17:00.901+0000] {processor.py:925} INFO - DAG(s) 'tutorial_dag' retrieved from /opt/conda/lib/python3.12/site-packages/airflow/example_dags/tutorial_dag.py
[2025-02-06T09:17:00.924+0000] {logging_mixin.py:190} INFO - [2025-02-06T09:17:00.924+0000] {dag.py:3239} INFO - Sync 1 DAGs
[2025-02-06T09:17:00.936+0000] {logging_mixin.py:190} INFO - [2025-02-06T09:17:00.935+0000] {dag.py:4180} INFO - Setting next_dagrun for tutorial_dag to None, run_after=None
[2025-02-06T09:17:00.986+0000] {processor.py:208} INFO - Processing /opt/conda/lib/python3.12/site-packages/airflow/example_dags/tutorial_dag.py took 0.097 seconds
[2025-02-06T09:19:19.808+0000] {processor.py:186} INFO - Started process (PID=1694) to work on /opt/conda/lib/python3.12/site-packages/airflow/example_dags/tutorial_dag.py
[2025-02-06T09:19:19.810+0000] {processor.py:914} INFO - Processing file /opt/conda/lib/python3.12/site-packages/airflow/example_dags/tutorial_dag.py for tasks to queue
[2025-02-06T09:19:19.817+0000] {logging_mixin.py:190} INFO - [2025-02-06T09:19:19.815+0000] {dagbag.py:588} INFO - Filling up the DagBag from /opt/conda/lib/python3.12/site-packages/airflow/example_dags/tutorial_dag.py
[2025-02-06T09:19:19.966+0000] {processor.py:925} INFO - DAG(s) 'tutorial_dag' retrieved from /opt/conda/lib/python3.12/site-packages/airflow/example_dags/tutorial_dag.py
[2025-02-06T09:19:19.990+0000] {logging_mixin.py:190} INFO - [2025-02-06T09:19:19.990+0000] {dag.py:3239} INFO - Sync 1 DAGs
[2025-02-06T09:19:20.015+0000] {logging_mixin.py:190} INFO - [2025-02-06T09:19:20.015+0000] {dag.py:4180} INFO - Setting next_dagrun for tutorial_dag to None, run_after=None
[2025-02-06T09:19:20.087+0000] {processor.py:208} INFO - Processing /opt/conda/lib/python3.12/site-packages/airflow/example_dags/tutorial_dag.py took 0.285 seconds
[2025-02-06T09:22:07.642+0000] {processor.py:186} INFO - Started process (PID=1969) to work on /opt/conda/lib/python3.12/site-packages/airflow/example_dags/tutorial_dag.py
[2025-02-06T09:22:07.644+0000] {processor.py:914} INFO - Processing file /opt/conda/lib/python3.12/site-packages/airflow/example_dags/tutorial_dag.py for tasks to queue
[2025-02-06T09:22:07.647+0000] {logging_mixin.py:190} INFO - [2025-02-06T09:22:07.647+0000] {dagbag.py:588} INFO - Filling up the DagBag from /opt/conda/lib/python3.12/site-packages/airflow/example_dags/tutorial_dag.py
[2025-02-06T09:22:07.655+0000] {processor.py:925} INFO - DAG(s) 'tutorial_dag' retrieved from /opt/conda/lib/python3.12/site-packages/airflow/example_dags/tutorial_dag.py
[2025-02-06T09:22:07.685+0000] {logging_mixin.py:190} INFO - [2025-02-06T09:22:07.684+0000] {dag.py:3239} INFO - Sync 1 DAGs
[2025-02-06T09:22:07.703+0000] {logging_mixin.py:190} INFO - [2025-02-06T09:22:07.703+0000] {dag.py:4180} INFO - Setting next_dagrun for tutorial_dag to None, run_after=None
[2025-02-06T09:22:07.762+0000] {processor.py:208} INFO - Processing /opt/conda/lib/python3.12/site-packages/airflow/example_dags/tutorial_dag.py took 0.126 seconds
[2025-02-06T09:25:10.094+0000] {processor.py:186} INFO - Started process (PID=125) to work on /opt/conda/lib/python3.12/site-packages/airflow/example_dags/tutorial_dag.py
[2025-02-06T09:25:10.096+0000] {processor.py:914} INFO - Processing file /opt/conda/lib/python3.12/site-packages/airflow/example_dags/tutorial_dag.py for tasks to queue
[2025-02-06T09:25:10.097+0000] {logging_mixin.py:190} INFO - [2025-02-06T09:25:10.097+0000] {dagbag.py:588} INFO - Filling up the DagBag from /opt/conda/lib/python3.12/site-packages/airflow/example_dags/tutorial_dag.py
[2025-02-06T09:25:10.102+0000] {processor.py:925} INFO - DAG(s) 'tutorial_dag' retrieved from /opt/conda/lib/python3.12/site-packages/airflow/example_dags/tutorial_dag.py
[2025-02-06T09:25:10.125+0000] {logging_mixin.py:190} INFO - [2025-02-06T09:25:10.124+0000] {dag.py:3239} INFO - Sync 1 DAGs
[2025-02-06T09:25:10.136+0000] {logging_mixin.py:190} INFO - [2025-02-06T09:25:10.136+0000] {dag.py:4180} INFO - Setting next_dagrun for tutorial_dag to None, run_after=None
[2025-02-06T09:25:10.189+0000] {processor.py:208} INFO - Processing /opt/conda/lib/python3.12/site-packages/airflow/example_dags/tutorial_dag.py took 0.098 seconds
[2025-02-06T09:31:05.143+0000] {processor.py:186} INFO - Started process (PID=233) to work on /opt/conda/lib/python3.12/site-packages/airflow/example_dags/tutorial_dag.py
[2025-02-06T09:31:05.144+0000] {processor.py:914} INFO - Processing file /opt/conda/lib/python3.12/site-packages/airflow/example_dags/tutorial_dag.py for tasks to queue
[2025-02-06T09:31:05.146+0000] {logging_mixin.py:190} INFO - [2025-02-06T09:31:05.146+0000] {dagbag.py:588} INFO - Filling up the DagBag from /opt/conda/lib/python3.12/site-packages/airflow/example_dags/tutorial_dag.py
[2025-02-06T09:31:05.152+0000] {processor.py:925} INFO - DAG(s) 'tutorial_dag' retrieved from /opt/conda/lib/python3.12/site-packages/airflow/example_dags/tutorial_dag.py
[2025-02-06T09:31:05.178+0000] {logging_mixin.py:190} INFO - [2025-02-06T09:31:05.178+0000] {dag.py:3239} INFO - Sync 1 DAGs
[2025-02-06T09:31:05.189+0000] {logging_mixin.py:190} INFO - [2025-02-06T09:31:05.189+0000] {dag.py:4180} INFO - Setting next_dagrun for tutorial_dag to None, run_after=None
[2025-02-06T09:31:05.237+0000] {processor.py:208} INFO - Processing /opt/conda/lib/python3.12/site-packages/airflow/example_dags/tutorial_dag.py took 0.098 seconds
[2025-02-06T09:36:25.016+0000] {processor.py:186} INFO - Started process (PID=821) to work on /opt/conda/lib/python3.12/site-packages/airflow/example_dags/tutorial_dag.py
[2025-02-06T09:36:25.017+0000] {processor.py:914} INFO - Processing file /opt/conda/lib/python3.12/site-packages/airflow/example_dags/tutorial_dag.py for tasks to queue
[2025-02-06T09:36:25.019+0000] {logging_mixin.py:190} INFO - [2025-02-06T09:36:25.019+0000] {dagbag.py:588} INFO - Filling up the DagBag from /opt/conda/lib/python3.12/site-packages/airflow/example_dags/tutorial_dag.py
[2025-02-06T09:36:25.025+0000] {processor.py:925} INFO - DAG(s) 'tutorial_dag' retrieved from /opt/conda/lib/python3.12/site-packages/airflow/example_dags/tutorial_dag.py
[2025-02-06T09:36:25.045+0000] {logging_mixin.py:190} INFO - [2025-02-06T09:36:25.045+0000] {dag.py:3239} INFO - Sync 1 DAGs
[2025-02-06T09:36:25.058+0000] {logging_mixin.py:190} INFO - [2025-02-06T09:36:25.058+0000] {dag.py:4180} INFO - Setting next_dagrun for tutorial_dag to None, run_after=None
[2025-02-06T09:36:25.111+0000] {processor.py:208} INFO - Processing /opt/conda/lib/python3.12/site-packages/airflow/example_dags/tutorial_dag.py took 0.100 seconds
[2025-02-06T09:41:11.721+0000] {processor.py:186} INFO - Started process (PID=1325) to work on /opt/conda/lib/python3.12/site-packages/airflow/example_dags/tutorial_dag.py
[2025-02-06T09:41:11.723+0000] {processor.py:914} INFO - Processing file /opt/conda/lib/python3.12/site-packages/airflow/example_dags/tutorial_dag.py for tasks to queue
[2025-02-06T09:41:11.725+0000] {logging_mixin.py:190} INFO - [2025-02-06T09:41:11.725+0000] {dagbag.py:588} INFO - Filling up the DagBag from /opt/conda/lib/python3.12/site-packages/airflow/example_dags/tutorial_dag.py
[2025-02-06T09:41:11.734+0000] {processor.py:925} INFO - DAG(s) 'tutorial_dag' retrieved from /opt/conda/lib/python3.12/site-packages/airflow/example_dags/tutorial_dag.py
[2025-02-06T09:41:11.758+0000] {logging_mixin.py:190} INFO - [2025-02-06T09:41:11.758+0000] {dag.py:3239} INFO - Sync 1 DAGs
[2025-02-06T09:41:11.771+0000] {logging_mixin.py:190} INFO - [2025-02-06T09:41:11.771+0000] {dag.py:4180} INFO - Setting next_dagrun for tutorial_dag to None, run_after=None
[2025-02-06T09:41:11.826+0000] {processor.py:208} INFO - Processing /opt/conda/lib/python3.12/site-packages/airflow/example_dags/tutorial_dag.py took 0.109 seconds
[2025-02-06T09:48:27.529+0000] {processor.py:186} INFO - Started process (PID=216) to work on /opt/conda/lib/python3.12/site-packages/airflow/example_dags/tutorial_dag.py
[2025-02-06T09:48:27.530+0000] {processor.py:914} INFO - Processing file /opt/conda/lib/python3.12/site-packages/airflow/example_dags/tutorial_dag.py for tasks to queue
[2025-02-06T09:48:27.532+0000] {logging_mixin.py:190} INFO - [2025-02-06T09:48:27.531+0000] {dagbag.py:588} INFO - Filling up the DagBag from /opt/conda/lib/python3.12/site-packages/airflow/example_dags/tutorial_dag.py
[2025-02-06T09:48:27.538+0000] {processor.py:925} INFO - DAG(s) 'tutorial_dag' retrieved from /opt/conda/lib/python3.12/site-packages/airflow/example_dags/tutorial_dag.py
[2025-02-06T09:48:27.566+0000] {logging_mixin.py:190} INFO - [2025-02-06T09:48:27.566+0000] {dag.py:3239} INFO - Sync 1 DAGs
[2025-02-06T09:48:27.582+0000] {logging_mixin.py:190} INFO - [2025-02-06T09:48:27.582+0000] {dag.py:4180} INFO - Setting next_dagrun for tutorial_dag to None, run_after=None
[2025-02-06T09:48:27.646+0000] {processor.py:208} INFO - Processing /opt/conda/lib/python3.12/site-packages/airflow/example_dags/tutorial_dag.py took 0.122 seconds
[2025-02-06T09:53:48.741+0000] {processor.py:186} INFO - Started process (PID=781) to work on /opt/conda/lib/python3.12/site-packages/airflow/example_dags/tutorial_dag.py
[2025-02-06T09:53:48.742+0000] {processor.py:914} INFO - Processing file /opt/conda/lib/python3.12/site-packages/airflow/example_dags/tutorial_dag.py for tasks to queue
[2025-02-06T09:53:48.744+0000] {logging_mixin.py:190} INFO - [2025-02-06T09:53:48.744+0000] {dagbag.py:588} INFO - Filling up the DagBag from /opt/conda/lib/python3.12/site-packages/airflow/example_dags/tutorial_dag.py
[2025-02-06T09:53:48.749+0000] {processor.py:925} INFO - DAG(s) 'tutorial_dag' retrieved from /opt/conda/lib/python3.12/site-packages/airflow/example_dags/tutorial_dag.py
[2025-02-06T09:53:48.770+0000] {logging_mixin.py:190} INFO - [2025-02-06T09:53:48.770+0000] {dag.py:3239} INFO - Sync 1 DAGs
[2025-02-06T09:53:48.782+0000] {logging_mixin.py:190} INFO - [2025-02-06T09:53:48.782+0000] {dag.py:4180} INFO - Setting next_dagrun for tutorial_dag to None, run_after=None
[2025-02-06T09:53:48.841+0000] {processor.py:208} INFO - Processing /opt/conda/lib/python3.12/site-packages/airflow/example_dags/tutorial_dag.py took 0.103 seconds
[2025-02-06T09:57:56.195+0000] {processor.py:186} INFO - Started process (PID=1247) to work on /opt/conda/lib/python3.12/site-packages/airflow/example_dags/tutorial_dag.py
[2025-02-06T09:57:56.196+0000] {processor.py:914} INFO - Processing file /opt/conda/lib/python3.12/site-packages/airflow/example_dags/tutorial_dag.py for tasks to queue
[2025-02-06T09:57:56.199+0000] {logging_mixin.py:190} INFO - [2025-02-06T09:57:56.198+0000] {dagbag.py:588} INFO - Filling up the DagBag from /opt/conda/lib/python3.12/site-packages/airflow/example_dags/tutorial_dag.py
[2025-02-06T09:57:56.204+0000] {processor.py:925} INFO - DAG(s) 'tutorial_dag' retrieved from /opt/conda/lib/python3.12/site-packages/airflow/example_dags/tutorial_dag.py
[2025-02-06T09:57:56.235+0000] {logging_mixin.py:190} INFO - [2025-02-06T09:57:56.234+0000] {dag.py:3239} INFO - Sync 1 DAGs
[2025-02-06T09:57:56.247+0000] {logging_mixin.py:190} INFO - [2025-02-06T09:57:56.247+0000] {dag.py:4180} INFO - Setting next_dagrun for tutorial_dag to None, run_after=None
[2025-02-06T09:57:56.298+0000] {processor.py:208} INFO - Processing /opt/conda/lib/python3.12/site-packages/airflow/example_dags/tutorial_dag.py took 0.107 seconds
[2025-02-06T10:03:03.723+0000] {processor.py:186} INFO - Started process (PID=1800) to work on /opt/conda/lib/python3.12/site-packages/airflow/example_dags/tutorial_dag.py
[2025-02-06T10:03:03.724+0000] {processor.py:914} INFO - Processing file /opt/conda/lib/python3.12/site-packages/airflow/example_dags/tutorial_dag.py for tasks to queue
[2025-02-06T10:03:03.726+0000] {logging_mixin.py:190} INFO - [2025-02-06T10:03:03.726+0000] {dagbag.py:588} INFO - Filling up the DagBag from /opt/conda/lib/python3.12/site-packages/airflow/example_dags/tutorial_dag.py
[2025-02-06T10:03:03.732+0000] {processor.py:925} INFO - DAG(s) 'tutorial_dag' retrieved from /opt/conda/lib/python3.12/site-packages/airflow/example_dags/tutorial_dag.py
[2025-02-06T10:03:03.758+0000] {logging_mixin.py:190} INFO - [2025-02-06T10:03:03.758+0000] {dag.py:3239} INFO - Sync 1 DAGs
[2025-02-06T10:03:03.774+0000] {logging_mixin.py:190} INFO - [2025-02-06T10:03:03.774+0000] {dag.py:4180} INFO - Setting next_dagrun for tutorial_dag to None, run_after=None
[2025-02-06T10:03:03.833+0000] {processor.py:208} INFO - Processing /opt/conda/lib/python3.12/site-packages/airflow/example_dags/tutorial_dag.py took 0.114 seconds
[2025-02-06T10:05:56.027+0000] {processor.py:186} INFO - Started process (PID=2059) to work on /opt/conda/lib/python3.12/site-packages/airflow/example_dags/tutorial_dag.py
[2025-02-06T10:05:56.028+0000] {processor.py:914} INFO - Processing file /opt/conda/lib/python3.12/site-packages/airflow/example_dags/tutorial_dag.py for tasks to queue
[2025-02-06T10:05:56.029+0000] {logging_mixin.py:190} INFO - [2025-02-06T10:05:56.029+0000] {dagbag.py:588} INFO - Filling up the DagBag from /opt/conda/lib/python3.12/site-packages/airflow/example_dags/tutorial_dag.py
[2025-02-06T10:05:56.036+0000] {processor.py:925} INFO - DAG(s) 'tutorial_dag' retrieved from /opt/conda/lib/python3.12/site-packages/airflow/example_dags/tutorial_dag.py
[2025-02-06T10:05:56.065+0000] {logging_mixin.py:190} INFO - [2025-02-06T10:05:56.065+0000] {dag.py:3239} INFO - Sync 1 DAGs
[2025-02-06T10:05:56.082+0000] {logging_mixin.py:190} INFO - [2025-02-06T10:05:56.082+0000] {dag.py:4180} INFO - Setting next_dagrun for tutorial_dag to None, run_after=None
[2025-02-06T10:05:56.151+0000] {processor.py:208} INFO - Processing /opt/conda/lib/python3.12/site-packages/airflow/example_dags/tutorial_dag.py took 0.128 seconds
[2025-02-06T10:08:30.370+0000] {processor.py:186} INFO - Started process (PID=2292) to work on /opt/conda/lib/python3.12/site-packages/airflow/example_dags/tutorial_dag.py
[2025-02-06T10:08:30.371+0000] {processor.py:914} INFO - Processing file /opt/conda/lib/python3.12/site-packages/airflow/example_dags/tutorial_dag.py for tasks to queue
[2025-02-06T10:08:30.372+0000] {logging_mixin.py:190} INFO - [2025-02-06T10:08:30.371+0000] {dagbag.py:588} INFO - Filling up the DagBag from /opt/conda/lib/python3.12/site-packages/airflow/example_dags/tutorial_dag.py
[2025-02-06T10:08:30.377+0000] {processor.py:925} INFO - DAG(s) 'tutorial_dag' retrieved from /opt/conda/lib/python3.12/site-packages/airflow/example_dags/tutorial_dag.py
[2025-02-06T10:08:30.397+0000] {logging_mixin.py:190} INFO - [2025-02-06T10:08:30.397+0000] {dag.py:3239} INFO - Sync 1 DAGs
[2025-02-06T10:08:30.410+0000] {logging_mixin.py:190} INFO - [2025-02-06T10:08:30.410+0000] {dag.py:4180} INFO - Setting next_dagrun for tutorial_dag to None, run_after=None
[2025-02-06T10:08:30.459+0000] {processor.py:208} INFO - Processing /opt/conda/lib/python3.12/site-packages/airflow/example_dags/tutorial_dag.py took 0.094 seconds
[2025-02-06T10:12:51.112+0000] {processor.py:186} INFO - Started process (PID=2740) to work on /opt/conda/lib/python3.12/site-packages/airflow/example_dags/tutorial_dag.py
[2025-02-06T10:12:51.114+0000] {processor.py:914} INFO - Processing file /opt/conda/lib/python3.12/site-packages/airflow/example_dags/tutorial_dag.py for tasks to queue
[2025-02-06T10:12:51.115+0000] {logging_mixin.py:190} INFO - [2025-02-06T10:12:51.114+0000] {dagbag.py:588} INFO - Filling up the DagBag from /opt/conda/lib/python3.12/site-packages/airflow/example_dags/tutorial_dag.py
[2025-02-06T10:12:51.120+0000] {processor.py:925} INFO - DAG(s) 'tutorial_dag' retrieved from /opt/conda/lib/python3.12/site-packages/airflow/example_dags/tutorial_dag.py
[2025-02-06T10:12:51.141+0000] {logging_mixin.py:190} INFO - [2025-02-06T10:12:51.141+0000] {dag.py:3239} INFO - Sync 1 DAGs
[2025-02-06T10:12:51.153+0000] {logging_mixin.py:190} INFO - [2025-02-06T10:12:51.153+0000] {dag.py:4180} INFO - Setting next_dagrun for tutorial_dag to None, run_after=None
[2025-02-06T10:12:51.352+0000] {processor.py:208} INFO - Processing /opt/conda/lib/python3.12/site-packages/airflow/example_dags/tutorial_dag.py took 0.243 seconds
[2025-02-06T10:18:51.430+0000] {processor.py:186} INFO - Started process (PID=3365) to work on /opt/conda/lib/python3.12/site-packages/airflow/example_dags/tutorial_dag.py
[2025-02-06T10:18:51.431+0000] {processor.py:914} INFO - Processing file /opt/conda/lib/python3.12/site-packages/airflow/example_dags/tutorial_dag.py for tasks to queue
[2025-02-06T10:18:51.432+0000] {logging_mixin.py:190} INFO - [2025-02-06T10:18:51.432+0000] {dagbag.py:588} INFO - Filling up the DagBag from /opt/conda/lib/python3.12/site-packages/airflow/example_dags/tutorial_dag.py
[2025-02-06T10:18:51.441+0000] {processor.py:925} INFO - DAG(s) 'tutorial_dag' retrieved from /opt/conda/lib/python3.12/site-packages/airflow/example_dags/tutorial_dag.py
[2025-02-06T10:18:51.466+0000] {logging_mixin.py:190} INFO - [2025-02-06T10:18:51.466+0000] {dag.py:3239} INFO - Sync 1 DAGs
[2025-02-06T10:18:51.489+0000] {logging_mixin.py:190} INFO - [2025-02-06T10:18:51.489+0000] {dag.py:4180} INFO - Setting next_dagrun for tutorial_dag to None, run_after=None
[2025-02-06T10:18:51.572+0000] {processor.py:208} INFO - Processing /opt/conda/lib/python3.12/site-packages/airflow/example_dags/tutorial_dag.py took 0.147 seconds
[2025-02-06T10:23:56.983+0000] {processor.py:186} INFO - Started process (PID=3879) to work on /opt/conda/lib/python3.12/site-packages/airflow/example_dags/tutorial_dag.py
[2025-02-06T10:23:56.984+0000] {processor.py:914} INFO - Processing file /opt/conda/lib/python3.12/site-packages/airflow/example_dags/tutorial_dag.py for tasks to queue
[2025-02-06T10:23:56.985+0000] {logging_mixin.py:190} INFO - [2025-02-06T10:23:56.985+0000] {dagbag.py:588} INFO - Filling up the DagBag from /opt/conda/lib/python3.12/site-packages/airflow/example_dags/tutorial_dag.py
[2025-02-06T10:23:56.992+0000] {processor.py:925} INFO - DAG(s) 'tutorial_dag' retrieved from /opt/conda/lib/python3.12/site-packages/airflow/example_dags/tutorial_dag.py
[2025-02-06T10:23:57.014+0000] {logging_mixin.py:190} INFO - [2025-02-06T10:23:57.013+0000] {dag.py:3239} INFO - Sync 1 DAGs
[2025-02-06T10:23:57.026+0000] {logging_mixin.py:190} INFO - [2025-02-06T10:23:57.026+0000] {dag.py:4180} INFO - Setting next_dagrun for tutorial_dag to None, run_after=None
[2025-02-06T10:23:57.084+0000] {processor.py:208} INFO - Processing /opt/conda/lib/python3.12/site-packages/airflow/example_dags/tutorial_dag.py took 0.107 seconds
[2025-02-06T10:25:22.051+0000] {processor.py:186} INFO - Started process (PID=3992) to work on /opt/conda/lib/python3.12/site-packages/airflow/example_dags/tutorial_dag.py
[2025-02-06T10:25:22.052+0000] {processor.py:914} INFO - Processing file /opt/conda/lib/python3.12/site-packages/airflow/example_dags/tutorial_dag.py for tasks to queue
[2025-02-06T10:25:22.054+0000] {logging_mixin.py:190} INFO - [2025-02-06T10:25:22.053+0000] {dagbag.py:588} INFO - Filling up the DagBag from /opt/conda/lib/python3.12/site-packages/airflow/example_dags/tutorial_dag.py
[2025-02-06T10:25:22.061+0000] {processor.py:925} INFO - DAG(s) 'tutorial_dag' retrieved from /opt/conda/lib/python3.12/site-packages/airflow/example_dags/tutorial_dag.py
[2025-02-06T10:25:22.083+0000] {logging_mixin.py:190} INFO - [2025-02-06T10:25:22.082+0000] {dag.py:3239} INFO - Sync 1 DAGs
[2025-02-06T10:25:22.102+0000] {logging_mixin.py:190} INFO - [2025-02-06T10:25:22.102+0000] {dag.py:4180} INFO - Setting next_dagrun for tutorial_dag to None, run_after=None
[2025-02-06T10:25:22.158+0000] {processor.py:208} INFO - Processing /opt/conda/lib/python3.12/site-packages/airflow/example_dags/tutorial_dag.py took 0.111 seconds
[2025-02-06T10:26:41.261+0000] {processor.py:186} INFO - Started process (PID=4133) to work on /opt/conda/lib/python3.12/site-packages/airflow/example_dags/tutorial_dag.py
[2025-02-06T10:26:41.263+0000] {processor.py:914} INFO - Processing file /opt/conda/lib/python3.12/site-packages/airflow/example_dags/tutorial_dag.py for tasks to queue
[2025-02-06T10:26:41.264+0000] {logging_mixin.py:190} INFO - [2025-02-06T10:26:41.264+0000] {dagbag.py:588} INFO - Filling up the DagBag from /opt/conda/lib/python3.12/site-packages/airflow/example_dags/tutorial_dag.py
[2025-02-06T10:26:41.271+0000] {processor.py:925} INFO - DAG(s) 'tutorial_dag' retrieved from /opt/conda/lib/python3.12/site-packages/airflow/example_dags/tutorial_dag.py
[2025-02-06T10:26:41.295+0000] {logging_mixin.py:190} INFO - [2025-02-06T10:26:41.295+0000] {dag.py:3239} INFO - Sync 1 DAGs
[2025-02-06T10:26:41.308+0000] {logging_mixin.py:190} INFO - [2025-02-06T10:26:41.308+0000] {dag.py:4180} INFO - Setting next_dagrun for tutorial_dag to None, run_after=None
[2025-02-06T10:26:41.370+0000] {processor.py:208} INFO - Processing /opt/conda/lib/python3.12/site-packages/airflow/example_dags/tutorial_dag.py took 0.116 seconds
[2025-02-06T11:41:17.585+0000] {processor.py:186} INFO - Started process (PID=581) to work on /opt/conda/lib/python3.12/site-packages/airflow/example_dags/tutorial_dag.py
[2025-02-06T11:41:17.594+0000] {processor.py:914} INFO - Processing file /opt/conda/lib/python3.12/site-packages/airflow/example_dags/tutorial_dag.py for tasks to queue
[2025-02-06T11:41:17.597+0000] {logging_mixin.py:190} INFO - [2025-02-06T11:41:17.597+0000] {dagbag.py:588} INFO - Filling up the DagBag from /opt/conda/lib/python3.12/site-packages/airflow/example_dags/tutorial_dag.py
[2025-02-06T11:41:17.605+0000] {processor.py:925} INFO - DAG(s) 'tutorial_dag' retrieved from /opt/conda/lib/python3.12/site-packages/airflow/example_dags/tutorial_dag.py
[2025-02-06T11:41:17.635+0000] {logging_mixin.py:190} INFO - [2025-02-06T11:41:17.635+0000] {dag.py:3239} INFO - Sync 1 DAGs
[2025-02-06T11:41:17.656+0000] {logging_mixin.py:190} INFO - [2025-02-06T11:41:17.656+0000] {dag.py:4180} INFO - Setting next_dagrun for tutorial_dag to None, run_after=None
[2025-02-06T11:41:17.847+0000] {processor.py:208} INFO - Processing /opt/conda/lib/python3.12/site-packages/airflow/example_dags/tutorial_dag.py took 0.268 seconds
[2025-02-06T11:45:29.818+0000] {processor.py:186} INFO - Started process (PID=1576) to work on /opt/conda/lib/python3.12/site-packages/airflow/example_dags/tutorial_dag.py
[2025-02-06T11:45:29.821+0000] {processor.py:914} INFO - Processing file /opt/conda/lib/python3.12/site-packages/airflow/example_dags/tutorial_dag.py for tasks to queue
[2025-02-06T11:45:29.826+0000] {logging_mixin.py:190} INFO - [2025-02-06T11:45:29.825+0000] {dagbag.py:588} INFO - Filling up the DagBag from /opt/conda/lib/python3.12/site-packages/airflow/example_dags/tutorial_dag.py
[2025-02-06T11:45:29.844+0000] {processor.py:925} INFO - DAG(s) 'tutorial_dag' retrieved from /opt/conda/lib/python3.12/site-packages/airflow/example_dags/tutorial_dag.py
[2025-02-06T11:45:29.907+0000] {logging_mixin.py:190} INFO - [2025-02-06T11:45:29.906+0000] {dag.py:3239} INFO - Sync 1 DAGs
[2025-02-06T11:45:29.941+0000] {logging_mixin.py:190} INFO - [2025-02-06T11:45:29.940+0000] {dag.py:4180} INFO - Setting next_dagrun for tutorial_dag to None, run_after=None
[2025-02-06T11:45:30.101+0000] {processor.py:208} INFO - Processing /opt/conda/lib/python3.12/site-packages/airflow/example_dags/tutorial_dag.py took 0.295 seconds
[2025-02-06T11:49:35.868+0000] {processor.py:186} INFO - Started process (PID=2489) to work on /opt/conda/lib/python3.12/site-packages/airflow/example_dags/tutorial_dag.py
[2025-02-06T11:49:35.870+0000] {processor.py:914} INFO - Processing file /opt/conda/lib/python3.12/site-packages/airflow/example_dags/tutorial_dag.py for tasks to queue
[2025-02-06T11:49:35.872+0000] {logging_mixin.py:190} INFO - [2025-02-06T11:49:35.871+0000] {dagbag.py:588} INFO - Filling up the DagBag from /opt/conda/lib/python3.12/site-packages/airflow/example_dags/tutorial_dag.py
[2025-02-06T11:49:35.881+0000] {processor.py:925} INFO - DAG(s) 'tutorial_dag' retrieved from /opt/conda/lib/python3.12/site-packages/airflow/example_dags/tutorial_dag.py
[2025-02-06T11:49:35.926+0000] {logging_mixin.py:190} INFO - [2025-02-06T11:49:35.926+0000] {dag.py:3239} INFO - Sync 1 DAGs
[2025-02-06T11:49:35.950+0000] {logging_mixin.py:190} INFO - [2025-02-06T11:49:35.950+0000] {dag.py:4180} INFO - Setting next_dagrun for tutorial_dag to None, run_after=None
[2025-02-06T11:49:36.059+0000] {processor.py:208} INFO - Processing /opt/conda/lib/python3.12/site-packages/airflow/example_dags/tutorial_dag.py took 0.197 seconds
[2025-02-06T11:53:04.993+0000] {processor.py:186} INFO - Started process (PID=3443) to work on /opt/conda/lib/python3.12/site-packages/airflow/example_dags/tutorial_dag.py
[2025-02-06T11:53:04.994+0000] {processor.py:914} INFO - Processing file /opt/conda/lib/python3.12/site-packages/airflow/example_dags/tutorial_dag.py for tasks to queue
[2025-02-06T11:53:04.996+0000] {logging_mixin.py:190} INFO - [2025-02-06T11:53:04.996+0000] {dagbag.py:588} INFO - Filling up the DagBag from /opt/conda/lib/python3.12/site-packages/airflow/example_dags/tutorial_dag.py
[2025-02-06T11:53:05.009+0000] {processor.py:925} INFO - DAG(s) 'tutorial_dag' retrieved from /opt/conda/lib/python3.12/site-packages/airflow/example_dags/tutorial_dag.py
[2025-02-06T11:53:05.054+0000] {logging_mixin.py:190} INFO - [2025-02-06T11:53:05.054+0000] {dag.py:3239} INFO - Sync 1 DAGs
[2025-02-06T11:53:05.078+0000] {logging_mixin.py:190} INFO - [2025-02-06T11:53:05.077+0000] {dag.py:4180} INFO - Setting next_dagrun for tutorial_dag to None, run_after=None
[2025-02-06T11:53:05.179+0000] {processor.py:208} INFO - Processing /opt/conda/lib/python3.12/site-packages/airflow/example_dags/tutorial_dag.py took 0.193 seconds
[2025-02-06T12:05:02.062+0000] {processor.py:186} INFO - Started process (PID=600) to work on /opt/conda/lib/python3.12/site-packages/airflow/example_dags/tutorial_dag.py
[2025-02-06T12:05:02.063+0000] {processor.py:914} INFO - Processing file /opt/conda/lib/python3.12/site-packages/airflow/example_dags/tutorial_dag.py for tasks to queue
[2025-02-06T12:05:02.065+0000] {logging_mixin.py:190} INFO - [2025-02-06T12:05:02.065+0000] {dagbag.py:588} INFO - Filling up the DagBag from /opt/conda/lib/python3.12/site-packages/airflow/example_dags/tutorial_dag.py
[2025-02-06T12:05:02.072+0000] {processor.py:925} INFO - DAG(s) 'tutorial_dag' retrieved from /opt/conda/lib/python3.12/site-packages/airflow/example_dags/tutorial_dag.py
[2025-02-06T12:05:02.110+0000] {logging_mixin.py:190} INFO - [2025-02-06T12:05:02.109+0000] {dag.py:3239} INFO - Sync 1 DAGs
[2025-02-06T12:05:02.136+0000] {logging_mixin.py:190} INFO - [2025-02-06T12:05:02.135+0000] {dag.py:4180} INFO - Setting next_dagrun for tutorial_dag to None, run_after=None
[2025-02-06T12:05:02.222+0000] {processor.py:208} INFO - Processing /opt/conda/lib/python3.12/site-packages/airflow/example_dags/tutorial_dag.py took 0.164 seconds
[2025-02-06T12:07:53.020+0000] {processor.py:186} INFO - Started process (PID=1614) to work on /opt/conda/lib/python3.12/site-packages/airflow/example_dags/tutorial_dag.py
[2025-02-06T12:07:53.021+0000] {processor.py:914} INFO - Processing file /opt/conda/lib/python3.12/site-packages/airflow/example_dags/tutorial_dag.py for tasks to queue
[2025-02-06T12:07:53.023+0000] {logging_mixin.py:190} INFO - [2025-02-06T12:07:53.022+0000] {dagbag.py:588} INFO - Filling up the DagBag from /opt/conda/lib/python3.12/site-packages/airflow/example_dags/tutorial_dag.py
[2025-02-06T12:07:53.029+0000] {processor.py:925} INFO - DAG(s) 'tutorial_dag' retrieved from /opt/conda/lib/python3.12/site-packages/airflow/example_dags/tutorial_dag.py
[2025-02-06T12:07:53.055+0000] {logging_mixin.py:190} INFO - [2025-02-06T12:07:53.054+0000] {dag.py:3239} INFO - Sync 1 DAGs
[2025-02-06T12:07:53.066+0000] {logging_mixin.py:190} INFO - [2025-02-06T12:07:53.066+0000] {dag.py:4180} INFO - Setting next_dagrun for tutorial_dag to None, run_after=None
[2025-02-06T12:07:53.120+0000] {processor.py:208} INFO - Processing /opt/conda/lib/python3.12/site-packages/airflow/example_dags/tutorial_dag.py took 0.104 seconds
[2025-02-06T12:25:46.123+0000] {processor.py:186} INFO - Started process (PID=1707) to work on /opt/conda/lib/python3.12/site-packages/airflow/example_dags/tutorial_dag.py
[2025-02-06T12:25:46.125+0000] {processor.py:914} INFO - Processing file /opt/conda/lib/python3.12/site-packages/airflow/example_dags/tutorial_dag.py for tasks to queue
[2025-02-06T12:25:46.126+0000] {logging_mixin.py:190} INFO - [2025-02-06T12:25:46.126+0000] {dagbag.py:588} INFO - Filling up the DagBag from /opt/conda/lib/python3.12/site-packages/airflow/example_dags/tutorial_dag.py
[2025-02-06T12:25:46.132+0000] {processor.py:925} INFO - DAG(s) 'tutorial_dag' retrieved from /opt/conda/lib/python3.12/site-packages/airflow/example_dags/tutorial_dag.py
[2025-02-06T12:25:46.152+0000] {logging_mixin.py:190} INFO - [2025-02-06T12:25:46.152+0000] {dag.py:3239} INFO - Sync 1 DAGs
[2025-02-06T12:25:46.163+0000] {logging_mixin.py:190} INFO - [2025-02-06T12:25:46.163+0000] {dag.py:4180} INFO - Setting next_dagrun for tutorial_dag to None, run_after=None
[2025-02-06T12:25:46.211+0000] {processor.py:208} INFO - Processing /opt/conda/lib/python3.12/site-packages/airflow/example_dags/tutorial_dag.py took 0.091 seconds
[2025-02-06T12:29:59.159+0000] {processor.py:186} INFO - Started process (PID=3878) to work on /opt/conda/lib/python3.12/site-packages/airflow/example_dags/tutorial_dag.py
[2025-02-06T12:29:59.160+0000] {processor.py:914} INFO - Processing file /opt/conda/lib/python3.12/site-packages/airflow/example_dags/tutorial_dag.py for tasks to queue
[2025-02-06T12:29:59.162+0000] {logging_mixin.py:190} INFO - [2025-02-06T12:29:59.162+0000] {dagbag.py:588} INFO - Filling up the DagBag from /opt/conda/lib/python3.12/site-packages/airflow/example_dags/tutorial_dag.py
[2025-02-06T12:29:59.168+0000] {processor.py:925} INFO - DAG(s) 'tutorial_dag' retrieved from /opt/conda/lib/python3.12/site-packages/airflow/example_dags/tutorial_dag.py
[2025-02-06T12:29:59.190+0000] {logging_mixin.py:190} INFO - [2025-02-06T12:29:59.189+0000] {dag.py:3239} INFO - Sync 1 DAGs
[2025-02-06T12:29:59.203+0000] {logging_mixin.py:190} INFO - [2025-02-06T12:29:59.202+0000] {dag.py:4180} INFO - Setting next_dagrun for tutorial_dag to None, run_after=None
[2025-02-06T12:29:59.252+0000] {processor.py:208} INFO - Processing /opt/conda/lib/python3.12/site-packages/airflow/example_dags/tutorial_dag.py took 0.097 seconds
[2025-02-06T12:37:59.749+0000] {processor.py:186} INFO - Started process (PID=7994) to work on /opt/conda/lib/python3.12/site-packages/airflow/example_dags/tutorial_dag.py
[2025-02-06T12:37:59.750+0000] {processor.py:914} INFO - Processing file /opt/conda/lib/python3.12/site-packages/airflow/example_dags/tutorial_dag.py for tasks to queue
[2025-02-06T12:37:59.751+0000] {logging_mixin.py:190} INFO - [2025-02-06T12:37:59.751+0000] {dagbag.py:588} INFO - Filling up the DagBag from /opt/conda/lib/python3.12/site-packages/airflow/example_dags/tutorial_dag.py
[2025-02-06T12:37:59.759+0000] {processor.py:925} INFO - DAG(s) 'tutorial_dag' retrieved from /opt/conda/lib/python3.12/site-packages/airflow/example_dags/tutorial_dag.py
[2025-02-06T12:37:59.777+0000] {logging_mixin.py:190} INFO - [2025-02-06T12:37:59.777+0000] {dag.py:3239} INFO - Sync 1 DAGs
[2025-02-06T12:37:59.788+0000] {logging_mixin.py:190} INFO - [2025-02-06T12:37:59.788+0000] {dag.py:4180} INFO - Setting next_dagrun for tutorial_dag to None, run_after=None
[2025-02-06T12:37:59.848+0000] {processor.py:208} INFO - Processing /opt/conda/lib/python3.12/site-packages/airflow/example_dags/tutorial_dag.py took 0.104 seconds
[2025-02-06T12:46:13.021+0000] {processor.py:186} INFO - Started process (PID=12215) to work on /opt/conda/lib/python3.12/site-packages/airflow/example_dags/tutorial_dag.py
[2025-02-06T12:46:13.022+0000] {processor.py:914} INFO - Processing file /opt/conda/lib/python3.12/site-packages/airflow/example_dags/tutorial_dag.py for tasks to queue
[2025-02-06T12:46:13.024+0000] {logging_mixin.py:190} INFO - [2025-02-06T12:46:13.023+0000] {dagbag.py:588} INFO - Filling up the DagBag from /opt/conda/lib/python3.12/site-packages/airflow/example_dags/tutorial_dag.py
[2025-02-06T12:46:13.030+0000] {processor.py:925} INFO - DAG(s) 'tutorial_dag' retrieved from /opt/conda/lib/python3.12/site-packages/airflow/example_dags/tutorial_dag.py
[2025-02-06T12:46:13.049+0000] {logging_mixin.py:190} INFO - [2025-02-06T12:46:13.049+0000] {dag.py:3239} INFO - Sync 1 DAGs
[2025-02-06T12:46:13.061+0000] {logging_mixin.py:190} INFO - [2025-02-06T12:46:13.060+0000] {dag.py:4180} INFO - Setting next_dagrun for tutorial_dag to None, run_after=None
[2025-02-06T12:46:13.144+0000] {processor.py:208} INFO - Processing /opt/conda/lib/python3.12/site-packages/airflow/example_dags/tutorial_dag.py took 0.127 seconds
[2025-02-06T13:00:57.241+0000] {processor.py:186} INFO - Started process (PID=928) to work on /opt/conda/lib/python3.12/site-packages/airflow/example_dags/tutorial_dag.py
[2025-02-06T13:00:57.242+0000] {processor.py:914} INFO - Processing file /opt/conda/lib/python3.12/site-packages/airflow/example_dags/tutorial_dag.py for tasks to queue
[2025-02-06T13:00:57.245+0000] {logging_mixin.py:190} INFO - [2025-02-06T13:00:57.245+0000] {dagbag.py:588} INFO - Filling up the DagBag from /opt/conda/lib/python3.12/site-packages/airflow/example_dags/tutorial_dag.py
[2025-02-06T13:00:57.251+0000] {processor.py:925} INFO - DAG(s) 'tutorial_dag' retrieved from /opt/conda/lib/python3.12/site-packages/airflow/example_dags/tutorial_dag.py
[2025-02-06T13:00:57.278+0000] {logging_mixin.py:190} INFO - [2025-02-06T13:00:57.278+0000] {dag.py:3239} INFO - Sync 1 DAGs
[2025-02-06T13:00:57.291+0000] {logging_mixin.py:190} INFO - [2025-02-06T13:00:57.290+0000] {dag.py:4180} INFO - Setting next_dagrun for tutorial_dag to None, run_after=None
[2025-02-06T13:00:57.356+0000] {processor.py:208} INFO - Processing /opt/conda/lib/python3.12/site-packages/airflow/example_dags/tutorial_dag.py took 0.119 seconds
[2025-02-06T13:05:45.347+0000] {processor.py:186} INFO - Started process (PID=2478) to work on /opt/conda/lib/python3.12/site-packages/airflow/example_dags/tutorial_dag.py
[2025-02-06T13:05:45.348+0000] {processor.py:914} INFO - Processing file /opt/conda/lib/python3.12/site-packages/airflow/example_dags/tutorial_dag.py for tasks to queue
[2025-02-06T13:05:45.350+0000] {logging_mixin.py:190} INFO - [2025-02-06T13:05:45.350+0000] {dagbag.py:588} INFO - Filling up the DagBag from /opt/conda/lib/python3.12/site-packages/airflow/example_dags/tutorial_dag.py
[2025-02-06T13:05:45.358+0000] {processor.py:925} INFO - DAG(s) 'tutorial_dag' retrieved from /opt/conda/lib/python3.12/site-packages/airflow/example_dags/tutorial_dag.py
[2025-02-06T13:05:45.401+0000] {logging_mixin.py:190} INFO - [2025-02-06T13:05:45.401+0000] {dag.py:3239} INFO - Sync 1 DAGs
[2025-02-06T13:05:45.413+0000] {logging_mixin.py:190} INFO - [2025-02-06T13:05:45.413+0000] {dag.py:4180} INFO - Setting next_dagrun for tutorial_dag to None, run_after=None
[2025-02-06T13:05:45.467+0000] {processor.py:208} INFO - Processing /opt/conda/lib/python3.12/site-packages/airflow/example_dags/tutorial_dag.py took 0.124 seconds
