[2025-02-06T08:26:40.621+0000] {processor.py:186} INFO - Started process (PID=48) to work on /opt/conda/lib/python3.12/site-packages/airflow/example_dags/tutorial_objectstorage.py
[2025-02-06T08:26:40.623+0000] {processor.py:914} INFO - Processing file /opt/conda/lib/python3.12/site-packages/airflow/example_dags/tutorial_objectstorage.py for tasks to queue
[2025-02-06T08:26:40.624+0000] {logging_mixin.py:190} INFO - [2025-02-06T08:26:40.624+0000] {dagbag.py:588} INFO - Filling up the DagBag from /opt/conda/lib/python3.12/site-packages/airflow/example_dags/tutorial_objectstorage.py
[2025-02-06T08:26:40.633+0000] {processor.py:925} INFO - DAG(s) 'tutorial_objectstorage' retrieved from /opt/conda/lib/python3.12/site-packages/airflow/example_dags/tutorial_objectstorage.py
[2025-02-06T08:26:40.799+0000] {logging_mixin.py:190} INFO - [2025-02-06T08:26:40.798+0000] {override.py:1912} INFO - Created Permission View: can delete on DAG:tutorial_objectstorage
[2025-02-06T08:26:40.841+0000] {logging_mixin.py:190} INFO - [2025-02-06T08:26:40.840+0000] {override.py:1912} INFO - Created Permission View: can read on DAG:tutorial_objectstorage
[2025-02-06T08:26:40.886+0000] {logging_mixin.py:190} INFO - [2025-02-06T08:26:40.886+0000] {override.py:1912} INFO - Created Permission View: can edit on DAG:tutorial_objectstorage
[2025-02-06T08:26:40.957+0000] {logging_mixin.py:190} INFO - [2025-02-06T08:26:40.956+0000] {override.py:1912} INFO - Created Permission View: menu access on DAG Run:tutorial_objectstorage
[2025-02-06T08:26:40.999+0000] {logging_mixin.py:190} INFO - [2025-02-06T08:26:40.999+0000] {override.py:1912} INFO - Created Permission View: can create on DAG Run:tutorial_objectstorage
[2025-02-06T08:26:41.039+0000] {logging_mixin.py:190} INFO - [2025-02-06T08:26:41.038+0000] {override.py:1912} INFO - Created Permission View: can read on DAG Run:tutorial_objectstorage
[2025-02-06T08:26:41.076+0000] {logging_mixin.py:190} INFO - [2025-02-06T08:26:41.076+0000] {override.py:1912} INFO - Created Permission View: can delete on DAG Run:tutorial_objectstorage
[2025-02-06T08:26:41.077+0000] {logging_mixin.py:190} INFO - [2025-02-06T08:26:41.077+0000] {dag.py:3239} INFO - Sync 1 DAGs
[2025-02-06T08:26:41.099+0000] {logging_mixin.py:190} INFO - [2025-02-06T08:26:41.099+0000] {dag.py:3262} INFO - Creating ORM DAG for tutorial_objectstorage
[2025-02-06T08:26:41.100+0000] {logging_mixin.py:190} INFO - [2025-02-06T08:26:41.100+0000] {dag.py:4180} INFO - Setting next_dagrun for tutorial_objectstorage to None, run_after=None
[2025-02-06T08:26:41.166+0000] {processor.py:208} INFO - Processing /opt/conda/lib/python3.12/site-packages/airflow/example_dags/tutorial_objectstorage.py took 0.548 seconds
[2025-02-06T08:28:07.289+0000] {processor.py:186} INFO - Started process (PID=105) to work on /opt/conda/lib/python3.12/site-packages/airflow/example_dags/tutorial_objectstorage.py
[2025-02-06T08:28:07.291+0000] {processor.py:914} INFO - Processing file /opt/conda/lib/python3.12/site-packages/airflow/example_dags/tutorial_objectstorage.py for tasks to queue
[2025-02-06T08:28:07.293+0000] {logging_mixin.py:190} INFO - [2025-02-06T08:28:07.292+0000] {dagbag.py:588} INFO - Filling up the DagBag from /opt/conda/lib/python3.12/site-packages/airflow/example_dags/tutorial_objectstorage.py
[2025-02-06T08:28:07.304+0000] {processor.py:925} INFO - DAG(s) 'tutorial_objectstorage' retrieved from /opt/conda/lib/python3.12/site-packages/airflow/example_dags/tutorial_objectstorage.py
[2025-02-06T08:28:07.325+0000] {logging_mixin.py:190} INFO - [2025-02-06T08:28:07.325+0000] {dag.py:3239} INFO - Sync 1 DAGs
[2025-02-06T08:28:07.340+0000] {logging_mixin.py:190} INFO - [2025-02-06T08:28:07.339+0000] {dag.py:4180} INFO - Setting next_dagrun for tutorial_objectstorage to None, run_after=None
[2025-02-06T08:28:07.391+0000] {processor.py:208} INFO - Processing /opt/conda/lib/python3.12/site-packages/airflow/example_dags/tutorial_objectstorage.py took 0.106 seconds
[2025-02-06T08:30:30.687+0000] {processor.py:186} INFO - Started process (PID=48) to work on /opt/conda/lib/python3.12/site-packages/airflow/example_dags/tutorial_objectstorage.py
[2025-02-06T08:30:30.688+0000] {processor.py:914} INFO - Processing file /opt/conda/lib/python3.12/site-packages/airflow/example_dags/tutorial_objectstorage.py for tasks to queue
[2025-02-06T08:30:30.689+0000] {logging_mixin.py:190} INFO - [2025-02-06T08:30:30.689+0000] {dagbag.py:588} INFO - Filling up the DagBag from /opt/conda/lib/python3.12/site-packages/airflow/example_dags/tutorial_objectstorage.py
[2025-02-06T08:30:30.695+0000] {processor.py:925} INFO - DAG(s) 'tutorial_objectstorage' retrieved from /opt/conda/lib/python3.12/site-packages/airflow/example_dags/tutorial_objectstorage.py
[2025-02-06T08:30:30.716+0000] {logging_mixin.py:190} INFO - [2025-02-06T08:30:30.715+0000] {dag.py:3239} INFO - Sync 1 DAGs
[2025-02-06T08:30:30.727+0000] {logging_mixin.py:190} INFO - [2025-02-06T08:30:30.726+0000] {dag.py:4180} INFO - Setting next_dagrun for tutorial_objectstorage to None, run_after=None
[2025-02-06T08:30:30.794+0000] {processor.py:208} INFO - Processing /opt/conda/lib/python3.12/site-packages/airflow/example_dags/tutorial_objectstorage.py took 0.111 seconds
[2025-02-06T08:31:35.752+0000] {processor.py:186} INFO - Started process (PID=106) to work on /opt/conda/lib/python3.12/site-packages/airflow/example_dags/tutorial_objectstorage.py
[2025-02-06T08:31:35.754+0000] {processor.py:914} INFO - Processing file /opt/conda/lib/python3.12/site-packages/airflow/example_dags/tutorial_objectstorage.py for tasks to queue
[2025-02-06T08:31:35.755+0000] {logging_mixin.py:190} INFO - [2025-02-06T08:31:35.755+0000] {dagbag.py:588} INFO - Filling up the DagBag from /opt/conda/lib/python3.12/site-packages/airflow/example_dags/tutorial_objectstorage.py
[2025-02-06T08:31:35.762+0000] {processor.py:925} INFO - DAG(s) 'tutorial_objectstorage' retrieved from /opt/conda/lib/python3.12/site-packages/airflow/example_dags/tutorial_objectstorage.py
[2025-02-06T08:31:35.782+0000] {logging_mixin.py:190} INFO - [2025-02-06T08:31:35.781+0000] {dag.py:3239} INFO - Sync 1 DAGs
[2025-02-06T08:31:35.795+0000] {logging_mixin.py:190} INFO - [2025-02-06T08:31:35.794+0000] {dag.py:4180} INFO - Setting next_dagrun for tutorial_objectstorage to None, run_after=None
[2025-02-06T08:31:35.876+0000] {processor.py:208} INFO - Processing /opt/conda/lib/python3.12/site-packages/airflow/example_dags/tutorial_objectstorage.py took 0.127 seconds
[2025-02-06T08:32:45.655+0000] {processor.py:186} INFO - Started process (PID=167) to work on /opt/conda/lib/python3.12/site-packages/airflow/example_dags/tutorial_objectstorage.py
[2025-02-06T08:32:45.656+0000] {processor.py:914} INFO - Processing file /opt/conda/lib/python3.12/site-packages/airflow/example_dags/tutorial_objectstorage.py for tasks to queue
[2025-02-06T08:32:45.657+0000] {logging_mixin.py:190} INFO - [2025-02-06T08:32:45.656+0000] {dagbag.py:588} INFO - Filling up the DagBag from /opt/conda/lib/python3.12/site-packages/airflow/example_dags/tutorial_objectstorage.py
[2025-02-06T08:32:45.664+0000] {processor.py:925} INFO - DAG(s) 'tutorial_objectstorage' retrieved from /opt/conda/lib/python3.12/site-packages/airflow/example_dags/tutorial_objectstorage.py
[2025-02-06T08:32:45.682+0000] {logging_mixin.py:190} INFO - [2025-02-06T08:32:45.682+0000] {dag.py:3239} INFO - Sync 1 DAGs
[2025-02-06T08:32:45.692+0000] {logging_mixin.py:190} INFO - [2025-02-06T08:32:45.692+0000] {dag.py:4180} INFO - Setting next_dagrun for tutorial_objectstorage to None, run_after=None
[2025-02-06T08:32:45.754+0000] {processor.py:208} INFO - Processing /opt/conda/lib/python3.12/site-packages/airflow/example_dags/tutorial_objectstorage.py took 0.102 seconds
[2025-02-06T08:33:57.016+0000] {processor.py:186} INFO - Started process (PID=229) to work on /opt/conda/lib/python3.12/site-packages/airflow/example_dags/tutorial_objectstorage.py
[2025-02-06T08:33:57.017+0000] {processor.py:914} INFO - Processing file /opt/conda/lib/python3.12/site-packages/airflow/example_dags/tutorial_objectstorage.py for tasks to queue
[2025-02-06T08:33:57.018+0000] {logging_mixin.py:190} INFO - [2025-02-06T08:33:57.018+0000] {dagbag.py:588} INFO - Filling up the DagBag from /opt/conda/lib/python3.12/site-packages/airflow/example_dags/tutorial_objectstorage.py
[2025-02-06T08:33:57.025+0000] {processor.py:925} INFO - DAG(s) 'tutorial_objectstorage' retrieved from /opt/conda/lib/python3.12/site-packages/airflow/example_dags/tutorial_objectstorage.py
[2025-02-06T08:33:57.048+0000] {logging_mixin.py:190} INFO - [2025-02-06T08:33:57.048+0000] {dag.py:3239} INFO - Sync 1 DAGs
[2025-02-06T08:33:57.064+0000] {logging_mixin.py:190} INFO - [2025-02-06T08:33:57.064+0000] {dag.py:4180} INFO - Setting next_dagrun for tutorial_objectstorage to None, run_after=None
[2025-02-06T08:33:57.123+0000] {processor.py:208} INFO - Processing /opt/conda/lib/python3.12/site-packages/airflow/example_dags/tutorial_objectstorage.py took 0.111 seconds
[2025-02-06T08:35:15.312+0000] {processor.py:186} INFO - Started process (PID=293) to work on /opt/conda/lib/python3.12/site-packages/airflow/example_dags/tutorial_objectstorage.py
[2025-02-06T08:35:15.314+0000] {processor.py:914} INFO - Processing file /opt/conda/lib/python3.12/site-packages/airflow/example_dags/tutorial_objectstorage.py for tasks to queue
[2025-02-06T08:35:15.315+0000] {logging_mixin.py:190} INFO - [2025-02-06T08:35:15.315+0000] {dagbag.py:588} INFO - Filling up the DagBag from /opt/conda/lib/python3.12/site-packages/airflow/example_dags/tutorial_objectstorage.py
[2025-02-06T08:35:15.324+0000] {processor.py:925} INFO - DAG(s) 'tutorial_objectstorage' retrieved from /opt/conda/lib/python3.12/site-packages/airflow/example_dags/tutorial_objectstorage.py
[2025-02-06T08:35:15.345+0000] {logging_mixin.py:190} INFO - [2025-02-06T08:35:15.344+0000] {dag.py:3239} INFO - Sync 1 DAGs
[2025-02-06T08:35:15.357+0000] {logging_mixin.py:190} INFO - [2025-02-06T08:35:15.357+0000] {dag.py:4180} INFO - Setting next_dagrun for tutorial_objectstorage to None, run_after=None
[2025-02-06T08:35:15.413+0000] {processor.py:208} INFO - Processing /opt/conda/lib/python3.12/site-packages/airflow/example_dags/tutorial_objectstorage.py took 0.106 seconds
[2025-02-06T08:36:32.359+0000] {processor.py:186} INFO - Started process (PID=359) to work on /opt/conda/lib/python3.12/site-packages/airflow/example_dags/tutorial_objectstorage.py
[2025-02-06T08:36:32.360+0000] {processor.py:914} INFO - Processing file /opt/conda/lib/python3.12/site-packages/airflow/example_dags/tutorial_objectstorage.py for tasks to queue
[2025-02-06T08:36:32.361+0000] {logging_mixin.py:190} INFO - [2025-02-06T08:36:32.361+0000] {dagbag.py:588} INFO - Filling up the DagBag from /opt/conda/lib/python3.12/site-packages/airflow/example_dags/tutorial_objectstorage.py
[2025-02-06T08:36:32.368+0000] {processor.py:925} INFO - DAG(s) 'tutorial_objectstorage' retrieved from /opt/conda/lib/python3.12/site-packages/airflow/example_dags/tutorial_objectstorage.py
[2025-02-06T08:36:32.389+0000] {logging_mixin.py:190} INFO - [2025-02-06T08:36:32.389+0000] {dag.py:3239} INFO - Sync 1 DAGs
[2025-02-06T08:36:32.485+0000] {logging_mixin.py:190} INFO - [2025-02-06T08:36:32.484+0000] {dag.py:4180} INFO - Setting next_dagrun for tutorial_objectstorage to None, run_after=None
[2025-02-06T08:36:32.543+0000] {processor.py:208} INFO - Processing /opt/conda/lib/python3.12/site-packages/airflow/example_dags/tutorial_objectstorage.py took 0.188 seconds
[2025-02-06T08:37:54.029+0000] {processor.py:186} INFO - Started process (PID=426) to work on /opt/conda/lib/python3.12/site-packages/airflow/example_dags/tutorial_objectstorage.py
[2025-02-06T08:37:54.030+0000] {processor.py:914} INFO - Processing file /opt/conda/lib/python3.12/site-packages/airflow/example_dags/tutorial_objectstorage.py for tasks to queue
[2025-02-06T08:37:54.032+0000] {logging_mixin.py:190} INFO - [2025-02-06T08:37:54.032+0000] {dagbag.py:588} INFO - Filling up the DagBag from /opt/conda/lib/python3.12/site-packages/airflow/example_dags/tutorial_objectstorage.py
[2025-02-06T08:37:54.042+0000] {processor.py:925} INFO - DAG(s) 'tutorial_objectstorage' retrieved from /opt/conda/lib/python3.12/site-packages/airflow/example_dags/tutorial_objectstorage.py
[2025-02-06T08:37:54.072+0000] {logging_mixin.py:190} INFO - [2025-02-06T08:37:54.071+0000] {dag.py:3239} INFO - Sync 1 DAGs
[2025-02-06T08:37:54.091+0000] {logging_mixin.py:190} INFO - [2025-02-06T08:37:54.091+0000] {dag.py:4180} INFO - Setting next_dagrun for tutorial_objectstorage to None, run_after=None
[2025-02-06T08:37:54.180+0000] {processor.py:208} INFO - Processing /opt/conda/lib/python3.12/site-packages/airflow/example_dags/tutorial_objectstorage.py took 0.158 seconds
[2025-02-06T08:39:07.724+0000] {processor.py:186} INFO - Started process (PID=491) to work on /opt/conda/lib/python3.12/site-packages/airflow/example_dags/tutorial_objectstorage.py
[2025-02-06T08:39:07.725+0000] {processor.py:914} INFO - Processing file /opt/conda/lib/python3.12/site-packages/airflow/example_dags/tutorial_objectstorage.py for tasks to queue
[2025-02-06T08:39:07.727+0000] {logging_mixin.py:190} INFO - [2025-02-06T08:39:07.727+0000] {dagbag.py:588} INFO - Filling up the DagBag from /opt/conda/lib/python3.12/site-packages/airflow/example_dags/tutorial_objectstorage.py
[2025-02-06T08:39:07.735+0000] {processor.py:925} INFO - DAG(s) 'tutorial_objectstorage' retrieved from /opt/conda/lib/python3.12/site-packages/airflow/example_dags/tutorial_objectstorage.py
[2025-02-06T08:39:07.758+0000] {logging_mixin.py:190} INFO - [2025-02-06T08:39:07.757+0000] {dag.py:3239} INFO - Sync 1 DAGs
[2025-02-06T08:39:07.771+0000] {logging_mixin.py:190} INFO - [2025-02-06T08:39:07.771+0000] {dag.py:4180} INFO - Setting next_dagrun for tutorial_objectstorage to None, run_after=None
[2025-02-06T08:39:07.836+0000] {processor.py:208} INFO - Processing /opt/conda/lib/python3.12/site-packages/airflow/example_dags/tutorial_objectstorage.py took 0.117 seconds
[2025-02-06T08:40:27.282+0000] {processor.py:186} INFO - Started process (PID=558) to work on /opt/conda/lib/python3.12/site-packages/airflow/example_dags/tutorial_objectstorage.py
[2025-02-06T08:40:27.283+0000] {processor.py:914} INFO - Processing file /opt/conda/lib/python3.12/site-packages/airflow/example_dags/tutorial_objectstorage.py for tasks to queue
[2025-02-06T08:40:27.285+0000] {logging_mixin.py:190} INFO - [2025-02-06T08:40:27.284+0000] {dagbag.py:588} INFO - Filling up the DagBag from /opt/conda/lib/python3.12/site-packages/airflow/example_dags/tutorial_objectstorage.py
[2025-02-06T08:40:27.293+0000] {processor.py:925} INFO - DAG(s) 'tutorial_objectstorage' retrieved from /opt/conda/lib/python3.12/site-packages/airflow/example_dags/tutorial_objectstorage.py
[2025-02-06T08:40:27.313+0000] {logging_mixin.py:190} INFO - [2025-02-06T08:40:27.313+0000] {dag.py:3239} INFO - Sync 1 DAGs
[2025-02-06T08:40:27.325+0000] {logging_mixin.py:190} INFO - [2025-02-06T08:40:27.325+0000] {dag.py:4180} INFO - Setting next_dagrun for tutorial_objectstorage to None, run_after=None
[2025-02-06T08:40:27.388+0000] {processor.py:208} INFO - Processing /opt/conda/lib/python3.12/site-packages/airflow/example_dags/tutorial_objectstorage.py took 0.110 seconds
[2025-02-06T08:41:40.358+0000] {processor.py:186} INFO - Started process (PID=621) to work on /opt/conda/lib/python3.12/site-packages/airflow/example_dags/tutorial_objectstorage.py
[2025-02-06T08:41:40.359+0000] {processor.py:914} INFO - Processing file /opt/conda/lib/python3.12/site-packages/airflow/example_dags/tutorial_objectstorage.py for tasks to queue
[2025-02-06T08:41:40.360+0000] {logging_mixin.py:190} INFO - [2025-02-06T08:41:40.360+0000] {dagbag.py:588} INFO - Filling up the DagBag from /opt/conda/lib/python3.12/site-packages/airflow/example_dags/tutorial_objectstorage.py
[2025-02-06T08:41:40.367+0000] {processor.py:925} INFO - DAG(s) 'tutorial_objectstorage' retrieved from /opt/conda/lib/python3.12/site-packages/airflow/example_dags/tutorial_objectstorage.py
[2025-02-06T08:41:40.389+0000] {logging_mixin.py:190} INFO - [2025-02-06T08:41:40.389+0000] {dag.py:3239} INFO - Sync 1 DAGs
[2025-02-06T08:41:40.402+0000] {logging_mixin.py:190} INFO - [2025-02-06T08:41:40.402+0000] {dag.py:4180} INFO - Setting next_dagrun for tutorial_objectstorage to None, run_after=None
[2025-02-06T08:41:40.459+0000] {processor.py:208} INFO - Processing /opt/conda/lib/python3.12/site-packages/airflow/example_dags/tutorial_objectstorage.py took 0.105 seconds
[2025-02-06T08:43:23.689+0000] {processor.py:186} INFO - Started process (PID=49) to work on /opt/conda/lib/python3.12/site-packages/airflow/example_dags/tutorial_objectstorage.py
[2025-02-06T08:43:23.691+0000] {processor.py:914} INFO - Processing file /opt/conda/lib/python3.12/site-packages/airflow/example_dags/tutorial_objectstorage.py for tasks to queue
[2025-02-06T08:43:23.694+0000] {logging_mixin.py:190} INFO - [2025-02-06T08:43:23.694+0000] {dagbag.py:588} INFO - Filling up the DagBag from /opt/conda/lib/python3.12/site-packages/airflow/example_dags/tutorial_objectstorage.py
[2025-02-06T08:43:23.701+0000] {processor.py:925} INFO - DAG(s) 'tutorial_objectstorage' retrieved from /opt/conda/lib/python3.12/site-packages/airflow/example_dags/tutorial_objectstorage.py
[2025-02-06T08:43:23.725+0000] {logging_mixin.py:190} INFO - [2025-02-06T08:43:23.724+0000] {dag.py:3239} INFO - Sync 1 DAGs
[2025-02-06T08:43:23.738+0000] {logging_mixin.py:190} INFO - [2025-02-06T08:43:23.738+0000] {dag.py:4180} INFO - Setting next_dagrun for tutorial_objectstorage to None, run_after=None
[2025-02-06T08:43:23.794+0000] {processor.py:208} INFO - Processing /opt/conda/lib/python3.12/site-packages/airflow/example_dags/tutorial_objectstorage.py took 0.111 seconds
[2025-02-06T08:44:32.942+0000] {processor.py:186} INFO - Started process (PID=107) to work on /opt/conda/lib/python3.12/site-packages/airflow/example_dags/tutorial_objectstorage.py
[2025-02-06T08:44:32.943+0000] {processor.py:914} INFO - Processing file /opt/conda/lib/python3.12/site-packages/airflow/example_dags/tutorial_objectstorage.py for tasks to queue
[2025-02-06T08:44:32.945+0000] {logging_mixin.py:190} INFO - [2025-02-06T08:44:32.945+0000] {dagbag.py:588} INFO - Filling up the DagBag from /opt/conda/lib/python3.12/site-packages/airflow/example_dags/tutorial_objectstorage.py
[2025-02-06T08:44:32.955+0000] {processor.py:925} INFO - DAG(s) 'tutorial_objectstorage' retrieved from /opt/conda/lib/python3.12/site-packages/airflow/example_dags/tutorial_objectstorage.py
[2025-02-06T08:44:32.981+0000] {logging_mixin.py:190} INFO - [2025-02-06T08:44:32.980+0000] {dag.py:3239} INFO - Sync 1 DAGs
[2025-02-06T08:44:32.996+0000] {logging_mixin.py:190} INFO - [2025-02-06T08:44:32.996+0000] {dag.py:4180} INFO - Setting next_dagrun for tutorial_objectstorage to None, run_after=None
[2025-02-06T08:44:33.062+0000] {processor.py:208} INFO - Processing /opt/conda/lib/python3.12/site-packages/airflow/example_dags/tutorial_objectstorage.py took 0.127 seconds
[2025-02-06T08:45:56.184+0000] {processor.py:186} INFO - Started process (PID=200) to work on /opt/conda/lib/python3.12/site-packages/airflow/example_dags/tutorial_objectstorage.py
[2025-02-06T08:45:56.185+0000] {processor.py:914} INFO - Processing file /opt/conda/lib/python3.12/site-packages/airflow/example_dags/tutorial_objectstorage.py for tasks to queue
[2025-02-06T08:45:56.189+0000] {logging_mixin.py:190} INFO - [2025-02-06T08:45:56.188+0000] {dagbag.py:588} INFO - Filling up the DagBag from /opt/conda/lib/python3.12/site-packages/airflow/example_dags/tutorial_objectstorage.py
[2025-02-06T08:45:56.196+0000] {processor.py:925} INFO - DAG(s) 'tutorial_objectstorage' retrieved from /opt/conda/lib/python3.12/site-packages/airflow/example_dags/tutorial_objectstorage.py
[2025-02-06T08:45:56.219+0000] {logging_mixin.py:190} INFO - [2025-02-06T08:45:56.219+0000] {dag.py:3239} INFO - Sync 1 DAGs
[2025-02-06T08:45:56.232+0000] {logging_mixin.py:190} INFO - [2025-02-06T08:45:56.232+0000] {dag.py:4180} INFO - Setting next_dagrun for tutorial_objectstorage to None, run_after=None
[2025-02-06T08:45:56.303+0000] {processor.py:208} INFO - Processing /opt/conda/lib/python3.12/site-packages/airflow/example_dags/tutorial_objectstorage.py took 0.123 seconds
[2025-02-06T08:47:12.548+0000] {processor.py:186} INFO - Started process (PID=331) to work on /opt/conda/lib/python3.12/site-packages/airflow/example_dags/tutorial_objectstorage.py
[2025-02-06T08:47:12.549+0000] {processor.py:914} INFO - Processing file /opt/conda/lib/python3.12/site-packages/airflow/example_dags/tutorial_objectstorage.py for tasks to queue
[2025-02-06T08:47:12.552+0000] {logging_mixin.py:190} INFO - [2025-02-06T08:47:12.552+0000] {dagbag.py:588} INFO - Filling up the DagBag from /opt/conda/lib/python3.12/site-packages/airflow/example_dags/tutorial_objectstorage.py
[2025-02-06T08:47:12.564+0000] {processor.py:925} INFO - DAG(s) 'tutorial_objectstorage' retrieved from /opt/conda/lib/python3.12/site-packages/airflow/example_dags/tutorial_objectstorage.py
[2025-02-06T08:47:12.592+0000] {logging_mixin.py:190} INFO - [2025-02-06T08:47:12.592+0000] {dag.py:3239} INFO - Sync 1 DAGs
[2025-02-06T08:47:12.609+0000] {logging_mixin.py:190} INFO - [2025-02-06T08:47:12.608+0000] {dag.py:4180} INFO - Setting next_dagrun for tutorial_objectstorage to None, run_after=None
[2025-02-06T08:47:12.669+0000] {processor.py:208} INFO - Processing /opt/conda/lib/python3.12/site-packages/airflow/example_dags/tutorial_objectstorage.py took 0.126 seconds
[2025-02-06T08:48:40.232+0000] {processor.py:186} INFO - Started process (PID=121) to work on /opt/conda/lib/python3.12/site-packages/airflow/example_dags/tutorial_objectstorage.py
[2025-02-06T08:48:40.233+0000] {processor.py:914} INFO - Processing file /opt/conda/lib/python3.12/site-packages/airflow/example_dags/tutorial_objectstorage.py for tasks to queue
[2025-02-06T08:48:40.235+0000] {logging_mixin.py:190} INFO - [2025-02-06T08:48:40.235+0000] {dagbag.py:588} INFO - Filling up the DagBag from /opt/conda/lib/python3.12/site-packages/airflow/example_dags/tutorial_objectstorage.py
[2025-02-06T08:48:40.242+0000] {processor.py:925} INFO - DAG(s) 'tutorial_objectstorage' retrieved from /opt/conda/lib/python3.12/site-packages/airflow/example_dags/tutorial_objectstorage.py
[2025-02-06T08:48:40.269+0000] {logging_mixin.py:190} INFO - [2025-02-06T08:48:40.269+0000] {dag.py:3239} INFO - Sync 1 DAGs
[2025-02-06T08:48:40.284+0000] {logging_mixin.py:190} INFO - [2025-02-06T08:48:40.283+0000] {dag.py:4180} INFO - Setting next_dagrun for tutorial_objectstorage to None, run_after=None
[2025-02-06T08:48:40.340+0000] {processor.py:208} INFO - Processing /opt/conda/lib/python3.12/site-packages/airflow/example_dags/tutorial_objectstorage.py took 0.113 seconds
[2025-02-06T08:51:41.325+0000] {processor.py:186} INFO - Started process (PID=455) to work on /opt/conda/lib/python3.12/site-packages/airflow/example_dags/tutorial_objectstorage.py
[2025-02-06T08:51:41.326+0000] {processor.py:914} INFO - Processing file /opt/conda/lib/python3.12/site-packages/airflow/example_dags/tutorial_objectstorage.py for tasks to queue
[2025-02-06T08:51:41.329+0000] {logging_mixin.py:190} INFO - [2025-02-06T08:51:41.328+0000] {dagbag.py:588} INFO - Filling up the DagBag from /opt/conda/lib/python3.12/site-packages/airflow/example_dags/tutorial_objectstorage.py
[2025-02-06T08:51:41.336+0000] {processor.py:925} INFO - DAG(s) 'tutorial_objectstorage' retrieved from /opt/conda/lib/python3.12/site-packages/airflow/example_dags/tutorial_objectstorage.py
[2025-02-06T08:51:41.356+0000] {logging_mixin.py:190} INFO - [2025-02-06T08:51:41.356+0000] {dag.py:3239} INFO - Sync 1 DAGs
[2025-02-06T08:51:41.368+0000] {logging_mixin.py:190} INFO - [2025-02-06T08:51:41.368+0000] {dag.py:4180} INFO - Setting next_dagrun for tutorial_objectstorage to None, run_after=None
[2025-02-06T08:51:41.415+0000] {processor.py:208} INFO - Processing /opt/conda/lib/python3.12/site-packages/airflow/example_dags/tutorial_objectstorage.py took 0.093 seconds
[2025-02-06T08:54:15.970+0000] {processor.py:186} INFO - Started process (PID=745) to work on /opt/conda/lib/python3.12/site-packages/airflow/example_dags/tutorial_objectstorage.py
[2025-02-06T08:54:15.971+0000] {processor.py:914} INFO - Processing file /opt/conda/lib/python3.12/site-packages/airflow/example_dags/tutorial_objectstorage.py for tasks to queue
[2025-02-06T08:54:15.973+0000] {logging_mixin.py:190} INFO - [2025-02-06T08:54:15.972+0000] {dagbag.py:588} INFO - Filling up the DagBag from /opt/conda/lib/python3.12/site-packages/airflow/example_dags/tutorial_objectstorage.py
[2025-02-06T08:54:15.981+0000] {processor.py:925} INFO - DAG(s) 'tutorial_objectstorage' retrieved from /opt/conda/lib/python3.12/site-packages/airflow/example_dags/tutorial_objectstorage.py
[2025-02-06T08:54:16.001+0000] {logging_mixin.py:190} INFO - [2025-02-06T08:54:16.001+0000] {dag.py:3239} INFO - Sync 1 DAGs
[2025-02-06T08:54:16.013+0000] {logging_mixin.py:190} INFO - [2025-02-06T08:54:16.013+0000] {dag.py:4180} INFO - Setting next_dagrun for tutorial_objectstorage to None, run_after=None
[2025-02-06T08:54:16.066+0000] {processor.py:208} INFO - Processing /opt/conda/lib/python3.12/site-packages/airflow/example_dags/tutorial_objectstorage.py took 0.101 seconds
[2025-02-06T08:56:50.212+0000] {processor.py:186} INFO - Started process (PID=1024) to work on /opt/conda/lib/python3.12/site-packages/airflow/example_dags/tutorial_objectstorage.py
[2025-02-06T08:56:50.213+0000] {processor.py:914} INFO - Processing file /opt/conda/lib/python3.12/site-packages/airflow/example_dags/tutorial_objectstorage.py for tasks to queue
[2025-02-06T08:56:50.215+0000] {logging_mixin.py:190} INFO - [2025-02-06T08:56:50.215+0000] {dagbag.py:588} INFO - Filling up the DagBag from /opt/conda/lib/python3.12/site-packages/airflow/example_dags/tutorial_objectstorage.py
[2025-02-06T08:56:50.223+0000] {processor.py:925} INFO - DAG(s) 'tutorial_objectstorage' retrieved from /opt/conda/lib/python3.12/site-packages/airflow/example_dags/tutorial_objectstorage.py
[2025-02-06T08:56:50.245+0000] {logging_mixin.py:190} INFO - [2025-02-06T08:56:50.245+0000] {dag.py:3239} INFO - Sync 1 DAGs
[2025-02-06T08:56:50.260+0000] {logging_mixin.py:190} INFO - [2025-02-06T08:56:50.260+0000] {dag.py:4180} INFO - Setting next_dagrun for tutorial_objectstorage to None, run_after=None
[2025-02-06T08:56:50.325+0000] {processor.py:208} INFO - Processing /opt/conda/lib/python3.12/site-packages/airflow/example_dags/tutorial_objectstorage.py took 0.118 seconds
[2025-02-06T09:01:31.733+0000] {processor.py:186} INFO - Started process (PID=156) to work on /opt/conda/lib/python3.12/site-packages/airflow/example_dags/tutorial_objectstorage.py
[2025-02-06T09:01:31.734+0000] {processor.py:914} INFO - Processing file /opt/conda/lib/python3.12/site-packages/airflow/example_dags/tutorial_objectstorage.py for tasks to queue
[2025-02-06T09:01:31.735+0000] {logging_mixin.py:190} INFO - [2025-02-06T09:01:31.735+0000] {dagbag.py:588} INFO - Filling up the DagBag from /opt/conda/lib/python3.12/site-packages/airflow/example_dags/tutorial_objectstorage.py
[2025-02-06T09:01:31.743+0000] {processor.py:925} INFO - DAG(s) 'tutorial_objectstorage' retrieved from /opt/conda/lib/python3.12/site-packages/airflow/example_dags/tutorial_objectstorage.py
[2025-02-06T09:01:31.765+0000] {logging_mixin.py:190} INFO - [2025-02-06T09:01:31.765+0000] {dag.py:3239} INFO - Sync 1 DAGs
[2025-02-06T09:01:31.779+0000] {logging_mixin.py:190} INFO - [2025-02-06T09:01:31.779+0000] {dag.py:4180} INFO - Setting next_dagrun for tutorial_objectstorage to None, run_after=None
[2025-02-06T09:01:31.841+0000] {processor.py:208} INFO - Processing /opt/conda/lib/python3.12/site-packages/airflow/example_dags/tutorial_objectstorage.py took 0.112 seconds
[2025-02-06T09:03:09.373+0000] {processor.py:186} INFO - Started process (PID=49) to work on /opt/conda/lib/python3.12/site-packages/airflow/example_dags/tutorial_objectstorage.py
[2025-02-06T09:03:09.374+0000] {processor.py:914} INFO - Processing file /opt/conda/lib/python3.12/site-packages/airflow/example_dags/tutorial_objectstorage.py for tasks to queue
[2025-02-06T09:03:09.376+0000] {logging_mixin.py:190} INFO - [2025-02-06T09:03:09.376+0000] {dagbag.py:588} INFO - Filling up the DagBag from /opt/conda/lib/python3.12/site-packages/airflow/example_dags/tutorial_objectstorage.py
[2025-02-06T09:03:09.383+0000] {processor.py:925} INFO - DAG(s) 'tutorial_objectstorage' retrieved from /opt/conda/lib/python3.12/site-packages/airflow/example_dags/tutorial_objectstorage.py
[2025-02-06T09:03:09.405+0000] {logging_mixin.py:190} INFO - [2025-02-06T09:03:09.405+0000] {dag.py:3239} INFO - Sync 1 DAGs
[2025-02-06T09:03:09.418+0000] {logging_mixin.py:190} INFO - [2025-02-06T09:03:09.418+0000] {dag.py:4180} INFO - Setting next_dagrun for tutorial_objectstorage to None, run_after=None
[2025-02-06T09:03:09.472+0000] {processor.py:208} INFO - Processing /opt/conda/lib/python3.12/site-packages/airflow/example_dags/tutorial_objectstorage.py took 0.105 seconds
[2025-02-06T09:03:44.218+0000] {processor.py:186} INFO - Started process (PID=45) to work on /opt/conda/lib/python3.12/site-packages/airflow/example_dags/tutorial_objectstorage.py
[2025-02-06T09:03:44.219+0000] {processor.py:914} INFO - Processing file /opt/conda/lib/python3.12/site-packages/airflow/example_dags/tutorial_objectstorage.py for tasks to queue
[2025-02-06T09:03:44.220+0000] {logging_mixin.py:190} INFO - [2025-02-06T09:03:44.220+0000] {dagbag.py:588} INFO - Filling up the DagBag from /opt/conda/lib/python3.12/site-packages/airflow/example_dags/tutorial_objectstorage.py
[2025-02-06T09:03:44.227+0000] {processor.py:925} INFO - DAG(s) 'tutorial_objectstorage' retrieved from /opt/conda/lib/python3.12/site-packages/airflow/example_dags/tutorial_objectstorage.py
[2025-02-06T09:03:44.245+0000] {logging_mixin.py:190} INFO - [2025-02-06T09:03:44.245+0000] {dag.py:3239} INFO - Sync 1 DAGs
[2025-02-06T09:03:44.257+0000] {logging_mixin.py:190} INFO - [2025-02-06T09:03:44.256+0000] {dag.py:4180} INFO - Setting next_dagrun for tutorial_objectstorage to None, run_after=None
[2025-02-06T09:03:44.329+0000] {processor.py:208} INFO - Processing /opt/conda/lib/python3.12/site-packages/airflow/example_dags/tutorial_objectstorage.py took 0.115 seconds
[2025-02-06T09:04:28.126+0000] {processor.py:186} INFO - Started process (PID=49) to work on /opt/conda/lib/python3.12/site-packages/airflow/example_dags/tutorial_objectstorage.py
[2025-02-06T09:04:28.127+0000] {processor.py:914} INFO - Processing file /opt/conda/lib/python3.12/site-packages/airflow/example_dags/tutorial_objectstorage.py for tasks to queue
[2025-02-06T09:04:28.130+0000] {logging_mixin.py:190} INFO - [2025-02-06T09:04:28.129+0000] {dagbag.py:588} INFO - Filling up the DagBag from /opt/conda/lib/python3.12/site-packages/airflow/example_dags/tutorial_objectstorage.py
[2025-02-06T09:04:28.138+0000] {processor.py:925} INFO - DAG(s) 'tutorial_objectstorage' retrieved from /opt/conda/lib/python3.12/site-packages/airflow/example_dags/tutorial_objectstorage.py
[2025-02-06T09:04:28.161+0000] {logging_mixin.py:190} INFO - [2025-02-06T09:04:28.161+0000] {dag.py:3239} INFO - Sync 1 DAGs
[2025-02-06T09:04:28.174+0000] {logging_mixin.py:190} INFO - [2025-02-06T09:04:28.174+0000] {dag.py:4180} INFO - Setting next_dagrun for tutorial_objectstorage to None, run_after=None
[2025-02-06T09:04:28.223+0000] {processor.py:208} INFO - Processing /opt/conda/lib/python3.12/site-packages/airflow/example_dags/tutorial_objectstorage.py took 0.101 seconds
[2025-02-06T09:07:29.580+0000] {processor.py:186} INFO - Started process (PID=379) to work on /opt/conda/lib/python3.12/site-packages/airflow/example_dags/tutorial_objectstorage.py
[2025-02-06T09:07:29.581+0000] {processor.py:914} INFO - Processing file /opt/conda/lib/python3.12/site-packages/airflow/example_dags/tutorial_objectstorage.py for tasks to queue
[2025-02-06T09:07:29.583+0000] {logging_mixin.py:190} INFO - [2025-02-06T09:07:29.583+0000] {dagbag.py:588} INFO - Filling up the DagBag from /opt/conda/lib/python3.12/site-packages/airflow/example_dags/tutorial_objectstorage.py
[2025-02-06T09:07:29.590+0000] {processor.py:925} INFO - DAG(s) 'tutorial_objectstorage' retrieved from /opt/conda/lib/python3.12/site-packages/airflow/example_dags/tutorial_objectstorage.py
[2025-02-06T09:07:29.610+0000] {logging_mixin.py:190} INFO - [2025-02-06T09:07:29.610+0000] {dag.py:3239} INFO - Sync 1 DAGs
[2025-02-06T09:07:29.622+0000] {logging_mixin.py:190} INFO - [2025-02-06T09:07:29.621+0000] {dag.py:4180} INFO - Setting next_dagrun for tutorial_objectstorage to None, run_after=None
[2025-02-06T09:07:29.675+0000] {processor.py:208} INFO - Processing /opt/conda/lib/python3.12/site-packages/airflow/example_dags/tutorial_objectstorage.py took 0.098 seconds
[2025-02-06T09:09:55.774+0000] {processor.py:186} INFO - Started process (PID=652) to work on /opt/conda/lib/python3.12/site-packages/airflow/example_dags/tutorial_objectstorage.py
[2025-02-06T09:09:55.775+0000] {processor.py:914} INFO - Processing file /opt/conda/lib/python3.12/site-packages/airflow/example_dags/tutorial_objectstorage.py for tasks to queue
[2025-02-06T09:09:55.777+0000] {logging_mixin.py:190} INFO - [2025-02-06T09:09:55.777+0000] {dagbag.py:588} INFO - Filling up the DagBag from /opt/conda/lib/python3.12/site-packages/airflow/example_dags/tutorial_objectstorage.py
[2025-02-06T09:09:55.784+0000] {processor.py:925} INFO - DAG(s) 'tutorial_objectstorage' retrieved from /opt/conda/lib/python3.12/site-packages/airflow/example_dags/tutorial_objectstorage.py
[2025-02-06T09:09:55.803+0000] {logging_mixin.py:190} INFO - [2025-02-06T09:09:55.803+0000] {dag.py:3239} INFO - Sync 1 DAGs
[2025-02-06T09:09:55.815+0000] {logging_mixin.py:190} INFO - [2025-02-06T09:09:55.815+0000] {dag.py:4180} INFO - Setting next_dagrun for tutorial_objectstorage to None, run_after=None
[2025-02-06T09:09:55.867+0000] {processor.py:208} INFO - Processing /opt/conda/lib/python3.12/site-packages/airflow/example_dags/tutorial_objectstorage.py took 0.096 seconds
[2025-02-06T09:12:11.309+0000] {processor.py:186} INFO - Started process (PID=907) to work on /opt/conda/lib/python3.12/site-packages/airflow/example_dags/tutorial_objectstorage.py
[2025-02-06T09:12:11.310+0000] {processor.py:914} INFO - Processing file /opt/conda/lib/python3.12/site-packages/airflow/example_dags/tutorial_objectstorage.py for tasks to queue
[2025-02-06T09:12:11.312+0000] {logging_mixin.py:190} INFO - [2025-02-06T09:12:11.312+0000] {dagbag.py:588} INFO - Filling up the DagBag from /opt/conda/lib/python3.12/site-packages/airflow/example_dags/tutorial_objectstorage.py
[2025-02-06T09:12:11.319+0000] {processor.py:925} INFO - DAG(s) 'tutorial_objectstorage' retrieved from /opt/conda/lib/python3.12/site-packages/airflow/example_dags/tutorial_objectstorage.py
[2025-02-06T09:12:11.337+0000] {logging_mixin.py:190} INFO - [2025-02-06T09:12:11.337+0000] {dag.py:3239} INFO - Sync 1 DAGs
[2025-02-06T09:12:11.350+0000] {logging_mixin.py:190} INFO - [2025-02-06T09:12:11.350+0000] {dag.py:4180} INFO - Setting next_dagrun for tutorial_objectstorage to None, run_after=None
[2025-02-06T09:12:11.397+0000] {processor.py:208} INFO - Processing /opt/conda/lib/python3.12/site-packages/airflow/example_dags/tutorial_objectstorage.py took 0.093 seconds
[2025-02-06T09:14:40.971+0000] {processor.py:186} INFO - Started process (PID=1180) to work on /opt/conda/lib/python3.12/site-packages/airflow/example_dags/tutorial_objectstorage.py
[2025-02-06T09:14:40.972+0000] {processor.py:914} INFO - Processing file /opt/conda/lib/python3.12/site-packages/airflow/example_dags/tutorial_objectstorage.py for tasks to queue
[2025-02-06T09:14:40.974+0000] {logging_mixin.py:190} INFO - [2025-02-06T09:14:40.974+0000] {dagbag.py:588} INFO - Filling up the DagBag from /opt/conda/lib/python3.12/site-packages/airflow/example_dags/tutorial_objectstorage.py
[2025-02-06T09:14:40.983+0000] {processor.py:925} INFO - DAG(s) 'tutorial_objectstorage' retrieved from /opt/conda/lib/python3.12/site-packages/airflow/example_dags/tutorial_objectstorage.py
[2025-02-06T09:14:41.002+0000] {logging_mixin.py:190} INFO - [2025-02-06T09:14:41.002+0000] {dag.py:3239} INFO - Sync 1 DAGs
[2025-02-06T09:14:41.014+0000] {logging_mixin.py:190} INFO - [2025-02-06T09:14:41.014+0000] {dag.py:4180} INFO - Setting next_dagrun for tutorial_objectstorage to None, run_after=None
[2025-02-06T09:14:41.071+0000] {processor.py:208} INFO - Processing /opt/conda/lib/python3.12/site-packages/airflow/example_dags/tutorial_objectstorage.py took 0.105 seconds
[2025-02-06T09:16:55.705+0000] {processor.py:186} INFO - Started process (PID=1435) to work on /opt/conda/lib/python3.12/site-packages/airflow/example_dags/tutorial_objectstorage.py
[2025-02-06T09:16:55.707+0000] {processor.py:914} INFO - Processing file /opt/conda/lib/python3.12/site-packages/airflow/example_dags/tutorial_objectstorage.py for tasks to queue
[2025-02-06T09:16:55.709+0000] {logging_mixin.py:190} INFO - [2025-02-06T09:16:55.709+0000] {dagbag.py:588} INFO - Filling up the DagBag from /opt/conda/lib/python3.12/site-packages/airflow/example_dags/tutorial_objectstorage.py
[2025-02-06T09:16:55.716+0000] {processor.py:925} INFO - DAG(s) 'tutorial_objectstorage' retrieved from /opt/conda/lib/python3.12/site-packages/airflow/example_dags/tutorial_objectstorage.py
[2025-02-06T09:16:55.736+0000] {logging_mixin.py:190} INFO - [2025-02-06T09:16:55.735+0000] {dag.py:3239} INFO - Sync 1 DAGs
[2025-02-06T09:16:55.748+0000] {logging_mixin.py:190} INFO - [2025-02-06T09:16:55.748+0000] {dag.py:4180} INFO - Setting next_dagrun for tutorial_objectstorage to None, run_after=None
[2025-02-06T09:16:55.807+0000] {processor.py:208} INFO - Processing /opt/conda/lib/python3.12/site-packages/airflow/example_dags/tutorial_objectstorage.py took 0.106 seconds
[2025-02-06T09:19:09.822+0000] {processor.py:186} INFO - Started process (PID=1680) to work on /opt/conda/lib/python3.12/site-packages/airflow/example_dags/tutorial_objectstorage.py
[2025-02-06T09:19:09.823+0000] {processor.py:914} INFO - Processing file /opt/conda/lib/python3.12/site-packages/airflow/example_dags/tutorial_objectstorage.py for tasks to queue
[2025-02-06T09:19:09.825+0000] {logging_mixin.py:190} INFO - [2025-02-06T09:19:09.825+0000] {dagbag.py:588} INFO - Filling up the DagBag from /opt/conda/lib/python3.12/site-packages/airflow/example_dags/tutorial_objectstorage.py
[2025-02-06T09:19:09.832+0000] {processor.py:925} INFO - DAG(s) 'tutorial_objectstorage' retrieved from /opt/conda/lib/python3.12/site-packages/airflow/example_dags/tutorial_objectstorage.py
[2025-02-06T09:19:09.959+0000] {logging_mixin.py:190} INFO - [2025-02-06T09:19:09.959+0000] {dag.py:3239} INFO - Sync 1 DAGs
[2025-02-06T09:19:09.969+0000] {logging_mixin.py:190} INFO - [2025-02-06T09:19:09.969+0000] {dag.py:4180} INFO - Setting next_dagrun for tutorial_objectstorage to None, run_after=None
[2025-02-06T09:19:10.044+0000] {processor.py:208} INFO - Processing /opt/conda/lib/python3.12/site-packages/airflow/example_dags/tutorial_objectstorage.py took 0.226 seconds
[2025-02-06T09:21:58.132+0000] {processor.py:186} INFO - Started process (PID=1955) to work on /opt/conda/lib/python3.12/site-packages/airflow/example_dags/tutorial_objectstorage.py
[2025-02-06T09:21:58.134+0000] {processor.py:914} INFO - Processing file /opt/conda/lib/python3.12/site-packages/airflow/example_dags/tutorial_objectstorage.py for tasks to queue
[2025-02-06T09:21:58.136+0000] {logging_mixin.py:190} INFO - [2025-02-06T09:21:58.135+0000] {dagbag.py:588} INFO - Filling up the DagBag from /opt/conda/lib/python3.12/site-packages/airflow/example_dags/tutorial_objectstorage.py
[2025-02-06T09:21:58.143+0000] {processor.py:925} INFO - DAG(s) 'tutorial_objectstorage' retrieved from /opt/conda/lib/python3.12/site-packages/airflow/example_dags/tutorial_objectstorage.py
[2025-02-06T09:21:58.163+0000] {logging_mixin.py:190} INFO - [2025-02-06T09:21:58.163+0000] {dag.py:3239} INFO - Sync 1 DAGs
[2025-02-06T09:21:58.176+0000] {logging_mixin.py:190} INFO - [2025-02-06T09:21:58.176+0000] {dag.py:4180} INFO - Setting next_dagrun for tutorial_objectstorage to None, run_after=None
[2025-02-06T09:21:58.227+0000] {processor.py:208} INFO - Processing /opt/conda/lib/python3.12/site-packages/airflow/example_dags/tutorial_objectstorage.py took 0.100 seconds
[2025-02-06T09:24:57.287+0000] {processor.py:186} INFO - Started process (PID=103) to work on /opt/conda/lib/python3.12/site-packages/airflow/example_dags/tutorial_objectstorage.py
[2025-02-06T09:24:57.289+0000] {processor.py:914} INFO - Processing file /opt/conda/lib/python3.12/site-packages/airflow/example_dags/tutorial_objectstorage.py for tasks to queue
[2025-02-06T09:24:57.291+0000] {logging_mixin.py:190} INFO - [2025-02-06T09:24:57.290+0000] {dagbag.py:588} INFO - Filling up the DagBag from /opt/conda/lib/python3.12/site-packages/airflow/example_dags/tutorial_objectstorage.py
[2025-02-06T09:24:57.298+0000] {processor.py:925} INFO - DAG(s) 'tutorial_objectstorage' retrieved from /opt/conda/lib/python3.12/site-packages/airflow/example_dags/tutorial_objectstorage.py
[2025-02-06T09:24:57.319+0000] {logging_mixin.py:190} INFO - [2025-02-06T09:24:57.319+0000] {dag.py:3239} INFO - Sync 1 DAGs
[2025-02-06T09:24:57.330+0000] {logging_mixin.py:190} INFO - [2025-02-06T09:24:57.330+0000] {dag.py:4180} INFO - Setting next_dagrun for tutorial_objectstorage to None, run_after=None
[2025-02-06T09:24:57.380+0000] {processor.py:208} INFO - Processing /opt/conda/lib/python3.12/site-packages/airflow/example_dags/tutorial_objectstorage.py took 0.097 seconds
[2025-02-06T09:30:57.980+0000] {processor.py:186} INFO - Started process (PID=219) to work on /opt/conda/lib/python3.12/site-packages/airflow/example_dags/tutorial_objectstorage.py
[2025-02-06T09:30:57.981+0000] {processor.py:914} INFO - Processing file /opt/conda/lib/python3.12/site-packages/airflow/example_dags/tutorial_objectstorage.py for tasks to queue
[2025-02-06T09:30:57.983+0000] {logging_mixin.py:190} INFO - [2025-02-06T09:30:57.983+0000] {dagbag.py:588} INFO - Filling up the DagBag from /opt/conda/lib/python3.12/site-packages/airflow/example_dags/tutorial_objectstorage.py
[2025-02-06T09:30:57.993+0000] {processor.py:925} INFO - DAG(s) 'tutorial_objectstorage' retrieved from /opt/conda/lib/python3.12/site-packages/airflow/example_dags/tutorial_objectstorage.py
[2025-02-06T09:30:58.015+0000] {logging_mixin.py:190} INFO - [2025-02-06T09:30:58.015+0000] {dag.py:3239} INFO - Sync 1 DAGs
[2025-02-06T09:30:58.028+0000] {logging_mixin.py:190} INFO - [2025-02-06T09:30:58.028+0000] {dag.py:4180} INFO - Setting next_dagrun for tutorial_objectstorage to None, run_after=None
[2025-02-06T09:30:58.081+0000] {processor.py:208} INFO - Processing /opt/conda/lib/python3.12/site-packages/airflow/example_dags/tutorial_objectstorage.py took 0.104 seconds
[2025-02-06T09:36:13.053+0000] {processor.py:186} INFO - Started process (PID=799) to work on /opt/conda/lib/python3.12/site-packages/airflow/example_dags/tutorial_objectstorage.py
[2025-02-06T09:36:13.054+0000] {processor.py:914} INFO - Processing file /opt/conda/lib/python3.12/site-packages/airflow/example_dags/tutorial_objectstorage.py for tasks to queue
[2025-02-06T09:36:13.056+0000] {logging_mixin.py:190} INFO - [2025-02-06T09:36:13.055+0000] {dagbag.py:588} INFO - Filling up the DagBag from /opt/conda/lib/python3.12/site-packages/airflow/example_dags/tutorial_objectstorage.py
[2025-02-06T09:36:13.063+0000] {processor.py:925} INFO - DAG(s) 'tutorial_objectstorage' retrieved from /opt/conda/lib/python3.12/site-packages/airflow/example_dags/tutorial_objectstorage.py
[2025-02-06T09:36:13.084+0000] {logging_mixin.py:190} INFO - [2025-02-06T09:36:13.083+0000] {dag.py:3239} INFO - Sync 1 DAGs
[2025-02-06T09:36:13.095+0000] {logging_mixin.py:190} INFO - [2025-02-06T09:36:13.095+0000] {dag.py:4180} INFO - Setting next_dagrun for tutorial_objectstorage to None, run_after=None
[2025-02-06T09:36:13.150+0000] {processor.py:208} INFO - Processing /opt/conda/lib/python3.12/site-packages/airflow/example_dags/tutorial_objectstorage.py took 0.101 seconds
[2025-02-06T09:41:03.376+0000] {processor.py:186} INFO - Started process (PID=1309) to work on /opt/conda/lib/python3.12/site-packages/airflow/example_dags/tutorial_objectstorage.py
[2025-02-06T09:41:03.377+0000] {processor.py:914} INFO - Processing file /opt/conda/lib/python3.12/site-packages/airflow/example_dags/tutorial_objectstorage.py for tasks to queue
[2025-02-06T09:41:03.379+0000] {logging_mixin.py:190} INFO - [2025-02-06T09:41:03.378+0000] {dagbag.py:588} INFO - Filling up the DagBag from /opt/conda/lib/python3.12/site-packages/airflow/example_dags/tutorial_objectstorage.py
[2025-02-06T09:41:03.388+0000] {processor.py:925} INFO - DAG(s) 'tutorial_objectstorage' retrieved from /opt/conda/lib/python3.12/site-packages/airflow/example_dags/tutorial_objectstorage.py
[2025-02-06T09:41:03.409+0000] {logging_mixin.py:190} INFO - [2025-02-06T09:41:03.409+0000] {dag.py:3239} INFO - Sync 1 DAGs
[2025-02-06T09:41:03.421+0000] {logging_mixin.py:190} INFO - [2025-02-06T09:41:03.421+0000] {dag.py:4180} INFO - Setting next_dagrun for tutorial_objectstorage to None, run_after=None
[2025-02-06T09:41:03.474+0000] {processor.py:208} INFO - Processing /opt/conda/lib/python3.12/site-packages/airflow/example_dags/tutorial_objectstorage.py took 0.103 seconds
[2025-02-06T09:48:19.165+0000] {processor.py:186} INFO - Started process (PID=202) to work on /opt/conda/lib/python3.12/site-packages/airflow/example_dags/tutorial_objectstorage.py
[2025-02-06T09:48:19.166+0000] {processor.py:914} INFO - Processing file /opt/conda/lib/python3.12/site-packages/airflow/example_dags/tutorial_objectstorage.py for tasks to queue
[2025-02-06T09:48:19.171+0000] {logging_mixin.py:190} INFO - [2025-02-06T09:48:19.170+0000] {dagbag.py:588} INFO - Filling up the DagBag from /opt/conda/lib/python3.12/site-packages/airflow/example_dags/tutorial_objectstorage.py
[2025-02-06T09:48:19.180+0000] {processor.py:925} INFO - DAG(s) 'tutorial_objectstorage' retrieved from /opt/conda/lib/python3.12/site-packages/airflow/example_dags/tutorial_objectstorage.py
[2025-02-06T09:48:19.206+0000] {logging_mixin.py:190} INFO - [2025-02-06T09:48:19.205+0000] {dag.py:3239} INFO - Sync 1 DAGs
[2025-02-06T09:48:19.221+0000] {logging_mixin.py:190} INFO - [2025-02-06T09:48:19.221+0000] {dag.py:4180} INFO - Setting next_dagrun for tutorial_objectstorage to None, run_after=None
[2025-02-06T09:48:19.284+0000] {processor.py:208} INFO - Processing /opt/conda/lib/python3.12/site-packages/airflow/example_dags/tutorial_objectstorage.py took 0.125 seconds
[2025-02-06T09:53:30.801+0000] {processor.py:186} INFO - Started process (PID=749) to work on /opt/conda/lib/python3.12/site-packages/airflow/example_dags/tutorial_objectstorage.py
[2025-02-06T09:53:30.803+0000] {processor.py:914} INFO - Processing file /opt/conda/lib/python3.12/site-packages/airflow/example_dags/tutorial_objectstorage.py for tasks to queue
[2025-02-06T09:53:30.805+0000] {logging_mixin.py:190} INFO - [2025-02-06T09:53:30.804+0000] {dagbag.py:588} INFO - Filling up the DagBag from /opt/conda/lib/python3.12/site-packages/airflow/example_dags/tutorial_objectstorage.py
[2025-02-06T09:53:30.816+0000] {processor.py:925} INFO - DAG(s) 'tutorial_objectstorage' retrieved from /opt/conda/lib/python3.12/site-packages/airflow/example_dags/tutorial_objectstorage.py
[2025-02-06T09:53:30.874+0000] {logging_mixin.py:190} INFO - [2025-02-06T09:53:30.874+0000] {dag.py:3239} INFO - Sync 1 DAGs
[2025-02-06T09:53:30.896+0000] {logging_mixin.py:190} INFO - [2025-02-06T09:53:30.896+0000] {dag.py:4180} INFO - Setting next_dagrun for tutorial_objectstorage to None, run_after=None
[2025-02-06T09:53:31.083+0000] {processor.py:208} INFO - Processing /opt/conda/lib/python3.12/site-packages/airflow/example_dags/tutorial_objectstorage.py took 0.288 seconds
[2025-02-06T09:57:52.827+0000] {processor.py:186} INFO - Started process (PID=1240) to work on /opt/conda/lib/python3.12/site-packages/airflow/example_dags/tutorial_objectstorage.py
[2025-02-06T09:57:52.828+0000] {processor.py:914} INFO - Processing file /opt/conda/lib/python3.12/site-packages/airflow/example_dags/tutorial_objectstorage.py for tasks to queue
[2025-02-06T09:57:52.830+0000] {logging_mixin.py:190} INFO - [2025-02-06T09:57:52.830+0000] {dagbag.py:588} INFO - Filling up the DagBag from /opt/conda/lib/python3.12/site-packages/airflow/example_dags/tutorial_objectstorage.py
[2025-02-06T09:57:52.837+0000] {processor.py:925} INFO - DAG(s) 'tutorial_objectstorage' retrieved from /opt/conda/lib/python3.12/site-packages/airflow/example_dags/tutorial_objectstorage.py
[2025-02-06T09:57:52.854+0000] {logging_mixin.py:190} INFO - [2025-02-06T09:57:52.854+0000] {dag.py:3239} INFO - Sync 1 DAGs
[2025-02-06T09:57:52.866+0000] {logging_mixin.py:190} INFO - [2025-02-06T09:57:52.866+0000] {dag.py:4180} INFO - Setting next_dagrun for tutorial_objectstorage to None, run_after=None
[2025-02-06T09:57:52.914+0000] {processor.py:208} INFO - Processing /opt/conda/lib/python3.12/site-packages/airflow/example_dags/tutorial_objectstorage.py took 0.091 seconds
[2025-02-06T10:02:51.933+0000] {processor.py:186} INFO - Started process (PID=1780) to work on /opt/conda/lib/python3.12/site-packages/airflow/example_dags/tutorial_objectstorage.py
[2025-02-06T10:02:51.934+0000] {processor.py:914} INFO - Processing file /opt/conda/lib/python3.12/site-packages/airflow/example_dags/tutorial_objectstorage.py for tasks to queue
[2025-02-06T10:02:51.936+0000] {logging_mixin.py:190} INFO - [2025-02-06T10:02:51.936+0000] {dagbag.py:588} INFO - Filling up the DagBag from /opt/conda/lib/python3.12/site-packages/airflow/example_dags/tutorial_objectstorage.py
[2025-02-06T10:02:51.946+0000] {processor.py:925} INFO - DAG(s) 'tutorial_objectstorage' retrieved from /opt/conda/lib/python3.12/site-packages/airflow/example_dags/tutorial_objectstorage.py
[2025-02-06T10:02:51.969+0000] {logging_mixin.py:190} INFO - [2025-02-06T10:02:51.969+0000] {dag.py:3239} INFO - Sync 1 DAGs
[2025-02-06T10:02:51.982+0000] {logging_mixin.py:190} INFO - [2025-02-06T10:02:51.981+0000] {dag.py:4180} INFO - Setting next_dagrun for tutorial_objectstorage to None, run_after=None
[2025-02-06T10:02:52.034+0000] {processor.py:208} INFO - Processing /opt/conda/lib/python3.12/site-packages/airflow/example_dags/tutorial_objectstorage.py took 0.105 seconds
[2025-02-06T10:05:54.403+0000] {processor.py:186} INFO - Started process (PID=2057) to work on /opt/conda/lib/python3.12/site-packages/airflow/example_dags/tutorial_objectstorage.py
[2025-02-06T10:05:54.404+0000] {processor.py:914} INFO - Processing file /opt/conda/lib/python3.12/site-packages/airflow/example_dags/tutorial_objectstorage.py for tasks to queue
[2025-02-06T10:05:54.406+0000] {logging_mixin.py:190} INFO - [2025-02-06T10:05:54.405+0000] {dagbag.py:588} INFO - Filling up the DagBag from /opt/conda/lib/python3.12/site-packages/airflow/example_dags/tutorial_objectstorage.py
[2025-02-06T10:05:54.413+0000] {processor.py:925} INFO - DAG(s) 'tutorial_objectstorage' retrieved from /opt/conda/lib/python3.12/site-packages/airflow/example_dags/tutorial_objectstorage.py
[2025-02-06T10:05:54.433+0000] {logging_mixin.py:190} INFO - [2025-02-06T10:05:54.433+0000] {dag.py:3239} INFO - Sync 1 DAGs
[2025-02-06T10:05:54.445+0000] {logging_mixin.py:190} INFO - [2025-02-06T10:05:54.445+0000] {dag.py:4180} INFO - Setting next_dagrun for tutorial_objectstorage to None, run_after=None
[2025-02-06T10:05:54.508+0000] {processor.py:208} INFO - Processing /opt/conda/lib/python3.12/site-packages/airflow/example_dags/tutorial_objectstorage.py took 0.110 seconds
[2025-02-06T10:08:11.209+0000] {processor.py:186} INFO - Started process (PID=2256) to work on /opt/conda/lib/python3.12/site-packages/airflow/example_dags/tutorial_objectstorage.py
[2025-02-06T10:08:11.211+0000] {processor.py:914} INFO - Processing file /opt/conda/lib/python3.12/site-packages/airflow/example_dags/tutorial_objectstorage.py for tasks to queue
[2025-02-06T10:08:11.212+0000] {logging_mixin.py:190} INFO - [2025-02-06T10:08:11.212+0000] {dagbag.py:588} INFO - Filling up the DagBag from /opt/conda/lib/python3.12/site-packages/airflow/example_dags/tutorial_objectstorage.py
[2025-02-06T10:08:11.221+0000] {processor.py:925} INFO - DAG(s) 'tutorial_objectstorage' retrieved from /opt/conda/lib/python3.12/site-packages/airflow/example_dags/tutorial_objectstorage.py
[2025-02-06T10:08:11.248+0000] {logging_mixin.py:190} INFO - [2025-02-06T10:08:11.248+0000] {dag.py:3239} INFO - Sync 1 DAGs
[2025-02-06T10:08:11.273+0000] {logging_mixin.py:190} INFO - [2025-02-06T10:08:11.273+0000] {dag.py:4180} INFO - Setting next_dagrun for tutorial_objectstorage to None, run_after=None
[2025-02-06T10:08:11.346+0000] {processor.py:208} INFO - Processing /opt/conda/lib/python3.12/site-packages/airflow/example_dags/tutorial_objectstorage.py took 0.140 seconds
[2025-02-06T10:12:28.138+0000] {processor.py:186} INFO - Started process (PID=2700) to work on /opt/conda/lib/python3.12/site-packages/airflow/example_dags/tutorial_objectstorage.py
[2025-02-06T10:12:28.139+0000] {processor.py:914} INFO - Processing file /opt/conda/lib/python3.12/site-packages/airflow/example_dags/tutorial_objectstorage.py for tasks to queue
[2025-02-06T10:12:28.140+0000] {logging_mixin.py:190} INFO - [2025-02-06T10:12:28.140+0000] {dagbag.py:588} INFO - Filling up the DagBag from /opt/conda/lib/python3.12/site-packages/airflow/example_dags/tutorial_objectstorage.py
[2025-02-06T10:12:28.149+0000] {processor.py:925} INFO - DAG(s) 'tutorial_objectstorage' retrieved from /opt/conda/lib/python3.12/site-packages/airflow/example_dags/tutorial_objectstorage.py
[2025-02-06T10:12:28.173+0000] {logging_mixin.py:190} INFO - [2025-02-06T10:12:28.173+0000] {dag.py:3239} INFO - Sync 1 DAGs
[2025-02-06T10:12:28.187+0000] {logging_mixin.py:190} INFO - [2025-02-06T10:12:28.187+0000] {dag.py:4180} INFO - Setting next_dagrun for tutorial_objectstorage to None, run_after=None
[2025-02-06T10:12:28.356+0000] {processor.py:208} INFO - Processing /opt/conda/lib/python3.12/site-packages/airflow/example_dags/tutorial_objectstorage.py took 0.222 seconds
[2025-02-06T10:18:26.620+0000] {processor.py:186} INFO - Started process (PID=3325) to work on /opt/conda/lib/python3.12/site-packages/airflow/example_dags/tutorial_objectstorage.py
[2025-02-06T10:18:26.621+0000] {processor.py:914} INFO - Processing file /opt/conda/lib/python3.12/site-packages/airflow/example_dags/tutorial_objectstorage.py for tasks to queue
[2025-02-06T10:18:26.622+0000] {logging_mixin.py:190} INFO - [2025-02-06T10:18:26.622+0000] {dagbag.py:588} INFO - Filling up the DagBag from /opt/conda/lib/python3.12/site-packages/airflow/example_dags/tutorial_objectstorage.py
[2025-02-06T10:18:26.631+0000] {processor.py:925} INFO - DAG(s) 'tutorial_objectstorage' retrieved from /opt/conda/lib/python3.12/site-packages/airflow/example_dags/tutorial_objectstorage.py
[2025-02-06T10:18:26.656+0000] {logging_mixin.py:190} INFO - [2025-02-06T10:18:26.656+0000] {dag.py:3239} INFO - Sync 1 DAGs
[2025-02-06T10:18:26.669+0000] {logging_mixin.py:190} INFO - [2025-02-06T10:18:26.669+0000] {dag.py:4180} INFO - Setting next_dagrun for tutorial_objectstorage to None, run_after=None
[2025-02-06T10:18:26.724+0000] {processor.py:208} INFO - Processing /opt/conda/lib/python3.12/site-packages/airflow/example_dags/tutorial_objectstorage.py took 0.109 seconds
[2025-02-06T10:23:54.544+0000] {processor.py:186} INFO - Started process (PID=3877) to work on /opt/conda/lib/python3.12/site-packages/airflow/example_dags/tutorial_objectstorage.py
[2025-02-06T10:23:54.545+0000] {processor.py:914} INFO - Processing file /opt/conda/lib/python3.12/site-packages/airflow/example_dags/tutorial_objectstorage.py for tasks to queue
[2025-02-06T10:23:54.546+0000] {logging_mixin.py:190} INFO - [2025-02-06T10:23:54.546+0000] {dagbag.py:588} INFO - Filling up the DagBag from /opt/conda/lib/python3.12/site-packages/airflow/example_dags/tutorial_objectstorage.py
[2025-02-06T10:23:54.555+0000] {processor.py:925} INFO - DAG(s) 'tutorial_objectstorage' retrieved from /opt/conda/lib/python3.12/site-packages/airflow/example_dags/tutorial_objectstorage.py
[2025-02-06T10:23:54.576+0000] {logging_mixin.py:190} INFO - [2025-02-06T10:23:54.575+0000] {dag.py:3239} INFO - Sync 1 DAGs
[2025-02-06T10:23:54.589+0000] {logging_mixin.py:190} INFO - [2025-02-06T10:23:54.589+0000] {dag.py:4180} INFO - Setting next_dagrun for tutorial_objectstorage to None, run_after=None
[2025-02-06T10:23:54.666+0000] {processor.py:208} INFO - Processing /opt/conda/lib/python3.12/site-packages/airflow/example_dags/tutorial_objectstorage.py took 0.127 seconds
[2025-02-06T10:25:16.450+0000] {processor.py:186} INFO - Started process (PID=3982) to work on /opt/conda/lib/python3.12/site-packages/airflow/example_dags/tutorial_objectstorage.py
[2025-02-06T10:25:16.452+0000] {processor.py:914} INFO - Processing file /opt/conda/lib/python3.12/site-packages/airflow/example_dags/tutorial_objectstorage.py for tasks to queue
[2025-02-06T10:25:16.454+0000] {logging_mixin.py:190} INFO - [2025-02-06T10:25:16.453+0000] {dagbag.py:588} INFO - Filling up the DagBag from /opt/conda/lib/python3.12/site-packages/airflow/example_dags/tutorial_objectstorage.py
[2025-02-06T10:25:16.463+0000] {processor.py:925} INFO - DAG(s) 'tutorial_objectstorage' retrieved from /opt/conda/lib/python3.12/site-packages/airflow/example_dags/tutorial_objectstorage.py
[2025-02-06T10:25:16.487+0000] {logging_mixin.py:190} INFO - [2025-02-06T10:25:16.486+0000] {dag.py:3239} INFO - Sync 1 DAGs
[2025-02-06T10:25:16.499+0000] {logging_mixin.py:190} INFO - [2025-02-06T10:25:16.499+0000] {dag.py:4180} INFO - Setting next_dagrun for tutorial_objectstorage to None, run_after=None
[2025-02-06T10:25:16.555+0000] {processor.py:208} INFO - Processing /opt/conda/lib/python3.12/site-packages/airflow/example_dags/tutorial_objectstorage.py took 0.111 seconds
[2025-02-06T10:26:37.472+0000] {processor.py:186} INFO - Started process (PID=4127) to work on /opt/conda/lib/python3.12/site-packages/airflow/example_dags/tutorial_objectstorage.py
[2025-02-06T10:26:37.473+0000] {processor.py:914} INFO - Processing file /opt/conda/lib/python3.12/site-packages/airflow/example_dags/tutorial_objectstorage.py for tasks to queue
[2025-02-06T10:26:37.474+0000] {logging_mixin.py:190} INFO - [2025-02-06T10:26:37.474+0000] {dagbag.py:588} INFO - Filling up the DagBag from /opt/conda/lib/python3.12/site-packages/airflow/example_dags/tutorial_objectstorage.py
[2025-02-06T10:26:37.482+0000] {processor.py:925} INFO - DAG(s) 'tutorial_objectstorage' retrieved from /opt/conda/lib/python3.12/site-packages/airflow/example_dags/tutorial_objectstorage.py
[2025-02-06T10:26:37.507+0000] {logging_mixin.py:190} INFO - [2025-02-06T10:26:37.507+0000] {dag.py:3239} INFO - Sync 1 DAGs
[2025-02-06T10:26:37.523+0000] {logging_mixin.py:190} INFO - [2025-02-06T10:26:37.522+0000] {dag.py:4180} INFO - Setting next_dagrun for tutorial_objectstorage to None, run_after=None
[2025-02-06T10:26:37.579+0000] {processor.py:208} INFO - Processing /opt/conda/lib/python3.12/site-packages/airflow/example_dags/tutorial_objectstorage.py took 0.111 seconds
[2025-02-06T11:40:55.691+0000] {processor.py:186} INFO - Started process (PID=477) to work on /opt/conda/lib/python3.12/site-packages/airflow/example_dags/tutorial_objectstorage.py
[2025-02-06T11:40:55.693+0000] {processor.py:914} INFO - Processing file /opt/conda/lib/python3.12/site-packages/airflow/example_dags/tutorial_objectstorage.py for tasks to queue
[2025-02-06T11:40:55.695+0000] {logging_mixin.py:190} INFO - [2025-02-06T11:40:55.695+0000] {dagbag.py:588} INFO - Filling up the DagBag from /opt/conda/lib/python3.12/site-packages/airflow/example_dags/tutorial_objectstorage.py
[2025-02-06T11:40:55.704+0000] {processor.py:925} INFO - DAG(s) 'tutorial_objectstorage' retrieved from /opt/conda/lib/python3.12/site-packages/airflow/example_dags/tutorial_objectstorage.py
[2025-02-06T11:40:55.732+0000] {logging_mixin.py:190} INFO - [2025-02-06T11:40:55.731+0000] {dag.py:3239} INFO - Sync 1 DAGs
[2025-02-06T11:40:55.746+0000] {logging_mixin.py:190} INFO - [2025-02-06T11:40:55.746+0000] {dag.py:4180} INFO - Setting next_dagrun for tutorial_objectstorage to None, run_after=None
[2025-02-06T11:40:55.805+0000] {processor.py:208} INFO - Processing /opt/conda/lib/python3.12/site-packages/airflow/example_dags/tutorial_objectstorage.py took 0.119 seconds
[2025-02-06T11:44:42.700+0000] {processor.py:186} INFO - Started process (PID=1454) to work on /opt/conda/lib/python3.12/site-packages/airflow/example_dags/tutorial_objectstorage.py
[2025-02-06T11:44:42.701+0000] {processor.py:914} INFO - Processing file /opt/conda/lib/python3.12/site-packages/airflow/example_dags/tutorial_objectstorage.py for tasks to queue
[2025-02-06T11:44:42.703+0000] {logging_mixin.py:190} INFO - [2025-02-06T11:44:42.703+0000] {dagbag.py:588} INFO - Filling up the DagBag from /opt/conda/lib/python3.12/site-packages/airflow/example_dags/tutorial_objectstorage.py
[2025-02-06T11:44:42.715+0000] {processor.py:925} INFO - DAG(s) 'tutorial_objectstorage' retrieved from /opt/conda/lib/python3.12/site-packages/airflow/example_dags/tutorial_objectstorage.py
[2025-02-06T11:44:42.744+0000] {logging_mixin.py:190} INFO - [2025-02-06T11:44:42.743+0000] {dag.py:3239} INFO - Sync 1 DAGs
[2025-02-06T11:44:42.761+0000] {logging_mixin.py:190} INFO - [2025-02-06T11:44:42.761+0000] {dag.py:4180} INFO - Setting next_dagrun for tutorial_objectstorage to None, run_after=None
[2025-02-06T11:44:42.838+0000] {processor.py:208} INFO - Processing /opt/conda/lib/python3.12/site-packages/airflow/example_dags/tutorial_objectstorage.py took 0.144 seconds
[2025-02-06T11:49:07.875+0000] {processor.py:186} INFO - Started process (PID=2367) to work on /opt/conda/lib/python3.12/site-packages/airflow/example_dags/tutorial_objectstorage.py
[2025-02-06T11:49:07.877+0000] {processor.py:914} INFO - Processing file /opt/conda/lib/python3.12/site-packages/airflow/example_dags/tutorial_objectstorage.py for tasks to queue
[2025-02-06T11:49:07.879+0000] {logging_mixin.py:190} INFO - [2025-02-06T11:49:07.879+0000] {dagbag.py:588} INFO - Filling up the DagBag from /opt/conda/lib/python3.12/site-packages/airflow/example_dags/tutorial_objectstorage.py
[2025-02-06T11:49:07.890+0000] {processor.py:925} INFO - DAG(s) 'tutorial_objectstorage' retrieved from /opt/conda/lib/python3.12/site-packages/airflow/example_dags/tutorial_objectstorage.py
[2025-02-06T11:49:07.920+0000] {logging_mixin.py:190} INFO - [2025-02-06T11:49:07.920+0000] {dag.py:3239} INFO - Sync 1 DAGs
[2025-02-06T11:49:07.945+0000] {logging_mixin.py:190} INFO - [2025-02-06T11:49:07.945+0000] {dag.py:4180} INFO - Setting next_dagrun for tutorial_objectstorage to None, run_after=None
[2025-02-06T11:49:08.029+0000] {processor.py:208} INFO - Processing /opt/conda/lib/python3.12/site-packages/airflow/example_dags/tutorial_objectstorage.py took 0.159 seconds
[2025-02-06T11:52:36.070+0000] {processor.py:186} INFO - Started process (PID=3321) to work on /opt/conda/lib/python3.12/site-packages/airflow/example_dags/tutorial_objectstorage.py
[2025-02-06T11:52:36.071+0000] {processor.py:914} INFO - Processing file /opt/conda/lib/python3.12/site-packages/airflow/example_dags/tutorial_objectstorage.py for tasks to queue
[2025-02-06T11:52:36.072+0000] {logging_mixin.py:190} INFO - [2025-02-06T11:52:36.072+0000] {dagbag.py:588} INFO - Filling up the DagBag from /opt/conda/lib/python3.12/site-packages/airflow/example_dags/tutorial_objectstorage.py
[2025-02-06T11:52:36.080+0000] {processor.py:925} INFO - DAG(s) 'tutorial_objectstorage' retrieved from /opt/conda/lib/python3.12/site-packages/airflow/example_dags/tutorial_objectstorage.py
[2025-02-06T11:52:36.100+0000] {logging_mixin.py:190} INFO - [2025-02-06T11:52:36.100+0000] {dag.py:3239} INFO - Sync 1 DAGs
[2025-02-06T11:52:36.111+0000] {logging_mixin.py:190} INFO - [2025-02-06T11:52:36.111+0000] {dag.py:4180} INFO - Setting next_dagrun for tutorial_objectstorage to None, run_after=None
[2025-02-06T11:52:36.179+0000] {processor.py:208} INFO - Processing /opt/conda/lib/python3.12/site-packages/airflow/example_dags/tutorial_objectstorage.py took 0.112 seconds
[2025-02-06T11:55:08.239+0000] {processor.py:186} INFO - Started process (PID=132) to work on /opt/conda/lib/python3.12/site-packages/airflow/example_dags/tutorial_objectstorage.py
[2025-02-06T11:55:08.240+0000] {processor.py:914} INFO - Processing file /opt/conda/lib/python3.12/site-packages/airflow/example_dags/tutorial_objectstorage.py for tasks to queue
[2025-02-06T11:55:08.243+0000] {logging_mixin.py:190} INFO - [2025-02-06T11:55:08.242+0000] {dagbag.py:588} INFO - Filling up the DagBag from /opt/conda/lib/python3.12/site-packages/airflow/example_dags/tutorial_objectstorage.py
[2025-02-06T11:55:08.257+0000] {processor.py:925} INFO - DAG(s) 'tutorial_objectstorage' retrieved from /opt/conda/lib/python3.12/site-packages/airflow/example_dags/tutorial_objectstorage.py
[2025-02-06T11:55:08.303+0000] {logging_mixin.py:190} INFO - [2025-02-06T11:55:08.302+0000] {dag.py:3239} INFO - Sync 1 DAGs
[2025-02-06T11:55:08.328+0000] {logging_mixin.py:190} INFO - [2025-02-06T11:55:08.328+0000] {dag.py:4180} INFO - Setting next_dagrun for tutorial_objectstorage to None, run_after=None
[2025-02-06T11:55:08.433+0000] {processor.py:208} INFO - Processing /opt/conda/lib/python3.12/site-packages/airflow/example_dags/tutorial_objectstorage.py took 0.201 seconds
[2025-02-06T11:59:40.706+0000] {processor.py:186} INFO - Started process (PID=497) to work on /opt/conda/lib/python3.12/site-packages/airflow/example_dags/tutorial_objectstorage.py
[2025-02-06T11:59:40.708+0000] {processor.py:914} INFO - Processing file /opt/conda/lib/python3.12/site-packages/airflow/example_dags/tutorial_objectstorage.py for tasks to queue
[2025-02-06T11:59:40.711+0000] {logging_mixin.py:190} INFO - [2025-02-06T11:59:40.710+0000] {dagbag.py:588} INFO - Filling up the DagBag from /opt/conda/lib/python3.12/site-packages/airflow/example_dags/tutorial_objectstorage.py
[2025-02-06T11:59:40.722+0000] {processor.py:925} INFO - DAG(s) 'tutorial_objectstorage' retrieved from /opt/conda/lib/python3.12/site-packages/airflow/example_dags/tutorial_objectstorage.py
[2025-02-06T11:59:40.764+0000] {logging_mixin.py:190} INFO - [2025-02-06T11:59:40.764+0000] {dag.py:3239} INFO - Sync 1 DAGs
[2025-02-06T11:59:40.787+0000] {logging_mixin.py:190} INFO - [2025-02-06T11:59:40.786+0000] {dag.py:4180} INFO - Setting next_dagrun for tutorial_objectstorage to None, run_after=None
[2025-02-06T11:59:40.867+0000] {processor.py:208} INFO - Processing /opt/conda/lib/python3.12/site-packages/airflow/example_dags/tutorial_objectstorage.py took 0.166 seconds
[2025-02-06T12:04:40.261+0000] {processor.py:186} INFO - Started process (PID=477) to work on /opt/conda/lib/python3.12/site-packages/airflow/example_dags/tutorial_objectstorage.py
[2025-02-06T12:04:40.262+0000] {processor.py:914} INFO - Processing file /opt/conda/lib/python3.12/site-packages/airflow/example_dags/tutorial_objectstorage.py for tasks to queue
[2025-02-06T12:04:40.264+0000] {logging_mixin.py:190} INFO - [2025-02-06T12:04:40.264+0000] {dagbag.py:588} INFO - Filling up the DagBag from /opt/conda/lib/python3.12/site-packages/airflow/example_dags/tutorial_objectstorage.py
[2025-02-06T12:04:40.272+0000] {processor.py:925} INFO - DAG(s) 'tutorial_objectstorage' retrieved from /opt/conda/lib/python3.12/site-packages/airflow/example_dags/tutorial_objectstorage.py
[2025-02-06T12:04:40.294+0000] {logging_mixin.py:190} INFO - [2025-02-06T12:04:40.294+0000] {dag.py:3239} INFO - Sync 1 DAGs
[2025-02-06T12:04:40.306+0000] {logging_mixin.py:190} INFO - [2025-02-06T12:04:40.306+0000] {dag.py:4180} INFO - Setting next_dagrun for tutorial_objectstorage to None, run_after=None
[2025-02-06T12:04:40.361+0000] {processor.py:208} INFO - Processing /opt/conda/lib/python3.12/site-packages/airflow/example_dags/tutorial_objectstorage.py took 0.103 seconds
[2025-02-06T12:07:33.475+0000] {processor.py:186} INFO - Started process (PID=1492) to work on /opt/conda/lib/python3.12/site-packages/airflow/example_dags/tutorial_objectstorage.py
[2025-02-06T12:07:33.476+0000] {processor.py:914} INFO - Processing file /opt/conda/lib/python3.12/site-packages/airflow/example_dags/tutorial_objectstorage.py for tasks to queue
[2025-02-06T12:07:33.478+0000] {logging_mixin.py:190} INFO - [2025-02-06T12:07:33.478+0000] {dagbag.py:588} INFO - Filling up the DagBag from /opt/conda/lib/python3.12/site-packages/airflow/example_dags/tutorial_objectstorage.py
[2025-02-06T12:07:33.485+0000] {processor.py:925} INFO - DAG(s) 'tutorial_objectstorage' retrieved from /opt/conda/lib/python3.12/site-packages/airflow/example_dags/tutorial_objectstorage.py
[2025-02-06T12:07:33.513+0000] {logging_mixin.py:190} INFO - [2025-02-06T12:07:33.512+0000] {dag.py:3239} INFO - Sync 1 DAGs
[2025-02-06T12:07:33.523+0000] {logging_mixin.py:190} INFO - [2025-02-06T12:07:33.523+0000] {dag.py:4180} INFO - Setting next_dagrun for tutorial_objectstorage to None, run_after=None
[2025-02-06T12:07:33.585+0000] {processor.py:208} INFO - Processing /opt/conda/lib/python3.12/site-packages/airflow/example_dags/tutorial_objectstorage.py took 0.115 seconds
[2025-02-06T12:25:11.353+0000] {processor.py:186} INFO - Started process (PID=1483) to work on /opt/conda/lib/python3.12/site-packages/airflow/example_dags/tutorial_objectstorage.py
[2025-02-06T12:25:11.354+0000] {processor.py:914} INFO - Processing file /opt/conda/lib/python3.12/site-packages/airflow/example_dags/tutorial_objectstorage.py for tasks to queue
[2025-02-06T12:25:11.356+0000] {logging_mixin.py:190} INFO - [2025-02-06T12:25:11.355+0000] {dagbag.py:588} INFO - Filling up the DagBag from /opt/conda/lib/python3.12/site-packages/airflow/example_dags/tutorial_objectstorage.py
[2025-02-06T12:25:11.363+0000] {processor.py:925} INFO - DAG(s) 'tutorial_objectstorage' retrieved from /opt/conda/lib/python3.12/site-packages/airflow/example_dags/tutorial_objectstorage.py
[2025-02-06T12:25:11.422+0000] {logging_mixin.py:190} INFO - [2025-02-06T12:25:11.422+0000] {dag.py:3239} INFO - Sync 1 DAGs
[2025-02-06T12:25:11.439+0000] {logging_mixin.py:190} INFO - [2025-02-06T12:25:11.439+0000] {dag.py:4180} INFO - Setting next_dagrun for tutorial_objectstorage to None, run_after=None
[2025-02-06T12:25:11.506+0000] {processor.py:208} INFO - Processing /opt/conda/lib/python3.12/site-packages/airflow/example_dags/tutorial_objectstorage.py took 0.157 seconds
[2025-02-06T12:28:59.275+0000] {processor.py:186} INFO - Started process (PID=3348) to work on /opt/conda/lib/python3.12/site-packages/airflow/example_dags/tutorial_objectstorage.py
[2025-02-06T12:28:59.276+0000] {processor.py:914} INFO - Processing file /opt/conda/lib/python3.12/site-packages/airflow/example_dags/tutorial_objectstorage.py for tasks to queue
[2025-02-06T12:28:59.278+0000] {logging_mixin.py:190} INFO - [2025-02-06T12:28:59.277+0000] {dagbag.py:588} INFO - Filling up the DagBag from /opt/conda/lib/python3.12/site-packages/airflow/example_dags/tutorial_objectstorage.py
[2025-02-06T12:28:59.286+0000] {processor.py:925} INFO - DAG(s) 'tutorial_objectstorage' retrieved from /opt/conda/lib/python3.12/site-packages/airflow/example_dags/tutorial_objectstorage.py
[2025-02-06T12:28:59.304+0000] {logging_mixin.py:190} INFO - [2025-02-06T12:28:59.304+0000] {dag.py:3239} INFO - Sync 1 DAGs
[2025-02-06T12:28:59.317+0000] {logging_mixin.py:190} INFO - [2025-02-06T12:28:59.317+0000] {dag.py:4180} INFO - Setting next_dagrun for tutorial_objectstorage to None, run_after=None
[2025-02-06T12:28:59.392+0000] {processor.py:208} INFO - Processing /opt/conda/lib/python3.12/site-packages/airflow/example_dags/tutorial_objectstorage.py took 0.122 seconds
[2025-02-06T12:32:49.670+0000] {processor.py:186} INFO - Started process (PID=5361) to work on /opt/conda/lib/python3.12/site-packages/airflow/example_dags/tutorial_objectstorage.py
[2025-02-06T12:32:49.671+0000] {processor.py:914} INFO - Processing file /opt/conda/lib/python3.12/site-packages/airflow/example_dags/tutorial_objectstorage.py for tasks to queue
[2025-02-06T12:32:49.673+0000] {logging_mixin.py:190} INFO - [2025-02-06T12:32:49.672+0000] {dagbag.py:588} INFO - Filling up the DagBag from /opt/conda/lib/python3.12/site-packages/airflow/example_dags/tutorial_objectstorage.py
[2025-02-06T12:32:49.681+0000] {processor.py:925} INFO - DAG(s) 'tutorial_objectstorage' retrieved from /opt/conda/lib/python3.12/site-packages/airflow/example_dags/tutorial_objectstorage.py
[2025-02-06T12:32:49.704+0000] {logging_mixin.py:190} INFO - [2025-02-06T12:32:49.704+0000] {dag.py:3239} INFO - Sync 1 DAGs
[2025-02-06T12:32:49.716+0000] {logging_mixin.py:190} INFO - [2025-02-06T12:32:49.716+0000] {dag.py:4180} INFO - Setting next_dagrun for tutorial_objectstorage to None, run_after=None
[2025-02-06T12:32:49.821+0000] {processor.py:208} INFO - Processing /opt/conda/lib/python3.12/site-packages/airflow/example_dags/tutorial_objectstorage.py took 0.155 seconds
[2025-02-06T12:37:01.901+0000] {processor.py:186} INFO - Started process (PID=7517) to work on /opt/conda/lib/python3.12/site-packages/airflow/example_dags/tutorial_objectstorage.py
[2025-02-06T12:37:01.903+0000] {processor.py:914} INFO - Processing file /opt/conda/lib/python3.12/site-packages/airflow/example_dags/tutorial_objectstorage.py for tasks to queue
[2025-02-06T12:37:01.905+0000] {logging_mixin.py:190} INFO - [2025-02-06T12:37:01.904+0000] {dagbag.py:588} INFO - Filling up the DagBag from /opt/conda/lib/python3.12/site-packages/airflow/example_dags/tutorial_objectstorage.py
[2025-02-06T12:37:01.913+0000] {processor.py:925} INFO - DAG(s) 'tutorial_objectstorage' retrieved from /opt/conda/lib/python3.12/site-packages/airflow/example_dags/tutorial_objectstorage.py
[2025-02-06T12:37:01.936+0000] {logging_mixin.py:190} INFO - [2025-02-06T12:37:01.936+0000] {dag.py:3239} INFO - Sync 1 DAGs
[2025-02-06T12:37:01.948+0000] {logging_mixin.py:190} INFO - [2025-02-06T12:37:01.947+0000] {dag.py:4180} INFO - Setting next_dagrun for tutorial_objectstorage to None, run_after=None
[2025-02-06T12:37:02.001+0000] {processor.py:208} INFO - Processing /opt/conda/lib/python3.12/site-packages/airflow/example_dags/tutorial_objectstorage.py took 0.104 seconds
[2025-02-06T12:41:07.935+0000] {processor.py:186} INFO - Started process (PID=9603) to work on /opt/conda/lib/python3.12/site-packages/airflow/example_dags/tutorial_objectstorage.py
[2025-02-06T12:41:07.940+0000] {processor.py:914} INFO - Processing file /opt/conda/lib/python3.12/site-packages/airflow/example_dags/tutorial_objectstorage.py for tasks to queue
[2025-02-06T12:41:07.943+0000] {logging_mixin.py:190} INFO - [2025-02-06T12:41:07.943+0000] {dagbag.py:588} INFO - Filling up the DagBag from /opt/conda/lib/python3.12/site-packages/airflow/example_dags/tutorial_objectstorage.py
[2025-02-06T12:41:07.950+0000] {processor.py:925} INFO - DAG(s) 'tutorial_objectstorage' retrieved from /opt/conda/lib/python3.12/site-packages/airflow/example_dags/tutorial_objectstorage.py
[2025-02-06T12:41:07.971+0000] {logging_mixin.py:190} INFO - [2025-02-06T12:41:07.971+0000] {dag.py:3239} INFO - Sync 1 DAGs
[2025-02-06T12:41:07.982+0000] {logging_mixin.py:190} INFO - [2025-02-06T12:41:07.982+0000] {dag.py:4180} INFO - Setting next_dagrun for tutorial_objectstorage to None, run_after=None
[2025-02-06T12:41:08.026+0000] {processor.py:208} INFO - Processing /opt/conda/lib/python3.12/site-packages/airflow/example_dags/tutorial_objectstorage.py took 0.096 seconds
[2025-02-06T12:45:14.554+0000] {processor.py:186} INFO - Started process (PID=11721) to work on /opt/conda/lib/python3.12/site-packages/airflow/example_dags/tutorial_objectstorage.py
[2025-02-06T12:45:14.556+0000] {processor.py:914} INFO - Processing file /opt/conda/lib/python3.12/site-packages/airflow/example_dags/tutorial_objectstorage.py for tasks to queue
[2025-02-06T12:45:14.559+0000] {logging_mixin.py:190} INFO - [2025-02-06T12:45:14.558+0000] {dagbag.py:588} INFO - Filling up the DagBag from /opt/conda/lib/python3.12/site-packages/airflow/example_dags/tutorial_objectstorage.py
[2025-02-06T12:45:14.568+0000] {processor.py:925} INFO - DAG(s) 'tutorial_objectstorage' retrieved from /opt/conda/lib/python3.12/site-packages/airflow/example_dags/tutorial_objectstorage.py
[2025-02-06T12:45:14.600+0000] {logging_mixin.py:190} INFO - [2025-02-06T12:45:14.600+0000] {dag.py:3239} INFO - Sync 1 DAGs
[2025-02-06T12:45:14.613+0000] {logging_mixin.py:190} INFO - [2025-02-06T12:45:14.612+0000] {dag.py:4180} INFO - Setting next_dagrun for tutorial_objectstorage to None, run_after=None
[2025-02-06T12:45:14.754+0000] {processor.py:208} INFO - Processing /opt/conda/lib/python3.12/site-packages/airflow/example_dags/tutorial_objectstorage.py took 0.204 seconds
[2025-02-06T12:50:30.616+0000] {processor.py:186} INFO - Started process (PID=14113) to work on /opt/conda/lib/python3.12/site-packages/airflow/example_dags/tutorial_objectstorage.py
[2025-02-06T12:50:30.617+0000] {processor.py:914} INFO - Processing file /opt/conda/lib/python3.12/site-packages/airflow/example_dags/tutorial_objectstorage.py for tasks to queue
[2025-02-06T12:50:30.619+0000] {logging_mixin.py:190} INFO - [2025-02-06T12:50:30.619+0000] {dagbag.py:588} INFO - Filling up the DagBag from /opt/conda/lib/python3.12/site-packages/airflow/example_dags/tutorial_objectstorage.py
[2025-02-06T12:50:30.629+0000] {processor.py:925} INFO - DAG(s) 'tutorial_objectstorage' retrieved from /opt/conda/lib/python3.12/site-packages/airflow/example_dags/tutorial_objectstorage.py
[2025-02-06T12:50:30.651+0000] {logging_mixin.py:190} INFO - [2025-02-06T12:50:30.651+0000] {dag.py:3239} INFO - Sync 1 DAGs
[2025-02-06T12:50:30.666+0000] {logging_mixin.py:190} INFO - [2025-02-06T12:50:30.666+0000] {dag.py:4180} INFO - Setting next_dagrun for tutorial_objectstorage to None, run_after=None
[2025-02-06T12:50:30.734+0000] {processor.py:208} INFO - Processing /opt/conda/lib/python3.12/site-packages/airflow/example_dags/tutorial_objectstorage.py took 0.123 seconds
[2025-02-06T13:00:15.255+0000] {processor.py:186} INFO - Started process (PID=722) to work on /opt/conda/lib/python3.12/site-packages/airflow/example_dags/tutorial_objectstorage.py
[2025-02-06T13:00:15.258+0000] {processor.py:914} INFO - Processing file /opt/conda/lib/python3.12/site-packages/airflow/example_dags/tutorial_objectstorage.py for tasks to queue
[2025-02-06T13:00:15.261+0000] {logging_mixin.py:190} INFO - [2025-02-06T13:00:15.260+0000] {dagbag.py:588} INFO - Filling up the DagBag from /opt/conda/lib/python3.12/site-packages/airflow/example_dags/tutorial_objectstorage.py
[2025-02-06T13:00:15.273+0000] {processor.py:925} INFO - DAG(s) 'tutorial_objectstorage' retrieved from /opt/conda/lib/python3.12/site-packages/airflow/example_dags/tutorial_objectstorage.py
[2025-02-06T13:00:15.305+0000] {logging_mixin.py:190} INFO - [2025-02-06T13:00:15.305+0000] {dag.py:3239} INFO - Sync 1 DAGs
[2025-02-06T13:00:15.322+0000] {logging_mixin.py:190} INFO - [2025-02-06T13:00:15.322+0000] {dag.py:4180} INFO - Setting next_dagrun for tutorial_objectstorage to None, run_after=None
[2025-02-06T13:00:15.391+0000] {processor.py:208} INFO - Processing /opt/conda/lib/python3.12/site-packages/airflow/example_dags/tutorial_objectstorage.py took 0.144 seconds
[2025-02-06T13:03:16.621+0000] {processor.py:186} INFO - Started process (PID=1698) to work on /opt/conda/lib/python3.12/site-packages/airflow/example_dags/tutorial_objectstorage.py
[2025-02-06T13:03:16.623+0000] {processor.py:914} INFO - Processing file /opt/conda/lib/python3.12/site-packages/airflow/example_dags/tutorial_objectstorage.py for tasks to queue
[2025-02-06T13:03:16.625+0000] {logging_mixin.py:190} INFO - [2025-02-06T13:03:16.625+0000] {dagbag.py:588} INFO - Filling up the DagBag from /opt/conda/lib/python3.12/site-packages/airflow/example_dags/tutorial_objectstorage.py
[2025-02-06T13:03:16.640+0000] {processor.py:925} INFO - DAG(s) 'tutorial_objectstorage' retrieved from /opt/conda/lib/python3.12/site-packages/airflow/example_dags/tutorial_objectstorage.py
[2025-02-06T13:03:16.675+0000] {logging_mixin.py:190} INFO - [2025-02-06T13:03:16.674+0000] {dag.py:3239} INFO - Sync 1 DAGs
[2025-02-06T13:03:16.692+0000] {logging_mixin.py:190} INFO - [2025-02-06T13:03:16.692+0000] {dag.py:4180} INFO - Setting next_dagrun for tutorial_objectstorage to None, run_after=None
[2025-02-06T13:03:16.767+0000] {processor.py:208} INFO - Processing /opt/conda/lib/python3.12/site-packages/airflow/example_dags/tutorial_objectstorage.py took 0.155 seconds
[2025-02-06T13:05:30.270+0000] {processor.py:186} INFO - Started process (PID=2396) to work on /opt/conda/lib/python3.12/site-packages/airflow/example_dags/tutorial_objectstorage.py
[2025-02-06T13:05:30.271+0000] {processor.py:914} INFO - Processing file /opt/conda/lib/python3.12/site-packages/airflow/example_dags/tutorial_objectstorage.py for tasks to queue
[2025-02-06T13:05:30.273+0000] {logging_mixin.py:190} INFO - [2025-02-06T13:05:30.273+0000] {dagbag.py:588} INFO - Filling up the DagBag from /opt/conda/lib/python3.12/site-packages/airflow/example_dags/tutorial_objectstorage.py
[2025-02-06T13:05:30.282+0000] {processor.py:925} INFO - DAG(s) 'tutorial_objectstorage' retrieved from /opt/conda/lib/python3.12/site-packages/airflow/example_dags/tutorial_objectstorage.py
[2025-02-06T13:05:30.304+0000] {logging_mixin.py:190} INFO - [2025-02-06T13:05:30.303+0000] {dag.py:3239} INFO - Sync 1 DAGs
[2025-02-06T13:05:30.316+0000] {logging_mixin.py:190} INFO - [2025-02-06T13:05:30.316+0000] {dag.py:4180} INFO - Setting next_dagrun for tutorial_objectstorage to None, run_after=None
[2025-02-06T13:05:30.364+0000] {processor.py:208} INFO - Processing /opt/conda/lib/python3.12/site-packages/airflow/example_dags/tutorial_objectstorage.py took 0.098 seconds
