[2025-02-06T13:06:52.752+0000] {local_task_job_runner.py:123} INFO - ::group::Pre task execution logs
[2025-02-06T13:06:52.772+0000] {taskinstance.py:2613} INFO - Dependencies all met for dep_context=non-requeueable deps ti=<TaskInstance: my_first_dag.task_2 scheduled__2025-01-01T07:37:30+00:00 [queued]>
[2025-02-06T13:06:52.800+0000] {taskinstance.py:2613} INFO - Dependencies all met for dep_context=requeueable deps ti=<TaskInstance: my_first_dag.task_2 scheduled__2025-01-01T07:37:30+00:00 [queued]>
[2025-02-06T13:06:52.801+0000] {taskinstance.py:2866} INFO - Starting attempt 1 of 1
[2025-02-06T13:06:52.836+0000] {taskinstance.py:2889} INFO - Executing <Task(PythonOperator): task_2> on 2025-01-01 07:37:30+00:00
[2025-02-06T13:06:52.840+0000] {standard_task_runner.py:72} INFO - Started process 2878 to run task
[2025-02-06T13:06:52.842+0000] {standard_task_runner.py:104} INFO - Running: ['airflow', 'tasks', 'run', 'my_first_dag', 'task_2', 'scheduled__2025-01-01T07:37:30+00:00', '--job-id', '3152', '--raw', '--subdir', 'DAGS_FOLDER/first_dag.py', '--cfg-path', '/tmp/tmpiaixgtez']
[2025-02-06T13:06:52.843+0000] {standard_task_runner.py:105} INFO - Job 3152: Subtask task_2
[2025-02-06T13:06:52.926+0000] {task_command.py:467} INFO - Running <TaskInstance: my_first_dag.task_2 scheduled__2025-01-01T07:37:30+00:00 [running]> on host 843ef7911ffd
[2025-02-06T13:06:53.026+0000] {taskinstance.py:3132} INFO - Exporting env vars: AIRFLOW_CTX_DAG_OWNER='airflow' AIRFLOW_CTX_DAG_ID='my_first_dag' AIRFLOW_CTX_TASK_ID='task_2' AIRFLOW_CTX_EXECUTION_DATE='2025-01-01T07:37:30+00:00' AIRFLOW_CTX_TRY_NUMBER='1' AIRFLOW_CTX_DAG_RUN_ID='scheduled__2025-01-01T07:37:30+00:00'
[2025-02-06T13:06:53.028+0000] {logging_mixin.py:190} INFO - Task instance is in running state
[2025-02-06T13:06:53.029+0000] {logging_mixin.py:190} INFO -  Previous state of the Task instance: queued
[2025-02-06T13:06:53.029+0000] {logging_mixin.py:190} INFO - Current task name:task_2 state:running start_date:2025-02-06 13:06:52.774009+00:00
[2025-02-06T13:06:53.030+0000] {logging_mixin.py:190} INFO - Dag name:my_first_dag and current dag run status:running
[2025-02-06T13:06:53.030+0000] {taskinstance.py:731} INFO - ::endgroup::
[2025-02-06T13:06:53.064+0000] {logging_mixin.py:190} INFO - Hello John 564 API_KEY
[2025-02-06T13:06:53.065+0000] {python.py:240} INFO - Done. Returned value was: 564
[2025-02-06T13:06:53.105+0000] {taskinstance.py:340} INFO - ::group::Post task execution logs
[2025-02-06T13:06:53.105+0000] {taskinstance.py:352} INFO - Marking task as SUCCESS. dag_id=my_first_dag, task_id=task_2, run_id=scheduled__2025-01-01T07:37:30+00:00, execution_date=20250101T073730, start_date=20250206T130652, end_date=20250206T130653
[2025-02-06T13:06:53.237+0000] {logging_mixin.py:190} INFO - Task instance in success state
[2025-02-06T13:06:53.238+0000] {logging_mixin.py:190} INFO -  Previous state of the Task instance: running
[2025-02-06T13:06:53.239+0000] {logging_mixin.py:190} INFO - Dag name:my_first_dag queued_at:2025-02-06 13:06:40.390325+00:00
[2025-02-06T13:06:53.239+0000] {logging_mixin.py:190} INFO - Task hostname:843ef7911ffd operator:PythonOperator
[2025-02-06T13:06:53.257+0000] {local_task_job_runner.py:266} INFO - Task exited with return code 0
[2025-02-06T13:06:53.290+0000] {taskinstance.py:3895} INFO - 1 downstream tasks scheduled from follow-on schedule check
[2025-02-06T13:06:53.301+0000] {local_task_job_runner.py:245} INFO - ::endgroup::
