[2025-02-06T12:07:09.043+0000] {local_task_job_runner.py:123} INFO - ::group::Pre task execution logs
[2025-02-06T12:07:09.078+0000] {taskinstance.py:2613} INFO - Dependencies all met for dep_context=non-requeueable deps ti=<TaskInstance: my_first_dag.task_1 scheduled__2025-01-01T06:40:30+00:00 [queued]>
[2025-02-06T12:07:09.126+0000] {taskinstance.py:2613} INFO - Dependencies all met for dep_context=requeueable deps ti=<TaskInstance: my_first_dag.task_1 scheduled__2025-01-01T06:40:30+00:00 [queued]>
[2025-02-06T12:07:09.128+0000] {taskinstance.py:2866} INFO - Starting attempt 1 of 1
[2025-02-06T12:07:09.184+0000] {taskinstance.py:2889} INFO - Executing <Task(PythonOperator): task_1> on 2025-01-01 06:40:30+00:00
[2025-02-06T12:07:09.196+0000] {standard_task_runner.py:72} INFO - Started process 1367 to run task
[2025-02-06T12:07:09.199+0000] {standard_task_runner.py:104} INFO - Running: ['airflow', 'tasks', 'run', 'my_first_dag', 'task_1', 'scheduled__2025-01-01T06:40:30+00:00', '--job-id', '2335', '--raw', '--subdir', 'DAGS_FOLDER/first_dag.py', '--cfg-path', '/tmp/tmpopwhknf6']
[2025-02-06T12:07:09.200+0000] {standard_task_runner.py:105} INFO - Job 2335: Subtask task_1
[2025-02-06T12:07:09.306+0000] {task_command.py:467} INFO - Running <TaskInstance: my_first_dag.task_1 scheduled__2025-01-01T06:40:30+00:00 [running]> on host 06d5bdc1dd82
[2025-02-06T12:07:09.440+0000] {taskinstance.py:3132} INFO - Exporting env vars: AIRFLOW_CTX_DAG_OWNER='airflow' AIRFLOW_CTX_DAG_ID='my_first_dag' AIRFLOW_CTX_TASK_ID='task_1' AIRFLOW_CTX_EXECUTION_DATE='2025-01-01T06:40:30+00:00' AIRFLOW_CTX_TRY_NUMBER='1' AIRFLOW_CTX_DAG_RUN_ID='scheduled__2025-01-01T06:40:30+00:00'
[2025-02-06T12:07:09.442+0000] {logging_mixin.py:190} INFO - Task instance is in running state
[2025-02-06T12:07:09.442+0000] {logging_mixin.py:190} INFO -  Previous state of the Task instance: queued
[2025-02-06T12:07:09.443+0000] {logging_mixin.py:190} INFO - Current task name:task_1 state:running start_date:2025-02-06 12:07:09.078899+00:00
[2025-02-06T12:07:09.443+0000] {logging_mixin.py:190} INFO - Dag name:my_first_dag and current dag run status:running
[2025-02-06T12:07:09.443+0000] {taskinstance.py:731} INFO - ::endgroup::
[2025-02-06T12:07:09.474+0000] {logging_mixin.py:190} INFO - Hello Kevin 683 API_KEY
[2025-02-06T12:07:09.475+0000] {python.py:240} INFO - Done. Returned value was: 683
[2025-02-06T12:07:09.710+0000] {taskinstance.py:340} INFO - ::group::Post task execution logs
[2025-02-06T12:07:09.711+0000] {taskinstance.py:352} INFO - Marking task as SUCCESS. dag_id=my_first_dag, task_id=task_1, run_id=scheduled__2025-01-01T06:40:30+00:00, execution_date=20250101T064030, start_date=20250206T120709, end_date=20250206T120709
[2025-02-06T12:07:09.764+0000] {logging_mixin.py:190} INFO - Task instance in success state
[2025-02-06T12:07:09.765+0000] {logging_mixin.py:190} INFO -  Previous state of the Task instance: running
[2025-02-06T12:07:09.766+0000] {logging_mixin.py:190} INFO - Dag name:my_first_dag queued_at:2025-02-06 12:06:57.151712+00:00
[2025-02-06T12:07:09.767+0000] {logging_mixin.py:190} INFO - Task hostname:06d5bdc1dd82 operator:PythonOperator
[2025-02-06T12:07:09.819+0000] {local_task_job_runner.py:266} INFO - Task exited with return code 0
[2025-02-06T12:07:09.864+0000] {taskinstance.py:3895} INFO - 1 downstream tasks scheduled from follow-on schedule check
[2025-02-06T12:07:09.936+0000] {local_task_job_runner.py:245} INFO - ::endgroup::
