[2025-02-06T12:24:29.762+0000] {local_task_job_runner.py:123} INFO - ::group::Pre task execution logs
[2025-02-06T12:24:29.776+0000] {taskinstance.py:2613} INFO - Dependencies all met for dep_context=non-requeueable deps ti=<TaskInstance: my_first_dag.first_task scheduled__2025-01-01T06:53:30+00:00 [queued]>
[2025-02-06T12:24:29.800+0000] {taskinstance.py:2613} INFO - Dependencies all met for dep_context=requeueable deps ti=<TaskInstance: my_first_dag.first_task scheduled__2025-01-01T06:53:30+00:00 [queued]>
[2025-02-06T12:24:29.802+0000] {taskinstance.py:2866} INFO - Starting attempt 1 of 1
[2025-02-06T12:24:29.835+0000] {taskinstance.py:2889} INFO - Executing <Task(PythonOperator): first_task> on 2025-01-01 06:53:30+00:00
[2025-02-06T12:24:29.838+0000] {standard_task_runner.py:72} INFO - Started process 1216 to run task
[2025-02-06T12:24:29.841+0000] {standard_task_runner.py:104} INFO - Running: ['airflow', 'tasks', 'run', 'my_first_dag', 'first_task', 'scheduled__2025-01-01T06:53:30+00:00', '--job-id', '2479', '--raw', '--subdir', 'DAGS_FOLDER/first_dag.py', '--cfg-path', '/tmp/tmp7txmdkja']
[2025-02-06T12:24:29.842+0000] {standard_task_runner.py:105} INFO - Job 2479: Subtask first_task
[2025-02-06T12:24:29.923+0000] {task_command.py:467} INFO - Running <TaskInstance: my_first_dag.first_task scheduled__2025-01-01T06:53:30+00:00 [running]> on host f59ce29465b4
[2025-02-06T12:24:30.017+0000] {taskinstance.py:3132} INFO - Exporting env vars: AIRFLOW_CTX_DAG_OWNER='airflow' AIRFLOW_CTX_DAG_ID='my_first_dag' AIRFLOW_CTX_TASK_ID='first_task' AIRFLOW_CTX_EXECUTION_DATE='2025-01-01T06:53:30+00:00' AIRFLOW_CTX_TRY_NUMBER='1' AIRFLOW_CTX_DAG_RUN_ID='scheduled__2025-01-01T06:53:30+00:00'
[2025-02-06T12:24:30.019+0000] {logging_mixin.py:190} INFO - Task instance is in running state
[2025-02-06T12:24:30.019+0000] {logging_mixin.py:190} INFO -  Previous state of the Task instance: queued
[2025-02-06T12:24:30.020+0000] {logging_mixin.py:190} INFO - Current task name:first_task state:running start_date:2025-02-06 12:24:29.777628+00:00
[2025-02-06T12:24:30.020+0000] {logging_mixin.py:190} INFO - Dag name:my_first_dag and current dag run status:running
[2025-02-06T12:24:30.021+0000] {taskinstance.py:731} INFO - ::endgroup::
[2025-02-06T12:24:30.047+0000] {python.py:240} INFO - Done. Returned value was: 674
[2025-02-06T12:24:30.090+0000] {taskinstance.py:340} INFO - ::group::Post task execution logs
[2025-02-06T12:24:30.090+0000] {taskinstance.py:352} INFO - Marking task as SUCCESS. dag_id=my_first_dag, task_id=first_task, run_id=scheduled__2025-01-01T06:53:30+00:00, execution_date=20250101T065330, start_date=20250206T122429, end_date=20250206T122430
[2025-02-06T12:24:30.118+0000] {logging_mixin.py:190} INFO - Task instance in success state
[2025-02-06T12:24:30.119+0000] {logging_mixin.py:190} INFO -  Previous state of the Task instance: running
[2025-02-06T12:24:30.120+0000] {logging_mixin.py:190} INFO - Dag name:my_first_dag queued_at:2025-02-06 12:24:27.922800+00:00
[2025-02-06T12:24:30.120+0000] {logging_mixin.py:190} INFO - Task hostname:f59ce29465b4 operator:PythonOperator
[2025-02-06T12:24:30.135+0000] {local_task_job_runner.py:266} INFO - Task exited with return code 0
[2025-02-06T12:24:30.185+0000] {taskinstance.py:3895} INFO - 1 downstream tasks scheduled from follow-on schedule check
[2025-02-06T12:24:30.196+0000] {local_task_job_runner.py:245} INFO - ::endgroup::
