[2025-02-06T09:57:35.756+0000] {local_task_job_runner.py:123} INFO - ::group::Pre task execution logs
[2025-02-06T09:57:35.776+0000] {taskinstance.py:2613} INFO - Dependencies all met for dep_context=non-requeueable deps ti=<TaskInstance: my_first_dag.task_2 scheduled__2025-01-01T05:05:00+00:00 [queued]>
[2025-02-06T09:57:35.797+0000] {taskinstance.py:2613} INFO - Dependencies all met for dep_context=requeueable deps ti=<TaskInstance: my_first_dag.task_2 scheduled__2025-01-01T05:05:00+00:00 [queued]>
[2025-02-06T09:57:35.798+0000] {taskinstance.py:2866} INFO - Starting attempt 1 of 1
[2025-02-06T09:57:35.832+0000] {taskinstance.py:2889} INFO - Executing <Task(PythonOperator): task_2> on 2025-01-01 05:05:00+00:00
[2025-02-06T09:57:35.835+0000] {standard_task_runner.py:72} INFO - Started process 1207 to run task
[2025-02-06T09:57:35.837+0000] {standard_task_runner.py:104} INFO - Running: ['airflow', 'tasks', 'run', 'my_first_dag', 'task_2', 'scheduled__2025-01-01T05:05:00+00:00', '--job-id', '1460', '--raw', '--subdir', 'DAGS_FOLDER/first_dag.py', '--cfg-path', '/tmp/tmpltipp87y']
[2025-02-06T09:57:35.838+0000] {standard_task_runner.py:105} INFO - Job 1460: Subtask task_2
[2025-02-06T09:57:35.907+0000] {task_command.py:467} INFO - Running <TaskInstance: my_first_dag.task_2 scheduled__2025-01-01T05:05:00+00:00 [running]> on host 1f20f9aee2e1
[2025-02-06T09:57:36.011+0000] {taskinstance.py:3132} INFO - Exporting env vars: AIRFLOW_CTX_DAG_OWNER='airflow' AIRFLOW_CTX_DAG_ID='my_first_dag' AIRFLOW_CTX_TASK_ID='task_2' AIRFLOW_CTX_EXECUTION_DATE='2025-01-01T05:05:00+00:00' AIRFLOW_CTX_TRY_NUMBER='1' AIRFLOW_CTX_DAG_RUN_ID='scheduled__2025-01-01T05:05:00+00:00'
[2025-02-06T09:57:36.013+0000] {logging_mixin.py:190} INFO - Task instance is in running state
[2025-02-06T09:57:36.014+0000] {logging_mixin.py:190} INFO -  Previous state of the Task instance: queued
[2025-02-06T09:57:36.014+0000] {logging_mixin.py:190} INFO - Current task name:task_2 state:running start_date:2025-02-06 09:57:35.776669+00:00
[2025-02-06T09:57:36.015+0000] {logging_mixin.py:190} INFO - Dag name:my_first_dag and current dag run status:running
[2025-02-06T09:57:36.015+0000] {taskinstance.py:731} INFO - ::endgroup::
[2025-02-06T09:57:36.016+0000] {logging_mixin.py:190} INFO - Hello World
[2025-02-06T09:57:36.016+0000] {logging_mixin.py:190} INFO - 0
[2025-02-06T09:57:36.017+0000] {python.py:240} INFO - Done. Returned value was: 42
[2025-02-06T09:57:36.058+0000] {taskinstance.py:340} INFO - ::group::Post task execution logs
[2025-02-06T09:57:36.059+0000] {taskinstance.py:352} INFO - Marking task as SUCCESS. dag_id=my_first_dag, task_id=task_2, run_id=scheduled__2025-01-01T05:05:00+00:00, execution_date=20250101T050500, start_date=20250206T095735, end_date=20250206T095736
[2025-02-06T09:57:36.099+0000] {logging_mixin.py:190} INFO - Task instance in success state
[2025-02-06T09:57:36.099+0000] {logging_mixin.py:190} INFO -  Previous state of the Task instance: running
[2025-02-06T09:57:36.100+0000] {logging_mixin.py:190} INFO - Dag name:my_first_dag queued_at:2025-02-06 09:57:18.177822+00:00
[2025-02-06T09:57:36.100+0000] {logging_mixin.py:190} INFO - Task hostname:1f20f9aee2e1 operator:PythonOperator
[2025-02-06T09:57:36.131+0000] {local_task_job_runner.py:266} INFO - Task exited with return code 0
[2025-02-06T09:57:36.165+0000] {taskinstance.py:3895} INFO - 1 downstream tasks scheduled from follow-on schedule check
[2025-02-06T09:57:36.174+0000] {local_task_job_runner.py:245} INFO - ::endgroup::
