[2025-02-06T13:28:12.598+0000] {local_task_job_runner.py:123} INFO - ::group::Pre task execution logs
[2025-02-06T13:28:12.624+0000] {taskinstance.py:2613} INFO - Dependencies all met for dep_context=non-requeueable deps ti=<TaskInstance: my_first_dag.task_1 scheduled__2025-01-01T07:48:30+00:00 [queued]>
[2025-02-06T13:28:12.655+0000] {taskinstance.py:2613} INFO - Dependencies all met for dep_context=requeueable deps ti=<TaskInstance: my_first_dag.task_1 scheduled__2025-01-01T07:48:30+00:00 [queued]>
[2025-02-06T13:28:12.656+0000] {taskinstance.py:2866} INFO - Starting attempt 1 of 1
[2025-02-06T13:28:12.704+0000] {taskinstance.py:2889} INFO - Executing <Task(PythonOperator): task_1> on 2025-01-01 07:48:30+00:00
[2025-02-06T13:28:12.709+0000] {standard_task_runner.py:72} INFO - Started process 3971 to run task
[2025-02-06T13:28:12.711+0000] {standard_task_runner.py:104} INFO - Running: ['airflow', 'tasks', 'run', 'my_first_dag', 'task_1', 'scheduled__2025-01-01T07:48:30+00:00', '--job-id', '3301', '--raw', '--subdir', 'DAGS_FOLDER/first_dag.py', '--cfg-path', '/tmp/tmps35s1y82']
[2025-02-06T13:28:12.712+0000] {standard_task_runner.py:105} INFO - Job 3301: Subtask task_1
[2025-02-06T13:28:12.796+0000] {task_command.py:467} INFO - Running <TaskInstance: my_first_dag.task_1 scheduled__2025-01-01T07:48:30+00:00 [running]> on host cbb1459a86bc
[2025-02-06T13:28:12.916+0000] {taskinstance.py:3132} INFO - Exporting env vars: AIRFLOW_CTX_DAG_OWNER='airflow' AIRFLOW_CTX_DAG_ID='my_first_dag' AIRFLOW_CTX_TASK_ID='task_1' AIRFLOW_CTX_EXECUTION_DATE='2025-01-01T07:48:30+00:00' AIRFLOW_CTX_TRY_NUMBER='1' AIRFLOW_CTX_DAG_RUN_ID='scheduled__2025-01-01T07:48:30+00:00'
[2025-02-06T13:28:12.917+0000] {logging_mixin.py:190} INFO - Task instance is in running state
[2025-02-06T13:28:12.918+0000] {logging_mixin.py:190} INFO -  Previous state of the Task instance: queued
[2025-02-06T13:28:12.918+0000] {logging_mixin.py:190} INFO - Current task name:task_1 state:running start_date:2025-02-06 13:28:12.625450+00:00
[2025-02-06T13:28:12.919+0000] {logging_mixin.py:190} INFO - Dag name:my_first_dag and current dag run status:running
[2025-02-06T13:28:12.919+0000] {taskinstance.py:731} INFO - ::endgroup::
[2025-02-06T13:28:12.943+0000] {logging_mixin.py:190} INFO - Hello Kevin 940 API_KEY
[2025-02-06T13:28:12.944+0000] {python.py:240} INFO - Done. Returned value was: 940
[2025-02-06T13:28:12.987+0000] {taskinstance.py:340} INFO - ::group::Post task execution logs
[2025-02-06T13:28:12.988+0000] {taskinstance.py:352} INFO - Marking task as SUCCESS. dag_id=my_first_dag, task_id=task_1, run_id=scheduled__2025-01-01T07:48:30+00:00, execution_date=20250101T074830, start_date=20250206T132812, end_date=20250206T132812
[2025-02-06T13:28:13.140+0000] {logging_mixin.py:190} INFO - Task instance in success state
[2025-02-06T13:28:13.141+0000] {logging_mixin.py:190} INFO -  Previous state of the Task instance: running
[2025-02-06T13:28:13.141+0000] {logging_mixin.py:190} INFO - Dag name:my_first_dag queued_at:2025-02-06 13:27:51.565684+00:00
[2025-02-06T13:28:13.141+0000] {logging_mixin.py:190} INFO - Task hostname:cbb1459a86bc operator:PythonOperator
[2025-02-06T13:28:13.166+0000] {local_task_job_runner.py:266} INFO - Task exited with return code 0
[2025-02-06T13:28:13.241+0000] {taskinstance.py:3895} INFO - 1 downstream tasks scheduled from follow-on schedule check
[2025-02-06T13:28:13.332+0000] {local_task_job_runner.py:245} INFO - ::endgroup::
