[2025-02-06T12:50:45.852+0000] {local_task_job_runner.py:123} INFO - ::group::Pre task execution logs
[2025-02-06T12:50:45.880+0000] {taskinstance.py:2613} INFO - Dependencies all met for dep_context=non-requeueable deps ti=<TaskInstance: my_training_dag.task_load_data scheduled__2025-01-01T01:41:00+00:00 [queued]>
[2025-02-06T12:50:45.905+0000] {taskinstance.py:2613} INFO - Dependencies all met for dep_context=requeueable deps ti=<TaskInstance: my_training_dag.task_load_data scheduled__2025-01-01T01:41:00+00:00 [queued]>
[2025-02-06T12:50:45.908+0000] {taskinstance.py:2866} INFO - Starting attempt 1 of 1
[2025-02-06T12:50:45.974+0000] {taskinstance.py:2889} INFO - Executing <Task(PythonOperator): task_load_data> on 2025-01-01 01:41:00+00:00
[2025-02-06T12:50:45.985+0000] {standard_task_runner.py:72} INFO - Started process 14250 to run task
[2025-02-06T12:50:45.989+0000] {standard_task_runner.py:104} INFO - Running: ['airflow', 'tasks', 'run', 'my_training_dag', 'task_load_data', 'scheduled__2025-01-01T01:41:00+00:00', '--job-id', '2971', '--raw', '--subdir', 'DAGS_FOLDER/training_dag.py', '--cfg-path', '/tmp/tmpnjhy8ne8']
[2025-02-06T12:50:45.990+0000] {standard_task_runner.py:105} INFO - Job 2971: Subtask task_load_data
[2025-02-06T12:50:46.101+0000] {task_command.py:467} INFO - Running <TaskInstance: my_training_dag.task_load_data scheduled__2025-01-01T01:41:00+00:00 [running]> on host f59ce29465b4
[2025-02-06T12:50:46.261+0000] {taskinstance.py:3132} INFO - Exporting env vars: AIRFLOW_CTX_DAG_OWNER='airflow' AIRFLOW_CTX_DAG_ID='my_training_dag' AIRFLOW_CTX_TASK_ID='task_load_data' AIRFLOW_CTX_EXECUTION_DATE='2025-01-01T01:41:00+00:00' AIRFLOW_CTX_TRY_NUMBER='1' AIRFLOW_CTX_DAG_RUN_ID='scheduled__2025-01-01T01:41:00+00:00'
[2025-02-06T12:50:46.264+0000] {logging_mixin.py:190} INFO - Task instance is in running state
[2025-02-06T12:50:46.265+0000] {logging_mixin.py:190} INFO -  Previous state of the Task instance: queued
[2025-02-06T12:50:46.267+0000] {logging_mixin.py:190} INFO - Current task name:task_load_data state:running start_date:2025-02-06 12:50:45.881298+00:00
[2025-02-06T12:50:46.268+0000] {logging_mixin.py:190} INFO - Dag name:my_training_dag and current dag run status:running
[2025-02-06T12:50:46.269+0000] {taskinstance.py:731} INFO - ::endgroup::
[2025-02-06T12:50:46.280+0000] {python.py:240} INFO - Done. Returned value was: None
[2025-02-06T12:50:46.310+0000] {taskinstance.py:340} INFO - ::group::Post task execution logs
[2025-02-06T12:50:46.312+0000] {taskinstance.py:352} INFO - Marking task as SUCCESS. dag_id=my_training_dag, task_id=task_load_data, run_id=scheduled__2025-01-01T01:41:00+00:00, execution_date=20250101T014100, start_date=20250206T125045, end_date=20250206T125046
[2025-02-06T12:50:46.380+0000] {logging_mixin.py:190} INFO - Task instance in success state
[2025-02-06T12:50:46.381+0000] {logging_mixin.py:190} INFO -  Previous state of the Task instance: running
[2025-02-06T12:50:46.382+0000] {logging_mixin.py:190} INFO - Dag name:my_training_dag queued_at:2025-02-06 12:50:42.471189+00:00
[2025-02-06T12:50:46.383+0000] {logging_mixin.py:190} INFO - Task hostname:f59ce29465b4 operator:PythonOperator
[2025-02-06T12:50:46.406+0000] {local_task_job_runner.py:266} INFO - Task exited with return code 0
[2025-02-06T12:50:46.466+0000] {taskinstance.py:3895} INFO - 1 downstream tasks scheduled from follow-on schedule check
[2025-02-06T12:50:46.482+0000] {local_task_job_runner.py:245} INFO - ::endgroup::
