[2025-02-06T10:22:51.707+0000] {local_task_job_runner.py:123} INFO - ::group::Pre task execution logs
[2025-02-06T10:22:51.737+0000] {taskinstance.py:2613} INFO - Dependencies all met for dep_context=non-requeueable deps ti=<TaskInstance: my_first_dag.task_2 scheduled__2025-01-01T06:07:30+00:00 [queued]>
[2025-02-06T10:22:51.777+0000] {taskinstance.py:2613} INFO - Dependencies all met for dep_context=requeueable deps ti=<TaskInstance: my_first_dag.task_2 scheduled__2025-01-01T06:07:30+00:00 [queued]>
[2025-02-06T10:22:51.779+0000] {taskinstance.py:2866} INFO - Starting attempt 1 of 1
[2025-02-06T10:22:51.840+0000] {taskinstance.py:2889} INFO - Executing <Task(PythonOperator): task_2> on 2025-01-01 06:07:30+00:00
[2025-02-06T10:22:51.851+0000] {standard_task_runner.py:72} INFO - Started process 3778 to run task
[2025-02-06T10:22:51.854+0000] {standard_task_runner.py:104} INFO - Running: ['airflow', 'tasks', 'run', 'my_first_dag', 'task_2', 'scheduled__2025-01-01T06:07:30+00:00', '--job-id', '1993', '--raw', '--subdir', 'DAGS_FOLDER/first_dag.py', '--cfg-path', '/tmp/tmp8gurhdq_']
[2025-02-06T10:22:51.856+0000] {standard_task_runner.py:105} INFO - Job 1993: Subtask task_2
[2025-02-06T10:22:51.985+0000] {task_command.py:467} INFO - Running <TaskInstance: my_first_dag.task_2 scheduled__2025-01-01T06:07:30+00:00 [running]> on host 1f20f9aee2e1
[2025-02-06T10:22:52.135+0000] {taskinstance.py:3132} INFO - Exporting env vars: AIRFLOW_CTX_DAG_OWNER='airflow' AIRFLOW_CTX_DAG_ID='my_first_dag' AIRFLOW_CTX_TASK_ID='task_2' AIRFLOW_CTX_EXECUTION_DATE='2025-01-01T06:07:30+00:00' AIRFLOW_CTX_TRY_NUMBER='1' AIRFLOW_CTX_DAG_RUN_ID='scheduled__2025-01-01T06:07:30+00:00'
[2025-02-06T10:22:52.136+0000] {logging_mixin.py:190} INFO - Task instance is in running state
[2025-02-06T10:22:52.137+0000] {logging_mixin.py:190} INFO -  Previous state of the Task instance: queued
[2025-02-06T10:22:52.137+0000] {logging_mixin.py:190} INFO - Current task name:task_2 state:running start_date:2025-02-06 10:22:51.738586+00:00
[2025-02-06T10:22:52.138+0000] {logging_mixin.py:190} INFO - Dag name:my_first_dag and current dag run status:running
[2025-02-06T10:22:52.138+0000] {taskinstance.py:731} INFO - ::endgroup::
[2025-02-06T10:22:52.165+0000] {logging_mixin.py:190} INFO - Hello John 393 API_KEY
[2025-02-06T10:22:52.166+0000] {python.py:240} INFO - Done. Returned value was: 393
[2025-02-06T10:22:52.211+0000] {taskinstance.py:340} INFO - ::group::Post task execution logs
[2025-02-06T10:22:52.213+0000] {taskinstance.py:352} INFO - Marking task as SUCCESS. dag_id=my_first_dag, task_id=task_2, run_id=scheduled__2025-01-01T06:07:30+00:00, execution_date=20250101T060730, start_date=20250206T102251, end_date=20250206T102252
[2025-02-06T10:22:52.244+0000] {logging_mixin.py:190} INFO - Task instance in success state
[2025-02-06T10:22:52.245+0000] {logging_mixin.py:190} INFO -  Previous state of the Task instance: running
[2025-02-06T10:22:52.245+0000] {logging_mixin.py:190} INFO - Dag name:my_first_dag queued_at:2025-02-06 10:22:10.974514+00:00
[2025-02-06T10:22:52.245+0000] {logging_mixin.py:190} INFO - Task hostname:1f20f9aee2e1 operator:PythonOperator
[2025-02-06T10:22:52.272+0000] {local_task_job_runner.py:266} INFO - Task exited with return code 0
[2025-02-06T10:22:52.312+0000] {taskinstance.py:3895} INFO - 1 downstream tasks scheduled from follow-on schedule check
[2025-02-06T10:22:52.361+0000] {local_task_job_runner.py:245} INFO - ::endgroup::
