[2025-02-06T11:51:03.226+0000] {local_task_job_runner.py:123} INFO - ::group::Pre task execution logs
[2025-02-06T11:51:03.250+0000] {taskinstance.py:2613} INFO - Dependencies all met for dep_context=non-requeueable deps ti=<TaskInstance: my_first_dag.task_goodbye scheduled__2025-01-01T06:28:00+00:00 [queued]>
[2025-02-06T11:51:03.284+0000] {taskinstance.py:2613} INFO - Dependencies all met for dep_context=requeueable deps ti=<TaskInstance: my_first_dag.task_goodbye scheduled__2025-01-01T06:28:00+00:00 [queued]>
[2025-02-06T11:51:03.285+0000] {taskinstance.py:2866} INFO - Starting attempt 1 of 1
[2025-02-06T11:51:03.329+0000] {taskinstance.py:2889} INFO - Executing <Task(PythonOperator): task_goodbye> on 2025-01-01 06:28:00+00:00
[2025-02-06T11:51:03.336+0000] {standard_task_runner.py:72} INFO - Started process 2895 to run task
[2025-02-06T11:51:03.340+0000] {standard_task_runner.py:104} INFO - Running: ['airflow', 'tasks', 'run', 'my_first_dag', 'task_goodbye', 'scheduled__2025-01-01T06:28:00+00:00', '--job-id', '2196', '--raw', '--subdir', 'DAGS_FOLDER/first_dag.py', '--cfg-path', '/tmp/tmppeef6nrg']
[2025-02-06T11:51:03.341+0000] {standard_task_runner.py:105} INFO - Job 2196: Subtask task_goodbye
[2025-02-06T11:51:03.446+0000] {task_command.py:467} INFO - Running <TaskInstance: my_first_dag.task_goodbye scheduled__2025-01-01T06:28:00+00:00 [running]> on host 7e1f175e93b1
[2025-02-06T11:51:03.580+0000] {taskinstance.py:3132} INFO - Exporting env vars: AIRFLOW_CTX_DAG_OWNER='airflow' AIRFLOW_CTX_DAG_ID='my_first_dag' AIRFLOW_CTX_TASK_ID='task_goodbye' AIRFLOW_CTX_EXECUTION_DATE='2025-01-01T06:28:00+00:00' AIRFLOW_CTX_TRY_NUMBER='1' AIRFLOW_CTX_DAG_RUN_ID='scheduled__2025-01-01T06:28:00+00:00'
[2025-02-06T11:51:03.581+0000] {logging_mixin.py:190} INFO - Task instance is in running state
[2025-02-06T11:51:03.582+0000] {logging_mixin.py:190} INFO -  Previous state of the Task instance: queued
[2025-02-06T11:51:03.583+0000] {logging_mixin.py:190} INFO - Current task name:task_goodbye state:running start_date:2025-02-06 11:51:03.251387+00:00
[2025-02-06T11:51:03.584+0000] {logging_mixin.py:190} INFO - Dag name:my_first_dag and current dag run status:running
[2025-02-06T11:51:03.584+0000] {taskinstance.py:731} INFO - ::endgroup::
[2025-02-06T11:51:03.585+0000] {logging_mixin.py:190} INFO - Goodbye
[2025-02-06T11:51:03.586+0000] {python.py:240} INFO - Done. Returned value was: None
[2025-02-06T11:51:03.603+0000] {taskinstance.py:340} INFO - ::group::Post task execution logs
[2025-02-06T11:51:03.603+0000] {taskinstance.py:352} INFO - Marking task as SUCCESS. dag_id=my_first_dag, task_id=task_goodbye, run_id=scheduled__2025-01-01T06:28:00+00:00, execution_date=20250101T062800, start_date=20250206T115103, end_date=20250206T115103
[2025-02-06T11:51:03.651+0000] {logging_mixin.py:190} INFO - Task instance in success state
[2025-02-06T11:51:03.651+0000] {logging_mixin.py:190} INFO -  Previous state of the Task instance: running
[2025-02-06T11:51:03.652+0000] {logging_mixin.py:190} INFO - Dag name:my_first_dag queued_at:2025-02-06 11:50:44.180476+00:00
[2025-02-06T11:51:03.652+0000] {logging_mixin.py:190} INFO - Task hostname:7e1f175e93b1 operator:PythonOperator
[2025-02-06T11:51:03.675+0000] {local_task_job_runner.py:266} INFO - Task exited with return code 0
[2025-02-06T11:51:03.696+0000] {taskinstance.py:3895} INFO - 0 downstream tasks scheduled from follow-on schedule check
[2025-02-06T11:51:03.697+0000] {local_task_job_runner.py:245} INFO - ::endgroup::
