[2025-02-06T10:18:36.536+0000] {local_task_job_runner.py:123} INFO - ::group::Pre task execution logs
[2025-02-06T10:18:36.566+0000] {taskinstance.py:2613} INFO - Dependencies all met for dep_context=non-requeueable deps ti=<TaskInstance: my_first_dag.task_2 scheduled__2025-01-01T05:57:30+00:00 [queued]>
[2025-02-06T10:18:36.604+0000] {taskinstance.py:2613} INFO - Dependencies all met for dep_context=requeueable deps ti=<TaskInstance: my_first_dag.task_2 scheduled__2025-01-01T05:57:30+00:00 [queued]>
[2025-02-06T10:18:36.606+0000] {taskinstance.py:2866} INFO - Starting attempt 1 of 1
[2025-02-06T10:18:36.643+0000] {taskinstance.py:2889} INFO - Executing <Task(PythonOperator): task_2> on 2025-01-01 05:57:30+00:00
[2025-02-06T10:18:36.647+0000] {standard_task_runner.py:72} INFO - Started process 3341 to run task
[2025-02-06T10:18:36.649+0000] {standard_task_runner.py:104} INFO - Running: ['airflow', 'tasks', 'run', 'my_first_dag', 'task_2', 'scheduled__2025-01-01T05:57:30+00:00', '--job-id', '1899', '--raw', '--subdir', 'DAGS_FOLDER/first_dag.py', '--cfg-path', '/tmp/tmphi8oo0mg']
[2025-02-06T10:18:36.650+0000] {standard_task_runner.py:105} INFO - Job 1899: Subtask task_2
[2025-02-06T10:18:36.746+0000] {task_command.py:467} INFO - Running <TaskInstance: my_first_dag.task_2 scheduled__2025-01-01T05:57:30+00:00 [running]> on host 1f20f9aee2e1
[2025-02-06T10:18:36.879+0000] {taskinstance.py:3132} INFO - Exporting env vars: AIRFLOW_CTX_DAG_OWNER='airflow' AIRFLOW_CTX_DAG_ID='my_first_dag' AIRFLOW_CTX_TASK_ID='task_2' AIRFLOW_CTX_EXECUTION_DATE='2025-01-01T05:57:30+00:00' AIRFLOW_CTX_TRY_NUMBER='1' AIRFLOW_CTX_DAG_RUN_ID='scheduled__2025-01-01T05:57:30+00:00'
[2025-02-06T10:18:36.881+0000] {logging_mixin.py:190} INFO - Task instance is in running state
[2025-02-06T10:18:36.881+0000] {logging_mixin.py:190} INFO -  Previous state of the Task instance: queued
[2025-02-06T10:18:36.882+0000] {logging_mixin.py:190} INFO - Current task name:task_2 state:running start_date:2025-02-06 10:18:36.567582+00:00
[2025-02-06T10:18:36.882+0000] {logging_mixin.py:190} INFO - Dag name:my_first_dag and current dag run status:running
[2025-02-06T10:18:36.883+0000] {taskinstance.py:731} INFO - ::endgroup::
[2025-02-06T10:18:36.914+0000] {logging_mixin.py:190} INFO - Hello World 895 API_KEY
[2025-02-06T10:18:36.915+0000] {python.py:240} INFO - Done. Returned value was: 895
[2025-02-06T10:18:36.979+0000] {taskinstance.py:340} INFO - ::group::Post task execution logs
[2025-02-06T10:18:36.979+0000] {taskinstance.py:352} INFO - Marking task as SUCCESS. dag_id=my_first_dag, task_id=task_2, run_id=scheduled__2025-01-01T05:57:30+00:00, execution_date=20250101T055730, start_date=20250206T101836, end_date=20250206T101836
[2025-02-06T10:18:37.023+0000] {logging_mixin.py:190} INFO - Task instance in success state
[2025-02-06T10:18:37.024+0000] {logging_mixin.py:190} INFO -  Previous state of the Task instance: running
[2025-02-06T10:18:37.024+0000] {logging_mixin.py:190} INFO - Dag name:my_first_dag queued_at:2025-02-06 10:18:10.891579+00:00
[2025-02-06T10:18:37.025+0000] {logging_mixin.py:190} INFO - Task hostname:1f20f9aee2e1 operator:PythonOperator
[2025-02-06T10:18:37.063+0000] {local_task_job_runner.py:266} INFO - Task exited with return code 0
[2025-02-06T10:18:37.121+0000] {taskinstance.py:3895} INFO - 1 downstream tasks scheduled from follow-on schedule check
[2025-02-06T10:18:37.187+0000] {local_task_job_runner.py:245} INFO - ::endgroup::
