[2025-02-06T13:32:56.842+0000] {local_task_job_runner.py:123} INFO - ::group::Pre task execution logs
[2025-02-06T13:32:56.884+0000] {taskinstance.py:2613} INFO - Dependencies all met for dep_context=non-requeueable deps ti=<TaskInstance: my_first_dag.task_1 scheduled__2025-01-01T07:54:00+00:00 [queued]>
[2025-02-06T13:32:56.932+0000] {taskinstance.py:2613} INFO - Dependencies all met for dep_context=requeueable deps ti=<TaskInstance: my_first_dag.task_1 scheduled__2025-01-01T07:54:00+00:00 [queued]>
[2025-02-06T13:32:56.933+0000] {taskinstance.py:2866} INFO - Starting attempt 1 of 1
[2025-02-06T13:32:56.987+0000] {taskinstance.py:2889} INFO - Executing <Task(PythonOperator): task_1> on 2025-01-01 07:54:00+00:00
[2025-02-06T13:32:56.997+0000] {standard_task_runner.py:72} INFO - Started process 5775 to run task
[2025-02-06T13:32:57.000+0000] {standard_task_runner.py:104} INFO - Running: ['airflow', 'tasks', 'run', 'my_first_dag', 'task_1', 'scheduled__2025-01-01T07:54:00+00:00', '--job-id', '3354', '--raw', '--subdir', 'DAGS_FOLDER/first_dag.py', '--cfg-path', '/tmp/tmpagoxssd4']
[2025-02-06T13:32:57.001+0000] {standard_task_runner.py:105} INFO - Job 3354: Subtask task_1
[2025-02-06T13:32:57.121+0000] {task_command.py:467} INFO - Running <TaskInstance: my_first_dag.task_1 scheduled__2025-01-01T07:54:00+00:00 [running]> on host cbb1459a86bc
[2025-02-06T13:32:57.280+0000] {taskinstance.py:3132} INFO - Exporting env vars: AIRFLOW_CTX_DAG_OWNER='airflow' AIRFLOW_CTX_DAG_ID='my_first_dag' AIRFLOW_CTX_TASK_ID='task_1' AIRFLOW_CTX_EXECUTION_DATE='2025-01-01T07:54:00+00:00' AIRFLOW_CTX_TRY_NUMBER='1' AIRFLOW_CTX_DAG_RUN_ID='scheduled__2025-01-01T07:54:00+00:00'
[2025-02-06T13:32:57.282+0000] {logging_mixin.py:190} INFO - Task instance is in running state
[2025-02-06T13:32:57.282+0000] {logging_mixin.py:190} INFO -  Previous state of the Task instance: queued
[2025-02-06T13:32:57.283+0000] {logging_mixin.py:190} INFO - Current task name:task_1 state:running start_date:2025-02-06 13:32:56.884820+00:00
[2025-02-06T13:32:57.283+0000] {logging_mixin.py:190} INFO - Dag name:my_first_dag and current dag run status:running
[2025-02-06T13:32:57.284+0000] {taskinstance.py:731} INFO - ::endgroup::
[2025-02-06T13:32:57.314+0000] {logging_mixin.py:190} INFO - Hello Kevin 742 API_KEY
[2025-02-06T13:32:57.315+0000] {python.py:240} INFO - Done. Returned value was: 742
[2025-02-06T13:32:57.368+0000] {taskinstance.py:340} INFO - ::group::Post task execution logs
[2025-02-06T13:32:57.369+0000] {taskinstance.py:352} INFO - Marking task as SUCCESS. dag_id=my_first_dag, task_id=task_1, run_id=scheduled__2025-01-01T07:54:00+00:00, execution_date=20250101T075400, start_date=20250206T133256, end_date=20250206T133257
[2025-02-06T13:32:57.754+0000] {logging_mixin.py:190} INFO - Task instance in success state
[2025-02-06T13:32:57.755+0000] {logging_mixin.py:190} INFO -  Previous state of the Task instance: running
[2025-02-06T13:32:57.755+0000] {logging_mixin.py:190} INFO - Dag name:my_first_dag queued_at:2025-02-06 13:32:42.604948+00:00
[2025-02-06T13:32:57.757+0000] {logging_mixin.py:190} INFO - Task hostname:cbb1459a86bc operator:PythonOperator
[2025-02-06T13:32:57.778+0000] {local_task_job_runner.py:266} INFO - Task exited with return code 0
[2025-02-06T13:32:57.827+0000] {taskinstance.py:3895} INFO - 1 downstream tasks scheduled from follow-on schedule check
[2025-02-06T13:32:57.842+0000] {local_task_job_runner.py:245} INFO - ::endgroup::
