[2025-02-06T10:00:57.685+0000] {local_task_job_runner.py:123} INFO - ::group::Pre task execution logs
[2025-02-06T10:00:57.701+0000] {taskinstance.py:2613} INFO - Dependencies all met for dep_context=non-requeueable deps ti=<TaskInstance: my_first_dag.task_bash scheduled__2025-01-01T05:15:30+00:00 [queued]>
[2025-02-06T10:00:57.727+0000] {taskinstance.py:2613} INFO - Dependencies all met for dep_context=requeueable deps ti=<TaskInstance: my_first_dag.task_bash scheduled__2025-01-01T05:15:30+00:00 [queued]>
[2025-02-06T10:00:57.729+0000] {taskinstance.py:2866} INFO - Starting attempt 1 of 1
[2025-02-06T10:00:57.767+0000] {taskinstance.py:2889} INFO - Executing <Task(BashOperator): task_bash> on 2025-01-01 05:15:30+00:00
[2025-02-06T10:00:57.771+0000] {standard_task_runner.py:72} INFO - Started process 1580 to run task
[2025-02-06T10:00:57.773+0000] {standard_task_runner.py:104} INFO - Running: ['airflow', 'tasks', 'run', 'my_first_dag', 'task_bash', 'scheduled__2025-01-01T05:15:30+00:00', '--job-id', '1539', '--raw', '--subdir', 'DAGS_FOLDER/first_dag.py', '--cfg-path', '/tmp/tmp32hp1ryi']
[2025-02-06T10:00:57.774+0000] {standard_task_runner.py:105} INFO - Job 1539: Subtask task_bash
[2025-02-06T10:00:57.848+0000] {task_command.py:467} INFO - Running <TaskInstance: my_first_dag.task_bash scheduled__2025-01-01T05:15:30+00:00 [running]> on host 1f20f9aee2e1
[2025-02-06T10:00:58.011+0000] {taskinstance.py:3132} INFO - Exporting env vars: AIRFLOW_CTX_DAG_OWNER='airflow' AIRFLOW_CTX_DAG_ID='my_first_dag' AIRFLOW_CTX_TASK_ID='task_bash' AIRFLOW_CTX_EXECUTION_DATE='2025-01-01T05:15:30+00:00' AIRFLOW_CTX_TRY_NUMBER='1' AIRFLOW_CTX_DAG_RUN_ID='scheduled__2025-01-01T05:15:30+00:00'
[2025-02-06T10:00:58.013+0000] {logging_mixin.py:190} INFO - Task instance is in running state
[2025-02-06T10:00:58.014+0000] {logging_mixin.py:190} INFO -  Previous state of the Task instance: queued
[2025-02-06T10:00:58.014+0000] {logging_mixin.py:190} INFO - Current task name:task_bash state:running start_date:2025-02-06 10:00:57.702232+00:00
[2025-02-06T10:00:58.015+0000] {logging_mixin.py:190} INFO - Dag name:my_first_dag and current dag run status:running
[2025-02-06T10:00:58.015+0000] {taskinstance.py:731} INFO - ::endgroup::
[2025-02-06T10:00:58.015+0000] {subprocess.py:78} INFO - Tmp dir root location: /tmp
[2025-02-06T10:00:58.016+0000] {subprocess.py:88} INFO - Running command: ['/usr/bin/bash', '-c', "echo 'Hello World' >> /root/airflow/text.txt"]
[2025-02-06T10:00:58.021+0000] {subprocess.py:99} INFO - Output:
[2025-02-06T10:00:58.024+0000] {subprocess.py:110} INFO - Command exited with return code 0
[2025-02-06T10:00:58.065+0000] {taskinstance.py:340} INFO - ::group::Post task execution logs
[2025-02-06T10:00:58.066+0000] {taskinstance.py:352} INFO - Marking task as SUCCESS. dag_id=my_first_dag, task_id=task_bash, run_id=scheduled__2025-01-01T05:15:30+00:00, execution_date=20250101T051530, start_date=20250206T100057, end_date=20250206T100058
[2025-02-06T10:00:58.099+0000] {logging_mixin.py:190} INFO - Task instance in success state
[2025-02-06T10:00:58.100+0000] {logging_mixin.py:190} INFO -  Previous state of the Task instance: running
[2025-02-06T10:00:58.101+0000] {logging_mixin.py:190} INFO - Dag name:my_first_dag queued_at:2025-02-06 10:00:56.065753+00:00
[2025-02-06T10:00:58.101+0000] {logging_mixin.py:190} INFO - Task hostname:1f20f9aee2e1 operator:BashOperator
[2025-02-06T10:00:58.107+0000] {local_task_job_runner.py:266} INFO - Task exited with return code 0
[2025-02-06T10:00:58.139+0000] {taskinstance.py:3895} INFO - 1 downstream tasks scheduled from follow-on schedule check
[2025-02-06T10:00:58.149+0000] {local_task_job_runner.py:245} INFO - ::endgroup::
