[2025-02-06T13:05:39.701+0000] {local_task_job_runner.py:123} INFO - ::group::Pre task execution logs
[2025-02-06T13:05:39.722+0000] {taskinstance.py:2613} INFO - Dependencies all met for dep_context=non-requeueable deps ti=<TaskInstance: my_first_dag.task_1 scheduled__2025-01-01T07:35:30+00:00 [queued]>
[2025-02-06T13:05:39.756+0000] {taskinstance.py:2613} INFO - Dependencies all met for dep_context=requeueable deps ti=<TaskInstance: my_first_dag.task_1 scheduled__2025-01-01T07:35:30+00:00 [queued]>
[2025-02-06T13:05:39.758+0000] {taskinstance.py:2866} INFO - Starting attempt 1 of 1
[2025-02-06T13:05:39.797+0000] {taskinstance.py:2889} INFO - Executing <Task(PythonOperator): task_1> on 2025-01-01 07:35:30+00:00
[2025-02-06T13:05:39.802+0000] {standard_task_runner.py:72} INFO - Started process 2455 to run task
[2025-02-06T13:05:39.804+0000] {standard_task_runner.py:104} INFO - Running: ['airflow', 'tasks', 'run', 'my_first_dag', 'task_1', 'scheduled__2025-01-01T07:35:30+00:00', '--job-id', '3132', '--raw', '--subdir', 'DAGS_FOLDER/first_dag.py', '--cfg-path', '/tmp/tmpomxvzr64']
[2025-02-06T13:05:39.805+0000] {standard_task_runner.py:105} INFO - Job 3132: Subtask task_1
[2025-02-06T13:05:39.895+0000] {task_command.py:467} INFO - Running <TaskInstance: my_first_dag.task_1 scheduled__2025-01-01T07:35:30+00:00 [running]> on host 843ef7911ffd
[2025-02-06T13:05:40.014+0000] {taskinstance.py:3132} INFO - Exporting env vars: AIRFLOW_CTX_DAG_OWNER='airflow' AIRFLOW_CTX_DAG_ID='my_first_dag' AIRFLOW_CTX_TASK_ID='task_1' AIRFLOW_CTX_EXECUTION_DATE='2025-01-01T07:35:30+00:00' AIRFLOW_CTX_TRY_NUMBER='1' AIRFLOW_CTX_DAG_RUN_ID='scheduled__2025-01-01T07:35:30+00:00'
[2025-02-06T13:05:40.016+0000] {logging_mixin.py:190} INFO - Task instance is in running state
[2025-02-06T13:05:40.017+0000] {logging_mixin.py:190} INFO -  Previous state of the Task instance: queued
[2025-02-06T13:05:40.017+0000] {logging_mixin.py:190} INFO - Current task name:task_1 state:running start_date:2025-02-06 13:05:39.723465+00:00
[2025-02-06T13:05:40.017+0000] {logging_mixin.py:190} INFO - Dag name:my_first_dag and current dag run status:running
[2025-02-06T13:05:40.018+0000] {taskinstance.py:731} INFO - ::endgroup::
[2025-02-06T13:05:40.040+0000] {logging_mixin.py:190} INFO - Hello Kevin 234 API_KEY
[2025-02-06T13:05:40.040+0000] {python.py:240} INFO - Done. Returned value was: 234
[2025-02-06T13:05:40.098+0000] {taskinstance.py:340} INFO - ::group::Post task execution logs
[2025-02-06T13:05:40.098+0000] {taskinstance.py:352} INFO - Marking task as SUCCESS. dag_id=my_first_dag, task_id=task_1, run_id=scheduled__2025-01-01T07:35:30+00:00, execution_date=20250101T073530, start_date=20250206T130539, end_date=20250206T130540
[2025-02-06T13:05:40.223+0000] {logging_mixin.py:190} INFO - Task instance in success state
[2025-02-06T13:05:40.224+0000] {logging_mixin.py:190} INFO -  Previous state of the Task instance: running
[2025-02-06T13:05:40.224+0000] {logging_mixin.py:190} INFO - Dag name:my_first_dag queued_at:2025-02-06 13:05:26.806830+00:00
[2025-02-06T13:05:40.225+0000] {logging_mixin.py:190} INFO - Task hostname:843ef7911ffd operator:PythonOperator
[2025-02-06T13:05:40.260+0000] {local_task_job_runner.py:266} INFO - Task exited with return code 0
[2025-02-06T13:05:40.308+0000] {taskinstance.py:3895} INFO - 1 downstream tasks scheduled from follow-on schedule check
[2025-02-06T13:05:40.325+0000] {local_task_job_runner.py:245} INFO - ::endgroup::
