[2025-02-06T10:26:51.252+0000] {local_task_job_runner.py:123} INFO - ::group::Pre task execution logs
[2025-02-06T10:26:51.273+0000] {taskinstance.py:2613} INFO - Dependencies all met for dep_context=non-requeueable deps ti=<TaskInstance: my_first_dag.task_2 scheduled__2025-01-01T06:14:00+00:00 [queued]>
[2025-02-06T10:26:51.298+0000] {taskinstance.py:2613} INFO - Dependencies all met for dep_context=requeueable deps ti=<TaskInstance: my_first_dag.task_2 scheduled__2025-01-01T06:14:00+00:00 [queued]>
[2025-02-06T10:26:51.299+0000] {taskinstance.py:2866} INFO - Starting attempt 1 of 1
[2025-02-06T10:26:51.334+0000] {taskinstance.py:2889} INFO - Executing <Task(PythonOperator): task_2> on 2025-01-01 06:14:00+00:00
[2025-02-06T10:26:51.337+0000] {standard_task_runner.py:72} INFO - Started process 4152 to run task
[2025-02-06T10:26:51.340+0000] {standard_task_runner.py:104} INFO - Running: ['airflow', 'tasks', 'run', 'my_first_dag', 'task_2', 'scheduled__2025-01-01T06:14:00+00:00', '--job-id', '2055', '--raw', '--subdir', 'DAGS_FOLDER/first_dag.py', '--cfg-path', '/tmp/tmpb2b5ifiq']
[2025-02-06T10:26:51.341+0000] {standard_task_runner.py:105} INFO - Job 2055: Subtask task_2
[2025-02-06T10:26:51.425+0000] {task_command.py:467} INFO - Running <TaskInstance: my_first_dag.task_2 scheduled__2025-01-01T06:14:00+00:00 [running]> on host 1f20f9aee2e1
[2025-02-06T10:26:51.538+0000] {taskinstance.py:3132} INFO - Exporting env vars: AIRFLOW_CTX_DAG_OWNER='airflow' AIRFLOW_CTX_DAG_ID='my_first_dag' AIRFLOW_CTX_TASK_ID='task_2' AIRFLOW_CTX_EXECUTION_DATE='2025-01-01T06:14:00+00:00' AIRFLOW_CTX_TRY_NUMBER='1' AIRFLOW_CTX_DAG_RUN_ID='scheduled__2025-01-01T06:14:00+00:00'
[2025-02-06T10:26:51.539+0000] {logging_mixin.py:190} INFO - Task instance is in running state
[2025-02-06T10:26:51.540+0000] {logging_mixin.py:190} INFO -  Previous state of the Task instance: queued
[2025-02-06T10:26:51.540+0000] {logging_mixin.py:190} INFO - Current task name:task_2 state:running start_date:2025-02-06 10:26:51.274364+00:00
[2025-02-06T10:26:51.541+0000] {logging_mixin.py:190} INFO - Dag name:my_first_dag and current dag run status:running
[2025-02-06T10:26:51.541+0000] {taskinstance.py:731} INFO - ::endgroup::
[2025-02-06T10:26:51.564+0000] {logging_mixin.py:190} INFO - Hello John 289 API_KEY
[2025-02-06T10:26:51.564+0000] {python.py:240} INFO - Done. Returned value was: 289
[2025-02-06T10:26:51.609+0000] {taskinstance.py:340} INFO - ::group::Post task execution logs
[2025-02-06T10:26:51.610+0000] {taskinstance.py:352} INFO - Marking task as SUCCESS. dag_id=my_first_dag, task_id=task_2, run_id=scheduled__2025-01-01T06:14:00+00:00, execution_date=20250101T061400, start_date=20250206T102651, end_date=20250206T102651
[2025-02-06T10:26:51.643+0000] {logging_mixin.py:190} INFO - Task instance in success state
[2025-02-06T10:26:51.644+0000] {logging_mixin.py:190} INFO -  Previous state of the Task instance: running
[2025-02-06T10:26:51.644+0000] {logging_mixin.py:190} INFO - Dag name:my_first_dag queued_at:2025-02-06 10:26:41.463806+00:00
[2025-02-06T10:26:51.645+0000] {logging_mixin.py:190} INFO - Task hostname:1f20f9aee2e1 operator:PythonOperator
[2025-02-06T10:26:51.674+0000] {local_task_job_runner.py:266} INFO - Task exited with return code 0
[2025-02-06T10:26:51.701+0000] {taskinstance.py:3895} INFO - 1 downstream tasks scheduled from follow-on schedule check
[2025-02-06T10:26:51.711+0000] {local_task_job_runner.py:245} INFO - ::endgroup::
