[2025-02-06T13:22:32.258+0000] {local_task_job_runner.py:123} INFO - ::group::Pre task execution logs
[2025-02-06T13:22:32.277+0000] {taskinstance.py:2613} INFO - Dependencies all met for dep_context=non-requeueable deps ti=<TaskInstance: my_training_dag.task_insert_data scheduled__2025-01-01T01:48:00+00:00 [queued]>
[2025-02-06T13:22:32.292+0000] {taskinstance.py:2613} INFO - Dependencies all met for dep_context=requeueable deps ti=<TaskInstance: my_training_dag.task_insert_data scheduled__2025-01-01T01:48:00+00:00 [queued]>
[2025-02-06T13:22:32.294+0000] {taskinstance.py:2866} INFO - Starting attempt 1 of 1
[2025-02-06T13:22:32.337+0000] {taskinstance.py:2889} INFO - Executing <Task(PythonOperator): task_insert_data> on 2025-01-01 01:48:00+00:00
[2025-02-06T13:22:32.344+0000] {standard_task_runner.py:72} INFO - Started process 1517 to run task
[2025-02-06T13:22:32.347+0000] {standard_task_runner.py:104} INFO - Running: ['airflow', 'tasks', 'run', 'my_training_dag', 'task_insert_data', 'scheduled__2025-01-01T01:48:00+00:00', '--job-id', '3218', '--raw', '--subdir', 'DAGS_FOLDER/training_dag.py', '--cfg-path', '/tmp/tmp8ub_5r1j']
[2025-02-06T13:22:32.348+0000] {standard_task_runner.py:105} INFO - Job 3218: Subtask task_insert_data
[2025-02-06T13:22:32.449+0000] {task_command.py:467} INFO - Running <TaskInstance: my_training_dag.task_insert_data scheduled__2025-01-01T01:48:00+00:00 [running]> on host cbb1459a86bc
[2025-02-06T13:22:32.588+0000] {taskinstance.py:3132} INFO - Exporting env vars: AIRFLOW_CTX_DAG_OWNER='airflow' AIRFLOW_CTX_DAG_ID='my_training_dag' AIRFLOW_CTX_TASK_ID='task_insert_data' AIRFLOW_CTX_EXECUTION_DATE='2025-01-01T01:48:00+00:00' AIRFLOW_CTX_TRY_NUMBER='1' AIRFLOW_CTX_DAG_RUN_ID='scheduled__2025-01-01T01:48:00+00:00'
[2025-02-06T13:22:32.590+0000] {logging_mixin.py:190} INFO - Task instance is in running state
[2025-02-06T13:22:32.590+0000] {logging_mixin.py:190} INFO -  Previous state of the Task instance: queued
[2025-02-06T13:22:32.591+0000] {logging_mixin.py:190} INFO - Current task name:task_insert_data state:running start_date:2025-02-06 13:22:32.277756+00:00
[2025-02-06T13:22:32.591+0000] {logging_mixin.py:190} INFO - Dag name:my_training_dag and current dag run status:running
[2025-02-06T13:22:32.591+0000] {taskinstance.py:731} INFO - ::endgroup::
[2025-02-06T13:22:32.610+0000] {logging_mixin.py:190} INFO - Table : 'iris_data'  created succesfully
[2025-02-06T13:22:32.824+0000] {python.py:240} INFO - Done. Returned value was: None
[2025-02-06T13:22:32.839+0000] {taskinstance.py:340} INFO - ::group::Post task execution logs
[2025-02-06T13:22:32.840+0000] {taskinstance.py:352} INFO - Marking task as SUCCESS. dag_id=my_training_dag, task_id=task_insert_data, run_id=scheduled__2025-01-01T01:48:00+00:00, execution_date=20250101T014800, start_date=20250206T132232, end_date=20250206T132232
[2025-02-06T13:22:32.887+0000] {logging_mixin.py:190} INFO - Task instance in success state
[2025-02-06T13:22:32.888+0000] {logging_mixin.py:190} INFO -  Previous state of the Task instance: running
[2025-02-06T13:22:32.888+0000] {logging_mixin.py:190} INFO - Dag name:my_training_dag queued_at:2025-02-06 13:22:29.212730+00:00
[2025-02-06T13:22:32.889+0000] {logging_mixin.py:190} INFO - Task hostname:cbb1459a86bc operator:PythonOperator
[2025-02-06T13:22:32.924+0000] {local_task_job_runner.py:266} INFO - Task exited with return code 0
[2025-02-06T13:22:32.946+0000] {taskinstance.py:3895} INFO - 0 downstream tasks scheduled from follow-on schedule check
[2025-02-06T13:22:32.949+0000] {local_task_job_runner.py:245} INFO - ::endgroup::
