[2025-02-06T10:01:14.471+0000] {local_task_job_runner.py:123} INFO - ::group::Pre task execution logs
[2025-02-06T10:01:14.496+0000] {taskinstance.py:2613} INFO - Dependencies all met for dep_context=non-requeueable deps ti=<TaskInstance: my_first_dag.task_2 scheduled__2025-01-01T05:15:00+00:00 [queued]>
[2025-02-06T10:01:14.520+0000] {taskinstance.py:2613} INFO - Dependencies all met for dep_context=requeueable deps ti=<TaskInstance: my_first_dag.task_2 scheduled__2025-01-01T05:15:00+00:00 [queued]>
[2025-02-06T10:01:14.521+0000] {taskinstance.py:2866} INFO - Starting attempt 1 of 1
[2025-02-06T10:01:14.561+0000] {taskinstance.py:2889} INFO - Executing <Task(PythonOperator): task_2> on 2025-01-01 05:15:00+00:00
[2025-02-06T10:01:14.566+0000] {standard_task_runner.py:72} INFO - Started process 1611 to run task
[2025-02-06T10:01:14.568+0000] {standard_task_runner.py:104} INFO - Running: ['airflow', 'tasks', 'run', 'my_first_dag', 'task_2', 'scheduled__2025-01-01T05:15:00+00:00', '--job-id', '1546', '--raw', '--subdir', 'DAGS_FOLDER/first_dag.py', '--cfg-path', '/tmp/tmpzmhbmbox']
[2025-02-06T10:01:14.568+0000] {standard_task_runner.py:105} INFO - Job 1546: Subtask task_2
[2025-02-06T10:01:14.649+0000] {task_command.py:467} INFO - Running <TaskInstance: my_first_dag.task_2 scheduled__2025-01-01T05:15:00+00:00 [running]> on host 1f20f9aee2e1
[2025-02-06T10:01:14.748+0000] {taskinstance.py:3132} INFO - Exporting env vars: AIRFLOW_CTX_DAG_OWNER='airflow' AIRFLOW_CTX_DAG_ID='my_first_dag' AIRFLOW_CTX_TASK_ID='task_2' AIRFLOW_CTX_EXECUTION_DATE='2025-01-01T05:15:00+00:00' AIRFLOW_CTX_TRY_NUMBER='1' AIRFLOW_CTX_DAG_RUN_ID='scheduled__2025-01-01T05:15:00+00:00'
[2025-02-06T10:01:14.750+0000] {logging_mixin.py:190} INFO - Task instance is in running state
[2025-02-06T10:01:14.750+0000] {logging_mixin.py:190} INFO -  Previous state of the Task instance: queued
[2025-02-06T10:01:14.751+0000] {logging_mixin.py:190} INFO - Current task name:task_2 state:running start_date:2025-02-06 10:01:14.497036+00:00
[2025-02-06T10:01:14.751+0000] {logging_mixin.py:190} INFO - Dag name:my_first_dag and current dag run status:running
[2025-02-06T10:01:14.751+0000] {taskinstance.py:731} INFO - ::endgroup::
[2025-02-06T10:01:14.752+0000] {logging_mixin.py:190} INFO - Hello World
[2025-02-06T10:01:14.752+0000] {python.py:240} INFO - Done. Returned value was: None
[2025-02-06T10:01:14.765+0000] {taskinstance.py:340} INFO - ::group::Post task execution logs
[2025-02-06T10:01:14.766+0000] {taskinstance.py:352} INFO - Marking task as SUCCESS. dag_id=my_first_dag, task_id=task_2, run_id=scheduled__2025-01-01T05:15:00+00:00, execution_date=20250101T051500, start_date=20250206T100114, end_date=20250206T100114
[2025-02-06T10:01:14.796+0000] {logging_mixin.py:190} INFO - Task instance in success state
[2025-02-06T10:01:14.796+0000] {logging_mixin.py:190} INFO -  Previous state of the Task instance: running
[2025-02-06T10:01:14.797+0000] {logging_mixin.py:190} INFO - Dag name:my_first_dag queued_at:2025-02-06 10:00:45.376092+00:00
[2025-02-06T10:01:14.797+0000] {logging_mixin.py:190} INFO - Task hostname:1f20f9aee2e1 operator:PythonOperator
[2025-02-06T10:01:14.821+0000] {local_task_job_runner.py:266} INFO - Task exited with return code 0
[2025-02-06T10:01:14.854+0000] {taskinstance.py:3895} INFO - 1 downstream tasks scheduled from follow-on schedule check
[2025-02-06T10:01:14.900+0000] {local_task_job_runner.py:245} INFO - ::endgroup::
