[2025-02-06T09:25:17.252+0000] {local_task_job_runner.py:123} INFO - ::group::Pre task execution logs
[2025-02-06T09:25:17.274+0000] {taskinstance.py:2613} INFO - Dependencies all met for dep_context=non-requeueable deps ti=<TaskInstance: my_first_dag.task_goodbye scheduled__2025-01-01T03:31:00+00:00 [queued]>
[2025-02-06T09:25:17.297+0000] {taskinstance.py:2613} INFO - Dependencies all met for dep_context=requeueable deps ti=<TaskInstance: my_first_dag.task_goodbye scheduled__2025-01-01T03:31:00+00:00 [queued]>
[2025-02-06T09:25:17.298+0000] {taskinstance.py:2866} INFO - Starting attempt 1 of 1
[2025-02-06T09:25:17.342+0000] {taskinstance.py:2889} INFO - Executing <Task(PythonOperator): task_goodbye> on 2025-01-01 03:31:00+00:00
[2025-02-06T09:25:17.347+0000] {standard_task_runner.py:72} INFO - Started process 137 to run task
[2025-02-06T09:25:17.349+0000] {standard_task_runner.py:104} INFO - Running: ['airflow', 'tasks', 'run', 'my_first_dag', 'task_goodbye', 'scheduled__2025-01-01T03:31:00+00:00', '--job-id', '800', '--raw', '--subdir', 'DAGS_FOLDER/first_dag.py', '--cfg-path', '/tmp/tmpu2zttac3']
[2025-02-06T09:25:17.350+0000] {standard_task_runner.py:105} INFO - Job 800: Subtask task_goodbye
[2025-02-06T09:25:17.446+0000] {task_command.py:467} INFO - Running <TaskInstance: my_first_dag.task_goodbye scheduled__2025-01-01T03:31:00+00:00 [running]> on host 396de5a5f1ac
[2025-02-06T09:25:17.566+0000] {taskinstance.py:3132} INFO - Exporting env vars: AIRFLOW_CTX_DAG_OWNER='airflow' AIRFLOW_CTX_DAG_ID='my_first_dag' AIRFLOW_CTX_TASK_ID='task_goodbye' AIRFLOW_CTX_EXECUTION_DATE='2025-01-01T03:31:00+00:00' AIRFLOW_CTX_TRY_NUMBER='1' AIRFLOW_CTX_DAG_RUN_ID='scheduled__2025-01-01T03:31:00+00:00'
[2025-02-06T09:25:17.568+0000] {logging_mixin.py:190} INFO - Task instance is in running state
[2025-02-06T09:25:17.568+0000] {logging_mixin.py:190} INFO -  Previous state of the Task instance: queued
[2025-02-06T09:25:17.569+0000] {logging_mixin.py:190} INFO - Current task name:task_goodbye state:running start_date:2025-02-06 09:25:17.274958+00:00
[2025-02-06T09:25:17.569+0000] {logging_mixin.py:190} INFO - Dag name:my_first_dag and current dag run status:running
[2025-02-06T09:25:17.570+0000] {taskinstance.py:731} INFO - ::endgroup::
[2025-02-06T09:25:17.571+0000] {logging_mixin.py:190} INFO - Goodbye
[2025-02-06T09:25:17.571+0000] {python.py:240} INFO - Done. Returned value was: None
[2025-02-06T09:25:17.589+0000] {taskinstance.py:340} INFO - ::group::Post task execution logs
[2025-02-06T09:25:17.590+0000] {taskinstance.py:352} INFO - Marking task as SUCCESS. dag_id=my_first_dag, task_id=task_goodbye, run_id=scheduled__2025-01-01T03:31:00+00:00, execution_date=20250101T033100, start_date=20250206T092517, end_date=20250206T092517
[2025-02-06T09:25:17.631+0000] {logging_mixin.py:190} INFO - Task instance in success state
[2025-02-06T09:25:17.631+0000] {logging_mixin.py:190} INFO -  Previous state of the Task instance: running
[2025-02-06T09:25:17.632+0000] {logging_mixin.py:190} INFO - Dag name:my_first_dag queued_at:2025-02-06 09:25:02.084513+00:00
[2025-02-06T09:25:17.633+0000] {logging_mixin.py:190} INFO - Task hostname:396de5a5f1ac operator:PythonOperator
[2025-02-06T09:25:17.644+0000] {local_task_job_runner.py:266} INFO - Task exited with return code 0
[2025-02-06T09:25:17.664+0000] {taskinstance.py:3895} INFO - 0 downstream tasks scheduled from follow-on schedule check
[2025-02-06T09:25:17.666+0000] {local_task_job_runner.py:245} INFO - ::endgroup::
