[2025-02-06T15:17:23.658+0000] {local_task_job_runner.py:123} INFO - ::group::Pre task execution logs
[2025-02-06T15:17:23.677+0000] {taskinstance.py:2613} INFO - Dependencies all met for dep_context=non-requeueable deps ti=<TaskInstance: my_training_dag.task_read_data scheduled__2025-01-01T00:21:00+00:00 [queued]>
[2025-02-06T15:17:23.694+0000] {taskinstance.py:2613} INFO - Dependencies all met for dep_context=requeueable deps ti=<TaskInstance: my_training_dag.task_read_data scheduled__2025-01-01T00:21:00+00:00 [queued]>
[2025-02-06T15:17:23.696+0000] {taskinstance.py:2866} INFO - Starting attempt 1 of 1
[2025-02-06T15:17:23.739+0000] {taskinstance.py:2889} INFO - Executing <Task(BranchPythonOperator): task_read_data> on 2025-01-01 00:21:00+00:00
[2025-02-06T15:17:23.749+0000] {standard_task_runner.py:104} INFO - Running: ['airflow', 'tasks', 'run', 'my_training_dag', 'task_read_data', 'scheduled__2025-01-01T00:21:00+00:00', '--job-id', '130', '--raw', '--subdir', 'DAGS_FOLDER/training_dag.py', '--cfg-path', '/tmp/tmp6xmxq1aw']
[2025-02-06T15:17:23.750+0000] {standard_task_runner.py:105} INFO - Job 130: Subtask task_read_data
[2025-02-06T15:17:23.753+0000] {logging_mixin.py:190} WARNING - /opt/conda/lib/python3.12/site-packages/airflow/task/task_runner/standard_task_runner.py:70 DeprecationWarning: This process (pid=778) is multi-threaded, use of fork() may lead to deadlocks in the child.
[2025-02-06T15:17:23.753+0000] {standard_task_runner.py:72} INFO - Started process 811 to run task
[2025-02-06T15:17:23.830+0000] {task_command.py:467} INFO - Running <TaskInstance: my_training_dag.task_read_data scheduled__2025-01-01T00:21:00+00:00 [running]> on host b98e1e481464
[2025-02-06T15:17:23.963+0000] {taskinstance.py:3132} INFO - Exporting env vars: AIRFLOW_CTX_DAG_OWNER='airflow' AIRFLOW_CTX_DAG_ID='my_training_dag' AIRFLOW_CTX_TASK_ID='task_read_data' AIRFLOW_CTX_EXECUTION_DATE='2025-01-01T00:21:00+00:00' AIRFLOW_CTX_TRY_NUMBER='1' AIRFLOW_CTX_DAG_RUN_ID='scheduled__2025-01-01T00:21:00+00:00'
[2025-02-06T15:17:23.965+0000] {logging_mixin.py:190} INFO - Task instance is in running state
[2025-02-06T15:17:23.965+0000] {logging_mixin.py:190} INFO -  Previous state of the Task instance: queued
[2025-02-06T15:17:23.966+0000] {logging_mixin.py:190} INFO - Current task name:task_read_data state:running start_date:2025-02-06 15:17:23.679662+00:00
[2025-02-06T15:17:23.966+0000] {logging_mixin.py:190} INFO - Dag name:my_training_dag and current dag run status:running
[2025-02-06T15:17:23.966+0000] {taskinstance.py:731} INFO - ::endgroup::
[2025-02-06T15:17:23.967+0000] {baseoperator.py:421} WARNING - BranchPythonOperator.execute cannot be called outside TaskInstance!
[2025-02-06T15:17:24.016+0000] {python.py:240} INFO - Done. Returned value was: task_train_model
[2025-02-06T15:17:24.017+0000] {branch.py:38} INFO - Branch into task_train_model
[2025-02-06T15:17:24.018+0000] {skipmixin.py:230} INFO - Following branch ('task_train_model',)
[2025-02-06T15:17:24.031+0000] {skipmixin.py:278} INFO - Skipping tasks []
[2025-02-06T15:17:24.091+0000] {taskinstance.py:340} INFO - ::group::Post task execution logs
[2025-02-06T15:17:24.092+0000] {taskinstance.py:352} INFO - Marking task as SUCCESS. dag_id=my_training_dag, task_id=task_read_data, run_id=scheduled__2025-01-01T00:21:00+00:00, execution_date=20250101T002100, start_date=20250206T151723, end_date=20250206T151724
[2025-02-06T15:17:24.142+0000] {logging_mixin.py:190} INFO - Task instance in success state
[2025-02-06T15:17:24.143+0000] {logging_mixin.py:190} INFO -  Previous state of the Task instance: running
[2025-02-06T15:17:24.144+0000] {logging_mixin.py:190} INFO - Dag name:my_training_dag queued_at:2025-02-06 15:17:11.144834+00:00
[2025-02-06T15:17:24.145+0000] {logging_mixin.py:190} INFO - Task hostname:b98e1e481464 operator:BranchPythonOperator
[2025-02-06T15:17:24.170+0000] {local_task_job_runner.py:266} INFO - Task exited with return code 0
[2025-02-06T15:17:24.212+0000] {taskinstance.py:3895} INFO - 1 downstream tasks scheduled from follow-on schedule check
[2025-02-06T15:17:24.222+0000] {local_task_job_runner.py:245} INFO - ::endgroup::
