[2025-02-06T10:10:18.221+0000] {local_task_job_runner.py:123} INFO - ::group::Pre task execution logs
[2025-02-06T10:10:18.244+0000] {taskinstance.py:2613} INFO - Dependencies all met for dep_context=non-requeueable deps ti=<TaskInstance: my_first_dag.first_task scheduled__2025-01-01T05:40:00+00:00 [queued]>
[2025-02-06T10:10:18.269+0000] {taskinstance.py:2613} INFO - Dependencies all met for dep_context=requeueable deps ti=<TaskInstance: my_first_dag.first_task scheduled__2025-01-01T05:40:00+00:00 [queued]>
[2025-02-06T10:10:18.270+0000] {taskinstance.py:2866} INFO - Starting attempt 1 of 1
[2025-02-06T10:10:18.312+0000] {taskinstance.py:2889} INFO - Executing <Task(PythonOperator): first_task> on 2025-01-01 05:40:00+00:00
[2025-02-06T10:10:18.316+0000] {standard_task_runner.py:72} INFO - Started process 2476 to run task
[2025-02-06T10:10:18.318+0000] {standard_task_runner.py:104} INFO - Running: ['airflow', 'tasks', 'run', 'my_first_dag', 'first_task', 'scheduled__2025-01-01T05:40:00+00:00', '--job-id', '1710', '--raw', '--subdir', 'DAGS_FOLDER/first_dag.py', '--cfg-path', '/tmp/tmpmz6qf012']
[2025-02-06T10:10:18.319+0000] {standard_task_runner.py:105} INFO - Job 1710: Subtask first_task
[2025-02-06T10:10:18.395+0000] {task_command.py:467} INFO - Running <TaskInstance: my_first_dag.first_task scheduled__2025-01-01T05:40:00+00:00 [running]> on host 1f20f9aee2e1
[2025-02-06T10:10:18.501+0000] {taskinstance.py:3132} INFO - Exporting env vars: AIRFLOW_CTX_DAG_OWNER='airflow' AIRFLOW_CTX_DAG_ID='my_first_dag' AIRFLOW_CTX_TASK_ID='first_task' AIRFLOW_CTX_EXECUTION_DATE='2025-01-01T05:40:00+00:00' AIRFLOW_CTX_TRY_NUMBER='1' AIRFLOW_CTX_DAG_RUN_ID='scheduled__2025-01-01T05:40:00+00:00'
[2025-02-06T10:10:18.503+0000] {logging_mixin.py:190} INFO - Task instance is in running state
[2025-02-06T10:10:18.503+0000] {logging_mixin.py:190} INFO -  Previous state of the Task instance: queued
[2025-02-06T10:10:18.504+0000] {logging_mixin.py:190} INFO - Current task name:first_task state:running start_date:2025-02-06 10:10:18.245422+00:00
[2025-02-06T10:10:18.505+0000] {logging_mixin.py:190} INFO - Dag name:my_first_dag and current dag run status:running
[2025-02-06T10:10:18.505+0000] {taskinstance.py:731} INFO - ::endgroup::
[2025-02-06T10:10:18.506+0000] {python.py:240} INFO - Done. Returned value was: 2
[2025-02-06T10:10:18.546+0000] {taskinstance.py:340} INFO - ::group::Post task execution logs
[2025-02-06T10:10:18.547+0000] {taskinstance.py:352} INFO - Marking task as SUCCESS. dag_id=my_first_dag, task_id=first_task, run_id=scheduled__2025-01-01T05:40:00+00:00, execution_date=20250101T054000, start_date=20250206T101018, end_date=20250206T101018
[2025-02-06T10:10:18.584+0000] {logging_mixin.py:190} INFO - Task instance in success state
[2025-02-06T10:10:18.585+0000] {logging_mixin.py:190} INFO -  Previous state of the Task instance: running
[2025-02-06T10:10:18.585+0000] {logging_mixin.py:190} INFO - Dag name:my_first_dag queued_at:2025-02-06 10:10:16.502065+00:00
[2025-02-06T10:10:18.586+0000] {logging_mixin.py:190} INFO - Task hostname:1f20f9aee2e1 operator:PythonOperator
[2025-02-06T10:10:18.612+0000] {local_task_job_runner.py:266} INFO - Task exited with return code 0
[2025-02-06T10:10:18.653+0000] {taskinstance.py:3895} INFO - 1 downstream tasks scheduled from follow-on schedule check
[2025-02-06T10:10:18.665+0000] {local_task_job_runner.py:245} INFO - ::endgroup::
