[2025-02-06T12:08:57.331+0000] {local_task_job_runner.py:123} INFO - ::group::Pre task execution logs
[2025-02-06T12:08:57.361+0000] {taskinstance.py:2613} INFO - Dependencies all met for dep_context=non-requeueable deps ti=<TaskInstance: my_first_dag.task_1 scheduled__2025-01-01T06:43:30+00:00 [queued]>
[2025-02-06T12:08:57.392+0000] {taskinstance.py:2613} INFO - Dependencies all met for dep_context=requeueable deps ti=<TaskInstance: my_first_dag.task_1 scheduled__2025-01-01T06:43:30+00:00 [queued]>
[2025-02-06T12:08:57.393+0000] {taskinstance.py:2866} INFO - Starting attempt 1 of 1
[2025-02-06T12:08:57.443+0000] {taskinstance.py:2889} INFO - Executing <Task(PythonOperator): task_1> on 2025-01-01 06:43:30+00:00
[2025-02-06T12:08:57.448+0000] {standard_task_runner.py:72} INFO - Started process 1994 to run task
[2025-02-06T12:08:57.450+0000] {standard_task_runner.py:104} INFO - Running: ['airflow', 'tasks', 'run', 'my_first_dag', 'task_1', 'scheduled__2025-01-01T06:43:30+00:00', '--job-id', '2365', '--raw', '--subdir', 'DAGS_FOLDER/first_dag.py', '--cfg-path', '/tmp/tmpr5q82b_f']
[2025-02-06T12:08:57.452+0000] {standard_task_runner.py:105} INFO - Job 2365: Subtask task_1
[2025-02-06T12:08:57.573+0000] {task_command.py:467} INFO - Running <TaskInstance: my_first_dag.task_1 scheduled__2025-01-01T06:43:30+00:00 [running]> on host 06d5bdc1dd82
[2025-02-06T12:08:57.751+0000] {taskinstance.py:3132} INFO - Exporting env vars: AIRFLOW_CTX_DAG_OWNER='airflow' AIRFLOW_CTX_DAG_ID='my_first_dag' AIRFLOW_CTX_TASK_ID='task_1' AIRFLOW_CTX_EXECUTION_DATE='2025-01-01T06:43:30+00:00' AIRFLOW_CTX_TRY_NUMBER='1' AIRFLOW_CTX_DAG_RUN_ID='scheduled__2025-01-01T06:43:30+00:00'
[2025-02-06T12:08:57.752+0000] {logging_mixin.py:190} INFO - Task instance is in running state
[2025-02-06T12:08:57.753+0000] {logging_mixin.py:190} INFO -  Previous state of the Task instance: queued
[2025-02-06T12:08:57.754+0000] {logging_mixin.py:190} INFO - Current task name:task_1 state:running start_date:2025-02-06 12:08:57.361999+00:00
[2025-02-06T12:08:57.754+0000] {logging_mixin.py:190} INFO - Dag name:my_first_dag and current dag run status:running
[2025-02-06T12:08:57.755+0000] {taskinstance.py:731} INFO - ::endgroup::
[2025-02-06T12:08:57.788+0000] {logging_mixin.py:190} INFO - Hello Kevin 924 API_KEY
[2025-02-06T12:08:57.789+0000] {python.py:240} INFO - Done. Returned value was: 924
[2025-02-06T12:08:58.022+0000] {taskinstance.py:340} INFO - ::group::Post task execution logs
[2025-02-06T12:08:58.023+0000] {taskinstance.py:352} INFO - Marking task as SUCCESS. dag_id=my_first_dag, task_id=task_1, run_id=scheduled__2025-01-01T06:43:30+00:00, execution_date=20250101T064330, start_date=20250206T120857, end_date=20250206T120858
[2025-02-06T12:08:58.078+0000] {logging_mixin.py:190} INFO - Task instance in success state
[2025-02-06T12:08:58.079+0000] {logging_mixin.py:190} INFO -  Previous state of the Task instance: running
[2025-02-06T12:08:58.080+0000] {logging_mixin.py:190} INFO - Dag name:my_first_dag queued_at:2025-02-06 12:08:39.787731+00:00
[2025-02-06T12:08:58.080+0000] {logging_mixin.py:190} INFO - Task hostname:06d5bdc1dd82 operator:PythonOperator
[2025-02-06T12:08:58.108+0000] {local_task_job_runner.py:266} INFO - Task exited with return code 0
[2025-02-06T12:08:58.155+0000] {taskinstance.py:3895} INFO - 1 downstream tasks scheduled from follow-on schedule check
[2025-02-06T12:08:58.167+0000] {local_task_job_runner.py:245} INFO - ::endgroup::
