[2025-02-06T09:27:20.991+0000] {local_task_job_runner.py:123} INFO - ::group::Pre task execution logs
[2025-02-06T09:27:21.015+0000] {taskinstance.py:2613} INFO - Dependencies all met for dep_context=non-requeueable deps ti=<TaskInstance: my_first_dag.task_1 scheduled__2025-01-01T03:39:30+00:00 [queued]>
[2025-02-06T09:27:21.035+0000] {taskinstance.py:2613} INFO - Dependencies all met for dep_context=requeueable deps ti=<TaskInstance: my_first_dag.task_1 scheduled__2025-01-01T03:39:30+00:00 [queued]>
[2025-02-06T09:27:21.037+0000] {taskinstance.py:2866} INFO - Starting attempt 1 of 1
[2025-02-06T09:27:21.071+0000] {taskinstance.py:2889} INFO - Executing <Task(PythonOperator): task_1> on 2025-01-01 03:39:30+00:00
[2025-02-06T09:27:21.074+0000] {standard_task_runner.py:72} INFO - Started process 340 to run task
[2025-02-06T09:27:21.077+0000] {standard_task_runner.py:104} INFO - Running: ['airflow', 'tasks', 'run', 'my_first_dag', 'task_1', 'scheduled__2025-01-01T03:39:30+00:00', '--job-id', '841', '--raw', '--subdir', 'DAGS_FOLDER/first_dag.py', '--cfg-path', '/tmp/tmpu6edzjes']
[2025-02-06T09:27:21.078+0000] {standard_task_runner.py:105} INFO - Job 841: Subtask task_1
[2025-02-06T09:27:21.152+0000] {task_command.py:467} INFO - Running <TaskInstance: my_first_dag.task_1 scheduled__2025-01-01T03:39:30+00:00 [running]> on host 396de5a5f1ac
[2025-02-06T09:27:21.300+0000] {taskinstance.py:3132} INFO - Exporting env vars: AIRFLOW_CTX_DAG_OWNER='airflow' AIRFLOW_CTX_DAG_ID='my_first_dag' AIRFLOW_CTX_TASK_ID='task_1' AIRFLOW_CTX_EXECUTION_DATE='2025-01-01T03:39:30+00:00' AIRFLOW_CTX_TRY_NUMBER='1' AIRFLOW_CTX_DAG_RUN_ID='scheduled__2025-01-01T03:39:30+00:00'
[2025-02-06T09:27:21.301+0000] {logging_mixin.py:190} INFO - Task instance is in running state
[2025-02-06T09:27:21.301+0000] {logging_mixin.py:190} INFO -  Previous state of the Task instance: queued
[2025-02-06T09:27:21.302+0000] {logging_mixin.py:190} INFO - Current task name:task_1 state:running start_date:2025-02-06 09:27:21.015909+00:00
[2025-02-06T09:27:21.303+0000] {logging_mixin.py:190} INFO - Dag name:my_first_dag and current dag run status:running
[2025-02-06T09:27:21.303+0000] {taskinstance.py:731} INFO - ::endgroup::
[2025-02-06T09:27:21.304+0000] {logging_mixin.py:190} INFO - Hello World
[2025-02-06T09:27:21.304+0000] {python.py:240} INFO - Done. Returned value was: None
[2025-02-06T09:27:21.314+0000] {taskinstance.py:340} INFO - ::group::Post task execution logs
[2025-02-06T09:27:21.315+0000] {taskinstance.py:352} INFO - Marking task as SUCCESS. dag_id=my_first_dag, task_id=task_1, run_id=scheduled__2025-01-01T03:39:30+00:00, execution_date=20250101T033930, start_date=20250206T092721, end_date=20250206T092721
[2025-02-06T09:27:21.345+0000] {logging_mixin.py:190} INFO - Task instance in success state
[2025-02-06T09:27:21.346+0000] {logging_mixin.py:190} INFO -  Previous state of the Task instance: running
[2025-02-06T09:27:21.346+0000] {logging_mixin.py:190} INFO - Dag name:my_first_dag queued_at:2025-02-06 09:27:14.459082+00:00
[2025-02-06T09:27:21.346+0000] {logging_mixin.py:190} INFO - Task hostname:396de5a5f1ac operator:PythonOperator
[2025-02-06T09:27:21.349+0000] {local_task_job_runner.py:245} INFO - ::endgroup::
[2025-02-06T09:27:21.351+0000] {process_utils.py:132} INFO - Sending 15 to group 340. PIDs of all processes in the group: [340]
[2025-02-06T09:27:21.351+0000] {process_utils.py:87} INFO - Sending the signal 15 to group 340
[2025-02-06T09:27:21.352+0000] {process_utils.py:80} INFO - Process psutil.Process(pid=340, status='terminated', exitcode=0, started='09:27:20') (340) terminated with exit code 0
