[2025-02-06T13:34:49.244+0000] {local_task_job_runner.py:123} INFO - ::group::Pre task execution logs
[2025-02-06T13:34:49.279+0000] {taskinstance.py:2613} INFO - Dependencies all met for dep_context=non-requeueable deps ti=<TaskInstance: my_training_dag.task_read_data manual__2025-02-06T13:34:27.362045+00:00 [queued]>
[2025-02-06T13:34:49.303+0000] {taskinstance.py:2613} INFO - Dependencies all met for dep_context=requeueable deps ti=<TaskInstance: my_training_dag.task_read_data manual__2025-02-06T13:34:27.362045+00:00 [queued]>
[2025-02-06T13:34:49.304+0000] {taskinstance.py:2866} INFO - Starting attempt 1 of 1
[2025-02-06T13:34:49.363+0000] {taskinstance.py:2889} INFO - Executing <Task(BranchPythonOperator): task_read_data> on 2025-02-06 13:34:27.362045+00:00
[2025-02-06T13:34:49.370+0000] {standard_task_runner.py:72} INFO - Started process 385 to run task
[2025-02-06T13:34:49.374+0000] {standard_task_runner.py:104} INFO - Running: ['airflow', 'tasks', 'run', 'my_training_dag', 'task_read_data', 'manual__2025-02-06T13:34:27.362045+00:00', '--job-id', '3377', '--raw', '--subdir', 'DAGS_FOLDER/training_dag.py', '--cfg-path', '/tmp/tmpq81kbheu']
[2025-02-06T13:34:49.375+0000] {standard_task_runner.py:105} INFO - Job 3377: Subtask task_read_data
[2025-02-06T13:34:49.502+0000] {task_command.py:467} INFO - Running <TaskInstance: my_training_dag.task_read_data manual__2025-02-06T13:34:27.362045+00:00 [running]> on host 280e83a6ee46
[2025-02-06T13:34:49.699+0000] {taskinstance.py:3132} INFO - Exporting env vars: AIRFLOW_CTX_DAG_OWNER='airflow' AIRFLOW_CTX_DAG_ID='my_training_dag' AIRFLOW_CTX_TASK_ID='task_read_data' AIRFLOW_CTX_EXECUTION_DATE='2025-02-06T13:34:27.362045+00:00' AIRFLOW_CTX_TRY_NUMBER='1' AIRFLOW_CTX_DAG_RUN_ID='manual__2025-02-06T13:34:27.362045+00:00'
[2025-02-06T13:34:49.702+0000] {logging_mixin.py:190} INFO - Task instance is in running state
[2025-02-06T13:34:49.702+0000] {logging_mixin.py:190} INFO -  Previous state of the Task instance: queued
[2025-02-06T13:34:49.703+0000] {logging_mixin.py:190} INFO - Current task name:task_read_data state:running start_date:2025-02-06 13:34:49.280846+00:00
[2025-02-06T13:34:49.704+0000] {logging_mixin.py:190} INFO - Dag name:my_training_dag and current dag run status:running
[2025-02-06T13:34:49.704+0000] {taskinstance.py:731} INFO - ::endgroup::
[2025-02-06T13:34:49.705+0000] {baseoperator.py:421} WARNING - BranchPythonOperator.execute cannot be called outside TaskInstance!
[2025-02-06T13:34:49.768+0000] {python.py:240} INFO - Done. Returned value was: None
[2025-02-06T13:34:49.769+0000] {branch.py:38} INFO - Branch into None
[2025-02-06T13:34:49.770+0000] {skipmixin.py:230} INFO - Following branch ()
[2025-02-06T13:34:49.786+0000] {skipmixin.py:278} INFO - Skipping tasks [('task_train_model', -1)]
[2025-02-06T13:34:49.856+0000] {taskinstance.py:340} INFO - ::group::Post task execution logs
[2025-02-06T13:34:49.857+0000] {taskinstance.py:352} INFO - Marking task as SUCCESS. dag_id=my_training_dag, task_id=task_read_data, run_id=manual__2025-02-06T13:34:27.362045+00:00, execution_date=20250206T133427, start_date=20250206T133449, end_date=20250206T133449
[2025-02-06T13:34:49.928+0000] {logging_mixin.py:190} INFO - Task instance in success state
[2025-02-06T13:34:49.929+0000] {logging_mixin.py:190} INFO -  Previous state of the Task instance: running
[2025-02-06T13:34:49.930+0000] {logging_mixin.py:190} INFO - Dag name:my_training_dag queued_at:2025-02-06 13:34:27.416857+00:00
[2025-02-06T13:34:49.931+0000] {logging_mixin.py:190} INFO - Task hostname:280e83a6ee46 operator:BranchPythonOperator
[2025-02-06T13:34:49.952+0000] {local_task_job_runner.py:266} INFO - Task exited with return code 0
[2025-02-06T13:34:49.994+0000] {taskinstance.py:3895} INFO - 0 downstream tasks scheduled from follow-on schedule check
[2025-02-06T13:34:49.998+0000] {local_task_job_runner.py:245} INFO - ::endgroup::
