[2025-02-06T12:44:07.119+0000] {local_task_job_runner.py:123} INFO - ::group::Pre task execution logs
[2025-02-06T12:44:07.137+0000] {taskinstance.py:2613} INFO - Dependencies all met for dep_context=non-requeueable deps ti=<TaskInstance: my_first_dag.first_task scheduled__2025-01-01T07:16:00+00:00 [queued]>
[2025-02-06T12:44:07.164+0000] {taskinstance.py:2613} INFO - Dependencies all met for dep_context=requeueable deps ti=<TaskInstance: my_first_dag.first_task scheduled__2025-01-01T07:16:00+00:00 [queued]>
[2025-02-06T12:44:07.165+0000] {taskinstance.py:2866} INFO - Starting attempt 1 of 1
[2025-02-06T12:44:07.204+0000] {taskinstance.py:2889} INFO - Executing <Task(PythonOperator): first_task> on 2025-01-01 07:16:00+00:00
[2025-02-06T12:44:07.208+0000] {standard_task_runner.py:72} INFO - Started process 11153 to run task
[2025-02-06T12:44:07.210+0000] {standard_task_runner.py:104} INFO - Running: ['airflow', 'tasks', 'run', 'my_first_dag', 'first_task', 'scheduled__2025-01-01T07:16:00+00:00', '--job-id', '2859', '--raw', '--subdir', 'DAGS_FOLDER/first_dag.py', '--cfg-path', '/tmp/tmpviyksdmu']
[2025-02-06T12:44:07.211+0000] {standard_task_runner.py:105} INFO - Job 2859: Subtask first_task
[2025-02-06T12:44:07.279+0000] {task_command.py:467} INFO - Running <TaskInstance: my_first_dag.first_task scheduled__2025-01-01T07:16:00+00:00 [running]> on host f59ce29465b4
[2025-02-06T12:44:07.400+0000] {taskinstance.py:3132} INFO - Exporting env vars: AIRFLOW_CTX_DAG_OWNER='airflow' AIRFLOW_CTX_DAG_ID='my_first_dag' AIRFLOW_CTX_TASK_ID='first_task' AIRFLOW_CTX_EXECUTION_DATE='2025-01-01T07:16:00+00:00' AIRFLOW_CTX_TRY_NUMBER='1' AIRFLOW_CTX_DAG_RUN_ID='scheduled__2025-01-01T07:16:00+00:00'
[2025-02-06T12:44:07.401+0000] {logging_mixin.py:190} INFO - Task instance is in running state
[2025-02-06T12:44:07.401+0000] {logging_mixin.py:190} INFO -  Previous state of the Task instance: queued
[2025-02-06T12:44:07.402+0000] {logging_mixin.py:190} INFO - Current task name:first_task state:running start_date:2025-02-06 12:44:07.138260+00:00
[2025-02-06T12:44:07.402+0000] {logging_mixin.py:190} INFO - Dag name:my_first_dag and current dag run status:running
[2025-02-06T12:44:07.402+0000] {taskinstance.py:731} INFO - ::endgroup::
[2025-02-06T12:44:07.435+0000] {python.py:240} INFO - Done. Returned value was: 977
[2025-02-06T12:44:07.479+0000] {taskinstance.py:340} INFO - ::group::Post task execution logs
[2025-02-06T12:44:07.480+0000] {taskinstance.py:352} INFO - Marking task as SUCCESS. dag_id=my_first_dag, task_id=first_task, run_id=scheduled__2025-01-01T07:16:00+00:00, execution_date=20250101T071600, start_date=20250206T124407, end_date=20250206T124407
[2025-02-06T12:44:07.514+0000] {logging_mixin.py:190} INFO - Task instance in success state
[2025-02-06T12:44:07.514+0000] {logging_mixin.py:190} INFO -  Previous state of the Task instance: running
[2025-02-06T12:44:07.515+0000] {logging_mixin.py:190} INFO - Dag name:my_first_dag queued_at:2025-02-06 12:44:05.311092+00:00
[2025-02-06T12:44:07.516+0000] {logging_mixin.py:190} INFO - Task hostname:f59ce29465b4 operator:PythonOperator
[2025-02-06T12:44:07.545+0000] {local_task_job_runner.py:266} INFO - Task exited with return code 0
[2025-02-06T12:44:07.589+0000] {taskinstance.py:3895} INFO - 1 downstream tasks scheduled from follow-on schedule check
[2025-02-06T12:44:07.601+0000] {local_task_job_runner.py:245} INFO - ::endgroup::
