[2025-02-06T10:11:52.639+0000] {local_task_job_runner.py:123} INFO - ::group::Pre task execution logs
[2025-02-06T10:11:52.657+0000] {taskinstance.py:2613} INFO - Dependencies all met for dep_context=non-requeueable deps ti=<TaskInstance: my_first_dag.first_task scheduled__2025-01-01T05:43:30+00:00 [queued]>
[2025-02-06T10:11:52.684+0000] {taskinstance.py:2613} INFO - Dependencies all met for dep_context=requeueable deps ti=<TaskInstance: my_first_dag.first_task scheduled__2025-01-01T05:43:30+00:00 [queued]>
[2025-02-06T10:11:52.686+0000] {taskinstance.py:2866} INFO - Starting attempt 1 of 1
[2025-02-06T10:11:52.729+0000] {taskinstance.py:2889} INFO - Executing <Task(PythonOperator): first_task> on 2025-01-01 05:43:30+00:00
[2025-02-06T10:11:52.733+0000] {standard_task_runner.py:72} INFO - Started process 2639 to run task
[2025-02-06T10:11:52.735+0000] {standard_task_runner.py:104} INFO - Running: ['airflow', 'tasks', 'run', 'my_first_dag', 'first_task', 'scheduled__2025-01-01T05:43:30+00:00', '--job-id', '1746', '--raw', '--subdir', 'DAGS_FOLDER/first_dag.py', '--cfg-path', '/tmp/tmparh5hdbw']
[2025-02-06T10:11:52.736+0000] {standard_task_runner.py:105} INFO - Job 1746: Subtask first_task
[2025-02-06T10:11:52.820+0000] {task_command.py:467} INFO - Running <TaskInstance: my_first_dag.first_task scheduled__2025-01-01T05:43:30+00:00 [running]> on host 1f20f9aee2e1
[2025-02-06T10:11:52.921+0000] {taskinstance.py:3132} INFO - Exporting env vars: AIRFLOW_CTX_DAG_OWNER='airflow' AIRFLOW_CTX_DAG_ID='my_first_dag' AIRFLOW_CTX_TASK_ID='first_task' AIRFLOW_CTX_EXECUTION_DATE='2025-01-01T05:43:30+00:00' AIRFLOW_CTX_TRY_NUMBER='1' AIRFLOW_CTX_DAG_RUN_ID='scheduled__2025-01-01T05:43:30+00:00'
[2025-02-06T10:11:52.924+0000] {logging_mixin.py:190} INFO - Task instance is in running state
[2025-02-06T10:11:52.925+0000] {logging_mixin.py:190} INFO -  Previous state of the Task instance: queued
[2025-02-06T10:11:52.925+0000] {logging_mixin.py:190} INFO - Current task name:first_task state:running start_date:2025-02-06 10:11:52.658664+00:00
[2025-02-06T10:11:52.925+0000] {logging_mixin.py:190} INFO - Dag name:my_first_dag and current dag run status:running
[2025-02-06T10:11:52.926+0000] {taskinstance.py:731} INFO - ::endgroup::
[2025-02-06T10:11:52.927+0000] {python.py:240} INFO - Done. Returned value was: 576
[2025-02-06T10:11:52.970+0000] {taskinstance.py:340} INFO - ::group::Post task execution logs
[2025-02-06T10:11:52.970+0000] {taskinstance.py:352} INFO - Marking task as SUCCESS. dag_id=my_first_dag, task_id=first_task, run_id=scheduled__2025-01-01T05:43:30+00:00, execution_date=20250101T054330, start_date=20250206T101152, end_date=20250206T101152
[2025-02-06T10:11:53.005+0000] {logging_mixin.py:190} INFO - Task instance in success state
[2025-02-06T10:11:53.005+0000] {logging_mixin.py:190} INFO -  Previous state of the Task instance: running
[2025-02-06T10:11:53.006+0000] {logging_mixin.py:190} INFO - Dag name:my_first_dag queued_at:2025-02-06 10:11:50.979525+00:00
[2025-02-06T10:11:53.006+0000] {logging_mixin.py:190} INFO - Task hostname:1f20f9aee2e1 operator:PythonOperator
[2025-02-06T10:11:53.029+0000] {local_task_job_runner.py:266} INFO - Task exited with return code 0
[2025-02-06T10:11:53.063+0000] {taskinstance.py:3895} INFO - 1 downstream tasks scheduled from follow-on schedule check
[2025-02-06T10:11:53.073+0000] {local_task_job_runner.py:245} INFO - ::endgroup::
