[2025-02-06T12:08:03.768+0000] {local_task_job_runner.py:123} INFO - ::group::Pre task execution logs
[2025-02-06T12:08:03.784+0000] {taskinstance.py:2613} INFO - Dependencies all met for dep_context=non-requeueable deps ti=<TaskInstance: my_first_dag.task_goodbye scheduled__2025-01-01T06:42:00+00:00 [queued]>
[2025-02-06T12:08:03.808+0000] {taskinstance.py:2613} INFO - Dependencies all met for dep_context=requeueable deps ti=<TaskInstance: my_first_dag.task_goodbye scheduled__2025-01-01T06:42:00+00:00 [queued]>
[2025-02-06T12:08:03.809+0000] {taskinstance.py:2866} INFO - Starting attempt 1 of 1
[2025-02-06T12:08:03.846+0000] {taskinstance.py:2889} INFO - Executing <Task(PythonOperator): task_goodbye> on 2025-01-01 06:42:00+00:00
[2025-02-06T12:08:03.850+0000] {standard_task_runner.py:72} INFO - Started process 1693 to run task
[2025-02-06T12:08:03.853+0000] {standard_task_runner.py:104} INFO - Running: ['airflow', 'tasks', 'run', 'my_first_dag', 'task_goodbye', 'scheduled__2025-01-01T06:42:00+00:00', '--job-id', '2351', '--raw', '--subdir', 'DAGS_FOLDER/first_dag.py', '--cfg-path', '/tmp/tmpizovlnff']
[2025-02-06T12:08:03.854+0000] {standard_task_runner.py:105} INFO - Job 2351: Subtask task_goodbye
[2025-02-06T12:08:03.923+0000] {task_command.py:467} INFO - Running <TaskInstance: my_first_dag.task_goodbye scheduled__2025-01-01T06:42:00+00:00 [running]> on host 06d5bdc1dd82
[2025-02-06T12:08:04.022+0000] {taskinstance.py:3132} INFO - Exporting env vars: AIRFLOW_CTX_DAG_OWNER='airflow' AIRFLOW_CTX_DAG_ID='my_first_dag' AIRFLOW_CTX_TASK_ID='task_goodbye' AIRFLOW_CTX_EXECUTION_DATE='2025-01-01T06:42:00+00:00' AIRFLOW_CTX_TRY_NUMBER='1' AIRFLOW_CTX_DAG_RUN_ID='scheduled__2025-01-01T06:42:00+00:00'
[2025-02-06T12:08:04.023+0000] {logging_mixin.py:190} INFO - Task instance is in running state
[2025-02-06T12:08:04.024+0000] {logging_mixin.py:190} INFO -  Previous state of the Task instance: queued
[2025-02-06T12:08:04.024+0000] {logging_mixin.py:190} INFO - Current task name:task_goodbye state:running start_date:2025-02-06 12:08:03.785288+00:00
[2025-02-06T12:08:04.024+0000] {logging_mixin.py:190} INFO - Dag name:my_first_dag and current dag run status:running
[2025-02-06T12:08:04.025+0000] {taskinstance.py:731} INFO - ::endgroup::
[2025-02-06T12:08:04.026+0000] {logging_mixin.py:190} INFO - Goodbye
[2025-02-06T12:08:04.026+0000] {python.py:240} INFO - Done. Returned value was: None
[2025-02-06T12:08:04.039+0000] {taskinstance.py:340} INFO - ::group::Post task execution logs
[2025-02-06T12:08:04.039+0000] {taskinstance.py:352} INFO - Marking task as SUCCESS. dag_id=my_first_dag, task_id=task_goodbye, run_id=scheduled__2025-01-01T06:42:00+00:00, execution_date=20250101T064200, start_date=20250206T120803, end_date=20250206T120804
[2025-02-06T12:08:04.083+0000] {logging_mixin.py:190} INFO - Task instance in success state
[2025-02-06T12:08:04.084+0000] {logging_mixin.py:190} INFO -  Previous state of the Task instance: running
[2025-02-06T12:08:04.085+0000] {logging_mixin.py:190} INFO - Dag name:my_first_dag queued_at:2025-02-06 12:07:49.923838+00:00
[2025-02-06T12:08:04.086+0000] {logging_mixin.py:190} INFO - Task hostname:06d5bdc1dd82 operator:PythonOperator
[2025-02-06T12:08:04.107+0000] {local_task_job_runner.py:266} INFO - Task exited with return code 0
[2025-02-06T12:08:04.124+0000] {taskinstance.py:3895} INFO - 0 downstream tasks scheduled from follow-on schedule check
[2025-02-06T12:08:04.126+0000] {local_task_job_runner.py:245} INFO - ::endgroup::
