[2025-02-06T10:00:00.815+0000] {local_task_job_runner.py:123} INFO - ::group::Pre task execution logs
[2025-02-06T10:00:00.837+0000] {taskinstance.py:2613} INFO - Dependencies all met for dep_context=non-requeueable deps ti=<TaskInstance: my_first_dag.task_2 scheduled__2025-01-01T05:12:00+00:00 [queued]>
[2025-02-06T10:00:00.861+0000] {taskinstance.py:2613} INFO - Dependencies all met for dep_context=requeueable deps ti=<TaskInstance: my_first_dag.task_2 scheduled__2025-01-01T05:12:00+00:00 [queued]>
[2025-02-06T10:00:00.863+0000] {taskinstance.py:2866} INFO - Starting attempt 1 of 1
[2025-02-06T10:00:00.956+0000] {taskinstance.py:2889} INFO - Executing <Task(PythonOperator): task_2> on 2025-01-01 05:12:00+00:00
[2025-02-06T10:00:00.960+0000] {standard_task_runner.py:72} INFO - Started process 1482 to run task
[2025-02-06T10:00:00.963+0000] {standard_task_runner.py:104} INFO - Running: ['airflow', 'tasks', 'run', 'my_first_dag', 'task_2', 'scheduled__2025-01-01T05:12:00+00:00', '--job-id', '1518', '--raw', '--subdir', 'DAGS_FOLDER/first_dag.py', '--cfg-path', '/tmp/tmplybe1hqe']
[2025-02-06T10:00:00.964+0000] {standard_task_runner.py:105} INFO - Job 1518: Subtask task_2
[2025-02-06T10:00:01.054+0000] {task_command.py:467} INFO - Running <TaskInstance: my_first_dag.task_2 scheduled__2025-01-01T05:12:00+00:00 [running]> on host 1f20f9aee2e1
[2025-02-06T10:00:01.170+0000] {taskinstance.py:3132} INFO - Exporting env vars: AIRFLOW_CTX_DAG_OWNER='airflow' AIRFLOW_CTX_DAG_ID='my_first_dag' AIRFLOW_CTX_TASK_ID='task_2' AIRFLOW_CTX_EXECUTION_DATE='2025-01-01T05:12:00+00:00' AIRFLOW_CTX_TRY_NUMBER='1' AIRFLOW_CTX_DAG_RUN_ID='scheduled__2025-01-01T05:12:00+00:00'
[2025-02-06T10:00:01.172+0000] {logging_mixin.py:190} INFO - Task instance is in running state
[2025-02-06T10:00:01.172+0000] {logging_mixin.py:190} INFO -  Previous state of the Task instance: queued
[2025-02-06T10:00:01.173+0000] {logging_mixin.py:190} INFO - Current task name:task_2 state:running start_date:2025-02-06 10:00:00.837783+00:00
[2025-02-06T10:00:01.173+0000] {logging_mixin.py:190} INFO - Dag name:my_first_dag and current dag run status:running
[2025-02-06T10:00:01.173+0000] {taskinstance.py:731} INFO - ::endgroup::
[2025-02-06T10:00:01.174+0000] {logging_mixin.py:190} INFO - Hello World
[2025-02-06T10:00:01.174+0000] {logging_mixin.py:190} INFO - 0
[2025-02-06T10:00:01.175+0000] {python.py:240} INFO - Done. Returned value was: 42
[2025-02-06T10:00:01.216+0000] {taskinstance.py:340} INFO - ::group::Post task execution logs
[2025-02-06T10:00:01.216+0000] {taskinstance.py:352} INFO - Marking task as SUCCESS. dag_id=my_first_dag, task_id=task_2, run_id=scheduled__2025-01-01T05:12:00+00:00, execution_date=20250101T051200, start_date=20250206T100000, end_date=20250206T100001
[2025-02-06T10:00:01.248+0000] {logging_mixin.py:190} INFO - Task instance in success state
[2025-02-06T10:00:01.249+0000] {logging_mixin.py:190} INFO -  Previous state of the Task instance: running
[2025-02-06T10:00:01.250+0000] {logging_mixin.py:190} INFO - Dag name:my_first_dag queued_at:2025-02-06 09:59:41.918627+00:00
[2025-02-06T10:00:01.250+0000] {logging_mixin.py:190} INFO - Task hostname:1f20f9aee2e1 operator:PythonOperator
[2025-02-06T10:00:01.257+0000] {local_task_job_runner.py:266} INFO - Task exited with return code 0
[2025-02-06T10:00:01.288+0000] {taskinstance.py:3895} INFO - 1 downstream tasks scheduled from follow-on schedule check
[2025-02-06T10:00:01.299+0000] {local_task_job_runner.py:245} INFO - ::endgroup::
