[2025-02-06T08:46:20.261+0000] {local_task_job_runner.py:123} INFO - ::group::Pre task execution logs
[2025-02-06T08:46:20.279+0000] {taskinstance.py:2613} INFO - Dependencies all met for dep_context=non-requeueable deps ti=<TaskInstance: my_first_dag.task_1 scheduled__2025-01-01T00:07:00+00:00 [queued]>
[2025-02-06T08:46:20.292+0000] {taskinstance.py:2613} INFO - Dependencies all met for dep_context=requeueable deps ti=<TaskInstance: my_first_dag.task_1 scheduled__2025-01-01T00:07:00+00:00 [queued]>
[2025-02-06T08:46:20.294+0000] {taskinstance.py:2866} INFO - Starting attempt 1 of 1
[2025-02-06T08:46:20.334+0000] {taskinstance.py:2889} INFO - Executing <Task(PythonOperator): task_1> on 2025-01-01 00:07:00+00:00
[2025-02-06T08:46:20.337+0000] {standard_task_runner.py:72} INFO - Started process 241 to run task
[2025-02-06T08:46:20.339+0000] {standard_task_runner.py:104} INFO - Running: ['airflow', 'tasks', 'run', 'my_first_dag', 'task_1', 'scheduled__2025-01-01T00:07:00+00:00', '--job-id', '21', '--raw', '--subdir', 'DAGS_FOLDER/first_dag.py', '--cfg-path', '/tmp/tmp0ok7jcep']
[2025-02-06T08:46:20.340+0000] {standard_task_runner.py:105} INFO - Job 21: Subtask task_1
[2025-02-06T08:46:20.434+0000] {task_command.py:467} INFO - Running <TaskInstance: my_first_dag.task_1 scheduled__2025-01-01T00:07:00+00:00 [running]> on host 2eec9e44dd66
[2025-02-06T08:46:20.548+0000] {taskinstance.py:3132} INFO - Exporting env vars: AIRFLOW_CTX_DAG_OWNER='airflow' AIRFLOW_CTX_DAG_ID='my_first_dag' AIRFLOW_CTX_TASK_ID='task_1' AIRFLOW_CTX_EXECUTION_DATE='2025-01-01T00:07:00+00:00' AIRFLOW_CTX_TRY_NUMBER='1' AIRFLOW_CTX_DAG_RUN_ID='scheduled__2025-01-01T00:07:00+00:00'
[2025-02-06T08:46:20.549+0000] {logging_mixin.py:190} INFO - Task instance is in running state
[2025-02-06T08:46:20.550+0000] {logging_mixin.py:190} INFO -  Previous state of the Task instance: queued
[2025-02-06T08:46:20.550+0000] {logging_mixin.py:190} INFO - Current task name:task_1 state:running start_date:2025-02-06 08:46:20.279937+00:00
[2025-02-06T08:46:20.551+0000] {logging_mixin.py:190} INFO - Dag name:my_first_dag and current dag run status:running
[2025-02-06T08:46:20.551+0000] {taskinstance.py:731} INFO - ::endgroup::
[2025-02-06T08:46:20.552+0000] {logging_mixin.py:190} INFO - Hello World
[2025-02-06T08:46:20.552+0000] {python.py:240} INFO - Done. Returned value was: None
[2025-02-06T08:46:20.563+0000] {taskinstance.py:340} INFO - ::group::Post task execution logs
[2025-02-06T08:46:20.564+0000] {taskinstance.py:352} INFO - Marking task as SUCCESS. dag_id=my_first_dag, task_id=task_1, run_id=scheduled__2025-01-01T00:07:00+00:00, execution_date=20250101T000700, start_date=20250206T084620, end_date=20250206T084620
[2025-02-06T08:46:20.594+0000] {logging_mixin.py:190} INFO - Task instance in success state
[2025-02-06T08:46:20.594+0000] {logging_mixin.py:190} INFO -  Previous state of the Task instance: running
[2025-02-06T08:46:20.595+0000] {logging_mixin.py:190} INFO - Dag name:my_first_dag queued_at:2025-02-06 08:46:18.605974+00:00
[2025-02-06T08:46:20.595+0000] {logging_mixin.py:190} INFO - Task hostname:2eec9e44dd66 operator:PythonOperator
[2025-02-06T08:46:20.634+0000] {local_task_job_runner.py:266} INFO - Task exited with return code 0
[2025-02-06T08:46:20.655+0000] {taskinstance.py:3895} INFO - 0 downstream tasks scheduled from follow-on schedule check
[2025-02-06T08:46:20.656+0000] {local_task_job_runner.py:245} INFO - ::endgroup::
