[2025-02-06T11:51:31.492+0000] {local_task_job_runner.py:123} INFO - ::group::Pre task execution logs
[2025-02-06T11:51:31.509+0000] {taskinstance.py:2613} INFO - Dependencies all met for dep_context=non-requeueable deps ti=<TaskInstance: my_first_dag.first_task scheduled__2025-01-01T06:29:00+00:00 [queued]>
[2025-02-06T11:51:31.535+0000] {taskinstance.py:2613} INFO - Dependencies all met for dep_context=requeueable deps ti=<TaskInstance: my_first_dag.first_task scheduled__2025-01-01T06:29:00+00:00 [queued]>
[2025-02-06T11:51:31.537+0000] {taskinstance.py:2866} INFO - Starting attempt 1 of 1
[2025-02-06T11:51:31.578+0000] {taskinstance.py:2889} INFO - Executing <Task(PythonOperator): first_task> on 2025-01-01 06:29:00+00:00
[2025-02-06T11:51:31.588+0000] {standard_task_runner.py:72} INFO - Started process 3033 to run task
[2025-02-06T11:51:31.592+0000] {standard_task_runner.py:104} INFO - Running: ['airflow', 'tasks', 'run', 'my_first_dag', 'first_task', 'scheduled__2025-01-01T06:29:00+00:00', '--job-id', '2202', '--raw', '--subdir', 'DAGS_FOLDER/first_dag.py', '--cfg-path', '/tmp/tmpa36vcnnu']
[2025-02-06T11:51:31.593+0000] {standard_task_runner.py:105} INFO - Job 2202: Subtask first_task
[2025-02-06T11:51:31.812+0000] {task_command.py:467} INFO - Running <TaskInstance: my_first_dag.first_task scheduled__2025-01-01T06:29:00+00:00 [running]> on host 7e1f175e93b1
[2025-02-06T11:51:31.942+0000] {taskinstance.py:3132} INFO - Exporting env vars: AIRFLOW_CTX_DAG_OWNER='airflow' AIRFLOW_CTX_DAG_ID='my_first_dag' AIRFLOW_CTX_TASK_ID='first_task' AIRFLOW_CTX_EXECUTION_DATE='2025-01-01T06:29:00+00:00' AIRFLOW_CTX_TRY_NUMBER='1' AIRFLOW_CTX_DAG_RUN_ID='scheduled__2025-01-01T06:29:00+00:00'
[2025-02-06T11:51:31.944+0000] {logging_mixin.py:190} INFO - Task instance is in running state
[2025-02-06T11:51:31.945+0000] {logging_mixin.py:190} INFO -  Previous state of the Task instance: queued
[2025-02-06T11:51:31.945+0000] {logging_mixin.py:190} INFO - Current task name:first_task state:running start_date:2025-02-06 11:51:31.509923+00:00
[2025-02-06T11:51:31.946+0000] {logging_mixin.py:190} INFO - Dag name:my_first_dag and current dag run status:running
[2025-02-06T11:51:31.946+0000] {taskinstance.py:731} INFO - ::endgroup::
[2025-02-06T11:51:31.993+0000] {python.py:240} INFO - Done. Returned value was: 85
[2025-02-06T11:51:32.053+0000] {taskinstance.py:340} INFO - ::group::Post task execution logs
[2025-02-06T11:51:32.054+0000] {taskinstance.py:352} INFO - Marking task as SUCCESS. dag_id=my_first_dag, task_id=first_task, run_id=scheduled__2025-01-01T06:29:00+00:00, execution_date=20250101T062900, start_date=20250206T115131, end_date=20250206T115132
[2025-02-06T11:51:32.241+0000] {logging_mixin.py:190} INFO - Task instance in success state
[2025-02-06T11:51:32.242+0000] {logging_mixin.py:190} INFO -  Previous state of the Task instance: running
[2025-02-06T11:51:32.243+0000] {logging_mixin.py:190} INFO - Dag name:my_first_dag queued_at:2025-02-06 11:51:28.978367+00:00
[2025-02-06T11:51:32.243+0000] {logging_mixin.py:190} INFO - Task hostname:7e1f175e93b1 operator:PythonOperator
[2025-02-06T11:51:32.288+0000] {local_task_job_runner.py:266} INFO - Task exited with return code 0
[2025-02-06T11:51:32.333+0000] {taskinstance.py:3895} INFO - 1 downstream tasks scheduled from follow-on schedule check
[2025-02-06T11:51:32.350+0000] {local_task_job_runner.py:245} INFO - ::endgroup::
