[2025-02-06T13:28:44.928+0000] {local_task_job_runner.py:123} INFO - ::group::Pre task execution logs
[2025-02-06T13:28:44.953+0000] {taskinstance.py:2613} INFO - Dependencies all met for dep_context=non-requeueable deps ti=<TaskInstance: my_first_dag.task_1 scheduled__2025-01-01T07:49:00+00:00 [queued]>
[2025-02-06T13:28:44.989+0000] {taskinstance.py:2613} INFO - Dependencies all met for dep_context=requeueable deps ti=<TaskInstance: my_first_dag.task_1 scheduled__2025-01-01T07:49:00+00:00 [queued]>
[2025-02-06T13:28:44.990+0000] {taskinstance.py:2866} INFO - Starting attempt 1 of 1
[2025-02-06T13:28:45.029+0000] {taskinstance.py:2889} INFO - Executing <Task(PythonOperator): task_1> on 2025-01-01 07:49:00+00:00
[2025-02-06T13:28:45.033+0000] {standard_task_runner.py:72} INFO - Started process 4201 to run task
[2025-02-06T13:28:45.036+0000] {standard_task_runner.py:104} INFO - Running: ['airflow', 'tasks', 'run', 'my_first_dag', 'task_1', 'scheduled__2025-01-01T07:49:00+00:00', '--job-id', '3306', '--raw', '--subdir', 'DAGS_FOLDER/first_dag.py', '--cfg-path', '/tmp/tmpgaiqwqg6']
[2025-02-06T13:28:45.037+0000] {standard_task_runner.py:105} INFO - Job 3306: Subtask task_1
[2025-02-06T13:28:45.122+0000] {task_command.py:467} INFO - Running <TaskInstance: my_first_dag.task_1 scheduled__2025-01-01T07:49:00+00:00 [running]> on host cbb1459a86bc
[2025-02-06T13:28:45.242+0000] {taskinstance.py:3132} INFO - Exporting env vars: AIRFLOW_CTX_DAG_OWNER='airflow' AIRFLOW_CTX_DAG_ID='my_first_dag' AIRFLOW_CTX_TASK_ID='task_1' AIRFLOW_CTX_EXECUTION_DATE='2025-01-01T07:49:00+00:00' AIRFLOW_CTX_TRY_NUMBER='1' AIRFLOW_CTX_DAG_RUN_ID='scheduled__2025-01-01T07:49:00+00:00'
[2025-02-06T13:28:45.243+0000] {logging_mixin.py:190} INFO - Task instance is in running state
[2025-02-06T13:28:45.244+0000] {logging_mixin.py:190} INFO -  Previous state of the Task instance: queued
[2025-02-06T13:28:45.245+0000] {logging_mixin.py:190} INFO - Current task name:task_1 state:running start_date:2025-02-06 13:28:44.954168+00:00
[2025-02-06T13:28:45.245+0000] {logging_mixin.py:190} INFO - Dag name:my_first_dag and current dag run status:running
[2025-02-06T13:28:45.246+0000] {taskinstance.py:731} INFO - ::endgroup::
[2025-02-06T13:28:45.272+0000] {logging_mixin.py:190} INFO - Hello Kevin 99 API_KEY
[2025-02-06T13:28:45.273+0000] {python.py:240} INFO - Done. Returned value was: 99
[2025-02-06T13:28:45.316+0000] {taskinstance.py:340} INFO - ::group::Post task execution logs
[2025-02-06T13:28:45.317+0000] {taskinstance.py:352} INFO - Marking task as SUCCESS. dag_id=my_first_dag, task_id=task_1, run_id=scheduled__2025-01-01T07:49:00+00:00, execution_date=20250101T074900, start_date=20250206T132844, end_date=20250206T132845
[2025-02-06T13:28:45.464+0000] {logging_mixin.py:190} INFO - Task instance in success state
[2025-02-06T13:28:45.465+0000] {logging_mixin.py:190} INFO -  Previous state of the Task instance: running
[2025-02-06T13:28:45.465+0000] {logging_mixin.py:190} INFO - Dag name:my_first_dag queued_at:2025-02-06 13:28:25.988102+00:00
[2025-02-06T13:28:45.466+0000] {logging_mixin.py:190} INFO - Task hostname:cbb1459a86bc operator:PythonOperator
[2025-02-06T13:28:45.491+0000] {local_task_job_runner.py:266} INFO - Task exited with return code 0
[2025-02-06T13:28:45.525+0000] {taskinstance.py:3895} INFO - 1 downstream tasks scheduled from follow-on schedule check
[2025-02-06T13:28:45.538+0000] {local_task_job_runner.py:245} INFO - ::endgroup::
