[2025-02-06T12:23:41.228+0000] {local_task_job_runner.py:123} INFO - ::group::Pre task execution logs
[2025-02-06T12:23:41.255+0000] {taskinstance.py:2613} INFO - Dependencies all met for dep_context=non-requeueable deps ti=<TaskInstance: my_first_dag.first_task scheduled__2025-01-01T06:52:00+00:00 [queued]>
[2025-02-06T12:23:41.283+0000] {taskinstance.py:2613} INFO - Dependencies all met for dep_context=requeueable deps ti=<TaskInstance: my_first_dag.first_task scheduled__2025-01-01T06:52:00+00:00 [queued]>
[2025-02-06T12:23:41.285+0000] {taskinstance.py:2866} INFO - Starting attempt 1 of 1
[2025-02-06T12:23:41.324+0000] {taskinstance.py:2889} INFO - Executing <Task(PythonOperator): first_task> on 2025-01-01 06:52:00+00:00
[2025-02-06T12:23:41.328+0000] {standard_task_runner.py:72} INFO - Started process 931 to run task
[2025-02-06T12:23:41.332+0000] {standard_task_runner.py:104} INFO - Running: ['airflow', 'tasks', 'run', 'my_first_dag', 'first_task', 'scheduled__2025-01-01T06:52:00+00:00', '--job-id', '2465', '--raw', '--subdir', 'DAGS_FOLDER/first_dag.py', '--cfg-path', '/tmp/tmpwpah78qn']
[2025-02-06T12:23:41.333+0000] {standard_task_runner.py:105} INFO - Job 2465: Subtask first_task
[2025-02-06T12:23:41.459+0000] {task_command.py:467} INFO - Running <TaskInstance: my_first_dag.first_task scheduled__2025-01-01T06:52:00+00:00 [running]> on host f59ce29465b4
[2025-02-06T12:23:41.657+0000] {taskinstance.py:3132} INFO - Exporting env vars: AIRFLOW_CTX_DAG_OWNER='airflow' AIRFLOW_CTX_DAG_ID='my_first_dag' AIRFLOW_CTX_TASK_ID='first_task' AIRFLOW_CTX_EXECUTION_DATE='2025-01-01T06:52:00+00:00' AIRFLOW_CTX_TRY_NUMBER='1' AIRFLOW_CTX_DAG_RUN_ID='scheduled__2025-01-01T06:52:00+00:00'
[2025-02-06T12:23:41.659+0000] {logging_mixin.py:190} INFO - Task instance is in running state
[2025-02-06T12:23:41.660+0000] {logging_mixin.py:190} INFO -  Previous state of the Task instance: queued
[2025-02-06T12:23:41.660+0000] {logging_mixin.py:190} INFO - Current task name:first_task state:running start_date:2025-02-06 12:23:41.255609+00:00
[2025-02-06T12:23:41.661+0000] {logging_mixin.py:190} INFO - Dag name:my_first_dag and current dag run status:running
[2025-02-06T12:23:41.662+0000] {taskinstance.py:731} INFO - ::endgroup::
[2025-02-06T12:23:41.869+0000] {python.py:240} INFO - Done. Returned value was: 662
[2025-02-06T12:23:41.937+0000] {taskinstance.py:340} INFO - ::group::Post task execution logs
[2025-02-06T12:23:41.937+0000] {taskinstance.py:352} INFO - Marking task as SUCCESS. dag_id=my_first_dag, task_id=first_task, run_id=scheduled__2025-01-01T06:52:00+00:00, execution_date=20250101T065200, start_date=20250206T122341, end_date=20250206T122341
[2025-02-06T12:23:42.018+0000] {logging_mixin.py:190} INFO - Task instance in success state
[2025-02-06T12:23:42.020+0000] {logging_mixin.py:190} INFO -  Previous state of the Task instance: running
[2025-02-06T12:23:42.021+0000] {logging_mixin.py:190} INFO - Dag name:my_first_dag queued_at:2025-02-06 12:23:38.843502+00:00
[2025-02-06T12:23:42.021+0000] {logging_mixin.py:190} INFO - Task hostname:f59ce29465b4 operator:PythonOperator
[2025-02-06T12:23:42.029+0000] {local_task_job_runner.py:266} INFO - Task exited with return code 0
[2025-02-06T12:23:42.097+0000] {taskinstance.py:3895} INFO - 1 downstream tasks scheduled from follow-on schedule check
[2025-02-06T12:23:42.117+0000] {local_task_job_runner.py:245} INFO - ::endgroup::
