[2025-02-06T08:46:57.777+0000] {local_task_job_runner.py:123} INFO - ::group::Pre task execution logs
[2025-02-06T08:46:57.796+0000] {taskinstance.py:2613} INFO - Dependencies all met for dep_context=non-requeueable deps ti=<TaskInstance: my_first_dag.task_1 scheduled__2025-01-01T00:13:00+00:00 [queued]>
[2025-02-06T08:46:57.808+0000] {taskinstance.py:2613} INFO - Dependencies all met for dep_context=requeueable deps ti=<TaskInstance: my_first_dag.task_1 scheduled__2025-01-01T00:13:00+00:00 [queued]>
[2025-02-06T08:46:57.810+0000] {taskinstance.py:2866} INFO - Starting attempt 1 of 1
[2025-02-06T08:46:57.847+0000] {taskinstance.py:2889} INFO - Executing <Task(PythonOperator): task_1> on 2025-01-01 00:13:00+00:00
[2025-02-06T08:46:57.850+0000] {standard_task_runner.py:72} INFO - Started process 306 to run task
[2025-02-06T08:46:57.853+0000] {standard_task_runner.py:104} INFO - Running: ['airflow', 'tasks', 'run', 'my_first_dag', 'task_1', 'scheduled__2025-01-01T00:13:00+00:00', '--job-id', '33', '--raw', '--subdir', 'DAGS_FOLDER/first_dag.py', '--cfg-path', '/tmp/tmp59ww62pn']
[2025-02-06T08:46:57.853+0000] {standard_task_runner.py:105} INFO - Job 33: Subtask task_1
[2025-02-06T08:46:57.929+0000] {task_command.py:467} INFO - Running <TaskInstance: my_first_dag.task_1 scheduled__2025-01-01T00:13:00+00:00 [running]> on host 2eec9e44dd66
[2025-02-06T08:46:58.041+0000] {taskinstance.py:3132} INFO - Exporting env vars: AIRFLOW_CTX_DAG_OWNER='airflow' AIRFLOW_CTX_DAG_ID='my_first_dag' AIRFLOW_CTX_TASK_ID='task_1' AIRFLOW_CTX_EXECUTION_DATE='2025-01-01T00:13:00+00:00' AIRFLOW_CTX_TRY_NUMBER='1' AIRFLOW_CTX_DAG_RUN_ID='scheduled__2025-01-01T00:13:00+00:00'
[2025-02-06T08:46:58.042+0000] {logging_mixin.py:190} INFO - Task instance is in running state
[2025-02-06T08:46:58.042+0000] {logging_mixin.py:190} INFO -  Previous state of the Task instance: queued
[2025-02-06T08:46:58.043+0000] {logging_mixin.py:190} INFO - Current task name:task_1 state:running start_date:2025-02-06 08:46:57.797058+00:00
[2025-02-06T08:46:58.043+0000] {logging_mixin.py:190} INFO - Dag name:my_first_dag and current dag run status:running
[2025-02-06T08:46:58.044+0000] {taskinstance.py:731} INFO - ::endgroup::
[2025-02-06T08:46:58.044+0000] {logging_mixin.py:190} INFO - Hello World
[2025-02-06T08:46:58.045+0000] {python.py:240} INFO - Done. Returned value was: None
[2025-02-06T08:46:58.056+0000] {taskinstance.py:340} INFO - ::group::Post task execution logs
[2025-02-06T08:46:58.057+0000] {taskinstance.py:352} INFO - Marking task as SUCCESS. dag_id=my_first_dag, task_id=task_1, run_id=scheduled__2025-01-01T00:13:00+00:00, execution_date=20250101T001300, start_date=20250206T084657, end_date=20250206T084658
[2025-02-06T08:46:58.088+0000] {logging_mixin.py:190} INFO - Task instance in success state
[2025-02-06T08:46:58.089+0000] {logging_mixin.py:190} INFO -  Previous state of the Task instance: running
[2025-02-06T08:46:58.089+0000] {logging_mixin.py:190} INFO - Dag name:my_first_dag queued_at:2025-02-06 08:46:56.174387+00:00
[2025-02-06T08:46:58.090+0000] {logging_mixin.py:190} INFO - Task hostname:2eec9e44dd66 operator:PythonOperator
[2025-02-06T08:46:58.106+0000] {local_task_job_runner.py:266} INFO - Task exited with return code 0
[2025-02-06T08:46:58.124+0000] {taskinstance.py:3895} INFO - 0 downstream tasks scheduled from follow-on schedule check
[2025-02-06T08:46:58.126+0000] {local_task_job_runner.py:245} INFO - ::endgroup::
