[2025-02-06T10:23:42.541+0000] {local_task_job_runner.py:123} INFO - ::group::Pre task execution logs
[2025-02-06T10:23:42.558+0000] {taskinstance.py:2613} INFO - Dependencies all met for dep_context=non-requeueable deps ti=<TaskInstance: my_first_dag.task_bash manual__2025-02-06T10:23:25.642778+00:00 [queued]>
[2025-02-06T10:23:42.584+0000] {taskinstance.py:2613} INFO - Dependencies all met for dep_context=requeueable deps ti=<TaskInstance: my_first_dag.task_bash manual__2025-02-06T10:23:25.642778+00:00 [queued]>
[2025-02-06T10:23:42.584+0000] {taskinstance.py:2866} INFO - Starting attempt 1 of 1
[2025-02-06T10:23:42.627+0000] {taskinstance.py:2889} INFO - Executing <Task(BashOperator): task_bash> on 2025-02-06 10:23:25.642778+00:00
[2025-02-06T10:23:42.633+0000] {standard_task_runner.py:72} INFO - Started process 3857 to run task
[2025-02-06T10:23:42.636+0000] {standard_task_runner.py:104} INFO - Running: ['airflow', 'tasks', 'run', 'my_first_dag', 'task_bash', 'manual__2025-02-06T10:23:25.642778+00:00', '--job-id', '2008', '--raw', '--subdir', 'DAGS_FOLDER/first_dag.py', '--cfg-path', '/tmp/tmpb589qbhd']
[2025-02-06T10:23:42.637+0000] {standard_task_runner.py:105} INFO - Job 2008: Subtask task_bash
[2025-02-06T10:23:42.722+0000] {task_command.py:467} INFO - Running <TaskInstance: my_first_dag.task_bash manual__2025-02-06T10:23:25.642778+00:00 [running]> on host 1f20f9aee2e1
[2025-02-06T10:23:42.827+0000] {taskinstance.py:3132} INFO - Exporting env vars: AIRFLOW_CTX_DAG_OWNER='airflow' AIRFLOW_CTX_DAG_ID='my_first_dag' AIRFLOW_CTX_TASK_ID='task_bash' AIRFLOW_CTX_EXECUTION_DATE='2025-02-06T10:23:25.642778+00:00' AIRFLOW_CTX_TRY_NUMBER='1' AIRFLOW_CTX_DAG_RUN_ID='manual__2025-02-06T10:23:25.642778+00:00'
[2025-02-06T10:23:42.829+0000] {logging_mixin.py:190} INFO - Task instance is in running state
[2025-02-06T10:23:42.830+0000] {logging_mixin.py:190} INFO -  Previous state of the Task instance: queued
[2025-02-06T10:23:42.830+0000] {logging_mixin.py:190} INFO - Current task name:task_bash state:running start_date:2025-02-06 10:23:42.559580+00:00
[2025-02-06T10:23:42.831+0000] {logging_mixin.py:190} INFO - Dag name:my_first_dag and current dag run status:running
[2025-02-06T10:23:42.831+0000] {taskinstance.py:731} INFO - ::endgroup::
[2025-02-06T10:23:42.832+0000] {subprocess.py:78} INFO - Tmp dir root location: /tmp
[2025-02-06T10:23:42.834+0000] {subprocess.py:88} INFO - Running command: ['/usr/bin/bash', '-c', "echo 'Hello World' >> /root/airflow/text.txt"]
[2025-02-06T10:23:42.842+0000] {subprocess.py:99} INFO - Output:
[2025-02-06T10:23:42.846+0000] {subprocess.py:110} INFO - Command exited with return code 0
[2025-02-06T10:23:42.898+0000] {taskinstance.py:340} INFO - ::group::Post task execution logs
[2025-02-06T10:23:42.899+0000] {taskinstance.py:352} INFO - Marking task as SUCCESS. dag_id=my_first_dag, task_id=task_bash, run_id=manual__2025-02-06T10:23:25.642778+00:00, execution_date=20250206T102325, start_date=20250206T102342, end_date=20250206T102342
[2025-02-06T10:23:42.939+0000] {logging_mixin.py:190} INFO - Task instance in success state
[2025-02-06T10:23:42.940+0000] {logging_mixin.py:190} INFO -  Previous state of the Task instance: running
[2025-02-06T10:23:42.941+0000] {logging_mixin.py:190} INFO - Dag name:my_first_dag queued_at:2025-02-06 10:23:25.695513+00:00
[2025-02-06T10:23:42.942+0000] {logging_mixin.py:190} INFO - Task hostname:1f20f9aee2e1 operator:BashOperator
[2025-02-06T10:23:42.971+0000] {local_task_job_runner.py:266} INFO - Task exited with return code 0
[2025-02-06T10:23:43.011+0000] {taskinstance.py:3895} INFO - 1 downstream tasks scheduled from follow-on schedule check
[2025-02-06T10:23:43.076+0000] {local_task_job_runner.py:245} INFO - ::endgroup::
