[2025-02-06T13:06:56.044+0000] {local_task_job_runner.py:123} INFO - ::group::Pre task execution logs
[2025-02-06T13:06:56.064+0000] {taskinstance.py:2613} INFO - Dependencies all met for dep_context=non-requeueable deps ti=<TaskInstance: my_first_dag.task_goodbye scheduled__2025-01-01T07:37:30+00:00 [queued]>
[2025-02-06T13:06:56.103+0000] {taskinstance.py:2613} INFO - Dependencies all met for dep_context=requeueable deps ti=<TaskInstance: my_first_dag.task_goodbye scheduled__2025-01-01T07:37:30+00:00 [queued]>
[2025-02-06T13:06:56.104+0000] {taskinstance.py:2866} INFO - Starting attempt 1 of 1
[2025-02-06T13:06:56.238+0000] {taskinstance.py:2889} INFO - Executing <Task(PythonOperator): task_goodbye> on 2025-01-01 07:37:30+00:00
[2025-02-06T13:06:56.245+0000] {standard_task_runner.py:72} INFO - Started process 2898 to run task
[2025-02-06T13:06:56.247+0000] {standard_task_runner.py:104} INFO - Running: ['airflow', 'tasks', 'run', 'my_first_dag', 'task_goodbye', 'scheduled__2025-01-01T07:37:30+00:00', '--job-id', '3153', '--raw', '--subdir', 'DAGS_FOLDER/first_dag.py', '--cfg-path', '/tmp/tmphdxw_35r']
[2025-02-06T13:06:56.248+0000] {standard_task_runner.py:105} INFO - Job 3153: Subtask task_goodbye
[2025-02-06T13:06:56.325+0000] {task_command.py:467} INFO - Running <TaskInstance: my_first_dag.task_goodbye scheduled__2025-01-01T07:37:30+00:00 [running]> on host 843ef7911ffd
[2025-02-06T13:06:56.431+0000] {taskinstance.py:3132} INFO - Exporting env vars: AIRFLOW_CTX_DAG_OWNER='airflow' AIRFLOW_CTX_DAG_ID='my_first_dag' AIRFLOW_CTX_TASK_ID='task_goodbye' AIRFLOW_CTX_EXECUTION_DATE='2025-01-01T07:37:30+00:00' AIRFLOW_CTX_TRY_NUMBER='1' AIRFLOW_CTX_DAG_RUN_ID='scheduled__2025-01-01T07:37:30+00:00'
[2025-02-06T13:06:56.433+0000] {logging_mixin.py:190} INFO - Task instance is in running state
[2025-02-06T13:06:56.433+0000] {logging_mixin.py:190} INFO -  Previous state of the Task instance: queued
[2025-02-06T13:06:56.434+0000] {logging_mixin.py:190} INFO - Current task name:task_goodbye state:running start_date:2025-02-06 13:06:56.065053+00:00
[2025-02-06T13:06:56.434+0000] {logging_mixin.py:190} INFO - Dag name:my_first_dag and current dag run status:running
[2025-02-06T13:06:56.434+0000] {taskinstance.py:731} INFO - ::endgroup::
[2025-02-06T13:06:56.435+0000] {logging_mixin.py:190} INFO - Goodbye
[2025-02-06T13:06:56.435+0000] {python.py:240} INFO - Done. Returned value was: None
[2025-02-06T13:06:56.447+0000] {taskinstance.py:340} INFO - ::group::Post task execution logs
[2025-02-06T13:06:56.447+0000] {taskinstance.py:352} INFO - Marking task as SUCCESS. dag_id=my_first_dag, task_id=task_goodbye, run_id=scheduled__2025-01-01T07:37:30+00:00, execution_date=20250101T073730, start_date=20250206T130656, end_date=20250206T130656
[2025-02-06T13:06:56.479+0000] {logging_mixin.py:190} INFO - Task instance in success state
[2025-02-06T13:06:56.480+0000] {logging_mixin.py:190} INFO -  Previous state of the Task instance: running
[2025-02-06T13:06:56.481+0000] {logging_mixin.py:190} INFO - Dag name:my_first_dag queued_at:2025-02-06 13:06:40.390325+00:00
[2025-02-06T13:06:56.481+0000] {logging_mixin.py:190} INFO - Task hostname:843ef7911ffd operator:PythonOperator
[2025-02-06T13:06:56.502+0000] {local_task_job_runner.py:266} INFO - Task exited with return code 0
[2025-02-06T13:06:56.520+0000] {taskinstance.py:3895} INFO - 0 downstream tasks scheduled from follow-on schedule check
[2025-02-06T13:06:56.522+0000] {local_task_job_runner.py:245} INFO - ::endgroup::
