[2025-02-06T11:58:18.825+0000] {local_task_job_runner.py:123} INFO - ::group::Pre task execution logs
[2025-02-06T11:58:18.983+0000] {taskinstance.py:2613} INFO - Dependencies all met for dep_context=non-requeueable deps ti=<TaskInstance: my_first_dag.task_2 scheduled__2025-01-01T06:32:30+00:00 [queued]>
[2025-02-06T11:58:19.099+0000] {taskinstance.py:2613} INFO - Dependencies all met for dep_context=requeueable deps ti=<TaskInstance: my_first_dag.task_2 scheduled__2025-01-01T06:32:30+00:00 [queued]>
[2025-02-06T11:58:19.100+0000] {taskinstance.py:2866} INFO - Starting attempt 1 of 1
[2025-02-06T11:58:19.168+0000] {taskinstance.py:2889} INFO - Executing <Task(PythonOperator): task_2> on 2025-01-01 06:32:30+00:00
[2025-02-06T11:58:19.173+0000] {standard_task_runner.py:72} INFO - Started process 169 to run task
[2025-02-06T11:58:19.179+0000] {standard_task_runner.py:104} INFO - Running: ['airflow', 'tasks', 'run', 'my_first_dag', 'task_2', 'scheduled__2025-01-01T06:32:30+00:00', '--job-id', '2246', '--raw', '--subdir', 'DAGS_FOLDER/first_dag.py', '--cfg-path', '/tmp/tmpykrlz8pn']
[2025-02-06T11:58:19.180+0000] {standard_task_runner.py:105} INFO - Job 2246: Subtask task_2
[2025-02-06T11:58:19.309+0000] {task_command.py:467} INFO - Running <TaskInstance: my_first_dag.task_2 scheduled__2025-01-01T06:32:30+00:00 [running]> on host f73fb7f0e18f
[2025-02-06T11:58:19.468+0000] {taskinstance.py:3132} INFO - Exporting env vars: AIRFLOW_CTX_DAG_OWNER='airflow' AIRFLOW_CTX_DAG_ID='my_first_dag' AIRFLOW_CTX_TASK_ID='task_2' AIRFLOW_CTX_EXECUTION_DATE='2025-01-01T06:32:30+00:00' AIRFLOW_CTX_TRY_NUMBER='1' AIRFLOW_CTX_DAG_RUN_ID='scheduled__2025-01-01T06:32:30+00:00'
[2025-02-06T11:58:19.470+0000] {logging_mixin.py:190} INFO - Task instance is in running state
[2025-02-06T11:58:19.471+0000] {logging_mixin.py:190} INFO -  Previous state of the Task instance: queued
[2025-02-06T11:58:19.471+0000] {logging_mixin.py:190} INFO - Current task name:task_2 state:running start_date:2025-02-06 11:58:18.984046+00:00
[2025-02-06T11:58:19.472+0000] {logging_mixin.py:190} INFO - Dag name:my_first_dag and current dag run status:running
[2025-02-06T11:58:19.472+0000] {taskinstance.py:731} INFO - ::endgroup::
[2025-02-06T11:58:19.504+0000] {logging_mixin.py:190} INFO - Hello John 194 API_KEY
[2025-02-06T11:58:19.505+0000] {python.py:240} INFO - Done. Returned value was: 194
[2025-02-06T11:58:19.691+0000] {taskinstance.py:340} INFO - ::group::Post task execution logs
[2025-02-06T11:58:19.692+0000] {taskinstance.py:352} INFO - Marking task as SUCCESS. dag_id=my_first_dag, task_id=task_2, run_id=scheduled__2025-01-01T06:32:30+00:00, execution_date=20250101T063230, start_date=20250206T115818, end_date=20250206T115819
[2025-02-06T11:58:19.754+0000] {logging_mixin.py:190} INFO - Task instance in success state
[2025-02-06T11:58:19.755+0000] {logging_mixin.py:190} INFO -  Previous state of the Task instance: running
[2025-02-06T11:58:19.756+0000] {logging_mixin.py:190} INFO - Dag name:my_first_dag queued_at:2025-02-06 11:54:22.952024+00:00
[2025-02-06T11:58:19.757+0000] {logging_mixin.py:190} INFO - Task hostname:f73fb7f0e18f operator:PythonOperator
[2025-02-06T11:58:19.796+0000] {local_task_job_runner.py:266} INFO - Task exited with return code 0
[2025-02-06T11:58:19.904+0000] {taskinstance.py:3895} INFO - 1 downstream tasks scheduled from follow-on schedule check
[2025-02-06T11:58:19.974+0000] {local_task_job_runner.py:245} INFO - ::endgroup::
