[2025-02-06T12:11:26.394+0000] {local_task_job_runner.py:123} INFO - ::group::Pre task execution logs
[2025-02-06T12:11:26.414+0000] {taskinstance.py:2613} INFO - Dependencies all met for dep_context=non-requeueable deps ti=<TaskInstance: my_first_dag.task_2 scheduled__2025-01-01T06:45:00+00:00 [queued]>
[2025-02-06T12:11:26.438+0000] {taskinstance.py:2613} INFO - Dependencies all met for dep_context=requeueable deps ti=<TaskInstance: my_first_dag.task_2 scheduled__2025-01-01T06:45:00+00:00 [queued]>
[2025-02-06T12:11:26.440+0000] {taskinstance.py:2866} INFO - Starting attempt 1 of 1
[2025-02-06T12:11:26.473+0000] {taskinstance.py:2889} INFO - Executing <Task(PythonOperator): task_2> on 2025-01-01 06:45:00+00:00
[2025-02-06T12:11:26.476+0000] {standard_task_runner.py:72} INFO - Started process 236 to run task
[2025-02-06T12:11:26.478+0000] {standard_task_runner.py:104} INFO - Running: ['airflow', 'tasks', 'run', 'my_first_dag', 'task_2', 'scheduled__2025-01-01T06:45:00+00:00', '--job-id', '2383', '--raw', '--subdir', 'DAGS_FOLDER/first_dag.py', '--cfg-path', '/tmp/tmp6t9a3pa2']
[2025-02-06T12:11:26.479+0000] {standard_task_runner.py:105} INFO - Job 2383: Subtask task_2
[2025-02-06T12:11:26.556+0000] {task_command.py:467} INFO - Running <TaskInstance: my_first_dag.task_2 scheduled__2025-01-01T06:45:00+00:00 [running]> on host 4507ab09d7fc
[2025-02-06T12:11:26.668+0000] {taskinstance.py:3132} INFO - Exporting env vars: AIRFLOW_CTX_DAG_OWNER='airflow' AIRFLOW_CTX_DAG_ID='my_first_dag' AIRFLOW_CTX_TASK_ID='task_2' AIRFLOW_CTX_EXECUTION_DATE='2025-01-01T06:45:00+00:00' AIRFLOW_CTX_TRY_NUMBER='1' AIRFLOW_CTX_DAG_RUN_ID='scheduled__2025-01-01T06:45:00+00:00'
[2025-02-06T12:11:26.669+0000] {logging_mixin.py:190} INFO - Task instance is in running state
[2025-02-06T12:11:26.669+0000] {logging_mixin.py:190} INFO -  Previous state of the Task instance: queued
[2025-02-06T12:11:26.670+0000] {logging_mixin.py:190} INFO - Current task name:task_2 state:running start_date:2025-02-06 12:11:26.414964+00:00
[2025-02-06T12:11:26.670+0000] {logging_mixin.py:190} INFO - Dag name:my_first_dag and current dag run status:running
[2025-02-06T12:11:26.670+0000] {taskinstance.py:731} INFO - ::endgroup::
[2025-02-06T12:11:26.691+0000] {logging_mixin.py:190} INFO - Hello John 109 API_KEY
[2025-02-06T12:11:26.691+0000] {python.py:240} INFO - Done. Returned value was: 109
[2025-02-06T12:11:26.818+0000] {taskinstance.py:340} INFO - ::group::Post task execution logs
[2025-02-06T12:11:26.819+0000] {taskinstance.py:352} INFO - Marking task as SUCCESS. dag_id=my_first_dag, task_id=task_2, run_id=scheduled__2025-01-01T06:45:00+00:00, execution_date=20250101T064500, start_date=20250206T121126, end_date=20250206T121126
[2025-02-06T12:11:26.857+0000] {logging_mixin.py:190} INFO - Task instance in success state
[2025-02-06T12:11:26.858+0000] {logging_mixin.py:190} INFO -  Previous state of the Task instance: running
[2025-02-06T12:11:26.858+0000] {logging_mixin.py:190} INFO - Dag name:my_first_dag queued_at:2025-02-06 12:11:15.252970+00:00
[2025-02-06T12:11:26.859+0000] {logging_mixin.py:190} INFO - Task hostname:4507ab09d7fc operator:PythonOperator
[2025-02-06T12:11:26.892+0000] {local_task_job_runner.py:266} INFO - Task exited with return code 0
[2025-02-06T12:11:26.923+0000] {taskinstance.py:3895} INFO - 1 downstream tasks scheduled from follow-on schedule check
[2025-02-06T12:11:26.933+0000] {local_task_job_runner.py:245} INFO - ::endgroup::
