[2025-02-06T15:17:14.371+0000] {local_task_job_runner.py:123} INFO - ::group::Pre task execution logs
[2025-02-06T15:17:14.401+0000] {taskinstance.py:2613} INFO - Dependencies all met for dep_context=non-requeueable deps ti=<TaskInstance: my_training_dag.task_insert_data scheduled__2025-01-01T00:21:00+00:00 [queued]>
[2025-02-06T15:17:14.422+0000] {taskinstance.py:2613} INFO - Dependencies all met for dep_context=requeueable deps ti=<TaskInstance: my_training_dag.task_insert_data scheduled__2025-01-01T00:21:00+00:00 [queued]>
[2025-02-06T15:17:14.424+0000] {taskinstance.py:2866} INFO - Starting attempt 1 of 1
[2025-02-06T15:17:14.475+0000] {taskinstance.py:2889} INFO - Executing <Task(PythonOperator): task_insert_data> on 2025-01-01 00:21:00+00:00
[2025-02-06T15:17:14.486+0000] {standard_task_runner.py:104} INFO - Running: ['airflow', 'tasks', 'run', 'my_training_dag', 'task_insert_data', 'scheduled__2025-01-01T00:21:00+00:00', '--job-id', '128', '--raw', '--subdir', 'DAGS_FOLDER/training_dag.py', '--cfg-path', '/tmp/tmpu8wvmi29']
[2025-02-06T15:17:14.488+0000] {standard_task_runner.py:105} INFO - Job 128: Subtask task_insert_data
[2025-02-06T15:17:14.490+0000] {logging_mixin.py:190} WARNING - /opt/conda/lib/python3.12/site-packages/airflow/task/task_runner/standard_task_runner.py:70 DeprecationWarning: This process (pid=707) is multi-threaded, use of fork() may lead to deadlocks in the child.
[2025-02-06T15:17:14.491+0000] {standard_task_runner.py:72} INFO - Started process 740 to run task
[2025-02-06T15:17:14.599+0000] {task_command.py:467} INFO - Running <TaskInstance: my_training_dag.task_insert_data scheduled__2025-01-01T00:21:00+00:00 [running]> on host b98e1e481464
[2025-02-06T15:17:14.733+0000] {taskinstance.py:3132} INFO - Exporting env vars: AIRFLOW_CTX_DAG_OWNER='airflow' AIRFLOW_CTX_DAG_ID='my_training_dag' AIRFLOW_CTX_TASK_ID='task_insert_data' AIRFLOW_CTX_EXECUTION_DATE='2025-01-01T00:21:00+00:00' AIRFLOW_CTX_TRY_NUMBER='1' AIRFLOW_CTX_DAG_RUN_ID='scheduled__2025-01-01T00:21:00+00:00'
[2025-02-06T15:17:14.735+0000] {logging_mixin.py:190} INFO - Task instance is in running state
[2025-02-06T15:17:14.736+0000] {logging_mixin.py:190} INFO -  Previous state of the Task instance: queued
[2025-02-06T15:17:14.736+0000] {logging_mixin.py:190} INFO - Current task name:task_insert_data state:running start_date:2025-02-06 15:17:14.402507+00:00
[2025-02-06T15:17:14.737+0000] {logging_mixin.py:190} INFO - Dag name:my_training_dag and current dag run status:running
[2025-02-06T15:17:14.737+0000] {taskinstance.py:731} INFO - ::endgroup::
[2025-02-06T15:17:14.769+0000] {logging_mixin.py:190} INFO - Table : 'iris_data'  created succesfully
[2025-02-06T15:17:14.930+0000] {python.py:240} INFO - Done. Returned value was: None
[2025-02-06T15:17:14.950+0000] {taskinstance.py:340} INFO - ::group::Post task execution logs
[2025-02-06T15:17:14.951+0000] {taskinstance.py:352} INFO - Marking task as SUCCESS. dag_id=my_training_dag, task_id=task_insert_data, run_id=scheduled__2025-01-01T00:21:00+00:00, execution_date=20250101T002100, start_date=20250206T151714, end_date=20250206T151714
[2025-02-06T15:17:15.002+0000] {logging_mixin.py:190} INFO - Task instance in success state
[2025-02-06T15:17:15.003+0000] {logging_mixin.py:190} INFO -  Previous state of the Task instance: running
[2025-02-06T15:17:15.003+0000] {logging_mixin.py:190} INFO - Dag name:my_training_dag queued_at:2025-02-06 15:17:11.144834+00:00
[2025-02-06T15:17:15.004+0000] {logging_mixin.py:190} INFO - Task hostname:b98e1e481464 operator:PythonOperator
[2025-02-06T15:17:15.029+0000] {local_task_job_runner.py:266} INFO - Task exited with return code 0
[2025-02-06T15:17:15.098+0000] {taskinstance.py:3895} INFO - 1 downstream tasks scheduled from follow-on schedule check
[2025-02-06T15:17:15.108+0000] {local_task_job_runner.py:245} INFO - ::endgroup::
