[2025-02-06T10:18:12.594+0000] {local_task_job_runner.py:123} INFO - ::group::Pre task execution logs
[2025-02-06T10:18:12.609+0000] {taskinstance.py:2613} INFO - Dependencies all met for dep_context=non-requeueable deps ti=<TaskInstance: my_first_dag.first_task scheduled__2025-01-01T05:57:30+00:00 [queued]>
[2025-02-06T10:18:12.629+0000] {taskinstance.py:2613} INFO - Dependencies all met for dep_context=requeueable deps ti=<TaskInstance: my_first_dag.first_task scheduled__2025-01-01T05:57:30+00:00 [queued]>
[2025-02-06T10:18:12.631+0000] {taskinstance.py:2866} INFO - Starting attempt 1 of 1
[2025-02-06T10:18:12.669+0000] {taskinstance.py:2889} INFO - Executing <Task(PythonOperator): first_task> on 2025-01-01 05:57:30+00:00
[2025-02-06T10:18:12.673+0000] {standard_task_runner.py:72} INFO - Started process 3299 to run task
[2025-02-06T10:18:12.675+0000] {standard_task_runner.py:104} INFO - Running: ['airflow', 'tasks', 'run', 'my_first_dag', 'first_task', 'scheduled__2025-01-01T05:57:30+00:00', '--job-id', '1890', '--raw', '--subdir', 'DAGS_FOLDER/first_dag.py', '--cfg-path', '/tmp/tmpvkkzkcbv']
[2025-02-06T10:18:12.676+0000] {standard_task_runner.py:105} INFO - Job 1890: Subtask first_task
[2025-02-06T10:18:12.750+0000] {task_command.py:467} INFO - Running <TaskInstance: my_first_dag.first_task scheduled__2025-01-01T05:57:30+00:00 [running]> on host 1f20f9aee2e1
[2025-02-06T10:18:12.857+0000] {taskinstance.py:3132} INFO - Exporting env vars: AIRFLOW_CTX_DAG_OWNER='airflow' AIRFLOW_CTX_DAG_ID='my_first_dag' AIRFLOW_CTX_TASK_ID='first_task' AIRFLOW_CTX_EXECUTION_DATE='2025-01-01T05:57:30+00:00' AIRFLOW_CTX_TRY_NUMBER='1' AIRFLOW_CTX_DAG_RUN_ID='scheduled__2025-01-01T05:57:30+00:00'
[2025-02-06T10:18:12.859+0000] {logging_mixin.py:190} INFO - Task instance is in running state
[2025-02-06T10:18:12.860+0000] {logging_mixin.py:190} INFO -  Previous state of the Task instance: queued
[2025-02-06T10:18:12.861+0000] {logging_mixin.py:190} INFO - Current task name:first_task state:running start_date:2025-02-06 10:18:12.610037+00:00
[2025-02-06T10:18:12.861+0000] {logging_mixin.py:190} INFO - Dag name:my_first_dag and current dag run status:running
[2025-02-06T10:18:12.861+0000] {taskinstance.py:731} INFO - ::endgroup::
[2025-02-06T10:18:12.889+0000] {python.py:240} INFO - Done. Returned value was: 895
[2025-02-06T10:18:12.931+0000] {taskinstance.py:340} INFO - ::group::Post task execution logs
[2025-02-06T10:18:12.932+0000] {taskinstance.py:352} INFO - Marking task as SUCCESS. dag_id=my_first_dag, task_id=first_task, run_id=scheduled__2025-01-01T05:57:30+00:00, execution_date=20250101T055730, start_date=20250206T101812, end_date=20250206T101812
[2025-02-06T10:18:12.969+0000] {logging_mixin.py:190} INFO - Task instance in success state
[2025-02-06T10:18:12.970+0000] {logging_mixin.py:190} INFO -  Previous state of the Task instance: running
[2025-02-06T10:18:12.970+0000] {logging_mixin.py:190} INFO - Dag name:my_first_dag queued_at:2025-02-06 10:18:10.891579+00:00
[2025-02-06T10:18:12.971+0000] {logging_mixin.py:190} INFO - Task hostname:1f20f9aee2e1 operator:PythonOperator
[2025-02-06T10:18:13.010+0000] {local_task_job_runner.py:266} INFO - Task exited with return code 0
[2025-02-06T10:18:13.045+0000] {taskinstance.py:3895} INFO - 1 downstream tasks scheduled from follow-on schedule check
[2025-02-06T10:18:13.057+0000] {local_task_job_runner.py:245} INFO - ::endgroup::
