[2025-02-06T09:13:36.225+0000] {local_task_job_runner.py:123} INFO - ::group::Pre task execution logs
[2025-02-06T09:13:36.249+0000] {taskinstance.py:2613} INFO - Dependencies all met for dep_context=non-requeueable deps ti=<TaskInstance: my_first_dag.task_1 scheduled__2025-01-01T02:28:30+00:00 [queued]>
[2025-02-06T09:13:36.266+0000] {taskinstance.py:2613} INFO - Dependencies all met for dep_context=requeueable deps ti=<TaskInstance: my_first_dag.task_1 scheduled__2025-01-01T02:28:30+00:00 [queued]>
[2025-02-06T09:13:36.267+0000] {taskinstance.py:2866} INFO - Starting attempt 1 of 1
[2025-02-06T09:13:36.306+0000] {taskinstance.py:2889} INFO - Executing <Task(PythonOperator): task_1> on 2025-01-01 02:28:30+00:00
[2025-02-06T09:13:36.310+0000] {standard_task_runner.py:72} INFO - Started process 1064 to run task
[2025-02-06T09:13:36.312+0000] {standard_task_runner.py:104} INFO - Running: ['airflow', 'tasks', 'run', 'my_first_dag', 'task_1', 'scheduled__2025-01-01T02:28:30+00:00', '--job-id', '558', '--raw', '--subdir', 'DAGS_FOLDER/first_dag.py', '--cfg-path', '/tmp/tmppxnxud0k']
[2025-02-06T09:13:36.313+0000] {standard_task_runner.py:105} INFO - Job 558: Subtask task_1
[2025-02-06T09:13:36.386+0000] {task_command.py:467} INFO - Running <TaskInstance: my_first_dag.task_1 scheduled__2025-01-01T02:28:30+00:00 [running]> on host 6f30e18c7b14
[2025-02-06T09:13:36.487+0000] {taskinstance.py:3132} INFO - Exporting env vars: AIRFLOW_CTX_DAG_OWNER='airflow' AIRFLOW_CTX_DAG_ID='my_first_dag' AIRFLOW_CTX_TASK_ID='task_1' AIRFLOW_CTX_EXECUTION_DATE='2025-01-01T02:28:30+00:00' AIRFLOW_CTX_TRY_NUMBER='1' AIRFLOW_CTX_DAG_RUN_ID='scheduled__2025-01-01T02:28:30+00:00'
[2025-02-06T09:13:36.488+0000] {logging_mixin.py:190} INFO - Task instance is in running state
[2025-02-06T09:13:36.488+0000] {logging_mixin.py:190} INFO -  Previous state of the Task instance: queued
[2025-02-06T09:13:36.489+0000] {logging_mixin.py:190} INFO - Current task name:task_1 state:running start_date:2025-02-06 09:13:36.249862+00:00
[2025-02-06T09:13:36.489+0000] {logging_mixin.py:190} INFO - Dag name:my_first_dag and current dag run status:running
[2025-02-06T09:13:36.490+0000] {taskinstance.py:731} INFO - ::endgroup::
[2025-02-06T09:13:36.491+0000] {logging_mixin.py:190} INFO - Hello World
[2025-02-06T09:13:36.491+0000] {python.py:240} INFO - Done. Returned value was: None
[2025-02-06T09:13:36.502+0000] {taskinstance.py:340} INFO - ::group::Post task execution logs
[2025-02-06T09:13:36.503+0000] {taskinstance.py:352} INFO - Marking task as SUCCESS. dag_id=my_first_dag, task_id=task_1, run_id=scheduled__2025-01-01T02:28:30+00:00, execution_date=20250101T022830, start_date=20250206T091336, end_date=20250206T091336
[2025-02-06T09:13:36.535+0000] {logging_mixin.py:190} INFO - Task instance in success state
[2025-02-06T09:13:36.536+0000] {logging_mixin.py:190} INFO -  Previous state of the Task instance: running
[2025-02-06T09:13:36.536+0000] {logging_mixin.py:190} INFO - Dag name:my_first_dag queued_at:2025-02-06 09:13:29.818186+00:00
[2025-02-06T09:13:36.537+0000] {logging_mixin.py:190} INFO - Task hostname:6f30e18c7b14 operator:PythonOperator
[2025-02-06T09:13:36.566+0000] {local_task_job_runner.py:266} INFO - Task exited with return code 0
[2025-02-06T09:13:36.585+0000] {taskinstance.py:3895} INFO - 0 downstream tasks scheduled from follow-on schedule check
[2025-02-06T09:13:36.587+0000] {local_task_job_runner.py:245} INFO - ::endgroup::
