[2025-02-06T12:43:48.302+0000] {local_task_job_runner.py:123} INFO - ::group::Pre task execution logs
[2025-02-06T12:43:48.319+0000] {taskinstance.py:2613} INFO - Dependencies all met for dep_context=non-requeueable deps ti=<TaskInstance: my_first_dag.task_random_choice scheduled__2025-01-01T07:15:30+00:00 [queued]>
[2025-02-06T12:43:48.346+0000] {taskinstance.py:2613} INFO - Dependencies all met for dep_context=requeueable deps ti=<TaskInstance: my_first_dag.task_random_choice scheduled__2025-01-01T07:15:30+00:00 [queued]>
[2025-02-06T12:43:48.347+0000] {taskinstance.py:2866} INFO - Starting attempt 1 of 1
[2025-02-06T12:43:48.386+0000] {taskinstance.py:2889} INFO - Executing <Task(BranchPythonOperator): task_random_choice> on 2025-01-01 07:15:30+00:00
[2025-02-06T12:43:48.390+0000] {standard_task_runner.py:72} INFO - Started process 10990 to run task
[2025-02-06T12:43:48.393+0000] {standard_task_runner.py:104} INFO - Running: ['airflow', 'tasks', 'run', 'my_first_dag', 'task_random_choice', 'scheduled__2025-01-01T07:15:30+00:00', '--job-id', '2853', '--raw', '--subdir', 'DAGS_FOLDER/first_dag.py', '--cfg-path', '/tmp/tmpd5yjiv6m']
[2025-02-06T12:43:48.394+0000] {standard_task_runner.py:105} INFO - Job 2853: Subtask task_random_choice
[2025-02-06T12:43:48.466+0000] {task_command.py:467} INFO - Running <TaskInstance: my_first_dag.task_random_choice scheduled__2025-01-01T07:15:30+00:00 [running]> on host f59ce29465b4
[2025-02-06T12:43:48.709+0000] {taskinstance.py:3132} INFO - Exporting env vars: AIRFLOW_CTX_DAG_OWNER='airflow' AIRFLOW_CTX_DAG_ID='my_first_dag' AIRFLOW_CTX_TASK_ID='task_random_choice' AIRFLOW_CTX_EXECUTION_DATE='2025-01-01T07:15:30+00:00' AIRFLOW_CTX_TRY_NUMBER='1' AIRFLOW_CTX_DAG_RUN_ID='scheduled__2025-01-01T07:15:30+00:00'
[2025-02-06T12:43:48.711+0000] {logging_mixin.py:190} INFO - Task instance is in running state
[2025-02-06T12:43:48.712+0000] {logging_mixin.py:190} INFO -  Previous state of the Task instance: queued
[2025-02-06T12:43:48.712+0000] {logging_mixin.py:190} INFO - Current task name:task_random_choice state:running start_date:2025-02-06 12:43:48.319981+00:00
[2025-02-06T12:43:48.713+0000] {logging_mixin.py:190} INFO - Dag name:my_first_dag and current dag run status:running
[2025-02-06T12:43:48.713+0000] {taskinstance.py:731} INFO - ::endgroup::
[2025-02-06T12:43:48.713+0000] {baseoperator.py:421} WARNING - BranchPythonOperator.execute cannot be called outside TaskInstance!
[2025-02-06T12:43:48.714+0000] {python.py:240} INFO - Done. Returned value was: task_2
[2025-02-06T12:43:48.714+0000] {branch.py:38} INFO - Branch into task_2
[2025-02-06T12:43:48.715+0000] {skipmixin.py:230} INFO - Following branch ('task_2',)
[2025-02-06T12:43:48.728+0000] {skipmixin.py:278} INFO - Skipping tasks [('task_1', -1)]
[2025-02-06T12:43:48.815+0000] {taskinstance.py:340} INFO - ::group::Post task execution logs
[2025-02-06T12:43:48.816+0000] {taskinstance.py:352} INFO - Marking task as SUCCESS. dag_id=my_first_dag, task_id=task_random_choice, run_id=scheduled__2025-01-01T07:15:30+00:00, execution_date=20250101T071530, start_date=20250206T124348, end_date=20250206T124348
[2025-02-06T12:43:48.955+0000] {logging_mixin.py:190} INFO - Task instance in success state
[2025-02-06T12:43:48.956+0000] {logging_mixin.py:190} INFO -  Previous state of the Task instance: running
[2025-02-06T12:43:48.957+0000] {logging_mixin.py:190} INFO - Dag name:my_first_dag queued_at:2025-02-06 12:43:37.292216+00:00
[2025-02-06T12:43:48.957+0000] {logging_mixin.py:190} INFO - Task hostname:f59ce29465b4 operator:BranchPythonOperator
[2025-02-06T12:43:48.968+0000] {local_task_job_runner.py:266} INFO - Task exited with return code 0
[2025-02-06T12:43:49.019+0000] {taskinstance.py:3895} INFO - 1 downstream tasks scheduled from follow-on schedule check
[2025-02-06T12:43:49.029+0000] {local_task_job_runner.py:245} INFO - ::endgroup::
