[2025-02-06T09:51:02.087+0000] {local_task_job_runner.py:123} INFO - ::group::Pre task execution logs
[2025-02-06T09:51:02.108+0000] {taskinstance.py:2613} INFO - Dependencies all met for dep_context=non-requeueable deps ti=<TaskInstance: my_first_dag.task_goodbye scheduled__2025-01-01T04:45:00+00:00 [queued]>
[2025-02-06T09:51:02.132+0000] {taskinstance.py:2613} INFO - Dependencies all met for dep_context=requeueable deps ti=<TaskInstance: my_first_dag.task_goodbye scheduled__2025-01-01T04:45:00+00:00 [queued]>
[2025-02-06T09:51:02.133+0000] {taskinstance.py:2866} INFO - Starting attempt 1 of 1
[2025-02-06T09:51:02.172+0000] {taskinstance.py:2889} INFO - Executing <Task(PythonOperator): task_goodbye> on 2025-01-01 04:45:00+00:00
[2025-02-06T09:51:02.175+0000] {standard_task_runner.py:72} INFO - Started process 491 to run task
[2025-02-06T09:51:02.178+0000] {standard_task_runner.py:104} INFO - Running: ['airflow', 'tasks', 'run', 'my_first_dag', 'task_goodbye', 'scheduled__2025-01-01T04:45:00+00:00', '--job-id', '1314', '--raw', '--subdir', 'DAGS_FOLDER/first_dag.py', '--cfg-path', '/tmp/tmpd7dczs08']
[2025-02-06T09:51:02.179+0000] {standard_task_runner.py:105} INFO - Job 1314: Subtask task_goodbye
[2025-02-06T09:51:02.273+0000] {task_command.py:467} INFO - Running <TaskInstance: my_first_dag.task_goodbye scheduled__2025-01-01T04:45:00+00:00 [running]> on host 1f20f9aee2e1
[2025-02-06T09:51:02.440+0000] {taskinstance.py:3132} INFO - Exporting env vars: AIRFLOW_CTX_DAG_OWNER='airflow' AIRFLOW_CTX_DAG_ID='my_first_dag' AIRFLOW_CTX_TASK_ID='task_goodbye' AIRFLOW_CTX_EXECUTION_DATE='2025-01-01T04:45:00+00:00' AIRFLOW_CTX_TRY_NUMBER='1' AIRFLOW_CTX_DAG_RUN_ID='scheduled__2025-01-01T04:45:00+00:00'
[2025-02-06T09:51:02.442+0000] {logging_mixin.py:190} INFO - Task instance is in running state
[2025-02-06T09:51:02.443+0000] {logging_mixin.py:190} INFO -  Previous state of the Task instance: queued
[2025-02-06T09:51:02.444+0000] {logging_mixin.py:190} INFO - Current task name:task_goodbye state:running start_date:2025-02-06 09:51:02.109274+00:00
[2025-02-06T09:51:02.444+0000] {logging_mixin.py:190} INFO - Dag name:my_first_dag and current dag run status:running
[2025-02-06T09:51:02.445+0000] {taskinstance.py:731} INFO - ::endgroup::
[2025-02-06T09:51:02.446+0000] {logging_mixin.py:190} INFO - Goodbye
[2025-02-06T09:51:02.468+0000] {logging_mixin.py:190} INFO - 42
[2025-02-06T09:51:02.469+0000] {python.py:240} INFO - Done. Returned value was: 42
[2025-02-06T09:51:02.524+0000] {taskinstance.py:340} INFO - ::group::Post task execution logs
[2025-02-06T09:51:02.525+0000] {taskinstance.py:352} INFO - Marking task as SUCCESS. dag_id=my_first_dag, task_id=task_goodbye, run_id=scheduled__2025-01-01T04:45:00+00:00, execution_date=20250101T044500, start_date=20250206T095102, end_date=20250206T095102
[2025-02-06T09:51:02.565+0000] {logging_mixin.py:190} INFO - Task instance in success state
[2025-02-06T09:51:02.566+0000] {logging_mixin.py:190} INFO -  Previous state of the Task instance: running
[2025-02-06T09:51:02.567+0000] {logging_mixin.py:190} INFO - Dag name:my_first_dag queued_at:2025-02-06 09:50:31.807537+00:00
[2025-02-06T09:51:02.567+0000] {logging_mixin.py:190} INFO - Task hostname:1f20f9aee2e1 operator:PythonOperator
[2025-02-06T09:51:02.593+0000] {local_task_job_runner.py:266} INFO - Task exited with return code 0
[2025-02-06T09:51:02.615+0000] {taskinstance.py:3895} INFO - 0 downstream tasks scheduled from follow-on schedule check
[2025-02-06T09:51:02.617+0000] {local_task_job_runner.py:245} INFO - ::endgroup::
