[2025-02-06T13:01:03.628+0000] {local_task_job_runner.py:123} INFO - ::group::Pre task execution logs
[2025-02-06T13:01:03.644+0000] {taskinstance.py:2613} INFO - Dependencies all met for dep_context=non-requeueable deps ti=<TaskInstance: my_first_dag.first_task scheduled__2025-01-01T07:28:30+00:00 [queued]>
[2025-02-06T13:01:03.670+0000] {taskinstance.py:2613} INFO - Dependencies all met for dep_context=requeueable deps ti=<TaskInstance: my_first_dag.first_task scheduled__2025-01-01T07:28:30+00:00 [queued]>
[2025-02-06T13:01:03.672+0000] {taskinstance.py:2866} INFO - Starting attempt 1 of 1
[2025-02-06T13:01:03.721+0000] {taskinstance.py:2889} INFO - Executing <Task(PythonOperator): first_task> on 2025-01-01 07:28:30+00:00
[2025-02-06T13:01:03.725+0000] {standard_task_runner.py:72} INFO - Started process 967 to run task
[2025-02-06T13:01:03.726+0000] {standard_task_runner.py:104} INFO - Running: ['airflow', 'tasks', 'run', 'my_first_dag', 'first_task', 'scheduled__2025-01-01T07:28:30+00:00', '--job-id', '3061', '--raw', '--subdir', 'DAGS_FOLDER/first_dag.py', '--cfg-path', '/tmp/tmpaxja5hs7']
[2025-02-06T13:01:03.727+0000] {standard_task_runner.py:105} INFO - Job 3061: Subtask first_task
[2025-02-06T13:01:03.803+0000] {task_command.py:467} INFO - Running <TaskInstance: my_first_dag.first_task scheduled__2025-01-01T07:28:30+00:00 [running]> on host 843ef7911ffd
[2025-02-06T13:01:03.919+0000] {taskinstance.py:3132} INFO - Exporting env vars: AIRFLOW_CTX_DAG_OWNER='airflow' AIRFLOW_CTX_DAG_ID='my_first_dag' AIRFLOW_CTX_TASK_ID='first_task' AIRFLOW_CTX_EXECUTION_DATE='2025-01-01T07:28:30+00:00' AIRFLOW_CTX_TRY_NUMBER='1' AIRFLOW_CTX_DAG_RUN_ID='scheduled__2025-01-01T07:28:30+00:00'
[2025-02-06T13:01:03.921+0000] {logging_mixin.py:190} INFO - Task instance is in running state
[2025-02-06T13:01:03.921+0000] {logging_mixin.py:190} INFO -  Previous state of the Task instance: queued
[2025-02-06T13:01:03.922+0000] {logging_mixin.py:190} INFO - Current task name:first_task state:running start_date:2025-02-06 13:01:03.644793+00:00
[2025-02-06T13:01:03.922+0000] {logging_mixin.py:190} INFO - Dag name:my_first_dag and current dag run status:running
[2025-02-06T13:01:03.923+0000] {taskinstance.py:731} INFO - ::endgroup::
[2025-02-06T13:01:03.954+0000] {python.py:240} INFO - Done. Returned value was: 376
[2025-02-06T13:01:03.999+0000] {taskinstance.py:340} INFO - ::group::Post task execution logs
[2025-02-06T13:01:04.000+0000] {taskinstance.py:352} INFO - Marking task as SUCCESS. dag_id=my_first_dag, task_id=first_task, run_id=scheduled__2025-01-01T07:28:30+00:00, execution_date=20250101T072830, start_date=20250206T130103, end_date=20250206T130104
[2025-02-06T13:01:04.039+0000] {logging_mixin.py:190} INFO - Task instance in success state
[2025-02-06T13:01:04.040+0000] {logging_mixin.py:190} INFO -  Previous state of the Task instance: running
[2025-02-06T13:01:04.040+0000] {logging_mixin.py:190} INFO - Dag name:my_first_dag queued_at:2025-02-06 13:01:01.784145+00:00
[2025-02-06T13:01:04.041+0000] {logging_mixin.py:190} INFO - Task hostname:843ef7911ffd operator:PythonOperator
[2025-02-06T13:01:04.061+0000] {local_task_job_runner.py:266} INFO - Task exited with return code 0
[2025-02-06T13:01:04.139+0000] {taskinstance.py:3895} INFO - 1 downstream tasks scheduled from follow-on schedule check
[2025-02-06T13:01:04.204+0000] {local_task_job_runner.py:245} INFO - ::endgroup::
