[2025-02-06T08:53:44.753+0000] {local_task_job_runner.py:123} INFO - ::group::Pre task execution logs
[2025-02-06T08:53:44.768+0000] {taskinstance.py:2613} INFO - Dependencies all met for dep_context=non-requeueable deps ti=<TaskInstance: my_first_dag.task_1 scheduled__2025-01-01T00:54:30+00:00 [queued]>
[2025-02-06T08:53:44.784+0000] {taskinstance.py:2613} INFO - Dependencies all met for dep_context=requeueable deps ti=<TaskInstance: my_first_dag.task_1 scheduled__2025-01-01T00:54:30+00:00 [queued]>
[2025-02-06T08:53:44.786+0000] {taskinstance.py:2866} INFO - Starting attempt 1 of 1
[2025-02-06T08:53:44.825+0000] {taskinstance.py:2889} INFO - Executing <Task(PythonOperator): task_1> on 2025-01-01 00:54:30+00:00
[2025-02-06T08:53:44.829+0000] {standard_task_runner.py:72} INFO - Started process 685 to run task
[2025-02-06T08:53:44.831+0000] {standard_task_runner.py:104} INFO - Running: ['airflow', 'tasks', 'run', 'my_first_dag', 'task_1', 'scheduled__2025-01-01T00:54:30+00:00', '--job-id', '183', '--raw', '--subdir', 'DAGS_FOLDER/first_dag.py', '--cfg-path', '/tmp/tmp1dpus9gd']
[2025-02-06T08:53:44.832+0000] {standard_task_runner.py:105} INFO - Job 183: Subtask task_1
[2025-02-06T08:53:44.903+0000] {task_command.py:467} INFO - Running <TaskInstance: my_first_dag.task_1 scheduled__2025-01-01T00:54:30+00:00 [running]> on host 128ac2960630
[2025-02-06T08:53:44.995+0000] {taskinstance.py:3132} INFO - Exporting env vars: AIRFLOW_CTX_DAG_OWNER='airflow' AIRFLOW_CTX_DAG_ID='my_first_dag' AIRFLOW_CTX_TASK_ID='task_1' AIRFLOW_CTX_EXECUTION_DATE='2025-01-01T00:54:30+00:00' AIRFLOW_CTX_TRY_NUMBER='1' AIRFLOW_CTX_DAG_RUN_ID='scheduled__2025-01-01T00:54:30+00:00'
[2025-02-06T08:53:44.997+0000] {logging_mixin.py:190} INFO - Task instance is in running state
[2025-02-06T08:53:44.997+0000] {logging_mixin.py:190} INFO -  Previous state of the Task instance: queued
[2025-02-06T08:53:44.998+0000] {logging_mixin.py:190} INFO - Current task name:task_1 state:running start_date:2025-02-06 08:53:44.769543+00:00
[2025-02-06T08:53:44.998+0000] {logging_mixin.py:190} INFO - Dag name:my_first_dag and current dag run status:running
[2025-02-06T08:53:44.999+0000] {taskinstance.py:731} INFO - ::endgroup::
[2025-02-06T08:53:45.000+0000] {logging_mixin.py:190} INFO - Hello World
[2025-02-06T08:53:45.003+0000] {python.py:240} INFO - Done. Returned value was: None
[2025-02-06T08:53:45.015+0000] {taskinstance.py:340} INFO - ::group::Post task execution logs
[2025-02-06T08:53:45.015+0000] {taskinstance.py:352} INFO - Marking task as SUCCESS. dag_id=my_first_dag, task_id=task_1, run_id=scheduled__2025-01-01T00:54:30+00:00, execution_date=20250101T005430, start_date=20250206T085344, end_date=20250206T085345
[2025-02-06T08:53:45.046+0000] {logging_mixin.py:190} INFO - Task instance in success state
[2025-02-06T08:53:45.047+0000] {logging_mixin.py:190} INFO -  Previous state of the Task instance: running
[2025-02-06T08:53:45.047+0000] {logging_mixin.py:190} INFO - Dag name:my_first_dag queued_at:2025-02-06 08:53:43.264767+00:00
[2025-02-06T08:53:45.047+0000] {logging_mixin.py:190} INFO - Task hostname:128ac2960630 operator:PythonOperator
[2025-02-06T08:53:45.085+0000] {local_task_job_runner.py:266} INFO - Task exited with return code 0
[2025-02-06T08:53:45.115+0000] {taskinstance.py:3895} INFO - 1 downstream tasks scheduled from follow-on schedule check
[2025-02-06T08:53:45.126+0000] {local_task_job_runner.py:245} INFO - ::endgroup::
