[2025-02-06T11:40:11.980+0000] {local_task_job_runner.py:123} INFO - ::group::Pre task execution logs
[2025-02-06T11:40:12.014+0000] {taskinstance.py:2613} INFO - Dependencies all met for dep_context=non-requeueable deps ti=<TaskInstance: my_first_dag.first_task scheduled__2025-01-01T06:15:30+00:00 [queued]>
[2025-02-06T11:40:12.060+0000] {taskinstance.py:2613} INFO - Dependencies all met for dep_context=requeueable deps ti=<TaskInstance: my_first_dag.first_task scheduled__2025-01-01T06:15:30+00:00 [queued]>
[2025-02-06T11:40:12.062+0000] {taskinstance.py:2866} INFO - Starting attempt 1 of 1
[2025-02-06T11:40:12.119+0000] {taskinstance.py:2889} INFO - Executing <Task(PythonOperator): first_task> on 2025-01-01 06:15:30+00:00
[2025-02-06T11:40:12.124+0000] {standard_task_runner.py:72} INFO - Started process 291 to run task
[2025-02-06T11:40:12.127+0000] {standard_task_runner.py:104} INFO - Running: ['airflow', 'tasks', 'run', 'my_first_dag', 'first_task', 'scheduled__2025-01-01T06:15:30+00:00', '--job-id', '2070', '--raw', '--subdir', 'DAGS_FOLDER/first_dag.py', '--cfg-path', '/tmp/tmphlsl23fy']
[2025-02-06T11:40:12.128+0000] {standard_task_runner.py:105} INFO - Job 2070: Subtask first_task
[2025-02-06T11:40:12.274+0000] {task_command.py:467} INFO - Running <TaskInstance: my_first_dag.first_task scheduled__2025-01-01T06:15:30+00:00 [running]> on host 7e1f175e93b1
[2025-02-06T11:40:12.464+0000] {taskinstance.py:3132} INFO - Exporting env vars: AIRFLOW_CTX_DAG_OWNER='airflow' AIRFLOW_CTX_DAG_ID='my_first_dag' AIRFLOW_CTX_TASK_ID='first_task' AIRFLOW_CTX_EXECUTION_DATE='2025-01-01T06:15:30+00:00' AIRFLOW_CTX_TRY_NUMBER='1' AIRFLOW_CTX_DAG_RUN_ID='scheduled__2025-01-01T06:15:30+00:00'
[2025-02-06T11:40:12.466+0000] {logging_mixin.py:190} INFO - Task instance is in running state
[2025-02-06T11:40:12.467+0000] {logging_mixin.py:190} INFO -  Previous state of the Task instance: queued
[2025-02-06T11:40:12.467+0000] {logging_mixin.py:190} INFO - Current task name:first_task state:running start_date:2025-02-06 11:40:12.015746+00:00
[2025-02-06T11:40:12.468+0000] {logging_mixin.py:190} INFO - Dag name:my_first_dag and current dag run status:running
[2025-02-06T11:40:12.469+0000] {taskinstance.py:731} INFO - ::endgroup::
[2025-02-06T11:40:12.524+0000] {python.py:240} INFO - Done. Returned value was: 434
[2025-02-06T11:40:12.591+0000] {taskinstance.py:340} INFO - ::group::Post task execution logs
[2025-02-06T11:40:12.592+0000] {taskinstance.py:352} INFO - Marking task as SUCCESS. dag_id=my_first_dag, task_id=first_task, run_id=scheduled__2025-01-01T06:15:30+00:00, execution_date=20250101T061530, start_date=20250206T114012, end_date=20250206T114012
[2025-02-06T11:40:12.755+0000] {logging_mixin.py:190} INFO - Task instance in success state
[2025-02-06T11:40:12.756+0000] {logging_mixin.py:190} INFO -  Previous state of the Task instance: running
[2025-02-06T11:40:12.757+0000] {logging_mixin.py:190} INFO - Dag name:my_first_dag queued_at:2025-02-06 11:40:08.556387+00:00
[2025-02-06T11:40:12.758+0000] {logging_mixin.py:190} INFO - Task hostname:7e1f175e93b1 operator:PythonOperator
[2025-02-06T11:40:12.785+0000] {local_task_job_runner.py:266} INFO - Task exited with return code 0
[2025-02-06T11:40:12.871+0000] {taskinstance.py:3895} INFO - 1 downstream tasks scheduled from follow-on schedule check
[2025-02-06T11:40:12.976+0000] {local_task_job_runner.py:245} INFO - ::endgroup::
