[2025-02-06T13:22:36.598+0000] {local_task_job_runner.py:123} INFO - ::group::Pre task execution logs
[2025-02-06T13:22:36.618+0000] {taskinstance.py:2613} INFO - Dependencies all met for dep_context=non-requeueable deps ti=<TaskInstance: my_first_dag.first_task scheduled__2025-01-01T07:43:30+00:00 [queued]>
[2025-02-06T13:22:36.651+0000] {taskinstance.py:2613} INFO - Dependencies all met for dep_context=requeueable deps ti=<TaskInstance: my_first_dag.first_task scheduled__2025-01-01T07:43:30+00:00 [queued]>
[2025-02-06T13:22:36.652+0000] {taskinstance.py:2866} INFO - Starting attempt 1 of 1
[2025-02-06T13:22:36.694+0000] {taskinstance.py:2889} INFO - Executing <Task(PythonOperator): first_task> on 2025-01-01 07:43:30+00:00
[2025-02-06T13:22:36.699+0000] {standard_task_runner.py:72} INFO - Started process 1537 to run task
[2025-02-06T13:22:36.701+0000] {standard_task_runner.py:104} INFO - Running: ['airflow', 'tasks', 'run', 'my_first_dag', 'first_task', 'scheduled__2025-01-01T07:43:30+00:00', '--job-id', '3219', '--raw', '--subdir', 'DAGS_FOLDER/first_dag.py', '--cfg-path', '/tmp/tmpa8jh_e3u']
[2025-02-06T13:22:36.702+0000] {standard_task_runner.py:105} INFO - Job 3219: Subtask first_task
[2025-02-06T13:22:36.780+0000] {task_command.py:467} INFO - Running <TaskInstance: my_first_dag.first_task scheduled__2025-01-01T07:43:30+00:00 [running]> on host cbb1459a86bc
[2025-02-06T13:22:36.903+0000] {taskinstance.py:3132} INFO - Exporting env vars: AIRFLOW_CTX_DAG_OWNER='airflow' AIRFLOW_CTX_DAG_ID='my_first_dag' AIRFLOW_CTX_TASK_ID='first_task' AIRFLOW_CTX_EXECUTION_DATE='2025-01-01T07:43:30+00:00' AIRFLOW_CTX_TRY_NUMBER='1' AIRFLOW_CTX_DAG_RUN_ID='scheduled__2025-01-01T07:43:30+00:00'
[2025-02-06T13:22:36.904+0000] {logging_mixin.py:190} INFO - Task instance is in running state
[2025-02-06T13:22:36.904+0000] {logging_mixin.py:190} INFO -  Previous state of the Task instance: queued
[2025-02-06T13:22:36.905+0000] {logging_mixin.py:190} INFO - Current task name:first_task state:running start_date:2025-02-06 13:22:36.619250+00:00
[2025-02-06T13:22:36.905+0000] {logging_mixin.py:190} INFO - Dag name:my_first_dag and current dag run status:running
[2025-02-06T13:22:36.906+0000] {taskinstance.py:731} INFO - ::endgroup::
[2025-02-06T13:22:36.938+0000] {python.py:240} INFO - Done. Returned value was: 99
[2025-02-06T13:22:36.995+0000] {taskinstance.py:340} INFO - ::group::Post task execution logs
[2025-02-06T13:22:36.996+0000] {taskinstance.py:352} INFO - Marking task as SUCCESS. dag_id=my_first_dag, task_id=first_task, run_id=scheduled__2025-01-01T07:43:30+00:00, execution_date=20250101T074330, start_date=20250206T132236, end_date=20250206T132236
[2025-02-06T13:22:37.048+0000] {logging_mixin.py:190} INFO - Task instance in success state
[2025-02-06T13:22:37.049+0000] {logging_mixin.py:190} INFO -  Previous state of the Task instance: running
[2025-02-06T13:22:37.050+0000] {logging_mixin.py:190} INFO - Dag name:my_first_dag queued_at:2025-02-06 13:22:33.901676+00:00
[2025-02-06T13:22:37.050+0000] {logging_mixin.py:190} INFO - Task hostname:cbb1459a86bc operator:PythonOperator
[2025-02-06T13:22:37.076+0000] {local_task_job_runner.py:266} INFO - Task exited with return code 0
[2025-02-06T13:22:37.131+0000] {taskinstance.py:3895} INFO - 1 downstream tasks scheduled from follow-on schedule check
[2025-02-06T13:22:37.148+0000] {local_task_job_runner.py:245} INFO - ::endgroup::
