[2025-02-06T11:58:54.028+0000] {local_task_job_runner.py:123} INFO - ::group::Pre task execution logs
[2025-02-06T11:58:54.071+0000] {taskinstance.py:2613} INFO - Dependencies all met for dep_context=non-requeueable deps ti=<TaskInstance: my_first_dag.first_task scheduled__2025-01-01T06:33:30+00:00 [queued]>
[2025-02-06T11:58:54.138+0000] {taskinstance.py:2613} INFO - Dependencies all met for dep_context=requeueable deps ti=<TaskInstance: my_first_dag.first_task scheduled__2025-01-01T06:33:30+00:00 [queued]>
[2025-02-06T11:58:54.139+0000] {taskinstance.py:2866} INFO - Starting attempt 1 of 1
[2025-02-06T11:58:54.224+0000] {taskinstance.py:2889} INFO - Executing <Task(PythonOperator): first_task> on 2025-01-01 06:33:30+00:00
[2025-02-06T11:58:54.230+0000] {standard_task_runner.py:72} INFO - Started process 312 to run task
[2025-02-06T11:58:54.236+0000] {standard_task_runner.py:104} INFO - Running: ['airflow', 'tasks', 'run', 'my_first_dag', 'first_task', 'scheduled__2025-01-01T06:33:30+00:00', '--job-id', '2253', '--raw', '--subdir', 'DAGS_FOLDER/first_dag.py', '--cfg-path', '/tmp/tmpsypdzw_f']
[2025-02-06T11:58:54.238+0000] {standard_task_runner.py:105} INFO - Job 2253: Subtask first_task
[2025-02-06T11:58:54.847+0000] {task_command.py:467} INFO - Running <TaskInstance: my_first_dag.first_task scheduled__2025-01-01T06:33:30+00:00 [running]> on host f73fb7f0e18f
[2025-02-06T11:58:55.120+0000] {taskinstance.py:3132} INFO - Exporting env vars: AIRFLOW_CTX_DAG_OWNER='airflow' AIRFLOW_CTX_DAG_ID='my_first_dag' AIRFLOW_CTX_TASK_ID='first_task' AIRFLOW_CTX_EXECUTION_DATE='2025-01-01T06:33:30+00:00' AIRFLOW_CTX_TRY_NUMBER='1' AIRFLOW_CTX_DAG_RUN_ID='scheduled__2025-01-01T06:33:30+00:00'
[2025-02-06T11:58:55.122+0000] {logging_mixin.py:190} INFO - Task instance is in running state
[2025-02-06T11:58:55.123+0000] {logging_mixin.py:190} INFO -  Previous state of the Task instance: queued
[2025-02-06T11:58:55.125+0000] {logging_mixin.py:190} INFO - Current task name:first_task state:running start_date:2025-02-06 11:58:54.072901+00:00
[2025-02-06T11:58:55.126+0000] {logging_mixin.py:190} INFO - Dag name:my_first_dag and current dag run status:running
[2025-02-06T11:58:55.127+0000] {taskinstance.py:731} INFO - ::endgroup::
[2025-02-06T11:58:55.206+0000] {python.py:240} INFO - Done. Returned value was: 209
[2025-02-06T11:58:55.313+0000] {taskinstance.py:340} INFO - ::group::Post task execution logs
[2025-02-06T11:58:55.315+0000] {taskinstance.py:352} INFO - Marking task as SUCCESS. dag_id=my_first_dag, task_id=first_task, run_id=scheduled__2025-01-01T06:33:30+00:00, execution_date=20250101T063330, start_date=20250206T115854, end_date=20250206T115855
[2025-02-06T11:58:55.601+0000] {logging_mixin.py:190} INFO - Task instance in success state
[2025-02-06T11:58:55.602+0000] {logging_mixin.py:190} INFO -  Previous state of the Task instance: running
[2025-02-06T11:58:55.603+0000] {logging_mixin.py:190} INFO - Dag name:my_first_dag queued_at:2025-02-06 11:58:50.147256+00:00
[2025-02-06T11:58:55.604+0000] {logging_mixin.py:190} INFO - Task hostname:f73fb7f0e18f operator:PythonOperator
[2025-02-06T11:58:55.626+0000] {local_task_job_runner.py:266} INFO - Task exited with return code 0
[2025-02-06T11:58:55.721+0000] {taskinstance.py:3895} INFO - 1 downstream tasks scheduled from follow-on schedule check
[2025-02-06T11:58:55.742+0000] {local_task_job_runner.py:245} INFO - ::endgroup::
