[2025-02-06T13:05:47.504+0000] {local_task_job_runner.py:123} INFO - ::group::Pre task execution logs
[2025-02-06T13:05:47.520+0000] {taskinstance.py:2613} INFO - Dependencies all met for dep_context=non-requeueable deps ti=<TaskInstance: my_first_dag.first_task scheduled__2025-01-01T07:36:00+00:00 [queued]>
[2025-02-06T13:05:47.546+0000] {taskinstance.py:2613} INFO - Dependencies all met for dep_context=requeueable deps ti=<TaskInstance: my_first_dag.first_task scheduled__2025-01-01T07:36:00+00:00 [queued]>
[2025-02-06T13:05:47.547+0000] {taskinstance.py:2866} INFO - Starting attempt 1 of 1
[2025-02-06T13:05:47.683+0000] {taskinstance.py:2889} INFO - Executing <Task(PythonOperator): first_task> on 2025-01-01 07:36:00+00:00
[2025-02-06T13:05:47.687+0000] {standard_task_runner.py:72} INFO - Started process 2496 to run task
[2025-02-06T13:05:47.689+0000] {standard_task_runner.py:104} INFO - Running: ['airflow', 'tasks', 'run', 'my_first_dag', 'first_task', 'scheduled__2025-01-01T07:36:00+00:00', '--job-id', '3134', '--raw', '--subdir', 'DAGS_FOLDER/first_dag.py', '--cfg-path', '/tmp/tmph_asgfm9']
[2025-02-06T13:05:47.690+0000] {standard_task_runner.py:105} INFO - Job 3134: Subtask first_task
[2025-02-06T13:05:47.763+0000] {task_command.py:467} INFO - Running <TaskInstance: my_first_dag.first_task scheduled__2025-01-01T07:36:00+00:00 [running]> on host 843ef7911ffd
[2025-02-06T13:05:47.869+0000] {taskinstance.py:3132} INFO - Exporting env vars: AIRFLOW_CTX_DAG_OWNER='airflow' AIRFLOW_CTX_DAG_ID='my_first_dag' AIRFLOW_CTX_TASK_ID='first_task' AIRFLOW_CTX_EXECUTION_DATE='2025-01-01T07:36:00+00:00' AIRFLOW_CTX_TRY_NUMBER='1' AIRFLOW_CTX_DAG_RUN_ID='scheduled__2025-01-01T07:36:00+00:00'
[2025-02-06T13:05:47.870+0000] {logging_mixin.py:190} INFO - Task instance is in running state
[2025-02-06T13:05:47.871+0000] {logging_mixin.py:190} INFO -  Previous state of the Task instance: queued
[2025-02-06T13:05:47.871+0000] {logging_mixin.py:190} INFO - Current task name:first_task state:running start_date:2025-02-06 13:05:47.521377+00:00
[2025-02-06T13:05:47.872+0000] {logging_mixin.py:190} INFO - Dag name:my_first_dag and current dag run status:running
[2025-02-06T13:05:47.872+0000] {taskinstance.py:731} INFO - ::endgroup::
[2025-02-06T13:05:47.903+0000] {python.py:240} INFO - Done. Returned value was: 970
[2025-02-06T13:05:47.938+0000] {taskinstance.py:340} INFO - ::group::Post task execution logs
[2025-02-06T13:05:47.938+0000] {taskinstance.py:352} INFO - Marking task as SUCCESS. dag_id=my_first_dag, task_id=first_task, run_id=scheduled__2025-01-01T07:36:00+00:00, execution_date=20250101T073600, start_date=20250206T130547, end_date=20250206T130547
[2025-02-06T13:05:47.971+0000] {logging_mixin.py:190} INFO - Task instance in success state
[2025-02-06T13:05:47.972+0000] {logging_mixin.py:190} INFO -  Previous state of the Task instance: running
[2025-02-06T13:05:47.973+0000] {logging_mixin.py:190} INFO - Dag name:my_first_dag queued_at:2025-02-06 13:05:45.555491+00:00
[2025-02-06T13:05:47.973+0000] {logging_mixin.py:190} INFO - Task hostname:843ef7911ffd operator:PythonOperator
[2025-02-06T13:05:47.983+0000] {local_task_job_runner.py:266} INFO - Task exited with return code 0
[2025-02-06T13:05:48.020+0000] {taskinstance.py:3895} INFO - 1 downstream tasks scheduled from follow-on schedule check
[2025-02-06T13:05:48.032+0000] {local_task_job_runner.py:245} INFO - ::endgroup::
