[2025-02-06T09:50:28.187+0000] {local_task_job_runner.py:123} INFO - ::group::Pre task execution logs
[2025-02-06T09:50:28.202+0000] {taskinstance.py:2613} INFO - Dependencies all met for dep_context=non-requeueable deps ti=<TaskInstance: my_first_dag.task_random_choice scheduled__2025-01-01T04:44:00+00:00 [queued]>
[2025-02-06T09:50:28.219+0000] {taskinstance.py:2613} INFO - Dependencies all met for dep_context=requeueable deps ti=<TaskInstance: my_first_dag.task_random_choice scheduled__2025-01-01T04:44:00+00:00 [queued]>
[2025-02-06T09:50:28.221+0000] {taskinstance.py:2866} INFO - Starting attempt 1 of 1
[2025-02-06T09:50:28.262+0000] {taskinstance.py:2889} INFO - Executing <Task(BranchPythonOperator): task_random_choice> on 2025-01-01 04:44:00+00:00
[2025-02-06T09:50:28.265+0000] {standard_task_runner.py:72} INFO - Started process 429 to run task
[2025-02-06T09:50:28.267+0000] {standard_task_runner.py:104} INFO - Running: ['airflow', 'tasks', 'run', 'my_first_dag', 'task_random_choice', 'scheduled__2025-01-01T04:44:00+00:00', '--job-id', '1300', '--raw', '--subdir', 'DAGS_FOLDER/first_dag.py', '--cfg-path', '/tmp/tmpe9vzxc2m']
[2025-02-06T09:50:28.268+0000] {standard_task_runner.py:105} INFO - Job 1300: Subtask task_random_choice
[2025-02-06T09:50:28.356+0000] {task_command.py:467} INFO - Running <TaskInstance: my_first_dag.task_random_choice scheduled__2025-01-01T04:44:00+00:00 [running]> on host 1f20f9aee2e1
[2025-02-06T09:50:28.464+0000] {taskinstance.py:3132} INFO - Exporting env vars: AIRFLOW_CTX_DAG_OWNER='airflow' AIRFLOW_CTX_DAG_ID='my_first_dag' AIRFLOW_CTX_TASK_ID='task_random_choice' AIRFLOW_CTX_EXECUTION_DATE='2025-01-01T04:44:00+00:00' AIRFLOW_CTX_TRY_NUMBER='1' AIRFLOW_CTX_DAG_RUN_ID='scheduled__2025-01-01T04:44:00+00:00'
[2025-02-06T09:50:28.466+0000] {logging_mixin.py:190} INFO - Task instance is in running state
[2025-02-06T09:50:28.466+0000] {logging_mixin.py:190} INFO -  Previous state of the Task instance: queued
[2025-02-06T09:50:28.467+0000] {logging_mixin.py:190} INFO - Current task name:task_random_choice state:running start_date:2025-02-06 09:50:28.203560+00:00
[2025-02-06T09:50:28.467+0000] {logging_mixin.py:190} INFO - Dag name:my_first_dag and current dag run status:running
[2025-02-06T09:50:28.467+0000] {taskinstance.py:731} INFO - ::endgroup::
[2025-02-06T09:50:28.468+0000] {baseoperator.py:421} WARNING - BranchPythonOperator.execute cannot be called outside TaskInstance!
[2025-02-06T09:50:28.468+0000] {python.py:240} INFO - Done. Returned value was: task_1
[2025-02-06T09:50:28.469+0000] {branch.py:38} INFO - Branch into task_1
[2025-02-06T09:50:28.469+0000] {skipmixin.py:230} INFO - Following branch ('task_1',)
[2025-02-06T09:50:28.485+0000] {skipmixin.py:278} INFO - Skipping tasks [('task_2', -1)]
[2025-02-06T09:50:28.579+0000] {taskinstance.py:340} INFO - ::group::Post task execution logs
[2025-02-06T09:50:28.580+0000] {taskinstance.py:352} INFO - Marking task as SUCCESS. dag_id=my_first_dag, task_id=task_random_choice, run_id=scheduled__2025-01-01T04:44:00+00:00, execution_date=20250101T044400, start_date=20250206T095028, end_date=20250206T095028
[2025-02-06T09:50:28.615+0000] {logging_mixin.py:190} INFO - Task instance in success state
[2025-02-06T09:50:28.616+0000] {logging_mixin.py:190} INFO -  Previous state of the Task instance: running
[2025-02-06T09:50:28.616+0000] {logging_mixin.py:190} INFO - Dag name:my_first_dag queued_at:2025-02-06 09:50:18.965629+00:00
[2025-02-06T09:50:28.617+0000] {logging_mixin.py:190} INFO - Task hostname:1f20f9aee2e1 operator:BranchPythonOperator
[2025-02-06T09:50:28.642+0000] {local_task_job_runner.py:266} INFO - Task exited with return code 0
[2025-02-06T09:50:28.710+0000] {taskinstance.py:3895} INFO - 1 downstream tasks scheduled from follow-on schedule check
[2025-02-06T09:50:28.755+0000] {local_task_job_runner.py:245} INFO - ::endgroup::
