[2025-02-06T10:13:24.969+0000] {local_task_job_runner.py:123} INFO - ::group::Pre task execution logs
[2025-02-06T10:13:24.984+0000] {taskinstance.py:2613} INFO - Dependencies all met for dep_context=non-requeueable deps ti=<TaskInstance: my_first_dag.first_task scheduled__2025-01-01T05:47:30+00:00 [queued]>
[2025-02-06T10:13:25.005+0000] {taskinstance.py:2613} INFO - Dependencies all met for dep_context=requeueable deps ti=<TaskInstance: my_first_dag.first_task scheduled__2025-01-01T05:47:30+00:00 [queued]>
[2025-02-06T10:13:25.007+0000] {taskinstance.py:2866} INFO - Starting attempt 1 of 1
[2025-02-06T10:13:25.041+0000] {taskinstance.py:2889} INFO - Executing <Task(PythonOperator): first_task> on 2025-01-01 05:47:30+00:00
[2025-02-06T10:13:25.045+0000] {standard_task_runner.py:72} INFO - Started process 2800 to run task
[2025-02-06T10:13:25.047+0000] {standard_task_runner.py:104} INFO - Running: ['airflow', 'tasks', 'run', 'my_first_dag', 'first_task', 'scheduled__2025-01-01T05:47:30+00:00', '--job-id', '1781', '--raw', '--subdir', 'DAGS_FOLDER/first_dag.py', '--cfg-path', '/tmp/tmpb80462_i']
[2025-02-06T10:13:25.047+0000] {standard_task_runner.py:105} INFO - Job 1781: Subtask first_task
[2025-02-06T10:13:25.116+0000] {task_command.py:467} INFO - Running <TaskInstance: my_first_dag.first_task scheduled__2025-01-01T05:47:30+00:00 [running]> on host 1f20f9aee2e1
[2025-02-06T10:13:25.300+0000] {taskinstance.py:3132} INFO - Exporting env vars: AIRFLOW_CTX_DAG_OWNER='airflow' AIRFLOW_CTX_DAG_ID='my_first_dag' AIRFLOW_CTX_TASK_ID='first_task' AIRFLOW_CTX_EXECUTION_DATE='2025-01-01T05:47:30+00:00' AIRFLOW_CTX_TRY_NUMBER='1' AIRFLOW_CTX_DAG_RUN_ID='scheduled__2025-01-01T05:47:30+00:00'
[2025-02-06T10:13:25.303+0000] {logging_mixin.py:190} INFO - Task instance is in running state
[2025-02-06T10:13:25.304+0000] {logging_mixin.py:190} INFO -  Previous state of the Task instance: queued
[2025-02-06T10:13:25.304+0000] {logging_mixin.py:190} INFO - Current task name:first_task state:running start_date:2025-02-06 10:13:24.985439+00:00
[2025-02-06T10:13:25.304+0000] {logging_mixin.py:190} INFO - Dag name:my_first_dag and current dag run status:running
[2025-02-06T10:13:25.305+0000] {taskinstance.py:731} INFO - ::endgroup::
[2025-02-06T10:13:25.305+0000] {python.py:240} INFO - Done. Returned value was: 427
[2025-02-06T10:13:25.349+0000] {taskinstance.py:340} INFO - ::group::Post task execution logs
[2025-02-06T10:13:25.350+0000] {taskinstance.py:352} INFO - Marking task as SUCCESS. dag_id=my_first_dag, task_id=first_task, run_id=scheduled__2025-01-01T05:47:30+00:00, execution_date=20250101T054730, start_date=20250206T101324, end_date=20250206T101325
[2025-02-06T10:13:25.386+0000] {logging_mixin.py:190} INFO - Task instance in success state
[2025-02-06T10:13:25.386+0000] {logging_mixin.py:190} INFO -  Previous state of the Task instance: running
[2025-02-06T10:13:25.387+0000] {logging_mixin.py:190} INFO - Dag name:my_first_dag queued_at:2025-02-06 10:13:23.347378+00:00
[2025-02-06T10:13:25.387+0000] {logging_mixin.py:190} INFO - Task hostname:1f20f9aee2e1 operator:PythonOperator
[2025-02-06T10:13:25.421+0000] {local_task_job_runner.py:266} INFO - Task exited with return code 0
[2025-02-06T10:13:25.478+0000] {taskinstance.py:3895} INFO - 1 downstream tasks scheduled from follow-on schedule check
[2025-02-06T10:13:25.490+0000] {local_task_job_runner.py:245} INFO - ::endgroup::
