[2025-02-06T09:50:49.777+0000] {local_task_job_runner.py:123} INFO - ::group::Pre task execution logs
[2025-02-06T09:50:49.805+0000] {taskinstance.py:2613} INFO - Dependencies all met for dep_context=non-requeueable deps ti=<TaskInstance: my_first_dag.task_goodbye scheduled__2025-01-01T04:44:00+00:00 [queued]>
[2025-02-06T09:50:49.830+0000] {taskinstance.py:2613} INFO - Dependencies all met for dep_context=requeueable deps ti=<TaskInstance: my_first_dag.task_goodbye scheduled__2025-01-01T04:44:00+00:00 [queued]>
[2025-02-06T09:50:49.831+0000] {taskinstance.py:2866} INFO - Starting attempt 1 of 1
[2025-02-06T09:50:49.875+0000] {taskinstance.py:2889} INFO - Executing <Task(PythonOperator): task_goodbye> on 2025-01-01 04:44:00+00:00
[2025-02-06T09:50:49.878+0000] {standard_task_runner.py:72} INFO - Started process 469 to run task
[2025-02-06T09:50:49.880+0000] {standard_task_runner.py:104} INFO - Running: ['airflow', 'tasks', 'run', 'my_first_dag', 'task_goodbye', 'scheduled__2025-01-01T04:44:00+00:00', '--job-id', '1309', '--raw', '--subdir', 'DAGS_FOLDER/first_dag.py', '--cfg-path', '/tmp/tmpqzxul4et']
[2025-02-06T09:50:49.881+0000] {standard_task_runner.py:105} INFO - Job 1309: Subtask task_goodbye
[2025-02-06T09:50:50.038+0000] {task_command.py:467} INFO - Running <TaskInstance: my_first_dag.task_goodbye scheduled__2025-01-01T04:44:00+00:00 [running]> on host 1f20f9aee2e1
[2025-02-06T09:50:50.159+0000] {taskinstance.py:3132} INFO - Exporting env vars: AIRFLOW_CTX_DAG_OWNER='airflow' AIRFLOW_CTX_DAG_ID='my_first_dag' AIRFLOW_CTX_TASK_ID='task_goodbye' AIRFLOW_CTX_EXECUTION_DATE='2025-01-01T04:44:00+00:00' AIRFLOW_CTX_TRY_NUMBER='1' AIRFLOW_CTX_DAG_RUN_ID='scheduled__2025-01-01T04:44:00+00:00'
[2025-02-06T09:50:50.161+0000] {logging_mixin.py:190} INFO - Task instance is in running state
[2025-02-06T09:50:50.161+0000] {logging_mixin.py:190} INFO -  Previous state of the Task instance: queued
[2025-02-06T09:50:50.162+0000] {logging_mixin.py:190} INFO - Current task name:task_goodbye state:running start_date:2025-02-06 09:50:49.806551+00:00
[2025-02-06T09:50:50.162+0000] {logging_mixin.py:190} INFO - Dag name:my_first_dag and current dag run status:running
[2025-02-06T09:50:50.163+0000] {taskinstance.py:731} INFO - ::endgroup::
[2025-02-06T09:50:50.164+0000] {logging_mixin.py:190} INFO - Goodbye
[2025-02-06T09:50:50.181+0000] {logging_mixin.py:190} INFO - 42
[2025-02-06T09:50:50.182+0000] {python.py:240} INFO - Done. Returned value was: 42
[2025-02-06T09:50:50.226+0000] {taskinstance.py:340} INFO - ::group::Post task execution logs
[2025-02-06T09:50:50.226+0000] {taskinstance.py:352} INFO - Marking task as SUCCESS. dag_id=my_first_dag, task_id=task_goodbye, run_id=scheduled__2025-01-01T04:44:00+00:00, execution_date=20250101T044400, start_date=20250206T095049, end_date=20250206T095050
[2025-02-06T09:50:50.267+0000] {logging_mixin.py:190} INFO - Task instance in success state
[2025-02-06T09:50:50.268+0000] {logging_mixin.py:190} INFO -  Previous state of the Task instance: running
[2025-02-06T09:50:50.268+0000] {logging_mixin.py:190} INFO - Dag name:my_first_dag queued_at:2025-02-06 09:50:18.965629+00:00
[2025-02-06T09:50:50.268+0000] {logging_mixin.py:190} INFO - Task hostname:1f20f9aee2e1 operator:PythonOperator
[2025-02-06T09:50:50.295+0000] {local_task_job_runner.py:266} INFO - Task exited with return code 0
[2025-02-06T09:50:50.311+0000] {taskinstance.py:3895} INFO - 0 downstream tasks scheduled from follow-on schedule check
[2025-02-06T09:50:50.313+0000] {local_task_job_runner.py:245} INFO - ::endgroup::
