[2025-02-06T08:26:48.714+0000] {processor.py:186} INFO - Started process (PID=55) to work on /opt/conda/lib/python3.12/site-packages/airflow/example_dags/plugins/event_listener.py
[2025-02-06T08:26:48.716+0000] {processor.py:914} INFO - Processing file /opt/conda/lib/python3.12/site-packages/airflow/example_dags/plugins/event_listener.py for tasks to queue
[2025-02-06T08:26:48.718+0000] {logging_mixin.py:190} INFO - [2025-02-06T08:26:48.718+0000] {dagbag.py:588} INFO - Filling up the DagBag from /opt/conda/lib/python3.12/site-packages/airflow/example_dags/plugins/event_listener.py
[2025-02-06T08:26:48.722+0000] {processor.py:927} WARNING - No viable dags retrieved from /opt/conda/lib/python3.12/site-packages/airflow/example_dags/plugins/event_listener.py
[2025-02-06T08:26:48.745+0000] {processor.py:208} INFO - Processing /opt/conda/lib/python3.12/site-packages/airflow/example_dags/plugins/event_listener.py took 0.035 seconds
[2025-02-06T08:30:38.461+0000] {processor.py:186} INFO - Started process (PID=55) to work on /opt/conda/lib/python3.12/site-packages/airflow/example_dags/plugins/event_listener.py
[2025-02-06T08:30:38.463+0000] {processor.py:914} INFO - Processing file /opt/conda/lib/python3.12/site-packages/airflow/example_dags/plugins/event_listener.py for tasks to queue
[2025-02-06T08:30:38.465+0000] {logging_mixin.py:190} INFO - [2025-02-06T08:30:38.464+0000] {dagbag.py:588} INFO - Filling up the DagBag from /opt/conda/lib/python3.12/site-packages/airflow/example_dags/plugins/event_listener.py
[2025-02-06T08:30:38.467+0000] {processor.py:927} WARNING - No viable dags retrieved from /opt/conda/lib/python3.12/site-packages/airflow/example_dags/plugins/event_listener.py
[2025-02-06T08:30:38.489+0000] {processor.py:208} INFO - Processing /opt/conda/lib/python3.12/site-packages/airflow/example_dags/plugins/event_listener.py took 0.032 seconds
[2025-02-06T08:31:43.393+0000] {processor.py:186} INFO - Started process (PID=113) to work on /opt/conda/lib/python3.12/site-packages/airflow/example_dags/plugins/event_listener.py
[2025-02-06T08:31:43.394+0000] {processor.py:914} INFO - Processing file /opt/conda/lib/python3.12/site-packages/airflow/example_dags/plugins/event_listener.py for tasks to queue
[2025-02-06T08:31:43.395+0000] {logging_mixin.py:190} INFO - [2025-02-06T08:31:43.394+0000] {dagbag.py:588} INFO - Filling up the DagBag from /opt/conda/lib/python3.12/site-packages/airflow/example_dags/plugins/event_listener.py
[2025-02-06T08:31:43.396+0000] {processor.py:927} WARNING - No viable dags retrieved from /opt/conda/lib/python3.12/site-packages/airflow/example_dags/plugins/event_listener.py
[2025-02-06T08:31:43.417+0000] {processor.py:208} INFO - Processing /opt/conda/lib/python3.12/site-packages/airflow/example_dags/plugins/event_listener.py took 0.029 seconds
[2025-02-06T08:32:53.231+0000] {processor.py:186} INFO - Started process (PID=174) to work on /opt/conda/lib/python3.12/site-packages/airflow/example_dags/plugins/event_listener.py
[2025-02-06T08:32:53.232+0000] {processor.py:914} INFO - Processing file /opt/conda/lib/python3.12/site-packages/airflow/example_dags/plugins/event_listener.py for tasks to queue
[2025-02-06T08:32:53.233+0000] {logging_mixin.py:190} INFO - [2025-02-06T08:32:53.233+0000] {dagbag.py:588} INFO - Filling up the DagBag from /opt/conda/lib/python3.12/site-packages/airflow/example_dags/plugins/event_listener.py
[2025-02-06T08:32:53.235+0000] {processor.py:927} WARNING - No viable dags retrieved from /opt/conda/lib/python3.12/site-packages/airflow/example_dags/plugins/event_listener.py
[2025-02-06T08:32:53.253+0000] {processor.py:208} INFO - Processing /opt/conda/lib/python3.12/site-packages/airflow/example_dags/plugins/event_listener.py took 0.027 seconds
[2025-02-06T08:34:04.333+0000] {processor.py:186} INFO - Started process (PID=236) to work on /opt/conda/lib/python3.12/site-packages/airflow/example_dags/plugins/event_listener.py
[2025-02-06T08:34:04.335+0000] {processor.py:914} INFO - Processing file /opt/conda/lib/python3.12/site-packages/airflow/example_dags/plugins/event_listener.py for tasks to queue
[2025-02-06T08:34:04.336+0000] {logging_mixin.py:190} INFO - [2025-02-06T08:34:04.336+0000] {dagbag.py:588} INFO - Filling up the DagBag from /opt/conda/lib/python3.12/site-packages/airflow/example_dags/plugins/event_listener.py
[2025-02-06T08:34:04.338+0000] {processor.py:927} WARNING - No viable dags retrieved from /opt/conda/lib/python3.12/site-packages/airflow/example_dags/plugins/event_listener.py
[2025-02-06T08:34:04.358+0000] {processor.py:208} INFO - Processing /opt/conda/lib/python3.12/site-packages/airflow/example_dags/plugins/event_listener.py took 0.029 seconds
[2025-02-06T08:35:22.870+0000] {processor.py:186} INFO - Started process (PID=301) to work on /opt/conda/lib/python3.12/site-packages/airflow/example_dags/plugins/event_listener.py
[2025-02-06T08:35:22.871+0000] {processor.py:914} INFO - Processing file /opt/conda/lib/python3.12/site-packages/airflow/example_dags/plugins/event_listener.py for tasks to queue
[2025-02-06T08:35:22.873+0000] {logging_mixin.py:190} INFO - [2025-02-06T08:35:22.872+0000] {dagbag.py:588} INFO - Filling up the DagBag from /opt/conda/lib/python3.12/site-packages/airflow/example_dags/plugins/event_listener.py
[2025-02-06T08:35:22.875+0000] {processor.py:927} WARNING - No viable dags retrieved from /opt/conda/lib/python3.12/site-packages/airflow/example_dags/plugins/event_listener.py
[2025-02-06T08:35:22.895+0000] {processor.py:208} INFO - Processing /opt/conda/lib/python3.12/site-packages/airflow/example_dags/plugins/event_listener.py took 0.029 seconds
[2025-02-06T08:36:39.692+0000] {processor.py:186} INFO - Started process (PID=366) to work on /opt/conda/lib/python3.12/site-packages/airflow/example_dags/plugins/event_listener.py
[2025-02-06T08:36:39.693+0000] {processor.py:914} INFO - Processing file /opt/conda/lib/python3.12/site-packages/airflow/example_dags/plugins/event_listener.py for tasks to queue
[2025-02-06T08:36:39.695+0000] {logging_mixin.py:190} INFO - [2025-02-06T08:36:39.694+0000] {dagbag.py:588} INFO - Filling up the DagBag from /opt/conda/lib/python3.12/site-packages/airflow/example_dags/plugins/event_listener.py
[2025-02-06T08:36:39.696+0000] {processor.py:927} WARNING - No viable dags retrieved from /opt/conda/lib/python3.12/site-packages/airflow/example_dags/plugins/event_listener.py
[2025-02-06T08:36:39.715+0000] {processor.py:208} INFO - Processing /opt/conda/lib/python3.12/site-packages/airflow/example_dags/plugins/event_listener.py took 0.027 seconds
[2025-02-06T08:38:01.005+0000] {processor.py:186} INFO - Started process (PID=433) to work on /opt/conda/lib/python3.12/site-packages/airflow/example_dags/plugins/event_listener.py
[2025-02-06T08:38:01.006+0000] {processor.py:914} INFO - Processing file /opt/conda/lib/python3.12/site-packages/airflow/example_dags/plugins/event_listener.py for tasks to queue
[2025-02-06T08:38:01.007+0000] {logging_mixin.py:190} INFO - [2025-02-06T08:38:01.007+0000] {dagbag.py:588} INFO - Filling up the DagBag from /opt/conda/lib/python3.12/site-packages/airflow/example_dags/plugins/event_listener.py
[2025-02-06T08:38:01.010+0000] {processor.py:927} WARNING - No viable dags retrieved from /opt/conda/lib/python3.12/site-packages/airflow/example_dags/plugins/event_listener.py
[2025-02-06T08:38:01.033+0000] {processor.py:208} INFO - Processing /opt/conda/lib/python3.12/site-packages/airflow/example_dags/plugins/event_listener.py took 0.033 seconds
[2025-02-06T08:39:15.475+0000] {processor.py:186} INFO - Started process (PID=498) to work on /opt/conda/lib/python3.12/site-packages/airflow/example_dags/plugins/event_listener.py
[2025-02-06T08:39:15.476+0000] {processor.py:914} INFO - Processing file /opt/conda/lib/python3.12/site-packages/airflow/example_dags/plugins/event_listener.py for tasks to queue
[2025-02-06T08:39:15.478+0000] {logging_mixin.py:190} INFO - [2025-02-06T08:39:15.477+0000] {dagbag.py:588} INFO - Filling up the DagBag from /opt/conda/lib/python3.12/site-packages/airflow/example_dags/plugins/event_listener.py
[2025-02-06T08:39:15.481+0000] {processor.py:927} WARNING - No viable dags retrieved from /opt/conda/lib/python3.12/site-packages/airflow/example_dags/plugins/event_listener.py
[2025-02-06T08:39:15.507+0000] {processor.py:208} INFO - Processing /opt/conda/lib/python3.12/site-packages/airflow/example_dags/plugins/event_listener.py took 0.036 seconds
[2025-02-06T08:40:34.792+0000] {processor.py:186} INFO - Started process (PID=565) to work on /opt/conda/lib/python3.12/site-packages/airflow/example_dags/plugins/event_listener.py
[2025-02-06T08:40:34.793+0000] {processor.py:914} INFO - Processing file /opt/conda/lib/python3.12/site-packages/airflow/example_dags/plugins/event_listener.py for tasks to queue
[2025-02-06T08:40:34.794+0000] {logging_mixin.py:190} INFO - [2025-02-06T08:40:34.794+0000] {dagbag.py:588} INFO - Filling up the DagBag from /opt/conda/lib/python3.12/site-packages/airflow/example_dags/plugins/event_listener.py
[2025-02-06T08:40:34.796+0000] {processor.py:927} WARNING - No viable dags retrieved from /opt/conda/lib/python3.12/site-packages/airflow/example_dags/plugins/event_listener.py
[2025-02-06T08:40:34.813+0000] {processor.py:208} INFO - Processing /opt/conda/lib/python3.12/site-packages/airflow/example_dags/plugins/event_listener.py took 0.026 seconds
[2025-02-06T08:41:48.236+0000] {processor.py:186} INFO - Started process (PID=628) to work on /opt/conda/lib/python3.12/site-packages/airflow/example_dags/plugins/event_listener.py
[2025-02-06T08:41:48.238+0000] {processor.py:914} INFO - Processing file /opt/conda/lib/python3.12/site-packages/airflow/example_dags/plugins/event_listener.py for tasks to queue
[2025-02-06T08:41:48.239+0000] {logging_mixin.py:190} INFO - [2025-02-06T08:41:48.239+0000] {dagbag.py:588} INFO - Filling up the DagBag from /opt/conda/lib/python3.12/site-packages/airflow/example_dags/plugins/event_listener.py
[2025-02-06T08:41:48.242+0000] {processor.py:927} WARNING - No viable dags retrieved from /opt/conda/lib/python3.12/site-packages/airflow/example_dags/plugins/event_listener.py
[2025-02-06T08:41:48.266+0000] {processor.py:208} INFO - Processing /opt/conda/lib/python3.12/site-packages/airflow/example_dags/plugins/event_listener.py took 0.035 seconds
[2025-02-06T08:43:31.323+0000] {processor.py:186} INFO - Started process (PID=56) to work on /opt/conda/lib/python3.12/site-packages/airflow/example_dags/plugins/event_listener.py
[2025-02-06T08:43:31.324+0000] {processor.py:914} INFO - Processing file /opt/conda/lib/python3.12/site-packages/airflow/example_dags/plugins/event_listener.py for tasks to queue
[2025-02-06T08:43:31.326+0000] {logging_mixin.py:190} INFO - [2025-02-06T08:43:31.326+0000] {dagbag.py:588} INFO - Filling up the DagBag from /opt/conda/lib/python3.12/site-packages/airflow/example_dags/plugins/event_listener.py
[2025-02-06T08:43:31.329+0000] {processor.py:927} WARNING - No viable dags retrieved from /opt/conda/lib/python3.12/site-packages/airflow/example_dags/plugins/event_listener.py
[2025-02-06T08:43:31.348+0000] {processor.py:208} INFO - Processing /opt/conda/lib/python3.12/site-packages/airflow/example_dags/plugins/event_listener.py took 0.029 seconds
[2025-02-06T08:44:40.157+0000] {processor.py:186} INFO - Started process (PID=114) to work on /opt/conda/lib/python3.12/site-packages/airflow/example_dags/plugins/event_listener.py
[2025-02-06T08:44:40.158+0000] {processor.py:914} INFO - Processing file /opt/conda/lib/python3.12/site-packages/airflow/example_dags/plugins/event_listener.py for tasks to queue
[2025-02-06T08:44:40.160+0000] {logging_mixin.py:190} INFO - [2025-02-06T08:44:40.160+0000] {dagbag.py:588} INFO - Filling up the DagBag from /opt/conda/lib/python3.12/site-packages/airflow/example_dags/plugins/event_listener.py
[2025-02-06T08:44:40.163+0000] {processor.py:927} WARNING - No viable dags retrieved from /opt/conda/lib/python3.12/site-packages/airflow/example_dags/plugins/event_listener.py
[2025-02-06T08:44:40.182+0000] {processor.py:208} INFO - Processing /opt/conda/lib/python3.12/site-packages/airflow/example_dags/plugins/event_listener.py took 0.030 seconds
[2025-02-06T08:46:12.376+0000] {processor.py:186} INFO - Started process (PID=227) to work on /opt/conda/lib/python3.12/site-packages/airflow/example_dags/plugins/event_listener.py
[2025-02-06T08:46:12.377+0000] {processor.py:914} INFO - Processing file /opt/conda/lib/python3.12/site-packages/airflow/example_dags/plugins/event_listener.py for tasks to queue
[2025-02-06T08:46:12.379+0000] {logging_mixin.py:190} INFO - [2025-02-06T08:46:12.378+0000] {dagbag.py:588} INFO - Filling up the DagBag from /opt/conda/lib/python3.12/site-packages/airflow/example_dags/plugins/event_listener.py
[2025-02-06T08:46:12.381+0000] {processor.py:927} WARNING - No viable dags retrieved from /opt/conda/lib/python3.12/site-packages/airflow/example_dags/plugins/event_listener.py
[2025-02-06T08:46:12.399+0000] {processor.py:208} INFO - Processing /opt/conda/lib/python3.12/site-packages/airflow/example_dags/plugins/event_listener.py took 0.027 seconds
[2025-02-06T08:47:27.100+0000] {processor.py:186} INFO - Started process (PID=356) to work on /opt/conda/lib/python3.12/site-packages/airflow/example_dags/plugins/event_listener.py
[2025-02-06T08:47:27.101+0000] {processor.py:914} INFO - Processing file /opt/conda/lib/python3.12/site-packages/airflow/example_dags/plugins/event_listener.py for tasks to queue
[2025-02-06T08:47:27.103+0000] {logging_mixin.py:190} INFO - [2025-02-06T08:47:27.103+0000] {dagbag.py:588} INFO - Filling up the DagBag from /opt/conda/lib/python3.12/site-packages/airflow/example_dags/plugins/event_listener.py
[2025-02-06T08:47:27.105+0000] {processor.py:927} WARNING - No viable dags retrieved from /opt/conda/lib/python3.12/site-packages/airflow/example_dags/plugins/event_listener.py
[2025-02-06T08:47:27.127+0000] {processor.py:208} INFO - Processing /opt/conda/lib/python3.12/site-packages/airflow/example_dags/plugins/event_listener.py took 0.032 seconds
[2025-02-06T08:48:59.216+0000] {processor.py:186} INFO - Started process (PID=156) to work on /opt/conda/lib/python3.12/site-packages/airflow/example_dags/plugins/event_listener.py
[2025-02-06T08:48:59.218+0000] {processor.py:914} INFO - Processing file /opt/conda/lib/python3.12/site-packages/airflow/example_dags/plugins/event_listener.py for tasks to queue
[2025-02-06T08:48:59.220+0000] {logging_mixin.py:190} INFO - [2025-02-06T08:48:59.219+0000] {dagbag.py:588} INFO - Filling up the DagBag from /opt/conda/lib/python3.12/site-packages/airflow/example_dags/plugins/event_listener.py
[2025-02-06T08:48:59.223+0000] {processor.py:927} WARNING - No viable dags retrieved from /opt/conda/lib/python3.12/site-packages/airflow/example_dags/plugins/event_listener.py
[2025-02-06T08:48:59.241+0000] {processor.py:208} INFO - Processing /opt/conda/lib/python3.12/site-packages/airflow/example_dags/plugins/event_listener.py took 0.029 seconds
[2025-02-06T08:52:05.256+0000] {processor.py:186} INFO - Started process (PID=502) to work on /opt/conda/lib/python3.12/site-packages/airflow/example_dags/plugins/event_listener.py
[2025-02-06T08:52:05.257+0000] {processor.py:914} INFO - Processing file /opt/conda/lib/python3.12/site-packages/airflow/example_dags/plugins/event_listener.py for tasks to queue
[2025-02-06T08:52:05.259+0000] {logging_mixin.py:190} INFO - [2025-02-06T08:52:05.259+0000] {dagbag.py:588} INFO - Filling up the DagBag from /opt/conda/lib/python3.12/site-packages/airflow/example_dags/plugins/event_listener.py
[2025-02-06T08:52:05.262+0000] {processor.py:927} WARNING - No viable dags retrieved from /opt/conda/lib/python3.12/site-packages/airflow/example_dags/plugins/event_listener.py
[2025-02-06T08:52:05.282+0000] {processor.py:208} INFO - Processing /opt/conda/lib/python3.12/site-packages/airflow/example_dags/plugins/event_listener.py took 0.029 seconds
[2025-02-06T08:54:40.099+0000] {processor.py:186} INFO - Started process (PID=792) to work on /opt/conda/lib/python3.12/site-packages/airflow/example_dags/plugins/event_listener.py
[2025-02-06T08:54:40.100+0000] {processor.py:914} INFO - Processing file /opt/conda/lib/python3.12/site-packages/airflow/example_dags/plugins/event_listener.py for tasks to queue
[2025-02-06T08:54:40.102+0000] {logging_mixin.py:190} INFO - [2025-02-06T08:54:40.102+0000] {dagbag.py:588} INFO - Filling up the DagBag from /opt/conda/lib/python3.12/site-packages/airflow/example_dags/plugins/event_listener.py
[2025-02-06T08:54:40.104+0000] {processor.py:927} WARNING - No viable dags retrieved from /opt/conda/lib/python3.12/site-packages/airflow/example_dags/plugins/event_listener.py
[2025-02-06T08:54:40.129+0000] {processor.py:208} INFO - Processing /opt/conda/lib/python3.12/site-packages/airflow/example_dags/plugins/event_listener.py took 0.034 seconds
[2025-02-06T08:57:07.461+0000] {processor.py:186} INFO - Started process (PID=1049) to work on /opt/conda/lib/python3.12/site-packages/airflow/example_dags/plugins/event_listener.py
[2025-02-06T08:57:07.463+0000] {processor.py:914} INFO - Processing file /opt/conda/lib/python3.12/site-packages/airflow/example_dags/plugins/event_listener.py for tasks to queue
[2025-02-06T08:57:07.465+0000] {logging_mixin.py:190} INFO - [2025-02-06T08:57:07.464+0000] {dagbag.py:588} INFO - Filling up the DagBag from /opt/conda/lib/python3.12/site-packages/airflow/example_dags/plugins/event_listener.py
[2025-02-06T08:57:07.468+0000] {processor.py:927} WARNING - No viable dags retrieved from /opt/conda/lib/python3.12/site-packages/airflow/example_dags/plugins/event_listener.py
[2025-02-06T08:57:07.489+0000] {processor.py:208} INFO - Processing /opt/conda/lib/python3.12/site-packages/airflow/example_dags/plugins/event_listener.py took 0.034 seconds
[2025-02-06T09:01:56.098+0000] {processor.py:186} INFO - Started process (PID=183) to work on /opt/conda/lib/python3.12/site-packages/airflow/example_dags/plugins/event_listener.py
[2025-02-06T09:01:56.100+0000] {processor.py:914} INFO - Processing file /opt/conda/lib/python3.12/site-packages/airflow/example_dags/plugins/event_listener.py for tasks to queue
[2025-02-06T09:01:56.102+0000] {logging_mixin.py:190} INFO - [2025-02-06T09:01:56.101+0000] {dagbag.py:588} INFO - Filling up the DagBag from /opt/conda/lib/python3.12/site-packages/airflow/example_dags/plugins/event_listener.py
[2025-02-06T09:01:56.104+0000] {processor.py:927} WARNING - No viable dags retrieved from /opt/conda/lib/python3.12/site-packages/airflow/example_dags/plugins/event_listener.py
[2025-02-06T09:01:56.125+0000] {processor.py:208} INFO - Processing /opt/conda/lib/python3.12/site-packages/airflow/example_dags/plugins/event_listener.py took 0.031 seconds
[2025-02-06T09:03:17.016+0000] {processor.py:186} INFO - Started process (PID=56) to work on /opt/conda/lib/python3.12/site-packages/airflow/example_dags/plugins/event_listener.py
[2025-02-06T09:03:17.017+0000] {processor.py:914} INFO - Processing file /opt/conda/lib/python3.12/site-packages/airflow/example_dags/plugins/event_listener.py for tasks to queue
[2025-02-06T09:03:17.018+0000] {logging_mixin.py:190} INFO - [2025-02-06T09:03:17.018+0000] {dagbag.py:588} INFO - Filling up the DagBag from /opt/conda/lib/python3.12/site-packages/airflow/example_dags/plugins/event_listener.py
[2025-02-06T09:03:17.021+0000] {processor.py:927} WARNING - No viable dags retrieved from /opt/conda/lib/python3.12/site-packages/airflow/example_dags/plugins/event_listener.py
[2025-02-06T09:03:17.041+0000] {processor.py:208} INFO - Processing /opt/conda/lib/python3.12/site-packages/airflow/example_dags/plugins/event_listener.py took 0.030 seconds
[2025-02-06T09:03:51.961+0000] {processor.py:186} INFO - Started process (PID=52) to work on /opt/conda/lib/python3.12/site-packages/airflow/example_dags/plugins/event_listener.py
[2025-02-06T09:03:51.962+0000] {processor.py:914} INFO - Processing file /opt/conda/lib/python3.12/site-packages/airflow/example_dags/plugins/event_listener.py for tasks to queue
[2025-02-06T09:03:51.964+0000] {logging_mixin.py:190} INFO - [2025-02-06T09:03:51.964+0000] {dagbag.py:588} INFO - Filling up the DagBag from /opt/conda/lib/python3.12/site-packages/airflow/example_dags/plugins/event_listener.py
[2025-02-06T09:03:51.966+0000] {processor.py:927} WARNING - No viable dags retrieved from /opt/conda/lib/python3.12/site-packages/airflow/example_dags/plugins/event_listener.py
[2025-02-06T09:03:51.983+0000] {processor.py:208} INFO - Processing /opt/conda/lib/python3.12/site-packages/airflow/example_dags/plugins/event_listener.py took 0.026 seconds
[2025-02-06T09:04:47.497+0000] {processor.py:186} INFO - Started process (PID=80) to work on /opt/conda/lib/python3.12/site-packages/airflow/example_dags/plugins/event_listener.py
[2025-02-06T09:04:47.499+0000] {processor.py:914} INFO - Processing file /opt/conda/lib/python3.12/site-packages/airflow/example_dags/plugins/event_listener.py for tasks to queue
[2025-02-06T09:04:47.501+0000] {logging_mixin.py:190} INFO - [2025-02-06T09:04:47.501+0000] {dagbag.py:588} INFO - Filling up the DagBag from /opt/conda/lib/python3.12/site-packages/airflow/example_dags/plugins/event_listener.py
[2025-02-06T09:04:47.503+0000] {processor.py:927} WARNING - No viable dags retrieved from /opt/conda/lib/python3.12/site-packages/airflow/example_dags/plugins/event_listener.py
[2025-02-06T09:04:47.525+0000] {processor.py:208} INFO - Processing /opt/conda/lib/python3.12/site-packages/airflow/example_dags/plugins/event_listener.py took 0.031 seconds
[2025-02-06T09:07:48.993+0000] {processor.py:186} INFO - Started process (PID=414) to work on /opt/conda/lib/python3.12/site-packages/airflow/example_dags/plugins/event_listener.py
[2025-02-06T09:07:48.994+0000] {processor.py:914} INFO - Processing file /opt/conda/lib/python3.12/site-packages/airflow/example_dags/plugins/event_listener.py for tasks to queue
[2025-02-06T09:07:48.996+0000] {logging_mixin.py:190} INFO - [2025-02-06T09:07:48.995+0000] {dagbag.py:588} INFO - Filling up the DagBag from /opt/conda/lib/python3.12/site-packages/airflow/example_dags/plugins/event_listener.py
[2025-02-06T09:07:48.998+0000] {processor.py:927} WARNING - No viable dags retrieved from /opt/conda/lib/python3.12/site-packages/airflow/example_dags/plugins/event_listener.py
[2025-02-06T09:07:49.016+0000] {processor.py:208} INFO - Processing /opt/conda/lib/python3.12/site-packages/airflow/example_dags/plugins/event_listener.py took 0.027 seconds
[2025-02-06T09:10:13.586+0000] {processor.py:186} INFO - Started process (PID=687) to work on /opt/conda/lib/python3.12/site-packages/airflow/example_dags/plugins/event_listener.py
[2025-02-06T09:10:13.588+0000] {processor.py:914} INFO - Processing file /opt/conda/lib/python3.12/site-packages/airflow/example_dags/plugins/event_listener.py for tasks to queue
[2025-02-06T09:10:13.589+0000] {logging_mixin.py:190} INFO - [2025-02-06T09:10:13.589+0000] {dagbag.py:588} INFO - Filling up the DagBag from /opt/conda/lib/python3.12/site-packages/airflow/example_dags/plugins/event_listener.py
[2025-02-06T09:10:13.592+0000] {processor.py:927} WARNING - No viable dags retrieved from /opt/conda/lib/python3.12/site-packages/airflow/example_dags/plugins/event_listener.py
[2025-02-06T09:10:13.613+0000] {processor.py:208} INFO - Processing /opt/conda/lib/python3.12/site-packages/airflow/example_dags/plugins/event_listener.py took 0.031 seconds
[2025-02-06T09:12:33.792+0000] {processor.py:186} INFO - Started process (PID=950) to work on /opt/conda/lib/python3.12/site-packages/airflow/example_dags/plugins/event_listener.py
[2025-02-06T09:12:33.793+0000] {processor.py:914} INFO - Processing file /opt/conda/lib/python3.12/site-packages/airflow/example_dags/plugins/event_listener.py for tasks to queue
[2025-02-06T09:12:33.794+0000] {logging_mixin.py:190} INFO - [2025-02-06T09:12:33.794+0000] {dagbag.py:588} INFO - Filling up the DagBag from /opt/conda/lib/python3.12/site-packages/airflow/example_dags/plugins/event_listener.py
[2025-02-06T09:12:33.796+0000] {processor.py:927} WARNING - No viable dags retrieved from /opt/conda/lib/python3.12/site-packages/airflow/example_dags/plugins/event_listener.py
[2025-02-06T09:12:33.814+0000] {processor.py:208} INFO - Processing /opt/conda/lib/python3.12/site-packages/airflow/example_dags/plugins/event_listener.py took 0.026 seconds
[2025-02-06T09:15:05.845+0000] {processor.py:186} INFO - Started process (PID=1227) to work on /opt/conda/lib/python3.12/site-packages/airflow/example_dags/plugins/event_listener.py
[2025-02-06T09:15:05.846+0000] {processor.py:914} INFO - Processing file /opt/conda/lib/python3.12/site-packages/airflow/example_dags/plugins/event_listener.py for tasks to queue
[2025-02-06T09:15:05.848+0000] {logging_mixin.py:190} INFO - [2025-02-06T09:15:05.848+0000] {dagbag.py:588} INFO - Filling up the DagBag from /opt/conda/lib/python3.12/site-packages/airflow/example_dags/plugins/event_listener.py
[2025-02-06T09:15:05.851+0000] {processor.py:927} WARNING - No viable dags retrieved from /opt/conda/lib/python3.12/site-packages/airflow/example_dags/plugins/event_listener.py
[2025-02-06T09:15:05.869+0000] {processor.py:208} INFO - Processing /opt/conda/lib/python3.12/site-packages/airflow/example_dags/plugins/event_listener.py took 0.029 seconds
[2025-02-06T09:17:13.337+0000] {processor.py:186} INFO - Started process (PID=1470) to work on /opt/conda/lib/python3.12/site-packages/airflow/example_dags/plugins/event_listener.py
[2025-02-06T09:17:13.338+0000] {processor.py:914} INFO - Processing file /opt/conda/lib/python3.12/site-packages/airflow/example_dags/plugins/event_listener.py for tasks to queue
[2025-02-06T09:17:13.340+0000] {logging_mixin.py:190} INFO - [2025-02-06T09:17:13.339+0000] {dagbag.py:588} INFO - Filling up the DagBag from /opt/conda/lib/python3.12/site-packages/airflow/example_dags/plugins/event_listener.py
[2025-02-06T09:17:13.342+0000] {processor.py:927} WARNING - No viable dags retrieved from /opt/conda/lib/python3.12/site-packages/airflow/example_dags/plugins/event_listener.py
[2025-02-06T09:17:13.371+0000] {processor.py:208} INFO - Processing /opt/conda/lib/python3.12/site-packages/airflow/example_dags/plugins/event_listener.py took 0.038 seconds
[2025-02-06T09:19:40.223+0000] {processor.py:186} INFO - Started process (PID=1723) to work on /opt/conda/lib/python3.12/site-packages/airflow/example_dags/plugins/event_listener.py
[2025-02-06T09:19:40.225+0000] {processor.py:914} INFO - Processing file /opt/conda/lib/python3.12/site-packages/airflow/example_dags/plugins/event_listener.py for tasks to queue
[2025-02-06T09:19:40.227+0000] {logging_mixin.py:190} INFO - [2025-02-06T09:19:40.227+0000] {dagbag.py:588} INFO - Filling up the DagBag from /opt/conda/lib/python3.12/site-packages/airflow/example_dags/plugins/event_listener.py
[2025-02-06T09:19:40.230+0000] {processor.py:927} WARNING - No viable dags retrieved from /opt/conda/lib/python3.12/site-packages/airflow/example_dags/plugins/event_listener.py
[2025-02-06T09:19:40.248+0000] {processor.py:208} INFO - Processing /opt/conda/lib/python3.12/site-packages/airflow/example_dags/plugins/event_listener.py took 0.029 seconds
[2025-02-06T09:22:25.661+0000] {processor.py:186} INFO - Started process (PID=1998) to work on /opt/conda/lib/python3.12/site-packages/airflow/example_dags/plugins/event_listener.py
[2025-02-06T09:22:25.662+0000] {processor.py:914} INFO - Processing file /opt/conda/lib/python3.12/site-packages/airflow/example_dags/plugins/event_listener.py for tasks to queue
[2025-02-06T09:22:25.664+0000] {logging_mixin.py:190} INFO - [2025-02-06T09:22:25.664+0000] {dagbag.py:588} INFO - Filling up the DagBag from /opt/conda/lib/python3.12/site-packages/airflow/example_dags/plugins/event_listener.py
[2025-02-06T09:22:25.666+0000] {processor.py:927} WARNING - No viable dags retrieved from /opt/conda/lib/python3.12/site-packages/airflow/example_dags/plugins/event_listener.py
[2025-02-06T09:22:25.686+0000] {processor.py:208} INFO - Processing /opt/conda/lib/python3.12/site-packages/airflow/example_dags/plugins/event_listener.py took 0.029 seconds
[2025-02-06T09:25:27.175+0000] {processor.py:186} INFO - Started process (PID=152) to work on /opt/conda/lib/python3.12/site-packages/airflow/example_dags/plugins/event_listener.py
[2025-02-06T09:25:27.176+0000] {processor.py:914} INFO - Processing file /opt/conda/lib/python3.12/site-packages/airflow/example_dags/plugins/event_listener.py for tasks to queue
[2025-02-06T09:25:27.178+0000] {logging_mixin.py:190} INFO - [2025-02-06T09:25:27.178+0000] {dagbag.py:588} INFO - Filling up the DagBag from /opt/conda/lib/python3.12/site-packages/airflow/example_dags/plugins/event_listener.py
[2025-02-06T09:25:27.180+0000] {processor.py:927} WARNING - No viable dags retrieved from /opt/conda/lib/python3.12/site-packages/airflow/example_dags/plugins/event_listener.py
[2025-02-06T09:25:27.201+0000] {processor.py:208} INFO - Processing /opt/conda/lib/python3.12/site-packages/airflow/example_dags/plugins/event_listener.py took 0.032 seconds
[2025-02-06T09:31:30.950+0000] {processor.py:186} INFO - Started process (PID=282) to work on /opt/conda/lib/python3.12/site-packages/airflow/example_dags/plugins/event_listener.py
[2025-02-06T09:31:30.951+0000] {processor.py:914} INFO - Processing file /opt/conda/lib/python3.12/site-packages/airflow/example_dags/plugins/event_listener.py for tasks to queue
[2025-02-06T09:31:30.953+0000] {logging_mixin.py:190} INFO - [2025-02-06T09:31:30.952+0000] {dagbag.py:588} INFO - Filling up the DagBag from /opt/conda/lib/python3.12/site-packages/airflow/example_dags/plugins/event_listener.py
[2025-02-06T09:31:30.957+0000] {processor.py:927} WARNING - No viable dags retrieved from /opt/conda/lib/python3.12/site-packages/airflow/example_dags/plugins/event_listener.py
[2025-02-06T09:31:30.979+0000] {processor.py:208} INFO - Processing /opt/conda/lib/python3.12/site-packages/airflow/example_dags/plugins/event_listener.py took 0.033 seconds
[2025-02-06T09:36:44.521+0000] {processor.py:186} INFO - Started process (PID=857) to work on /opt/conda/lib/python3.12/site-packages/airflow/example_dags/plugins/event_listener.py
[2025-02-06T09:36:44.522+0000] {processor.py:914} INFO - Processing file /opt/conda/lib/python3.12/site-packages/airflow/example_dags/plugins/event_listener.py for tasks to queue
[2025-02-06T09:36:44.524+0000] {logging_mixin.py:190} INFO - [2025-02-06T09:36:44.524+0000] {dagbag.py:588} INFO - Filling up the DagBag from /opt/conda/lib/python3.12/site-packages/airflow/example_dags/plugins/event_listener.py
[2025-02-06T09:36:44.526+0000] {processor.py:927} WARNING - No viable dags retrieved from /opt/conda/lib/python3.12/site-packages/airflow/example_dags/plugins/event_listener.py
[2025-02-06T09:36:44.546+0000] {processor.py:208} INFO - Processing /opt/conda/lib/python3.12/site-packages/airflow/example_dags/plugins/event_listener.py took 0.029 seconds
[2025-02-06T09:41:52.526+0000] {processor.py:186} INFO - Started process (PID=1397) to work on /opt/conda/lib/python3.12/site-packages/airflow/example_dags/plugins/event_listener.py
[2025-02-06T09:41:52.527+0000] {processor.py:914} INFO - Processing file /opt/conda/lib/python3.12/site-packages/airflow/example_dags/plugins/event_listener.py for tasks to queue
[2025-02-06T09:41:52.529+0000] {logging_mixin.py:190} INFO - [2025-02-06T09:41:52.528+0000] {dagbag.py:588} INFO - Filling up the DagBag from /opt/conda/lib/python3.12/site-packages/airflow/example_dags/plugins/event_listener.py
[2025-02-06T09:41:52.531+0000] {processor.py:927} WARNING - No viable dags retrieved from /opt/conda/lib/python3.12/site-packages/airflow/example_dags/plugins/event_listener.py
[2025-02-06T09:41:52.553+0000] {processor.py:208} INFO - Processing /opt/conda/lib/python3.12/site-packages/airflow/example_dags/plugins/event_listener.py took 0.031 seconds
[2025-02-06T09:48:55.843+0000] {processor.py:186} INFO - Started process (PID=265) to work on /opt/conda/lib/python3.12/site-packages/airflow/example_dags/plugins/event_listener.py
[2025-02-06T09:48:55.844+0000] {processor.py:914} INFO - Processing file /opt/conda/lib/python3.12/site-packages/airflow/example_dags/plugins/event_listener.py for tasks to queue
[2025-02-06T09:48:55.846+0000] {logging_mixin.py:190} INFO - [2025-02-06T09:48:55.846+0000] {dagbag.py:588} INFO - Filling up the DagBag from /opt/conda/lib/python3.12/site-packages/airflow/example_dags/plugins/event_listener.py
[2025-02-06T09:48:55.849+0000] {processor.py:927} WARNING - No viable dags retrieved from /opt/conda/lib/python3.12/site-packages/airflow/example_dags/plugins/event_listener.py
[2025-02-06T09:48:55.868+0000] {processor.py:208} INFO - Processing /opt/conda/lib/python3.12/site-packages/airflow/example_dags/plugins/event_listener.py took 0.030 seconds
[2025-02-06T09:54:12.086+0000] {processor.py:186} INFO - Started process (PID=820) to work on /opt/conda/lib/python3.12/site-packages/airflow/example_dags/plugins/event_listener.py
[2025-02-06T09:54:12.087+0000] {processor.py:914} INFO - Processing file /opt/conda/lib/python3.12/site-packages/airflow/example_dags/plugins/event_listener.py for tasks to queue
[2025-02-06T09:54:12.089+0000] {logging_mixin.py:190} INFO - [2025-02-06T09:54:12.089+0000] {dagbag.py:588} INFO - Filling up the DagBag from /opt/conda/lib/python3.12/site-packages/airflow/example_dags/plugins/event_listener.py
[2025-02-06T09:54:12.091+0000] {processor.py:927} WARNING - No viable dags retrieved from /opt/conda/lib/python3.12/site-packages/airflow/example_dags/plugins/event_listener.py
[2025-02-06T09:54:12.111+0000] {processor.py:208} INFO - Processing /opt/conda/lib/python3.12/site-packages/airflow/example_dags/plugins/event_listener.py took 0.031 seconds
[2025-02-06T09:58:30.147+0000] {processor.py:186} INFO - Started process (PID=1314) to work on /opt/conda/lib/python3.12/site-packages/airflow/example_dags/plugins/event_listener.py
[2025-02-06T09:58:30.147+0000] {processor.py:914} INFO - Processing file /opt/conda/lib/python3.12/site-packages/airflow/example_dags/plugins/event_listener.py for tasks to queue
[2025-02-06T09:58:30.149+0000] {logging_mixin.py:190} INFO - [2025-02-06T09:58:30.149+0000] {dagbag.py:588} INFO - Filling up the DagBag from /opt/conda/lib/python3.12/site-packages/airflow/example_dags/plugins/event_listener.py
[2025-02-06T09:58:30.151+0000] {processor.py:927} WARNING - No viable dags retrieved from /opt/conda/lib/python3.12/site-packages/airflow/example_dags/plugins/event_listener.py
[2025-02-06T09:58:30.167+0000] {processor.py:208} INFO - Processing /opt/conda/lib/python3.12/site-packages/airflow/example_dags/plugins/event_listener.py took 0.026 seconds
[2025-02-06T10:03:22.457+0000] {processor.py:186} INFO - Started process (PID=1834) to work on /opt/conda/lib/python3.12/site-packages/airflow/example_dags/plugins/event_listener.py
[2025-02-06T10:03:22.458+0000] {processor.py:914} INFO - Processing file /opt/conda/lib/python3.12/site-packages/airflow/example_dags/plugins/event_listener.py for tasks to queue
[2025-02-06T10:03:22.461+0000] {logging_mixin.py:190} INFO - [2025-02-06T10:03:22.460+0000] {dagbag.py:588} INFO - Filling up the DagBag from /opt/conda/lib/python3.12/site-packages/airflow/example_dags/plugins/event_listener.py
[2025-02-06T10:03:22.463+0000] {processor.py:927} WARNING - No viable dags retrieved from /opt/conda/lib/python3.12/site-packages/airflow/example_dags/plugins/event_listener.py
[2025-02-06T10:03:22.482+0000] {processor.py:208} INFO - Processing /opt/conda/lib/python3.12/site-packages/airflow/example_dags/plugins/event_listener.py took 0.029 seconds
[2025-02-06T10:06:01.365+0000] {processor.py:186} INFO - Started process (PID=2064) to work on /opt/conda/lib/python3.12/site-packages/airflow/example_dags/plugins/event_listener.py
[2025-02-06T10:06:01.366+0000] {processor.py:914} INFO - Processing file /opt/conda/lib/python3.12/site-packages/airflow/example_dags/plugins/event_listener.py for tasks to queue
[2025-02-06T10:06:01.367+0000] {logging_mixin.py:190} INFO - [2025-02-06T10:06:01.367+0000] {dagbag.py:588} INFO - Filling up the DagBag from /opt/conda/lib/python3.12/site-packages/airflow/example_dags/plugins/event_listener.py
[2025-02-06T10:06:01.370+0000] {processor.py:927} WARNING - No viable dags retrieved from /opt/conda/lib/python3.12/site-packages/airflow/example_dags/plugins/event_listener.py
[2025-02-06T10:06:01.469+0000] {processor.py:208} INFO - Processing /opt/conda/lib/python3.12/site-packages/airflow/example_dags/plugins/event_listener.py took 0.112 seconds
[2025-02-06T10:08:56.377+0000] {processor.py:186} INFO - Started process (PID=2336) to work on /opt/conda/lib/python3.12/site-packages/airflow/example_dags/plugins/event_listener.py
[2025-02-06T10:08:56.378+0000] {processor.py:914} INFO - Processing file /opt/conda/lib/python3.12/site-packages/airflow/example_dags/plugins/event_listener.py for tasks to queue
[2025-02-06T10:08:56.379+0000] {logging_mixin.py:190} INFO - [2025-02-06T10:08:56.379+0000] {dagbag.py:588} INFO - Filling up the DagBag from /opt/conda/lib/python3.12/site-packages/airflow/example_dags/plugins/event_listener.py
[2025-02-06T10:08:56.381+0000] {processor.py:927} WARNING - No viable dags retrieved from /opt/conda/lib/python3.12/site-packages/airflow/example_dags/plugins/event_listener.py
[2025-02-06T10:08:56.399+0000] {processor.py:208} INFO - Processing /opt/conda/lib/python3.12/site-packages/airflow/example_dags/plugins/event_listener.py took 0.027 seconds
[2025-02-06T10:13:11.302+0000] {processor.py:186} INFO - Started process (PID=2773) to work on /opt/conda/lib/python3.12/site-packages/airflow/example_dags/plugins/event_listener.py
[2025-02-06T10:13:11.303+0000] {processor.py:914} INFO - Processing file /opt/conda/lib/python3.12/site-packages/airflow/example_dags/plugins/event_listener.py for tasks to queue
[2025-02-06T10:13:11.304+0000] {logging_mixin.py:190} INFO - [2025-02-06T10:13:11.304+0000] {dagbag.py:588} INFO - Filling up the DagBag from /opt/conda/lib/python3.12/site-packages/airflow/example_dags/plugins/event_listener.py
[2025-02-06T10:13:11.306+0000] {processor.py:927} WARNING - No viable dags retrieved from /opt/conda/lib/python3.12/site-packages/airflow/example_dags/plugins/event_listener.py
[2025-02-06T10:13:11.325+0000] {processor.py:208} INFO - Processing /opt/conda/lib/python3.12/site-packages/airflow/example_dags/plugins/event_listener.py took 0.027 seconds
[2025-02-06T10:19:19.252+0000] {processor.py:186} INFO - Started process (PID=3413) to work on /opt/conda/lib/python3.12/site-packages/airflow/example_dags/plugins/event_listener.py
[2025-02-06T10:19:19.253+0000] {processor.py:914} INFO - Processing file /opt/conda/lib/python3.12/site-packages/airflow/example_dags/plugins/event_listener.py for tasks to queue
[2025-02-06T10:19:19.254+0000] {logging_mixin.py:190} INFO - [2025-02-06T10:19:19.254+0000] {dagbag.py:588} INFO - Filling up the DagBag from /opt/conda/lib/python3.12/site-packages/airflow/example_dags/plugins/event_listener.py
[2025-02-06T10:19:19.257+0000] {processor.py:927} WARNING - No viable dags retrieved from /opt/conda/lib/python3.12/site-packages/airflow/example_dags/plugins/event_listener.py
[2025-02-06T10:19:19.280+0000] {processor.py:208} INFO - Processing /opt/conda/lib/python3.12/site-packages/airflow/example_dags/plugins/event_listener.py took 0.033 seconds
[2025-02-06T10:24:02.362+0000] {processor.py:186} INFO - Started process (PID=3884) to work on /opt/conda/lib/python3.12/site-packages/airflow/example_dags/plugins/event_listener.py
[2025-02-06T10:24:02.363+0000] {processor.py:914} INFO - Processing file /opt/conda/lib/python3.12/site-packages/airflow/example_dags/plugins/event_listener.py for tasks to queue
[2025-02-06T10:24:02.365+0000] {logging_mixin.py:190} INFO - [2025-02-06T10:24:02.365+0000] {dagbag.py:588} INFO - Filling up the DagBag from /opt/conda/lib/python3.12/site-packages/airflow/example_dags/plugins/event_listener.py
[2025-02-06T10:24:02.367+0000] {processor.py:927} WARNING - No viable dags retrieved from /opt/conda/lib/python3.12/site-packages/airflow/example_dags/plugins/event_listener.py
[2025-02-06T10:24:02.387+0000] {processor.py:208} INFO - Processing /opt/conda/lib/python3.12/site-packages/airflow/example_dags/plugins/event_listener.py took 0.029 seconds
[2025-02-06T10:25:34.379+0000] {processor.py:186} INFO - Started process (PID=4014) to work on /opt/conda/lib/python3.12/site-packages/airflow/example_dags/plugins/event_listener.py
[2025-02-06T10:25:34.381+0000] {processor.py:914} INFO - Processing file /opt/conda/lib/python3.12/site-packages/airflow/example_dags/plugins/event_listener.py for tasks to queue
[2025-02-06T10:25:34.382+0000] {logging_mixin.py:190} INFO - [2025-02-06T10:25:34.382+0000] {dagbag.py:588} INFO - Filling up the DagBag from /opt/conda/lib/python3.12/site-packages/airflow/example_dags/plugins/event_listener.py
[2025-02-06T10:25:34.385+0000] {processor.py:927} WARNING - No viable dags retrieved from /opt/conda/lib/python3.12/site-packages/airflow/example_dags/plugins/event_listener.py
[2025-02-06T10:25:34.412+0000] {processor.py:208} INFO - Processing /opt/conda/lib/python3.12/site-packages/airflow/example_dags/plugins/event_listener.py took 0.037 seconds
[2025-02-06T11:41:38.979+0000] {processor.py:186} INFO - Started process (PID=684) to work on /opt/conda/lib/python3.12/site-packages/airflow/example_dags/plugins/event_listener.py
[2025-02-06T11:41:38.981+0000] {processor.py:914} INFO - Processing file /opt/conda/lib/python3.12/site-packages/airflow/example_dags/plugins/event_listener.py for tasks to queue
[2025-02-06T11:41:38.983+0000] {logging_mixin.py:190} INFO - [2025-02-06T11:41:38.983+0000] {dagbag.py:588} INFO - Filling up the DagBag from /opt/conda/lib/python3.12/site-packages/airflow/example_dags/plugins/event_listener.py
[2025-02-06T11:41:38.986+0000] {processor.py:927} WARNING - No viable dags retrieved from /opt/conda/lib/python3.12/site-packages/airflow/example_dags/plugins/event_listener.py
[2025-02-06T11:41:39.065+0000] {processor.py:208} INFO - Processing /opt/conda/lib/python3.12/site-packages/airflow/example_dags/plugins/event_listener.py took 0.092 seconds
[2025-02-06T11:45:58.694+0000] {processor.py:186} INFO - Started process (PID=1678) to work on /opt/conda/lib/python3.12/site-packages/airflow/example_dags/plugins/event_listener.py
[2025-02-06T11:45:58.696+0000] {processor.py:914} INFO - Processing file /opt/conda/lib/python3.12/site-packages/airflow/example_dags/plugins/event_listener.py for tasks to queue
[2025-02-06T11:45:58.700+0000] {logging_mixin.py:190} INFO - [2025-02-06T11:45:58.699+0000] {dagbag.py:588} INFO - Filling up the DagBag from /opt/conda/lib/python3.12/site-packages/airflow/example_dags/plugins/event_listener.py
[2025-02-06T11:45:58.704+0000] {processor.py:927} WARNING - No viable dags retrieved from /opt/conda/lib/python3.12/site-packages/airflow/example_dags/plugins/event_listener.py
[2025-02-06T11:45:58.734+0000] {processor.py:208} INFO - Processing /opt/conda/lib/python3.12/site-packages/airflow/example_dags/plugins/event_listener.py took 0.046 seconds
[2025-02-06T11:49:57.894+0000] {processor.py:186} INFO - Started process (PID=2591) to work on /opt/conda/lib/python3.12/site-packages/airflow/example_dags/plugins/event_listener.py
[2025-02-06T11:49:57.896+0000] {processor.py:914} INFO - Processing file /opt/conda/lib/python3.12/site-packages/airflow/example_dags/plugins/event_listener.py for tasks to queue
[2025-02-06T11:49:57.898+0000] {logging_mixin.py:190} INFO - [2025-02-06T11:49:57.898+0000] {dagbag.py:588} INFO - Filling up the DagBag from /opt/conda/lib/python3.12/site-packages/airflow/example_dags/plugins/event_listener.py
[2025-02-06T11:49:57.901+0000] {processor.py:927} WARNING - No viable dags retrieved from /opt/conda/lib/python3.12/site-packages/airflow/example_dags/plugins/event_listener.py
[2025-02-06T11:49:57.939+0000] {processor.py:208} INFO - Processing /opt/conda/lib/python3.12/site-packages/airflow/example_dags/plugins/event_listener.py took 0.051 seconds
[2025-02-06T11:53:31.219+0000] {processor.py:186} INFO - Started process (PID=3545) to work on /opt/conda/lib/python3.12/site-packages/airflow/example_dags/plugins/event_listener.py
[2025-02-06T11:53:31.220+0000] {processor.py:914} INFO - Processing file /opt/conda/lib/python3.12/site-packages/airflow/example_dags/plugins/event_listener.py for tasks to queue
[2025-02-06T11:53:31.223+0000] {logging_mixin.py:190} INFO - [2025-02-06T11:53:31.222+0000] {dagbag.py:588} INFO - Filling up the DagBag from /opt/conda/lib/python3.12/site-packages/airflow/example_dags/plugins/event_listener.py
[2025-02-06T11:53:31.226+0000] {processor.py:927} WARNING - No viable dags retrieved from /opt/conda/lib/python3.12/site-packages/airflow/example_dags/plugins/event_listener.py
[2025-02-06T11:53:31.262+0000] {processor.py:208} INFO - Processing /opt/conda/lib/python3.12/site-packages/airflow/example_dags/plugins/event_listener.py took 0.052 seconds
[2025-02-06T12:05:18.781+0000] {processor.py:186} INFO - Started process (PID=702) to work on /opt/conda/lib/python3.12/site-packages/airflow/example_dags/plugins/event_listener.py
[2025-02-06T12:05:18.783+0000] {processor.py:914} INFO - Processing file /opt/conda/lib/python3.12/site-packages/airflow/example_dags/plugins/event_listener.py for tasks to queue
[2025-02-06T12:05:18.786+0000] {logging_mixin.py:190} INFO - [2025-02-06T12:05:18.785+0000] {dagbag.py:588} INFO - Filling up the DagBag from /opt/conda/lib/python3.12/site-packages/airflow/example_dags/plugins/event_listener.py
[2025-02-06T12:05:18.792+0000] {processor.py:927} WARNING - No viable dags retrieved from /opt/conda/lib/python3.12/site-packages/airflow/example_dags/plugins/event_listener.py
[2025-02-06T12:05:18.810+0000] {processor.py:208} INFO - Processing /opt/conda/lib/python3.12/site-packages/airflow/example_dags/plugins/event_listener.py took 0.033 seconds
[2025-02-06T12:08:08.712+0000] {processor.py:186} INFO - Started process (PID=1716) to work on /opt/conda/lib/python3.12/site-packages/airflow/example_dags/plugins/event_listener.py
[2025-02-06T12:08:08.713+0000] {processor.py:914} INFO - Processing file /opt/conda/lib/python3.12/site-packages/airflow/example_dags/plugins/event_listener.py for tasks to queue
[2025-02-06T12:08:08.715+0000] {logging_mixin.py:190} INFO - [2025-02-06T12:08:08.715+0000] {dagbag.py:588} INFO - Filling up the DagBag from /opt/conda/lib/python3.12/site-packages/airflow/example_dags/plugins/event_listener.py
[2025-02-06T12:08:08.718+0000] {processor.py:927} WARNING - No viable dags retrieved from /opt/conda/lib/python3.12/site-packages/airflow/example_dags/plugins/event_listener.py
[2025-02-06T12:08:08.737+0000] {processor.py:208} INFO - Processing /opt/conda/lib/python3.12/site-packages/airflow/example_dags/plugins/event_listener.py took 0.028 seconds
[2025-02-06T12:26:05.935+0000] {processor.py:186} INFO - Started process (PID=1830) to work on /opt/conda/lib/python3.12/site-packages/airflow/example_dags/plugins/event_listener.py
[2025-02-06T12:26:05.937+0000] {processor.py:914} INFO - Processing file /opt/conda/lib/python3.12/site-packages/airflow/example_dags/plugins/event_listener.py for tasks to queue
[2025-02-06T12:26:05.938+0000] {logging_mixin.py:190} INFO - [2025-02-06T12:26:05.938+0000] {dagbag.py:588} INFO - Filling up the DagBag from /opt/conda/lib/python3.12/site-packages/airflow/example_dags/plugins/event_listener.py
[2025-02-06T12:26:05.940+0000] {processor.py:927} WARNING - No viable dags retrieved from /opt/conda/lib/python3.12/site-packages/airflow/example_dags/plugins/event_listener.py
[2025-02-06T12:26:05.962+0000] {processor.py:208} INFO - Processing /opt/conda/lib/python3.12/site-packages/airflow/example_dags/plugins/event_listener.py took 0.030 seconds
[2025-02-06T12:33:59.335+0000] {processor.py:186} INFO - Started process (PID=5966) to work on /opt/conda/lib/python3.12/site-packages/airflow/example_dags/plugins/event_listener.py
[2025-02-06T12:33:59.336+0000] {processor.py:914} INFO - Processing file /opt/conda/lib/python3.12/site-packages/airflow/example_dags/plugins/event_listener.py for tasks to queue
[2025-02-06T12:33:59.337+0000] {logging_mixin.py:190} INFO - [2025-02-06T12:33:59.337+0000] {dagbag.py:588} INFO - Filling up the DagBag from /opt/conda/lib/python3.12/site-packages/airflow/example_dags/plugins/event_listener.py
[2025-02-06T12:33:59.339+0000] {processor.py:927} WARNING - No viable dags retrieved from /opt/conda/lib/python3.12/site-packages/airflow/example_dags/plugins/event_listener.py
[2025-02-06T12:33:59.357+0000] {processor.py:208} INFO - Processing /opt/conda/lib/python3.12/site-packages/airflow/example_dags/plugins/event_listener.py took 0.026 seconds
[2025-02-06T12:42:15.332+0000] {processor.py:186} INFO - Started process (PID=10188) to work on /opt/conda/lib/python3.12/site-packages/airflow/example_dags/plugins/event_listener.py
[2025-02-06T12:42:15.333+0000] {processor.py:914} INFO - Processing file /opt/conda/lib/python3.12/site-packages/airflow/example_dags/plugins/event_listener.py for tasks to queue
[2025-02-06T12:42:15.335+0000] {logging_mixin.py:190} INFO - [2025-02-06T12:42:15.335+0000] {dagbag.py:588} INFO - Filling up the DagBag from /opt/conda/lib/python3.12/site-packages/airflow/example_dags/plugins/event_listener.py
[2025-02-06T12:42:15.337+0000] {processor.py:927} WARNING - No viable dags retrieved from /opt/conda/lib/python3.12/site-packages/airflow/example_dags/plugins/event_listener.py
[2025-02-06T12:42:15.360+0000] {processor.py:208} INFO - Processing /opt/conda/lib/python3.12/site-packages/airflow/example_dags/plugins/event_listener.py took 0.032 seconds
[2025-02-06T12:52:25.335+0000] {processor.py:186} INFO - Started process (PID=14999) to work on /opt/conda/lib/python3.12/site-packages/airflow/example_dags/plugins/event_listener.py
[2025-02-06T12:52:25.336+0000] {processor.py:914} INFO - Processing file /opt/conda/lib/python3.12/site-packages/airflow/example_dags/plugins/event_listener.py for tasks to queue
[2025-02-06T12:52:25.339+0000] {logging_mixin.py:190} INFO - [2025-02-06T12:52:25.338+0000] {dagbag.py:588} INFO - Filling up the DagBag from /opt/conda/lib/python3.12/site-packages/airflow/example_dags/plugins/event_listener.py
[2025-02-06T12:52:25.342+0000] {processor.py:927} WARNING - No viable dags retrieved from /opt/conda/lib/python3.12/site-packages/airflow/example_dags/plugins/event_listener.py
[2025-02-06T12:52:25.362+0000] {processor.py:208} INFO - Processing /opt/conda/lib/python3.12/site-packages/airflow/example_dags/plugins/event_listener.py took 0.032 seconds
[2025-02-06T13:01:17.934+0000] {processor.py:186} INFO - Started process (PID=1051) to work on /opt/conda/lib/python3.12/site-packages/airflow/example_dags/plugins/event_listener.py
[2025-02-06T13:01:17.935+0000] {processor.py:914} INFO - Processing file /opt/conda/lib/python3.12/site-packages/airflow/example_dags/plugins/event_listener.py for tasks to queue
[2025-02-06T13:01:17.937+0000] {logging_mixin.py:190} INFO - [2025-02-06T13:01:17.937+0000] {dagbag.py:588} INFO - Filling up the DagBag from /opt/conda/lib/python3.12/site-packages/airflow/example_dags/plugins/event_listener.py
[2025-02-06T13:01:17.939+0000] {processor.py:927} WARNING - No viable dags retrieved from /opt/conda/lib/python3.12/site-packages/airflow/example_dags/plugins/event_listener.py
[2025-02-06T13:01:17.960+0000] {processor.py:208} INFO - Processing /opt/conda/lib/python3.12/site-packages/airflow/example_dags/plugins/event_listener.py took 0.030 seconds
[2025-02-06T13:06:10.176+0000] {processor.py:186} INFO - Started process (PID=2621) to work on /opt/conda/lib/python3.12/site-packages/airflow/example_dags/plugins/event_listener.py
[2025-02-06T13:06:10.177+0000] {processor.py:914} INFO - Processing file /opt/conda/lib/python3.12/site-packages/airflow/example_dags/plugins/event_listener.py for tasks to queue
[2025-02-06T13:06:10.179+0000] {logging_mixin.py:190} INFO - [2025-02-06T13:06:10.178+0000] {dagbag.py:588} INFO - Filling up the DagBag from /opt/conda/lib/python3.12/site-packages/airflow/example_dags/plugins/event_listener.py
[2025-02-06T13:06:10.182+0000] {processor.py:927} WARNING - No viable dags retrieved from /opt/conda/lib/python3.12/site-packages/airflow/example_dags/plugins/event_listener.py
[2025-02-06T13:06:10.208+0000] {processor.py:208} INFO - Processing /opt/conda/lib/python3.12/site-packages/airflow/example_dags/plugins/event_listener.py took 0.037 seconds
[2025-02-06T13:21:51.779+0000] {processor.py:186} INFO - Started process (PID=1191) to work on /opt/conda/lib/python3.12/site-packages/airflow/example_dags/plugins/event_listener.py
[2025-02-06T13:21:51.780+0000] {processor.py:914} INFO - Processing file /opt/conda/lib/python3.12/site-packages/airflow/example_dags/plugins/event_listener.py for tasks to queue
[2025-02-06T13:21:51.782+0000] {logging_mixin.py:190} INFO - [2025-02-06T13:21:51.782+0000] {dagbag.py:588} INFO - Filling up the DagBag from /opt/conda/lib/python3.12/site-packages/airflow/example_dags/plugins/event_listener.py
[2025-02-06T13:21:51.784+0000] {processor.py:927} WARNING - No viable dags retrieved from /opt/conda/lib/python3.12/site-packages/airflow/example_dags/plugins/event_listener.py
[2025-02-06T13:21:51.803+0000] {processor.py:208} INFO - Processing /opt/conda/lib/python3.12/site-packages/airflow/example_dags/plugins/event_listener.py took 0.028 seconds
[2025-02-06T13:31:02.705+0000] {processor.py:186} INFO - Started process (PID=5145) to work on /opt/conda/lib/python3.12/site-packages/airflow/example_dags/plugins/event_listener.py
[2025-02-06T13:31:02.706+0000] {processor.py:914} INFO - Processing file /opt/conda/lib/python3.12/site-packages/airflow/example_dags/plugins/event_listener.py for tasks to queue
[2025-02-06T13:31:02.708+0000] {logging_mixin.py:190} INFO - [2025-02-06T13:31:02.708+0000] {dagbag.py:588} INFO - Filling up the DagBag from /opt/conda/lib/python3.12/site-packages/airflow/example_dags/plugins/event_listener.py
[2025-02-06T13:31:02.710+0000] {processor.py:927} WARNING - No viable dags retrieved from /opt/conda/lib/python3.12/site-packages/airflow/example_dags/plugins/event_listener.py
[2025-02-06T13:31:02.729+0000] {processor.py:208} INFO - Processing /opt/conda/lib/python3.12/site-packages/airflow/example_dags/plugins/event_listener.py took 0.028 seconds
