[2025-02-06T08:26:45.856+0000] {processor.py:186} INFO - Started process (PID=52) to work on /opt/conda/lib/python3.12/site-packages/airflow/example_dags/plugins/listener_plugin.py
[2025-02-06T08:26:45.857+0000] {processor.py:914} INFO - Processing file /opt/conda/lib/python3.12/site-packages/airflow/example_dags/plugins/listener_plugin.py for tasks to queue
[2025-02-06T08:26:45.859+0000] {logging_mixin.py:190} INFO - [2025-02-06T08:26:45.859+0000] {dagbag.py:588} INFO - Filling up the DagBag from /opt/conda/lib/python3.12/site-packages/airflow/example_dags/plugins/listener_plugin.py
[2025-02-06T08:26:45.862+0000] {processor.py:927} WARNING - No viable dags retrieved from /opt/conda/lib/python3.12/site-packages/airflow/example_dags/plugins/listener_plugin.py
[2025-02-06T08:26:45.884+0000] {processor.py:208} INFO - Processing /opt/conda/lib/python3.12/site-packages/airflow/example_dags/plugins/listener_plugin.py took 0.033 seconds
[2025-02-06T08:30:35.676+0000] {processor.py:186} INFO - Started process (PID=52) to work on /opt/conda/lib/python3.12/site-packages/airflow/example_dags/plugins/listener_plugin.py
[2025-02-06T08:30:35.677+0000] {processor.py:914} INFO - Processing file /opt/conda/lib/python3.12/site-packages/airflow/example_dags/plugins/listener_plugin.py for tasks to queue
[2025-02-06T08:30:35.679+0000] {logging_mixin.py:190} INFO - [2025-02-06T08:30:35.679+0000] {dagbag.py:588} INFO - Filling up the DagBag from /opt/conda/lib/python3.12/site-packages/airflow/example_dags/plugins/listener_plugin.py
[2025-02-06T08:30:35.681+0000] {processor.py:927} WARNING - No viable dags retrieved from /opt/conda/lib/python3.12/site-packages/airflow/example_dags/plugins/listener_plugin.py
[2025-02-06T08:30:35.696+0000] {processor.py:208} INFO - Processing /opt/conda/lib/python3.12/site-packages/airflow/example_dags/plugins/listener_plugin.py took 0.024 seconds
[2025-02-06T08:31:39.744+0000] {processor.py:186} INFO - Started process (PID=110) to work on /opt/conda/lib/python3.12/site-packages/airflow/example_dags/plugins/listener_plugin.py
[2025-02-06T08:31:39.746+0000] {processor.py:914} INFO - Processing file /opt/conda/lib/python3.12/site-packages/airflow/example_dags/plugins/listener_plugin.py for tasks to queue
[2025-02-06T08:31:39.747+0000] {logging_mixin.py:190} INFO - [2025-02-06T08:31:39.747+0000] {dagbag.py:588} INFO - Filling up the DagBag from /opt/conda/lib/python3.12/site-packages/airflow/example_dags/plugins/listener_plugin.py
[2025-02-06T08:31:39.749+0000] {processor.py:927} WARNING - No viable dags retrieved from /opt/conda/lib/python3.12/site-packages/airflow/example_dags/plugins/listener_plugin.py
[2025-02-06T08:31:39.768+0000] {processor.py:208} INFO - Processing /opt/conda/lib/python3.12/site-packages/airflow/example_dags/plugins/listener_plugin.py took 0.028 seconds
[2025-02-06T08:32:49.628+0000] {processor.py:186} INFO - Started process (PID=171) to work on /opt/conda/lib/python3.12/site-packages/airflow/example_dags/plugins/listener_plugin.py
[2025-02-06T08:32:49.630+0000] {processor.py:914} INFO - Processing file /opt/conda/lib/python3.12/site-packages/airflow/example_dags/plugins/listener_plugin.py for tasks to queue
[2025-02-06T08:32:49.631+0000] {logging_mixin.py:190} INFO - [2025-02-06T08:32:49.631+0000] {dagbag.py:588} INFO - Filling up the DagBag from /opt/conda/lib/python3.12/site-packages/airflow/example_dags/plugins/listener_plugin.py
[2025-02-06T08:32:49.633+0000] {processor.py:927} WARNING - No viable dags retrieved from /opt/conda/lib/python3.12/site-packages/airflow/example_dags/plugins/listener_plugin.py
[2025-02-06T08:32:49.659+0000] {processor.py:208} INFO - Processing /opt/conda/lib/python3.12/site-packages/airflow/example_dags/plugins/listener_plugin.py took 0.035 seconds
[2025-02-06T08:34:01.460+0000] {processor.py:186} INFO - Started process (PID=233) to work on /opt/conda/lib/python3.12/site-packages/airflow/example_dags/plugins/listener_plugin.py
[2025-02-06T08:34:01.461+0000] {processor.py:914} INFO - Processing file /opt/conda/lib/python3.12/site-packages/airflow/example_dags/plugins/listener_plugin.py for tasks to queue
[2025-02-06T08:34:01.463+0000] {logging_mixin.py:190} INFO - [2025-02-06T08:34:01.462+0000] {dagbag.py:588} INFO - Filling up the DagBag from /opt/conda/lib/python3.12/site-packages/airflow/example_dags/plugins/listener_plugin.py
[2025-02-06T08:34:01.465+0000] {processor.py:927} WARNING - No viable dags retrieved from /opt/conda/lib/python3.12/site-packages/airflow/example_dags/plugins/listener_plugin.py
[2025-02-06T08:34:01.483+0000] {processor.py:208} INFO - Processing /opt/conda/lib/python3.12/site-packages/airflow/example_dags/plugins/listener_plugin.py took 0.028 seconds
[2025-02-06T08:35:20.533+0000] {processor.py:186} INFO - Started process (PID=298) to work on /opt/conda/lib/python3.12/site-packages/airflow/example_dags/plugins/listener_plugin.py
[2025-02-06T08:35:20.535+0000] {processor.py:914} INFO - Processing file /opt/conda/lib/python3.12/site-packages/airflow/example_dags/plugins/listener_plugin.py for tasks to queue
[2025-02-06T08:35:20.536+0000] {logging_mixin.py:190} INFO - [2025-02-06T08:35:20.535+0000] {dagbag.py:588} INFO - Filling up the DagBag from /opt/conda/lib/python3.12/site-packages/airflow/example_dags/plugins/listener_plugin.py
[2025-02-06T08:35:20.538+0000] {processor.py:927} WARNING - No viable dags retrieved from /opt/conda/lib/python3.12/site-packages/airflow/example_dags/plugins/listener_plugin.py
[2025-02-06T08:35:20.555+0000] {processor.py:208} INFO - Processing /opt/conda/lib/python3.12/site-packages/airflow/example_dags/plugins/listener_plugin.py took 0.025 seconds
[2025-02-06T08:36:36.361+0000] {processor.py:186} INFO - Started process (PID=363) to work on /opt/conda/lib/python3.12/site-packages/airflow/example_dags/plugins/listener_plugin.py
[2025-02-06T08:36:36.362+0000] {processor.py:914} INFO - Processing file /opt/conda/lib/python3.12/site-packages/airflow/example_dags/plugins/listener_plugin.py for tasks to queue
[2025-02-06T08:36:36.363+0000] {logging_mixin.py:190} INFO - [2025-02-06T08:36:36.363+0000] {dagbag.py:588} INFO - Filling up the DagBag from /opt/conda/lib/python3.12/site-packages/airflow/example_dags/plugins/listener_plugin.py
[2025-02-06T08:36:36.365+0000] {processor.py:927} WARNING - No viable dags retrieved from /opt/conda/lib/python3.12/site-packages/airflow/example_dags/plugins/listener_plugin.py
[2025-02-06T08:36:36.389+0000] {processor.py:208} INFO - Processing /opt/conda/lib/python3.12/site-packages/airflow/example_dags/plugins/listener_plugin.py took 0.031 seconds
[2025-02-06T08:37:58.140+0000] {processor.py:186} INFO - Started process (PID=430) to work on /opt/conda/lib/python3.12/site-packages/airflow/example_dags/plugins/listener_plugin.py
[2025-02-06T08:37:58.142+0000] {processor.py:914} INFO - Processing file /opt/conda/lib/python3.12/site-packages/airflow/example_dags/plugins/listener_plugin.py for tasks to queue
[2025-02-06T08:37:58.144+0000] {logging_mixin.py:190} INFO - [2025-02-06T08:37:58.143+0000] {dagbag.py:588} INFO - Filling up the DagBag from /opt/conda/lib/python3.12/site-packages/airflow/example_dags/plugins/listener_plugin.py
[2025-02-06T08:37:58.147+0000] {processor.py:927} WARNING - No viable dags retrieved from /opt/conda/lib/python3.12/site-packages/airflow/example_dags/plugins/listener_plugin.py
[2025-02-06T08:37:58.178+0000] {processor.py:208} INFO - Processing /opt/conda/lib/python3.12/site-packages/airflow/example_dags/plugins/listener_plugin.py took 0.043 seconds
[2025-02-06T08:39:11.857+0000] {processor.py:186} INFO - Started process (PID=495) to work on /opt/conda/lib/python3.12/site-packages/airflow/example_dags/plugins/listener_plugin.py
[2025-02-06T08:39:11.858+0000] {processor.py:914} INFO - Processing file /opt/conda/lib/python3.12/site-packages/airflow/example_dags/plugins/listener_plugin.py for tasks to queue
[2025-02-06T08:39:11.860+0000] {logging_mixin.py:190} INFO - [2025-02-06T08:39:11.859+0000] {dagbag.py:588} INFO - Filling up the DagBag from /opt/conda/lib/python3.12/site-packages/airflow/example_dags/plugins/listener_plugin.py
[2025-02-06T08:39:11.862+0000] {processor.py:927} WARNING - No viable dags retrieved from /opt/conda/lib/python3.12/site-packages/airflow/example_dags/plugins/listener_plugin.py
[2025-02-06T08:39:11.882+0000] {processor.py:208} INFO - Processing /opt/conda/lib/python3.12/site-packages/airflow/example_dags/plugins/listener_plugin.py took 0.031 seconds
[2025-02-06T08:40:31.982+0000] {processor.py:186} INFO - Started process (PID=562) to work on /opt/conda/lib/python3.12/site-packages/airflow/example_dags/plugins/listener_plugin.py
[2025-02-06T08:40:31.983+0000] {processor.py:914} INFO - Processing file /opt/conda/lib/python3.12/site-packages/airflow/example_dags/plugins/listener_plugin.py for tasks to queue
[2025-02-06T08:40:31.984+0000] {logging_mixin.py:190} INFO - [2025-02-06T08:40:31.984+0000] {dagbag.py:588} INFO - Filling up the DagBag from /opt/conda/lib/python3.12/site-packages/airflow/example_dags/plugins/listener_plugin.py
[2025-02-06T08:40:31.986+0000] {processor.py:927} WARNING - No viable dags retrieved from /opt/conda/lib/python3.12/site-packages/airflow/example_dags/plugins/listener_plugin.py
[2025-02-06T08:40:32.006+0000] {processor.py:208} INFO - Processing /opt/conda/lib/python3.12/site-packages/airflow/example_dags/plugins/listener_plugin.py took 0.028 seconds
[2025-02-06T08:41:44.727+0000] {processor.py:186} INFO - Started process (PID=625) to work on /opt/conda/lib/python3.12/site-packages/airflow/example_dags/plugins/listener_plugin.py
[2025-02-06T08:41:44.728+0000] {processor.py:914} INFO - Processing file /opt/conda/lib/python3.12/site-packages/airflow/example_dags/plugins/listener_plugin.py for tasks to queue
[2025-02-06T08:41:44.729+0000] {logging_mixin.py:190} INFO - [2025-02-06T08:41:44.729+0000] {dagbag.py:588} INFO - Filling up the DagBag from /opt/conda/lib/python3.12/site-packages/airflow/example_dags/plugins/listener_plugin.py
[2025-02-06T08:41:44.731+0000] {processor.py:927} WARNING - No viable dags retrieved from /opt/conda/lib/python3.12/site-packages/airflow/example_dags/plugins/listener_plugin.py
[2025-02-06T08:41:44.752+0000] {processor.py:208} INFO - Processing /opt/conda/lib/python3.12/site-packages/airflow/example_dags/plugins/listener_plugin.py took 0.029 seconds
[2025-02-06T08:43:27.695+0000] {processor.py:186} INFO - Started process (PID=53) to work on /opt/conda/lib/python3.12/site-packages/airflow/example_dags/plugins/listener_plugin.py
[2025-02-06T08:43:27.696+0000] {processor.py:914} INFO - Processing file /opt/conda/lib/python3.12/site-packages/airflow/example_dags/plugins/listener_plugin.py for tasks to queue
[2025-02-06T08:43:27.698+0000] {logging_mixin.py:190} INFO - [2025-02-06T08:43:27.697+0000] {dagbag.py:588} INFO - Filling up the DagBag from /opt/conda/lib/python3.12/site-packages/airflow/example_dags/plugins/listener_plugin.py
[2025-02-06T08:43:27.700+0000] {processor.py:927} WARNING - No viable dags retrieved from /opt/conda/lib/python3.12/site-packages/airflow/example_dags/plugins/listener_plugin.py
[2025-02-06T08:43:27.718+0000] {processor.py:208} INFO - Processing /opt/conda/lib/python3.12/site-packages/airflow/example_dags/plugins/listener_plugin.py took 0.027 seconds
[2025-02-06T08:44:37.975+0000] {processor.py:186} INFO - Started process (PID=111) to work on /opt/conda/lib/python3.12/site-packages/airflow/example_dags/plugins/listener_plugin.py
[2025-02-06T08:44:37.976+0000] {processor.py:914} INFO - Processing file /opt/conda/lib/python3.12/site-packages/airflow/example_dags/plugins/listener_plugin.py for tasks to queue
[2025-02-06T08:44:37.978+0000] {logging_mixin.py:190} INFO - [2025-02-06T08:44:37.978+0000] {dagbag.py:588} INFO - Filling up the DagBag from /opt/conda/lib/python3.12/site-packages/airflow/example_dags/plugins/listener_plugin.py
[2025-02-06T08:44:37.980+0000] {processor.py:927} WARNING - No viable dags retrieved from /opt/conda/lib/python3.12/site-packages/airflow/example_dags/plugins/listener_plugin.py
[2025-02-06T08:44:37.997+0000] {processor.py:208} INFO - Processing /opt/conda/lib/python3.12/site-packages/airflow/example_dags/plugins/listener_plugin.py took 0.026 seconds
[2025-02-06T08:46:03.528+0000] {processor.py:186} INFO - Started process (PID=212) to work on /opt/conda/lib/python3.12/site-packages/airflow/example_dags/plugins/listener_plugin.py
[2025-02-06T08:46:03.530+0000] {processor.py:914} INFO - Processing file /opt/conda/lib/python3.12/site-packages/airflow/example_dags/plugins/listener_plugin.py for tasks to queue
[2025-02-06T08:46:03.532+0000] {logging_mixin.py:190} INFO - [2025-02-06T08:46:03.531+0000] {dagbag.py:588} INFO - Filling up the DagBag from /opt/conda/lib/python3.12/site-packages/airflow/example_dags/plugins/listener_plugin.py
[2025-02-06T08:46:03.536+0000] {processor.py:927} WARNING - No viable dags retrieved from /opt/conda/lib/python3.12/site-packages/airflow/example_dags/plugins/listener_plugin.py
[2025-02-06T08:46:03.556+0000] {processor.py:208} INFO - Processing /opt/conda/lib/python3.12/site-packages/airflow/example_dags/plugins/listener_plugin.py took 0.031 seconds
[2025-02-06T08:47:20.880+0000] {processor.py:186} INFO - Started process (PID=347) to work on /opt/conda/lib/python3.12/site-packages/airflow/example_dags/plugins/listener_plugin.py
[2025-02-06T08:47:20.881+0000] {processor.py:914} INFO - Processing file /opt/conda/lib/python3.12/site-packages/airflow/example_dags/plugins/listener_plugin.py for tasks to queue
[2025-02-06T08:47:20.883+0000] {logging_mixin.py:190} INFO - [2025-02-06T08:47:20.882+0000] {dagbag.py:588} INFO - Filling up the DagBag from /opt/conda/lib/python3.12/site-packages/airflow/example_dags/plugins/listener_plugin.py
[2025-02-06T08:47:20.886+0000] {processor.py:927} WARNING - No viable dags retrieved from /opt/conda/lib/python3.12/site-packages/airflow/example_dags/plugins/listener_plugin.py
[2025-02-06T08:47:20.905+0000] {processor.py:208} INFO - Processing /opt/conda/lib/python3.12/site-packages/airflow/example_dags/plugins/listener_plugin.py took 0.029 seconds
[2025-02-06T08:48:53.206+0000] {processor.py:186} INFO - Started process (PID=145) to work on /opt/conda/lib/python3.12/site-packages/airflow/example_dags/plugins/listener_plugin.py
[2025-02-06T08:48:53.207+0000] {processor.py:914} INFO - Processing file /opt/conda/lib/python3.12/site-packages/airflow/example_dags/plugins/listener_plugin.py for tasks to queue
[2025-02-06T08:48:53.209+0000] {logging_mixin.py:190} INFO - [2025-02-06T08:48:53.209+0000] {dagbag.py:588} INFO - Filling up the DagBag from /opt/conda/lib/python3.12/site-packages/airflow/example_dags/plugins/listener_plugin.py
[2025-02-06T08:48:53.211+0000] {processor.py:927} WARNING - No viable dags retrieved from /opt/conda/lib/python3.12/site-packages/airflow/example_dags/plugins/listener_plugin.py
[2025-02-06T08:48:53.230+0000] {processor.py:208} INFO - Processing /opt/conda/lib/python3.12/site-packages/airflow/example_dags/plugins/listener_plugin.py took 0.027 seconds
[2025-02-06T08:51:54.093+0000] {processor.py:186} INFO - Started process (PID=479) to work on /opt/conda/lib/python3.12/site-packages/airflow/example_dags/plugins/listener_plugin.py
[2025-02-06T08:51:54.094+0000] {processor.py:914} INFO - Processing file /opt/conda/lib/python3.12/site-packages/airflow/example_dags/plugins/listener_plugin.py for tasks to queue
[2025-02-06T08:51:54.097+0000] {logging_mixin.py:190} INFO - [2025-02-06T08:51:54.096+0000] {dagbag.py:588} INFO - Filling up the DagBag from /opt/conda/lib/python3.12/site-packages/airflow/example_dags/plugins/listener_plugin.py
[2025-02-06T08:51:54.100+0000] {processor.py:927} WARNING - No viable dags retrieved from /opt/conda/lib/python3.12/site-packages/airflow/example_dags/plugins/listener_plugin.py
[2025-02-06T08:51:54.120+0000] {processor.py:208} INFO - Processing /opt/conda/lib/python3.12/site-packages/airflow/example_dags/plugins/listener_plugin.py took 0.032 seconds
[2025-02-06T08:54:28.834+0000] {processor.py:186} INFO - Started process (PID=769) to work on /opt/conda/lib/python3.12/site-packages/airflow/example_dags/plugins/listener_plugin.py
[2025-02-06T08:54:28.835+0000] {processor.py:914} INFO - Processing file /opt/conda/lib/python3.12/site-packages/airflow/example_dags/plugins/listener_plugin.py for tasks to queue
[2025-02-06T08:54:28.837+0000] {logging_mixin.py:190} INFO - [2025-02-06T08:54:28.836+0000] {dagbag.py:588} INFO - Filling up the DagBag from /opt/conda/lib/python3.12/site-packages/airflow/example_dags/plugins/listener_plugin.py
[2025-02-06T08:54:28.839+0000] {processor.py:927} WARNING - No viable dags retrieved from /opt/conda/lib/python3.12/site-packages/airflow/example_dags/plugins/listener_plugin.py
[2025-02-06T08:54:28.857+0000] {processor.py:208} INFO - Processing /opt/conda/lib/python3.12/site-packages/airflow/example_dags/plugins/listener_plugin.py took 0.027 seconds
[2025-02-06T08:56:58.800+0000] {processor.py:186} INFO - Started process (PID=1034) to work on /opt/conda/lib/python3.12/site-packages/airflow/example_dags/plugins/listener_plugin.py
[2025-02-06T08:56:58.802+0000] {processor.py:914} INFO - Processing file /opt/conda/lib/python3.12/site-packages/airflow/example_dags/plugins/listener_plugin.py for tasks to queue
[2025-02-06T08:56:58.804+0000] {logging_mixin.py:190} INFO - [2025-02-06T08:56:58.804+0000] {dagbag.py:588} INFO - Filling up the DagBag from /opt/conda/lib/python3.12/site-packages/airflow/example_dags/plugins/listener_plugin.py
[2025-02-06T08:56:58.806+0000] {processor.py:927} WARNING - No viable dags retrieved from /opt/conda/lib/python3.12/site-packages/airflow/example_dags/plugins/listener_plugin.py
[2025-02-06T08:56:58.825+0000] {processor.py:208} INFO - Processing /opt/conda/lib/python3.12/site-packages/airflow/example_dags/plugins/listener_plugin.py took 0.029 seconds
[2025-02-06T09:01:46.599+0000] {processor.py:186} INFO - Started process (PID=172) to work on /opt/conda/lib/python3.12/site-packages/airflow/example_dags/plugins/listener_plugin.py
[2025-02-06T09:01:46.600+0000] {processor.py:914} INFO - Processing file /opt/conda/lib/python3.12/site-packages/airflow/example_dags/plugins/listener_plugin.py for tasks to queue
[2025-02-06T09:01:46.602+0000] {logging_mixin.py:190} INFO - [2025-02-06T09:01:46.602+0000] {dagbag.py:588} INFO - Filling up the DagBag from /opt/conda/lib/python3.12/site-packages/airflow/example_dags/plugins/listener_plugin.py
[2025-02-06T09:01:46.604+0000] {processor.py:927} WARNING - No viable dags retrieved from /opt/conda/lib/python3.12/site-packages/airflow/example_dags/plugins/listener_plugin.py
[2025-02-06T09:01:46.625+0000] {processor.py:208} INFO - Processing /opt/conda/lib/python3.12/site-packages/airflow/example_dags/plugins/listener_plugin.py took 0.029 seconds
[2025-02-06T09:03:13.375+0000] {processor.py:186} INFO - Started process (PID=53) to work on /opt/conda/lib/python3.12/site-packages/airflow/example_dags/plugins/listener_plugin.py
[2025-02-06T09:03:13.377+0000] {processor.py:914} INFO - Processing file /opt/conda/lib/python3.12/site-packages/airflow/example_dags/plugins/listener_plugin.py for tasks to queue
[2025-02-06T09:03:13.380+0000] {logging_mixin.py:190} INFO - [2025-02-06T09:03:13.379+0000] {dagbag.py:588} INFO - Filling up the DagBag from /opt/conda/lib/python3.12/site-packages/airflow/example_dags/plugins/listener_plugin.py
[2025-02-06T09:03:13.382+0000] {processor.py:927} WARNING - No viable dags retrieved from /opt/conda/lib/python3.12/site-packages/airflow/example_dags/plugins/listener_plugin.py
[2025-02-06T09:03:13.408+0000] {processor.py:208} INFO - Processing /opt/conda/lib/python3.12/site-packages/airflow/example_dags/plugins/listener_plugin.py took 0.038 seconds
[2025-02-06T09:03:48.858+0000] {processor.py:186} INFO - Started process (PID=49) to work on /opt/conda/lib/python3.12/site-packages/airflow/example_dags/plugins/listener_plugin.py
[2025-02-06T09:03:48.859+0000] {processor.py:914} INFO - Processing file /opt/conda/lib/python3.12/site-packages/airflow/example_dags/plugins/listener_plugin.py for tasks to queue
[2025-02-06T09:03:48.861+0000] {logging_mixin.py:190} INFO - [2025-02-06T09:03:48.861+0000] {dagbag.py:588} INFO - Filling up the DagBag from /opt/conda/lib/python3.12/site-packages/airflow/example_dags/plugins/listener_plugin.py
[2025-02-06T09:03:48.863+0000] {processor.py:927} WARNING - No viable dags retrieved from /opt/conda/lib/python3.12/site-packages/airflow/example_dags/plugins/listener_plugin.py
[2025-02-06T09:03:48.881+0000] {processor.py:208} INFO - Processing /opt/conda/lib/python3.12/site-packages/airflow/example_dags/plugins/listener_plugin.py took 0.027 seconds
[2025-02-06T09:04:32.738+0000] {processor.py:186} INFO - Started process (PID=53) to work on /opt/conda/lib/python3.12/site-packages/airflow/example_dags/plugins/listener_plugin.py
[2025-02-06T09:04:32.739+0000] {processor.py:914} INFO - Processing file /opt/conda/lib/python3.12/site-packages/airflow/example_dags/plugins/listener_plugin.py for tasks to queue
[2025-02-06T09:04:32.742+0000] {logging_mixin.py:190} INFO - [2025-02-06T09:04:32.741+0000] {dagbag.py:588} INFO - Filling up the DagBag from /opt/conda/lib/python3.12/site-packages/airflow/example_dags/plugins/listener_plugin.py
[2025-02-06T09:04:32.744+0000] {processor.py:927} WARNING - No viable dags retrieved from /opt/conda/lib/python3.12/site-packages/airflow/example_dags/plugins/listener_plugin.py
[2025-02-06T09:04:32.762+0000] {processor.py:208} INFO - Processing /opt/conda/lib/python3.12/site-packages/airflow/example_dags/plugins/listener_plugin.py took 0.027 seconds
[2025-02-06T09:07:42.745+0000] {processor.py:186} INFO - Started process (PID=403) to work on /opt/conda/lib/python3.12/site-packages/airflow/example_dags/plugins/listener_plugin.py
[2025-02-06T09:07:42.746+0000] {processor.py:914} INFO - Processing file /opt/conda/lib/python3.12/site-packages/airflow/example_dags/plugins/listener_plugin.py for tasks to queue
[2025-02-06T09:07:42.749+0000] {logging_mixin.py:190} INFO - [2025-02-06T09:07:42.748+0000] {dagbag.py:588} INFO - Filling up the DagBag from /opt/conda/lib/python3.12/site-packages/airflow/example_dags/plugins/listener_plugin.py
[2025-02-06T09:07:42.751+0000] {processor.py:927} WARNING - No viable dags retrieved from /opt/conda/lib/python3.12/site-packages/airflow/example_dags/plugins/listener_plugin.py
[2025-02-06T09:07:42.769+0000] {processor.py:208} INFO - Processing /opt/conda/lib/python3.12/site-packages/airflow/example_dags/plugins/listener_plugin.py took 0.029 seconds
[2025-02-06T09:10:05.935+0000] {processor.py:186} INFO - Started process (PID=672) to work on /opt/conda/lib/python3.12/site-packages/airflow/example_dags/plugins/listener_plugin.py
[2025-02-06T09:10:05.936+0000] {processor.py:914} INFO - Processing file /opt/conda/lib/python3.12/site-packages/airflow/example_dags/plugins/listener_plugin.py for tasks to queue
[2025-02-06T09:10:05.938+0000] {logging_mixin.py:190} INFO - [2025-02-06T09:10:05.938+0000] {dagbag.py:588} INFO - Filling up the DagBag from /opt/conda/lib/python3.12/site-packages/airflow/example_dags/plugins/listener_plugin.py
[2025-02-06T09:10:05.940+0000] {processor.py:927} WARNING - No viable dags retrieved from /opt/conda/lib/python3.12/site-packages/airflow/example_dags/plugins/listener_plugin.py
[2025-02-06T09:10:05.960+0000] {processor.py:208} INFO - Processing /opt/conda/lib/python3.12/site-packages/airflow/example_dags/plugins/listener_plugin.py took 0.028 seconds
[2025-02-06T09:12:25.510+0000] {processor.py:186} INFO - Started process (PID=935) to work on /opt/conda/lib/python3.12/site-packages/airflow/example_dags/plugins/listener_plugin.py
[2025-02-06T09:12:25.511+0000] {processor.py:914} INFO - Processing file /opt/conda/lib/python3.12/site-packages/airflow/example_dags/plugins/listener_plugin.py for tasks to queue
[2025-02-06T09:12:25.513+0000] {logging_mixin.py:190} INFO - [2025-02-06T09:12:25.513+0000] {dagbag.py:588} INFO - Filling up the DagBag from /opt/conda/lib/python3.12/site-packages/airflow/example_dags/plugins/listener_plugin.py
[2025-02-06T09:12:25.516+0000] {processor.py:927} WARNING - No viable dags retrieved from /opt/conda/lib/python3.12/site-packages/airflow/example_dags/plugins/listener_plugin.py
[2025-02-06T09:12:25.537+0000] {processor.py:208} INFO - Processing /opt/conda/lib/python3.12/site-packages/airflow/example_dags/plugins/listener_plugin.py took 0.031 seconds
[2025-02-06T09:14:54.016+0000] {processor.py:186} INFO - Started process (PID=1204) to work on /opt/conda/lib/python3.12/site-packages/airflow/example_dags/plugins/listener_plugin.py
[2025-02-06T09:14:54.017+0000] {processor.py:914} INFO - Processing file /opt/conda/lib/python3.12/site-packages/airflow/example_dags/plugins/listener_plugin.py for tasks to queue
[2025-02-06T09:14:54.018+0000] {logging_mixin.py:190} INFO - [2025-02-06T09:14:54.018+0000] {dagbag.py:588} INFO - Filling up the DagBag from /opt/conda/lib/python3.12/site-packages/airflow/example_dags/plugins/listener_plugin.py
[2025-02-06T09:14:54.020+0000] {processor.py:927} WARNING - No viable dags retrieved from /opt/conda/lib/python3.12/site-packages/airflow/example_dags/plugins/listener_plugin.py
[2025-02-06T09:14:54.037+0000] {processor.py:208} INFO - Processing /opt/conda/lib/python3.12/site-packages/airflow/example_dags/plugins/listener_plugin.py took 0.025 seconds
[2025-02-06T09:17:05.802+0000] {processor.py:186} INFO - Started process (PID=1455) to work on /opt/conda/lib/python3.12/site-packages/airflow/example_dags/plugins/listener_plugin.py
[2025-02-06T09:17:05.803+0000] {processor.py:914} INFO - Processing file /opt/conda/lib/python3.12/site-packages/airflow/example_dags/plugins/listener_plugin.py for tasks to queue
[2025-02-06T09:17:05.805+0000] {logging_mixin.py:190} INFO - [2025-02-06T09:17:05.805+0000] {dagbag.py:588} INFO - Filling up the DagBag from /opt/conda/lib/python3.12/site-packages/airflow/example_dags/plugins/listener_plugin.py
[2025-02-06T09:17:05.807+0000] {processor.py:927} WARNING - No viable dags retrieved from /opt/conda/lib/python3.12/site-packages/airflow/example_dags/plugins/listener_plugin.py
[2025-02-06T09:17:05.824+0000] {processor.py:208} INFO - Processing /opt/conda/lib/python3.12/site-packages/airflow/example_dags/plugins/listener_plugin.py took 0.027 seconds
[2025-02-06T09:19:29.238+0000] {processor.py:186} INFO - Started process (PID=1708) to work on /opt/conda/lib/python3.12/site-packages/airflow/example_dags/plugins/listener_plugin.py
[2025-02-06T09:19:29.239+0000] {processor.py:914} INFO - Processing file /opt/conda/lib/python3.12/site-packages/airflow/example_dags/plugins/listener_plugin.py for tasks to queue
[2025-02-06T09:19:29.241+0000] {logging_mixin.py:190} INFO - [2025-02-06T09:19:29.241+0000] {dagbag.py:588} INFO - Filling up the DagBag from /opt/conda/lib/python3.12/site-packages/airflow/example_dags/plugins/listener_plugin.py
[2025-02-06T09:19:29.243+0000] {processor.py:927} WARNING - No viable dags retrieved from /opt/conda/lib/python3.12/site-packages/airflow/example_dags/plugins/listener_plugin.py
[2025-02-06T09:19:29.369+0000] {processor.py:208} INFO - Processing /opt/conda/lib/python3.12/site-packages/airflow/example_dags/plugins/listener_plugin.py took 0.135 seconds
[2025-02-06T09:22:12.035+0000] {processor.py:186} INFO - Started process (PID=1975) to work on /opt/conda/lib/python3.12/site-packages/airflow/example_dags/plugins/listener_plugin.py
[2025-02-06T09:22:12.037+0000] {processor.py:914} INFO - Processing file /opt/conda/lib/python3.12/site-packages/airflow/example_dags/plugins/listener_plugin.py for tasks to queue
[2025-02-06T09:22:12.038+0000] {logging_mixin.py:190} INFO - [2025-02-06T09:22:12.038+0000] {dagbag.py:588} INFO - Filling up the DagBag from /opt/conda/lib/python3.12/site-packages/airflow/example_dags/plugins/listener_plugin.py
[2025-02-06T09:22:12.041+0000] {processor.py:927} WARNING - No viable dags retrieved from /opt/conda/lib/python3.12/site-packages/airflow/example_dags/plugins/listener_plugin.py
[2025-02-06T09:22:12.063+0000] {processor.py:208} INFO - Processing /opt/conda/lib/python3.12/site-packages/airflow/example_dags/plugins/listener_plugin.py took 0.031 seconds
[2025-02-06T09:25:18.224+0000] {processor.py:186} INFO - Started process (PID=139) to work on /opt/conda/lib/python3.12/site-packages/airflow/example_dags/plugins/listener_plugin.py
[2025-02-06T09:25:18.226+0000] {processor.py:914} INFO - Processing file /opt/conda/lib/python3.12/site-packages/airflow/example_dags/plugins/listener_plugin.py for tasks to queue
[2025-02-06T09:25:18.228+0000] {logging_mixin.py:190} INFO - [2025-02-06T09:25:18.227+0000] {dagbag.py:588} INFO - Filling up the DagBag from /opt/conda/lib/python3.12/site-packages/airflow/example_dags/plugins/listener_plugin.py
[2025-02-06T09:25:18.230+0000] {processor.py:927} WARNING - No viable dags retrieved from /opt/conda/lib/python3.12/site-packages/airflow/example_dags/plugins/listener_plugin.py
[2025-02-06T09:25:18.256+0000] {processor.py:208} INFO - Processing /opt/conda/lib/python3.12/site-packages/airflow/example_dags/plugins/listener_plugin.py took 0.036 seconds
[2025-02-06T09:31:09.422+0000] {processor.py:186} INFO - Started process (PID=240) to work on /opt/conda/lib/python3.12/site-packages/airflow/example_dags/plugins/listener_plugin.py
[2025-02-06T09:31:09.423+0000] {processor.py:914} INFO - Processing file /opt/conda/lib/python3.12/site-packages/airflow/example_dags/plugins/listener_plugin.py for tasks to queue
[2025-02-06T09:31:09.426+0000] {logging_mixin.py:190} INFO - [2025-02-06T09:31:09.426+0000] {dagbag.py:588} INFO - Filling up the DagBag from /opt/conda/lib/python3.12/site-packages/airflow/example_dags/plugins/listener_plugin.py
[2025-02-06T09:31:09.428+0000] {processor.py:927} WARNING - No viable dags retrieved from /opt/conda/lib/python3.12/site-packages/airflow/example_dags/plugins/listener_plugin.py
[2025-02-06T09:31:09.486+0000] {processor.py:208} INFO - Processing /opt/conda/lib/python3.12/site-packages/airflow/example_dags/plugins/listener_plugin.py took 0.070 seconds
[2025-02-06T09:36:29.346+0000] {processor.py:186} INFO - Started process (PID=827) to work on /opt/conda/lib/python3.12/site-packages/airflow/example_dags/plugins/listener_plugin.py
[2025-02-06T09:36:29.347+0000] {processor.py:914} INFO - Processing file /opt/conda/lib/python3.12/site-packages/airflow/example_dags/plugins/listener_plugin.py for tasks to queue
[2025-02-06T09:36:29.349+0000] {logging_mixin.py:190} INFO - [2025-02-06T09:36:29.348+0000] {dagbag.py:588} INFO - Filling up the DagBag from /opt/conda/lib/python3.12/site-packages/airflow/example_dags/plugins/listener_plugin.py
[2025-02-06T09:36:29.352+0000] {processor.py:927} WARNING - No viable dags retrieved from /opt/conda/lib/python3.12/site-packages/airflow/example_dags/plugins/listener_plugin.py
[2025-02-06T09:36:29.374+0000] {processor.py:208} INFO - Processing /opt/conda/lib/python3.12/site-packages/airflow/example_dags/plugins/listener_plugin.py took 0.032 seconds
[2025-02-06T09:41:29.768+0000] {processor.py:186} INFO - Started process (PID=1357) to work on /opt/conda/lib/python3.12/site-packages/airflow/example_dags/plugins/listener_plugin.py
[2025-02-06T09:41:29.769+0000] {processor.py:914} INFO - Processing file /opt/conda/lib/python3.12/site-packages/airflow/example_dags/plugins/listener_plugin.py for tasks to queue
[2025-02-06T09:41:29.772+0000] {logging_mixin.py:190} INFO - [2025-02-06T09:41:29.772+0000] {dagbag.py:588} INFO - Filling up the DagBag from /opt/conda/lib/python3.12/site-packages/airflow/example_dags/plugins/listener_plugin.py
[2025-02-06T09:41:29.775+0000] {processor.py:927} WARNING - No viable dags retrieved from /opt/conda/lib/python3.12/site-packages/airflow/example_dags/plugins/listener_plugin.py
[2025-02-06T09:41:29.804+0000] {processor.py:208} INFO - Processing /opt/conda/lib/python3.12/site-packages/airflow/example_dags/plugins/listener_plugin.py took 0.041 seconds
[2025-02-06T09:48:31.726+0000] {processor.py:186} INFO - Started process (PID=223) to work on /opt/conda/lib/python3.12/site-packages/airflow/example_dags/plugins/listener_plugin.py
[2025-02-06T09:48:31.728+0000] {processor.py:914} INFO - Processing file /opt/conda/lib/python3.12/site-packages/airflow/example_dags/plugins/listener_plugin.py for tasks to queue
[2025-02-06T09:48:31.730+0000] {logging_mixin.py:190} INFO - [2025-02-06T09:48:31.730+0000] {dagbag.py:588} INFO - Filling up the DagBag from /opt/conda/lib/python3.12/site-packages/airflow/example_dags/plugins/listener_plugin.py
[2025-02-06T09:48:31.734+0000] {processor.py:927} WARNING - No viable dags retrieved from /opt/conda/lib/python3.12/site-packages/airflow/example_dags/plugins/listener_plugin.py
[2025-02-06T09:48:31.816+0000] {processor.py:208} INFO - Processing /opt/conda/lib/python3.12/site-packages/airflow/example_dags/plugins/listener_plugin.py took 0.094 seconds
[2025-02-06T09:54:02.369+0000] {processor.py:186} INFO - Started process (PID=803) to work on /opt/conda/lib/python3.12/site-packages/airflow/example_dags/plugins/listener_plugin.py
[2025-02-06T09:54:02.370+0000] {processor.py:914} INFO - Processing file /opt/conda/lib/python3.12/site-packages/airflow/example_dags/plugins/listener_plugin.py for tasks to queue
[2025-02-06T09:54:02.372+0000] {logging_mixin.py:190} INFO - [2025-02-06T09:54:02.372+0000] {dagbag.py:588} INFO - Filling up the DagBag from /opt/conda/lib/python3.12/site-packages/airflow/example_dags/plugins/listener_plugin.py
[2025-02-06T09:54:02.375+0000] {processor.py:927} WARNING - No viable dags retrieved from /opt/conda/lib/python3.12/site-packages/airflow/example_dags/plugins/listener_plugin.py
[2025-02-06T09:54:02.398+0000] {processor.py:208} INFO - Processing /opt/conda/lib/python3.12/site-packages/airflow/example_dags/plugins/listener_plugin.py took 0.032 seconds
[2025-02-06T09:58:07.868+0000] {processor.py:186} INFO - Started process (PID=1271) to work on /opt/conda/lib/python3.12/site-packages/airflow/example_dags/plugins/listener_plugin.py
[2025-02-06T09:58:07.869+0000] {processor.py:914} INFO - Processing file /opt/conda/lib/python3.12/site-packages/airflow/example_dags/plugins/listener_plugin.py for tasks to queue
[2025-02-06T09:58:07.871+0000] {logging_mixin.py:190} INFO - [2025-02-06T09:58:07.870+0000] {dagbag.py:588} INFO - Filling up the DagBag from /opt/conda/lib/python3.12/site-packages/airflow/example_dags/plugins/listener_plugin.py
[2025-02-06T09:58:07.873+0000] {processor.py:927} WARNING - No viable dags retrieved from /opt/conda/lib/python3.12/site-packages/airflow/example_dags/plugins/listener_plugin.py
[2025-02-06T09:58:07.893+0000] {processor.py:208} INFO - Processing /opt/conda/lib/python3.12/site-packages/airflow/example_dags/plugins/listener_plugin.py took 0.028 seconds
[2025-02-06T10:03:07.794+0000] {processor.py:186} INFO - Started process (PID=1806) to work on /opt/conda/lib/python3.12/site-packages/airflow/example_dags/plugins/listener_plugin.py
[2025-02-06T10:03:07.795+0000] {processor.py:914} INFO - Processing file /opt/conda/lib/python3.12/site-packages/airflow/example_dags/plugins/listener_plugin.py for tasks to queue
[2025-02-06T10:03:07.797+0000] {logging_mixin.py:190} INFO - [2025-02-06T10:03:07.796+0000] {dagbag.py:588} INFO - Filling up the DagBag from /opt/conda/lib/python3.12/site-packages/airflow/example_dags/plugins/listener_plugin.py
[2025-02-06T10:03:07.798+0000] {processor.py:927} WARNING - No viable dags retrieved from /opt/conda/lib/python3.12/site-packages/airflow/example_dags/plugins/listener_plugin.py
[2025-02-06T10:03:07.816+0000] {processor.py:208} INFO - Processing /opt/conda/lib/python3.12/site-packages/airflow/example_dags/plugins/listener_plugin.py took 0.026 seconds
[2025-02-06T10:05:58.562+0000] {processor.py:186} INFO - Started process (PID=2061) to work on /opt/conda/lib/python3.12/site-packages/airflow/example_dags/plugins/listener_plugin.py
[2025-02-06T10:05:58.563+0000] {processor.py:914} INFO - Processing file /opt/conda/lib/python3.12/site-packages/airflow/example_dags/plugins/listener_plugin.py for tasks to queue
[2025-02-06T10:05:58.565+0000] {logging_mixin.py:190} INFO - [2025-02-06T10:05:58.564+0000] {dagbag.py:588} INFO - Filling up the DagBag from /opt/conda/lib/python3.12/site-packages/airflow/example_dags/plugins/listener_plugin.py
[2025-02-06T10:05:58.568+0000] {processor.py:927} WARNING - No viable dags retrieved from /opt/conda/lib/python3.12/site-packages/airflow/example_dags/plugins/listener_plugin.py
[2025-02-06T10:05:58.589+0000] {processor.py:208} INFO - Processing /opt/conda/lib/python3.12/site-packages/airflow/example_dags/plugins/listener_plugin.py took 0.032 seconds
[2025-02-06T10:08:47.518+0000] {processor.py:186} INFO - Started process (PID=2321) to work on /opt/conda/lib/python3.12/site-packages/airflow/example_dags/plugins/listener_plugin.py
[2025-02-06T10:08:47.519+0000] {processor.py:914} INFO - Processing file /opt/conda/lib/python3.12/site-packages/airflow/example_dags/plugins/listener_plugin.py for tasks to queue
[2025-02-06T10:08:47.521+0000] {logging_mixin.py:190} INFO - [2025-02-06T10:08:47.520+0000] {dagbag.py:588} INFO - Filling up the DagBag from /opt/conda/lib/python3.12/site-packages/airflow/example_dags/plugins/listener_plugin.py
[2025-02-06T10:08:47.523+0000] {processor.py:927} WARNING - No viable dags retrieved from /opt/conda/lib/python3.12/site-packages/airflow/example_dags/plugins/listener_plugin.py
[2025-02-06T10:08:47.540+0000] {processor.py:208} INFO - Processing /opt/conda/lib/python3.12/site-packages/airflow/example_dags/plugins/listener_plugin.py took 0.026 seconds
[2025-02-06T10:13:04.870+0000] {processor.py:186} INFO - Started process (PID=2762) to work on /opt/conda/lib/python3.12/site-packages/airflow/example_dags/plugins/listener_plugin.py
[2025-02-06T10:13:04.871+0000] {processor.py:914} INFO - Processing file /opt/conda/lib/python3.12/site-packages/airflow/example_dags/plugins/listener_plugin.py for tasks to queue
[2025-02-06T10:13:04.872+0000] {logging_mixin.py:190} INFO - [2025-02-06T10:13:04.872+0000] {dagbag.py:588} INFO - Filling up the DagBag from /opt/conda/lib/python3.12/site-packages/airflow/example_dags/plugins/listener_plugin.py
[2025-02-06T10:13:04.875+0000] {processor.py:927} WARNING - No viable dags retrieved from /opt/conda/lib/python3.12/site-packages/airflow/example_dags/plugins/listener_plugin.py
[2025-02-06T10:13:04.895+0000] {processor.py:208} INFO - Processing /opt/conda/lib/python3.12/site-packages/airflow/example_dags/plugins/listener_plugin.py took 0.029 seconds
[2025-02-06T10:19:11.016+0000] {processor.py:186} INFO - Started process (PID=3398) to work on /opt/conda/lib/python3.12/site-packages/airflow/example_dags/plugins/listener_plugin.py
[2025-02-06T10:19:11.017+0000] {processor.py:914} INFO - Processing file /opt/conda/lib/python3.12/site-packages/airflow/example_dags/plugins/listener_plugin.py for tasks to queue
[2025-02-06T10:19:11.018+0000] {logging_mixin.py:190} INFO - [2025-02-06T10:19:11.018+0000] {dagbag.py:588} INFO - Filling up the DagBag from /opt/conda/lib/python3.12/site-packages/airflow/example_dags/plugins/listener_plugin.py
[2025-02-06T10:19:11.020+0000] {processor.py:927} WARNING - No viable dags retrieved from /opt/conda/lib/python3.12/site-packages/airflow/example_dags/plugins/listener_plugin.py
[2025-02-06T10:19:11.053+0000] {processor.py:208} INFO - Processing /opt/conda/lib/python3.12/site-packages/airflow/example_dags/plugins/listener_plugin.py took 0.043 seconds
[2025-02-06T10:23:59.149+0000] {processor.py:186} INFO - Started process (PID=3881) to work on /opt/conda/lib/python3.12/site-packages/airflow/example_dags/plugins/listener_plugin.py
[2025-02-06T10:23:59.151+0000] {processor.py:914} INFO - Processing file /opt/conda/lib/python3.12/site-packages/airflow/example_dags/plugins/listener_plugin.py for tasks to queue
[2025-02-06T10:23:59.152+0000] {logging_mixin.py:190} INFO - [2025-02-06T10:23:59.151+0000] {dagbag.py:588} INFO - Filling up the DagBag from /opt/conda/lib/python3.12/site-packages/airflow/example_dags/plugins/listener_plugin.py
[2025-02-06T10:23:59.154+0000] {processor.py:927} WARNING - No viable dags retrieved from /opt/conda/lib/python3.12/site-packages/airflow/example_dags/plugins/listener_plugin.py
[2025-02-06T10:23:59.174+0000] {processor.py:208} INFO - Processing /opt/conda/lib/python3.12/site-packages/airflow/example_dags/plugins/listener_plugin.py took 0.030 seconds
[2025-02-06T10:25:26.396+0000] {processor.py:186} INFO - Started process (PID=3998) to work on /opt/conda/lib/python3.12/site-packages/airflow/example_dags/plugins/listener_plugin.py
[2025-02-06T10:25:26.397+0000] {processor.py:914} INFO - Processing file /opt/conda/lib/python3.12/site-packages/airflow/example_dags/plugins/listener_plugin.py for tasks to queue
[2025-02-06T10:25:26.399+0000] {logging_mixin.py:190} INFO - [2025-02-06T10:25:26.398+0000] {dagbag.py:588} INFO - Filling up the DagBag from /opt/conda/lib/python3.12/site-packages/airflow/example_dags/plugins/listener_plugin.py
[2025-02-06T10:25:26.401+0000] {processor.py:927} WARNING - No viable dags retrieved from /opt/conda/lib/python3.12/site-packages/airflow/example_dags/plugins/listener_plugin.py
[2025-02-06T10:25:26.422+0000] {processor.py:208} INFO - Processing /opt/conda/lib/python3.12/site-packages/airflow/example_dags/plugins/listener_plugin.py took 0.034 seconds
[2025-02-06T10:26:46.811+0000] {processor.py:186} INFO - Started process (PID=4144) to work on /opt/conda/lib/python3.12/site-packages/airflow/example_dags/plugins/listener_plugin.py
[2025-02-06T10:26:46.813+0000] {processor.py:914} INFO - Processing file /opt/conda/lib/python3.12/site-packages/airflow/example_dags/plugins/listener_plugin.py for tasks to queue
[2025-02-06T10:26:46.814+0000] {logging_mixin.py:190} INFO - [2025-02-06T10:26:46.814+0000] {dagbag.py:588} INFO - Filling up the DagBag from /opt/conda/lib/python3.12/site-packages/airflow/example_dags/plugins/listener_plugin.py
[2025-02-06T10:26:46.816+0000] {processor.py:927} WARNING - No viable dags retrieved from /opt/conda/lib/python3.12/site-packages/airflow/example_dags/plugins/listener_plugin.py
[2025-02-06T10:26:46.832+0000] {processor.py:208} INFO - Processing /opt/conda/lib/python3.12/site-packages/airflow/example_dags/plugins/listener_plugin.py took 0.025 seconds
[2025-02-06T11:41:29.792+0000] {processor.py:186} INFO - Started process (PID=642) to work on /opt/conda/lib/python3.12/site-packages/airflow/example_dags/plugins/listener_plugin.py
[2025-02-06T11:41:29.794+0000] {processor.py:914} INFO - Processing file /opt/conda/lib/python3.12/site-packages/airflow/example_dags/plugins/listener_plugin.py for tasks to queue
[2025-02-06T11:41:29.799+0000] {logging_mixin.py:190} INFO - [2025-02-06T11:41:29.798+0000] {dagbag.py:588} INFO - Filling up the DagBag from /opt/conda/lib/python3.12/site-packages/airflow/example_dags/plugins/listener_plugin.py
[2025-02-06T11:41:29.804+0000] {processor.py:927} WARNING - No viable dags retrieved from /opt/conda/lib/python3.12/site-packages/airflow/example_dags/plugins/listener_plugin.py
[2025-02-06T11:41:29.840+0000] {processor.py:208} INFO - Processing /opt/conda/lib/python3.12/site-packages/airflow/example_dags/plugins/listener_plugin.py took 0.054 seconds
[2025-02-06T11:45:44.309+0000] {processor.py:186} INFO - Started process (PID=1618) to work on /opt/conda/lib/python3.12/site-packages/airflow/example_dags/plugins/listener_plugin.py
[2025-02-06T11:45:44.310+0000] {processor.py:914} INFO - Processing file /opt/conda/lib/python3.12/site-packages/airflow/example_dags/plugins/listener_plugin.py for tasks to queue
[2025-02-06T11:45:44.314+0000] {logging_mixin.py:190} INFO - [2025-02-06T11:45:44.313+0000] {dagbag.py:588} INFO - Filling up the DagBag from /opt/conda/lib/python3.12/site-packages/airflow/example_dags/plugins/listener_plugin.py
[2025-02-06T11:45:44.317+0000] {processor.py:927} WARNING - No viable dags retrieved from /opt/conda/lib/python3.12/site-packages/airflow/example_dags/plugins/listener_plugin.py
[2025-02-06T11:45:44.355+0000] {processor.py:208} INFO - Processing /opt/conda/lib/python3.12/site-packages/airflow/example_dags/plugins/listener_plugin.py took 0.051 seconds
[2025-02-06T11:49:45.806+0000] {processor.py:186} INFO - Started process (PID=2531) to work on /opt/conda/lib/python3.12/site-packages/airflow/example_dags/plugins/listener_plugin.py
[2025-02-06T11:49:45.807+0000] {processor.py:914} INFO - Processing file /opt/conda/lib/python3.12/site-packages/airflow/example_dags/plugins/listener_plugin.py for tasks to queue
[2025-02-06T11:49:45.809+0000] {logging_mixin.py:190} INFO - [2025-02-06T11:49:45.809+0000] {dagbag.py:588} INFO - Filling up the DagBag from /opt/conda/lib/python3.12/site-packages/airflow/example_dags/plugins/listener_plugin.py
[2025-02-06T11:49:45.812+0000] {processor.py:927} WARNING - No viable dags retrieved from /opt/conda/lib/python3.12/site-packages/airflow/example_dags/plugins/listener_plugin.py
[2025-02-06T11:49:45.838+0000] {processor.py:208} INFO - Processing /opt/conda/lib/python3.12/site-packages/airflow/example_dags/plugins/listener_plugin.py took 0.038 seconds
[2025-02-06T11:53:18.769+0000] {processor.py:186} INFO - Started process (PID=3504) to work on /opt/conda/lib/python3.12/site-packages/airflow/example_dags/plugins/listener_plugin.py
[2025-02-06T11:53:18.771+0000] {processor.py:914} INFO - Processing file /opt/conda/lib/python3.12/site-packages/airflow/example_dags/plugins/listener_plugin.py for tasks to queue
[2025-02-06T11:53:18.772+0000] {logging_mixin.py:190} INFO - [2025-02-06T11:53:18.772+0000] {dagbag.py:588} INFO - Filling up the DagBag from /opt/conda/lib/python3.12/site-packages/airflow/example_dags/plugins/listener_plugin.py
[2025-02-06T11:53:18.775+0000] {processor.py:927} WARNING - No viable dags retrieved from /opt/conda/lib/python3.12/site-packages/airflow/example_dags/plugins/listener_plugin.py
[2025-02-06T11:53:18.801+0000] {processor.py:208} INFO - Processing /opt/conda/lib/python3.12/site-packages/airflow/example_dags/plugins/listener_plugin.py took 0.038 seconds
[2025-02-06T12:05:11.686+0000] {processor.py:186} INFO - Started process (PID=660) to work on /opt/conda/lib/python3.12/site-packages/airflow/example_dags/plugins/listener_plugin.py
[2025-02-06T12:05:11.689+0000] {processor.py:914} INFO - Processing file /opt/conda/lib/python3.12/site-packages/airflow/example_dags/plugins/listener_plugin.py for tasks to queue
[2025-02-06T12:05:11.694+0000] {logging_mixin.py:190} INFO - [2025-02-06T12:05:11.694+0000] {dagbag.py:588} INFO - Filling up the DagBag from /opt/conda/lib/python3.12/site-packages/airflow/example_dags/plugins/listener_plugin.py
[2025-02-06T12:05:11.696+0000] {processor.py:927} WARNING - No viable dags retrieved from /opt/conda/lib/python3.12/site-packages/airflow/example_dags/plugins/listener_plugin.py
[2025-02-06T12:05:11.714+0000] {processor.py:208} INFO - Processing /opt/conda/lib/python3.12/site-packages/airflow/example_dags/plugins/listener_plugin.py took 0.034 seconds
[2025-02-06T12:08:01.992+0000] {processor.py:186} INFO - Started process (PID=1675) to work on /opt/conda/lib/python3.12/site-packages/airflow/example_dags/plugins/listener_plugin.py
[2025-02-06T12:08:01.994+0000] {processor.py:914} INFO - Processing file /opt/conda/lib/python3.12/site-packages/airflow/example_dags/plugins/listener_plugin.py for tasks to queue
[2025-02-06T12:08:01.996+0000] {logging_mixin.py:190} INFO - [2025-02-06T12:08:01.996+0000] {dagbag.py:588} INFO - Filling up the DagBag from /opt/conda/lib/python3.12/site-packages/airflow/example_dags/plugins/listener_plugin.py
[2025-02-06T12:08:01.998+0000] {processor.py:927} WARNING - No viable dags retrieved from /opt/conda/lib/python3.12/site-packages/airflow/example_dags/plugins/listener_plugin.py
[2025-02-06T12:08:02.016+0000] {processor.py:208} INFO - Processing /opt/conda/lib/python3.12/site-packages/airflow/example_dags/plugins/listener_plugin.py took 0.029 seconds
[2025-02-06T12:25:59.033+0000] {processor.py:186} INFO - Started process (PID=1789) to work on /opt/conda/lib/python3.12/site-packages/airflow/example_dags/plugins/listener_plugin.py
[2025-02-06T12:25:59.034+0000] {processor.py:914} INFO - Processing file /opt/conda/lib/python3.12/site-packages/airflow/example_dags/plugins/listener_plugin.py for tasks to queue
[2025-02-06T12:25:59.036+0000] {logging_mixin.py:190} INFO - [2025-02-06T12:25:59.036+0000] {dagbag.py:588} INFO - Filling up the DagBag from /opt/conda/lib/python3.12/site-packages/airflow/example_dags/plugins/listener_plugin.py
[2025-02-06T12:25:59.038+0000] {processor.py:927} WARNING - No viable dags retrieved from /opt/conda/lib/python3.12/site-packages/airflow/example_dags/plugins/listener_plugin.py
[2025-02-06T12:25:59.058+0000] {processor.py:208} INFO - Processing /opt/conda/lib/python3.12/site-packages/airflow/example_dags/plugins/listener_plugin.py took 0.029 seconds
[2025-02-06T12:33:44.595+0000] {processor.py:186} INFO - Started process (PID=5837) to work on /opt/conda/lib/python3.12/site-packages/airflow/example_dags/plugins/listener_plugin.py
[2025-02-06T12:33:44.597+0000] {processor.py:914} INFO - Processing file /opt/conda/lib/python3.12/site-packages/airflow/example_dags/plugins/listener_plugin.py for tasks to queue
[2025-02-06T12:33:44.599+0000] {logging_mixin.py:190} INFO - [2025-02-06T12:33:44.599+0000] {dagbag.py:588} INFO - Filling up the DagBag from /opt/conda/lib/python3.12/site-packages/airflow/example_dags/plugins/listener_plugin.py
[2025-02-06T12:33:44.601+0000] {processor.py:927} WARNING - No viable dags retrieved from /opt/conda/lib/python3.12/site-packages/airflow/example_dags/plugins/listener_plugin.py
[2025-02-06T12:33:44.634+0000] {processor.py:208} INFO - Processing /opt/conda/lib/python3.12/site-packages/airflow/example_dags/plugins/listener_plugin.py took 0.044 seconds
[2025-02-06T12:42:02.924+0000] {processor.py:186} INFO - Started process (PID=10079) to work on /opt/conda/lib/python3.12/site-packages/airflow/example_dags/plugins/listener_plugin.py
[2025-02-06T12:42:02.926+0000] {processor.py:914} INFO - Processing file /opt/conda/lib/python3.12/site-packages/airflow/example_dags/plugins/listener_plugin.py for tasks to queue
[2025-02-06T12:42:02.928+0000] {logging_mixin.py:190} INFO - [2025-02-06T12:42:02.928+0000] {dagbag.py:588} INFO - Filling up the DagBag from /opt/conda/lib/python3.12/site-packages/airflow/example_dags/plugins/listener_plugin.py
[2025-02-06T12:42:02.931+0000] {processor.py:927} WARNING - No viable dags retrieved from /opt/conda/lib/python3.12/site-packages/airflow/example_dags/plugins/listener_plugin.py
[2025-02-06T12:42:02.959+0000] {processor.py:208} INFO - Processing /opt/conda/lib/python3.12/site-packages/airflow/example_dags/plugins/listener_plugin.py took 0.039 seconds
[2025-02-06T12:52:11.284+0000] {processor.py:186} INFO - Started process (PID=14907) to work on /opt/conda/lib/python3.12/site-packages/airflow/example_dags/plugins/listener_plugin.py
[2025-02-06T12:52:11.285+0000] {processor.py:914} INFO - Processing file /opt/conda/lib/python3.12/site-packages/airflow/example_dags/plugins/listener_plugin.py for tasks to queue
[2025-02-06T12:52:11.287+0000] {logging_mixin.py:190} INFO - [2025-02-06T12:52:11.286+0000] {dagbag.py:588} INFO - Filling up the DagBag from /opt/conda/lib/python3.12/site-packages/airflow/example_dags/plugins/listener_plugin.py
[2025-02-06T12:52:11.289+0000] {processor.py:927} WARNING - No viable dags retrieved from /opt/conda/lib/python3.12/site-packages/airflow/example_dags/plugins/listener_plugin.py
[2025-02-06T12:52:11.318+0000] {processor.py:208} INFO - Processing /opt/conda/lib/python3.12/site-packages/airflow/example_dags/plugins/listener_plugin.py took 0.038 seconds
[2025-02-06T13:01:10.893+0000] {processor.py:186} INFO - Started process (PID=1010) to work on /opt/conda/lib/python3.12/site-packages/airflow/example_dags/plugins/listener_plugin.py
[2025-02-06T13:01:10.894+0000] {processor.py:914} INFO - Processing file /opt/conda/lib/python3.12/site-packages/airflow/example_dags/plugins/listener_plugin.py for tasks to queue
[2025-02-06T13:01:10.897+0000] {logging_mixin.py:190} INFO - [2025-02-06T13:01:10.896+0000] {dagbag.py:588} INFO - Filling up the DagBag from /opt/conda/lib/python3.12/site-packages/airflow/example_dags/plugins/listener_plugin.py
[2025-02-06T13:01:10.900+0000] {processor.py:927} WARNING - No viable dags retrieved from /opt/conda/lib/python3.12/site-packages/airflow/example_dags/plugins/listener_plugin.py
[2025-02-06T13:01:10.920+0000] {processor.py:208} INFO - Processing /opt/conda/lib/python3.12/site-packages/airflow/example_dags/plugins/listener_plugin.py took 0.031 seconds
[2025-02-06T13:06:02.245+0000] {processor.py:186} INFO - Started process (PID=2579) to work on /opt/conda/lib/python3.12/site-packages/airflow/example_dags/plugins/listener_plugin.py
[2025-02-06T13:06:02.247+0000] {processor.py:914} INFO - Processing file /opt/conda/lib/python3.12/site-packages/airflow/example_dags/plugins/listener_plugin.py for tasks to queue
[2025-02-06T13:06:02.252+0000] {logging_mixin.py:190} INFO - [2025-02-06T13:06:02.252+0000] {dagbag.py:588} INFO - Filling up the DagBag from /opt/conda/lib/python3.12/site-packages/airflow/example_dags/plugins/listener_plugin.py
[2025-02-06T13:06:02.255+0000] {processor.py:927} WARNING - No viable dags retrieved from /opt/conda/lib/python3.12/site-packages/airflow/example_dags/plugins/listener_plugin.py
[2025-02-06T13:06:02.279+0000] {processor.py:208} INFO - Processing /opt/conda/lib/python3.12/site-packages/airflow/example_dags/plugins/listener_plugin.py took 0.038 seconds
