[2025-02-06T08:26:46.182+0000] {processor.py:186} INFO - Started process (PID=53) to work on /opt/conda/lib/python3.12/site-packages/airflow/example_dags/plugins/workday.py
[2025-02-06T08:26:46.183+0000] {processor.py:914} INFO - Processing file /opt/conda/lib/python3.12/site-packages/airflow/example_dags/plugins/workday.py for tasks to queue
[2025-02-06T08:26:46.185+0000] {logging_mixin.py:190} INFO - [2025-02-06T08:26:46.185+0000] {dagbag.py:588} INFO - Filling up the DagBag from /opt/conda/lib/python3.12/site-packages/airflow/example_dags/plugins/workday.py
[2025-02-06T08:26:46.189+0000] {logging_mixin.py:190} INFO - [2025-02-06T08:26:46.189+0000] {workday.py:41} WARNING - Could not import pandas. Holidays will not be considered.
[2025-02-06T08:26:46.189+0000] {processor.py:927} WARNING - No viable dags retrieved from /opt/conda/lib/python3.12/site-packages/airflow/example_dags/plugins/workday.py
[2025-02-06T08:26:46.210+0000] {processor.py:208} INFO - Processing /opt/conda/lib/python3.12/site-packages/airflow/example_dags/plugins/workday.py took 0.032 seconds
[2025-02-06T08:30:36.022+0000] {processor.py:186} INFO - Started process (PID=53) to work on /opt/conda/lib/python3.12/site-packages/airflow/example_dags/plugins/workday.py
[2025-02-06T08:30:36.023+0000] {processor.py:914} INFO - Processing file /opt/conda/lib/python3.12/site-packages/airflow/example_dags/plugins/workday.py for tasks to queue
[2025-02-06T08:30:36.025+0000] {logging_mixin.py:190} INFO - [2025-02-06T08:30:36.024+0000] {dagbag.py:588} INFO - Filling up the DagBag from /opt/conda/lib/python3.12/site-packages/airflow/example_dags/plugins/workday.py
[2025-02-06T08:30:36.028+0000] {logging_mixin.py:190} INFO - [2025-02-06T08:30:36.027+0000] {workday.py:41} WARNING - Could not import pandas. Holidays will not be considered.
[2025-02-06T08:30:36.028+0000] {processor.py:927} WARNING - No viable dags retrieved from /opt/conda/lib/python3.12/site-packages/airflow/example_dags/plugins/workday.py
[2025-02-06T08:30:36.065+0000] {processor.py:208} INFO - Processing /opt/conda/lib/python3.12/site-packages/airflow/example_dags/plugins/workday.py took 0.047 seconds
[2025-02-06T08:31:40.996+0000] {processor.py:186} INFO - Started process (PID=111) to work on /opt/conda/lib/python3.12/site-packages/airflow/example_dags/plugins/workday.py
[2025-02-06T08:31:40.997+0000] {processor.py:914} INFO - Processing file /opt/conda/lib/python3.12/site-packages/airflow/example_dags/plugins/workday.py for tasks to queue
[2025-02-06T08:31:40.998+0000] {logging_mixin.py:190} INFO - [2025-02-06T08:31:40.997+0000] {dagbag.py:588} INFO - Filling up the DagBag from /opt/conda/lib/python3.12/site-packages/airflow/example_dags/plugins/workday.py
[2025-02-06T08:31:41.001+0000] {logging_mixin.py:190} INFO - [2025-02-06T08:31:41.001+0000] {workday.py:41} WARNING - Could not import pandas. Holidays will not be considered.
[2025-02-06T08:31:41.002+0000] {processor.py:927} WARNING - No viable dags retrieved from /opt/conda/lib/python3.12/site-packages/airflow/example_dags/plugins/workday.py
[2025-02-06T08:31:41.019+0000] {processor.py:208} INFO - Processing /opt/conda/lib/python3.12/site-packages/airflow/example_dags/plugins/workday.py took 0.028 seconds
[2025-02-06T08:32:50.838+0000] {processor.py:186} INFO - Started process (PID=172) to work on /opt/conda/lib/python3.12/site-packages/airflow/example_dags/plugins/workday.py
[2025-02-06T08:32:50.839+0000] {processor.py:914} INFO - Processing file /opt/conda/lib/python3.12/site-packages/airflow/example_dags/plugins/workday.py for tasks to queue
[2025-02-06T08:32:50.840+0000] {logging_mixin.py:190} INFO - [2025-02-06T08:32:50.840+0000] {dagbag.py:588} INFO - Filling up the DagBag from /opt/conda/lib/python3.12/site-packages/airflow/example_dags/plugins/workday.py
[2025-02-06T08:32:50.843+0000] {logging_mixin.py:190} INFO - [2025-02-06T08:32:50.843+0000] {workday.py:41} WARNING - Could not import pandas. Holidays will not be considered.
[2025-02-06T08:32:50.844+0000] {processor.py:927} WARNING - No viable dags retrieved from /opt/conda/lib/python3.12/site-packages/airflow/example_dags/plugins/workday.py
[2025-02-06T08:32:50.861+0000] {processor.py:208} INFO - Processing /opt/conda/lib/python3.12/site-packages/airflow/example_dags/plugins/workday.py took 0.027 seconds
[2025-02-06T08:34:02.355+0000] {processor.py:186} INFO - Started process (PID=234) to work on /opt/conda/lib/python3.12/site-packages/airflow/example_dags/plugins/workday.py
[2025-02-06T08:34:02.356+0000] {processor.py:914} INFO - Processing file /opt/conda/lib/python3.12/site-packages/airflow/example_dags/plugins/workday.py for tasks to queue
[2025-02-06T08:34:02.357+0000] {logging_mixin.py:190} INFO - [2025-02-06T08:34:02.357+0000] {dagbag.py:588} INFO - Filling up the DagBag from /opt/conda/lib/python3.12/site-packages/airflow/example_dags/plugins/workday.py
[2025-02-06T08:34:02.360+0000] {logging_mixin.py:190} INFO - [2025-02-06T08:34:02.360+0000] {workday.py:41} WARNING - Could not import pandas. Holidays will not be considered.
[2025-02-06T08:34:02.361+0000] {processor.py:927} WARNING - No viable dags retrieved from /opt/conda/lib/python3.12/site-packages/airflow/example_dags/plugins/workday.py
[2025-02-06T08:34:02.378+0000] {processor.py:208} INFO - Processing /opt/conda/lib/python3.12/site-packages/airflow/example_dags/plugins/workday.py took 0.027 seconds
[2025-02-06T08:35:20.946+0000] {processor.py:186} INFO - Started process (PID=299) to work on /opt/conda/lib/python3.12/site-packages/airflow/example_dags/plugins/workday.py
[2025-02-06T08:35:20.947+0000] {processor.py:914} INFO - Processing file /opt/conda/lib/python3.12/site-packages/airflow/example_dags/plugins/workday.py for tasks to queue
[2025-02-06T08:35:20.949+0000] {logging_mixin.py:190} INFO - [2025-02-06T08:35:20.948+0000] {dagbag.py:588} INFO - Filling up the DagBag from /opt/conda/lib/python3.12/site-packages/airflow/example_dags/plugins/workday.py
[2025-02-06T08:35:20.954+0000] {logging_mixin.py:190} INFO - [2025-02-06T08:35:20.954+0000] {workday.py:41} WARNING - Could not import pandas. Holidays will not be considered.
[2025-02-06T08:35:20.954+0000] {processor.py:927} WARNING - No viable dags retrieved from /opt/conda/lib/python3.12/site-packages/airflow/example_dags/plugins/workday.py
[2025-02-06T08:35:20.976+0000] {processor.py:208} INFO - Processing /opt/conda/lib/python3.12/site-packages/airflow/example_dags/plugins/workday.py took 0.034 seconds
[2025-02-06T08:36:37.287+0000] {processor.py:186} INFO - Started process (PID=364) to work on /opt/conda/lib/python3.12/site-packages/airflow/example_dags/plugins/workday.py
[2025-02-06T08:36:37.288+0000] {processor.py:914} INFO - Processing file /opt/conda/lib/python3.12/site-packages/airflow/example_dags/plugins/workday.py for tasks to queue
[2025-02-06T08:36:37.289+0000] {logging_mixin.py:190} INFO - [2025-02-06T08:36:37.289+0000] {dagbag.py:588} INFO - Filling up the DagBag from /opt/conda/lib/python3.12/site-packages/airflow/example_dags/plugins/workday.py
[2025-02-06T08:36:37.295+0000] {logging_mixin.py:190} INFO - [2025-02-06T08:36:37.295+0000] {workday.py:41} WARNING - Could not import pandas. Holidays will not be considered.
[2025-02-06T08:36:37.296+0000] {processor.py:927} WARNING - No viable dags retrieved from /opt/conda/lib/python3.12/site-packages/airflow/example_dags/plugins/workday.py
[2025-02-06T08:36:37.315+0000] {processor.py:208} INFO - Processing /opt/conda/lib/python3.12/site-packages/airflow/example_dags/plugins/workday.py took 0.032 seconds
[2025-02-06T08:37:59.385+0000] {processor.py:186} INFO - Started process (PID=431) to work on /opt/conda/lib/python3.12/site-packages/airflow/example_dags/plugins/workday.py
[2025-02-06T08:37:59.386+0000] {processor.py:914} INFO - Processing file /opt/conda/lib/python3.12/site-packages/airflow/example_dags/plugins/workday.py for tasks to queue
[2025-02-06T08:37:59.388+0000] {logging_mixin.py:190} INFO - [2025-02-06T08:37:59.387+0000] {dagbag.py:588} INFO - Filling up the DagBag from /opt/conda/lib/python3.12/site-packages/airflow/example_dags/plugins/workday.py
[2025-02-06T08:37:59.393+0000] {logging_mixin.py:190} INFO - [2025-02-06T08:37:59.393+0000] {workday.py:41} WARNING - Could not import pandas. Holidays will not be considered.
[2025-02-06T08:37:59.394+0000] {processor.py:927} WARNING - No viable dags retrieved from /opt/conda/lib/python3.12/site-packages/airflow/example_dags/plugins/workday.py
[2025-02-06T08:37:59.412+0000] {processor.py:208} INFO - Processing /opt/conda/lib/python3.12/site-packages/airflow/example_dags/plugins/workday.py took 0.033 seconds
[2025-02-06T08:39:13.049+0000] {processor.py:186} INFO - Started process (PID=496) to work on /opt/conda/lib/python3.12/site-packages/airflow/example_dags/plugins/workday.py
[2025-02-06T08:39:13.050+0000] {processor.py:914} INFO - Processing file /opt/conda/lib/python3.12/site-packages/airflow/example_dags/plugins/workday.py for tasks to queue
[2025-02-06T08:39:13.051+0000] {logging_mixin.py:190} INFO - [2025-02-06T08:39:13.051+0000] {dagbag.py:588} INFO - Filling up the DagBag from /opt/conda/lib/python3.12/site-packages/airflow/example_dags/plugins/workday.py
[2025-02-06T08:39:13.056+0000] {logging_mixin.py:190} INFO - [2025-02-06T08:39:13.056+0000] {workday.py:41} WARNING - Could not import pandas. Holidays will not be considered.
[2025-02-06T08:39:13.056+0000] {processor.py:927} WARNING - No viable dags retrieved from /opt/conda/lib/python3.12/site-packages/airflow/example_dags/plugins/workday.py
[2025-02-06T08:39:13.074+0000] {processor.py:208} INFO - Processing /opt/conda/lib/python3.12/site-packages/airflow/example_dags/plugins/workday.py took 0.030 seconds
[2025-02-06T08:40:32.632+0000] {processor.py:186} INFO - Started process (PID=563) to work on /opt/conda/lib/python3.12/site-packages/airflow/example_dags/plugins/workday.py
[2025-02-06T08:40:32.633+0000] {processor.py:914} INFO - Processing file /opt/conda/lib/python3.12/site-packages/airflow/example_dags/plugins/workday.py for tasks to queue
[2025-02-06T08:40:32.635+0000] {logging_mixin.py:190} INFO - [2025-02-06T08:40:32.634+0000] {dagbag.py:588} INFO - Filling up the DagBag from /opt/conda/lib/python3.12/site-packages/airflow/example_dags/plugins/workday.py
[2025-02-06T08:40:32.641+0000] {logging_mixin.py:190} INFO - [2025-02-06T08:40:32.640+0000] {workday.py:41} WARNING - Could not import pandas. Holidays will not be considered.
[2025-02-06T08:40:32.642+0000] {processor.py:927} WARNING - No viable dags retrieved from /opt/conda/lib/python3.12/site-packages/airflow/example_dags/plugins/workday.py
[2025-02-06T08:40:32.665+0000] {processor.py:208} INFO - Processing /opt/conda/lib/python3.12/site-packages/airflow/example_dags/plugins/workday.py took 0.038 seconds
[2025-02-06T08:41:45.925+0000] {processor.py:186} INFO - Started process (PID=626) to work on /opt/conda/lib/python3.12/site-packages/airflow/example_dags/plugins/workday.py
[2025-02-06T08:41:45.926+0000] {processor.py:914} INFO - Processing file /opt/conda/lib/python3.12/site-packages/airflow/example_dags/plugins/workday.py for tasks to queue
[2025-02-06T08:41:45.927+0000] {logging_mixin.py:190} INFO - [2025-02-06T08:41:45.927+0000] {dagbag.py:588} INFO - Filling up the DagBag from /opt/conda/lib/python3.12/site-packages/airflow/example_dags/plugins/workday.py
[2025-02-06T08:41:45.934+0000] {logging_mixin.py:190} INFO - [2025-02-06T08:41:45.934+0000] {workday.py:41} WARNING - Could not import pandas. Holidays will not be considered.
[2025-02-06T08:41:45.936+0000] {processor.py:927} WARNING - No viable dags retrieved from /opt/conda/lib/python3.12/site-packages/airflow/example_dags/plugins/workday.py
[2025-02-06T08:41:45.968+0000] {processor.py:208} INFO - Processing /opt/conda/lib/python3.12/site-packages/airflow/example_dags/plugins/workday.py took 0.047 seconds
[2025-02-06T08:43:28.928+0000] {processor.py:186} INFO - Started process (PID=54) to work on /opt/conda/lib/python3.12/site-packages/airflow/example_dags/plugins/workday.py
[2025-02-06T08:43:28.929+0000] {processor.py:914} INFO - Processing file /opt/conda/lib/python3.12/site-packages/airflow/example_dags/plugins/workday.py for tasks to queue
[2025-02-06T08:43:28.931+0000] {logging_mixin.py:190} INFO - [2025-02-06T08:43:28.931+0000] {dagbag.py:588} INFO - Filling up the DagBag from /opt/conda/lib/python3.12/site-packages/airflow/example_dags/plugins/workday.py
[2025-02-06T08:43:28.935+0000] {logging_mixin.py:190} INFO - [2025-02-06T08:43:28.935+0000] {workday.py:41} WARNING - Could not import pandas. Holidays will not be considered.
[2025-02-06T08:43:28.936+0000] {processor.py:927} WARNING - No viable dags retrieved from /opt/conda/lib/python3.12/site-packages/airflow/example_dags/plugins/workday.py
[2025-02-06T08:43:28.954+0000] {processor.py:208} INFO - Processing /opt/conda/lib/python3.12/site-packages/airflow/example_dags/plugins/workday.py took 0.030 seconds
[2025-02-06T08:44:38.612+0000] {processor.py:186} INFO - Started process (PID=112) to work on /opt/conda/lib/python3.12/site-packages/airflow/example_dags/plugins/workday.py
[2025-02-06T08:44:38.613+0000] {processor.py:914} INFO - Processing file /opt/conda/lib/python3.12/site-packages/airflow/example_dags/plugins/workday.py for tasks to queue
[2025-02-06T08:44:38.614+0000] {logging_mixin.py:190} INFO - [2025-02-06T08:44:38.614+0000] {dagbag.py:588} INFO - Filling up the DagBag from /opt/conda/lib/python3.12/site-packages/airflow/example_dags/plugins/workday.py
[2025-02-06T08:44:38.618+0000] {logging_mixin.py:190} INFO - [2025-02-06T08:44:38.618+0000] {workday.py:41} WARNING - Could not import pandas. Holidays will not be considered.
[2025-02-06T08:44:38.618+0000] {processor.py:927} WARNING - No viable dags retrieved from /opt/conda/lib/python3.12/site-packages/airflow/example_dags/plugins/workday.py
[2025-02-06T08:44:38.637+0000] {processor.py:208} INFO - Processing /opt/conda/lib/python3.12/site-packages/airflow/example_dags/plugins/workday.py took 0.029 seconds
[2025-02-06T08:46:08.439+0000] {processor.py:186} INFO - Started process (PID=221) to work on /opt/conda/lib/python3.12/site-packages/airflow/example_dags/plugins/workday.py
[2025-02-06T08:46:08.440+0000] {processor.py:914} INFO - Processing file /opt/conda/lib/python3.12/site-packages/airflow/example_dags/plugins/workday.py for tasks to queue
[2025-02-06T08:46:08.442+0000] {logging_mixin.py:190} INFO - [2025-02-06T08:46:08.442+0000] {dagbag.py:588} INFO - Filling up the DagBag from /opt/conda/lib/python3.12/site-packages/airflow/example_dags/plugins/workday.py
[2025-02-06T08:46:08.445+0000] {logging_mixin.py:190} INFO - [2025-02-06T08:46:08.445+0000] {workday.py:41} WARNING - Could not import pandas. Holidays will not be considered.
[2025-02-06T08:46:08.446+0000] {processor.py:927} WARNING - No viable dags retrieved from /opt/conda/lib/python3.12/site-packages/airflow/example_dags/plugins/workday.py
[2025-02-06T08:46:08.472+0000] {processor.py:208} INFO - Processing /opt/conda/lib/python3.12/site-packages/airflow/example_dags/plugins/workday.py took 0.037 seconds
[2025-02-06T08:47:23.207+0000] {processor.py:186} INFO - Started process (PID=350) to work on /opt/conda/lib/python3.12/site-packages/airflow/example_dags/plugins/workday.py
[2025-02-06T08:47:23.209+0000] {processor.py:914} INFO - Processing file /opt/conda/lib/python3.12/site-packages/airflow/example_dags/plugins/workday.py for tasks to queue
[2025-02-06T08:47:23.211+0000] {logging_mixin.py:190} INFO - [2025-02-06T08:47:23.211+0000] {dagbag.py:588} INFO - Filling up the DagBag from /opt/conda/lib/python3.12/site-packages/airflow/example_dags/plugins/workday.py
[2025-02-06T08:47:23.215+0000] {logging_mixin.py:190} INFO - [2025-02-06T08:47:23.215+0000] {workday.py:41} WARNING - Could not import pandas. Holidays will not be considered.
[2025-02-06T08:47:23.216+0000] {processor.py:927} WARNING - No viable dags retrieved from /opt/conda/lib/python3.12/site-packages/airflow/example_dags/plugins/workday.py
[2025-02-06T08:47:23.239+0000] {processor.py:208} INFO - Processing /opt/conda/lib/python3.12/site-packages/airflow/example_dags/plugins/workday.py took 0.037 seconds
[2025-02-06T08:48:55.590+0000] {processor.py:186} INFO - Started process (PID=150) to work on /opt/conda/lib/python3.12/site-packages/airflow/example_dags/plugins/workday.py
[2025-02-06T08:48:55.592+0000] {processor.py:914} INFO - Processing file /opt/conda/lib/python3.12/site-packages/airflow/example_dags/plugins/workday.py for tasks to queue
[2025-02-06T08:48:55.593+0000] {logging_mixin.py:190} INFO - [2025-02-06T08:48:55.593+0000] {dagbag.py:588} INFO - Filling up the DagBag from /opt/conda/lib/python3.12/site-packages/airflow/example_dags/plugins/workday.py
[2025-02-06T08:48:55.596+0000] {logging_mixin.py:190} INFO - [2025-02-06T08:48:55.596+0000] {workday.py:41} WARNING - Could not import pandas. Holidays will not be considered.
[2025-02-06T08:48:55.597+0000] {processor.py:927} WARNING - No viable dags retrieved from /opt/conda/lib/python3.12/site-packages/airflow/example_dags/plugins/workday.py
[2025-02-06T08:48:55.614+0000] {processor.py:208} INFO - Processing /opt/conda/lib/python3.12/site-packages/airflow/example_dags/plugins/workday.py took 0.027 seconds
[2025-02-06T08:51:56.459+0000] {processor.py:186} INFO - Started process (PID=484) to work on /opt/conda/lib/python3.12/site-packages/airflow/example_dags/plugins/workday.py
[2025-02-06T08:51:56.460+0000] {processor.py:914} INFO - Processing file /opt/conda/lib/python3.12/site-packages/airflow/example_dags/plugins/workday.py for tasks to queue
[2025-02-06T08:51:56.462+0000] {logging_mixin.py:190} INFO - [2025-02-06T08:51:56.462+0000] {dagbag.py:588} INFO - Filling up the DagBag from /opt/conda/lib/python3.12/site-packages/airflow/example_dags/plugins/workday.py
[2025-02-06T08:51:56.465+0000] {logging_mixin.py:190} INFO - [2025-02-06T08:51:56.465+0000] {workday.py:41} WARNING - Could not import pandas. Holidays will not be considered.
[2025-02-06T08:51:56.466+0000] {processor.py:927} WARNING - No viable dags retrieved from /opt/conda/lib/python3.12/site-packages/airflow/example_dags/plugins/workday.py
[2025-02-06T08:51:56.485+0000] {processor.py:208} INFO - Processing /opt/conda/lib/python3.12/site-packages/airflow/example_dags/plugins/workday.py took 0.031 seconds
[2025-02-06T08:54:31.203+0000] {processor.py:186} INFO - Started process (PID=774) to work on /opt/conda/lib/python3.12/site-packages/airflow/example_dags/plugins/workday.py
[2025-02-06T08:54:31.204+0000] {processor.py:914} INFO - Processing file /opt/conda/lib/python3.12/site-packages/airflow/example_dags/plugins/workday.py for tasks to queue
[2025-02-06T08:54:31.206+0000] {logging_mixin.py:190} INFO - [2025-02-06T08:54:31.205+0000] {dagbag.py:588} INFO - Filling up the DagBag from /opt/conda/lib/python3.12/site-packages/airflow/example_dags/plugins/workday.py
[2025-02-06T08:54:31.208+0000] {logging_mixin.py:190} INFO - [2025-02-06T08:54:31.208+0000] {workday.py:41} WARNING - Could not import pandas. Holidays will not be considered.
[2025-02-06T08:54:31.209+0000] {processor.py:927} WARNING - No viable dags retrieved from /opt/conda/lib/python3.12/site-packages/airflow/example_dags/plugins/workday.py
[2025-02-06T08:54:31.231+0000] {processor.py:208} INFO - Processing /opt/conda/lib/python3.12/site-packages/airflow/example_dags/plugins/workday.py took 0.032 seconds
[2025-02-06T08:57:00.029+0000] {processor.py:186} INFO - Started process (PID=1035) to work on /opt/conda/lib/python3.12/site-packages/airflow/example_dags/plugins/workday.py
[2025-02-06T08:57:00.031+0000] {processor.py:914} INFO - Processing file /opt/conda/lib/python3.12/site-packages/airflow/example_dags/plugins/workday.py for tasks to queue
[2025-02-06T08:57:00.032+0000] {logging_mixin.py:190} INFO - [2025-02-06T08:57:00.032+0000] {dagbag.py:588} INFO - Filling up the DagBag from /opt/conda/lib/python3.12/site-packages/airflow/example_dags/plugins/workday.py
[2025-02-06T08:57:00.036+0000] {logging_mixin.py:190} INFO - [2025-02-06T08:57:00.035+0000] {workday.py:41} WARNING - Could not import pandas. Holidays will not be considered.
[2025-02-06T08:57:00.036+0000] {processor.py:927} WARNING - No viable dags retrieved from /opt/conda/lib/python3.12/site-packages/airflow/example_dags/plugins/workday.py
[2025-02-06T08:57:00.055+0000] {processor.py:208} INFO - Processing /opt/conda/lib/python3.12/site-packages/airflow/example_dags/plugins/workday.py took 0.029 seconds
[2025-02-06T09:01:47.845+0000] {processor.py:186} INFO - Started process (PID=173) to work on /opt/conda/lib/python3.12/site-packages/airflow/example_dags/plugins/workday.py
[2025-02-06T09:01:47.846+0000] {processor.py:914} INFO - Processing file /opt/conda/lib/python3.12/site-packages/airflow/example_dags/plugins/workday.py for tasks to queue
[2025-02-06T09:01:47.848+0000] {logging_mixin.py:190} INFO - [2025-02-06T09:01:47.847+0000] {dagbag.py:588} INFO - Filling up the DagBag from /opt/conda/lib/python3.12/site-packages/airflow/example_dags/plugins/workday.py
[2025-02-06T09:01:47.851+0000] {logging_mixin.py:190} INFO - [2025-02-06T09:01:47.851+0000] {workday.py:41} WARNING - Could not import pandas. Holidays will not be considered.
[2025-02-06T09:01:47.852+0000] {processor.py:927} WARNING - No viable dags retrieved from /opt/conda/lib/python3.12/site-packages/airflow/example_dags/plugins/workday.py
[2025-02-06T09:01:47.873+0000] {processor.py:208} INFO - Processing /opt/conda/lib/python3.12/site-packages/airflow/example_dags/plugins/workday.py took 0.032 seconds
[2025-02-06T09:03:14.619+0000] {processor.py:186} INFO - Started process (PID=54) to work on /opt/conda/lib/python3.12/site-packages/airflow/example_dags/plugins/workday.py
[2025-02-06T09:03:14.620+0000] {processor.py:914} INFO - Processing file /opt/conda/lib/python3.12/site-packages/airflow/example_dags/plugins/workday.py for tasks to queue
[2025-02-06T09:03:14.622+0000] {logging_mixin.py:190} INFO - [2025-02-06T09:03:14.622+0000] {dagbag.py:588} INFO - Filling up the DagBag from /opt/conda/lib/python3.12/site-packages/airflow/example_dags/plugins/workday.py
[2025-02-06T09:03:14.625+0000] {logging_mixin.py:190} INFO - [2025-02-06T09:03:14.625+0000] {workday.py:41} WARNING - Could not import pandas. Holidays will not be considered.
[2025-02-06T09:03:14.626+0000] {processor.py:927} WARNING - No viable dags retrieved from /opt/conda/lib/python3.12/site-packages/airflow/example_dags/plugins/workday.py
[2025-02-06T09:03:14.657+0000] {processor.py:208} INFO - Processing /opt/conda/lib/python3.12/site-packages/airflow/example_dags/plugins/workday.py took 0.042 seconds
[2025-02-06T09:03:49.535+0000] {processor.py:186} INFO - Started process (PID=50) to work on /opt/conda/lib/python3.12/site-packages/airflow/example_dags/plugins/workday.py
[2025-02-06T09:03:49.536+0000] {processor.py:914} INFO - Processing file /opt/conda/lib/python3.12/site-packages/airflow/example_dags/plugins/workday.py for tasks to queue
[2025-02-06T09:03:49.538+0000] {logging_mixin.py:190} INFO - [2025-02-06T09:03:49.538+0000] {dagbag.py:588} INFO - Filling up the DagBag from /opt/conda/lib/python3.12/site-packages/airflow/example_dags/plugins/workday.py
[2025-02-06T09:03:49.542+0000] {logging_mixin.py:190} INFO - [2025-02-06T09:03:49.541+0000] {workday.py:41} WARNING - Could not import pandas. Holidays will not be considered.
[2025-02-06T09:03:49.542+0000] {processor.py:927} WARNING - No viable dags retrieved from /opt/conda/lib/python3.12/site-packages/airflow/example_dags/plugins/workday.py
[2025-02-06T09:03:49.560+0000] {processor.py:208} INFO - Processing /opt/conda/lib/python3.12/site-packages/airflow/example_dags/plugins/workday.py took 0.029 seconds
[2025-02-06T09:04:35.457+0000] {processor.py:186} INFO - Started process (PID=58) to work on /opt/conda/lib/python3.12/site-packages/airflow/example_dags/plugins/workday.py
[2025-02-06T09:04:35.459+0000] {processor.py:914} INFO - Processing file /opt/conda/lib/python3.12/site-packages/airflow/example_dags/plugins/workday.py for tasks to queue
[2025-02-06T09:04:35.460+0000] {logging_mixin.py:190} INFO - [2025-02-06T09:04:35.460+0000] {dagbag.py:588} INFO - Filling up the DagBag from /opt/conda/lib/python3.12/site-packages/airflow/example_dags/plugins/workday.py
[2025-02-06T09:04:35.464+0000] {logging_mixin.py:190} INFO - [2025-02-06T09:04:35.463+0000] {workday.py:41} WARNING - Could not import pandas. Holidays will not be considered.
[2025-02-06T09:04:35.464+0000] {processor.py:927} WARNING - No viable dags retrieved from /opt/conda/lib/python3.12/site-packages/airflow/example_dags/plugins/workday.py
[2025-02-06T09:04:35.492+0000] {processor.py:208} INFO - Processing /opt/conda/lib/python3.12/site-packages/airflow/example_dags/plugins/workday.py took 0.040 seconds
[2025-02-06T09:07:45.205+0000] {processor.py:186} INFO - Started process (PID=408) to work on /opt/conda/lib/python3.12/site-packages/airflow/example_dags/plugins/workday.py
[2025-02-06T09:07:45.206+0000] {processor.py:914} INFO - Processing file /opt/conda/lib/python3.12/site-packages/airflow/example_dags/plugins/workday.py for tasks to queue
[2025-02-06T09:07:45.208+0000] {logging_mixin.py:190} INFO - [2025-02-06T09:07:45.207+0000] {dagbag.py:588} INFO - Filling up the DagBag from /opt/conda/lib/python3.12/site-packages/airflow/example_dags/plugins/workday.py
[2025-02-06T09:07:45.212+0000] {logging_mixin.py:190} INFO - [2025-02-06T09:07:45.211+0000] {workday.py:41} WARNING - Could not import pandas. Holidays will not be considered.
[2025-02-06T09:07:45.212+0000] {processor.py:927} WARNING - No viable dags retrieved from /opt/conda/lib/python3.12/site-packages/airflow/example_dags/plugins/workday.py
[2025-02-06T09:07:45.231+0000] {processor.py:208} INFO - Processing /opt/conda/lib/python3.12/site-packages/airflow/example_dags/plugins/workday.py took 0.030 seconds
[2025-02-06T09:10:08.549+0000] {processor.py:186} INFO - Started process (PID=677) to work on /opt/conda/lib/python3.12/site-packages/airflow/example_dags/plugins/workday.py
[2025-02-06T09:10:08.550+0000] {processor.py:914} INFO - Processing file /opt/conda/lib/python3.12/site-packages/airflow/example_dags/plugins/workday.py for tasks to queue
[2025-02-06T09:10:08.551+0000] {logging_mixin.py:190} INFO - [2025-02-06T09:10:08.551+0000] {dagbag.py:588} INFO - Filling up the DagBag from /opt/conda/lib/python3.12/site-packages/airflow/example_dags/plugins/workday.py
[2025-02-06T09:10:08.554+0000] {logging_mixin.py:190} INFO - [2025-02-06T09:10:08.554+0000] {workday.py:41} WARNING - Could not import pandas. Holidays will not be considered.
[2025-02-06T09:10:08.555+0000] {processor.py:927} WARNING - No viable dags retrieved from /opt/conda/lib/python3.12/site-packages/airflow/example_dags/plugins/workday.py
[2025-02-06T09:10:08.575+0000] {processor.py:208} INFO - Processing /opt/conda/lib/python3.12/site-packages/airflow/example_dags/plugins/workday.py took 0.030 seconds
[2025-02-06T09:12:26.787+0000] {processor.py:186} INFO - Started process (PID=936) to work on /opt/conda/lib/python3.12/site-packages/airflow/example_dags/plugins/workday.py
[2025-02-06T09:12:26.788+0000] {processor.py:914} INFO - Processing file /opt/conda/lib/python3.12/site-packages/airflow/example_dags/plugins/workday.py for tasks to queue
[2025-02-06T09:12:26.791+0000] {logging_mixin.py:190} INFO - [2025-02-06T09:12:26.790+0000] {dagbag.py:588} INFO - Filling up the DagBag from /opt/conda/lib/python3.12/site-packages/airflow/example_dags/plugins/workday.py
[2025-02-06T09:12:26.795+0000] {logging_mixin.py:190} INFO - [2025-02-06T09:12:26.795+0000] {workday.py:41} WARNING - Could not import pandas. Holidays will not be considered.
[2025-02-06T09:12:26.796+0000] {processor.py:927} WARNING - No viable dags retrieved from /opt/conda/lib/python3.12/site-packages/airflow/example_dags/plugins/workday.py
[2025-02-06T09:12:26.815+0000] {processor.py:208} INFO - Processing /opt/conda/lib/python3.12/site-packages/airflow/example_dags/plugins/workday.py took 0.033 seconds
[2025-02-06T09:14:56.517+0000] {processor.py:186} INFO - Started process (PID=1209) to work on /opt/conda/lib/python3.12/site-packages/airflow/example_dags/plugins/workday.py
[2025-02-06T09:14:56.518+0000] {processor.py:914} INFO - Processing file /opt/conda/lib/python3.12/site-packages/airflow/example_dags/plugins/workday.py for tasks to queue
[2025-02-06T09:14:56.520+0000] {logging_mixin.py:190} INFO - [2025-02-06T09:14:56.519+0000] {dagbag.py:588} INFO - Filling up the DagBag from /opt/conda/lib/python3.12/site-packages/airflow/example_dags/plugins/workday.py
[2025-02-06T09:14:56.524+0000] {logging_mixin.py:190} INFO - [2025-02-06T09:14:56.524+0000] {workday.py:41} WARNING - Could not import pandas. Holidays will not be considered.
[2025-02-06T09:14:56.525+0000] {processor.py:927} WARNING - No viable dags retrieved from /opt/conda/lib/python3.12/site-packages/airflow/example_dags/plugins/workday.py
[2025-02-06T09:14:56.548+0000] {processor.py:208} INFO - Processing /opt/conda/lib/python3.12/site-packages/airflow/example_dags/plugins/workday.py took 0.035 seconds
[2025-02-06T09:17:08.395+0000] {processor.py:186} INFO - Started process (PID=1460) to work on /opt/conda/lib/python3.12/site-packages/airflow/example_dags/plugins/workday.py
[2025-02-06T09:17:08.396+0000] {processor.py:914} INFO - Processing file /opt/conda/lib/python3.12/site-packages/airflow/example_dags/plugins/workday.py for tasks to queue
[2025-02-06T09:17:08.398+0000] {logging_mixin.py:190} INFO - [2025-02-06T09:17:08.397+0000] {dagbag.py:588} INFO - Filling up the DagBag from /opt/conda/lib/python3.12/site-packages/airflow/example_dags/plugins/workday.py
[2025-02-06T09:17:08.401+0000] {logging_mixin.py:190} INFO - [2025-02-06T09:17:08.401+0000] {workday.py:41} WARNING - Could not import pandas. Holidays will not be considered.
[2025-02-06T09:17:08.401+0000] {processor.py:927} WARNING - No viable dags retrieved from /opt/conda/lib/python3.12/site-packages/airflow/example_dags/plugins/workday.py
[2025-02-06T09:17:08.420+0000] {processor.py:208} INFO - Processing /opt/conda/lib/python3.12/site-packages/airflow/example_dags/plugins/workday.py took 0.029 seconds
[2025-02-06T09:19:30.642+0000] {processor.py:186} INFO - Started process (PID=1709) to work on /opt/conda/lib/python3.12/site-packages/airflow/example_dags/plugins/workday.py
[2025-02-06T09:19:30.643+0000] {processor.py:914} INFO - Processing file /opt/conda/lib/python3.12/site-packages/airflow/example_dags/plugins/workday.py for tasks to queue
[2025-02-06T09:19:30.648+0000] {logging_mixin.py:190} INFO - [2025-02-06T09:19:30.647+0000] {dagbag.py:588} INFO - Filling up the DagBag from /opt/conda/lib/python3.12/site-packages/airflow/example_dags/plugins/workday.py
[2025-02-06T09:19:30.651+0000] {logging_mixin.py:190} INFO - [2025-02-06T09:19:30.651+0000] {workday.py:41} WARNING - Could not import pandas. Holidays will not be considered.
[2025-02-06T09:19:30.652+0000] {processor.py:927} WARNING - No viable dags retrieved from /opt/conda/lib/python3.12/site-packages/airflow/example_dags/plugins/workday.py
[2025-02-06T09:19:30.784+0000] {processor.py:208} INFO - Processing /opt/conda/lib/python3.12/site-packages/airflow/example_dags/plugins/workday.py took 0.147 seconds
[2025-02-06T09:22:14.762+0000] {processor.py:186} INFO - Started process (PID=1980) to work on /opt/conda/lib/python3.12/site-packages/airflow/example_dags/plugins/workday.py
[2025-02-06T09:22:14.763+0000] {processor.py:914} INFO - Processing file /opt/conda/lib/python3.12/site-packages/airflow/example_dags/plugins/workday.py for tasks to queue
[2025-02-06T09:22:14.765+0000] {logging_mixin.py:190} INFO - [2025-02-06T09:22:14.764+0000] {dagbag.py:588} INFO - Filling up the DagBag from /opt/conda/lib/python3.12/site-packages/airflow/example_dags/plugins/workday.py
[2025-02-06T09:22:14.768+0000] {logging_mixin.py:190} INFO - [2025-02-06T09:22:14.768+0000] {workday.py:41} WARNING - Could not import pandas. Holidays will not be considered.
[2025-02-06T09:22:14.768+0000] {processor.py:927} WARNING - No viable dags retrieved from /opt/conda/lib/python3.12/site-packages/airflow/example_dags/plugins/workday.py
[2025-02-06T09:22:14.789+0000] {processor.py:208} INFO - Processing /opt/conda/lib/python3.12/site-packages/airflow/example_dags/plugins/workday.py took 0.032 seconds
[2025-02-06T09:25:19.528+0000] {processor.py:186} INFO - Started process (PID=140) to work on /opt/conda/lib/python3.12/site-packages/airflow/example_dags/plugins/workday.py
[2025-02-06T09:25:19.530+0000] {processor.py:914} INFO - Processing file /opt/conda/lib/python3.12/site-packages/airflow/example_dags/plugins/workday.py for tasks to queue
[2025-02-06T09:25:19.532+0000] {logging_mixin.py:190} INFO - [2025-02-06T09:25:19.532+0000] {dagbag.py:588} INFO - Filling up the DagBag from /opt/conda/lib/python3.12/site-packages/airflow/example_dags/plugins/workday.py
[2025-02-06T09:25:19.536+0000] {logging_mixin.py:190} INFO - [2025-02-06T09:25:19.536+0000] {workday.py:41} WARNING - Could not import pandas. Holidays will not be considered.
[2025-02-06T09:25:19.537+0000] {processor.py:927} WARNING - No viable dags retrieved from /opt/conda/lib/python3.12/site-packages/airflow/example_dags/plugins/workday.py
[2025-02-06T09:25:19.558+0000] {processor.py:208} INFO - Processing /opt/conda/lib/python3.12/site-packages/airflow/example_dags/plugins/workday.py took 0.035 seconds
[2025-02-06T09:31:14.566+0000] {processor.py:186} INFO - Started process (PID=250) to work on /opt/conda/lib/python3.12/site-packages/airflow/example_dags/plugins/workday.py
[2025-02-06T09:31:14.567+0000] {processor.py:914} INFO - Processing file /opt/conda/lib/python3.12/site-packages/airflow/example_dags/plugins/workday.py for tasks to queue
[2025-02-06T09:31:14.569+0000] {logging_mixin.py:190} INFO - [2025-02-06T09:31:14.569+0000] {dagbag.py:588} INFO - Filling up the DagBag from /opt/conda/lib/python3.12/site-packages/airflow/example_dags/plugins/workday.py
[2025-02-06T09:31:14.572+0000] {logging_mixin.py:190} INFO - [2025-02-06T09:31:14.572+0000] {workday.py:41} WARNING - Could not import pandas. Holidays will not be considered.
[2025-02-06T09:31:14.572+0000] {processor.py:927} WARNING - No viable dags retrieved from /opt/conda/lib/python3.12/site-packages/airflow/example_dags/plugins/workday.py
[2025-02-06T09:31:14.590+0000] {processor.py:208} INFO - Processing /opt/conda/lib/python3.12/site-packages/airflow/example_dags/plugins/workday.py took 0.027 seconds
[2025-02-06T09:36:32.152+0000] {processor.py:186} INFO - Started process (PID=833) to work on /opt/conda/lib/python3.12/site-packages/airflow/example_dags/plugins/workday.py
[2025-02-06T09:36:32.154+0000] {processor.py:914} INFO - Processing file /opt/conda/lib/python3.12/site-packages/airflow/example_dags/plugins/workday.py for tasks to queue
[2025-02-06T09:36:32.157+0000] {logging_mixin.py:190} INFO - [2025-02-06T09:36:32.156+0000] {dagbag.py:588} INFO - Filling up the DagBag from /opt/conda/lib/python3.12/site-packages/airflow/example_dags/plugins/workday.py
[2025-02-06T09:36:32.160+0000] {logging_mixin.py:190} INFO - [2025-02-06T09:36:32.160+0000] {workday.py:41} WARNING - Could not import pandas. Holidays will not be considered.
[2025-02-06T09:36:32.161+0000] {processor.py:927} WARNING - No viable dags retrieved from /opt/conda/lib/python3.12/site-packages/airflow/example_dags/plugins/workday.py
[2025-02-06T09:36:32.180+0000] {processor.py:208} INFO - Processing /opt/conda/lib/python3.12/site-packages/airflow/example_dags/plugins/workday.py took 0.034 seconds
[2025-02-06T09:41:39.811+0000] {processor.py:186} INFO - Started process (PID=1375) to work on /opt/conda/lib/python3.12/site-packages/airflow/example_dags/plugins/workday.py
[2025-02-06T09:41:39.812+0000] {processor.py:914} INFO - Processing file /opt/conda/lib/python3.12/site-packages/airflow/example_dags/plugins/workday.py for tasks to queue
[2025-02-06T09:41:39.814+0000] {logging_mixin.py:190} INFO - [2025-02-06T09:41:39.813+0000] {dagbag.py:588} INFO - Filling up the DagBag from /opt/conda/lib/python3.12/site-packages/airflow/example_dags/plugins/workday.py
[2025-02-06T09:41:39.817+0000] {logging_mixin.py:190} INFO - [2025-02-06T09:41:39.816+0000] {workday.py:41} WARNING - Could not import pandas. Holidays will not be considered.
[2025-02-06T09:41:39.817+0000] {processor.py:927} WARNING - No viable dags retrieved from /opt/conda/lib/python3.12/site-packages/airflow/example_dags/plugins/workday.py
[2025-02-06T09:41:39.836+0000] {processor.py:208} INFO - Processing /opt/conda/lib/python3.12/site-packages/airflow/example_dags/plugins/workday.py took 0.030 seconds
[2025-02-06T09:48:37.074+0000] {processor.py:186} INFO - Started process (PID=233) to work on /opt/conda/lib/python3.12/site-packages/airflow/example_dags/plugins/workday.py
[2025-02-06T09:48:37.075+0000] {processor.py:914} INFO - Processing file /opt/conda/lib/python3.12/site-packages/airflow/example_dags/plugins/workday.py for tasks to queue
[2025-02-06T09:48:37.077+0000] {logging_mixin.py:190} INFO - [2025-02-06T09:48:37.076+0000] {dagbag.py:588} INFO - Filling up the DagBag from /opt/conda/lib/python3.12/site-packages/airflow/example_dags/plugins/workday.py
[2025-02-06T09:48:37.079+0000] {logging_mixin.py:190} INFO - [2025-02-06T09:48:37.079+0000] {workday.py:41} WARNING - Could not import pandas. Holidays will not be considered.
[2025-02-06T09:48:37.080+0000] {processor.py:927} WARNING - No viable dags retrieved from /opt/conda/lib/python3.12/site-packages/airflow/example_dags/plugins/workday.py
[2025-02-06T09:48:37.098+0000] {processor.py:208} INFO - Processing /opt/conda/lib/python3.12/site-packages/airflow/example_dags/plugins/workday.py took 0.028 seconds
[2025-02-06T09:54:03.644+0000] {processor.py:186} INFO - Started process (PID=804) to work on /opt/conda/lib/python3.12/site-packages/airflow/example_dags/plugins/workday.py
[2025-02-06T09:54:03.645+0000] {processor.py:914} INFO - Processing file /opt/conda/lib/python3.12/site-packages/airflow/example_dags/plugins/workday.py for tasks to queue
[2025-02-06T09:54:03.648+0000] {logging_mixin.py:190} INFO - [2025-02-06T09:54:03.647+0000] {dagbag.py:588} INFO - Filling up the DagBag from /opt/conda/lib/python3.12/site-packages/airflow/example_dags/plugins/workday.py
[2025-02-06T09:54:03.651+0000] {logging_mixin.py:190} INFO - [2025-02-06T09:54:03.651+0000] {workday.py:41} WARNING - Could not import pandas. Holidays will not be considered.
[2025-02-06T09:54:03.651+0000] {processor.py:927} WARNING - No viable dags retrieved from /opt/conda/lib/python3.12/site-packages/airflow/example_dags/plugins/workday.py
[2025-02-06T09:54:03.672+0000] {processor.py:208} INFO - Processing /opt/conda/lib/python3.12/site-packages/airflow/example_dags/plugins/workday.py took 0.032 seconds
[2025-02-06T09:58:16.859+0000] {processor.py:186} INFO - Started process (PID=1289) to work on /opt/conda/lib/python3.12/site-packages/airflow/example_dags/plugins/workday.py
[2025-02-06T09:58:16.860+0000] {processor.py:914} INFO - Processing file /opt/conda/lib/python3.12/site-packages/airflow/example_dags/plugins/workday.py for tasks to queue
[2025-02-06T09:58:16.862+0000] {logging_mixin.py:190} INFO - [2025-02-06T09:58:16.862+0000] {dagbag.py:588} INFO - Filling up the DagBag from /opt/conda/lib/python3.12/site-packages/airflow/example_dags/plugins/workday.py
[2025-02-06T09:58:16.865+0000] {logging_mixin.py:190} INFO - [2025-02-06T09:58:16.865+0000] {workday.py:41} WARNING - Could not import pandas. Holidays will not be considered.
[2025-02-06T09:58:16.865+0000] {processor.py:927} WARNING - No viable dags retrieved from /opt/conda/lib/python3.12/site-packages/airflow/example_dags/plugins/workday.py
[2025-02-06T09:58:16.883+0000] {processor.py:208} INFO - Processing /opt/conda/lib/python3.12/site-packages/airflow/example_dags/plugins/workday.py took 0.027 seconds
[2025-02-06T10:03:10.436+0000] {processor.py:186} INFO - Started process (PID=1812) to work on /opt/conda/lib/python3.12/site-packages/airflow/example_dags/plugins/workday.py
[2025-02-06T10:03:10.437+0000] {processor.py:914} INFO - Processing file /opt/conda/lib/python3.12/site-packages/airflow/example_dags/plugins/workday.py for tasks to queue
[2025-02-06T10:03:10.439+0000] {logging_mixin.py:190} INFO - [2025-02-06T10:03:10.439+0000] {dagbag.py:588} INFO - Filling up the DagBag from /opt/conda/lib/python3.12/site-packages/airflow/example_dags/plugins/workday.py
[2025-02-06T10:03:10.442+0000] {logging_mixin.py:190} INFO - [2025-02-06T10:03:10.442+0000] {workday.py:41} WARNING - Could not import pandas. Holidays will not be considered.
[2025-02-06T10:03:10.443+0000] {processor.py:927} WARNING - No viable dags retrieved from /opt/conda/lib/python3.12/site-packages/airflow/example_dags/plugins/workday.py
[2025-02-06T10:03:10.462+0000] {processor.py:208} INFO - Processing /opt/conda/lib/python3.12/site-packages/airflow/example_dags/plugins/workday.py took 0.031 seconds
[2025-02-06T10:05:59.761+0000] {processor.py:186} INFO - Started process (PID=2062) to work on /opt/conda/lib/python3.12/site-packages/airflow/example_dags/plugins/workday.py
[2025-02-06T10:05:59.762+0000] {processor.py:914} INFO - Processing file /opt/conda/lib/python3.12/site-packages/airflow/example_dags/plugins/workday.py for tasks to queue
[2025-02-06T10:05:59.765+0000] {logging_mixin.py:190} INFO - [2025-02-06T10:05:59.764+0000] {dagbag.py:588} INFO - Filling up the DagBag from /opt/conda/lib/python3.12/site-packages/airflow/example_dags/plugins/workday.py
[2025-02-06T10:05:59.769+0000] {logging_mixin.py:190} INFO - [2025-02-06T10:05:59.769+0000] {workday.py:41} WARNING - Could not import pandas. Holidays will not be considered.
[2025-02-06T10:05:59.770+0000] {processor.py:927} WARNING - No viable dags retrieved from /opt/conda/lib/python3.12/site-packages/airflow/example_dags/plugins/workday.py
[2025-02-06T10:05:59.791+0000] {processor.py:208} INFO - Processing /opt/conda/lib/python3.12/site-packages/airflow/example_dags/plugins/workday.py took 0.035 seconds
[2025-02-06T10:08:52.588+0000] {processor.py:186} INFO - Started process (PID=2330) to work on /opt/conda/lib/python3.12/site-packages/airflow/example_dags/plugins/workday.py
[2025-02-06T10:08:52.589+0000] {processor.py:914} INFO - Processing file /opt/conda/lib/python3.12/site-packages/airflow/example_dags/plugins/workday.py for tasks to queue
[2025-02-06T10:08:52.591+0000] {logging_mixin.py:190} INFO - [2025-02-06T10:08:52.590+0000] {dagbag.py:588} INFO - Filling up the DagBag from /opt/conda/lib/python3.12/site-packages/airflow/example_dags/plugins/workday.py
[2025-02-06T10:08:52.595+0000] {logging_mixin.py:190} INFO - [2025-02-06T10:08:52.595+0000] {workday.py:41} WARNING - Could not import pandas. Holidays will not be considered.
[2025-02-06T10:08:52.596+0000] {processor.py:927} WARNING - No viable dags retrieved from /opt/conda/lib/python3.12/site-packages/airflow/example_dags/plugins/workday.py
[2025-02-06T10:08:52.614+0000] {processor.py:208} INFO - Processing /opt/conda/lib/python3.12/site-packages/airflow/example_dags/plugins/workday.py took 0.032 seconds
[2025-02-06T10:13:07.418+0000] {processor.py:186} INFO - Started process (PID=2767) to work on /opt/conda/lib/python3.12/site-packages/airflow/example_dags/plugins/workday.py
[2025-02-06T10:13:07.419+0000] {processor.py:914} INFO - Processing file /opt/conda/lib/python3.12/site-packages/airflow/example_dags/plugins/workday.py for tasks to queue
[2025-02-06T10:13:07.420+0000] {logging_mixin.py:190} INFO - [2025-02-06T10:13:07.420+0000] {dagbag.py:588} INFO - Filling up the DagBag from /opt/conda/lib/python3.12/site-packages/airflow/example_dags/plugins/workday.py
[2025-02-06T10:13:07.425+0000] {logging_mixin.py:190} INFO - [2025-02-06T10:13:07.425+0000] {workday.py:41} WARNING - Could not import pandas. Holidays will not be considered.
[2025-02-06T10:13:07.426+0000] {processor.py:927} WARNING - No viable dags retrieved from /opt/conda/lib/python3.12/site-packages/airflow/example_dags/plugins/workday.py
[2025-02-06T10:13:07.449+0000] {processor.py:208} INFO - Processing /opt/conda/lib/python3.12/site-packages/airflow/example_dags/plugins/workday.py took 0.036 seconds
[2025-02-06T10:19:13.818+0000] {processor.py:186} INFO - Started process (PID=3403) to work on /opt/conda/lib/python3.12/site-packages/airflow/example_dags/plugins/workday.py
[2025-02-06T10:19:13.819+0000] {processor.py:914} INFO - Processing file /opt/conda/lib/python3.12/site-packages/airflow/example_dags/plugins/workday.py for tasks to queue
[2025-02-06T10:19:13.820+0000] {logging_mixin.py:190} INFO - [2025-02-06T10:19:13.820+0000] {dagbag.py:588} INFO - Filling up the DagBag from /opt/conda/lib/python3.12/site-packages/airflow/example_dags/plugins/workday.py
[2025-02-06T10:19:13.824+0000] {logging_mixin.py:190} INFO - [2025-02-06T10:19:13.824+0000] {workday.py:41} WARNING - Could not import pandas. Holidays will not be considered.
[2025-02-06T10:19:13.825+0000] {processor.py:927} WARNING - No viable dags retrieved from /opt/conda/lib/python3.12/site-packages/airflow/example_dags/plugins/workday.py
[2025-02-06T10:19:13.845+0000] {processor.py:208} INFO - Processing /opt/conda/lib/python3.12/site-packages/airflow/example_dags/plugins/workday.py took 0.031 seconds
[2025-02-06T10:23:59.895+0000] {processor.py:186} INFO - Started process (PID=3882) to work on /opt/conda/lib/python3.12/site-packages/airflow/example_dags/plugins/workday.py
[2025-02-06T10:23:59.897+0000] {processor.py:914} INFO - Processing file /opt/conda/lib/python3.12/site-packages/airflow/example_dags/plugins/workday.py for tasks to queue
[2025-02-06T10:23:59.899+0000] {logging_mixin.py:190} INFO - [2025-02-06T10:23:59.899+0000] {dagbag.py:588} INFO - Filling up the DagBag from /opt/conda/lib/python3.12/site-packages/airflow/example_dags/plugins/workday.py
[2025-02-06T10:23:59.904+0000] {logging_mixin.py:190} INFO - [2025-02-06T10:23:59.904+0000] {workday.py:41} WARNING - Could not import pandas. Holidays will not be considered.
[2025-02-06T10:23:59.905+0000] {processor.py:927} WARNING - No viable dags retrieved from /opt/conda/lib/python3.12/site-packages/airflow/example_dags/plugins/workday.py
[2025-02-06T10:23:59.959+0000] {processor.py:208} INFO - Processing /opt/conda/lib/python3.12/site-packages/airflow/example_dags/plugins/workday.py took 0.070 seconds
[2025-02-06T10:25:29.084+0000] {processor.py:186} INFO - Started process (PID=4003) to work on /opt/conda/lib/python3.12/site-packages/airflow/example_dags/plugins/workday.py
[2025-02-06T10:25:29.085+0000] {processor.py:914} INFO - Processing file /opt/conda/lib/python3.12/site-packages/airflow/example_dags/plugins/workday.py for tasks to queue
[2025-02-06T10:25:29.088+0000] {logging_mixin.py:190} INFO - [2025-02-06T10:25:29.087+0000] {dagbag.py:588} INFO - Filling up the DagBag from /opt/conda/lib/python3.12/site-packages/airflow/example_dags/plugins/workday.py
[2025-02-06T10:25:29.093+0000] {logging_mixin.py:190} INFO - [2025-02-06T10:25:29.092+0000] {workday.py:41} WARNING - Could not import pandas. Holidays will not be considered.
[2025-02-06T10:25:29.094+0000] {processor.py:927} WARNING - No viable dags retrieved from /opt/conda/lib/python3.12/site-packages/airflow/example_dags/plugins/workday.py
[2025-02-06T10:25:29.119+0000] {processor.py:208} INFO - Processing /opt/conda/lib/python3.12/site-packages/airflow/example_dags/plugins/workday.py took 0.040 seconds
[2025-02-06T10:26:49.547+0000] {processor.py:186} INFO - Started process (PID=4149) to work on /opt/conda/lib/python3.12/site-packages/airflow/example_dags/plugins/workday.py
[2025-02-06T10:26:49.548+0000] {processor.py:914} INFO - Processing file /opt/conda/lib/python3.12/site-packages/airflow/example_dags/plugins/workday.py for tasks to queue
[2025-02-06T10:26:49.549+0000] {logging_mixin.py:190} INFO - [2025-02-06T10:26:49.549+0000] {dagbag.py:588} INFO - Filling up the DagBag from /opt/conda/lib/python3.12/site-packages/airflow/example_dags/plugins/workday.py
[2025-02-06T10:26:49.552+0000] {logging_mixin.py:190} INFO - [2025-02-06T10:26:49.552+0000] {workday.py:41} WARNING - Could not import pandas. Holidays will not be considered.
[2025-02-06T10:26:49.553+0000] {processor.py:927} WARNING - No viable dags retrieved from /opt/conda/lib/python3.12/site-packages/airflow/example_dags/plugins/workday.py
[2025-02-06T10:26:49.578+0000] {processor.py:208} INFO - Processing /opt/conda/lib/python3.12/site-packages/airflow/example_dags/plugins/workday.py took 0.035 seconds
[2025-02-06T11:41:31.040+0000] {processor.py:186} INFO - Started process (PID=643) to work on /opt/conda/lib/python3.12/site-packages/airflow/example_dags/plugins/workday.py
[2025-02-06T11:41:31.050+0000] {processor.py:914} INFO - Processing file /opt/conda/lib/python3.12/site-packages/airflow/example_dags/plugins/workday.py for tasks to queue
[2025-02-06T11:41:31.052+0000] {logging_mixin.py:190} INFO - [2025-02-06T11:41:31.051+0000] {dagbag.py:588} INFO - Filling up the DagBag from /opt/conda/lib/python3.12/site-packages/airflow/example_dags/plugins/workday.py
[2025-02-06T11:41:31.054+0000] {processor.py:927} WARNING - No viable dags retrieved from /opt/conda/lib/python3.12/site-packages/airflow/example_dags/plugins/workday.py
[2025-02-06T11:41:31.074+0000] {processor.py:208} INFO - Processing /opt/conda/lib/python3.12/site-packages/airflow/example_dags/plugins/workday.py took 0.039 seconds
[2025-02-06T11:45:48.602+0000] {processor.py:186} INFO - Started process (PID=1638) to work on /opt/conda/lib/python3.12/site-packages/airflow/example_dags/plugins/workday.py
[2025-02-06T11:45:48.603+0000] {processor.py:914} INFO - Processing file /opt/conda/lib/python3.12/site-packages/airflow/example_dags/plugins/workday.py for tasks to queue
[2025-02-06T11:45:48.606+0000] {logging_mixin.py:190} INFO - [2025-02-06T11:45:48.605+0000] {dagbag.py:588} INFO - Filling up the DagBag from /opt/conda/lib/python3.12/site-packages/airflow/example_dags/plugins/workday.py
[2025-02-06T11:45:48.608+0000] {processor.py:927} WARNING - No viable dags retrieved from /opt/conda/lib/python3.12/site-packages/airflow/example_dags/plugins/workday.py
[2025-02-06T11:45:48.633+0000] {processor.py:208} INFO - Processing /opt/conda/lib/python3.12/site-packages/airflow/example_dags/plugins/workday.py took 0.036 seconds
[2025-02-06T11:49:50.187+0000] {processor.py:186} INFO - Started process (PID=2551) to work on /opt/conda/lib/python3.12/site-packages/airflow/example_dags/plugins/workday.py
[2025-02-06T11:49:50.188+0000] {processor.py:914} INFO - Processing file /opt/conda/lib/python3.12/site-packages/airflow/example_dags/plugins/workday.py for tasks to queue
[2025-02-06T11:49:50.190+0000] {logging_mixin.py:190} INFO - [2025-02-06T11:49:50.190+0000] {dagbag.py:588} INFO - Filling up the DagBag from /opt/conda/lib/python3.12/site-packages/airflow/example_dags/plugins/workday.py
[2025-02-06T11:49:50.194+0000] {processor.py:927} WARNING - No viable dags retrieved from /opt/conda/lib/python3.12/site-packages/airflow/example_dags/plugins/workday.py
[2025-02-06T11:49:50.223+0000] {processor.py:208} INFO - Processing /opt/conda/lib/python3.12/site-packages/airflow/example_dags/plugins/workday.py took 0.042 seconds
[2025-02-06T11:53:25.013+0000] {processor.py:186} INFO - Started process (PID=3524) to work on /opt/conda/lib/python3.12/site-packages/airflow/example_dags/plugins/workday.py
[2025-02-06T11:53:25.015+0000] {processor.py:914} INFO - Processing file /opt/conda/lib/python3.12/site-packages/airflow/example_dags/plugins/workday.py for tasks to queue
[2025-02-06T11:53:25.017+0000] {logging_mixin.py:190} INFO - [2025-02-06T11:53:25.016+0000] {dagbag.py:588} INFO - Filling up the DagBag from /opt/conda/lib/python3.12/site-packages/airflow/example_dags/plugins/workday.py
[2025-02-06T11:53:25.021+0000] {processor.py:927} WARNING - No viable dags retrieved from /opt/conda/lib/python3.12/site-packages/airflow/example_dags/plugins/workday.py
[2025-02-06T11:53:25.062+0000] {processor.py:208} INFO - Processing /opt/conda/lib/python3.12/site-packages/airflow/example_dags/plugins/workday.py took 0.057 seconds
[2025-02-06T12:05:12.085+0000] {processor.py:186} INFO - Started process (PID=661) to work on /opt/conda/lib/python3.12/site-packages/airflow/example_dags/plugins/workday.py
[2025-02-06T12:05:12.086+0000] {processor.py:914} INFO - Processing file /opt/conda/lib/python3.12/site-packages/airflow/example_dags/plugins/workday.py for tasks to queue
[2025-02-06T12:05:12.088+0000] {logging_mixin.py:190} INFO - [2025-02-06T12:05:12.087+0000] {dagbag.py:588} INFO - Filling up the DagBag from /opt/conda/lib/python3.12/site-packages/airflow/example_dags/plugins/workday.py
[2025-02-06T12:05:12.090+0000] {processor.py:927} WARNING - No viable dags retrieved from /opt/conda/lib/python3.12/site-packages/airflow/example_dags/plugins/workday.py
[2025-02-06T12:05:12.116+0000] {processor.py:208} INFO - Processing /opt/conda/lib/python3.12/site-packages/airflow/example_dags/plugins/workday.py took 0.036 seconds
[2025-02-06T12:08:04.632+0000] {processor.py:186} INFO - Started process (PID=1695) to work on /opt/conda/lib/python3.12/site-packages/airflow/example_dags/plugins/workday.py
[2025-02-06T12:08:04.633+0000] {processor.py:914} INFO - Processing file /opt/conda/lib/python3.12/site-packages/airflow/example_dags/plugins/workday.py for tasks to queue
[2025-02-06T12:08:04.635+0000] {logging_mixin.py:190} INFO - [2025-02-06T12:08:04.635+0000] {dagbag.py:588} INFO - Filling up the DagBag from /opt/conda/lib/python3.12/site-packages/airflow/example_dags/plugins/workday.py
[2025-02-06T12:08:04.638+0000] {processor.py:927} WARNING - No viable dags retrieved from /opt/conda/lib/python3.12/site-packages/airflow/example_dags/plugins/workday.py
[2025-02-06T12:08:04.658+0000] {processor.py:208} INFO - Processing /opt/conda/lib/python3.12/site-packages/airflow/example_dags/plugins/workday.py took 0.031 seconds
[2025-02-06T12:26:01.613+0000] {processor.py:186} INFO - Started process (PID=1809) to work on /opt/conda/lib/python3.12/site-packages/airflow/example_dags/plugins/workday.py
[2025-02-06T12:26:01.614+0000] {processor.py:914} INFO - Processing file /opt/conda/lib/python3.12/site-packages/airflow/example_dags/plugins/workday.py for tasks to queue
[2025-02-06T12:26:01.617+0000] {logging_mixin.py:190} INFO - [2025-02-06T12:26:01.616+0000] {dagbag.py:588} INFO - Filling up the DagBag from /opt/conda/lib/python3.12/site-packages/airflow/example_dags/plugins/workday.py
[2025-02-06T12:26:01.619+0000] {processor.py:927} WARNING - No viable dags retrieved from /opt/conda/lib/python3.12/site-packages/airflow/example_dags/plugins/workday.py
[2025-02-06T12:26:01.638+0000] {processor.py:208} INFO - Processing /opt/conda/lib/python3.12/site-packages/airflow/example_dags/plugins/workday.py took 0.029 seconds
[2025-02-06T12:33:50.509+0000] {processor.py:186} INFO - Started process (PID=5891) to work on /opt/conda/lib/python3.12/site-packages/airflow/example_dags/plugins/workday.py
[2025-02-06T12:33:50.510+0000] {processor.py:914} INFO - Processing file /opt/conda/lib/python3.12/site-packages/airflow/example_dags/plugins/workday.py for tasks to queue
[2025-02-06T12:33:50.512+0000] {logging_mixin.py:190} INFO - [2025-02-06T12:33:50.511+0000] {dagbag.py:588} INFO - Filling up the DagBag from /opt/conda/lib/python3.12/site-packages/airflow/example_dags/plugins/workday.py
[2025-02-06T12:33:50.514+0000] {processor.py:927} WARNING - No viable dags retrieved from /opt/conda/lib/python3.12/site-packages/airflow/example_dags/plugins/workday.py
[2025-02-06T12:33:50.533+0000] {processor.py:208} INFO - Processing /opt/conda/lib/python3.12/site-packages/airflow/example_dags/plugins/workday.py took 0.029 seconds
[2025-02-06T12:42:08.992+0000] {processor.py:186} INFO - Started process (PID=10133) to work on /opt/conda/lib/python3.12/site-packages/airflow/example_dags/plugins/workday.py
[2025-02-06T12:42:08.993+0000] {processor.py:914} INFO - Processing file /opt/conda/lib/python3.12/site-packages/airflow/example_dags/plugins/workday.py for tasks to queue
[2025-02-06T12:42:08.995+0000] {logging_mixin.py:190} INFO - [2025-02-06T12:42:08.995+0000] {dagbag.py:588} INFO - Filling up the DagBag from /opt/conda/lib/python3.12/site-packages/airflow/example_dags/plugins/workday.py
[2025-02-06T12:42:08.997+0000] {processor.py:927} WARNING - No viable dags retrieved from /opt/conda/lib/python3.12/site-packages/airflow/example_dags/plugins/workday.py
[2025-02-06T12:42:09.013+0000] {processor.py:208} INFO - Processing /opt/conda/lib/python3.12/site-packages/airflow/example_dags/plugins/workday.py took 0.025 seconds
[2025-02-06T12:52:18.568+0000] {processor.py:186} INFO - Started process (PID=14961) to work on /opt/conda/lib/python3.12/site-packages/airflow/example_dags/plugins/workday.py
[2025-02-06T12:52:18.569+0000] {processor.py:914} INFO - Processing file /opt/conda/lib/python3.12/site-packages/airflow/example_dags/plugins/workday.py for tasks to queue
[2025-02-06T12:52:18.572+0000] {logging_mixin.py:190} INFO - [2025-02-06T12:52:18.571+0000] {dagbag.py:588} INFO - Filling up the DagBag from /opt/conda/lib/python3.12/site-packages/airflow/example_dags/plugins/workday.py
[2025-02-06T12:52:18.576+0000] {processor.py:927} WARNING - No viable dags retrieved from /opt/conda/lib/python3.12/site-packages/airflow/example_dags/plugins/workday.py
[2025-02-06T12:52:18.598+0000] {processor.py:208} INFO - Processing /opt/conda/lib/python3.12/site-packages/airflow/example_dags/plugins/workday.py took 0.035 seconds
[2025-02-06T13:01:13.774+0000] {processor.py:186} INFO - Started process (PID=1030) to work on /opt/conda/lib/python3.12/site-packages/airflow/example_dags/plugins/workday.py
[2025-02-06T13:01:13.775+0000] {processor.py:914} INFO - Processing file /opt/conda/lib/python3.12/site-packages/airflow/example_dags/plugins/workday.py for tasks to queue
[2025-02-06T13:01:13.777+0000] {logging_mixin.py:190} INFO - [2025-02-06T13:01:13.777+0000] {dagbag.py:588} INFO - Filling up the DagBag from /opt/conda/lib/python3.12/site-packages/airflow/example_dags/plugins/workday.py
[2025-02-06T13:01:13.780+0000] {processor.py:927} WARNING - No viable dags retrieved from /opt/conda/lib/python3.12/site-packages/airflow/example_dags/plugins/workday.py
[2025-02-06T13:01:13.800+0000] {processor.py:208} INFO - Processing /opt/conda/lib/python3.12/site-packages/airflow/example_dags/plugins/workday.py took 0.031 seconds
[2025-02-06T13:06:03.471+0000] {processor.py:186} INFO - Started process (PID=2580) to work on /opt/conda/lib/python3.12/site-packages/airflow/example_dags/plugins/workday.py
[2025-02-06T13:06:03.472+0000] {processor.py:914} INFO - Processing file /opt/conda/lib/python3.12/site-packages/airflow/example_dags/plugins/workday.py for tasks to queue
[2025-02-06T13:06:03.474+0000] {logging_mixin.py:190} INFO - [2025-02-06T13:06:03.474+0000] {dagbag.py:588} INFO - Filling up the DagBag from /opt/conda/lib/python3.12/site-packages/airflow/example_dags/plugins/workday.py
[2025-02-06T13:06:03.477+0000] {processor.py:927} WARNING - No viable dags retrieved from /opt/conda/lib/python3.12/site-packages/airflow/example_dags/plugins/workday.py
[2025-02-06T13:06:03.495+0000] {processor.py:208} INFO - Processing /opt/conda/lib/python3.12/site-packages/airflow/example_dags/plugins/workday.py took 0.028 seconds
