[2025-02-06T13:33:36.061+0000] {local_task_job_runner.py:123} INFO - ::group::Pre task execution logs
[2025-02-06T13:33:36.086+0000] {taskinstance.py:2613} INFO - Dependencies all met for dep_context=non-requeueable deps ti=<TaskInstance: my_first_dag.task_2 scheduled__2025-01-01T07:55:00+00:00 [queued]>
[2025-02-06T13:33:36.118+0000] {taskinstance.py:2613} INFO - Dependencies all met for dep_context=requeueable deps ti=<TaskInstance: my_first_dag.task_2 scheduled__2025-01-01T07:55:00+00:00 [queued]>
[2025-02-06T13:33:36.120+0000] {taskinstance.py:2866} INFO - Starting attempt 1 of 1
[2025-02-06T13:33:36.156+0000] {taskinstance.py:2889} INFO - Executing <Task(PythonOperator): task_2> on 2025-01-01 07:55:00+00:00
[2025-02-06T13:33:36.160+0000] {standard_task_runner.py:72} INFO - Started process 5979 to run task
[2025-02-06T13:33:36.162+0000] {standard_task_runner.py:104} INFO - Running: ['airflow', 'tasks', 'run', 'my_first_dag', 'task_2', 'scheduled__2025-01-01T07:55:00+00:00', '--job-id', '3364', '--raw', '--subdir', 'DAGS_FOLDER/first_dag.py', '--cfg-path', '/tmp/tmpw2l5ot37']
[2025-02-06T13:33:36.163+0000] {standard_task_runner.py:105} INFO - Job 3364: Subtask task_2
[2025-02-06T13:33:36.239+0000] {task_command.py:467} INFO - Running <TaskInstance: my_first_dag.task_2 scheduled__2025-01-01T07:55:00+00:00 [running]> on host cbb1459a86bc
[2025-02-06T13:33:36.359+0000] {taskinstance.py:3132} INFO - Exporting env vars: AIRFLOW_CTX_DAG_OWNER='airflow' AIRFLOW_CTX_DAG_ID='my_first_dag' AIRFLOW_CTX_TASK_ID='task_2' AIRFLOW_CTX_EXECUTION_DATE='2025-01-01T07:55:00+00:00' AIRFLOW_CTX_TRY_NUMBER='1' AIRFLOW_CTX_DAG_RUN_ID='scheduled__2025-01-01T07:55:00+00:00'
[2025-02-06T13:33:36.361+0000] {logging_mixin.py:190} INFO - Task instance is in running state
[2025-02-06T13:33:36.361+0000] {logging_mixin.py:190} INFO -  Previous state of the Task instance: queued
[2025-02-06T13:33:36.362+0000] {logging_mixin.py:190} INFO - Current task name:task_2 state:running start_date:2025-02-06 13:33:36.087581+00:00
[2025-02-06T13:33:36.362+0000] {logging_mixin.py:190} INFO - Dag name:my_first_dag and current dag run status:running
[2025-02-06T13:33:36.363+0000] {taskinstance.py:731} INFO - ::endgroup::
[2025-02-06T13:33:36.389+0000] {logging_mixin.py:190} INFO - Hello John 460 API_KEY
[2025-02-06T13:33:36.390+0000] {python.py:240} INFO - Done. Returned value was: 460
[2025-02-06T13:33:36.448+0000] {taskinstance.py:340} INFO - ::group::Post task execution logs
[2025-02-06T13:33:36.449+0000] {taskinstance.py:352} INFO - Marking task as SUCCESS. dag_id=my_first_dag, task_id=task_2, run_id=scheduled__2025-01-01T07:55:00+00:00, execution_date=20250101T075500, start_date=20250206T133336, end_date=20250206T133336
[2025-02-06T13:33:36.620+0000] {logging_mixin.py:190} INFO - Task instance in success state
[2025-02-06T13:33:36.620+0000] {logging_mixin.py:190} INFO -  Previous state of the Task instance: running
[2025-02-06T13:33:36.621+0000] {logging_mixin.py:190} INFO - Dag name:my_first_dag queued_at:2025-02-06 13:33:22.695329+00:00
[2025-02-06T13:33:36.621+0000] {logging_mixin.py:190} INFO - Task hostname:cbb1459a86bc operator:PythonOperator
[2025-02-06T13:33:36.658+0000] {local_task_job_runner.py:266} INFO - Task exited with return code 0
[2025-02-06T13:33:36.691+0000] {taskinstance.py:3895} INFO - 1 downstream tasks scheduled from follow-on schedule check
[2025-02-06T13:33:36.714+0000] {local_task_job_runner.py:245} INFO - ::endgroup::
