[2025-02-06T11:59:39.408+0000] {local_task_job_runner.py:123} INFO - ::group::Pre task execution logs
[2025-02-06T11:59:39.441+0000] {taskinstance.py:2613} INFO - Dependencies all met for dep_context=non-requeueable deps ti=<TaskInstance: my_first_dag.task_goodbye scheduled__2025-01-01T06:34:00+00:00 [queued]>
[2025-02-06T11:59:39.485+0000] {taskinstance.py:2613} INFO - Dependencies all met for dep_context=requeueable deps ti=<TaskInstance: my_first_dag.task_goodbye scheduled__2025-01-01T06:34:00+00:00 [queued]>
[2025-02-06T11:59:39.486+0000] {taskinstance.py:2866} INFO - Starting attempt 1 of 1
[2025-02-06T11:59:39.540+0000] {taskinstance.py:2889} INFO - Executing <Task(PythonOperator): task_goodbye> on 2025-01-01 06:34:00+00:00
[2025-02-06T11:59:39.545+0000] {standard_task_runner.py:72} INFO - Started process 495 to run task
[2025-02-06T11:59:39.548+0000] {standard_task_runner.py:104} INFO - Running: ['airflow', 'tasks', 'run', 'my_first_dag', 'task_goodbye', 'scheduled__2025-01-01T06:34:00+00:00', '--job-id', '2262', '--raw', '--subdir', 'DAGS_FOLDER/first_dag.py', '--cfg-path', '/tmp/tmpn6te_pti']
[2025-02-06T11:59:39.550+0000] {standard_task_runner.py:105} INFO - Job 2262: Subtask task_goodbye
[2025-02-06T11:59:39.698+0000] {task_command.py:467} INFO - Running <TaskInstance: my_first_dag.task_goodbye scheduled__2025-01-01T06:34:00+00:00 [running]> on host f73fb7f0e18f
[2025-02-06T11:59:39.917+0000] {taskinstance.py:3132} INFO - Exporting env vars: AIRFLOW_CTX_DAG_OWNER='airflow' AIRFLOW_CTX_DAG_ID='my_first_dag' AIRFLOW_CTX_TASK_ID='task_goodbye' AIRFLOW_CTX_EXECUTION_DATE='2025-01-01T06:34:00+00:00' AIRFLOW_CTX_TRY_NUMBER='1' AIRFLOW_CTX_DAG_RUN_ID='scheduled__2025-01-01T06:34:00+00:00'
[2025-02-06T11:59:39.920+0000] {logging_mixin.py:190} INFO - Task instance is in running state
[2025-02-06T11:59:39.921+0000] {logging_mixin.py:190} INFO -  Previous state of the Task instance: queued
[2025-02-06T11:59:39.921+0000] {logging_mixin.py:190} INFO - Current task name:task_goodbye state:running start_date:2025-02-06 11:59:39.442092+00:00
[2025-02-06T11:59:39.922+0000] {logging_mixin.py:190} INFO - Dag name:my_first_dag and current dag run status:running
[2025-02-06T11:59:39.923+0000] {taskinstance.py:731} INFO - ::endgroup::
[2025-02-06T11:59:39.924+0000] {logging_mixin.py:190} INFO - Goodbye
[2025-02-06T11:59:39.924+0000] {python.py:240} INFO - Done. Returned value was: None
[2025-02-06T11:59:39.940+0000] {taskinstance.py:340} INFO - ::group::Post task execution logs
[2025-02-06T11:59:39.941+0000] {taskinstance.py:352} INFO - Marking task as SUCCESS. dag_id=my_first_dag, task_id=task_goodbye, run_id=scheduled__2025-01-01T06:34:00+00:00, execution_date=20250101T063400, start_date=20250206T115939, end_date=20250206T115939
[2025-02-06T11:59:39.989+0000] {logging_mixin.py:190} INFO - Task instance in success state
[2025-02-06T11:59:39.990+0000] {logging_mixin.py:190} INFO -  Previous state of the Task instance: running
[2025-02-06T11:59:39.990+0000] {logging_mixin.py:190} INFO - Dag name:my_first_dag queued_at:2025-02-06 11:59:16.684022+00:00
[2025-02-06T11:59:39.991+0000] {logging_mixin.py:190} INFO - Task hostname:f73fb7f0e18f operator:PythonOperator
[2025-02-06T11:59:40.007+0000] {local_task_job_runner.py:266} INFO - Task exited with return code 0
[2025-02-06T11:59:40.034+0000] {taskinstance.py:3895} INFO - 0 downstream tasks scheduled from follow-on schedule check
[2025-02-06T11:59:40.036+0000] {local_task_job_runner.py:245} INFO - ::endgroup::
