[2025-02-06T09:13:11.684+0000] {local_task_job_runner.py:123} INFO - ::group::Pre task execution logs
[2025-02-06T09:13:11.708+0000] {taskinstance.py:2613} INFO - Dependencies all met for dep_context=non-requeueable deps ti=<TaskInstance: my_first_dag.task_1 scheduled__2025-01-01T02:26:30+00:00 [queued]>
[2025-02-06T09:13:11.729+0000] {taskinstance.py:2613} INFO - Dependencies all met for dep_context=requeueable deps ti=<TaskInstance: my_first_dag.task_1 scheduled__2025-01-01T02:26:30+00:00 [queued]>
[2025-02-06T09:13:11.731+0000] {taskinstance.py:2866} INFO - Starting attempt 1 of 1
[2025-02-06T09:13:11.765+0000] {taskinstance.py:2889} INFO - Executing <Task(PythonOperator): task_1> on 2025-01-01 02:26:30+00:00
[2025-02-06T09:13:11.769+0000] {standard_task_runner.py:72} INFO - Started process 1020 to run task
[2025-02-06T09:13:11.772+0000] {standard_task_runner.py:104} INFO - Running: ['airflow', 'tasks', 'run', 'my_first_dag', 'task_1', 'scheduled__2025-01-01T02:26:30+00:00', '--job-id', '549', '--raw', '--subdir', 'DAGS_FOLDER/first_dag.py', '--cfg-path', '/tmp/tmpsud8mqt5']
[2025-02-06T09:13:11.773+0000] {standard_task_runner.py:105} INFO - Job 549: Subtask task_1
[2025-02-06T09:13:11.842+0000] {task_command.py:467} INFO - Running <TaskInstance: my_first_dag.task_1 scheduled__2025-01-01T02:26:30+00:00 [running]> on host 6f30e18c7b14
[2025-02-06T09:13:11.949+0000] {taskinstance.py:3132} INFO - Exporting env vars: AIRFLOW_CTX_DAG_OWNER='airflow' AIRFLOW_CTX_DAG_ID='my_first_dag' AIRFLOW_CTX_TASK_ID='task_1' AIRFLOW_CTX_EXECUTION_DATE='2025-01-01T02:26:30+00:00' AIRFLOW_CTX_TRY_NUMBER='1' AIRFLOW_CTX_DAG_RUN_ID='scheduled__2025-01-01T02:26:30+00:00'
[2025-02-06T09:13:11.951+0000] {logging_mixin.py:190} INFO - Task instance is in running state
[2025-02-06T09:13:11.952+0000] {logging_mixin.py:190} INFO -  Previous state of the Task instance: queued
[2025-02-06T09:13:11.953+0000] {logging_mixin.py:190} INFO - Current task name:task_1 state:running start_date:2025-02-06 09:13:11.708720+00:00
[2025-02-06T09:13:11.954+0000] {logging_mixin.py:190} INFO - Dag name:my_first_dag and current dag run status:running
[2025-02-06T09:13:11.954+0000] {taskinstance.py:731} INFO - ::endgroup::
[2025-02-06T09:13:11.955+0000] {logging_mixin.py:190} INFO - Hello World
[2025-02-06T09:13:11.955+0000] {python.py:240} INFO - Done. Returned value was: None
[2025-02-06T09:13:11.966+0000] {taskinstance.py:340} INFO - ::group::Post task execution logs
[2025-02-06T09:13:11.967+0000] {taskinstance.py:352} INFO - Marking task as SUCCESS. dag_id=my_first_dag, task_id=task_1, run_id=scheduled__2025-01-01T02:26:30+00:00, execution_date=20250101T022630, start_date=20250206T091311, end_date=20250206T091311
[2025-02-06T09:13:12.002+0000] {logging_mixin.py:190} INFO - Task instance in success state
[2025-02-06T09:13:12.003+0000] {logging_mixin.py:190} INFO -  Previous state of the Task instance: running
[2025-02-06T09:13:12.004+0000] {logging_mixin.py:190} INFO - Dag name:my_first_dag queued_at:2025-02-06 09:13:05.546527+00:00
[2025-02-06T09:13:12.004+0000] {logging_mixin.py:190} INFO - Task hostname:6f30e18c7b14 operator:PythonOperator
[2025-02-06T09:13:12.025+0000] {local_task_job_runner.py:266} INFO - Task exited with return code 0
[2025-02-06T09:13:12.044+0000] {taskinstance.py:3895} INFO - 0 downstream tasks scheduled from follow-on schedule check
[2025-02-06T09:13:12.046+0000] {local_task_job_runner.py:245} INFO - ::endgroup::
