[2025-02-06T09:53:35.178+0000] {local_task_job_runner.py:123} INFO - ::group::Pre task execution logs
[2025-02-06T09:53:35.200+0000] {taskinstance.py:2613} INFO - Dependencies all met for dep_context=non-requeueable deps ti=<TaskInstance: my_first_dag.task_bash manual__2025-02-06T09:53:20.769222+00:00 [queued]>
[2025-02-06T09:53:35.224+0000] {taskinstance.py:2613} INFO - Dependencies all met for dep_context=requeueable deps ti=<TaskInstance: my_first_dag.task_bash manual__2025-02-06T09:53:20.769222+00:00 [queued]>
[2025-02-06T09:53:35.226+0000] {taskinstance.py:2866} INFO - Starting attempt 1 of 1
[2025-02-06T09:53:35.272+0000] {taskinstance.py:2889} INFO - Executing <Task(BashOperator): task_bash> on 2025-02-06 09:53:20.769222+00:00
[2025-02-06T09:53:35.275+0000] {standard_task_runner.py:72} INFO - Started process 757 to run task
[2025-02-06T09:53:35.277+0000] {standard_task_runner.py:104} INFO - Running: ['airflow', 'tasks', 'run', 'my_first_dag', 'task_bash', 'manual__2025-02-06T09:53:20.769222+00:00', '--job-id', '1366', '--raw', '--subdir', 'DAGS_FOLDER/first_dag.py', '--cfg-path', '/tmp/tmpnp27sd4x']
[2025-02-06T09:53:35.278+0000] {standard_task_runner.py:105} INFO - Job 1366: Subtask task_bash
[2025-02-06T09:53:35.363+0000] {task_command.py:467} INFO - Running <TaskInstance: my_first_dag.task_bash manual__2025-02-06T09:53:20.769222+00:00 [running]> on host 1f20f9aee2e1
[2025-02-06T09:53:35.504+0000] {taskinstance.py:3132} INFO - Exporting env vars: AIRFLOW_CTX_DAG_OWNER='airflow' AIRFLOW_CTX_DAG_ID='my_first_dag' AIRFLOW_CTX_TASK_ID='task_bash' AIRFLOW_CTX_EXECUTION_DATE='2025-02-06T09:53:20.769222+00:00' AIRFLOW_CTX_TRY_NUMBER='1' AIRFLOW_CTX_DAG_RUN_ID='manual__2025-02-06T09:53:20.769222+00:00'
[2025-02-06T09:53:35.505+0000] {logging_mixin.py:190} INFO - Task instance is in running state
[2025-02-06T09:53:35.506+0000] {logging_mixin.py:190} INFO -  Previous state of the Task instance: queued
[2025-02-06T09:53:35.506+0000] {logging_mixin.py:190} INFO - Current task name:task_bash state:running start_date:2025-02-06 09:53:35.200952+00:00
[2025-02-06T09:53:35.507+0000] {logging_mixin.py:190} INFO - Dag name:my_first_dag and current dag run status:running
[2025-02-06T09:53:35.507+0000] {taskinstance.py:731} INFO - ::endgroup::
[2025-02-06T09:53:35.508+0000] {subprocess.py:78} INFO - Tmp dir root location: /tmp
[2025-02-06T09:53:35.509+0000] {subprocess.py:88} INFO - Running command: ['/usr/bin/bash', '-c', "echo 'Hello World' >> /root/airflow/text.txt"]
[2025-02-06T09:53:35.517+0000] {subprocess.py:99} INFO - Output:
[2025-02-06T09:53:35.521+0000] {subprocess.py:110} INFO - Command exited with return code 0
[2025-02-06T09:53:35.574+0000] {taskinstance.py:340} INFO - ::group::Post task execution logs
[2025-02-06T09:53:35.575+0000] {taskinstance.py:352} INFO - Marking task as SUCCESS. dag_id=my_first_dag, task_id=task_bash, run_id=manual__2025-02-06T09:53:20.769222+00:00, execution_date=20250206T095320, start_date=20250206T095335, end_date=20250206T095335
[2025-02-06T09:53:35.674+0000] {logging_mixin.py:190} INFO - Task instance in success state
[2025-02-06T09:53:35.675+0000] {logging_mixin.py:190} INFO -  Previous state of the Task instance: running
[2025-02-06T09:53:35.675+0000] {logging_mixin.py:190} INFO - Dag name:my_first_dag queued_at:2025-02-06 09:53:20.825966+00:00
[2025-02-06T09:53:35.676+0000] {logging_mixin.py:190} INFO - Task hostname:1f20f9aee2e1 operator:BashOperator
[2025-02-06T09:53:35.693+0000] {local_task_job_runner.py:266} INFO - Task exited with return code 0
[2025-02-06T09:53:35.731+0000] {taskinstance.py:3895} INFO - 1 downstream tasks scheduled from follow-on schedule check
[2025-02-06T09:53:35.742+0000] {local_task_job_runner.py:245} INFO - ::endgroup::
