[2025-02-06T09:00:35.973+0000] {local_task_job_runner.py:123} INFO - ::group::Pre task execution logs
[2025-02-06T09:00:35.989+0000] {taskinstance.py:2613} INFO - Dependencies all met for dep_context=non-requeueable deps ti=<TaskInstance: my_first_dag.task_1 scheduled__2025-01-01T01:29:30+00:00 [queued]>
[2025-02-06T09:00:36.000+0000] {taskinstance.py:2613} INFO - Dependencies all met for dep_context=requeueable deps ti=<TaskInstance: my_first_dag.task_1 scheduled__2025-01-01T01:29:30+00:00 [queued]>
[2025-02-06T09:00:36.001+0000] {taskinstance.py:2866} INFO - Starting attempt 1 of 1
[2025-02-06T09:00:36.042+0000] {taskinstance.py:2889} INFO - Executing <Task(PythonOperator): task_1> on 2025-01-01 01:29:30+00:00
[2025-02-06T09:00:36.046+0000] {standard_task_runner.py:72} INFO - Started process 60 to run task
[2025-02-06T09:00:36.048+0000] {standard_task_runner.py:104} INFO - Running: ['airflow', 'tasks', 'run', 'my_first_dag', 'task_1', 'scheduled__2025-01-01T01:29:30+00:00', '--job-id', '314', '--raw', '--subdir', 'DAGS_FOLDER/first_dag.py', '--cfg-path', '/tmp/tmpztlt8kqg']
[2025-02-06T09:00:36.049+0000] {standard_task_runner.py:105} INFO - Job 314: Subtask task_1
[2025-02-06T09:00:36.133+0000] {task_command.py:467} INFO - Running <TaskInstance: my_first_dag.task_1 scheduled__2025-01-01T01:29:30+00:00 [running]> on host 56ad8bb1b89a
[2025-02-06T09:00:36.249+0000] {taskinstance.py:3132} INFO - Exporting env vars: AIRFLOW_CTX_DAG_OWNER='airflow' AIRFLOW_CTX_DAG_ID='my_first_dag' AIRFLOW_CTX_TASK_ID='task_1' AIRFLOW_CTX_EXECUTION_DATE='2025-01-01T01:29:30+00:00' AIRFLOW_CTX_TRY_NUMBER='1' AIRFLOW_CTX_DAG_RUN_ID='scheduled__2025-01-01T01:29:30+00:00'
[2025-02-06T09:00:36.250+0000] {logging_mixin.py:190} INFO - Task instance is in running state
[2025-02-06T09:00:36.251+0000] {logging_mixin.py:190} INFO -  Previous state of the Task instance: queued
[2025-02-06T09:00:36.251+0000] {logging_mixin.py:190} INFO - Current task name:task_1 state:running start_date:2025-02-06 09:00:35.990068+00:00
[2025-02-06T09:00:36.252+0000] {logging_mixin.py:190} INFO - Dag name:my_first_dag and current dag run status:running
[2025-02-06T09:00:36.252+0000] {taskinstance.py:731} INFO - ::endgroup::
[2025-02-06T09:00:36.253+0000] {logging_mixin.py:190} INFO - Hello World
[2025-02-06T09:00:36.253+0000] {python.py:240} INFO - Done. Returned value was: None
[2025-02-06T09:00:36.263+0000] {taskinstance.py:340} INFO - ::group::Post task execution logs
[2025-02-06T09:00:36.264+0000] {taskinstance.py:352} INFO - Marking task as SUCCESS. dag_id=my_first_dag, task_id=task_1, run_id=scheduled__2025-01-01T01:29:30+00:00, execution_date=20250101T012930, start_date=20250206T090035, end_date=20250206T090036
[2025-02-06T09:00:36.297+0000] {logging_mixin.py:190} INFO - Task instance in success state
[2025-02-06T09:00:36.298+0000] {logging_mixin.py:190} INFO -  Previous state of the Task instance: running
[2025-02-06T09:00:36.298+0000] {logging_mixin.py:190} INFO - Dag name:my_first_dag queued_at:2025-02-06 09:00:31.784934+00:00
[2025-02-06T09:00:36.299+0000] {logging_mixin.py:190} INFO - Task hostname:56ad8bb1b89a operator:PythonOperator
[2025-02-06T09:00:36.342+0000] {local_task_job_runner.py:266} INFO - Task exited with return code 0
[2025-02-06T09:00:36.375+0000] {taskinstance.py:3895} INFO - 1 downstream tasks scheduled from follow-on schedule check
[2025-02-06T09:00:36.384+0000] {local_task_job_runner.py:245} INFO - ::endgroup::
