[2025-02-06T09:48:30.745+0000] {local_task_job_runner.py:123} INFO - ::group::Pre task execution logs
[2025-02-06T09:48:30.762+0000] {taskinstance.py:2613} INFO - Dependencies all met for dep_context=non-requeueable deps ti=<TaskInstance: my_first_dag.task_bash scheduled__2025-01-01T04:38:30+00:00 [queued]>
[2025-02-06T09:48:30.781+0000] {taskinstance.py:2613} INFO - Dependencies all met for dep_context=requeueable deps ti=<TaskInstance: my_first_dag.task_bash scheduled__2025-01-01T04:38:30+00:00 [queued]>
[2025-02-06T09:48:30.782+0000] {taskinstance.py:2866} INFO - Starting attempt 1 of 1
[2025-02-06T09:48:30.825+0000] {taskinstance.py:2889} INFO - Executing <Task(BashOperator): task_bash> on 2025-01-01 04:38:30+00:00
[2025-02-06T09:48:30.828+0000] {standard_task_runner.py:72} INFO - Started process 220 to run task
[2025-02-06T09:48:30.830+0000] {standard_task_runner.py:104} INFO - Running: ['airflow', 'tasks', 'run', 'my_first_dag', 'task_bash', 'scheduled__2025-01-01T04:38:30+00:00', '--job-id', '1256', '--raw', '--subdir', 'DAGS_FOLDER/first_dag.py', '--cfg-path', '/tmp/tmpl7swteeo']
[2025-02-06T09:48:30.831+0000] {standard_task_runner.py:105} INFO - Job 1256: Subtask task_bash
[2025-02-06T09:48:30.916+0000] {task_command.py:467} INFO - Running <TaskInstance: my_first_dag.task_bash scheduled__2025-01-01T04:38:30+00:00 [running]> on host 1f20f9aee2e1
[2025-02-06T09:48:31.031+0000] {taskinstance.py:3132} INFO - Exporting env vars: AIRFLOW_CTX_DAG_OWNER='airflow' AIRFLOW_CTX_DAG_ID='my_first_dag' AIRFLOW_CTX_TASK_ID='task_bash' AIRFLOW_CTX_EXECUTION_DATE='2025-01-01T04:38:30+00:00' AIRFLOW_CTX_TRY_NUMBER='1' AIRFLOW_CTX_DAG_RUN_ID='scheduled__2025-01-01T04:38:30+00:00'
[2025-02-06T09:48:31.034+0000] {logging_mixin.py:190} INFO - Task instance is in running state
[2025-02-06T09:48:31.035+0000] {logging_mixin.py:190} INFO -  Previous state of the Task instance: queued
[2025-02-06T09:48:31.035+0000] {logging_mixin.py:190} INFO - Current task name:task_bash state:running start_date:2025-02-06 09:48:30.762949+00:00
[2025-02-06T09:48:31.035+0000] {logging_mixin.py:190} INFO - Dag name:my_first_dag and current dag run status:running
[2025-02-06T09:48:31.036+0000] {taskinstance.py:731} INFO - ::endgroup::
[2025-02-06T09:48:31.036+0000] {subprocess.py:78} INFO - Tmp dir root location: /tmp
[2025-02-06T09:48:31.037+0000] {subprocess.py:88} INFO - Running command: ['/usr/bin/bash', '-c', "echo 'Hello World' >> /root/airflow/text.txt"]
[2025-02-06T09:48:31.043+0000] {subprocess.py:99} INFO - Output:
[2025-02-06T09:48:31.046+0000] {subprocess.py:110} INFO - Command exited with return code 0
[2025-02-06T09:48:31.087+0000] {taskinstance.py:340} INFO - ::group::Post task execution logs
[2025-02-06T09:48:31.088+0000] {taskinstance.py:352} INFO - Marking task as SUCCESS. dag_id=my_first_dag, task_id=task_bash, run_id=scheduled__2025-01-01T04:38:30+00:00, execution_date=20250101T043830, start_date=20250206T094830, end_date=20250206T094831
[2025-02-06T09:48:31.129+0000] {logging_mixin.py:190} INFO - Task instance in success state
[2025-02-06T09:48:31.130+0000] {logging_mixin.py:190} INFO -  Previous state of the Task instance: running
[2025-02-06T09:48:31.130+0000] {logging_mixin.py:190} INFO - Dag name:my_first_dag queued_at:2025-02-06 09:48:29.021445+00:00
[2025-02-06T09:48:31.130+0000] {logging_mixin.py:190} INFO - Task hostname:1f20f9aee2e1 operator:BashOperator
[2025-02-06T09:48:31.164+0000] {local_task_job_runner.py:266} INFO - Task exited with return code 0
[2025-02-06T09:48:31.203+0000] {taskinstance.py:3895} INFO - 1 downstream tasks scheduled from follow-on schedule check
[2025-02-06T09:48:31.215+0000] {local_task_job_runner.py:245} INFO - ::endgroup::
