[2025-02-06T11:40:27.958+0000] {local_task_job_runner.py:123} INFO - ::group::Pre task execution logs
[2025-02-06T11:40:27.989+0000] {taskinstance.py:2613} INFO - Dependencies all met for dep_context=non-requeueable deps ti=<TaskInstance: my_first_dag.task_1 scheduled__2025-01-01T06:15:30+00:00 [queued]>
[2025-02-06T11:40:28.025+0000] {taskinstance.py:2613} INFO - Dependencies all met for dep_context=requeueable deps ti=<TaskInstance: my_first_dag.task_1 scheduled__2025-01-01T06:15:30+00:00 [queued]>
[2025-02-06T11:40:28.026+0000] {taskinstance.py:2866} INFO - Starting attempt 1 of 1
[2025-02-06T11:40:28.084+0000] {taskinstance.py:2889} INFO - Executing <Task(PythonOperator): task_1> on 2025-01-01 06:15:30+00:00
[2025-02-06T11:40:28.091+0000] {standard_task_runner.py:72} INFO - Started process 352 to run task
[2025-02-06T11:40:28.095+0000] {standard_task_runner.py:104} INFO - Running: ['airflow', 'tasks', 'run', 'my_first_dag', 'task_1', 'scheduled__2025-01-01T06:15:30+00:00', '--job-id', '2073', '--raw', '--subdir', 'DAGS_FOLDER/first_dag.py', '--cfg-path', '/tmp/tmplbq_busq']
[2025-02-06T11:40:28.096+0000] {standard_task_runner.py:105} INFO - Job 2073: Subtask task_1
[2025-02-06T11:40:28.220+0000] {task_command.py:467} INFO - Running <TaskInstance: my_first_dag.task_1 scheduled__2025-01-01T06:15:30+00:00 [running]> on host 7e1f175e93b1
[2025-02-06T11:40:28.409+0000] {taskinstance.py:3132} INFO - Exporting env vars: AIRFLOW_CTX_DAG_OWNER='airflow' AIRFLOW_CTX_DAG_ID='my_first_dag' AIRFLOW_CTX_TASK_ID='task_1' AIRFLOW_CTX_EXECUTION_DATE='2025-01-01T06:15:30+00:00' AIRFLOW_CTX_TRY_NUMBER='1' AIRFLOW_CTX_DAG_RUN_ID='scheduled__2025-01-01T06:15:30+00:00'
[2025-02-06T11:40:28.411+0000] {logging_mixin.py:190} INFO - Task instance is in running state
[2025-02-06T11:40:28.412+0000] {logging_mixin.py:190} INFO -  Previous state of the Task instance: queued
[2025-02-06T11:40:28.413+0000] {logging_mixin.py:190} INFO - Current task name:task_1 state:running start_date:2025-02-06 11:40:27.990492+00:00
[2025-02-06T11:40:28.414+0000] {logging_mixin.py:190} INFO - Dag name:my_first_dag and current dag run status:running
[2025-02-06T11:40:28.415+0000] {taskinstance.py:731} INFO - ::endgroup::
[2025-02-06T11:40:28.457+0000] {logging_mixin.py:190} INFO - Hello Kevin 434 API_KEY
[2025-02-06T11:40:28.458+0000] {python.py:240} INFO - Done. Returned value was: 434
[2025-02-06T11:40:28.657+0000] {taskinstance.py:340} INFO - ::group::Post task execution logs
[2025-02-06T11:40:28.658+0000] {taskinstance.py:352} INFO - Marking task as SUCCESS. dag_id=my_first_dag, task_id=task_1, run_id=scheduled__2025-01-01T06:15:30+00:00, execution_date=20250101T061530, start_date=20250206T114027, end_date=20250206T114028
[2025-02-06T11:40:28.737+0000] {logging_mixin.py:190} INFO - Task instance in success state
[2025-02-06T11:40:28.738+0000] {logging_mixin.py:190} INFO -  Previous state of the Task instance: running
[2025-02-06T11:40:28.739+0000] {logging_mixin.py:190} INFO - Dag name:my_first_dag queued_at:2025-02-06 11:40:08.556387+00:00
[2025-02-06T11:40:28.740+0000] {logging_mixin.py:190} INFO - Task hostname:7e1f175e93b1 operator:PythonOperator
[2025-02-06T11:40:28.751+0000] {local_task_job_runner.py:266} INFO - Task exited with return code 0
[2025-02-06T11:40:28.798+0000] {taskinstance.py:3895} INFO - 1 downstream tasks scheduled from follow-on schedule check
[2025-02-06T11:40:28.816+0000] {local_task_job_runner.py:245} INFO - ::endgroup::
