[2025-02-06T11:58:38.075+0000] {local_task_job_runner.py:123} INFO - ::group::Pre task execution logs
[2025-02-06T11:58:38.105+0000] {taskinstance.py:2613} INFO - Dependencies all met for dep_context=non-requeueable deps ti=<TaskInstance: my_first_dag.task_random_choice scheduled__2025-01-01T06:33:00+00:00 [queued]>
[2025-02-06T11:58:38.160+0000] {taskinstance.py:2613} INFO - Dependencies all met for dep_context=requeueable deps ti=<TaskInstance: my_first_dag.task_random_choice scheduled__2025-01-01T06:33:00+00:00 [queued]>
[2025-02-06T11:58:38.162+0000] {taskinstance.py:2866} INFO - Starting attempt 1 of 1
[2025-02-06T11:58:38.231+0000] {taskinstance.py:2889} INFO - Executing <Task(BranchPythonOperator): task_random_choice> on 2025-01-01 06:33:00+00:00
[2025-02-06T11:58:38.237+0000] {standard_task_runner.py:72} INFO - Started process 251 to run task
[2025-02-06T11:58:38.241+0000] {standard_task_runner.py:104} INFO - Running: ['airflow', 'tasks', 'run', 'my_first_dag', 'task_random_choice', 'scheduled__2025-01-01T06:33:00+00:00', '--job-id', '2250', '--raw', '--subdir', 'DAGS_FOLDER/first_dag.py', '--cfg-path', '/tmp/tmp2emzg64k']
[2025-02-06T11:58:38.243+0000] {standard_task_runner.py:105} INFO - Job 2250: Subtask task_random_choice
[2025-02-06T11:58:38.393+0000] {task_command.py:467} INFO - Running <TaskInstance: my_first_dag.task_random_choice scheduled__2025-01-01T06:33:00+00:00 [running]> on host f73fb7f0e18f
[2025-02-06T11:58:38.581+0000] {taskinstance.py:3132} INFO - Exporting env vars: AIRFLOW_CTX_DAG_OWNER='airflow' AIRFLOW_CTX_DAG_ID='my_first_dag' AIRFLOW_CTX_TASK_ID='task_random_choice' AIRFLOW_CTX_EXECUTION_DATE='2025-01-01T06:33:00+00:00' AIRFLOW_CTX_TRY_NUMBER='1' AIRFLOW_CTX_DAG_RUN_ID='scheduled__2025-01-01T06:33:00+00:00'
[2025-02-06T11:58:38.584+0000] {logging_mixin.py:190} INFO - Task instance is in running state
[2025-02-06T11:58:38.584+0000] {logging_mixin.py:190} INFO -  Previous state of the Task instance: queued
[2025-02-06T11:58:38.585+0000] {logging_mixin.py:190} INFO - Current task name:task_random_choice state:running start_date:2025-02-06 11:58:38.106086+00:00
[2025-02-06T11:58:38.586+0000] {logging_mixin.py:190} INFO - Dag name:my_first_dag and current dag run status:running
[2025-02-06T11:58:38.587+0000] {taskinstance.py:731} INFO - ::endgroup::
[2025-02-06T11:58:38.588+0000] {baseoperator.py:421} WARNING - BranchPythonOperator.execute cannot be called outside TaskInstance!
[2025-02-06T11:58:38.589+0000] {python.py:240} INFO - Done. Returned value was: task_1
[2025-02-06T11:58:38.590+0000] {branch.py:38} INFO - Branch into task_1
[2025-02-06T11:58:38.591+0000] {skipmixin.py:230} INFO - Following branch ('task_1',)
[2025-02-06T11:58:38.614+0000] {skipmixin.py:278} INFO - Skipping tasks [('task_2', -1)]
[2025-02-06T11:58:38.862+0000] {taskinstance.py:340} INFO - ::group::Post task execution logs
[2025-02-06T11:58:38.863+0000] {taskinstance.py:352} INFO - Marking task as SUCCESS. dag_id=my_first_dag, task_id=task_random_choice, run_id=scheduled__2025-01-01T06:33:00+00:00, execution_date=20250101T063300, start_date=20250206T115838, end_date=20250206T115838
[2025-02-06T11:58:38.919+0000] {logging_mixin.py:190} INFO - Task instance in success state
[2025-02-06T11:58:38.920+0000] {logging_mixin.py:190} INFO -  Previous state of the Task instance: running
[2025-02-06T11:58:38.921+0000] {logging_mixin.py:190} INFO - Dag name:my_first_dag queued_at:2025-02-06 11:58:26.375494+00:00
[2025-02-06T11:58:38.922+0000] {logging_mixin.py:190} INFO - Task hostname:f73fb7f0e18f operator:BranchPythonOperator
[2025-02-06T11:58:38.939+0000] {local_task_job_runner.py:266} INFO - Task exited with return code 0
[2025-02-06T11:58:39.005+0000] {taskinstance.py:3895} INFO - 1 downstream tasks scheduled from follow-on schedule check
[2025-02-06T11:58:39.019+0000] {local_task_job_runner.py:245} INFO - ::endgroup::
