[2025-02-06T12:06:23.953+0000] {local_task_job_runner.py:123} INFO - ::group::Pre task execution logs
[2025-02-06T12:06:23.972+0000] {taskinstance.py:2613} INFO - Dependencies all met for dep_context=non-requeueable deps ti=<TaskInstance: my_first_dag.first_task scheduled__2025-01-01T06:39:30+00:00 [queued]>
[2025-02-06T12:06:23.998+0000] {taskinstance.py:2613} INFO - Dependencies all met for dep_context=requeueable deps ti=<TaskInstance: my_first_dag.first_task scheduled__2025-01-01T06:39:30+00:00 [queued]>
[2025-02-06T12:06:23.999+0000] {taskinstance.py:2866} INFO - Starting attempt 1 of 1
[2025-02-06T12:06:24.036+0000] {taskinstance.py:2889} INFO - Executing <Task(PythonOperator): first_task> on 2025-01-01 06:39:30+00:00
[2025-02-06T12:06:24.039+0000] {standard_task_runner.py:72} INFO - Started process 1087 to run task
[2025-02-06T12:06:24.041+0000] {standard_task_runner.py:104} INFO - Running: ['airflow', 'tasks', 'run', 'my_first_dag', 'first_task', 'scheduled__2025-01-01T06:39:30+00:00', '--job-id', '2322', '--raw', '--subdir', 'DAGS_FOLDER/first_dag.py', '--cfg-path', '/tmp/tmpkf4fxbqq']
[2025-02-06T12:06:24.042+0000] {standard_task_runner.py:105} INFO - Job 2322: Subtask first_task
[2025-02-06T12:06:24.113+0000] {task_command.py:467} INFO - Running <TaskInstance: my_first_dag.first_task scheduled__2025-01-01T06:39:30+00:00 [running]> on host 06d5bdc1dd82
[2025-02-06T12:06:24.216+0000] {taskinstance.py:3132} INFO - Exporting env vars: AIRFLOW_CTX_DAG_OWNER='airflow' AIRFLOW_CTX_DAG_ID='my_first_dag' AIRFLOW_CTX_TASK_ID='first_task' AIRFLOW_CTX_EXECUTION_DATE='2025-01-01T06:39:30+00:00' AIRFLOW_CTX_TRY_NUMBER='1' AIRFLOW_CTX_DAG_RUN_ID='scheduled__2025-01-01T06:39:30+00:00'
[2025-02-06T12:06:24.217+0000] {logging_mixin.py:190} INFO - Task instance is in running state
[2025-02-06T12:06:24.218+0000] {logging_mixin.py:190} INFO -  Previous state of the Task instance: queued
[2025-02-06T12:06:24.218+0000] {logging_mixin.py:190} INFO - Current task name:first_task state:running start_date:2025-02-06 12:06:23.972843+00:00
[2025-02-06T12:06:24.218+0000] {logging_mixin.py:190} INFO - Dag name:my_first_dag and current dag run status:running
[2025-02-06T12:06:24.219+0000] {taskinstance.py:731} INFO - ::endgroup::
[2025-02-06T12:06:24.249+0000] {python.py:240} INFO - Done. Returned value was: 517
[2025-02-06T12:06:24.285+0000] {taskinstance.py:340} INFO - ::group::Post task execution logs
[2025-02-06T12:06:24.286+0000] {taskinstance.py:352} INFO - Marking task as SUCCESS. dag_id=my_first_dag, task_id=first_task, run_id=scheduled__2025-01-01T06:39:30+00:00, execution_date=20250101T063930, start_date=20250206T120623, end_date=20250206T120624
[2025-02-06T12:06:24.470+0000] {logging_mixin.py:190} INFO - Task instance in success state
[2025-02-06T12:06:24.471+0000] {logging_mixin.py:190} INFO -  Previous state of the Task instance: running
[2025-02-06T12:06:24.471+0000] {logging_mixin.py:190} INFO - Dag name:my_first_dag queued_at:2025-02-06 12:06:22.269106+00:00
[2025-02-06T12:06:24.472+0000] {logging_mixin.py:190} INFO - Task hostname:06d5bdc1dd82 operator:PythonOperator
[2025-02-06T12:06:24.495+0000] {local_task_job_runner.py:266} INFO - Task exited with return code 0
[2025-02-06T12:06:24.527+0000] {taskinstance.py:3895} INFO - 1 downstream tasks scheduled from follow-on schedule check
[2025-02-06T12:06:24.537+0000] {local_task_job_runner.py:245} INFO - ::endgroup::
