[2025-02-06T11:47:57.440+0000] {local_task_job_runner.py:123} INFO - ::group::Pre task execution logs
[2025-02-06T11:47:57.466+0000] {taskinstance.py:2613} INFO - Dependencies all met for dep_context=non-requeueable deps ti=<TaskInstance: my_first_dag.task_1 scheduled__2025-01-01T06:24:00+00:00 [queued]>
[2025-02-06T11:47:57.505+0000] {taskinstance.py:2613} INFO - Dependencies all met for dep_context=requeueable deps ti=<TaskInstance: my_first_dag.task_1 scheduled__2025-01-01T06:24:00+00:00 [queued]>
[2025-02-06T11:47:57.507+0000] {taskinstance.py:2866} INFO - Starting attempt 1 of 1
[2025-02-06T11:47:57.550+0000] {taskinstance.py:2889} INFO - Executing <Task(PythonOperator): task_1> on 2025-01-01 06:24:00+00:00
[2025-02-06T11:47:57.558+0000] {standard_task_runner.py:72} INFO - Started process 2059 to run task
[2025-02-06T11:47:57.560+0000] {standard_task_runner.py:104} INFO - Running: ['airflow', 'tasks', 'run', 'my_first_dag', 'task_1', 'scheduled__2025-01-01T06:24:00+00:00', '--job-id', '2155', '--raw', '--subdir', 'DAGS_FOLDER/first_dag.py', '--cfg-path', '/tmp/tmp0k22c4sx']
[2025-02-06T11:47:57.561+0000] {standard_task_runner.py:105} INFO - Job 2155: Subtask task_1
[2025-02-06T11:47:57.677+0000] {task_command.py:467} INFO - Running <TaskInstance: my_first_dag.task_1 scheduled__2025-01-01T06:24:00+00:00 [running]> on host 7e1f175e93b1
[2025-02-06T11:47:57.970+0000] {taskinstance.py:3132} INFO - Exporting env vars: AIRFLOW_CTX_DAG_OWNER='airflow' AIRFLOW_CTX_DAG_ID='my_first_dag' AIRFLOW_CTX_TASK_ID='task_1' AIRFLOW_CTX_EXECUTION_DATE='2025-01-01T06:24:00+00:00' AIRFLOW_CTX_TRY_NUMBER='1' AIRFLOW_CTX_DAG_RUN_ID='scheduled__2025-01-01T06:24:00+00:00'
[2025-02-06T11:47:57.972+0000] {logging_mixin.py:190} INFO - Task instance is in running state
[2025-02-06T11:47:57.973+0000] {logging_mixin.py:190} INFO -  Previous state of the Task instance: queued
[2025-02-06T11:47:57.973+0000] {logging_mixin.py:190} INFO - Current task name:task_1 state:running start_date:2025-02-06 11:47:57.467318+00:00
[2025-02-06T11:47:57.974+0000] {logging_mixin.py:190} INFO - Dag name:my_first_dag and current dag run status:running
[2025-02-06T11:47:57.975+0000] {taskinstance.py:731} INFO - ::endgroup::
[2025-02-06T11:47:58.001+0000] {logging_mixin.py:190} INFO - Hello Kevin 110 API_KEY
[2025-02-06T11:47:58.002+0000] {python.py:240} INFO - Done. Returned value was: 110
[2025-02-06T11:47:58.176+0000] {taskinstance.py:340} INFO - ::group::Post task execution logs
[2025-02-06T11:47:58.177+0000] {taskinstance.py:352} INFO - Marking task as SUCCESS. dag_id=my_first_dag, task_id=task_1, run_id=scheduled__2025-01-01T06:24:00+00:00, execution_date=20250101T062400, start_date=20250206T114757, end_date=20250206T114758
[2025-02-06T11:47:58.223+0000] {logging_mixin.py:190} INFO - Task instance in success state
[2025-02-06T11:47:58.223+0000] {logging_mixin.py:190} INFO -  Previous state of the Task instance: running
[2025-02-06T11:47:58.224+0000] {logging_mixin.py:190} INFO - Dag name:my_first_dag queued_at:2025-02-06 11:47:39.599509+00:00
[2025-02-06T11:47:58.224+0000] {logging_mixin.py:190} INFO - Task hostname:7e1f175e93b1 operator:PythonOperator
[2025-02-06T11:47:58.257+0000] {local_task_job_runner.py:266} INFO - Task exited with return code 0
[2025-02-06T11:47:58.298+0000] {taskinstance.py:3895} INFO - 1 downstream tasks scheduled from follow-on schedule check
[2025-02-06T11:47:58.311+0000] {local_task_job_runner.py:245} INFO - ::endgroup::
