[2025-02-06T11:42:30.684+0000] {local_task_job_runner.py:123} INFO - ::group::Pre task execution logs
[2025-02-06T11:42:30.720+0000] {taskinstance.py:2613} INFO - Dependencies all met for dep_context=non-requeueable deps ti=<TaskInstance: my_first_dag.task_2 scheduled__2025-01-01T06:18:30+00:00 [queued]>
[2025-02-06T11:42:30.756+0000] {taskinstance.py:2613} INFO - Dependencies all met for dep_context=requeueable deps ti=<TaskInstance: my_first_dag.task_2 scheduled__2025-01-01T06:18:30+00:00 [queued]>
[2025-02-06T11:42:30.757+0000] {taskinstance.py:2866} INFO - Starting attempt 1 of 1
[2025-02-06T11:42:30.810+0000] {taskinstance.py:2889} INFO - Executing <Task(PythonOperator): task_2> on 2025-01-01 06:18:30+00:00
[2025-02-06T11:42:30.818+0000] {standard_task_runner.py:72} INFO - Started process 926 to run task
[2025-02-06T11:42:30.821+0000] {standard_task_runner.py:104} INFO - Running: ['airflow', 'tasks', 'run', 'my_first_dag', 'task_2', 'scheduled__2025-01-01T06:18:30+00:00', '--job-id', '2101', '--raw', '--subdir', 'DAGS_FOLDER/first_dag.py', '--cfg-path', '/tmp/tmp9yz3h496']
[2025-02-06T11:42:30.822+0000] {standard_task_runner.py:105} INFO - Job 2101: Subtask task_2
[2025-02-06T11:42:30.939+0000] {task_command.py:467} INFO - Running <TaskInstance: my_first_dag.task_2 scheduled__2025-01-01T06:18:30+00:00 [running]> on host 7e1f175e93b1
[2025-02-06T11:42:31.098+0000] {taskinstance.py:3132} INFO - Exporting env vars: AIRFLOW_CTX_DAG_OWNER='airflow' AIRFLOW_CTX_DAG_ID='my_first_dag' AIRFLOW_CTX_TASK_ID='task_2' AIRFLOW_CTX_EXECUTION_DATE='2025-01-01T06:18:30+00:00' AIRFLOW_CTX_TRY_NUMBER='1' AIRFLOW_CTX_DAG_RUN_ID='scheduled__2025-01-01T06:18:30+00:00'
[2025-02-06T11:42:31.099+0000] {logging_mixin.py:190} INFO - Task instance is in running state
[2025-02-06T11:42:31.100+0000] {logging_mixin.py:190} INFO -  Previous state of the Task instance: queued
[2025-02-06T11:42:31.100+0000] {logging_mixin.py:190} INFO - Current task name:task_2 state:running start_date:2025-02-06 11:42:30.720805+00:00
[2025-02-06T11:42:31.101+0000] {logging_mixin.py:190} INFO - Dag name:my_first_dag and current dag run status:running
[2025-02-06T11:42:31.101+0000] {taskinstance.py:731} INFO - ::endgroup::
[2025-02-06T11:42:31.132+0000] {logging_mixin.py:190} INFO - Hello John 674 API_KEY
[2025-02-06T11:42:31.133+0000] {python.py:240} INFO - Done. Returned value was: 674
[2025-02-06T11:42:31.291+0000] {taskinstance.py:340} INFO - ::group::Post task execution logs
[2025-02-06T11:42:31.291+0000] {taskinstance.py:352} INFO - Marking task as SUCCESS. dag_id=my_first_dag, task_id=task_2, run_id=scheduled__2025-01-01T06:18:30+00:00, execution_date=20250101T061830, start_date=20250206T114230, end_date=20250206T114231
[2025-02-06T11:42:31.337+0000] {logging_mixin.py:190} INFO - Task instance in success state
[2025-02-06T11:42:31.338+0000] {logging_mixin.py:190} INFO -  Previous state of the Task instance: running
[2025-02-06T11:42:31.339+0000] {logging_mixin.py:190} INFO - Dag name:my_first_dag queued_at:2025-02-06 11:42:15.133358+00:00
[2025-02-06T11:42:31.339+0000] {logging_mixin.py:190} INFO - Task hostname:7e1f175e93b1 operator:PythonOperator
[2025-02-06T11:42:31.358+0000] {local_task_job_runner.py:266} INFO - Task exited with return code 0
[2025-02-06T11:42:31.393+0000] {taskinstance.py:3895} INFO - 1 downstream tasks scheduled from follow-on schedule check
[2025-02-06T11:42:31.406+0000] {local_task_job_runner.py:245} INFO - ::endgroup::
