[2025-02-06T12:26:56.971+0000] {local_task_job_runner.py:123} INFO - ::group::Pre task execution logs
[2025-02-06T12:26:56.987+0000] {taskinstance.py:2613} INFO - Dependencies all met for dep_context=non-requeueable deps ti=<TaskInstance: my_first_dag.first_task scheduled__2025-01-01T06:57:30+00:00 [queued]>
[2025-02-06T12:26:57.008+0000] {taskinstance.py:2613} INFO - Dependencies all met for dep_context=requeueable deps ti=<TaskInstance: my_first_dag.first_task scheduled__2025-01-01T06:57:30+00:00 [queued]>
[2025-02-06T12:26:57.009+0000] {taskinstance.py:2866} INFO - Starting attempt 1 of 1
[2025-02-06T12:26:57.082+0000] {taskinstance.py:2889} INFO - Executing <Task(PythonOperator): first_task> on 2025-01-01 06:57:30+00:00
[2025-02-06T12:26:57.084+0000] {standard_task_runner.py:72} INFO - Started process 2285 to run task
[2025-02-06T12:26:57.086+0000] {standard_task_runner.py:104} INFO - Running: ['airflow', 'tasks', 'run', 'my_first_dag', 'first_task', 'scheduled__2025-01-01T06:57:30+00:00', '--job-id', '2526', '--raw', '--subdir', 'DAGS_FOLDER/first_dag.py', '--cfg-path', '/tmp/tmpm12rbj18']
[2025-02-06T12:26:57.087+0000] {standard_task_runner.py:105} INFO - Job 2526: Subtask first_task
[2025-02-06T12:26:57.176+0000] {task_command.py:467} INFO - Running <TaskInstance: my_first_dag.first_task scheduled__2025-01-01T06:57:30+00:00 [running]> on host f59ce29465b4
[2025-02-06T12:26:57.290+0000] {taskinstance.py:3132} INFO - Exporting env vars: AIRFLOW_CTX_DAG_OWNER='airflow' AIRFLOW_CTX_DAG_ID='my_first_dag' AIRFLOW_CTX_TASK_ID='first_task' AIRFLOW_CTX_EXECUTION_DATE='2025-01-01T06:57:30+00:00' AIRFLOW_CTX_TRY_NUMBER='1' AIRFLOW_CTX_DAG_RUN_ID='scheduled__2025-01-01T06:57:30+00:00'
[2025-02-06T12:26:57.292+0000] {logging_mixin.py:190} INFO - Task instance is in running state
[2025-02-06T12:26:57.292+0000] {logging_mixin.py:190} INFO -  Previous state of the Task instance: queued
[2025-02-06T12:26:57.293+0000] {logging_mixin.py:190} INFO - Current task name:first_task state:running start_date:2025-02-06 12:26:56.988169+00:00
[2025-02-06T12:26:57.293+0000] {logging_mixin.py:190} INFO - Dag name:my_first_dag and current dag run status:running
[2025-02-06T12:26:57.294+0000] {taskinstance.py:731} INFO - ::endgroup::
[2025-02-06T12:26:57.320+0000] {python.py:240} INFO - Done. Returned value was: 679
[2025-02-06T12:26:57.359+0000] {taskinstance.py:340} INFO - ::group::Post task execution logs
[2025-02-06T12:26:57.360+0000] {taskinstance.py:352} INFO - Marking task as SUCCESS. dag_id=my_first_dag, task_id=first_task, run_id=scheduled__2025-01-01T06:57:30+00:00, execution_date=20250101T065730, start_date=20250206T122656, end_date=20250206T122657
[2025-02-06T12:26:57.394+0000] {logging_mixin.py:190} INFO - Task instance in success state
[2025-02-06T12:26:57.395+0000] {logging_mixin.py:190} INFO -  Previous state of the Task instance: running
[2025-02-06T12:26:57.396+0000] {logging_mixin.py:190} INFO - Dag name:my_first_dag queued_at:2025-02-06 12:26:55.210682+00:00
[2025-02-06T12:26:57.396+0000] {logging_mixin.py:190} INFO - Task hostname:f59ce29465b4 operator:PythonOperator
[2025-02-06T12:26:57.421+0000] {local_task_job_runner.py:266} INFO - Task exited with return code 0
[2025-02-06T12:26:57.453+0000] {taskinstance.py:3895} INFO - 1 downstream tasks scheduled from follow-on schedule check
[2025-02-06T12:26:57.463+0000] {local_task_job_runner.py:245} INFO - ::endgroup::
