[2025-02-06T11:45:15.405+0000] {local_task_job_runner.py:123} INFO - ::group::Pre task execution logs
[2025-02-06T11:45:15.475+0000] {taskinstance.py:2613} INFO - Dependencies all met for dep_context=non-requeueable deps ti=<TaskInstance: my_first_dag.task_1 scheduled__2025-01-01T06:21:30+00:00 [queued]>
[2025-02-06T11:45:15.563+0000] {taskinstance.py:2613} INFO - Dependencies all met for dep_context=requeueable deps ti=<TaskInstance: my_first_dag.task_1 scheduled__2025-01-01T06:21:30+00:00 [queued]>
[2025-02-06T11:45:15.567+0000] {taskinstance.py:2866} INFO - Starting attempt 1 of 1
[2025-02-06T11:45:15.675+0000] {taskinstance.py:2889} INFO - Executing <Task(PythonOperator): task_1> on 2025-01-01 06:21:30+00:00
[2025-02-06T11:45:15.688+0000] {standard_task_runner.py:72} INFO - Started process 1554 to run task
[2025-02-06T11:45:15.694+0000] {standard_task_runner.py:104} INFO - Running: ['airflow', 'tasks', 'run', 'my_first_dag', 'task_1', 'scheduled__2025-01-01T06:21:30+00:00', '--job-id', '2131', '--raw', '--subdir', 'DAGS_FOLDER/first_dag.py', '--cfg-path', '/tmp/tmp5f7p03sz']
[2025-02-06T11:45:15.697+0000] {standard_task_runner.py:105} INFO - Job 2131: Subtask task_1
[2025-02-06T11:45:15.922+0000] {task_command.py:467} INFO - Running <TaskInstance: my_first_dag.task_1 scheduled__2025-01-01T06:21:30+00:00 [running]> on host 7e1f175e93b1
[2025-02-06T11:45:16.551+0000] {taskinstance.py:3132} INFO - Exporting env vars: AIRFLOW_CTX_DAG_OWNER='airflow' AIRFLOW_CTX_DAG_ID='my_first_dag' AIRFLOW_CTX_TASK_ID='task_1' AIRFLOW_CTX_EXECUTION_DATE='2025-01-01T06:21:30+00:00' AIRFLOW_CTX_TRY_NUMBER='1' AIRFLOW_CTX_DAG_RUN_ID='scheduled__2025-01-01T06:21:30+00:00'
[2025-02-06T11:45:16.557+0000] {logging_mixin.py:190} INFO - Task instance is in running state
[2025-02-06T11:45:16.558+0000] {logging_mixin.py:190} INFO -  Previous state of the Task instance: queued
[2025-02-06T11:45:16.560+0000] {logging_mixin.py:190} INFO - Current task name:task_1 state:running start_date:2025-02-06 11:45:15.477451+00:00
[2025-02-06T11:45:16.562+0000] {logging_mixin.py:190} INFO - Dag name:my_first_dag and current dag run status:running
[2025-02-06T11:45:16.563+0000] {taskinstance.py:731} INFO - ::endgroup::
[2025-02-06T11:45:16.649+0000] {logging_mixin.py:190} INFO - Hello Kevin 580 API_KEY
[2025-02-06T11:45:16.652+0000] {python.py:240} INFO - Done. Returned value was: 580
[2025-02-06T11:45:17.036+0000] {taskinstance.py:340} INFO - ::group::Post task execution logs
[2025-02-06T11:45:17.040+0000] {taskinstance.py:352} INFO - Marking task as SUCCESS. dag_id=my_first_dag, task_id=task_1, run_id=scheduled__2025-01-01T06:21:30+00:00, execution_date=20250101T062130, start_date=20250206T114515, end_date=20250206T114517
[2025-02-06T11:45:17.182+0000] {logging_mixin.py:190} INFO - Task instance in success state
[2025-02-06T11:45:17.185+0000] {logging_mixin.py:190} INFO -  Previous state of the Task instance: running
[2025-02-06T11:45:17.187+0000] {logging_mixin.py:190} INFO - Dag name:my_first_dag queued_at:2025-02-06 11:44:48.550278+00:00
[2025-02-06T11:45:17.189+0000] {logging_mixin.py:190} INFO - Task hostname:7e1f175e93b1 operator:PythonOperator
[2025-02-06T11:45:17.243+0000] {local_task_job_runner.py:266} INFO - Task exited with return code 0
[2025-02-06T11:45:17.363+0000] {taskinstance.py:3895} INFO - 1 downstream tasks scheduled from follow-on schedule check
[2025-02-06T11:45:17.410+0000] {local_task_job_runner.py:245} INFO - ::endgroup::
