[2025-02-06T09:48:03.083+0000] {local_task_job_runner.py:123} INFO - ::group::Pre task execution logs
[2025-02-06T09:48:03.102+0000] {taskinstance.py:2613} INFO - Dependencies all met for dep_context=non-requeueable deps ti=<TaskInstance: my_first_dag.task_random_choice scheduled__2025-01-01T04:37:30+00:00 [queued]>
[2025-02-06T09:48:03.121+0000] {taskinstance.py:2613} INFO - Dependencies all met for dep_context=requeueable deps ti=<TaskInstance: my_first_dag.task_random_choice scheduled__2025-01-01T04:37:30+00:00 [queued]>
[2025-02-06T09:48:03.123+0000] {taskinstance.py:2866} INFO - Starting attempt 1 of 1
[2025-02-06T09:48:03.162+0000] {taskinstance.py:2889} INFO - Executing <Task(BranchPythonOperator): task_random_choice> on 2025-01-01 04:37:30+00:00
[2025-02-06T09:48:03.165+0000] {standard_task_runner.py:72} INFO - Started process 179 to run task
[2025-02-06T09:48:03.167+0000] {standard_task_runner.py:104} INFO - Running: ['airflow', 'tasks', 'run', 'my_first_dag', 'task_random_choice', 'scheduled__2025-01-01T04:37:30+00:00', '--job-id', '1247', '--raw', '--subdir', 'DAGS_FOLDER/first_dag.py', '--cfg-path', '/tmp/tmp4ppbxkir']
[2025-02-06T09:48:03.168+0000] {standard_task_runner.py:105} INFO - Job 1247: Subtask task_random_choice
[2025-02-06T09:48:03.254+0000] {task_command.py:467} INFO - Running <TaskInstance: my_first_dag.task_random_choice scheduled__2025-01-01T04:37:30+00:00 [running]> on host 1f20f9aee2e1
[2025-02-06T09:48:03.378+0000] {taskinstance.py:3132} INFO - Exporting env vars: AIRFLOW_CTX_DAG_OWNER='airflow' AIRFLOW_CTX_DAG_ID='my_first_dag' AIRFLOW_CTX_TASK_ID='task_random_choice' AIRFLOW_CTX_EXECUTION_DATE='2025-01-01T04:37:30+00:00' AIRFLOW_CTX_TRY_NUMBER='1' AIRFLOW_CTX_DAG_RUN_ID='scheduled__2025-01-01T04:37:30+00:00'
[2025-02-06T09:48:03.379+0000] {logging_mixin.py:190} INFO - Task instance is in running state
[2025-02-06T09:48:03.380+0000] {logging_mixin.py:190} INFO -  Previous state of the Task instance: queued
[2025-02-06T09:48:03.380+0000] {logging_mixin.py:190} INFO - Current task name:task_random_choice state:running start_date:2025-02-06 09:48:03.102827+00:00
[2025-02-06T09:48:03.381+0000] {logging_mixin.py:190} INFO - Dag name:my_first_dag and current dag run status:running
[2025-02-06T09:48:03.381+0000] {taskinstance.py:731} INFO - ::endgroup::
[2025-02-06T09:48:03.382+0000] {baseoperator.py:421} WARNING - BranchPythonOperator.execute cannot be called outside TaskInstance!
[2025-02-06T09:48:03.383+0000] {python.py:240} INFO - Done. Returned value was: task_2
[2025-02-06T09:48:03.383+0000] {branch.py:38} INFO - Branch into task_2
[2025-02-06T09:48:03.384+0000] {skipmixin.py:230} INFO - Following branch ('task_2',)
[2025-02-06T09:48:03.399+0000] {skipmixin.py:278} INFO - Skipping tasks [('task_1', -1)]
[2025-02-06T09:48:03.485+0000] {taskinstance.py:340} INFO - ::group::Post task execution logs
[2025-02-06T09:48:03.486+0000] {taskinstance.py:352} INFO - Marking task as SUCCESS. dag_id=my_first_dag, task_id=task_random_choice, run_id=scheduled__2025-01-01T04:37:30+00:00, execution_date=20250101T043730, start_date=20250206T094803, end_date=20250206T094803
[2025-02-06T09:48:03.528+0000] {logging_mixin.py:190} INFO - Task instance in success state
[2025-02-06T09:48:03.529+0000] {logging_mixin.py:190} INFO -  Previous state of the Task instance: running
[2025-02-06T09:48:03.530+0000] {logging_mixin.py:190} INFO - Dag name:my_first_dag queued_at:2025-02-06 09:47:47.706406+00:00
[2025-02-06T09:48:03.530+0000] {logging_mixin.py:190} INFO - Task hostname:1f20f9aee2e1 operator:BranchPythonOperator
[2025-02-06T09:48:03.542+0000] {local_task_job_runner.py:266} INFO - Task exited with return code 0
[2025-02-06T09:48:03.599+0000] {taskinstance.py:3895} INFO - 1 downstream tasks scheduled from follow-on schedule check
[2025-02-06T09:48:03.647+0000] {local_task_job_runner.py:245} INFO - ::endgroup::
