[2025-02-06T09:24:24.540+0000] {local_task_job_runner.py:123} INFO - ::group::Pre task execution logs
[2025-02-06T09:24:24.566+0000] {taskinstance.py:2613} INFO - Dependencies all met for dep_context=non-requeueable deps ti=<TaskInstance: my_first_dag.task_2 scheduled__2025-01-01T03:26:30+00:00 [queued]>
[2025-02-06T09:24:24.588+0000] {taskinstance.py:2613} INFO - Dependencies all met for dep_context=requeueable deps ti=<TaskInstance: my_first_dag.task_2 scheduled__2025-01-01T03:26:30+00:00 [queued]>
[2025-02-06T09:24:24.590+0000] {taskinstance.py:2866} INFO - Starting attempt 1 of 1
[2025-02-06T09:24:24.630+0000] {taskinstance.py:2889} INFO - Executing <Task(PythonOperator): task_2> on 2025-01-01 03:26:30+00:00
[2025-02-06T09:24:24.633+0000] {standard_task_runner.py:72} INFO - Started process 59 to run task
[2025-02-06T09:24:24.635+0000] {standard_task_runner.py:104} INFO - Running: ['airflow', 'tasks', 'run', 'my_first_dag', 'task_2', 'scheduled__2025-01-01T03:26:30+00:00', '--job-id', '787', '--raw', '--subdir', 'DAGS_FOLDER/first_dag.py', '--cfg-path', '/tmp/tmpjb3qnrnm']
[2025-02-06T09:24:24.636+0000] {standard_task_runner.py:105} INFO - Job 787: Subtask task_2
[2025-02-06T09:24:24.723+0000] {task_command.py:467} INFO - Running <TaskInstance: my_first_dag.task_2 scheduled__2025-01-01T03:26:30+00:00 [running]> on host 396de5a5f1ac
[2025-02-06T09:24:24.862+0000] {taskinstance.py:3132} INFO - Exporting env vars: AIRFLOW_CTX_DAG_OWNER='airflow' AIRFLOW_CTX_DAG_ID='my_first_dag' AIRFLOW_CTX_TASK_ID='task_2' AIRFLOW_CTX_EXECUTION_DATE='2025-01-01T03:26:30+00:00' AIRFLOW_CTX_TRY_NUMBER='1' AIRFLOW_CTX_DAG_RUN_ID='scheduled__2025-01-01T03:26:30+00:00'
[2025-02-06T09:24:24.864+0000] {logging_mixin.py:190} INFO - Task instance is in running state
[2025-02-06T09:24:24.864+0000] {logging_mixin.py:190} INFO -  Previous state of the Task instance: queued
[2025-02-06T09:24:24.865+0000] {logging_mixin.py:190} INFO - Current task name:task_2 state:running start_date:2025-02-06 09:24:24.567300+00:00
[2025-02-06T09:24:24.865+0000] {logging_mixin.py:190} INFO - Dag name:my_first_dag and current dag run status:running
[2025-02-06T09:24:24.865+0000] {taskinstance.py:731} INFO - ::endgroup::
[2025-02-06T09:24:24.866+0000] {logging_mixin.py:190} INFO - Hello World
[2025-02-06T09:24:24.866+0000] {python.py:240} INFO - Done. Returned value was: None
[2025-02-06T09:24:24.878+0000] {taskinstance.py:340} INFO - ::group::Post task execution logs
[2025-02-06T09:24:24.879+0000] {taskinstance.py:352} INFO - Marking task as SUCCESS. dag_id=my_first_dag, task_id=task_2, run_id=scheduled__2025-01-01T03:26:30+00:00, execution_date=20250101T032630, start_date=20250206T092424, end_date=20250206T092424
[2025-02-06T09:24:24.920+0000] {logging_mixin.py:190} INFO - Task instance in success state
[2025-02-06T09:24:24.920+0000] {logging_mixin.py:190} INFO -  Previous state of the Task instance: running
[2025-02-06T09:24:24.921+0000] {logging_mixin.py:190} INFO - Dag name:my_first_dag queued_at:2025-02-06 09:24:10.333622+00:00
[2025-02-06T09:24:24.922+0000] {logging_mixin.py:190} INFO - Task hostname:396de5a5f1ac operator:PythonOperator
[2025-02-06T09:24:24.930+0000] {local_task_job_runner.py:266} INFO - Task exited with return code 0
[2025-02-06T09:24:24.965+0000] {taskinstance.py:3895} INFO - 1 downstream tasks scheduled from follow-on schedule check
[2025-02-06T09:24:24.993+0000] {local_task_job_runner.py:245} INFO - ::endgroup::
