[2025-02-06T08:49:40.480+0000] {local_task_job_runner.py:123} INFO - ::group::Pre task execution logs
[2025-02-06T08:49:40.498+0000] {taskinstance.py:2613} INFO - Dependencies all met for dep_context=non-requeueable deps ti=<TaskInstance: my_first_dag.task_2 scheduled__2025-01-01T00:31:00+00:00 [queued]>
[2025-02-06T08:49:40.509+0000] {taskinstance.py:2613} INFO - Dependencies all met for dep_context=requeueable deps ti=<TaskInstance: my_first_dag.task_2 scheduled__2025-01-01T00:31:00+00:00 [queued]>
[2025-02-06T08:49:40.511+0000] {taskinstance.py:2866} INFO - Starting attempt 1 of 1
[2025-02-06T08:49:40.549+0000] {taskinstance.py:2889} INFO - Executing <Task(PythonOperator): task_2> on 2025-01-01 00:31:00+00:00
[2025-02-06T08:49:40.552+0000] {standard_task_runner.py:72} INFO - Started process 235 to run task
[2025-02-06T08:49:40.554+0000] {standard_task_runner.py:104} INFO - Running: ['airflow', 'tasks', 'run', 'my_first_dag', 'task_2', 'scheduled__2025-01-01T00:31:00+00:00', '--job-id', '91', '--raw', '--subdir', 'DAGS_FOLDER/first_dag.py', '--cfg-path', '/tmp/tmp66lr2mnh']
[2025-02-06T08:49:40.555+0000] {standard_task_runner.py:105} INFO - Job 91: Subtask task_2
[2025-02-06T08:49:40.629+0000] {task_command.py:467} INFO - Running <TaskInstance: my_first_dag.task_2 scheduled__2025-01-01T00:31:00+00:00 [running]> on host 128ac2960630
[2025-02-06T08:49:40.725+0000] {taskinstance.py:3132} INFO - Exporting env vars: AIRFLOW_CTX_DAG_OWNER='airflow' AIRFLOW_CTX_DAG_ID='my_first_dag' AIRFLOW_CTX_TASK_ID='task_2' AIRFLOW_CTX_EXECUTION_DATE='2025-01-01T00:31:00+00:00' AIRFLOW_CTX_TRY_NUMBER='1' AIRFLOW_CTX_DAG_RUN_ID='scheduled__2025-01-01T00:31:00+00:00'
[2025-02-06T08:49:40.727+0000] {logging_mixin.py:190} INFO - Task instance is in running state
[2025-02-06T08:49:40.727+0000] {logging_mixin.py:190} INFO -  Previous state of the Task instance: queued
[2025-02-06T08:49:40.728+0000] {logging_mixin.py:190} INFO - Current task name:task_2 state:running start_date:2025-02-06 08:49:40.498876+00:00
[2025-02-06T08:49:40.728+0000] {logging_mixin.py:190} INFO - Dag name:my_first_dag and current dag run status:running
[2025-02-06T08:49:40.729+0000] {taskinstance.py:731} INFO - ::endgroup::
[2025-02-06T08:49:40.729+0000] {logging_mixin.py:190} INFO - Hello World
[2025-02-06T08:49:40.730+0000] {python.py:240} INFO - Done. Returned value was: None
[2025-02-06T08:49:40.739+0000] {taskinstance.py:340} INFO - ::group::Post task execution logs
[2025-02-06T08:49:40.740+0000] {taskinstance.py:352} INFO - Marking task as SUCCESS. dag_id=my_first_dag, task_id=task_2, run_id=scheduled__2025-01-01T00:31:00+00:00, execution_date=20250101T003100, start_date=20250206T084940, end_date=20250206T084940
[2025-02-06T08:49:40.775+0000] {logging_mixin.py:190} INFO - Task instance in success state
[2025-02-06T08:49:40.776+0000] {logging_mixin.py:190} INFO -  Previous state of the Task instance: running
[2025-02-06T08:49:40.777+0000] {logging_mixin.py:190} INFO - Dag name:my_first_dag queued_at:2025-02-06 08:49:34.490516+00:00
[2025-02-06T08:49:40.777+0000] {logging_mixin.py:190} INFO - Task hostname:128ac2960630 operator:PythonOperator
[2025-02-06T08:49:40.808+0000] {local_task_job_runner.py:266} INFO - Task exited with return code 0
[2025-02-06T08:49:40.828+0000] {taskinstance.py:3895} INFO - 0 downstream tasks scheduled from follow-on schedule check
[2025-02-06T08:49:40.829+0000] {local_task_job_runner.py:245} INFO - ::endgroup::
