[2025-02-06T12:25:57.897+0000] {local_task_job_runner.py:123} INFO - ::group::Pre task execution logs
[2025-02-06T12:25:57.922+0000] {taskinstance.py:2613} INFO - Dependencies all met for dep_context=non-requeueable deps ti=<TaskInstance: my_first_dag.task_2 scheduled__2025-01-01T06:56:00+00:00 [queued]>
[2025-02-06T12:25:57.950+0000] {taskinstance.py:2613} INFO - Dependencies all met for dep_context=requeueable deps ti=<TaskInstance: my_first_dag.task_2 scheduled__2025-01-01T06:56:00+00:00 [queued]>
[2025-02-06T12:25:57.952+0000] {taskinstance.py:2866} INFO - Starting attempt 1 of 1
[2025-02-06T12:25:57.988+0000] {taskinstance.py:2889} INFO - Executing <Task(PythonOperator): task_2> on 2025-01-01 06:56:00+00:00
[2025-02-06T12:25:57.991+0000] {standard_task_runner.py:72} INFO - Started process 1787 to run task
[2025-02-06T12:25:57.993+0000] {standard_task_runner.py:104} INFO - Running: ['airflow', 'tasks', 'run', 'my_first_dag', 'task_2', 'scheduled__2025-01-01T06:56:00+00:00', '--job-id', '2507', '--raw', '--subdir', 'DAGS_FOLDER/first_dag.py', '--cfg-path', '/tmp/tmpgemvtgnz']
[2025-02-06T12:25:57.994+0000] {standard_task_runner.py:105} INFO - Job 2507: Subtask task_2
[2025-02-06T12:25:58.103+0000] {task_command.py:467} INFO - Running <TaskInstance: my_first_dag.task_2 scheduled__2025-01-01T06:56:00+00:00 [running]> on host f59ce29465b4
[2025-02-06T12:25:58.218+0000] {taskinstance.py:3132} INFO - Exporting env vars: AIRFLOW_CTX_DAG_OWNER='airflow' AIRFLOW_CTX_DAG_ID='my_first_dag' AIRFLOW_CTX_TASK_ID='task_2' AIRFLOW_CTX_EXECUTION_DATE='2025-01-01T06:56:00+00:00' AIRFLOW_CTX_TRY_NUMBER='1' AIRFLOW_CTX_DAG_RUN_ID='scheduled__2025-01-01T06:56:00+00:00'
[2025-02-06T12:25:58.219+0000] {logging_mixin.py:190} INFO - Task instance is in running state
[2025-02-06T12:25:58.220+0000] {logging_mixin.py:190} INFO -  Previous state of the Task instance: queued
[2025-02-06T12:25:58.220+0000] {logging_mixin.py:190} INFO - Current task name:task_2 state:running start_date:2025-02-06 12:25:57.922954+00:00
[2025-02-06T12:25:58.221+0000] {logging_mixin.py:190} INFO - Dag name:my_first_dag and current dag run status:running
[2025-02-06T12:25:58.221+0000] {taskinstance.py:731} INFO - ::endgroup::
[2025-02-06T12:25:58.252+0000] {logging_mixin.py:190} INFO - Hello John 193 API_KEY
[2025-02-06T12:25:58.253+0000] {python.py:240} INFO - Done. Returned value was: 193
[2025-02-06T12:25:58.394+0000] {taskinstance.py:340} INFO - ::group::Post task execution logs
[2025-02-06T12:25:58.395+0000] {taskinstance.py:352} INFO - Marking task as SUCCESS. dag_id=my_first_dag, task_id=task_2, run_id=scheduled__2025-01-01T06:56:00+00:00, execution_date=20250101T065600, start_date=20250206T122557, end_date=20250206T122558
[2025-02-06T12:25:58.517+0000] {logging_mixin.py:190} INFO - Task instance in success state
[2025-02-06T12:25:58.518+0000] {logging_mixin.py:190} INFO -  Previous state of the Task instance: running
[2025-02-06T12:25:58.518+0000] {logging_mixin.py:190} INFO - Dag name:my_first_dag queued_at:2025-02-06 12:25:47.714112+00:00
[2025-02-06T12:25:58.519+0000] {logging_mixin.py:190} INFO - Task hostname:f59ce29465b4 operator:PythonOperator
[2025-02-06T12:25:58.528+0000] {local_task_job_runner.py:266} INFO - Task exited with return code 0
[2025-02-06T12:25:58.562+0000] {taskinstance.py:3895} INFO - 1 downstream tasks scheduled from follow-on schedule check
[2025-02-06T12:25:58.574+0000] {local_task_job_runner.py:245} INFO - ::endgroup::
