[2025-02-06T09:00:38.169+0000] {local_task_job_runner.py:123} INFO - ::group::Pre task execution logs
[2025-02-06T09:00:38.197+0000] {taskinstance.py:2613} INFO - Dependencies all met for dep_context=non-requeueable deps ti=<TaskInstance: my_first_dag.task_2 scheduled__2025-01-01T01:27:00+00:00 [queued]>
[2025-02-06T09:00:38.214+0000] {taskinstance.py:2613} INFO - Dependencies all met for dep_context=requeueable deps ti=<TaskInstance: my_first_dag.task_2 scheduled__2025-01-01T01:27:00+00:00 [queued]>
[2025-02-06T09:00:38.216+0000] {taskinstance.py:2866} INFO - Starting attempt 1 of 1
[2025-02-06T09:00:38.256+0000] {taskinstance.py:2889} INFO - Executing <Task(PythonOperator): task_2> on 2025-01-01 01:27:00+00:00
[2025-02-06T09:00:38.258+0000] {standard_task_runner.py:72} INFO - Started process 64 to run task
[2025-02-06T09:00:38.261+0000] {standard_task_runner.py:104} INFO - Running: ['airflow', 'tasks', 'run', 'my_first_dag', 'task_2', 'scheduled__2025-01-01T01:27:00+00:00', '--job-id', '315', '--raw', '--subdir', 'DAGS_FOLDER/first_dag.py', '--cfg-path', '/tmp/tmpw5u97i30']
[2025-02-06T09:00:38.262+0000] {standard_task_runner.py:105} INFO - Job 315: Subtask task_2
[2025-02-06T09:00:38.344+0000] {task_command.py:467} INFO - Running <TaskInstance: my_first_dag.task_2 scheduled__2025-01-01T01:27:00+00:00 [running]> on host 56ad8bb1b89a
[2025-02-06T09:00:38.448+0000] {taskinstance.py:3132} INFO - Exporting env vars: AIRFLOW_CTX_DAG_OWNER='airflow' AIRFLOW_CTX_DAG_ID='my_first_dag' AIRFLOW_CTX_TASK_ID='task_2' AIRFLOW_CTX_EXECUTION_DATE='2025-01-01T01:27:00+00:00' AIRFLOW_CTX_TRY_NUMBER='1' AIRFLOW_CTX_DAG_RUN_ID='scheduled__2025-01-01T01:27:00+00:00'
[2025-02-06T09:00:38.449+0000] {logging_mixin.py:190} INFO - Task instance is in running state
[2025-02-06T09:00:38.449+0000] {logging_mixin.py:190} INFO -  Previous state of the Task instance: queued
[2025-02-06T09:00:38.450+0000] {logging_mixin.py:190} INFO - Current task name:task_2 state:running start_date:2025-02-06 09:00:38.198032+00:00
[2025-02-06T09:00:38.450+0000] {logging_mixin.py:190} INFO - Dag name:my_first_dag and current dag run status:running
[2025-02-06T09:00:38.451+0000] {taskinstance.py:731} INFO - ::endgroup::
[2025-02-06T09:00:38.451+0000] {logging_mixin.py:190} INFO - Hello World
[2025-02-06T09:00:38.452+0000] {python.py:240} INFO - Done. Returned value was: None
[2025-02-06T09:00:38.464+0000] {taskinstance.py:340} INFO - ::group::Post task execution logs
[2025-02-06T09:00:38.464+0000] {taskinstance.py:352} INFO - Marking task as SUCCESS. dag_id=my_first_dag, task_id=task_2, run_id=scheduled__2025-01-01T01:27:00+00:00, execution_date=20250101T012700, start_date=20250206T090038, end_date=20250206T090038
[2025-02-06T09:00:38.496+0000] {logging_mixin.py:190} INFO - Task instance in success state
[2025-02-06T09:00:38.497+0000] {logging_mixin.py:190} INFO -  Previous state of the Task instance: running
[2025-02-06T09:00:38.497+0000] {logging_mixin.py:190} INFO - Dag name:my_first_dag queued_at:2025-02-06 08:59:22.616772+00:00
[2025-02-06T09:00:38.498+0000] {logging_mixin.py:190} INFO - Task hostname:56ad8bb1b89a operator:PythonOperator
[2025-02-06T09:00:38.515+0000] {local_task_job_runner.py:266} INFO - Task exited with return code 0
[2025-02-06T09:00:38.531+0000] {taskinstance.py:3895} INFO - 0 downstream tasks scheduled from follow-on schedule check
[2025-02-06T09:00:38.533+0000] {local_task_job_runner.py:245} INFO - ::endgroup::
