[2025-02-06T12:17:17.577+0000] {local_task_job_runner.py:123} INFO - ::group::Pre task execution logs
[2025-02-06T12:17:17.688+0000] {taskinstance.py:2613} INFO - Dependencies all met for dep_context=non-requeueable deps ti=<TaskInstance: my_first_dag.task_2 scheduled__2025-01-01T06:47:30+00:00 [queued]>
[2025-02-06T12:17:17.791+0000] {taskinstance.py:2613} INFO - Dependencies all met for dep_context=requeueable deps ti=<TaskInstance: my_first_dag.task_2 scheduled__2025-01-01T06:47:30+00:00 [queued]>
[2025-02-06T12:17:17.793+0000] {taskinstance.py:2866} INFO - Starting attempt 1 of 1
[2025-02-06T12:17:17.853+0000] {taskinstance.py:2889} INFO - Executing <Task(PythonOperator): task_2> on 2025-01-01 06:47:30+00:00
[2025-02-06T12:17:17.857+0000] {standard_task_runner.py:72} INFO - Started process 129 to run task
[2025-02-06T12:17:17.861+0000] {standard_task_runner.py:104} INFO - Running: ['airflow', 'tasks', 'run', 'my_first_dag', 'task_2', 'scheduled__2025-01-01T06:47:30+00:00', '--job-id', '2414', '--raw', '--subdir', 'DAGS_FOLDER/first_dag.py', '--cfg-path', '/tmp/tmpfhrsszdu']
[2025-02-06T12:17:17.862+0000] {standard_task_runner.py:105} INFO - Job 2414: Subtask task_2
[2025-02-06T12:17:17.969+0000] {task_command.py:467} INFO - Running <TaskInstance: my_first_dag.task_2 scheduled__2025-01-01T06:47:30+00:00 [running]> on host a1f4e38d3966
[2025-02-06T12:17:18.107+0000] {taskinstance.py:3132} INFO - Exporting env vars: AIRFLOW_CTX_DAG_OWNER='airflow' AIRFLOW_CTX_DAG_ID='my_first_dag' AIRFLOW_CTX_TASK_ID='task_2' AIRFLOW_CTX_EXECUTION_DATE='2025-01-01T06:47:30+00:00' AIRFLOW_CTX_TRY_NUMBER='1' AIRFLOW_CTX_DAG_RUN_ID='scheduled__2025-01-01T06:47:30+00:00'
[2025-02-06T12:17:18.109+0000] {logging_mixin.py:190} INFO - Task instance is in running state
[2025-02-06T12:17:18.110+0000] {logging_mixin.py:190} INFO -  Previous state of the Task instance: queued
[2025-02-06T12:17:18.110+0000] {logging_mixin.py:190} INFO - Current task name:task_2 state:running start_date:2025-02-06 12:17:17.689487+00:00
[2025-02-06T12:17:18.111+0000] {logging_mixin.py:190} INFO - Dag name:my_first_dag and current dag run status:running
[2025-02-06T12:17:18.111+0000] {taskinstance.py:731} INFO - ::endgroup::
[2025-02-06T12:17:18.136+0000] {logging_mixin.py:190} INFO - Hello John 195 API_KEY
[2025-02-06T12:17:18.137+0000] {python.py:240} INFO - Done. Returned value was: 195
[2025-02-06T12:17:18.295+0000] {taskinstance.py:340} INFO - ::group::Post task execution logs
[2025-02-06T12:17:18.296+0000] {taskinstance.py:352} INFO - Marking task as SUCCESS. dag_id=my_first_dag, task_id=task_2, run_id=scheduled__2025-01-01T06:47:30+00:00, execution_date=20250101T064730, start_date=20250206T121717, end_date=20250206T121718
[2025-02-06T12:17:18.341+0000] {logging_mixin.py:190} INFO - Task instance in success state
[2025-02-06T12:17:18.342+0000] {logging_mixin.py:190} INFO -  Previous state of the Task instance: running
[2025-02-06T12:17:18.343+0000] {logging_mixin.py:190} INFO - Dag name:my_first_dag queued_at:2025-02-06 12:16:07.109623+00:00
[2025-02-06T12:17:18.343+0000] {logging_mixin.py:190} INFO - Task hostname:a1f4e38d3966 operator:PythonOperator
[2025-02-06T12:17:18.357+0000] {local_task_job_runner.py:266} INFO - Task exited with return code 0
[2025-02-06T12:17:18.387+0000] {taskinstance.py:3895} INFO - 1 downstream tasks scheduled from follow-on schedule check
[2025-02-06T12:17:18.398+0000] {local_task_job_runner.py:245} INFO - ::endgroup::
