[2025-02-06T13:25:55.563+0000] {local_task_job_runner.py:123} INFO - ::group::Pre task execution logs
[2025-02-06T13:25:55.583+0000] {taskinstance.py:2613} INFO - Dependencies all met for dep_context=non-requeueable deps ti=<TaskInstance: my_training_dag.task_insert_data scheduled__2025-01-01T02:00:30+00:00 [queued]>
[2025-02-06T13:25:55.598+0000] {taskinstance.py:2613} INFO - Dependencies all met for dep_context=requeueable deps ti=<TaskInstance: my_training_dag.task_insert_data scheduled__2025-01-01T02:00:30+00:00 [queued]>
[2025-02-06T13:25:55.599+0000] {taskinstance.py:2866} INFO - Starting attempt 1 of 1
[2025-02-06T13:25:55.643+0000] {taskinstance.py:2889} INFO - Executing <Task(PythonOperator): task_insert_data> on 2025-01-01 02:00:30+00:00
[2025-02-06T13:25:55.648+0000] {standard_task_runner.py:72} INFO - Started process 2960 to run task
[2025-02-06T13:25:55.651+0000] {standard_task_runner.py:104} INFO - Running: ['airflow', 'tasks', 'run', 'my_training_dag', 'task_insert_data', 'scheduled__2025-01-01T02:00:30+00:00', '--job-id', '3269', '--raw', '--subdir', 'DAGS_FOLDER/training_dag.py', '--cfg-path', '/tmp/tmp04neiwld']
[2025-02-06T13:25:55.652+0000] {standard_task_runner.py:105} INFO - Job 3269: Subtask task_insert_data
[2025-02-06T13:25:55.731+0000] {task_command.py:467} INFO - Running <TaskInstance: my_training_dag.task_insert_data scheduled__2025-01-01T02:00:30+00:00 [running]> on host cbb1459a86bc
[2025-02-06T13:25:55.847+0000] {taskinstance.py:3132} INFO - Exporting env vars: AIRFLOW_CTX_DAG_OWNER='airflow' AIRFLOW_CTX_DAG_ID='my_training_dag' AIRFLOW_CTX_TASK_ID='task_insert_data' AIRFLOW_CTX_EXECUTION_DATE='2025-01-01T02:00:30+00:00' AIRFLOW_CTX_TRY_NUMBER='1' AIRFLOW_CTX_DAG_RUN_ID='scheduled__2025-01-01T02:00:30+00:00'
[2025-02-06T13:25:55.849+0000] {logging_mixin.py:190} INFO - Task instance is in running state
[2025-02-06T13:25:55.849+0000] {logging_mixin.py:190} INFO -  Previous state of the Task instance: queued
[2025-02-06T13:25:55.850+0000] {logging_mixin.py:190} INFO - Current task name:task_insert_data state:running start_date:2025-02-06 13:25:55.584404+00:00
[2025-02-06T13:25:55.850+0000] {logging_mixin.py:190} INFO - Dag name:my_training_dag and current dag run status:running
[2025-02-06T13:25:55.851+0000] {taskinstance.py:731} INFO - ::endgroup::
[2025-02-06T13:25:55.867+0000] {logging_mixin.py:190} INFO - Table : 'iris_data'  created succesfully
[2025-02-06T13:25:55.946+0000] {python.py:240} INFO - Done. Returned value was: None
[2025-02-06T13:25:55.959+0000] {taskinstance.py:340} INFO - ::group::Post task execution logs
[2025-02-06T13:25:55.960+0000] {taskinstance.py:352} INFO - Marking task as SUCCESS. dag_id=my_training_dag, task_id=task_insert_data, run_id=scheduled__2025-01-01T02:00:30+00:00, execution_date=20250101T020030, start_date=20250206T132555, end_date=20250206T132555
[2025-02-06T13:25:55.999+0000] {logging_mixin.py:190} INFO - Task instance in success state
[2025-02-06T13:25:56.000+0000] {logging_mixin.py:190} INFO -  Previous state of the Task instance: running
[2025-02-06T13:25:56.000+0000] {logging_mixin.py:190} INFO - Dag name:my_training_dag queued_at:2025-02-06 13:25:50.359208+00:00
[2025-02-06T13:25:56.001+0000] {logging_mixin.py:190} INFO - Task hostname:cbb1459a86bc operator:PythonOperator
[2025-02-06T13:25:56.025+0000] {local_task_job_runner.py:266} INFO - Task exited with return code 0
[2025-02-06T13:25:56.042+0000] {taskinstance.py:3895} INFO - 0 downstream tasks scheduled from follow-on schedule check
[2025-02-06T13:25:56.044+0000] {local_task_job_runner.py:245} INFO - ::endgroup::
