[2025-02-06T13:23:28.999+0000] {local_task_job_runner.py:123} INFO - ::group::Pre task execution logs
[2025-02-06T13:23:29.023+0000] {taskinstance.py:2613} INFO - Dependencies all met for dep_context=non-requeueable deps ti=<TaskInstance: my_first_dag.task_1 scheduled__2025-01-01T07:44:00+00:00 [queued]>
[2025-02-06T13:23:29.053+0000] {taskinstance.py:2613} INFO - Dependencies all met for dep_context=requeueable deps ti=<TaskInstance: my_first_dag.task_1 scheduled__2025-01-01T07:44:00+00:00 [queued]>
[2025-02-06T13:23:29.054+0000] {taskinstance.py:2866} INFO - Starting attempt 1 of 1
[2025-02-06T13:23:29.089+0000] {taskinstance.py:2889} INFO - Executing <Task(PythonOperator): task_1> on 2025-01-01 07:44:00+00:00
[2025-02-06T13:23:29.093+0000] {standard_task_runner.py:72} INFO - Started process 1903 to run task
[2025-02-06T13:23:29.095+0000] {standard_task_runner.py:104} INFO - Running: ['airflow', 'tasks', 'run', 'my_first_dag', 'task_1', 'scheduled__2025-01-01T07:44:00+00:00', '--job-id', '3232', '--raw', '--subdir', 'DAGS_FOLDER/first_dag.py', '--cfg-path', '/tmp/tmpiurty449']
[2025-02-06T13:23:29.096+0000] {standard_task_runner.py:105} INFO - Job 3232: Subtask task_1
[2025-02-06T13:23:29.175+0000] {task_command.py:467} INFO - Running <TaskInstance: my_first_dag.task_1 scheduled__2025-01-01T07:44:00+00:00 [running]> on host cbb1459a86bc
[2025-02-06T13:23:29.276+0000] {taskinstance.py:3132} INFO - Exporting env vars: AIRFLOW_CTX_DAG_OWNER='airflow' AIRFLOW_CTX_DAG_ID='my_first_dag' AIRFLOW_CTX_TASK_ID='task_1' AIRFLOW_CTX_EXECUTION_DATE='2025-01-01T07:44:00+00:00' AIRFLOW_CTX_TRY_NUMBER='1' AIRFLOW_CTX_DAG_RUN_ID='scheduled__2025-01-01T07:44:00+00:00'
[2025-02-06T13:23:29.278+0000] {logging_mixin.py:190} INFO - Task instance is in running state
[2025-02-06T13:23:29.278+0000] {logging_mixin.py:190} INFO -  Previous state of the Task instance: queued
[2025-02-06T13:23:29.279+0000] {logging_mixin.py:190} INFO - Current task name:task_1 state:running start_date:2025-02-06 13:23:29.023649+00:00
[2025-02-06T13:23:29.280+0000] {logging_mixin.py:190} INFO - Dag name:my_first_dag and current dag run status:running
[2025-02-06T13:23:29.280+0000] {taskinstance.py:731} INFO - ::endgroup::
[2025-02-06T13:23:29.302+0000] {logging_mixin.py:190} INFO - Hello Kevin 175 API_KEY
[2025-02-06T13:23:29.303+0000] {python.py:240} INFO - Done. Returned value was: 175
[2025-02-06T13:23:29.343+0000] {taskinstance.py:340} INFO - ::group::Post task execution logs
[2025-02-06T13:23:29.343+0000] {taskinstance.py:352} INFO - Marking task as SUCCESS. dag_id=my_first_dag, task_id=task_1, run_id=scheduled__2025-01-01T07:44:00+00:00, execution_date=20250101T074400, start_date=20250206T132329, end_date=20250206T132329
[2025-02-06T13:23:29.484+0000] {logging_mixin.py:190} INFO - Task instance in success state
[2025-02-06T13:23:29.485+0000] {logging_mixin.py:190} INFO -  Previous state of the Task instance: running
[2025-02-06T13:23:29.485+0000] {logging_mixin.py:190} INFO - Dag name:my_first_dag queued_at:2025-02-06 13:23:07.089083+00:00
[2025-02-06T13:23:29.486+0000] {logging_mixin.py:190} INFO - Task hostname:cbb1459a86bc operator:PythonOperator
[2025-02-06T13:23:29.510+0000] {local_task_job_runner.py:266} INFO - Task exited with return code 0
[2025-02-06T13:23:29.551+0000] {taskinstance.py:3895} INFO - 1 downstream tasks scheduled from follow-on schedule check
[2025-02-06T13:23:29.566+0000] {local_task_job_runner.py:245} INFO - ::endgroup::
