[2025-02-06T10:06:38.151+0000] {local_task_job_runner.py:123} INFO - ::group::Pre task execution logs
[2025-02-06T10:06:38.168+0000] {taskinstance.py:2613} INFO - Dependencies all met for dep_context=non-requeueable deps ti=<TaskInstance: my_first_dag.first_task scheduled__2025-01-01T05:32:00+00:00 [queued]>
[2025-02-06T10:06:38.194+0000] {taskinstance.py:2613} INFO - Dependencies all met for dep_context=requeueable deps ti=<TaskInstance: my_first_dag.first_task scheduled__2025-01-01T05:32:00+00:00 [queued]>
[2025-02-06T10:06:38.195+0000] {taskinstance.py:2866} INFO - Starting attempt 1 of 1
[2025-02-06T10:06:38.238+0000] {taskinstance.py:2889} INFO - Executing <Task(PythonOperator): first_task> on 2025-01-01 05:32:00+00:00
[2025-02-06T10:06:38.241+0000] {standard_task_runner.py:72} INFO - Started process 2098 to run task
[2025-02-06T10:06:38.243+0000] {standard_task_runner.py:104} INFO - Running: ['airflow', 'tasks', 'run', 'my_first_dag', 'first_task', 'scheduled__2025-01-01T05:32:00+00:00', '--job-id', '1628', '--raw', '--subdir', 'DAGS_FOLDER/first_dag.py', '--cfg-path', '/tmp/tmp370sqv5i']
[2025-02-06T10:06:38.244+0000] {standard_task_runner.py:105} INFO - Job 1628: Subtask first_task
[2025-02-06T10:06:38.328+0000] {task_command.py:467} INFO - Running <TaskInstance: my_first_dag.first_task scheduled__2025-01-01T05:32:00+00:00 [running]> on host 1f20f9aee2e1
[2025-02-06T10:06:38.441+0000] {taskinstance.py:3132} INFO - Exporting env vars: AIRFLOW_CTX_DAG_OWNER='airflow' AIRFLOW_CTX_DAG_ID='my_first_dag' AIRFLOW_CTX_TASK_ID='first_task' AIRFLOW_CTX_EXECUTION_DATE='2025-01-01T05:32:00+00:00' AIRFLOW_CTX_TRY_NUMBER='1' AIRFLOW_CTX_DAG_RUN_ID='scheduled__2025-01-01T05:32:00+00:00'
[2025-02-06T10:06:38.443+0000] {logging_mixin.py:190} INFO - Task instance is in running state
[2025-02-06T10:06:38.444+0000] {logging_mixin.py:190} INFO -  Previous state of the Task instance: queued
[2025-02-06T10:06:38.444+0000] {logging_mixin.py:190} INFO - Current task name:first_task state:running start_date:2025-02-06 10:06:38.169025+00:00
[2025-02-06T10:06:38.445+0000] {logging_mixin.py:190} INFO - Dag name:my_first_dag and current dag run status:running
[2025-02-06T10:06:38.445+0000] {taskinstance.py:731} INFO - ::endgroup::
[2025-02-06T10:06:38.446+0000] {python.py:240} INFO - Done. Returned value was: 819
[2025-02-06T10:06:38.486+0000] {taskinstance.py:340} INFO - ::group::Post task execution logs
[2025-02-06T10:06:38.487+0000] {taskinstance.py:352} INFO - Marking task as SUCCESS. dag_id=my_first_dag, task_id=first_task, run_id=scheduled__2025-01-01T05:32:00+00:00, execution_date=20250101T053200, start_date=20250206T100638, end_date=20250206T100638
[2025-02-06T10:06:38.531+0000] {logging_mixin.py:190} INFO - Task instance in success state
[2025-02-06T10:06:38.532+0000] {logging_mixin.py:190} INFO -  Previous state of the Task instance: running
[2025-02-06T10:06:38.533+0000] {logging_mixin.py:190} INFO - Dag name:my_first_dag queued_at:2025-02-06 10:06:36.495887+00:00
[2025-02-06T10:06:38.533+0000] {logging_mixin.py:190} INFO - Task hostname:1f20f9aee2e1 operator:PythonOperator
[2025-02-06T10:06:38.577+0000] {local_task_job_runner.py:266} INFO - Task exited with return code 0
[2025-02-06T10:06:38.614+0000] {taskinstance.py:3895} INFO - 1 downstream tasks scheduled from follow-on schedule check
[2025-02-06T10:06:38.659+0000] {local_task_job_runner.py:245} INFO - ::endgroup::
