[2025-02-06T10:05:01.578+0000] {local_task_job_runner.py:123} INFO - ::group::Pre task execution logs
[2025-02-06T10:05:01.611+0000] {taskinstance.py:2613} INFO - Dependencies all met for dep_context=non-requeueable deps ti=<TaskInstance: my_first_dag.task_1 scheduled__2025-01-01T05:27:30+00:00 [queued]>
[2025-02-06T10:05:01.642+0000] {taskinstance.py:2613} INFO - Dependencies all met for dep_context=requeueable deps ti=<TaskInstance: my_first_dag.task_1 scheduled__2025-01-01T05:27:30+00:00 [queued]>
[2025-02-06T10:05:01.644+0000] {taskinstance.py:2866} INFO - Starting attempt 1 of 1
[2025-02-06T10:05:01.681+0000] {taskinstance.py:2889} INFO - Executing <Task(PythonOperator): task_1> on 2025-01-01 05:27:30+00:00
[2025-02-06T10:05:01.685+0000] {standard_task_runner.py:72} INFO - Started process 1993 to run task
[2025-02-06T10:05:01.687+0000] {standard_task_runner.py:104} INFO - Running: ['airflow', 'tasks', 'run', 'my_first_dag', 'task_1', 'scheduled__2025-01-01T05:27:30+00:00', '--job-id', '1620', '--raw', '--subdir', 'DAGS_FOLDER/first_dag.py', '--cfg-path', '/tmp/tmpuli91jw9']
[2025-02-06T10:05:01.688+0000] {standard_task_runner.py:105} INFO - Job 1620: Subtask task_1
[2025-02-06T10:05:01.763+0000] {task_command.py:467} INFO - Running <TaskInstance: my_first_dag.task_1 scheduled__2025-01-01T05:27:30+00:00 [running]> on host 1f20f9aee2e1
[2025-02-06T10:05:01.874+0000] {taskinstance.py:3132} INFO - Exporting env vars: AIRFLOW_CTX_DAG_OWNER='airflow' AIRFLOW_CTX_DAG_ID='my_first_dag' AIRFLOW_CTX_TASK_ID='task_1' AIRFLOW_CTX_EXECUTION_DATE='2025-01-01T05:27:30+00:00' AIRFLOW_CTX_TRY_NUMBER='1' AIRFLOW_CTX_DAG_RUN_ID='scheduled__2025-01-01T05:27:30+00:00'
[2025-02-06T10:05:01.876+0000] {logging_mixin.py:190} INFO - Task instance is in running state
[2025-02-06T10:05:01.877+0000] {logging_mixin.py:190} INFO -  Previous state of the Task instance: queued
[2025-02-06T10:05:01.878+0000] {logging_mixin.py:190} INFO - Current task name:task_1 state:running start_date:2025-02-06 10:05:01.612386+00:00
[2025-02-06T10:05:01.878+0000] {logging_mixin.py:190} INFO - Dag name:my_first_dag and current dag run status:running
[2025-02-06T10:05:01.879+0000] {taskinstance.py:731} INFO - ::endgroup::
[2025-02-06T10:05:01.880+0000] {logging_mixin.py:190} INFO - Hello World
[2025-02-06T10:05:01.880+0000] {python.py:240} INFO - Done. Returned value was: None
[2025-02-06T10:05:01.896+0000] {taskinstance.py:340} INFO - ::group::Post task execution logs
[2025-02-06T10:05:01.897+0000] {taskinstance.py:352} INFO - Marking task as SUCCESS. dag_id=my_first_dag, task_id=task_1, run_id=scheduled__2025-01-01T05:27:30+00:00, execution_date=20250101T052730, start_date=20250206T100501, end_date=20250206T100501
[2025-02-06T10:05:01.927+0000] {logging_mixin.py:190} INFO - Task instance in success state
[2025-02-06T10:05:01.928+0000] {logging_mixin.py:190} INFO -  Previous state of the Task instance: running
[2025-02-06T10:05:01.928+0000] {logging_mixin.py:190} INFO - Dag name:my_first_dag queued_at:2025-02-06 10:04:37.390069+00:00
[2025-02-06T10:05:01.929+0000] {logging_mixin.py:190} INFO - Task hostname:1f20f9aee2e1 operator:PythonOperator
[2025-02-06T10:05:01.942+0000] {local_task_job_runner.py:266} INFO - Task exited with return code 0
[2025-02-06T10:05:01.974+0000] {taskinstance.py:3895} INFO - 1 downstream tasks scheduled from follow-on schedule check
[2025-02-06T10:05:01.985+0000] {local_task_job_runner.py:245} INFO - ::endgroup::
