[2025-02-06T08:53:29.628+0000] {local_task_job_runner.py:123} INFO - ::group::Pre task execution logs
[2025-02-06T08:53:29.644+0000] {taskinstance.py:2613} INFO - Dependencies all met for dep_context=non-requeueable deps ti=<TaskInstance: my_first_dag.task_1 scheduled__2025-01-01T00:53:00+00:00 [queued]>
[2025-02-06T08:53:29.654+0000] {taskinstance.py:2613} INFO - Dependencies all met for dep_context=requeueable deps ti=<TaskInstance: my_first_dag.task_1 scheduled__2025-01-01T00:53:00+00:00 [queued]>
[2025-02-06T08:53:29.654+0000] {taskinstance.py:2866} INFO - Starting attempt 1 of 1
[2025-02-06T08:53:29.687+0000] {taskinstance.py:2889} INFO - Executing <Task(PythonOperator): task_1> on 2025-01-01 00:53:00+00:00
[2025-02-06T08:53:29.690+0000] {standard_task_runner.py:72} INFO - Started process 656 to run task
[2025-02-06T08:53:29.692+0000] {standard_task_runner.py:104} INFO - Running: ['airflow', 'tasks', 'run', 'my_first_dag', 'task_1', 'scheduled__2025-01-01T00:53:00+00:00', '--job-id', '177', '--raw', '--subdir', 'DAGS_FOLDER/first_dag.py', '--cfg-path', '/tmp/tmpyqayjmyr']
[2025-02-06T08:53:29.693+0000] {standard_task_runner.py:105} INFO - Job 177: Subtask task_1
[2025-02-06T08:53:29.768+0000] {task_command.py:467} INFO - Running <TaskInstance: my_first_dag.task_1 scheduled__2025-01-01T00:53:00+00:00 [running]> on host 128ac2960630
[2025-02-06T08:53:29.877+0000] {taskinstance.py:3132} INFO - Exporting env vars: AIRFLOW_CTX_DAG_OWNER='airflow' AIRFLOW_CTX_DAG_ID='my_first_dag' AIRFLOW_CTX_TASK_ID='task_1' AIRFLOW_CTX_EXECUTION_DATE='2025-01-01T00:53:00+00:00' AIRFLOW_CTX_TRY_NUMBER='1' AIRFLOW_CTX_DAG_RUN_ID='scheduled__2025-01-01T00:53:00+00:00'
[2025-02-06T08:53:29.878+0000] {logging_mixin.py:190} INFO - Task instance is in running state
[2025-02-06T08:53:29.879+0000] {logging_mixin.py:190} INFO -  Previous state of the Task instance: queued
[2025-02-06T08:53:29.880+0000] {logging_mixin.py:190} INFO - Current task name:task_1 state:running start_date:2025-02-06 08:53:29.644558+00:00
[2025-02-06T08:53:29.880+0000] {logging_mixin.py:190} INFO - Dag name:my_first_dag and current dag run status:running
[2025-02-06T08:53:29.880+0000] {taskinstance.py:731} INFO - ::endgroup::
[2025-02-06T08:53:29.881+0000] {logging_mixin.py:190} INFO - Hello World
[2025-02-06T08:53:29.882+0000] {python.py:240} INFO - Done. Returned value was: None
[2025-02-06T08:53:29.892+0000] {taskinstance.py:340} INFO - ::group::Post task execution logs
[2025-02-06T08:53:29.893+0000] {taskinstance.py:352} INFO - Marking task as SUCCESS. dag_id=my_first_dag, task_id=task_1, run_id=scheduled__2025-01-01T00:53:00+00:00, execution_date=20250101T005300, start_date=20250206T085329, end_date=20250206T085329
[2025-02-06T08:53:29.921+0000] {logging_mixin.py:190} INFO - Task instance in success state
[2025-02-06T08:53:29.922+0000] {logging_mixin.py:190} INFO -  Previous state of the Task instance: running
[2025-02-06T08:53:29.922+0000] {logging_mixin.py:190} INFO - Dag name:my_first_dag queued_at:2025-02-06 08:53:28.122881+00:00
[2025-02-06T08:53:29.923+0000] {logging_mixin.py:190} INFO - Task hostname:128ac2960630 operator:PythonOperator
[2025-02-06T08:53:29.945+0000] {local_task_job_runner.py:266} INFO - Task exited with return code 0
[2025-02-06T08:53:29.973+0000] {taskinstance.py:3895} INFO - 1 downstream tasks scheduled from follow-on schedule check
[2025-02-06T08:53:29.995+0000] {local_task_job_runner.py:245} INFO - ::endgroup::
