[2025-02-06T15:17:19.680+0000] {local_task_job_runner.py:123} INFO - ::group::Pre task execution logs
[2025-02-06T15:17:19.704+0000] {taskinstance.py:2613} INFO - Dependencies all met for dep_context=non-requeueable deps ti=<TaskInstance: my_training_dag.task_insert_data scheduled__2025-01-01T00:21:30+00:00 [queued]>
[2025-02-06T15:17:19.717+0000] {taskinstance.py:2613} INFO - Dependencies all met for dep_context=requeueable deps ti=<TaskInstance: my_training_dag.task_insert_data scheduled__2025-01-01T00:21:30+00:00 [queued]>
[2025-02-06T15:17:19.718+0000] {taskinstance.py:2866} INFO - Starting attempt 1 of 1
[2025-02-06T15:17:19.753+0000] {taskinstance.py:2889} INFO - Executing <Task(PythonOperator): task_insert_data> on 2025-01-01 00:21:30+00:00
[2025-02-06T15:17:19.762+0000] {standard_task_runner.py:104} INFO - Running: ['airflow', 'tasks', 'run', 'my_training_dag', 'task_insert_data', 'scheduled__2025-01-01T00:21:30+00:00', '--job-id', '129', '--raw', '--subdir', 'DAGS_FOLDER/training_dag.py', '--cfg-path', '/tmp/tmpzx7fgfma']
[2025-02-06T15:17:19.763+0000] {standard_task_runner.py:105} INFO - Job 129: Subtask task_insert_data
[2025-02-06T15:17:19.765+0000] {logging_mixin.py:190} WARNING - /opt/conda/lib/python3.12/site-packages/airflow/task/task_runner/standard_task_runner.py:70 DeprecationWarning: This process (pid=743) is multi-threaded, use of fork() may lead to deadlocks in the child.
[2025-02-06T15:17:19.766+0000] {standard_task_runner.py:72} INFO - Started process 776 to run task
[2025-02-06T15:17:19.846+0000] {task_command.py:467} INFO - Running <TaskInstance: my_training_dag.task_insert_data scheduled__2025-01-01T00:21:30+00:00 [running]> on host b98e1e481464
[2025-02-06T15:17:19.970+0000] {taskinstance.py:3132} INFO - Exporting env vars: AIRFLOW_CTX_DAG_OWNER='airflow' AIRFLOW_CTX_DAG_ID='my_training_dag' AIRFLOW_CTX_TASK_ID='task_insert_data' AIRFLOW_CTX_EXECUTION_DATE='2025-01-01T00:21:30+00:00' AIRFLOW_CTX_TRY_NUMBER='1' AIRFLOW_CTX_DAG_RUN_ID='scheduled__2025-01-01T00:21:30+00:00'
[2025-02-06T15:17:19.971+0000] {logging_mixin.py:190} INFO - Task instance is in running state
[2025-02-06T15:17:19.972+0000] {logging_mixin.py:190} INFO -  Previous state of the Task instance: queued
[2025-02-06T15:17:19.973+0000] {logging_mixin.py:190} INFO - Current task name:task_insert_data state:running start_date:2025-02-06 15:17:19.705049+00:00
[2025-02-06T15:17:19.973+0000] {logging_mixin.py:190} INFO - Dag name:my_training_dag and current dag run status:running
[2025-02-06T15:17:19.974+0000] {taskinstance.py:731} INFO - ::endgroup::
[2025-02-06T15:17:20.002+0000] {logging_mixin.py:190} INFO - Table : 'iris_data'  created succesfully
[2025-02-06T15:17:20.112+0000] {python.py:240} INFO - Done. Returned value was: None
[2025-02-06T15:17:20.126+0000] {taskinstance.py:340} INFO - ::group::Post task execution logs
[2025-02-06T15:17:20.126+0000] {taskinstance.py:352} INFO - Marking task as SUCCESS. dag_id=my_training_dag, task_id=task_insert_data, run_id=scheduled__2025-01-01T00:21:30+00:00, execution_date=20250101T002130, start_date=20250206T151719, end_date=20250206T151720
[2025-02-06T15:17:20.167+0000] {logging_mixin.py:190} INFO - Task instance in success state
[2025-02-06T15:17:20.167+0000] {logging_mixin.py:190} INFO -  Previous state of the Task instance: running
[2025-02-06T15:17:20.168+0000] {logging_mixin.py:190} INFO - Dag name:my_training_dag queued_at:2025-02-06 15:17:16.193027+00:00
[2025-02-06T15:17:20.168+0000] {logging_mixin.py:190} INFO - Task hostname:b98e1e481464 operator:PythonOperator
[2025-02-06T15:17:20.182+0000] {local_task_job_runner.py:266} INFO - Task exited with return code 0
[2025-02-06T15:17:20.219+0000] {taskinstance.py:3895} INFO - 1 downstream tasks scheduled from follow-on schedule check
[2025-02-06T15:17:20.231+0000] {local_task_job_runner.py:245} INFO - ::endgroup::
