[2025-02-06T09:24:17.096+0000] {local_task_job_runner.py:123} INFO - ::group::Pre task execution logs
[2025-02-06T09:24:17.120+0000] {taskinstance.py:2613} INFO - Dependencies all met for dep_context=non-requeueable deps ti=<TaskInstance: my_first_dag.task_2 scheduled__2025-01-01T03:25:30+00:00 [queued]>
[2025-02-06T09:24:17.141+0000] {taskinstance.py:2613} INFO - Dependencies all met for dep_context=requeueable deps ti=<TaskInstance: my_first_dag.task_2 scheduled__2025-01-01T03:25:30+00:00 [queued]>
[2025-02-06T09:24:17.142+0000] {taskinstance.py:2866} INFO - Starting attempt 2 of 1
[2025-02-06T09:24:17.179+0000] {taskinstance.py:2889} INFO - Executing <Task(PythonOperator): task_2> on 2025-01-01 03:25:30+00:00
[2025-02-06T09:24:17.182+0000] {standard_task_runner.py:72} INFO - Started process 46 to run task
[2025-02-06T09:24:17.183+0000] {standard_task_runner.py:104} INFO - Running: ['airflow', 'tasks', 'run', 'my_first_dag', 'task_2', 'scheduled__2025-01-01T03:25:30+00:00', '--job-id', '784', '--raw', '--subdir', 'DAGS_FOLDER/first_dag.py', '--cfg-path', '/tmp/tmp1bx1v519']
[2025-02-06T09:24:17.184+0000] {standard_task_runner.py:105} INFO - Job 784: Subtask task_2
[2025-02-06T09:24:17.261+0000] {task_command.py:467} INFO - Running <TaskInstance: my_first_dag.task_2 scheduled__2025-01-01T03:25:30+00:00 [running]> on host 396de5a5f1ac
[2025-02-06T09:24:17.364+0000] {taskinstance.py:3132} INFO - Exporting env vars: AIRFLOW_CTX_DAG_OWNER='airflow' AIRFLOW_CTX_DAG_ID='my_first_dag' AIRFLOW_CTX_TASK_ID='task_2' AIRFLOW_CTX_EXECUTION_DATE='2025-01-01T03:25:30+00:00' AIRFLOW_CTX_TRY_NUMBER='2' AIRFLOW_CTX_DAG_RUN_ID='scheduled__2025-01-01T03:25:30+00:00'
[2025-02-06T09:24:17.365+0000] {logging_mixin.py:190} INFO - Task instance is in running state
[2025-02-06T09:24:17.365+0000] {logging_mixin.py:190} INFO -  Previous state of the Task instance: queued
[2025-02-06T09:24:17.366+0000] {logging_mixin.py:190} INFO - Current task name:task_2 state:running start_date:2025-02-06 09:24:17.121362+00:00
[2025-02-06T09:24:17.366+0000] {logging_mixin.py:190} INFO - Dag name:my_first_dag and current dag run status:running
[2025-02-06T09:24:17.366+0000] {taskinstance.py:731} INFO - ::endgroup::
[2025-02-06T09:24:17.367+0000] {logging_mixin.py:190} INFO - Hello World
[2025-02-06T09:24:17.367+0000] {python.py:240} INFO - Done. Returned value was: None
[2025-02-06T09:24:17.378+0000] {taskinstance.py:340} INFO - ::group::Post task execution logs
[2025-02-06T09:24:17.378+0000] {taskinstance.py:352} INFO - Marking task as SUCCESS. dag_id=my_first_dag, task_id=task_2, run_id=scheduled__2025-01-01T03:25:30+00:00, execution_date=20250101T032530, start_date=20250206T092417, end_date=20250206T092417
[2025-02-06T09:24:17.411+0000] {logging_mixin.py:190} INFO - Task instance in success state
[2025-02-06T09:24:17.412+0000] {logging_mixin.py:190} INFO -  Previous state of the Task instance: running
[2025-02-06T09:24:17.413+0000] {logging_mixin.py:190} INFO - Dag name:my_first_dag queued_at:2025-02-06 09:23:55.223976+00:00
[2025-02-06T09:24:17.413+0000] {logging_mixin.py:190} INFO - Task hostname:396de5a5f1ac operator:PythonOperator
[2025-02-06T09:24:17.437+0000] {local_task_job_runner.py:266} INFO - Task exited with return code 0
[2025-02-06T09:24:17.453+0000] {taskinstance.py:3895} INFO - 0 downstream tasks scheduled from follow-on schedule check
[2025-02-06T09:24:17.455+0000] {local_task_job_runner.py:245} INFO - ::endgroup::
