[2025-02-06T12:53:14.260+0000] {local_task_job_runner.py:123} INFO - ::group::Pre task execution logs
[2025-02-06T12:53:14.282+0000] {taskinstance.py:2613} INFO - Dependencies all met for dep_context=non-requeueable deps ti=<TaskInstance: my_first_dag.task_2 scheduled__2025-01-01T07:23:30+00:00 [queued]>
[2025-02-06T12:53:14.310+0000] {taskinstance.py:2613} INFO - Dependencies all met for dep_context=requeueable deps ti=<TaskInstance: my_first_dag.task_2 scheduled__2025-01-01T07:23:30+00:00 [queued]>
[2025-02-06T12:53:14.312+0000] {taskinstance.py:2866} INFO - Starting attempt 1 of 1
[2025-02-06T12:53:14.343+0000] {taskinstance.py:2889} INFO - Executing <Task(PythonOperator): task_2> on 2025-01-01 07:23:30+00:00
[2025-02-06T12:53:14.347+0000] {standard_task_runner.py:72} INFO - Started process 15331 to run task
[2025-02-06T12:53:14.349+0000] {standard_task_runner.py:104} INFO - Running: ['airflow', 'tasks', 'run', 'my_first_dag', 'task_2', 'scheduled__2025-01-01T07:23:30+00:00', '--job-id', '3008', '--raw', '--subdir', 'DAGS_FOLDER/first_dag.py', '--cfg-path', '/tmp/tmp7ti2pxu2']
[2025-02-06T12:53:14.350+0000] {standard_task_runner.py:105} INFO - Job 3008: Subtask task_2
[2025-02-06T12:53:14.423+0000] {task_command.py:467} INFO - Running <TaskInstance: my_first_dag.task_2 scheduled__2025-01-01T07:23:30+00:00 [running]> on host f59ce29465b4
[2025-02-06T12:53:14.624+0000] {taskinstance.py:3132} INFO - Exporting env vars: AIRFLOW_CTX_DAG_OWNER='airflow' AIRFLOW_CTX_DAG_ID='my_first_dag' AIRFLOW_CTX_TASK_ID='task_2' AIRFLOW_CTX_EXECUTION_DATE='2025-01-01T07:23:30+00:00' AIRFLOW_CTX_TRY_NUMBER='1' AIRFLOW_CTX_DAG_RUN_ID='scheduled__2025-01-01T07:23:30+00:00'
[2025-02-06T12:53:14.625+0000] {logging_mixin.py:190} INFO - Task instance is in running state
[2025-02-06T12:53:14.626+0000] {logging_mixin.py:190} INFO -  Previous state of the Task instance: queued
[2025-02-06T12:53:14.626+0000] {logging_mixin.py:190} INFO - Current task name:task_2 state:running start_date:2025-02-06 12:53:14.283262+00:00
[2025-02-06T12:53:14.626+0000] {logging_mixin.py:190} INFO - Dag name:my_first_dag and current dag run status:running
[2025-02-06T12:53:14.627+0000] {taskinstance.py:731} INFO - ::endgroup::
[2025-02-06T12:53:14.654+0000] {logging_mixin.py:190} INFO - Hello John 386 API_KEY
[2025-02-06T12:53:14.655+0000] {python.py:240} INFO - Done. Returned value was: 386
[2025-02-06T12:53:14.702+0000] {taskinstance.py:340} INFO - ::group::Post task execution logs
[2025-02-06T12:53:14.702+0000] {taskinstance.py:352} INFO - Marking task as SUCCESS. dag_id=my_first_dag, task_id=task_2, run_id=scheduled__2025-01-01T07:23:30+00:00, execution_date=20250101T072330, start_date=20250206T125314, end_date=20250206T125314
[2025-02-06T12:53:14.838+0000] {logging_mixin.py:190} INFO - Task instance in success state
[2025-02-06T12:53:14.839+0000] {logging_mixin.py:190} INFO -  Previous state of the Task instance: running
[2025-02-06T12:53:14.839+0000] {logging_mixin.py:190} INFO - Dag name:my_first_dag queued_at:2025-02-06 12:53:01.845691+00:00
[2025-02-06T12:53:14.839+0000] {logging_mixin.py:190} INFO - Task hostname:f59ce29465b4 operator:PythonOperator
[2025-02-06T12:53:14.885+0000] {local_task_job_runner.py:266} INFO - Task exited with return code 0
[2025-02-06T12:53:14.924+0000] {taskinstance.py:3895} INFO - 1 downstream tasks scheduled from follow-on schedule check
[2025-02-06T12:53:14.935+0000] {local_task_job_runner.py:245} INFO - ::endgroup::
