[2025-02-06T09:18:33.789+0000] {local_task_job_runner.py:123} INFO - ::group::Pre task execution logs
[2025-02-06T09:18:33.809+0000] {taskinstance.py:2613} INFO - Dependencies all met for dep_context=non-requeueable deps ti=<TaskInstance: my_first_dag.task_1 scheduled__2025-01-01T02:57:30+00:00 [queued]>
[2025-02-06T09:18:33.828+0000] {taskinstance.py:2613} INFO - Dependencies all met for dep_context=requeueable deps ti=<TaskInstance: my_first_dag.task_1 scheduled__2025-01-01T02:57:30+00:00 [queued]>
[2025-02-06T09:18:33.830+0000] {taskinstance.py:2866} INFO - Starting attempt 1 of 1
[2025-02-06T09:18:33.863+0000] {taskinstance.py:2889} INFO - Executing <Task(PythonOperator): task_1> on 2025-01-01 02:57:30+00:00
[2025-02-06T09:18:33.866+0000] {standard_task_runner.py:72} INFO - Started process 1621 to run task
[2025-02-06T09:18:33.869+0000] {standard_task_runner.py:104} INFO - Running: ['airflow', 'tasks', 'run', 'my_first_dag', 'task_1', 'scheduled__2025-01-01T02:57:30+00:00', '--job-id', '671', '--raw', '--subdir', 'DAGS_FOLDER/first_dag.py', '--cfg-path', '/tmp/tmp_ao7liqm']
[2025-02-06T09:18:33.870+0000] {standard_task_runner.py:105} INFO - Job 671: Subtask task_1
[2025-02-06T09:18:33.955+0000] {task_command.py:467} INFO - Running <TaskInstance: my_first_dag.task_1 scheduled__2025-01-01T02:57:30+00:00 [running]> on host 6f30e18c7b14
[2025-02-06T09:18:34.048+0000] {taskinstance.py:3132} INFO - Exporting env vars: AIRFLOW_CTX_DAG_OWNER='airflow' AIRFLOW_CTX_DAG_ID='my_first_dag' AIRFLOW_CTX_TASK_ID='task_1' AIRFLOW_CTX_EXECUTION_DATE='2025-01-01T02:57:30+00:00' AIRFLOW_CTX_TRY_NUMBER='1' AIRFLOW_CTX_DAG_RUN_ID='scheduled__2025-01-01T02:57:30+00:00'
[2025-02-06T09:18:34.049+0000] {logging_mixin.py:190} INFO - Task instance is in running state
[2025-02-06T09:18:34.050+0000] {logging_mixin.py:190} INFO -  Previous state of the Task instance: queued
[2025-02-06T09:18:34.050+0000] {logging_mixin.py:190} INFO - Current task name:task_1 state:running start_date:2025-02-06 09:18:33.810376+00:00
[2025-02-06T09:18:34.051+0000] {logging_mixin.py:190} INFO - Dag name:my_first_dag and current dag run status:running
[2025-02-06T09:18:34.051+0000] {taskinstance.py:731} INFO - ::endgroup::
[2025-02-06T09:18:34.052+0000] {logging_mixin.py:190} INFO - Hello World
[2025-02-06T09:18:34.052+0000] {python.py:240} INFO - Done. Returned value was: None
[2025-02-06T09:18:34.064+0000] {taskinstance.py:340} INFO - ::group::Post task execution logs
[2025-02-06T09:18:34.065+0000] {taskinstance.py:352} INFO - Marking task as SUCCESS. dag_id=my_first_dag, task_id=task_1, run_id=scheduled__2025-01-01T02:57:30+00:00, execution_date=20250101T025730, start_date=20250206T091833, end_date=20250206T091834
[2025-02-06T09:18:34.099+0000] {logging_mixin.py:190} INFO - Task instance in success state
[2025-02-06T09:18:34.100+0000] {logging_mixin.py:190} INFO -  Previous state of the Task instance: running
[2025-02-06T09:18:34.100+0000] {logging_mixin.py:190} INFO - Dag name:my_first_dag queued_at:2025-02-06 09:18:27.271470+00:00
[2025-02-06T09:18:34.100+0000] {logging_mixin.py:190} INFO - Task hostname:6f30e18c7b14 operator:PythonOperator
[2025-02-06T09:18:34.123+0000] {local_task_job_runner.py:266} INFO - Task exited with return code 0
[2025-02-06T09:18:34.141+0000] {taskinstance.py:3895} INFO - 0 downstream tasks scheduled from follow-on schedule check
[2025-02-06T09:18:34.143+0000] {local_task_job_runner.py:245} INFO - ::endgroup::
