[2025-02-06T09:33:50.559+0000] {local_task_job_runner.py:123} INFO - ::group::Pre task execution logs
[2025-02-06T09:33:50.579+0000] {taskinstance.py:2613} INFO - Dependencies all met for dep_context=non-requeueable deps ti=<TaskInstance: my_first_dag.task_random_choice scheduled__2025-01-01T03:59:00+00:00 [queued]>
[2025-02-06T09:33:50.599+0000] {taskinstance.py:2613} INFO - Dependencies all met for dep_context=requeueable deps ti=<TaskInstance: my_first_dag.task_random_choice scheduled__2025-01-01T03:59:00+00:00 [queued]>
[2025-02-06T09:33:50.601+0000] {taskinstance.py:2866} INFO - Starting attempt 1 of 1
[2025-02-06T09:33:50.640+0000] {taskinstance.py:2889} INFO - Executing <Task(BranchPythonOperator): task_random_choice> on 2025-01-01 03:59:00+00:00
[2025-02-06T09:33:50.643+0000] {standard_task_runner.py:72} INFO - Started process 540 to run task
[2025-02-06T09:33:50.645+0000] {standard_task_runner.py:104} INFO - Running: ['airflow', 'tasks', 'run', 'my_first_dag', 'task_random_choice', 'scheduled__2025-01-01T03:59:00+00:00', '--job-id', '982', '--raw', '--subdir', 'DAGS_FOLDER/first_dag.py', '--cfg-path', '/tmp/tmpnvwo8tqg']
[2025-02-06T09:33:50.646+0000] {standard_task_runner.py:105} INFO - Job 982: Subtask task_random_choice
[2025-02-06T09:33:50.731+0000] {task_command.py:467} INFO - Running <TaskInstance: my_first_dag.task_random_choice scheduled__2025-01-01T03:59:00+00:00 [running]> on host 25879eaf192c
[2025-02-06T09:33:50.869+0000] {taskinstance.py:3132} INFO - Exporting env vars: AIRFLOW_CTX_DAG_OWNER='airflow' AIRFLOW_CTX_DAG_ID='my_first_dag' AIRFLOW_CTX_TASK_ID='task_random_choice' AIRFLOW_CTX_EXECUTION_DATE='2025-01-01T03:59:00+00:00' AIRFLOW_CTX_TRY_NUMBER='1' AIRFLOW_CTX_DAG_RUN_ID='scheduled__2025-01-01T03:59:00+00:00'
[2025-02-06T09:33:50.871+0000] {logging_mixin.py:190} INFO - Task instance is in running state
[2025-02-06T09:33:50.871+0000] {logging_mixin.py:190} INFO -  Previous state of the Task instance: queued
[2025-02-06T09:33:50.872+0000] {logging_mixin.py:190} INFO - Current task name:task_random_choice state:running start_date:2025-02-06 09:33:50.580483+00:00
[2025-02-06T09:33:50.873+0000] {logging_mixin.py:190} INFO - Dag name:my_first_dag and current dag run status:running
[2025-02-06T09:33:50.874+0000] {taskinstance.py:731} INFO - ::endgroup::
[2025-02-06T09:33:50.875+0000] {baseoperator.py:421} WARNING - BranchPythonOperator.execute cannot be called outside TaskInstance!
[2025-02-06T09:33:50.876+0000] {python.py:240} INFO - Done. Returned value was: task_1
[2025-02-06T09:33:50.876+0000] {branch.py:38} INFO - Branch into task_1
[2025-02-06T09:33:50.877+0000] {skipmixin.py:230} INFO - Following branch ('task_1',)
[2025-02-06T09:33:50.895+0000] {skipmixin.py:278} INFO - Skipping tasks [('task_2', -1)]
[2025-02-06T09:33:50.984+0000] {taskinstance.py:340} INFO - ::group::Post task execution logs
[2025-02-06T09:33:50.985+0000] {taskinstance.py:352} INFO - Marking task as SUCCESS. dag_id=my_first_dag, task_id=task_random_choice, run_id=scheduled__2025-01-01T03:59:00+00:00, execution_date=20250101T035900, start_date=20250206T093350, end_date=20250206T093350
[2025-02-06T09:33:51.026+0000] {logging_mixin.py:190} INFO - Task instance in success state
[2025-02-06T09:33:51.026+0000] {logging_mixin.py:190} INFO -  Previous state of the Task instance: running
[2025-02-06T09:33:51.027+0000] {logging_mixin.py:190} INFO - Dag name:my_first_dag queued_at:2025-02-06 09:33:41.565835+00:00
[2025-02-06T09:33:51.027+0000] {logging_mixin.py:190} INFO - Task hostname:25879eaf192c operator:BranchPythonOperator
[2025-02-06T09:33:51.058+0000] {local_task_job_runner.py:266} INFO - Task exited with return code 0
[2025-02-06T09:33:51.110+0000] {taskinstance.py:3895} INFO - 1 downstream tasks scheduled from follow-on schedule check
[2025-02-06T09:33:51.122+0000] {local_task_job_runner.py:245} INFO - ::endgroup::
