[2025-02-06T11:44:01.956+0000] {local_task_job_runner.py:123} INFO - ::group::Pre task execution logs
[2025-02-06T11:44:01.979+0000] {taskinstance.py:2613} INFO - Dependencies all met for dep_context=non-requeueable deps ti=<TaskInstance: my_first_dag.first_task scheduled__2025-01-01T06:20:30+00:00 [queued]>
[2025-02-06T11:44:02.011+0000] {taskinstance.py:2613} INFO - Dependencies all met for dep_context=requeueable deps ti=<TaskInstance: my_first_dag.first_task scheduled__2025-01-01T06:20:30+00:00 [queued]>
[2025-02-06T11:44:02.012+0000] {taskinstance.py:2866} INFO - Starting attempt 1 of 1
[2025-02-06T11:44:02.060+0000] {taskinstance.py:2889} INFO - Executing <Task(PythonOperator): first_task> on 2025-01-01 06:20:30+00:00
[2025-02-06T11:44:02.066+0000] {standard_task_runner.py:72} INFO - Started process 1288 to run task
[2025-02-06T11:44:02.069+0000] {standard_task_runner.py:104} INFO - Running: ['airflow', 'tasks', 'run', 'my_first_dag', 'first_task', 'scheduled__2025-01-01T06:20:30+00:00', '--job-id', '2118', '--raw', '--subdir', 'DAGS_FOLDER/first_dag.py', '--cfg-path', '/tmp/tmpcrh353o3']
[2025-02-06T11:44:02.070+0000] {standard_task_runner.py:105} INFO - Job 2118: Subtask first_task
[2025-02-06T11:44:02.176+0000] {task_command.py:467} INFO - Running <TaskInstance: my_first_dag.first_task scheduled__2025-01-01T06:20:30+00:00 [running]> on host 7e1f175e93b1
[2025-02-06T11:44:02.341+0000] {taskinstance.py:3132} INFO - Exporting env vars: AIRFLOW_CTX_DAG_OWNER='airflow' AIRFLOW_CTX_DAG_ID='my_first_dag' AIRFLOW_CTX_TASK_ID='first_task' AIRFLOW_CTX_EXECUTION_DATE='2025-01-01T06:20:30+00:00' AIRFLOW_CTX_TRY_NUMBER='1' AIRFLOW_CTX_DAG_RUN_ID='scheduled__2025-01-01T06:20:30+00:00'
[2025-02-06T11:44:02.343+0000] {logging_mixin.py:190} INFO - Task instance is in running state
[2025-02-06T11:44:02.344+0000] {logging_mixin.py:190} INFO -  Previous state of the Task instance: queued
[2025-02-06T11:44:02.345+0000] {logging_mixin.py:190} INFO - Current task name:first_task state:running start_date:2025-02-06 11:44:01.980033+00:00
[2025-02-06T11:44:02.346+0000] {logging_mixin.py:190} INFO - Dag name:my_first_dag and current dag run status:running
[2025-02-06T11:44:02.346+0000] {taskinstance.py:731} INFO - ::endgroup::
[2025-02-06T11:44:02.394+0000] {python.py:240} INFO - Done. Returned value was: 586
[2025-02-06T11:44:02.464+0000] {taskinstance.py:340} INFO - ::group::Post task execution logs
[2025-02-06T11:44:02.465+0000] {taskinstance.py:352} INFO - Marking task as SUCCESS. dag_id=my_first_dag, task_id=first_task, run_id=scheduled__2025-01-01T06:20:30+00:00, execution_date=20250101T062030, start_date=20250206T114401, end_date=20250206T114402
[2025-02-06T11:44:02.725+0000] {logging_mixin.py:190} INFO - Task instance in success state
[2025-02-06T11:44:02.727+0000] {logging_mixin.py:190} INFO -  Previous state of the Task instance: running
[2025-02-06T11:44:02.730+0000] {logging_mixin.py:190} INFO - Dag name:my_first_dag queued_at:2025-02-06 11:43:58.917915+00:00
[2025-02-06T11:44:02.731+0000] {logging_mixin.py:190} INFO - Task hostname:7e1f175e93b1 operator:PythonOperator
[2025-02-06T11:44:02.766+0000] {local_task_job_runner.py:266} INFO - Task exited with return code 0
[2025-02-06T11:44:02.818+0000] {taskinstance.py:3895} INFO - 1 downstream tasks scheduled from follow-on schedule check
[2025-02-06T11:44:02.834+0000] {local_task_job_runner.py:245} INFO - ::endgroup::
