[2025-02-06T11:40:41.305+0000] {local_task_job_runner.py:123} INFO - ::group::Pre task execution logs
[2025-02-06T11:40:41.324+0000] {taskinstance.py:2613} INFO - Dependencies all met for dep_context=non-requeueable deps ti=<TaskInstance: my_first_dag.task_bash scheduled__2025-01-01T06:16:00+00:00 [queued]>
[2025-02-06T11:40:41.358+0000] {taskinstance.py:2613} INFO - Dependencies all met for dep_context=requeueable deps ti=<TaskInstance: my_first_dag.task_bash scheduled__2025-01-01T06:16:00+00:00 [queued]>
[2025-02-06T11:40:41.360+0000] {taskinstance.py:2866} INFO - Starting attempt 1 of 1
[2025-02-06T11:40:41.414+0000] {taskinstance.py:2889} INFO - Executing <Task(BashOperator): task_bash> on 2025-01-01 06:16:00+00:00
[2025-02-06T11:40:41.421+0000] {standard_task_runner.py:72} INFO - Started process 413 to run task
[2025-02-06T11:40:41.424+0000] {standard_task_runner.py:104} INFO - Running: ['airflow', 'tasks', 'run', 'my_first_dag', 'task_bash', 'scheduled__2025-01-01T06:16:00+00:00', '--job-id', '2076', '--raw', '--subdir', 'DAGS_FOLDER/first_dag.py', '--cfg-path', '/tmp/tmp5scr1yuw']
[2025-02-06T11:40:41.425+0000] {standard_task_runner.py:105} INFO - Job 2076: Subtask task_bash
[2025-02-06T11:40:41.528+0000] {task_command.py:467} INFO - Running <TaskInstance: my_first_dag.task_bash scheduled__2025-01-01T06:16:00+00:00 [running]> on host 7e1f175e93b1
[2025-02-06T11:40:41.689+0000] {taskinstance.py:3132} INFO - Exporting env vars: AIRFLOW_CTX_DAG_OWNER='airflow' AIRFLOW_CTX_DAG_ID='my_first_dag' AIRFLOW_CTX_TASK_ID='task_bash' AIRFLOW_CTX_EXECUTION_DATE='2025-01-01T06:16:00+00:00' AIRFLOW_CTX_TRY_NUMBER='1' AIRFLOW_CTX_DAG_RUN_ID='scheduled__2025-01-01T06:16:00+00:00'
[2025-02-06T11:40:41.694+0000] {logging_mixin.py:190} INFO - Task instance is in running state
[2025-02-06T11:40:41.698+0000] {logging_mixin.py:190} INFO -  Previous state of the Task instance: queued
[2025-02-06T11:40:41.699+0000] {logging_mixin.py:190} INFO - Current task name:task_bash state:running start_date:2025-02-06 11:40:41.325711+00:00
[2025-02-06T11:40:41.700+0000] {logging_mixin.py:190} INFO - Dag name:my_first_dag and current dag run status:running
[2025-02-06T11:40:41.700+0000] {taskinstance.py:731} INFO - ::endgroup::
[2025-02-06T11:40:41.702+0000] {subprocess.py:78} INFO - Tmp dir root location: /tmp
[2025-02-06T11:40:41.703+0000] {subprocess.py:88} INFO - Running command: ['/usr/bin/bash', '-c', "echo 'Hello World' >> /root/airflow/text.txt"]
[2025-02-06T11:40:41.715+0000] {subprocess.py:99} INFO - Output:
[2025-02-06T11:40:41.719+0000] {subprocess.py:110} INFO - Command exited with return code 0
[2025-02-06T11:40:41.789+0000] {taskinstance.py:340} INFO - ::group::Post task execution logs
[2025-02-06T11:40:41.790+0000] {taskinstance.py:352} INFO - Marking task as SUCCESS. dag_id=my_first_dag, task_id=task_bash, run_id=scheduled__2025-01-01T06:16:00+00:00, execution_date=20250101T061600, start_date=20250206T114041, end_date=20250206T114041
[2025-02-06T11:40:41.842+0000] {logging_mixin.py:190} INFO - Task instance in success state
[2025-02-06T11:40:41.843+0000] {logging_mixin.py:190} INFO -  Previous state of the Task instance: running
[2025-02-06T11:40:41.844+0000] {logging_mixin.py:190} INFO - Dag name:my_first_dag queued_at:2025-02-06 11:40:34.772651+00:00
[2025-02-06T11:40:41.845+0000] {logging_mixin.py:190} INFO - Task hostname:7e1f175e93b1 operator:BashOperator
[2025-02-06T11:40:41.880+0000] {local_task_job_runner.py:266} INFO - Task exited with return code 0
[2025-02-06T11:40:41.931+0000] {taskinstance.py:3895} INFO - 1 downstream tasks scheduled from follow-on schedule check
[2025-02-06T11:40:41.944+0000] {local_task_job_runner.py:245} INFO - ::endgroup::
