[2025-02-06T12:11:43.645+0000] {local_task_job_runner.py:123} INFO - ::group::Pre task execution logs
[2025-02-06T12:11:43.675+0000] {taskinstance.py:2613} INFO - Dependencies all met for dep_context=non-requeueable deps ti=<TaskInstance: my_first_dag.task_1 scheduled__2025-01-01T06:45:30+00:00 [queued]>
[2025-02-06T12:11:43.709+0000] {taskinstance.py:2613} INFO - Dependencies all met for dep_context=requeueable deps ti=<TaskInstance: my_first_dag.task_1 scheduled__2025-01-01T06:45:30+00:00 [queued]>
[2025-02-06T12:11:43.711+0000] {taskinstance.py:2866} INFO - Starting attempt 1 of 1
[2025-02-06T12:11:43.754+0000] {taskinstance.py:2889} INFO - Executing <Task(PythonOperator): task_1> on 2025-01-01 06:45:30+00:00
[2025-02-06T12:11:43.758+0000] {standard_task_runner.py:72} INFO - Started process 338 to run task
[2025-02-06T12:11:43.760+0000] {standard_task_runner.py:104} INFO - Running: ['airflow', 'tasks', 'run', 'my_first_dag', 'task_1', 'scheduled__2025-01-01T06:45:30+00:00', '--job-id', '2388', '--raw', '--subdir', 'DAGS_FOLDER/first_dag.py', '--cfg-path', '/tmp/tmp4y6mjc1n']
[2025-02-06T12:11:43.760+0000] {standard_task_runner.py:105} INFO - Job 2388: Subtask task_1
[2025-02-06T12:11:43.853+0000] {task_command.py:467} INFO - Running <TaskInstance: my_first_dag.task_1 scheduled__2025-01-01T06:45:30+00:00 [running]> on host 4507ab09d7fc
[2025-02-06T12:11:44.015+0000] {taskinstance.py:3132} INFO - Exporting env vars: AIRFLOW_CTX_DAG_OWNER='airflow' AIRFLOW_CTX_DAG_ID='my_first_dag' AIRFLOW_CTX_TASK_ID='task_1' AIRFLOW_CTX_EXECUTION_DATE='2025-01-01T06:45:30+00:00' AIRFLOW_CTX_TRY_NUMBER='1' AIRFLOW_CTX_DAG_RUN_ID='scheduled__2025-01-01T06:45:30+00:00'
[2025-02-06T12:11:44.017+0000] {logging_mixin.py:190} INFO - Task instance is in running state
[2025-02-06T12:11:44.017+0000] {logging_mixin.py:190} INFO -  Previous state of the Task instance: queued
[2025-02-06T12:11:44.018+0000] {logging_mixin.py:190} INFO - Current task name:task_1 state:running start_date:2025-02-06 12:11:43.676053+00:00
[2025-02-06T12:11:44.019+0000] {logging_mixin.py:190} INFO - Dag name:my_first_dag and current dag run status:running
[2025-02-06T12:11:44.019+0000] {taskinstance.py:731} INFO - ::endgroup::
[2025-02-06T12:11:44.042+0000] {logging_mixin.py:190} INFO - Hello Kevin 432 API_KEY
[2025-02-06T12:11:44.042+0000] {python.py:240} INFO - Done. Returned value was: 432
[2025-02-06T12:11:44.274+0000] {taskinstance.py:340} INFO - ::group::Post task execution logs
[2025-02-06T12:11:44.275+0000] {taskinstance.py:352} INFO - Marking task as SUCCESS. dag_id=my_first_dag, task_id=task_1, run_id=scheduled__2025-01-01T06:45:30+00:00, execution_date=20250101T064530, start_date=20250206T121143, end_date=20250206T121144
[2025-02-06T12:11:44.320+0000] {logging_mixin.py:190} INFO - Task instance in success state
[2025-02-06T12:11:44.322+0000] {logging_mixin.py:190} INFO -  Previous state of the Task instance: running
[2025-02-06T12:11:44.323+0000] {logging_mixin.py:190} INFO - Dag name:my_first_dag queued_at:2025-02-06 12:11:32.162997+00:00
[2025-02-06T12:11:44.324+0000] {logging_mixin.py:190} INFO - Task hostname:4507ab09d7fc operator:PythonOperator
[2025-02-06T12:11:44.336+0000] {local_task_job_runner.py:266} INFO - Task exited with return code 0
[2025-02-06T12:11:44.376+0000] {taskinstance.py:3895} INFO - 1 downstream tasks scheduled from follow-on schedule check
[2025-02-06T12:11:44.390+0000] {local_task_job_runner.py:245} INFO - ::endgroup::
