[2025-02-06T09:59:28.858+0000] {local_task_job_runner.py:123} INFO - ::group::Pre task execution logs
[2025-02-06T09:59:28.880+0000] {taskinstance.py:2613} INFO - Dependencies all met for dep_context=non-requeueable deps ti=<TaskInstance: my_first_dag.task_1 manual__2025-02-06T09:58:57.790631+00:00 [queued]>
[2025-02-06T09:59:28.904+0000] {taskinstance.py:2613} INFO - Dependencies all met for dep_context=requeueable deps ti=<TaskInstance: my_first_dag.task_1 manual__2025-02-06T09:58:57.790631+00:00 [queued]>
[2025-02-06T09:59:28.905+0000] {taskinstance.py:2866} INFO - Starting attempt 1 of 1
[2025-02-06T09:59:28.942+0000] {taskinstance.py:2889} INFO - Executing <Task(PythonOperator): task_1> on 2025-02-06 09:58:57.790631+00:00
[2025-02-06T09:59:28.946+0000] {standard_task_runner.py:72} INFO - Started process 1424 to run task
[2025-02-06T09:59:28.949+0000] {standard_task_runner.py:104} INFO - Running: ['airflow', 'tasks', 'run', 'my_first_dag', 'task_1', 'manual__2025-02-06T09:58:57.790631+00:00', '--job-id', '1506', '--raw', '--subdir', 'DAGS_FOLDER/first_dag.py', '--cfg-path', '/tmp/tmpsci0j3g2']
[2025-02-06T09:59:28.950+0000] {standard_task_runner.py:105} INFO - Job 1506: Subtask task_1
[2025-02-06T09:59:29.027+0000] {task_command.py:467} INFO - Running <TaskInstance: my_first_dag.task_1 manual__2025-02-06T09:58:57.790631+00:00 [running]> on host 1f20f9aee2e1
[2025-02-06T09:59:29.132+0000] {taskinstance.py:3132} INFO - Exporting env vars: AIRFLOW_CTX_DAG_OWNER='airflow' AIRFLOW_CTX_DAG_ID='my_first_dag' AIRFLOW_CTX_TASK_ID='task_1' AIRFLOW_CTX_EXECUTION_DATE='2025-02-06T09:58:57.790631+00:00' AIRFLOW_CTX_TRY_NUMBER='1' AIRFLOW_CTX_DAG_RUN_ID='manual__2025-02-06T09:58:57.790631+00:00'
[2025-02-06T09:59:29.134+0000] {logging_mixin.py:190} INFO - Task instance is in running state
[2025-02-06T09:59:29.134+0000] {logging_mixin.py:190} INFO -  Previous state of the Task instance: queued
[2025-02-06T09:59:29.135+0000] {logging_mixin.py:190} INFO - Current task name:task_1 state:running start_date:2025-02-06 09:59:28.881414+00:00
[2025-02-06T09:59:29.135+0000] {logging_mixin.py:190} INFO - Dag name:my_first_dag and current dag run status:running
[2025-02-06T09:59:29.135+0000] {taskinstance.py:731} INFO - ::endgroup::
[2025-02-06T09:59:29.136+0000] {logging_mixin.py:190} INFO - Hello World
[2025-02-06T09:59:29.136+0000] {logging_mixin.py:190} INFO - 3.14
[2025-02-06T09:59:29.137+0000] {python.py:240} INFO - Done. Returned value was: 42
[2025-02-06T09:59:29.176+0000] {taskinstance.py:340} INFO - ::group::Post task execution logs
[2025-02-06T09:59:29.176+0000] {taskinstance.py:352} INFO - Marking task as SUCCESS. dag_id=my_first_dag, task_id=task_1, run_id=manual__2025-02-06T09:58:57.790631+00:00, execution_date=20250206T095857, start_date=20250206T095928, end_date=20250206T095929
[2025-02-06T09:59:29.207+0000] {logging_mixin.py:190} INFO - Task instance in success state
[2025-02-06T09:59:29.208+0000] {logging_mixin.py:190} INFO -  Previous state of the Task instance: running
[2025-02-06T09:59:29.208+0000] {logging_mixin.py:190} INFO - Dag name:my_first_dag queued_at:2025-02-06 09:58:57.837822+00:00
[2025-02-06T09:59:29.209+0000] {logging_mixin.py:190} INFO - Task hostname:1f20f9aee2e1 operator:PythonOperator
[2025-02-06T09:59:29.244+0000] {local_task_job_runner.py:266} INFO - Task exited with return code 0
[2025-02-06T09:59:29.276+0000] {taskinstance.py:3895} INFO - 1 downstream tasks scheduled from follow-on schedule check
[2025-02-06T09:59:29.286+0000] {local_task_job_runner.py:245} INFO - ::endgroup::
