[2025-02-06T12:36:26.003+0000] {local_task_job_runner.py:123} INFO - ::group::Pre task execution logs
[2025-02-06T12:36:26.021+0000] {taskinstance.py:2613} INFO - Dependencies all met for dep_context=non-requeueable deps ti=<TaskInstance: my_first_dag.task_2 scheduled__2025-01-01T07:07:30+00:00 [queued]>
[2025-02-06T12:36:26.047+0000] {taskinstance.py:2613} INFO - Dependencies all met for dep_context=requeueable deps ti=<TaskInstance: my_first_dag.task_2 scheduled__2025-01-01T07:07:30+00:00 [queued]>
[2025-02-06T12:36:26.048+0000] {taskinstance.py:2866} INFO - Starting attempt 1 of 1
[2025-02-06T12:36:26.076+0000] {taskinstance.py:2889} INFO - Executing <Task(PythonOperator): task_2> on 2025-01-01 07:07:30+00:00
[2025-02-06T12:36:26.080+0000] {standard_task_runner.py:72} INFO - Started process 7223 to run task
[2025-02-06T12:36:26.082+0000] {standard_task_runner.py:104} INFO - Running: ['airflow', 'tasks', 'run', 'my_first_dag', 'task_2', 'scheduled__2025-01-01T07:07:30+00:00', '--job-id', '2712', '--raw', '--subdir', 'DAGS_FOLDER/first_dag.py', '--cfg-path', '/tmp/tmpk15ovlx3']
[2025-02-06T12:36:26.083+0000] {standard_task_runner.py:105} INFO - Job 2712: Subtask task_2
[2025-02-06T12:36:26.171+0000] {task_command.py:467} INFO - Running <TaskInstance: my_first_dag.task_2 scheduled__2025-01-01T07:07:30+00:00 [running]> on host f59ce29465b4
[2025-02-06T12:36:26.276+0000] {taskinstance.py:3132} INFO - Exporting env vars: AIRFLOW_CTX_DAG_OWNER='airflow' AIRFLOW_CTX_DAG_ID='my_first_dag' AIRFLOW_CTX_TASK_ID='task_2' AIRFLOW_CTX_EXECUTION_DATE='2025-01-01T07:07:30+00:00' AIRFLOW_CTX_TRY_NUMBER='1' AIRFLOW_CTX_DAG_RUN_ID='scheduled__2025-01-01T07:07:30+00:00'
[2025-02-06T12:36:26.277+0000] {logging_mixin.py:190} INFO - Task instance is in running state
[2025-02-06T12:36:26.278+0000] {logging_mixin.py:190} INFO -  Previous state of the Task instance: queued
[2025-02-06T12:36:26.278+0000] {logging_mixin.py:190} INFO - Current task name:task_2 state:running start_date:2025-02-06 12:36:26.021837+00:00
[2025-02-06T12:36:26.279+0000] {logging_mixin.py:190} INFO - Dag name:my_first_dag and current dag run status:running
[2025-02-06T12:36:26.279+0000] {taskinstance.py:731} INFO - ::endgroup::
[2025-02-06T12:36:26.296+0000] {logging_mixin.py:190} INFO - Hello John 310 API_KEY
[2025-02-06T12:36:26.296+0000] {python.py:240} INFO - Done. Returned value was: 310
[2025-02-06T12:36:26.335+0000] {taskinstance.py:340} INFO - ::group::Post task execution logs
[2025-02-06T12:36:26.336+0000] {taskinstance.py:352} INFO - Marking task as SUCCESS. dag_id=my_first_dag, task_id=task_2, run_id=scheduled__2025-01-01T07:07:30+00:00, execution_date=20250101T070730, start_date=20250206T123626, end_date=20250206T123626
[2025-02-06T12:36:26.481+0000] {logging_mixin.py:190} INFO - Task instance in success state
[2025-02-06T12:36:26.481+0000] {logging_mixin.py:190} INFO -  Previous state of the Task instance: running
[2025-02-06T12:36:26.482+0000] {logging_mixin.py:190} INFO - Dag name:my_first_dag queued_at:2025-02-06 12:36:06.230211+00:00
[2025-02-06T12:36:26.482+0000] {logging_mixin.py:190} INFO - Task hostname:f59ce29465b4 operator:PythonOperator
[2025-02-06T12:36:26.496+0000] {local_task_job_runner.py:266} INFO - Task exited with return code 0
[2025-02-06T12:36:26.528+0000] {taskinstance.py:3895} INFO - 1 downstream tasks scheduled from follow-on schedule check
[2025-02-06T12:36:26.536+0000] {local_task_job_runner.py:245} INFO - ::endgroup::
