[2025-02-06T10:23:03.180+0000] {local_task_job_runner.py:123} INFO - ::group::Pre task execution logs
[2025-02-06T10:23:03.202+0000] {taskinstance.py:2613} INFO - Dependencies all met for dep_context=non-requeueable deps ti=<TaskInstance: my_first_dag.task_2 scheduled__2025-01-01T06:08:00+00:00 [queued]>
[2025-02-06T10:23:03.225+0000] {taskinstance.py:2613} INFO - Dependencies all met for dep_context=requeueable deps ti=<TaskInstance: my_first_dag.task_2 scheduled__2025-01-01T06:08:00+00:00 [queued]>
[2025-02-06T10:23:03.227+0000] {taskinstance.py:2866} INFO - Starting attempt 1 of 1
[2025-02-06T10:23:03.268+0000] {taskinstance.py:2889} INFO - Executing <Task(PythonOperator): task_2> on 2025-01-01 06:08:00+00:00
[2025-02-06T10:23:03.273+0000] {standard_task_runner.py:72} INFO - Started process 3796 to run task
[2025-02-06T10:23:03.275+0000] {standard_task_runner.py:104} INFO - Running: ['airflow', 'tasks', 'run', 'my_first_dag', 'task_2', 'scheduled__2025-01-01T06:08:00+00:00', '--job-id', '1997', '--raw', '--subdir', 'DAGS_FOLDER/first_dag.py', '--cfg-path', '/tmp/tmpvup956v7']
[2025-02-06T10:23:03.276+0000] {standard_task_runner.py:105} INFO - Job 1997: Subtask task_2
[2025-02-06T10:23:03.357+0000] {task_command.py:467} INFO - Running <TaskInstance: my_first_dag.task_2 scheduled__2025-01-01T06:08:00+00:00 [running]> on host 1f20f9aee2e1
[2025-02-06T10:23:03.472+0000] {taskinstance.py:3132} INFO - Exporting env vars: AIRFLOW_CTX_DAG_OWNER='airflow' AIRFLOW_CTX_DAG_ID='my_first_dag' AIRFLOW_CTX_TASK_ID='task_2' AIRFLOW_CTX_EXECUTION_DATE='2025-01-01T06:08:00+00:00' AIRFLOW_CTX_TRY_NUMBER='1' AIRFLOW_CTX_DAG_RUN_ID='scheduled__2025-01-01T06:08:00+00:00'
[2025-02-06T10:23:03.473+0000] {logging_mixin.py:190} INFO - Task instance is in running state
[2025-02-06T10:23:03.474+0000] {logging_mixin.py:190} INFO -  Previous state of the Task instance: queued
[2025-02-06T10:23:03.474+0000] {logging_mixin.py:190} INFO - Current task name:task_2 state:running start_date:2025-02-06 10:23:03.202695+00:00
[2025-02-06T10:23:03.474+0000] {logging_mixin.py:190} INFO - Dag name:my_first_dag and current dag run status:running
[2025-02-06T10:23:03.475+0000] {taskinstance.py:731} INFO - ::endgroup::
[2025-02-06T10:23:03.497+0000] {logging_mixin.py:190} INFO - Hello John 105 API_KEY
[2025-02-06T10:23:03.497+0000] {python.py:240} INFO - Done. Returned value was: 105
[2025-02-06T10:23:03.541+0000] {taskinstance.py:340} INFO - ::group::Post task execution logs
[2025-02-06T10:23:03.542+0000] {taskinstance.py:352} INFO - Marking task as SUCCESS. dag_id=my_first_dag, task_id=task_2, run_id=scheduled__2025-01-01T06:08:00+00:00, execution_date=20250101T060800, start_date=20250206T102303, end_date=20250206T102303
[2025-02-06T10:23:03.578+0000] {logging_mixin.py:190} INFO - Task instance in success state
[2025-02-06T10:23:03.579+0000] {logging_mixin.py:190} INFO -  Previous state of the Task instance: running
[2025-02-06T10:23:03.580+0000] {logging_mixin.py:190} INFO - Dag name:my_first_dag queued_at:2025-02-06 10:22:19.081103+00:00
[2025-02-06T10:23:03.580+0000] {logging_mixin.py:190} INFO - Task hostname:1f20f9aee2e1 operator:PythonOperator
[2025-02-06T10:23:03.609+0000] {local_task_job_runner.py:266} INFO - Task exited with return code 0
[2025-02-06T10:23:03.645+0000] {taskinstance.py:3895} INFO - 1 downstream tasks scheduled from follow-on schedule check
[2025-02-06T10:23:03.657+0000] {local_task_job_runner.py:245} INFO - ::endgroup::
