[2025-02-06T10:02:30.967+0000] {local_task_job_runner.py:123} INFO - ::group::Pre task execution logs
[2025-02-06T10:02:30.996+0000] {taskinstance.py:2613} INFO - Dependencies all met for dep_context=non-requeueable deps ti=<TaskInstance: my_first_dag.task_1 scheduled__2025-01-01T05:19:00+00:00 [queued]>
[2025-02-06T10:02:31.029+0000] {taskinstance.py:2613} INFO - Dependencies all met for dep_context=requeueable deps ti=<TaskInstance: my_first_dag.task_1 scheduled__2025-01-01T05:19:00+00:00 [queued]>
[2025-02-06T10:02:31.030+0000] {taskinstance.py:2866} INFO - Starting attempt 1 of 1
[2025-02-06T10:02:31.067+0000] {taskinstance.py:2889} INFO - Executing <Task(PythonOperator): task_1> on 2025-01-01 05:19:00+00:00
[2025-02-06T10:02:31.071+0000] {standard_task_runner.py:72} INFO - Started process 1742 to run task
[2025-02-06T10:02:31.073+0000] {standard_task_runner.py:104} INFO - Running: ['airflow', 'tasks', 'run', 'my_first_dag', 'task_1', 'scheduled__2025-01-01T05:19:00+00:00', '--job-id', '1572', '--raw', '--subdir', 'DAGS_FOLDER/first_dag.py', '--cfg-path', '/tmp/tmptpv7h09t']
[2025-02-06T10:02:31.074+0000] {standard_task_runner.py:105} INFO - Job 1572: Subtask task_1
[2025-02-06T10:02:31.144+0000] {task_command.py:467} INFO - Running <TaskInstance: my_first_dag.task_1 scheduled__2025-01-01T05:19:00+00:00 [running]> on host 1f20f9aee2e1
[2025-02-06T10:02:31.255+0000] {taskinstance.py:3132} INFO - Exporting env vars: AIRFLOW_CTX_DAG_OWNER='airflow' AIRFLOW_CTX_DAG_ID='my_first_dag' AIRFLOW_CTX_TASK_ID='task_1' AIRFLOW_CTX_EXECUTION_DATE='2025-01-01T05:19:00+00:00' AIRFLOW_CTX_TRY_NUMBER='1' AIRFLOW_CTX_DAG_RUN_ID='scheduled__2025-01-01T05:19:00+00:00'
[2025-02-06T10:02:31.256+0000] {logging_mixin.py:190} INFO - Task instance is in running state
[2025-02-06T10:02:31.257+0000] {logging_mixin.py:190} INFO -  Previous state of the Task instance: queued
[2025-02-06T10:02:31.258+0000] {logging_mixin.py:190} INFO - Current task name:task_1 state:running start_date:2025-02-06 10:02:30.997272+00:00
[2025-02-06T10:02:31.259+0000] {logging_mixin.py:190} INFO - Dag name:my_first_dag and current dag run status:running
[2025-02-06T10:02:31.259+0000] {taskinstance.py:731} INFO - ::endgroup::
[2025-02-06T10:02:31.260+0000] {logging_mixin.py:190} INFO - Hello World
[2025-02-06T10:02:31.260+0000] {python.py:240} INFO - Done. Returned value was: None
[2025-02-06T10:02:31.271+0000] {taskinstance.py:340} INFO - ::group::Post task execution logs
[2025-02-06T10:02:31.272+0000] {taskinstance.py:352} INFO - Marking task as SUCCESS. dag_id=my_first_dag, task_id=task_1, run_id=scheduled__2025-01-01T05:19:00+00:00, execution_date=20250101T051900, start_date=20250206T100230, end_date=20250206T100231
[2025-02-06T10:02:31.319+0000] {logging_mixin.py:190} INFO - Task instance in success state
[2025-02-06T10:02:31.321+0000] {logging_mixin.py:190} INFO -  Previous state of the Task instance: running
[2025-02-06T10:02:31.321+0000] {logging_mixin.py:190} INFO - Dag name:my_first_dag queued_at:2025-02-06 10:02:15.434032+00:00
[2025-02-06T10:02:31.322+0000] {logging_mixin.py:190} INFO - Task hostname:1f20f9aee2e1 operator:PythonOperator
[2025-02-06T10:02:31.328+0000] {local_task_job_runner.py:266} INFO - Task exited with return code 0
[2025-02-06T10:02:31.365+0000] {taskinstance.py:3895} INFO - 1 downstream tasks scheduled from follow-on schedule check
[2025-02-06T10:02:31.375+0000] {local_task_job_runner.py:245} INFO - ::endgroup::
