[2025-02-06T10:12:14.065+0000] {local_task_job_runner.py:123} INFO - ::group::Pre task execution logs
[2025-02-06T10:12:14.086+0000] {taskinstance.py:2613} INFO - Dependencies all met for dep_context=non-requeueable deps ti=<TaskInstance: my_first_dag.task_2 scheduled__2025-01-01T05:43:00+00:00 [queued]>
[2025-02-06T10:12:14.118+0000] {taskinstance.py:2613} INFO - Dependencies all met for dep_context=requeueable deps ti=<TaskInstance: my_first_dag.task_2 scheduled__2025-01-01T05:43:00+00:00 [queued]>
[2025-02-06T10:12:14.119+0000] {taskinstance.py:2866} INFO - Starting attempt 1 of 1
[2025-02-06T10:12:14.167+0000] {taskinstance.py:2889} INFO - Executing <Task(PythonOperator): task_2> on 2025-01-01 05:43:00+00:00
[2025-02-06T10:12:14.170+0000] {standard_task_runner.py:72} INFO - Started process 2676 to run task
[2025-02-06T10:12:14.173+0000] {standard_task_runner.py:104} INFO - Running: ['airflow', 'tasks', 'run', 'my_first_dag', 'task_2', 'scheduled__2025-01-01T05:43:00+00:00', '--job-id', '1754', '--raw', '--subdir', 'DAGS_FOLDER/first_dag.py', '--cfg-path', '/tmp/tmpft7yw2b1']
[2025-02-06T10:12:14.174+0000] {standard_task_runner.py:105} INFO - Job 1754: Subtask task_2
[2025-02-06T10:12:14.266+0000] {task_command.py:467} INFO - Running <TaskInstance: my_first_dag.task_2 scheduled__2025-01-01T05:43:00+00:00 [running]> on host 1f20f9aee2e1
[2025-02-06T10:12:14.383+0000] {taskinstance.py:3132} INFO - Exporting env vars: AIRFLOW_CTX_DAG_OWNER='airflow' AIRFLOW_CTX_DAG_ID='my_first_dag' AIRFLOW_CTX_TASK_ID='task_2' AIRFLOW_CTX_EXECUTION_DATE='2025-01-01T05:43:00+00:00' AIRFLOW_CTX_TRY_NUMBER='1' AIRFLOW_CTX_DAG_RUN_ID='scheduled__2025-01-01T05:43:00+00:00'
[2025-02-06T10:12:14.385+0000] {logging_mixin.py:190} INFO - Task instance is in running state
[2025-02-06T10:12:14.385+0000] {logging_mixin.py:190} INFO -  Previous state of the Task instance: queued
[2025-02-06T10:12:14.386+0000] {logging_mixin.py:190} INFO - Current task name:task_2 state:running start_date:2025-02-06 10:12:14.087113+00:00
[2025-02-06T10:12:14.386+0000] {logging_mixin.py:190} INFO - Dag name:my_first_dag and current dag run status:running
[2025-02-06T10:12:14.386+0000] {taskinstance.py:731} INFO - ::endgroup::
[2025-02-06T10:12:14.397+0000] {logging_mixin.py:190} INFO - Hello World 935
[2025-02-06T10:12:14.398+0000] {python.py:240} INFO - Done. Returned value was: 935
[2025-02-06T10:12:14.445+0000] {taskinstance.py:340} INFO - ::group::Post task execution logs
[2025-02-06T10:12:14.445+0000] {taskinstance.py:352} INFO - Marking task as SUCCESS. dag_id=my_first_dag, task_id=task_2, run_id=scheduled__2025-01-01T05:43:00+00:00, execution_date=20250101T054300, start_date=20250206T101214, end_date=20250206T101214
[2025-02-06T10:12:14.482+0000] {logging_mixin.py:190} INFO - Task instance in success state
[2025-02-06T10:12:14.483+0000] {logging_mixin.py:190} INFO -  Previous state of the Task instance: running
[2025-02-06T10:12:14.483+0000] {logging_mixin.py:190} INFO - Dag name:my_first_dag queued_at:2025-02-06 10:11:48.080600+00:00
[2025-02-06T10:12:14.484+0000] {logging_mixin.py:190} INFO - Task hostname:1f20f9aee2e1 operator:PythonOperator
[2025-02-06T10:12:14.507+0000] {local_task_job_runner.py:266} INFO - Task exited with return code 0
[2025-02-06T10:12:14.536+0000] {taskinstance.py:3895} INFO - 1 downstream tasks scheduled from follow-on schedule check
[2025-02-06T10:12:14.549+0000] {local_task_job_runner.py:245} INFO - ::endgroup::
