[2025-02-06T10:15:47.118+0000] {local_task_job_runner.py:123} INFO - ::group::Pre task execution logs
[2025-02-06T10:15:47.147+0000] {taskinstance.py:2613} INFO - Dependencies all met for dep_context=non-requeueable deps ti=<TaskInstance: my_first_dag.task_1 scheduled__2025-01-01T05:51:30+00:00 [queued]>
[2025-02-06T10:15:47.180+0000] {taskinstance.py:2613} INFO - Dependencies all met for dep_context=requeueable deps ti=<TaskInstance: my_first_dag.task_1 scheduled__2025-01-01T05:51:30+00:00 [queued]>
[2025-02-06T10:15:47.182+0000] {taskinstance.py:2866} INFO - Starting attempt 1 of 1
[2025-02-06T10:15:47.224+0000] {taskinstance.py:2889} INFO - Executing <Task(PythonOperator): task_1> on 2025-01-01 05:51:30+00:00
[2025-02-06T10:15:47.230+0000] {standard_task_runner.py:72} INFO - Started process 3043 to run task
[2025-02-06T10:15:47.232+0000] {standard_task_runner.py:104} INFO - Running: ['airflow', 'tasks', 'run', 'my_first_dag', 'task_1', 'scheduled__2025-01-01T05:51:30+00:00', '--job-id', '1835', '--raw', '--subdir', 'DAGS_FOLDER/first_dag.py', '--cfg-path', '/tmp/tmpv9zdob3c']
[2025-02-06T10:15:47.233+0000] {standard_task_runner.py:105} INFO - Job 1835: Subtask task_1
[2025-02-06T10:15:47.322+0000] {task_command.py:467} INFO - Running <TaskInstance: my_first_dag.task_1 scheduled__2025-01-01T05:51:30+00:00 [running]> on host 1f20f9aee2e1
[2025-02-06T10:15:47.471+0000] {taskinstance.py:3132} INFO - Exporting env vars: AIRFLOW_CTX_DAG_OWNER='airflow' AIRFLOW_CTX_DAG_ID='my_first_dag' AIRFLOW_CTX_TASK_ID='task_1' AIRFLOW_CTX_EXECUTION_DATE='2025-01-01T05:51:30+00:00' AIRFLOW_CTX_TRY_NUMBER='1' AIRFLOW_CTX_DAG_RUN_ID='scheduled__2025-01-01T05:51:30+00:00'
[2025-02-06T10:15:47.472+0000] {logging_mixin.py:190} INFO - Task instance is in running state
[2025-02-06T10:15:47.473+0000] {logging_mixin.py:190} INFO -  Previous state of the Task instance: queued
[2025-02-06T10:15:47.476+0000] {logging_mixin.py:190} INFO - Current task name:task_1 state:running start_date:2025-02-06 10:15:47.147812+00:00
[2025-02-06T10:15:47.476+0000] {logging_mixin.py:190} INFO - Dag name:my_first_dag and current dag run status:running
[2025-02-06T10:15:47.477+0000] {taskinstance.py:731} INFO - ::endgroup::
[2025-02-06T10:15:47.503+0000] {logging_mixin.py:190} INFO - Hello World 564 API_KEY
[2025-02-06T10:15:47.504+0000] {python.py:240} INFO - Done. Returned value was: 564
[2025-02-06T10:15:47.551+0000] {taskinstance.py:340} INFO - ::group::Post task execution logs
[2025-02-06T10:15:47.552+0000] {taskinstance.py:352} INFO - Marking task as SUCCESS. dag_id=my_first_dag, task_id=task_1, run_id=scheduled__2025-01-01T05:51:30+00:00, execution_date=20250101T055130, start_date=20250206T101547, end_date=20250206T101547
[2025-02-06T10:15:47.590+0000] {logging_mixin.py:190} INFO - Task instance in success state
[2025-02-06T10:15:47.590+0000] {logging_mixin.py:190} INFO -  Previous state of the Task instance: running
[2025-02-06T10:15:47.591+0000] {logging_mixin.py:190} INFO - Dag name:my_first_dag queued_at:2025-02-06 10:15:06.607817+00:00
[2025-02-06T10:15:47.592+0000] {logging_mixin.py:190} INFO - Task hostname:1f20f9aee2e1 operator:PythonOperator
[2025-02-06T10:15:47.606+0000] {local_task_job_runner.py:266} INFO - Task exited with return code 0
[2025-02-06T10:15:47.636+0000] {taskinstance.py:3895} INFO - 1 downstream tasks scheduled from follow-on schedule check
[2025-02-06T10:15:47.647+0000] {local_task_job_runner.py:245} INFO - ::endgroup::
