[2025-02-06T13:28:59.816+0000] {local_task_job_runner.py:123} INFO - ::group::Pre task execution logs
[2025-02-06T13:28:59.834+0000] {taskinstance.py:2613} INFO - Dependencies all met for dep_context=non-requeueable deps ti=<TaskInstance: my_first_dag.first_task scheduled__2025-01-01T07:49:30+00:00 [queued]>
[2025-02-06T13:28:59.862+0000] {taskinstance.py:2613} INFO - Dependencies all met for dep_context=requeueable deps ti=<TaskInstance: my_first_dag.first_task scheduled__2025-01-01T07:49:30+00:00 [queued]>
[2025-02-06T13:28:59.864+0000] {taskinstance.py:2866} INFO - Starting attempt 1 of 1
[2025-02-06T13:28:59.900+0000] {taskinstance.py:2889} INFO - Executing <Task(PythonOperator): first_task> on 2025-01-01 07:49:30+00:00
[2025-02-06T13:28:59.904+0000] {standard_task_runner.py:72} INFO - Started process 4291 to run task
[2025-02-06T13:28:59.907+0000] {standard_task_runner.py:104} INFO - Running: ['airflow', 'tasks', 'run', 'my_first_dag', 'first_task', 'scheduled__2025-01-01T07:49:30+00:00', '--job-id', '3308', '--raw', '--subdir', 'DAGS_FOLDER/first_dag.py', '--cfg-path', '/tmp/tmp9wtxwmko']
[2025-02-06T13:28:59.908+0000] {standard_task_runner.py:105} INFO - Job 3308: Subtask first_task
[2025-02-06T13:28:59.988+0000] {task_command.py:467} INFO - Running <TaskInstance: my_first_dag.first_task scheduled__2025-01-01T07:49:30+00:00 [running]> on host cbb1459a86bc
[2025-02-06T13:29:00.102+0000] {taskinstance.py:3132} INFO - Exporting env vars: AIRFLOW_CTX_DAG_OWNER='airflow' AIRFLOW_CTX_DAG_ID='my_first_dag' AIRFLOW_CTX_TASK_ID='first_task' AIRFLOW_CTX_EXECUTION_DATE='2025-01-01T07:49:30+00:00' AIRFLOW_CTX_TRY_NUMBER='1' AIRFLOW_CTX_DAG_RUN_ID='scheduled__2025-01-01T07:49:30+00:00'
[2025-02-06T13:29:00.104+0000] {logging_mixin.py:190} INFO - Task instance is in running state
[2025-02-06T13:29:00.104+0000] {logging_mixin.py:190} INFO -  Previous state of the Task instance: queued
[2025-02-06T13:29:00.105+0000] {logging_mixin.py:190} INFO - Current task name:first_task state:running start_date:2025-02-06 13:28:59.835584+00:00
[2025-02-06T13:29:00.105+0000] {logging_mixin.py:190} INFO - Dag name:my_first_dag and current dag run status:running
[2025-02-06T13:29:00.105+0000] {taskinstance.py:731} INFO - ::endgroup::
[2025-02-06T13:29:00.137+0000] {python.py:240} INFO - Done. Returned value was: 982
[2025-02-06T13:29:00.176+0000] {taskinstance.py:340} INFO - ::group::Post task execution logs
[2025-02-06T13:29:00.176+0000] {taskinstance.py:352} INFO - Marking task as SUCCESS. dag_id=my_first_dag, task_id=first_task, run_id=scheduled__2025-01-01T07:49:30+00:00, execution_date=20250101T074930, start_date=20250206T132859, end_date=20250206T132900
[2025-02-06T13:29:00.212+0000] {logging_mixin.py:190} INFO - Task instance in success state
[2025-02-06T13:29:00.212+0000] {logging_mixin.py:190} INFO -  Previous state of the Task instance: running
[2025-02-06T13:29:00.213+0000] {logging_mixin.py:190} INFO - Dag name:my_first_dag queued_at:2025-02-06 13:28:57.854108+00:00
[2025-02-06T13:29:00.213+0000] {logging_mixin.py:190} INFO - Task hostname:cbb1459a86bc operator:PythonOperator
[2025-02-06T13:29:00.242+0000] {local_task_job_runner.py:266} INFO - Task exited with return code 0
[2025-02-06T13:29:00.281+0000] {taskinstance.py:3895} INFO - 1 downstream tasks scheduled from follow-on schedule check
[2025-02-06T13:29:00.292+0000] {local_task_job_runner.py:245} INFO - ::endgroup::
