[2025-02-06T09:11:33.004+0000] {local_task_job_runner.py:123} INFO - ::group::Pre task execution logs
[2025-02-06T09:11:33.020+0000] {taskinstance.py:2613} INFO - Dependencies all met for dep_context=non-requeueable deps ti=<TaskInstance: my_first_dag.task_random_choice scheduled__2025-01-01T02:17:30+00:00 [queued]>
[2025-02-06T09:11:33.036+0000] {taskinstance.py:2613} INFO - Dependencies all met for dep_context=requeueable deps ti=<TaskInstance: my_first_dag.task_random_choice scheduled__2025-01-01T02:17:30+00:00 [queued]>
[2025-02-06T09:11:33.038+0000] {taskinstance.py:2866} INFO - Starting attempt 1 of 1
[2025-02-06T09:11:33.075+0000] {taskinstance.py:2889} INFO - Executing <Task(BranchPythonOperator): task_random_choice> on 2025-01-01 02:17:30+00:00
[2025-02-06T09:11:33.079+0000] {standard_task_runner.py:72} INFO - Started process 837 to run task
[2025-02-06T09:11:33.081+0000] {standard_task_runner.py:104} INFO - Running: ['airflow', 'tasks', 'run', 'my_first_dag', 'task_random_choice', 'scheduled__2025-01-01T02:17:30+00:00', '--job-id', '511', '--raw', '--subdir', 'DAGS_FOLDER/first_dag.py', '--cfg-path', '/tmp/tmpf368vxhi']
[2025-02-06T09:11:33.082+0000] {standard_task_runner.py:105} INFO - Job 511: Subtask task_random_choice
[2025-02-06T09:11:33.159+0000] {task_command.py:467} INFO - Running <TaskInstance: my_first_dag.task_random_choice scheduled__2025-01-01T02:17:30+00:00 [running]> on host 6f30e18c7b14
[2025-02-06T09:11:33.259+0000] {taskinstance.py:3132} INFO - Exporting env vars: AIRFLOW_CTX_DAG_OWNER='airflow' AIRFLOW_CTX_DAG_ID='my_first_dag' AIRFLOW_CTX_TASK_ID='task_random_choice' AIRFLOW_CTX_EXECUTION_DATE='2025-01-01T02:17:30+00:00' AIRFLOW_CTX_TRY_NUMBER='1' AIRFLOW_CTX_DAG_RUN_ID='scheduled__2025-01-01T02:17:30+00:00'
[2025-02-06T09:11:33.262+0000] {logging_mixin.py:190} INFO - Task instance is in running state
[2025-02-06T09:11:33.262+0000] {logging_mixin.py:190} INFO -  Previous state of the Task instance: queued
[2025-02-06T09:11:33.263+0000] {logging_mixin.py:190} INFO - Current task name:task_random_choice state:running start_date:2025-02-06 09:11:33.020894+00:00
[2025-02-06T09:11:33.263+0000] {logging_mixin.py:190} INFO - Dag name:my_first_dag and current dag run status:running
[2025-02-06T09:11:33.264+0000] {taskinstance.py:731} INFO - ::endgroup::
[2025-02-06T09:11:33.264+0000] {baseoperator.py:421} WARNING - BranchPythonOperator.execute cannot be called outside TaskInstance!
[2025-02-06T09:11:33.265+0000] {python.py:240} INFO - Done. Returned value was: task_1
[2025-02-06T09:11:33.265+0000] {branch.py:38} INFO - Branch into task_1
[2025-02-06T09:11:33.266+0000] {skipmixin.py:230} INFO - Following branch ('task_1',)
[2025-02-06T09:11:33.280+0000] {skipmixin.py:278} INFO - Skipping tasks [('task_2', -1)]
[2025-02-06T09:11:33.352+0000] {taskinstance.py:340} INFO - ::group::Post task execution logs
[2025-02-06T09:11:33.353+0000] {taskinstance.py:352} INFO - Marking task as SUCCESS. dag_id=my_first_dag, task_id=task_random_choice, run_id=scheduled__2025-01-01T02:17:30+00:00, execution_date=20250101T021730, start_date=20250206T091133, end_date=20250206T091133
[2025-02-06T09:11:33.384+0000] {logging_mixin.py:190} INFO - Task instance in success state
[2025-02-06T09:11:33.384+0000] {logging_mixin.py:190} INFO -  Previous state of the Task instance: running
[2025-02-06T09:11:33.385+0000] {logging_mixin.py:190} INFO - Dag name:my_first_dag queued_at:2025-02-06 09:11:31.342491+00:00
[2025-02-06T09:11:33.385+0000] {logging_mixin.py:190} INFO - Task hostname:6f30e18c7b14 operator:BranchPythonOperator
[2025-02-06T09:11:33.415+0000] {local_task_job_runner.py:266} INFO - Task exited with return code 0
[2025-02-06T09:11:33.452+0000] {taskinstance.py:3895} INFO - 1 downstream tasks scheduled from follow-on schedule check
[2025-02-06T09:11:33.465+0000] {local_task_job_runner.py:245} INFO - ::endgroup::
