[2025-02-06T13:01:29.447+0000] {local_task_job_runner.py:123} INFO - ::group::Pre task execution logs
[2025-02-06T13:01:29.469+0000] {taskinstance.py:2613} INFO - Dependencies all met for dep_context=non-requeueable deps ti=<TaskInstance: my_first_dag.task_2 scheduled__2025-01-01T07:29:00+00:00 [queued]>
[2025-02-06T13:01:29.502+0000] {taskinstance.py:2613} INFO - Dependencies all met for dep_context=requeueable deps ti=<TaskInstance: my_first_dag.task_2 scheduled__2025-01-01T07:29:00+00:00 [queued]>
[2025-02-06T13:01:29.504+0000] {taskinstance.py:2866} INFO - Starting attempt 1 of 1
[2025-02-06T13:01:29.542+0000] {taskinstance.py:2889} INFO - Executing <Task(PythonOperator): task_2> on 2025-01-01 07:29:00+00:00
[2025-02-06T13:01:29.545+0000] {standard_task_runner.py:72} INFO - Started process 1145 to run task
[2025-02-06T13:01:29.548+0000] {standard_task_runner.py:104} INFO - Running: ['airflow', 'tasks', 'run', 'my_first_dag', 'task_2', 'scheduled__2025-01-01T07:29:00+00:00', '--job-id', '3069', '--raw', '--subdir', 'DAGS_FOLDER/first_dag.py', '--cfg-path', '/tmp/tmp064z1aq4']
[2025-02-06T13:01:29.549+0000] {standard_task_runner.py:105} INFO - Job 3069: Subtask task_2
[2025-02-06T13:01:29.627+0000] {task_command.py:467} INFO - Running <TaskInstance: my_first_dag.task_2 scheduled__2025-01-01T07:29:00+00:00 [running]> on host 843ef7911ffd
[2025-02-06T13:01:29.744+0000] {taskinstance.py:3132} INFO - Exporting env vars: AIRFLOW_CTX_DAG_OWNER='airflow' AIRFLOW_CTX_DAG_ID='my_first_dag' AIRFLOW_CTX_TASK_ID='task_2' AIRFLOW_CTX_EXECUTION_DATE='2025-01-01T07:29:00+00:00' AIRFLOW_CTX_TRY_NUMBER='1' AIRFLOW_CTX_DAG_RUN_ID='scheduled__2025-01-01T07:29:00+00:00'
[2025-02-06T13:01:29.746+0000] {logging_mixin.py:190} INFO - Task instance is in running state
[2025-02-06T13:01:29.746+0000] {logging_mixin.py:190} INFO -  Previous state of the Task instance: queued
[2025-02-06T13:01:29.747+0000] {logging_mixin.py:190} INFO - Current task name:task_2 state:running start_date:2025-02-06 13:01:29.470183+00:00
[2025-02-06T13:01:29.747+0000] {logging_mixin.py:190} INFO - Dag name:my_first_dag and current dag run status:running
[2025-02-06T13:01:29.748+0000] {taskinstance.py:731} INFO - ::endgroup::
[2025-02-06T13:01:29.772+0000] {logging_mixin.py:190} INFO - Hello John 520 API_KEY
[2025-02-06T13:01:29.773+0000] {python.py:240} INFO - Done. Returned value was: 520
[2025-02-06T13:01:29.818+0000] {taskinstance.py:340} INFO - ::group::Post task execution logs
[2025-02-06T13:01:29.819+0000] {taskinstance.py:352} INFO - Marking task as SUCCESS. dag_id=my_first_dag, task_id=task_2, run_id=scheduled__2025-01-01T07:29:00+00:00, execution_date=20250101T072900, start_date=20250206T130129, end_date=20250206T130129
[2025-02-06T13:01:30.056+0000] {logging_mixin.py:190} INFO - Task instance in success state
[2025-02-06T13:01:30.057+0000] {logging_mixin.py:190} INFO -  Previous state of the Task instance: running
[2025-02-06T13:01:30.057+0000] {logging_mixin.py:190} INFO - Dag name:my_first_dag queued_at:2025-02-06 13:01:18.044121+00:00
[2025-02-06T13:01:30.058+0000] {logging_mixin.py:190} INFO - Task hostname:843ef7911ffd operator:PythonOperator
[2025-02-06T13:01:30.084+0000] {local_task_job_runner.py:266} INFO - Task exited with return code 0
[2025-02-06T13:01:30.126+0000] {taskinstance.py:3895} INFO - 1 downstream tasks scheduled from follow-on schedule check
[2025-02-06T13:01:30.139+0000] {local_task_job_runner.py:245} INFO - ::endgroup::
