[2025-02-06T12:42:42.754+0000] {local_task_job_runner.py:123} INFO - ::group::Pre task execution logs
[2025-02-06T12:42:42.775+0000] {taskinstance.py:2613} INFO - Dependencies all met for dep_context=non-requeueable deps ti=<TaskInstance: my_first_dag.first_task scheduled__2025-01-01T07:14:30+00:00 [queued]>
[2025-02-06T12:42:42.810+0000] {taskinstance.py:2613} INFO - Dependencies all met for dep_context=requeueable deps ti=<TaskInstance: my_first_dag.first_task scheduled__2025-01-01T07:14:30+00:00 [queued]>
[2025-02-06T12:42:42.812+0000] {taskinstance.py:2866} INFO - Starting attempt 1 of 1
[2025-02-06T12:42:42.844+0000] {taskinstance.py:2889} INFO - Executing <Task(PythonOperator): first_task> on 2025-01-01 07:14:30+00:00
[2025-02-06T12:42:42.848+0000] {standard_task_runner.py:72} INFO - Started process 10439 to run task
[2025-02-06T12:42:42.850+0000] {standard_task_runner.py:104} INFO - Running: ['airflow', 'tasks', 'run', 'my_first_dag', 'first_task', 'scheduled__2025-01-01T07:14:30+00:00', '--job-id', '2832', '--raw', '--subdir', 'DAGS_FOLDER/first_dag.py', '--cfg-path', '/tmp/tmp0lpiyml1']
[2025-02-06T12:42:42.851+0000] {standard_task_runner.py:105} INFO - Job 2832: Subtask first_task
[2025-02-06T12:42:42.949+0000] {task_command.py:467} INFO - Running <TaskInstance: my_first_dag.first_task scheduled__2025-01-01T07:14:30+00:00 [running]> on host f59ce29465b4
[2025-02-06T12:42:43.094+0000] {taskinstance.py:3132} INFO - Exporting env vars: AIRFLOW_CTX_DAG_OWNER='airflow' AIRFLOW_CTX_DAG_ID='my_first_dag' AIRFLOW_CTX_TASK_ID='first_task' AIRFLOW_CTX_EXECUTION_DATE='2025-01-01T07:14:30+00:00' AIRFLOW_CTX_TRY_NUMBER='1' AIRFLOW_CTX_DAG_RUN_ID='scheduled__2025-01-01T07:14:30+00:00'
[2025-02-06T12:42:43.095+0000] {logging_mixin.py:190} INFO - Task instance is in running state
[2025-02-06T12:42:43.096+0000] {logging_mixin.py:190} INFO -  Previous state of the Task instance: queued
[2025-02-06T12:42:43.097+0000] {logging_mixin.py:190} INFO - Current task name:first_task state:running start_date:2025-02-06 12:42:42.776453+00:00
[2025-02-06T12:42:43.097+0000] {logging_mixin.py:190} INFO - Dag name:my_first_dag and current dag run status:running
[2025-02-06T12:42:43.098+0000] {taskinstance.py:731} INFO - ::endgroup::
[2025-02-06T12:42:43.141+0000] {python.py:240} INFO - Done. Returned value was: 118
[2025-02-06T12:42:43.316+0000] {taskinstance.py:340} INFO - ::group::Post task execution logs
[2025-02-06T12:42:43.317+0000] {taskinstance.py:352} INFO - Marking task as SUCCESS. dag_id=my_first_dag, task_id=first_task, run_id=scheduled__2025-01-01T07:14:30+00:00, execution_date=20250101T071430, start_date=20250206T124242, end_date=20250206T124243
[2025-02-06T12:42:43.356+0000] {logging_mixin.py:190} INFO - Task instance in success state
[2025-02-06T12:42:43.357+0000] {logging_mixin.py:190} INFO -  Previous state of the Task instance: running
[2025-02-06T12:42:43.357+0000] {logging_mixin.py:190} INFO - Dag name:my_first_dag queued_at:2025-02-06 12:42:40.761866+00:00
[2025-02-06T12:42:43.358+0000] {logging_mixin.py:190} INFO - Task hostname:f59ce29465b4 operator:PythonOperator
[2025-02-06T12:42:43.385+0000] {local_task_job_runner.py:266} INFO - Task exited with return code 0
[2025-02-06T12:42:43.416+0000] {taskinstance.py:3895} INFO - 1 downstream tasks scheduled from follow-on schedule check
[2025-02-06T12:42:43.425+0000] {local_task_job_runner.py:245} INFO - ::endgroup::
