[2025-02-06T09:28:55.076+0000] {local_task_job_runner.py:123} INFO - ::group::Pre task execution logs
[2025-02-06T09:28:55.107+0000] {taskinstance.py:2613} INFO - Dependencies all met for dep_context=non-requeueable deps ti=<TaskInstance: my_first_dag.task_2 scheduled__2025-01-01T03:44:30+00:00 [queued]>
[2025-02-06T09:28:55.142+0000] {taskinstance.py:2613} INFO - Dependencies all met for dep_context=requeueable deps ti=<TaskInstance: my_first_dag.task_2 scheduled__2025-01-01T03:44:30+00:00 [queued]>
[2025-02-06T09:28:55.143+0000] {taskinstance.py:2866} INFO - Starting attempt 1 of 1
[2025-02-06T09:28:55.194+0000] {taskinstance.py:2889} INFO - Executing <Task(PythonOperator): task_2> on 2025-01-01 03:44:30+00:00
[2025-02-06T09:28:55.199+0000] {standard_task_runner.py:72} INFO - Started process 73 to run task
[2025-02-06T09:28:55.202+0000] {standard_task_runner.py:104} INFO - Running: ['airflow', 'tasks', 'run', 'my_first_dag', 'task_2', 'scheduled__2025-01-01T03:44:30+00:00', '--job-id', '869', '--raw', '--subdir', 'DAGS_FOLDER/first_dag.py', '--cfg-path', '/tmp/tmptt07q875']
[2025-02-06T09:28:55.203+0000] {standard_task_runner.py:105} INFO - Job 869: Subtask task_2
[2025-02-06T09:28:55.302+0000] {task_command.py:467} INFO - Running <TaskInstance: my_first_dag.task_2 scheduled__2025-01-01T03:44:30+00:00 [running]> on host 44d2379f0be5
[2025-02-06T09:28:55.424+0000] {taskinstance.py:3132} INFO - Exporting env vars: AIRFLOW_CTX_DAG_OWNER='airflow' AIRFLOW_CTX_DAG_ID='my_first_dag' AIRFLOW_CTX_TASK_ID='task_2' AIRFLOW_CTX_EXECUTION_DATE='2025-01-01T03:44:30+00:00' AIRFLOW_CTX_TRY_NUMBER='1' AIRFLOW_CTX_DAG_RUN_ID='scheduled__2025-01-01T03:44:30+00:00'
[2025-02-06T09:28:55.426+0000] {logging_mixin.py:190} INFO - Task instance is in running state
[2025-02-06T09:28:55.426+0000] {logging_mixin.py:190} INFO -  Previous state of the Task instance: queued
[2025-02-06T09:28:55.427+0000] {logging_mixin.py:190} INFO - Current task name:task_2 state:running start_date:2025-02-06 09:28:55.107812+00:00
[2025-02-06T09:28:55.427+0000] {logging_mixin.py:190} INFO - Dag name:my_first_dag and current dag run status:running
[2025-02-06T09:28:55.428+0000] {taskinstance.py:731} INFO - ::endgroup::
[2025-02-06T09:28:55.429+0000] {logging_mixin.py:190} INFO - Hello World
[2025-02-06T09:28:55.429+0000] {python.py:240} INFO - Done. Returned value was: None
[2025-02-06T09:28:55.444+0000] {taskinstance.py:340} INFO - ::group::Post task execution logs
[2025-02-06T09:28:55.445+0000] {taskinstance.py:352} INFO - Marking task as SUCCESS. dag_id=my_first_dag, task_id=task_2, run_id=scheduled__2025-01-01T03:44:30+00:00, execution_date=20250101T034430, start_date=20250206T092855, end_date=20250206T092855
[2025-02-06T09:28:55.488+0000] {logging_mixin.py:190} INFO - Task instance in success state
[2025-02-06T09:28:55.490+0000] {logging_mixin.py:190} INFO -  Previous state of the Task instance: running
[2025-02-06T09:28:55.490+0000] {logging_mixin.py:190} INFO - Dag name:my_first_dag queued_at:2025-02-06 09:28:36.664957+00:00
[2025-02-06T09:28:55.491+0000] {logging_mixin.py:190} INFO - Task hostname:44d2379f0be5 operator:PythonOperator
[2025-02-06T09:28:55.497+0000] {local_task_job_runner.py:266} INFO - Task exited with return code 0
[2025-02-06T09:28:55.529+0000] {taskinstance.py:3895} INFO - 1 downstream tasks scheduled from follow-on schedule check
[2025-02-06T09:28:55.540+0000] {local_task_job_runner.py:245} INFO - ::endgroup::
