[2025-02-06T09:52:36.749+0000] {local_task_job_runner.py:123} INFO - ::group::Pre task execution logs
[2025-02-06T09:52:36.773+0000] {taskinstance.py:2613} INFO - Dependencies all met for dep_context=non-requeueable deps ti=<TaskInstance: my_first_dag.task_1 scheduled__2025-01-01T04:49:30+00:00 [queued]>
[2025-02-06T09:52:36.795+0000] {taskinstance.py:2613} INFO - Dependencies all met for dep_context=requeueable deps ti=<TaskInstance: my_first_dag.task_1 scheduled__2025-01-01T04:49:30+00:00 [queued]>
[2025-02-06T09:52:36.797+0000] {taskinstance.py:2866} INFO - Starting attempt 1 of 1
[2025-02-06T09:52:36.831+0000] {taskinstance.py:2889} INFO - Executing <Task(PythonOperator): task_1> on 2025-01-01 04:49:30+00:00
[2025-02-06T09:52:36.834+0000] {standard_task_runner.py:72} INFO - Started process 652 to run task
[2025-02-06T09:52:36.836+0000] {standard_task_runner.py:104} INFO - Running: ['airflow', 'tasks', 'run', 'my_first_dag', 'task_1', 'scheduled__2025-01-01T04:49:30+00:00', '--job-id', '1344', '--raw', '--subdir', 'DAGS_FOLDER/first_dag.py', '--cfg-path', '/tmp/tmp72ws53k9']
[2025-02-06T09:52:36.837+0000] {standard_task_runner.py:105} INFO - Job 1344: Subtask task_1
[2025-02-06T09:52:36.921+0000] {task_command.py:467} INFO - Running <TaskInstance: my_first_dag.task_1 scheduled__2025-01-01T04:49:30+00:00 [running]> on host 1f20f9aee2e1
[2025-02-06T09:52:37.270+0000] {taskinstance.py:3132} INFO - Exporting env vars: AIRFLOW_CTX_DAG_OWNER='airflow' AIRFLOW_CTX_DAG_ID='my_first_dag' AIRFLOW_CTX_TASK_ID='task_1' AIRFLOW_CTX_EXECUTION_DATE='2025-01-01T04:49:30+00:00' AIRFLOW_CTX_TRY_NUMBER='1' AIRFLOW_CTX_DAG_RUN_ID='scheduled__2025-01-01T04:49:30+00:00'
[2025-02-06T09:52:37.272+0000] {logging_mixin.py:190} INFO - Task instance is in running state
[2025-02-06T09:52:37.273+0000] {logging_mixin.py:190} INFO -  Previous state of the Task instance: queued
[2025-02-06T09:52:37.274+0000] {logging_mixin.py:190} INFO - Current task name:task_1 state:running start_date:2025-02-06 09:52:36.774659+00:00
[2025-02-06T09:52:37.275+0000] {logging_mixin.py:190} INFO - Dag name:my_first_dag and current dag run status:running
[2025-02-06T09:52:37.275+0000] {taskinstance.py:731} INFO - ::endgroup::
[2025-02-06T09:52:37.276+0000] {logging_mixin.py:190} INFO - Hello World
[2025-02-06T09:52:37.277+0000] {logging_mixin.py:190} INFO - 3.14
[2025-02-06T09:52:37.277+0000] {python.py:240} INFO - Done. Returned value was: 42
[2025-02-06T09:52:37.328+0000] {taskinstance.py:340} INFO - ::group::Post task execution logs
[2025-02-06T09:52:37.329+0000] {taskinstance.py:352} INFO - Marking task as SUCCESS. dag_id=my_first_dag, task_id=task_1, run_id=scheduled__2025-01-01T04:49:30+00:00, execution_date=20250101T044930, start_date=20250206T095236, end_date=20250206T095237
[2025-02-06T09:52:37.380+0000] {logging_mixin.py:190} INFO - Task instance in success state
[2025-02-06T09:52:37.381+0000] {logging_mixin.py:190} INFO -  Previous state of the Task instance: running
[2025-02-06T09:52:37.382+0000] {logging_mixin.py:190} INFO - Dag name:my_first_dag queued_at:2025-02-06 09:52:19.188040+00:00
[2025-02-06T09:52:37.383+0000] {logging_mixin.py:190} INFO - Task hostname:1f20f9aee2e1 operator:PythonOperator
[2025-02-06T09:52:37.413+0000] {local_task_job_runner.py:266} INFO - Task exited with return code 0
[2025-02-06T09:52:37.452+0000] {taskinstance.py:3895} INFO - 1 downstream tasks scheduled from follow-on schedule check
[2025-02-06T09:52:37.465+0000] {local_task_job_runner.py:245} INFO - ::endgroup::
