[2025-02-06T09:40:05.098+0000] {local_task_job_runner.py:123} INFO - ::group::Pre task execution logs
[2025-02-06T09:40:05.117+0000] {taskinstance.py:2613} INFO - Dependencies all met for dep_context=non-requeueable deps ti=<TaskInstance: my_first_dag.task_goodbye scheduled__2025-01-01T04:15:30+00:00 [queued]>
[2025-02-06T09:40:05.136+0000] {taskinstance.py:2613} INFO - Dependencies all met for dep_context=requeueable deps ti=<TaskInstance: my_first_dag.task_goodbye scheduled__2025-01-01T04:15:30+00:00 [queued]>
[2025-02-06T09:40:05.138+0000] {taskinstance.py:2866} INFO - Starting attempt 1 of 1
[2025-02-06T09:40:05.178+0000] {taskinstance.py:2889} INFO - Executing <Task(PythonOperator): task_goodbye> on 2025-01-01 04:15:30+00:00
[2025-02-06T09:40:05.182+0000] {standard_task_runner.py:72} INFO - Started process 1207 to run task
[2025-02-06T09:40:05.184+0000] {standard_task_runner.py:104} INFO - Running: ['airflow', 'tasks', 'run', 'my_first_dag', 'task_goodbye', 'scheduled__2025-01-01T04:15:30+00:00', '--job-id', '1124', '--raw', '--subdir', 'DAGS_FOLDER/first_dag.py', '--cfg-path', '/tmp/tmp6yyjgsxc']
[2025-02-06T09:40:05.185+0000] {standard_task_runner.py:105} INFO - Job 1124: Subtask task_goodbye
[2025-02-06T09:40:05.292+0000] {task_command.py:467} INFO - Running <TaskInstance: my_first_dag.task_goodbye scheduled__2025-01-01T04:15:30+00:00 [running]> on host 25879eaf192c
[2025-02-06T09:40:05.419+0000] {taskinstance.py:3132} INFO - Exporting env vars: AIRFLOW_CTX_DAG_OWNER='airflow' AIRFLOW_CTX_DAG_ID='my_first_dag' AIRFLOW_CTX_TASK_ID='task_goodbye' AIRFLOW_CTX_EXECUTION_DATE='2025-01-01T04:15:30+00:00' AIRFLOW_CTX_TRY_NUMBER='1' AIRFLOW_CTX_DAG_RUN_ID='scheduled__2025-01-01T04:15:30+00:00'
[2025-02-06T09:40:05.420+0000] {logging_mixin.py:190} INFO - Task instance is in running state
[2025-02-06T09:40:05.421+0000] {logging_mixin.py:190} INFO -  Previous state of the Task instance: queued
[2025-02-06T09:40:05.421+0000] {logging_mixin.py:190} INFO - Current task name:task_goodbye state:running start_date:2025-02-06 09:40:05.118206+00:00
[2025-02-06T09:40:05.421+0000] {logging_mixin.py:190} INFO - Dag name:my_first_dag and current dag run status:running
[2025-02-06T09:40:05.422+0000] {taskinstance.py:731} INFO - ::endgroup::
[2025-02-06T09:40:05.422+0000] {logging_mixin.py:190} INFO - Goodbye
[2025-02-06T09:40:05.423+0000] {python.py:240} INFO - Done. Returned value was: 42
[2025-02-06T09:40:05.468+0000] {taskinstance.py:340} INFO - ::group::Post task execution logs
[2025-02-06T09:40:05.468+0000] {taskinstance.py:352} INFO - Marking task as SUCCESS. dag_id=my_first_dag, task_id=task_goodbye, run_id=scheduled__2025-01-01T04:15:30+00:00, execution_date=20250101T041530, start_date=20250206T094005, end_date=20250206T094005
[2025-02-06T09:40:05.513+0000] {logging_mixin.py:190} INFO - Task instance in success state
[2025-02-06T09:40:05.513+0000] {logging_mixin.py:190} INFO -  Previous state of the Task instance: running
[2025-02-06T09:40:05.514+0000] {logging_mixin.py:190} INFO - Dag name:my_first_dag queued_at:2025-02-06 09:39:32.539488+00:00
[2025-02-06T09:40:05.514+0000] {logging_mixin.py:190} INFO - Task hostname:25879eaf192c operator:PythonOperator
[2025-02-06T09:40:05.518+0000] {local_task_job_runner.py:266} INFO - Task exited with return code 0
[2025-02-06T09:40:05.537+0000] {taskinstance.py:3895} INFO - 0 downstream tasks scheduled from follow-on schedule check
[2025-02-06T09:40:05.539+0000] {local_task_job_runner.py:245} INFO - ::endgroup::
