[2025-02-06T08:55:40.208+0000] {local_task_job_runner.py:123} INFO - ::group::Pre task execution logs
[2025-02-06T08:55:40.227+0000] {taskinstance.py:2613} INFO - Dependencies all met for dep_context=non-requeueable deps ti=<TaskInstance: my_first_dag.task_2 scheduled__2025-01-01T01:05:30+00:00 [queued]>
[2025-02-06T08:55:40.239+0000] {taskinstance.py:2613} INFO - Dependencies all met for dep_context=requeueable deps ti=<TaskInstance: my_first_dag.task_2 scheduled__2025-01-01T01:05:30+00:00 [queued]>
[2025-02-06T08:55:40.240+0000] {taskinstance.py:2866} INFO - Starting attempt 1 of 1
[2025-02-06T08:55:40.275+0000] {taskinstance.py:2889} INFO - Executing <Task(PythonOperator): task_2> on 2025-01-01 01:05:30+00:00
[2025-02-06T08:55:40.278+0000] {standard_task_runner.py:72} INFO - Started process 906 to run task
[2025-02-06T08:55:40.281+0000] {standard_task_runner.py:104} INFO - Running: ['airflow', 'tasks', 'run', 'my_first_dag', 'task_2', 'scheduled__2025-01-01T01:05:30+00:00', '--job-id', '229', '--raw', '--subdir', 'DAGS_FOLDER/first_dag.py', '--cfg-path', '/tmp/tmppg1x2u_e']
[2025-02-06T08:55:40.282+0000] {standard_task_runner.py:105} INFO - Job 229: Subtask task_2
[2025-02-06T08:55:40.365+0000] {task_command.py:467} INFO - Running <TaskInstance: my_first_dag.task_2 scheduled__2025-01-01T01:05:30+00:00 [running]> on host 128ac2960630
[2025-02-06T08:55:40.488+0000] {taskinstance.py:3132} INFO - Exporting env vars: AIRFLOW_CTX_DAG_OWNER='airflow' AIRFLOW_CTX_DAG_ID='my_first_dag' AIRFLOW_CTX_TASK_ID='task_2' AIRFLOW_CTX_EXECUTION_DATE='2025-01-01T01:05:30+00:00' AIRFLOW_CTX_TRY_NUMBER='1' AIRFLOW_CTX_DAG_RUN_ID='scheduled__2025-01-01T01:05:30+00:00'
[2025-02-06T08:55:40.490+0000] {logging_mixin.py:190} INFO - Task instance is in running state
[2025-02-06T08:55:40.491+0000] {logging_mixin.py:190} INFO -  Previous state of the Task instance: queued
[2025-02-06T08:55:40.491+0000] {logging_mixin.py:190} INFO - Current task name:task_2 state:running start_date:2025-02-06 08:55:40.228337+00:00
[2025-02-06T08:55:40.492+0000] {logging_mixin.py:190} INFO - Dag name:my_first_dag and current dag run status:running
[2025-02-06T08:55:40.492+0000] {taskinstance.py:731} INFO - ::endgroup::
[2025-02-06T08:55:40.493+0000] {logging_mixin.py:190} INFO - Hello World
[2025-02-06T08:55:40.494+0000] {python.py:240} INFO - Done. Returned value was: None
[2025-02-06T08:55:40.508+0000] {taskinstance.py:340} INFO - ::group::Post task execution logs
[2025-02-06T08:55:40.508+0000] {taskinstance.py:352} INFO - Marking task as SUCCESS. dag_id=my_first_dag, task_id=task_2, run_id=scheduled__2025-01-01T01:05:30+00:00, execution_date=20250101T010530, start_date=20250206T085540, end_date=20250206T085540
[2025-02-06T08:55:40.548+0000] {logging_mixin.py:190} INFO - Task instance in success state
[2025-02-06T08:55:40.548+0000] {logging_mixin.py:190} INFO -  Previous state of the Task instance: running
[2025-02-06T08:55:40.549+0000] {logging_mixin.py:190} INFO - Dag name:my_first_dag queued_at:2025-02-06 08:55:32.188759+00:00
[2025-02-06T08:55:40.549+0000] {logging_mixin.py:190} INFO - Task hostname:128ac2960630 operator:PythonOperator
[2025-02-06T08:55:40.574+0000] {local_task_job_runner.py:266} INFO - Task exited with return code 0
[2025-02-06T08:55:40.595+0000] {taskinstance.py:3895} INFO - 0 downstream tasks scheduled from follow-on schedule check
[2025-02-06T08:55:40.597+0000] {local_task_job_runner.py:245} INFO - ::endgroup::
