[2025-02-06T09:36:09.607+0000] {local_task_job_runner.py:123} INFO - ::group::Pre task execution logs
[2025-02-06T09:36:09.631+0000] {taskinstance.py:2613} INFO - Dependencies all met for dep_context=non-requeueable deps ti=<TaskInstance: my_first_dag.task_2 scheduled__2025-01-01T04:04:30+00:00 [queued]>
[2025-02-06T09:36:09.659+0000] {taskinstance.py:2613} INFO - Dependencies all met for dep_context=requeueable deps ti=<TaskInstance: my_first_dag.task_2 scheduled__2025-01-01T04:04:30+00:00 [queued]>
[2025-02-06T09:36:09.660+0000] {taskinstance.py:2866} INFO - Starting attempt 1 of 1
[2025-02-06T09:36:09.699+0000] {taskinstance.py:2889} INFO - Executing <Task(PythonOperator): task_2> on 2025-01-01 04:04:30+00:00
[2025-02-06T09:36:09.704+0000] {standard_task_runner.py:72} INFO - Started process 793 to run task
[2025-02-06T09:36:09.706+0000] {standard_task_runner.py:104} INFO - Running: ['airflow', 'tasks', 'run', 'my_first_dag', 'task_2', 'scheduled__2025-01-01T04:04:30+00:00', '--job-id', '1036', '--raw', '--subdir', 'DAGS_FOLDER/first_dag.py', '--cfg-path', '/tmp/tmpa0eb08db']
[2025-02-06T09:36:09.708+0000] {standard_task_runner.py:105} INFO - Job 1036: Subtask task_2
[2025-02-06T09:36:09.813+0000] {task_command.py:467} INFO - Running <TaskInstance: my_first_dag.task_2 scheduled__2025-01-01T04:04:30+00:00 [running]> on host 25879eaf192c
[2025-02-06T09:36:09.974+0000] {taskinstance.py:3132} INFO - Exporting env vars: AIRFLOW_CTX_DAG_OWNER='airflow' AIRFLOW_CTX_DAG_ID='my_first_dag' AIRFLOW_CTX_TASK_ID='task_2' AIRFLOW_CTX_EXECUTION_DATE='2025-01-01T04:04:30+00:00' AIRFLOW_CTX_TRY_NUMBER='1' AIRFLOW_CTX_DAG_RUN_ID='scheduled__2025-01-01T04:04:30+00:00'
[2025-02-06T09:36:09.976+0000] {logging_mixin.py:190} INFO - Task instance is in running state
[2025-02-06T09:36:09.977+0000] {logging_mixin.py:190} INFO -  Previous state of the Task instance: queued
[2025-02-06T09:36:09.979+0000] {logging_mixin.py:190} INFO - Current task name:task_2 state:running start_date:2025-02-06 09:36:09.632580+00:00
[2025-02-06T09:36:09.979+0000] {logging_mixin.py:190} INFO - Dag name:my_first_dag and current dag run status:running
[2025-02-06T09:36:09.980+0000] {taskinstance.py:731} INFO - ::endgroup::
[2025-02-06T09:36:09.981+0000] {logging_mixin.py:190} INFO - Hello World
[2025-02-06T09:36:09.981+0000] {python.py:240} INFO - Done. Returned value was: None
[2025-02-06T09:36:09.997+0000] {taskinstance.py:340} INFO - ::group::Post task execution logs
[2025-02-06T09:36:09.997+0000] {taskinstance.py:352} INFO - Marking task as SUCCESS. dag_id=my_first_dag, task_id=task_2, run_id=scheduled__2025-01-01T04:04:30+00:00, execution_date=20250101T040430, start_date=20250206T093609, end_date=20250206T093609
[2025-02-06T09:36:10.036+0000] {logging_mixin.py:190} INFO - Task instance in success state
[2025-02-06T09:36:10.037+0000] {logging_mixin.py:190} INFO -  Previous state of the Task instance: running
[2025-02-06T09:36:10.037+0000] {logging_mixin.py:190} INFO - Dag name:my_first_dag queued_at:2025-02-06 09:35:45.914869+00:00
[2025-02-06T09:36:10.037+0000] {logging_mixin.py:190} INFO - Task hostname:25879eaf192c operator:PythonOperator
[2025-02-06T09:36:10.082+0000] {local_task_job_runner.py:266} INFO - Task exited with return code 0
[2025-02-06T09:36:10.152+0000] {taskinstance.py:3895} INFO - 1 downstream tasks scheduled from follow-on schedule check
[2025-02-06T09:36:10.199+0000] {local_task_job_runner.py:245} INFO - ::endgroup::
