[2025-02-06T11:52:29.029+0000] {local_task_job_runner.py:123} INFO - ::group::Pre task execution logs
[2025-02-06T11:52:29.072+0000] {taskinstance.py:2613} INFO - Dependencies all met for dep_context=non-requeueable deps ti=<TaskInstance: my_first_dag.task_2 scheduled__2025-01-01T06:30:00+00:00 [queued]>
[2025-02-06T11:52:29.108+0000] {taskinstance.py:2613} INFO - Dependencies all met for dep_context=requeueable deps ti=<TaskInstance: my_first_dag.task_2 scheduled__2025-01-01T06:30:00+00:00 [queued]>
[2025-02-06T11:52:29.109+0000] {taskinstance.py:2866} INFO - Starting attempt 1 of 1
[2025-02-06T11:52:29.212+0000] {taskinstance.py:2889} INFO - Executing <Task(PythonOperator): task_2> on 2025-01-01 06:30:00+00:00
[2025-02-06T11:52:29.220+0000] {standard_task_runner.py:72} INFO - Started process 3298 to run task
[2025-02-06T11:52:29.223+0000] {standard_task_runner.py:104} INFO - Running: ['airflow', 'tasks', 'run', 'my_first_dag', 'task_2', 'scheduled__2025-01-01T06:30:00+00:00', '--job-id', '2215', '--raw', '--subdir', 'DAGS_FOLDER/first_dag.py', '--cfg-path', '/tmp/tmpqljdl1s4']
[2025-02-06T11:52:29.224+0000] {standard_task_runner.py:105} INFO - Job 2215: Subtask task_2
[2025-02-06T11:52:29.328+0000] {task_command.py:467} INFO - Running <TaskInstance: my_first_dag.task_2 scheduled__2025-01-01T06:30:00+00:00 [running]> on host 7e1f175e93b1
[2025-02-06T11:52:29.493+0000] {taskinstance.py:3132} INFO - Exporting env vars: AIRFLOW_CTX_DAG_OWNER='airflow' AIRFLOW_CTX_DAG_ID='my_first_dag' AIRFLOW_CTX_TASK_ID='task_2' AIRFLOW_CTX_EXECUTION_DATE='2025-01-01T06:30:00+00:00' AIRFLOW_CTX_TRY_NUMBER='1' AIRFLOW_CTX_DAG_RUN_ID='scheduled__2025-01-01T06:30:00+00:00'
[2025-02-06T11:52:29.495+0000] {logging_mixin.py:190} INFO - Task instance is in running state
[2025-02-06T11:52:29.497+0000] {logging_mixin.py:190} INFO -  Previous state of the Task instance: queued
[2025-02-06T11:52:29.498+0000] {logging_mixin.py:190} INFO - Current task name:task_2 state:running start_date:2025-02-06 11:52:29.073668+00:00
[2025-02-06T11:52:29.498+0000] {logging_mixin.py:190} INFO - Dag name:my_first_dag and current dag run status:running
[2025-02-06T11:52:29.499+0000] {taskinstance.py:731} INFO - ::endgroup::
[2025-02-06T11:52:29.533+0000] {logging_mixin.py:190} INFO - Hello John 566 API_KEY
[2025-02-06T11:52:29.534+0000] {python.py:240} INFO - Done. Returned value was: 566
[2025-02-06T11:52:29.710+0000] {taskinstance.py:340} INFO - ::group::Post task execution logs
[2025-02-06T11:52:29.711+0000] {taskinstance.py:352} INFO - Marking task as SUCCESS. dag_id=my_first_dag, task_id=task_2, run_id=scheduled__2025-01-01T06:30:00+00:00, execution_date=20250101T063000, start_date=20250206T115229, end_date=20250206T115229
[2025-02-06T11:52:29.762+0000] {logging_mixin.py:190} INFO - Task instance in success state
[2025-02-06T11:52:29.763+0000] {logging_mixin.py:190} INFO -  Previous state of the Task instance: running
[2025-02-06T11:52:29.764+0000] {logging_mixin.py:190} INFO - Dag name:my_first_dag queued_at:2025-02-06 11:52:14.014843+00:00
[2025-02-06T11:52:29.764+0000] {logging_mixin.py:190} INFO - Task hostname:7e1f175e93b1 operator:PythonOperator
[2025-02-06T11:52:29.799+0000] {local_task_job_runner.py:266} INFO - Task exited with return code 0
[2025-02-06T11:52:29.846+0000] {taskinstance.py:3895} INFO - 1 downstream tasks scheduled from follow-on schedule check
[2025-02-06T11:52:29.856+0000] {local_task_job_runner.py:245} INFO - ::endgroup::
