[2025-02-06T08:47:41.889+0000] {local_task_job_runner.py:123} INFO - ::group::Pre task execution logs
[2025-02-06T08:47:41.909+0000] {taskinstance.py:2613} INFO - Dependencies all met for dep_context=non-requeueable deps ti=<TaskInstance: my_first_dag.task_1 scheduled__2025-01-01T00:20:00+00:00 [queued]>
[2025-02-06T08:47:41.921+0000] {taskinstance.py:2613} INFO - Dependencies all met for dep_context=requeueable deps ti=<TaskInstance: my_first_dag.task_1 scheduled__2025-01-01T00:20:00+00:00 [queued]>
[2025-02-06T08:47:41.922+0000] {taskinstance.py:2866} INFO - Starting attempt 1 of 1
[2025-02-06T08:47:41.951+0000] {taskinstance.py:2889} INFO - Executing <Task(PythonOperator): task_1> on 2025-01-01 00:20:00+00:00
[2025-02-06T08:47:41.954+0000] {standard_task_runner.py:72} INFO - Started process 381 to run task
[2025-02-06T08:47:41.956+0000] {standard_task_runner.py:104} INFO - Running: ['airflow', 'tasks', 'run', 'my_first_dag', 'task_1', 'scheduled__2025-01-01T00:20:00+00:00', '--job-id', '46', '--raw', '--subdir', 'DAGS_FOLDER/first_dag.py', '--cfg-path', '/tmp/tmpdb2id1hz']
[2025-02-06T08:47:41.957+0000] {standard_task_runner.py:105} INFO - Job 46: Subtask task_1
[2025-02-06T08:47:42.028+0000] {task_command.py:467} INFO - Running <TaskInstance: my_first_dag.task_1 scheduled__2025-01-01T00:20:00+00:00 [running]> on host 2eec9e44dd66
[2025-02-06T08:47:42.137+0000] {taskinstance.py:3132} INFO - Exporting env vars: AIRFLOW_CTX_DAG_OWNER='airflow' AIRFLOW_CTX_DAG_ID='my_first_dag' AIRFLOW_CTX_TASK_ID='task_1' AIRFLOW_CTX_EXECUTION_DATE='2025-01-01T00:20:00+00:00' AIRFLOW_CTX_TRY_NUMBER='1' AIRFLOW_CTX_DAG_RUN_ID='scheduled__2025-01-01T00:20:00+00:00'
[2025-02-06T08:47:42.138+0000] {logging_mixin.py:190} INFO - Task instance is in running state
[2025-02-06T08:47:42.139+0000] {logging_mixin.py:190} INFO -  Previous state of the Task instance: queued
[2025-02-06T08:47:42.139+0000] {logging_mixin.py:190} INFO - Current task name:task_1 state:running start_date:2025-02-06 08:47:41.909611+00:00
[2025-02-06T08:47:42.140+0000] {logging_mixin.py:190} INFO - Dag name:my_first_dag and current dag run status:running
[2025-02-06T08:47:42.140+0000] {taskinstance.py:731} INFO - ::endgroup::
[2025-02-06T08:47:42.141+0000] {logging_mixin.py:190} INFO - Hello World
[2025-02-06T08:47:42.141+0000] {python.py:240} INFO - Done. Returned value was: None
[2025-02-06T08:47:42.148+0000] {taskinstance.py:340} INFO - ::group::Post task execution logs
[2025-02-06T08:47:42.149+0000] {taskinstance.py:352} INFO - Marking task as SUCCESS. dag_id=my_first_dag, task_id=task_1, run_id=scheduled__2025-01-01T00:20:00+00:00, execution_date=20250101T002000, start_date=20250206T084741, end_date=20250206T084742
[2025-02-06T08:47:42.172+0000] {logging_mixin.py:190} INFO - Task instance in success state
[2025-02-06T08:47:42.172+0000] {logging_mixin.py:190} INFO -  Previous state of the Task instance: running
[2025-02-06T08:47:42.173+0000] {logging_mixin.py:190} INFO - Dag name:my_first_dag queued_at:2025-02-06 08:47:40.297964+00:00
[2025-02-06T08:47:42.173+0000] {logging_mixin.py:190} INFO - Task hostname:2eec9e44dd66 operator:PythonOperator
[2025-02-06T08:47:42.209+0000] {local_task_job_runner.py:266} INFO - Task exited with return code 0
[2025-02-06T08:47:42.229+0000] {taskinstance.py:3895} INFO - 0 downstream tasks scheduled from follow-on schedule check
[2025-02-06T08:47:42.231+0000] {local_task_job_runner.py:245} INFO - ::endgroup::
