[2025-02-06T13:01:12.759+0000] {local_task_job_runner.py:123} INFO - ::group::Pre task execution logs
[2025-02-06T13:01:12.779+0000] {taskinstance.py:2613} INFO - Dependencies all met for dep_context=non-requeueable deps ti=<TaskInstance: my_first_dag.task_2 scheduled__2025-01-01T07:28:30+00:00 [queued]>
[2025-02-06T13:01:12.804+0000] {taskinstance.py:2613} INFO - Dependencies all met for dep_context=requeueable deps ti=<TaskInstance: my_first_dag.task_2 scheduled__2025-01-01T07:28:30+00:00 [queued]>
[2025-02-06T13:01:12.805+0000] {taskinstance.py:2866} INFO - Starting attempt 1 of 1
[2025-02-06T13:01:12.838+0000] {taskinstance.py:2889} INFO - Executing <Task(PythonOperator): task_2> on 2025-01-01 07:28:30+00:00
[2025-02-06T13:01:12.841+0000] {standard_task_runner.py:72} INFO - Started process 1028 to run task
[2025-02-06T13:01:12.843+0000] {standard_task_runner.py:104} INFO - Running: ['airflow', 'tasks', 'run', 'my_first_dag', 'task_2', 'scheduled__2025-01-01T07:28:30+00:00', '--job-id', '3064', '--raw', '--subdir', 'DAGS_FOLDER/first_dag.py', '--cfg-path', '/tmp/tmpwo5wtig8']
[2025-02-06T13:01:12.844+0000] {standard_task_runner.py:105} INFO - Job 3064: Subtask task_2
[2025-02-06T13:01:12.919+0000] {task_command.py:467} INFO - Running <TaskInstance: my_first_dag.task_2 scheduled__2025-01-01T07:28:30+00:00 [running]> on host 843ef7911ffd
[2025-02-06T13:01:13.019+0000] {taskinstance.py:3132} INFO - Exporting env vars: AIRFLOW_CTX_DAG_OWNER='airflow' AIRFLOW_CTX_DAG_ID='my_first_dag' AIRFLOW_CTX_TASK_ID='task_2' AIRFLOW_CTX_EXECUTION_DATE='2025-01-01T07:28:30+00:00' AIRFLOW_CTX_TRY_NUMBER='1' AIRFLOW_CTX_DAG_RUN_ID='scheduled__2025-01-01T07:28:30+00:00'
[2025-02-06T13:01:13.021+0000] {logging_mixin.py:190} INFO - Task instance is in running state
[2025-02-06T13:01:13.022+0000] {logging_mixin.py:190} INFO -  Previous state of the Task instance: queued
[2025-02-06T13:01:13.022+0000] {logging_mixin.py:190} INFO - Current task name:task_2 state:running start_date:2025-02-06 13:01:12.780077+00:00
[2025-02-06T13:01:13.023+0000] {logging_mixin.py:190} INFO - Dag name:my_first_dag and current dag run status:running
[2025-02-06T13:01:13.023+0000] {taskinstance.py:731} INFO - ::endgroup::
[2025-02-06T13:01:13.045+0000] {logging_mixin.py:190} INFO - Hello John 376 API_KEY
[2025-02-06T13:01:13.046+0000] {python.py:240} INFO - Done. Returned value was: 376
[2025-02-06T13:01:13.080+0000] {taskinstance.py:340} INFO - ::group::Post task execution logs
[2025-02-06T13:01:13.081+0000] {taskinstance.py:352} INFO - Marking task as SUCCESS. dag_id=my_first_dag, task_id=task_2, run_id=scheduled__2025-01-01T07:28:30+00:00, execution_date=20250101T072830, start_date=20250206T130112, end_date=20250206T130113
[2025-02-06T13:01:13.213+0000] {logging_mixin.py:190} INFO - Task instance in success state
[2025-02-06T13:01:13.214+0000] {logging_mixin.py:190} INFO -  Previous state of the Task instance: running
[2025-02-06T13:01:13.215+0000] {logging_mixin.py:190} INFO - Dag name:my_first_dag queued_at:2025-02-06 13:01:01.784145+00:00
[2025-02-06T13:01:13.215+0000] {logging_mixin.py:190} INFO - Task hostname:843ef7911ffd operator:PythonOperator
[2025-02-06T13:01:13.258+0000] {local_task_job_runner.py:266} INFO - Task exited with return code 0
[2025-02-06T13:01:13.287+0000] {taskinstance.py:3895} INFO - 1 downstream tasks scheduled from follow-on schedule check
[2025-02-06T13:01:13.297+0000] {local_task_job_runner.py:245} INFO - ::endgroup::
