[2025-02-06T12:43:26.726+0000] {local_task_job_runner.py:123} INFO - ::group::Pre task execution logs
[2025-02-06T12:43:26.745+0000] {taskinstance.py:2613} INFO - Dependencies all met for dep_context=non-requeueable deps ti=<TaskInstance: my_first_dag.task_2 scheduled__2025-01-01T07:15:00+00:00 [queued]>
[2025-02-06T12:43:26.768+0000] {taskinstance.py:2613} INFO - Dependencies all met for dep_context=requeueable deps ti=<TaskInstance: my_first_dag.task_2 scheduled__2025-01-01T07:15:00+00:00 [queued]>
[2025-02-06T12:43:26.770+0000] {taskinstance.py:2866} INFO - Starting attempt 1 of 1
[2025-02-06T12:43:26.803+0000] {taskinstance.py:2889} INFO - Executing <Task(PythonOperator): task_2> on 2025-01-01 07:15:00+00:00
[2025-02-06T12:43:26.808+0000] {standard_task_runner.py:72} INFO - Started process 10806 to run task
[2025-02-06T12:43:26.810+0000] {standard_task_runner.py:104} INFO - Running: ['airflow', 'tasks', 'run', 'my_first_dag', 'task_2', 'scheduled__2025-01-01T07:15:00+00:00', '--job-id', '2846', '--raw', '--subdir', 'DAGS_FOLDER/first_dag.py', '--cfg-path', '/tmp/tmpi4ks48_t']
[2025-02-06T12:43:26.810+0000] {standard_task_runner.py:105} INFO - Job 2846: Subtask task_2
[2025-02-06T12:43:26.880+0000] {task_command.py:467} INFO - Running <TaskInstance: my_first_dag.task_2 scheduled__2025-01-01T07:15:00+00:00 [running]> on host f59ce29465b4
[2025-02-06T12:43:26.973+0000] {taskinstance.py:3132} INFO - Exporting env vars: AIRFLOW_CTX_DAG_OWNER='airflow' AIRFLOW_CTX_DAG_ID='my_first_dag' AIRFLOW_CTX_TASK_ID='task_2' AIRFLOW_CTX_EXECUTION_DATE='2025-01-01T07:15:00+00:00' AIRFLOW_CTX_TRY_NUMBER='1' AIRFLOW_CTX_DAG_RUN_ID='scheduled__2025-01-01T07:15:00+00:00'
[2025-02-06T12:43:26.974+0000] {logging_mixin.py:190} INFO - Task instance is in running state
[2025-02-06T12:43:26.974+0000] {logging_mixin.py:190} INFO -  Previous state of the Task instance: queued
[2025-02-06T12:43:26.975+0000] {logging_mixin.py:190} INFO - Current task name:task_2 state:running start_date:2025-02-06 12:43:26.745917+00:00
[2025-02-06T12:43:26.975+0000] {logging_mixin.py:190} INFO - Dag name:my_first_dag and current dag run status:running
[2025-02-06T12:43:26.975+0000] {taskinstance.py:731} INFO - ::endgroup::
[2025-02-06T12:43:26.999+0000] {logging_mixin.py:190} INFO - Hello John 792 API_KEY
[2025-02-06T12:43:27.000+0000] {python.py:240} INFO - Done. Returned value was: 792
[2025-02-06T12:43:27.040+0000] {taskinstance.py:340} INFO - ::group::Post task execution logs
[2025-02-06T12:43:27.041+0000] {taskinstance.py:352} INFO - Marking task as SUCCESS. dag_id=my_first_dag, task_id=task_2, run_id=scheduled__2025-01-01T07:15:00+00:00, execution_date=20250101T071500, start_date=20250206T124326, end_date=20250206T124327
[2025-02-06T12:43:27.158+0000] {logging_mixin.py:190} INFO - Task instance in success state
[2025-02-06T12:43:27.159+0000] {logging_mixin.py:190} INFO -  Previous state of the Task instance: running
[2025-02-06T12:43:27.159+0000] {logging_mixin.py:190} INFO - Dag name:my_first_dag queued_at:2025-02-06 12:43:09.328360+00:00
[2025-02-06T12:43:27.160+0000] {logging_mixin.py:190} INFO - Task hostname:f59ce29465b4 operator:PythonOperator
[2025-02-06T12:43:27.184+0000] {local_task_job_runner.py:266} INFO - Task exited with return code 0
[2025-02-06T12:43:27.217+0000] {taskinstance.py:3895} INFO - 1 downstream tasks scheduled from follow-on schedule check
[2025-02-06T12:43:27.228+0000] {local_task_job_runner.py:245} INFO - ::endgroup::
