[2025-02-06T10:02:48.718+0000] {local_task_job_runner.py:123} INFO - ::group::Pre task execution logs
[2025-02-06T10:02:48.741+0000] {taskinstance.py:2613} INFO - Dependencies all met for dep_context=non-requeueable deps ti=<TaskInstance: my_first_dag.task_2 scheduled__2025-01-01T05:20:00+00:00 [queued]>
[2025-02-06T10:02:48.768+0000] {taskinstance.py:2613} INFO - Dependencies all met for dep_context=requeueable deps ti=<TaskInstance: my_first_dag.task_2 scheduled__2025-01-01T05:20:00+00:00 [queued]>
[2025-02-06T10:02:48.769+0000] {taskinstance.py:2866} INFO - Starting attempt 1 of 1
[2025-02-06T10:02:48.854+0000] {taskinstance.py:2889} INFO - Executing <Task(PythonOperator): task_2> on 2025-01-01 05:20:00+00:00
[2025-02-06T10:02:48.857+0000] {standard_task_runner.py:72} INFO - Started process 1774 to run task
[2025-02-06T10:02:48.859+0000] {standard_task_runner.py:104} INFO - Running: ['airflow', 'tasks', 'run', 'my_first_dag', 'task_2', 'scheduled__2025-01-01T05:20:00+00:00', '--job-id', '1579', '--raw', '--subdir', 'DAGS_FOLDER/first_dag.py', '--cfg-path', '/tmp/tmpx587edfm']
[2025-02-06T10:02:48.860+0000] {standard_task_runner.py:105} INFO - Job 1579: Subtask task_2
[2025-02-06T10:02:48.946+0000] {task_command.py:467} INFO - Running <TaskInstance: my_first_dag.task_2 scheduled__2025-01-01T05:20:00+00:00 [running]> on host 1f20f9aee2e1
[2025-02-06T10:02:49.075+0000] {taskinstance.py:3132} INFO - Exporting env vars: AIRFLOW_CTX_DAG_OWNER='airflow' AIRFLOW_CTX_DAG_ID='my_first_dag' AIRFLOW_CTX_TASK_ID='task_2' AIRFLOW_CTX_EXECUTION_DATE='2025-01-01T05:20:00+00:00' AIRFLOW_CTX_TRY_NUMBER='1' AIRFLOW_CTX_DAG_RUN_ID='scheduled__2025-01-01T05:20:00+00:00'
[2025-02-06T10:02:49.077+0000] {logging_mixin.py:190} INFO - Task instance is in running state
[2025-02-06T10:02:49.077+0000] {logging_mixin.py:190} INFO -  Previous state of the Task instance: queued
[2025-02-06T10:02:49.078+0000] {logging_mixin.py:190} INFO - Current task name:task_2 state:running start_date:2025-02-06 10:02:48.742267+00:00
[2025-02-06T10:02:49.078+0000] {logging_mixin.py:190} INFO - Dag name:my_first_dag and current dag run status:running
[2025-02-06T10:02:49.079+0000] {taskinstance.py:731} INFO - ::endgroup::
[2025-02-06T10:02:49.079+0000] {logging_mixin.py:190} INFO - Hello World
[2025-02-06T10:02:49.080+0000] {python.py:240} INFO - Done. Returned value was: None
[2025-02-06T10:02:49.091+0000] {taskinstance.py:340} INFO - ::group::Post task execution logs
[2025-02-06T10:02:49.091+0000] {taskinstance.py:352} INFO - Marking task as SUCCESS. dag_id=my_first_dag, task_id=task_2, run_id=scheduled__2025-01-01T05:20:00+00:00, execution_date=20250101T052000, start_date=20250206T100248, end_date=20250206T100249
[2025-02-06T10:02:49.126+0000] {logging_mixin.py:190} INFO - Task instance in success state
[2025-02-06T10:02:49.126+0000] {logging_mixin.py:190} INFO -  Previous state of the Task instance: running
[2025-02-06T10:02:49.127+0000] {logging_mixin.py:190} INFO - Dag name:my_first_dag queued_at:2025-02-06 10:02:24.113207+00:00
[2025-02-06T10:02:49.127+0000] {logging_mixin.py:190} INFO - Task hostname:1f20f9aee2e1 operator:PythonOperator
[2025-02-06T10:02:49.153+0000] {local_task_job_runner.py:266} INFO - Task exited with return code 0
[2025-02-06T10:02:49.186+0000] {taskinstance.py:3895} INFO - 1 downstream tasks scheduled from follow-on schedule check
[2025-02-06T10:02:49.198+0000] {local_task_job_runner.py:245} INFO - ::endgroup::
