[2025-02-06T12:50:50.483+0000] {local_task_job_runner.py:123} INFO - ::group::Pre task execution logs
[2025-02-06T12:50:50.506+0000] {taskinstance.py:2613} INFO - Dependencies all met for dep_context=non-requeueable deps ti=<TaskInstance: my_first_dag.task_goodbye scheduled__2025-01-01T07:21:30+00:00 [queued]>
[2025-02-06T12:50:50.537+0000] {taskinstance.py:2613} INFO - Dependencies all met for dep_context=requeueable deps ti=<TaskInstance: my_first_dag.task_goodbye scheduled__2025-01-01T07:21:30+00:00 [queued]>
[2025-02-06T12:50:50.539+0000] {taskinstance.py:2866} INFO - Starting attempt 1 of 1
[2025-02-06T12:50:50.585+0000] {taskinstance.py:2889} INFO - Executing <Task(PythonOperator): task_goodbye> on 2025-01-01 07:21:30+00:00
[2025-02-06T12:50:50.591+0000] {standard_task_runner.py:72} INFO - Started process 14269 to run task
[2025-02-06T12:50:50.596+0000] {standard_task_runner.py:104} INFO - Running: ['airflow', 'tasks', 'run', 'my_first_dag', 'task_goodbye', 'scheduled__2025-01-01T07:21:30+00:00', '--job-id', '2972', '--raw', '--subdir', 'DAGS_FOLDER/first_dag.py', '--cfg-path', '/tmp/tmp67s7k_uj']
[2025-02-06T12:50:50.598+0000] {standard_task_runner.py:105} INFO - Job 2972: Subtask task_goodbye
[2025-02-06T12:50:50.689+0000] {task_command.py:467} INFO - Running <TaskInstance: my_first_dag.task_goodbye scheduled__2025-01-01T07:21:30+00:00 [running]> on host f59ce29465b4
[2025-02-06T12:50:50.940+0000] {taskinstance.py:3132} INFO - Exporting env vars: AIRFLOW_CTX_DAG_OWNER='airflow' AIRFLOW_CTX_DAG_ID='my_first_dag' AIRFLOW_CTX_TASK_ID='task_goodbye' AIRFLOW_CTX_EXECUTION_DATE='2025-01-01T07:21:30+00:00' AIRFLOW_CTX_TRY_NUMBER='1' AIRFLOW_CTX_DAG_RUN_ID='scheduled__2025-01-01T07:21:30+00:00'
[2025-02-06T12:50:50.944+0000] {logging_mixin.py:190} INFO - Task instance is in running state
[2025-02-06T12:50:50.945+0000] {logging_mixin.py:190} INFO -  Previous state of the Task instance: queued
[2025-02-06T12:50:50.946+0000] {logging_mixin.py:190} INFO - Current task name:task_goodbye state:running start_date:2025-02-06 12:50:50.507270+00:00
[2025-02-06T12:50:50.946+0000] {logging_mixin.py:190} INFO - Dag name:my_first_dag and current dag run status:running
[2025-02-06T12:50:50.946+0000] {taskinstance.py:731} INFO - ::endgroup::
[2025-02-06T12:50:50.947+0000] {logging_mixin.py:190} INFO - Goodbye
[2025-02-06T12:50:50.948+0000] {python.py:240} INFO - Done. Returned value was: None
[2025-02-06T12:50:50.962+0000] {taskinstance.py:340} INFO - ::group::Post task execution logs
[2025-02-06T12:50:50.963+0000] {taskinstance.py:352} INFO - Marking task as SUCCESS. dag_id=my_first_dag, task_id=task_goodbye, run_id=scheduled__2025-01-01T07:21:30+00:00, execution_date=20250101T072130, start_date=20250206T125050, end_date=20250206T125050
[2025-02-06T12:50:51.008+0000] {logging_mixin.py:190} INFO - Task instance in success state
[2025-02-06T12:50:51.009+0000] {logging_mixin.py:190} INFO -  Previous state of the Task instance: running
[2025-02-06T12:50:51.010+0000] {logging_mixin.py:190} INFO - Dag name:my_first_dag queued_at:2025-02-06 12:50:05.049164+00:00
[2025-02-06T12:50:51.011+0000] {logging_mixin.py:190} INFO - Task hostname:f59ce29465b4 operator:PythonOperator
[2025-02-06T12:50:51.052+0000] {local_task_job_runner.py:266} INFO - Task exited with return code 0
[2025-02-06T12:50:51.082+0000] {taskinstance.py:3895} INFO - 0 downstream tasks scheduled from follow-on schedule check
[2025-02-06T12:50:51.084+0000] {local_task_job_runner.py:245} INFO - ::endgroup::
