[2025-02-06T13:24:01.912+0000] {local_task_job_runner.py:123} INFO - ::group::Pre task execution logs
[2025-02-06T13:24:01.934+0000] {taskinstance.py:2613} INFO - Dependencies all met for dep_context=non-requeueable deps ti=<TaskInstance: my_first_dag.task_1 scheduled__2025-01-01T07:44:30+00:00 [queued]>
[2025-02-06T13:24:01.964+0000] {taskinstance.py:2613} INFO - Dependencies all met for dep_context=requeueable deps ti=<TaskInstance: my_first_dag.task_1 scheduled__2025-01-01T07:44:30+00:00 [queued]>
[2025-02-06T13:24:01.966+0000] {taskinstance.py:2866} INFO - Starting attempt 1 of 1
[2025-02-06T13:24:02.085+0000] {taskinstance.py:2889} INFO - Executing <Task(PythonOperator): task_1> on 2025-01-01 07:44:30+00:00
[2025-02-06T13:24:02.089+0000] {standard_task_runner.py:72} INFO - Started process 2141 to run task
[2025-02-06T13:24:02.091+0000] {standard_task_runner.py:104} INFO - Running: ['airflow', 'tasks', 'run', 'my_first_dag', 'task_1', 'scheduled__2025-01-01T07:44:30+00:00', '--job-id', '3241', '--raw', '--subdir', 'DAGS_FOLDER/first_dag.py', '--cfg-path', '/tmp/tmpq8d0njg0']
[2025-02-06T13:24:02.094+0000] {standard_task_runner.py:105} INFO - Job 3241: Subtask task_1
[2025-02-06T13:24:02.176+0000] {task_command.py:467} INFO - Running <TaskInstance: my_first_dag.task_1 scheduled__2025-01-01T07:44:30+00:00 [running]> on host cbb1459a86bc
[2025-02-06T13:24:02.287+0000] {taskinstance.py:3132} INFO - Exporting env vars: AIRFLOW_CTX_DAG_OWNER='airflow' AIRFLOW_CTX_DAG_ID='my_first_dag' AIRFLOW_CTX_TASK_ID='task_1' AIRFLOW_CTX_EXECUTION_DATE='2025-01-01T07:44:30+00:00' AIRFLOW_CTX_TRY_NUMBER='1' AIRFLOW_CTX_DAG_RUN_ID='scheduled__2025-01-01T07:44:30+00:00'
[2025-02-06T13:24:02.288+0000] {logging_mixin.py:190} INFO - Task instance is in running state
[2025-02-06T13:24:02.288+0000] {logging_mixin.py:190} INFO -  Previous state of the Task instance: queued
[2025-02-06T13:24:02.289+0000] {logging_mixin.py:190} INFO - Current task name:task_1 state:running start_date:2025-02-06 13:24:01.934840+00:00
[2025-02-06T13:24:02.289+0000] {logging_mixin.py:190} INFO - Dag name:my_first_dag and current dag run status:running
[2025-02-06T13:24:02.289+0000] {taskinstance.py:731} INFO - ::endgroup::
[2025-02-06T13:24:02.319+0000] {logging_mixin.py:190} INFO - Hello Kevin 323 API_KEY
[2025-02-06T13:24:02.320+0000] {python.py:240} INFO - Done. Returned value was: 323
[2025-02-06T13:24:02.360+0000] {taskinstance.py:340} INFO - ::group::Post task execution logs
[2025-02-06T13:24:02.360+0000] {taskinstance.py:352} INFO - Marking task as SUCCESS. dag_id=my_first_dag, task_id=task_1, run_id=scheduled__2025-01-01T07:44:30+00:00, execution_date=20250101T074430, start_date=20250206T132401, end_date=20250206T132402
[2025-02-06T13:24:02.489+0000] {logging_mixin.py:190} INFO - Task instance in success state
[2025-02-06T13:24:02.489+0000] {logging_mixin.py:190} INFO -  Previous state of the Task instance: running
[2025-02-06T13:24:02.490+0000] {logging_mixin.py:190} INFO - Dag name:my_first_dag queued_at:2025-02-06 13:23:42.063108+00:00
[2025-02-06T13:24:02.490+0000] {logging_mixin.py:190} INFO - Task hostname:cbb1459a86bc operator:PythonOperator
[2025-02-06T13:24:02.506+0000] {local_task_job_runner.py:266} INFO - Task exited with return code 0
[2025-02-06T13:24:02.542+0000] {taskinstance.py:3895} INFO - 1 downstream tasks scheduled from follow-on schedule check
[2025-02-06T13:24:02.553+0000] {local_task_job_runner.py:245} INFO - ::endgroup::
