[2025-02-06T08:35:16.339+0000] {processor.py:186} INFO - Started process (PID=294) to work on /root/airflow/dags/first_dag.py
[2025-02-06T08:35:16.340+0000] {processor.py:914} INFO - Processing file /root/airflow/dags/first_dag.py for tasks to queue
[2025-02-06T08:35:16.341+0000] {logging_mixin.py:190} INFO - [2025-02-06T08:35:16.341+0000] {dagbag.py:588} INFO - Filling up the DagBag from /root/airflow/dags/first_dag.py
[2025-02-06T08:35:16.368+0000] {logging_mixin.py:190} INFO - [2025-02-06T08:35:16.367+0000] {dagbag.py:387} ERROR - Failed to import: /root/airflow/dags/first_dag.py
Traceback (most recent call last):
  File "/opt/conda/lib/python3.12/site-packages/airflow/models/dagbag.py", line 383, in parse
    loader.exec_module(new_module)
  File "<frozen importlib._bootstrap_external>", line 995, in exec_module
  File "<frozen importlib._bootstrap_external>", line 1133, in get_code
  File "<frozen importlib._bootstrap_external>", line 1063, in source_to_code
  File "<frozen importlib._bootstrap>", line 488, in _call_with_frames_removed
  File "/root/airflow/dags/first_dag.py", line 2
    from airflow.
                 ^
SyntaxError: invalid syntax
[2025-02-06T08:35:16.369+0000] {processor.py:927} WARNING - No viable dags retrieved from /root/airflow/dags/first_dag.py
[2025-02-06T08:35:16.407+0000] {processor.py:208} INFO - Processing /root/airflow/dags/first_dag.py took 0.074 seconds
[2025-02-06T08:35:37.361+0000] {processor.py:186} INFO - Started process (PID=314) to work on /root/airflow/dags/first_dag.py
[2025-02-06T08:35:37.362+0000] {processor.py:914} INFO - Processing file /root/airflow/dags/first_dag.py for tasks to queue
[2025-02-06T08:35:37.363+0000] {logging_mixin.py:190} INFO - [2025-02-06T08:35:37.363+0000] {dagbag.py:588} INFO - Filling up the DagBag from /root/airflow/dags/first_dag.py
[2025-02-06T08:35:37.385+0000] {processor.py:927} WARNING - No viable dags retrieved from /root/airflow/dags/first_dag.py
[2025-02-06T08:35:37.428+0000] {processor.py:208} INFO - Processing /root/airflow/dags/first_dag.py took 0.070 seconds
[2025-02-06T08:36:15.895+0000] {processor.py:186} INFO - Started process (PID=346) to work on /root/airflow/dags/first_dag.py
[2025-02-06T08:36:15.896+0000] {processor.py:914} INFO - Processing file /root/airflow/dags/first_dag.py for tasks to queue
[2025-02-06T08:36:15.897+0000] {logging_mixin.py:190} INFO - [2025-02-06T08:36:15.897+0000] {dagbag.py:588} INFO - Filling up the DagBag from /root/airflow/dags/first_dag.py
[2025-02-06T08:36:15.931+0000] {processor.py:927} WARNING - No viable dags retrieved from /root/airflow/dags/first_dag.py
[2025-02-06T08:36:15.950+0000] {processor.py:208} INFO - Processing /root/airflow/dags/first_dag.py took 0.061 seconds
[2025-02-06T08:36:56.558+0000] {processor.py:186} INFO - Started process (PID=379) to work on /root/airflow/dags/first_dag.py
[2025-02-06T08:36:56.559+0000] {processor.py:914} INFO - Processing file /root/airflow/dags/first_dag.py for tasks to queue
[2025-02-06T08:36:56.560+0000] {logging_mixin.py:190} INFO - [2025-02-06T08:36:56.560+0000] {dagbag.py:588} INFO - Filling up the DagBag from /root/airflow/dags/first_dag.py
[2025-02-06T08:36:56.582+0000] {logging_mixin.py:190} INFO - [2025-02-06T08:36:56.581+0000] {dagbag.py:387} ERROR - Failed to import: /root/airflow/dags/first_dag.py
Traceback (most recent call last):
  File "/opt/conda/lib/python3.12/site-packages/airflow/models/dagbag.py", line 383, in parse
    loader.exec_module(new_module)
  File "<frozen importlib._bootstrap_external>", line 995, in exec_module
  File "<frozen importlib._bootstrap_external>", line 1133, in get_code
  File "<frozen importlib._bootstrap_external>", line 1063, in source_to_code
  File "<frozen importlib._bootstrap>", line 488, in _call_with_frames_removed
  File "/root/airflow/dags/first_dag.py", line 12
    ):
      ^
IndentationError: expected an indented block after 'with' statement on line 10
[2025-02-06T08:36:56.583+0000] {processor.py:927} WARNING - No viable dags retrieved from /root/airflow/dags/first_dag.py
[2025-02-06T08:36:56.623+0000] {processor.py:208} INFO - Processing /root/airflow/dags/first_dag.py took 0.069 seconds
[2025-02-06T08:37:37.617+0000] {processor.py:186} INFO - Started process (PID=413) to work on /root/airflow/dags/first_dag.py
[2025-02-06T08:37:37.618+0000] {processor.py:914} INFO - Processing file /root/airflow/dags/first_dag.py for tasks to queue
[2025-02-06T08:37:37.620+0000] {logging_mixin.py:190} INFO - [2025-02-06T08:37:37.620+0000] {dagbag.py:588} INFO - Filling up the DagBag from /root/airflow/dags/first_dag.py
[2025-02-06T08:37:37.638+0000] {logging_mixin.py:190} INFO - [2025-02-06T08:37:37.637+0000] {dagbag.py:387} ERROR - Failed to import: /root/airflow/dags/first_dag.py
Traceback (most recent call last):
  File "/opt/conda/lib/python3.12/site-packages/airflow/models/dagbag.py", line 383, in parse
    loader.exec_module(new_module)
  File "<frozen importlib._bootstrap_external>", line 995, in exec_module
  File "<frozen importlib._bootstrap_external>", line 1133, in get_code
  File "<frozen importlib._bootstrap_external>", line 1063, in source_to_code
  File "<frozen importlib._bootstrap>", line 488, in _call_with_frames_removed
  File "/root/airflow/dags/first_dag.py", line 15
    ):
      ^
IndentationError: expected an indented block after 'with' statement on line 10
[2025-02-06T08:37:37.639+0000] {processor.py:927} WARNING - No viable dags retrieved from /root/airflow/dags/first_dag.py
[2025-02-06T08:37:37.678+0000] {processor.py:208} INFO - Processing /root/airflow/dags/first_dag.py took 0.065 seconds
[2025-02-06T08:38:16.116+0000] {processor.py:186} INFO - Started process (PID=446) to work on /root/airflow/dags/first_dag.py
[2025-02-06T08:38:16.117+0000] {processor.py:914} INFO - Processing file /root/airflow/dags/first_dag.py for tasks to queue
[2025-02-06T08:38:16.118+0000] {logging_mixin.py:190} INFO - [2025-02-06T08:38:16.118+0000] {dagbag.py:588} INFO - Filling up the DagBag from /root/airflow/dags/first_dag.py
[2025-02-06T08:38:16.145+0000] {logging_mixin.py:190} INFO - [2025-02-06T08:38:16.145+0000] {dagbag.py:387} ERROR - Failed to import: /root/airflow/dags/first_dag.py
Traceback (most recent call last):
  File "/opt/conda/lib/python3.12/site-packages/airflow/models/dagbag.py", line 383, in parse
    loader.exec_module(new_module)
  File "<frozen importlib._bootstrap_external>", line 995, in exec_module
  File "<frozen importlib._bootstrap_external>", line 1133, in get_code
  File "<frozen importlib._bootstrap_external>", line 1063, in source_to_code
  File "<frozen importlib._bootstrap>", line 488, in _call_with_frames_removed
  File "/root/airflow/dags/first_dag.py", line 15
    ):
      ^
IndentationError: expected an indented block after 'with' statement on line 10
[2025-02-06T08:38:16.146+0000] {processor.py:927} WARNING - No viable dags retrieved from /root/airflow/dags/first_dag.py
[2025-02-06T08:38:16.184+0000] {processor.py:208} INFO - Processing /root/airflow/dags/first_dag.py took 0.073 seconds
[2025-02-06T08:38:53.729+0000] {processor.py:186} INFO - Started process (PID=478) to work on /root/airflow/dags/first_dag.py
[2025-02-06T08:38:53.730+0000] {processor.py:914} INFO - Processing file /root/airflow/dags/first_dag.py for tasks to queue
[2025-02-06T08:38:53.732+0000] {logging_mixin.py:190} INFO - [2025-02-06T08:38:53.731+0000] {dagbag.py:588} INFO - Filling up the DagBag from /root/airflow/dags/first_dag.py
[2025-02-06T08:38:53.756+0000] {logging_mixin.py:190} INFO - [2025-02-06T08:38:53.755+0000] {dagbag.py:387} ERROR - Failed to import: /root/airflow/dags/first_dag.py
Traceback (most recent call last):
  File "/opt/conda/lib/python3.12/site-packages/airflow/models/dagbag.py", line 383, in parse
    loader.exec_module(new_module)
  File "<frozen importlib._bootstrap_external>", line 995, in exec_module
  File "<frozen importlib._bootstrap_external>", line 1133, in get_code
  File "<frozen importlib._bootstrap_external>", line 1063, in source_to_code
  File "<frozen importlib._bootstrap>", line 488, in _call_with_frames_removed
  File "/root/airflow/dags/first_dag.py", line 15
    ):
      ^
IndentationError: expected an indented block after 'with' statement on line 10
[2025-02-06T08:38:53.757+0000] {processor.py:927} WARNING - No viable dags retrieved from /root/airflow/dags/first_dag.py
[2025-02-06T08:38:53.808+0000] {processor.py:208} INFO - Processing /root/airflow/dags/first_dag.py took 0.083 seconds
[2025-02-06T08:39:31.031+0000] {processor.py:186} INFO - Started process (PID=511) to work on /root/airflow/dags/first_dag.py
[2025-02-06T08:39:31.032+0000] {processor.py:914} INFO - Processing file /root/airflow/dags/first_dag.py for tasks to queue
[2025-02-06T08:39:31.033+0000] {logging_mixin.py:190} INFO - [2025-02-06T08:39:31.033+0000] {dagbag.py:588} INFO - Filling up the DagBag from /root/airflow/dags/first_dag.py
[2025-02-06T08:39:31.052+0000] {logging_mixin.py:190} INFO - [2025-02-06T08:39:31.051+0000] {dagbag.py:387} ERROR - Failed to import: /root/airflow/dags/first_dag.py
Traceback (most recent call last):
  File "/opt/conda/lib/python3.12/site-packages/airflow/models/dagbag.py", line 383, in parse
    loader.exec_module(new_module)
  File "<frozen importlib._bootstrap_external>", line 995, in exec_module
  File "<frozen importlib._bootstrap_external>", line 1133, in get_code
  File "<frozen importlib._bootstrap_external>", line 1063, in source_to_code
  File "<frozen importlib._bootstrap>", line 488, in _call_with_frames_removed
  File "/root/airflow/dags/first_dag.py", line 15
    ):
      ^
IndentationError: expected an indented block after 'with' statement on line 10
[2025-02-06T08:39:31.053+0000] {processor.py:927} WARNING - No viable dags retrieved from /root/airflow/dags/first_dag.py
[2025-02-06T08:39:31.099+0000] {processor.py:208} INFO - Processing /root/airflow/dags/first_dag.py took 0.073 seconds
[2025-02-06T08:40:11.573+0000] {processor.py:186} INFO - Started process (PID=544) to work on /root/airflow/dags/first_dag.py
[2025-02-06T08:40:11.574+0000] {processor.py:914} INFO - Processing file /root/airflow/dags/first_dag.py for tasks to queue
[2025-02-06T08:40:11.575+0000] {logging_mixin.py:190} INFO - [2025-02-06T08:40:11.575+0000] {dagbag.py:588} INFO - Filling up the DagBag from /root/airflow/dags/first_dag.py
[2025-02-06T08:40:11.611+0000] {processor.py:925} INFO - DAG(s) 'my_first_dag' retrieved from /root/airflow/dags/first_dag.py
[2025-02-06T08:40:11.740+0000] {logging_mixin.py:190} INFO - [2025-02-06T08:40:11.739+0000] {override.py:1912} INFO - Created Permission View: can read on DAG:my_first_dag
[2025-02-06T08:40:11.780+0000] {logging_mixin.py:190} INFO - [2025-02-06T08:40:11.779+0000] {override.py:1912} INFO - Created Permission View: can edit on DAG:my_first_dag
[2025-02-06T08:40:11.813+0000] {logging_mixin.py:190} INFO - [2025-02-06T08:40:11.813+0000] {override.py:1912} INFO - Created Permission View: can delete on DAG:my_first_dag
[2025-02-06T08:40:11.872+0000] {logging_mixin.py:190} INFO - [2025-02-06T08:40:11.871+0000] {override.py:1912} INFO - Created Permission View: can read on DAG Run:my_first_dag
[2025-02-06T08:40:11.909+0000] {logging_mixin.py:190} INFO - [2025-02-06T08:40:11.908+0000] {override.py:1912} INFO - Created Permission View: can create on DAG Run:my_first_dag
[2025-02-06T08:40:11.951+0000] {logging_mixin.py:190} INFO - [2025-02-06T08:40:11.950+0000] {override.py:1912} INFO - Created Permission View: can delete on DAG Run:my_first_dag
[2025-02-06T08:40:11.992+0000] {logging_mixin.py:190} INFO - [2025-02-06T08:40:11.991+0000] {override.py:1912} INFO - Created Permission View: menu access on DAG Run:my_first_dag
[2025-02-06T08:40:11.993+0000] {logging_mixin.py:190} INFO - [2025-02-06T08:40:11.993+0000] {dag.py:3239} INFO - Sync 1 DAGs
[2025-02-06T08:40:12.011+0000] {logging_mixin.py:190} INFO - [2025-02-06T08:40:12.011+0000] {dag.py:3262} INFO - Creating ORM DAG for my_first_dag
[2025-02-06T08:40:12.020+0000] {logging_mixin.py:190} INFO - [2025-02-06T08:40:12.020+0000] {dag.py:4180} INFO - Setting next_dagrun for my_first_dag to 2025-01-01 00:00:00+00:00, run_after=2025-01-01 00:00:30+00:00
[2025-02-06T08:40:12.089+0000] {processor.py:208} INFO - Processing /root/airflow/dags/first_dag.py took 0.520 seconds
[2025-02-06T08:40:50.439+0000] {processor.py:186} INFO - Started process (PID=578) to work on /root/airflow/dags/first_dag.py
[2025-02-06T08:40:50.440+0000] {processor.py:914} INFO - Processing file /root/airflow/dags/first_dag.py for tasks to queue
[2025-02-06T08:40:50.441+0000] {logging_mixin.py:190} INFO - [2025-02-06T08:40:50.441+0000] {dagbag.py:588} INFO - Filling up the DagBag from /root/airflow/dags/first_dag.py
[2025-02-06T08:40:50.478+0000] {processor.py:925} INFO - DAG(s) 'my_first_dag' retrieved from /root/airflow/dags/first_dag.py
[2025-02-06T08:40:50.586+0000] {logging_mixin.py:190} INFO - [2025-02-06T08:40:50.585+0000] {dag.py:3239} INFO - Sync 1 DAGs
[2025-02-06T08:40:50.610+0000] {logging_mixin.py:190} INFO - [2025-02-06T08:40:50.609+0000] {dag.py:4180} INFO - Setting next_dagrun for my_first_dag to 2025-01-01 00:00:00+00:00, run_after=2025-01-01 00:00:30+00:00
[2025-02-06T08:40:50.687+0000] {processor.py:208} INFO - Processing /root/airflow/dags/first_dag.py took 0.251 seconds
[2025-02-06T08:41:27.256+0000] {processor.py:186} INFO - Started process (PID=610) to work on /root/airflow/dags/first_dag.py
[2025-02-06T08:41:27.257+0000] {processor.py:914} INFO - Processing file /root/airflow/dags/first_dag.py for tasks to queue
[2025-02-06T08:41:27.258+0000] {logging_mixin.py:190} INFO - [2025-02-06T08:41:27.258+0000] {dagbag.py:588} INFO - Filling up the DagBag from /root/airflow/dags/first_dag.py
[2025-02-06T08:41:27.300+0000] {logging_mixin.py:190} INFO - [2025-02-06T08:41:27.293+0000] {dagbag.py:387} ERROR - Failed to import: /root/airflow/dags/first_dag.py
Traceback (most recent call last):
  File "/opt/conda/lib/python3.12/site-packages/airflow/models/dagbag.py", line 383, in parse
    loader.exec_module(new_module)
  File "<frozen importlib._bootstrap_external>", line 999, in exec_module
  File "<frozen importlib._bootstrap>", line 488, in _call_with_frames_removed
  File "/root/airflow/dags/first_dag.py", line 17, in <module>
    task_1 = PythonOperator()
             ^^^^^^^^^^^^^^^^
  File "/opt/conda/lib/python3.12/site-packages/airflow/models/baseoperator.py", line 489, in apply_defaults
    raise AirflowException(f"missing keyword argument {missing_args.pop()!r}")
airflow.exceptions.AirflowException: missing keyword argument 'python_callable'
[2025-02-06T08:41:27.302+0000] {processor.py:927} WARNING - No viable dags retrieved from /root/airflow/dags/first_dag.py
[2025-02-06T08:41:27.348+0000] {processor.py:208} INFO - Processing /root/airflow/dags/first_dag.py took 0.096 seconds
[2025-02-06T08:42:03.935+0000] {processor.py:186} INFO - Started process (PID=641) to work on /root/airflow/dags/first_dag.py
[2025-02-06T08:42:03.936+0000] {processor.py:914} INFO - Processing file /root/airflow/dags/first_dag.py for tasks to queue
[2025-02-06T08:42:03.937+0000] {logging_mixin.py:190} INFO - [2025-02-06T08:42:03.937+0000] {dagbag.py:588} INFO - Filling up the DagBag from /root/airflow/dags/first_dag.py
[2025-02-06T08:42:03.969+0000] {processor.py:925} INFO - DAG(s) 'my_first_dag' retrieved from /root/airflow/dags/first_dag.py
[2025-02-06T08:42:04.079+0000] {logging_mixin.py:190} INFO - [2025-02-06T08:42:04.078+0000] {dag.py:3239} INFO - Sync 1 DAGs
[2025-02-06T08:42:04.098+0000] {logging_mixin.py:190} INFO - [2025-02-06T08:42:04.098+0000] {dag.py:4180} INFO - Setting next_dagrun for my_first_dag to 2025-01-01 00:00:00+00:00, run_after=2025-01-01 00:00:30+00:00
[2025-02-06T08:42:04.182+0000] {processor.py:208} INFO - Processing /root/airflow/dags/first_dag.py took 0.251 seconds
[2025-02-06T08:42:43.706+0000] {processor.py:186} INFO - Started process (PID=674) to work on /root/airflow/dags/first_dag.py
[2025-02-06T08:42:43.707+0000] {processor.py:914} INFO - Processing file /root/airflow/dags/first_dag.py for tasks to queue
[2025-02-06T08:42:43.708+0000] {logging_mixin.py:190} INFO - [2025-02-06T08:42:43.708+0000] {dagbag.py:588} INFO - Filling up the DagBag from /root/airflow/dags/first_dag.py
[2025-02-06T08:42:43.736+0000] {processor.py:925} INFO - DAG(s) 'my_first_dag' retrieved from /root/airflow/dags/first_dag.py
[2025-02-06T08:42:43.764+0000] {logging_mixin.py:190} INFO - [2025-02-06T08:42:43.764+0000] {dag.py:3239} INFO - Sync 1 DAGs
[2025-02-06T08:42:43.785+0000] {logging_mixin.py:190} INFO - [2025-02-06T08:42:43.784+0000] {dag.py:4180} INFO - Setting next_dagrun for my_first_dag to 2025-01-01 00:00:00+00:00, run_after=2025-01-01 00:00:30+00:00
[2025-02-06T08:42:43.846+0000] {processor.py:208} INFO - Processing /root/airflow/dags/first_dag.py took 0.144 seconds
[2025-02-06T08:43:06.949+0000] {processor.py:186} INFO - Started process (PID=29) to work on /root/airflow/dags/first_dag.py
[2025-02-06T08:43:06.951+0000] {processor.py:914} INFO - Processing file /root/airflow/dags/first_dag.py for tasks to queue
[2025-02-06T08:43:06.953+0000] {logging_mixin.py:190} INFO - [2025-02-06T08:43:06.952+0000] {dagbag.py:588} INFO - Filling up the DagBag from /root/airflow/dags/first_dag.py
[2025-02-06T08:43:06.979+0000] {processor.py:925} INFO - DAG(s) 'my_first_dag' retrieved from /root/airflow/dags/first_dag.py
[2025-02-06T08:43:07.005+0000] {logging_mixin.py:190} INFO - [2025-02-06T08:43:07.004+0000] {dag.py:3239} INFO - Sync 1 DAGs
[2025-02-06T08:43:07.028+0000] {logging_mixin.py:190} INFO - [2025-02-06T08:43:07.028+0000] {dag.py:4180} INFO - Setting next_dagrun for my_first_dag to 2025-01-01 00:00:00+00:00, run_after=2025-01-01 00:00:30+00:00
[2025-02-06T08:43:07.089+0000] {processor.py:208} INFO - Processing /root/airflow/dags/first_dag.py took 0.144 seconds
[2025-02-06T08:44:17.302+0000] {processor.py:186} INFO - Started process (PID=93) to work on /root/airflow/dags/first_dag.py
[2025-02-06T08:44:17.303+0000] {processor.py:914} INFO - Processing file /root/airflow/dags/first_dag.py for tasks to queue
[2025-02-06T08:44:17.305+0000] {logging_mixin.py:190} INFO - [2025-02-06T08:44:17.305+0000] {dagbag.py:588} INFO - Filling up the DagBag from /root/airflow/dags/first_dag.py
[2025-02-06T08:44:17.324+0000] {processor.py:925} INFO - DAG(s) 'my_first_dag' retrieved from /root/airflow/dags/first_dag.py
[2025-02-06T08:44:17.347+0000] {logging_mixin.py:190} INFO - [2025-02-06T08:44:17.347+0000] {dag.py:3239} INFO - Sync 1 DAGs
[2025-02-06T08:44:17.368+0000] {logging_mixin.py:190} INFO - [2025-02-06T08:44:17.368+0000] {dag.py:4180} INFO - Setting next_dagrun for my_first_dag to 2025-01-01 00:00:00+00:00, run_after=2025-01-01 00:00:30+00:00
[2025-02-06T08:44:17.430+0000] {processor.py:208} INFO - Processing /root/airflow/dags/first_dag.py took 0.132 seconds
[2025-02-06T08:44:56.249+0000] {processor.py:186} INFO - Started process (PID=128) to work on /root/airflow/dags/first_dag.py
[2025-02-06T08:44:56.250+0000] {processor.py:914} INFO - Processing file /root/airflow/dags/first_dag.py for tasks to queue
[2025-02-06T08:44:56.252+0000] {logging_mixin.py:190} INFO - [2025-02-06T08:44:56.251+0000] {dagbag.py:588} INFO - Filling up the DagBag from /root/airflow/dags/first_dag.py
[2025-02-06T08:44:56.275+0000] {processor.py:925} INFO - DAG(s) 'my_first_dag' retrieved from /root/airflow/dags/first_dag.py
[2025-02-06T08:44:56.298+0000] {logging_mixin.py:190} INFO - [2025-02-06T08:44:56.297+0000] {dag.py:3239} INFO - Sync 1 DAGs
[2025-02-06T08:44:56.320+0000] {logging_mixin.py:190} INFO - [2025-02-06T08:44:56.320+0000] {dag.py:4180} INFO - Setting next_dagrun for my_first_dag to 2025-01-01 00:00:00+00:00, run_after=2025-01-01 00:00:30+00:00
[2025-02-06T08:44:56.386+0000] {processor.py:208} INFO - Processing /root/airflow/dags/first_dag.py took 0.141 seconds
[2025-02-06T08:45:31.659+0000] {processor.py:186} INFO - Started process (PID=159) to work on /root/airflow/dags/first_dag.py
[2025-02-06T08:45:31.660+0000] {processor.py:914} INFO - Processing file /root/airflow/dags/first_dag.py for tasks to queue
[2025-02-06T08:45:31.662+0000] {logging_mixin.py:190} INFO - [2025-02-06T08:45:31.661+0000] {dagbag.py:588} INFO - Filling up the DagBag from /root/airflow/dags/first_dag.py
[2025-02-06T08:45:31.686+0000] {processor.py:925} INFO - DAG(s) 'my_first_dag' retrieved from /root/airflow/dags/first_dag.py
[2025-02-06T08:45:31.707+0000] {logging_mixin.py:190} INFO - [2025-02-06T08:45:31.707+0000] {dag.py:3239} INFO - Sync 1 DAGs
[2025-02-06T08:45:31.726+0000] {logging_mixin.py:190} INFO - [2025-02-06T08:45:31.726+0000] {dag.py:4180} INFO - Setting next_dagrun for my_first_dag to 2025-01-01 00:00:00+00:00, run_after=2025-01-01 00:00:30+00:00
[2025-02-06T08:45:31.789+0000] {processor.py:208} INFO - Processing /root/airflow/dags/first_dag.py took 0.134 seconds
[2025-02-06T08:46:42.612+0000] {processor.py:186} INFO - Started process (PID=281) to work on /root/airflow/dags/first_dag.py
[2025-02-06T08:46:42.613+0000] {processor.py:914} INFO - Processing file /root/airflow/dags/first_dag.py for tasks to queue
[2025-02-06T08:46:42.615+0000] {logging_mixin.py:190} INFO - [2025-02-06T08:46:42.614+0000] {dagbag.py:588} INFO - Filling up the DagBag from /root/airflow/dags/first_dag.py
[2025-02-06T08:46:42.639+0000] {processor.py:925} INFO - DAG(s) 'my_first_dag' retrieved from /root/airflow/dags/first_dag.py
[2025-02-06T08:46:42.660+0000] {logging_mixin.py:190} INFO - [2025-02-06T08:46:42.660+0000] {dag.py:3239} INFO - Sync 1 DAGs
[2025-02-06T08:46:42.683+0000] {logging_mixin.py:190} INFO - [2025-02-06T08:46:42.682+0000] {dag.py:4180} INFO - Setting next_dagrun for my_first_dag to 2025-01-01 00:11:00+00:00, run_after=2025-01-01 00:11:30+00:00
[2025-02-06T08:46:42.747+0000] {processor.py:208} INFO - Processing /root/airflow/dags/first_dag.py took 0.141 seconds
[2025-02-06T08:47:54.315+0000] {processor.py:186} INFO - Started process (PID=29) to work on /root/airflow/dags/first_dag.py
[2025-02-06T08:47:54.317+0000] {processor.py:914} INFO - Processing file /root/airflow/dags/first_dag.py for tasks to queue
[2025-02-06T08:47:54.319+0000] {logging_mixin.py:190} INFO - [2025-02-06T08:47:54.318+0000] {dagbag.py:588} INFO - Filling up the DagBag from /root/airflow/dags/first_dag.py
[2025-02-06T08:47:54.345+0000] {processor.py:925} INFO - DAG(s) 'my_first_dag' retrieved from /root/airflow/dags/first_dag.py
[2025-02-06T08:47:54.456+0000] {logging_mixin.py:190} INFO - [2025-02-06T08:47:54.456+0000] {dag.py:3239} INFO - Sync 1 DAGs
[2025-02-06T08:47:54.482+0000] {logging_mixin.py:190} INFO - [2025-02-06T08:47:54.482+0000] {dag.py:4180} INFO - Setting next_dagrun for my_first_dag to 2025-01-01 00:21:00+00:00, run_after=2025-01-01 00:21:30+00:00
[2025-02-06T08:47:54.546+0000] {processor.py:208} INFO - Processing /root/airflow/dags/first_dag.py took 0.236 seconds
[2025-02-06T08:50:58.895+0000] {processor.py:186} INFO - Started process (PID=377) to work on /root/airflow/dags/first_dag.py
[2025-02-06T08:50:58.897+0000] {processor.py:914} INFO - Processing file /root/airflow/dags/first_dag.py for tasks to queue
[2025-02-06T08:50:58.899+0000] {logging_mixin.py:190} INFO - [2025-02-06T08:50:58.898+0000] {dagbag.py:588} INFO - Filling up the DagBag from /root/airflow/dags/first_dag.py
[2025-02-06T08:50:58.917+0000] {processor.py:925} INFO - DAG(s) 'my_first_dag' retrieved from /root/airflow/dags/first_dag.py
[2025-02-06T08:50:58.938+0000] {logging_mixin.py:190} INFO - [2025-02-06T08:50:58.938+0000] {dag.py:3239} INFO - Sync 1 DAGs
[2025-02-06T08:50:58.959+0000] {logging_mixin.py:190} INFO - [2025-02-06T08:50:58.959+0000] {dag.py:4180} INFO - Setting next_dagrun for my_first_dag to 2025-01-01 00:39:00+00:00, run_after=2025-01-01 00:39:30+00:00
[2025-02-06T08:50:59.030+0000] {processor.py:208} INFO - Processing /root/airflow/dags/first_dag.py took 0.139 seconds
[2025-02-06T08:53:34.754+0000] {processor.py:186} INFO - Started process (PID=667) to work on /root/airflow/dags/first_dag.py
[2025-02-06T08:53:34.755+0000] {processor.py:914} INFO - Processing file /root/airflow/dags/first_dag.py for tasks to queue
[2025-02-06T08:53:34.757+0000] {logging_mixin.py:190} INFO - [2025-02-06T08:53:34.757+0000] {dagbag.py:588} INFO - Filling up the DagBag from /root/airflow/dags/first_dag.py
[2025-02-06T08:53:34.776+0000] {processor.py:925} INFO - DAG(s) 'my_first_dag' retrieved from /root/airflow/dags/first_dag.py
[2025-02-06T08:53:34.800+0000] {logging_mixin.py:190} INFO - [2025-02-06T08:53:34.800+0000] {dag.py:3239} INFO - Sync 1 DAGs
[2025-02-06T08:53:34.821+0000] {logging_mixin.py:190} INFO - [2025-02-06T08:53:34.821+0000] {dag.py:4180} INFO - Setting next_dagrun for my_first_dag to 2025-01-01 00:54:00+00:00, run_after=2025-01-01 00:54:30+00:00
[2025-02-06T08:53:34.872+0000] {processor.py:208} INFO - Processing /root/airflow/dags/first_dag.py took 0.121 seconds
[2025-02-06T08:56:04.232+0000] {processor.py:186} INFO - Started process (PID=948) to work on /root/airflow/dags/first_dag.py
[2025-02-06T08:56:04.233+0000] {processor.py:914} INFO - Processing file /root/airflow/dags/first_dag.py for tasks to queue
[2025-02-06T08:56:04.235+0000] {logging_mixin.py:190} INFO - [2025-02-06T08:56:04.235+0000] {dagbag.py:588} INFO - Filling up the DagBag from /root/airflow/dags/first_dag.py
[2025-02-06T08:56:04.257+0000] {processor.py:925} INFO - DAG(s) 'my_first_dag' retrieved from /root/airflow/dags/first_dag.py
[2025-02-06T08:56:04.277+0000] {logging_mixin.py:190} INFO - [2025-02-06T08:56:04.276+0000] {dag.py:3239} INFO - Sync 1 DAGs
[2025-02-06T08:56:04.299+0000] {logging_mixin.py:190} INFO - [2025-02-06T08:56:04.298+0000] {dag.py:4180} INFO - Setting next_dagrun for my_first_dag to 2025-01-01 01:08:30+00:00, run_after=2025-01-01 01:09:00+00:00
[2025-02-06T08:56:04.371+0000] {processor.py:208} INFO - Processing /root/airflow/dags/first_dag.py took 0.143 seconds
[2025-02-06T08:58:29.775+0000] {processor.py:186} INFO - Started process (PID=1181) to work on /root/airflow/dags/first_dag.py
[2025-02-06T08:58:29.776+0000] {processor.py:914} INFO - Processing file /root/airflow/dags/first_dag.py for tasks to queue
[2025-02-06T08:58:29.779+0000] {logging_mixin.py:190} INFO - [2025-02-06T08:58:29.778+0000] {dagbag.py:588} INFO - Filling up the DagBag from /root/airflow/dags/first_dag.py
[2025-02-06T08:58:29.798+0000] {processor.py:925} INFO - DAG(s) 'my_first_dag' retrieved from /root/airflow/dags/first_dag.py
[2025-02-06T08:58:29.926+0000] {logging_mixin.py:190} INFO - [2025-02-06T08:58:29.926+0000] {dag.py:3239} INFO - Sync 1 DAGs
[2025-02-06T08:58:30.035+0000] {logging_mixin.py:190} INFO - [2025-02-06T08:58:30.035+0000] {dag.py:4180} INFO - Setting next_dagrun for my_first_dag to 2025-01-01 01:23:00+00:00, run_after=2025-01-01 01:23:30+00:00
[2025-02-06T08:58:30.101+0000] {processor.py:208} INFO - Processing /root/airflow/dags/first_dag.py took 0.330 seconds
[2025-02-06T08:59:48.714+0000] {processor.py:186} INFO - Started process (PID=29) to work on /root/airflow/dags/first_dag.py
[2025-02-06T08:59:48.716+0000] {processor.py:914} INFO - Processing file /root/airflow/dags/first_dag.py for tasks to queue
[2025-02-06T08:59:48.719+0000] {logging_mixin.py:190} INFO - [2025-02-06T08:59:48.718+0000] {dagbag.py:588} INFO - Filling up the DagBag from /root/airflow/dags/first_dag.py
[2025-02-06T08:59:48.748+0000] {processor.py:925} INFO - DAG(s) 'my_first_dag' retrieved from /root/airflow/dags/first_dag.py
[2025-02-06T08:59:48.876+0000] {logging_mixin.py:190} INFO - [2025-02-06T08:59:48.875+0000] {dag.py:3239} INFO - Sync 1 DAGs
[2025-02-06T08:59:48.899+0000] {logging_mixin.py:190} INFO - [2025-02-06T08:59:48.899+0000] {dag.py:4180} INFO - Setting next_dagrun for my_first_dag to 2025-01-01 01:27:30+00:00, run_after=2025-01-01 01:28:00+00:00
[2025-02-06T08:59:48.969+0000] {processor.py:208} INFO - Processing /root/airflow/dags/first_dag.py took 0.261 seconds
[2025-02-06T09:00:21.681+0000] {processor.py:186} INFO - Started process (PID=30) to work on /root/airflow/dags/first_dag.py
[2025-02-06T09:00:21.683+0000] {processor.py:914} INFO - Processing file /root/airflow/dags/first_dag.py for tasks to queue
[2025-02-06T09:00:21.685+0000] {logging_mixin.py:190} INFO - [2025-02-06T09:00:21.685+0000] {dagbag.py:588} INFO - Filling up the DagBag from /root/airflow/dags/first_dag.py
[2025-02-06T09:00:21.710+0000] {processor.py:925} INFO - DAG(s) 'my_first_dag' retrieved from /root/airflow/dags/first_dag.py
[2025-02-06T09:00:21.738+0000] {logging_mixin.py:190} INFO - [2025-02-06T09:00:21.738+0000] {dag.py:3239} INFO - Sync 1 DAGs
[2025-02-06T09:00:21.764+0000] {logging_mixin.py:190} INFO - [2025-02-06T09:00:21.763+0000] {dag.py:4180} INFO - Setting next_dagrun for my_first_dag to 2025-01-01 01:29:00+00:00, run_after=2025-01-01 01:29:30+00:00
[2025-02-06T09:00:21.820+0000] {processor.py:208} INFO - Processing /root/airflow/dags/first_dag.py took 0.143 seconds
[2025-02-06T09:02:52.756+0000] {processor.py:186} INFO - Started process (PID=29) to work on /root/airflow/dags/first_dag.py
[2025-02-06T09:02:52.758+0000] {processor.py:914} INFO - Processing file /root/airflow/dags/first_dag.py for tasks to queue
[2025-02-06T09:02:52.760+0000] {logging_mixin.py:190} INFO - [2025-02-06T09:02:52.759+0000] {dagbag.py:588} INFO - Filling up the DagBag from /root/airflow/dags/first_dag.py
[2025-02-06T09:02:52.789+0000] {processor.py:925} INFO - DAG(s) 'my_first_dag' retrieved from /root/airflow/dags/first_dag.py
[2025-02-06T09:02:52.926+0000] {logging_mixin.py:190} INFO - [2025-02-06T09:02:52.926+0000] {dag.py:3239} INFO - Sync 1 DAGs
[2025-02-06T09:02:52.952+0000] {logging_mixin.py:190} INFO - [2025-02-06T09:02:52.952+0000] {dag.py:4180} INFO - Setting next_dagrun for my_first_dag to 2025-01-01 01:37:30+00:00, run_after=2025-01-01 01:38:00+00:00
[2025-02-06T09:02:53.032+0000] {processor.py:208} INFO - Processing /root/airflow/dags/first_dag.py took 0.280 seconds
[2025-02-06T09:03:28.710+0000] {processor.py:186} INFO - Started process (PID=29) to work on /root/airflow/dags/first_dag.py
[2025-02-06T09:03:28.711+0000] {processor.py:914} INFO - Processing file /root/airflow/dags/first_dag.py for tasks to queue
[2025-02-06T09:03:28.713+0000] {logging_mixin.py:190} INFO - [2025-02-06T09:03:28.712+0000] {dagbag.py:588} INFO - Filling up the DagBag from /root/airflow/dags/first_dag.py
[2025-02-06T09:03:28.751+0000] {processor.py:925} INFO - DAG(s) 'my_first_dag' retrieved from /root/airflow/dags/first_dag.py
[2025-02-06T09:03:28.871+0000] {logging_mixin.py:190} INFO - [2025-02-06T09:03:28.871+0000] {dag.py:3239} INFO - Sync 1 DAGs
[2025-02-06T09:03:28.892+0000] {logging_mixin.py:190} INFO - [2025-02-06T09:03:28.892+0000] {dag.py:4180} INFO - Setting next_dagrun for my_first_dag to 2025-01-01 01:37:30+00:00, run_after=2025-01-01 01:38:00+00:00
[2025-02-06T09:03:28.941+0000] {processor.py:208} INFO - Processing /root/airflow/dags/first_dag.py took 0.234 seconds
[2025-02-06T09:04:12.593+0000] {processor.py:186} INFO - Started process (PID=29) to work on /root/airflow/dags/first_dag.py
[2025-02-06T09:04:12.595+0000] {processor.py:914} INFO - Processing file /root/airflow/dags/first_dag.py for tasks to queue
[2025-02-06T09:04:12.598+0000] {logging_mixin.py:190} INFO - [2025-02-06T09:04:12.597+0000] {dagbag.py:588} INFO - Filling up the DagBag from /root/airflow/dags/first_dag.py
[2025-02-06T09:04:12.625+0000] {processor.py:925} INFO - DAG(s) 'my_first_dag' retrieved from /root/airflow/dags/first_dag.py
[2025-02-06T09:04:12.657+0000] {logging_mixin.py:190} INFO - [2025-02-06T09:04:12.657+0000] {dag.py:3239} INFO - Sync 1 DAGs
[2025-02-06T09:04:12.684+0000] {logging_mixin.py:190} INFO - [2025-02-06T09:04:12.684+0000] {dag.py:4180} INFO - Setting next_dagrun for my_first_dag to 2025-01-01 01:37:30+00:00, run_after=2025-01-01 01:38:00+00:00
[2025-02-06T09:04:12.742+0000] {processor.py:208} INFO - Processing /root/airflow/dags/first_dag.py took 0.154 seconds
[2025-02-06T09:06:43.785+0000] {processor.py:186} INFO - Started process (PID=293) to work on /root/airflow/dags/first_dag.py
[2025-02-06T09:06:43.786+0000] {processor.py:914} INFO - Processing file /root/airflow/dags/first_dag.py for tasks to queue
[2025-02-06T09:06:43.788+0000] {logging_mixin.py:190} INFO - [2025-02-06T09:06:43.788+0000] {dagbag.py:588} INFO - Filling up the DagBag from /root/airflow/dags/first_dag.py
[2025-02-06T09:06:43.802+0000] {processor.py:925} INFO - DAG(s) 'my_first_dag' retrieved from /root/airflow/dags/first_dag.py
[2025-02-06T09:06:43.821+0000] {logging_mixin.py:190} INFO - [2025-02-06T09:06:43.821+0000] {dag.py:3239} INFO - Sync 1 DAGs
[2025-02-06T09:06:43.841+0000] {logging_mixin.py:190} INFO - [2025-02-06T09:06:43.841+0000] {dag.py:4180} INFO - Setting next_dagrun for my_first_dag to 2025-01-01 01:49:30+00:00, run_after=2025-01-01 01:50:00+00:00
[2025-02-06T09:06:43.898+0000] {processor.py:208} INFO - Processing /root/airflow/dags/first_dag.py took 0.116 seconds
[2025-02-06T09:09:18.716+0000] {processor.py:186} INFO - Started process (PID=582) to work on /root/airflow/dags/first_dag.py
[2025-02-06T09:09:18.717+0000] {processor.py:914} INFO - Processing file /root/airflow/dags/first_dag.py for tasks to queue
[2025-02-06T09:09:18.718+0000] {logging_mixin.py:190} INFO - [2025-02-06T09:09:18.718+0000] {dagbag.py:588} INFO - Filling up the DagBag from /root/airflow/dags/first_dag.py
[2025-02-06T09:09:18.737+0000] {processor.py:925} INFO - DAG(s) 'my_first_dag' retrieved from /root/airflow/dags/first_dag.py
[2025-02-06T09:09:18.757+0000] {logging_mixin.py:190} INFO - [2025-02-06T09:09:18.757+0000] {dag.py:3239} INFO - Sync 1 DAGs
[2025-02-06T09:09:18.782+0000] {logging_mixin.py:190} INFO - [2025-02-06T09:09:18.781+0000] {dag.py:4180} INFO - Setting next_dagrun for my_first_dag to 2025-01-01 02:04:30+00:00, run_after=2025-01-01 02:05:00+00:00
[2025-02-06T09:09:18.844+0000] {processor.py:208} INFO - Processing /root/airflow/dags/first_dag.py took 0.132 seconds
[2025-02-06T09:11:26.294+0000] {processor.py:186} INFO - Started process (PID=825) to work on /root/airflow/dags/first_dag.py
[2025-02-06T09:11:26.295+0000] {processor.py:914} INFO - Processing file /root/airflow/dags/first_dag.py for tasks to queue
[2025-02-06T09:11:26.297+0000] {logging_mixin.py:190} INFO - [2025-02-06T09:11:26.296+0000] {dagbag.py:588} INFO - Filling up the DagBag from /root/airflow/dags/first_dag.py
[2025-02-06T09:11:26.315+0000] {processor.py:925} INFO - DAG(s) 'my_first_dag' retrieved from /root/airflow/dags/first_dag.py
[2025-02-06T09:11:26.336+0000] {logging_mixin.py:190} INFO - [2025-02-06T09:11:26.336+0000] {dag.py:3239} INFO - Sync 1 DAGs
[2025-02-06T09:11:26.362+0000] {logging_mixin.py:190} INFO - [2025-02-06T09:11:26.362+0000] {dag.py:4180} INFO - Setting next_dagrun for my_first_dag to 2025-01-01 02:17:00+00:00, run_after=2025-01-01 02:17:30+00:00
[2025-02-06T09:11:26.415+0000] {processor.py:208} INFO - Processing /root/airflow/dags/first_dag.py took 0.125 seconds
[2025-02-06T09:13:57.763+0000] {processor.py:186} INFO - Started process (PID=1104) to work on /root/airflow/dags/first_dag.py
[2025-02-06T09:13:57.765+0000] {processor.py:914} INFO - Processing file /root/airflow/dags/first_dag.py for tasks to queue
[2025-02-06T09:13:57.767+0000] {logging_mixin.py:190} INFO - [2025-02-06T09:13:57.766+0000] {dagbag.py:588} INFO - Filling up the DagBag from /root/airflow/dags/first_dag.py
[2025-02-06T09:13:57.786+0000] {processor.py:925} INFO - DAG(s) 'my_first_dag' retrieved from /root/airflow/dags/first_dag.py
[2025-02-06T09:13:57.807+0000] {logging_mixin.py:190} INFO - [2025-02-06T09:13:57.806+0000] {dag.py:3239} INFO - Sync 1 DAGs
[2025-02-06T09:13:57.827+0000] {logging_mixin.py:190} INFO - [2025-02-06T09:13:57.827+0000] {dag.py:4180} INFO - Setting next_dagrun for my_first_dag to 2025-01-01 02:31:30+00:00, run_after=2025-01-01 02:32:00+00:00
[2025-02-06T09:13:57.908+0000] {processor.py:208} INFO - Processing /root/airflow/dags/first_dag.py took 0.150 seconds
[2025-02-06T09:16:19.650+0000] {processor.py:186} INFO - Started process (PID=1365) to work on /root/airflow/dags/first_dag.py
[2025-02-06T09:16:19.651+0000] {processor.py:914} INFO - Processing file /root/airflow/dags/first_dag.py for tasks to queue
[2025-02-06T09:16:19.653+0000] {logging_mixin.py:190} INFO - [2025-02-06T09:16:19.653+0000] {dagbag.py:588} INFO - Filling up the DagBag from /root/airflow/dags/first_dag.py
[2025-02-06T09:16:19.672+0000] {processor.py:925} INFO - DAG(s) 'my_first_dag' retrieved from /root/airflow/dags/first_dag.py
[2025-02-06T09:16:19.694+0000] {logging_mixin.py:190} INFO - [2025-02-06T09:16:19.694+0000] {dag.py:3239} INFO - Sync 1 DAGs
[2025-02-06T09:16:19.714+0000] {logging_mixin.py:190} INFO - [2025-02-06T09:16:19.714+0000] {dag.py:4180} INFO - Setting next_dagrun for my_first_dag to 2025-01-01 02:45:00+00:00, run_after=2025-01-01 02:45:30+00:00
[2025-02-06T09:16:19.760+0000] {processor.py:208} INFO - Processing /root/airflow/dags/first_dag.py took 0.113 seconds
[2025-02-06T09:18:22.240+0000] {processor.py:186} INFO - Started process (PID=1600) to work on /root/airflow/dags/first_dag.py
[2025-02-06T09:18:22.241+0000] {processor.py:914} INFO - Processing file /root/airflow/dags/first_dag.py for tasks to queue
[2025-02-06T09:18:22.243+0000] {logging_mixin.py:190} INFO - [2025-02-06T09:18:22.243+0000] {dagbag.py:588} INFO - Filling up the DagBag from /root/airflow/dags/first_dag.py
[2025-02-06T09:18:22.263+0000] {processor.py:925} INFO - DAG(s) 'my_first_dag' retrieved from /root/airflow/dags/first_dag.py
[2025-02-06T09:18:22.367+0000] {logging_mixin.py:190} INFO - [2025-02-06T09:18:22.367+0000] {dag.py:3239} INFO - Sync 1 DAGs
[2025-02-06T09:18:22.385+0000] {logging_mixin.py:190} INFO - [2025-02-06T09:18:22.385+0000] {dag.py:4180} INFO - Setting next_dagrun for my_first_dag to 2025-01-01 02:57:00+00:00, run_after=2025-01-01 02:57:30+00:00
[2025-02-06T09:18:22.450+0000] {processor.py:208} INFO - Processing /root/airflow/dags/first_dag.py took 0.213 seconds
[2025-02-06T09:21:10.316+0000] {processor.py:186} INFO - Started process (PID=1877) to work on /root/airflow/dags/first_dag.py
[2025-02-06T09:21:10.317+0000] {processor.py:914} INFO - Processing file /root/airflow/dags/first_dag.py for tasks to queue
[2025-02-06T09:21:10.319+0000] {logging_mixin.py:190} INFO - [2025-02-06T09:21:10.319+0000] {dagbag.py:588} INFO - Filling up the DagBag from /root/airflow/dags/first_dag.py
[2025-02-06T09:21:10.338+0000] {processor.py:925} INFO - DAG(s) 'my_first_dag' retrieved from /root/airflow/dags/first_dag.py
[2025-02-06T09:21:10.363+0000] {logging_mixin.py:190} INFO - [2025-02-06T09:21:10.363+0000] {dag.py:3239} INFO - Sync 1 DAGs
[2025-02-06T09:21:10.388+0000] {logging_mixin.py:190} INFO - [2025-02-06T09:21:10.388+0000] {dag.py:4180} INFO - Setting next_dagrun for my_first_dag to 2025-01-01 03:11:30+00:00, run_after=2025-01-01 03:12:00+00:00
[2025-02-06T09:21:10.441+0000] {processor.py:208} INFO - Processing /root/airflow/dags/first_dag.py took 0.130 seconds
[2025-02-06T09:24:10.012+0000] {processor.py:186} INFO - Started process (PID=29) to work on /root/airflow/dags/first_dag.py
[2025-02-06T09:24:10.013+0000] {processor.py:914} INFO - Processing file /root/airflow/dags/first_dag.py for tasks to queue
[2025-02-06T09:24:10.015+0000] {logging_mixin.py:190} INFO - [2025-02-06T09:24:10.014+0000] {dagbag.py:588} INFO - Filling up the DagBag from /root/airflow/dags/first_dag.py
[2025-02-06T09:24:10.045+0000] {processor.py:925} INFO - DAG(s) 'my_first_dag' retrieved from /root/airflow/dags/first_dag.py
[2025-02-06T09:24:10.161+0000] {logging_mixin.py:190} INFO - [2025-02-06T09:24:10.160+0000] {dag.py:3239} INFO - Sync 1 DAGs
[2025-02-06T09:24:10.179+0000] {logging_mixin.py:190} INFO - [2025-02-06T09:24:10.178+0000] {dag.py:4180} INFO - Setting next_dagrun for my_first_dag to 2025-01-01 03:26:30+00:00, run_after=2025-01-01 03:27:00+00:00
[2025-02-06T09:24:10.233+0000] {processor.py:208} INFO - Processing /root/airflow/dags/first_dag.py took 0.225 seconds
[2025-02-06T09:27:34.351+0000] {processor.py:186} INFO - Started process (PID=29) to work on /root/airflow/dags/first_dag.py
[2025-02-06T09:27:34.352+0000] {processor.py:914} INFO - Processing file /root/airflow/dags/first_dag.py for tasks to queue
[2025-02-06T09:27:34.355+0000] {logging_mixin.py:190} INFO - [2025-02-06T09:27:34.354+0000] {dagbag.py:588} INFO - Filling up the DagBag from /root/airflow/dags/first_dag.py
[2025-02-06T09:27:34.381+0000] {processor.py:925} INFO - DAG(s) 'my_first_dag' retrieved from /root/airflow/dags/first_dag.py
[2025-02-06T09:27:34.488+0000] {logging_mixin.py:190} INFO - [2025-02-06T09:27:34.488+0000] {dag.py:3239} INFO - Sync 1 DAGs
[2025-02-06T09:27:34.508+0000] {logging_mixin.py:190} INFO - [2025-02-06T09:27:34.508+0000] {dag.py:4180} INFO - Setting next_dagrun for my_first_dag to 2025-01-01 03:40:30+00:00, run_after=2025-01-01 03:41:00+00:00
[2025-02-06T09:27:34.568+0000] {processor.py:208} INFO - Processing /root/airflow/dags/first_dag.py took 0.222 seconds
[2025-02-06T09:28:33.340+0000] {processor.py:186} INFO - Started process (PID=29) to work on /root/airflow/dags/first_dag.py
[2025-02-06T09:28:33.342+0000] {processor.py:914} INFO - Processing file /root/airflow/dags/first_dag.py for tasks to queue
[2025-02-06T09:28:33.344+0000] {logging_mixin.py:190} INFO - [2025-02-06T09:28:33.344+0000] {dagbag.py:588} INFO - Filling up the DagBag from /root/airflow/dags/first_dag.py
[2025-02-06T09:28:33.371+0000] {processor.py:925} INFO - DAG(s) 'my_first_dag' retrieved from /root/airflow/dags/first_dag.py
[2025-02-06T09:28:33.482+0000] {logging_mixin.py:190} INFO - [2025-02-06T09:28:33.482+0000] {dag.py:3239} INFO - Sync 1 DAGs
[2025-02-06T09:28:33.504+0000] {logging_mixin.py:190} INFO - [2025-02-06T09:28:33.504+0000] {dag.py:4180} INFO - Setting next_dagrun for my_first_dag to 2025-01-01 03:44:00+00:00, run_after=2025-01-01 03:44:30+00:00
[2025-02-06T09:28:33.570+0000] {processor.py:208} INFO - Processing /root/airflow/dags/first_dag.py took 0.234 seconds
[2025-02-06T09:29:12.457+0000] {processor.py:186} INFO - Started process (PID=29) to work on /root/airflow/dags/first_dag.py
[2025-02-06T09:29:12.458+0000] {processor.py:914} INFO - Processing file /root/airflow/dags/first_dag.py for tasks to queue
[2025-02-06T09:29:12.460+0000] {logging_mixin.py:190} INFO - [2025-02-06T09:29:12.460+0000] {dagbag.py:588} INFO - Filling up the DagBag from /root/airflow/dags/first_dag.py
[2025-02-06T09:29:12.484+0000] {processor.py:925} INFO - DAG(s) 'my_first_dag' retrieved from /root/airflow/dags/first_dag.py
[2025-02-06T09:29:12.509+0000] {logging_mixin.py:190} INFO - [2025-02-06T09:29:12.509+0000] {dag.py:3239} INFO - Sync 1 DAGs
[2025-02-06T09:29:12.530+0000] {logging_mixin.py:190} INFO - [2025-02-06T09:29:12.530+0000] {dag.py:4180} INFO - Setting next_dagrun for my_first_dag to 2025-01-01 03:46:30+00:00, run_after=2025-01-01 03:47:00+00:00
[2025-02-06T09:29:12.587+0000] {processor.py:208} INFO - Processing /root/airflow/dags/first_dag.py took 0.134 seconds
[2025-02-06T09:34:48.317+0000] {processor.py:186} INFO - Started process (PID=639) to work on /root/airflow/dags/first_dag.py
[2025-02-06T09:34:48.318+0000] {processor.py:914} INFO - Processing file /root/airflow/dags/first_dag.py for tasks to queue
[2025-02-06T09:34:48.320+0000] {logging_mixin.py:190} INFO - [2025-02-06T09:34:48.320+0000] {dagbag.py:588} INFO - Filling up the DagBag from /root/airflow/dags/first_dag.py
[2025-02-06T09:34:48.340+0000] {processor.py:925} INFO - DAG(s) 'my_first_dag' retrieved from /root/airflow/dags/first_dag.py
[2025-02-06T09:34:48.469+0000] {logging_mixin.py:190} INFO - [2025-02-06T09:34:48.469+0000] {dag.py:3239} INFO - Sync 1 DAGs
[2025-02-06T09:34:48.496+0000] {logging_mixin.py:190} INFO - [2025-02-06T09:34:48.496+0000] {dag.py:4180} INFO - Setting next_dagrun for my_first_dag to 2025-01-01 04:01:00+00:00, run_after=2025-01-01 04:01:30+00:00
[2025-02-06T09:34:48.608+0000] {processor.py:208} INFO - Processing /root/airflow/dags/first_dag.py took 0.295 seconds
[2025-02-06T09:39:42.336+0000] {processor.py:186} INFO - Started process (PID=1169) to work on /root/airflow/dags/first_dag.py
[2025-02-06T09:39:42.337+0000] {processor.py:914} INFO - Processing file /root/airflow/dags/first_dag.py for tasks to queue
[2025-02-06T09:39:42.339+0000] {logging_mixin.py:190} INFO - [2025-02-06T09:39:42.339+0000] {dagbag.py:588} INFO - Filling up the DagBag from /root/airflow/dags/first_dag.py
[2025-02-06T09:39:42.359+0000] {processor.py:925} INFO - DAG(s) 'my_first_dag' retrieved from /root/airflow/dags/first_dag.py
[2025-02-06T09:39:42.381+0000] {logging_mixin.py:190} INFO - [2025-02-06T09:39:42.381+0000] {dag.py:3239} INFO - Sync 1 DAGs
[2025-02-06T09:39:42.405+0000] {logging_mixin.py:190} INFO - [2025-02-06T09:39:42.405+0000] {dag.py:4180} INFO - Setting next_dagrun for my_first_dag to 2025-01-01 04:16:00+00:00, run_after=2025-01-01 04:16:30+00:00
[2025-02-06T09:39:42.472+0000] {processor.py:208} INFO - Processing /root/airflow/dags/first_dag.py took 0.140 seconds
[2025-02-06T09:43:45.435+0000] {processor.py:186} INFO - Started process (PID=1576) to work on /root/airflow/dags/first_dag.py
[2025-02-06T09:43:45.436+0000] {processor.py:914} INFO - Processing file /root/airflow/dags/first_dag.py for tasks to queue
[2025-02-06T09:43:45.438+0000] {logging_mixin.py:190} INFO - [2025-02-06T09:43:45.438+0000] {dagbag.py:588} INFO - Filling up the DagBag from /root/airflow/dags/first_dag.py
[2025-02-06T09:43:45.456+0000] {processor.py:925} INFO - DAG(s) 'my_first_dag' retrieved from /root/airflow/dags/first_dag.py
[2025-02-06T09:43:45.477+0000] {logging_mixin.py:190} INFO - [2025-02-06T09:43:45.477+0000] {dag.py:3239} INFO - Sync 1 DAGs
[2025-02-06T09:43:45.502+0000] {logging_mixin.py:190} INFO - [2025-02-06T09:43:45.502+0000] {dag.py:4180} INFO - Setting next_dagrun for my_first_dag to 2025-01-01 04:31:00+00:00, run_after=2025-01-01 04:31:30+00:00
[2025-02-06T09:43:45.653+0000] {processor.py:208} INFO - Processing /root/airflow/dags/first_dag.py took 0.223 seconds
[2025-02-06T09:45:58.068+0000] {processor.py:186} INFO - Started process (PID=29) to work on /root/airflow/dags/first_dag.py
[2025-02-06T09:45:58.069+0000] {processor.py:914} INFO - Processing file /root/airflow/dags/first_dag.py for tasks to queue
[2025-02-06T09:45:58.072+0000] {logging_mixin.py:190} INFO - [2025-02-06T09:45:58.071+0000] {dagbag.py:588} INFO - Filling up the DagBag from /root/airflow/dags/first_dag.py
[2025-02-06T09:45:58.107+0000] {processor.py:925} INFO - DAG(s) 'my_first_dag' retrieved from /root/airflow/dags/first_dag.py
[2025-02-06T09:45:58.142+0000] {logging_mixin.py:190} INFO - [2025-02-06T09:45:58.142+0000] {dag.py:3239} INFO - Sync 1 DAGs
[2025-02-06T09:45:58.169+0000] {logging_mixin.py:190} INFO - [2025-02-06T09:45:58.168+0000] {dag.py:4180} INFO - Setting next_dagrun for my_first_dag to 2025-01-01 04:32:00+00:00, run_after=2025-01-01 04:32:30+00:00
[2025-02-06T09:45:58.244+0000] {processor.py:208} INFO - Processing /root/airflow/dags/first_dag.py took 0.181 seconds
[2025-02-06T09:46:40.842+0000] {processor.py:186} INFO - Started process (PID=29) to work on /root/airflow/dags/first_dag.py
[2025-02-06T09:46:40.843+0000] {processor.py:914} INFO - Processing file /root/airflow/dags/first_dag.py for tasks to queue
[2025-02-06T09:46:40.845+0000] {logging_mixin.py:190} INFO - [2025-02-06T09:46:40.845+0000] {dagbag.py:588} INFO - Filling up the DagBag from /root/airflow/dags/first_dag.py
[2025-02-06T09:46:40.874+0000] {processor.py:925} INFO - DAG(s) 'my_first_dag' retrieved from /root/airflow/dags/first_dag.py
[2025-02-06T09:46:40.902+0000] {logging_mixin.py:190} INFO - [2025-02-06T09:46:40.902+0000] {dag.py:3239} INFO - Sync 1 DAGs
[2025-02-06T09:46:40.927+0000] {logging_mixin.py:190} INFO - [2025-02-06T09:46:40.927+0000] {dag.py:4180} INFO - Setting next_dagrun for my_first_dag to 2025-01-01 04:34:00+00:00, run_after=2025-01-01 04:34:30+00:00
[2025-02-06T09:46:40.977+0000] {processor.py:208} INFO - Processing /root/airflow/dags/first_dag.py took 0.140 seconds
[2025-02-06T09:52:10.604+0000] {processor.py:186} INFO - Started process (PID=604) to work on /root/airflow/dags/first_dag.py
[2025-02-06T09:52:10.605+0000] {processor.py:914} INFO - Processing file /root/airflow/dags/first_dag.py for tasks to queue
[2025-02-06T09:52:10.608+0000] {logging_mixin.py:190} INFO - [2025-02-06T09:52:10.607+0000] {dagbag.py:588} INFO - Filling up the DagBag from /root/airflow/dags/first_dag.py
[2025-02-06T09:52:10.645+0000] {processor.py:925} INFO - DAG(s) 'my_first_dag' retrieved from /root/airflow/dags/first_dag.py
[2025-02-06T09:52:10.684+0000] {logging_mixin.py:190} INFO - [2025-02-06T09:52:10.684+0000] {dag.py:3239} INFO - Sync 1 DAGs
[2025-02-06T09:52:10.711+0000] {logging_mixin.py:190} INFO - [2025-02-06T09:52:10.711+0000] {dag.py:4180} INFO - Setting next_dagrun for my_first_dag to 2025-01-01 04:48:30+00:00, run_after=2025-01-01 04:49:00+00:00
[2025-02-06T09:52:10.777+0000] {processor.py:208} INFO - Processing /root/airflow/dags/first_dag.py took 0.177 seconds
[2025-02-06T09:53:30.360+0000] {processor.py:186} INFO - Started process (PID=748) to work on /root/airflow/dags/first_dag.py
[2025-02-06T09:53:30.362+0000] {processor.py:914} INFO - Processing file /root/airflow/dags/first_dag.py for tasks to queue
[2025-02-06T09:53:30.365+0000] {logging_mixin.py:190} INFO - [2025-02-06T09:53:30.364+0000] {dagbag.py:588} INFO - Filling up the DagBag from /root/airflow/dags/first_dag.py
[2025-02-06T09:53:30.385+0000] {processor.py:925} INFO - DAG(s) 'my_first_dag' retrieved from /root/airflow/dags/first_dag.py
[2025-02-06T09:53:30.405+0000] {logging_mixin.py:190} INFO - [2025-02-06T09:53:30.405+0000] {taskinstance.py:3313} ERROR - {'DAG Id': 'my_first_dag', 'Task Id': 'task_random_choice', 'Run Id': 'scheduled__2025-01-01T04:52:30+00:00', 'Hostname': '1f20f9aee2e1'}
[2025-02-06T09:53:30.436+0000] {logging_mixin.py:190} INFO - Task instance in failure state
[2025-02-06T09:53:30.436+0000] {logging_mixin.py:190} INFO - Task start:2025-02-06 09:53:24.197997+00:00 end:2025-02-06 09:53:30.411376+00:00 duration:6.213379
[2025-02-06T09:53:30.437+0000] {logging_mixin.py:190} INFO - Task:<Task(BranchPythonOperator): task_random_choice> dag:<DAG: my_first_dag> dagrun:<DagRun my_first_dag @ 2025-01-01 04:52:30+00:00: scheduled__2025-01-01T04:52:30+00:00, state:running, queued_at: 2025-02-06 09:53:09.698717+00:00. externally triggered: False>
[2025-02-06T09:53:30.437+0000] {logging_mixin.py:190} INFO - Failure caused by {'DAG Id': 'my_first_dag', 'Task Id': 'task_random_choice', 'Run Id': 'scheduled__2025-01-01T04:52:30+00:00', 'Hostname': '1f20f9aee2e1'}
[2025-02-06T09:53:30.438+0000] {logging_mixin.py:190} INFO - [2025-02-06T09:53:30.437+0000] {taskinstance.py:1225} INFO - Marking task as FAILED. dag_id=my_first_dag, task_id=task_random_choice, run_id=scheduled__2025-01-01T04:52:30+00:00, execution_date=20250101T045230, start_date=20250206T095324, end_date=20250206T095330
[2025-02-06T09:53:30.474+0000] {logging_mixin.py:190} INFO - [2025-02-06T09:53:30.474+0000] {processor.py:876} INFO - Executed callback for <TaskInstance: my_first_dag.task_random_choice scheduled__2025-01-01T04:52:30+00:00 [failed]> in state failed
[2025-02-06T09:53:30.588+0000] {logging_mixin.py:190} INFO - [2025-02-06T09:53:30.587+0000] {dag.py:3239} INFO - Sync 1 DAGs
[2025-02-06T09:53:30.617+0000] {logging_mixin.py:190} INFO - [2025-02-06T09:53:30.617+0000] {dag.py:4180} INFO - Setting next_dagrun for my_first_dag to 2025-01-01 04:53:30+00:00, run_after=2025-01-01 04:54:00+00:00
[2025-02-06T09:53:30.689+0000] {processor.py:208} INFO - Processing /root/airflow/dags/first_dag.py took 0.332 seconds
[2025-02-06T09:56:41.678+0000] {processor.py:186} INFO - Started process (PID=1104) to work on /root/airflow/dags/first_dag.py
[2025-02-06T09:56:41.679+0000] {processor.py:914} INFO - Processing file /root/airflow/dags/first_dag.py for tasks to queue
[2025-02-06T09:56:41.681+0000] {logging_mixin.py:190} INFO - [2025-02-06T09:56:41.680+0000] {dagbag.py:588} INFO - Filling up the DagBag from /root/airflow/dags/first_dag.py
[2025-02-06T09:56:41.700+0000] {processor.py:925} INFO - DAG(s) 'my_first_dag' retrieved from /root/airflow/dags/first_dag.py
[2025-02-06T09:56:41.723+0000] {logging_mixin.py:190} INFO - [2025-02-06T09:56:41.722+0000] {dag.py:3239} INFO - Sync 1 DAGs
[2025-02-06T09:56:41.742+0000] {logging_mixin.py:190} INFO - [2025-02-06T09:56:41.742+0000] {dag.py:4180} INFO - Setting next_dagrun for my_first_dag to 2025-01-01 05:03:00+00:00, run_after=2025-01-01 05:03:30+00:00
[2025-02-06T09:56:41.862+0000] {processor.py:208} INFO - Processing /root/airflow/dags/first_dag.py took 0.188 seconds
[2025-02-06T10:01:34.543+0000] {processor.py:186} INFO - Started process (PID=1645) to work on /root/airflow/dags/first_dag.py
[2025-02-06T10:01:34.544+0000] {processor.py:914} INFO - Processing file /root/airflow/dags/first_dag.py for tasks to queue
[2025-02-06T10:01:34.546+0000] {logging_mixin.py:190} INFO - [2025-02-06T10:01:34.546+0000] {dagbag.py:588} INFO - Filling up the DagBag from /root/airflow/dags/first_dag.py
[2025-02-06T10:01:34.564+0000] {processor.py:925} INFO - DAG(s) 'my_first_dag' retrieved from /root/airflow/dags/first_dag.py
[2025-02-06T10:01:34.699+0000] {logging_mixin.py:190} INFO - [2025-02-06T10:01:34.698+0000] {dag.py:3239} INFO - Sync 1 DAGs
[2025-02-06T10:01:34.720+0000] {logging_mixin.py:190} INFO - [2025-02-06T10:01:34.720+0000] {dag.py:4180} INFO - Setting next_dagrun for my_first_dag to 2025-01-01 05:16:30+00:00, run_after=2025-01-01 05:17:00+00:00
[2025-02-06T10:01:34.780+0000] {processor.py:208} INFO - Processing /root/airflow/dags/first_dag.py took 0.242 seconds
[2025-02-06T10:05:37.401+0000] {processor.py:186} INFO - Started process (PID=2043) to work on /root/airflow/dags/first_dag.py
[2025-02-06T10:05:37.403+0000] {processor.py:914} INFO - Processing file /root/airflow/dags/first_dag.py for tasks to queue
[2025-02-06T10:05:37.405+0000] {logging_mixin.py:190} INFO - [2025-02-06T10:05:37.404+0000] {dagbag.py:588} INFO - Filling up the DagBag from /root/airflow/dags/first_dag.py
[2025-02-06T10:05:37.428+0000] {logging_mixin.py:190} INFO - [2025-02-06T10:05:37.427+0000] {dagbag.py:387} ERROR - Failed to import: /root/airflow/dags/first_dag.py
Traceback (most recent call last):
  File "/opt/conda/lib/python3.12/site-packages/airflow/models/dagbag.py", line 383, in parse
    loader.exec_module(new_module)
  File "<frozen importlib._bootstrap_external>", line 995, in exec_module
  File "<frozen importlib._bootstrap_external>", line 1133, in get_code
  File "<frozen importlib._bootstrap_external>", line 1063, in source_to_code
  File "<frozen importlib._bootstrap>", line 488, in _call_with_frames_removed
  File "/root/airflow/dags/first_dag.py", line 56
    first_task >> task_bash >> task_random_choice >> [task_1, task_2] >> task_goodbye
                                                                                     ^
IndentationError: unindent does not match any outer indentation level
[2025-02-06T10:05:37.428+0000] {processor.py:927} WARNING - No viable dags retrieved from /root/airflow/dags/first_dag.py
[2025-02-06T10:05:37.474+0000] {processor.py:208} INFO - Processing /root/airflow/dags/first_dag.py took 0.078 seconds
[2025-02-06T10:06:33.096+0000] {processor.py:186} INFO - Started process (PID=2090) to work on /root/airflow/dags/first_dag.py
[2025-02-06T10:06:33.097+0000] {processor.py:914} INFO - Processing file /root/airflow/dags/first_dag.py for tasks to queue
[2025-02-06T10:06:33.098+0000] {logging_mixin.py:190} INFO - [2025-02-06T10:06:33.098+0000] {dagbag.py:588} INFO - Filling up the DagBag from /root/airflow/dags/first_dag.py
[2025-02-06T10:06:33.133+0000] {processor.py:925} INFO - DAG(s) 'my_first_dag' retrieved from /root/airflow/dags/first_dag.py
[2025-02-06T10:06:33.317+0000] {logging_mixin.py:190} INFO - [2025-02-06T10:06:33.317+0000] {dag.py:3239} INFO - Sync 1 DAGs
[2025-02-06T10:06:33.335+0000] {logging_mixin.py:190} INFO - [2025-02-06T10:06:33.335+0000] {dag.py:4180} INFO - Setting next_dagrun for my_first_dag to 2025-01-01 05:31:30+00:00, run_after=2025-01-01 05:32:00+00:00
[2025-02-06T10:06:33.424+0000] {processor.py:208} INFO - Processing /root/airflow/dags/first_dag.py took 0.332 seconds
[2025-02-06T10:10:24.631+0000] {processor.py:186} INFO - Started process (PID=2488) to work on /root/airflow/dags/first_dag.py
[2025-02-06T10:10:24.632+0000] {processor.py:914} INFO - Processing file /root/airflow/dags/first_dag.py for tasks to queue
[2025-02-06T10:10:24.633+0000] {logging_mixin.py:190} INFO - [2025-02-06T10:10:24.632+0000] {dagbag.py:588} INFO - Filling up the DagBag from /root/airflow/dags/first_dag.py
[2025-02-06T10:10:24.657+0000] {processor.py:925} INFO - DAG(s) 'my_first_dag' retrieved from /root/airflow/dags/first_dag.py
[2025-02-06T10:10:24.686+0000] {logging_mixin.py:190} INFO - [2025-02-06T10:10:24.686+0000] {dag.py:3239} INFO - Sync 1 DAGs
[2025-02-06T10:10:24.709+0000] {logging_mixin.py:190} INFO - [2025-02-06T10:10:24.709+0000] {dag.py:4180} INFO - Setting next_dagrun for my_first_dag to 2025-01-01 05:41:00+00:00, run_after=2025-01-01 05:41:30+00:00
[2025-02-06T10:10:24.855+0000] {processor.py:208} INFO - Processing /root/airflow/dags/first_dag.py took 0.228 seconds
[2025-02-06T10:17:14.353+0000] {processor.py:186} INFO - Started process (PID=3199) to work on /root/airflow/dags/first_dag.py
[2025-02-06T10:17:14.355+0000] {processor.py:914} INFO - Processing file /root/airflow/dags/first_dag.py for tasks to queue
[2025-02-06T10:17:14.357+0000] {logging_mixin.py:190} INFO - [2025-02-06T10:17:14.356+0000] {dagbag.py:588} INFO - Filling up the DagBag from /root/airflow/dags/first_dag.py
[2025-02-06T10:17:14.379+0000] {processor.py:925} INFO - DAG(s) 'my_first_dag' retrieved from /root/airflow/dags/first_dag.py
[2025-02-06T10:17:14.400+0000] {logging_mixin.py:190} INFO - [2025-02-06T10:17:14.400+0000] {dag.py:3239} INFO - Sync 1 DAGs
[2025-02-06T10:17:14.423+0000] {logging_mixin.py:190} INFO - [2025-02-06T10:17:14.423+0000] {dag.py:4180} INFO - Setting next_dagrun for my_first_dag to 2025-01-01 05:55:00+00:00, run_after=2025-01-01 05:55:30+00:00
[2025-02-06T10:17:14.489+0000] {processor.py:208} INFO - Processing /root/airflow/dags/first_dag.py took 0.142 seconds
[2025-02-06T10:23:19.759+0000] {processor.py:186} INFO - Started process (PID=3821) to work on /root/airflow/dags/first_dag.py
[2025-02-06T10:23:19.760+0000] {processor.py:914} INFO - Processing file /root/airflow/dags/first_dag.py for tasks to queue
[2025-02-06T10:23:19.761+0000] {logging_mixin.py:190} INFO - [2025-02-06T10:23:19.761+0000] {dagbag.py:588} INFO - Filling up the DagBag from /root/airflow/dags/first_dag.py
[2025-02-06T10:23:19.784+0000] {processor.py:925} INFO - DAG(s) 'my_first_dag' retrieved from /root/airflow/dags/first_dag.py
[2025-02-06T10:23:19.897+0000] {logging_mixin.py:190} INFO - [2025-02-06T10:23:19.897+0000] {dag.py:3239} INFO - Sync 1 DAGs
[2025-02-06T10:23:20.044+0000] {processor.py:208} INFO - Processing /root/airflow/dags/first_dag.py took 0.289 seconds
[2025-02-06T10:24:39.628+0000] {processor.py:186} INFO - Started process (PID=3917) to work on /root/airflow/dags/first_dag.py
[2025-02-06T10:24:39.629+0000] {processor.py:914} INFO - Processing file /root/airflow/dags/first_dag.py for tasks to queue
[2025-02-06T10:24:39.630+0000] {logging_mixin.py:190} INFO - [2025-02-06T10:24:39.630+0000] {dagbag.py:588} INFO - Filling up the DagBag from /root/airflow/dags/first_dag.py
[2025-02-06T10:24:39.649+0000] {processor.py:925} INFO - DAG(s) 'my_first_dag' retrieved from /root/airflow/dags/first_dag.py
[2025-02-06T10:24:39.672+0000] {logging_mixin.py:190} INFO - [2025-02-06T10:24:39.672+0000] {dag.py:3239} INFO - Sync 1 DAGs
[2025-02-06T10:24:39.695+0000] {logging_mixin.py:190} INFO - [2025-02-06T10:24:39.695+0000] {dag.py:4180} INFO - Setting next_dagrun for my_first_dag to 2025-01-01 06:10:00+00:00, run_after=2025-01-01 06:10:30+00:00
[2025-02-06T10:24:39.764+0000] {processor.py:208} INFO - Processing /root/airflow/dags/first_dag.py took 0.143 seconds
[2025-02-06T10:26:01.800+0000] {processor.py:186} INFO - Started process (PID=4063) to work on /root/airflow/dags/first_dag.py
[2025-02-06T10:26:01.801+0000] {processor.py:914} INFO - Processing file /root/airflow/dags/first_dag.py for tasks to queue
[2025-02-06T10:26:01.802+0000] {logging_mixin.py:190} INFO - [2025-02-06T10:26:01.802+0000] {dagbag.py:588} INFO - Filling up the DagBag from /root/airflow/dags/first_dag.py
[2025-02-06T10:26:01.826+0000] {processor.py:925} INFO - DAG(s) 'my_first_dag' retrieved from /root/airflow/dags/first_dag.py
[2025-02-06T10:26:01.852+0000] {logging_mixin.py:190} INFO - [2025-02-06T10:26:01.852+0000] {dag.py:3239} INFO - Sync 1 DAGs
[2025-02-06T10:26:01.928+0000] {processor.py:208} INFO - Processing /root/airflow/dags/first_dag.py took 0.132 seconds
[2025-02-06T11:41:11.853+0000] {processor.py:186} INFO - Started process (PID=558) to work on /root/airflow/dags/first_dag.py
[2025-02-06T11:41:11.855+0000] {processor.py:914} INFO - Processing file /root/airflow/dags/first_dag.py for tasks to queue
[2025-02-06T11:41:11.857+0000] {logging_mixin.py:190} INFO - [2025-02-06T11:41:11.857+0000] {dagbag.py:588} INFO - Filling up the DagBag from /root/airflow/dags/first_dag.py
[2025-02-06T11:41:11.889+0000] {processor.py:925} INFO - DAG(s) 'my_first_dag' retrieved from /root/airflow/dags/first_dag.py
[2025-02-06T11:41:11.912+0000] {logging_mixin.py:190} INFO - [2025-02-06T11:41:11.911+0000] {taskinstance.py:3313} ERROR - {'DAG Id': 'my_first_dag', 'Task Id': 'task_2', 'Run Id': 'scheduled__2025-01-01T06:16:30+00:00', 'Hostname': '7e1f175e93b1'}
[2025-02-06T11:41:11.943+0000] {logging_mixin.py:190} INFO - Task instance in failure state
[2025-02-06T11:41:11.944+0000] {logging_mixin.py:190} INFO - Task start:2025-02-06 11:41:10.344051+00:00 end:2025-02-06 11:41:11.920852+00:00 duration:1.576801
[2025-02-06T11:41:11.945+0000] {logging_mixin.py:190} INFO - Task:<Task(PythonOperator): task_2> dag:<DAG: my_first_dag> dagrun:<DagRun my_first_dag @ 2025-01-01 06:16:30+00:00: scheduled__2025-01-01T06:16:30+00:00, state:running, queued_at: 2025-02-06 11:40:55.903924+00:00. externally triggered: False>
[2025-02-06T11:41:11.945+0000] {logging_mixin.py:190} INFO - Failure caused by {'DAG Id': 'my_first_dag', 'Task Id': 'task_2', 'Run Id': 'scheduled__2025-01-01T06:16:30+00:00', 'Hostname': '7e1f175e93b1'}
[2025-02-06T11:41:11.946+0000] {logging_mixin.py:190} INFO - [2025-02-06T11:41:11.946+0000] {taskinstance.py:1225} INFO - Marking task as FAILED. dag_id=my_first_dag, task_id=task_2, run_id=scheduled__2025-01-01T06:16:30+00:00, execution_date=20250101T061630, start_date=20250206T114110, end_date=20250206T114111
[2025-02-06T11:41:11.994+0000] {logging_mixin.py:190} INFO - [2025-02-06T11:41:11.994+0000] {processor.py:876} INFO - Executed callback for <TaskInstance: my_first_dag.task_2 scheduled__2025-01-01T06:16:30+00:00 [failed]> in state failed
[2025-02-06T11:41:12.022+0000] {logging_mixin.py:190} INFO - [2025-02-06T11:41:12.022+0000] {dag.py:3239} INFO - Sync 1 DAGs
[2025-02-06T11:41:12.118+0000] {processor.py:208} INFO - Processing /root/airflow/dags/first_dag.py took 0.273 seconds
[2025-02-06T11:47:35.559+0000] {processor.py:186} INFO - Started process (PID=1964) to work on /root/airflow/dags/first_dag.py
[2025-02-06T11:47:35.562+0000] {processor.py:914} INFO - Processing file /root/airflow/dags/first_dag.py for tasks to queue
[2025-02-06T11:47:35.571+0000] {logging_mixin.py:190} INFO - [2025-02-06T11:47:35.570+0000] {dagbag.py:588} INFO - Filling up the DagBag from /root/airflow/dags/first_dag.py
[2025-02-06T11:47:35.637+0000] {processor.py:925} INFO - DAG(s) 'my_first_dag' retrieved from /root/airflow/dags/first_dag.py
[2025-02-06T11:47:35.717+0000] {logging_mixin.py:190} INFO - [2025-02-06T11:47:35.716+0000] {dag.py:3239} INFO - Sync 1 DAGs
[2025-02-06T11:47:35.955+0000] {processor.py:208} INFO - Processing /root/airflow/dags/first_dag.py took 0.408 seconds
[2025-02-06T12:06:25.001+0000] {processor.py:186} INFO - Started process (PID=1089) to work on /root/airflow/dags/first_dag.py
[2025-02-06T12:06:25.003+0000] {processor.py:914} INFO - Processing file /root/airflow/dags/first_dag.py for tasks to queue
[2025-02-06T12:06:25.005+0000] {logging_mixin.py:190} INFO - [2025-02-06T12:06:25.004+0000] {dagbag.py:588} INFO - Filling up the DagBag from /root/airflow/dags/first_dag.py
[2025-02-06T12:06:25.020+0000] {processor.py:925} INFO - DAG(s) 'my_first_dag' retrieved from /root/airflow/dags/first_dag.py
[2025-02-06T12:06:25.042+0000] {logging_mixin.py:190} INFO - [2025-02-06T12:06:25.042+0000] {dag.py:3239} INFO - Sync 1 DAGs
[2025-02-06T12:06:25.127+0000] {processor.py:208} INFO - Processing /root/airflow/dags/first_dag.py took 0.129 seconds
[2025-02-06T12:23:28.124+0000] {processor.py:186} INFO - Started process (PID=822) to work on /root/airflow/dags/first_dag.py
[2025-02-06T12:23:28.125+0000] {processor.py:914} INFO - Processing file /root/airflow/dags/first_dag.py for tasks to queue
[2025-02-06T12:23:28.127+0000] {logging_mixin.py:190} INFO - [2025-02-06T12:23:28.126+0000] {dagbag.py:588} INFO - Filling up the DagBag from /root/airflow/dags/first_dag.py
[2025-02-06T12:23:28.155+0000] {processor.py:925} INFO - DAG(s) 'my_first_dag' retrieved from /root/airflow/dags/first_dag.py
[2025-02-06T12:23:28.187+0000] {logging_mixin.py:190} INFO - [2025-02-06T12:23:28.186+0000] {taskinstance.py:3313} ERROR - {'DAG Id': 'my_first_dag', 'Task Id': 'task_1', 'Run Id': 'scheduled__2025-01-01T06:51:30+00:00', 'Hostname': 'f59ce29465b4'}
[2025-02-06T12:23:28.226+0000] {logging_mixin.py:190} INFO - Task instance in failure state
[2025-02-06T12:23:28.227+0000] {logging_mixin.py:190} INFO - Task start:2025-02-06 12:23:24.319467+00:00 end:2025-02-06 12:23:28.195711+00:00 duration:3.876244
[2025-02-06T12:23:28.227+0000] {logging_mixin.py:190} INFO - Task:<Task(PythonOperator): task_1> dag:<DAG: my_first_dag> dagrun:<DagRun my_first_dag @ 2025-01-01 06:51:30+00:00: scheduled__2025-01-01T06:51:30+00:00, state:running, queued_at: 2025-02-06 12:23:11.388522+00:00. externally triggered: False>
[2025-02-06T12:23:28.228+0000] {logging_mixin.py:190} INFO - Failure caused by {'DAG Id': 'my_first_dag', 'Task Id': 'task_1', 'Run Id': 'scheduled__2025-01-01T06:51:30+00:00', 'Hostname': 'f59ce29465b4'}
[2025-02-06T12:23:28.229+0000] {logging_mixin.py:190} INFO - [2025-02-06T12:23:28.228+0000] {taskinstance.py:1225} INFO - Marking task as FAILED. dag_id=my_first_dag, task_id=task_1, run_id=scheduled__2025-01-01T06:51:30+00:00, execution_date=20250101T065130, start_date=20250206T122324, end_date=20250206T122328
[2025-02-06T12:23:28.297+0000] {logging_mixin.py:190} INFO - [2025-02-06T12:23:28.295+0000] {processor.py:876} INFO - Executed callback for <TaskInstance: my_first_dag.task_1 scheduled__2025-01-01T06:51:30+00:00 [failed]> in state failed
[2025-02-06T12:23:28.336+0000] {logging_mixin.py:190} INFO - [2025-02-06T12:23:28.335+0000] {dag.py:3239} INFO - Sync 1 DAGs
[2025-02-06T12:23:28.610+0000] {processor.py:208} INFO - Processing /root/airflow/dags/first_dag.py took 0.491 seconds
[2025-02-06T12:26:15.347+0000] {processor.py:186} INFO - Started process (PID=1920) to work on /root/airflow/dags/first_dag.py
[2025-02-06T12:26:15.348+0000] {processor.py:914} INFO - Processing file /root/airflow/dags/first_dag.py for tasks to queue
[2025-02-06T12:26:15.350+0000] {logging_mixin.py:190} INFO - [2025-02-06T12:26:15.350+0000] {dagbag.py:588} INFO - Filling up the DagBag from /root/airflow/dags/first_dag.py
[2025-02-06T12:26:15.369+0000] {processor.py:925} INFO - DAG(s) 'my_first_dag' retrieved from /root/airflow/dags/first_dag.py
[2025-02-06T12:26:15.389+0000] {logging_mixin.py:190} INFO - [2025-02-06T12:26:15.389+0000] {dag.py:3239} INFO - Sync 1 DAGs
[2025-02-06T12:26:15.460+0000] {processor.py:208} INFO - Processing /root/airflow/dags/first_dag.py took 0.117 seconds
[2025-02-06T12:34:11.809+0000] {processor.py:186} INFO - Started process (PID=6089) to work on /root/airflow/dags/first_dag.py
[2025-02-06T12:34:11.810+0000] {processor.py:914} INFO - Processing file /root/airflow/dags/first_dag.py for tasks to queue
[2025-02-06T12:34:11.812+0000] {logging_mixin.py:190} INFO - [2025-02-06T12:34:11.811+0000] {dagbag.py:588} INFO - Filling up the DagBag from /root/airflow/dags/first_dag.py
[2025-02-06T12:34:11.832+0000] {processor.py:925} INFO - DAG(s) 'my_first_dag' retrieved from /root/airflow/dags/first_dag.py
[2025-02-06T12:34:11.852+0000] {logging_mixin.py:190} INFO - [2025-02-06T12:34:11.852+0000] {dag.py:3239} INFO - Sync 1 DAGs
[2025-02-06T12:34:11.922+0000] {processor.py:208} INFO - Processing /root/airflow/dags/first_dag.py took 0.116 seconds
[2025-02-06T12:42:28.030+0000] {processor.py:186} INFO - Started process (PID=10312) to work on /root/airflow/dags/first_dag.py
[2025-02-06T12:42:28.032+0000] {processor.py:914} INFO - Processing file /root/airflow/dags/first_dag.py for tasks to queue
[2025-02-06T12:42:28.033+0000] {logging_mixin.py:190} INFO - [2025-02-06T12:42:28.033+0000] {dagbag.py:588} INFO - Filling up the DagBag from /root/airflow/dags/first_dag.py
[2025-02-06T12:42:28.049+0000] {processor.py:925} INFO - DAG(s) 'my_first_dag' retrieved from /root/airflow/dags/first_dag.py
[2025-02-06T12:42:28.070+0000] {logging_mixin.py:190} INFO - [2025-02-06T12:42:28.070+0000] {dag.py:3239} INFO - Sync 1 DAGs
[2025-02-06T12:42:28.149+0000] {processor.py:208} INFO - Processing /root/airflow/dags/first_dag.py took 0.123 seconds
[2025-02-06T12:52:33.712+0000] {processor.py:186} INFO - Started process (PID=15053) to work on /root/airflow/dags/first_dag.py
[2025-02-06T12:52:33.713+0000] {processor.py:914} INFO - Processing file /root/airflow/dags/first_dag.py for tasks to queue
[2025-02-06T12:52:33.716+0000] {logging_mixin.py:190} INFO - [2025-02-06T12:52:33.715+0000] {dagbag.py:588} INFO - Filling up the DagBag from /root/airflow/dags/first_dag.py
[2025-02-06T12:52:33.735+0000] {processor.py:925} INFO - DAG(s) 'my_first_dag' retrieved from /root/airflow/dags/first_dag.py
[2025-02-06T12:52:33.760+0000] {logging_mixin.py:190} INFO - [2025-02-06T12:52:33.759+0000] {dag.py:3239} INFO - Sync 1 DAGs
[2025-02-06T12:52:33.831+0000] {processor.py:208} INFO - Processing /root/airflow/dags/first_dag.py took 0.125 seconds
[2025-02-06T13:00:20.312+0000] {processor.py:186} INFO - Started process (PID=742) to work on /root/airflow/dags/first_dag.py
[2025-02-06T13:00:20.314+0000] {processor.py:914} INFO - Processing file /root/airflow/dags/first_dag.py for tasks to queue
[2025-02-06T13:00:20.316+0000] {logging_mixin.py:190} INFO - [2025-02-06T13:00:20.315+0000] {dagbag.py:588} INFO - Filling up the DagBag from /root/airflow/dags/first_dag.py
[2025-02-06T13:00:20.346+0000] {processor.py:925} INFO - DAG(s) 'my_first_dag' retrieved from /root/airflow/dags/first_dag.py
[2025-02-06T13:00:20.376+0000] {logging_mixin.py:190} INFO - [2025-02-06T13:00:20.376+0000] {taskinstance.py:3313} ERROR - {'DAG Id': 'my_first_dag', 'Task Id': 'task_2', 'Run Id': 'scheduled__2025-01-01T07:27:00+00:00', 'Hostname': '843ef7911ffd'}
[2025-02-06T13:00:20.415+0000] {logging_mixin.py:190} INFO - Task instance in failure state
[2025-02-06T13:00:20.416+0000] {logging_mixin.py:190} INFO - Task start:2025-02-06 13:00:19.036558+00:00 end:2025-02-06 13:00:20.385606+00:00 duration:1.349048
[2025-02-06T13:00:20.417+0000] {logging_mixin.py:190} INFO - Task:<Task(PythonOperator): task_2> dag:<DAG: my_first_dag> dagrun:<DagRun my_first_dag @ 2025-01-01 07:27:00+00:00: scheduled__2025-01-01T07:27:00+00:00, state:running, queued_at: 2025-02-06 12:59:57.733666+00:00. externally triggered: False>
[2025-02-06T13:00:20.418+0000] {logging_mixin.py:190} INFO - Failure caused by {'DAG Id': 'my_first_dag', 'Task Id': 'task_2', 'Run Id': 'scheduled__2025-01-01T07:27:00+00:00', 'Hostname': '843ef7911ffd'}
[2025-02-06T13:00:20.418+0000] {logging_mixin.py:190} INFO - [2025-02-06T13:00:20.418+0000] {taskinstance.py:1225} INFO - Marking task as FAILED. dag_id=my_first_dag, task_id=task_2, run_id=scheduled__2025-01-01T07:27:00+00:00, execution_date=20250101T072700, start_date=20250206T130019, end_date=20250206T130020
[2025-02-06T13:00:20.473+0000] {logging_mixin.py:190} INFO - [2025-02-06T13:00:20.473+0000] {processor.py:876} INFO - Executed callback for <TaskInstance: my_first_dag.task_2 scheduled__2025-01-01T07:27:00+00:00 [failed]> in state failed
[2025-02-06T13:00:20.495+0000] {logging_mixin.py:190} INFO - [2025-02-06T13:00:20.495+0000] {dag.py:3239} INFO - Sync 1 DAGs
[2025-02-06T13:00:20.596+0000] {processor.py:208} INFO - Processing /root/airflow/dags/first_dag.py took 0.287 seconds
[2025-02-06T13:03:52.100+0000] {processor.py:186} INFO - Started process (PID=1882) to work on /root/airflow/dags/first_dag.py
[2025-02-06T13:03:52.101+0000] {processor.py:914} INFO - Processing file /root/airflow/dags/first_dag.py for tasks to queue
[2025-02-06T13:03:52.103+0000] {logging_mixin.py:190} INFO - [2025-02-06T13:03:52.103+0000] {dagbag.py:588} INFO - Filling up the DagBag from /root/airflow/dags/first_dag.py
[2025-02-06T13:03:52.124+0000] {processor.py:925} INFO - DAG(s) 'my_first_dag' retrieved from /root/airflow/dags/first_dag.py
[2025-02-06T13:03:52.151+0000] {logging_mixin.py:190} INFO - [2025-02-06T13:03:52.151+0000] {dag.py:3239} INFO - Sync 1 DAGs
[2025-02-06T13:03:52.174+0000] {logging_mixin.py:190} INFO - [2025-02-06T13:03:52.174+0000] {dag.py:4180} INFO - Setting next_dagrun for my_first_dag to 2025-01-01 07:33:00+00:00, run_after=2025-01-01 07:33:30+00:00
[2025-02-06T13:03:52.238+0000] {processor.py:208} INFO - Processing /root/airflow/dags/first_dag.py took 0.142 seconds
[2025-02-06T13:05:04.986+0000] {processor.py:186} INFO - Started process (PID=2270) to work on /root/airflow/dags/first_dag.py
[2025-02-06T13:05:04.987+0000] {processor.py:914} INFO - Processing file /root/airflow/dags/first_dag.py for tasks to queue
[2025-02-06T13:05:04.989+0000] {logging_mixin.py:190} INFO - [2025-02-06T13:05:04.989+0000] {dagbag.py:588} INFO - Filling up the DagBag from /root/airflow/dags/first_dag.py
[2025-02-06T13:05:05.010+0000] {processor.py:925} INFO - DAG(s) 'my_first_dag' retrieved from /root/airflow/dags/first_dag.py
[2025-02-06T13:05:05.031+0000] {logging_mixin.py:190} INFO - [2025-02-06T13:05:05.030+0000] {taskinstance.py:3313} ERROR - {'DAG Id': 'my_first_dag', 'Task Id': 'task_random_choice', 'Run Id': 'scheduled__2025-01-01T07:34:30+00:00', 'Hostname': '843ef7911ffd'}
[2025-02-06T13:05:05.057+0000] {logging_mixin.py:190} INFO - Task instance in failure state
[2025-02-06T13:05:05.058+0000] {logging_mixin.py:190} INFO - Task start:2025-02-06 13:04:57.023760+00:00 end:2025-02-06 13:05:05.037313+00:00 duration:8.013553
[2025-02-06T13:05:05.058+0000] {logging_mixin.py:190} INFO - Task:<Task(BranchPythonOperator): task_random_choice> dag:<DAG: my_first_dag> dagrun:<DagRun my_first_dag @ 2025-01-01 07:34:30+00:00: scheduled__2025-01-01T07:34:30+00:00, state:running, queued_at: 2025-02-06 13:04:47.611086+00:00. externally triggered: False>
[2025-02-06T13:05:05.058+0000] {logging_mixin.py:190} INFO - Failure caused by {'DAG Id': 'my_first_dag', 'Task Id': 'task_random_choice', 'Run Id': 'scheduled__2025-01-01T07:34:30+00:00', 'Hostname': '843ef7911ffd'}
[2025-02-06T13:05:05.059+0000] {logging_mixin.py:190} INFO - [2025-02-06T13:05:05.059+0000] {taskinstance.py:1225} INFO - Marking task as FAILED. dag_id=my_first_dag, task_id=task_random_choice, run_id=scheduled__2025-01-01T07:34:30+00:00, execution_date=20250101T073430, start_date=20250206T130457, end_date=20250206T130505
[2025-02-06T13:05:05.096+0000] {logging_mixin.py:190} INFO - [2025-02-06T13:05:05.095+0000] {processor.py:876} INFO - Executed callback for <TaskInstance: my_first_dag.task_random_choice scheduled__2025-01-01T07:34:30+00:00 [failed]> in state failed
[2025-02-06T13:05:05.121+0000] {logging_mixin.py:190} INFO - [2025-02-06T13:05:05.121+0000] {dag.py:3239} INFO - Sync 1 DAGs
[2025-02-06T13:05:05.192+0000] {processor.py:208} INFO - Processing /root/airflow/dags/first_dag.py took 0.210 seconds
