[2025-02-06T09:58:06.958+0000] {local_task_job_runner.py:123} INFO - ::group::Pre task execution logs
[2025-02-06T09:58:06.981+0000] {taskinstance.py:2613} INFO - Dependencies all met for dep_context=non-requeueable deps ti=<TaskInstance: my_first_dag.task_2 scheduled__2025-01-01T05:06:30+00:00 [queued]>
[2025-02-06T09:58:07.003+0000] {taskinstance.py:2613} INFO - Dependencies all met for dep_context=requeueable deps ti=<TaskInstance: my_first_dag.task_2 scheduled__2025-01-01T05:06:30+00:00 [queued]>
[2025-02-06T09:58:07.005+0000] {taskinstance.py:2866} INFO - Starting attempt 1 of 1
[2025-02-06T09:58:07.040+0000] {taskinstance.py:2889} INFO - Executing <Task(PythonOperator): task_2> on 2025-01-01 05:06:30+00:00
[2025-02-06T09:58:07.044+0000] {standard_task_runner.py:72} INFO - Started process 1269 to run task
[2025-02-06T09:58:07.046+0000] {standard_task_runner.py:104} INFO - Running: ['airflow', 'tasks', 'run', 'my_first_dag', 'task_2', 'scheduled__2025-01-01T05:06:30+00:00', '--job-id', '1473', '--raw', '--subdir', 'DAGS_FOLDER/first_dag.py', '--cfg-path', '/tmp/tmpjql58_nj']
[2025-02-06T09:58:07.047+0000] {standard_task_runner.py:105} INFO - Job 1473: Subtask task_2
[2025-02-06T09:58:07.131+0000] {task_command.py:467} INFO - Running <TaskInstance: my_first_dag.task_2 scheduled__2025-01-01T05:06:30+00:00 [running]> on host 1f20f9aee2e1
[2025-02-06T09:58:07.243+0000] {taskinstance.py:3132} INFO - Exporting env vars: AIRFLOW_CTX_DAG_OWNER='airflow' AIRFLOW_CTX_DAG_ID='my_first_dag' AIRFLOW_CTX_TASK_ID='task_2' AIRFLOW_CTX_EXECUTION_DATE='2025-01-01T05:06:30+00:00' AIRFLOW_CTX_TRY_NUMBER='1' AIRFLOW_CTX_DAG_RUN_ID='scheduled__2025-01-01T05:06:30+00:00'
[2025-02-06T09:58:07.244+0000] {logging_mixin.py:190} INFO - Task instance is in running state
[2025-02-06T09:58:07.245+0000] {logging_mixin.py:190} INFO -  Previous state of the Task instance: queued
[2025-02-06T09:58:07.245+0000] {logging_mixin.py:190} INFO - Current task name:task_2 state:running start_date:2025-02-06 09:58:06.982590+00:00
[2025-02-06T09:58:07.246+0000] {logging_mixin.py:190} INFO - Dag name:my_first_dag and current dag run status:running
[2025-02-06T09:58:07.246+0000] {taskinstance.py:731} INFO - ::endgroup::
[2025-02-06T09:58:07.247+0000] {logging_mixin.py:190} INFO - Hello World
[2025-02-06T09:58:07.247+0000] {logging_mixin.py:190} INFO - 0
[2025-02-06T09:58:07.248+0000] {python.py:240} INFO - Done. Returned value was: 42
[2025-02-06T09:58:07.290+0000] {taskinstance.py:340} INFO - ::group::Post task execution logs
[2025-02-06T09:58:07.291+0000] {taskinstance.py:352} INFO - Marking task as SUCCESS. dag_id=my_first_dag, task_id=task_2, run_id=scheduled__2025-01-01T05:06:30+00:00, execution_date=20250101T050630, start_date=20250206T095806, end_date=20250206T095807
[2025-02-06T09:58:07.326+0000] {logging_mixin.py:190} INFO - Task instance in success state
[2025-02-06T09:58:07.327+0000] {logging_mixin.py:190} INFO -  Previous state of the Task instance: running
[2025-02-06T09:58:07.327+0000] {logging_mixin.py:190} INFO - Dag name:my_first_dag queued_at:2025-02-06 09:57:53.797357+00:00
[2025-02-06T09:58:07.328+0000] {logging_mixin.py:190} INFO - Task hostname:1f20f9aee2e1 operator:PythonOperator
[2025-02-06T09:58:07.340+0000] {local_task_job_runner.py:266} INFO - Task exited with return code 0
[2025-02-06T09:58:07.369+0000] {taskinstance.py:3895} INFO - 1 downstream tasks scheduled from follow-on schedule check
[2025-02-06T09:58:07.379+0000] {local_task_job_runner.py:245} INFO - ::endgroup::
