[2025-02-06T11:58:23.492+0000] {local_task_job_runner.py:123} INFO - ::group::Pre task execution logs
[2025-02-06T11:58:23.517+0000] {taskinstance.py:2613} INFO - Dependencies all met for dep_context=non-requeueable deps ti=<TaskInstance: my_first_dag.task_goodbye scheduled__2025-01-01T06:32:30+00:00 [queued]>
[2025-02-06T11:58:23.557+0000] {taskinstance.py:2613} INFO - Dependencies all met for dep_context=requeueable deps ti=<TaskInstance: my_first_dag.task_goodbye scheduled__2025-01-01T06:32:30+00:00 [queued]>
[2025-02-06T11:58:23.558+0000] {taskinstance.py:2866} INFO - Starting attempt 1 of 1
[2025-02-06T11:58:23.661+0000] {taskinstance.py:2889} INFO - Executing <Task(PythonOperator): task_goodbye> on 2025-01-01 06:32:30+00:00
[2025-02-06T11:58:23.669+0000] {standard_task_runner.py:72} INFO - Started process 189 to run task
[2025-02-06T11:58:23.672+0000] {standard_task_runner.py:104} INFO - Running: ['airflow', 'tasks', 'run', 'my_first_dag', 'task_goodbye', 'scheduled__2025-01-01T06:32:30+00:00', '--job-id', '2247', '--raw', '--subdir', 'DAGS_FOLDER/first_dag.py', '--cfg-path', '/tmp/tmpw5hs5d7i']
[2025-02-06T11:58:23.674+0000] {standard_task_runner.py:105} INFO - Job 2247: Subtask task_goodbye
[2025-02-06T11:58:23.787+0000] {task_command.py:467} INFO - Running <TaskInstance: my_first_dag.task_goodbye scheduled__2025-01-01T06:32:30+00:00 [running]> on host f73fb7f0e18f
[2025-02-06T11:58:23.941+0000] {taskinstance.py:3132} INFO - Exporting env vars: AIRFLOW_CTX_DAG_OWNER='airflow' AIRFLOW_CTX_DAG_ID='my_first_dag' AIRFLOW_CTX_TASK_ID='task_goodbye' AIRFLOW_CTX_EXECUTION_DATE='2025-01-01T06:32:30+00:00' AIRFLOW_CTX_TRY_NUMBER='1' AIRFLOW_CTX_DAG_RUN_ID='scheduled__2025-01-01T06:32:30+00:00'
[2025-02-06T11:58:23.942+0000] {logging_mixin.py:190} INFO - Task instance is in running state
[2025-02-06T11:58:23.943+0000] {logging_mixin.py:190} INFO -  Previous state of the Task instance: queued
[2025-02-06T11:58:23.943+0000] {logging_mixin.py:190} INFO - Current task name:task_goodbye state:running start_date:2025-02-06 11:58:23.517899+00:00
[2025-02-06T11:58:23.944+0000] {logging_mixin.py:190} INFO - Dag name:my_first_dag and current dag run status:running
[2025-02-06T11:58:23.945+0000] {taskinstance.py:731} INFO - ::endgroup::
[2025-02-06T11:58:23.946+0000] {logging_mixin.py:190} INFO - Goodbye
[2025-02-06T11:58:23.947+0000] {python.py:240} INFO - Done. Returned value was: None
[2025-02-06T11:58:23.961+0000] {taskinstance.py:340} INFO - ::group::Post task execution logs
[2025-02-06T11:58:23.962+0000] {taskinstance.py:352} INFO - Marking task as SUCCESS. dag_id=my_first_dag, task_id=task_goodbye, run_id=scheduled__2025-01-01T06:32:30+00:00, execution_date=20250101T063230, start_date=20250206T115823, end_date=20250206T115823
[2025-02-06T11:58:24.002+0000] {logging_mixin.py:190} INFO - Task instance in success state
[2025-02-06T11:58:24.003+0000] {logging_mixin.py:190} INFO -  Previous state of the Task instance: running
[2025-02-06T11:58:24.004+0000] {logging_mixin.py:190} INFO - Dag name:my_first_dag queued_at:2025-02-06 11:54:22.952024+00:00
[2025-02-06T11:58:24.005+0000] {logging_mixin.py:190} INFO - Task hostname:f73fb7f0e18f operator:PythonOperator
[2025-02-06T11:58:24.048+0000] {local_task_job_runner.py:266} INFO - Task exited with return code 0
[2025-02-06T11:58:24.070+0000] {taskinstance.py:3895} INFO - 0 downstream tasks scheduled from follow-on schedule check
[2025-02-06T11:58:24.072+0000] {local_task_job_runner.py:245} INFO - ::endgroup::
