[2025-02-06T12:53:17.880+0000] {local_task_job_runner.py:123} INFO - ::group::Pre task execution logs
[2025-02-06T12:53:17.897+0000] {taskinstance.py:2613} INFO - Dependencies all met for dep_context=non-requeueable deps ti=<TaskInstance: my_training_dag.task_load_data manual__2025-02-06T12:53:11.984755+00:00 [queued]>
[2025-02-06T12:53:17.910+0000] {taskinstance.py:2613} INFO - Dependencies all met for dep_context=requeueable deps ti=<TaskInstance: my_training_dag.task_load_data manual__2025-02-06T12:53:11.984755+00:00 [queued]>
[2025-02-06T12:53:17.912+0000] {taskinstance.py:2866} INFO - Starting attempt 1 of 1
[2025-02-06T12:53:17.944+0000] {taskinstance.py:2889} INFO - Executing <Task(PythonOperator): task_load_data> on 2025-02-06 12:53:11.984755+00:00
[2025-02-06T12:53:17.949+0000] {standard_task_runner.py:72} INFO - Started process 15366 to run task
[2025-02-06T12:53:17.951+0000] {standard_task_runner.py:104} INFO - Running: ['airflow', 'tasks', 'run', 'my_training_dag', 'task_load_data', 'manual__2025-02-06T12:53:11.984755+00:00', '--job-id', '3009', '--raw', '--subdir', 'DAGS_FOLDER/training_dag.py', '--cfg-path', '/tmp/tmpmucssbcb']
[2025-02-06T12:53:17.952+0000] {standard_task_runner.py:105} INFO - Job 3009: Subtask task_load_data
[2025-02-06T12:53:18.145+0000] {task_command.py:467} INFO - Running <TaskInstance: my_training_dag.task_load_data manual__2025-02-06T12:53:11.984755+00:00 [running]> on host f59ce29465b4
[2025-02-06T12:53:18.243+0000] {taskinstance.py:3132} INFO - Exporting env vars: AIRFLOW_CTX_DAG_OWNER='airflow' AIRFLOW_CTX_DAG_ID='my_training_dag' AIRFLOW_CTX_TASK_ID='task_load_data' AIRFLOW_CTX_EXECUTION_DATE='2025-02-06T12:53:11.984755+00:00' AIRFLOW_CTX_TRY_NUMBER='1' AIRFLOW_CTX_DAG_RUN_ID='manual__2025-02-06T12:53:11.984755+00:00'
[2025-02-06T12:53:18.244+0000] {logging_mixin.py:190} INFO - Task instance is in running state
[2025-02-06T12:53:18.245+0000] {logging_mixin.py:190} INFO -  Previous state of the Task instance: queued
[2025-02-06T12:53:18.245+0000] {logging_mixin.py:190} INFO - Current task name:task_load_data state:running start_date:2025-02-06 12:53:17.898016+00:00
[2025-02-06T12:53:18.246+0000] {logging_mixin.py:190} INFO - Dag name:my_training_dag and current dag run status:running
[2025-02-06T12:53:18.246+0000] {taskinstance.py:731} INFO - ::endgroup::
[2025-02-06T12:53:18.247+0000] {python.py:240} INFO - Done. Returned value was: None
[2025-02-06T12:53:18.257+0000] {taskinstance.py:340} INFO - ::group::Post task execution logs
[2025-02-06T12:53:18.257+0000] {taskinstance.py:352} INFO - Marking task as SUCCESS. dag_id=my_training_dag, task_id=task_load_data, run_id=manual__2025-02-06T12:53:11.984755+00:00, execution_date=20250206T125311, start_date=20250206T125317, end_date=20250206T125318
[2025-02-06T12:53:18.290+0000] {logging_mixin.py:190} INFO - Task instance in success state
[2025-02-06T12:53:18.290+0000] {logging_mixin.py:190} INFO -  Previous state of the Task instance: running
[2025-02-06T12:53:18.291+0000] {logging_mixin.py:190} INFO - Dag name:my_training_dag queued_at:2025-02-06 12:53:12.024971+00:00
[2025-02-06T12:53:18.291+0000] {logging_mixin.py:190} INFO - Task hostname:f59ce29465b4 operator:PythonOperator
[2025-02-06T12:53:18.326+0000] {local_task_job_runner.py:266} INFO - Task exited with return code 0
[2025-02-06T12:53:18.358+0000] {taskinstance.py:3895} INFO - 1 downstream tasks scheduled from follow-on schedule check
[2025-02-06T12:53:18.369+0000] {local_task_job_runner.py:245} INFO - ::endgroup::
