[2025-02-06T10:02:04.585+0000] {local_task_job_runner.py:123} INFO - ::group::Pre task execution logs
[2025-02-06T10:02:04.609+0000] {taskinstance.py:2613} INFO - Dependencies all met for dep_context=non-requeueable deps ti=<TaskInstance: my_first_dag.task_goodbye scheduled__2025-01-01T05:17:00+00:00 [queued]>
[2025-02-06T10:02:04.635+0000] {taskinstance.py:2613} INFO - Dependencies all met for dep_context=requeueable deps ti=<TaskInstance: my_first_dag.task_goodbye scheduled__2025-01-01T05:17:00+00:00 [queued]>
[2025-02-06T10:02:04.637+0000] {taskinstance.py:2866} INFO - Starting attempt 1 of 1
[2025-02-06T10:02:04.725+0000] {taskinstance.py:2889} INFO - Executing <Task(PythonOperator): task_goodbye> on 2025-01-01 05:17:00+00:00
[2025-02-06T10:02:04.730+0000] {standard_task_runner.py:72} INFO - Started process 1696 to run task
[2025-02-06T10:02:04.732+0000] {standard_task_runner.py:104} INFO - Running: ['airflow', 'tasks', 'run', 'my_first_dag', 'task_goodbye', 'scheduled__2025-01-01T05:17:00+00:00', '--job-id', '1563', '--raw', '--subdir', 'DAGS_FOLDER/first_dag.py', '--cfg-path', '/tmp/tmp9cqn_dsw']
[2025-02-06T10:02:04.733+0000] {standard_task_runner.py:105} INFO - Job 1563: Subtask task_goodbye
[2025-02-06T10:02:04.812+0000] {task_command.py:467} INFO - Running <TaskInstance: my_first_dag.task_goodbye scheduled__2025-01-01T05:17:00+00:00 [running]> on host 1f20f9aee2e1
[2025-02-06T10:02:04.935+0000] {taskinstance.py:3132} INFO - Exporting env vars: AIRFLOW_CTX_DAG_OWNER='airflow' AIRFLOW_CTX_DAG_ID='my_first_dag' AIRFLOW_CTX_TASK_ID='task_goodbye' AIRFLOW_CTX_EXECUTION_DATE='2025-01-01T05:17:00+00:00' AIRFLOW_CTX_TRY_NUMBER='1' AIRFLOW_CTX_DAG_RUN_ID='scheduled__2025-01-01T05:17:00+00:00'
[2025-02-06T10:02:04.936+0000] {logging_mixin.py:190} INFO - Task instance is in running state
[2025-02-06T10:02:04.937+0000] {logging_mixin.py:190} INFO -  Previous state of the Task instance: queued
[2025-02-06T10:02:04.937+0000] {logging_mixin.py:190} INFO - Current task name:task_goodbye state:running start_date:2025-02-06 10:02:04.610336+00:00
[2025-02-06T10:02:04.937+0000] {logging_mixin.py:190} INFO - Dag name:my_first_dag and current dag run status:running
[2025-02-06T10:02:04.937+0000] {taskinstance.py:731} INFO - ::endgroup::
[2025-02-06T10:02:04.938+0000] {logging_mixin.py:190} INFO - Goodbye
[2025-02-06T10:02:04.939+0000] {python.py:240} INFO - Done. Returned value was: None
[2025-02-06T10:02:04.954+0000] {taskinstance.py:340} INFO - ::group::Post task execution logs
[2025-02-06T10:02:04.955+0000] {taskinstance.py:352} INFO - Marking task as SUCCESS. dag_id=my_first_dag, task_id=task_goodbye, run_id=scheduled__2025-01-01T05:17:00+00:00, execution_date=20250101T051700, start_date=20250206T100204, end_date=20250206T100204
[2025-02-06T10:02:04.992+0000] {logging_mixin.py:190} INFO - Task instance in success state
[2025-02-06T10:02:04.993+0000] {logging_mixin.py:190} INFO -  Previous state of the Task instance: running
[2025-02-06T10:02:04.994+0000] {logging_mixin.py:190} INFO - Dag name:my_first_dag queued_at:2025-02-06 10:01:37.669946+00:00
[2025-02-06T10:02:04.994+0000] {logging_mixin.py:190} INFO - Task hostname:1f20f9aee2e1 operator:PythonOperator
[2025-02-06T10:02:05.026+0000] {local_task_job_runner.py:266} INFO - Task exited with return code 0
[2025-02-06T10:02:05.044+0000] {taskinstance.py:3895} INFO - 0 downstream tasks scheduled from follow-on schedule check
[2025-02-06T10:02:05.046+0000] {local_task_job_runner.py:245} INFO - ::endgroup::
