[2025-02-06T12:11:08.712+0000] {local_task_job_runner.py:123} INFO - ::group::Pre task execution logs
[2025-02-06T12:11:08.741+0000] {taskinstance.py:2613} INFO - Dependencies all met for dep_context=non-requeueable deps ti=<TaskInstance: my_first_dag.task_1 scheduled__2025-01-01T06:44:30+00:00 [queued]>
[2025-02-06T12:11:08.772+0000] {taskinstance.py:2613} INFO - Dependencies all met for dep_context=requeueable deps ti=<TaskInstance: my_first_dag.task_1 scheduled__2025-01-01T06:44:30+00:00 [queued]>
[2025-02-06T12:11:08.774+0000] {taskinstance.py:2866} INFO - Starting attempt 2 of 1
[2025-02-06T12:11:08.868+0000] {taskinstance.py:2889} INFO - Executing <Task(PythonOperator): task_1> on 2025-01-01 06:44:30+00:00
[2025-02-06T12:11:08.872+0000] {standard_task_runner.py:72} INFO - Started process 134 to run task
[2025-02-06T12:11:08.874+0000] {standard_task_runner.py:104} INFO - Running: ['airflow', 'tasks', 'run', 'my_first_dag', 'task_1', 'scheduled__2025-01-01T06:44:30+00:00', '--job-id', '2378', '--raw', '--subdir', 'DAGS_FOLDER/first_dag.py', '--cfg-path', '/tmp/tmpkexpf9n4']
[2025-02-06T12:11:08.875+0000] {standard_task_runner.py:105} INFO - Job 2378: Subtask task_1
[2025-02-06T12:11:08.958+0000] {task_command.py:467} INFO - Running <TaskInstance: my_first_dag.task_1 scheduled__2025-01-01T06:44:30+00:00 [running]> on host 4507ab09d7fc
[2025-02-06T12:11:09.073+0000] {taskinstance.py:3132} INFO - Exporting env vars: AIRFLOW_CTX_DAG_OWNER='airflow' AIRFLOW_CTX_DAG_ID='my_first_dag' AIRFLOW_CTX_TASK_ID='task_1' AIRFLOW_CTX_EXECUTION_DATE='2025-01-01T06:44:30+00:00' AIRFLOW_CTX_TRY_NUMBER='2' AIRFLOW_CTX_DAG_RUN_ID='scheduled__2025-01-01T06:44:30+00:00'
[2025-02-06T12:11:09.075+0000] {logging_mixin.py:190} INFO - Task instance is in running state
[2025-02-06T12:11:09.075+0000] {logging_mixin.py:190} INFO -  Previous state of the Task instance: queued
[2025-02-06T12:11:09.076+0000] {logging_mixin.py:190} INFO - Current task name:task_1 state:running start_date:2025-02-06 12:11:08.741777+00:00
[2025-02-06T12:11:09.076+0000] {logging_mixin.py:190} INFO - Dag name:my_first_dag and current dag run status:running
[2025-02-06T12:11:09.077+0000] {taskinstance.py:731} INFO - ::endgroup::
[2025-02-06T12:11:09.100+0000] {logging_mixin.py:190} INFO - Hello Kevin 731 API_KEY
[2025-02-06T12:11:09.101+0000] {python.py:240} INFO - Done. Returned value was: 731
[2025-02-06T12:11:09.243+0000] {taskinstance.py:340} INFO - ::group::Post task execution logs
[2025-02-06T12:11:09.243+0000] {taskinstance.py:352} INFO - Marking task as SUCCESS. dag_id=my_first_dag, task_id=task_1, run_id=scheduled__2025-01-01T06:44:30+00:00, execution_date=20250101T064430, start_date=20250206T121108, end_date=20250206T121109
[2025-02-06T12:11:09.285+0000] {logging_mixin.py:190} INFO - Task instance in success state
[2025-02-06T12:11:09.285+0000] {logging_mixin.py:190} INFO -  Previous state of the Task instance: running
[2025-02-06T12:11:09.286+0000] {logging_mixin.py:190} INFO - Dag name:my_first_dag queued_at:2025-02-06 12:09:25.307463+00:00
[2025-02-06T12:11:09.287+0000] {logging_mixin.py:190} INFO - Task hostname:4507ab09d7fc operator:PythonOperator
[2025-02-06T12:11:09.330+0000] {local_task_job_runner.py:266} INFO - Task exited with return code 0
[2025-02-06T12:11:09.375+0000] {taskinstance.py:3895} INFO - 1 downstream tasks scheduled from follow-on schedule check
[2025-02-06T12:11:09.387+0000] {local_task_job_runner.py:245} INFO - ::endgroup::
