[2025-02-06T12:50:07.642+0000] {local_task_job_runner.py:123} INFO - ::group::Pre task execution logs
[2025-02-06T12:50:07.669+0000] {taskinstance.py:2613} INFO - Dependencies all met for dep_context=non-requeueable deps ti=<TaskInstance: my_first_dag.first_task scheduled__2025-01-01T07:21:30+00:00 [queued]>
[2025-02-06T12:50:07.711+0000] {taskinstance.py:2613} INFO - Dependencies all met for dep_context=requeueable deps ti=<TaskInstance: my_first_dag.first_task scheduled__2025-01-01T07:21:30+00:00 [queued]>
[2025-02-06T12:50:07.713+0000] {taskinstance.py:2866} INFO - Starting attempt 1 of 1
[2025-02-06T12:50:07.778+0000] {taskinstance.py:2889} INFO - Executing <Task(PythonOperator): first_task> on 2025-01-01 07:21:30+00:00
[2025-02-06T12:50:07.787+0000] {standard_task_runner.py:72} INFO - Started process 13968 to run task
[2025-02-06T12:50:07.794+0000] {standard_task_runner.py:104} INFO - Running: ['airflow', 'tasks', 'run', 'my_first_dag', 'first_task', 'scheduled__2025-01-01T07:21:30+00:00', '--job-id', '2962', '--raw', '--subdir', 'DAGS_FOLDER/first_dag.py', '--cfg-path', '/tmp/tmpznacf8k_']
[2025-02-06T12:50:07.797+0000] {standard_task_runner.py:105} INFO - Job 2962: Subtask first_task
[2025-02-06T12:50:08.051+0000] {task_command.py:467} INFO - Running <TaskInstance: my_first_dag.first_task scheduled__2025-01-01T07:21:30+00:00 [running]> on host f59ce29465b4
[2025-02-06T12:50:08.224+0000] {taskinstance.py:3132} INFO - Exporting env vars: AIRFLOW_CTX_DAG_OWNER='airflow' AIRFLOW_CTX_DAG_ID='my_first_dag' AIRFLOW_CTX_TASK_ID='first_task' AIRFLOW_CTX_EXECUTION_DATE='2025-01-01T07:21:30+00:00' AIRFLOW_CTX_TRY_NUMBER='1' AIRFLOW_CTX_DAG_RUN_ID='scheduled__2025-01-01T07:21:30+00:00'
[2025-02-06T12:50:08.226+0000] {logging_mixin.py:190} INFO - Task instance is in running state
[2025-02-06T12:50:08.226+0000] {logging_mixin.py:190} INFO -  Previous state of the Task instance: queued
[2025-02-06T12:50:08.227+0000] {logging_mixin.py:190} INFO - Current task name:first_task state:running start_date:2025-02-06 12:50:07.670240+00:00
[2025-02-06T12:50:08.228+0000] {logging_mixin.py:190} INFO - Dag name:my_first_dag and current dag run status:running
[2025-02-06T12:50:08.228+0000] {taskinstance.py:731} INFO - ::endgroup::
[2025-02-06T12:50:08.263+0000] {python.py:240} INFO - Done. Returned value was: 713
[2025-02-06T12:50:08.310+0000] {taskinstance.py:340} INFO - ::group::Post task execution logs
[2025-02-06T12:50:08.311+0000] {taskinstance.py:352} INFO - Marking task as SUCCESS. dag_id=my_first_dag, task_id=first_task, run_id=scheduled__2025-01-01T07:21:30+00:00, execution_date=20250101T072130, start_date=20250206T125007, end_date=20250206T125008
[2025-02-06T12:50:08.363+0000] {logging_mixin.py:190} INFO - Task instance in success state
[2025-02-06T12:50:08.364+0000] {logging_mixin.py:190} INFO -  Previous state of the Task instance: running
[2025-02-06T12:50:08.365+0000] {logging_mixin.py:190} INFO - Dag name:my_first_dag queued_at:2025-02-06 12:50:05.049164+00:00
[2025-02-06T12:50:08.366+0000] {logging_mixin.py:190} INFO - Task hostname:f59ce29465b4 operator:PythonOperator
[2025-02-06T12:50:08.374+0000] {local_task_job_runner.py:266} INFO - Task exited with return code 0
[2025-02-06T12:50:08.445+0000] {taskinstance.py:3895} INFO - 1 downstream tasks scheduled from follow-on schedule check
[2025-02-06T12:50:08.461+0000] {local_task_job_runner.py:245} INFO - ::endgroup::
