[2025-02-06T09:19:28.374+0000] {local_task_job_runner.py:123} INFO - ::group::Pre task execution logs
[2025-02-06T09:19:28.399+0000] {taskinstance.py:2613} INFO - Dependencies all met for dep_context=non-requeueable deps ti=<TaskInstance: my_first_dag.task_2 scheduled__2025-01-01T03:02:00+00:00 [queued]>
[2025-02-06T09:19:28.419+0000] {taskinstance.py:2613} INFO - Dependencies all met for dep_context=requeueable deps ti=<TaskInstance: my_first_dag.task_2 scheduled__2025-01-01T03:02:00+00:00 [queued]>
[2025-02-06T09:19:28.420+0000] {taskinstance.py:2866} INFO - Starting attempt 1 of 1
[2025-02-06T09:19:28.460+0000] {taskinstance.py:2889} INFO - Executing <Task(PythonOperator): task_2> on 2025-01-01 03:02:00+00:00
[2025-02-06T09:19:28.464+0000] {standard_task_runner.py:72} INFO - Started process 1706 to run task
[2025-02-06T09:19:28.466+0000] {standard_task_runner.py:104} INFO - Running: ['airflow', 'tasks', 'run', 'my_first_dag', 'task_2', 'scheduled__2025-01-01T03:02:00+00:00', '--job-id', '688', '--raw', '--subdir', 'DAGS_FOLDER/first_dag.py', '--cfg-path', '/tmp/tmpk0dq0ne9']
[2025-02-06T09:19:28.467+0000] {standard_task_runner.py:105} INFO - Job 688: Subtask task_2
[2025-02-06T09:19:28.542+0000] {task_command.py:467} INFO - Running <TaskInstance: my_first_dag.task_2 scheduled__2025-01-01T03:02:00+00:00 [running]> on host 6f30e18c7b14
[2025-02-06T09:19:28.655+0000] {taskinstance.py:3132} INFO - Exporting env vars: AIRFLOW_CTX_DAG_OWNER='airflow' AIRFLOW_CTX_DAG_ID='my_first_dag' AIRFLOW_CTX_TASK_ID='task_2' AIRFLOW_CTX_EXECUTION_DATE='2025-01-01T03:02:00+00:00' AIRFLOW_CTX_TRY_NUMBER='1' AIRFLOW_CTX_DAG_RUN_ID='scheduled__2025-01-01T03:02:00+00:00'
[2025-02-06T09:19:28.657+0000] {logging_mixin.py:190} INFO - Task instance is in running state
[2025-02-06T09:19:28.658+0000] {logging_mixin.py:190} INFO -  Previous state of the Task instance: queued
[2025-02-06T09:19:28.659+0000] {logging_mixin.py:190} INFO - Current task name:task_2 state:running start_date:2025-02-06 09:19:28.399577+00:00
[2025-02-06T09:19:28.659+0000] {logging_mixin.py:190} INFO - Dag name:my_first_dag and current dag run status:running
[2025-02-06T09:19:28.659+0000] {taskinstance.py:731} INFO - ::endgroup::
[2025-02-06T09:19:28.660+0000] {logging_mixin.py:190} INFO - Hello World
[2025-02-06T09:19:28.661+0000] {python.py:240} INFO - Done. Returned value was: None
[2025-02-06T09:19:28.672+0000] {taskinstance.py:340} INFO - ::group::Post task execution logs
[2025-02-06T09:19:28.672+0000] {taskinstance.py:352} INFO - Marking task as SUCCESS. dag_id=my_first_dag, task_id=task_2, run_id=scheduled__2025-01-01T03:02:00+00:00, execution_date=20250101T030200, start_date=20250206T091928, end_date=20250206T091928
[2025-02-06T09:19:28.706+0000] {logging_mixin.py:190} INFO - Task instance in success state
[2025-02-06T09:19:28.708+0000] {logging_mixin.py:190} INFO -  Previous state of the Task instance: running
[2025-02-06T09:19:28.708+0000] {logging_mixin.py:190} INFO - Dag name:my_first_dag queued_at:2025-02-06 09:19:20.213512+00:00
[2025-02-06T09:19:28.709+0000] {logging_mixin.py:190} INFO - Task hostname:6f30e18c7b14 operator:PythonOperator
[2025-02-06T09:19:28.721+0000] {local_task_job_runner.py:266} INFO - Task exited with return code 0
[2025-02-06T09:19:28.752+0000] {taskinstance.py:3895} INFO - 0 downstream tasks scheduled from follow-on schedule check
[2025-02-06T09:19:28.755+0000] {local_task_job_runner.py:245} INFO - ::endgroup::
