[2025-02-06T11:43:23.175+0000] {local_task_job_runner.py:123} INFO - ::group::Pre task execution logs
[2025-02-06T11:43:23.213+0000] {taskinstance.py:2613} INFO - Dependencies all met for dep_context=non-requeueable deps ti=<TaskInstance: my_first_dag.task_2 scheduled__2025-01-01T06:19:30+00:00 [queued]>
[2025-02-06T11:43:23.250+0000] {taskinstance.py:2613} INFO - Dependencies all met for dep_context=requeueable deps ti=<TaskInstance: my_first_dag.task_2 scheduled__2025-01-01T06:19:30+00:00 [queued]>
[2025-02-06T11:43:23.252+0000] {taskinstance.py:2866} INFO - Starting attempt 1 of 1
[2025-02-06T11:43:23.294+0000] {taskinstance.py:2889} INFO - Executing <Task(PythonOperator): task_2> on 2025-01-01 06:19:30+00:00
[2025-02-06T11:43:23.300+0000] {standard_task_runner.py:72} INFO - Started process 1145 to run task
[2025-02-06T11:43:23.303+0000] {standard_task_runner.py:104} INFO - Running: ['airflow', 'tasks', 'run', 'my_first_dag', 'task_2', 'scheduled__2025-01-01T06:19:30+00:00', '--job-id', '2111', '--raw', '--subdir', 'DAGS_FOLDER/first_dag.py', '--cfg-path', '/tmp/tmpn6j2ojnl']
[2025-02-06T11:43:23.305+0000] {standard_task_runner.py:105} INFO - Job 2111: Subtask task_2
[2025-02-06T11:43:23.409+0000] {task_command.py:467} INFO - Running <TaskInstance: my_first_dag.task_2 scheduled__2025-01-01T06:19:30+00:00 [running]> on host 7e1f175e93b1
[2025-02-06T11:43:23.554+0000] {taskinstance.py:3132} INFO - Exporting env vars: AIRFLOW_CTX_DAG_OWNER='airflow' AIRFLOW_CTX_DAG_ID='my_first_dag' AIRFLOW_CTX_TASK_ID='task_2' AIRFLOW_CTX_EXECUTION_DATE='2025-01-01T06:19:30+00:00' AIRFLOW_CTX_TRY_NUMBER='1' AIRFLOW_CTX_DAG_RUN_ID='scheduled__2025-01-01T06:19:30+00:00'
[2025-02-06T11:43:23.555+0000] {logging_mixin.py:190} INFO - Task instance is in running state
[2025-02-06T11:43:23.556+0000] {logging_mixin.py:190} INFO -  Previous state of the Task instance: queued
[2025-02-06T11:43:23.556+0000] {logging_mixin.py:190} INFO - Current task name:task_2 state:running start_date:2025-02-06 11:43:23.214627+00:00
[2025-02-06T11:43:23.557+0000] {logging_mixin.py:190} INFO - Dag name:my_first_dag and current dag run status:running
[2025-02-06T11:43:23.557+0000] {taskinstance.py:731} INFO - ::endgroup::
[2025-02-06T11:43:23.587+0000] {logging_mixin.py:190} INFO - Hello John 131 API_KEY
[2025-02-06T11:43:23.588+0000] {python.py:240} INFO - Done. Returned value was: 131
[2025-02-06T11:43:23.769+0000] {taskinstance.py:340} INFO - ::group::Post task execution logs
[2025-02-06T11:43:23.770+0000] {taskinstance.py:352} INFO - Marking task as SUCCESS. dag_id=my_first_dag, task_id=task_2, run_id=scheduled__2025-01-01T06:19:30+00:00, execution_date=20250101T061930, start_date=20250206T114323, end_date=20250206T114323
[2025-02-06T11:43:23.813+0000] {logging_mixin.py:190} INFO - Task instance in success state
[2025-02-06T11:43:23.814+0000] {logging_mixin.py:190} INFO -  Previous state of the Task instance: running
[2025-02-06T11:43:23.814+0000] {logging_mixin.py:190} INFO - Dag name:my_first_dag queued_at:2025-02-06 11:43:06.760028+00:00
[2025-02-06T11:43:23.814+0000] {logging_mixin.py:190} INFO - Task hostname:7e1f175e93b1 operator:PythonOperator
[2025-02-06T11:43:23.841+0000] {local_task_job_runner.py:266} INFO - Task exited with return code 0
[2025-02-06T11:43:23.883+0000] {taskinstance.py:3895} INFO - 1 downstream tasks scheduled from follow-on schedule check
[2025-02-06T11:43:23.902+0000] {local_task_job_runner.py:245} INFO - ::endgroup::
