[2025-02-06T13:32:13.357+0000] {local_task_job_runner.py:123} INFO - ::group::Pre task execution logs
[2025-02-06T13:32:13.385+0000] {taskinstance.py:2613} INFO - Dependencies all met for dep_context=non-requeueable deps ti=<TaskInstance: my_first_dag.task_2 scheduled__2025-01-01T07:53:00+00:00 [queued]>
[2025-02-06T13:32:13.419+0000] {taskinstance.py:2613} INFO - Dependencies all met for dep_context=requeueable deps ti=<TaskInstance: my_first_dag.task_2 scheduled__2025-01-01T07:53:00+00:00 [queued]>
[2025-02-06T13:32:13.421+0000] {taskinstance.py:2866} INFO - Starting attempt 1 of 1
[2025-02-06T13:32:13.463+0000] {taskinstance.py:2889} INFO - Executing <Task(PythonOperator): task_2> on 2025-01-01 07:53:00+00:00
[2025-02-06T13:32:13.469+0000] {standard_task_runner.py:72} INFO - Started process 5571 to run task
[2025-02-06T13:32:13.471+0000] {standard_task_runner.py:104} INFO - Running: ['airflow', 'tasks', 'run', 'my_first_dag', 'task_2', 'scheduled__2025-01-01T07:53:00+00:00', '--job-id', '3344', '--raw', '--subdir', 'DAGS_FOLDER/first_dag.py', '--cfg-path', '/tmp/tmpyuefa8x9']
[2025-02-06T13:32:13.472+0000] {standard_task_runner.py:105} INFO - Job 3344: Subtask task_2
[2025-02-06T13:32:13.558+0000] {task_command.py:467} INFO - Running <TaskInstance: my_first_dag.task_2 scheduled__2025-01-01T07:53:00+00:00 [running]> on host cbb1459a86bc
[2025-02-06T13:32:13.707+0000] {taskinstance.py:3132} INFO - Exporting env vars: AIRFLOW_CTX_DAG_OWNER='airflow' AIRFLOW_CTX_DAG_ID='my_first_dag' AIRFLOW_CTX_TASK_ID='task_2' AIRFLOW_CTX_EXECUTION_DATE='2025-01-01T07:53:00+00:00' AIRFLOW_CTX_TRY_NUMBER='1' AIRFLOW_CTX_DAG_RUN_ID='scheduled__2025-01-01T07:53:00+00:00'
[2025-02-06T13:32:13.710+0000] {logging_mixin.py:190} INFO - Task instance is in running state
[2025-02-06T13:32:13.712+0000] {logging_mixin.py:190} INFO -  Previous state of the Task instance: queued
[2025-02-06T13:32:13.714+0000] {logging_mixin.py:190} INFO - Current task name:task_2 state:running start_date:2025-02-06 13:32:13.386605+00:00
[2025-02-06T13:32:13.714+0000] {logging_mixin.py:190} INFO - Dag name:my_first_dag and current dag run status:running
[2025-02-06T13:32:13.715+0000] {taskinstance.py:731} INFO - ::endgroup::
[2025-02-06T13:32:13.746+0000] {logging_mixin.py:190} INFO - Hello John 763 API_KEY
[2025-02-06T13:32:13.746+0000] {python.py:240} INFO - Done. Returned value was: 763
[2025-02-06T13:32:13.802+0000] {taskinstance.py:340} INFO - ::group::Post task execution logs
[2025-02-06T13:32:13.803+0000] {taskinstance.py:352} INFO - Marking task as SUCCESS. dag_id=my_first_dag, task_id=task_2, run_id=scheduled__2025-01-01T07:53:00+00:00, execution_date=20250101T075300, start_date=20250206T133213, end_date=20250206T133213
[2025-02-06T13:32:13.994+0000] {logging_mixin.py:190} INFO - Task instance in success state
[2025-02-06T13:32:13.994+0000] {logging_mixin.py:190} INFO -  Previous state of the Task instance: running
[2025-02-06T13:32:13.995+0000] {logging_mixin.py:190} INFO - Dag name:my_first_dag queued_at:2025-02-06 13:32:00.206722+00:00
[2025-02-06T13:32:13.995+0000] {logging_mixin.py:190} INFO - Task hostname:cbb1459a86bc operator:PythonOperator
[2025-02-06T13:32:14.007+0000] {local_task_job_runner.py:266} INFO - Task exited with return code 0
[2025-02-06T13:32:14.044+0000] {taskinstance.py:3895} INFO - 1 downstream tasks scheduled from follow-on schedule check
[2025-02-06T13:32:14.053+0000] {local_task_job_runner.py:245} INFO - ::endgroup::
