[2025-02-06T11:39:03.609+0000] {local_task_job_runner.py:123} INFO - ::group::Pre task execution logs
[2025-02-06T11:39:03.722+0000] {taskinstance.py:2613} INFO - Dependencies all met for dep_context=non-requeueable deps ti=<TaskInstance: my_first_dag.task_2 scheduled__2025-01-01T06:14:30+00:00 [queued]>
[2025-02-06T11:39:03.890+0000] {taskinstance.py:2613} INFO - Dependencies all met for dep_context=requeueable deps ti=<TaskInstance: my_first_dag.task_2 scheduled__2025-01-01T06:14:30+00:00 [queued]>
[2025-02-06T11:39:03.893+0000] {taskinstance.py:2866} INFO - Starting attempt 1 of 1
[2025-02-06T11:39:04.089+0000] {taskinstance.py:2889} INFO - Executing <Task(PythonOperator): task_2> on 2025-01-01 06:14:30+00:00
[2025-02-06T11:39:04.107+0000] {standard_task_runner.py:72} INFO - Started process 148 to run task
[2025-02-06T11:39:04.131+0000] {standard_task_runner.py:104} INFO - Running: ['airflow', 'tasks', 'run', 'my_first_dag', 'task_2', 'scheduled__2025-01-01T06:14:30+00:00', '--job-id', '2063', '--raw', '--subdir', 'DAGS_FOLDER/first_dag.py', '--cfg-path', '/tmp/tmp30xv8vzs']
[2025-02-06T11:39:04.135+0000] {standard_task_runner.py:105} INFO - Job 2063: Subtask task_2
[2025-02-06T11:39:04.512+0000] {task_command.py:467} INFO - Running <TaskInstance: my_first_dag.task_2 scheduled__2025-01-01T06:14:30+00:00 [running]> on host 7e1f175e93b1
[2025-02-06T11:39:04.984+0000] {taskinstance.py:3132} INFO - Exporting env vars: AIRFLOW_CTX_DAG_OWNER='airflow' AIRFLOW_CTX_DAG_ID='my_first_dag' AIRFLOW_CTX_TASK_ID='task_2' AIRFLOW_CTX_EXECUTION_DATE='2025-01-01T06:14:30+00:00' AIRFLOW_CTX_TRY_NUMBER='1' AIRFLOW_CTX_DAG_RUN_ID='scheduled__2025-01-01T06:14:30+00:00'
[2025-02-06T11:39:04.990+0000] {logging_mixin.py:190} INFO - Task instance is in running state
[2025-02-06T11:39:04.991+0000] {logging_mixin.py:190} INFO -  Previous state of the Task instance: queued
[2025-02-06T11:39:04.993+0000] {logging_mixin.py:190} INFO - Current task name:task_2 state:running start_date:2025-02-06 11:39:03.725383+00:00
[2025-02-06T11:39:04.994+0000] {logging_mixin.py:190} INFO - Dag name:my_first_dag and current dag run status:running
[2025-02-06T11:39:04.999+0000] {taskinstance.py:731} INFO - ::endgroup::
[2025-02-06T11:39:05.117+0000] {logging_mixin.py:190} INFO - Hello John 174 API_KEY
[2025-02-06T11:39:05.120+0000] {python.py:240} INFO - Done. Returned value was: 174
[2025-02-06T11:39:06.569+0000] {taskinstance.py:340} INFO - ::group::Post task execution logs
[2025-02-06T11:39:06.572+0000] {taskinstance.py:352} INFO - Marking task as SUCCESS. dag_id=my_first_dag, task_id=task_2, run_id=scheduled__2025-01-01T06:14:30+00:00, execution_date=20250101T061430, start_date=20250206T113903, end_date=20250206T113906
[2025-02-06T11:39:06.743+0000] {logging_mixin.py:190} INFO - Task instance in success state
[2025-02-06T11:39:06.745+0000] {logging_mixin.py:190} INFO -  Previous state of the Task instance: running
[2025-02-06T11:39:06.748+0000] {logging_mixin.py:190} INFO - Dag name:my_first_dag queued_at:2025-02-06 10:26:56.382936+00:00
[2025-02-06T11:39:06.749+0000] {logging_mixin.py:190} INFO - Task hostname:7e1f175e93b1 operator:PythonOperator
[2025-02-06T11:39:06.814+0000] {local_task_job_runner.py:266} INFO - Task exited with return code 0
[2025-02-06T11:39:07.776+0000] {taskinstance.py:3895} INFO - 1 downstream tasks scheduled from follow-on schedule check
[2025-02-06T11:39:07.952+0000] {local_task_job_runner.py:245} INFO - ::endgroup::
