[2025-02-06T10:22:01.137+0000] {local_task_job_runner.py:123} INFO - ::group::Pre task execution logs
[2025-02-06T10:22:01.158+0000] {taskinstance.py:2613} INFO - Dependencies all met for dep_context=non-requeueable deps ti=<TaskInstance: my_first_dag.task_goodbye manual__2025-02-06T10:21:17.997573+00:00 [queued]>
[2025-02-06T10:22:01.183+0000] {taskinstance.py:2613} INFO - Dependencies all met for dep_context=requeueable deps ti=<TaskInstance: my_first_dag.task_goodbye manual__2025-02-06T10:21:17.997573+00:00 [queued]>
[2025-02-06T10:22:01.184+0000] {taskinstance.py:2866} INFO - Starting attempt 1 of 1
[2025-02-06T10:22:01.231+0000] {taskinstance.py:2889} INFO - Executing <Task(PythonOperator): task_goodbye> on 2025-02-06 10:21:17.997573+00:00
[2025-02-06T10:22:01.234+0000] {standard_task_runner.py:72} INFO - Started process 3691 to run task
[2025-02-06T10:22:01.237+0000] {standard_task_runner.py:104} INFO - Running: ['airflow', 'tasks', 'run', 'my_first_dag', 'task_goodbye', 'manual__2025-02-06T10:21:17.997573+00:00', '--job-id', '1974', '--raw', '--subdir', 'DAGS_FOLDER/first_dag.py', '--cfg-path', '/tmp/tmp0659m30j']
[2025-02-06T10:22:01.238+0000] {standard_task_runner.py:105} INFO - Job 1974: Subtask task_goodbye
[2025-02-06T10:22:01.317+0000] {task_command.py:467} INFO - Running <TaskInstance: my_first_dag.task_goodbye manual__2025-02-06T10:21:17.997573+00:00 [running]> on host 1f20f9aee2e1
[2025-02-06T10:22:01.434+0000] {taskinstance.py:3132} INFO - Exporting env vars: AIRFLOW_CTX_DAG_OWNER='airflow' AIRFLOW_CTX_DAG_ID='my_first_dag' AIRFLOW_CTX_TASK_ID='task_goodbye' AIRFLOW_CTX_EXECUTION_DATE='2025-02-06T10:21:17.997573+00:00' AIRFLOW_CTX_TRY_NUMBER='1' AIRFLOW_CTX_DAG_RUN_ID='manual__2025-02-06T10:21:17.997573+00:00'
[2025-02-06T10:22:01.437+0000] {logging_mixin.py:190} INFO - Task instance is in running state
[2025-02-06T10:22:01.438+0000] {logging_mixin.py:190} INFO -  Previous state of the Task instance: queued
[2025-02-06T10:22:01.439+0000] {logging_mixin.py:190} INFO - Current task name:task_goodbye state:running start_date:2025-02-06 10:22:01.159011+00:00
[2025-02-06T10:22:01.439+0000] {logging_mixin.py:190} INFO - Dag name:my_first_dag and current dag run status:running
[2025-02-06T10:22:01.440+0000] {taskinstance.py:731} INFO - ::endgroup::
[2025-02-06T10:22:01.442+0000] {logging_mixin.py:190} INFO - Goodbye
[2025-02-06T10:22:01.442+0000] {python.py:240} INFO - Done. Returned value was: None
[2025-02-06T10:22:01.458+0000] {taskinstance.py:340} INFO - ::group::Post task execution logs
[2025-02-06T10:22:01.459+0000] {taskinstance.py:352} INFO - Marking task as SUCCESS. dag_id=my_first_dag, task_id=task_goodbye, run_id=manual__2025-02-06T10:21:17.997573+00:00, execution_date=20250206T102117, start_date=20250206T102201, end_date=20250206T102201
[2025-02-06T10:22:01.603+0000] {logging_mixin.py:190} INFO - Task instance in success state
[2025-02-06T10:22:01.604+0000] {logging_mixin.py:190} INFO -  Previous state of the Task instance: running
[2025-02-06T10:22:01.605+0000] {logging_mixin.py:190} INFO - Dag name:my_first_dag queued_at:2025-02-06 10:21:18.062470+00:00
[2025-02-06T10:22:01.605+0000] {logging_mixin.py:190} INFO - Task hostname:1f20f9aee2e1 operator:PythonOperator
[2025-02-06T10:22:01.611+0000] {local_task_job_runner.py:266} INFO - Task exited with return code 0
[2025-02-06T10:22:01.632+0000] {taskinstance.py:3895} INFO - 0 downstream tasks scheduled from follow-on schedule check
[2025-02-06T10:22:01.636+0000] {local_task_job_runner.py:245} INFO - ::endgroup::
