[2025-02-06T10:04:12.766+0000] {local_task_job_runner.py:123} INFO - ::group::Pre task execution logs
[2025-02-06T10:04:12.788+0000] {taskinstance.py:2613} INFO - Dependencies all met for dep_context=non-requeueable deps ti=<TaskInstance: my_first_dag.task_2 scheduled__2025-01-01T05:25:00+00:00 [queued]>
[2025-02-06T10:04:12.813+0000] {taskinstance.py:2613} INFO - Dependencies all met for dep_context=requeueable deps ti=<TaskInstance: my_first_dag.task_2 scheduled__2025-01-01T05:25:00+00:00 [queued]>
[2025-02-06T10:04:12.815+0000] {taskinstance.py:2866} INFO - Starting attempt 1 of 1
[2025-02-06T10:04:12.852+0000] {taskinstance.py:2889} INFO - Executing <Task(PythonOperator): task_2> on 2025-01-01 05:25:00+00:00
[2025-02-06T10:04:12.856+0000] {standard_task_runner.py:72} INFO - Started process 1914 to run task
[2025-02-06T10:04:12.858+0000] {standard_task_runner.py:104} INFO - Running: ['airflow', 'tasks', 'run', 'my_first_dag', 'task_2', 'scheduled__2025-01-01T05:25:00+00:00', '--job-id', '1605', '--raw', '--subdir', 'DAGS_FOLDER/first_dag.py', '--cfg-path', '/tmp/tmpmmdkm2gl']
[2025-02-06T10:04:12.859+0000] {standard_task_runner.py:105} INFO - Job 1605: Subtask task_2
[2025-02-06T10:04:12.939+0000] {task_command.py:467} INFO - Running <TaskInstance: my_first_dag.task_2 scheduled__2025-01-01T05:25:00+00:00 [running]> on host 1f20f9aee2e1
[2025-02-06T10:04:13.056+0000] {taskinstance.py:3132} INFO - Exporting env vars: AIRFLOW_CTX_DAG_OWNER='airflow' AIRFLOW_CTX_DAG_ID='my_first_dag' AIRFLOW_CTX_TASK_ID='task_2' AIRFLOW_CTX_EXECUTION_DATE='2025-01-01T05:25:00+00:00' AIRFLOW_CTX_TRY_NUMBER='1' AIRFLOW_CTX_DAG_RUN_ID='scheduled__2025-01-01T05:25:00+00:00'
[2025-02-06T10:04:13.057+0000] {logging_mixin.py:190} INFO - Task instance is in running state
[2025-02-06T10:04:13.058+0000] {logging_mixin.py:190} INFO -  Previous state of the Task instance: queued
[2025-02-06T10:04:13.058+0000] {logging_mixin.py:190} INFO - Current task name:task_2 state:running start_date:2025-02-06 10:04:12.789315+00:00
[2025-02-06T10:04:13.059+0000] {logging_mixin.py:190} INFO - Dag name:my_first_dag and current dag run status:running
[2025-02-06T10:04:13.059+0000] {taskinstance.py:731} INFO - ::endgroup::
[2025-02-06T10:04:13.060+0000] {logging_mixin.py:190} INFO - Hello World
[2025-02-06T10:04:13.060+0000] {python.py:240} INFO - Done. Returned value was: None
[2025-02-06T10:04:13.070+0000] {taskinstance.py:340} INFO - ::group::Post task execution logs
[2025-02-06T10:04:13.071+0000] {taskinstance.py:352} INFO - Marking task as SUCCESS. dag_id=my_first_dag, task_id=task_2, run_id=scheduled__2025-01-01T05:25:00+00:00, execution_date=20250101T052500, start_date=20250206T100412, end_date=20250206T100413
[2025-02-06T10:04:13.109+0000] {logging_mixin.py:190} INFO - Task instance in success state
[2025-02-06T10:04:13.109+0000] {logging_mixin.py:190} INFO -  Previous state of the Task instance: running
[2025-02-06T10:04:13.110+0000] {logging_mixin.py:190} INFO - Dag name:my_first_dag queued_at:2025-02-06 10:03:47.246200+00:00
[2025-02-06T10:04:13.110+0000] {logging_mixin.py:190} INFO - Task hostname:1f20f9aee2e1 operator:PythonOperator
[2025-02-06T10:04:13.153+0000] {local_task_job_runner.py:266} INFO - Task exited with return code 0
[2025-02-06T10:04:13.197+0000] {taskinstance.py:3895} INFO - 1 downstream tasks scheduled from follow-on schedule check
[2025-02-06T10:04:13.208+0000] {local_task_job_runner.py:245} INFO - ::endgroup::
