[2025-02-06T12:21:32.509+0000] {local_task_job_runner.py:123} INFO - ::group::Pre task execution logs
[2025-02-06T12:21:32.531+0000] {taskinstance.py:2613} INFO - Dependencies all met for dep_context=non-requeueable deps ti=<TaskInstance: my_first_dag.first_task scheduled__2025-01-01T06:49:00+00:00 [queued]>
[2025-02-06T12:21:32.562+0000] {taskinstance.py:2613} INFO - Dependencies all met for dep_context=requeueable deps ti=<TaskInstance: my_first_dag.first_task scheduled__2025-01-01T06:49:00+00:00 [queued]>
[2025-02-06T12:21:32.565+0000] {taskinstance.py:2866} INFO - Starting attempt 1 of 1
[2025-02-06T12:21:32.609+0000] {taskinstance.py:2889} INFO - Executing <Task(PythonOperator): first_task> on 2025-01-01 06:49:00+00:00
[2025-02-06T12:21:32.613+0000] {standard_task_runner.py:72} INFO - Started process 145 to run task
[2025-02-06T12:21:32.617+0000] {standard_task_runner.py:104} INFO - Running: ['airflow', 'tasks', 'run', 'my_first_dag', 'first_task', 'scheduled__2025-01-01T06:49:00+00:00', '--job-id', '2432', '--raw', '--subdir', 'DAGS_FOLDER/first_dag.py', '--cfg-path', '/tmp/tmpppe0t_ny']
[2025-02-06T12:21:32.619+0000] {standard_task_runner.py:105} INFO - Job 2432: Subtask first_task
[2025-02-06T12:21:32.726+0000] {task_command.py:467} INFO - Running <TaskInstance: my_first_dag.first_task scheduled__2025-01-01T06:49:00+00:00 [running]> on host f59ce29465b4
[2025-02-06T12:21:32.885+0000] {taskinstance.py:3132} INFO - Exporting env vars: AIRFLOW_CTX_DAG_OWNER='airflow' AIRFLOW_CTX_DAG_ID='my_first_dag' AIRFLOW_CTX_TASK_ID='first_task' AIRFLOW_CTX_EXECUTION_DATE='2025-01-01T06:49:00+00:00' AIRFLOW_CTX_TRY_NUMBER='1' AIRFLOW_CTX_DAG_RUN_ID='scheduled__2025-01-01T06:49:00+00:00'
[2025-02-06T12:21:32.887+0000] {logging_mixin.py:190} INFO - Task instance is in running state
[2025-02-06T12:21:32.888+0000] {logging_mixin.py:190} INFO -  Previous state of the Task instance: queued
[2025-02-06T12:21:32.888+0000] {logging_mixin.py:190} INFO - Current task name:first_task state:running start_date:2025-02-06 12:21:32.533126+00:00
[2025-02-06T12:21:32.889+0000] {logging_mixin.py:190} INFO - Dag name:my_first_dag and current dag run status:running
[2025-02-06T12:21:32.889+0000] {taskinstance.py:731} INFO - ::endgroup::
[2025-02-06T12:21:32.932+0000] {python.py:240} INFO - Done. Returned value was: 190
[2025-02-06T12:21:32.995+0000] {taskinstance.py:340} INFO - ::group::Post task execution logs
[2025-02-06T12:21:32.996+0000] {taskinstance.py:352} INFO - Marking task as SUCCESS. dag_id=my_first_dag, task_id=first_task, run_id=scheduled__2025-01-01T06:49:00+00:00, execution_date=20250101T064900, start_date=20250206T122132, end_date=20250206T122132
[2025-02-06T12:21:33.329+0000] {logging_mixin.py:190} INFO - Task instance in success state
[2025-02-06T12:21:33.331+0000] {logging_mixin.py:190} INFO -  Previous state of the Task instance: running
[2025-02-06T12:21:33.332+0000] {logging_mixin.py:190} INFO - Dag name:my_first_dag queued_at:2025-02-06 12:21:30.267262+00:00
[2025-02-06T12:21:33.332+0000] {logging_mixin.py:190} INFO - Task hostname:f59ce29465b4 operator:PythonOperator
[2025-02-06T12:21:33.359+0000] {local_task_job_runner.py:266} INFO - Task exited with return code 0
[2025-02-06T12:21:33.436+0000] {taskinstance.py:3895} INFO - 1 downstream tasks scheduled from follow-on schedule check
[2025-02-06T12:21:33.454+0000] {local_task_job_runner.py:245} INFO - ::endgroup::
