[2025-02-06T12:46:36.754+0000] {local_task_job_runner.py:123} INFO - ::group::Pre task execution logs
[2025-02-06T12:46:36.778+0000] {taskinstance.py:2613} INFO - Dependencies all met for dep_context=non-requeueable deps ti=<TaskInstance: my_first_dag.task_1 scheduled__2025-01-01T07:18:30+00:00 [queued]>
[2025-02-06T12:46:36.807+0000] {taskinstance.py:2613} INFO - Dependencies all met for dep_context=requeueable deps ti=<TaskInstance: my_first_dag.task_1 scheduled__2025-01-01T07:18:30+00:00 [queued]>
[2025-02-06T12:46:36.809+0000] {taskinstance.py:2866} INFO - Starting attempt 1 of 1
[2025-02-06T12:46:36.839+0000] {taskinstance.py:2889} INFO - Executing <Task(PythonOperator): task_1> on 2025-01-01 07:18:30+00:00
[2025-02-06T12:46:36.843+0000] {standard_task_runner.py:72} INFO - Started process 12431 to run task
[2025-02-06T12:46:36.845+0000] {standard_task_runner.py:104} INFO - Running: ['airflow', 'tasks', 'run', 'my_first_dag', 'task_1', 'scheduled__2025-01-01T07:18:30+00:00', '--job-id', '2906', '--raw', '--subdir', 'DAGS_FOLDER/first_dag.py', '--cfg-path', '/tmp/tmpzkr6e8kz']
[2025-02-06T12:46:36.846+0000] {standard_task_runner.py:105} INFO - Job 2906: Subtask task_1
[2025-02-06T12:46:36.919+0000] {task_command.py:467} INFO - Running <TaskInstance: my_first_dag.task_1 scheduled__2025-01-01T07:18:30+00:00 [running]> on host f59ce29465b4
[2025-02-06T12:46:37.024+0000] {taskinstance.py:3132} INFO - Exporting env vars: AIRFLOW_CTX_DAG_OWNER='airflow' AIRFLOW_CTX_DAG_ID='my_first_dag' AIRFLOW_CTX_TASK_ID='task_1' AIRFLOW_CTX_EXECUTION_DATE='2025-01-01T07:18:30+00:00' AIRFLOW_CTX_TRY_NUMBER='1' AIRFLOW_CTX_DAG_RUN_ID='scheduled__2025-01-01T07:18:30+00:00'
[2025-02-06T12:46:37.026+0000] {logging_mixin.py:190} INFO - Task instance is in running state
[2025-02-06T12:46:37.026+0000] {logging_mixin.py:190} INFO -  Previous state of the Task instance: queued
[2025-02-06T12:46:37.027+0000] {logging_mixin.py:190} INFO - Current task name:task_1 state:running start_date:2025-02-06 12:46:36.779230+00:00
[2025-02-06T12:46:37.027+0000] {logging_mixin.py:190} INFO - Dag name:my_first_dag and current dag run status:running
[2025-02-06T12:46:37.028+0000] {taskinstance.py:731} INFO - ::endgroup::
[2025-02-06T12:46:37.051+0000] {logging_mixin.py:190} INFO - Hello Kevin 571 API_KEY
[2025-02-06T12:46:37.051+0000] {python.py:240} INFO - Done. Returned value was: 571
[2025-02-06T12:46:37.100+0000] {taskinstance.py:340} INFO - ::group::Post task execution logs
[2025-02-06T12:46:37.101+0000] {taskinstance.py:352} INFO - Marking task as SUCCESS. dag_id=my_first_dag, task_id=task_1, run_id=scheduled__2025-01-01T07:18:30+00:00, execution_date=20250101T071830, start_date=20250206T124636, end_date=20250206T124637
[2025-02-06T12:46:37.301+0000] {logging_mixin.py:190} INFO - Task instance in success state
[2025-02-06T12:46:37.302+0000] {logging_mixin.py:190} INFO -  Previous state of the Task instance: running
[2025-02-06T12:46:37.303+0000] {logging_mixin.py:190} INFO - Dag name:my_first_dag queued_at:2025-02-06 12:46:16.658760+00:00
[2025-02-06T12:46:37.303+0000] {logging_mixin.py:190} INFO - Task hostname:f59ce29465b4 operator:PythonOperator
[2025-02-06T12:46:37.342+0000] {local_task_job_runner.py:266} INFO - Task exited with return code 0
[2025-02-06T12:46:37.394+0000] {taskinstance.py:3895} INFO - 1 downstream tasks scheduled from follow-on schedule check
[2025-02-06T12:46:37.405+0000] {local_task_job_runner.py:245} INFO - ::endgroup::
