[2025-02-06T12:22:32.428+0000] {local_task_job_runner.py:123} INFO - ::group::Pre task execution logs
[2025-02-06T12:22:32.441+0000] {taskinstance.py:2613} INFO - Dependencies all met for dep_context=non-requeueable deps ti=<TaskInstance: my_first_dag.task_random_choice scheduled__2025-01-01T06:50:30+00:00 [queued]>
[2025-02-06T12:22:32.461+0000] {taskinstance.py:2613} INFO - Dependencies all met for dep_context=requeueable deps ti=<TaskInstance: my_first_dag.task_random_choice scheduled__2025-01-01T06:50:30+00:00 [queued]>
[2025-02-06T12:22:32.462+0000] {taskinstance.py:2866} INFO - Starting attempt 1 of 1
[2025-02-06T12:22:32.499+0000] {taskinstance.py:2889} INFO - Executing <Task(BranchPythonOperator): task_random_choice> on 2025-01-01 06:50:30+00:00
[2025-02-06T12:22:32.503+0000] {standard_task_runner.py:72} INFO - Started process 492 to run task
[2025-02-06T12:22:32.504+0000] {standard_task_runner.py:104} INFO - Running: ['airflow', 'tasks', 'run', 'my_first_dag', 'task_random_choice', 'scheduled__2025-01-01T06:50:30+00:00', '--job-id', '2449', '--raw', '--subdir', 'DAGS_FOLDER/first_dag.py', '--cfg-path', '/tmp/tmpfq30ukjn']
[2025-02-06T12:22:32.505+0000] {standard_task_runner.py:105} INFO - Job 2449: Subtask task_random_choice
[2025-02-06T12:22:32.589+0000] {task_command.py:467} INFO - Running <TaskInstance: my_first_dag.task_random_choice scheduled__2025-01-01T06:50:30+00:00 [running]> on host f59ce29465b4
[2025-02-06T12:22:32.693+0000] {taskinstance.py:3132} INFO - Exporting env vars: AIRFLOW_CTX_DAG_OWNER='airflow' AIRFLOW_CTX_DAG_ID='my_first_dag' AIRFLOW_CTX_TASK_ID='task_random_choice' AIRFLOW_CTX_EXECUTION_DATE='2025-01-01T06:50:30+00:00' AIRFLOW_CTX_TRY_NUMBER='1' AIRFLOW_CTX_DAG_RUN_ID='scheduled__2025-01-01T06:50:30+00:00'
[2025-02-06T12:22:32.695+0000] {logging_mixin.py:190} INFO - Task instance is in running state
[2025-02-06T12:22:32.695+0000] {logging_mixin.py:190} INFO -  Previous state of the Task instance: queued
[2025-02-06T12:22:32.696+0000] {logging_mixin.py:190} INFO - Current task name:task_random_choice state:running start_date:2025-02-06 12:22:32.442240+00:00
[2025-02-06T12:22:32.698+0000] {logging_mixin.py:190} INFO - Dag name:my_first_dag and current dag run status:running
[2025-02-06T12:22:32.699+0000] {taskinstance.py:731} INFO - ::endgroup::
[2025-02-06T12:22:32.701+0000] {baseoperator.py:421} WARNING - BranchPythonOperator.execute cannot be called outside TaskInstance!
[2025-02-06T12:22:32.702+0000] {python.py:240} INFO - Done. Returned value was: task_2
[2025-02-06T12:22:32.702+0000] {branch.py:38} INFO - Branch into task_2
[2025-02-06T12:22:32.703+0000] {skipmixin.py:230} INFO - Following branch ('task_2',)
[2025-02-06T12:22:32.721+0000] {skipmixin.py:278} INFO - Skipping tasks [('task_1', -1)]
[2025-02-06T12:22:32.897+0000] {taskinstance.py:340} INFO - ::group::Post task execution logs
[2025-02-06T12:22:32.897+0000] {taskinstance.py:352} INFO - Marking task as SUCCESS. dag_id=my_first_dag, task_id=task_random_choice, run_id=scheduled__2025-01-01T06:50:30+00:00, execution_date=20250101T065030, start_date=20250206T122232, end_date=20250206T122232
[2025-02-06T12:22:32.931+0000] {logging_mixin.py:190} INFO - Task instance in success state
[2025-02-06T12:22:32.931+0000] {logging_mixin.py:190} INFO -  Previous state of the Task instance: running
[2025-02-06T12:22:32.932+0000] {logging_mixin.py:190} INFO - Dag name:my_first_dag queued_at:2025-02-06 12:22:22.892009+00:00
[2025-02-06T12:22:32.932+0000] {logging_mixin.py:190} INFO - Task hostname:f59ce29465b4 operator:BranchPythonOperator
[2025-02-06T12:22:32.959+0000] {local_task_job_runner.py:266} INFO - Task exited with return code 0
[2025-02-06T12:22:33.003+0000] {taskinstance.py:3895} INFO - 1 downstream tasks scheduled from follow-on schedule check
[2025-02-06T12:22:33.014+0000] {local_task_job_runner.py:245} INFO - ::endgroup::
