[2025-02-06T13:19:31.962+0000] {local_task_job_runner.py:123} INFO - ::group::Pre task execution logs
[2025-02-06T13:19:32.002+0000] {taskinstance.py:2613} INFO - Dependencies all met for dep_context=non-requeueable deps ti=<TaskInstance: my_first_dag.task_2 scheduled__2025-01-01T07:39:00+00:00 [queued]>
[2025-02-06T13:19:32.048+0000] {taskinstance.py:2613} INFO - Dependencies all met for dep_context=requeueable deps ti=<TaskInstance: my_first_dag.task_2 scheduled__2025-01-01T07:39:00+00:00 [queued]>
[2025-02-06T13:19:32.049+0000] {taskinstance.py:2866} INFO - Starting attempt 1 of 1
[2025-02-06T13:19:32.100+0000] {taskinstance.py:2889} INFO - Executing <Task(PythonOperator): task_2> on 2025-01-01 07:39:00+00:00
[2025-02-06T13:19:32.104+0000] {standard_task_runner.py:72} INFO - Started process 427 to run task
[2025-02-06T13:19:32.109+0000] {standard_task_runner.py:104} INFO - Running: ['airflow', 'tasks', 'run', 'my_first_dag', 'task_2', 'scheduled__2025-01-01T07:39:00+00:00', '--job-id', '3170', '--raw', '--subdir', 'DAGS_FOLDER/first_dag.py', '--cfg-path', '/tmp/tmpg0eugfh1']
[2025-02-06T13:19:32.111+0000] {standard_task_runner.py:105} INFO - Job 3170: Subtask task_2
[2025-02-06T13:19:32.240+0000] {task_command.py:467} INFO - Running <TaskInstance: my_first_dag.task_2 scheduled__2025-01-01T07:39:00+00:00 [running]> on host cbb1459a86bc
[2025-02-06T13:19:32.405+0000] {taskinstance.py:3132} INFO - Exporting env vars: AIRFLOW_CTX_DAG_OWNER='airflow' AIRFLOW_CTX_DAG_ID='my_first_dag' AIRFLOW_CTX_TASK_ID='task_2' AIRFLOW_CTX_EXECUTION_DATE='2025-01-01T07:39:00+00:00' AIRFLOW_CTX_TRY_NUMBER='1' AIRFLOW_CTX_DAG_RUN_ID='scheduled__2025-01-01T07:39:00+00:00'
[2025-02-06T13:19:32.407+0000] {logging_mixin.py:190} INFO - Task instance is in running state
[2025-02-06T13:19:32.407+0000] {logging_mixin.py:190} INFO -  Previous state of the Task instance: queued
[2025-02-06T13:19:32.408+0000] {logging_mixin.py:190} INFO - Current task name:task_2 state:running start_date:2025-02-06 13:19:32.002765+00:00
[2025-02-06T13:19:32.409+0000] {logging_mixin.py:190} INFO - Dag name:my_first_dag and current dag run status:running
[2025-02-06T13:19:32.409+0000] {taskinstance.py:731} INFO - ::endgroup::
[2025-02-06T13:19:32.439+0000] {logging_mixin.py:190} INFO - Hello John 342 API_KEY
[2025-02-06T13:19:32.440+0000] {python.py:240} INFO - Done. Returned value was: 342
[2025-02-06T13:19:32.501+0000] {taskinstance.py:340} INFO - ::group::Post task execution logs
[2025-02-06T13:19:32.502+0000] {taskinstance.py:352} INFO - Marking task as SUCCESS. dag_id=my_first_dag, task_id=task_2, run_id=scheduled__2025-01-01T07:39:00+00:00, execution_date=20250101T073900, start_date=20250206T131932, end_date=20250206T131932
[2025-02-06T13:19:32.685+0000] {logging_mixin.py:190} INFO - Task instance in success state
[2025-02-06T13:19:32.686+0000] {logging_mixin.py:190} INFO -  Previous state of the Task instance: running
[2025-02-06T13:19:32.686+0000] {logging_mixin.py:190} INFO - Dag name:my_first_dag queued_at:2025-02-06 13:19:17.412570+00:00
[2025-02-06T13:19:32.687+0000] {logging_mixin.py:190} INFO - Task hostname:cbb1459a86bc operator:PythonOperator
[2025-02-06T13:19:32.726+0000] {local_task_job_runner.py:266} INFO - Task exited with return code 0
[2025-02-06T13:19:32.771+0000] {taskinstance.py:3895} INFO - 1 downstream tasks scheduled from follow-on schedule check
[2025-02-06T13:19:32.783+0000] {local_task_job_runner.py:245} INFO - ::endgroup::
