[2025-02-06T09:12:53.317+0000] {local_task_job_runner.py:123} INFO - ::group::Pre task execution logs
[2025-02-06T09:12:53.340+0000] {taskinstance.py:2613} INFO - Dependencies all met for dep_context=non-requeueable deps ti=<TaskInstance: my_first_dag.task_1 scheduled__2025-01-01T02:24:30+00:00 [queued]>
[2025-02-06T09:12:53.359+0000] {taskinstance.py:2613} INFO - Dependencies all met for dep_context=requeueable deps ti=<TaskInstance: my_first_dag.task_1 scheduled__2025-01-01T02:24:30+00:00 [queued]>
[2025-02-06T09:12:53.361+0000] {taskinstance.py:2866} INFO - Starting attempt 1 of 1
[2025-02-06T09:12:53.397+0000] {taskinstance.py:2889} INFO - Executing <Task(PythonOperator): task_1> on 2025-01-01 02:24:30+00:00
[2025-02-06T09:12:53.400+0000] {standard_task_runner.py:72} INFO - Started process 986 to run task
[2025-02-06T09:12:53.402+0000] {standard_task_runner.py:104} INFO - Running: ['airflow', 'tasks', 'run', 'my_first_dag', 'task_1', 'scheduled__2025-01-01T02:24:30+00:00', '--job-id', '542', '--raw', '--subdir', 'DAGS_FOLDER/first_dag.py', '--cfg-path', '/tmp/tmp1nuy8603']
[2025-02-06T09:12:53.403+0000] {standard_task_runner.py:105} INFO - Job 542: Subtask task_1
[2025-02-06T09:12:53.486+0000] {task_command.py:467} INFO - Running <TaskInstance: my_first_dag.task_1 scheduled__2025-01-01T02:24:30+00:00 [running]> on host 6f30e18c7b14
[2025-02-06T09:12:53.601+0000] {taskinstance.py:3132} INFO - Exporting env vars: AIRFLOW_CTX_DAG_OWNER='airflow' AIRFLOW_CTX_DAG_ID='my_first_dag' AIRFLOW_CTX_TASK_ID='task_1' AIRFLOW_CTX_EXECUTION_DATE='2025-01-01T02:24:30+00:00' AIRFLOW_CTX_TRY_NUMBER='1' AIRFLOW_CTX_DAG_RUN_ID='scheduled__2025-01-01T02:24:30+00:00'
[2025-02-06T09:12:53.602+0000] {logging_mixin.py:190} INFO - Task instance is in running state
[2025-02-06T09:12:53.603+0000] {logging_mixin.py:190} INFO -  Previous state of the Task instance: queued
[2025-02-06T09:12:53.603+0000] {logging_mixin.py:190} INFO - Current task name:task_1 state:running start_date:2025-02-06 09:12:53.341200+00:00
[2025-02-06T09:12:53.604+0000] {logging_mixin.py:190} INFO - Dag name:my_first_dag and current dag run status:running
[2025-02-06T09:12:53.604+0000] {taskinstance.py:731} INFO - ::endgroup::
[2025-02-06T09:12:53.605+0000] {logging_mixin.py:190} INFO - Hello World
[2025-02-06T09:12:53.605+0000] {python.py:240} INFO - Done. Returned value was: None
[2025-02-06T09:12:53.617+0000] {taskinstance.py:340} INFO - ::group::Post task execution logs
[2025-02-06T09:12:53.618+0000] {taskinstance.py:352} INFO - Marking task as SUCCESS. dag_id=my_first_dag, task_id=task_1, run_id=scheduled__2025-01-01T02:24:30+00:00, execution_date=20250101T022430, start_date=20250206T091253, end_date=20250206T091253
[2025-02-06T09:12:53.653+0000] {logging_mixin.py:190} INFO - Task instance in success state
[2025-02-06T09:12:53.654+0000] {logging_mixin.py:190} INFO -  Previous state of the Task instance: running
[2025-02-06T09:12:53.654+0000] {logging_mixin.py:190} INFO - Dag name:my_first_dag queued_at:2025-02-06 09:12:44.821399+00:00
[2025-02-06T09:12:53.654+0000] {logging_mixin.py:190} INFO - Task hostname:6f30e18c7b14 operator:PythonOperator
[2025-02-06T09:12:53.696+0000] {local_task_job_runner.py:266} INFO - Task exited with return code 0
[2025-02-06T09:12:53.719+0000] {taskinstance.py:3895} INFO - 0 downstream tasks scheduled from follow-on schedule check
[2025-02-06T09:12:53.721+0000] {local_task_job_runner.py:245} INFO - ::endgroup::
